variant_options = '{"custom_mapping": true}'
Received '{"now":0.000000,"events":[{"timestamp":0.000000,"type":"SIMULATION_BEGINS","data":{"nb_resources":64,"allow_time_sharing":false,"config":{"redis":{"enabled":false,"hostname":"127.0.0.1","port":6379,"prefix":"default"},"job_submission":{"forward_profiles":false,"from_scheduler":{"enabled":false,"acknowledge":true}}},"resources_data":[{"id":0,"name":"node-0.simgrid.org","state":"idle","properties":{}},{"id":1,"name":"node-1.simgrid.org","state":"idle","properties":{}},{"id":2,"name":"node-2.simgrid.org","state":"idle","properties":{}},{"id":3,"name":"node-3.simgrid.org","state":"idle","properties":{}},{"id":4,"name":"node-4.simgrid.org","state":"idle","properties":{}},{"id":5,"name":"node-5.simgrid.org","state":"idle","properties":{}},{"id":6,"name":"node-6.simgrid.org","state":"idle","properties":{}},{"id":7,"name":"node-7.simgrid.org","state":"idle","properties":{}},{"id":8,"name":"node-8.simgrid.org","state":"idle","properties":{}},{"id":9,"name":"node-9.simgrid.org","state":"idle","properties":{}},{"id":10,"name":"node-10.simgrid.org","state":"idle","properties":{}},{"id":11,"name":"node-11.simgrid.org","state":"idle","properties":{}},{"id":12,"name":"node-12.simgrid.org","state":"idle","properties":{}},{"id":13,"name":"node-13.simgrid.org","state":"idle","properties":{}},{"id":14,"name":"node-14.simgrid.org","state":"idle","properties":{}},{"id":15,"name":"node-15.simgrid.org","state":"idle","properties":{}},{"id":16,"name":"node-16.simgrid.org","state":"idle","properties":{}},{"id":17,"name":"node-17.simgrid.org","state":"idle","properties":{}},{"id":18,"name":"node-18.simgrid.org","state":"idle","properties":{}},{"id":19,"name":"node-19.simgrid.org","state":"idle","properties":{}},{"id":20,"name":"node-20.simgrid.org","state":"idle","properties":{}},{"id":21,"name":"node-21.simgrid.org","state":"idle","properties":{}},{"id":22,"name":"node-22.simgrid.org","state":"idle","properties":{}},{"id":23,"name":"node-23.simgrid.org","state":"idle","properties":{}},{"id":24,"name":"node-24.simgrid.org","state":"idle","properties":{}},{"id":25,"name":"node-25.simgrid.org","state":"idle","properties":{}},{"id":26,"name":"node-26.simgrid.org","state":"idle","properties":{}},{"id":27,"name":"node-27.simgrid.org","state":"idle","properties":{}},{"id":28,"name":"node-28.simgrid.org","state":"idle","properties":{}},{"id":29,"name":"node-29.simgrid.org","state":"idle","properties":{}},{"id":30,"name":"node-30.simgrid.org","state":"idle","properties":{}},{"id":31,"name":"node-31.simgrid.org","state":"idle","properties":{}},{"id":32,"name":"node-32.simgrid.org","state":"idle","properties":{}},{"id":33,"name":"node-33.simgrid.org","state":"idle","properties":{}},{"id":34,"name":"node-34.simgrid.org","state":"idle","properties":{}},{"id":35,"name":"node-35.simgrid.org","state":"idle","properties":{}},{"id":36,"name":"node-36.simgrid.org","state":"idle","properties":{}},{"id":37,"name":"node-37.simgrid.org","state":"idle","properties":{}},{"id":38,"name":"node-38.simgrid.org","state":"idle","properties":{}},{"id":39,"name":"node-39.simgrid.org","state":"idle","properties":{}},{"id":40,"name":"node-40.simgrid.org","state":"idle","properties":{}},{"id":41,"name":"node-41.simgrid.org","state":"idle","properties":{}},{"id":42,"name":"node-42.simgrid.org","state":"idle","properties":{}},{"id":43,"name":"node-43.simgrid.org","state":"idle","properties":{}},{"id":44,"name":"node-44.simgrid.org","state":"idle","properties":{}},{"id":45,"name":"node-45.simgrid.org","state":"idle","properties":{}},{"id":46,"name":"node-46.simgrid.org","state":"idle","properties":{}},{"id":47,"name":"node-47.simgrid.org","state":"idle","properties":{}},{"id":48,"name":"node-48.simgrid.org","state":"idle","properties":{}},{"id":49,"name":"node-49.simgrid.org","state":"idle","properties":{}},{"id":50,"name":"node-50.simgrid.org","state":"idle","properties":{}},{"id":51,"name":"node-51.simgrid.org","state":"idle","properties":{}},{"id":52,"name":"node-52.simgrid.org","state":"idle","properties":{}},{"id":53,"name":"node-53.simgrid.org","state":"idle","properties":{}},{"id":54,"name":"node-54.simgrid.org","state":"idle","properties":{}},{"id":55,"name":"node-55.simgrid.org","state":"idle","properties":{}},{"id":56,"name":"node-56.simgrid.org","state":"idle","properties":{}},{"id":57,"name":"node-57.simgrid.org","state":"idle","properties":{}},{"id":58,"name":"node-58.simgrid.org","state":"idle","properties":{}},{"id":59,"name":"node-59.simgrid.org","state":"idle","properties":{}},{"id":60,"name":"node-60.simgrid.org","state":"idle","properties":{}},{"id":61,"name":"node-61.simgrid.org","state":"idle","properties":{}},{"id":62,"name":"node-62.simgrid.org","state":"idle","properties":{}},{"id":63,"name":"node-63.simgrid.org","state":"idle","properties":{}}],"workloads":{"051425":"/github-simgrid/190311/../batsim-v2.0.0/workload_profiles/npb_160_jobs.json"}}}]}'
Sending '{"now":0.0,"events":[]}'
Received '{"now":0.055599,"events":[{"timestamp":0.055599,"type":"JOB_SUBMITTED","data":{"job_id":"051425!1","job":{"id":"051425!1","profile":"SP.S.16","res":16,"subtime":0.047793,"walltime":4200}}}]}'
Sending '{"now":0.055599,"events":[{"timestamp":0.055599,"type":"EXECUTE_JOB","data":{"job_id":"051425!1","alloc":"0-15"}}]}'
Received '{"now":0.140734,"events":[{"timestamp":0.140734,"type":"JOB_SUBMITTED","data":{"job_id":"051425!2","job":{"id":"051425!2","profile":"MG.S.16","res":16,"subtime":0.132928,"walltime":4200}}}]}'
Sending '{"now":0.140734,"events":[{"timestamp":0.140734,"type":"EXECUTE_JOB","data":{"job_id":"051425!2","alloc":"16-31"}}]}'
Received '{"now":0.164152,"events":[{"timestamp":0.164152,"type":"JOB_SUBMITTED","data":{"job_id":"051425!3","job":{"id":"051425!3","profile":"BT.S.16","res":16,"subtime":0.154009,"walltime":4200}}}]}'
Sending '{"now":0.164152,"events":[{"timestamp":0.164152,"type":"EXECUTE_JOB","data":{"job_id":"051425!3","alloc":"32-47"}}]}'
Received '{"now":0.210237,"events":[{"timestamp":0.210237,"type":"JOB_SUBMITTED","data":{"job_id":"051425!4","job":{"id":"051425!4","profile":"SP.S.4","res":4,"subtime":0.202431,"walltime":4200}}}]}'
Sending '{"now":0.210237,"events":[{"timestamp":0.210237,"type":"EXECUTE_JOB","data":{"job_id":"051425!4","alloc":"48-51"}}]}'
Received '{"now":0.433184,"events":[{"timestamp":0.433184,"type":"JOB_SUBMITTED","data":{"job_id":"051425!5","job":{"id":"051425!5","profile":"BT.S.16","res":16,"subtime":0.425378,"walltime":4200}}}]}'
Sending '{"now":0.433184,"events":[]}'
Received '{"now":0.747675,"events":[{"timestamp":0.747675,"type":"JOB_SUBMITTED","data":{"job_id":"051425!6","job":{"id":"051425!6","profile":"CG.S.16","res":16,"subtime":0.739874,"walltime":4200}}}]}'
Sending '{"now":0.747675,"events":[]}'
Received '{"now":0.845699,"events":[{"timestamp":0.845699,"type":"JOB_SUBMITTED","data":{"job_id":"051425!7","job":{"id":"051425!7","profile":"CG.S.16","res":16,"subtime":0.837899,"walltime":4200}}}]}'
Sending '{"now":0.845699,"events":[]}'
Received '{"now":0.887554,"events":[{"timestamp":0.887554,"type":"JOB_COMPLETED","data":{"job_id":"051425!2","job_state":"COMPLETED_SUCCESSFULLY","return_code":0,"kill_reason":"","alloc":"16-31"}}]}'
Sending '{"now":0.887554,"events":[{"timestamp":0.887554,"type":"EXECUTE_JOB","data":{"job_id":"051425!5","alloc":"16-31"}}]}'
Received '{"now":0.987359,"events":[{"timestamp":0.987359,"type":"JOB_COMPLETED","data":{"job_id":"051425!4","job_state":"COMPLETED_SUCCESSFULLY","return_code":0,"kill_reason":"","alloc":"48-51"}}]}'
Sending '{"now":0.987359,"events":[{"timestamp":0.987359,"type":"EXECUTE_JOB","data":{"job_id":"051425!6","alloc":"48-63"}}]}'
Received '{"now":1.077891,"events":[{"timestamp":1.077891,"type":"JOB_SUBMITTED","data":{"job_id":"051425!8","job":{"id":"051425!8","profile":"BT.S.4","res":4,"subtime":1.070085,"walltime":4200}}}]}'
Sending '{"now":1.077891,"events":[]}'
Received '{"now":1.182397,"events":[{"timestamp":1.182397,"type":"JOB_SUBMITTED","data":{"job_id":"051425!9","job":{"id":"051425!9","profile":"BT.S.16","res":16,"subtime":1.174591,"walltime":4200}}}]}'
Sending '{"now":1.182397,"events":[]}'
Received '{"now":1.295833,"events":[{"timestamp":1.295833,"type":"JOB_COMPLETED","data":{"job_id":"051425!3","job_state":"COMPLETED_SUCCESSFULLY","return_code":0,"kill_reason":"","alloc":"32-47"}}]}'
Sending '{"now":1.295833,"events":[{"timestamp":1.295833,"type":"EXECUTE_JOB","data":{"job_id":"051425!7","alloc":"32-47"}}]}'
Received '{"now":1.327050,"events":[{"timestamp":1.303639,"type":"JOB_SUBMITTED","data":{"job_id":"051425!10","job":{"id":"051425!10","profile":"IS.S.16","res":16,"subtime":1.285227,"walltime":4200}}},{"timestamp":1.319251,"type":"JOB_SUBMITTED","data":{"job_id":"051425!11","job":{"id":"051425!11","profile":"BT.S.16","res":16,"subtime":1.303425,"walltime":4200}}}]}'
Sending '{"now":1.32705,"events":[]}'
Received '{"now":1.355754,"events":[{"timestamp":1.355754,"type":"JOB_SUBMITTED","data":{"job_id":"051425!12","job":{"id":"051425!12","profile":"CG.S.16","res":16,"subtime":1.347948,"walltime":4200}}}]}'
Sending '{"now":1.355754,"events":[]}'
Received '{"now":1.637362,"events":[{"timestamp":1.637362,"type":"JOB_SUBMITTED","data":{"job_id":"051425!13","job":{"id":"051425!13","profile":"CG.S.16","res":16,"subtime":1.629556,"walltime":4200}}}]}'
Sending '{"now":1.637362,"events":[]}'
Received '{"now":1.708972,"events":[{"timestamp":1.708972,"type":"JOB_SUBMITTED","data":{"job_id":"051425!14","job":{"id":"051425!14","profile":"BT.S.4","res":4,"subtime":1.701166,"walltime":4200}}}]}'
Sending '{"now":1.708972,"events":[]}'
Received '{"now":1.816138,"events":[{"timestamp":1.816138,"type":"JOB_SUBMITTED","data":{"job_id":"051425!15","job":{"id":"051425!15","profile":"FT.S.16","res":16,"subtime":1.808332,"walltime":4200}}}]}'
Sending '{"now":1.816138,"events":[]}'
Received '{"now":1.945258,"events":[{"timestamp":1.945258,"type":"JOB_SUBMITTED","data":{"job_id":"051425!16","job":{"id":"051425!16","profile":"IS.S.4","res":4,"subtime":1.937452,"walltime":4200}}}]}'
Sending '{"now":1.945258,"events":[]}'
Received '{"now":2.019069,"events":[{"timestamp":2.019069,"type":"JOB_COMPLETED","data":{"job_id":"051425!1","job_state":"COMPLETED_SUCCESSFULLY","return_code":0,"kill_reason":"","alloc":"0-15"}}]}'
Sending '{"now":2.019069,"events":[{"timestamp":2.019069,"type":"EXECUTE_JOB","data":{"job_id":"051425!8","alloc":"0-3"}}]}'
Received '{"now":2.048342,"events":[{"timestamp":2.032730,"type":"JOB_COMPLETED","data":{"job_id":"051425!5","job_state":"COMPLETED_SUCCESSFULLY","return_code":0,"kill_reason":"","alloc":"16-31"}}]}'
Sending '{"now":2.048342,"events":[{"timestamp":2.048342,"type":"EXECUTE_JOB","data":{"job_id":"051425!9","alloc":"4-19"}}]}'
Received '{"now":2.239632,"events":[{"timestamp":2.239632,"type":"JOB_SUBMITTED","data":{"job_id":"051425!17","job":{"id":"051425!17","profile":"LU.S.4","res":4,"subtime":2.231826,"walltime":4200}}}]}'
Sending '{"now":2.239632,"events":[]}'
Received '{"now":2.255244,"events":[{"timestamp":2.247438,"type":"JOB_SUBMITTED","data":{"job_id":"051425!18","job":{"id":"051425!18","profile":"LU.S.4","res":4,"subtime":2.236197,"walltime":4200}}}]}'
Sending '{"now":2.255244,"events":[]}'
Received '{"now":2.270856,"events":[{"timestamp":2.263050,"type":"JOB_SUBMITTED","data":{"job_id":"051425!19","job":{"id":"051425!19","profile":"FT.S.4","res":4,"subtime":2.238657,"walltime":4200}}}]}'
Sending '{"now":2.270856,"events":[]}'
Received '{"now":2.322147,"events":[{"timestamp":2.322147,"type":"JOB_SUBMITTED","data":{"job_id":"051425!20","job":{"id":"051425!20","profile":"SP.S.16","res":16,"subtime":2.314341,"walltime":4200}}}]}'
Sending '{"now":2.322147,"events":[]}'
Received '{"now":2.347393,"events":[{"timestamp":2.347393,"type":"JOB_SUBMITTED","data":{"job_id":"051425!21","job":{"id":"051425!21","profile":"MG.S.16","res":16,"subtime":2.339594,"walltime":4200}}}]}'
Sending '{"now":2.347393,"events":[]}'
Received '{"now":2.376847,"events":[{"timestamp":2.376847,"type":"JOB_SUBMITTED","data":{"job_id":"051425!22","job":{"id":"051425!22","profile":"BT.S.4","res":4,"subtime":2.369041,"walltime":4200}}}]}'
Sending '{"now":2.376847,"events":[]}'
Received '{"now":2.424652,"events":[{"timestamp":2.424652,"type":"JOB_SUBMITTED","data":{"job_id":"051425!23","job":{"id":"051425!23","profile":"LU.S.16","res":16,"subtime":2.416846,"walltime":4200}}}]}'
Sending '{"now":2.424652,"events":[]}'
Received '{"now":2.440258,"events":[{"timestamp":2.432458,"type":"JOB_SUBMITTED","data":{"job_id":"051425!24","job":{"id":"051425!24","profile":"LU.S.16","res":16,"subtime":2.419831,"walltime":4200}}}]}'
Sending '{"now":2.440258,"events":[]}'
Received '{"now":2.500756,"events":[{"timestamp":2.500756,"type":"JOB_COMPLETED","data":{"job_id":"051425!8","job_state":"COMPLETED_SUCCESSFULLY","return_code":0,"kill_reason":"","alloc":"0-3"}}]}'
Sending '{"now":2.500756,"events":[{"timestamp":2.500756,"type":"EXECUTE_JOB","data":{"job_id":"051425!10","alloc":"0-3 20-31"}}]}'
Received '{"now":2.677505,"events":[{"timestamp":2.677505,"type":"JOB_COMPLETED","data":{"job_id":"051425!10","job_state":"COMPLETED_SUCCESSFULLY","return_code":0,"kill_reason":"","alloc":"0-3 20-31"}}]}'
Sending '{"now":2.677505,"events":[{"timestamp":2.677505,"type":"EXECUTE_JOB","data":{"job_id":"051425!11","alloc":"0-3 20-31"}}]}'
Received '{"now":2.722876,"events":[{"timestamp":2.722876,"type":"JOB_SUBMITTED","data":{"job_id":"051425!25","job":{"id":"051425!25","profile":"FT.S.16","res":16,"subtime":2.715070,"walltime":4200}}}]}'
Sending '{"now":2.722876,"events":[]}'
Received '{"now":2.825491,"events":[{"timestamp":2.825491,"type":"JOB_SUBMITTED","data":{"job_id":"051425!26","job":{"id":"051425!26","profile":"MG.S.16","res":16,"subtime":2.817685,"walltime":4200}}}]}'
Sending '{"now":2.825491,"events":[]}'
Received '{"now":3.032661,"events":[{"timestamp":3.032661,"type":"JOB_SUBMITTED","data":{"job_id":"051425!27","job":{"id":"051425!27","profile":"SP.S.4","res":4,"subtime":3.024855,"walltime":4200}}}]}'
Sending '{"now":3.032661,"events":[]}'
Received '{"now":3.236018,"events":[{"timestamp":3.236018,"type":"JOB_SUBMITTED","data":{"job_id":"051425!28","job":{"id":"051425!28","profile":"FT.S.16","res":16,"subtime":3.228217,"walltime":4200}}}]}'
Sending '{"now":3.236018,"events":[]}'
Received '{"now":3.322964,"events":[{"timestamp":3.322964,"type":"JOB_SUBMITTED","data":{"job_id":"051425!29","job":{"id":"051425!29","profile":"LU.S.4","res":4,"subtime":3.315158,"walltime":4200}}}]}'
Sending '{"now":3.322964,"events":[]}'
Received '{"now":3.431162,"events":[{"timestamp":3.431162,"type":"JOB_SUBMITTED","data":{"job_id":"051425!30","job":{"id":"051425!30","profile":"CG.S.4","res":4,"subtime":3.423356,"walltime":4200}}}]}'
Sending '{"now":3.431162,"events":[]}'
Received '{"now":3.452219,"events":[{"timestamp":3.452219,"type":"JOB_SUBMITTED","data":{"job_id":"051425!31","job":{"id":"051425!31","profile":"BT.S.4","res":4,"subtime":3.444413,"walltime":4200}}}]}'
Sending '{"now":3.452219,"events":[]}'
Received '{"now":3.467831,"events":[{"timestamp":3.460025,"type":"JOB_SUBMITTED","data":{"job_id":"051425!32","job":{"id":"051425!32","profile":"FT.S.16","res":16,"subtime":3.449827,"walltime":4200}}}]}'
Sending '{"now":3.467831,"events":[]}'
Received '{"now":3.576029,"events":[{"timestamp":3.576029,"type":"JOB_SUBMITTED","data":{"job_id":"051425!33","job":{"id":"051425!33","profile":"CG.S.16","res":16,"subtime":3.568231,"walltime":4200}}}]}'
Sending '{"now":3.576029,"events":[]}'
Received '{"now":3.703699,"events":[{"timestamp":3.703699,"type":"JOB_COMPLETED","data":{"job_id":"051425!9","job_state":"COMPLETED_SUCCESSFULLY","return_code":0,"kill_reason":"","alloc":"4-19"}}]}'
Sending '{"now":3.703699,"events":[{"timestamp":3.703699,"type":"EXECUTE_JOB","data":{"job_id":"051425!12","alloc":"4-19"}}]}'
Received '{"now":3.867859,"events":[{"timestamp":3.867859,"type":"JOB_SUBMITTED","data":{"job_id":"051425!34","job":{"id":"051425!34","profile":"FT.S.4","res":4,"subtime":3.860053,"walltime":4200}}}]}'
Sending '{"now":3.867859,"events":[]}'
Received '{"now":4.001502,"events":[{"timestamp":4.001502,"type":"JOB_SUBMITTED","data":{"job_id":"051425!35","job":{"id":"051425!35","profile":"LU.S.16","res":16,"subtime":3.993696,"walltime":4200}}}]}'
Sending '{"now":4.001502,"events":[]}'
Received '{"now":4.069754,"events":[{"timestamp":4.069754,"type":"JOB_SUBMITTED","data":{"job_id":"051425!36","job":{"id":"051425!36","profile":"MG.S.4","res":4,"subtime":4.061948,"walltime":4200}}}]}'
Sending '{"now":4.069754,"events":[]}'
Received '{"now":4.116547,"events":[{"timestamp":4.116547,"type":"JOB_SUBMITTED","data":{"job_id":"051425!37","job":{"id":"051425!37","profile":"IS.S.4","res":4,"subtime":4.108747,"walltime":4200}}}]}'
Sending '{"now":4.116547,"events":[]}'
Received '{"now":4.132159,"events":[{"timestamp":4.124353,"type":"JOB_SUBMITTED","data":{"job_id":"051425!38","job":{"id":"051425!38","profile":"LU.S.16","res":16,"subtime":4.111149,"walltime":4200}}}]}'
Sending '{"now":4.132159,"events":[]}'
Received '{"now":4.235079,"events":[{"timestamp":4.235079,"type":"JOB_SUBMITTED","data":{"job_id":"051425!39","job":{"id":"051425!39","profile":"MG.S.16","res":16,"subtime":4.227278,"walltime":4200}}}]}'
Sending '{"now":4.235079,"events":[]}'
Received '{"now":4.338855,"events":[{"timestamp":4.338855,"type":"JOB_COMPLETED","data":{"job_id":"051425!11","job_state":"COMPLETED_SUCCESSFULLY","return_code":0,"kill_reason":"","alloc":"0-3 20-31"}}]}'
Sending '{"now":4.338855,"events":[{"timestamp":4.338855,"type":"EXECUTE_JOB","data":{"job_id":"051425!13","alloc":"0-3 20-31"}}]}'
Received '{"now":4.512542,"events":[{"timestamp":4.512542,"type":"JOB_SUBMITTED","data":{"job_id":"051425!40","job":{"id":"051425!40","profile":"FT.S.4","res":4,"subtime":4.504737,"walltime":4200}}}]}'
Sending '{"now":4.512542,"events":[]}'
Received '{"now":4.568458,"events":[{"timestamp":4.568458,"type":"JOB_COMPLETED","data":{"job_id":"051425!6","job_state":"COMPLETED_SUCCESSFULLY","return_code":0,"kill_reason":"","alloc":"48-63"}}]}'
Sending '{"now":4.568458,"events":[{"timestamp":4.568458,"type":"EXECUTE_JOB","data":{"job_id":"051425!14","alloc":"48-51"}},{"timestamp":4.568458,"type":"EXECUTE_JOB","data":{"job_id":"051425!16","alloc":"52-55"}},{"timestamp":4.568458,"type":"EXECUTE_JOB","data":{"job_id":"051425!17","alloc":"56-59"}},{"timestamp":4.568458,"type":"EXECUTE_JOB","data":{"job_id":"051425!18","alloc":"60-63"}}]}'
Received '{"now":4.620108,"events":[{"timestamp":4.620108,"type":"JOB_SUBMITTED","data":{"job_id":"051425!41","job":{"id":"051425!41","profile":"CG.S.4","res":4,"subtime":4.612302,"walltime":4200}}}]}'
Sending '{"now":4.620108,"events":[]}'
Received '{"now":4.649137,"events":[{"timestamp":4.649137,"type":"JOB_SUBMITTED","data":{"job_id":"051425!42","job":{"id":"051425!42","profile":"BT.S.4","res":4,"subtime":4.641331,"walltime":4200}}}]}'
Sending '{"now":4.649137,"events":[]}'
Received '{"now":4.675944,"events":[{"timestamp":4.675944,"type":"JOB_COMPLETED","data":{"job_id":"051425!16","job_state":"COMPLETED_SUCCESSFULLY","return_code":0,"kill_reason":"","alloc":"52-55"}}]}'
Sending '{"now":4.675944,"events":[{"timestamp":4.675944,"type":"EXECUTE_JOB","data":{"job_id":"051425!19","alloc":"52-55"}}]}'
Received '{"now":4.791254,"events":[{"timestamp":4.791254,"type":"JOB_SUBMITTED","data":{"job_id":"051425!43","job":{"id":"051425!43","profile":"IS.S.16","res":16,"subtime":4.783449,"walltime":4200}}}]}'
Sending '{"now":4.791254,"events":[]}'
Received '{"now":4.812721,"events":[{"timestamp":4.812721,"type":"JOB_COMPLETED","data":{"job_id":"051425!19","job_state":"COMPLETED_SUCCESSFULLY","return_code":0,"kill_reason":"","alloc":"52-55"}}]}'
Sending '{"now":4.812721,"events":[{"timestamp":4.812721,"type":"EXECUTE_JOB","data":{"job_id":"051425!22","alloc":"52-55"}}]}'
Received '{"now":4.836139,"events":[{"timestamp":4.828333,"type":"JOB_SUBMITTED","data":{"job_id":"051425!44","job":{"id":"051425!44","profile":"FT.S.4","res":4,"subtime":4.819566,"walltime":4200}}}]}'
Sending '{"now":4.836139,"events":[]}'
Received '{"now":4.884755,"events":[{"timestamp":4.884755,"type":"JOB_COMPLETED","data":{"job_id":"051425!7","job_state":"COMPLETED_SUCCESSFULLY","return_code":0,"kill_reason":"","alloc":"32-47"}}]}'
Sending '{"now":4.884755,"events":[{"timestamp":4.884755,"type":"EXECUTE_JOB","data":{"job_id":"051425!15","alloc":"32-47"}}]}'
Received '{"now":4.910108,"events":[{"timestamp":4.910108,"type":"JOB_SUBMITTED","data":{"job_id":"051425!45","job":{"id":"051425!45","profile":"CG.S.4","res":4,"subtime":4.902302,"walltime":4200}}}]}'
Sending '{"now":4.910108,"events":[]}'
Received '{"now":4.996368,"events":[{"timestamp":4.996368,"type":"JOB_SUBMITTED","data":{"job_id":"051425!46","job":{"id":"051425!46","profile":"IS.S.16","res":16,"subtime":4.988567,"walltime":4200}}}]}'
Sending '{"now":4.996368,"events":[]}'
Received '{"now":5.036424,"events":[{"timestamp":5.036424,"type":"JOB_COMPLETED","data":{"job_id":"051425!14","job_state":"COMPLETED_SUCCESSFULLY","return_code":0,"kill_reason":"","alloc":"48-51"}}]}'
Sending '{"now":5.036424,"events":[{"timestamp":5.036424,"type":"EXECUTE_JOB","data":{"job_id":"051425!27","alloc":"48-51"}}]}'
Received '{"now":5.147521,"events":[{"timestamp":5.147521,"type":"JOB_COMPLETED","data":{"job_id":"051425!15","job_state":"COMPLETED_SUCCESSFULLY","return_code":0,"kill_reason":"","alloc":"32-47"}}]}'
Sending '{"now":5.147521,"events":[{"timestamp":5.147521,"type":"EXECUTE_JOB","data":{"job_id":"051425!20","alloc":"32-47"}}]}'
Received '{"now":5.250764,"events":[{"timestamp":5.250764,"type":"JOB_SUBMITTED","data":{"job_id":"051425!47","job":{"id":"051425!47","profile":"MG.S.16","res":16,"subtime":5.242958,"walltime":4200}}}]}'
Sending '{"now":5.250764,"events":[]}'
Received '{"now":5.280637,"events":[{"timestamp":5.280637,"type":"JOB_COMPLETED","data":{"job_id":"051425!22","job_state":"COMPLETED_SUCCESSFULLY","return_code":0,"kill_reason":"","alloc":"52-55"}}]}'
Sending '{"now":5.280637,"events":[{"timestamp":5.280637,"type":"EXECUTE_JOB","data":{"job_id":"051425!29","alloc":"52-55"}}]}'
Received '{"now":5.463457,"events":[{"timestamp":5.463457,"type":"JOB_SUBMITTED","data":{"job_id":"051425!48","job":{"id":"051425!48","profile":"CG.S.4","res":4,"subtime":5.455670,"walltime":4200}}}]}'
Sending '{"now":5.463457,"events":[]}'
Received '{"now":5.815386,"events":[{"timestamp":5.815386,"type":"JOB_COMPLETED","data":{"job_id":"051425!27","job_state":"COMPLETED_SUCCESSFULLY","return_code":0,"kill_reason":"","alloc":"48-51"}}]}'
Sending '{"now":5.815386,"events":[{"timestamp":5.815386,"type":"EXECUTE_JOB","data":{"job_id":"051425!30","alloc":"48-51"}}]}'
Received '{"now":5.886684,"events":[{"timestamp":5.886684,"type":"JOB_SUBMITTED","data":{"job_id":"051425!49","job":{"id":"051425!49","profile":"CG.S.16","res":16,"subtime":5.878878,"walltime":4200}}}]}'
Sending '{"now":5.886684,"events":[]}'
Received '{"now":5.968747,"events":[{"timestamp":5.968747,"type":"JOB_SUBMITTED","data":{"job_id":"051425!50","job":{"id":"051425!50","profile":"LU.S.16","res":16,"subtime":5.960941,"walltime":4200}}}]}'
Sending '{"now":5.968747,"events":[]}'
Received '{"now":6.238019,"events":[{"timestamp":6.238019,"type":"JOB_SUBMITTED","data":{"job_id":"051425!51","job":{"id":"051425!51","profile":"LU.S.16","res":16,"subtime":6.230213,"walltime":4200}}}]}'
Sending '{"now":6.238019,"events":[]}'
Received '{"now":6.277556,"events":[{"timestamp":6.277556,"type":"JOB_SUBMITTED","data":{"job_id":"051425!52","job":{"id":"051425!52","profile":"SP.S.16","res":16,"subtime":6.269750,"walltime":4200}}}]}'
Sending '{"now":6.277556,"events":[]}'
Received '{"now":6.574224,"events":[{"timestamp":6.574224,"type":"JOB_SUBMITTED","data":{"job_id":"051425!53","job":{"id":"051425!53","profile":"SP.S.16","res":16,"subtime":6.566418,"walltime":4200}}}]}'
Sending '{"now":6.574224,"events":[]}'
Received '{"now":6.880056,"events":[{"timestamp":6.880056,"type":"JOB_SUBMITTED","data":{"job_id":"051425!54","job":{"id":"051425!54","profile":"SP.S.4","res":4,"subtime":6.872250,"walltime":4200}}}]}'
Sending '{"now":6.880056,"events":[]}'
Received '{"now":6.935496,"events":[{"timestamp":6.935496,"type":"JOB_COMPLETED","data":{"job_id":"051425!30","job_state":"COMPLETED_SUCCESSFULLY","return_code":0,"kill_reason":"","alloc":"48-51"}}]}'
Sending '{"now":6.935496,"events":[{"timestamp":6.935496,"type":"EXECUTE_JOB","data":{"job_id":"051425!31","alloc":"48-51"}}]}'
Received '{"now":6.991146,"events":[{"timestamp":6.991146,"type":"JOB_COMPLETED","data":{"job_id":"051425!17","job_state":"COMPLETED_SUCCESSFULLY","return_code":0,"kill_reason":"","alloc":"56-59"}}]}'
Sending '{"now":6.991146,"events":[{"timestamp":6.991146,"type":"EXECUTE_JOB","data":{"job_id":"051425!34","alloc":"56-59"}}]}'
Received '{"now":7.020417,"events":[{"timestamp":7.004806,"type":"JOB_COMPLETED","data":{"job_id":"051425!18","job_state":"COMPLETED_SUCCESSFULLY","return_code":0,"kill_reason":"","alloc":"60-63"}}]}'
Sending '{"now":7.020417,"events":[{"timestamp":7.020417,"type":"EXECUTE_JOB","data":{"job_id":"051425!36","alloc":"60-63"}}]}'
Received '{"now":7.050337,"events":[{"timestamp":7.050337,"type":"JOB_SUBMITTED","data":{"job_id":"051425!55","job":{"id":"051425!55","profile":"BT.S.4","res":4,"subtime":7.042531,"walltime":4200}}}]}'
Sending '{"now":7.050337,"events":[]}'
Received '{"now":7.106607,"events":[{"timestamp":7.106607,"type":"JOB_COMPLETED","data":{"job_id":"051425!20","job_state":"COMPLETED_SUCCESSFULLY","return_code":0,"kill_reason":"","alloc":"32-47"}}]}'
Sending '{"now":7.106607,"events":[{"timestamp":7.106607,"type":"EXECUTE_JOB","data":{"job_id":"051425!21","alloc":"32-47"}}]}'
Received '{"now":7.135880,"events":[{"timestamp":7.135880,"type":"JOB_COMPLETED","data":{"job_id":"051425!34","job_state":"COMPLETED_SUCCESSFULLY","return_code":0,"kill_reason":"","alloc":"56-59"}}]}'
Sending '{"now":7.13588,"events":[{"timestamp":7.13588,"type":"EXECUTE_JOB","data":{"job_id":"051425!37","alloc":"56-59"}}]}'
Received '{"now":7.235530,"events":[{"timestamp":7.235530,"type":"JOB_COMPLETED","data":{"job_id":"051425!37","job_state":"COMPLETED_SUCCESSFULLY","return_code":0,"kill_reason":"","alloc":"56-59"}}]}'
Sending '{"now":7.23553,"events":[{"timestamp":7.23553,"type":"EXECUTE_JOB","data":{"job_id":"051425!40","alloc":"56-59"}}]}'
Received '{"now":7.366286,"events":[{"timestamp":7.366286,"type":"JOB_COMPLETED","data":{"job_id":"051425!40","job_state":"COMPLETED_SUCCESSFULLY","return_code":0,"kill_reason":"","alloc":"56-59"}}]}'
Sending '{"now":7.366286,"events":[{"timestamp":7.366286,"type":"EXECUTE_JOB","data":{"job_id":"051425!41","alloc":"56-59"}}]}'
Received '{"now":7.403510,"events":[{"timestamp":7.403510,"type":"JOB_COMPLETED","data":{"job_id":"051425!31","job_state":"COMPLETED_SUCCESSFULLY","return_code":0,"kill_reason":"","alloc":"48-51"}}]}'
Sending '{"now":7.40351,"events":[{"timestamp":7.40351,"type":"EXECUTE_JOB","data":{"job_id":"051425!42","alloc":"48-51"}}]}'
Received '{"now":7.426928,"events":[{"timestamp":7.411316,"type":"JOB_SUBMITTED","data":{"job_id":"051425!56","job":{"id":"051425!56","profile":"SP.S.4","res":4,"subtime":7.403363,"walltime":4200}}}]}'
Sending '{"now":7.426928,"events":[]}'
Received '{"now":7.442540,"events":[{"timestamp":7.442540,"type":"JOB_SUBMITTED","data":{"job_id":"051425!57","job":{"id":"051425!57","profile":"BT.S.4","res":4,"subtime":7.431212,"walltime":4200}}}]}'
Sending '{"now":7.44254,"events":[]}'
Received '{"now":7.464007,"events":[{"timestamp":7.464007,"type":"JOB_COMPLETED","data":{"job_id":"051425!36","job_state":"COMPLETED_SUCCESSFULLY","return_code":0,"kill_reason":"","alloc":"60-63"}}]}'
Sending '{"now":7.464007,"events":[{"timestamp":7.464007,"type":"EXECUTE_JOB","data":{"job_id":"051425!44","alloc":"60-63"}}]}'
Received '{"now":7.498073,"events":[{"timestamp":7.498073,"type":"JOB_SUBMITTED","data":{"job_id":"051425!58","job":{"id":"051425!58","profile":"MG.S.16","res":16,"subtime":7.490267,"walltime":4200}}}]}'
Sending '{"now":7.498073,"events":[]}'
Received '{"now":7.556774,"events":[{"timestamp":7.556774,"type":"JOB_COMPLETED","data":{"job_id":"051425!12","job_state":"COMPLETED_SUCCESSFULLY","return_code":0,"kill_reason":"","alloc":"4-19"}}]}'
Sending '{"now":7.556774,"events":[{"timestamp":7.556774,"type":"EXECUTE_JOB","data":{"job_id":"051425!23","alloc":"4-19"}}]}'
Received '{"now":7.594764,"events":[{"timestamp":7.594764,"type":"JOB_COMPLETED","data":{"job_id":"051425!44","job_state":"COMPLETED_SUCCESSFULLY","return_code":0,"kill_reason":"","alloc":"60-63"}}]}'
Sending '{"now":7.594764,"events":[{"timestamp":7.594764,"type":"EXECUTE_JOB","data":{"job_id":"051425!45","alloc":"60-63"}}]}'
Received '{"now":7.618182,"events":[{"timestamp":7.602570,"type":"JOB_SUBMITTED","data":{"job_id":"051425!59","job":{"id":"051425!59","profile":"LU.S.16","res":16,"subtime":7.592951,"walltime":4200}}}]}'
Sending '{"now":7.618182,"events":[]}'
Received '{"now":7.687856,"events":[{"timestamp":7.687856,"type":"JOB_COMPLETED","data":{"job_id":"051425!29","job_state":"COMPLETED_SUCCESSFULLY","return_code":0,"kill_reason":"","alloc":"52-55"}}]}'
Sending '{"now":7.687856,"events":[{"timestamp":7.687856,"type":"EXECUTE_JOB","data":{"job_id":"051425!48","alloc":"52-55"}}]}'
Received '{"now":7.776174,"events":[{"timestamp":7.776174,"type":"JOB_SUBMITTED","data":{"job_id":"051425!60","job":{"id":"051425!60","profile":"IS.S.4","res":4,"subtime":7.768368,"walltime":4200}}}]}'
Sending '{"now":7.776174,"events":[]}'
Received '{"now":7.853661,"events":[{"timestamp":7.853661,"type":"JOB_COMPLETED","data":{"job_id":"051425!21","job_state":"COMPLETED_SUCCESSFULLY","return_code":0,"kill_reason":"","alloc":"32-47"}}]}'
Sending '{"now":7.853661,"events":[{"timestamp":7.853661,"type":"EXECUTE_JOB","data":{"job_id":"051425!24","alloc":"32-47"}}]}'
Received '{"now":7.882943,"events":[{"timestamp":7.882943,"type":"JOB_COMPLETED","data":{"job_id":"051425!42","job_state":"COMPLETED_SUCCESSFULLY","return_code":0,"kill_reason":"","alloc":"48-51"}}]}'
Sending '{"now":7.882943,"events":[{"timestamp":7.882943,"type":"EXECUTE_JOB","data":{"job_id":"051425!54","alloc":"48-51"}}]}'
Received '{"now":7.906361,"events":[{"timestamp":7.890749,"type":"JOB_SUBMITTED","data":{"job_id":"051425!61","job":{"id":"051425!61","profile":"FT.S.16","res":16,"subtime":7.875626,"walltime":4200}}}]}'
Sending '{"now":7.906361,"events":[]}'
Received '{"now":7.997636,"events":[{"timestamp":7.997636,"type":"JOB_SUBMITTED","data":{"job_id":"051425!62","job":{"id":"051425!62","profile":"IS.S.16","res":16,"subtime":7.989830,"walltime":4200}}}]}'
Sending '{"now":7.997636,"events":[]}'
Received '{"now":8.013248,"events":[{"timestamp":8.005442,"type":"JOB_SUBMITTED","data":{"job_id":"051425!63","job":{"id":"051425!63","profile":"CG.S.16","res":16,"subtime":7.993415,"walltime":4200}}}]}'
Sending '{"now":8.013248,"events":[]}'
Received '{"now":8.061885,"events":[{"timestamp":8.061885,"type":"JOB_SUBMITTED","data":{"job_id":"051425!64","job":{"id":"051425!64","profile":"LU.S.16","res":16,"subtime":8.054079,"walltime":4200}}}]}'
Sending '{"now":8.061885,"events":[]}'
Received '{"now":8.193077,"events":[{"timestamp":8.193077,"type":"JOB_COMPLETED","data":{"job_id":"051425!13","job_state":"COMPLETED_SUCCESSFULLY","return_code":0,"kill_reason":"","alloc":"0-3 20-31"}}]}'
Sending '{"now":8.193077,"events":[{"timestamp":8.193077,"type":"EXECUTE_JOB","data":{"job_id":"051425!25","alloc":"0-3 20-31"}}]}'
Received '{"now":8.256165,"events":[{"timestamp":8.256165,"type":"JOB_SUBMITTED","data":{"job_id":"051425!65","job":{"id":"051425!65","profile":"MG.S.16","res":16,"subtime":8.248359,"walltime":4200}}}]}'
Sending '{"now":8.256165,"events":[]}'
Received '{"now":8.410640,"events":[{"timestamp":8.410640,"type":"JOB_SUBMITTED","data":{"job_id":"051425!66","job":{"id":"051425!66","profile":"SP.S.16","res":16,"subtime":8.402834,"walltime":4200}}}]}'
Sending '{"now":8.41064,"events":[]}'
Received '{"now":8.465034,"events":[{"timestamp":8.465034,"type":"JOB_SUBMITTED","data":{"job_id":"051425!67","job":{"id":"051425!67","profile":"CG.S.16","res":16,"subtime":8.457232,"walltime":4200}}}]}'
Sending '{"now":8.465034,"events":[]}'
Received '{"now":8.486501,"events":[{"timestamp":8.486501,"type":"JOB_COMPLETED","data":{"job_id":"051425!41","job_state":"COMPLETED_SUCCESSFULLY","return_code":0,"kill_reason":"","alloc":"56-59"}}]}'
Sending '{"now":8.486501,"events":[{"timestamp":8.486501,"type":"EXECUTE_JOB","data":{"job_id":"051425!55","alloc":"56-59"}}]}'
Received '{"now":8.534472,"events":[{"timestamp":8.534472,"type":"JOB_COMPLETED","data":{"job_id":"051425!25","job_state":"COMPLETED_SUCCESSFULLY","return_code":0,"kill_reason":"","alloc":"0-3 20-31"}}]}'
Sending '{"now":8.534472,"events":[{"timestamp":8.534472,"type":"EXECUTE_JOB","data":{"job_id":"051425!26","alloc":"0-3 20-31"}}]}'
Received '{"now":8.635188,"events":[{"timestamp":8.635188,"type":"JOB_SUBMITTED","data":{"job_id":"051425!68","job":{"id":"051425!68","profile":"MG.S.16","res":16,"subtime":8.627382,"walltime":4200}}}]}'
Sending '{"now":8.635188,"events":[]}'
Received '{"now":8.665417,"events":[{"timestamp":8.665417,"type":"JOB_COMPLETED","data":{"job_id":"051425!54","job_state":"COMPLETED_SUCCESSFULLY","return_code":0,"kill_reason":"","alloc":"48-51"}}]}'
Sending '{"now":8.665417,"events":[{"timestamp":8.665417,"type":"EXECUTE_JOB","data":{"job_id":"051425!56","alloc":"48-51"}}]}'
Received '{"now":8.722606,"events":[{"timestamp":8.722606,"type":"JOB_COMPLETED","data":{"job_id":"051425!45","job_state":"COMPLETED_SUCCESSFULLY","return_code":0,"kill_reason":"","alloc":"60-63"}}]}'
Sending '{"now":8.722606,"events":[{"timestamp":8.722606,"type":"EXECUTE_JOB","data":{"job_id":"051425!57","alloc":"60-63"}}]}'
Received '{"now":8.807857,"events":[{"timestamp":8.807857,"type":"JOB_COMPLETED","data":{"job_id":"051425!48","job_state":"COMPLETED_SUCCESSFULLY","return_code":0,"kill_reason":"","alloc":"52-55"}}]}'
Sending '{"now":8.807857,"events":[{"timestamp":8.807857,"type":"EXECUTE_JOB","data":{"job_id":"051425!60","alloc":"52-55"}}]}'
Received '{"now":8.907481,"events":[{"timestamp":8.907481,"type":"JOB_COMPLETED","data":{"job_id":"051425!60","job_state":"COMPLETED_SUCCESSFULLY","return_code":0,"kill_reason":"","alloc":"52-55"}}]}'
Sending '{"now":8.907481,"events":[]}'
Received '{"now":8.946843,"events":[{"timestamp":8.946843,"type":"JOB_SUBMITTED","data":{"job_id":"051425!69","job":{"id":"051425!69","profile":"IS.S.16","res":16,"subtime":8.939037,"walltime":4200}}}]}'
Sending '{"now":8.946843,"events":[]}'
Received '{"now":8.968304,"events":[{"timestamp":8.960504,"type":"JOB_COMPLETED","data":{"job_id":"051425!55","job_state":"COMPLETED_SUCCESSFULLY","return_code":0,"kill_reason":"","alloc":"56-59"}}]}'
Sending '{"now":8.968304,"events":[]}'
Received '{"now":9.158388,"events":[{"timestamp":9.158388,"type":"JOB_SUBMITTED","data":{"job_id":"051425!70","job":{"id":"051425!70","profile":"IS.S.4","res":4,"subtime":9.150582,"walltime":4200}}}]}'
Sending '{"now":9.158388,"events":[{"timestamp":9.158388,"type":"EXECUTE_JOB","data":{"job_id":"051425!70","alloc":"52-55"}}]}'
Received '{"now":9.190494,"events":[{"timestamp":9.190494,"type":"JOB_COMPLETED","data":{"job_id":"051425!57","job_state":"COMPLETED_SUCCESSFULLY","return_code":0,"kill_reason":"","alloc":"60-63"}}]}'
Sending '{"now":9.190494,"events":[]}'
Received '{"now":9.258057,"events":[{"timestamp":9.258057,"type":"JOB_COMPLETED","data":{"job_id":"051425!70","job_state":"COMPLETED_SUCCESSFULLY","return_code":0,"kill_reason":"","alloc":"52-55"}}]}'
Sending '{"now":9.258057,"events":[]}'
Received '{"now":9.440110,"events":[{"timestamp":9.440110,"type":"JOB_COMPLETED","data":{"job_id":"051425!56","job_state":"COMPLETED_SUCCESSFULLY","return_code":0,"kill_reason":"","alloc":"48-51"}}]}'
Sending '{"now":9.44011,"events":[{"timestamp":9.44011,"type":"EXECUTE_JOB","data":{"job_id":"051425!28","alloc":"48-63"}}]}'
Received '{"now":9.469382,"events":[{"timestamp":9.453770,"type":"JOB_COMPLETED","data":{"job_id":"051425!26","job_state":"COMPLETED_SUCCESSFULLY","return_code":0,"kill_reason":"","alloc":"0-3 20-31"}}]}'
Sending '{"now":9.469382,"events":[{"timestamp":9.469382,"type":"EXECUTE_JOB","data":{"job_id":"051425!32","alloc":"0-3 20-31"}}]}'
Received '{"now":9.492800,"events":[{"timestamp":9.477188,"type":"JOB_SUBMITTED","data":{"job_id":"051425!71","job":{"id":"051425!71","profile":"MG.S.4","res":4,"subtime":9.467062,"walltime":4200}}}]}'
Sending '{"now":9.4928,"events":[]}'
Received '{"now":9.588444,"events":[{"timestamp":9.588444,"type":"JOB_SUBMITTED","data":{"job_id":"051425!72","job":{"id":"051425!72","profile":"SP.S.16","res":16,"subtime":9.580638,"walltime":4200}}}]}'
Sending '{"now":9.588444,"events":[]}'
Received '{"now":9.604056,"events":[{"timestamp":9.596250,"type":"JOB_SUBMITTED","data":{"job_id":"051425!73","job":{"id":"051425!73","profile":"SP.S.16","res":16,"subtime":9.582596,"walltime":4200}}}]}'
Sending '{"now":9.604056,"events":[]}'
Received '{"now":9.652827,"events":[{"timestamp":9.652827,"type":"JOB_SUBMITTED","data":{"job_id":"051425!74","job":{"id":"051425!74","profile":"IS.S.16","res":16,"subtime":9.645021,"walltime":4200}}}]}'
Sending '{"now":9.652827,"events":[]}'
Received '{"now":9.716607,"events":[{"timestamp":9.716607,"type":"JOB_COMPLETED","data":{"job_id":"051425!28","job_state":"COMPLETED_SUCCESSFULLY","return_code":0,"kill_reason":"","alloc":"48-63"}}]}'
Sending '{"now":9.716607,"events":[{"timestamp":9.716607,"type":"EXECUTE_JOB","data":{"job_id":"051425!33","alloc":"48-63"}}]}'
Received '{"now":9.797204,"events":[{"timestamp":9.797204,"type":"JOB_SUBMITTED","data":{"job_id":"051425!75","job":{"id":"051425!75","profile":"FT.S.16","res":16,"subtime":9.789398,"walltime":4200}}}]}'
Sending '{"now":9.797204,"events":[]}'
Received '{"now":9.818680,"events":[{"timestamp":9.818680,"type":"JOB_COMPLETED","data":{"job_id":"051425!32","job_state":"COMPLETED_SUCCESSFULLY","return_code":0,"kill_reason":"","alloc":"0-3 20-31"}}]}'
Sending '{"now":9.81868,"events":[{"timestamp":9.81868,"type":"EXECUTE_JOB","data":{"job_id":"051425!35","alloc":"0-3 20-31"}}]}'
Received '{"now":9.892517,"events":[{"timestamp":9.892517,"type":"JOB_COMPLETED","data":{"job_id":"051425!24","job_state":"COMPLETED_SUCCESSFULLY","return_code":0,"kill_reason":"","alloc":"32-47"}}]}'
Sending '{"now":9.892517,"events":[{"timestamp":9.892517,"type":"EXECUTE_JOB","data":{"job_id":"051425!38","alloc":"32-47"}}]}'
Received '{"now":9.931843,"events":[{"timestamp":9.931843,"type":"JOB_SUBMITTED","data":{"job_id":"051425!76","job":{"id":"051425!76","profile":"BT.S.4","res":4,"subtime":9.924037,"walltime":4200}}}]}'
Sending '{"now":9.931843,"events":[]}'
Received '{"now":9.947465,"events":[{"timestamp":9.947465,"type":"JOB_SUBMITTED","data":{"job_id":"051425!77","job":{"id":"051425!77","profile":"BT.S.4","res":4,"subtime":9.934311,"walltime":4200}}}]}'
Sending '{"now":9.947465,"events":[]}'
Received '{"now":10.127736,"events":[{"timestamp":10.127736,"type":"JOB_SUBMITTED","data":{"job_id":"051425!78","job":{"id":"051425!78","profile":"IS.S.4","res":4,"subtime":10.119930,"walltime":4200}}}]}'
Sending '{"now":10.127736,"events":[]}'
Received '{"now":10.247780,"events":[{"timestamp":10.247780,"type":"JOB_SUBMITTED","data":{"job_id":"051425!79","job":{"id":"051425!79","profile":"FT.S.16","res":16,"subtime":10.239974,"walltime":4200}}}]}'
Sending '{"now":10.24778,"events":[]}'
Received '{"now":10.361528,"events":[{"timestamp":10.361528,"type":"JOB_SUBMITTED","data":{"job_id":"051425!80","job":{"id":"051425!80","profile":"MG.S.4","res":4,"subtime":10.353722,"walltime":4200}}}]}'
Sending '{"now":10.361528,"events":[]}'
Received '{"now":10.475169,"events":[{"timestamp":10.475169,"type":"JOB_COMPLETED","data":{"job_id":"051425!23","job_state":"COMPLETED_SUCCESSFULLY","return_code":0,"kill_reason":"","alloc":"4-19"}}]}'
Sending '{"now":10.475169,"events":[{"timestamp":10.475169,"type":"EXECUTE_JOB","data":{"job_id":"051425!39","alloc":"4-19"}}]}'
Received '{"now":10.698787,"events":[{"timestamp":10.698787,"type":"JOB_SUBMITTED","data":{"job_id":"051425!81","job":{"id":"051425!81","profile":"SP.S.16","res":16,"subtime":10.690981,"walltime":4200}}}]}'
Sending '{"now":10.698787,"events":[]}'
Received '{"now":10.769457,"events":[{"timestamp":10.769457,"type":"JOB_SUBMITTED","data":{"job_id":"051425!82","job":{"id":"051425!82","profile":"SP.S.16","res":16,"subtime":10.761651,"walltime":4200}}}]}'
Sending '{"now":10.769457,"events":[]}'
Received '{"now":10.785079,"events":[{"timestamp":10.785079,"type":"JOB_SUBMITTED","data":{"job_id":"051425!83","job":{"id":"051425!83","profile":"CG.S.16","res":16,"subtime":10.772716,"walltime":4200}}}]}'
Sending '{"now":10.785079,"events":[]}'
Received '{"now":10.879634,"events":[{"timestamp":10.879634,"type":"JOB_SUBMITTED","data":{"job_id":"051425!84","job":{"id":"051425!84","profile":"MG.S.4","res":4,"subtime":10.871828,"walltime":4200}}}]}'
Sending '{"now":10.879634,"events":[]}'
Received '{"now":11.043375,"events":[{"timestamp":11.043375,"type":"JOB_SUBMITTED","data":{"job_id":"051425!85","job":{"id":"051425!85","profile":"CG.S.16","res":16,"subtime":11.035569,"walltime":4200}}}]}'
Sending '{"now":11.043375,"events":[]}'
Received '{"now":11.233318,"events":[{"timestamp":11.233318,"type":"JOB_SUBMITTED","data":{"job_id":"051425!86","job":{"id":"051425!86","profile":"FT.S.16","res":16,"subtime":11.225512,"walltime":4200}}}]}'
Sending '{"now":11.233318,"events":[]}'
Received '{"now":11.290660,"events":[{"timestamp":11.290660,"type":"JOB_SUBMITTED","data":{"job_id":"051425!87","job":{"id":"051425!87","profile":"SP.S.4","res":4,"subtime":11.282854,"walltime":4200}}}]}'
Sending '{"now":11.29066,"events":[]}'
Received '{"now":11.314589,"events":[{"timestamp":11.314589,"type":"JOB_SUBMITTED","data":{"job_id":"051425!88","job":{"id":"051425!88","profile":"SP.S.16","res":16,"subtime":11.306783,"walltime":4200}}}]}'
Sending '{"now":11.314589,"events":[]}'
Received '{"now":11.388935,"events":[{"timestamp":11.388935,"type":"JOB_COMPLETED","data":{"job_id":"051425!39","job_state":"COMPLETED_SUCCESSFULLY","return_code":0,"kill_reason":"","alloc":"4-19"}}]}'
Sending '{"now":11.388935,"events":[{"timestamp":11.388935,"type":"EXECUTE_JOB","data":{"job_id":"051425!43","alloc":"4-19"}}]}'
Received '{"now":11.475333,"events":[{"timestamp":11.475333,"type":"JOB_SUBMITTED","data":{"job_id":"051425!89","job":{"id":"051425!89","profile":"SP.S.4","res":4,"subtime":11.467527,"walltime":4200}}}]}'
Sending '{"now":11.475333,"events":[]}'
Received '{"now":11.564334,"events":[{"timestamp":11.564334,"type":"JOB_COMPLETED","data":{"job_id":"051425!43","job_state":"COMPLETED_SUCCESSFULLY","return_code":0,"kill_reason":"","alloc":"4-19"}}]}'
Sending '{"now":11.564334,"events":[{"timestamp":11.564334,"type":"EXECUTE_JOB","data":{"job_id":"051425!46","alloc":"4-19"}}]}'
Received '{"now":11.739714,"events":[{"timestamp":11.739714,"type":"JOB_COMPLETED","data":{"job_id":"051425!46","job_state":"COMPLETED_SUCCESSFULLY","return_code":0,"kill_reason":"","alloc":"4-19"}}]}'
Sending '{"now":11.739714,"events":[{"timestamp":11.739714,"type":"EXECUTE_JOB","data":{"job_id":"051425!47","alloc":"4-19"}}]}'
Received '{"now":11.853534,"events":[{"timestamp":11.853534,"type":"JOB_SUBMITTED","data":{"job_id":"051425!90","job":{"id":"051425!90","profile":"IS.S.4","res":4,"subtime":11.845728,"walltime":4200}}}]}'
Sending '{"now":11.853534,"events":[]}'
Received '{"now":11.931729,"events":[{"timestamp":11.931729,"type":"JOB_COMPLETED","data":{"job_id":"051425!38","job_state":"COMPLETED_SUCCESSFULLY","return_code":0,"kill_reason":"","alloc":"32-47"}}]}'
Sending '{"now":11.931729,"events":[{"timestamp":11.931729,"type":"EXECUTE_JOB","data":{"job_id":"051425!49","alloc":"32-47"}}]}'
Received '{"now":11.970143,"events":[{"timestamp":11.970143,"type":"JOB_SUBMITTED","data":{"job_id":"051425!91","job":{"id":"051425!91","profile":"CG.S.16","res":16,"subtime":11.962337,"walltime":4200}}}]}'
Sending '{"now":11.970143,"events":[]}'
Received '{"now":11.985755,"events":[{"timestamp":11.977949,"type":"JOB_SUBMITTED","data":{"job_id":"051425!92","job":{"id":"051425!92","profile":"BT.S.16","res":16,"subtime":11.969900,"walltime":4200}}}]}'
Sending '{"now":11.985755,"events":[]}'
Received '{"now":12.184498,"events":[{"timestamp":12.184498,"type":"JOB_SUBMITTED","data":{"job_id":"051425!93","job":{"id":"051425!93","profile":"BT.S.16","res":16,"subtime":12.176692,"walltime":4200}}}]}'
Sending '{"now":12.184498,"events":[]}'
Received '{"now":12.299046,"events":[{"timestamp":12.299046,"type":"JOB_SUBMITTED","data":{"job_id":"051425!94","job":{"id":"051425!94","profile":"BT.S.4","res":4,"subtime":12.291240,"walltime":4200}}}]}'
Sending '{"now":12.299046,"events":[]}'
Received '{"now":12.653447,"events":[{"timestamp":12.653447,"type":"JOB_COMPLETED","data":{"job_id":"051425!47","job_state":"COMPLETED_SUCCESSFULLY","return_code":0,"kill_reason":"","alloc":"4-19"}}]}'
Sending '{"now":12.653447,"events":[{"timestamp":12.653447,"type":"EXECUTE_JOB","data":{"job_id":"051425!50","alloc":"4-19"}}]}'
Received '{"now":12.808917,"events":[{"timestamp":12.808917,"type":"JOB_COMPLETED","data":{"job_id":"051425!35","job_state":"COMPLETED_SUCCESSFULLY","return_code":0,"kill_reason":"","alloc":"0-3 20-31"}}]}'
Sending '{"now":12.808917,"events":[{"timestamp":12.808917,"type":"EXECUTE_JOB","data":{"job_id":"051425!51","alloc":"0-3 20-31"}}]}'
Received '{"now":13.151272,"events":[{"timestamp":13.151272,"type":"JOB_SUBMITTED","data":{"job_id":"051425!95","job":{"id":"051425!95","profile":"SP.S.4","res":4,"subtime":13.143466,"walltime":4200}}}]}'
Sending '{"now":13.151272,"events":[]}'
Received '{"now":13.166884,"events":[{"timestamp":13.166884,"type":"JOB_SUBMITTED","data":{"job_id":"051425!96","job":{"id":"051425!96","profile":"CG.S.4","res":4,"subtime":13.154755,"walltime":4200}}}]}'
Sending '{"now":13.166884,"events":[]}'
Received '{"now":13.298273,"events":[{"timestamp":13.298273,"type":"JOB_COMPLETED","data":{"job_id":"051425!33","job_state":"COMPLETED_SUCCESSFULLY","return_code":0,"kill_reason":"","alloc":"48-63"}}]}'
Sending '{"now":13.298273,"events":[{"timestamp":13.298273,"type":"EXECUTE_JOB","data":{"job_id":"051425!52","alloc":"48-63"}}]}'
Received '{"now":13.969513,"events":[{"timestamp":13.969513,"type":"JOB_SUBMITTED","data":{"job_id":"051425!97","job":{"id":"051425!97","profile":"BT.S.16","res":16,"subtime":13.961707,"walltime":4200}}}]}'
Sending '{"now":13.969513,"events":[]}'
Received '{"now":14.022695,"events":[{"timestamp":14.022695,"type":"JOB_SUBMITTED","data":{"job_id":"051425!98","job":{"id":"051425!98","profile":"MG.S.4","res":4,"subtime":14.014889,"walltime":4200}}}]}'
Sending '{"now":14.022695,"events":[]}'
Received '{"now":14.102334,"events":[{"timestamp":14.102334,"type":"JOB_SUBMITTED","data":{"job_id":"051425!99","job":{"id":"051425!99","profile":"SP.S.4","res":4,"subtime":14.094528,"walltime":4200}}}]}'
Sending '{"now":14.102334,"events":[]}'
Received '{"now":14.117946,"events":[{"timestamp":14.110140,"type":"JOB_SUBMITTED","data":{"job_id":"051425!100","job":{"id":"051425!100","profile":"LU.S.16","res":16,"subtime":14.097913,"walltime":4200}}}]}'
Sending '{"now":14.117946,"events":[]}'
Received '{"now":14.241241,"events":[{"timestamp":14.241241,"type":"JOB_SUBMITTED","data":{"job_id":"051425!101","job":{"id":"051425!101","profile":"MG.S.16","res":16,"subtime":14.233435,"walltime":4200}}}]}'
Sending '{"now":14.241241,"events":[]}'
Received '{"now":14.345239,"events":[{"timestamp":14.345239,"type":"JOB_SUBMITTED","data":{"job_id":"051425!102","job":{"id":"051425!102","profile":"LU.S.16","res":16,"subtime":14.337436,"walltime":4200}}}]}'
Sending '{"now":14.345239,"events":[]}'
Received '{"now":14.404122,"events":[{"timestamp":14.404122,"type":"JOB_SUBMITTED","data":{"job_id":"051425!103","job":{"id":"051425!103","profile":"BT.S.16","res":16,"subtime":14.396319,"walltime":4200}}}]}'
Sending '{"now":14.404122,"events":[]}'
Received '{"now":14.500771,"events":[{"timestamp":14.500771,"type":"JOB_SUBMITTED","data":{"job_id":"051425!104","job":{"id":"051425!104","profile":"MG.S.4","res":4,"subtime":14.492965,"walltime":4200}}}]}'
Sending '{"now":14.500771,"events":[]}'
Received '{"now":14.650514,"events":[{"timestamp":14.650514,"type":"JOB_SUBMITTED","data":{"job_id":"051425!105","job":{"id":"051425!105","profile":"FT.S.4","res":4,"subtime":14.642708,"walltime":4200}}}]}'
Sending '{"now":14.650514,"events":[]}'
Received '{"now":14.992026,"events":[{"timestamp":14.992026,"type":"JOB_SUBMITTED","data":{"job_id":"051425!106","job":{"id":"051425!106","profile":"FT.S.4","res":4,"subtime":14.984220,"walltime":4200}}}]}'
Sending '{"now":14.992026,"events":[]}'
Received '{"now":15.037293,"events":[{"timestamp":15.037293,"type":"JOB_SUBMITTED","data":{"job_id":"051425!107","job":{"id":"051425!107","profile":"LU.S.16","res":16,"subtime":15.029492,"walltime":4200}}}]}'
Sending '{"now":15.037293,"events":[]}'
Received '{"now":15.052905,"events":[{"timestamp":15.052905,"type":"JOB_SUBMITTED","data":{"job_id":"051425!108","job":{"id":"051425!108","profile":"IS.S.16","res":16,"subtime":15.042386,"walltime":4200}}}]}'
Sending '{"now":15.052905,"events":[]}'
Received '{"now":15.092718,"events":[{"timestamp":15.092718,"type":"JOB_SUBMITTED","data":{"job_id":"051425!109","job":{"id":"051425!109","profile":"BT.S.4","res":4,"subtime":15.084912,"walltime":4200}}}]}'
Sending '{"now":15.092718,"events":[]}'
Received '{"now":15.253880,"events":[{"timestamp":15.253880,"type":"JOB_COMPLETED","data":{"job_id":"051425!52","job_state":"COMPLETED_SUCCESSFULLY","return_code":0,"kill_reason":"","alloc":"48-63"}}]}'
Sending '{"now":15.25388,"events":[{"timestamp":15.25388,"type":"EXECUTE_JOB","data":{"job_id":"051425!53","alloc":"48-63"}}]}'
Received '{"now":15.277308,"events":[{"timestamp":15.277308,"type":"JOB_SUBMITTED","data":{"job_id":"051425!110","job":{"id":"051425!110","profile":"BT.S.4","res":4,"subtime":15.267967,"walltime":4200}}}]}'
Sending '{"now":15.277308,"events":[]}'
Received '{"now":15.403903,"events":[{"timestamp":15.403903,"type":"JOB_SUBMITTED","data":{"job_id":"051425!111","job":{"id":"051425!111","profile":"FT.S.16","res":16,"subtime":15.396097,"walltime":4200}}}]}'
Sending '{"now":15.403903,"events":[]}'
Received '{"now":15.489284,"events":[{"timestamp":15.489284,"type":"JOB_SUBMITTED","data":{"job_id":"051425!112","job":{"id":"051425!112","profile":"MG.S.4","res":4,"subtime":15.481478,"walltime":4200}}}]}'
Sending '{"now":15.489284,"events":[]}'
Received '{"now":15.513268,"events":[{"timestamp":15.513268,"type":"JOB_COMPLETED","data":{"job_id":"051425!49","job_state":"COMPLETED_SUCCESSFULLY","return_code":0,"kill_reason":"","alloc":"32-47"}}]}'
Sending '{"now":15.513268,"events":[{"timestamp":15.513268,"type":"EXECUTE_JOB","data":{"job_id":"051425!58","alloc":"32-47"}}]}'
Received '{"now":15.536686,"events":[{"timestamp":15.521074,"type":"JOB_SUBMITTED","data":{"job_id":"051425!113","job":{"id":"051425!113","profile":"IS.S.4","res":4,"subtime":15.502351,"walltime":4200}}}]}'
Sending '{"now":15.536686,"events":[]}'
Received '{"now":15.572112,"events":[{"timestamp":15.572112,"type":"JOB_COMPLETED","data":{"job_id":"051425!50","job_state":"COMPLETED_SUCCESSFULLY","return_code":0,"kill_reason":"","alloc":"4-19"}}]}'
Sending '{"now":15.572112,"events":[{"timestamp":15.572112,"type":"EXECUTE_JOB","data":{"job_id":"051425!59","alloc":"4-19"}}]}'
Received '{"now":15.779154,"events":[{"timestamp":15.779154,"type":"JOB_SUBMITTED","data":{"job_id":"051425!114","job":{"id":"051425!114","profile":"SP.S.16","res":16,"subtime":15.771348,"walltime":4200}}}]}'
Sending '{"now":15.779154,"events":[]}'
Received '{"now":15.800621,"events":[{"timestamp":15.800621,"type":"JOB_COMPLETED","data":{"job_id":"051425!51","job_state":"COMPLETED_SUCCESSFULLY","return_code":0,"kill_reason":"","alloc":"0-3 20-31"}}]}'
Sending '{"now":15.800621,"events":[{"timestamp":15.800621,"type":"EXECUTE_JOB","data":{"job_id":"051425!61","alloc":"0-3 20-31"}}]}'
Received '{"now":15.847928,"events":[{"timestamp":15.847928,"type":"JOB_SUBMITTED","data":{"job_id":"051425!115","job":{"id":"051425!115","profile":"LU.S.16","res":16,"subtime":15.840122,"walltime":4200}}}]}'
Sending '{"now":15.847928,"events":[]}'
Received '{"now":15.896026,"events":[{"timestamp":15.896026,"type":"JOB_SUBMITTED","data":{"job_id":"051425!116","job":{"id":"051425!116","profile":"CG.S.16","res":16,"subtime":15.888220,"walltime":4200}}}]}'
Sending '{"now":15.896026,"events":[]}'
Received '{"now":16.142030,"events":[{"timestamp":16.142030,"type":"JOB_COMPLETED","data":{"job_id":"051425!61","job_state":"COMPLETED_SUCCESSFULLY","return_code":0,"kill_reason":"","alloc":"0-3 20-31"}}]}'
Sending '{"now":16.14203,"events":[{"timestamp":16.14203,"type":"EXECUTE_JOB","data":{"job_id":"051425!62","alloc":"0-3 20-31"}}]}'
Received '{"now":16.268054,"events":[{"timestamp":16.268054,"type":"JOB_COMPLETED","data":{"job_id":"051425!58","job_state":"COMPLETED_SUCCESSFULLY","return_code":0,"kill_reason":"","alloc":"32-47"}}]}'
Sending '{"now":16.268054,"events":[{"timestamp":16.268054,"type":"EXECUTE_JOB","data":{"job_id":"051425!63","alloc":"32-47"}}]}'
Received '{"now":16.318765,"events":[{"timestamp":16.318765,"type":"JOB_COMPLETED","data":{"job_id":"051425!62","job_state":"COMPLETED_SUCCESSFULLY","return_code":0,"kill_reason":"","alloc":"0-3 20-31"}}]}'
Sending '{"now":16.318765,"events":[{"timestamp":16.318765,"type":"EXECUTE_JOB","data":{"job_id":"051425!64","alloc":"0-3 20-31"}}]}'
Received '{"now":16.429416,"events":[{"timestamp":16.429416,"type":"JOB_SUBMITTED","data":{"job_id":"051425!117","job":{"id":"051425!117","profile":"IS.S.4","res":4,"subtime":16.421610,"walltime":4200}}}]}'
Sending '{"now":16.429416,"events":[]}'
Received '{"now":16.474268,"events":[{"timestamp":16.474268,"type":"JOB_SUBMITTED","data":{"job_id":"051425!118","job":{"id":"051425!118","profile":"CG.S.4","res":4,"subtime":16.466468,"walltime":4200}}}]}'
Sending '{"now":16.474268,"events":[]}'
Received '{"now":16.638533,"events":[{"timestamp":16.638533,"type":"JOB_SUBMITTED","data":{"job_id":"051425!119","job":{"id":"051425!119","profile":"FT.S.4","res":4,"subtime":16.630727,"walltime":4200}}}]}'
Sending '{"now":16.638533,"events":[]}'
Received '{"now":16.655271,"events":[{"timestamp":16.655271,"type":"JOB_SUBMITTED","data":{"job_id":"051425!120","job":{"id":"051425!120","profile":"IS.S.16","res":16,"subtime":16.647465,"walltime":4200}}}]}'
Sending '{"now":16.655271,"events":[]}'
Received '{"now":17.208929,"events":[{"timestamp":17.208929,"type":"JOB_COMPLETED","data":{"job_id":"051425!53","job_state":"COMPLETED_SUCCESSFULLY","return_code":0,"kill_reason":"","alloc":"48-63"}}]}'
Sending '{"now":17.208929,"events":[{"timestamp":17.208929,"type":"EXECUTE_JOB","data":{"job_id":"051425!65","alloc":"48-63"}}]}'
Received '{"now":17.313404,"events":[{"timestamp":17.313404,"type":"JOB_SUBMITTED","data":{"job_id":"051425!121","job":{"id":"051425!121","profile":"FT.S.16","res":16,"subtime":17.305598,"walltime":4200}}}]}'
Sending '{"now":17.313404,"events":[]}'
Received '{"now":17.392994,"events":[{"timestamp":17.392994,"type":"JOB_SUBMITTED","data":{"job_id":"051425!122","job":{"id":"051425!122","profile":"MG.S.4","res":4,"subtime":17.385188,"walltime":4200}}}]}'
Sending '{"now":17.392994,"events":[]}'
Received '{"now":17.605650,"events":[{"timestamp":17.605650,"type":"JOB_SUBMITTED","data":{"job_id":"051425!123","job":{"id":"051425!123","profile":"SP.S.16","res":16,"subtime":17.597844,"walltime":4200}}}]}'
Sending '{"now":17.60565,"events":[]}'
Received '{"now":17.891542,"events":[{"timestamp":17.891542,"type":"JOB_SUBMITTED","data":{"job_id":"051425!124","job":{"id":"051425!124","profile":"CG.S.16","res":16,"subtime":17.883736,"walltime":4200}}}]}'
Sending '{"now":17.891542,"events":[]}'
Received '{"now":17.956072,"events":[{"timestamp":17.956072,"type":"JOB_COMPLETED","data":{"job_id":"051425!65","job_state":"COMPLETED_SUCCESSFULLY","return_code":0,"kill_reason":"","alloc":"48-63"}}]}'
Sending '{"now":17.956072,"events":[{"timestamp":17.956072,"type":"EXECUTE_JOB","data":{"job_id":"051425!66","alloc":"48-63"}}]}'
Received '{"now":18.095139,"events":[{"timestamp":18.095139,"type":"JOB_SUBMITTED","data":{"job_id":"051425!125","job":{"id":"051425!125","profile":"CG.S.4","res":4,"subtime":18.087333,"walltime":4200}}}]}'
Sending '{"now":18.095139,"events":[]}'
Received '{"now":18.170853,"events":[{"timestamp":18.170853,"type":"JOB_SUBMITTED","data":{"job_id":"051425!126","job":{"id":"051425!126","profile":"FT.S.4","res":4,"subtime":18.163047,"walltime":4200}}}]}'
Sending '{"now":18.170853,"events":[]}'
Received '{"now":18.400734,"events":[{"timestamp":18.400734,"type":"JOB_SUBMITTED","data":{"job_id":"051425!127","job":{"id":"051425!127","profile":"FT.S.4","res":4,"subtime":18.392928,"walltime":4200}}}]}'
Sending '{"now":18.400734,"events":[]}'
Received '{"now":18.416936,"events":[{"timestamp":18.416936,"type":"JOB_SUBMITTED","data":{"job_id":"051425!128","job":{"id":"051425!128","profile":"SP.S.4","res":4,"subtime":18.409130,"walltime":4200}}}]}'
Sending '{"now":18.416936,"events":[]}'
Received '{"now":18.432548,"events":[{"timestamp":18.424742,"type":"JOB_SUBMITTED","data":{"job_id":"051425!129","job":{"id":"051425!129","profile":"IS.S.4","res":4,"subtime":18.415382,"walltime":4200}}}]}'
Sending '{"now":18.432548,"events":[]}'
Received '{"now":18.490594,"events":[{"timestamp":18.490594,"type":"JOB_COMPLETED","data":{"job_id":"051425!59","job_state":"COMPLETED_SUCCESSFULLY","return_code":0,"kill_reason":"","alloc":"4-19"}}]}'
Sending '{"now":18.490594,"events":[{"timestamp":18.490594,"type":"EXECUTE_JOB","data":{"job_id":"051425!67","alloc":"4-19"}}]}'
Received '{"now":18.561170,"events":[{"timestamp":18.561170,"type":"JOB_SUBMITTED","data":{"job_id":"051425!130","job":{"id":"051425!130","profile":"FT.S.4","res":4,"subtime":18.553364,"walltime":4200}}}]}'
Sending '{"now":18.56117,"events":[]}'
Received '{"now":18.604520,"events":[{"timestamp":18.604520,"type":"JOB_SUBMITTED","data":{"job_id":"051425!131","job":{"id":"051425!131","profile":"CG.S.16","res":16,"subtime":18.596714,"walltime":4200}}}]}'
Sending '{"now":18.60452,"events":[]}'
Received '{"now":18.621183,"events":[{"timestamp":18.621183,"type":"JOB_SUBMITTED","data":{"job_id":"051425!132","job":{"id":"051425!132","profile":"MG.S.4","res":4,"subtime":18.613377,"walltime":4200}}}]}'
Sending '{"now":18.621183,"events":[]}'
Received '{"now":18.757339,"events":[{"timestamp":18.757339,"type":"JOB_SUBMITTED","data":{"job_id":"051425!133","job":{"id":"051425!133","profile":"LU.S.16","res":16,"subtime":18.749533,"walltime":4200}}}]}'
Sending '{"now":18.757339,"events":[]}'
Received '{"now":18.772951,"events":[{"timestamp":18.772951,"type":"JOB_SUBMITTED","data":{"job_id":"051425!134","job":{"id":"051425!134","profile":"CG.S.4","res":4,"subtime":18.764873,"walltime":4200}}}]}'
Sending '{"now":18.772951,"events":[]}'
Received '{"now":18.820116,"events":[{"timestamp":18.820116,"type":"JOB_SUBMITTED","data":{"job_id":"051425!135","job":{"id":"051425!135","profile":"BT.S.4","res":4,"subtime":18.812310,"walltime":4200}}}]}'
Sending '{"now":18.820116,"events":[]}'
Received '{"now":18.839302,"events":[{"timestamp":18.839302,"type":"JOB_SUBMITTED","data":{"job_id":"051425!136","job":{"id":"051425!136","profile":"MG.S.4","res":4,"subtime":18.831496,"walltime":4200}}}]}'
Sending '{"now":18.839302,"events":[]}'
Received '{"now":19.102845,"events":[{"timestamp":19.102845,"type":"JOB_SUBMITTED","data":{"job_id":"051425!137","job":{"id":"051425!137","profile":"MG.S.16","res":16,"subtime":19.095039,"walltime":4200}}}]}'
Sending '{"now":19.102845,"events":[]}'
Received '{"now":19.177307,"events":[{"timestamp":19.177307,"type":"JOB_SUBMITTED","data":{"job_id":"051425!138","job":{"id":"051425!138","profile":"LU.S.4","res":4,"subtime":19.169501,"walltime":4200}}}]}'
Sending '{"now":19.177307,"events":[]}'
Received '{"now":19.222180,"events":[{"timestamp":19.222180,"type":"JOB_SUBMITTED","data":{"job_id":"051425!139","job":{"id":"051425!139","profile":"MG.S.16","res":16,"subtime":19.214374,"walltime":4200}}}]}'
Sending '{"now":19.22218,"events":[]}'
Received '{"now":19.261032,"events":[{"timestamp":19.261032,"type":"JOB_SUBMITTED","data":{"job_id":"051425!140","job":{"id":"051425!140","profile":"BT.S.16","res":16,"subtime":19.253233,"walltime":4200}}}]}'
Sending '{"now":19.261032,"events":[]}'
Received '{"now":19.308966,"events":[{"timestamp":19.308966,"type":"JOB_COMPLETED","data":{"job_id":"051425!64","job_state":"COMPLETED_SUCCESSFULLY","return_code":0,"kill_reason":"","alloc":"0-3 20-31"}}]}'
Sending '{"now":19.308966,"events":[{"timestamp":19.308966,"type":"EXECUTE_JOB","data":{"job_id":"051425!68","alloc":"0-3 20-31"}}]}'
Received '{"now":19.332383,"events":[{"timestamp":19.324578,"type":"JOB_SUBMITTED","data":{"job_id":"051425!141","job":{"id":"051425!141","profile":"MG.S.16","res":16,"subtime":19.315548,"walltime":4200}}}]}'
Sending '{"now":19.332383,"events":[]}'
Received '{"now":19.352578,"events":[{"timestamp":19.352578,"type":"JOB_SUBMITTED","data":{"job_id":"051425!142","job":{"id":"051425!142","profile":"IS.S.16","res":16,"subtime":19.344772,"walltime":4200}}}]}'
Sending '{"now":19.352578,"events":[]}'
Received '{"now":19.655714,"events":[{"timestamp":19.655714,"type":"JOB_SUBMITTED","data":{"job_id":"051425!143","job":{"id":"051425!143","profile":"BT.S.4","res":4,"subtime":19.647908,"walltime":4200}}}]}'
Sending '{"now":19.655714,"events":[]}'
Received '{"now":19.671326,"events":[{"timestamp":19.671326,"type":"JOB_SUBMITTED","data":{"job_id":"051425!144","job":{"id":"051425!144","profile":"FT.S.16","res":16,"subtime":19.663214,"walltime":4200}}}]}'
Sending '{"now":19.671326,"events":[]}'
Received '{"now":19.791253,"events":[{"timestamp":19.791253,"type":"JOB_SUBMITTED","data":{"job_id":"051425!145","job":{"id":"051425!145","profile":"MG.S.4","res":4,"subtime":19.783447,"walltime":4200}}}]}'
Sending '{"now":19.791253,"events":[]}'
Received '{"now":19.849519,"events":[{"timestamp":19.849519,"type":"JOB_COMPLETED","data":{"job_id":"051425!63","job_state":"COMPLETED_SUCCESSFULLY","return_code":0,"kill_reason":"","alloc":"32-47"}}]}'
Sending '{"now":19.849519,"events":[{"timestamp":19.849519,"type":"EXECUTE_JOB","data":{"job_id":"051425!69","alloc":"32-47"}}]}'
Received '{"now":19.918582,"events":[{"timestamp":19.918582,"type":"JOB_COMPLETED","data":{"job_id":"051425!66","job_state":"COMPLETED_SUCCESSFULLY","return_code":0,"kill_reason":"","alloc":"48-63"}}]}'
Sending '{"now":19.918582,"events":[{"timestamp":19.918582,"type":"EXECUTE_JOB","data":{"job_id":"051425!71","alloc":"48-51"}},{"timestamp":19.918582,"type":"EXECUTE_JOB","data":{"job_id":"051425!76","alloc":"52-55"}},{"timestamp":19.918582,"type":"EXECUTE_JOB","data":{"job_id":"051425!77","alloc":"56-59"}},{"timestamp":19.918582,"type":"EXECUTE_JOB","data":{"job_id":"051425!78","alloc":"60-63"}}]}'
Received '{"now":19.996646,"events":[{"timestamp":19.996646,"type":"JOB_COMPLETED","data":{"job_id":"051425!69","job_state":"COMPLETED_SUCCESSFULLY","return_code":0,"kill_reason":"","alloc":"32-47"}}]}'
Sending '{"now":19.996646,"events":[{"timestamp":19.996646,"type":"EXECUTE_JOB","data":{"job_id":"051425!72","alloc":"32-47"}}]}'
Received '{"now":20.041603,"events":[{"timestamp":20.041603,"type":"JOB_COMPLETED","data":{"job_id":"051425!78","job_state":"COMPLETED_SUCCESSFULLY","return_code":0,"kill_reason":"","alloc":"60-63"}}]}'
Sending '{"now":20.041603,"events":[{"timestamp":20.041603,"type":"EXECUTE_JOB","data":{"job_id":"051425!80","alloc":"60-63"}}]}'
Received '{"now":20.145655,"events":[{"timestamp":20.145655,"type":"JOB_SUBMITTED","data":{"job_id":"051425!146","job":{"id":"051425!146","profile":"MG.S.4","res":4,"subtime":20.137852,"walltime":4200}}}]}'
Sending '{"now":20.145655,"events":[]}'
Received '{"now":20.162307,"events":[{"timestamp":20.162307,"type":"JOB_SUBMITTED","data":{"job_id":"051425!147","job":{"id":"051425!147","profile":"FT.S.16","res":16,"subtime":20.154501,"walltime":4200}}}]}'
Sending '{"now":20.162307,"events":[]}'
Received '{"now":20.227856,"events":[{"timestamp":20.227856,"type":"JOB_COMPLETED","data":{"job_id":"051425!68","job_state":"COMPLETED_SUCCESSFULLY","return_code":0,"kill_reason":"","alloc":"0-3 20-31"}}]}'
Sending '{"now":20.227856,"events":[{"timestamp":20.227856,"type":"EXECUTE_JOB","data":{"job_id":"051425!73","alloc":"0-3 20-31"}}]}'
Received '{"now":20.337646,"events":[{"timestamp":20.337646,"type":"JOB_SUBMITTED","data":{"job_id":"051425!148","job":{"id":"051425!148","profile":"CG.S.16","res":16,"subtime":20.329840,"walltime":4200}}}]}'
Sending '{"now":20.337646,"events":[]}'
Received '{"now":20.359122,"events":[{"timestamp":20.359122,"type":"JOB_COMPLETED","data":{"job_id":"051425!71","job_state":"COMPLETED_SUCCESSFULLY","return_code":0,"kill_reason":"","alloc":"48-51"}}]}'
Sending '{"now":20.359122,"events":[{"timestamp":20.359122,"type":"EXECUTE_JOB","data":{"job_id":"051425!84","alloc":"48-51"}}]}'
Received '{"now":20.393812,"events":[{"timestamp":20.393812,"type":"JOB_COMPLETED","data":{"job_id":"051425!76","job_state":"COMPLETED_SUCCESSFULLY","return_code":0,"kill_reason":"","alloc":"52-55"}}]}'
Sending '{"now":20.393812,"events":[{"timestamp":20.393812,"type":"EXECUTE_JOB","data":{"job_id":"051425!87","alloc":"52-55"}}]}'
Received '{"now":20.423085,"events":[{"timestamp":20.407473,"type":"JOB_COMPLETED","data":{"job_id":"051425!77","job_state":"COMPLETED_SUCCESSFULLY","return_code":0,"kill_reason":"","alloc":"56-59"}}]}'
Sending '{"now":20.423085,"events":[{"timestamp":20.423085,"type":"EXECUTE_JOB","data":{"job_id":"051425!89","alloc":"56-59"}}]}'
Received '{"now":20.479793,"events":[{"timestamp":20.479793,"type":"JOB_COMPLETED","data":{"job_id":"051425!80","job_state":"COMPLETED_SUCCESSFULLY","return_code":0,"kill_reason":"","alloc":"60-63"}}]}'
Sending '{"now":20.479793,"events":[{"timestamp":20.479793,"type":"EXECUTE_JOB","data":{"job_id":"051425!90","alloc":"60-63"}}]}'
Received '{"now":20.520508,"events":[{"timestamp":20.520508,"type":"JOB_SUBMITTED","data":{"job_id":"051425!149","job":{"id":"051425!149","profile":"SP.S.16","res":16,"subtime":20.512703,"walltime":4200}}}]}'
Sending '{"now":20.520508,"events":[]}'
Received '{"now":20.543901,"events":[{"timestamp":20.543901,"type":"JOB_SUBMITTED","data":{"job_id":"051425!150","job":{"id":"051425!150","profile":"SP.S.4","res":4,"subtime":20.536106,"walltime":4200}}}]}'
Sending '{"now":20.543901,"events":[]}'
Received '{"now":20.571615,"events":[{"timestamp":20.571615,"type":"JOB_SUBMITTED","data":{"job_id":"051425!151","job":{"id":"051425!151","profile":"CG.S.4","res":4,"subtime":20.563816,"walltime":4200}}}]}'
Sending '{"now":20.571615,"events":[]}'
Received '{"now":20.593081,"events":[{"timestamp":20.585275,"type":"JOB_COMPLETED","data":{"job_id":"051425!90","job_state":"COMPLETED_SUCCESSFULLY","return_code":0,"kill_reason":"","alloc":"60-63"}}]}'
Sending '{"now":20.593081,"events":[{"timestamp":20.593081,"type":"EXECUTE_JOB","data":{"job_id":"051425!94","alloc":"60-63"}}]}'
Received '{"now":20.694208,"events":[{"timestamp":20.694208,"type":"JOB_SUBMITTED","data":{"job_id":"051425!152","job":{"id":"051425!152","profile":"BT.S.16","res":16,"subtime":20.686402,"walltime":4200}}}]}'
Sending '{"now":20.694208,"events":[]}'
Received '{"now":20.727581,"events":[{"timestamp":20.727581,"type":"JOB_SUBMITTED","data":{"job_id":"051425!153","job":{"id":"051425!153","profile":"SP.S.16","res":16,"subtime":20.719775,"walltime":4200}}}]}'
Sending '{"now":20.727581,"events":[]}'
Received '{"now":20.797245,"events":[{"timestamp":20.797245,"type":"JOB_COMPLETED","data":{"job_id":"051425!84","job_state":"COMPLETED_SUCCESSFULLY","return_code":0,"kill_reason":"","alloc":"48-51"}}]}'
Sending '{"now":20.797245,"events":[{"timestamp":20.797245,"type":"EXECUTE_JOB","data":{"job_id":"051425!95","alloc":"48-51"}}]}'
Received '{"now":20.976576,"events":[{"timestamp":20.976576,"type":"JOB_SUBMITTED","data":{"job_id":"051425!154","job":{"id":"051425!154","profile":"IS.S.4","res":4,"subtime":20.968779,"walltime":4200}}}]}'
Sending '{"now":20.976576,"events":[]}'
Received '{"now":21.017637,"events":[{"timestamp":21.017637,"type":"JOB_SUBMITTED","data":{"job_id":"051425!155","job":{"id":"051425!155","profile":"MG.S.16","res":16,"subtime":21.009839,"walltime":4200}}}]}'
Sending '{"now":21.017637,"events":[]}'
Received '{"now":21.060493,"events":[{"timestamp":21.060493,"type":"JOB_COMPLETED","data":{"job_id":"051425!94","job_state":"COMPLETED_SUCCESSFULLY","return_code":0,"kill_reason":"","alloc":"60-63"}}]}'
Sending '{"now":21.060493,"events":[{"timestamp":21.060493,"type":"EXECUTE_JOB","data":{"job_id":"051425!96","alloc":"60-63"}}]}'
Received '{"now":21.247879,"events":[{"timestamp":21.247879,"type":"JOB_COMPLETED","data":{"job_id":"051425!87","job_state":"COMPLETED_SUCCESSFULLY","return_code":0,"kill_reason":"","alloc":"52-55"}}]}'
Sending '{"now":21.247879,"events":[{"timestamp":21.247879,"type":"EXECUTE_JOB","data":{"job_id":"051425!98","alloc":"52-55"}}]}'
Received '{"now":21.277141,"events":[{"timestamp":21.277141,"type":"JOB_COMPLETED","data":{"job_id":"051425!89","job_state":"COMPLETED_SUCCESSFULLY","return_code":0,"kill_reason":"","alloc":"56-59"}}]}'
Sending '{"now":21.277141,"events":[{"timestamp":21.277141,"type":"EXECUTE_JOB","data":{"job_id":"051425!99","alloc":"56-59"}}]}'
Received '{"now":21.332575,"events":[{"timestamp":21.332575,"type":"JOB_SUBMITTED","data":{"job_id":"051425!156","job":{"id":"051425!156","profile":"FT.S.4","res":4,"subtime":21.324769,"walltime":4200}}}]}'
Sending '{"now":21.332575,"events":[]}'
Received '{"now":21.429907,"events":[{"timestamp":21.429907,"type":"JOB_SUBMITTED","data":{"job_id":"051425!157","job":{"id":"051425!157","profile":"SP.S.16","res":16,"subtime":21.422108,"walltime":4200}}}]}'
Sending '{"now":21.429907,"events":[]}'
Received '{"now":21.468093,"events":[{"timestamp":21.468093,"type":"JOB_SUBMITTED","data":{"job_id":"051425!158","job":{"id":"051425!158","profile":"IS.S.16","res":16,"subtime":21.460296,"walltime":4200}}}]}'
Sending '{"now":21.468093,"events":[]}'
Received '{"now":21.589571,"events":[{"timestamp":21.589571,"type":"JOB_SUBMITTED","data":{"job_id":"051425!159","job":{"id":"051425!159","profile":"FT.S.4","res":4,"subtime":21.581765,"walltime":4200}}}]}'
Sending '{"now":21.589571,"events":[]}'
Received '{"now":21.647186,"events":[{"timestamp":21.647186,"type":"JOB_COMPLETED","data":{"job_id":"051425!95","job_state":"COMPLETED_SUCCESSFULLY","return_code":0,"kill_reason":"","alloc":"48-51"}}]}'
Sending '{"now":21.647186,"events":[{"timestamp":21.647186,"type":"EXECUTE_JOB","data":{"job_id":"051425!104","alloc":"48-51"}}]}'
Received '{"now":21.686136,"events":[{"timestamp":21.686136,"type":"JOB_COMPLETED","data":{"job_id":"051425!98","job_state":"COMPLETED_SUCCESSFULLY","return_code":0,"kill_reason":"","alloc":"52-55"}}]}'
Sending '{"now":21.686136,"events":[{"timestamp":21.686136,"type":"EXECUTE_JOB","data":{"job_id":"051425!105","alloc":"52-55"}}]}'
Received '{"now":21.816880,"events":[{"timestamp":21.816880,"type":"JOB_COMPLETED","data":{"job_id":"051425!105","job_state":"COMPLETED_SUCCESSFULLY","return_code":0,"kill_reason":"","alloc":"52-55"}}]}'
Sending '{"now":21.81688,"events":[{"timestamp":21.81688,"type":"EXECUTE_JOB","data":{"job_id":"051425!106","alloc":"52-55"}}]}'
Received '{"now":21.947562,"events":[{"timestamp":21.947562,"type":"JOB_COMPLETED","data":{"job_id":"051425!106","job_state":"COMPLETED_SUCCESSFULLY","return_code":0,"kill_reason":"","alloc":"52-55"}}]}'
Sending '{"now":21.947562,"events":[{"timestamp":21.947562,"type":"EXECUTE_JOB","data":{"job_id":"051425!109","alloc":"52-55"}}]}'
Received '{"now":22.018668,"events":[{"timestamp":22.018668,"type":"JOB_SUBMITTED","data":{"job_id":"051425!160","job":{"id":"051425!160","profile":"BT.S.16","res":16,"subtime":22.010870,"walltime":4200}}}]}'
Sending '{"now":22.018668,"events":[]}'
Received '{"now":22.085524,"events":[{"timestamp":22.085524,"type":"JOB_COMPLETED","data":{"job_id":"051425!104","job_state":"COMPLETED_SUCCESSFULLY","return_code":0,"kill_reason":"","alloc":"48-51"}}]}'
Sending '{"now":22.085524,"events":[{"timestamp":22.085524,"type":"EXECUTE_JOB","data":{"job_id":"051425!110","alloc":"48-51"}}]}'
Received '{"now":22.133372,"events":[{"timestamp":22.133372,"type":"JOB_COMPLETED","data":{"job_id":"051425!99","job_state":"COMPLETED_SUCCESSFULLY","return_code":0,"kill_reason":"","alloc":"56-59"}}]}'
Sending '{"now":22.133372,"events":[{"timestamp":22.133372,"type":"EXECUTE_JOB","data":{"job_id":"051425!112","alloc":"56-59"}}]}'
Received '{"now":22.176517,"events":[{"timestamp":22.176517,"type":"JOB_COMPLETED","data":{"job_id":"051425!72","job_state":"COMPLETED_SUCCESSFULLY","return_code":0,"kill_reason":"","alloc":"32-47"}}]}'
Sending '{"now":22.176517,"events":[{"timestamp":22.176517,"type":"EXECUTE_JOB","data":{"job_id":"051425!74","alloc":"32-47"}}]}'
Received '{"now":22.205789,"events":[{"timestamp":22.190177,"type":"JOB_COMPLETED","data":{"job_id":"051425!96","job_state":"COMPLETED_SUCCESSFULLY","return_code":0,"kill_reason":"","alloc":"60-63"}}]}'
Sending '{"now":22.205789,"events":[{"timestamp":22.205789,"type":"EXECUTE_JOB","data":{"job_id":"051425!113","alloc":"60-63"}}]}'
Received '{"now":22.305352,"events":[{"timestamp":22.305352,"type":"JOB_COMPLETED","data":{"job_id":"051425!113","job_state":"COMPLETED_SUCCESSFULLY","return_code":0,"kill_reason":"","alloc":"60-63"}}]}'
Sending '{"now":22.305352,"events":[{"timestamp":22.305352,"type":"EXECUTE_JOB","data":{"job_id":"051425!117","alloc":"60-63"}}]}'
Received '{"now":22.337126,"events":[{"timestamp":22.337126,"type":"JOB_COMPLETED","data":{"job_id":"051425!74","job_state":"COMPLETED_SUCCESSFULLY","return_code":0,"kill_reason":"","alloc":"32-47"}}]}'
Sending '{"now":22.337126,"events":[{"timestamp":22.337126,"type":"EXECUTE_JOB","data":{"job_id":"051425!75","alloc":"32-47"}}]}'
Received '{"now":22.366398,"events":[{"timestamp":22.350786,"type":"JOB_COMPLETED","data":{"job_id":"051425!67","job_state":"COMPLETED_SUCCESSFULLY","return_code":0,"kill_reason":"","alloc":"4-19"}}]}'
Sending '{"now":22.366398,"events":[{"timestamp":22.366398,"type":"EXECUTE_JOB","data":{"job_id":"051425!79","alloc":"4-19"}}]}'
Received '{"now":22.404924,"events":[{"timestamp":22.404924,"type":"JOB_COMPLETED","data":{"job_id":"051425!117","job_state":"COMPLETED_SUCCESSFULLY","return_code":0,"kill_reason":"","alloc":"60-63"}}]}'
Sending '{"now":22.404924,"events":[{"timestamp":22.404924,"type":"EXECUTE_JOB","data":{"job_id":"051425!118","alloc":"60-63"}}]}'
Received '{"now":22.434197,"events":[{"timestamp":22.418585,"type":"JOB_COMPLETED","data":{"job_id":"051425!109","job_state":"COMPLETED_SUCCESSFULLY","return_code":0,"kill_reason":"","alloc":"52-55"}}]}'
Sending '{"now":22.434197,"events":[{"timestamp":22.434197,"type":"EXECUTE_JOB","data":{"job_id":"051425!119","alloc":"52-55"}}]}'
Received '{"now":22.552750,"events":[{"timestamp":22.552750,"type":"JOB_COMPLETED","data":{"job_id":"051425!110","job_state":"COMPLETED_SUCCESSFULLY","return_code":0,"kill_reason":"","alloc":"48-51"}}]}'
Sending '{"now":22.55275,"events":[{"timestamp":22.55275,"type":"EXECUTE_JOB","data":{"job_id":"051425!122","alloc":"48-51"}}]}'
Received '{"now":22.595673,"events":[{"timestamp":22.566411,"type":"JOB_COMPLETED","data":{"job_id":"051425!119","job_state":"COMPLETED_SUCCESSFULLY","return_code":0,"kill_reason":"","alloc":"52-55"}},{"timestamp":22.587874,"type":"JOB_COMPLETED","data":{"job_id":"051425!112","job_state":"COMPLETED_SUCCESSFULLY","return_code":0,"kill_reason":"","alloc":"56-59"}}]}'
Sending '{"now":22.595673,"events":[{"timestamp":22.595673,"type":"EXECUTE_JOB","data":{"job_id":"051425!125","alloc":"52-55"}},{"timestamp":22.595673,"type":"EXECUTE_JOB","data":{"job_id":"051425!126","alloc":"56-59"}}]}'
Received '{"now":22.632743,"events":[{"timestamp":22.617139,"type":"JOB_COMPLETED","data":{"job_id":"051425!75","job_state":"COMPLETED_SUCCESSFULLY","return_code":0,"kill_reason":"","alloc":"32-47"}}]}'
Sending '{"now":22.632743,"events":[{"timestamp":22.632743,"type":"EXECUTE_JOB","data":{"job_id":"051425!81","alloc":"32-47"}}]}'
Received '{"now":22.701106,"events":[{"timestamp":22.701106,"type":"JOB_COMPLETED","data":{"job_id":"051425!79","job_state":"COMPLETED_SUCCESSFULLY","return_code":0,"kill_reason":"","alloc":"4-19"}}]}'
Sending '{"now":22.701106,"events":[{"timestamp":22.701106,"type":"EXECUTE_JOB","data":{"job_id":"051425!82","alloc":"4-19"}}]}'
Received '{"now":22.747809,"events":[{"timestamp":22.747809,"type":"JOB_COMPLETED","data":{"job_id":"051425!126","job_state":"COMPLETED_SUCCESSFULLY","return_code":0,"kill_reason":"","alloc":"56-59"}}]}'
Sending '{"now":22.747809,"events":[{"timestamp":22.747809,"type":"EXECUTE_JOB","data":{"job_id":"051425!127","alloc":"56-59"}}]}'
Received '{"now":22.878502,"events":[{"timestamp":22.878502,"type":"JOB_COMPLETED","data":{"job_id":"051425!127","job_state":"COMPLETED_SUCCESSFULLY","return_code":0,"kill_reason":"","alloc":"56-59"}}]}'
Sending '{"now":22.878502,"events":[{"timestamp":22.878502,"type":"EXECUTE_JOB","data":{"job_id":"051425!128","alloc":"56-59"}}]}'
Received '{"now":23.004457,"events":[{"timestamp":23.004457,"type":"JOB_COMPLETED","data":{"job_id":"051425!122","job_state":"COMPLETED_SUCCESSFULLY","return_code":0,"kill_reason":"","alloc":"48-51"}}]}'
Sending '{"now":23.004457,"events":[{"timestamp":23.004457,"type":"EXECUTE_JOB","data":{"job_id":"051425!129","alloc":"48-51"}}]}'
Received '{"now":23.103956,"events":[{"timestamp":23.103956,"type":"JOB_COMPLETED","data":{"job_id":"051425!129","job_state":"COMPLETED_SUCCESSFULLY","return_code":0,"kill_reason":"","alloc":"48-51"}}]}'
Sending '{"now":23.103956,"events":[{"timestamp":23.103956,"type":"EXECUTE_JOB","data":{"job_id":"051425!130","alloc":"48-51"}}]}'
Received '{"now":23.234632,"events":[{"timestamp":23.234632,"type":"JOB_COMPLETED","data":{"job_id":"051425!130","job_state":"COMPLETED_SUCCESSFULLY","return_code":0,"kill_reason":"","alloc":"48-51"}}]}'
Sending '{"now":23.234632,"events":[{"timestamp":23.234632,"type":"EXECUTE_JOB","data":{"job_id":"051425!132","alloc":"48-51"}}]}'
Received '{"now":23.375689,"events":[{"timestamp":23.375689,"type":"JOB_COMPLETED","data":{"job_id":"051425!73","job_state":"COMPLETED_SUCCESSFULLY","return_code":0,"kill_reason":"","alloc":"0-3 20-31"}}]}'
Sending '{"now":23.375689,"events":[{"timestamp":23.375689,"type":"EXECUTE_JOB","data":{"job_id":"051425!83","alloc":"0-3 20-31"}}]}'
Received '{"now":23.537310,"events":[{"timestamp":23.537310,"type":"JOB_COMPLETED","data":{"job_id":"051425!118","job_state":"COMPLETED_SUCCESSFULLY","return_code":0,"kill_reason":"","alloc":"60-63"}}]}'
Sending '{"now":23.53731,"events":[{"timestamp":23.53731,"type":"EXECUTE_JOB","data":{"job_id":"051425!134","alloc":"60-63"}}]}'
Received '{"now":23.672901,"events":[{"timestamp":23.672901,"type":"JOB_COMPLETED","data":{"job_id":"051425!132","job_state":"COMPLETED_SUCCESSFULLY","return_code":0,"kill_reason":"","alloc":"48-51"}}]}'
Sending '{"now":23.672901,"events":[{"timestamp":23.672901,"type":"EXECUTE_JOB","data":{"job_id":"051425!135","alloc":"48-51"}}]}'
Received '{"now":23.714574,"events":[{"timestamp":23.714574,"type":"JOB_COMPLETED","data":{"job_id":"051425!125","job_state":"COMPLETED_SUCCESSFULLY","return_code":0,"kill_reason":"","alloc":"52-55"}}]}'
Sending '{"now":23.714574,"events":[{"timestamp":23.714574,"type":"EXECUTE_JOB","data":{"job_id":"051425!136","alloc":"52-55"}}]}'
Received '{"now":23.743843,"events":[{"timestamp":23.736046,"type":"JOB_COMPLETED","data":{"job_id":"051425!128","job_state":"COMPLETED_SUCCESSFULLY","return_code":0,"kill_reason":"","alloc":"56-59"}}]}'
Sending '{"now":23.743843,"events":[{"timestamp":23.743843,"type":"EXECUTE_JOB","data":{"job_id":"051425!138","alloc":"56-59"}}]}'
Received '{"now":24.140049,"events":[{"timestamp":24.140049,"type":"JOB_COMPLETED","data":{"job_id":"051425!135","job_state":"COMPLETED_SUCCESSFULLY","return_code":0,"kill_reason":"","alloc":"48-51"}}]}'
Sending '{"now":24.140049,"events":[{"timestamp":24.140049,"type":"EXECUTE_JOB","data":{"job_id":"051425!143","alloc":"48-51"}}]}'
Received '{"now":24.169321,"events":[{"timestamp":24.153709,"type":"JOB_COMPLETED","data":{"job_id":"051425!136","job_state":"COMPLETED_SUCCESSFULLY","return_code":0,"kill_reason":"","alloc":"52-55"}}]}'
Sending '{"now":24.169321,"events":[{"timestamp":24.169321,"type":"EXECUTE_JOB","data":{"job_id":"051425!145","alloc":"52-55"}}]}'
Received '{"now":24.607526,"events":[{"timestamp":24.607526,"type":"JOB_COMPLETED","data":{"job_id":"051425!145","job_state":"COMPLETED_SUCCESSFULLY","return_code":0,"kill_reason":"","alloc":"52-55"}}]}'
Sending '{"now":24.607526,"events":[{"timestamp":24.607526,"type":"EXECUTE_JOB","data":{"job_id":"051425!146","alloc":"52-55"}}]}'
Received '{"now":24.636782,"events":[{"timestamp":24.621177,"type":"JOB_COMPLETED","data":{"job_id":"051425!143","job_state":"COMPLETED_SUCCESSFULLY","return_code":0,"kill_reason":"","alloc":"48-51"}}]}'
Sending '{"now":24.636782,"events":[{"timestamp":24.636782,"type":"EXECUTE_JOB","data":{"job_id":"051425!150","alloc":"48-51"}}]}'
Received '{"now":24.666052,"events":[{"timestamp":24.658249,"type":"JOB_COMPLETED","data":{"job_id":"051425!134","job_state":"COMPLETED_SUCCESSFULLY","return_code":0,"kill_reason":"","alloc":"60-63"}}]}'
Sending '{"now":24.666052,"events":[{"timestamp":24.666052,"type":"EXECUTE_JOB","data":{"job_id":"051425!151","alloc":"60-63"}}]}'
Received '{"now":25.002919,"events":[{"timestamp":25.002919,"type":"JOB_COMPLETED","data":{"job_id":"051425!81","job_state":"COMPLETED_SUCCESSFULLY","return_code":0,"kill_reason":"","alloc":"32-47"}}]}'
Sending '{"now":25.002919,"events":[{"timestamp":25.002919,"type":"EXECUTE_JOB","data":{"job_id":"051425!85","alloc":"32-47"}}]}'
Received '{"now":25.059445,"events":[{"timestamp":25.059445,"type":"JOB_COMPLETED","data":{"job_id":"051425!146","job_state":"COMPLETED_SUCCESSFULLY","return_code":0,"kill_reason":"","alloc":"52-55"}}]}'
Sending '{"now":25.059445,"events":[{"timestamp":25.059445,"type":"EXECUTE_JOB","data":{"job_id":"051425!154","alloc":"52-55"}}]}'
Received '{"now":25.159050,"events":[{"timestamp":25.159050,"type":"JOB_COMPLETED","data":{"job_id":"051425!154","job_state":"COMPLETED_SUCCESSFULLY","return_code":0,"kill_reason":"","alloc":"52-55"}}]}'
Sending '{"now":25.15905,"events":[{"timestamp":25.15905,"type":"EXECUTE_JOB","data":{"job_id":"051425!156","alloc":"52-55"}}]}'
Received '{"now":25.289777,"events":[{"timestamp":25.289777,"type":"JOB_COMPLETED","data":{"job_id":"051425!156","job_state":"COMPLETED_SUCCESSFULLY","return_code":0,"kill_reason":"","alloc":"52-55"}}]}'
Sending '{"now":25.289777,"events":[{"timestamp":25.289777,"type":"EXECUTE_JOB","data":{"job_id":"051425!159","alloc":"52-55"}}]}'
Received '{"now":25.420496,"events":[{"timestamp":25.420496,"type":"JOB_COMPLETED","data":{"job_id":"051425!159","job_state":"COMPLETED_SUCCESSFULLY","return_code":0,"kill_reason":"","alloc":"52-55"}}]}'
Sending '{"now":25.420496,"events":[]}'
Received '{"now":25.487399,"events":[{"timestamp":25.487399,"type":"JOB_COMPLETED","data":{"job_id":"051425!150","job_state":"COMPLETED_SUCCESSFULLY","return_code":0,"kill_reason":"","alloc":"48-51"}}]}'
Sending '{"now":25.487399,"events":[]}'
Received '{"now":25.785447,"events":[{"timestamp":25.785447,"type":"JOB_COMPLETED","data":{"job_id":"051425!151","job_state":"COMPLETED_SUCCESSFULLY","return_code":0,"kill_reason":"","alloc":"60-63"}}]}'
Sending '{"now":25.785447,"events":[]}'
Received '{"now":25.841240,"events":[{"timestamp":25.841240,"type":"JOB_COMPLETED","data":{"job_id":"051425!82","job_state":"COMPLETED_SUCCESSFULLY","return_code":0,"kill_reason":"","alloc":"4-19"}}]}'
Sending '{"now":25.84124,"events":[{"timestamp":25.84124,"type":"EXECUTE_JOB","data":{"job_id":"051425!86","alloc":"4-19"}}]}'
Received '{"now":26.149891,"events":[{"timestamp":26.149891,"type":"JOB_COMPLETED","data":{"job_id":"051425!138","job_state":"COMPLETED_SUCCESSFULLY","return_code":0,"kill_reason":"","alloc":"56-59"}}]}'
Sending '{"now":26.149891,"events":[{"timestamp":26.149891,"type":"EXECUTE_JOB","data":{"job_id":"051425!88","alloc":"48-63"}}]}'
Received '{"now":26.179164,"events":[{"timestamp":26.179164,"type":"JOB_COMPLETED","data":{"job_id":"051425!86","job_state":"COMPLETED_SUCCESSFULLY","return_code":0,"kill_reason":"","alloc":"4-19"}}]}'
Sending '{"now":26.179164,"events":[{"timestamp":26.179164,"type":"EXECUTE_JOB","data":{"job_id":"051425!91","alloc":"4-19"}}]}'
Received '{"now":27.228766,"events":[{"timestamp":27.228766,"type":"JOB_COMPLETED","data":{"job_id":"051425!83","job_state":"COMPLETED_SUCCESSFULLY","return_code":0,"kill_reason":"","alloc":"0-3 20-31"}}]}'
Sending '{"now":27.228766,"events":[{"timestamp":27.228766,"type":"EXECUTE_JOB","data":{"job_id":"051425!92","alloc":"0-3 20-31"}}]}'
Received '{"now":28.105116,"events":[{"timestamp":28.105116,"type":"JOB_COMPLETED","data":{"job_id":"051425!88","job_state":"COMPLETED_SUCCESSFULLY","return_code":0,"kill_reason":"","alloc":"48-63"}}]}'
Sending '{"now":28.105116,"events":[{"timestamp":28.105116,"type":"EXECUTE_JOB","data":{"job_id":"051425!93","alloc":"48-63"}}]}'
Received '{"now":28.583806,"events":[{"timestamp":28.583806,"type":"JOB_COMPLETED","data":{"job_id":"051425!85","job_state":"COMPLETED_SUCCESSFULLY","return_code":0,"kill_reason":"","alloc":"32-47"}}]}'
Sending '{"now":28.583806,"events":[{"timestamp":28.583806,"type":"EXECUTE_JOB","data":{"job_id":"051425!97","alloc":"32-47"}}]}'
Received '{"now":28.890479,"events":[{"timestamp":28.890479,"type":"JOB_COMPLETED","data":{"job_id":"051425!92","job_state":"COMPLETED_SUCCESSFULLY","return_code":0,"kill_reason":"","alloc":"0-3 20-31"}}]}'
Sending '{"now":28.890479,"events":[{"timestamp":28.890479,"type":"EXECUTE_JOB","data":{"job_id":"051425!100","alloc":"0-3 20-31"}}]}'
Received '{"now":29.235965,"events":[{"timestamp":29.235965,"type":"JOB_COMPLETED","data":{"job_id":"051425!93","job_state":"COMPLETED_SUCCESSFULLY","return_code":0,"kill_reason":"","alloc":"48-63"}}]}'
Sending '{"now":29.235965,"events":[{"timestamp":29.235965,"type":"EXECUTE_JOB","data":{"job_id":"051425!101","alloc":"48-63"}}]}'
Received '{"now":29.714707,"events":[{"timestamp":29.714707,"type":"JOB_COMPLETED","data":{"job_id":"051425!97","job_state":"COMPLETED_SUCCESSFULLY","return_code":0,"kill_reason":"","alloc":"32-47"}}]}'
Sending '{"now":29.714707,"events":[{"timestamp":29.714707,"type":"EXECUTE_JOB","data":{"job_id":"051425!102","alloc":"32-47"}}]}'
Received '{"now":29.983101,"events":[{"timestamp":29.983101,"type":"JOB_COMPLETED","data":{"job_id":"051425!101","job_state":"COMPLETED_SUCCESSFULLY","return_code":0,"kill_reason":"","alloc":"48-63"}}]}'
Sending '{"now":29.983101,"events":[{"timestamp":29.983101,"type":"EXECUTE_JOB","data":{"job_id":"051425!103","alloc":"48-63"}}]}'
Received '{"now":30.032244,"events":[{"timestamp":30.032244,"type":"JOB_COMPLETED","data":{"job_id":"051425!91","job_state":"COMPLETED_SUCCESSFULLY","return_code":0,"kill_reason":"","alloc":"4-19"}}]}'
Sending '{"now":30.032244,"events":[{"timestamp":30.032244,"type":"EXECUTE_JOB","data":{"job_id":"051425!107","alloc":"4-19"}}]}'
Received '{"now":31.115275,"events":[{"timestamp":31.115275,"type":"JOB_COMPLETED","data":{"job_id":"051425!103","job_state":"COMPLETED_SUCCESSFULLY","return_code":0,"kill_reason":"","alloc":"48-63"}}]}'
Sending '{"now":31.115275,"events":[{"timestamp":31.115275,"type":"EXECUTE_JOB","data":{"job_id":"051425!108","alloc":"48-63"}}]}'
Received '{"now":31.262423,"events":[{"timestamp":31.262423,"type":"JOB_COMPLETED","data":{"job_id":"051425!108","job_state":"COMPLETED_SUCCESSFULLY","return_code":0,"kill_reason":"","alloc":"48-63"}}]}'
Sending '{"now":31.262423,"events":[{"timestamp":31.262423,"type":"EXECUTE_JOB","data":{"job_id":"051425!111","alloc":"48-63"}}]}'
Received '{"now":31.525262,"events":[{"timestamp":31.525262,"type":"JOB_COMPLETED","data":{"job_id":"051425!111","job_state":"COMPLETED_SUCCESSFULLY","return_code":0,"kill_reason":"","alloc":"48-63"}}]}'
Sending '{"now":31.525262,"events":[{"timestamp":31.525262,"type":"EXECUTE_JOB","data":{"job_id":"051425!114","alloc":"48-63"}}]}'
Received '{"now":31.753830,"events":[{"timestamp":31.753830,"type":"JOB_COMPLETED","data":{"job_id":"051425!102","job_state":"COMPLETED_SUCCESSFULLY","return_code":0,"kill_reason":"","alloc":"32-47"}}]}'
Sending '{"now":31.75383,"events":[{"timestamp":31.75383,"type":"EXECUTE_JOB","data":{"job_id":"051425!115","alloc":"32-47"}}]}'
Received '{"now":31.880574,"events":[{"timestamp":31.880574,"type":"JOB_COMPLETED","data":{"job_id":"051425!100","job_state":"COMPLETED_SUCCESSFULLY","return_code":0,"kill_reason":"","alloc":"0-3 20-31"}}]}'
Sending '{"now":31.880574,"events":[{"timestamp":31.880574,"type":"EXECUTE_JOB","data":{"job_id":"051425!116","alloc":"0-3 20-31"}}]}'
Received '{"now":32.950786,"events":[{"timestamp":32.950786,"type":"JOB_COMPLETED","data":{"job_id":"051425!107","job_state":"COMPLETED_SUCCESSFULLY","return_code":0,"kill_reason":"","alloc":"4-19"}}]}'
Sending '{"now":32.950786,"events":[{"timestamp":32.950786,"type":"EXECUTE_JOB","data":{"job_id":"051425!120","alloc":"4-19"}}]}'
Received '{"now":33.126139,"events":[{"timestamp":33.126139,"type":"JOB_COMPLETED","data":{"job_id":"051425!120","job_state":"COMPLETED_SUCCESSFULLY","return_code":0,"kill_reason":"","alloc":"4-19"}}]}'
Sending '{"now":33.126139,"events":[{"timestamp":33.126139,"type":"EXECUTE_JOB","data":{"job_id":"051425!121","alloc":"4-19"}}]}'
Received '{"now":33.460967,"events":[{"timestamp":33.460967,"type":"JOB_COMPLETED","data":{"job_id":"051425!121","job_state":"COMPLETED_SUCCESSFULLY","return_code":0,"kill_reason":"","alloc":"4-19"}}]}'
Sending '{"now":33.460967,"events":[{"timestamp":33.460967,"type":"EXECUTE_JOB","data":{"job_id":"051425!123","alloc":"4-19"}}]}'
Received '{"now":33.490240,"events":[{"timestamp":33.490240,"type":"JOB_COMPLETED","data":{"job_id":"051425!114","job_state":"COMPLETED_SUCCESSFULLY","return_code":0,"kill_reason":"","alloc":"48-63"}}]}'
Sending '{"now":33.49024,"events":[{"timestamp":33.49024,"type":"EXECUTE_JOB","data":{"job_id":"051425!124","alloc":"48-63"}}]}'
Received '{"now":33.792743,"events":[{"timestamp":33.792743,"type":"JOB_COMPLETED","data":{"job_id":"051425!115","job_state":"COMPLETED_SUCCESSFULLY","return_code":0,"kill_reason":"","alloc":"32-47"}}]}'
Sending '{"now":33.792743,"events":[{"timestamp":33.792743,"type":"EXECUTE_JOB","data":{"job_id":"051425!131","alloc":"32-47"}}]}'
Received '{"now":35.734236,"events":[{"timestamp":35.734236,"type":"JOB_COMPLETED","data":{"job_id":"051425!116","job_state":"COMPLETED_SUCCESSFULLY","return_code":0,"kill_reason":"","alloc":"0-3 20-31"}}]}'
Sending '{"now":35.734236,"events":[{"timestamp":35.734236,"type":"EXECUTE_JOB","data":{"job_id":"051425!133","alloc":"0-3 20-31"}}]}'
Received '{"now":36.644291,"events":[{"timestamp":36.644291,"type":"JOB_COMPLETED","data":{"job_id":"051425!123","job_state":"COMPLETED_SUCCESSFULLY","return_code":0,"kill_reason":"","alloc":"4-19"}}]}'
Sending '{"now":36.644291,"events":[{"timestamp":36.644291,"type":"EXECUTE_JOB","data":{"job_id":"051425!137","alloc":"4-19"}}]}'
Received '{"now":37.070616,"events":[{"timestamp":37.070616,"type":"JOB_COMPLETED","data":{"job_id":"051425!124","job_state":"COMPLETED_SUCCESSFULLY","return_code":0,"kill_reason":"","alloc":"48-63"}}]}'
Sending '{"now":37.070616,"events":[{"timestamp":37.070616,"type":"EXECUTE_JOB","data":{"job_id":"051425!139","alloc":"48-63"}}]}'
Received '{"now":37.373163,"events":[{"timestamp":37.373163,"type":"JOB_COMPLETED","data":{"job_id":"051425!131","job_state":"COMPLETED_SUCCESSFULLY","return_code":0,"kill_reason":"","alloc":"32-47"}}]}'
Sending '{"now":37.373163,"events":[{"timestamp":37.373163,"type":"EXECUTE_JOB","data":{"job_id":"051425!140","alloc":"32-47"}}]}'
Received '{"now":37.558027,"events":[{"timestamp":37.558027,"type":"JOB_COMPLETED","data":{"job_id":"051425!137","job_state":"COMPLETED_SUCCESSFULLY","return_code":0,"kill_reason":"","alloc":"4-19"}}]}'
Sending '{"now":37.558027,"events":[{"timestamp":37.558027,"type":"EXECUTE_JOB","data":{"job_id":"051425!141","alloc":"4-19"}}]}'
Received '{"now":37.817699,"events":[{"timestamp":37.817699,"type":"JOB_COMPLETED","data":{"job_id":"051425!139","job_state":"COMPLETED_SUCCESSFULLY","return_code":0,"kill_reason":"","alloc":"48-63"}}]}'
Sending '{"now":37.817699,"events":[{"timestamp":37.817699,"type":"EXECUTE_JOB","data":{"job_id":"051425!142","alloc":"48-63"}}]}'
Received '{"now":37.964847,"events":[{"timestamp":37.964847,"type":"JOB_COMPLETED","data":{"job_id":"051425!142","job_state":"COMPLETED_SUCCESSFULLY","return_code":0,"kill_reason":"","alloc":"48-63"}}]}'
Sending '{"now":37.964847,"events":[{"timestamp":37.964847,"type":"EXECUTE_JOB","data":{"job_id":"051425!144","alloc":"48-63"}}]}'
Received '{"now":38.227666,"events":[{"timestamp":38.227666,"type":"JOB_COMPLETED","data":{"job_id":"051425!144","job_state":"COMPLETED_SUCCESSFULLY","return_code":0,"kill_reason":"","alloc":"48-63"}}]}'
Sending '{"now":38.227666,"events":[{"timestamp":38.227666,"type":"EXECUTE_JOB","data":{"job_id":"051425!147","alloc":"48-63"}}]}'
Received '{"now":38.471633,"events":[{"timestamp":38.471633,"type":"JOB_COMPLETED","data":{"job_id":"051425!141","job_state":"COMPLETED_SUCCESSFULLY","return_code":0,"kill_reason":"","alloc":"4-19"}}]}'
Sending '{"now":38.471633,"events":[{"timestamp":38.471633,"type":"EXECUTE_JOB","data":{"job_id":"051425!148","alloc":"4-19"}}]}'
Received '{"now":38.500906,"events":[{"timestamp":38.493100,"type":"JOB_COMPLETED","data":{"job_id":"051425!147","job_state":"COMPLETED_SUCCESSFULLY","return_code":0,"kill_reason":"","alloc":"48-63"}}]}'
Sending '{"now":38.500906,"events":[{"timestamp":38.500906,"type":"EXECUTE_JOB","data":{"job_id":"051425!149","alloc":"48-63"}}]}'
Received '{"now":38.530178,"events":[{"timestamp":38.514566,"type":"JOB_COMPLETED","data":{"job_id":"051425!140","job_state":"COMPLETED_SUCCESSFULLY","return_code":0,"kill_reason":"","alloc":"32-47"}}]}'
Sending '{"now":38.530178,"events":[{"timestamp":38.530178,"type":"EXECUTE_JOB","data":{"job_id":"051425!152","alloc":"32-47"}}]}'
Received '{"now":38.723896,"events":[{"timestamp":38.723896,"type":"JOB_COMPLETED","data":{"job_id":"051425!133","job_state":"COMPLETED_SUCCESSFULLY","return_code":0,"kill_reason":"","alloc":"0-3 20-31"}}]}'
Sending '{"now":38.723896,"events":[{"timestamp":38.723896,"type":"EXECUTE_JOB","data":{"job_id":"051425!153","alloc":"0-3 20-31"}}]}'
Received '{"now":39.660791,"events":[{"timestamp":39.660791,"type":"JOB_COMPLETED","data":{"job_id":"051425!152","job_state":"COMPLETED_SUCCESSFULLY","return_code":0,"kill_reason":"","alloc":"32-47"}}]}'
Sending '{"now":39.660791,"events":[{"timestamp":39.660791,"type":"EXECUTE_JOB","data":{"job_id":"051425!155","alloc":"32-47"}}]}'
Received '{"now":40.407350,"events":[{"timestamp":40.407350,"type":"JOB_COMPLETED","data":{"job_id":"051425!155","job_state":"COMPLETED_SUCCESSFULLY","return_code":0,"kill_reason":"","alloc":"32-47"}}]}'
Sending '{"now":40.40735,"events":[{"timestamp":40.40735,"type":"EXECUTE_JOB","data":{"job_id":"051425!157","alloc":"32-47"}}]}'
Received '{"now":40.712249,"events":[{"timestamp":40.712249,"type":"JOB_COMPLETED","data":{"job_id":"051425!149","job_state":"COMPLETED_SUCCESSFULLY","return_code":0,"kill_reason":"","alloc":"48-63"}}]}'
Sending '{"now":40.712249,"events":[{"timestamp":40.712249,"type":"EXECUTE_JOB","data":{"job_id":"051425!158","alloc":"48-63"}}]}'
Received '{"now":40.859207,"events":[{"timestamp":40.859207,"type":"JOB_COMPLETED","data":{"job_id":"051425!158","job_state":"COMPLETED_SUCCESSFULLY","return_code":0,"kill_reason":"","alloc":"48-63"}}]}'
Sending '{"now":40.859207,"events":[{"timestamp":40.859207,"type":"EXECUTE_JOB","data":{"job_id":"051425!160","alloc":"48-63"}}]}'
Received '{"now":41.877440,"events":[{"timestamp":41.877440,"type":"JOB_COMPLETED","data":{"job_id":"051425!153","job_state":"COMPLETED_SUCCESSFULLY","return_code":0,"kill_reason":"","alloc":"0-3 20-31"}}]}'
Sending '{"now":41.87744,"events":[]}'
Received '{"now":41.989191,"events":[{"timestamp":41.989191,"type":"JOB_COMPLETED","data":{"job_id":"051425!160","job_state":"COMPLETED_SUCCESSFULLY","return_code":0,"kill_reason":"","alloc":"48-63"}}]}'
Sending '{"now":41.989191,"events":[]}'
Received '{"now":42.323185,"events":[{"timestamp":42.323185,"type":"JOB_COMPLETED","data":{"job_id":"051425!148","job_state":"COMPLETED_SUCCESSFULLY","return_code":0,"kill_reason":"","alloc":"4-19"}}]}'
Sending '{"now":42.323185,"events":[]}'
Received '{"now":42.623917,"events":[{"timestamp":42.623917,"type":"JOB_COMPLETED","data":{"job_id":"051425!157","job_state":"COMPLETED_SUCCESSFULLY","return_code":0,"kill_reason":"","alloc":"32-47"}},{"timestamp":42.623917,"type":"SIMULATION_ENDS","data":{}}]}'
Sending '{"now":42.623917,"events":[]}'
