variant_options = '{"custom_mapping": true}'
Received '{"now":0.000000,"events":[{"timestamp":0.000000,"type":"SIMULATION_BEGINS","data":{"nb_resources":64,"allow_time_sharing":false,"config":{"redis":{"enabled":false,"hostname":"127.0.0.1","port":6379,"prefix":"default"},"job_submission":{"forward_profiles":false,"from_scheduler":{"enabled":false,"acknowledge":true}}},"resources_data":[{"id":0,"name":"node-0.simgrid.org","state":"idle","properties":{}},{"id":1,"name":"node-1.simgrid.org","state":"idle","properties":{}},{"id":2,"name":"node-2.simgrid.org","state":"idle","properties":{}},{"id":3,"name":"node-3.simgrid.org","state":"idle","properties":{}},{"id":4,"name":"node-4.simgrid.org","state":"idle","properties":{}},{"id":5,"name":"node-5.simgrid.org","state":"idle","properties":{}},{"id":6,"name":"node-6.simgrid.org","state":"idle","properties":{}},{"id":7,"name":"node-7.simgrid.org","state":"idle","properties":{}},{"id":8,"name":"node-8.simgrid.org","state":"idle","properties":{}},{"id":9,"name":"node-9.simgrid.org","state":"idle","properties":{}},{"id":10,"name":"node-10.simgrid.org","state":"idle","properties":{}},{"id":11,"name":"node-11.simgrid.org","state":"idle","properties":{}},{"id":12,"name":"node-12.simgrid.org","state":"idle","properties":{}},{"id":13,"name":"node-13.simgrid.org","state":"idle","properties":{}},{"id":14,"name":"node-14.simgrid.org","state":"idle","properties":{}},{"id":15,"name":"node-15.simgrid.org","state":"idle","properties":{}},{"id":16,"name":"node-16.simgrid.org","state":"idle","properties":{}},{"id":17,"name":"node-17.simgrid.org","state":"idle","properties":{}},{"id":18,"name":"node-18.simgrid.org","state":"idle","properties":{}},{"id":19,"name":"node-19.simgrid.org","state":"idle","properties":{}},{"id":20,"name":"node-20.simgrid.org","state":"idle","properties":{}},{"id":21,"name":"node-21.simgrid.org","state":"idle","properties":{}},{"id":22,"name":"node-22.simgrid.org","state":"idle","properties":{}},{"id":23,"name":"node-23.simgrid.org","state":"idle","properties":{}},{"id":24,"name":"node-24.simgrid.org","state":"idle","properties":{}},{"id":25,"name":"node-25.simgrid.org","state":"idle","properties":{}},{"id":26,"name":"node-26.simgrid.org","state":"idle","properties":{}},{"id":27,"name":"node-27.simgrid.org","state":"idle","properties":{}},{"id":28,"name":"node-28.simgrid.org","state":"idle","properties":{}},{"id":29,"name":"node-29.simgrid.org","state":"idle","properties":{}},{"id":30,"name":"node-30.simgrid.org","state":"idle","properties":{}},{"id":31,"name":"node-31.simgrid.org","state":"idle","properties":{}},{"id":32,"name":"node-32.simgrid.org","state":"idle","properties":{}},{"id":33,"name":"node-33.simgrid.org","state":"idle","properties":{}},{"id":34,"name":"node-34.simgrid.org","state":"idle","properties":{}},{"id":35,"name":"node-35.simgrid.org","state":"idle","properties":{}},{"id":36,"name":"node-36.simgrid.org","state":"idle","properties":{}},{"id":37,"name":"node-37.simgrid.org","state":"idle","properties":{}},{"id":38,"name":"node-38.simgrid.org","state":"idle","properties":{}},{"id":39,"name":"node-39.simgrid.org","state":"idle","properties":{}},{"id":40,"name":"node-40.simgrid.org","state":"idle","properties":{}},{"id":41,"name":"node-41.simgrid.org","state":"idle","properties":{}},{"id":42,"name":"node-42.simgrid.org","state":"idle","properties":{}},{"id":43,"name":"node-43.simgrid.org","state":"idle","properties":{}},{"id":44,"name":"node-44.simgrid.org","state":"idle","properties":{}},{"id":45,"name":"node-45.simgrid.org","state":"idle","properties":{}},{"id":46,"name":"node-46.simgrid.org","state":"idle","properties":{}},{"id":47,"name":"node-47.simgrid.org","state":"idle","properties":{}},{"id":48,"name":"node-48.simgrid.org","state":"idle","properties":{}},{"id":49,"name":"node-49.simgrid.org","state":"idle","properties":{}},{"id":50,"name":"node-50.simgrid.org","state":"idle","properties":{}},{"id":51,"name":"node-51.simgrid.org","state":"idle","properties":{}},{"id":52,"name":"node-52.simgrid.org","state":"idle","properties":{}},{"id":53,"name":"node-53.simgrid.org","state":"idle","properties":{}},{"id":54,"name":"node-54.simgrid.org","state":"idle","properties":{}},{"id":55,"name":"node-55.simgrid.org","state":"idle","properties":{}},{"id":56,"name":"node-56.simgrid.org","state":"idle","properties":{}},{"id":57,"name":"node-57.simgrid.org","state":"idle","properties":{}},{"id":58,"name":"node-58.simgrid.org","state":"idle","properties":{}},{"id":59,"name":"node-59.simgrid.org","state":"idle","properties":{}},{"id":60,"name":"node-60.simgrid.org","state":"idle","properties":{}},{"id":61,"name":"node-61.simgrid.org","state":"idle","properties":{}},{"id":62,"name":"node-62.simgrid.org","state":"idle","properties":{}},{"id":63,"name":"node-63.simgrid.org","state":"idle","properties":{}}],"workloads":{"06befe":"/github-simgrid/190311/../batsim-v2.0.0/workload_profiles/npb_80_jobs.json"}}}]}'
Sending '{"now":0.0,"events":[]}'
Received '{"now":0.453990,"events":[{"timestamp":0.453990,"type":"JOB_SUBMITTED","data":{"job_id":"06befe!1","job":{"id":"06befe!1","profile":"FT.S.16","res":16,"subtime":0.446184,"walltime":4200}}}]}'
Sending '{"now":0.45399,"events":[{"timestamp":0.45399,"type":"EXECUTE_JOB","data":{"job_id":"06befe!1","alloc":"0-15"}}]}'
Received '{"now":0.716881,"events":[{"timestamp":0.716881,"type":"JOB_COMPLETED","data":{"job_id":"06befe!1","job_state":"COMPLETED_SUCCESSFULLY","return_code":0,"kill_reason":"","alloc":"0-15"}}]}'
Sending '{"now":0.716881,"events":[]}'
Received '{"now":0.837459,"events":[{"timestamp":0.837459,"type":"JOB_SUBMITTED","data":{"job_id":"06befe!2","job":{"id":"06befe!2","profile":"FT.S.4","res":4,"subtime":0.829653,"walltime":4200}}}]}'
Sending '{"now":0.837459,"events":[{"timestamp":0.837459,"type":"EXECUTE_JOB","data":{"job_id":"06befe!2","alloc":"0-3"}}]}'
Received '{"now":0.916616,"events":[{"timestamp":0.916616,"type":"JOB_SUBMITTED","data":{"job_id":"06befe!3","job":{"id":"06befe!3","profile":"IS.S.16","res":16,"subtime":0.908810,"walltime":4200}}}]}'
Sending '{"now":0.916616,"events":[{"timestamp":0.916616,"type":"EXECUTE_JOB","data":{"job_id":"06befe!3","alloc":"4-19"}}]}'
Received '{"now":0.968230,"events":[{"timestamp":0.968230,"type":"JOB_COMPLETED","data":{"job_id":"06befe!2","job_state":"COMPLETED_SUCCESSFULLY","return_code":0,"kill_reason":"","alloc":"0-3"}}]}'
Sending '{"now":0.96823,"events":[]}'
Received '{"now":1.092020,"events":[{"timestamp":1.092020,"type":"JOB_COMPLETED","data":{"job_id":"06befe!3","job_state":"COMPLETED_SUCCESSFULLY","return_code":0,"kill_reason":"","alloc":"4-19"}}]}'
Sending '{"now":1.09202,"events":[]}'
Received '{"now":1.528250,"events":[{"timestamp":1.528250,"type":"JOB_SUBMITTED","data":{"job_id":"06befe!4","job":{"id":"06befe!4","profile":"MG.S.4","res":4,"subtime":1.520444,"walltime":4200}}}]}'
Sending '{"now":1.52825,"events":[{"timestamp":1.52825,"type":"EXECUTE_JOB","data":{"job_id":"06befe!4","alloc":"0-3"}}]}'
Received '{"now":1.551668,"events":[{"timestamp":1.551668,"type":"JOB_SUBMITTED","data":{"job_id":"06befe!5","job":{"id":"06befe!5","profile":"CG.S.16","res":16,"subtime":1.540899,"walltime":4200}}}]}'
Sending '{"now":1.551668,"events":[{"timestamp":1.551668,"type":"EXECUTE_JOB","data":{"job_id":"06befe!5","alloc":"4-19"}}]}'
Received '{"now":1.715838,"events":[{"timestamp":1.715838,"type":"JOB_SUBMITTED","data":{"job_id":"06befe!6","job":{"id":"06befe!6","profile":"SP.S.4","res":4,"subtime":1.708032,"walltime":4200}}}]}'
Sending '{"now":1.715838,"events":[{"timestamp":1.715838,"type":"EXECUTE_JOB","data":{"job_id":"06befe!6","alloc":"20-23"}}]}'
Received '{"now":1.816851,"events":[{"timestamp":1.816851,"type":"JOB_SUBMITTED","data":{"job_id":"06befe!7","job":{"id":"06befe!7","profile":"LU.S.16","res":16,"subtime":1.809045,"walltime":4200}}}]}'
Sending '{"now":1.816851,"events":[{"timestamp":1.816851,"type":"EXECUTE_JOB","data":{"job_id":"06befe!7","alloc":"24-39"}}]}'
Received '{"now":1.966940,"events":[{"timestamp":1.966940,"type":"JOB_COMPLETED","data":{"job_id":"06befe!4","job_state":"COMPLETED_SUCCESSFULLY","return_code":0,"kill_reason":"","alloc":"0-3"}}]}'
Sending '{"now":1.96694,"events":[]}'
Received '{"now":2.025622,"events":[{"timestamp":2.025622,"type":"JOB_SUBMITTED","data":{"job_id":"06befe!8","job":{"id":"06befe!8","profile":"MG.S.16","res":16,"subtime":2.017816,"walltime":4200}}}]}'
Sending '{"now":2.025622,"events":[{"timestamp":2.025622,"type":"EXECUTE_JOB","data":{"job_id":"06befe!8","alloc":"0-3 40-51"}}]}'
Received '{"now":2.056846,"events":[{"timestamp":2.033428,"type":"JOB_SUBMITTED","data":{"job_id":"06befe!9","job":{"id":"06befe!9","profile":"LU.S.16","res":16,"subtime":2.023607,"walltime":4200}}},{"timestamp":2.049040,"type":"JOB_SUBMITTED","data":{"job_id":"06befe!10","job":{"id":"06befe!10","profile":"LU.S.16","res":16,"subtime":2.029625,"walltime":4200}}}]}'
Sending '{"now":2.056846,"events":[]}'
Received '{"now":2.072458,"events":[{"timestamp":2.064652,"type":"JOB_SUBMITTED","data":{"job_id":"06befe!11","job":{"id":"06befe!11","profile":"MG.S.16","res":16,"subtime":2.037358,"walltime":4200}}}]}'
Sending '{"now":2.072458,"events":[]}'
Received '{"now":2.151188,"events":[{"timestamp":2.151188,"type":"JOB_SUBMITTED","data":{"job_id":"06befe!12","job":{"id":"06befe!12","profile":"CG.S.16","res":16,"subtime":2.143382,"walltime":4200}}}]}'
Sending '{"now":2.151188,"events":[]}'
Received '{"now":2.490724,"events":[{"timestamp":2.490724,"type":"JOB_COMPLETED","data":{"job_id":"06befe!6","job_state":"COMPLETED_SUCCESSFULLY","return_code":0,"kill_reason":"","alloc":"20-23"}}]}'
Sending '{"now":2.490724,"events":[{"timestamp":2.490724,"type":"EXECUTE_JOB","data":{"job_id":"06befe!10","alloc":"20-23 52-63"}}]}'
Received '{"now":2.514142,"events":[{"timestamp":2.514142,"type":"JOB_SUBMITTED","data":{"job_id":"06befe!13","job":{"id":"06befe!13","profile":"BT.S.16","res":16,"subtime":2.500680,"walltime":4200}}}]}'
Sending '{"now":2.514142,"events":[]}'
Received '{"now":2.570605,"events":[{"timestamp":2.570605,"type":"JOB_SUBMITTED","data":{"job_id":"06befe!14","job":{"id":"06befe!14","profile":"LU.S.4","res":4,"subtime":2.562799,"walltime":4200}}}]}'
Sending '{"now":2.570605,"events":[]}'
Received '{"now":2.674835,"events":[{"timestamp":2.674835,"type":"JOB_SUBMITTED","data":{"job_id":"06befe!15","job":{"id":"06befe!15","profile":"LU.S.4","res":4,"subtime":2.667029,"walltime":4200}}}]}'
Sending '{"now":2.674835,"events":[]}'
Received '{"now":2.721462,"events":[{"timestamp":2.721462,"type":"JOB_SUBMITTED","data":{"job_id":"06befe!16","job":{"id":"06befe!16","profile":"CG.S.16","res":16,"subtime":2.713656,"walltime":4200}}}]}'
Sending '{"now":2.721462,"events":[]}'
Received '{"now":3.174765,"events":[{"timestamp":3.174765,"type":"JOB_COMPLETED","data":{"job_id":"06befe!8","job_state":"COMPLETED_SUCCESSFULLY","return_code":0,"kill_reason":"","alloc":"0-3 40-51"}}]}'
Sending '{"now":3.174765,"events":[{"timestamp":3.174765,"type":"EXECUTE_JOB","data":{"job_id":"06befe!9","alloc":"0-3 40-51"}}]}'
Received '{"now":3.224574,"events":[{"timestamp":3.224574,"type":"JOB_SUBMITTED","data":{"job_id":"06befe!17","job":{"id":"06befe!17","profile":"MG.S.4","res":4,"subtime":3.216768,"walltime":4200}}}]}'
Sending '{"now":3.224574,"events":[]}'
Received '{"now":3.587896,"events":[{"timestamp":3.587896,"type":"JOB_SUBMITTED","data":{"job_id":"06befe!18","job":{"id":"06befe!18","profile":"LU.S.16","res":16,"subtime":3.580090,"walltime":4200}}}]}'
Sending '{"now":3.587896,"events":[]}'
Received '{"now":3.613215,"events":[{"timestamp":3.613215,"type":"JOB_SUBMITTED","data":{"job_id":"06befe!19","job":{"id":"06befe!19","profile":"CG.S.16","res":16,"subtime":3.605409,"walltime":4200}}}]}'
Sending '{"now":3.613215,"events":[]}'
Received '{"now":3.706719,"events":[{"timestamp":3.706719,"type":"JOB_SUBMITTED","data":{"job_id":"06befe!20","job":{"id":"06befe!20","profile":"BT.S.4","res":4,"subtime":3.698913,"walltime":4200}}}]}'
Sending '{"now":3.706719,"events":[]}'
Received '{"now":3.968474,"events":[{"timestamp":3.968474,"type":"JOB_SUBMITTED","data":{"job_id":"06befe!21","job":{"id":"06befe!21","profile":"MG.S.16","res":16,"subtime":3.960668,"walltime":4200}}}]}'
Sending '{"now":3.968474,"events":[]}'
Received '{"now":3.994817,"events":[{"timestamp":3.994817,"type":"JOB_SUBMITTED","data":{"job_id":"06befe!22","job":{"id":"06befe!22","profile":"BT.S.16","res":16,"subtime":3.987011,"walltime":4200}}}]}'
Sending '{"now":3.994817,"events":[]}'
Received '{"now":4.302910,"events":[{"timestamp":4.302910,"type":"JOB_SUBMITTED","data":{"job_id":"06befe!23","job":{"id":"06befe!23","profile":"LU.S.16","res":16,"subtime":4.295104,"walltime":4200}}}]}'
Sending '{"now":4.30291,"events":[]}'
Received '{"now":4.398541,"events":[{"timestamp":4.398541,"type":"JOB_SUBMITTED","data":{"job_id":"06befe!24","job":{"id":"06befe!24","profile":"LU.S.4","res":4,"subtime":4.390735,"walltime":4200}}}]}'
Sending '{"now":4.398541,"events":[]}'
Received '{"now":4.508849,"events":[{"timestamp":4.508849,"type":"JOB_SUBMITTED","data":{"job_id":"06befe!25","job":{"id":"06befe!25","profile":"MG.S.4","res":4,"subtime":4.501045,"walltime":4200}}}]}'
Sending '{"now":4.508849,"events":[]}'
Received '{"now":4.585259,"events":[{"timestamp":4.585259,"type":"JOB_SUBMITTED","data":{"job_id":"06befe!26","job":{"id":"06befe!26","profile":"BT.S.16","res":16,"subtime":4.577453,"walltime":4200}}}]}'
Sending '{"now":4.585259,"events":[]}'
Received '{"now":4.775244,"events":[{"timestamp":4.775244,"type":"JOB_COMPLETED","data":{"job_id":"06befe!7","job_state":"COMPLETED_SUCCESSFULLY","return_code":0,"kill_reason":"","alloc":"24-39"}}]}'
Sending '{"now":4.775244,"events":[{"timestamp":4.775244,"type":"EXECUTE_JOB","data":{"job_id":"06befe!11","alloc":"24-39"}}]}'
Received '{"now":5.020926,"events":[{"timestamp":5.020926,"type":"JOB_SUBMITTED","data":{"job_id":"06befe!27","job":{"id":"06befe!27","profile":"BT.S.16","res":16,"subtime":5.013120,"walltime":4200}}}]}'
Sending '{"now":5.020926,"events":[]}'
Received '{"now":5.185964,"events":[{"timestamp":5.185964,"type":"JOB_SUBMITTED","data":{"job_id":"06befe!28","job":{"id":"06befe!28","profile":"CG.S.16","res":16,"subtime":5.178158,"walltime":4200}}}]}'
Sending '{"now":5.185964,"events":[]}'
Received '{"now":5.276191,"events":[{"timestamp":5.276191,"type":"JOB_SUBMITTED","data":{"job_id":"06befe!29","job":{"id":"06befe!29","profile":"LU.S.4","res":4,"subtime":5.268385,"walltime":4200}}}]}'
Sending '{"now":5.276191,"events":[]}'
Received '{"now":5.405256,"events":[{"timestamp":5.405256,"type":"JOB_COMPLETED","data":{"job_id":"06befe!5","job_state":"COMPLETED_SUCCESSFULLY","return_code":0,"kill_reason":"","alloc":"4-19"}}]}'
Sending '{"now":5.405256,"events":[{"timestamp":5.405256,"type":"EXECUTE_JOB","data":{"job_id":"06befe!12","alloc":"4-19"}}]}'
Received '{"now":5.490840,"events":[{"timestamp":5.490840,"type":"JOB_COMPLETED","data":{"job_id":"06befe!10","job_state":"COMPLETED_SUCCESSFULLY","return_code":0,"kill_reason":"","alloc":"20-23 52-63"}}]}'
Sending '{"now":5.49084,"events":[{"timestamp":5.49084,"type":"EXECUTE_JOB","data":{"job_id":"06befe!13","alloc":"20-23 52-63"}}]}'
Received '{"now":5.701311,"events":[{"timestamp":5.701311,"type":"JOB_COMPLETED","data":{"job_id":"06befe!11","job_state":"COMPLETED_SUCCESSFULLY","return_code":0,"kill_reason":"","alloc":"24-39"}}]}'
Sending '{"now":5.701311,"events":[{"timestamp":5.701311,"type":"EXECUTE_JOB","data":{"job_id":"06befe!14","alloc":"24-27"}},{"timestamp":5.701311,"type":"EXECUTE_JOB","data":{"job_id":"06befe!15","alloc":"28-31"}}]}'
Received '{"now":5.787496,"events":[{"timestamp":5.787496,"type":"JOB_SUBMITTED","data":{"job_id":"06befe!30","job":{"id":"06befe!30","profile":"SP.S.16","res":16,"subtime":5.779690,"walltime":4200}}}]}'
Sending '{"now":5.787496,"events":[]}'
Received '{"now":5.864253,"events":[{"timestamp":5.864253,"type":"JOB_SUBMITTED","data":{"job_id":"06befe!31","job":{"id":"06befe!31","profile":"FT.S.4","res":4,"subtime":5.856447,"walltime":4200}}}]}'
Sending '{"now":5.864253,"events":[]}'
Received '{"now":6.268217,"events":[{"timestamp":6.268217,"type":"JOB_SUBMITTED","data":{"job_id":"06befe!32","job":{"id":"06befe!32","profile":"LU.S.16","res":16,"subtime":6.260411,"walltime":4200}}}]}'
Sending '{"now":6.268217,"events":[]}'
Received '{"now":6.935749,"events":[{"timestamp":6.935749,"type":"JOB_SUBMITTED","data":{"job_id":"06befe!33","job":{"id":"06befe!33","profile":"FT.S.16","res":16,"subtime":6.927943,"walltime":4200}}}]}'
Sending '{"now":6.935749,"events":[]}'
Received '{"now":7.091935,"events":[{"timestamp":7.091935,"type":"JOB_SUBMITTED","data":{"job_id":"06befe!34","job":{"id":"06befe!34","profile":"MG.S.4","res":4,"subtime":7.084131,"walltime":4200}}}]}'
Sending '{"now":7.091935,"events":[]}'
Received '{"now":7.512700,"events":[{"timestamp":7.512700,"type":"JOB_SUBMITTED","data":{"job_id":"06befe!35","job":{"id":"06befe!35","profile":"LU.S.16","res":16,"subtime":7.504894,"walltime":4200}}}]}'
Sending '{"now":7.5127,"events":[]}'
Received '{"now":7.638836,"events":[{"timestamp":7.638836,"type":"JOB_SUBMITTED","data":{"job_id":"06befe!36","job":{"id":"06befe!36","profile":"IS.S.4","res":4,"subtime":7.631030,"walltime":4200}}}]}'
Sending '{"now":7.638836,"events":[]}'
Received '{"now":7.794794,"events":[{"timestamp":7.794794,"type":"JOB_SUBMITTED","data":{"job_id":"06befe!37","job":{"id":"06befe!37","profile":"LU.S.4","res":4,"subtime":7.786988,"walltime":4200}}}]}'
Sending '{"now":7.7947939999999999,"events":[]}'
Received '{"now":8.108787,"events":[{"timestamp":8.108787,"type":"JOB_COMPLETED","data":{"job_id":"06befe!14","job_state":"COMPLETED_SUCCESSFULLY","return_code":0,"kill_reason":"","alloc":"24-27"}}]}'
Sending '{"now":8.108787,"events":[]}'
Received '{"now":8.130254,"events":[{"timestamp":8.122448,"type":"JOB_COMPLETED","data":{"job_id":"06befe!15","job_state":"COMPLETED_SUCCESSFULLY","return_code":0,"kill_reason":"","alloc":"28-31"}}]}'
Sending '{"now":8.130254,"events":[{"timestamp":8.130254,"type":"EXECUTE_JOB","data":{"job_id":"06befe!16","alloc":"24-39"}}]}'
Received '{"now":8.159526,"events":[{"timestamp":8.143914,"type":"JOB_COMPLETED","data":{"job_id":"06befe!9","job_state":"COMPLETED_SUCCESSFULLY","return_code":0,"kill_reason":"","alloc":"0-3 40-51"}}]}'
Sending '{"now":8.159526,"events":[{"timestamp":8.159526,"type":"EXECUTE_JOB","data":{"job_id":"06befe!17","alloc":"0-3"}},{"timestamp":8.159526,"type":"EXECUTE_JOB","data":{"job_id":"06befe!20","alloc":"40-43"}},{"timestamp":8.159526,"type":"EXECUTE_JOB","data":{"job_id":"06befe!24","alloc":"44-47"}},{"timestamp":8.159526,"type":"EXECUTE_JOB","data":{"job_id":"06befe!25","alloc":"48-51"}}]}'
Received '{"now":8.212217,"events":[{"timestamp":8.188799,"type":"JOB_COMPLETED","data":{"job_id":"06befe!13","job_state":"COMPLETED_SUCCESSFULLY","return_code":0,"kill_reason":"","alloc":"20-23 52-63"}}]}'
Sending '{"now":8.212217,"events":[{"timestamp":8.212217,"type":"EXECUTE_JOB","data":{"job_id":"06befe!18","alloc":"20-23 52-63"}}]}'
Received '{"now":8.436142,"events":[{"timestamp":8.436142,"type":"JOB_SUBMITTED","data":{"job_id":"06befe!38","job":{"id":"06befe!38","profile":"FT.S.16","res":16,"subtime":8.428336,"walltime":4200}}}]}'
Sending '{"now":8.436142,"events":[]}'
Received '{"now":8.574359,"events":[{"timestamp":8.574359,"type":"JOB_SUBMITTED","data":{"job_id":"06befe!39","job":{"id":"06befe!39","profile":"BT.S.16","res":16,"subtime":8.566553,"walltime":4200}}}]}'
Sending '{"now":8.574359,"events":[]}'
Received '{"now":8.598228,"events":[{"timestamp":8.598228,"type":"JOB_COMPLETED","data":{"job_id":"06befe!17","job_state":"COMPLETED_SUCCESSFULLY","return_code":0,"kill_reason":"","alloc":"0-3"}}]}'
Sending '{"now":8.598228,"events":[]}'
Received '{"now":8.635295,"events":[{"timestamp":8.635295,"type":"JOB_COMPLETED","data":{"job_id":"06befe!25","job_state":"COMPLETED_SUCCESSFULLY","return_code":0,"kill_reason":"","alloc":"48-51"}}]}'
Sending '{"now":8.635295,"events":[{"timestamp":8.635295,"type":"EXECUTE_JOB","data":{"job_id":"06befe!29","alloc":"48-51"}}]}'
Received '{"now":8.664568,"events":[{"timestamp":8.648956,"type":"JOB_COMPLETED","data":{"job_id":"06befe!20","job_state":"COMPLETED_SUCCESSFULLY","return_code":0,"kill_reason":"","alloc":"40-43"}}]}'
Sending '{"now":8.664568,"events":[{"timestamp":8.664568,"type":"EXECUTE_JOB","data":{"job_id":"06befe!31","alloc":"40-43"}}]}'
Received '{"now":8.762495,"events":[{"timestamp":8.762495,"type":"JOB_SUBMITTED","data":{"job_id":"06befe!40","job":{"id":"06befe!40","profile":"CG.S.16","res":16,"subtime":8.754689,"walltime":4200}}}]}'
Sending '{"now":8.762495,"events":[]}'
Received '{"now":8.795320,"events":[{"timestamp":8.795320,"type":"JOB_COMPLETED","data":{"job_id":"06befe!31","job_state":"COMPLETED_SUCCESSFULLY","return_code":0,"kill_reason":"","alloc":"40-43"}}]}'
Sending '{"now":8.79532,"events":[{"timestamp":8.79532,"type":"EXECUTE_JOB","data":{"job_id":"06befe!34","alloc":"40-43"}}]}'
Received '{"now":8.818738,"events":[{"timestamp":8.803126,"type":"JOB_SUBMITTED","data":{"job_id":"06befe!41","job":{"id":"06befe!41","profile":"FT.S.16","res":16,"subtime":8.782271,"walltime":4200}}}]}'
Sending '{"now":8.818738,"events":[]}'
Received '{"now":8.948775,"events":[{"timestamp":8.948775,"type":"JOB_SUBMITTED","data":{"job_id":"06befe!42","job":{"id":"06befe!42","profile":"CG.S.4","res":4,"subtime":8.940969,"walltime":4200}}}]}'
Sending '{"now":8.948775,"events":[]}'
Received '{"now":9.147142,"events":[{"timestamp":9.147142,"type":"JOB_SUBMITTED","data":{"job_id":"06befe!43","job":{"id":"06befe!43","profile":"FT.S.4","res":4,"subtime":9.139336,"walltime":4200}}}]}'
Sending '{"now":9.147142,"events":[]}'
Received '{"now":9.241837,"events":[{"timestamp":9.241837,"type":"JOB_COMPLETED","data":{"job_id":"06befe!34","job_state":"COMPLETED_SUCCESSFULLY","return_code":0,"kill_reason":"","alloc":"40-43"}}]}'
Sending '{"now":9.241837,"events":[{"timestamp":9.241837,"type":"EXECUTE_JOB","data":{"job_id":"06befe!36","alloc":"40-43"}}]}'
Received '{"now":9.278916,"events":[{"timestamp":9.263304,"type":"JOB_COMPLETED","data":{"job_id":"06befe!12","job_state":"COMPLETED_SUCCESSFULLY","return_code":0,"kill_reason":"","alloc":"4-19"}},{"timestamp":9.271110,"type":"JOB_SUBMITTED","data":{"job_id":"06befe!44","job":{"id":"06befe!44","profile":"SP.S.16","res":16,"subtime":9.247273,"walltime":4200}}}]}'
Sending '{"now":9.278916,"events":[{"timestamp":9.278916,"type":"EXECUTE_JOB","data":{"job_id":"06befe!19","alloc":"0-15"}}]}'
Received '{"now":9.341522,"events":[{"timestamp":9.341522,"type":"JOB_COMPLETED","data":{"job_id":"06befe!36","job_state":"COMPLETED_SUCCESSFULLY","return_code":0,"kill_reason":"","alloc":"40-43"}}]}'
Sending '{"now":9.341522,"events":[{"timestamp":9.341522,"type":"EXECUTE_JOB","data":{"job_id":"06befe!37","alloc":"40-43"}}]}'
Received '{"now":9.488320,"events":[{"timestamp":9.488320,"type":"JOB_SUBMITTED","data":{"job_id":"06befe!45","job":{"id":"06befe!45","profile":"BT.S.16","res":16,"subtime":9.480514,"walltime":4200}}}]}'
Sending '{"now":9.48832,"events":[]}'
Received '{"now":9.715243,"events":[{"timestamp":9.715243,"type":"JOB_SUBMITTED","data":{"job_id":"06befe!46","job":{"id":"06befe!46","profile":"BT.S.4","res":4,"subtime":9.707437,"walltime":4200}}}]}'
Sending '{"now":9.715243,"events":[]}'
Received '{"now":9.854717,"events":[{"timestamp":9.854717,"type":"JOB_SUBMITTED","data":{"job_id":"06befe!47","job":{"id":"06befe!47","profile":"LU.S.16","res":16,"subtime":9.846911,"walltime":4200}}}]}'
Sending '{"now":9.854717,"events":[]}'
Received '{"now":10.430209,"events":[{"timestamp":10.430209,"type":"JOB_SUBMITTED","data":{"job_id":"06befe!48","job":{"id":"06befe!48","profile":"IS.S.16","res":16,"subtime":10.422403,"walltime":4200}}}]}'
Sending '{"now":10.430209,"events":[]}'
Received '{"now":10.445831,"events":[{"timestamp":10.445831,"type":"JOB_SUBMITTED","data":{"job_id":"06befe!49","job":{"id":"06befe!49","profile":"CG.S.4","res":4,"subtime":10.434943,"walltime":4200}}}]}'
Sending '{"now":10.445831,"events":[]}'
Received '{"now":10.596173,"events":[{"timestamp":10.596173,"type":"JOB_COMPLETED","data":{"job_id":"06befe!24","job_state":"COMPLETED_SUCCESSFULLY","return_code":0,"kill_reason":"","alloc":"44-47"}}]}'
Sending '{"now":10.596173,"events":[{"timestamp":10.596173,"type":"EXECUTE_JOB","data":{"job_id":"06befe!42","alloc":"44-47"}}]}'
Received '{"now":10.951085,"events":[{"timestamp":10.951085,"type":"JOB_SUBMITTED","data":{"job_id":"06befe!50","job":{"id":"06befe!50","profile":"SP.S.4","res":4,"subtime":10.943279,"walltime":4200}}}]}'
Sending '{"now":10.951085,"events":[]}'
Received '{"now":11.056469,"events":[{"timestamp":11.056469,"type":"JOB_COMPLETED","data":{"job_id":"06befe!29","job_state":"COMPLETED_SUCCESSFULLY","return_code":0,"kill_reason":"","alloc":"48-51"}}]}'
Sending '{"now":11.056469,"events":[{"timestamp":11.056469,"type":"EXECUTE_JOB","data":{"job_id":"06befe!43","alloc":"48-51"}}]}'
Received '{"now":11.187230,"events":[{"timestamp":11.187230,"type":"JOB_COMPLETED","data":{"job_id":"06befe!43","job_state":"COMPLETED_SUCCESSFULLY","return_code":0,"kill_reason":"","alloc":"48-51"}}]}'
Sending '{"now":11.18723,"events":[{"timestamp":11.18723,"type":"EXECUTE_JOB","data":{"job_id":"06befe!46","alloc":"48-51"}}]}'
Received '{"now":11.224309,"events":[{"timestamp":11.195036,"type":"JOB_SUBMITTED","data":{"job_id":"06befe!51","job":{"id":"06befe!51","profile":"CG.S.4","res":4,"subtime":11.186610,"walltime":4200}}},{"timestamp":11.216503,"type":"JOB_COMPLETED","data":{"job_id":"06befe!18","job_state":"COMPLETED_SUCCESSFULLY","return_code":0,"kill_reason":"","alloc":"20-23 52-63"}}]}'
Sending '{"now":11.224309,"events":[{"timestamp":11.224309,"type":"EXECUTE_JOB","data":{"job_id":"06befe!21","alloc":"16-23 52-59"}},{"timestamp":11.224309,"type":"EXECUTE_JOB","data":{"job_id":"06befe!49","alloc":"60-63"}}]}'
Received '{"now":11.582821,"events":[{"timestamp":11.582821,"type":"JOB_SUBMITTED","data":{"job_id":"06befe!52","job":{"id":"06befe!52","profile":"LU.S.4","res":4,"subtime":11.575015,"walltime":4200}}}]}'
Sending '{"now":11.582821,"events":[]}'
Received '{"now":11.663205,"events":[{"timestamp":11.663205,"type":"JOB_COMPLETED","data":{"job_id":"06befe!46","job_state":"COMPLETED_SUCCESSFULLY","return_code":0,"kill_reason":"","alloc":"48-51"}}]}'
Sending '{"now":11.663205,"events":[{"timestamp":11.663205,"type":"EXECUTE_JOB","data":{"job_id":"06befe!50","alloc":"48-51"}}]}'
Received '{"now":11.686623,"events":[{"timestamp":11.671011,"type":"JOB_SUBMITTED","data":{"job_id":"06befe!53","job":{"id":"06befe!53","profile":"CG.S.16","res":16,"subtime":11.662081,"walltime":4200}}}]}'
Sending '{"now":11.686623,"events":[]}'
Received '{"now":11.716234,"events":[{"timestamp":11.716234,"type":"JOB_COMPLETED","data":{"job_id":"06befe!42","job_state":"COMPLETED_SUCCESSFULLY","return_code":0,"kill_reason":"","alloc":"44-47"}}]}'
Sending '{"now":11.716234,"events":[{"timestamp":11.716234,"type":"EXECUTE_JOB","data":{"job_id":"06befe!51","alloc":"44-47"}}]}'
Received '{"now":11.739652,"events":[{"timestamp":11.739652,"type":"JOB_SUBMITTED","data":{"job_id":"06befe!54","job":{"id":"06befe!54","profile":"SP.S.4","res":4,"subtime":11.729027,"walltime":4200}}}]}'
Sending '{"now":11.739652,"events":[]}'
Received '{"now":11.761119,"events":[{"timestamp":11.753313,"type":"JOB_COMPLETED","data":{"job_id":"06befe!37","job_state":"COMPLETED_SUCCESSFULLY","return_code":0,"kill_reason":"","alloc":"40-43"}}]}'
Sending '{"now":11.761119,"events":[{"timestamp":11.761119,"type":"EXECUTE_JOB","data":{"job_id":"06befe!52","alloc":"40-43"}}]}'
Received '{"now":11.998535,"events":[{"timestamp":11.998535,"type":"JOB_COMPLETED","data":{"job_id":"06befe!16","job_state":"COMPLETED_SUCCESSFULLY","return_code":0,"kill_reason":"","alloc":"24-39"}}]}'
Sending '{"now":11.998535,"events":[{"timestamp":11.998535,"type":"EXECUTE_JOB","data":{"job_id":"06befe!22","alloc":"24-39"}}]}'
Received '{"now":12.085098,"events":[{"timestamp":12.085098,"type":"JOB_SUBMITTED","data":{"job_id":"06befe!55","job":{"id":"06befe!55","profile":"MG.S.4","res":4,"subtime":12.077292,"walltime":4200}}}]}'
Sending '{"now":12.085098,"events":[]}'
Received '{"now":12.352161,"events":[{"timestamp":12.352161,"type":"JOB_COMPLETED","data":{"job_id":"06befe!49","job_state":"COMPLETED_SUCCESSFULLY","return_code":0,"kill_reason":"","alloc":"60-63"}}]}'
Sending '{"now":12.352161,"events":[{"timestamp":12.352161,"type":"EXECUTE_JOB","data":{"job_id":"06befe!54","alloc":"60-63"}}]}'
Received '{"now":12.381434,"events":[{"timestamp":12.365822,"type":"JOB_COMPLETED","data":{"job_id":"06befe!21","job_state":"COMPLETED_SUCCESSFULLY","return_code":0,"kill_reason":"","alloc":"16-23 52-59"}}]}'
Sending '{"now":12.381434,"events":[{"timestamp":12.381434,"type":"EXECUTE_JOB","data":{"job_id":"06befe!23","alloc":"16-23 52-59"}}]}'
Received '{"now":12.445670,"events":[{"timestamp":12.445670,"type":"JOB_COMPLETED","data":{"job_id":"06befe!50","job_state":"COMPLETED_SUCCESSFULLY","return_code":0,"kill_reason":"","alloc":"48-51"}}]}'
Sending '{"now":12.44567,"events":[{"timestamp":12.44567,"type":"EXECUTE_JOB","data":{"job_id":"06befe!55","alloc":"48-51"}}]}'
Received '{"now":12.607060,"events":[{"timestamp":12.607060,"type":"JOB_SUBMITTED","data":{"job_id":"06befe!56","job":{"id":"06befe!56","profile":"MG.S.4","res":4,"subtime":12.599254,"walltime":4200}}}]}'
Sending '{"now":12.60706,"events":[]}'
Received '{"now":12.685499,"events":[{"timestamp":12.685499,"type":"JOB_SUBMITTED","data":{"job_id":"06befe!57","job":{"id":"06befe!57","profile":"BT.S.16","res":16,"subtime":12.677693,"walltime":4200}}}]}'
Sending '{"now":12.685499,"events":[]}'
Received '{"now":12.799744,"events":[{"timestamp":12.799744,"type":"JOB_SUBMITTED","data":{"job_id":"06befe!58","job":{"id":"06befe!58","profile":"MG.S.4","res":4,"subtime":12.791938,"walltime":4200}}}]}'
Sending '{"now":12.799744,"events":[]}'
Received '{"now":12.836162,"events":[{"timestamp":12.836162,"type":"JOB_COMPLETED","data":{"job_id":"06befe!51","job_state":"COMPLETED_SUCCESSFULLY","return_code":0,"kill_reason":"","alloc":"44-47"}}]}'
Sending '{"now":12.836162,"events":[{"timestamp":12.836162,"type":"EXECUTE_JOB","data":{"job_id":"06befe!56","alloc":"44-47"}}]}'
Received '{"now":12.865435,"events":[{"timestamp":12.865435,"type":"JOB_COMPLETED","data":{"job_id":"06befe!19","job_state":"COMPLETED_SUCCESSFULLY","return_code":0,"kill_reason":"","alloc":"0-15"}}]}'
Sending '{"now":12.865435,"events":[{"timestamp":12.865435,"type":"EXECUTE_JOB","data":{"job_id":"06befe!26","alloc":"0-15"}}]}'
Received '{"now":12.894707,"events":[{"timestamp":12.886901,"type":"JOB_COMPLETED","data":{"job_id":"06befe!55","job_state":"COMPLETED_SUCCESSFULLY","return_code":0,"kill_reason":"","alloc":"48-51"}}]}'
Sending '{"now":12.894707,"events":[{"timestamp":12.894707,"type":"EXECUTE_JOB","data":{"job_id":"06befe!58","alloc":"48-51"}}]}'
Received '{"now":12.918123,"events":[{"timestamp":12.910317,"type":"JOB_SUBMITTED","data":{"job_id":"06befe!59","job":{"id":"06befe!59","profile":"FT.S.16","res":16,"subtime":12.900003,"walltime":4200}}}]}'
Sending '{"now":12.918123,"events":[]}'
Received '{"now":12.933735,"events":[{"timestamp":12.925929,"type":"JOB_SUBMITTED","data":{"job_id":"06befe!60","job":{"id":"06befe!60","profile":"MG.S.4","res":4,"subtime":12.907035,"walltime":4200}}}]}'
Sending '{"now":12.933735,"events":[]}'
Received '{"now":12.949345,"events":[{"timestamp":12.941541,"type":"JOB_SUBMITTED","data":{"job_id":"06befe!61","job":{"id":"06befe!61","profile":"FT.S.16","res":16,"subtime":12.919058,"walltime":4200}}}]}'
Sending '{"now":12.949345,"events":[]}'
Received '{"now":13.140358,"events":[{"timestamp":13.140358,"type":"JOB_COMPLETED","data":{"job_id":"06befe!54","job_state":"COMPLETED_SUCCESSFULLY","return_code":0,"kill_reason":"","alloc":"60-63"}}]}'
Sending '{"now":13.140358,"events":[{"timestamp":13.140358,"type":"EXECUTE_JOB","data":{"job_id":"06befe!60","alloc":"60-63"}}]}'
Received '{"now":13.274800,"events":[{"timestamp":13.274800,"type":"JOB_COMPLETED","data":{"job_id":"06befe!56","job_state":"COMPLETED_SUCCESSFULLY","return_code":0,"kill_reason":"","alloc":"44-47"}}]}'
Sending '{"now":13.2748,"events":[]}'
Received '{"now":13.333337,"events":[{"timestamp":13.333337,"type":"JOB_COMPLETED","data":{"job_id":"06befe!58","job_state":"COMPLETED_SUCCESSFULLY","return_code":0,"kill_reason":"","alloc":"48-51"}}]}'
Sending '{"now":13.333337,"events":[]}'
Received '{"now":13.515583,"events":[{"timestamp":13.515583,"type":"JOB_SUBMITTED","data":{"job_id":"06befe!62","job":{"id":"06befe!62","profile":"IS.S.16","res":16,"subtime":13.507777,"walltime":4200}}}]}'
Sending '{"now":13.515583,"events":[]}'
Received '{"now":13.578987,"events":[{"timestamp":13.578987,"type":"JOB_COMPLETED","data":{"job_id":"06befe!60","job_state":"COMPLETED_SUCCESSFULLY","return_code":0,"kill_reason":"","alloc":"60-63"}}]}'
Sending '{"now":13.578987,"events":[]}'
Received '{"now":13.655088,"events":[{"timestamp":13.655088,"type":"JOB_COMPLETED","data":{"job_id":"06befe!22","job_state":"COMPLETED_SUCCESSFULLY","return_code":0,"kill_reason":"","alloc":"24-39"}}]}'
Sending '{"now":13.655088,"events":[{"timestamp":13.655088,"type":"EXECUTE_JOB","data":{"job_id":"06befe!27","alloc":"24-39"}}]}'
Received '{"now":13.748081,"events":[{"timestamp":13.748081,"type":"JOB_SUBMITTED","data":{"job_id":"06befe!63","job":{"id":"06befe!63","profile":"CG.S.16","res":16,"subtime":13.740275,"walltime":4200}}}]}'
Sending '{"now":13.748081,"events":[]}'
Received '{"now":13.885931,"events":[{"timestamp":13.885931,"type":"JOB_SUBMITTED","data":{"job_id":"06befe!64","job":{"id":"06befe!64","profile":"MG.S.16","res":16,"subtime":13.878125,"walltime":4200}}}]}'
Sending '{"now":13.885931,"events":[]}'
Received '{"now":13.997107,"events":[{"timestamp":13.997107,"type":"JOB_COMPLETED","data":{"job_id":"06befe!26","job_state":"COMPLETED_SUCCESSFULLY","return_code":0,"kill_reason":"","alloc":"0-15"}}]}'
Sending '{"now":13.997107,"events":[{"timestamp":13.997107,"type":"EXECUTE_JOB","data":{"job_id":"06befe!28","alloc":"0-15"}}]}'
Received '{"now":14.168213,"events":[{"timestamp":14.168213,"type":"JOB_COMPLETED","data":{"job_id":"06befe!52","job_state":"COMPLETED_SUCCESSFULLY","return_code":0,"kill_reason":"","alloc":"40-43"}}]}'
Sending '{"now":14.168213,"events":[{"timestamp":14.168213,"type":"EXECUTE_JOB","data":{"job_id":"06befe!30","alloc":"40-51 60-63"}}]}'
Received '{"now":14.362105,"events":[{"timestamp":14.362105,"type":"JOB_SUBMITTED","data":{"job_id":"06befe!65","job":{"id":"06befe!65","profile":"SP.S.4","res":4,"subtime":14.354300,"walltime":4200}}}]}'
Sending '{"now":14.362105,"events":[]}'
Received '{"now":14.764698,"events":[{"timestamp":14.764698,"type":"JOB_SUBMITTED","data":{"job_id":"06befe!66","job":{"id":"06befe!66","profile":"LU.S.4","res":4,"subtime":14.756892,"walltime":4200}}}]}'
Sending '{"now":14.764698,"events":[]}'
Received '{"now":14.780866,"events":[{"timestamp":14.780866,"type":"JOB_SUBMITTED","data":{"job_id":"06befe!67","job":{"id":"06befe!67","profile":"SP.S.16","res":16,"subtime":14.773060,"walltime":4200}}}]}'
Sending '{"now":14.780866,"events":[]}'
Received '{"now":14.959512,"events":[{"timestamp":14.959512,"type":"JOB_SUBMITTED","data":{"job_id":"06befe!68","job":{"id":"06befe!68","profile":"SP.S.4","res":4,"subtime":14.951707,"walltime":4200}}}]}'
Sending '{"now":14.959512,"events":[]}'
Received '{"now":15.019430,"events":[{"timestamp":15.019430,"type":"JOB_SUBMITTED","data":{"job_id":"06befe!69","job":{"id":"06befe!69","profile":"FT.S.4","res":4,"subtime":15.011624,"walltime":4200}}}]}'
Sending '{"now":15.01943,"events":[]}'
Received '{"now":15.311013,"events":[{"timestamp":15.311013,"type":"JOB_COMPLETED","data":{"job_id":"06befe!27","job_state":"COMPLETED_SUCCESSFULLY","return_code":0,"kill_reason":"","alloc":"24-39"}}]}'
Sending '{"now":15.311013,"events":[{"timestamp":15.311013,"type":"EXECUTE_JOB","data":{"job_id":"06befe!32","alloc":"24-39"}}]}'
Received '{"now":15.342228,"events":[{"timestamp":15.318819,"type":"JOB_SUBMITTED","data":{"job_id":"06befe!70","job":{"id":"06befe!70","profile":"SP.S.4","res":4,"subtime":15.297751,"walltime":4200}}},{"timestamp":15.334422,"type":"JOB_SUBMITTED","data":{"job_id":"06befe!71","job":{"id":"06befe!71","profile":"IS.S.16","res":16,"subtime":15.299810,"walltime":4200}}}]}'
Sending '{"now":15.342228,"events":[]}'
Received '{"now":15.363695,"events":[{"timestamp":15.355889,"type":"JOB_COMPLETED","data":{"job_id":"06befe!23","job_state":"COMPLETED_SUCCESSFULLY","return_code":0,"kill_reason":"","alloc":"16-23 52-59"}}]}'
Sending '{"now":15.363695,"events":[{"timestamp":15.363695,"type":"EXECUTE_JOB","data":{"job_id":"06befe!33","alloc":"16-23 52-59"}}]}'
Received '{"now":15.556197,"events":[{"timestamp":15.556197,"type":"JOB_SUBMITTED","data":{"job_id":"06befe!72","job":{"id":"06befe!72","profile":"LU.S.4","res":4,"subtime":15.548407,"walltime":4200}}}]}'
Sending '{"now":15.556197,"events":[]}'
Received '{"now":15.767060,"events":[{"timestamp":15.767060,"type":"JOB_SUBMITTED","data":{"job_id":"06befe!73","job":{"id":"06befe!73","profile":"MG.S.16","res":16,"subtime":15.759254,"walltime":4200}}}]}'
Sending '{"now":15.76706,"events":[]}'
Received '{"now":15.798558,"events":[{"timestamp":15.798558,"type":"JOB_COMPLETED","data":{"job_id":"06befe!33","job_state":"COMPLETED_SUCCESSFULLY","return_code":0,"kill_reason":"","alloc":"16-23 52-59"}}]}'
Sending '{"now":15.798558,"events":[{"timestamp":15.798558,"type":"EXECUTE_JOB","data":{"job_id":"06befe!35","alloc":"16-23 52-59"}}]}'
Received '{"now":15.892830,"events":[{"timestamp":15.892830,"type":"JOB_SUBMITTED","data":{"job_id":"06befe!74","job":{"id":"06befe!74","profile":"LU.S.4","res":4,"subtime":15.885025,"walltime":4200}}}]}'
Sending '{"now":15.89283,"events":[]}'
Received '{"now":15.990775,"events":[{"timestamp":15.990775,"type":"JOB_SUBMITTED","data":{"job_id":"06befe!75","job":{"id":"06befe!75","profile":"IS.S.16","res":16,"subtime":15.982969,"walltime":4200}}}]}'
Sending '{"now":15.990775,"events":[]}'
Received '{"now":16.320229,"events":[{"timestamp":16.320229,"type":"JOB_SUBMITTED","data":{"job_id":"06befe!76","job":{"id":"06befe!76","profile":"IS.S.4","res":4,"subtime":16.312434,"walltime":4200}}}]}'
Sending '{"now":16.320229,"events":[]}'
Received '{"now":16.335830,"events":[{"timestamp":16.328034,"type":"JOB_SUBMITTED","data":{"job_id":"06befe!77","job":{"id":"06befe!77","profile":"FT.S.4","res":4,"subtime":16.316839,"walltime":4200}}}]}'
Sending '{"now":16.33583,"events":[]}'
Received '{"now":16.993939,"events":[{"timestamp":16.993939,"type":"JOB_SUBMITTED","data":{"job_id":"06befe!78","job":{"id":"06befe!78","profile":"IS.S.4","res":4,"subtime":16.986136,"walltime":4200}}}]}'
Sending '{"now":16.993939,"events":[]}'
Received '{"now":17.184378,"events":[{"timestamp":17.184378,"type":"JOB_SUBMITTED","data":{"job_id":"06befe!79","job":{"id":"06befe!79","profile":"SP.S.16","res":16,"subtime":17.176572,"walltime":4200}}}]}'
Sending '{"now":17.184378,"events":[]}'
Received '{"now":17.254732,"events":[{"timestamp":17.254732,"type":"JOB_SUBMITTED","data":{"job_id":"06befe!80","job":{"id":"06befe!80","profile":"BT.S.16","res":16,"subtime":17.246926,"walltime":4200}}}]}'
Sending '{"now":17.254732,"events":[]}'
Received '{"now":17.497377,"events":[{"timestamp":17.497377,"type":"JOB_COMPLETED","data":{"job_id":"06befe!30","job_state":"COMPLETED_SUCCESSFULLY","return_code":0,"kill_reason":"","alloc":"40-51 60-63"}}]}'
Sending '{"now":17.497377,"events":[{"timestamp":17.497377,"type":"EXECUTE_JOB","data":{"job_id":"06befe!38","alloc":"40-51 60-63"}}]}'
Received '{"now":17.577172,"events":[{"timestamp":17.577172,"type":"JOB_COMPLETED","data":{"job_id":"06befe!28","job_state":"COMPLETED_SUCCESSFULLY","return_code":0,"kill_reason":"","alloc":"0-15"}}]}'
Sending '{"now":17.577172,"events":[{"timestamp":17.577172,"type":"EXECUTE_JOB","data":{"job_id":"06befe!39","alloc":"0-15"}}]}'
Received '{"now":17.838790,"events":[{"timestamp":17.838790,"type":"JOB_COMPLETED","data":{"job_id":"06befe!38","job_state":"COMPLETED_SUCCESSFULLY","return_code":0,"kill_reason":"","alloc":"40-51 60-63"}}]}'
Sending '{"now":17.83879,"events":[{"timestamp":17.83879,"type":"EXECUTE_JOB","data":{"job_id":"06befe!40","alloc":"40-51 60-63"}}]}'
Received '{"now":18.276347,"events":[{"timestamp":18.276347,"type":"JOB_COMPLETED","data":{"job_id":"06befe!32","job_state":"COMPLETED_SUCCESSFULLY","return_code":0,"kill_reason":"","alloc":"24-39"}}]}'
Sending '{"now":18.276347,"events":[{"timestamp":18.276347,"type":"EXECUTE_JOB","data":{"job_id":"06befe!41","alloc":"24-39"}}]}'
Received '{"now":18.617779,"events":[{"timestamp":18.617779,"type":"JOB_COMPLETED","data":{"job_id":"06befe!41","job_state":"COMPLETED_SUCCESSFULLY","return_code":0,"kill_reason":"","alloc":"24-39"}}]}'
Sending '{"now":18.617779,"events":[{"timestamp":18.617779,"type":"EXECUTE_JOB","data":{"job_id":"06befe!44","alloc":"24-39"}}]}'
Received '{"now":18.709103,"events":[{"timestamp":18.709103,"type":"JOB_COMPLETED","data":{"job_id":"06befe!39","job_state":"COMPLETED_SUCCESSFULLY","return_code":0,"kill_reason":"","alloc":"0-15"}}]}'
Sending '{"now":18.709103,"events":[{"timestamp":18.709103,"type":"EXECUTE_JOB","data":{"job_id":"06befe!45","alloc":"0-15"}}]}'
Received '{"now":18.765215,"events":[{"timestamp":18.765215,"type":"JOB_COMPLETED","data":{"job_id":"06befe!35","job_state":"COMPLETED_SUCCESSFULLY","return_code":0,"kill_reason":"","alloc":"16-23 52-59"}}]}'
Sending '{"now":18.765215,"events":[{"timestamp":18.765215,"type":"EXECUTE_JOB","data":{"job_id":"06befe!47","alloc":"16-23 52-59"}}]}'
Received '{"now":19.839725,"events":[{"timestamp":19.839725,"type":"JOB_COMPLETED","data":{"job_id":"06befe!45","job_state":"COMPLETED_SUCCESSFULLY","return_code":0,"kill_reason":"","alloc":"0-15"}}]}'
Sending '{"now":19.839725,"events":[{"timestamp":19.839725,"type":"EXECUTE_JOB","data":{"job_id":"06befe!48","alloc":"0-15"}}]}'
Received '{"now":19.986758,"events":[{"timestamp":19.986758,"type":"JOB_COMPLETED","data":{"job_id":"06befe!48","job_state":"COMPLETED_SUCCESSFULLY","return_code":0,"kill_reason":"","alloc":"0-15"}}]}'
Sending '{"now":19.986758,"events":[{"timestamp":19.986758,"type":"EXECUTE_JOB","data":{"job_id":"06befe!53","alloc":"0-15"}}]}'
Received '{"now":21.692313,"events":[{"timestamp":21.692313,"type":"JOB_COMPLETED","data":{"job_id":"06befe!40","job_state":"COMPLETED_SUCCESSFULLY","return_code":0,"kill_reason":"","alloc":"40-51 60-63"}}]}'
Sending '{"now":21.692313,"events":[{"timestamp":21.692313,"type":"EXECUTE_JOB","data":{"job_id":"06befe!57","alloc":"40-51 60-63"}}]}'
Received '{"now":21.731282,"events":[{"timestamp":21.731282,"type":"JOB_COMPLETED","data":{"job_id":"06befe!47","job_state":"COMPLETED_SUCCESSFULLY","return_code":0,"kill_reason":"","alloc":"16-23 52-59"}}]}'
Sending '{"now":21.731282,"events":[{"timestamp":21.731282,"type":"EXECUTE_JOB","data":{"job_id":"06befe!59","alloc":"16-23 52-59"}}]}'
Received '{"now":21.953062,"events":[{"timestamp":21.953062,"type":"JOB_COMPLETED","data":{"job_id":"06befe!44","job_state":"COMPLETED_SUCCESSFULLY","return_code":0,"kill_reason":"","alloc":"24-39"}}]}'
Sending '{"now":21.953062,"events":[{"timestamp":21.953062,"type":"EXECUTE_JOB","data":{"job_id":"06befe!61","alloc":"24-39"}}]}'
Received '{"now":22.166293,"events":[{"timestamp":22.166293,"type":"JOB_COMPLETED","data":{"job_id":"06befe!59","job_state":"COMPLETED_SUCCESSFULLY","return_code":0,"kill_reason":"","alloc":"16-23 52-59"}}]}'
Sending '{"now":22.166293,"events":[{"timestamp":22.166293,"type":"EXECUTE_JOB","data":{"job_id":"06befe!62","alloc":"16-23 52-59"}}]}'
Received '{"now":22.294696,"events":[{"timestamp":22.294696,"type":"JOB_COMPLETED","data":{"job_id":"06befe!61","job_state":"COMPLETED_SUCCESSFULLY","return_code":0,"kill_reason":"","alloc":"24-39"}}]}'
Sending '{"now":22.294696,"events":[{"timestamp":22.294696,"type":"EXECUTE_JOB","data":{"job_id":"06befe!63","alloc":"24-39"}}]}'
Received '{"now":22.373246,"events":[{"timestamp":22.373246,"type":"JOB_COMPLETED","data":{"job_id":"06befe!62","job_state":"COMPLETED_SUCCESSFULLY","return_code":0,"kill_reason":"","alloc":"16-23 52-59"}}]}'
Sending '{"now":22.373246,"events":[{"timestamp":22.373246,"type":"EXECUTE_JOB","data":{"job_id":"06befe!64","alloc":"16-23 52-59"}}]}'
Received '{"now":23.348811,"events":[{"timestamp":23.348811,"type":"JOB_COMPLETED","data":{"job_id":"06befe!57","job_state":"COMPLETED_SUCCESSFULLY","return_code":0,"kill_reason":"","alloc":"40-51 60-63"}}]}'
Sending '{"now":23.348811,"events":[{"timestamp":23.348811,"type":"EXECUTE_JOB","data":{"job_id":"06befe!65","alloc":"40-43"}},{"timestamp":23.348811,"type":"EXECUTE_JOB","data":{"job_id":"06befe!66","alloc":"44-47"}},{"timestamp":23.348811,"type":"EXECUTE_JOB","data":{"job_id":"06befe!68","alloc":"48-51"}},{"timestamp":23.348811,"type":"EXECUTE_JOB","data":{"job_id":"06befe!69","alloc":"60-63"}}]}'
Received '{"now":23.502948,"events":[{"timestamp":23.502948,"type":"JOB_COMPLETED","data":{"job_id":"06befe!69","job_state":"COMPLETED_SUCCESSFULLY","return_code":0,"kill_reason":"","alloc":"60-63"}}]}'
Sending '{"now":23.502948,"events":[{"timestamp":23.502948,"type":"EXECUTE_JOB","data":{"job_id":"06befe!70","alloc":"60-63"}}]}'
Received '{"now":23.532221,"events":[{"timestamp":23.516609,"type":"JOB_COMPLETED","data":{"job_id":"06befe!64","job_state":"COMPLETED_SUCCESSFULLY","return_code":0,"kill_reason":"","alloc":"16-23 52-59"}}]}'
Sending '{"now":23.532221,"events":[{"timestamp":23.532221,"type":"EXECUTE_JOB","data":{"job_id":"06befe!67","alloc":"16-23 52-59"}}]}'
Received '{"now":23.567279,"events":[{"timestamp":23.567279,"type":"JOB_COMPLETED","data":{"job_id":"06befe!53","job_state":"COMPLETED_SUCCESSFULLY","return_code":0,"kill_reason":"","alloc":"0-15"}}]}'
Sending '{"now":23.567279,"events":[{"timestamp":23.567279,"type":"EXECUTE_JOB","data":{"job_id":"06befe!71","alloc":"0-15"}}]}'
Received '{"now":23.714217,"events":[{"timestamp":23.714217,"type":"JOB_COMPLETED","data":{"job_id":"06befe!71","job_state":"COMPLETED_SUCCESSFULLY","return_code":0,"kill_reason":"","alloc":"0-15"}}]}'
Sending '{"now":23.714217,"events":[{"timestamp":23.714217,"type":"EXECUTE_JOB","data":{"job_id":"06befe!72","alloc":"0-3"}}]}'
Received '{"now":24.248890,"events":[{"timestamp":24.248890,"type":"JOB_COMPLETED","data":{"job_id":"06befe!65","job_state":"COMPLETED_SUCCESSFULLY","return_code":0,"kill_reason":"","alloc":"40-43"}}]}'
Sending '{"now":24.24889,"events":[{"timestamp":24.24889,"type":"EXECUTE_JOB","data":{"job_id":"06befe!73","alloc":"4-15 40-43"}}]}'
Received '{"now":24.278163,"events":[{"timestamp":24.270366,"type":"JOB_COMPLETED","data":{"job_id":"06befe!68","job_state":"COMPLETED_SUCCESSFULLY","return_code":0,"kill_reason":"","alloc":"48-51"}}]}'
Sending '{"now":24.278163,"events":[{"timestamp":24.278163,"type":"EXECUTE_JOB","data":{"job_id":"06befe!74","alloc":"48-51"}}]}'
Received '{"now":24.465461,"events":[{"timestamp":24.465461,"type":"JOB_COMPLETED","data":{"job_id":"06befe!70","job_state":"COMPLETED_SUCCESSFULLY","return_code":0,"kill_reason":"","alloc":"60-63"}}]}'
Sending '{"now":24.465461,"events":[{"timestamp":24.465461,"type":"EXECUTE_JOB","data":{"job_id":"06befe!76","alloc":"60-63"}}]}'
Received '{"now":24.565082,"events":[{"timestamp":24.565082,"type":"JOB_COMPLETED","data":{"job_id":"06befe!76","job_state":"COMPLETED_SUCCESSFULLY","return_code":0,"kill_reason":"","alloc":"60-63"}}]}'
Sending '{"now":24.565082,"events":[{"timestamp":24.565082,"type":"EXECUTE_JOB","data":{"job_id":"06befe!77","alloc":"60-63"}}]}'
Received '{"now":24.695800,"events":[{"timestamp":24.695800,"type":"JOB_COMPLETED","data":{"job_id":"06befe!77","job_state":"COMPLETED_SUCCESSFULLY","return_code":0,"kill_reason":"","alloc":"60-63"}}]}'
Sending '{"now":24.6958,"events":[{"timestamp":24.6958,"type":"EXECUTE_JOB","data":{"job_id":"06befe!78","alloc":"60-63"}}]}'
Received '{"now":24.795381,"events":[{"timestamp":24.795381,"type":"JOB_COMPLETED","data":{"job_id":"06befe!78","job_state":"COMPLETED_SUCCESSFULLY","return_code":0,"kill_reason":"","alloc":"60-63"}}]}'
Sending '{"now":24.795381,"events":[]}'
Received '{"now":25.327229,"events":[{"timestamp":25.327229,"type":"JOB_COMPLETED","data":{"job_id":"06befe!73","job_state":"COMPLETED_SUCCESSFULLY","return_code":0,"kill_reason":"","alloc":"4-15 40-43"}}]}'
Sending '{"now":25.327229,"events":[{"timestamp":25.327229,"type":"EXECUTE_JOB","data":{"job_id":"06befe!75","alloc":"4-15 40-43"}}]}'
Received '{"now":25.519853,"events":[{"timestamp":25.519853,"type":"JOB_COMPLETED","data":{"job_id":"06befe!75","job_state":"COMPLETED_SUCCESSFULLY","return_code":0,"kill_reason":"","alloc":"4-15 40-43"}}]}'
Sending '{"now":25.519853,"events":[{"timestamp":25.519853,"type":"EXECUTE_JOB","data":{"job_id":"06befe!79","alloc":"4-15 40-43"}}]}'
Received '{"now":25.762263,"events":[{"timestamp":25.762263,"type":"JOB_COMPLETED","data":{"job_id":"06befe!66","job_state":"COMPLETED_SUCCESSFULLY","return_code":0,"kill_reason":"","alloc":"44-47"}}]}'
Sending '{"now":25.762263,"events":[]}'
Received '{"now":26.119792,"events":[{"timestamp":26.119792,"type":"JOB_COMPLETED","data":{"job_id":"06befe!72","job_state":"COMPLETED_SUCCESSFULLY","return_code":0,"kill_reason":"","alloc":"0-3"}}]}'
Sending '{"now":26.119792,"events":[]}'
Received '{"now":26.147695,"events":[{"timestamp":26.147695,"type":"JOB_COMPLETED","data":{"job_id":"06befe!63","job_state":"COMPLETED_SUCCESSFULLY","return_code":0,"kill_reason":"","alloc":"24-39"}}]}'
Sending '{"now":26.147695,"events":[{"timestamp":26.147695,"type":"EXECUTE_JOB","data":{"job_id":"06befe!80","alloc":"0-3 24-35"}}]}'
Received '{"now":26.683833,"events":[{"timestamp":26.683833,"type":"JOB_COMPLETED","data":{"job_id":"06befe!74","job_state":"COMPLETED_SUCCESSFULLY","return_code":0,"kill_reason":"","alloc":"48-51"}}]}'
Sending '{"now":26.683833,"events":[]}'
Received '{"now":28.319897,"events":[{"timestamp":28.319897,"type":"JOB_COMPLETED","data":{"job_id":"06befe!80","job_state":"COMPLETED_SUCCESSFULLY","return_code":0,"kill_reason":"","alloc":"0-3 24-35"}}]}'
Sending '{"now":28.319897,"events":[]}'
Received '{"now":28.695501,"events":[{"timestamp":28.695501,"type":"JOB_COMPLETED","data":{"job_id":"06befe!67","job_state":"COMPLETED_SUCCESSFULLY","return_code":0,"kill_reason":"","alloc":"16-23 52-59"}}]}'
Sending '{"now":28.695501,"events":[]}'
Received '{"now":29.906562,"events":[{"timestamp":29.906562,"type":"JOB_COMPLETED","data":{"job_id":"06befe!79","job_state":"COMPLETED_SUCCESSFULLY","return_code":0,"kill_reason":"","alloc":"4-15 40-43"}},{"timestamp":29.906562,"type":"SIMULATION_ENDS","data":{}}]}'
Sending '{"now":29.906562,"events":[]}'
