variant_options = '{"custom_mapping": true}'
Received '{"now":0.000000,"events":[{"timestamp":0.000000,"type":"SIMULATION_BEGINS","data":{"nb_resources":64,"allow_time_sharing":false,"config":{"redis":{"enabled":false,"hostname":"127.0.0.1","port":6379,"prefix":"default"},"job_submission":{"forward_profiles":false,"from_scheduler":{"enabled":false,"acknowledge":true}}},"resources_data":[{"id":0,"name":"node-0.simgrid.org","state":"idle","properties":{}},{"id":1,"name":"node-1.simgrid.org","state":"idle","properties":{}},{"id":2,"name":"node-2.simgrid.org","state":"idle","properties":{}},{"id":3,"name":"node-3.simgrid.org","state":"idle","properties":{}},{"id":4,"name":"node-4.simgrid.org","state":"idle","properties":{}},{"id":5,"name":"node-5.simgrid.org","state":"idle","properties":{}},{"id":6,"name":"node-6.simgrid.org","state":"idle","properties":{}},{"id":7,"name":"node-7.simgrid.org","state":"idle","properties":{}},{"id":8,"name":"node-8.simgrid.org","state":"idle","properties":{}},{"id":9,"name":"node-9.simgrid.org","state":"idle","properties":{}},{"id":10,"name":"node-10.simgrid.org","state":"idle","properties":{}},{"id":11,"name":"node-11.simgrid.org","state":"idle","properties":{}},{"id":12,"name":"node-12.simgrid.org","state":"idle","properties":{}},{"id":13,"name":"node-13.simgrid.org","state":"idle","properties":{}},{"id":14,"name":"node-14.simgrid.org","state":"idle","properties":{}},{"id":15,"name":"node-15.simgrid.org","state":"idle","properties":{}},{"id":16,"name":"node-16.simgrid.org","state":"idle","properties":{}},{"id":17,"name":"node-17.simgrid.org","state":"idle","properties":{}},{"id":18,"name":"node-18.simgrid.org","state":"idle","properties":{}},{"id":19,"name":"node-19.simgrid.org","state":"idle","properties":{}},{"id":20,"name":"node-20.simgrid.org","state":"idle","properties":{}},{"id":21,"name":"node-21.simgrid.org","state":"idle","properties":{}},{"id":22,"name":"node-22.simgrid.org","state":"idle","properties":{}},{"id":23,"name":"node-23.simgrid.org","state":"idle","properties":{}},{"id":24,"name":"node-24.simgrid.org","state":"idle","properties":{}},{"id":25,"name":"node-25.simgrid.org","state":"idle","properties":{}},{"id":26,"name":"node-26.simgrid.org","state":"idle","properties":{}},{"id":27,"name":"node-27.simgrid.org","state":"idle","properties":{}},{"id":28,"name":"node-28.simgrid.org","state":"idle","properties":{}},{"id":29,"name":"node-29.simgrid.org","state":"idle","properties":{}},{"id":30,"name":"node-30.simgrid.org","state":"idle","properties":{}},{"id":31,"name":"node-31.simgrid.org","state":"idle","properties":{}},{"id":32,"name":"node-32.simgrid.org","state":"idle","properties":{}},{"id":33,"name":"node-33.simgrid.org","state":"idle","properties":{}},{"id":34,"name":"node-34.simgrid.org","state":"idle","properties":{}},{"id":35,"name":"node-35.simgrid.org","state":"idle","properties":{}},{"id":36,"name":"node-36.simgrid.org","state":"idle","properties":{}},{"id":37,"name":"node-37.simgrid.org","state":"idle","properties":{}},{"id":38,"name":"node-38.simgrid.org","state":"idle","properties":{}},{"id":39,"name":"node-39.simgrid.org","state":"idle","properties":{}},{"id":40,"name":"node-40.simgrid.org","state":"idle","properties":{}},{"id":41,"name":"node-41.simgrid.org","state":"idle","properties":{}},{"id":42,"name":"node-42.simgrid.org","state":"idle","properties":{}},{"id":43,"name":"node-43.simgrid.org","state":"idle","properties":{}},{"id":44,"name":"node-44.simgrid.org","state":"idle","properties":{}},{"id":45,"name":"node-45.simgrid.org","state":"idle","properties":{}},{"id":46,"name":"node-46.simgrid.org","state":"idle","properties":{}},{"id":47,"name":"node-47.simgrid.org","state":"idle","properties":{}},{"id":48,"name":"node-48.simgrid.org","state":"idle","properties":{}},{"id":49,"name":"node-49.simgrid.org","state":"idle","properties":{}},{"id":50,"name":"node-50.simgrid.org","state":"idle","properties":{}},{"id":51,"name":"node-51.simgrid.org","state":"idle","properties":{}},{"id":52,"name":"node-52.simgrid.org","state":"idle","properties":{}},{"id":53,"name":"node-53.simgrid.org","state":"idle","properties":{}},{"id":54,"name":"node-54.simgrid.org","state":"idle","properties":{}},{"id":55,"name":"node-55.simgrid.org","state":"idle","properties":{}},{"id":56,"name":"node-56.simgrid.org","state":"idle","properties":{}},{"id":57,"name":"node-57.simgrid.org","state":"idle","properties":{}},{"id":58,"name":"node-58.simgrid.org","state":"idle","properties":{}},{"id":59,"name":"node-59.simgrid.org","state":"idle","properties":{}},{"id":60,"name":"node-60.simgrid.org","state":"idle","properties":{}},{"id":61,"name":"node-61.simgrid.org","state":"idle","properties":{}},{"id":62,"name":"node-62.simgrid.org","state":"idle","properties":{}},{"id":63,"name":"node-63.simgrid.org","state":"idle","properties":{}}],"workloads":{"ff6079":"/github-simgrid/190311/../batsim-v2.0.0/workload_profiles/npb_140_jobs.json"}}}]}'
Sending '{"now":0.0,"events":[]}'
Received '{"now":0.404532,"events":[{"timestamp":0.404532,"type":"JOB_SUBMITTED","data":{"job_id":"ff6079!1","job":{"id":"ff6079!1","profile":"SP.S.16","res":16,"subtime":0.396726,"walltime":4200}}}]}'
Sending '{"now":0.404532,"events":[{"timestamp":0.404532,"type":"EXECUTE_JOB","data":{"job_id":"ff6079!1","alloc":"0-15"}}]}'
Received '{"now":0.427950,"events":[{"timestamp":0.420144,"type":"JOB_SUBMITTED","data":{"job_id":"ff6079!2","job":{"id":"ff6079!2","profile":"MG.S.16","res":16,"subtime":0.404786,"walltime":4200}}}]}'
Sending '{"now":0.42795,"events":[{"timestamp":0.420144,"type":"EXECUTE_JOB","data":{"job_id":"ff6079!2","alloc":"16-31"}}]}'
Received '{"now":0.456671,"events":[{"timestamp":0.456671,"type":"JOB_SUBMITTED","data":{"job_id":"ff6079!3","job":{"id":"ff6079!3","profile":"FT.S.4","res":4,"subtime":0.448868,"walltime":4200}}}]}'
Sending '{"now":0.456671,"events":[{"timestamp":0.456671,"type":"EXECUTE_JOB","data":{"job_id":"ff6079!3","alloc":"32-35"}}]}'
Received '{"now":0.562777,"events":[{"timestamp":0.562777,"type":"JOB_SUBMITTED","data":{"job_id":"ff6079!4","job":{"id":"ff6079!4","profile":"SP.S.4","res":4,"subtime":0.554971,"walltime":4200}}}]}'
Sending '{"now":0.562777,"events":[{"timestamp":0.562777,"type":"EXECUTE_JOB","data":{"job_id":"ff6079!4","alloc":"36-39"}}]}'
Received '{"now":0.592059,"events":[{"timestamp":0.592059,"type":"JOB_COMPLETED","data":{"job_id":"ff6079!3","job_state":"COMPLETED_SUCCESSFULLY","return_code":0,"kill_reason":"","alloc":"32-35"}}]}'
Sending '{"now":0.592059,"events":[]}'
Received '{"now":0.701420,"events":[{"timestamp":0.701420,"type":"JOB_SUBMITTED","data":{"job_id":"ff6079!5","job":{"id":"ff6079!5","profile":"IS.S.4","res":4,"subtime":0.693616,"walltime":4200}}}]}'
Sending '{"now":0.70142,"events":[{"timestamp":0.70142,"type":"EXECUTE_JOB","data":{"job_id":"ff6079!5","alloc":"32-35"}}]}'
Received '{"now":0.801075,"events":[{"timestamp":0.801075,"type":"JOB_COMPLETED","data":{"job_id":"ff6079!5","job_state":"COMPLETED_SUCCESSFULLY","return_code":0,"kill_reason":"","alloc":"32-35"}}]}'
Sending '{"now":0.801075,"events":[]}'
Received '{"now":0.920377,"events":[{"timestamp":0.920377,"type":"JOB_SUBMITTED","data":{"job_id":"ff6079!6","job":{"id":"ff6079!6","profile":"IS.S.16","res":16,"subtime":0.912571,"walltime":4200}}}]}'
Sending '{"now":0.920377,"events":[{"timestamp":0.920377,"type":"EXECUTE_JOB","data":{"job_id":"ff6079!6","alloc":"40-55"}}]}'
Received '{"now":1.053697,"events":[{"timestamp":1.053697,"type":"JOB_SUBMITTED","data":{"job_id":"ff6079!7","job":{"id":"ff6079!7","profile":"IS.S.16","res":16,"subtime":1.045891,"walltime":4200}}}]}'
Sending '{"now":1.053697,"events":[]}'
Received '{"now":1.097480,"events":[{"timestamp":1.097480,"type":"JOB_COMPLETED","data":{"job_id":"ff6079!6","job_state":"COMPLETED_SUCCESSFULLY","return_code":0,"kill_reason":"","alloc":"40-55"}}]}'
Sending '{"now":1.09748,"events":[{"timestamp":1.09748,"type":"EXECUTE_JOB","data":{"job_id":"ff6079!7","alloc":"40-55"}}]}'
Received '{"now":1.174858,"events":[{"timestamp":1.174858,"type":"JOB_COMPLETED","data":{"job_id":"ff6079!2","job_state":"COMPLETED_SUCCESSFULLY","return_code":0,"kill_reason":"","alloc":"16-31"}}]}'
Sending '{"now":1.174858,"events":[]}'
Received '{"now":1.190470,"events":[{"timestamp":1.190470,"type":"JOB_SUBMITTED","data":{"job_id":"ff6079!8","job":{"id":"ff6079!8","profile":"BT.S.16","res":16,"subtime":1.179485,"walltime":4200}}}]}'
Sending '{"now":1.19047,"events":[{"timestamp":1.19047,"type":"EXECUTE_JOB","data":{"job_id":"ff6079!8","alloc":"16-31"}}]}'
Received '{"now":1.241722,"events":[{"timestamp":1.241722,"type":"JOB_SUBMITTED","data":{"job_id":"ff6079!9","job":{"id":"ff6079!9","profile":"SP.S.16","res":16,"subtime":1.233924,"walltime":4200}}}]}'
Sending '{"now":1.241722,"events":[]}'
Received '{"now":1.257334,"events":[{"timestamp":1.257334,"type":"JOB_SUBMITTED","data":{"job_id":"ff6079!10","job":{"id":"ff6079!10","profile":"IS.S.16","res":16,"subtime":1.242169,"walltime":4200}}}]}'
Sending '{"now":1.257334,"events":[]}'
Received '{"now":1.278801,"events":[{"timestamp":1.278801,"type":"JOB_COMPLETED","data":{"job_id":"ff6079!7","job_state":"COMPLETED_SUCCESSFULLY","return_code":0,"kill_reason":"","alloc":"40-55"}}]}'
Sending '{"now":1.278801,"events":[{"timestamp":1.278801,"type":"EXECUTE_JOB","data":{"job_id":"ff6079!9","alloc":"40-55"}}]}'
Received '{"now":1.339096,"events":[{"timestamp":1.339096,"type":"JOB_COMPLETED","data":{"job_id":"ff6079!4","job_state":"COMPLETED_SUCCESSFULLY","return_code":0,"kill_reason":"","alloc":"36-39"}}]}'
Sending '{"now":1.339096,"events":[]}'
Received '{"now":1.354708,"events":[{"timestamp":1.346902,"type":"JOB_SUBMITTED","data":{"job_id":"ff6079!11","job":{"id":"ff6079!11","profile":"CG.S.16","res":16,"subtime":1.334537,"walltime":4200}}}]}'
Sending '{"now":1.354708,"events":[]}'
Received '{"now":1.694845,"events":[{"timestamp":1.694845,"type":"JOB_SUBMITTED","data":{"job_id":"ff6079!12","job":{"id":"ff6079!12","profile":"BT.S.16","res":16,"subtime":1.687039,"walltime":4200}}}]}'
Sending '{"now":1.694845,"events":[]}'
Received '{"now":2.044435,"events":[{"timestamp":2.044435,"type":"JOB_SUBMITTED","data":{"job_id":"ff6079!13","job":{"id":"ff6079!13","profile":"LU.S.16","res":16,"subtime":2.036633,"walltime":4200}}}]}'
Sending '{"now":2.044435,"events":[]}'
Received '{"now":2.133138,"events":[{"timestamp":2.133138,"type":"JOB_SUBMITTED","data":{"job_id":"ff6079!14","job":{"id":"ff6079!14","profile":"IS.S.4","res":4,"subtime":2.125332,"walltime":4200}}}]}'
Sending '{"now":2.133138,"events":[{"timestamp":2.133138,"type":"EXECUTE_JOB","data":{"job_id":"ff6079!14","alloc":"32-35"}}]}'
Received '{"now":2.161425,"events":[{"timestamp":2.161425,"type":"JOB_SUBMITTED","data":{"job_id":"ff6079!15","job":{"id":"ff6079!15","profile":"IS.S.16","res":16,"subtime":2.153619,"walltime":4200}}}]}'
Sending '{"now":2.161425,"events":[]}'
Received '{"now":2.194975,"events":[{"timestamp":2.194975,"type":"JOB_SUBMITTED","data":{"job_id":"ff6079!16","job":{"id":"ff6079!16","profile":"FT.S.4","res":4,"subtime":2.187179,"walltime":4200}}}]}'
Sending '{"now":2.194975,"events":[{"timestamp":2.194975,"type":"EXECUTE_JOB","data":{"job_id":"ff6079!16","alloc":"36-39"}}]}'
Received '{"now":2.232765,"events":[{"timestamp":2.232765,"type":"JOB_COMPLETED","data":{"job_id":"ff6079!14","job_state":"COMPLETED_SUCCESSFULLY","return_code":0,"kill_reason":"","alloc":"32-35"}}]}'
Sending '{"now":2.232765,"events":[]}'
Received '{"now":2.321355,"events":[{"timestamp":2.321355,"type":"JOB_COMPLETED","data":{"job_id":"ff6079!8","job_state":"COMPLETED_SUCCESSFULLY","return_code":0,"kill_reason":"","alloc":"16-31"}}]}'
Sending '{"now":2.321355,"events":[{"timestamp":2.321355,"type":"EXECUTE_JOB","data":{"job_id":"ff6079!10","alloc":"16-31"}}]}'
Received '{"now":2.350627,"events":[{"timestamp":2.335015,"type":"JOB_COMPLETED","data":{"job_id":"ff6079!16","job_state":"COMPLETED_SUCCESSFULLY","return_code":0,"kill_reason":"","alloc":"36-39"}}]}'
Sending '{"now":2.350627,"events":[]}'
Received '{"now":2.471823,"events":[{"timestamp":2.471823,"type":"JOB_SUBMITTED","data":{"job_id":"ff6079!17","job":{"id":"ff6079!17","profile":"CG.S.4","res":4,"subtime":2.464017,"walltime":4200}}}]}'
Sending '{"now":2.471823,"events":[{"timestamp":2.471823,"type":"EXECUTE_JOB","data":{"job_id":"ff6079!17","alloc":"32-35"}}]}'
Received '{"now":2.508890,"events":[{"timestamp":2.485484,"type":"JOB_COMPLETED","data":{"job_id":"ff6079!10","job_state":"COMPLETED_SUCCESSFULLY","return_code":0,"kill_reason":"","alloc":"16-31"}},{"timestamp":2.493290,"type":"JOB_SUBMITTED","data":{"job_id":"ff6079!18","job":{"id":"ff6079!18","profile":"CG.S.4","res":4,"subtime":2.470583,"walltime":4200}}}]}'
Sending '{"now":2.50889,"events":[{"timestamp":2.50889,"type":"EXECUTE_JOB","data":{"job_id":"ff6079!11","alloc":"16-31"}},{"timestamp":2.50889,"type":"EXECUTE_JOB","data":{"job_id":"ff6079!18","alloc":"36-39"}}]}'
Received '{"now":2.553770,"events":[{"timestamp":2.530364,"type":"JOB_COMPLETED","data":{"job_id":"ff6079!1","job_state":"COMPLETED_SUCCESSFULLY","return_code":0,"kill_reason":"","alloc":"0-15"}},{"timestamp":2.545967,"type":"JOB_SUBMITTED","data":{"job_id":"ff6079!19","job":{"id":"ff6079!19","profile":"CG.S.4","res":4,"subtime":2.529758,"walltime":4200}}}]}'
Sending '{"now":2.55377,"events":[{"timestamp":2.55377,"type":"EXECUTE_JOB","data":{"job_id":"ff6079!12","alloc":"0-15"}},{"timestamp":2.55377,"type":"EXECUTE_JOB","data":{"job_id":"ff6079!19","alloc":"56-59"}}]}'
Received '{"now":2.620804,"events":[{"timestamp":2.620804,"type":"JOB_SUBMITTED","data":{"job_id":"ff6079!20","job":{"id":"ff6079!20","profile":"MG.S.4","res":4,"subtime":2.612998,"walltime":4200}}}]}'
Sending '{"now":2.620804,"events":[{"timestamp":2.620804,"type":"EXECUTE_JOB","data":{"job_id":"ff6079!20","alloc":"60-63"}}]}'
Received '{"now":2.889218,"events":[{"timestamp":2.889218,"type":"JOB_SUBMITTED","data":{"job_id":"ff6079!21","job":{"id":"ff6079!21","profile":"BT.S.16","res":16,"subtime":2.881420,"walltime":4200}}}]}'
Sending '{"now":2.889218,"events":[]}'
Received '{"now":3.059204,"events":[{"timestamp":3.059204,"type":"JOB_COMPLETED","data":{"job_id":"ff6079!20","job_state":"COMPLETED_SUCCESSFULLY","return_code":0,"kill_reason":"","alloc":"60-63"}}]}'
Sending '{"now":3.059204,"events":[]}'
Received '{"now":3.612696,"events":[{"timestamp":3.612696,"type":"JOB_COMPLETED","data":{"job_id":"ff6079!17","job_state":"COMPLETED_SUCCESSFULLY","return_code":0,"kill_reason":"","alloc":"32-35"}}]}'
Sending '{"now":3.612696,"events":[]}'
Received '{"now":3.649852,"events":[{"timestamp":3.649852,"type":"JOB_COMPLETED","data":{"job_id":"ff6079!18","job_state":"COMPLETED_SUCCESSFULLY","return_code":0,"kill_reason":"","alloc":"36-39"}}]}'
Sending '{"now":3.649852,"events":[]}'
Received '{"now":3.681144,"events":[{"timestamp":3.681144,"type":"JOB_COMPLETED","data":{"job_id":"ff6079!19","job_state":"COMPLETED_SUCCESSFULLY","return_code":0,"kill_reason":"","alloc":"56-59"}}]}'
Sending '{"now":3.681144,"events":[]}'
Received '{"now":3.702611,"events":[{"timestamp":3.694805,"type":"JOB_COMPLETED","data":{"job_id":"ff6079!12","job_state":"COMPLETED_SUCCESSFULLY","return_code":0,"kill_reason":"","alloc":"0-15"}}]}'
Sending '{"now":3.702611,"events":[{"timestamp":3.702611,"type":"EXECUTE_JOB","data":{"job_id":"ff6079!13","alloc":"0-15"}}]}'
Received '{"now":3.726034,"events":[{"timestamp":3.726034,"type":"JOB_SUBMITTED","data":{"job_id":"ff6079!22","job":{"id":"ff6079!22","profile":"SP.S.16","res":16,"subtime":3.712202,"walltime":4200}}}]}'
Sending '{"now":3.726034,"events":[]}'
Received '{"now":3.741635,"events":[{"timestamp":3.733835,"type":"JOB_SUBMITTED","data":{"job_id":"ff6079!23","job":{"id":"ff6079!23","profile":"FT.S.16","res":16,"subtime":3.724341,"walltime":4200}}}]}'
Sending '{"now":3.741635,"events":[]}'
Received '{"now":3.808336,"events":[{"timestamp":3.808336,"type":"JOB_SUBMITTED","data":{"job_id":"ff6079!24","job":{"id":"ff6079!24","profile":"BT.S.4","res":4,"subtime":3.800530,"walltime":4200}}}]}'
Sending '{"now":3.808336,"events":[{"timestamp":3.808336,"type":"EXECUTE_JOB","data":{"job_id":"ff6079!24","alloc":"56-59"}}]}'
Received '{"now":4.062353,"events":[{"timestamp":4.062353,"type":"JOB_SUBMITTED","data":{"job_id":"ff6079!25","job":{"id":"ff6079!25","profile":"BT.S.16","res":16,"subtime":4.054552,"walltime":4200}}}]}'
Sending '{"now":4.062353,"events":[]}'
Received '{"now":4.077965,"events":[{"timestamp":4.077965,"type":"JOB_SUBMITTED","data":{"job_id":"ff6079!26","job":{"id":"ff6079!26","profile":"LU.S.16","res":16,"subtime":4.067856,"walltime":4200}}}]}'
Sending '{"now":4.077965,"events":[]}'
Received '{"now":4.094730,"events":[{"timestamp":4.094730,"type":"JOB_SUBMITTED","data":{"job_id":"ff6079!27","job":{"id":"ff6079!27","profile":"CG.S.4","res":4,"subtime":4.086924,"walltime":4200}}}]}'
Sending '{"now":4.09473,"events":[{"timestamp":4.09473,"type":"EXECUTE_JOB","data":{"job_id":"ff6079!27","alloc":"60-63"}}]}'
Received '{"now":4.202850,"events":[{"timestamp":4.202850,"type":"JOB_SUBMITTED","data":{"job_id":"ff6079!28","job":{"id":"ff6079!28","profile":"IS.S.4","res":4,"subtime":4.195046,"walltime":4200}}}]}'
Sending '{"now":4.20285,"events":[]}'
Received '{"now":4.275887,"events":[{"timestamp":4.275887,"type":"JOB_COMPLETED","data":{"job_id":"ff6079!24","job_state":"COMPLETED_SUCCESSFULLY","return_code":0,"kill_reason":"","alloc":"56-59"}}]}'
Sending '{"now":4.275887,"events":[{"timestamp":4.275887,"type":"EXECUTE_JOB","data":{"job_id":"ff6079!28","alloc":"56-59"}}]}'
Received '{"now":4.312795,"events":[{"timestamp":4.312795,"type":"JOB_SUBMITTED","data":{"job_id":"ff6079!29","job":{"id":"ff6079!29","profile":"IS.S.4","res":4,"subtime":4.304999,"walltime":4200}}}]}'
Sending '{"now":4.312795,"events":[]}'
Received '{"now":4.375440,"events":[{"timestamp":4.375440,"type":"JOB_COMPLETED","data":{"job_id":"ff6079!28","job_state":"COMPLETED_SUCCESSFULLY","return_code":0,"kill_reason":"","alloc":"56-59"}}]}'
Sending '{"now":4.37544,"events":[{"timestamp":4.37544,"type":"EXECUTE_JOB","data":{"job_id":"ff6079!29","alloc":"56-59"}}]}'
Received '{"now":4.475099,"events":[{"timestamp":4.475099,"type":"JOB_COMPLETED","data":{"job_id":"ff6079!29","job_state":"COMPLETED_SUCCESSFULLY","return_code":0,"kill_reason":"","alloc":"56-59"}}]}'
Sending '{"now":4.475099,"events":[]}'
Received '{"now":4.564535,"events":[{"timestamp":4.564535,"type":"JOB_COMPLETED","data":{"job_id":"ff6079!9","job_state":"COMPLETED_SUCCESSFULLY","return_code":0,"kill_reason":"","alloc":"40-55"}}]}'
Sending '{"now":4.564535,"events":[{"timestamp":4.564535,"type":"EXECUTE_JOB","data":{"job_id":"ff6079!15","alloc":"32-47"}}]}'
Received '{"now":4.620465,"events":[{"timestamp":4.620465,"type":"JOB_SUBMITTED","data":{"job_id":"ff6079!30","job":{"id":"ff6079!30","profile":"FT.S.16","res":16,"subtime":4.612659,"walltime":4200}}}]}'
Sending '{"now":4.620465,"events":[]}'
Received '{"now":4.711682,"events":[{"timestamp":4.711682,"type":"JOB_COMPLETED","data":{"job_id":"ff6079!15","job_state":"COMPLETED_SUCCESSFULLY","return_code":0,"kill_reason":"","alloc":"32-47"}}]}'
Sending '{"now":4.711682,"events":[{"timestamp":4.711682,"type":"EXECUTE_JOB","data":{"job_id":"ff6079!21","alloc":"32-47"}}]}'
Received '{"now":5.214518,"events":[{"timestamp":5.214518,"type":"JOB_COMPLETED","data":{"job_id":"ff6079!27","job_state":"COMPLETED_SUCCESSFULLY","return_code":0,"kill_reason":"","alloc":"60-63"}}]}'
Sending '{"now":5.214518,"events":[{"timestamp":5.214518,"type":"EXECUTE_JOB","data":{"job_id":"ff6079!22","alloc":"48-63"}}]}'
Received '{"now":5.332055,"events":[{"timestamp":5.332055,"type":"JOB_SUBMITTED","data":{"job_id":"ff6079!31","job":{"id":"ff6079!31","profile":"BT.S.16","res":16,"subtime":5.324249,"walltime":4200}}}]}'
Sending '{"now":5.332055,"events":[]}'
Received '{"now":5.405781,"events":[{"timestamp":5.405781,"type":"JOB_SUBMITTED","data":{"job_id":"ff6079!32","job":{"id":"ff6079!32","profile":"CG.S.4","res":4,"subtime":5.397975,"walltime":4200}}}]}'
Sending '{"now":5.405781,"events":[]}'
Received '{"now":5.559022,"events":[{"timestamp":5.559022,"type":"JOB_SUBMITTED","data":{"job_id":"ff6079!33","job":{"id":"ff6079!33","profile":"LU.S.16","res":16,"subtime":5.551216,"walltime":4200}}}]}'
Sending '{"now":5.559022,"events":[]}'
Received '{"now":5.603959,"events":[{"timestamp":5.603959,"type":"JOB_SUBMITTED","data":{"job_id":"ff6079!34","job":{"id":"ff6079!34","profile":"IS.S.16","res":16,"subtime":5.596153,"walltime":4200}}}]}'
Sending '{"now":5.603959,"events":[]}'
Received '{"now":5.639605,"events":[{"timestamp":5.639605,"type":"JOB_SUBMITTED","data":{"job_id":"ff6079!35","job":{"id":"ff6079!35","profile":"SP.S.4","res":4,"subtime":5.631799,"walltime":4200}}}]}'
Sending '{"now":5.639605,"events":[]}'
Received '{"now":5.707082,"events":[{"timestamp":5.707082,"type":"JOB_SUBMITTED","data":{"job_id":"ff6079!36","job":{"id":"ff6079!36","profile":"CG.S.4","res":4,"subtime":5.699276,"walltime":4200}}}]}'
Sending '{"now":5.707082,"events":[]}'
Received '{"now":5.741123,"events":[{"timestamp":5.741123,"type":"JOB_COMPLETED","data":{"job_id":"ff6079!13","job_state":"COMPLETED_SUCCESSFULLY","return_code":0,"kill_reason":"","alloc":"0-15"}}]}'
Sending '{"now":5.741123,"events":[{"timestamp":5.741123,"type":"EXECUTE_JOB","data":{"job_id":"ff6079!23","alloc":"0-15"}}]}'
Received '{"now":5.812137,"events":[{"timestamp":5.812137,"type":"JOB_SUBMITTED","data":{"job_id":"ff6079!37","job":{"id":"ff6079!37","profile":"SP.S.4","res":4,"subtime":5.804340,"walltime":4200}}}]}'
Sending '{"now":5.812137,"events":[]}'
Received '{"now":5.843500,"events":[{"timestamp":5.843500,"type":"JOB_COMPLETED","data":{"job_id":"ff6079!21","job_state":"COMPLETED_SUCCESSFULLY","return_code":0,"kill_reason":"","alloc":"32-47"}}]}'
Sending '{"now":5.8435,"events":[{"timestamp":5.8435,"type":"EXECUTE_JOB","data":{"job_id":"ff6079!25","alloc":"32-47"}}]}'
Received '{"now":5.890650,"events":[{"timestamp":5.890650,"type":"JOB_SUBMITTED","data":{"job_id":"ff6079!38","job":{"id":"ff6079!38","profile":"IS.S.16","res":16,"subtime":5.882850,"walltime":4200}}}]}'
Sending '{"now":5.89065,"events":[]}'
Received '{"now":6.003816,"events":[{"timestamp":6.003816,"type":"JOB_COMPLETED","data":{"job_id":"ff6079!23","job_state":"COMPLETED_SUCCESSFULLY","return_code":0,"kill_reason":"","alloc":"0-15"}}]}'
Sending '{"now":6.003816,"events":[{"timestamp":6.003816,"type":"EXECUTE_JOB","data":{"job_id":"ff6079!26","alloc":"0-15"}}]}'
Received '{"now":6.089345,"events":[{"timestamp":6.089345,"type":"JOB_COMPLETED","data":{"job_id":"ff6079!11","job_state":"COMPLETED_SUCCESSFULLY","return_code":0,"kill_reason":"","alloc":"16-31"}}]}'
Sending '{"now":6.089345,"events":[{"timestamp":6.089345,"type":"EXECUTE_JOB","data":{"job_id":"ff6079!30","alloc":"16-31"}}]}'
Received '{"now":6.112763,"events":[{"timestamp":6.104957,"type":"JOB_SUBMITTED","data":{"job_id":"ff6079!39","job":{"id":"ff6079!39","profile":"CG.S.16","res":16,"subtime":6.089540,"walltime":4200}}}]}'
Sending '{"now":6.112763,"events":[]}'
Received '{"now":6.352095,"events":[{"timestamp":6.352095,"type":"JOB_COMPLETED","data":{"job_id":"ff6079!30","job_state":"COMPLETED_SUCCESSFULLY","return_code":0,"kill_reason":"","alloc":"16-31"}}]}'
Sending '{"now":6.352095,"events":[{"timestamp":6.352095,"type":"EXECUTE_JOB","data":{"job_id":"ff6079!31","alloc":"16-31"}}]}'
Received '{"now":6.411481,"events":[{"timestamp":6.411481,"type":"JOB_SUBMITTED","data":{"job_id":"ff6079!40","job":{"id":"ff6079!40","profile":"BT.S.16","res":16,"subtime":6.403675,"walltime":4200}}}]}'
Sending '{"now":6.411481,"events":[]}'
Received '{"now":6.502248,"events":[{"timestamp":6.502248,"type":"JOB_SUBMITTED","data":{"job_id":"ff6079!41","job":{"id":"ff6079!41","profile":"LU.S.16","res":16,"subtime":6.494450,"walltime":4200}}}]}'
Sending '{"now":6.502248,"events":[]}'
Received '{"now":6.612193,"events":[{"timestamp":6.612193,"type":"JOB_SUBMITTED","data":{"job_id":"ff6079!42","job":{"id":"ff6079!42","profile":"CG.S.16","res":16,"subtime":6.604387,"walltime":4200}}}]}'
Sending '{"now":6.612193,"events":[]}'
Received '{"now":6.802256,"events":[{"timestamp":6.802256,"type":"JOB_SUBMITTED","data":{"job_id":"ff6079!43","job":{"id":"ff6079!43","profile":"MG.S.4","res":4,"subtime":6.794450,"walltime":4200}}}]}'
Sending '{"now":6.802256,"events":[]}'
Received '{"now":6.877410,"events":[{"timestamp":6.877410,"type":"JOB_SUBMITTED","data":{"job_id":"ff6079!44","job":{"id":"ff6079!44","profile":"LU.S.16","res":16,"subtime":6.869604,"walltime":4200}}}]}'
Sending '{"now":6.87741,"events":[]}'
Received '{"now":6.953228,"events":[{"timestamp":6.953228,"type":"JOB_SUBMITTED","data":{"job_id":"ff6079!45","job":{"id":"ff6079!45","profile":"FT.S.16","res":16,"subtime":6.945422,"walltime":4200}}}]}'
Sending '{"now":6.953228,"events":[]}'
Received '{"now":6.975154,"events":[{"timestamp":6.975154,"type":"JOB_COMPLETED","data":{"job_id":"ff6079!25","job_state":"COMPLETED_SUCCESSFULLY","return_code":0,"kill_reason":"","alloc":"32-47"}}]}'
Sending '{"now":6.975154,"events":[{"timestamp":6.975154,"type":"EXECUTE_JOB","data":{"job_id":"ff6079!32","alloc":"32-35"}}]}'
Received '{"now":7.113576,"events":[{"timestamp":7.113576,"type":"JOB_SUBMITTED","data":{"job_id":"ff6079!46","job":{"id":"ff6079!46","profile":"LU.S.4","res":4,"subtime":7.105770,"walltime":4200}}}]}'
Sending '{"now":7.113576,"events":[]}'
Received '{"now":7.147554,"events":[{"timestamp":7.147554,"type":"JOB_SUBMITTED","data":{"job_id":"ff6079!47","job":{"id":"ff6079!47","profile":"FT.S.4","res":4,"subtime":7.139748,"walltime":4200}}}]}'
Sending '{"now":7.147554,"events":[]}'
Received '{"now":7.169021,"events":[{"timestamp":7.169021,"type":"JOB_COMPLETED","data":{"job_id":"ff6079!22","job_state":"COMPLETED_SUCCESSFULLY","return_code":0,"kill_reason":"","alloc":"48-63"}}]}'
Sending '{"now":7.169021,"events":[{"timestamp":7.169021,"type":"EXECUTE_JOB","data":{"job_id":"ff6079!33","alloc":"36-51"}},{"timestamp":7.169021,"type":"EXECUTE_JOB","data":{"job_id":"ff6079!35","alloc":"52-55"}},{"timestamp":7.169021,"type":"EXECUTE_JOB","data":{"job_id":"ff6079!36","alloc":"56-59"}},{"timestamp":7.169021,"type":"EXECUTE_JOB","data":{"job_id":"ff6079!37","alloc":"60-63"}}]}'
Received '{"now":7.229110,"events":[{"timestamp":7.229110,"type":"JOB_SUBMITTED","data":{"job_id":"ff6079!48","job":{"id":"ff6079!48","profile":"CG.S.16","res":16,"subtime":7.221304,"walltime":4200}}}]}'
Sending '{"now":7.22911,"events":[]}'
Received '{"now":7.320316,"events":[{"timestamp":7.320316,"type":"JOB_SUBMITTED","data":{"job_id":"ff6079!49","job":{"id":"ff6079!49","profile":"MG.S.4","res":4,"subtime":7.312510,"walltime":4200}}}]}'
Sending '{"now":7.320316,"events":[]}'
Received '{"now":7.432018,"events":[{"timestamp":7.432018,"type":"JOB_SUBMITTED","data":{"job_id":"ff6079!50","job":{"id":"ff6079!50","profile":"MG.S.16","res":16,"subtime":7.424212,"walltime":4200}}}]}'
Sending '{"now":7.432018,"events":[]}'
Received '{"now":7.483901,"events":[{"timestamp":7.483901,"type":"JOB_COMPLETED","data":{"job_id":"ff6079!31","job_state":"COMPLETED_SUCCESSFULLY","return_code":0,"kill_reason":"","alloc":"16-31"}}]}'
Sending '{"now":7.483901,"events":[{"timestamp":7.483901,"type":"EXECUTE_JOB","data":{"job_id":"ff6079!34","alloc":"16-31"}}]}'
Received '{"now":7.553779,"events":[{"timestamp":7.553779,"type":"JOB_SUBMITTED","data":{"job_id":"ff6079!51","job":{"id":"ff6079!51","profile":"BT.S.4","res":4,"subtime":7.545983,"walltime":4200}}}]}'
Sending '{"now":7.553779,"events":[]}'
Received '{"now":7.631006,"events":[{"timestamp":7.631006,"type":"JOB_COMPLETED","data":{"job_id":"ff6079!34","job_state":"COMPLETED_SUCCESSFULLY","return_code":0,"kill_reason":"","alloc":"16-31"}}]}'
Sending '{"now":7.631006,"events":[{"timestamp":7.631006,"type":"EXECUTE_JOB","data":{"job_id":"ff6079!38","alloc":"16-31"}}]}'
Received '{"now":7.778154,"events":[{"timestamp":7.778154,"type":"JOB_COMPLETED","data":{"job_id":"ff6079!38","job_state":"COMPLETED_SUCCESSFULLY","return_code":0,"kill_reason":"","alloc":"16-31"}}]}'
Sending '{"now":7.778154,"events":[{"timestamp":7.778154,"type":"EXECUTE_JOB","data":{"job_id":"ff6079!39","alloc":"16-31"}}]}'
Received '{"now":7.952148,"events":[{"timestamp":7.952148,"type":"JOB_COMPLETED","data":{"job_id":"ff6079!35","job_state":"COMPLETED_SUCCESSFULLY","return_code":0,"kill_reason":"","alloc":"52-55"}}]}'
Sending '{"now":7.952148,"events":[{"timestamp":7.952148,"type":"EXECUTE_JOB","data":{"job_id":"ff6079!43","alloc":"52-55"}}]}'
Received '{"now":7.981430,"events":[{"timestamp":7.973624,"type":"JOB_COMPLETED","data":{"job_id":"ff6079!37","job_state":"COMPLETED_SUCCESSFULLY","return_code":0,"kill_reason":"","alloc":"60-63"}}]}'
Sending '{"now":7.98143,"events":[{"timestamp":7.98143,"type":"EXECUTE_JOB","data":{"job_id":"ff6079!46","alloc":"60-63"}}]}'
Received '{"now":8.042489,"events":[{"timestamp":8.042489,"type":"JOB_COMPLETED","data":{"job_id":"ff6079!26","job_state":"COMPLETED_SUCCESSFULLY","return_code":0,"kill_reason":"","alloc":"0-15"}}]}'
Sending '{"now":8.042489,"events":[{"timestamp":8.042489,"type":"EXECUTE_JOB","data":{"job_id":"ff6079!40","alloc":"0-15"}}]}'
Received '{"now":8.073876,"events":[{"timestamp":8.073876,"type":"JOB_SUBMITTED","data":{"job_id":"ff6079!52","job":{"id":"ff6079!52","profile":"IS.S.4","res":4,"subtime":8.066079,"walltime":4200}}}]}'
Sending '{"now":8.073876,"events":[]}'
Received '{"now":8.095343,"events":[{"timestamp":8.095343,"type":"JOB_COMPLETED","data":{"job_id":"ff6079!32","job_state":"COMPLETED_SUCCESSFULLY","return_code":0,"kill_reason":"","alloc":"32-35"}}]}'
Sending '{"now":8.095343,"events":[]}'
Received '{"now":8.202092,"events":[{"timestamp":8.202092,"type":"JOB_SUBMITTED","data":{"job_id":"ff6079!53","job":{"id":"ff6079!53","profile":"IS.S.16","res":16,"subtime":8.194286,"walltime":4200}}}]}'
Sending '{"now":8.202092,"events":[]}'
Received '{"now":8.304514,"events":[{"timestamp":8.304514,"type":"JOB_COMPLETED","data":{"job_id":"ff6079!36","job_state":"COMPLETED_SUCCESSFULLY","return_code":0,"kill_reason":"","alloc":"56-59"}}]}'
Sending '{"now":8.304514,"events":[{"timestamp":8.304514,"type":"EXECUTE_JOB","data":{"job_id":"ff6079!47","alloc":"56-59"}}]}'
Received '{"now":8.336126,"events":[{"timestamp":8.336126,"type":"JOB_SUBMITTED","data":{"job_id":"ff6079!54","job":{"id":"ff6079!54","profile":"BT.S.16","res":16,"subtime":8.328320,"walltime":4200}}}]}'
Sending '{"now":8.336126,"events":[]}'
Received '{"now":8.390807,"events":[{"timestamp":8.390807,"type":"JOB_COMPLETED","data":{"job_id":"ff6079!43","job_state":"COMPLETED_SUCCESSFULLY","return_code":0,"kill_reason":"","alloc":"52-55"}}]}'
Sending '{"now":8.390807,"events":[{"timestamp":8.390807,"type":"EXECUTE_JOB","data":{"job_id":"ff6079!49","alloc":"52-55"}}]}'
Received '{"now":8.435246,"events":[{"timestamp":8.435246,"type":"JOB_COMPLETED","data":{"job_id":"ff6079!47","job_state":"COMPLETED_SUCCESSFULLY","return_code":0,"kill_reason":"","alloc":"56-59"}}]}'
Sending '{"now":8.435246,"events":[{"timestamp":8.435246,"type":"EXECUTE_JOB","data":{"job_id":"ff6079!51","alloc":"56-59"}}]}'
Received '{"now":8.515525,"events":[{"timestamp":8.515525,"type":"JOB_SUBMITTED","data":{"job_id":"ff6079!55","job":{"id":"ff6079!55","profile":"SP.S.16","res":16,"subtime":8.507719,"walltime":4200}}}]}'
Sending '{"now":8.515525,"events":[]}'
Received '{"now":8.531319,"events":[{"timestamp":8.531319,"type":"JOB_SUBMITTED","data":{"job_id":"ff6079!56","job":{"id":"ff6079!56","profile":"IS.S.16","res":16,"subtime":8.523514,"walltime":4200}}}]}'
Sending '{"now":8.531319,"events":[]}'
Received '{"now":8.676378,"events":[{"timestamp":8.676378,"type":"JOB_SUBMITTED","data":{"job_id":"ff6079!57","job":{"id":"ff6079!57","profile":"IS.S.4","res":4,"subtime":8.668581,"walltime":4200}}}]}'
Sending '{"now":8.676378,"events":[]}'
Received '{"now":8.829423,"events":[{"timestamp":8.829423,"type":"JOB_COMPLETED","data":{"job_id":"ff6079!49","job_state":"COMPLETED_SUCCESSFULLY","return_code":0,"kill_reason":"","alloc":"52-55"}}]}'
Sending '{"now":8.829423,"events":[{"timestamp":8.829423,"type":"EXECUTE_JOB","data":{"job_id":"ff6079!52","alloc":"52-55"}}]}'
Received '{"now":8.887010,"events":[{"timestamp":8.887010,"type":"JOB_SUBMITTED","data":{"job_id":"ff6079!58","job":{"id":"ff6079!58","profile":"LU.S.4","res":4,"subtime":8.879208,"walltime":4200}}}]}'
Sending '{"now":8.88701,"events":[]}'
Received '{"now":8.908476,"events":[{"timestamp":8.908476,"type":"JOB_COMPLETED","data":{"job_id":"ff6079!51","job_state":"COMPLETED_SUCCESSFULLY","return_code":0,"kill_reason":"","alloc":"56-59"}}]}'
Sending '{"now":8.908476,"events":[{"timestamp":8.908476,"type":"EXECUTE_JOB","data":{"job_id":"ff6079!57","alloc":"56-59"}}]}'
Received '{"now":8.937749,"events":[{"timestamp":8.929943,"type":"JOB_COMPLETED","data":{"job_id":"ff6079!52","job_state":"COMPLETED_SUCCESSFULLY","return_code":0,"kill_reason":"","alloc":"52-55"}}]}'
Sending '{"now":8.937749,"events":[{"timestamp":8.937749,"type":"EXECUTE_JOB","data":{"job_id":"ff6079!58","alloc":"52-55"}}]}'
Received '{"now":8.961165,"events":[{"timestamp":8.945555,"type":"JOB_SUBMITTED","data":{"job_id":"ff6079!59","job":{"id":"ff6079!59","profile":"LU.S.4","res":4,"subtime":8.923316,"walltime":4200}}}]}'
Sending '{"now":8.961165,"events":[]}'
Received '{"now":9.008118,"events":[{"timestamp":9.008118,"type":"JOB_COMPLETED","data":{"job_id":"ff6079!57","job_state":"COMPLETED_SUCCESSFULLY","return_code":0,"kill_reason":"","alloc":"56-59"}}]}'
Sending '{"now":9.008118,"events":[{"timestamp":9.008118,"type":"EXECUTE_JOB","data":{"job_id":"ff6079!59","alloc":"56-59"}}]}'
Received '{"now":9.031701,"events":[{"timestamp":9.031701,"type":"JOB_SUBMITTED","data":{"job_id":"ff6079!60","job":{"id":"ff6079!60","profile":"SP.S.4","res":4,"subtime":9.023895,"walltime":4200}}}]}'
Sending '{"now":9.031701,"events":[]}'
Received '{"now":9.174334,"events":[{"timestamp":9.174334,"type":"JOB_COMPLETED","data":{"job_id":"ff6079!40","job_state":"COMPLETED_SUCCESSFULLY","return_code":0,"kill_reason":"","alloc":"0-15"}}]}'
Sending '{"now":9.174334,"events":[{"timestamp":9.174334,"type":"EXECUTE_JOB","data":{"job_id":"ff6079!41","alloc":"0-15"}}]}'
Received '{"now":9.197752,"events":[{"timestamp":9.189946,"type":"JOB_SUBMITTED","data":{"job_id":"ff6079!61","job":{"id":"ff6079!61","profile":"LU.S.4","res":4,"subtime":9.175989,"walltime":4200}}}]}'
Sending '{"now":9.197752,"events":[]}'
Received '{"now":9.332480,"events":[{"timestamp":9.332480,"type":"JOB_SUBMITTED","data":{"job_id":"ff6079!62","job":{"id":"ff6079!62","profile":"FT.S.16","res":16,"subtime":9.324674,"walltime":4200}}}]}'
Sending '{"now":9.33248,"events":[]}'
Received '{"now":9.712407,"events":[{"timestamp":9.712407,"type":"JOB_SUBMITTED","data":{"job_id":"ff6079!63","job":{"id":"ff6079!63","profile":"MG.S.4","res":4,"subtime":9.704601,"walltime":4200}}}]}'
Sending '{"now":9.712407,"events":[]}'
Received '{"now":10.087354,"events":[{"timestamp":10.087354,"type":"JOB_COMPLETED","data":{"job_id":"ff6079!33","job_state":"COMPLETED_SUCCESSFULLY","return_code":0,"kill_reason":"","alloc":"36-51"}}]}'
Sending '{"now":10.087354,"events":[{"timestamp":10.087354,"type":"EXECUTE_JOB","data":{"job_id":"ff6079!42","alloc":"32-47"}},{"timestamp":10.087354,"type":"EXECUTE_JOB","data":{"job_id":"ff6079!60","alloc":"48-51"}}]}'
Received '{"now":10.205862,"events":[{"timestamp":10.205862,"type":"JOB_SUBMITTED","data":{"job_id":"ff6079!64","job":{"id":"ff6079!64","profile":"MG.S.4","res":4,"subtime":10.198056,"walltime":4200}}}]}'
Sending '{"now":10.205862,"events":[]}'
Received '{"now":10.388753,"events":[{"timestamp":10.388753,"type":"JOB_COMPLETED","data":{"job_id":"ff6079!46","job_state":"COMPLETED_SUCCESSFULLY","return_code":0,"kill_reason":"","alloc":"60-63"}}]}'
Sending '{"now":10.388753,"events":[{"timestamp":10.388753,"type":"EXECUTE_JOB","data":{"job_id":"ff6079!61","alloc":"60-63"}}]}'
Received '{"now":10.798077,"events":[{"timestamp":10.798077,"type":"JOB_SUBMITTED","data":{"job_id":"ff6079!65","job":{"id":"ff6079!65","profile":"LU.S.4","res":4,"subtime":10.790271,"walltime":4200}}}]}'
Sending '{"now":10.798077,"events":[]}'
Received '{"now":10.869828,"events":[{"timestamp":10.869828,"type":"JOB_COMPLETED","data":{"job_id":"ff6079!60","job_state":"COMPLETED_SUCCESSFULLY","return_code":0,"kill_reason":"","alloc":"48-51"}}]}'
Sending '{"now":10.869828,"events":[{"timestamp":10.869828,"type":"EXECUTE_JOB","data":{"job_id":"ff6079!63","alloc":"48-51"}}]}'
Received '{"now":11.023408,"events":[{"timestamp":11.023408,"type":"JOB_SUBMITTED","data":{"job_id":"ff6079!66","job":{"id":"ff6079!66","profile":"LU.S.16","res":16,"subtime":11.015602,"walltime":4200}}}]}'
Sending '{"now":11.023408,"events":[]}'
Received '{"now":11.066497,"events":[{"timestamp":11.066497,"type":"JOB_SUBMITTED","data":{"job_id":"ff6079!67","job":{"id":"ff6079!67","profile":"MG.S.16","res":16,"subtime":11.058691,"walltime":4200}}}]}'
Sending '{"now":11.066497,"events":[]}'
Received '{"now":11.213645,"events":[{"timestamp":11.213645,"type":"JOB_COMPLETED","data":{"job_id":"ff6079!41","job_state":"COMPLETED_SUCCESSFULLY","return_code":0,"kill_reason":"","alloc":"0-15"}}]}'
Sending '{"now":11.213645,"events":[{"timestamp":11.213645,"type":"EXECUTE_JOB","data":{"job_id":"ff6079!44","alloc":"0-15"}}]}'
Received '{"now":11.308528,"events":[{"timestamp":11.308528,"type":"JOB_COMPLETED","data":{"job_id":"ff6079!63","job_state":"COMPLETED_SUCCESSFULLY","return_code":0,"kill_reason":"","alloc":"48-51"}}]}'
Sending '{"now":11.308528,"events":[{"timestamp":11.308528,"type":"EXECUTE_JOB","data":{"job_id":"ff6079!64","alloc":"48-51"}}]}'
Received '{"now":11.352988,"events":[{"timestamp":11.352988,"type":"JOB_COMPLETED","data":{"job_id":"ff6079!58","job_state":"COMPLETED_SUCCESSFULLY","return_code":0,"kill_reason":"","alloc":"52-55"}}]}'
Sending '{"now":11.352988,"events":[{"timestamp":11.352988,"type":"EXECUTE_JOB","data":{"job_id":"ff6079!65","alloc":"52-55"}}]}'
Received '{"now":11.382260,"events":[{"timestamp":11.366648,"type":"JOB_COMPLETED","data":{"job_id":"ff6079!39","job_state":"COMPLETED_SUCCESSFULLY","return_code":0,"kill_reason":"","alloc":"16-31"}}]}'
Sending '{"now":11.38226,"events":[{"timestamp":11.38226,"type":"EXECUTE_JOB","data":{"job_id":"ff6079!45","alloc":"16-31"}}]}'
Received '{"now":11.405678,"events":[{"timestamp":11.397872,"type":"JOB_SUBMITTED","data":{"job_id":"ff6079!68","job":{"id":"ff6079!68","profile":"CG.S.4","res":4,"subtime":11.385119,"walltime":4200}}}]}'
Sending '{"now":11.405678,"events":[]}'
Received '{"now":11.427144,"events":[{"timestamp":11.419338,"type":"JOB_COMPLETED","data":{"job_id":"ff6079!59","job_state":"COMPLETED_SUCCESSFULLY","return_code":0,"kill_reason":"","alloc":"56-59"}}]}'
Sending '{"now":11.427144,"events":[{"timestamp":11.427144,"type":"EXECUTE_JOB","data":{"job_id":"ff6079!68","alloc":"56-59"}}]}'
Received '{"now":11.516749,"events":[{"timestamp":11.516749,"type":"JOB_SUBMITTED","data":{"job_id":"ff6079!69","job":{"id":"ff6079!69","profile":"MG.S.16","res":16,"subtime":11.508943,"walltime":4200}}}]}'
Sending '{"now":11.516749,"events":[]}'
Received '{"now":11.532352,"events":[{"timestamp":11.524555,"type":"JOB_SUBMITTED","data":{"job_id":"ff6079!70","job":{"id":"ff6079!70","profile":"BT.S.4","res":4,"subtime":11.510962,"walltime":4200}}}]}'
Sending '{"now":11.532352,"events":[]}'
Received '{"now":11.605857,"events":[{"timestamp":11.605857,"type":"JOB_SUBMITTED","data":{"job_id":"ff6079!71","job":{"id":"ff6079!71","profile":"LU.S.4","res":4,"subtime":11.598051,"walltime":4200}}}]}'
Sending '{"now":11.605857,"events":[]}'
Received '{"now":11.638904,"events":[{"timestamp":11.638904,"type":"JOB_SUBMITTED","data":{"job_id":"ff6079!72","job":{"id":"ff6079!72","profile":"LU.S.16","res":16,"subtime":11.631098,"walltime":4200}}}]}'
Sending '{"now":11.638904,"events":[]}'
Received '{"now":11.660370,"events":[{"timestamp":11.652564,"type":"JOB_COMPLETED","data":{"job_id":"ff6079!45","job_state":"COMPLETED_SUCCESSFULLY","return_code":0,"kill_reason":"","alloc":"16-31"}}]}'
Sending '{"now":11.66037,"events":[{"timestamp":11.66037,"type":"EXECUTE_JOB","data":{"job_id":"ff6079!48","alloc":"16-31"}}]}'
Received '{"now":11.747148,"events":[{"timestamp":11.747148,"type":"JOB_COMPLETED","data":{"job_id":"ff6079!64","job_state":"COMPLETED_SUCCESSFULLY","return_code":0,"kill_reason":"","alloc":"48-51"}}]}'
Sending '{"now":11.747148,"events":[{"timestamp":11.747148,"type":"EXECUTE_JOB","data":{"job_id":"ff6079!70","alloc":"48-51"}}]}'
Received '{"now":12.030468,"events":[{"timestamp":12.030468,"type":"JOB_SUBMITTED","data":{"job_id":"ff6079!73","job":{"id":"ff6079!73","profile":"LU.S.4","res":4,"subtime":12.022662,"walltime":4200}}}]}'
Sending '{"now":12.030468,"events":[]}'
Received '{"now":12.132800,"events":[{"timestamp":12.132800,"type":"JOB_SUBMITTED","data":{"job_id":"ff6079!74","job":{"id":"ff6079!74","profile":"IS.S.4","res":4,"subtime":12.124994,"walltime":4200}}}]}'
Sending '{"now":12.1328,"events":[]}'
Received '{"now":12.215211,"events":[{"timestamp":12.215211,"type":"JOB_COMPLETED","data":{"job_id":"ff6079!70","job_state":"COMPLETED_SUCCESSFULLY","return_code":0,"kill_reason":"","alloc":"48-51"}}]}'
Sending '{"now":12.215211,"events":[{"timestamp":12.215211,"type":"EXECUTE_JOB","data":{"job_id":"ff6079!71","alloc":"48-51"}}]}'
Received '{"now":12.508284,"events":[{"timestamp":12.508284,"type":"JOB_SUBMITTED","data":{"job_id":"ff6079!75","job":{"id":"ff6079!75","profile":"MG.S.16","res":16,"subtime":12.500478,"walltime":4200}}}]}'
Sending '{"now":12.508284,"events":[]}'
Received '{"now":12.534993,"events":[{"timestamp":12.534993,"type":"JOB_SUBMITTED","data":{"job_id":"ff6079!76","job":{"id":"ff6079!76","profile":"LU.S.4","res":4,"subtime":12.527187,"walltime":4200}}}]}'
Sending '{"now":12.534993,"events":[]}'
Received '{"now":12.556459,"events":[{"timestamp":12.548653,"type":"JOB_COMPLETED","data":{"job_id":"ff6079!68","job_state":"COMPLETED_SUCCESSFULLY","return_code":0,"kill_reason":"","alloc":"56-59"}}]}'
Sending '{"now":12.556459,"events":[{"timestamp":12.556459,"type":"EXECUTE_JOB","data":{"job_id":"ff6079!73","alloc":"56-59"}}]}'
Received '{"now":12.796172,"events":[{"timestamp":12.796172,"type":"JOB_COMPLETED","data":{"job_id":"ff6079!61","job_state":"COMPLETED_SUCCESSFULLY","return_code":0,"kill_reason":"","alloc":"60-63"}}]}'
Sending '{"now":12.796172,"events":[{"timestamp":12.796172,"type":"EXECUTE_JOB","data":{"job_id":"ff6079!74","alloc":"60-63"}}]}'
Received '{"now":12.819600,"events":[{"timestamp":12.811794,"type":"JOB_SUBMITTED","data":{"job_id":"ff6079!77","job":{"id":"ff6079!77","profile":"FT.S.16","res":16,"subtime":12.803682,"walltime":4200}}}]}'
Sending '{"now":12.8196,"events":[]}'
Received '{"now":12.895835,"events":[{"timestamp":12.895835,"type":"JOB_COMPLETED","data":{"job_id":"ff6079!74","job_state":"COMPLETED_SUCCESSFULLY","return_code":0,"kill_reason":"","alloc":"60-63"}}]}'
Sending '{"now":12.895835,"events":[{"timestamp":12.895835,"type":"EXECUTE_JOB","data":{"job_id":"ff6079!76","alloc":"60-63"}}]}'
Received '{"now":12.957925,"events":[{"timestamp":12.957925,"type":"JOB_SUBMITTED","data":{"job_id":"ff6079!78","job":{"id":"ff6079!78","profile":"CG.S.4","res":4,"subtime":12.950124,"walltime":4200}}}]}'
Sending '{"now":12.957925,"events":[]}'
Received '{"now":12.973537,"events":[{"timestamp":12.973537,"type":"JOB_SUBMITTED","data":{"job_id":"ff6079!79","job":{"id":"ff6079!79","profile":"CG.S.4","res":4,"subtime":12.962095,"walltime":4200}}}]}'
Sending '{"now":12.973537,"events":[]}'
Received '{"now":13.252843,"events":[{"timestamp":13.252843,"type":"JOB_COMPLETED","data":{"job_id":"ff6079!44","job_state":"COMPLETED_SUCCESSFULLY","return_code":0,"kill_reason":"","alloc":"0-15"}}]}'
Sending '{"now":13.252843,"events":[{"timestamp":13.252843,"type":"EXECUTE_JOB","data":{"job_id":"ff6079!50","alloc":"0-15"}}]}'
Received '{"now":13.294280,"events":[{"timestamp":13.294280,"type":"JOB_SUBMITTED","data":{"job_id":"ff6079!80","job":{"id":"ff6079!80","profile":"LU.S.4","res":4,"subtime":13.286474,"walltime":4200}}}]}'
Sending '{"now":13.29428,"events":[]}'
Received '{"now":13.315731,"events":[{"timestamp":13.315731,"type":"JOB_SUBMITTED","data":{"job_id":"ff6079!81","job":{"id":"ff6079!81","profile":"IS.S.4","res":4,"subtime":13.307925,"walltime":4200}}}]}'
Sending '{"now":13.315731,"events":[]}'
Received '{"now":13.353968,"events":[{"timestamp":13.353968,"type":"JOB_SUBMITTED","data":{"job_id":"ff6079!82","job":{"id":"ff6079!82","profile":"FT.S.4","res":4,"subtime":13.346162,"walltime":4200}}}]}'
Sending '{"now":13.353968,"events":[]}'
Received '{"now":13.376006,"events":[{"timestamp":13.376006,"type":"JOB_SUBMITTED","data":{"job_id":"ff6079!83","job":{"id":"ff6079!83","profile":"IS.S.16","res":16,"subtime":13.368200,"walltime":4200}}}]}'
Sending '{"now":13.376006,"events":[]}'
Received '{"now":13.427071,"events":[{"timestamp":13.427071,"type":"JOB_SUBMITTED","data":{"job_id":"ff6079!84","job":{"id":"ff6079!84","profile":"MG.S.16","res":16,"subtime":13.419265,"walltime":4200}}}]}'
Sending '{"now":13.427071,"events":[]}'
Received '{"now":13.620454,"events":[{"timestamp":13.620454,"type":"JOB_SUBMITTED","data":{"job_id":"ff6079!85","job":{"id":"ff6079!85","profile":"IS.S.4","res":4,"subtime":13.612648,"walltime":4200}}}]}'
Sending '{"now":13.620454,"events":[]}'
Received '{"now":13.636066,"events":[{"timestamp":13.636066,"type":"JOB_SUBMITTED","data":{"job_id":"ff6079!86","job":{"id":"ff6079!86","profile":"MG.S.16","res":16,"subtime":13.624678,"walltime":4200}}}]}'
Sending '{"now":13.636066,"events":[]}'
Received '{"now":13.668944,"events":[{"timestamp":13.668944,"type":"JOB_COMPLETED","data":{"job_id":"ff6079!42","job_state":"COMPLETED_SUCCESSFULLY","return_code":0,"kill_reason":"","alloc":"32-47"}}]}'
Sending '{"now":13.668944,"events":[{"timestamp":13.668944,"type":"EXECUTE_JOB","data":{"job_id":"ff6079!53","alloc":"32-47"}}]}'
Received '{"now":13.714572,"events":[{"timestamp":13.714572,"type":"JOB_SUBMITTED","data":{"job_id":"ff6079!87","job":{"id":"ff6079!87","profile":"BT.S.16","res":16,"subtime":13.706766,"walltime":4200}}}]}'
Sending '{"now":13.714572,"events":[]}'
Received '{"now":13.734029,"events":[{"timestamp":13.734029,"type":"JOB_SUBMITTED","data":{"job_id":"ff6079!88","job":{"id":"ff6079!88","profile":"FT.S.4","res":4,"subtime":13.726223,"walltime":4200}}}]}'
Sending '{"now":13.734029,"events":[]}'
Received '{"now":13.749651,"events":[{"timestamp":13.749651,"type":"JOB_SUBMITTED","data":{"job_id":"ff6079!89","job":{"id":"ff6079!89","profile":"BT.S.4","res":4,"subtime":13.740388,"walltime":4200}}}]}'
Sending '{"now":13.749651,"events":[]}'
Received '{"now":13.774060,"events":[{"timestamp":13.774060,"type":"JOB_COMPLETED","data":{"job_id":"ff6079!65","job_state":"COMPLETED_SUCCESSFULLY","return_code":0,"kill_reason":"","alloc":"52-55"}}]}'
Sending '{"now":13.77406,"events":[{"timestamp":13.77406,"type":"EXECUTE_JOB","data":{"job_id":"ff6079!78","alloc":"52-55"}}]}'
Received '{"now":13.802154,"events":[{"timestamp":13.802154,"type":"JOB_SUBMITTED","data":{"job_id":"ff6079!90","job":{"id":"ff6079!90","profile":"LU.S.16","res":16,"subtime":13.794348,"walltime":4200}}}]}'
Sending '{"now":13.802154,"events":[]}'
Received '{"now":13.823620,"events":[{"timestamp":13.823620,"type":"JOB_COMPLETED","data":{"job_id":"ff6079!53","job_state":"COMPLETED_SUCCESSFULLY","return_code":0,"kill_reason":"","alloc":"32-47"}}]}'
Sending '{"now":13.82362,"events":[{"timestamp":13.82362,"type":"EXECUTE_JOB","data":{"job_id":"ff6079!54","alloc":"32-47"}}]}'
Received '{"now":13.872906,"events":[{"timestamp":13.872906,"type":"JOB_SUBMITTED","data":{"job_id":"ff6079!91","job":{"id":"ff6079!91","profile":"MG.S.4","res":4,"subtime":13.865100,"walltime":4200}}}]}'
Sending '{"now":13.872906,"events":[]}'
Received '{"now":13.999809,"events":[{"timestamp":13.999809,"type":"JOB_COMPLETED","data":{"job_id":"ff6079!50","job_state":"COMPLETED_SUCCESSFULLY","return_code":0,"kill_reason":"","alloc":"0-15"}}]}'
Sending '{"now":13.999809,"events":[{"timestamp":13.999809,"type":"EXECUTE_JOB","data":{"job_id":"ff6079!55","alloc":"0-15"}}]}'
Received '{"now":14.058344,"events":[{"timestamp":14.058344,"type":"JOB_SUBMITTED","data":{"job_id":"ff6079!92","job":{"id":"ff6079!92","profile":"MG.S.16","res":16,"subtime":14.050538,"walltime":4200}}}]}'
Sending '{"now":14.058344,"events":[]}'
Received '{"now":14.205770,"events":[{"timestamp":14.205770,"type":"JOB_SUBMITTED","data":{"job_id":"ff6079!93","job":{"id":"ff6079!93","profile":"LU.S.4","res":4,"subtime":14.197964,"walltime":4200}}}]}'
Sending '{"now":14.20577,"events":[]}'
Received '{"now":14.221382,"events":[{"timestamp":14.221382,"type":"JOB_SUBMITTED","data":{"job_id":"ff6079!94","job":{"id":"ff6079!94","profile":"SP.S.4","res":4,"subtime":14.208928,"walltime":4200}}}]}'
Sending '{"now":14.221382,"events":[]}'
Received '{"now":14.320574,"events":[{"timestamp":14.320574,"type":"JOB_SUBMITTED","data":{"job_id":"ff6079!95","job":{"id":"ff6079!95","profile":"BT.S.4","res":4,"subtime":14.312768,"walltime":4200}}}]}'
Sending '{"now":14.320574,"events":[]}'
Received '{"now":14.622476,"events":[{"timestamp":14.622476,"type":"JOB_COMPLETED","data":{"job_id":"ff6079!71","job_state":"COMPLETED_SUCCESSFULLY","return_code":0,"kill_reason":"","alloc":"48-51"}}]}'
Sending '{"now":14.622476,"events":[{"timestamp":14.622476,"type":"EXECUTE_JOB","data":{"job_id":"ff6079!79","alloc":"48-51"}}]}'
Received '{"now":14.716274,"events":[{"timestamp":14.716274,"type":"JOB_SUBMITTED","data":{"job_id":"ff6079!96","job":{"id":"ff6079!96","profile":"CG.S.4","res":4,"subtime":14.708468,"walltime":4200}}}]}'
Sending '{"now":14.716274,"events":[]}'
Received '{"now":14.893983,"events":[{"timestamp":14.893983,"type":"JOB_COMPLETED","data":{"job_id":"ff6079!78","job_state":"COMPLETED_SUCCESSFULLY","return_code":0,"kill_reason":"","alloc":"52-55"}}]}'
Sending '{"now":14.893983,"events":[{"timestamp":14.893983,"type":"EXECUTE_JOB","data":{"job_id":"ff6079!80","alloc":"52-55"}}]}'
Received '{"now":14.955187,"events":[{"timestamp":14.955187,"type":"JOB_COMPLETED","data":{"job_id":"ff6079!54","job_state":"COMPLETED_SUCCESSFULLY","return_code":0,"kill_reason":"","alloc":"32-47"}}]}'
Sending '{"now":14.955187,"events":[{"timestamp":14.955187,"type":"EXECUTE_JOB","data":{"job_id":"ff6079!56","alloc":"32-47"}}]}'
Received '{"now":14.984460,"events":[{"timestamp":14.968848,"type":"JOB_COMPLETED","data":{"job_id":"ff6079!73","job_state":"COMPLETED_SUCCESSFULLY","return_code":0,"kill_reason":"","alloc":"56-59"}}]}'
Sending '{"now":14.98446,"events":[{"timestamp":14.98446,"type":"EXECUTE_JOB","data":{"job_id":"ff6079!81","alloc":"56-59"}}]}'
Received '{"now":15.084056,"events":[{"timestamp":15.084056,"type":"JOB_COMPLETED","data":{"job_id":"ff6079!81","job_state":"COMPLETED_SUCCESSFULLY","return_code":0,"kill_reason":"","alloc":"56-59"}}]}'
Sending '{"now":15.084056,"events":[{"timestamp":15.084056,"type":"EXECUTE_JOB","data":{"job_id":"ff6079!82","alloc":"56-59"}}]}'
Received '{"now":15.115954,"events":[{"timestamp":15.115954,"type":"JOB_COMPLETED","data":{"job_id":"ff6079!56","job_state":"COMPLETED_SUCCESSFULLY","return_code":0,"kill_reason":"","alloc":"32-47"}}]}'
Sending '{"now":15.115954,"events":[{"timestamp":15.115954,"type":"EXECUTE_JOB","data":{"job_id":"ff6079!62","alloc":"32-47"}}]}'
Received '{"now":15.157284,"events":[{"timestamp":15.157284,"type":"JOB_SUBMITTED","data":{"job_id":"ff6079!97","job":{"id":"ff6079!97","profile":"CG.S.16","res":16,"subtime":15.149478,"walltime":4200}}}]}'
Sending '{"now":15.157284,"events":[]}'
Received '{"now":15.214768,"events":[{"timestamp":15.214768,"type":"JOB_COMPLETED","data":{"job_id":"ff6079!82","job_state":"COMPLETED_SUCCESSFULLY","return_code":0,"kill_reason":"","alloc":"56-59"}}]}'
Sending '{"now":15.214768,"events":[{"timestamp":15.214768,"type":"EXECUTE_JOB","data":{"job_id":"ff6079!85","alloc":"56-59"}}]}'
Received '{"now":15.244050,"events":[{"timestamp":15.244050,"type":"JOB_COMPLETED","data":{"job_id":"ff6079!48","job_state":"COMPLETED_SUCCESSFULLY","return_code":0,"kill_reason":"","alloc":"16-31"}}]}'
Sending '{"now":15.24405,"events":[{"timestamp":15.24405,"type":"EXECUTE_JOB","data":{"job_id":"ff6079!66","alloc":"16-31"}}]}'
Received '{"now":15.302857,"events":[{"timestamp":15.302857,"type":"JOB_COMPLETED","data":{"job_id":"ff6079!76","job_state":"COMPLETED_SUCCESSFULLY","return_code":0,"kill_reason":"","alloc":"60-63"}}]}'
Sending '{"now":15.302857,"events":[{"timestamp":15.302857,"type":"EXECUTE_JOB","data":{"job_id":"ff6079!88","alloc":"60-63"}}]}'
Received '{"now":15.332127,"events":[{"timestamp":15.316517,"type":"JOB_COMPLETED","data":{"job_id":"ff6079!85","job_state":"COMPLETED_SUCCESSFULLY","return_code":0,"kill_reason":"","alloc":"56-59"}}]}'
Sending '{"now":15.332127,"events":[{"timestamp":15.332127,"type":"EXECUTE_JOB","data":{"job_id":"ff6079!89","alloc":"56-59"}}]}'
Received '{"now":15.378706,"events":[{"timestamp":15.378706,"type":"JOB_COMPLETED","data":{"job_id":"ff6079!62","job_state":"COMPLETED_SUCCESSFULLY","return_code":0,"kill_reason":"","alloc":"32-47"}}]}'
Sending '{"now":15.378706,"events":[{"timestamp":15.378706,"type":"EXECUTE_JOB","data":{"job_id":"ff6079!67","alloc":"32-47"}}]}'
Received '{"now":15.412311,"events":[{"timestamp":15.412311,"type":"JOB_SUBMITTED","data":{"job_id":"ff6079!98","job":{"id":"ff6079!98","profile":"CG.S.16","res":16,"subtime":15.404505,"walltime":4200}}}]}'
Sending '{"now":15.412311,"events":[]}'
Received '{"now":15.447269,"events":[{"timestamp":15.447269,"type":"JOB_COMPLETED","data":{"job_id":"ff6079!88","job_state":"COMPLETED_SUCCESSFULLY","return_code":0,"kill_reason":"","alloc":"60-63"}}]}'
Sending '{"now":15.447269,"events":[{"timestamp":15.447269,"type":"EXECUTE_JOB","data":{"job_id":"ff6079!91","alloc":"60-63"}}]}'
Received '{"now":15.635367,"events":[{"timestamp":15.635367,"type":"JOB_SUBMITTED","data":{"job_id":"ff6079!99","job":{"id":"ff6079!99","profile":"LU.S.16","res":16,"subtime":15.627570,"walltime":4200}}}]}'
Sending '{"now":15.635367,"events":[]}'
Received '{"now":15.742205,"events":[{"timestamp":15.742205,"type":"JOB_COMPLETED","data":{"job_id":"ff6079!79","job_state":"COMPLETED_SUCCESSFULLY","return_code":0,"kill_reason":"","alloc":"48-51"}}]}'
Sending '{"now":15.742205,"events":[{"timestamp":15.742205,"type":"EXECUTE_JOB","data":{"job_id":"ff6079!93","alloc":"48-51"}}]}'
Received '{"now":15.765623,"events":[{"timestamp":15.757817,"type":"JOB_SUBMITTED","data":{"job_id":"ff6079!100","job":{"id":"ff6079!100","profile":"IS.S.4","res":4,"subtime":15.747681,"walltime":4200}}}]}'
Sending '{"now":15.765623,"events":[]}'
Received '{"now":15.800058,"events":[{"timestamp":15.800058,"type":"JOB_COMPLETED","data":{"job_id":"ff6079!89","job_state":"COMPLETED_SUCCESSFULLY","return_code":0,"kill_reason":"","alloc":"56-59"}}]}'
Sending '{"now":15.800058,"events":[{"timestamp":15.800058,"type":"EXECUTE_JOB","data":{"job_id":"ff6079!94","alloc":"56-59"}}]}'
Received '{"now":15.885855,"events":[{"timestamp":15.885855,"type":"JOB_COMPLETED","data":{"job_id":"ff6079!91","job_state":"COMPLETED_SUCCESSFULLY","return_code":0,"kill_reason":"","alloc":"60-63"}}]}'
Sending '{"now":15.885855,"events":[{"timestamp":15.885855,"type":"EXECUTE_JOB","data":{"job_id":"ff6079!95","alloc":"60-63"}}]}'
Received '{"now":15.961452,"events":[{"timestamp":15.961452,"type":"JOB_COMPLETED","data":{"job_id":"ff6079!55","job_state":"COMPLETED_SUCCESSFULLY","return_code":0,"kill_reason":"","alloc":"0-15"}}]}'
Sending '{"now":15.961452,"events":[{"timestamp":15.961452,"type":"EXECUTE_JOB","data":{"job_id":"ff6079!69","alloc":"0-15"}}]}'
Received '{"now":15.984867,"events":[{"timestamp":15.969258,"type":"JOB_SUBMITTED","data":{"job_id":"ff6079!101","job":{"id":"ff6079!101","profile":"BT.S.4","res":4,"subtime":15.949051,"walltime":4200}}}]}'
Sending '{"now":15.984867,"events":[]}'
Received '{"now":16.059841,"events":[{"timestamp":16.059841,"type":"JOB_SUBMITTED","data":{"job_id":"ff6079!102","job":{"id":"ff6079!102","profile":"IS.S.4","res":4,"subtime":16.052035,"walltime":4200}}}]}'
Sending '{"now":16.059841,"events":[]}'
Received '{"now":16.125596,"events":[{"timestamp":16.125596,"type":"JOB_COMPLETED","data":{"job_id":"ff6079!67","job_state":"COMPLETED_SUCCESSFULLY","return_code":0,"kill_reason":"","alloc":"32-47"}}]}'
Sending '{"now":16.125596,"events":[{"timestamp":16.125596,"type":"EXECUTE_JOB","data":{"job_id":"ff6079!72","alloc":"32-47"}}]}'
Received '{"now":16.174733,"events":[{"timestamp":16.174733,"type":"JOB_SUBMITTED","data":{"job_id":"ff6079!103","job":{"id":"ff6079!103","profile":"BT.S.4","res":4,"subtime":16.166927,"walltime":4200}}}]}'
Sending '{"now":16.174733,"events":[]}'
Received '{"now":16.297147,"events":[{"timestamp":16.297147,"type":"JOB_SUBMITTED","data":{"job_id":"ff6079!104","job":{"id":"ff6079!104","profile":"FT.S.16","res":16,"subtime":16.289341,"walltime":4200}}}]}'
Sending '{"now":16.297147,"events":[]}'
Received '{"now":16.312754,"events":[{"timestamp":16.312754,"type":"JOB_SUBMITTED","data":{"job_id":"ff6079!105","job":{"id":"ff6079!105","profile":"CG.S.16","res":16,"subtime":16.303626,"walltime":4200}}}]}'
Sending '{"now":16.312754,"events":[]}'
Received '{"now":16.344266,"events":[{"timestamp":16.344266,"type":"JOB_SUBMITTED","data":{"job_id":"ff6079!106","job":{"id":"ff6079!106","profile":"SP.S.4","res":4,"subtime":16.336460,"walltime":4200}}}]}'
Sending '{"now":16.344266,"events":[]}'
Received '{"now":16.365732,"events":[{"timestamp":16.357926,"type":"JOB_COMPLETED","data":{"job_id":"ff6079!95","job_state":"COMPLETED_SUCCESSFULLY","return_code":0,"kill_reason":"","alloc":"60-63"}}]}'
Sending '{"now":16.365732,"events":[{"timestamp":16.365732,"type":"EXECUTE_JOB","data":{"job_id":"ff6079!96","alloc":"60-63"}}]}'
Received '{"now":16.389150,"events":[{"timestamp":16.373538,"type":"JOB_SUBMITTED","data":{"job_id":"ff6079!107","job":{"id":"ff6079!107","profile":"FT.S.4","res":4,"subtime":16.356731,"walltime":4200}}}]}'
Sending '{"now":16.38915,"events":[]}'
Received '{"now":16.454544,"events":[{"timestamp":16.454544,"type":"JOB_SUBMITTED","data":{"job_id":"ff6079!108","job":{"id":"ff6079!108","profile":"LU.S.16","res":16,"subtime":16.446738,"walltime":4200}}}]}'
Sending '{"now":16.454544,"events":[]}'
Received '{"now":16.574406,"events":[{"timestamp":16.574406,"type":"JOB_COMPLETED","data":{"job_id":"ff6079!94","job_state":"COMPLETED_SUCCESSFULLY","return_code":0,"kill_reason":"","alloc":"56-59"}}]}'
Sending '{"now":16.574406,"events":[{"timestamp":16.574406,"type":"EXECUTE_JOB","data":{"job_id":"ff6079!100","alloc":"56-59"}}]}'
Received '{"now":16.674074,"events":[{"timestamp":16.674074,"type":"JOB_COMPLETED","data":{"job_id":"ff6079!100","job_state":"COMPLETED_SUCCESSFULLY","return_code":0,"kill_reason":"","alloc":"56-59"}}]}'
Sending '{"now":16.674074,"events":[{"timestamp":16.674074,"type":"EXECUTE_JOB","data":{"job_id":"ff6079!101","alloc":"56-59"}}]}'
Received '{"now":16.697492,"events":[{"timestamp":16.697492,"type":"JOB_SUBMITTED","data":{"job_id":"ff6079!109","job":{"id":"ff6079!109","profile":"CG.S.16","res":16,"subtime":16.688267,"walltime":4200}}}]}'
Sending '{"now":16.697492,"events":[]}'
Received '{"now":16.718959,"events":[{"timestamp":16.718959,"type":"JOB_COMPLETED","data":{"job_id":"ff6079!69","job_state":"COMPLETED_SUCCESSFULLY","return_code":0,"kill_reason":"","alloc":"0-15"}}]}'
Sending '{"now":16.718959,"events":[{"timestamp":16.718959,"type":"EXECUTE_JOB","data":{"job_id":"ff6079!75","alloc":"0-15"}}]}'
Received '{"now":16.991539,"events":[{"timestamp":16.991539,"type":"JOB_SUBMITTED","data":{"job_id":"ff6079!110","job":{"id":"ff6079!110","profile":"SP.S.4","res":4,"subtime":16.983733,"walltime":4200}}}]}'
Sending '{"now":16.991539,"events":[]}'
Received '{"now":17.104176,"events":[{"timestamp":17.104176,"type":"JOB_SUBMITTED","data":{"job_id":"ff6079!111","job":{"id":"ff6079!111","profile":"MG.S.16","res":16,"subtime":17.096370,"walltime":4200}}}]}'
Sending '{"now":17.104176,"events":[]}'
Received '{"now":17.142202,"events":[{"timestamp":17.142202,"type":"JOB_COMPLETED","data":{"job_id":"ff6079!101","job_state":"COMPLETED_SUCCESSFULLY","return_code":0,"kill_reason":"","alloc":"56-59"}}]}'
Sending '{"now":17.142202,"events":[{"timestamp":17.142202,"type":"EXECUTE_JOB","data":{"job_id":"ff6079!102","alloc":"56-59"}}]}'
Received '{"now":17.165620,"events":[{"timestamp":17.157814,"type":"JOB_SUBMITTED","data":{"job_id":"ff6079!112","job":{"id":"ff6079!112","profile":"BT.S.4","res":4,"subtime":17.147783,"walltime":4200}}}]}'
Sending '{"now":17.16562,"events":[]}'
Received '{"now":17.241858,"events":[{"timestamp":17.241858,"type":"JOB_COMPLETED","data":{"job_id":"ff6079!102","job_state":"COMPLETED_SUCCESSFULLY","return_code":0,"kill_reason":"","alloc":"56-59"}}]}'
Sending '{"now":17.241858,"events":[{"timestamp":17.241858,"type":"EXECUTE_JOB","data":{"job_id":"ff6079!103","alloc":"56-59"}}]}'
Received '{"now":17.282910,"events":[{"timestamp":17.282910,"type":"JOB_COMPLETED","data":{"job_id":"ff6079!66","job_state":"COMPLETED_SUCCESSFULLY","return_code":0,"kill_reason":"","alloc":"16-31"}}]}'
Sending '{"now":17.28291,"events":[{"timestamp":17.28291,"type":"EXECUTE_JOB","data":{"job_id":"ff6079!77","alloc":"16-31"}}]}'
Received '{"now":17.312192,"events":[{"timestamp":17.304386,"type":"JOB_COMPLETED","data":{"job_id":"ff6079!80","job_state":"COMPLETED_SUCCESSFULLY","return_code":0,"kill_reason":"","alloc":"52-55"}}]}'
Sending '{"now":17.312192,"events":[{"timestamp":17.312192,"type":"EXECUTE_JOB","data":{"job_id":"ff6079!106","alloc":"52-55"}}]}'
Received '{"now":17.335604,"events":[{"timestamp":17.319998,"type":"JOB_SUBMITTED","data":{"job_id":"ff6079!113","job":{"id":"ff6079!113","profile":"FT.S.4","res":4,"subtime":17.307983,"walltime":4200}}}]}'
Sending '{"now":17.335604,"events":[]}'
Received '{"now":17.465913,"events":[{"timestamp":17.465913,"type":"JOB_COMPLETED","data":{"job_id":"ff6079!75","job_state":"COMPLETED_SUCCESSFULLY","return_code":0,"kill_reason":"","alloc":"0-15"}}]}'
Sending '{"now":17.465913,"events":[{"timestamp":17.465913,"type":"EXECUTE_JOB","data":{"job_id":"ff6079!83","alloc":"0-15"}}]}'
Received '{"now":17.495186,"events":[{"timestamp":17.495186,"type":"JOB_COMPLETED","data":{"job_id":"ff6079!96","job_state":"COMPLETED_SUCCESSFULLY","return_code":0,"kill_reason":"","alloc":"60-63"}}]}'
Sending '{"now":17.495186,"events":[{"timestamp":17.495186,"type":"EXECUTE_JOB","data":{"job_id":"ff6079!107","alloc":"60-63"}}]}'
Received '{"now":17.545666,"events":[{"timestamp":17.545666,"type":"JOB_COMPLETED","data":{"job_id":"ff6079!77","job_state":"COMPLETED_SUCCESSFULLY","return_code":0,"kill_reason":"","alloc":"16-31"}}]}'
Sending '{"now":17.545666,"events":[{"timestamp":17.545666,"type":"EXECUTE_JOB","data":{"job_id":"ff6079!84","alloc":"16-31"}}]}'
Received '{"now":17.597757,"events":[{"timestamp":17.597757,"type":"JOB_SUBMITTED","data":{"job_id":"ff6079!114","job":{"id":"ff6079!114","profile":"FT.S.4","res":4,"subtime":17.589951,"walltime":4200}}}]}'
Sending '{"now":17.597757,"events":[]}'
Received '{"now":17.619224,"events":[{"timestamp":17.619224,"type":"JOB_COMPLETED","data":{"job_id":"ff6079!83","job_state":"COMPLETED_SUCCESSFULLY","return_code":0,"kill_reason":"","alloc":"0-15"}}]}'
Sending '{"now":17.619224,"events":[{"timestamp":17.619224,"type":"EXECUTE_JOB","data":{"job_id":"ff6079!86","alloc":"0-15"}}]}'
Received '{"now":17.656302,"events":[{"timestamp":17.632884,"type":"JOB_COMPLETED","data":{"job_id":"ff6079!107","job_state":"COMPLETED_SUCCESSFULLY","return_code":0,"kill_reason":"","alloc":"60-63"}},{"timestamp":17.648496,"type":"JOB_SUBMITTED","data":{"job_id":"ff6079!115","job":{"id":"ff6079!115","profile":"BT.S.16","res":16,"subtime":17.639897,"walltime":4200}}}]}'
Sending '{"now":17.656302,"events":[{"timestamp":17.656302,"type":"EXECUTE_JOB","data":{"job_id":"ff6079!110","alloc":"60-63"}}]}'
Received '{"now":17.709633,"events":[{"timestamp":17.709633,"type":"JOB_COMPLETED","data":{"job_id":"ff6079!103","job_state":"COMPLETED_SUCCESSFULLY","return_code":0,"kill_reason":"","alloc":"56-59"}}]}'
Sending '{"now":17.709633,"events":[{"timestamp":17.709633,"type":"EXECUTE_JOB","data":{"job_id":"ff6079!112","alloc":"56-59"}}]}'
Received '{"now":17.733034,"events":[{"timestamp":17.733034,"type":"JOB_SUBMITTED","data":{"job_id":"ff6079!116","job":{"id":"ff6079!116","profile":"LU.S.4","res":4,"subtime":17.723193,"walltime":4200}}}]}'
Sending '{"now":17.733034,"events":[]}'
Received '{"now":17.801712,"events":[{"timestamp":17.801712,"type":"JOB_SUBMITTED","data":{"job_id":"ff6079!117","job":{"id":"ff6079!117","profile":"CG.S.4","res":4,"subtime":17.793906,"walltime":4200}}}]}'
Sending '{"now":17.801712,"events":[]}'
Received '{"now":17.851656,"events":[{"timestamp":17.851656,"type":"JOB_SUBMITTED","data":{"job_id":"ff6079!118","job":{"id":"ff6079!118","profile":"SP.S.4","res":4,"subtime":17.843850,"walltime":4200}}}]}'
Sending '{"now":17.851656,"events":[]}'
Received '{"now":17.955140,"events":[{"timestamp":17.955140,"type":"JOB_SUBMITTED","data":{"job_id":"ff6079!119","job":{"id":"ff6079!119","profile":"FT.S.4","res":4,"subtime":17.947334,"walltime":4200}}}]}'
Sending '{"now":17.95514,"events":[]}'
Received '{"now":18.059175,"events":[{"timestamp":18.059175,"type":"JOB_SUBMITTED","data":{"job_id":"ff6079!120","job":{"id":"ff6079!120","profile":"LU.S.16","res":16,"subtime":18.051378,"walltime":4200}}}]}'
Sending '{"now":18.059175,"events":[]}'
Received '{"now":18.095016,"events":[{"timestamp":18.095016,"type":"JOB_COMPLETED","data":{"job_id":"ff6079!106","job_state":"COMPLETED_SUCCESSFULLY","return_code":0,"kill_reason":"","alloc":"52-55"}}]}'
Sending '{"now":18.095016,"events":[{"timestamp":18.095016,"type":"EXECUTE_JOB","data":{"job_id":"ff6079!113","alloc":"52-55"}}]}'
Received '{"now":18.149139,"events":[{"timestamp":18.149139,"type":"JOB_COMPLETED","data":{"job_id":"ff6079!93","job_state":"COMPLETED_SUCCESSFULLY","return_code":0,"kill_reason":"","alloc":"48-51"}}]}'
Sending '{"now":18.149139,"events":[{"timestamp":18.149139,"type":"EXECUTE_JOB","data":{"job_id":"ff6079!114","alloc":"48-51"}}]}'
Received '{"now":18.186218,"events":[{"timestamp":18.170606,"type":"JOB_COMPLETED","data":{"job_id":"ff6079!72","job_state":"COMPLETED_SUCCESSFULLY","return_code":0,"kill_reason":"","alloc":"32-47"}},{"timestamp":18.178412,"type":"JOB_SUBMITTED","data":{"job_id":"ff6079!121","job":{"id":"ff6079!121","profile":"CG.S.4","res":4,"subtime":18.154222,"walltime":4200}}}]}'
Sending '{"now":18.186218,"events":[{"timestamp":18.186218,"type":"EXECUTE_JOB","data":{"job_id":"ff6079!87","alloc":"32-47"}}]}'
Received '{"now":18.236952,"events":[{"timestamp":18.199878,"type":"JOB_COMPLETED","data":{"job_id":"ff6079!112","job_state":"COMPLETED_SUCCESSFULLY","return_code":0,"kill_reason":"","alloc":"56-59"}},{"timestamp":18.207684,"type":"JOB_SUBMITTED","data":{"job_id":"ff6079!122","job":{"id":"ff6079!122","profile":"IS.S.4","res":4,"subtime":18.158444,"walltime":4200}}},{"timestamp":18.229146,"type":"JOB_COMPLETED","data":{"job_id":"ff6079!113","job_state":"COMPLETED_SUCCESSFULLY","return_code":0,"kill_reason":"","alloc":"52-55"}}]}'
Sending '{"now":18.236952,"events":[{"timestamp":18.236952,"type":"EXECUTE_JOB","data":{"job_id":"ff6079!116","alloc":"52-55"}},{"timestamp":18.236952,"type":"EXECUTE_JOB","data":{"job_id":"ff6079!117","alloc":"56-59"}}]}'
Received '{"now":18.279889,"events":[{"timestamp":18.279889,"type":"JOB_COMPLETED","data":{"job_id":"ff6079!114","job_state":"COMPLETED_SUCCESSFULLY","return_code":0,"kill_reason":"","alloc":"48-51"}}]}'
Sending '{"now":18.279889,"events":[{"timestamp":18.279889,"type":"EXECUTE_JOB","data":{"job_id":"ff6079!118","alloc":"48-51"}}]}'
Received '{"now":18.309162,"events":[{"timestamp":18.293550,"type":"JOB_COMPLETED","data":{"job_id":"ff6079!84","job_state":"COMPLETED_SUCCESSFULLY","return_code":0,"kill_reason":"","alloc":"16-31"}}]}'
Sending '{"now":18.309162,"events":[{"timestamp":18.309162,"type":"EXECUTE_JOB","data":{"job_id":"ff6079!90","alloc":"16-31"}}]}'
Received '{"now":18.379752,"events":[{"timestamp":18.379752,"type":"JOB_COMPLETED","data":{"job_id":"ff6079!86","job_state":"COMPLETED_SUCCESSFULLY","return_code":0,"kill_reason":"","alloc":"0-15"}}]}'
Sending '{"now":18.379752,"events":[{"timestamp":18.379752,"type":"EXECUTE_JOB","data":{"job_id":"ff6079!92","alloc":"0-15"}}]}'
Received '{"now":18.431001,"events":[{"timestamp":18.431001,"type":"JOB_COMPLETED","data":{"job_id":"ff6079!110","job_state":"COMPLETED_SUCCESSFULLY","return_code":0,"kill_reason":"","alloc":"60-63"}}]}'
Sending '{"now":18.431001,"events":[{"timestamp":18.431001,"type":"EXECUTE_JOB","data":{"job_id":"ff6079!119","alloc":"60-63"}}]}'
Received '{"now":18.561752,"events":[{"timestamp":18.561752,"type":"JOB_COMPLETED","data":{"job_id":"ff6079!119","job_state":"COMPLETED_SUCCESSFULLY","return_code":0,"kill_reason":"","alloc":"60-63"}}]}'
Sending '{"now":18.561752,"events":[{"timestamp":18.561752,"type":"EXECUTE_JOB","data":{"job_id":"ff6079!121","alloc":"60-63"}}]}'
Received '{"now":18.637060,"events":[{"timestamp":18.637060,"type":"JOB_SUBMITTED","data":{"job_id":"ff6079!123","job":{"id":"ff6079!123","profile":"MG.S.4","res":4,"subtime":18.629254,"walltime":4200}}}]}'
Sending '{"now":18.63706,"events":[]}'
Received '{"now":19.067788,"events":[{"timestamp":19.067788,"type":"JOB_COMPLETED","data":{"job_id":"ff6079!118","job_state":"COMPLETED_SUCCESSFULLY","return_code":0,"kill_reason":"","alloc":"48-51"}}]}'
Sending '{"now":19.067788,"events":[{"timestamp":19.067788,"type":"EXECUTE_JOB","data":{"job_id":"ff6079!122","alloc":"48-51"}}]}'
Received '{"now":19.126720,"events":[{"timestamp":19.126720,"type":"JOB_COMPLETED","data":{"job_id":"ff6079!92","job_state":"COMPLETED_SUCCESSFULLY","return_code":0,"kill_reason":"","alloc":"0-15"}}]}'
Sending '{"now":19.12672,"events":[{"timestamp":19.12672,"type":"EXECUTE_JOB","data":{"job_id":"ff6079!97","alloc":"0-15"}}]}'
Received '{"now":19.167464,"events":[{"timestamp":19.167464,"type":"JOB_COMPLETED","data":{"job_id":"ff6079!122","job_state":"COMPLETED_SUCCESSFULLY","return_code":0,"kill_reason":"","alloc":"48-51"}}]}'
Sending '{"now":19.167464,"events":[{"timestamp":19.167464,"type":"EXECUTE_JOB","data":{"job_id":"ff6079!123","alloc":"48-51"}}]}'
Received '{"now":19.190873,"events":[{"timestamp":19.175270,"type":"JOB_SUBMITTED","data":{"job_id":"ff6079!124","job":{"id":"ff6079!124","profile":"MG.S.4","res":4,"subtime":19.157561,"walltime":4200}}}]}'
Sending '{"now":19.190873,"events":[]}'
Received '{"now":19.339449,"events":[{"timestamp":19.339449,"type":"JOB_COMPLETED","data":{"job_id":"ff6079!87","job_state":"COMPLETED_SUCCESSFULLY","return_code":0,"kill_reason":"","alloc":"32-47"}}]}'
Sending '{"now":19.339449,"events":[{"timestamp":19.339449,"type":"EXECUTE_JOB","data":{"job_id":"ff6079!98","alloc":"32-47"}}]}'
Received '{"now":19.362877,"events":[{"timestamp":19.362877,"type":"JOB_SUBMITTED","data":{"job_id":"ff6079!125","job":{"id":"ff6079!125","profile":"MG.S.16","res":16,"subtime":19.350173,"walltime":4200}}}]}'
Sending '{"now":19.362877,"events":[]}'
Received '{"now":19.384343,"events":[{"timestamp":19.376537,"type":"JOB_COMPLETED","data":{"job_id":"ff6079!117","job_state":"COMPLETED_SUCCESSFULLY","return_code":0,"kill_reason":"","alloc":"56-59"}}]}'
Sending '{"now":19.384343,"events":[{"timestamp":19.384343,"type":"EXECUTE_JOB","data":{"job_id":"ff6079!124","alloc":"56-59"}}]}'
Received '{"now":19.420807,"events":[{"timestamp":19.420807,"type":"JOB_SUBMITTED","data":{"job_id":"ff6079!126","job":{"id":"ff6079!126","profile":"BT.S.4","res":4,"subtime":19.413001,"walltime":4200}}}]}'
Sending '{"now":19.420807,"events":[]}'
Received '{"now":19.613951,"events":[{"timestamp":19.613951,"type":"JOB_COMPLETED","data":{"job_id":"ff6079!123","job_state":"COMPLETED_SUCCESSFULLY","return_code":0,"kill_reason":"","alloc":"48-51"}}]}'
Sending '{"now":19.613951,"events":[{"timestamp":19.613951,"type":"EXECUTE_JOB","data":{"job_id":"ff6079!126","alloc":"48-51"}}]}'
Received '{"now":19.681785,"events":[{"timestamp":19.681785,"type":"JOB_COMPLETED","data":{"job_id":"ff6079!121","job_state":"COMPLETED_SUCCESSFULLY","return_code":0,"kill_reason":"","alloc":"60-63"}}]}'
Sending '{"now":19.681785,"events":[]}'
Received '{"now":19.697397,"events":[{"timestamp":19.689591,"type":"JOB_SUBMITTED","data":{"job_id":"ff6079!127","job":{"id":"ff6079!127","profile":"SP.S.4","res":4,"subtime":19.669737,"walltime":4200}}}]}'
Sending '{"now":19.697397,"events":[{"timestamp":19.697397,"type":"EXECUTE_JOB","data":{"job_id":"ff6079!127","alloc":"60-63"}}]}'
Received '{"now":19.823004,"events":[{"timestamp":19.823004,"type":"JOB_COMPLETED","data":{"job_id":"ff6079!124","job_state":"COMPLETED_SUCCESSFULLY","return_code":0,"kill_reason":"","alloc":"56-59"}}]}'
Sending '{"now":19.823004,"events":[]}'
Received '{"now":19.852484,"events":[{"timestamp":19.852484,"type":"JOB_SUBMITTED","data":{"job_id":"ff6079!128","job":{"id":"ff6079!128","profile":"IS.S.16","res":16,"subtime":19.844678,"walltime":4200}}}]}'
Sending '{"now":19.852484,"events":[]}'
Received '{"now":19.868096,"events":[{"timestamp":19.868096,"type":"JOB_SUBMITTED","data":{"job_id":"ff6079!129","job":{"id":"ff6079!129","profile":"MG.S.4","res":4,"subtime":19.859479,"walltime":4200}}}]}'
Sending '{"now":19.868096,"events":[{"timestamp":19.868096,"type":"EXECUTE_JOB","data":{"job_id":"ff6079!129","alloc":"56-59"}}]}'
Received '{"now":19.940420,"events":[{"timestamp":19.940420,"type":"JOB_SUBMITTED","data":{"job_id":"ff6079!130","job":{"id":"ff6079!130","profile":"FT.S.16","res":16,"subtime":19.932614,"walltime":4200}}}]}'
Sending '{"now":19.94042,"events":[]}'
Received '{"now":20.060171,"events":[{"timestamp":20.060171,"type":"JOB_SUBMITTED","data":{"job_id":"ff6079!131","job":{"id":"ff6079!131","profile":"LU.S.16","res":16,"subtime":20.052365,"walltime":4200}}}]}'
Sending '{"now":20.060171,"events":[]}'
Received '{"now":20.081906,"events":[{"timestamp":20.081906,"type":"JOB_COMPLETED","data":{"job_id":"ff6079!126","job_state":"COMPLETED_SUCCESSFULLY","return_code":0,"kill_reason":"","alloc":"48-51"}}]}'
Sending '{"now":20.081906,"events":[]}'
Received '{"now":20.306770,"events":[{"timestamp":20.306770,"type":"JOB_COMPLETED","data":{"job_id":"ff6079!129","job_state":"COMPLETED_SUCCESSFULLY","return_code":0,"kill_reason":"","alloc":"56-59"}}]}'
Sending '{"now":20.30677,"events":[]}'
Received '{"now":20.348115,"events":[{"timestamp":20.348115,"type":"JOB_COMPLETED","data":{"job_id":"ff6079!90","job_state":"COMPLETED_SUCCESSFULLY","return_code":0,"kill_reason":"","alloc":"16-31"}}]}'
Sending '{"now":20.348115,"events":[{"timestamp":20.348115,"type":"EXECUTE_JOB","data":{"job_id":"ff6079!99","alloc":"16-31"}}]}'
Received '{"now":20.415072,"events":[{"timestamp":20.415072,"type":"JOB_SUBMITTED","data":{"job_id":"ff6079!132","job":{"id":"ff6079!132","profile":"FT.S.4","res":4,"subtime":20.407266,"walltime":4200}}}]}'
Sending '{"now":20.415072,"events":[{"timestamp":20.415072,"type":"EXECUTE_JOB","data":{"job_id":"ff6079!132","alloc":"48-51"}}]}'
Received '{"now":20.445406,"events":[{"timestamp":20.445406,"type":"JOB_SUBMITTED","data":{"job_id":"ff6079!133","job":{"id":"ff6079!133","profile":"IS.S.16","res":16,"subtime":20.437600,"walltime":4200}}}]}'
Sending '{"now":20.445406,"events":[]}'
Received '{"now":20.472017,"events":[{"timestamp":20.472017,"type":"JOB_COMPLETED","data":{"job_id":"ff6079!127","job_state":"COMPLETED_SUCCESSFULLY","return_code":0,"kill_reason":"","alloc":"60-63"}}]}'
Sending '{"now":20.472017,"events":[]}'
Received '{"now":20.487629,"events":[{"timestamp":20.479823,"type":"JOB_SUBMITTED","data":{"job_id":"ff6079!134","job":{"id":"ff6079!134","profile":"LU.S.16","res":16,"subtime":20.460162,"walltime":4200}}}]}'
Sending '{"now":20.487629,"events":[]}'
Received '{"now":20.545809,"events":[{"timestamp":20.545809,"type":"JOB_COMPLETED","data":{"job_id":"ff6079!132","job_state":"COMPLETED_SUCCESSFULLY","return_code":0,"kill_reason":"","alloc":"48-51"}}]}'
Sending '{"now":20.545809,"events":[]}'
Received '{"now":20.563141,"events":[{"timestamp":20.563141,"type":"JOB_SUBMITTED","data":{"job_id":"ff6079!135","job":{"id":"ff6079!135","profile":"SP.S.4","res":4,"subtime":20.555335,"walltime":4200}}}]}'
Sending '{"now":20.563141,"events":[]}'
Received '{"now":20.644081,"events":[{"timestamp":20.644081,"type":"JOB_COMPLETED","data":{"job_id":"ff6079!116","job_state":"COMPLETED_SUCCESSFULLY","return_code":0,"kill_reason":"","alloc":"52-55"}}]}'
Sending '{"now":20.644081,"events":[{"timestamp":20.644081,"type":"EXECUTE_JOB","data":{"job_id":"ff6079!104","alloc":"48-63"}}]}'
Received '{"now":20.864415,"events":[{"timestamp":20.864415,"type":"JOB_SUBMITTED","data":{"job_id":"ff6079!136","job":{"id":"ff6079!136","profile":"FT.S.4","res":4,"subtime":20.856609,"walltime":4200}}}]}'
Sending '{"now":20.864415,"events":[]}'
Received '{"now":20.906969,"events":[{"timestamp":20.906969,"type":"JOB_COMPLETED","data":{"job_id":"ff6079!104","job_state":"COMPLETED_SUCCESSFULLY","return_code":0,"kill_reason":"","alloc":"48-63"}}]}'
Sending '{"now":20.906969,"events":[{"timestamp":20.906969,"type":"EXECUTE_JOB","data":{"job_id":"ff6079!105","alloc":"48-63"}}]}'
Received '{"now":20.952367,"events":[{"timestamp":20.952367,"type":"JOB_SUBMITTED","data":{"job_id":"ff6079!137","job":{"id":"ff6079!137","profile":"BT.S.16","res":16,"subtime":20.944561,"walltime":4200}}}]}'
Sending '{"now":20.952367,"events":[]}'
Received '{"now":21.074497,"events":[{"timestamp":21.074497,"type":"JOB_SUBMITTED","data":{"job_id":"ff6079!138","job":{"id":"ff6079!138","profile":"LU.S.4","res":4,"subtime":21.066691,"walltime":4200}}}]}'
Sending '{"now":21.074497,"events":[]}'
Received '{"now":21.556420,"events":[{"timestamp":21.556420,"type":"JOB_SUBMITTED","data":{"job_id":"ff6079!139","job":{"id":"ff6079!139","profile":"MG.S.4","res":4,"subtime":21.548614,"walltime":4200}}}]}'
Sending '{"now":21.55642,"events":[]}'
Received '{"now":21.575943,"events":[{"timestamp":21.575943,"type":"JOB_SUBMITTED","data":{"job_id":"ff6079!140","job":{"id":"ff6079!140","profile":"CG.S.4","res":4,"subtime":21.568137,"walltime":4200}}}]}'
Sending '{"now":21.575943,"events":[]}'
Received '{"now":22.387423,"events":[{"timestamp":22.387423,"type":"JOB_COMPLETED","data":{"job_id":"ff6079!99","job_state":"COMPLETED_SUCCESSFULLY","return_code":0,"kill_reason":"","alloc":"16-31"}}]}'
Sending '{"now":22.387423,"events":[{"timestamp":22.387423,"type":"EXECUTE_JOB","data":{"job_id":"ff6079!108","alloc":"16-31"}}]}'
Received '{"now":22.708276,"events":[{"timestamp":22.708276,"type":"JOB_COMPLETED","data":{"job_id":"ff6079!97","job_state":"COMPLETED_SUCCESSFULLY","return_code":0,"kill_reason":"","alloc":"0-15"}}]}'
Sending '{"now":22.708276,"events":[{"timestamp":22.708276,"type":"EXECUTE_JOB","data":{"job_id":"ff6079!109","alloc":"0-15"}}]}'
Received '{"now":22.921044,"events":[{"timestamp":22.921044,"type":"JOB_COMPLETED","data":{"job_id":"ff6079!98","job_state":"COMPLETED_SUCCESSFULLY","return_code":0,"kill_reason":"","alloc":"32-47"}}]}'
Sending '{"now":22.921044,"events":[{"timestamp":22.921044,"type":"EXECUTE_JOB","data":{"job_id":"ff6079!111","alloc":"32-47"}}]}'
Received '{"now":23.668191,"events":[{"timestamp":23.668191,"type":"JOB_COMPLETED","data":{"job_id":"ff6079!111","job_state":"COMPLETED_SUCCESSFULLY","return_code":0,"kill_reason":"","alloc":"32-47"}}]}'
Sending '{"now":23.668191,"events":[{"timestamp":23.668191,"type":"EXECUTE_JOB","data":{"job_id":"ff6079!115","alloc":"32-47"}}]}'
Received '{"now":24.426712,"events":[{"timestamp":24.426712,"type":"JOB_COMPLETED","data":{"job_id":"ff6079!108","job_state":"COMPLETED_SUCCESSFULLY","return_code":0,"kill_reason":"","alloc":"16-31"}}]}'
Sending '{"now":24.426712,"events":[{"timestamp":24.426712,"type":"EXECUTE_JOB","data":{"job_id":"ff6079!120","alloc":"16-31"}}]}'
Received '{"now":24.488610,"events":[{"timestamp":24.488610,"type":"JOB_COMPLETED","data":{"job_id":"ff6079!105","job_state":"COMPLETED_SUCCESSFULLY","return_code":0,"kill_reason":"","alloc":"48-63"}}]}'
Sending '{"now":24.48861,"events":[{"timestamp":24.48861,"type":"EXECUTE_JOB","data":{"job_id":"ff6079!125","alloc":"48-63"}}]}'
Received '{"now":24.800324,"events":[{"timestamp":24.800324,"type":"JOB_COMPLETED","data":{"job_id":"ff6079!115","job_state":"COMPLETED_SUCCESSFULLY","return_code":0,"kill_reason":"","alloc":"32-47"}}]}'
Sending '{"now":24.800324,"events":[{"timestamp":24.800324,"type":"EXECUTE_JOB","data":{"job_id":"ff6079!128","alloc":"32-47"}}]}'
Received '{"now":24.947476,"events":[{"timestamp":24.947476,"type":"JOB_COMPLETED","data":{"job_id":"ff6079!128","job_state":"COMPLETED_SUCCESSFULLY","return_code":0,"kill_reason":"","alloc":"32-47"}}]}'
Sending '{"now":24.947476,"events":[{"timestamp":24.947476,"type":"EXECUTE_JOB","data":{"job_id":"ff6079!130","alloc":"32-47"}}]}'
Received '{"now":25.210323,"events":[{"timestamp":25.210323,"type":"JOB_COMPLETED","data":{"job_id":"ff6079!130","job_state":"COMPLETED_SUCCESSFULLY","return_code":0,"kill_reason":"","alloc":"32-47"}}]}'
Sending '{"now":25.210323,"events":[{"timestamp":25.210323,"type":"EXECUTE_JOB","data":{"job_id":"ff6079!131","alloc":"32-47"}}]}'
Received '{"now":25.239605,"events":[{"timestamp":25.239605,"type":"JOB_COMPLETED","data":{"job_id":"ff6079!125","job_state":"COMPLETED_SUCCESSFULLY","return_code":0,"kill_reason":"","alloc":"48-63"}}]}'
Sending '{"now":25.239605,"events":[{"timestamp":25.239605,"type":"EXECUTE_JOB","data":{"job_id":"ff6079!133","alloc":"48-63"}}]}'
Received '{"now":25.386762,"events":[{"timestamp":25.386762,"type":"JOB_COMPLETED","data":{"job_id":"ff6079!133","job_state":"COMPLETED_SUCCESSFULLY","return_code":0,"kill_reason":"","alloc":"48-63"}}]}'
Sending '{"now":25.386762,"events":[{"timestamp":25.386762,"type":"EXECUTE_JOB","data":{"job_id":"ff6079!134","alloc":"48-63"}}]}'
Received '{"now":26.289826,"events":[{"timestamp":26.289826,"type":"JOB_COMPLETED","data":{"job_id":"ff6079!109","job_state":"COMPLETED_SUCCESSFULLY","return_code":0,"kill_reason":"","alloc":"0-15"}}]}'
Sending '{"now":26.289826,"events":[{"timestamp":26.289826,"type":"EXECUTE_JOB","data":{"job_id":"ff6079!135","alloc":"0-3"}},{"timestamp":26.289826,"type":"EXECUTE_JOB","data":{"job_id":"ff6079!136","alloc":"4-7"}}]}'
Received '{"now":26.428389,"events":[{"timestamp":26.428389,"type":"JOB_COMPLETED","data":{"job_id":"ff6079!136","job_state":"COMPLETED_SUCCESSFULLY","return_code":0,"kill_reason":"","alloc":"4-7"}}]}'
Sending '{"now":26.428389,"events":[]}'
Received '{"now":26.465878,"events":[{"timestamp":26.465878,"type":"JOB_COMPLETED","data":{"job_id":"ff6079!120","job_state":"COMPLETED_SUCCESSFULLY","return_code":0,"kill_reason":"","alloc":"16-31"}}]}'
Sending '{"now":26.465878,"events":[{"timestamp":26.465878,"type":"EXECUTE_JOB","data":{"job_id":"ff6079!137","alloc":"4-19"}},{"timestamp":26.465878,"type":"EXECUTE_JOB","data":{"job_id":"ff6079!138","alloc":"20-23"}},{"timestamp":26.465878,"type":"EXECUTE_JOB","data":{"job_id":"ff6079!139","alloc":"24-27"}},{"timestamp":26.465878,"type":"EXECUTE_JOB","data":{"job_id":"ff6079!140","alloc":"28-31"}}]}'
Received '{"now":26.920132,"events":[{"timestamp":26.920132,"type":"JOB_COMPLETED","data":{"job_id":"ff6079!139","job_state":"COMPLETED_SUCCESSFULLY","return_code":0,"kill_reason":"","alloc":"24-27"}}]}'
Sending '{"now":26.920132,"events":[]}'
Received '{"now":27.064534,"events":[{"timestamp":27.064534,"type":"JOB_COMPLETED","data":{"job_id":"ff6079!135","job_state":"COMPLETED_SUCCESSFULLY","return_code":0,"kill_reason":"","alloc":"0-3"}}]}'
Sending '{"now":27.064534,"events":[]}'
Received '{"now":27.249518,"events":[{"timestamp":27.249518,"type":"JOB_COMPLETED","data":{"job_id":"ff6079!131","job_state":"COMPLETED_SUCCESSFULLY","return_code":0,"kill_reason":"","alloc":"32-47"}}]}'
Sending '{"now":27.249518,"events":[]}'
Received '{"now":27.425935,"events":[{"timestamp":27.425935,"type":"JOB_COMPLETED","data":{"job_id":"ff6079!134","job_state":"COMPLETED_SUCCESSFULLY","return_code":0,"kill_reason":"","alloc":"48-63"}}]}'
Sending '{"now":27.425935,"events":[]}'
Received '{"now":27.609316,"events":[{"timestamp":27.609316,"type":"JOB_COMPLETED","data":{"job_id":"ff6079!140","job_state":"COMPLETED_SUCCESSFULLY","return_code":0,"kill_reason":"","alloc":"28-31"}}]}'
Sending '{"now":27.609316,"events":[]}'
Received '{"now":28.122130,"events":[{"timestamp":28.122130,"type":"JOB_COMPLETED","data":{"job_id":"ff6079!137","job_state":"COMPLETED_SUCCESSFULLY","return_code":0,"kill_reason":"","alloc":"4-19"}}]}'
Sending '{"now":28.12213,"events":[]}'
Received '{"now":28.881018,"events":[{"timestamp":28.881018,"type":"JOB_COMPLETED","data":{"job_id":"ff6079!138","job_state":"COMPLETED_SUCCESSFULLY","return_code":0,"kill_reason":"","alloc":"20-23"}},{"timestamp":28.881018,"type":"SIMULATION_ENDS","data":{}}]}'
Sending '{"now":28.881018,"events":[]}'
