variant_options = '{"custom_mapping": true}'
Received '{"now":0.000000,"events":[{"timestamp":0.000000,"type":"SIMULATION_BEGINS","data":{"nb_resources":64,"allow_time_sharing":false,"config":{"redis":{"enabled":false,"hostname":"127.0.0.1","port":6379,"prefix":"default"},"job_submission":{"forward_profiles":false,"from_scheduler":{"enabled":false,"acknowledge":true}}},"resources_data":[{"id":0,"name":"node-0.simgrid.org","state":"idle","properties":{}},{"id":1,"name":"node-1.simgrid.org","state":"idle","properties":{}},{"id":2,"name":"node-2.simgrid.org","state":"idle","properties":{}},{"id":3,"name":"node-3.simgrid.org","state":"idle","properties":{}},{"id":4,"name":"node-4.simgrid.org","state":"idle","properties":{}},{"id":5,"name":"node-5.simgrid.org","state":"idle","properties":{}},{"id":6,"name":"node-6.simgrid.org","state":"idle","properties":{}},{"id":7,"name":"node-7.simgrid.org","state":"idle","properties":{}},{"id":8,"name":"node-8.simgrid.org","state":"idle","properties":{}},{"id":9,"name":"node-9.simgrid.org","state":"idle","properties":{}},{"id":10,"name":"node-10.simgrid.org","state":"idle","properties":{}},{"id":11,"name":"node-11.simgrid.org","state":"idle","properties":{}},{"id":12,"name":"node-12.simgrid.org","state":"idle","properties":{}},{"id":13,"name":"node-13.simgrid.org","state":"idle","properties":{}},{"id":14,"name":"node-14.simgrid.org","state":"idle","properties":{}},{"id":15,"name":"node-15.simgrid.org","state":"idle","properties":{}},{"id":16,"name":"node-16.simgrid.org","state":"idle","properties":{}},{"id":17,"name":"node-17.simgrid.org","state":"idle","properties":{}},{"id":18,"name":"node-18.simgrid.org","state":"idle","properties":{}},{"id":19,"name":"node-19.simgrid.org","state":"idle","properties":{}},{"id":20,"name":"node-20.simgrid.org","state":"idle","properties":{}},{"id":21,"name":"node-21.simgrid.org","state":"idle","properties":{}},{"id":22,"name":"node-22.simgrid.org","state":"idle","properties":{}},{"id":23,"name":"node-23.simgrid.org","state":"idle","properties":{}},{"id":24,"name":"node-24.simgrid.org","state":"idle","properties":{}},{"id":25,"name":"node-25.simgrid.org","state":"idle","properties":{}},{"id":26,"name":"node-26.simgrid.org","state":"idle","properties":{}},{"id":27,"name":"node-27.simgrid.org","state":"idle","properties":{}},{"id":28,"name":"node-28.simgrid.org","state":"idle","properties":{}},{"id":29,"name":"node-29.simgrid.org","state":"idle","properties":{}},{"id":30,"name":"node-30.simgrid.org","state":"idle","properties":{}},{"id":31,"name":"node-31.simgrid.org","state":"idle","properties":{}},{"id":32,"name":"node-32.simgrid.org","state":"idle","properties":{}},{"id":33,"name":"node-33.simgrid.org","state":"idle","properties":{}},{"id":34,"name":"node-34.simgrid.org","state":"idle","properties":{}},{"id":35,"name":"node-35.simgrid.org","state":"idle","properties":{}},{"id":36,"name":"node-36.simgrid.org","state":"idle","properties":{}},{"id":37,"name":"node-37.simgrid.org","state":"idle","properties":{}},{"id":38,"name":"node-38.simgrid.org","state":"idle","properties":{}},{"id":39,"name":"node-39.simgrid.org","state":"idle","properties":{}},{"id":40,"name":"node-40.simgrid.org","state":"idle","properties":{}},{"id":41,"name":"node-41.simgrid.org","state":"idle","properties":{}},{"id":42,"name":"node-42.simgrid.org","state":"idle","properties":{}},{"id":43,"name":"node-43.simgrid.org","state":"idle","properties":{}},{"id":44,"name":"node-44.simgrid.org","state":"idle","properties":{}},{"id":45,"name":"node-45.simgrid.org","state":"idle","properties":{}},{"id":46,"name":"node-46.simgrid.org","state":"idle","properties":{}},{"id":47,"name":"node-47.simgrid.org","state":"idle","properties":{}},{"id":48,"name":"node-48.simgrid.org","state":"idle","properties":{}},{"id":49,"name":"node-49.simgrid.org","state":"idle","properties":{}},{"id":50,"name":"node-50.simgrid.org","state":"idle","properties":{}},{"id":51,"name":"node-51.simgrid.org","state":"idle","properties":{}},{"id":52,"name":"node-52.simgrid.org","state":"idle","properties":{}},{"id":53,"name":"node-53.simgrid.org","state":"idle","properties":{}},{"id":54,"name":"node-54.simgrid.org","state":"idle","properties":{}},{"id":55,"name":"node-55.simgrid.org","state":"idle","properties":{}},{"id":56,"name":"node-56.simgrid.org","state":"idle","properties":{}},{"id":57,"name":"node-57.simgrid.org","state":"idle","properties":{}},{"id":58,"name":"node-58.simgrid.org","state":"idle","properties":{}},{"id":59,"name":"node-59.simgrid.org","state":"idle","properties":{}},{"id":60,"name":"node-60.simgrid.org","state":"idle","properties":{}},{"id":61,"name":"node-61.simgrid.org","state":"idle","properties":{}},{"id":62,"name":"node-62.simgrid.org","state":"idle","properties":{}},{"id":63,"name":"node-63.simgrid.org","state":"idle","properties":{}}],"workloads":{"db3eff":"/github-simgrid/190311/../batsim-v2.0.0/workload_profiles/npb_100_jobs.json"}}}]}'
Sending '{"now":0.0,"events":[]}'
Received '{"now":0.900782,"events":[{"timestamp":0.900782,"type":"JOB_SUBMITTED","data":{"job_id":"db3eff!1","job":{"id":"db3eff!1","profile":"IS.S.4","res":4,"subtime":0.892976,"walltime":4200}}}]}'
Sending '{"now":0.900782,"events":[{"timestamp":0.900782,"type":"EXECUTE_JOB","data":{"job_id":"db3eff!1","alloc":"0-3"}}]}'
Received '{"now":1.000476,"events":[{"timestamp":1.000476,"type":"JOB_COMPLETED","data":{"job_id":"db3eff!1","job_state":"COMPLETED_SUCCESSFULLY","return_code":0,"kill_reason":"","alloc":"0-3"}}]}'
Sending '{"now":1.000476,"events":[]}'
Received '{"now":1.201902,"events":[{"timestamp":1.201902,"type":"JOB_SUBMITTED","data":{"job_id":"db3eff!2","job":{"id":"db3eff!2","profile":"BT.S.4","res":4,"subtime":1.194096,"walltime":4200}}}]}'
Sending '{"now":1.201902,"events":[{"timestamp":1.201902,"type":"EXECUTE_JOB","data":{"job_id":"db3eff!2","alloc":"0-3"}}]}'
Received '{"now":1.443857,"events":[{"timestamp":1.443857,"type":"JOB_SUBMITTED","data":{"job_id":"db3eff!3","job":{"id":"db3eff!3","profile":"FT.S.16","res":16,"subtime":1.436057,"walltime":4200}}}]}'
Sending '{"now":1.443857,"events":[{"timestamp":1.443857,"type":"EXECUTE_JOB","data":{"job_id":"db3eff!3","alloc":"4-19"}}]}'
Received '{"now":1.467275,"events":[{"timestamp":1.459469,"type":"JOB_SUBMITTED","data":{"job_id":"db3eff!4","job":{"id":"db3eff!4","profile":"SP.S.16","res":16,"subtime":1.449538,"walltime":4200}}}]}'
Sending '{"now":1.467275,"events":[{"timestamp":1.459469,"type":"EXECUTE_JOB","data":{"job_id":"db3eff!4","alloc":"20-35"}}]}'
Received '{"now":1.530460,"events":[{"timestamp":1.530460,"type":"JOB_SUBMITTED","data":{"job_id":"db3eff!5","job":{"id":"db3eff!5","profile":"SP.S.16","res":16,"subtime":1.522654,"walltime":4200}}}]}'
Sending '{"now":1.53046,"events":[{"timestamp":1.53046,"type":"EXECUTE_JOB","data":{"job_id":"db3eff!5","alloc":"36-51"}}]}'
Received '{"now":1.669659,"events":[{"timestamp":1.669659,"type":"JOB_COMPLETED","data":{"job_id":"db3eff!2","job_state":"COMPLETED_SUCCESSFULLY","return_code":0,"kill_reason":"","alloc":"0-3"}}]}'
Sending '{"now":1.669659,"events":[]}'
Received '{"now":1.778499,"events":[{"timestamp":1.778499,"type":"JOB_COMPLETED","data":{"job_id":"db3eff!3","job_state":"COMPLETED_SUCCESSFULLY","return_code":0,"kill_reason":"","alloc":"4-19"}}]}'
Sending '{"now":1.778499,"events":[]}'
Received '{"now":1.884483,"events":[{"timestamp":1.884483,"type":"JOB_SUBMITTED","data":{"job_id":"db3eff!6","job":{"id":"db3eff!6","profile":"MG.S.16","res":16,"subtime":1.876677,"walltime":4200}}}]}'
Sending '{"now":1.884483,"events":[{"timestamp":1.884483,"type":"EXECUTE_JOB","data":{"job_id":"db3eff!6","alloc":"0-15"}}]}'
Received '{"now":1.907906,"events":[{"timestamp":1.900105,"type":"JOB_SUBMITTED","data":{"job_id":"db3eff!7","job":{"id":"db3eff!7","profile":"CG.S.4","res":4,"subtime":1.891457,"walltime":4200}}}]}'
Sending '{"now":1.907906,"events":[{"timestamp":1.900105,"type":"EXECUTE_JOB","data":{"job_id":"db3eff!7","alloc":"16-19"}}]}'
Received '{"now":2.071715,"events":[{"timestamp":2.071715,"type":"JOB_SUBMITTED","data":{"job_id":"db3eff!8","job":{"id":"db3eff!8","profile":"MG.S.4","res":4,"subtime":2.063913,"walltime":4200}}}]}'
Sending '{"now":2.071715,"events":[{"timestamp":2.071715,"type":"EXECUTE_JOB","data":{"job_id":"db3eff!8","alloc":"52-55"}}]}'
Received '{"now":2.095784,"events":[{"timestamp":2.095784,"type":"JOB_SUBMITTED","data":{"job_id":"db3eff!9","job":{"id":"db3eff!9","profile":"IS.S.16","res":16,"subtime":2.087987,"walltime":4200}}}]}'
Sending '{"now":2.095784,"events":[]}'
Received '{"now":2.307818,"events":[{"timestamp":2.307818,"type":"JOB_SUBMITTED","data":{"job_id":"db3eff!10","job":{"id":"db3eff!10","profile":"FT.S.16","res":16,"subtime":2.300012,"walltime":4200}}}]}'
Sending '{"now":2.307818,"events":[]}'
Received '{"now":2.509977,"events":[{"timestamp":2.509977,"type":"JOB_COMPLETED","data":{"job_id":"db3eff!8","job_state":"COMPLETED_SUCCESSFULLY","return_code":0,"kill_reason":"","alloc":"52-55"}}]}'
Sending '{"now":2.509977,"events":[]}'
Received '{"now":2.545147,"events":[{"timestamp":2.545147,"type":"JOB_SUBMITTED","data":{"job_id":"db3eff!11","job":{"id":"db3eff!11","profile":"BT.S.16","res":16,"subtime":2.537341,"walltime":4200}}}]}'
Sending '{"now":2.545147,"events":[]}'
Received '{"now":2.630640,"events":[{"timestamp":2.630640,"type":"JOB_COMPLETED","data":{"job_id":"db3eff!6","job_state":"COMPLETED_SUCCESSFULLY","return_code":0,"kill_reason":"","alloc":"0-15"}}]}'
Sending '{"now":2.63064,"events":[{"timestamp":2.63064,"type":"EXECUTE_JOB","data":{"job_id":"db3eff!9","alloc":"0-15"}}]}'
Received '{"now":2.759997,"events":[{"timestamp":2.759997,"type":"JOB_SUBMITTED","data":{"job_id":"db3eff!12","job":{"id":"db3eff!12","profile":"SP.S.16","res":16,"subtime":2.752196,"walltime":4200}}}]}'
Sending '{"now":2.759997,"events":[]}'
Received '{"now":2.781473,"events":[{"timestamp":2.781473,"type":"JOB_COMPLETED","data":{"job_id":"db3eff!9","job_state":"COMPLETED_SUCCESSFULLY","return_code":0,"kill_reason":"","alloc":"0-15"}}]}'
Sending '{"now":2.781473,"events":[{"timestamp":2.781473,"type":"EXECUTE_JOB","data":{"job_id":"db3eff!10","alloc":"0-15"}}]}'
Received '{"now":2.939469,"events":[{"timestamp":2.939469,"type":"JOB_SUBMITTED","data":{"job_id":"db3eff!13","job":{"id":"db3eff!13","profile":"CG.S.16","res":16,"subtime":2.931663,"walltime":4200}}}]}'
Sending '{"now":2.939469,"events":[]}'
Received '{"now":3.026874,"events":[{"timestamp":3.026874,"type":"JOB_COMPLETED","data":{"job_id":"db3eff!7","job_state":"COMPLETED_SUCCESSFULLY","return_code":0,"kill_reason":"","alloc":"16-19"}}]}'
Sending '{"now":3.026874,"events":[{"timestamp":3.026874,"type":"EXECUTE_JOB","data":{"job_id":"db3eff!11","alloc":"16-19 52-63"}}]}'
Received '{"now":3.056139,"events":[{"timestamp":3.048340,"type":"JOB_COMPLETED","data":{"job_id":"db3eff!10","job_state":"COMPLETED_SUCCESSFULLY","return_code":0,"kill_reason":"","alloc":"0-15"}}]}'
Sending '{"now":3.056139,"events":[{"timestamp":3.056139,"type":"EXECUTE_JOB","data":{"job_id":"db3eff!12","alloc":"0-15"}}]}'
Received '{"now":3.126899,"events":[{"timestamp":3.126899,"type":"JOB_SUBMITTED","data":{"job_id":"db3eff!14","job":{"id":"db3eff!14","profile":"FT.S.4","res":4,"subtime":3.119096,"walltime":4200}}}]}'
Sending '{"now":3.126899,"events":[]}'
Received '{"now":3.340725,"events":[{"timestamp":3.340725,"type":"JOB_SUBMITTED","data":{"job_id":"db3eff!15","job":{"id":"db3eff!15","profile":"CG.S.16","res":16,"subtime":3.332929,"walltime":4200}}}]}'
Sending '{"now":3.340725,"events":[]}'
Received '{"now":3.522115,"events":[{"timestamp":3.522115,"type":"JOB_SUBMITTED","data":{"job_id":"db3eff!16","job":{"id":"db3eff!16","profile":"SP.S.16","res":16,"subtime":3.514318,"walltime":4200}}}]}'
Sending '{"now":3.522115,"events":[]}'
Received '{"now":3.581556,"events":[{"timestamp":3.581556,"type":"JOB_SUBMITTED","data":{"job_id":"db3eff!17","job":{"id":"db3eff!17","profile":"SP.S.4","res":4,"subtime":3.573752,"walltime":4200}}}]}'
Sending '{"now":3.581556,"events":[]}'
Received '{"now":3.678290,"events":[{"timestamp":3.678290,"type":"JOB_SUBMITTED","data":{"job_id":"db3eff!18","job":{"id":"db3eff!18","profile":"SP.S.4","res":4,"subtime":3.670491,"walltime":4200}}}]}'
Sending '{"now":3.67829,"events":[]}'
Received '{"now":3.729524,"events":[{"timestamp":3.729524,"type":"JOB_SUBMITTED","data":{"job_id":"db3eff!19","job":{"id":"db3eff!19","profile":"LU.S.4","res":4,"subtime":3.721718,"walltime":4200}}}]}'
Sending '{"now":3.729524,"events":[]}'
Received '{"now":3.837705,"events":[{"timestamp":3.837705,"type":"JOB_SUBMITTED","data":{"job_id":"db3eff!20","job":{"id":"db3eff!20","profile":"BT.S.16","res":16,"subtime":3.829899,"walltime":4200}}}]}'
Sending '{"now":3.837705,"events":[]}'
Received '{"now":3.853315,"events":[{"timestamp":3.845511,"type":"JOB_SUBMITTED","data":{"job_id":"db3eff!21","job":{"id":"db3eff!21","profile":"BT.S.16","res":16,"subtime":3.830491,"walltime":4200}}}]}'
Sending '{"now":3.853315,"events":[]}'
Received '{"now":4.013407,"events":[{"timestamp":4.013407,"type":"JOB_SUBMITTED","data":{"job_id":"db3eff!22","job":{"id":"db3eff!22","profile":"IS.S.16","res":16,"subtime":4.005601,"walltime":4200}}}]}'
Sending '{"now":4.013407,"events":[]}'
Received '{"now":4.157380,"events":[{"timestamp":4.157380,"type":"JOB_SUBMITTED","data":{"job_id":"db3eff!23","job":{"id":"db3eff!23","profile":"BT.S.4","res":4,"subtime":4.149584,"walltime":4200}}}]}'
Sending '{"now":4.15738,"events":[]}'
Received '{"now":4.262186,"events":[{"timestamp":4.262186,"type":"JOB_SUBMITTED","data":{"job_id":"db3eff!24","job":{"id":"db3eff!24","profile":"MG.S.16","res":16,"subtime":4.254380,"walltime":4200}}}]}'
Sending '{"now":4.262186,"events":[]}'
Received '{"now":4.471139,"events":[{"timestamp":4.471139,"type":"JOB_SUBMITTED","data":{"job_id":"db3eff!25","job":{"id":"db3eff!25","profile":"MG.S.16","res":16,"subtime":4.463341,"walltime":4200}}}]}'
Sending '{"now":4.471139,"events":[]}'
Received '{"now":4.561948,"events":[{"timestamp":4.561948,"type":"JOB_SUBMITTED","data":{"job_id":"db3eff!26","job":{"id":"db3eff!26","profile":"MG.S.16","res":16,"subtime":4.554142,"walltime":4200}}}]}'
Sending '{"now":4.561948,"events":[]}'
Received '{"now":4.661648,"events":[{"timestamp":4.661648,"type":"JOB_COMPLETED","data":{"job_id":"db3eff!4","job_state":"COMPLETED_SUCCESSFULLY","return_code":0,"kill_reason":"","alloc":"20-35"}}]}'
Sending '{"now":4.661648,"events":[{"timestamp":4.661648,"type":"EXECUTE_JOB","data":{"job_id":"db3eff!13","alloc":"20-35"}}]}'
Received '{"now":4.733845,"events":[{"timestamp":4.733845,"type":"JOB_COMPLETED","data":{"job_id":"db3eff!5","job_state":"COMPLETED_SUCCESSFULLY","return_code":0,"kill_reason":"","alloc":"36-51"}}]}'
Sending '{"now":4.733845,"events":[{"timestamp":4.733845,"type":"EXECUTE_JOB","data":{"job_id":"db3eff!14","alloc":"36-39"}}]}'
Received '{"now":4.864587,"events":[{"timestamp":4.864587,"type":"JOB_COMPLETED","data":{"job_id":"db3eff!14","job_state":"COMPLETED_SUCCESSFULLY","return_code":0,"kill_reason":"","alloc":"36-39"}}]}'
Sending '{"now":4.864587,"events":[{"timestamp":4.864587,"type":"EXECUTE_JOB","data":{"job_id":"db3eff!15","alloc":"36-51"}}]}'
Received '{"now":4.888014,"events":[{"timestamp":4.880209,"type":"JOB_SUBMITTED","data":{"job_id":"db3eff!27","job":{"id":"db3eff!27","profile":"FT.S.16","res":16,"subtime":4.868068,"walltime":4200}}}]}'
Sending '{"now":4.888014,"events":[]}'
Received '{"now":5.212460,"events":[{"timestamp":5.212460,"type":"JOB_COMPLETED","data":{"job_id":"db3eff!11","job_state":"COMPLETED_SUCCESSFULLY","return_code":0,"kill_reason":"","alloc":"16-19 52-63"}}]}'
Sending '{"now":5.21246,"events":[{"timestamp":5.21246,"type":"EXECUTE_JOB","data":{"job_id":"db3eff!16","alloc":"16-19 52-63"}}]}'
Received '{"now":5.358544,"events":[{"timestamp":5.358544,"type":"JOB_COMPLETED","data":{"job_id":"db3eff!12","job_state":"COMPLETED_SUCCESSFULLY","return_code":0,"kill_reason":"","alloc":"0-15"}}]}'
Sending '{"now":5.358544,"events":[{"timestamp":5.358544,"type":"EXECUTE_JOB","data":{"job_id":"db3eff!17","alloc":"0-3"}},{"timestamp":5.358544,"type":"EXECUTE_JOB","data":{"job_id":"db3eff!18","alloc":"4-7"}},{"timestamp":5.358544,"type":"EXECUTE_JOB","data":{"job_id":"db3eff!19","alloc":"8-11"}}]}'
Received '{"now":5.497042,"events":[{"timestamp":5.497042,"type":"JOB_SUBMITTED","data":{"job_id":"db3eff!28","job":{"id":"db3eff!28","profile":"MG.S.16","res":16,"subtime":5.489237,"walltime":4200}}}]}'
Sending '{"now":5.497042,"events":[]}'
Received '{"now":5.530386,"events":[{"timestamp":5.530386,"type":"JOB_SUBMITTED","data":{"job_id":"db3eff!29","job":{"id":"db3eff!29","profile":"MG.S.4","res":4,"subtime":5.522589,"walltime":4200}}}]}'
Sending '{"now":5.530386,"events":[]}'
Received '{"now":5.565990,"events":[{"timestamp":5.565990,"type":"JOB_SUBMITTED","data":{"job_id":"db3eff!30","job":{"id":"db3eff!30","profile":"SP.S.4","res":4,"subtime":5.558184,"walltime":4200}}}]}'
Sending '{"now":5.56599,"events":[]}'
Received '{"now":5.967434,"events":[{"timestamp":5.967434,"type":"JOB_SUBMITTED","data":{"job_id":"db3eff!31","job":{"id":"db3eff!31","profile":"SP.S.16","res":16,"subtime":5.959628,"walltime":4200}}}]}'
Sending '{"now":5.967434,"events":[]}'
Received '{"now":5.983046,"events":[{"timestamp":5.975240,"type":"JOB_SUBMITTED","data":{"job_id":"db3eff!32","job":{"id":"db3eff!32","profile":"FT.S.4","res":4,"subtime":5.964654,"walltime":4200}}}]}'
Sending '{"now":5.983046,"events":[]}'
Received '{"now":5.998657,"events":[{"timestamp":5.990852,"type":"JOB_SUBMITTED","data":{"job_id":"db3eff!33","job":{"id":"db3eff!33","profile":"MG.S.4","res":4,"subtime":5.972441,"walltime":4200}}}]}'
Sending '{"now":5.998657,"events":[]}'
Received '{"now":6.263435,"events":[{"timestamp":6.263435,"type":"JOB_COMPLETED","data":{"job_id":"db3eff!17","job_state":"COMPLETED_SUCCESSFULLY","return_code":0,"kill_reason":"","alloc":"0-3"}}]}'
Sending '{"now":6.263435,"events":[]}'
Received '{"now":6.284896,"events":[{"timestamp":6.277092,"type":"JOB_COMPLETED","data":{"job_id":"db3eff!18","job_state":"COMPLETED_SUCCESSFULLY","return_code":0,"kill_reason":"","alloc":"4-7"}}]}'
Sending '{"now":6.284896,"events":[]}'
Received '{"now":6.300508,"events":[{"timestamp":6.292702,"type":"JOB_SUBMITTED","data":{"job_id":"db3eff!34","job":{"id":"db3eff!34","profile":"SP.S.4","res":4,"subtime":6.277276,"walltime":4200}}}]}'
Sending '{"now":6.300508,"events":[]}'
Received '{"now":6.388896,"events":[{"timestamp":6.388896,"type":"JOB_SUBMITTED","data":{"job_id":"db3eff!35","job":{"id":"db3eff!35","profile":"CG.S.4","res":4,"subtime":6.381092,"walltime":4200}}}]}'
Sending '{"now":6.388896,"events":[]}'
Received '{"now":6.404508,"events":[{"timestamp":6.404508,"type":"JOB_SUBMITTED","data":{"job_id":"db3eff!36","job":{"id":"db3eff!36","profile":"SP.S.4","res":4,"subtime":6.390986,"walltime":4200}}}]}'
Sending '{"now":6.404508,"events":[]}'
Received '{"now":6.832030,"events":[{"timestamp":6.832030,"type":"JOB_SUBMITTED","data":{"job_id":"db3eff!37","job":{"id":"db3eff!37","profile":"MG.S.16","res":16,"subtime":6.824225,"walltime":4200}}}]}'
Sending '{"now":6.83203,"events":[]}'
Received '{"now":6.950346,"events":[{"timestamp":6.950346,"type":"JOB_SUBMITTED","data":{"job_id":"db3eff!38","job":{"id":"db3eff!38","profile":"CG.S.16","res":16,"subtime":6.942540,"walltime":4200}}}]}'
Sending '{"now":6.950346,"events":[]}'
Received '{"now":7.428042,"events":[{"timestamp":7.428042,"type":"JOB_SUBMITTED","data":{"job_id":"db3eff!39","job":{"id":"db3eff!39","profile":"CG.S.16","res":16,"subtime":7.420236,"walltime":4200}}}]}'
Sending '{"now":7.428042,"events":[]}'
Received '{"now":7.545538,"events":[{"timestamp":7.545538,"type":"JOB_SUBMITTED","data":{"job_id":"db3eff!40","job":{"id":"db3eff!40","profile":"IS.S.4","res":4,"subtime":7.537736,"walltime":4200}}}]}'
Sending '{"now":7.545538,"events":[]}'
Received '{"now":7.780405,"events":[{"timestamp":7.780405,"type":"JOB_COMPLETED","data":{"job_id":"db3eff!19","job_state":"COMPLETED_SUCCESSFULLY","return_code":0,"kill_reason":"","alloc":"8-11"}}]}'
Sending '{"now":7.780405,"events":[{"timestamp":7.780405,"type":"EXECUTE_JOB","data":{"job_id":"db3eff!20","alloc":"0-15"}}]}'
Received '{"now":7.803824,"events":[{"timestamp":7.796018,"type":"JOB_SUBMITTED","data":{"job_id":"db3eff!41","job":{"id":"db3eff!41","profile":"SP.S.16","res":16,"subtime":7.784219,"walltime":4200}}}]}'
Sending '{"now":7.803824,"events":[]}'
Received '{"now":8.329884,"events":[{"timestamp":8.329884,"type":"JOB_SUBMITTED","data":{"job_id":"db3eff!42","job":{"id":"db3eff!42","profile":"IS.S.16","res":16,"subtime":8.322078,"walltime":4200}}}]}'
Sending '{"now":8.329884,"events":[]}'
Received '{"now":8.455883,"events":[{"timestamp":8.455883,"type":"JOB_SUBMITTED","data":{"job_id":"db3eff!43","job":{"id":"db3eff!43","profile":"SP.S.16","res":16,"subtime":8.448077,"walltime":4200}}}]}'
Sending '{"now":8.455883,"events":[]}'
Received '{"now":8.513162,"events":[{"timestamp":8.513162,"type":"JOB_COMPLETED","data":{"job_id":"db3eff!13","job_state":"COMPLETED_SUCCESSFULLY","return_code":0,"kill_reason":"","alloc":"20-35"}}]}'
Sending '{"now":8.513162,"events":[{"timestamp":8.513162,"type":"EXECUTE_JOB","data":{"job_id":"db3eff!21","alloc":"20-35"}}]}'
Received '{"now":8.575878,"events":[{"timestamp":8.575878,"type":"JOB_SUBMITTED","data":{"job_id":"db3eff!44","job":{"id":"db3eff!44","profile":"FT.S.4","res":4,"subtime":8.568072,"walltime":4200}}}]}'
Sending '{"now":8.575878,"events":[]}'
Received '{"now":8.665667,"events":[{"timestamp":8.665667,"type":"JOB_SUBMITTED","data":{"job_id":"db3eff!45","job":{"id":"db3eff!45","profile":"IS.S.16","res":16,"subtime":8.657861,"walltime":4200}}}]}'
Sending '{"now":8.665667,"events":[]}'
Received '{"now":8.716160,"events":[{"timestamp":8.716160,"type":"JOB_COMPLETED","data":{"job_id":"db3eff!15","job_state":"COMPLETED_SUCCESSFULLY","return_code":0,"kill_reason":"","alloc":"36-51"}}]}'
Sending '{"now":8.71616,"events":[{"timestamp":8.71616,"type":"EXECUTE_JOB","data":{"job_id":"db3eff!22","alloc":"36-51"}}]}'
Received '{"now":8.891403,"events":[{"timestamp":8.891403,"type":"JOB_COMPLETED","data":{"job_id":"db3eff!22","job_state":"COMPLETED_SUCCESSFULLY","return_code":0,"kill_reason":"","alloc":"36-51"}}]}'
Sending '{"now":8.891403,"events":[{"timestamp":8.891403,"type":"EXECUTE_JOB","data":{"job_id":"db3eff!23","alloc":"36-39"}}]}'
Received '{"now":8.920675,"events":[{"timestamp":8.912869,"type":"JOB_COMPLETED","data":{"job_id":"db3eff!20","job_state":"COMPLETED_SUCCESSFULLY","return_code":0,"kill_reason":"","alloc":"0-15"}}]}'
Sending '{"now":8.920675,"events":[{"timestamp":8.920675,"type":"EXECUTE_JOB","data":{"job_id":"db3eff!24","alloc":"0-15"}}]}'
Received '{"now":9.358902,"events":[{"timestamp":9.358902,"type":"JOB_COMPLETED","data":{"job_id":"db3eff!23","job_state":"COMPLETED_SUCCESSFULLY","return_code":0,"kill_reason":"","alloc":"36-39"}}]}'
Sending '{"now":9.358902,"events":[{"timestamp":9.358902,"type":"EXECUTE_JOB","data":{"job_id":"db3eff!25","alloc":"36-51"}}]}'
Received '{"now":9.484245,"events":[{"timestamp":9.484245,"type":"JOB_SUBMITTED","data":{"job_id":"db3eff!46","job":{"id":"db3eff!46","profile":"FT.S.16","res":16,"subtime":9.476439,"walltime":4200}}}]}'
Sending '{"now":9.484245,"events":[]}'
Received '{"now":9.505712,"events":[{"timestamp":9.505712,"type":"JOB_COMPLETED","data":{"job_id":"db3eff!16","job_state":"COMPLETED_SUCCESSFULLY","return_code":0,"kill_reason":"","alloc":"16-19 52-63"}}]}'
Sending '{"now":9.505712,"events":[{"timestamp":9.505712,"type":"EXECUTE_JOB","data":{"job_id":"db3eff!26","alloc":"16-19 52-63"}}]}'
Received '{"now":9.538180,"events":[{"timestamp":9.538180,"type":"JOB_SUBMITTED","data":{"job_id":"db3eff!47","job":{"id":"db3eff!47","profile":"BT.S.4","res":4,"subtime":9.530374,"walltime":4200}}}]}'
Sending '{"now":9.53818,"events":[]}'
Received '{"now":9.555338,"events":[{"timestamp":9.555338,"type":"JOB_SUBMITTED","data":{"job_id":"db3eff!48","job":{"id":"db3eff!48","profile":"IS.S.16","res":16,"subtime":9.547532,"walltime":4200}}}]}'
Sending '{"now":9.555338,"events":[]}'
Received '{"now":9.603200,"events":[{"timestamp":9.603200,"type":"JOB_SUBMITTED","data":{"job_id":"db3eff!49","job":{"id":"db3eff!49","profile":"IS.S.4","res":4,"subtime":9.595394,"walltime":4200}}}]}'
Sending '{"now":9.6032,"events":[]}'
Received '{"now":9.667402,"events":[{"timestamp":9.667402,"type":"JOB_COMPLETED","data":{"job_id":"db3eff!24","job_state":"COMPLETED_SUCCESSFULLY","return_code":0,"kill_reason":"","alloc":"0-15"}}]}'
Sending '{"now":9.667402,"events":[{"timestamp":9.667402,"type":"EXECUTE_JOB","data":{"job_id":"db3eff!27","alloc":"0-15"}}]}'
Received '{"now":9.713453,"events":[{"timestamp":9.713453,"type":"JOB_SUBMITTED","data":{"job_id":"db3eff!50","job":{"id":"db3eff!50","profile":"SP.S.16","res":16,"subtime":9.705647,"walltime":4200}}}]}'
Sending '{"now":9.713453,"events":[]}'
Received '{"now":9.930202,"events":[{"timestamp":9.930202,"type":"JOB_COMPLETED","data":{"job_id":"db3eff!27","job_state":"COMPLETED_SUCCESSFULLY","return_code":0,"kill_reason":"","alloc":"0-15"}}]}'
Sending '{"now":9.930202,"events":[{"timestamp":9.930202,"type":"EXECUTE_JOB","data":{"job_id":"db3eff!28","alloc":"0-15"}}]}'
Received '{"now":10.168171,"events":[{"timestamp":10.168171,"type":"JOB_COMPLETED","data":{"job_id":"db3eff!21","job_state":"COMPLETED_SUCCESSFULLY","return_code":0,"kill_reason":"","alloc":"20-35"}}]}'
Sending '{"now":10.168171,"events":[{"timestamp":10.168171,"type":"EXECUTE_JOB","data":{"job_id":"db3eff!29","alloc":"20-23"}},{"timestamp":10.168171,"type":"EXECUTE_JOB","data":{"job_id":"db3eff!30","alloc":"24-27"}}]}'
Received '{"now":10.272514,"events":[{"timestamp":10.272514,"type":"JOB_COMPLETED","data":{"job_id":"db3eff!25","job_state":"COMPLETED_SUCCESSFULLY","return_code":0,"kill_reason":"","alloc":"36-51"}}]}'
Sending '{"now":10.272514,"events":[{"timestamp":10.272514,"type":"EXECUTE_JOB","data":{"job_id":"db3eff!31","alloc":"28-43"}},{"timestamp":10.272514,"type":"EXECUTE_JOB","data":{"job_id":"db3eff!32","alloc":"44-47"}},{"timestamp":10.272514,"type":"EXECUTE_JOB","data":{"job_id":"db3eff!33","alloc":"48-51"}}]}'
Received '{"now":10.411048,"events":[{"timestamp":10.411048,"type":"JOB_COMPLETED","data":{"job_id":"db3eff!32","job_state":"COMPLETED_SUCCESSFULLY","return_code":0,"kill_reason":"","alloc":"44-47"}}]}'
Sending '{"now":10.411048,"events":[{"timestamp":10.411048,"type":"EXECUTE_JOB","data":{"job_id":"db3eff!34","alloc":"44-47"}}]}'
Received '{"now":10.501813,"events":[{"timestamp":10.501813,"type":"JOB_SUBMITTED","data":{"job_id":"db3eff!51","job":{"id":"db3eff!51","profile":"IS.S.16","res":16,"subtime":10.494007,"walltime":4200}}}]}'
Sending '{"now":10.501813,"events":[]}'
Received '{"now":10.596868,"events":[{"timestamp":10.596868,"type":"JOB_COMPLETED","data":{"job_id":"db3eff!26","job_state":"COMPLETED_SUCCESSFULLY","return_code":0,"kill_reason":"","alloc":"16-19 52-63"}}]}'
Sending '{"now":10.596868,"events":[{"timestamp":10.596868,"type":"EXECUTE_JOB","data":{"job_id":"db3eff!35","alloc":"16-19"}},{"timestamp":10.596868,"type":"EXECUTE_JOB","data":{"job_id":"db3eff!36","alloc":"52-55"}},{"timestamp":10.596868,"type":"EXECUTE_JOB","data":{"job_id":"db3eff!40","alloc":"56-59"}},{"timestamp":10.596868,"type":"EXECUTE_JOB","data":{"job_id":"db3eff!44","alloc":"60-63"}}]}'
Received '{"now":10.649538,"events":[{"timestamp":10.610529,"type":"JOB_COMPLETED","data":{"job_id":"db3eff!29","job_state":"COMPLETED_SUCCESSFULLY","return_code":0,"kill_reason":"","alloc":"20-23"}}]}'
Sending '{"now":10.649538,"events":[{"timestamp":10.649538,"type":"EXECUTE_JOB","data":{"job_id":"db3eff!47","alloc":"20-23"}}]}'
Received '{"now":10.678807,"events":[{"timestamp":10.678807,"type":"JOB_COMPLETED","data":{"job_id":"db3eff!28","job_state":"COMPLETED_SUCCESSFULLY","return_code":0,"kill_reason":"","alloc":"0-15"}}]}'
Sending '{"now":10.678807,"events":[{"timestamp":10.678807,"type":"EXECUTE_JOB","data":{"job_id":"db3eff!37","alloc":"0-15"}}]}'
Received '{"now":10.725683,"events":[{"timestamp":10.725683,"type":"JOB_COMPLETED","data":{"job_id":"db3eff!40","job_state":"COMPLETED_SUCCESSFULLY","return_code":0,"kill_reason":"","alloc":"56-59"}}]}'
Sending '{"now":10.725683,"events":[{"timestamp":10.725683,"type":"EXECUTE_JOB","data":{"job_id":"db3eff!49","alloc":"56-59"}}]}'
Received '{"now":10.754949,"events":[{"timestamp":10.739344,"type":"JOB_COMPLETED","data":{"job_id":"db3eff!33","job_state":"COMPLETED_SUCCESSFULLY","return_code":0,"kill_reason":"","alloc":"48-51"}}]}'
Sending '{"now":10.754949,"events":[]}'
Received '{"now":10.776416,"events":[{"timestamp":10.768610,"type":"JOB_COMPLETED","data":{"job_id":"db3eff!44","job_state":"COMPLETED_SUCCESSFULLY","return_code":0,"kill_reason":"","alloc":"60-63"}}]}'
Sending '{"now":10.776416,"events":[]}'
Received '{"now":10.838847,"events":[{"timestamp":10.838847,"type":"JOB_COMPLETED","data":{"job_id":"db3eff!49","job_state":"COMPLETED_SUCCESSFULLY","return_code":0,"kill_reason":"","alloc":"56-59"}}]}'
Sending '{"now":10.838847,"events":[]}'
Received '{"now":10.867036,"events":[{"timestamp":10.867036,"type":"JOB_SUBMITTED","data":{"job_id":"db3eff!52","job":{"id":"db3eff!52","profile":"BT.S.16","res":16,"subtime":10.859230,"walltime":4200}}}]}'
Sending '{"now":10.867036,"events":[]}'
Received '{"now":11.017637,"events":[{"timestamp":11.017637,"type":"JOB_COMPLETED","data":{"job_id":"db3eff!30","job_state":"COMPLETED_SUCCESSFULLY","return_code":0,"kill_reason":"","alloc":"24-27"}}]}'
Sending '{"now":11.017637,"events":[{"timestamp":11.017637,"type":"EXECUTE_JOB","data":{"job_id":"db3eff!38","alloc":"24-27 48-51 56-63"}}]}'
Received '{"now":11.109615,"events":[{"timestamp":11.109615,"type":"JOB_SUBMITTED","data":{"job_id":"db3eff!53","job":{"id":"db3eff!53","profile":"MG.S.16","res":16,"subtime":11.101809,"walltime":4200}}}]}'
Sending '{"now":11.109615,"events":[]}'
Received '{"now":11.131082,"events":[{"timestamp":11.123276,"type":"JOB_COMPLETED","data":{"job_id":"db3eff!47","job_state":"COMPLETED_SUCCESSFULLY","return_code":0,"kill_reason":"","alloc":"20-23"}}]}'
Sending '{"now":11.131082,"events":[]}'
Received '{"now":11.147851,"events":[{"timestamp":11.147851,"type":"JOB_SUBMITTED","data":{"job_id":"db3eff!54","job":{"id":"db3eff!54","profile":"BT.S.4","res":4,"subtime":11.140045,"walltime":4200}}}]}'
Sending '{"now":11.147851,"events":[]}'
Received '{"now":11.266781,"events":[{"timestamp":11.266781,"type":"JOB_COMPLETED","data":{"job_id":"db3eff!34","job_state":"COMPLETED_SUCCESSFULLY","return_code":0,"kill_reason":"","alloc":"44-47"}}]}'
Sending '{"now":11.266781,"events":[{"timestamp":11.266781,"type":"EXECUTE_JOB","data":{"job_id":"db3eff!54","alloc":"44-47"}}]}'
Received '{"now":11.425273,"events":[{"timestamp":11.425273,"type":"JOB_COMPLETED","data":{"job_id":"db3eff!37","job_state":"COMPLETED_SUCCESSFULLY","return_code":0,"kill_reason":"","alloc":"0-15"}}]}'
Sending '{"now":11.425273,"events":[{"timestamp":11.425273,"type":"EXECUTE_JOB","data":{"job_id":"db3eff!39","alloc":"0-15"}}]}'
Received '{"now":11.472786,"events":[{"timestamp":11.472786,"type":"JOB_COMPLETED","data":{"job_id":"db3eff!36","job_state":"COMPLETED_SUCCESSFULLY","return_code":0,"kill_reason":"","alloc":"52-55"}}]}'
Sending '{"now":11.472786,"events":[]}'
Received '{"now":11.488398,"events":[{"timestamp":11.480592,"type":"JOB_SUBMITTED","data":{"job_id":"db3eff!55","job":{"id":"db3eff!55","profile":"IS.S.4","res":4,"subtime":11.466463,"walltime":4200}}}]}'
Sending '{"now":11.488398,"events":[{"timestamp":11.488398,"type":"EXECUTE_JOB","data":{"job_id":"db3eff!55","alloc":"52-55"}}]}'
Received '{"now":11.587975,"events":[{"timestamp":11.587975,"type":"JOB_COMPLETED","data":{"job_id":"db3eff!55","job_state":"COMPLETED_SUCCESSFULLY","return_code":0,"kill_reason":"","alloc":"52-55"}}]}'
Sending '{"now":11.587975,"events":[]}'
Received '{"now":11.729583,"events":[{"timestamp":11.729583,"type":"JOB_COMPLETED","data":{"job_id":"db3eff!35","job_state":"COMPLETED_SUCCESSFULLY","return_code":0,"kill_reason":"","alloc":"16-19"}}]}'
Sending '{"now":11.729583,"events":[]}'
Received '{"now":11.751044,"events":[{"timestamp":11.743238,"type":"JOB_COMPLETED","data":{"job_id":"db3eff!54","job_state":"COMPLETED_SUCCESSFULLY","return_code":0,"kill_reason":"","alloc":"44-47"}}]}'
Sending '{"now":11.751044,"events":[{"timestamp":11.751044,"type":"EXECUTE_JOB","data":{"job_id":"db3eff!41","alloc":"16-23 44-47 52-55"}}]}'
Received '{"now":11.784138,"events":[{"timestamp":11.784138,"type":"JOB_SUBMITTED","data":{"job_id":"db3eff!56","job":{"id":"db3eff!56","profile":"CG.S.16","res":16,"subtime":11.776344,"walltime":4200}}}]}'
Sending '{"now":11.784138,"events":[]}'
Received '{"now":11.888883,"events":[{"timestamp":11.888883,"type":"JOB_SUBMITTED","data":{"job_id":"db3eff!57","job":{"id":"db3eff!57","profile":"BT.S.4","res":4,"subtime":11.881077,"walltime":4200}}}]}'
Sending '{"now":11.888883,"events":[]}'
Received '{"now":11.925497,"events":[{"timestamp":11.925497,"type":"JOB_SUBMITTED","data":{"job_id":"db3eff!58","job":{"id":"db3eff!58","profile":"IS.S.16","res":16,"subtime":11.917695,"walltime":4200}}}]}'
Sending '{"now":11.925497,"events":[]}'
Received '{"now":12.080953,"events":[{"timestamp":12.080953,"type":"JOB_SUBMITTED","data":{"job_id":"db3eff!59","job":{"id":"db3eff!59","profile":"BT.S.16","res":16,"subtime":12.073157,"walltime":4200}}}]}'
Sending '{"now":12.080953,"events":[]}'
Received '{"now":12.144627,"events":[{"timestamp":12.144627,"type":"JOB_SUBMITTED","data":{"job_id":"db3eff!60","job":{"id":"db3eff!60","profile":"CG.S.16","res":16,"subtime":12.136821,"walltime":4200}}}]}'
Sending '{"now":12.144627,"events":[]}'
Received '{"now":12.262619,"events":[{"timestamp":12.262619,"type":"JOB_SUBMITTED","data":{"job_id":"db3eff!61","job":{"id":"db3eff!61","profile":"SP.S.16","res":16,"subtime":12.254820,"walltime":4200}}}]}'
Sending '{"now":12.262619,"events":[]}'
Received '{"now":12.361192,"events":[{"timestamp":12.361192,"type":"JOB_SUBMITTED","data":{"job_id":"db3eff!62","job":{"id":"db3eff!62","profile":"LU.S.4","res":4,"subtime":12.353386,"walltime":4200}}}]}'
Sending '{"now":12.361192,"events":[]}'
Received '{"now":12.686407,"events":[{"timestamp":12.686407,"type":"JOB_SUBMITTED","data":{"job_id":"db3eff!63","job":{"id":"db3eff!63","profile":"CG.S.4","res":4,"subtime":12.678603,"walltime":4200}}}]}'
Sending '{"now":12.686407,"events":[]}'
Received '{"now":12.734763,"events":[{"timestamp":12.734763,"type":"JOB_SUBMITTED","data":{"job_id":"db3eff!64","job":{"id":"db3eff!64","profile":"BT.S.16","res":16,"subtime":12.726957,"walltime":4200}}}]}'
Sending '{"now":12.734763,"events":[]}'
Received '{"now":12.851961,"events":[{"timestamp":12.851961,"type":"JOB_SUBMITTED","data":{"job_id":"db3eff!65","job":{"id":"db3eff!65","profile":"LU.S.4","res":4,"subtime":12.844155,"walltime":4200}}}]}'
Sending '{"now":12.851961,"events":[]}'
Received '{"now":12.979779,"events":[{"timestamp":12.979779,"type":"JOB_SUBMITTED","data":{"job_id":"db3eff!66","job":{"id":"db3eff!66","profile":"CG.S.4","res":4,"subtime":12.971973,"walltime":4200}}}]}'
Sending '{"now":12.979779,"events":[]}'
Received '{"now":13.156866,"events":[{"timestamp":13.156866,"type":"JOB_SUBMITTED","data":{"job_id":"db3eff!67","job":{"id":"db3eff!67","profile":"LU.S.16","res":16,"subtime":13.149060,"walltime":4200}}}]}'
Sending '{"now":13.156866,"events":[]}'
Received '{"now":13.488646,"events":[{"timestamp":13.488646,"type":"JOB_COMPLETED","data":{"job_id":"db3eff!31","job_state":"COMPLETED_SUCCESSFULLY","return_code":0,"kill_reason":"","alloc":"28-43"}}]}'
Sending '{"now":13.488646,"events":[{"timestamp":13.488646,"type":"EXECUTE_JOB","data":{"job_id":"db3eff!42","alloc":"28-43"}}]}'
Received '{"now":13.665319,"events":[{"timestamp":13.665319,"type":"JOB_COMPLETED","data":{"job_id":"db3eff!42","job_state":"COMPLETED_SUCCESSFULLY","return_code":0,"kill_reason":"","alloc":"28-43"}}]}'
Sending '{"now":13.665319,"events":[{"timestamp":13.665319,"type":"EXECUTE_JOB","data":{"job_id":"db3eff!43","alloc":"28-43"}}]}'
Received '{"now":13.688734,"events":[{"timestamp":13.680928,"type":"JOB_SUBMITTED","data":{"job_id":"db3eff!68","job":{"id":"db3eff!68","profile":"LU.S.4","res":4,"subtime":13.670188,"walltime":4200}}}]}'
Sending '{"now":13.688734,"events":[]}'
Received '{"now":13.884737,"events":[{"timestamp":13.884737,"type":"JOB_SUBMITTED","data":{"job_id":"db3eff!69","job":{"id":"db3eff!69","profile":"LU.S.16","res":16,"subtime":13.876931,"walltime":4200}}}]}'
Sending '{"now":13.884737,"events":[]}'
Received '{"now":14.080028,"events":[{"timestamp":14.080028,"type":"JOB_SUBMITTED","data":{"job_id":"db3eff!70","job":{"id":"db3eff!70","profile":"CG.S.4","res":4,"subtime":14.072224,"walltime":4200}}}]}'
Sending '{"now":14.080028,"events":[]}'
Received '{"now":14.095640,"events":[{"timestamp":14.087834,"type":"JOB_SUBMITTED","data":{"job_id":"db3eff!71","job":{"id":"db3eff!71","profile":"BT.S.4","res":4,"subtime":14.073070,"walltime":4200}}}]}'
Sending '{"now":14.09564,"events":[]}'
Received '{"now":14.271088,"events":[{"timestamp":14.271088,"type":"JOB_SUBMITTED","data":{"job_id":"db3eff!72","job":{"id":"db3eff!72","profile":"IS.S.4","res":4,"subtime":14.263282,"walltime":4200}}}]}'
Sending '{"now":14.271088,"events":[]}'
Received '{"now":14.613087,"events":[{"timestamp":14.613087,"type":"JOB_SUBMITTED","data":{"job_id":"db3eff!73","job":{"id":"db3eff!73","profile":"LU.S.4","res":4,"subtime":14.605286,"walltime":4200}}}]}'
Sending '{"now":14.613087,"events":[]}'
Received '{"now":14.872595,"events":[{"timestamp":14.872595,"type":"JOB_COMPLETED","data":{"job_id":"db3eff!38","job_state":"COMPLETED_SUCCESSFULLY","return_code":0,"kill_reason":"","alloc":"24-27 48-51 56-63"}}]}'
Sending '{"now":14.872595,"events":[{"timestamp":14.872595,"type":"EXECUTE_JOB","data":{"job_id":"db3eff!45","alloc":"24-27 48-51 56-63"}}]}'
Received '{"now":15.004787,"events":[{"timestamp":15.004787,"type":"JOB_COMPLETED","data":{"job_id":"db3eff!39","job_state":"COMPLETED_SUCCESSFULLY","return_code":0,"kill_reason":"","alloc":"0-15"}}]}'
Sending '{"now":15.004787,"events":[{"timestamp":15.004787,"type":"EXECUTE_JOB","data":{"job_id":"db3eff!46","alloc":"0-15"}}]}'
Received '{"now":15.079247,"events":[{"timestamp":15.079247,"type":"JOB_COMPLETED","data":{"job_id":"db3eff!45","job_state":"COMPLETED_SUCCESSFULLY","return_code":0,"kill_reason":"","alloc":"24-27 48-51 56-63"}}]}'
Sending '{"now":15.079247,"events":[{"timestamp":15.079247,"type":"EXECUTE_JOB","data":{"job_id":"db3eff!48","alloc":"24-27 48-51 56-63"}}]}'
Received '{"now":15.267261,"events":[{"timestamp":15.267261,"type":"JOB_COMPLETED","data":{"job_id":"db3eff!46","job_state":"COMPLETED_SUCCESSFULLY","return_code":0,"kill_reason":"","alloc":"0-15"}}]}'
Sending '{"now":15.267261,"events":[{"timestamp":15.267261,"type":"EXECUTE_JOB","data":{"job_id":"db3eff!50","alloc":"0-15"}}]}'
Received '{"now":15.296531,"events":[{"timestamp":15.288728,"type":"JOB_COMPLETED","data":{"job_id":"db3eff!48","job_state":"COMPLETED_SUCCESSFULLY","return_code":0,"kill_reason":"","alloc":"24-27 48-51 56-63"}}]}'
Sending '{"now":15.296531,"events":[{"timestamp":15.296531,"type":"EXECUTE_JOB","data":{"job_id":"db3eff!51","alloc":"24-27 48-51 56-63"}}]}'
Received '{"now":15.319945,"events":[{"timestamp":15.304334,"type":"JOB_SUBMITTED","data":{"job_id":"db3eff!74","job":{"id":"db3eff!74","profile":"SP.S.4","res":4,"subtime":15.288286,"walltime":4200}}}]}'
Sending '{"now":15.319945,"events":[]}'
Received '{"now":15.350748,"events":[{"timestamp":15.350748,"type":"JOB_SUBMITTED","data":{"job_id":"db3eff!75","job":{"id":"db3eff!75","profile":"LU.S.16","res":16,"subtime":15.342956,"walltime":4200}}}]}'
Sending '{"now":15.350748,"events":[]}'
Received '{"now":15.510932,"events":[{"timestamp":15.510932,"type":"JOB_COMPLETED","data":{"job_id":"db3eff!51","job_state":"COMPLETED_SUCCESSFULLY","return_code":0,"kill_reason":"","alloc":"24-27 48-51 56-63"}}]}'
Sending '{"now":15.510932,"events":[{"timestamp":15.510932,"type":"EXECUTE_JOB","data":{"job_id":"db3eff!52","alloc":"24-27 48-51 56-63"}}]}'
Received '{"now":15.534767,"events":[{"timestamp":15.534767,"type":"JOB_SUBMITTED","data":{"job_id":"db3eff!76","job":{"id":"db3eff!76","profile":"FT.S.4","res":4,"subtime":15.526961,"walltime":4200}}}]}'
Sending '{"now":15.534767,"events":[]}'
Received '{"now":15.903171,"events":[{"timestamp":15.903171,"type":"JOB_COMPLETED","data":{"job_id":"db3eff!41","job_state":"COMPLETED_SUCCESSFULLY","return_code":0,"kill_reason":"","alloc":"16-23 44-47 52-55"}}]}'
Sending '{"now":15.903171,"events":[{"timestamp":15.903171,"type":"EXECUTE_JOB","data":{"job_id":"db3eff!53","alloc":"16-23 44-47 52-55"}}]}'
Received '{"now":15.926573,"events":[{"timestamp":15.926573,"type":"JOB_SUBMITTED","data":{"job_id":"db3eff!77","job":{"id":"db3eff!77","profile":"IS.S.4","res":4,"subtime":15.915341,"walltime":4200}}}]}'
Sending '{"now":15.926573,"events":[]}'
Received '{"now":15.942808,"events":[{"timestamp":15.942808,"type":"JOB_SUBMITTED","data":{"job_id":"db3eff!78","job":{"id":"db3eff!78","profile":"MG.S.16","res":16,"subtime":15.935002,"walltime":4200}}}]}'
Sending '{"now":15.942808,"events":[]}'
Received '{"now":15.958412,"events":[{"timestamp":15.958412,"type":"JOB_SUBMITTED","data":{"job_id":"db3eff!79","job":{"id":"db3eff!79","profile":"BT.S.16","res":16,"subtime":15.945578,"walltime":4200}}}]}'
Sending '{"now":15.958412,"events":[]}'
Received '{"now":15.986259,"events":[{"timestamp":15.986259,"type":"JOB_SUBMITTED","data":{"job_id":"db3eff!80","job":{"id":"db3eff!80","profile":"SP.S.16","res":16,"subtime":15.978463,"walltime":4200}}}]}'
Sending '{"now":15.986259,"events":[]}'
Received '{"now":16.422086,"events":[{"timestamp":16.422086,"type":"JOB_SUBMITTED","data":{"job_id":"db3eff!81","job":{"id":"db3eff!81","profile":"BT.S.16","res":16,"subtime":16.414280,"walltime":4200}}}]}'
Sending '{"now":16.422086,"events":[]}'
Received '{"now":16.510244,"events":[{"timestamp":16.510244,"type":"JOB_SUBMITTED","data":{"job_id":"db3eff!82","job":{"id":"db3eff!82","profile":"SP.S.16","res":16,"subtime":16.502438,"walltime":4200}}}]}'
Sending '{"now":16.510244,"events":[]}'
Received '{"now":16.740959,"events":[{"timestamp":16.740959,"type":"JOB_SUBMITTED","data":{"job_id":"db3eff!83","job":{"id":"db3eff!83","profile":"SP.S.16","res":16,"subtime":16.733166,"walltime":4200}}}]}'
Sending '{"now":16.740959,"events":[]}'
Received '{"now":16.771696,"events":[{"timestamp":16.771696,"type":"JOB_SUBMITTED","data":{"job_id":"db3eff!84","job":{"id":"db3eff!84","profile":"LU.S.4","res":4,"subtime":16.763890,"walltime":4200}}}]}'
Sending '{"now":16.771696,"events":[]}'
Received '{"now":16.895715,"events":[{"timestamp":16.895715,"type":"JOB_COMPLETED","data":{"job_id":"db3eff!43","job_state":"COMPLETED_SUCCESSFULLY","return_code":0,"kill_reason":"","alloc":"28-43"}}]}'
Sending '{"now":16.895715,"events":[{"timestamp":16.895715,"type":"EXECUTE_JOB","data":{"job_id":"db3eff!56","alloc":"28-43"}}]}'
Received '{"now":16.927172,"events":[{"timestamp":16.927172,"type":"JOB_SUBMITTED","data":{"job_id":"db3eff!85","job":{"id":"db3eff!85","profile":"MG.S.4","res":4,"subtime":16.919366,"walltime":4200}}}]}'
Sending '{"now":16.927172,"events":[]}'
Received '{"now":16.943092,"events":[{"timestamp":16.943092,"type":"JOB_SUBMITTED","data":{"job_id":"db3eff!86","job":{"id":"db3eff!86","profile":"BT.S.16","res":16,"subtime":16.935286,"walltime":4200}}}]}'
Sending '{"now":16.943092,"events":[]}'
Received '{"now":16.981544,"events":[{"timestamp":16.981544,"type":"JOB_COMPLETED","data":{"job_id":"db3eff!53","job_state":"COMPLETED_SUCCESSFULLY","return_code":0,"kill_reason":"","alloc":"16-23 44-47 52-55"}}]}'
Sending '{"now":16.981544,"events":[{"timestamp":16.981544,"type":"EXECUTE_JOB","data":{"job_id":"db3eff!57","alloc":"16-19"}},{"timestamp":16.981544,"type":"EXECUTE_JOB","data":{"job_id":"db3eff!62","alloc":"20-23"}},{"timestamp":16.981544,"type":"EXECUTE_JOB","data":{"job_id":"db3eff!63","alloc":"44-47"}},{"timestamp":16.981544,"type":"EXECUTE_JOB","data":{"job_id":"db3eff!65","alloc":"52-55"}}]}'
Received '{"now":17.089862,"events":[{"timestamp":17.089862,"type":"JOB_SUBMITTED","data":{"job_id":"db3eff!87","job":{"id":"db3eff!87","profile":"IS.S.16","res":16,"subtime":17.082056,"walltime":4200}}}]}'
Sending '{"now":17.089862,"events":[]}'
Received '{"now":17.269876,"events":[{"timestamp":17.269876,"type":"JOB_SUBMITTED","data":{"job_id":"db3eff!88","job":{"id":"db3eff!88","profile":"MG.S.16","res":16,"subtime":17.262070,"walltime":4200}}}]}'
Sending '{"now":17.269876,"events":[]}'
Received '{"now":17.307781,"events":[{"timestamp":17.307781,"type":"JOB_SUBMITTED","data":{"job_id":"db3eff!89","job":{"id":"db3eff!89","profile":"SP.S.4","res":4,"subtime":17.299983,"walltime":4200}}}]}'
Sending '{"now":17.307781,"events":[]}'
Received '{"now":17.323393,"events":[{"timestamp":17.315587,"type":"JOB_SUBMITTED","data":{"job_id":"db3eff!90","job":{"id":"db3eff!90","profile":"LU.S.4","res":4,"subtime":17.307765,"walltime":4200}}}]}'
Sending '{"now":17.323393,"events":[]}'
Received '{"now":17.449456,"events":[{"timestamp":17.449456,"type":"JOB_COMPLETED","data":{"job_id":"db3eff!57","job_state":"COMPLETED_SUCCESSFULLY","return_code":0,"kill_reason":"","alloc":"16-19"}}]}'
Sending '{"now":17.449456,"events":[{"timestamp":17.449456,"type":"EXECUTE_JOB","data":{"job_id":"db3eff!66","alloc":"16-19"}}]}'
Received '{"now":17.486739,"events":[{"timestamp":17.486739,"type":"JOB_SUBMITTED","data":{"job_id":"db3eff!91","job":{"id":"db3eff!91","profile":"BT.S.16","res":16,"subtime":17.478933,"walltime":4200}}}]}'
Sending '{"now":17.486739,"events":[]}'
Received '{"now":17.525272,"events":[{"timestamp":17.525272,"type":"JOB_COMPLETED","data":{"job_id":"db3eff!50","job_state":"COMPLETED_SUCCESSFULLY","return_code":0,"kill_reason":"","alloc":"0-15"}}]}'
Sending '{"now":17.525272,"events":[{"timestamp":17.525272,"type":"EXECUTE_JOB","data":{"job_id":"db3eff!58","alloc":"0-15"}}]}'
Received '{"now":17.548690,"events":[{"timestamp":17.533078,"type":"JOB_SUBMITTED","data":{"job_id":"db3eff!92","job":{"id":"db3eff!92","profile":"MG.S.4","res":4,"subtime":17.518992,"walltime":4200}}}]}'
Sending '{"now":17.54869,"events":[]}'
Received '{"now":17.680218,"events":[{"timestamp":17.680218,"type":"JOB_COMPLETED","data":{"job_id":"db3eff!58","job_state":"COMPLETED_SUCCESSFULLY","return_code":0,"kill_reason":"","alloc":"0-15"}}]}'
Sending '{"now":17.680218,"events":[{"timestamp":17.680218,"type":"EXECUTE_JOB","data":{"job_id":"db3eff!59","alloc":"0-15"}}]}'
Received '{"now":17.757085,"events":[{"timestamp":17.757085,"type":"JOB_SUBMITTED","data":{"job_id":"db3eff!93","job":{"id":"db3eff!93","profile":"BT.S.4","res":4,"subtime":17.749279,"walltime":4200}}}]}'
Sending '{"now":17.757085,"events":[]}'
Received '{"now":18.117114,"events":[{"timestamp":18.117114,"type":"JOB_COMPLETED","data":{"job_id":"db3eff!63","job_state":"COMPLETED_SUCCESSFULLY","return_code":0,"kill_reason":"","alloc":"44-47"}}]}'
Sending '{"now":18.117114,"events":[]}'
Received '{"now":18.139105,"events":[{"timestamp":18.139105,"type":"JOB_SUBMITTED","data":{"job_id":"db3eff!94","job":{"id":"db3eff!94","profile":"SP.S.16","res":16,"subtime":18.131301,"walltime":4200}}}]}'
Sending '{"now":18.139105,"events":[]}'
Received '{"now":18.210573,"events":[{"timestamp":18.210573,"type":"JOB_COMPLETED","data":{"job_id":"db3eff!52","job_state":"COMPLETED_SUCCESSFULLY","return_code":0,"kill_reason":"","alloc":"24-27 48-51 56-63"}}]}'
Sending '{"now":18.210573,"events":[{"timestamp":18.210573,"type":"EXECUTE_JOB","data":{"job_id":"db3eff!60","alloc":"24-27 44-51 56-59"}},{"timestamp":18.210573,"type":"EXECUTE_JOB","data":{"job_id":"db3eff!68","alloc":"60-63"}}]}'
Received '{"now":18.377872,"events":[{"timestamp":18.377872,"type":"JOB_SUBMITTED","data":{"job_id":"db3eff!95","job":{"id":"db3eff!95","profile":"SP.S.4","res":4,"subtime":18.370066,"walltime":4200}}}]}'
Sending '{"now":18.377872,"events":[]}'
Received '{"now":18.424761,"events":[{"timestamp":18.424761,"type":"JOB_SUBMITTED","data":{"job_id":"db3eff!96","job":{"id":"db3eff!96","profile":"LU.S.16","res":16,"subtime":18.416957,"walltime":4200}}}]}'
Sending '{"now":18.424761,"events":[]}'
Received '{"now":18.488150,"events":[{"timestamp":18.488150,"type":"JOB_SUBMITTED","data":{"job_id":"db3eff!97","job":{"id":"db3eff!97","profile":"FT.S.4","res":4,"subtime":18.480348,"walltime":4200}}}]}'
Sending '{"now":18.48815,"events":[]}'
Received '{"now":18.503762,"events":[{"timestamp":18.503762,"type":"JOB_SUBMITTED","data":{"job_id":"db3eff!98","job":{"id":"db3eff!98","profile":"CG.S.16","res":16,"subtime":18.493253,"walltime":4200}}}]}'
Sending '{"now":18.503762,"events":[]}'
Received '{"now":18.569458,"events":[{"timestamp":18.569458,"type":"JOB_COMPLETED","data":{"job_id":"db3eff!66","job_state":"COMPLETED_SUCCESSFULLY","return_code":0,"kill_reason":"","alloc":"16-19"}}]}'
Sending '{"now":18.569458,"events":[]}'
Received '{"now":18.650897,"events":[{"timestamp":18.650897,"type":"JOB_SUBMITTED","data":{"job_id":"db3eff!99","job":{"id":"db3eff!99","profile":"MG.S.4","res":4,"subtime":18.643091,"walltime":4200}}}]}'
Sending '{"now":18.650897,"events":[]}'
Received '{"now":18.767070,"events":[{"timestamp":18.767070,"type":"JOB_SUBMITTED","data":{"job_id":"db3eff!100","job":{"id":"db3eff!100","profile":"CG.S.16","res":16,"subtime":18.759264,"walltime":4200}}}]}'
Sending '{"now":18.76707,"events":[]}'
Received '{"now":18.812133,"events":[{"timestamp":18.812133,"type":"JOB_COMPLETED","data":{"job_id":"db3eff!59","job_state":"COMPLETED_SUCCESSFULLY","return_code":0,"kill_reason":"","alloc":"0-15"}}]}'
Sending '{"now":18.812133,"events":[{"timestamp":18.812133,"type":"EXECUTE_JOB","data":{"job_id":"db3eff!61","alloc":"0-15"}}]}'
Received '{"now":19.396495,"events":[{"timestamp":19.396495,"type":"JOB_COMPLETED","data":{"job_id":"db3eff!62","job_state":"COMPLETED_SUCCESSFULLY","return_code":0,"kill_reason":"","alloc":"20-23"}}]}'
Sending '{"now":19.396495,"events":[]}'
Received '{"now":19.417961,"events":[{"timestamp":19.417961,"type":"JOB_COMPLETED","data":{"job_id":"db3eff!65","job_state":"COMPLETED_SUCCESSFULLY","return_code":0,"kill_reason":"","alloc":"52-55"}}]}'
Sending '{"now":19.417961,"events":[{"timestamp":19.417961,"type":"EXECUTE_JOB","data":{"job_id":"db3eff!70","alloc":"52-55"}}]}'
Received '{"now":20.538043,"events":[{"timestamp":20.538043,"type":"JOB_COMPLETED","data":{"job_id":"db3eff!70","job_state":"COMPLETED_SUCCESSFULLY","return_code":0,"kill_reason":"","alloc":"52-55"}}]}'
Sending '{"now":20.538043,"events":[{"timestamp":20.538043,"type":"EXECUTE_JOB","data":{"job_id":"db3eff!71","alloc":"52-55"}}]}'
Received '{"now":20.625691,"events":[{"timestamp":20.625691,"type":"JOB_COMPLETED","data":{"job_id":"db3eff!68","job_state":"COMPLETED_SUCCESSFULLY","return_code":0,"kill_reason":"","alloc":"60-63"}}]}'
Sending '{"now":20.625691,"events":[{"timestamp":20.625691,"type":"EXECUTE_JOB","data":{"job_id":"db3eff!72","alloc":"60-63"}}]}'
Received '{"now":20.725348,"events":[{"timestamp":20.725348,"type":"JOB_COMPLETED","data":{"job_id":"db3eff!72","job_state":"COMPLETED_SUCCESSFULLY","return_code":0,"kill_reason":"","alloc":"60-63"}}]}'
Sending '{"now":20.725348,"events":[{"timestamp":20.725348,"type":"EXECUTE_JOB","data":{"job_id":"db3eff!73","alloc":"60-63"}}]}'
Received '{"now":20.754621,"events":[{"timestamp":20.754621,"type":"JOB_COMPLETED","data":{"job_id":"db3eff!56","job_state":"COMPLETED_SUCCESSFULLY","return_code":0,"kill_reason":"","alloc":"28-43"}}]}'
Sending '{"now":20.754621,"events":[{"timestamp":20.754621,"type":"EXECUTE_JOB","data":{"job_id":"db3eff!64","alloc":"16-23 28-35"}}]}'
Received '{"now":20.783893,"events":[{"timestamp":20.768281,"type":"JOB_COMPLETED","data":{"job_id":"db3eff!61","job_state":"COMPLETED_SUCCESSFULLY","return_code":0,"kill_reason":"","alloc":"0-15"}}]}'
Sending '{"now":20.783893,"events":[{"timestamp":20.783893,"type":"EXECUTE_JOB","data":{"job_id":"db3eff!67","alloc":"0-15"}}]}'
Received '{"now":21.005994,"events":[{"timestamp":21.005994,"type":"JOB_COMPLETED","data":{"job_id":"db3eff!71","job_state":"COMPLETED_SUCCESSFULLY","return_code":0,"kill_reason":"","alloc":"52-55"}}]}'
Sending '{"now":21.005994,"events":[{"timestamp":21.005994,"type":"EXECUTE_JOB","data":{"job_id":"db3eff!74","alloc":"52-55"}}]}'
Received '{"now":21.780821,"events":[{"timestamp":21.780821,"type":"JOB_COMPLETED","data":{"job_id":"db3eff!74","job_state":"COMPLETED_SUCCESSFULLY","return_code":0,"kill_reason":"","alloc":"52-55"}}]}'
Sending '{"now":21.780821,"events":[{"timestamp":21.780821,"type":"EXECUTE_JOB","data":{"job_id":"db3eff!76","alloc":"52-55"}}]}'
Received '{"now":21.911563,"events":[{"timestamp":21.911563,"type":"JOB_COMPLETED","data":{"job_id":"db3eff!76","job_state":"COMPLETED_SUCCESSFULLY","return_code":0,"kill_reason":"","alloc":"52-55"}}]}'
Sending '{"now":21.911563,"events":[{"timestamp":21.911563,"type":"EXECUTE_JOB","data":{"job_id":"db3eff!77","alloc":"52-55"}}]}'
Received '{"now":22.011243,"events":[{"timestamp":22.011243,"type":"JOB_COMPLETED","data":{"job_id":"db3eff!77","job_state":"COMPLETED_SUCCESSFULLY","return_code":0,"kill_reason":"","alloc":"52-55"}}]}'
Sending '{"now":22.011243,"events":[{"timestamp":22.011243,"type":"EXECUTE_JOB","data":{"job_id":"db3eff!84","alloc":"52-55"}}]}'
Received '{"now":22.338207,"events":[{"timestamp":22.338207,"type":"JOB_COMPLETED","data":{"job_id":"db3eff!60","job_state":"COMPLETED_SUCCESSFULLY","return_code":0,"kill_reason":"","alloc":"24-27 44-51 56-59"}}]}'
Sending '{"now":22.338207,"events":[{"timestamp":22.338207,"type":"EXECUTE_JOB","data":{"job_id":"db3eff!69","alloc":"24-27 36-47"}},{"timestamp":22.338207,"type":"EXECUTE_JOB","data":{"job_id":"db3eff!85","alloc":"48-51"}},{"timestamp":22.338207,"type":"EXECUTE_JOB","data":{"job_id":"db3eff!89","alloc":"56-59"}}]}'
Received '{"now":22.417032,"events":[{"timestamp":22.417032,"type":"JOB_COMPLETED","data":{"job_id":"db3eff!64","job_state":"COMPLETED_SUCCESSFULLY","return_code":0,"kill_reason":"","alloc":"16-23 28-35"}}]}'
Sending '{"now":22.417032,"events":[{"timestamp":22.417032,"type":"EXECUTE_JOB","data":{"job_id":"db3eff!75","alloc":"16-23 28-35"}}]}'
Received '{"now":22.784666,"events":[{"timestamp":22.784666,"type":"JOB_COMPLETED","data":{"job_id":"db3eff!85","job_state":"COMPLETED_SUCCESSFULLY","return_code":0,"kill_reason":"","alloc":"48-51"}}]}'
Sending '{"now":22.784666,"events":[{"timestamp":22.784666,"type":"EXECUTE_JOB","data":{"job_id":"db3eff!90","alloc":"48-51"}}]}'
Received '{"now":22.822833,"events":[{"timestamp":22.822833,"type":"JOB_COMPLETED","data":{"job_id":"db3eff!67","job_state":"COMPLETED_SUCCESSFULLY","return_code":0,"kill_reason":"","alloc":"0-15"}}]}'
Sending '{"now":22.822833,"events":[{"timestamp":22.822833,"type":"EXECUTE_JOB","data":{"job_id":"db3eff!78","alloc":"0-15"}}]}'
Received '{"now":23.128418,"events":[{"timestamp":23.128418,"type":"JOB_COMPLETED","data":{"job_id":"db3eff!89","job_state":"COMPLETED_SUCCESSFULLY","return_code":0,"kill_reason":"","alloc":"56-59"}}]}'
Sending '{"now":23.128418,"events":[{"timestamp":23.128418,"type":"EXECUTE_JOB","data":{"job_id":"db3eff!92","alloc":"56-59"}}]}'
Received '{"now":23.157690,"events":[{"timestamp":23.142078,"type":"JOB_COMPLETED","data":{"job_id":"db3eff!73","job_state":"COMPLETED_SUCCESSFULLY","return_code":0,"kill_reason":"","alloc":"60-63"}}]}'
Sending '{"now":23.15769,"events":[{"timestamp":23.15769,"type":"EXECUTE_JOB","data":{"job_id":"db3eff!93","alloc":"60-63"}}]}'
Received '{"now":23.569840,"events":[{"timestamp":23.569840,"type":"JOB_COMPLETED","data":{"job_id":"db3eff!78","job_state":"COMPLETED_SUCCESSFULLY","return_code":0,"kill_reason":"","alloc":"0-15"}}]}'
Sending '{"now":23.56984,"events":[{"timestamp":23.56984,"type":"EXECUTE_JOB","data":{"job_id":"db3eff!79","alloc":"0-15"}}]}'
Received '{"now":23.599109,"events":[{"timestamp":23.583501,"type":"JOB_COMPLETED","data":{"job_id":"db3eff!92","job_state":"COMPLETED_SUCCESSFULLY","return_code":0,"kill_reason":"","alloc":"56-59"}}]}'
Sending '{"now":23.599109,"events":[{"timestamp":23.599109,"type":"EXECUTE_JOB","data":{"job_id":"db3eff!95","alloc":"56-59"}}]}'
Received '{"now":23.628391,"events":[{"timestamp":23.628391,"type":"JOB_COMPLETED","data":{"job_id":"db3eff!93","job_state":"COMPLETED_SUCCESSFULLY","return_code":0,"kill_reason":"","alloc":"60-63"}}]}'
Sending '{"now":23.628391,"events":[{"timestamp":23.628391,"type":"EXECUTE_JOB","data":{"job_id":"db3eff!97","alloc":"60-63"}}]}'
Received '{"now":23.759125,"events":[{"timestamp":23.759125,"type":"JOB_COMPLETED","data":{"job_id":"db3eff!97","job_state":"COMPLETED_SUCCESSFULLY","return_code":0,"kill_reason":"","alloc":"60-63"}}]}'
Sending '{"now":23.759125,"events":[{"timestamp":23.759125,"type":"EXECUTE_JOB","data":{"job_id":"db3eff!99","alloc":"60-63"}}]}'
Received '{"now":24.197752,"events":[{"timestamp":24.197752,"type":"JOB_COMPLETED","data":{"job_id":"db3eff!99","job_state":"COMPLETED_SUCCESSFULLY","return_code":0,"kill_reason":"","alloc":"60-63"}}]}'
Sending '{"now":24.197752,"events":[]}'
Received '{"now":24.373954,"events":[{"timestamp":24.373954,"type":"JOB_COMPLETED","data":{"job_id":"db3eff!95","job_state":"COMPLETED_SUCCESSFULLY","return_code":0,"kill_reason":"","alloc":"56-59"}}]}'
Sending '{"now":24.373954,"events":[]}'
Received '{"now":24.418372,"events":[{"timestamp":24.418372,"type":"JOB_COMPLETED","data":{"job_id":"db3eff!84","job_state":"COMPLETED_SUCCESSFULLY","return_code":0,"kill_reason":"","alloc":"52-55"}}]}'
Sending '{"now":24.418372,"events":[]}'
Received '{"now":24.715344,"events":[{"timestamp":24.715344,"type":"JOB_COMPLETED","data":{"job_id":"db3eff!79","job_state":"COMPLETED_SUCCESSFULLY","return_code":0,"kill_reason":"","alloc":"0-15"}}]}'
Sending '{"now":24.715344,"events":[{"timestamp":24.715344,"type":"EXECUTE_JOB","data":{"job_id":"db3eff!80","alloc":"0-15"}}]}'
Received '{"now":25.191847,"events":[{"timestamp":25.191847,"type":"JOB_COMPLETED","data":{"job_id":"db3eff!90","job_state":"COMPLETED_SUCCESSFULLY","return_code":0,"kill_reason":"","alloc":"48-51"}}]}'
Sending '{"now":25.191847,"events":[{"timestamp":25.191847,"type":"EXECUTE_JOB","data":{"job_id":"db3eff!81","alloc":"48-63"}}]}'
Received '{"now":25.306692,"events":[{"timestamp":25.306692,"type":"JOB_COMPLETED","data":{"job_id":"db3eff!69","job_state":"COMPLETED_SUCCESSFULLY","return_code":0,"kill_reason":"","alloc":"24-27 36-47"}}]}'
Sending '{"now":25.306692,"events":[{"timestamp":25.306692,"type":"EXECUTE_JOB","data":{"job_id":"db3eff!82","alloc":"24-27 36-47"}}]}'
Received '{"now":25.420495,"events":[{"timestamp":25.420495,"type":"JOB_COMPLETED","data":{"job_id":"db3eff!75","job_state":"COMPLETED_SUCCESSFULLY","return_code":0,"kill_reason":"","alloc":"16-23 28-35"}}]}'
Sending '{"now":25.420495,"events":[{"timestamp":25.420495,"type":"EXECUTE_JOB","data":{"job_id":"db3eff!83","alloc":"16-23 28-35"}}]}'
Received '{"now":26.321130,"events":[{"timestamp":26.321130,"type":"JOB_COMPLETED","data":{"job_id":"db3eff!81","job_state":"COMPLETED_SUCCESSFULLY","return_code":0,"kill_reason":"","alloc":"48-63"}}]}'
Sending '{"now":26.32113,"events":[{"timestamp":26.32113,"type":"EXECUTE_JOB","data":{"job_id":"db3eff!86","alloc":"48-63"}}]}'
Received '{"now":26.997841,"events":[{"timestamp":26.997841,"type":"JOB_COMPLETED","data":{"job_id":"db3eff!80","job_state":"COMPLETED_SUCCESSFULLY","return_code":0,"kill_reason":"","alloc":"0-15"}}]}'
Sending '{"now":26.997841,"events":[{"timestamp":26.997841,"type":"EXECUTE_JOB","data":{"job_id":"db3eff!87","alloc":"0-15"}}]}'
Received '{"now":27.144797,"events":[{"timestamp":27.144797,"type":"JOB_COMPLETED","data":{"job_id":"db3eff!87","job_state":"COMPLETED_SUCCESSFULLY","return_code":0,"kill_reason":"","alloc":"0-15"}}]}'
Sending '{"now":27.144797,"events":[{"timestamp":27.144797,"type":"EXECUTE_JOB","data":{"job_id":"db3eff!88","alloc":"0-15"}}]}'
Received '{"now":27.450088,"events":[{"timestamp":27.450088,"type":"JOB_COMPLETED","data":{"job_id":"db3eff!86","job_state":"COMPLETED_SUCCESSFULLY","return_code":0,"kill_reason":"","alloc":"48-63"}}]}'
Sending '{"now":27.450088,"events":[{"timestamp":27.450088,"type":"EXECUTE_JOB","data":{"job_id":"db3eff!91","alloc":"48-63"}}]}'
Received '{"now":27.891037,"events":[{"timestamp":27.891037,"type":"JOB_COMPLETED","data":{"job_id":"db3eff!88","job_state":"COMPLETED_SUCCESSFULLY","return_code":0,"kill_reason":"","alloc":"0-15"}}]}'
Sending '{"now":27.891037,"events":[{"timestamp":27.891037,"type":"EXECUTE_JOB","data":{"job_id":"db3eff!94","alloc":"0-15"}}]}'
Received '{"now":28.497964,"events":[{"timestamp":28.497964,"type":"JOB_COMPLETED","data":{"job_id":"db3eff!82","job_state":"COMPLETED_SUCCESSFULLY","return_code":0,"kill_reason":"","alloc":"24-27 36-47"}}]}'
Sending '{"now":28.497964,"events":[{"timestamp":28.497964,"type":"EXECUTE_JOB","data":{"job_id":"db3eff!96","alloc":"24-27 36-47"}}]}'
Received '{"now":28.579166,"events":[{"timestamp":28.579166,"type":"JOB_COMPLETED","data":{"job_id":"db3eff!91","job_state":"COMPLETED_SUCCESSFULLY","return_code":0,"kill_reason":"","alloc":"48-63"}}]}'
Sending '{"now":28.579166,"events":[{"timestamp":28.579166,"type":"EXECUTE_JOB","data":{"job_id":"db3eff!98","alloc":"48-63"}}]}'
Received '{"now":28.608439,"events":[{"timestamp":28.608439,"type":"JOB_COMPLETED","data":{"job_id":"db3eff!83","job_state":"COMPLETED_SUCCESSFULLY","return_code":0,"kill_reason":"","alloc":"16-23 28-35"}}]}'
Sending '{"now":28.608439,"events":[{"timestamp":28.608439,"type":"EXECUTE_JOB","data":{"job_id":"db3eff!100","alloc":"16-23 28-35"}}]}'
Received '{"now":29.978463,"events":[{"timestamp":29.978463,"type":"JOB_COMPLETED","data":{"job_id":"db3eff!94","job_state":"COMPLETED_SUCCESSFULLY","return_code":0,"kill_reason":"","alloc":"0-15"}}]}'
Sending '{"now":29.978463,"events":[]}'
Received '{"now":31.466667,"events":[{"timestamp":31.466667,"type":"JOB_COMPLETED","data":{"job_id":"db3eff!96","job_state":"COMPLETED_SUCCESSFULLY","return_code":0,"kill_reason":"","alloc":"24-27 36-47"}}]}'
Sending '{"now":31.466667,"events":[]}'
Received '{"now":32.160756,"events":[{"timestamp":32.160756,"type":"JOB_COMPLETED","data":{"job_id":"db3eff!98","job_state":"COMPLETED_SUCCESSFULLY","return_code":0,"kill_reason":"","alloc":"48-63"}}]}'
Sending '{"now":32.160756,"events":[]}'
Received '{"now":32.188728,"events":[{"timestamp":32.188728,"type":"JOB_COMPLETED","data":{"job_id":"db3eff!100","job_state":"COMPLETED_SUCCESSFULLY","return_code":0,"kill_reason":"","alloc":"16-23 28-35"}},{"timestamp":32.188728,"type":"SIMULATION_ENDS","data":{}}]}'
Sending '{"now":32.188728,"events":[]}'
