variant_options = '{"custom_mapping": true}'
Received '{"now":0.000000,"events":[{"timestamp":0.000000,"type":"SIMULATION_BEGINS","data":{"nb_resources":64,"allow_time_sharing":false,"config":{"redis":{"enabled":false,"hostname":"127.0.0.1","port":6379,"prefix":"default"},"job_submission":{"forward_profiles":false,"from_scheduler":{"enabled":false,"acknowledge":true}}},"resources_data":[{"id":0,"name":"n1","state":"idle","properties":{}},{"id":1,"name":"n2","state":"idle","properties":{}},{"id":2,"name":"n3","state":"idle","properties":{}},{"id":3,"name":"n4","state":"idle","properties":{}},{"id":4,"name":"n5","state":"idle","properties":{}},{"id":5,"name":"n6","state":"idle","properties":{}},{"id":6,"name":"n7","state":"idle","properties":{}},{"id":7,"name":"n8","state":"idle","properties":{}},{"id":8,"name":"n9","state":"idle","properties":{}},{"id":9,"name":"n10","state":"idle","properties":{}},{"id":10,"name":"n11","state":"idle","properties":{}},{"id":11,"name":"n12","state":"idle","properties":{}},{"id":12,"name":"n13","state":"idle","properties":{}},{"id":13,"name":"n14","state":"idle","properties":{}},{"id":14,"name":"n15","state":"idle","properties":{}},{"id":15,"name":"n16","state":"idle","properties":{}},{"id":16,"name":"n17","state":"idle","properties":{}},{"id":17,"name":"n18","state":"idle","properties":{}},{"id":18,"name":"n19","state":"idle","properties":{}},{"id":19,"name":"n20","state":"idle","properties":{}},{"id":20,"name":"n21","state":"idle","properties":{}},{"id":21,"name":"n22","state":"idle","properties":{}},{"id":22,"name":"n23","state":"idle","properties":{}},{"id":23,"name":"n24","state":"idle","properties":{}},{"id":24,"name":"n25","state":"idle","properties":{}},{"id":25,"name":"n26","state":"idle","properties":{}},{"id":26,"name":"n27","state":"idle","properties":{}},{"id":27,"name":"n28","state":"idle","properties":{}},{"id":28,"name":"n29","state":"idle","properties":{}},{"id":29,"name":"n30","state":"idle","properties":{}},{"id":30,"name":"n31","state":"idle","properties":{}},{"id":31,"name":"n32","state":"idle","properties":{}},{"id":32,"name":"n33","state":"idle","properties":{}},{"id":33,"name":"n34","state":"idle","properties":{}},{"id":34,"name":"n35","state":"idle","properties":{}},{"id":35,"name":"n36","state":"idle","properties":{}},{"id":36,"name":"n37","state":"idle","properties":{}},{"id":37,"name":"n38","state":"idle","properties":{}},{"id":38,"name":"n39","state":"idle","properties":{}},{"id":39,"name":"n40","state":"idle","properties":{}},{"id":40,"name":"n41","state":"idle","properties":{}},{"id":41,"name":"n42","state":"idle","properties":{}},{"id":42,"name":"n43","state":"idle","properties":{}},{"id":43,"name":"n44","state":"idle","properties":{}},{"id":44,"name":"n45","state":"idle","properties":{}},{"id":45,"name":"n46","state":"idle","properties":{}},{"id":46,"name":"n47","state":"idle","properties":{}},{"id":47,"name":"n48","state":"idle","properties":{}},{"id":48,"name":"n49","state":"idle","properties":{}},{"id":49,"name":"n50","state":"idle","properties":{}},{"id":50,"name":"n51","state":"idle","properties":{}},{"id":51,"name":"n52","state":"idle","properties":{}},{"id":52,"name":"n53","state":"idle","properties":{}},{"id":53,"name":"n54","state":"idle","properties":{}},{"id":54,"name":"n55","state":"idle","properties":{}},{"id":55,"name":"n56","state":"idle","properties":{}},{"id":56,"name":"n57","state":"idle","properties":{}},{"id":57,"name":"n58","state":"idle","properties":{}},{"id":58,"name":"n59","state":"idle","properties":{}},{"id":59,"name":"n60","state":"idle","properties":{}},{"id":60,"name":"n61","state":"idle","properties":{}},{"id":61,"name":"n62","state":"idle","properties":{}},{"id":62,"name":"n63","state":"idle","properties":{}},{"id":63,"name":"n64","state":"idle","properties":{}}],"workloads":{"ff6079":"/github-simgrid/190311/../batsim-v2.0.0/workload_profiles/npb_140_jobs.json"}}}]}'
Sending '{"now":0.0,"events":[]}'
Received '{"now":0.396756,"events":[{"timestamp":0.396756,"type":"JOB_SUBMITTED","data":{"job_id":"ff6079!1","job":{"id":"ff6079!1","profile":"SP.S.16","res":16,"subtime":0.396726,"walltime":4200}}}]}'
Sending '{"now":0.396756,"events":[{"timestamp":0.396756,"type":"EXECUTE_JOB","data":{"job_id":"ff6079!1","alloc":"0-15"}}]}'
Received '{"now":0.404811,"events":[{"timestamp":0.404811,"type":"JOB_SUBMITTED","data":{"job_id":"ff6079!2","job":{"id":"ff6079!2","profile":"MG.S.16","res":16,"subtime":0.404786,"walltime":4200}}}]}'
Sending '{"now":0.404811,"events":[{"timestamp":0.404811,"type":"EXECUTE_JOB","data":{"job_id":"ff6079!2","alloc":"16-31"}}]}'
Received '{"now":0.448898,"events":[{"timestamp":0.448898,"type":"JOB_SUBMITTED","data":{"job_id":"ff6079!3","job":{"id":"ff6079!3","profile":"FT.S.4","res":4,"subtime":0.448868,"walltime":4200}}}]}'
Sending '{"now":0.448898,"events":[{"timestamp":0.448898,"type":"EXECUTE_JOB","data":{"job_id":"ff6079!3","alloc":"32-35"}}]}'
Received '{"now":0.554993,"events":[{"timestamp":0.554993,"type":"JOB_SUBMITTED","data":{"job_id":"ff6079!4","job":{"id":"ff6079!4","profile":"SP.S.4","res":4,"subtime":0.554971,"walltime":4200}}}]}'
Sending '{"now":0.554993,"events":[{"timestamp":0.554993,"type":"EXECUTE_JOB","data":{"job_id":"ff6079!4","alloc":"36-39"}}]}'
Received '{"now":0.693646,"events":[{"timestamp":0.693646,"type":"JOB_SUBMITTED","data":{"job_id":"ff6079!5","job":{"id":"ff6079!5","profile":"IS.S.4","res":4,"subtime":0.693616,"walltime":4200}}}]}'
Sending '{"now":0.693646,"events":[{"timestamp":0.693646,"type":"EXECUTE_JOB","data":{"job_id":"ff6079!5","alloc":"40-43"}}]}'
Received '{"now":0.889081,"events":[{"timestamp":0.889081,"type":"JOB_COMPLETED","data":{"job_id":"ff6079!2","job_state":"COMPLETED_SUCCESSFULLY","return_code":0,"kill_reason":"","alloc":"16-31"}}]}'
Sending '{"now":0.889081,"events":[]}'
Received '{"now":0.912601,"events":[{"timestamp":0.912601,"type":"JOB_SUBMITTED","data":{"job_id":"ff6079!6","job":{"id":"ff6079!6","profile":"IS.S.16","res":16,"subtime":0.912571,"walltime":4200}}}]}'
Sending '{"now":0.912601,"events":[{"timestamp":0.912601,"type":"EXECUTE_JOB","data":{"job_id":"ff6079!6","alloc":"16-31"}}]}'
Received '{"now":0.934645,"events":[{"timestamp":0.934645,"type":"JOB_COMPLETED","data":{"job_id":"ff6079!5","job_state":"COMPLETED_SUCCESSFULLY","return_code":0,"kill_reason":"","alloc":"40-43"}}]}'
Sending '{"now":0.934645,"events":[]}'
Received '{"now":1.006052,"events":[{"timestamp":1.006052,"type":"JOB_COMPLETED","data":{"job_id":"ff6079!4","job_state":"COMPLETED_SUCCESSFULLY","return_code":0,"kill_reason":"","alloc":"36-39"}}]}'
Sending '{"now":1.006052,"events":[]}'
Received '{"now":1.027618,"events":[{"timestamp":1.027618,"type":"JOB_COMPLETED","data":{"job_id":"ff6079!6","job_state":"COMPLETED_SUCCESSFULLY","return_code":0,"kill_reason":"","alloc":"16-31"}}]}'
Sending '{"now":1.027618,"events":[]}'
Received '{"now":1.045913,"events":[{"timestamp":1.045913,"type":"JOB_SUBMITTED","data":{"job_id":"ff6079!7","job":{"id":"ff6079!7","profile":"IS.S.16","res":16,"subtime":1.045891,"walltime":4200}}}]}'
Sending '{"now":1.045913,"events":[{"timestamp":1.045913,"type":"EXECUTE_JOB","data":{"job_id":"ff6079!7","alloc":"16-31"}}]}'
Received '{"now":1.119253,"events":[{"timestamp":1.119253,"type":"JOB_COMPLETED","data":{"job_id":"ff6079!3","job_state":"COMPLETED_SUCCESSFULLY","return_code":0,"kill_reason":"","alloc":"32-35"}}]}'
Sending '{"now":1.119253,"events":[]}'
Received '{"now":1.155556,"events":[{"timestamp":1.155556,"type":"JOB_COMPLETED","data":{"job_id":"ff6079!7","job_state":"COMPLETED_SUCCESSFULLY","return_code":0,"kill_reason":"","alloc":"16-31"}}]}'
Sending '{"now":1.155556,"events":[]}'
Received '{"now":1.179507,"events":[{"timestamp":1.179507,"type":"JOB_SUBMITTED","data":{"job_id":"ff6079!8","job":{"id":"ff6079!8","profile":"BT.S.16","res":16,"subtime":1.179485,"walltime":4200}}}]}'
Sending '{"now":1.179507,"events":[{"timestamp":1.179507,"type":"EXECUTE_JOB","data":{"job_id":"ff6079!8","alloc":"16-31"}}]}'
Received '{"now":1.233936,"events":[{"timestamp":1.233936,"type":"JOB_SUBMITTED","data":{"job_id":"ff6079!9","job":{"id":"ff6079!9","profile":"SP.S.16","res":16,"subtime":1.233924,"walltime":4200}}}]}'
Sending '{"now":1.233936,"events":[{"timestamp":1.233936,"type":"EXECUTE_JOB","data":{"job_id":"ff6079!9","alloc":"32-47"}}]}'
Received '{"now":1.242191,"events":[{"timestamp":1.242191,"type":"JOB_SUBMITTED","data":{"job_id":"ff6079!10","job":{"id":"ff6079!10","profile":"IS.S.16","res":16,"subtime":1.242169,"walltime":4200}}}]}'
Sending '{"now":1.242191,"events":[{"timestamp":1.242191,"type":"EXECUTE_JOB","data":{"job_id":"ff6079!10","alloc":"48-63"}}]}'
Received '{"now":1.334567,"events":[{"timestamp":1.334567,"type":"JOB_SUBMITTED","data":{"job_id":"ff6079!11","job":{"id":"ff6079!11","profile":"CG.S.16","res":16,"subtime":1.334537,"walltime":4200}}}]}'
Sending '{"now":1.334567,"events":[]}'
Received '{"now":1.371655,"events":[{"timestamp":1.371655,"type":"JOB_COMPLETED","data":{"job_id":"ff6079!10","job_state":"COMPLETED_SUCCESSFULLY","return_code":0,"kill_reason":"","alloc":"48-63"}}]}'
Sending '{"now":1.371655,"events":[{"timestamp":1.371655,"type":"EXECUTE_JOB","data":{"job_id":"ff6079!11","alloc":"48-63"}}]}'
Received '{"now":1.687064,"events":[{"timestamp":1.687064,"type":"JOB_SUBMITTED","data":{"job_id":"ff6079!12","job":{"id":"ff6079!12","profile":"BT.S.16","res":16,"subtime":1.687039,"walltime":4200}}}]}'
Sending '{"now":1.687064,"events":[]}'
Received '{"now":1.763249,"events":[{"timestamp":1.763249,"type":"JOB_COMPLETED","data":{"job_id":"ff6079!1","job_state":"COMPLETED_SUCCESSFULLY","return_code":0,"kill_reason":"","alloc":"0-15"}}]}'
Sending '{"now":1.763249,"events":[{"timestamp":1.763249,"type":"EXECUTE_JOB","data":{"job_id":"ff6079!12","alloc":"0-15"}}]}'
Received '{"now":2.036655,"events":[{"timestamp":2.036655,"type":"JOB_SUBMITTED","data":{"job_id":"ff6079!13","job":{"id":"ff6079!13","profile":"LU.S.16","res":16,"subtime":2.036633,"walltime":4200}}}]}'
Sending '{"now":2.036655,"events":[]}'
Received '{"now":2.125355,"events":[{"timestamp":2.125355,"type":"JOB_SUBMITTED","data":{"job_id":"ff6079!14","job":{"id":"ff6079!14","profile":"IS.S.4","res":4,"subtime":2.125332,"walltime":4200}}}]}'
Sending '{"now":2.125355,"events":[]}'
Received '{"now":2.153643,"events":[{"timestamp":2.153643,"type":"JOB_SUBMITTED","data":{"job_id":"ff6079!15","job":{"id":"ff6079!15","profile":"IS.S.16","res":16,"subtime":2.153619,"walltime":4200}}}]}'
Sending '{"now":2.153643,"events":[]}'
Received '{"now":2.187209,"events":[{"timestamp":2.187209,"type":"JOB_SUBMITTED","data":{"job_id":"ff6079!16","job":{"id":"ff6079!16","profile":"FT.S.4","res":4,"subtime":2.187179,"walltime":4200}}}]}'
Sending '{"now":2.187209,"events":[]}'
Received '{"now":2.464048,"events":[{"timestamp":2.464048,"type":"JOB_SUBMITTED","data":{"job_id":"ff6079!17","job":{"id":"ff6079!17","profile":"CG.S.4","res":4,"subtime":2.464017,"walltime":4200}}}]}'
Sending '{"now":2.464048,"events":[]}'
Received '{"now":2.470613,"events":[{"timestamp":2.470613,"type":"JOB_SUBMITTED","data":{"job_id":"ff6079!18","job":{"id":"ff6079!18","profile":"CG.S.4","res":4,"subtime":2.470583,"walltime":4200}}}]}'
Sending '{"now":2.470613,"events":[]}'
Received '{"now":2.507401,"events":[{"timestamp":2.507401,"type":"JOB_COMPLETED","data":{"job_id":"ff6079!11","job_state":"COMPLETED_SUCCESSFULLY","return_code":0,"kill_reason":"","alloc":"48-63"}}]}'
Sending '{"now":2.507401,"events":[{"timestamp":2.507401,"type":"EXECUTE_JOB","data":{"job_id":"ff6079!13","alloc":"48-63"}}]}'
Received '{"now":2.529773,"events":[{"timestamp":2.529773,"type":"JOB_SUBMITTED","data":{"job_id":"ff6079!19","job":{"id":"ff6079!19","profile":"CG.S.4","res":4,"subtime":2.529758,"walltime":4200}}}]}'
Sending '{"now":2.529773,"events":[]}'
Received '{"now":2.581691,"events":[{"timestamp":2.581691,"type":"JOB_COMPLETED","data":{"job_id":"ff6079!9","job_state":"COMPLETED_SUCCESSFULLY","return_code":0,"kill_reason":"","alloc":"32-47"}}]}'
Sending '{"now":2.581691,"events":[{"timestamp":2.581691,"type":"EXECUTE_JOB","data":{"job_id":"ff6079!14","alloc":"32-35"}},{"timestamp":2.581691,"type":"EXECUTE_JOB","data":{"job_id":"ff6079!16","alloc":"36-39"}},{"timestamp":2.581691,"type":"EXECUTE_JOB","data":{"job_id":"ff6079!17","alloc":"40-43"}},{"timestamp":2.581691,"type":"EXECUTE_JOB","data":{"job_id":"ff6079!18","alloc":"44-47"}}]}'
Received '{"now":2.613028,"events":[{"timestamp":2.613028,"type":"JOB_SUBMITTED","data":{"job_id":"ff6079!20","job":{"id":"ff6079!20","profile":"MG.S.4","res":4,"subtime":2.612998,"walltime":4200}}}]}'
Sending '{"now":2.613028,"events":[]}'
Received '{"now":2.787551,"events":[{"timestamp":2.787551,"type":"JOB_COMPLETED","data":{"job_id":"ff6079!14","job_state":"COMPLETED_SUCCESSFULLY","return_code":0,"kill_reason":"","alloc":"32-35"}}]}'
Sending '{"now":2.787551,"events":[{"timestamp":2.787551,"type":"EXECUTE_JOB","data":{"job_id":"ff6079!19","alloc":"32-35"}}]}'
Received '{"now":2.881450,"events":[{"timestamp":2.881450,"type":"JOB_SUBMITTED","data":{"job_id":"ff6079!21","job":{"id":"ff6079!21","profile":"BT.S.16","res":16,"subtime":2.881420,"walltime":4200}}}]}'
Sending '{"now":2.88145,"events":[]}'
Received '{"now":3.109929,"events":[{"timestamp":3.109929,"type":"JOB_COMPLETED","data":{"job_id":"ff6079!17","job_state":"COMPLETED_SUCCESSFULLY","return_code":0,"kill_reason":"","alloc":"40-43"}}]}'
Sending '{"now":3.109929,"events":[{"timestamp":3.109929,"type":"EXECUTE_JOB","data":{"job_id":"ff6079!20","alloc":"40-43"}}]}'
Received '{"now":3.125390,"events":[{"timestamp":3.125390,"type":"JOB_COMPLETED","data":{"job_id":"ff6079!8","job_state":"COMPLETED_SUCCESSFULLY","return_code":0,"kill_reason":"","alloc":"16-31"}}]}'
Sending '{"now":3.12539,"events":[{"timestamp":3.12539,"type":"EXECUTE_JOB","data":{"job_id":"ff6079!15","alloc":"16-31"}}]}'
Received '{"now":3.197501,"events":[{"timestamp":3.197501,"type":"JOB_COMPLETED","data":{"job_id":"ff6079!18","job_state":"COMPLETED_SUCCESSFULLY","return_code":0,"kill_reason":"","alloc":"44-47"}}]}'
Sending '{"now":3.197501,"events":[]}'
Received '{"now":3.242981,"events":[{"timestamp":3.242981,"type":"JOB_COMPLETED","data":{"job_id":"ff6079!15","job_state":"COMPLETED_SUCCESSFULLY","return_code":0,"kill_reason":"","alloc":"16-31"}}]}'
Sending '{"now":3.242981,"events":[{"timestamp":3.242981,"type":"EXECUTE_JOB","data":{"job_id":"ff6079!21","alloc":"16-31"}}]}'
Received '{"now":3.369113,"events":[{"timestamp":3.369113,"type":"JOB_COMPLETED","data":{"job_id":"ff6079!19","job_state":"COMPLETED_SUCCESSFULLY","return_code":0,"kill_reason":"","alloc":"32-35"}}]}'
Sending '{"now":3.369113,"events":[]}'
Received '{"now":3.433706,"events":[{"timestamp":3.433706,"type":"JOB_COMPLETED","data":{"job_id":"ff6079!20","job_state":"COMPLETED_SUCCESSFULLY","return_code":0,"kill_reason":"","alloc":"40-43"}}]}'
Sending '{"now":3.433706,"events":[]}'
Received '{"now":3.458414,"events":[{"timestamp":3.458414,"type":"JOB_COMPLETED","data":{"job_id":"ff6079!16","job_state":"COMPLETED_SUCCESSFULLY","return_code":0,"kill_reason":"","alloc":"36-39"}}]}'
Sending '{"now":3.458414,"events":[]}'
Received '{"now":3.625405,"events":[{"timestamp":3.625405,"type":"JOB_COMPLETED","data":{"job_id":"ff6079!13","job_state":"COMPLETED_SUCCESSFULLY","return_code":0,"kill_reason":"","alloc":"48-63"}}]}'
Sending '{"now":3.625405,"events":[]}'
Received '{"now":3.712232,"events":[{"timestamp":3.712232,"type":"JOB_SUBMITTED","data":{"job_id":"ff6079!22","job":{"id":"ff6079!22","profile":"SP.S.16","res":16,"subtime":3.712202,"walltime":4200}}}]}'
Sending '{"now":3.712232,"events":[{"timestamp":3.712232,"type":"EXECUTE_JOB","data":{"job_id":"ff6079!22","alloc":"32-47"}}]}'
Received '{"now":3.724369,"events":[{"timestamp":3.724369,"type":"JOB_SUBMITTED","data":{"job_id":"ff6079!23","job":{"id":"ff6079!23","profile":"FT.S.16","res":16,"subtime":3.724341,"walltime":4200}}}]}'
Sending '{"now":3.724369,"events":[{"timestamp":3.724369,"type":"EXECUTE_JOB","data":{"job_id":"ff6079!23","alloc":"48-63"}}]}'
Received '{"now":3.733408,"events":[{"timestamp":3.733408,"type":"JOB_COMPLETED","data":{"job_id":"ff6079!12","job_state":"COMPLETED_SUCCESSFULLY","return_code":0,"kill_reason":"","alloc":"0-15"}}]}'
Sending '{"now":3.733408,"events":[]}'
Received '{"now":3.800560,"events":[{"timestamp":3.800560,"type":"JOB_SUBMITTED","data":{"job_id":"ff6079!24","job":{"id":"ff6079!24","profile":"BT.S.4","res":4,"subtime":3.800530,"walltime":4200}}}]}'
Sending '{"now":3.80056,"events":[{"timestamp":3.80056,"type":"EXECUTE_JOB","data":{"job_id":"ff6079!24","alloc":"0-3"}}]}'
Received '{"now":4.054572,"events":[{"timestamp":4.054572,"type":"JOB_SUBMITTED","data":{"job_id":"ff6079!25","job":{"id":"ff6079!25","profile":"BT.S.16","res":16,"subtime":4.054552,"walltime":4200}}}]}'
Sending '{"now":4.054572,"events":[]}'
Received '{"now":4.067886,"events":[{"timestamp":4.067886,"type":"JOB_SUBMITTED","data":{"job_id":"ff6079!26","job":{"id":"ff6079!26","profile":"LU.S.16","res":16,"subtime":4.067856,"walltime":4200}}}]}'
Sending '{"now":4.067886,"events":[]}'
Received '{"now":4.086947,"events":[{"timestamp":4.086947,"type":"JOB_SUBMITTED","data":{"job_id":"ff6079!27","job":{"id":"ff6079!27","profile":"CG.S.4","res":4,"subtime":4.086924,"walltime":4200}}}]}'
Sending '{"now":4.086947,"events":[]}'
Received '{"now":4.195076,"events":[{"timestamp":4.195076,"type":"JOB_SUBMITTED","data":{"job_id":"ff6079!28","job":{"id":"ff6079!28","profile":"IS.S.4","res":4,"subtime":4.195046,"walltime":4200}}}]}'
Sending '{"now":4.195076,"events":[]}'
Received '{"now":4.305025,"events":[{"timestamp":4.305025,"type":"JOB_SUBMITTED","data":{"job_id":"ff6079!29","job":{"id":"ff6079!29","profile":"IS.S.4","res":4,"subtime":4.304999,"walltime":4200}}}]}'
Sending '{"now":4.305025,"events":[]}'
Received '{"now":4.334620,"events":[{"timestamp":4.334620,"type":"JOB_COMPLETED","data":{"job_id":"ff6079!24","job_state":"COMPLETED_SUCCESSFULLY","return_code":0,"kill_reason":"","alloc":"0-3"}}]}'
Sending '{"now":4.33462,"events":[{"timestamp":4.33462,"type":"EXECUTE_JOB","data":{"job_id":"ff6079!25","alloc":"0-15"}}]}'
Received '{"now":4.414516,"events":[{"timestamp":4.414516,"type":"JOB_COMPLETED","data":{"job_id":"ff6079!23","job_state":"COMPLETED_SUCCESSFULLY","return_code":0,"kill_reason":"","alloc":"48-63"}}]}'
Sending '{"now":4.414516,"events":[{"timestamp":4.414516,"type":"EXECUTE_JOB","data":{"job_id":"ff6079!26","alloc":"48-63"}}]}'
Received '{"now":4.612689,"events":[{"timestamp":4.612689,"type":"JOB_SUBMITTED","data":{"job_id":"ff6079!30","job":{"id":"ff6079!30","profile":"FT.S.16","res":16,"subtime":4.612659,"walltime":4200}}}]}'
Sending '{"now":4.612689,"events":[]}'
Received '{"now":4.885074,"events":[{"timestamp":4.885074,"type":"JOB_COMPLETED","data":{"job_id":"ff6079!22","job_state":"COMPLETED_SUCCESSFULLY","return_code":0,"kill_reason":"","alloc":"32-47"}}]}'
Sending '{"now":4.885074,"events":[{"timestamp":4.885074,"type":"EXECUTE_JOB","data":{"job_id":"ff6079!27","alloc":"32-35"}},{"timestamp":4.885074,"type":"EXECUTE_JOB","data":{"job_id":"ff6079!28","alloc":"36-39"}},{"timestamp":4.885074,"type":"EXECUTE_JOB","data":{"job_id":"ff6079!29","alloc":"40-43"}}]}'
Received '{"now":5.155327,"events":[{"timestamp":5.155327,"type":"JOB_COMPLETED","data":{"job_id":"ff6079!29","job_state":"COMPLETED_SUCCESSFULLY","return_code":0,"kill_reason":"","alloc":"40-43"}}]}'
Sending '{"now":5.155327,"events":[]}'
Received '{"now":5.158329,"events":[{"timestamp":5.158329,"type":"JOB_COMPLETED","data":{"job_id":"ff6079!28","job_state":"COMPLETED_SUCCESSFULLY","return_code":0,"kill_reason":"","alloc":"36-39"}}]}'
Sending '{"now":5.158329,"events":[]}'
Received '{"now":5.211001,"events":[{"timestamp":5.211001,"type":"JOB_COMPLETED","data":{"job_id":"ff6079!21","job_state":"COMPLETED_SUCCESSFULLY","return_code":0,"kill_reason":"","alloc":"16-31"}}]}'
Sending '{"now":5.211001,"events":[{"timestamp":5.211001,"type":"EXECUTE_JOB","data":{"job_id":"ff6079!30","alloc":"16-31"}}]}'
Received '{"now":5.324279,"events":[{"timestamp":5.324279,"type":"JOB_SUBMITTED","data":{"job_id":"ff6079!31","job":{"id":"ff6079!31","profile":"BT.S.16","res":16,"subtime":5.324249,"walltime":4200}}}]}'
Sending '{"now":5.324279,"events":[]}'
Received '{"now":5.377524,"events":[{"timestamp":5.377524,"type":"JOB_COMPLETED","data":{"job_id":"ff6079!27","job_state":"COMPLETED_SUCCESSFULLY","return_code":0,"kill_reason":"","alloc":"32-35"}}]}'
Sending '{"now":5.377524,"events":[{"timestamp":5.377524,"type":"EXECUTE_JOB","data":{"job_id":"ff6079!31","alloc":"32-47"}}]}'
Received '{"now":5.398005,"events":[{"timestamp":5.398005,"type":"JOB_SUBMITTED","data":{"job_id":"ff6079!32","job":{"id":"ff6079!32","profile":"CG.S.4","res":4,"subtime":5.397975,"walltime":4200}}}]}'
Sending '{"now":5.398005,"events":[]}'
Received '{"now":5.436555,"events":[{"timestamp":5.436555,"type":"JOB_COMPLETED","data":{"job_id":"ff6079!26","job_state":"COMPLETED_SUCCESSFULLY","return_code":0,"kill_reason":"","alloc":"48-63"}}]}'
Sending '{"now":5.436555,"events":[{"timestamp":5.436555,"type":"EXECUTE_JOB","data":{"job_id":"ff6079!32","alloc":"48-51"}}]}'
Received '{"now":5.551239,"events":[{"timestamp":5.551239,"type":"JOB_SUBMITTED","data":{"job_id":"ff6079!33","job":{"id":"ff6079!33","profile":"LU.S.16","res":16,"subtime":5.551216,"walltime":4200}}}]}'
Sending '{"now":5.551239,"events":[]}'
Received '{"now":5.596184,"events":[{"timestamp":5.596184,"type":"JOB_SUBMITTED","data":{"job_id":"ff6079!34","job":{"id":"ff6079!34","profile":"IS.S.16","res":16,"subtime":5.596153,"walltime":4200}}}]}'
Sending '{"now":5.596184,"events":[]}'
Received '{"now":5.631822,"events":[{"timestamp":5.631822,"type":"JOB_SUBMITTED","data":{"job_id":"ff6079!35","job":{"id":"ff6079!35","profile":"SP.S.4","res":4,"subtime":5.631799,"walltime":4200}}}]}'
Sending '{"now":5.631822,"events":[{"timestamp":5.631822,"type":"EXECUTE_JOB","data":{"job_id":"ff6079!35","alloc":"52-55"}}]}'
Received '{"now":5.699303,"events":[{"timestamp":5.699303,"type":"JOB_SUBMITTED","data":{"job_id":"ff6079!36","job":{"id":"ff6079!36","profile":"CG.S.4","res":4,"subtime":5.699276,"walltime":4200}}}]}'
Sending '{"now":5.699303,"events":[{"timestamp":5.699303,"type":"EXECUTE_JOB","data":{"job_id":"ff6079!36","alloc":"56-59"}}]}'
Received '{"now":5.784432,"events":[{"timestamp":5.784432,"type":"JOB_COMPLETED","data":{"job_id":"ff6079!30","job_state":"COMPLETED_SUCCESSFULLY","return_code":0,"kill_reason":"","alloc":"16-31"}}]}'
Sending '{"now":5.784432,"events":[{"timestamp":5.784432,"type":"EXECUTE_JOB","data":{"job_id":"ff6079!33","alloc":"16-31"}}]}'
Received '{"now":5.804370,"events":[{"timestamp":5.804370,"type":"JOB_SUBMITTED","data":{"job_id":"ff6079!37","job":{"id":"ff6079!37","profile":"SP.S.4","res":4,"subtime":5.804340,"walltime":4200}}}]}'
Sending '{"now":5.80437,"events":[{"timestamp":5.80437,"type":"EXECUTE_JOB","data":{"job_id":"ff6079!37","alloc":"60-63"}}]}'
Received '{"now":5.882876,"events":[{"timestamp":5.882876,"type":"JOB_SUBMITTED","data":{"job_id":"ff6079!38","job":{"id":"ff6079!38","profile":"IS.S.16","res":16,"subtime":5.882850,"walltime":4200}}}]}'
Sending '{"now":5.882876,"events":[]}'
Received '{"now":5.977778,"events":[{"timestamp":5.977778,"type":"JOB_COMPLETED","data":{"job_id":"ff6079!32","job_state":"COMPLETED_SUCCESSFULLY","return_code":0,"kill_reason":"","alloc":"48-51"}}]}'
Sending '{"now":5.977778,"events":[]}'
Received '{"now":6.089570,"events":[{"timestamp":6.089570,"type":"JOB_SUBMITTED","data":{"job_id":"ff6079!39","job":{"id":"ff6079!39","profile":"CG.S.16","res":16,"subtime":6.089540,"walltime":4200}}}]}'
Sending '{"now":6.08957,"events":[]}'
Received '{"now":6.186835,"events":[{"timestamp":6.186835,"type":"JOB_COMPLETED","data":{"job_id":"ff6079!35","job_state":"COMPLETED_SUCCESSFULLY","return_code":0,"kill_reason":"","alloc":"52-55"}}]}'
Sending '{"now":6.186835,"events":[]}'
Received '{"now":6.245982,"events":[{"timestamp":6.245982,"type":"JOB_COMPLETED","data":{"job_id":"ff6079!25","job_state":"COMPLETED_SUCCESSFULLY","return_code":0,"kill_reason":"","alloc":"0-15"}}]}'
Sending '{"now":6.245982,"events":[{"timestamp":6.245982,"type":"EXECUTE_JOB","data":{"job_id":"ff6079!34","alloc":"0-15"}}]}'
Received '{"now":6.292166,"events":[{"timestamp":6.292166,"type":"JOB_COMPLETED","data":{"job_id":"ff6079!36","job_state":"COMPLETED_SUCCESSFULLY","return_code":0,"kill_reason":"","alloc":"56-59"}}]}'
Sending '{"now":6.292166,"events":[]}'
Received '{"now":6.372885,"events":[{"timestamp":6.372885,"type":"JOB_COMPLETED","data":{"job_id":"ff6079!34","job_state":"COMPLETED_SUCCESSFULLY","return_code":0,"kill_reason":"","alloc":"0-15"}}]}'
Sending '{"now":6.372885,"events":[{"timestamp":6.372885,"type":"EXECUTE_JOB","data":{"job_id":"ff6079!38","alloc":"0-15"}}]}'
Received '{"now":6.387660,"events":[{"timestamp":6.387660,"type":"JOB_COMPLETED","data":{"job_id":"ff6079!37","job_state":"COMPLETED_SUCCESSFULLY","return_code":0,"kill_reason":"","alloc":"60-63"}}]}'
Sending '{"now":6.38766,"events":[{"timestamp":6.38766,"type":"EXECUTE_JOB","data":{"job_id":"ff6079!39","alloc":"48-63"}}]}'
Received '{"now":6.403705,"events":[{"timestamp":6.403705,"type":"JOB_SUBMITTED","data":{"job_id":"ff6079!40","job":{"id":"ff6079!40","profile":"BT.S.16","res":16,"subtime":6.403675,"walltime":4200}}}]}'
Sending '{"now":6.403705,"events":[]}'
Received '{"now":6.487708,"events":[{"timestamp":6.487708,"type":"JOB_COMPLETED","data":{"job_id":"ff6079!38","job_state":"COMPLETED_SUCCESSFULLY","return_code":0,"kill_reason":"","alloc":"0-15"}}]}'
Sending '{"now":6.487708,"events":[{"timestamp":6.487708,"type":"EXECUTE_JOB","data":{"job_id":"ff6079!40","alloc":"0-15"}}]}'
Received '{"now":6.494476,"events":[{"timestamp":6.494476,"type":"JOB_SUBMITTED","data":{"job_id":"ff6079!41","job":{"id":"ff6079!41","profile":"LU.S.16","res":16,"subtime":6.494450,"walltime":4200}}}]}'
Sending '{"now":6.494476,"events":[]}'
Received '{"now":6.604414,"events":[{"timestamp":6.604414,"type":"JOB_SUBMITTED","data":{"job_id":"ff6079!42","job":{"id":"ff6079!42","profile":"CG.S.16","res":16,"subtime":6.604387,"walltime":4200}}}]}'
Sending '{"now":6.604414,"events":[]}'
Received '{"now":6.794478,"events":[{"timestamp":6.794478,"type":"JOB_SUBMITTED","data":{"job_id":"ff6079!43","job":{"id":"ff6079!43","profile":"MG.S.4","res":4,"subtime":6.794450,"walltime":4200}}}]}'
Sending '{"now":6.794478,"events":[]}'
Received '{"now":6.869634,"events":[{"timestamp":6.869634,"type":"JOB_SUBMITTED","data":{"job_id":"ff6079!44","job":{"id":"ff6079!44","profile":"LU.S.16","res":16,"subtime":6.869604,"walltime":4200}}}]}'
Sending '{"now":6.869634,"events":[]}'
Received '{"now":6.884684,"events":[{"timestamp":6.884684,"type":"JOB_COMPLETED","data":{"job_id":"ff6079!33","job_state":"COMPLETED_SUCCESSFULLY","return_code":0,"kill_reason":"","alloc":"16-31"}}]}'
Sending '{"now":6.884684,"events":[{"timestamp":6.884684,"type":"EXECUTE_JOB","data":{"job_id":"ff6079!41","alloc":"16-31"}}]}'
Received '{"now":6.945446,"events":[{"timestamp":6.945446,"type":"JOB_SUBMITTED","data":{"job_id":"ff6079!45","job":{"id":"ff6079!45","profile":"FT.S.16","res":16,"subtime":6.945422,"walltime":4200}}}]}'
Sending '{"now":6.945446,"events":[]}'
Received '{"now":7.105800,"events":[{"timestamp":7.105800,"type":"JOB_SUBMITTED","data":{"job_id":"ff6079!46","job":{"id":"ff6079!46","profile":"LU.S.4","res":4,"subtime":7.105770,"walltime":4200}}}]}'
Sending '{"now":7.1058,"events":[]}'
Received '{"now":7.139778,"events":[{"timestamp":7.139778,"type":"JOB_SUBMITTED","data":{"job_id":"ff6079!47","job":{"id":"ff6079!47","profile":"FT.S.4","res":4,"subtime":7.139748,"walltime":4200}}}]}'
Sending '{"now":7.139778,"events":[]}'
Received '{"now":7.210107,"events":[{"timestamp":7.210107,"type":"JOB_COMPLETED","data":{"job_id":"ff6079!31","job_state":"COMPLETED_SUCCESSFULLY","return_code":0,"kill_reason":"","alloc":"32-47"}}]}'
Sending '{"now":7.210107,"events":[{"timestamp":7.210107,"type":"EXECUTE_JOB","data":{"job_id":"ff6079!42","alloc":"32-47"}}]}'
Received '{"now":7.221332,"events":[{"timestamp":7.221332,"type":"JOB_SUBMITTED","data":{"job_id":"ff6079!48","job":{"id":"ff6079!48","profile":"CG.S.16","res":16,"subtime":7.221304,"walltime":4200}}}]}'
Sending '{"now":7.221332,"events":[]}'
Received '{"now":7.312540,"events":[{"timestamp":7.312540,"type":"JOB_SUBMITTED","data":{"job_id":"ff6079!49","job":{"id":"ff6079!49","profile":"MG.S.4","res":4,"subtime":7.312510,"walltime":4200}}}]}'
Sending '{"now":7.31254,"events":[]}'
Received '{"now":7.424242,"events":[{"timestamp":7.424242,"type":"JOB_SUBMITTED","data":{"job_id":"ff6079!50","job":{"id":"ff6079!50","profile":"MG.S.16","res":16,"subtime":7.424212,"walltime":4200}}}]}'
Sending '{"now":7.424242,"events":[]}'
Received '{"now":7.424565,"events":[{"timestamp":7.424565,"type":"JOB_COMPLETED","data":{"job_id":"ff6079!39","job_state":"COMPLETED_SUCCESSFULLY","return_code":0,"kill_reason":"","alloc":"48-63"}}]}'
Sending '{"now":7.424565,"events":[{"timestamp":7.424565,"type":"EXECUTE_JOB","data":{"job_id":"ff6079!43","alloc":"48-51"}},{"timestamp":7.424565,"type":"EXECUTE_JOB","data":{"job_id":"ff6079!46","alloc":"52-55"}},{"timestamp":7.424565,"type":"EXECUTE_JOB","data":{"job_id":"ff6079!47","alloc":"56-59"}},{"timestamp":7.424565,"type":"EXECUTE_JOB","data":{"job_id":"ff6079!49","alloc":"60-63"}}]}'
Received '{"now":7.546013,"events":[{"timestamp":7.546013,"type":"JOB_SUBMITTED","data":{"job_id":"ff6079!51","job":{"id":"ff6079!51","profile":"BT.S.4","res":4,"subtime":7.545983,"walltime":4200}}}]}'
Sending '{"now":7.546013,"events":[]}'
Received '{"now":7.672603,"events":[{"timestamp":7.672603,"type":"JOB_COMPLETED","data":{"job_id":"ff6079!43","job_state":"COMPLETED_SUCCESSFULLY","return_code":0,"kill_reason":"","alloc":"48-51"}}]}'
Sending '{"now":7.672603,"events":[{"timestamp":7.672603,"type":"EXECUTE_JOB","data":{"job_id":"ff6079!51","alloc":"48-51"}}]}'
Received '{"now":7.681552,"events":[{"timestamp":7.681552,"type":"JOB_COMPLETED","data":{"job_id":"ff6079!49","job_state":"COMPLETED_SUCCESSFULLY","return_code":0,"kill_reason":"","alloc":"60-63"}}]}'
Sending '{"now":7.681552,"events":[]}'
Received '{"now":7.832676,"events":[{"timestamp":7.832676,"type":"JOB_COMPLETED","data":{"job_id":"ff6079!40","job_state":"COMPLETED_SUCCESSFULLY","return_code":0,"kill_reason":"","alloc":"0-15"}}]}'
Sending '{"now":7.832676,"events":[{"timestamp":7.832676,"type":"EXECUTE_JOB","data":{"job_id":"ff6079!44","alloc":"0-15"}}]}'
Received '{"now":7.843834,"events":[{"timestamp":7.843834,"type":"JOB_COMPLETED","data":{"job_id":"ff6079!41","job_state":"COMPLETED_SUCCESSFULLY","return_code":0,"kill_reason":"","alloc":"16-31"}}]}'
Sending '{"now":7.843834,"events":[{"timestamp":7.843834,"type":"EXECUTE_JOB","data":{"job_id":"ff6079!45","alloc":"16-31"}}]}'
Received '{"now":8.066109,"events":[{"timestamp":8.066109,"type":"JOB_SUBMITTED","data":{"job_id":"ff6079!52","job":{"id":"ff6079!52","profile":"IS.S.4","res":4,"subtime":8.066079,"walltime":4200}}}]}'
Sending '{"now":8.066109,"events":[{"timestamp":8.066109,"type":"EXECUTE_JOB","data":{"job_id":"ff6079!52","alloc":"60-63"}}]}'
Received '{"now":8.107329,"events":[{"timestamp":8.107329,"type":"JOB_COMPLETED","data":{"job_id":"ff6079!51","job_state":"COMPLETED_SUCCESSFULLY","return_code":0,"kill_reason":"","alloc":"48-51"}}]}'
Sending '{"now":8.107329,"events":[]}'
Received '{"now":8.130087,"events":[{"timestamp":8.130087,"type":"JOB_COMPLETED","data":{"job_id":"ff6079!46","job_state":"COMPLETED_SUCCESSFULLY","return_code":0,"kill_reason":"","alloc":"52-55"}}]}'
Sending '{"now":8.130087,"events":[]}'
Received '{"now":8.138236,"events":[{"timestamp":8.138236,"type":"JOB_COMPLETED","data":{"job_id":"ff6079!42","job_state":"COMPLETED_SUCCESSFULLY","return_code":0,"kill_reason":"","alloc":"32-47"}}]}'
Sending '{"now":8.138236,"events":[{"timestamp":8.138236,"type":"EXECUTE_JOB","data":{"job_id":"ff6079!48","alloc":"32-47"}}]}'
Received '{"now":8.194316,"events":[{"timestamp":8.194316,"type":"JOB_SUBMITTED","data":{"job_id":"ff6079!53","job":{"id":"ff6079!53","profile":"IS.S.16","res":16,"subtime":8.194286,"walltime":4200}}}]}'
Sending '{"now":8.194316,"events":[]}'
Received '{"now":8.212503,"events":[{"timestamp":8.212503,"type":"JOB_COMPLETED","data":{"job_id":"ff6079!47","job_state":"COMPLETED_SUCCESSFULLY","return_code":0,"kill_reason":"","alloc":"56-59"}}]}'
Sending '{"now":8.212503,"events":[]}'
Received '{"now":8.258909,"events":[{"timestamp":8.258909,"type":"JOB_COMPLETED","data":{"job_id":"ff6079!52","job_state":"COMPLETED_SUCCESSFULLY","return_code":0,"kill_reason":"","alloc":"60-63"}}]}'
Sending '{"now":8.258909,"events":[{"timestamp":8.258909,"type":"EXECUTE_JOB","data":{"job_id":"ff6079!50","alloc":"48-63"}}]}'
Received '{"now":8.263414,"events":[{"timestamp":8.263414,"type":"JOB_COMPLETED","data":{"job_id":"ff6079!45","job_state":"COMPLETED_SUCCESSFULLY","return_code":0,"kill_reason":"","alloc":"16-31"}}]}'
Sending '{"now":8.263414,"events":[{"timestamp":8.263414,"type":"EXECUTE_JOB","data":{"job_id":"ff6079!53","alloc":"16-31"}}]}'
Received '{"now":8.328347,"events":[{"timestamp":8.328347,"type":"JOB_SUBMITTED","data":{"job_id":"ff6079!54","job":{"id":"ff6079!54","profile":"BT.S.16","res":16,"subtime":8.328320,"walltime":4200}}}]}'
Sending '{"now":8.328347,"events":[]}'
Received '{"now":8.363195,"events":[{"timestamp":8.363195,"type":"JOB_COMPLETED","data":{"job_id":"ff6079!53","job_state":"COMPLETED_SUCCESSFULLY","return_code":0,"kill_reason":"","alloc":"16-31"}}]}'
Sending '{"now":8.363195,"events":[{"timestamp":8.363195,"type":"EXECUTE_JOB","data":{"job_id":"ff6079!54","alloc":"16-31"}}]}'
Received '{"now":8.507737,"events":[{"timestamp":8.507737,"type":"JOB_SUBMITTED","data":{"job_id":"ff6079!55","job":{"id":"ff6079!55","profile":"SP.S.16","res":16,"subtime":8.507719,"walltime":4200}}}]}'
Sending '{"now":8.507737,"events":[]}'
Received '{"now":8.523535,"events":[{"timestamp":8.523535,"type":"JOB_SUBMITTED","data":{"job_id":"ff6079!56","job":{"id":"ff6079!56","profile":"IS.S.16","res":16,"subtime":8.523514,"walltime":4200}}}]}'
Sending '{"now":8.523535,"events":[]}'
Received '{"now":8.668609,"events":[{"timestamp":8.668609,"type":"JOB_SUBMITTED","data":{"job_id":"ff6079!57","job":{"id":"ff6079!57","profile":"IS.S.4","res":4,"subtime":8.668581,"walltime":4200}}}]}'
Sending '{"now":8.668609,"events":[]}'
Received '{"now":8.744354,"events":[{"timestamp":8.744354,"type":"JOB_COMPLETED","data":{"job_id":"ff6079!50","job_state":"COMPLETED_SUCCESSFULLY","return_code":0,"kill_reason":"","alloc":"48-63"}}]}'
Sending '{"now":8.744354,"events":[{"timestamp":8.744354,"type":"EXECUTE_JOB","data":{"job_id":"ff6079!55","alloc":"48-63"}}]}'
Received '{"now":8.879238,"events":[{"timestamp":8.879238,"type":"JOB_SUBMITTED","data":{"job_id":"ff6079!58","job":{"id":"ff6079!58","profile":"LU.S.4","res":4,"subtime":8.879208,"walltime":4200}}}]}'
Sending '{"now":8.879238,"events":[]}'
Received '{"now":8.886966,"events":[{"timestamp":8.886966,"type":"JOB_COMPLETED","data":{"job_id":"ff6079!44","job_state":"COMPLETED_SUCCESSFULLY","return_code":0,"kill_reason":"","alloc":"0-15"}}]}'
Sending '{"now":8.886966,"events":[{"timestamp":8.886966,"type":"EXECUTE_JOB","data":{"job_id":"ff6079!56","alloc":"0-15"}}]}'
Received '{"now":8.923344,"events":[{"timestamp":8.923344,"type":"JOB_SUBMITTED","data":{"job_id":"ff6079!59","job":{"id":"ff6079!59","profile":"LU.S.4","res":4,"subtime":8.923316,"walltime":4200}}}]}'
Sending '{"now":8.923344,"events":[]}'
Received '{"now":9.014029,"events":[{"timestamp":9.014029,"type":"JOB_COMPLETED","data":{"job_id":"ff6079!56","job_state":"COMPLETED_SUCCESSFULLY","return_code":0,"kill_reason":"","alloc":"0-15"}}]}'
Sending '{"now":9.014029,"events":[{"timestamp":9.014029,"type":"EXECUTE_JOB","data":{"job_id":"ff6079!57","alloc":"0-3"}},{"timestamp":9.014029,"type":"EXECUTE_JOB","data":{"job_id":"ff6079!58","alloc":"4-7"}},{"timestamp":9.014029,"type":"EXECUTE_JOB","data":{"job_id":"ff6079!59","alloc":"8-11"}}]}'
Received '{"now":9.023926,"events":[{"timestamp":9.023926,"type":"JOB_SUBMITTED","data":{"job_id":"ff6079!60","job":{"id":"ff6079!60","profile":"SP.S.4","res":4,"subtime":9.023895,"walltime":4200}}}]}'
Sending '{"now":9.023926,"events":[{"timestamp":9.023926,"type":"EXECUTE_JOB","data":{"job_id":"ff6079!60","alloc":"12-15"}}]}'
Received '{"now":9.176020,"events":[{"timestamp":9.176020,"type":"JOB_SUBMITTED","data":{"job_id":"ff6079!61","job":{"id":"ff6079!61","profile":"LU.S.4","res":4,"subtime":9.175989,"walltime":4200}}}]}'
Sending '{"now":9.17602,"events":[]}'
Received '{"now":9.208406,"events":[{"timestamp":9.208406,"type":"JOB_COMPLETED","data":{"job_id":"ff6079!48","job_state":"COMPLETED_SUCCESSFULLY","return_code":0,"kill_reason":"","alloc":"32-47"}}]}'
Sending '{"now":9.208406,"events":[{"timestamp":9.208406,"type":"EXECUTE_JOB","data":{"job_id":"ff6079!61","alloc":"32-35"}}]}'
Received '{"now":9.210840,"events":[{"timestamp":9.210840,"type":"JOB_COMPLETED","data":{"job_id":"ff6079!57","job_state":"COMPLETED_SUCCESSFULLY","return_code":0,"kill_reason":"","alloc":"0-3"}}]}'
Sending '{"now":9.21084,"events":[]}'
Received '{"now":9.324704,"events":[{"timestamp":9.324704,"type":"JOB_SUBMITTED","data":{"job_id":"ff6079!62","job":{"id":"ff6079!62","profile":"FT.S.16","res":16,"subtime":9.324674,"walltime":4200}}}]}'
Sending '{"now":9.324704,"events":[]}'
Received '{"now":9.507729,"events":[{"timestamp":9.507729,"type":"JOB_COMPLETED","data":{"job_id":"ff6079!60","job_state":"COMPLETED_SUCCESSFULLY","return_code":0,"kill_reason":"","alloc":"12-15"}}]}'
Sending '{"now":9.507729,"events":[]}'
Received '{"now":9.704632,"events":[{"timestamp":9.704632,"type":"JOB_SUBMITTED","data":{"job_id":"ff6079!63","job":{"id":"ff6079!63","profile":"MG.S.4","res":4,"subtime":9.704601,"walltime":4200}}}]}'
Sending '{"now":9.704632,"events":[{"timestamp":9.704632,"type":"EXECUTE_JOB","data":{"job_id":"ff6079!63","alloc":"0-3"}}]}'
Received '{"now":9.760132,"events":[{"timestamp":9.760132,"type":"JOB_COMPLETED","data":{"job_id":"ff6079!59","job_state":"COMPLETED_SUCCESSFULLY","return_code":0,"kill_reason":"","alloc":"8-11"}}]}'
Sending '{"now":9.760132,"events":[]}'
Received '{"now":9.832383,"events":[{"timestamp":9.832383,"type":"JOB_COMPLETED","data":{"job_id":"ff6079!58","job_state":"COMPLETED_SUCCESSFULLY","return_code":0,"kill_reason":"","alloc":"4-7"}}]}'
Sending '{"now":9.832383,"events":[]}'
Received '{"now":9.915914,"events":[{"timestamp":9.915914,"type":"JOB_COMPLETED","data":{"job_id":"ff6079!55","job_state":"COMPLETED_SUCCESSFULLY","return_code":0,"kill_reason":"","alloc":"48-63"}}]}'
Sending '{"now":9.915914,"events":[{"timestamp":9.915914,"type":"EXECUTE_JOB","data":{"job_id":"ff6079!62","alloc":"36-51"}}]}'
Received '{"now":9.965684,"events":[{"timestamp":9.965684,"type":"JOB_COMPLETED","data":{"job_id":"ff6079!63","job_state":"COMPLETED_SUCCESSFULLY","return_code":0,"kill_reason":"","alloc":"0-3"}}]}'
Sending '{"now":9.965684,"events":[]}'
Received '{"now":9.966003,"events":[{"timestamp":9.966003,"type":"JOB_COMPLETED","data":{"job_id":"ff6079!61","job_state":"COMPLETED_SUCCESSFULLY","return_code":0,"kill_reason":"","alloc":"32-35"}}]}'
Sending '{"now":9.966003,"events":[]}'
Received '{"now":9.970699,"events":[{"timestamp":9.970699,"type":"JOB_COMPLETED","data":{"job_id":"ff6079!54","job_state":"COMPLETED_SUCCESSFULLY","return_code":0,"kill_reason":"","alloc":"16-31"}}]}'
Sending '{"now":9.970699,"events":[]}'
Received '{"now":10.198086,"events":[{"timestamp":10.198086,"type":"JOB_SUBMITTED","data":{"job_id":"ff6079!64","job":{"id":"ff6079!64","profile":"MG.S.4","res":4,"subtime":10.198056,"walltime":4200}}}]}'
Sending '{"now":10.198086,"events":[{"timestamp":10.198086,"type":"EXECUTE_JOB","data":{"job_id":"ff6079!64","alloc":"0-3"}}]}'
Received '{"now":10.222072,"events":[{"timestamp":10.222072,"type":"JOB_COMPLETED","data":{"job_id":"ff6079!62","job_state":"COMPLETED_SUCCESSFULLY","return_code":0,"kill_reason":"","alloc":"36-51"}}]}'
Sending '{"now":10.222072,"events":[]}'
Received '{"now":10.365044,"events":[{"timestamp":10.365044,"type":"JOB_COMPLETED","data":{"job_id":"ff6079!64","job_state":"COMPLETED_SUCCESSFULLY","return_code":0,"kill_reason":"","alloc":"0-3"}}]}'
Sending '{"now":10.365044,"events":[]}'
Received '{"now":10.790301,"events":[{"timestamp":10.790301,"type":"JOB_SUBMITTED","data":{"job_id":"ff6079!65","job":{"id":"ff6079!65","profile":"LU.S.4","res":4,"subtime":10.790271,"walltime":4200}}}]}'
Sending '{"now":10.790301,"events":[{"timestamp":10.790301,"type":"EXECUTE_JOB","data":{"job_id":"ff6079!65","alloc":"0-3"}}]}'
Received '{"now":11.015632,"events":[{"timestamp":11.015632,"type":"JOB_SUBMITTED","data":{"job_id":"ff6079!66","job":{"id":"ff6079!66","profile":"LU.S.16","res":16,"subtime":11.015602,"walltime":4200}}}]}'
Sending '{"now":11.015632,"events":[{"timestamp":11.015632,"type":"EXECUTE_JOB","data":{"job_id":"ff6079!66","alloc":"4-19"}}]}'
Received '{"now":11.058721,"events":[{"timestamp":11.058721,"type":"JOB_SUBMITTED","data":{"job_id":"ff6079!67","job":{"id":"ff6079!67","profile":"MG.S.16","res":16,"subtime":11.058691,"walltime":4200}}}]}'
Sending '{"now":11.058721,"events":[{"timestamp":11.058721,"type":"EXECUTE_JOB","data":{"job_id":"ff6079!67","alloc":"20-35"}}]}'
Received '{"now":11.385149,"events":[{"timestamp":11.385149,"type":"JOB_SUBMITTED","data":{"job_id":"ff6079!68","job":{"id":"ff6079!68","profile":"CG.S.4","res":4,"subtime":11.385119,"walltime":4200}}}]}'
Sending '{"now":11.385149,"events":[{"timestamp":11.385149,"type":"EXECUTE_JOB","data":{"job_id":"ff6079!68","alloc":"36-39"}}]}'
Received '{"now":11.390674,"events":[{"timestamp":11.390674,"type":"JOB_COMPLETED","data":{"job_id":"ff6079!67","job_state":"COMPLETED_SUCCESSFULLY","return_code":0,"kill_reason":"","alloc":"20-35"}}]}'
Sending '{"now":11.390674,"events":[]}'
Received '{"now":11.508969,"events":[{"timestamp":11.508969,"type":"JOB_SUBMITTED","data":{"job_id":"ff6079!69","job":{"id":"ff6079!69","profile":"MG.S.16","res":16,"subtime":11.508943,"walltime":4200}}}]}'
Sending '{"now":11.508969,"events":[{"timestamp":11.508969,"type":"EXECUTE_JOB","data":{"job_id":"ff6079!69","alloc":"20-35"}}]}'
Received '{"now":11.510993,"events":[{"timestamp":11.510993,"type":"JOB_SUBMITTED","data":{"job_id":"ff6079!70","job":{"id":"ff6079!70","profile":"BT.S.4","res":4,"subtime":11.510962,"walltime":4200}}}]}'
Sending '{"now":11.510993,"events":[{"timestamp":11.510993,"type":"EXECUTE_JOB","data":{"job_id":"ff6079!70","alloc":"40-43"}}]}'
Received '{"now":11.558460,"events":[{"timestamp":11.558460,"type":"JOB_COMPLETED","data":{"job_id":"ff6079!65","job_state":"COMPLETED_SUCCESSFULLY","return_code":0,"kill_reason":"","alloc":"0-3"}}]}'
Sending '{"now":11.55846,"events":[]}'
Received '{"now":11.598071,"events":[{"timestamp":11.598071,"type":"JOB_SUBMITTED","data":{"job_id":"ff6079!71","job":{"id":"ff6079!71","profile":"LU.S.4","res":4,"subtime":11.598051,"walltime":4200}}}]}'
Sending '{"now":11.598071,"events":[{"timestamp":11.598071,"type":"EXECUTE_JOB","data":{"job_id":"ff6079!71","alloc":"0-3"}}]}'
Received '{"now":11.631121,"events":[{"timestamp":11.631121,"type":"JOB_SUBMITTED","data":{"job_id":"ff6079!72","job":{"id":"ff6079!72","profile":"LU.S.16","res":16,"subtime":11.631098,"walltime":4200}}}]}'
Sending '{"now":11.631121,"events":[{"timestamp":11.631121,"type":"EXECUTE_JOB","data":{"job_id":"ff6079!72","alloc":"44-59"}}]}'
Received '{"now":11.767099,"events":[{"timestamp":11.767099,"type":"JOB_COMPLETED","data":{"job_id":"ff6079!70","job_state":"COMPLETED_SUCCESSFULLY","return_code":0,"kill_reason":"","alloc":"40-43"}}]}'
Sending '{"now":11.767099,"events":[]}'
Received '{"now":11.852086,"events":[{"timestamp":11.852086,"type":"JOB_COMPLETED","data":{"job_id":"ff6079!69","job_state":"COMPLETED_SUCCESSFULLY","return_code":0,"kill_reason":"","alloc":"20-35"}}]}'
Sending '{"now":11.852086,"events":[]}'
Received '{"now":11.919585,"events":[{"timestamp":11.919585,"type":"JOB_COMPLETED","data":{"job_id":"ff6079!68","job_state":"COMPLETED_SUCCESSFULLY","return_code":0,"kill_reason":"","alloc":"36-39"}}]}'
Sending '{"now":11.919585,"events":[]}'
Received '{"now":12.018975,"events":[{"timestamp":12.018975,"type":"JOB_COMPLETED","data":{"job_id":"ff6079!66","job_state":"COMPLETED_SUCCESSFULLY","return_code":0,"kill_reason":"","alloc":"4-19"}}]}'
Sending '{"now":12.018975,"events":[]}'
Received '{"now":12.022692,"events":[{"timestamp":12.022692,"type":"JOB_SUBMITTED","data":{"job_id":"ff6079!73","job":{"id":"ff6079!73","profile":"LU.S.4","res":4,"subtime":12.022662,"walltime":4200}}}]}'
Sending '{"now":12.022692,"events":[{"timestamp":12.022692,"type":"EXECUTE_JOB","data":{"job_id":"ff6079!73","alloc":"4-7"}}]}'
Received '{"now":12.125025,"events":[{"timestamp":12.125025,"type":"JOB_SUBMITTED","data":{"job_id":"ff6079!74","job":{"id":"ff6079!74","profile":"IS.S.4","res":4,"subtime":12.124994,"walltime":4200}}}]}'
Sending '{"now":12.125025,"events":[{"timestamp":12.125025,"type":"EXECUTE_JOB","data":{"job_id":"ff6079!74","alloc":"8-11"}}]}'
Received '{"now":12.206583,"events":[{"timestamp":12.206583,"type":"JOB_COMPLETED","data":{"job_id":"ff6079!74","job_state":"COMPLETED_SUCCESSFULLY","return_code":0,"kill_reason":"","alloc":"8-11"}}]}'
Sending '{"now":12.206583,"events":[]}'
Received '{"now":12.365594,"events":[{"timestamp":12.365594,"type":"JOB_COMPLETED","data":{"job_id":"ff6079!71","job_state":"COMPLETED_SUCCESSFULLY","return_code":0,"kill_reason":"","alloc":"0-3"}}]}'
Sending '{"now":12.365594,"events":[]}'
Received '{"now":12.500509,"events":[{"timestamp":12.500509,"type":"JOB_SUBMITTED","data":{"job_id":"ff6079!75","job":{"id":"ff6079!75","profile":"MG.S.16","res":16,"subtime":12.500478,"walltime":4200}}}]}'
Sending '{"now":12.500509,"events":[{"timestamp":12.500509,"type":"EXECUTE_JOB","data":{"job_id":"ff6079!75","alloc":"8-23"}}]}'
Received '{"now":12.527217,"events":[{"timestamp":12.527217,"type":"JOB_SUBMITTED","data":{"job_id":"ff6079!76","job":{"id":"ff6079!76","profile":"LU.S.4","res":4,"subtime":12.527187,"walltime":4200}}}]}'
Sending '{"now":12.527217,"events":[{"timestamp":12.527217,"type":"EXECUTE_JOB","data":{"job_id":"ff6079!76","alloc":"0-3"}}]}'
Received '{"now":12.605525,"events":[{"timestamp":12.605525,"type":"JOB_COMPLETED","data":{"job_id":"ff6079!72","job_state":"COMPLETED_SUCCESSFULLY","return_code":0,"kill_reason":"","alloc":"44-59"}}]}'
Sending '{"now":12.605525,"events":[]}'
Received '{"now":12.777988,"events":[{"timestamp":12.777988,"type":"JOB_COMPLETED","data":{"job_id":"ff6079!73","job_state":"COMPLETED_SUCCESSFULLY","return_code":0,"kill_reason":"","alloc":"4-7"}}]}'
Sending '{"now":12.777988,"events":[]}'
Received '{"now":12.803703,"events":[{"timestamp":12.803703,"type":"JOB_SUBMITTED","data":{"job_id":"ff6079!77","job":{"id":"ff6079!77","profile":"FT.S.16","res":16,"subtime":12.803682,"walltime":4200}}}]}'
Sending '{"now":12.803703,"events":[{"timestamp":12.803703,"type":"EXECUTE_JOB","data":{"job_id":"ff6079!77","alloc":"24-39"}}]}'
Received '{"now":12.832019,"events":[{"timestamp":12.832019,"type":"JOB_COMPLETED","data":{"job_id":"ff6079!75","job_state":"COMPLETED_SUCCESSFULLY","return_code":0,"kill_reason":"","alloc":"8-23"}}]}'
Sending '{"now":12.832019,"events":[]}'
Received '{"now":12.950154,"events":[{"timestamp":12.950154,"type":"JOB_SUBMITTED","data":{"job_id":"ff6079!78","job":{"id":"ff6079!78","profile":"CG.S.4","res":4,"subtime":12.950124,"walltime":4200}}}]}'
Sending '{"now":12.950154,"events":[{"timestamp":12.950154,"type":"EXECUTE_JOB","data":{"job_id":"ff6079!78","alloc":"4-7"}}]}'
Received '{"now":12.962125,"events":[{"timestamp":12.962125,"type":"JOB_SUBMITTED","data":{"job_id":"ff6079!79","job":{"id":"ff6079!79","profile":"CG.S.4","res":4,"subtime":12.962095,"walltime":4200}}}]}'
Sending '{"now":12.962125,"events":[{"timestamp":12.962125,"type":"EXECUTE_JOB","data":{"job_id":"ff6079!79","alloc":"8-11"}}]}'
Received '{"now":13.070869,"events":[{"timestamp":13.070869,"type":"JOB_COMPLETED","data":{"job_id":"ff6079!77","job_state":"COMPLETED_SUCCESSFULLY","return_code":0,"kill_reason":"","alloc":"24-39"}}]}'
Sending '{"now":13.070869,"events":[]}'
Received '{"now":13.286505,"events":[{"timestamp":13.286505,"type":"JOB_SUBMITTED","data":{"job_id":"ff6079!80","job":{"id":"ff6079!80","profile":"LU.S.4","res":4,"subtime":13.286474,"walltime":4200}}}]}'
Sending '{"now":13.286505,"events":[{"timestamp":13.286505,"type":"EXECUTE_JOB","data":{"job_id":"ff6079!80","alloc":"12-15"}}]}'
Received '{"now":13.295814,"events":[{"timestamp":13.295814,"type":"JOB_COMPLETED","data":{"job_id":"ff6079!76","job_state":"COMPLETED_SUCCESSFULLY","return_code":0,"kill_reason":"","alloc":"0-3"}}]}'
Sending '{"now":13.295814,"events":[]}'
Received '{"now":13.307955,"events":[{"timestamp":13.307955,"type":"JOB_SUBMITTED","data":{"job_id":"ff6079!81","job":{"id":"ff6079!81","profile":"IS.S.4","res":4,"subtime":13.307925,"walltime":4200}}}]}'
Sending '{"now":13.307955,"events":[{"timestamp":13.307955,"type":"EXECUTE_JOB","data":{"job_id":"ff6079!81","alloc":"0-3"}}]}'
Received '{"now":13.346190,"events":[{"timestamp":13.346190,"type":"JOB_SUBMITTED","data":{"job_id":"ff6079!82","job":{"id":"ff6079!82","profile":"FT.S.4","res":4,"subtime":13.346162,"walltime":4200}}}]}'
Sending '{"now":13.34619,"events":[{"timestamp":13.34619,"type":"EXECUTE_JOB","data":{"job_id":"ff6079!82","alloc":"16-19"}}]}'
Received '{"now":13.368230,"events":[{"timestamp":13.368230,"type":"JOB_SUBMITTED","data":{"job_id":"ff6079!83","job":{"id":"ff6079!83","profile":"IS.S.16","res":16,"subtime":13.368200,"walltime":4200}}}]}'
Sending '{"now":13.36823,"events":[{"timestamp":13.36823,"type":"EXECUTE_JOB","data":{"job_id":"ff6079!83","alloc":"20-35"}}]}'
Received '{"now":13.419291,"events":[{"timestamp":13.419291,"type":"JOB_SUBMITTED","data":{"job_id":"ff6079!84","job":{"id":"ff6079!84","profile":"MG.S.16","res":16,"subtime":13.419265,"walltime":4200}}}]}'
Sending '{"now":13.419291,"events":[{"timestamp":13.419291,"type":"EXECUTE_JOB","data":{"job_id":"ff6079!84","alloc":"36-51"}}]}'
Received '{"now":13.424845,"events":[{"timestamp":13.424845,"type":"JOB_COMPLETED","data":{"job_id":"ff6079!81","job_state":"COMPLETED_SUCCESSFULLY","return_code":0,"kill_reason":"","alloc":"0-3"}}]}'
Sending '{"now":13.424845,"events":[]}'
Received '{"now":13.474610,"events":[{"timestamp":13.474610,"type":"JOB_COMPLETED","data":{"job_id":"ff6079!83","job_state":"COMPLETED_SUCCESSFULLY","return_code":0,"kill_reason":"","alloc":"20-35"}}]}'
Sending '{"now":13.47461,"events":[]}'
Received '{"now":13.535228,"events":[{"timestamp":13.535228,"type":"JOB_COMPLETED","data":{"job_id":"ff6079!78","job_state":"COMPLETED_SUCCESSFULLY","return_code":0,"kill_reason":"","alloc":"4-7"}}]}'
Sending '{"now":13.535228,"events":[]}'
Received '{"now":13.540616,"events":[{"timestamp":13.540616,"type":"JOB_COMPLETED","data":{"job_id":"ff6079!79","job_state":"COMPLETED_SUCCESSFULLY","return_code":0,"kill_reason":"","alloc":"8-11"}}]}'
Sending '{"now":13.540616,"events":[]}'
Received '{"now":13.612678,"events":[{"timestamp":13.612678,"type":"JOB_SUBMITTED","data":{"job_id":"ff6079!85","job":{"id":"ff6079!85","profile":"IS.S.4","res":4,"subtime":13.612648,"walltime":4200}}}]}'
Sending '{"now":13.612678,"events":[{"timestamp":13.612678,"type":"EXECUTE_JOB","data":{"job_id":"ff6079!85","alloc":"0-3"}}]}'
Received '{"now":13.624708,"events":[{"timestamp":13.624708,"type":"JOB_SUBMITTED","data":{"job_id":"ff6079!86","job":{"id":"ff6079!86","profile":"MG.S.16","res":16,"subtime":13.624678,"walltime":4200}}}]}'
Sending '{"now":13.624708,"events":[{"timestamp":13.624708,"type":"EXECUTE_JOB","data":{"job_id":"ff6079!86","alloc":"20-35"}}]}'
Received '{"now":13.706789,"events":[{"timestamp":13.706789,"type":"JOB_SUBMITTED","data":{"job_id":"ff6079!87","job":{"id":"ff6079!87","profile":"BT.S.16","res":16,"subtime":13.706766,"walltime":4200}}}]}'
Sending '{"now":13.706789,"events":[]}'
Received '{"now":13.726253,"events":[{"timestamp":13.726253,"type":"JOB_SUBMITTED","data":{"job_id":"ff6079!88","job":{"id":"ff6079!88","profile":"FT.S.4","res":4,"subtime":13.726223,"walltime":4200}}}]}'
Sending '{"now":13.726253,"events":[{"timestamp":13.726253,"type":"EXECUTE_JOB","data":{"job_id":"ff6079!88","alloc":"52-55"}}]}'
Received '{"now":13.740418,"events":[{"timestamp":13.740418,"type":"JOB_SUBMITTED","data":{"job_id":"ff6079!89","job":{"id":"ff6079!89","profile":"BT.S.4","res":4,"subtime":13.740388,"walltime":4200}}}]}'
Sending '{"now":13.740418,"events":[{"timestamp":13.740418,"type":"EXECUTE_JOB","data":{"job_id":"ff6079!89","alloc":"56-59"}}]}'
Received '{"now":13.794378,"events":[{"timestamp":13.794378,"type":"JOB_SUBMITTED","data":{"job_id":"ff6079!90","job":{"id":"ff6079!90","profile":"LU.S.16","res":16,"subtime":13.794348,"walltime":4200}}}]}'
Sending '{"now":13.794378,"events":[]}'
Received '{"now":13.804692,"events":[{"timestamp":13.804692,"type":"JOB_COMPLETED","data":{"job_id":"ff6079!85","job_state":"COMPLETED_SUCCESSFULLY","return_code":0,"kill_reason":"","alloc":"0-3"}}]}'
Sending '{"now":13.804692,"events":[]}'
Received '{"now":13.865130,"events":[{"timestamp":13.865130,"type":"JOB_SUBMITTED","data":{"job_id":"ff6079!91","job":{"id":"ff6079!91","profile":"MG.S.4","res":4,"subtime":13.865100,"walltime":4200}}}]}'
Sending '{"now":13.86513,"events":[{"timestamp":13.86513,"type":"EXECUTE_JOB","data":{"job_id":"ff6079!91","alloc":"60-63"}}]}'
Received '{"now":13.928610,"events":[{"timestamp":13.928610,"type":"JOB_COMPLETED","data":{"job_id":"ff6079!84","job_state":"COMPLETED_SUCCESSFULLY","return_code":0,"kill_reason":"","alloc":"36-51"}}]}'
Sending '{"now":13.92861,"events":[{"timestamp":13.92861,"type":"EXECUTE_JOB","data":{"job_id":"ff6079!87","alloc":"36-51"}}]}'
Received '{"now":13.993996,"events":[{"timestamp":13.993996,"type":"JOB_COMPLETED","data":{"job_id":"ff6079!82","job_state":"COMPLETED_SUCCESSFULLY","return_code":0,"kill_reason":"","alloc":"16-19"}}]}'
Sending '{"now":13.993996,"events":[]}'
Received '{"now":14.050560,"events":[{"timestamp":14.050560,"type":"JOB_SUBMITTED","data":{"job_id":"ff6079!92","job":{"id":"ff6079!92","profile":"MG.S.16","res":16,"subtime":14.050538,"walltime":4200}}}]}'
Sending '{"now":14.05056,"events":[]}'
Received '{"now":14.129390,"events":[{"timestamp":14.129390,"type":"JOB_COMPLETED","data":{"job_id":"ff6079!80","job_state":"COMPLETED_SUCCESSFULLY","return_code":0,"kill_reason":"","alloc":"12-15"}}]}'
Sending '{"now":14.12939,"events":[{"timestamp":14.12939,"type":"EXECUTE_JOB","data":{"job_id":"ff6079!90","alloc":"0-15"}}]}'
Received '{"now":14.157069,"events":[{"timestamp":14.157069,"type":"JOB_COMPLETED","data":{"job_id":"ff6079!86","job_state":"COMPLETED_SUCCESSFULLY","return_code":0,"kill_reason":"","alloc":"20-35"}}]}'
Sending '{"now":14.157069,"events":[{"timestamp":14.157069,"type":"EXECUTE_JOB","data":{"job_id":"ff6079!92","alloc":"16-31"}}]}'
Received '{"now":14.191464,"events":[{"timestamp":14.191464,"type":"JOB_COMPLETED","data":{"job_id":"ff6079!91","job_state":"COMPLETED_SUCCESSFULLY","return_code":0,"kill_reason":"","alloc":"60-63"}}]}'
Sending '{"now":14.191464,"events":[]}'
Received '{"now":14.197994,"events":[{"timestamp":14.197994,"type":"JOB_SUBMITTED","data":{"job_id":"ff6079!93","job":{"id":"ff6079!93","profile":"LU.S.4","res":4,"subtime":14.197964,"walltime":4200}}}]}'
Sending '{"now":14.197994,"events":[{"timestamp":14.197994,"type":"EXECUTE_JOB","data":{"job_id":"ff6079!93","alloc":"32-35"}}]}'
Received '{"now":14.208946,"events":[{"timestamp":14.208946,"type":"JOB_SUBMITTED","data":{"job_id":"ff6079!94","job":{"id":"ff6079!94","profile":"SP.S.4","res":4,"subtime":14.208928,"walltime":4200}}}]}'
Sending '{"now":14.208946,"events":[{"timestamp":14.208946,"type":"EXECUTE_JOB","data":{"job_id":"ff6079!94","alloc":"60-63"}}]}'
Received '{"now":14.312798,"events":[{"timestamp":14.312798,"type":"JOB_SUBMITTED","data":{"job_id":"ff6079!95","job":{"id":"ff6079!95","profile":"BT.S.4","res":4,"subtime":14.312768,"walltime":4200}}}]}'
Sending '{"now":14.312798,"events":[]}'
Received '{"now":14.516902,"events":[{"timestamp":14.516902,"type":"JOB_COMPLETED","data":{"job_id":"ff6079!89","job_state":"COMPLETED_SUCCESSFULLY","return_code":0,"kill_reason":"","alloc":"56-59"}}]}'
Sending '{"now":14.516902,"events":[{"timestamp":14.516902,"type":"EXECUTE_JOB","data":{"job_id":"ff6079!95","alloc":"56-59"}}]}'
Received '{"now":14.703432,"events":[{"timestamp":14.703432,"type":"JOB_COMPLETED","data":{"job_id":"ff6079!94","job_state":"COMPLETED_SUCCESSFULLY","return_code":0,"kill_reason":"","alloc":"60-63"}}]}'
Sending '{"now":14.703432,"events":[]}'
Received '{"now":14.708498,"events":[{"timestamp":14.708498,"type":"JOB_SUBMITTED","data":{"job_id":"ff6079!96","job":{"id":"ff6079!96","profile":"CG.S.4","res":4,"subtime":14.708468,"walltime":4200}}}]}'
Sending '{"now":14.708498,"events":[{"timestamp":14.708498,"type":"EXECUTE_JOB","data":{"job_id":"ff6079!96","alloc":"60-63"}}]}'
Received '{"now":14.728681,"events":[{"timestamp":14.728681,"type":"JOB_COMPLETED","data":{"job_id":"ff6079!92","job_state":"COMPLETED_SUCCESSFULLY","return_code":0,"kill_reason":"","alloc":"16-31"}}]}'
Sending '{"now":14.728681,"events":[]}'
Received '{"now":14.926965,"events":[{"timestamp":14.926965,"type":"JOB_COMPLETED","data":{"job_id":"ff6079!93","job_state":"COMPLETED_SUCCESSFULLY","return_code":0,"kill_reason":"","alloc":"32-35"}}]}'
Sending '{"now":14.926965,"events":[]}'
Received '{"now":14.940124,"events":[{"timestamp":14.940124,"type":"JOB_COMPLETED","data":{"job_id":"ff6079!88","job_state":"COMPLETED_SUCCESSFULLY","return_code":0,"kill_reason":"","alloc":"52-55"}}]}'
Sending '{"now":14.940124,"events":[]}'
Received '{"now":15.067778,"events":[{"timestamp":15.067778,"type":"JOB_COMPLETED","data":{"job_id":"ff6079!95","job_state":"COMPLETED_SUCCESSFULLY","return_code":0,"kill_reason":"","alloc":"56-59"}}]}'
Sending '{"now":15.067778,"events":[]}'
Received '{"now":15.149508,"events":[{"timestamp":15.149508,"type":"JOB_SUBMITTED","data":{"job_id":"ff6079!97","job":{"id":"ff6079!97","profile":"CG.S.16","res":16,"subtime":15.149478,"walltime":4200}}}]}'
Sending '{"now":15.149508,"events":[{"timestamp":15.149508,"type":"EXECUTE_JOB","data":{"job_id":"ff6079!97","alloc":"16-31"}}]}'
Received '{"now":15.154042,"events":[{"timestamp":15.154042,"type":"JOB_COMPLETED","data":{"job_id":"ff6079!90","job_state":"COMPLETED_SUCCESSFULLY","return_code":0,"kill_reason":"","alloc":"0-15"}}]}'
Sending '{"now":15.154042,"events":[]}'
Received '{"now":15.238407,"events":[{"timestamp":15.238407,"type":"JOB_COMPLETED","data":{"job_id":"ff6079!96","job_state":"COMPLETED_SUCCESSFULLY","return_code":0,"kill_reason":"","alloc":"60-63"}}]}'
Sending '{"now":15.238407,"events":[]}'
Received '{"now":15.404530,"events":[{"timestamp":15.404530,"type":"JOB_SUBMITTED","data":{"job_id":"ff6079!98","job":{"id":"ff6079!98","profile":"CG.S.16","res":16,"subtime":15.404505,"walltime":4200}}}]}'
Sending '{"now":15.40453,"events":[{"timestamp":15.40453,"type":"EXECUTE_JOB","data":{"job_id":"ff6079!98","alloc":"0-15"}}]}'
Received '{"now":15.509836,"events":[{"timestamp":15.509836,"type":"JOB_COMPLETED","data":{"job_id":"ff6079!87","job_state":"COMPLETED_SUCCESSFULLY","return_code":0,"kill_reason":"","alloc":"36-51"}}]}'
Sending '{"now":15.509836,"events":[]}'
Received '{"now":15.627598,"events":[{"timestamp":15.627598,"type":"JOB_SUBMITTED","data":{"job_id":"ff6079!99","job":{"id":"ff6079!99","profile":"LU.S.16","res":16,"subtime":15.627570,"walltime":4200}}}]}'
Sending '{"now":15.627598,"events":[{"timestamp":15.627598,"type":"EXECUTE_JOB","data":{"job_id":"ff6079!99","alloc":"32-47"}}]}'
Received '{"now":15.747701,"events":[{"timestamp":15.747701,"type":"JOB_SUBMITTED","data":{"job_id":"ff6079!100","job":{"id":"ff6079!100","profile":"IS.S.4","res":4,"subtime":15.747681,"walltime":4200}}}]}'
Sending '{"now":15.747701,"events":[{"timestamp":15.747701,"type":"EXECUTE_JOB","data":{"job_id":"ff6079!100","alloc":"48-51"}}]}'
Received '{"now":15.830290,"events":[{"timestamp":15.830290,"type":"JOB_COMPLETED","data":{"job_id":"ff6079!100","job_state":"COMPLETED_SUCCESSFULLY","return_code":0,"kill_reason":"","alloc":"48-51"}}]}'
Sending '{"now":15.83029,"events":[]}'
Received '{"now":15.949081,"events":[{"timestamp":15.949081,"type":"JOB_SUBMITTED","data":{"job_id":"ff6079!101","job":{"id":"ff6079!101","profile":"BT.S.4","res":4,"subtime":15.949051,"walltime":4200}}}]}'
Sending '{"now":15.949081,"events":[{"timestamp":15.949081,"type":"EXECUTE_JOB","data":{"job_id":"ff6079!101","alloc":"48-51"}}]}'
Received '{"now":16.052065,"events":[{"timestamp":16.052065,"type":"JOB_SUBMITTED","data":{"job_id":"ff6079!102","job":{"id":"ff6079!102","profile":"IS.S.4","res":4,"subtime":16.052035,"walltime":4200}}}]}'
Sending '{"now":16.052065,"events":[{"timestamp":16.052065,"type":"EXECUTE_JOB","data":{"job_id":"ff6079!102","alloc":"52-55"}}]}'
Received '{"now":16.104932,"events":[{"timestamp":16.104932,"type":"JOB_COMPLETED","data":{"job_id":"ff6079!97","job_state":"COMPLETED_SUCCESSFULLY","return_code":0,"kill_reason":"","alloc":"16-31"}}]}'
Sending '{"now":16.104932,"events":[]}'
Received '{"now":16.140708,"events":[{"timestamp":16.140708,"type":"JOB_COMPLETED","data":{"job_id":"ff6079!102","job_state":"COMPLETED_SUCCESSFULLY","return_code":0,"kill_reason":"","alloc":"52-55"}}]}'
Sending '{"now":16.140708,"events":[]}'
Received '{"now":16.166947,"events":[{"timestamp":16.166947,"type":"JOB_SUBMITTED","data":{"job_id":"ff6079!103","job":{"id":"ff6079!103","profile":"BT.S.4","res":4,"subtime":16.166927,"walltime":4200}}}]}'
Sending '{"now":16.166947,"events":[{"timestamp":16.166947,"type":"EXECUTE_JOB","data":{"job_id":"ff6079!103","alloc":"16-19"}}]}'
Received '{"now":16.186001,"events":[{"timestamp":16.186001,"type":"JOB_COMPLETED","data":{"job_id":"ff6079!101","job_state":"COMPLETED_SUCCESSFULLY","return_code":0,"kill_reason":"","alloc":"48-51"}}]}'
Sending '{"now":16.186001,"events":[]}'
Received '{"now":16.289364,"events":[{"timestamp":16.289364,"type":"JOB_SUBMITTED","data":{"job_id":"ff6079!104","job":{"id":"ff6079!104","profile":"FT.S.16","res":16,"subtime":16.289341,"walltime":4200}}}]}'
Sending '{"now":16.289364,"events":[{"timestamp":16.289364,"type":"EXECUTE_JOB","data":{"job_id":"ff6079!104","alloc":"48-63"}}]}'
Received '{"now":16.303655,"events":[{"timestamp":16.303655,"type":"JOB_SUBMITTED","data":{"job_id":"ff6079!105","job":{"id":"ff6079!105","profile":"CG.S.16","res":16,"subtime":16.303626,"walltime":4200}}}]}'
Sending '{"now":16.303655,"events":[]}'
Received '{"now":16.336478,"events":[{"timestamp":16.336478,"type":"JOB_SUBMITTED","data":{"job_id":"ff6079!106","job":{"id":"ff6079!106","profile":"SP.S.4","res":4,"subtime":16.336460,"walltime":4200}}}]}'
Sending '{"now":16.336478,"events":[{"timestamp":16.336478,"type":"EXECUTE_JOB","data":{"job_id":"ff6079!106","alloc":"20-23"}}]}'
Received '{"now":16.356755,"events":[{"timestamp":16.356755,"type":"JOB_SUBMITTED","data":{"job_id":"ff6079!107","job":{"id":"ff6079!107","profile":"FT.S.4","res":4,"subtime":16.356731,"walltime":4200}}}]}'
Sending '{"now":16.356755,"events":[{"timestamp":16.356755,"type":"EXECUTE_JOB","data":{"job_id":"ff6079!107","alloc":"24-27"}}]}'
Received '{"now":16.375329,"events":[{"timestamp":16.375329,"type":"JOB_COMPLETED","data":{"job_id":"ff6079!98","job_state":"COMPLETED_SUCCESSFULLY","return_code":0,"kill_reason":"","alloc":"0-15"}}]}'
Sending '{"now":16.375329,"events":[{"timestamp":16.375329,"type":"EXECUTE_JOB","data":{"job_id":"ff6079!105","alloc":"0-15"}}]}'
Received '{"now":16.446760,"events":[{"timestamp":16.446760,"type":"JOB_SUBMITTED","data":{"job_id":"ff6079!108","job":{"id":"ff6079!108","profile":"LU.S.16","res":16,"subtime":16.446738,"walltime":4200}}}]}'
Sending '{"now":16.44676,"events":[]}'
Received '{"now":16.472050,"events":[{"timestamp":16.472050,"type":"JOB_COMPLETED","data":{"job_id":"ff6079!103","job_state":"COMPLETED_SUCCESSFULLY","return_code":0,"kill_reason":"","alloc":"16-19"}}]}'
Sending '{"now":16.47205,"events":[]}'
Received '{"now":16.588198,"events":[{"timestamp":16.588198,"type":"JOB_COMPLETED","data":{"job_id":"ff6079!99","job_state":"COMPLETED_SUCCESSFULLY","return_code":0,"kill_reason":"","alloc":"32-47"}}]}'
Sending '{"now":16.588198,"events":[{"timestamp":16.588198,"type":"EXECUTE_JOB","data":{"job_id":"ff6079!108","alloc":"28-43"}}]}'
Received '{"now":16.675747,"events":[{"timestamp":16.675747,"type":"JOB_COMPLETED","data":{"job_id":"ff6079!104","job_state":"COMPLETED_SUCCESSFULLY","return_code":0,"kill_reason":"","alloc":"48-63"}}]}'
Sending '{"now":16.675747,"events":[]}'
Received '{"now":16.688297,"events":[{"timestamp":16.688297,"type":"JOB_SUBMITTED","data":{"job_id":"ff6079!109","job":{"id":"ff6079!109","profile":"CG.S.16","res":16,"subtime":16.688267,"walltime":4200}}}]}'
Sending '{"now":16.688297,"events":[{"timestamp":16.688297,"type":"EXECUTE_JOB","data":{"job_id":"ff6079!109","alloc":"44-59"}}]}'
Received '{"now":16.704600,"events":[{"timestamp":16.704600,"type":"JOB_COMPLETED","data":{"job_id":"ff6079!106","job_state":"COMPLETED_SUCCESSFULLY","return_code":0,"kill_reason":"","alloc":"20-23"}}]}'
Sending '{"now":16.7046,"events":[]}'
Received '{"now":16.813380,"events":[{"timestamp":16.813380,"type":"JOB_COMPLETED","data":{"job_id":"ff6079!107","job_state":"COMPLETED_SUCCESSFULLY","return_code":0,"kill_reason":"","alloc":"24-27"}}]}'
Sending '{"now":16.81338,"events":[]}'
Received '{"now":16.983754,"events":[{"timestamp":16.983754,"type":"JOB_SUBMITTED","data":{"job_id":"ff6079!110","job":{"id":"ff6079!110","profile":"SP.S.4","res":4,"subtime":16.983733,"walltime":4200}}}]}'
Sending '{"now":16.983754,"events":[{"timestamp":16.983754,"type":"EXECUTE_JOB","data":{"job_id":"ff6079!110","alloc":"16-19"}}]}'
Received '{"now":17.096397,"events":[{"timestamp":17.096397,"type":"JOB_SUBMITTED","data":{"job_id":"ff6079!111","job":{"id":"ff6079!111","profile":"MG.S.16","res":16,"subtime":17.096370,"walltime":4200}}}]}'
Sending '{"now":17.096397,"events":[]}'
Received '{"now":17.147810,"events":[{"timestamp":17.147810,"type":"JOB_SUBMITTED","data":{"job_id":"ff6079!112","job":{"id":"ff6079!112","profile":"BT.S.4","res":4,"subtime":17.147783,"walltime":4200}}}]}'
Sending '{"now":17.14781,"events":[{"timestamp":17.14781,"type":"EXECUTE_JOB","data":{"job_id":"ff6079!112","alloc":"20-23"}}]}'
Received '{"now":17.265164,"events":[{"timestamp":17.265164,"type":"JOB_COMPLETED","data":{"job_id":"ff6079!110","job_state":"COMPLETED_SUCCESSFULLY","return_code":0,"kill_reason":"","alloc":"16-19"}}]}'
Sending '{"now":17.265164,"events":[]}'
Received '{"now":17.308009,"events":[{"timestamp":17.308009,"type":"JOB_SUBMITTED","data":{"job_id":"ff6079!113","job":{"id":"ff6079!113","profile":"FT.S.4","res":4,"subtime":17.307983,"walltime":4200}}}]}'
Sending '{"now":17.308009,"events":[{"timestamp":17.308009,"type":"EXECUTE_JOB","data":{"job_id":"ff6079!113","alloc":"16-19"}}]}'
Received '{"now":17.344804,"events":[{"timestamp":17.344804,"type":"JOB_COMPLETED","data":{"job_id":"ff6079!105","job_state":"COMPLETED_SUCCESSFULLY","return_code":0,"kill_reason":"","alloc":"0-15"}}]}'
Sending '{"now":17.344804,"events":[{"timestamp":17.344804,"type":"EXECUTE_JOB","data":{"job_id":"ff6079!111","alloc":"0-15"}}]}'
Received '{"now":17.377510,"events":[{"timestamp":17.377510,"type":"JOB_COMPLETED","data":{"job_id":"ff6079!112","job_state":"COMPLETED_SUCCESSFULLY","return_code":0,"kill_reason":"","alloc":"20-23"}}]}'
Sending '{"now":17.37751,"events":[]}'
Received '{"now":17.564067,"events":[{"timestamp":17.564067,"type":"JOB_COMPLETED","data":{"job_id":"ff6079!108","job_state":"COMPLETED_SUCCESSFULLY","return_code":0,"kill_reason":"","alloc":"28-43"}}]}'
Sending '{"now":17.564067,"events":[]}'
Received '{"now":17.589982,"events":[{"timestamp":17.589982,"type":"JOB_SUBMITTED","data":{"job_id":"ff6079!114","job":{"id":"ff6079!114","profile":"FT.S.4","res":4,"subtime":17.589951,"walltime":4200}}}]}'
Sending '{"now":17.589982,"events":[{"timestamp":17.589982,"type":"EXECUTE_JOB","data":{"job_id":"ff6079!114","alloc":"20-23"}}]}'
Received '{"now":17.590397,"events":[{"timestamp":17.590397,"type":"JOB_COMPLETED","data":{"job_id":"ff6079!113","job_state":"COMPLETED_SUCCESSFULLY","return_code":0,"kill_reason":"","alloc":"16-19"}}]}'
Sending '{"now":17.590397,"events":[]}'
Received '{"now":17.639922,"events":[{"timestamp":17.639922,"type":"JOB_SUBMITTED","data":{"job_id":"ff6079!115","job":{"id":"ff6079!115","profile":"BT.S.16","res":16,"subtime":17.639897,"walltime":4200}}}]}'
Sending '{"now":17.639922,"events":[{"timestamp":17.639922,"type":"EXECUTE_JOB","data":{"job_id":"ff6079!115","alloc":"24-39"}}]}'
Received '{"now":17.653275,"events":[{"timestamp":17.653275,"type":"JOB_COMPLETED","data":{"job_id":"ff6079!109","job_state":"COMPLETED_SUCCESSFULLY","return_code":0,"kill_reason":"","alloc":"44-59"}}]}'
Sending '{"now":17.653275,"events":[]}'
Received '{"now":17.717496,"events":[{"timestamp":17.717496,"type":"JOB_COMPLETED","data":{"job_id":"ff6079!111","job_state":"COMPLETED_SUCCESSFULLY","return_code":0,"kill_reason":"","alloc":"0-15"}}]}'
Sending '{"now":17.717496,"events":[]}'
Received '{"now":17.723215,"events":[{"timestamp":17.723215,"type":"JOB_SUBMITTED","data":{"job_id":"ff6079!116","job":{"id":"ff6079!116","profile":"LU.S.4","res":4,"subtime":17.723193,"walltime":4200}}}]}'
Sending '{"now":17.723215,"events":[{"timestamp":17.723215,"type":"EXECUTE_JOB","data":{"job_id":"ff6079!116","alloc":"0-3"}}]}'
Received '{"now":17.793936,"events":[{"timestamp":17.793936,"type":"JOB_SUBMITTED","data":{"job_id":"ff6079!117","job":{"id":"ff6079!117","profile":"CG.S.4","res":4,"subtime":17.793906,"walltime":4200}}}]}'
Sending '{"now":17.793936,"events":[{"timestamp":17.793936,"type":"EXECUTE_JOB","data":{"job_id":"ff6079!117","alloc":"4-7"}}]}'
Received '{"now":17.843880,"events":[{"timestamp":17.843880,"type":"JOB_SUBMITTED","data":{"job_id":"ff6079!118","job":{"id":"ff6079!118","profile":"SP.S.4","res":4,"subtime":17.843850,"walltime":4200}}}]}'
Sending '{"now":17.84388,"events":[{"timestamp":17.84388,"type":"EXECUTE_JOB","data":{"job_id":"ff6079!118","alloc":"8-11"}}]}'
Received '{"now":17.947364,"events":[{"timestamp":17.947364,"type":"JOB_SUBMITTED","data":{"job_id":"ff6079!119","job":{"id":"ff6079!119","profile":"FT.S.4","res":4,"subtime":17.947334,"walltime":4200}}}]}'
Sending '{"now":17.947364,"events":[{"timestamp":17.947364,"type":"EXECUTE_JOB","data":{"job_id":"ff6079!119","alloc":"12-15"}}]}'
Received '{"now":18.051408,"events":[{"timestamp":18.051408,"type":"JOB_SUBMITTED","data":{"job_id":"ff6079!120","job":{"id":"ff6079!120","profile":"LU.S.16","res":16,"subtime":18.051378,"walltime":4200}}}]}'
Sending '{"now":18.051408,"events":[{"timestamp":18.051408,"type":"EXECUTE_JOB","data":{"job_id":"ff6079!120","alloc":"40-55"}}]}'
Received '{"now":18.154252,"events":[{"timestamp":18.154252,"type":"JOB_SUBMITTED","data":{"job_id":"ff6079!121","job":{"id":"ff6079!121","profile":"CG.S.4","res":4,"subtime":18.154222,"walltime":4200}}}]}'
Sending '{"now":18.154252,"events":[{"timestamp":18.154252,"type":"EXECUTE_JOB","data":{"job_id":"ff6079!121","alloc":"16-19"}}]}'
Received '{"now":18.158475,"events":[{"timestamp":18.158475,"type":"JOB_SUBMITTED","data":{"job_id":"ff6079!122","job":{"id":"ff6079!122","profile":"IS.S.4","res":4,"subtime":18.158444,"walltime":4200}}}]}'
Sending '{"now":18.158475,"events":[{"timestamp":18.158475,"type":"EXECUTE_JOB","data":{"job_id":"ff6079!122","alloc":"56-59"}}]}'
Received '{"now":18.249837,"events":[{"timestamp":18.249837,"type":"JOB_COMPLETED","data":{"job_id":"ff6079!118","job_state":"COMPLETED_SUCCESSFULLY","return_code":0,"kill_reason":"","alloc":"8-11"}}]}'
Sending '{"now":18.249837,"events":[]}'
Received '{"now":18.286950,"events":[{"timestamp":18.286950,"type":"JOB_COMPLETED","data":{"job_id":"ff6079!114","job_state":"COMPLETED_SUCCESSFULLY","return_code":0,"kill_reason":"","alloc":"20-23"}}]}'
Sending '{"now":18.28695,"events":[]}'
Received '{"now":18.331472,"events":[{"timestamp":18.331472,"type":"JOB_COMPLETED","data":{"job_id":"ff6079!117","job_state":"COMPLETED_SUCCESSFULLY","return_code":0,"kill_reason":"","alloc":"4-7"}}]}'
Sending '{"now":18.331472,"events":[]}'
Received '{"now":18.365534,"events":[{"timestamp":18.365534,"type":"JOB_COMPLETED","data":{"job_id":"ff6079!122","job_state":"COMPLETED_SUCCESSFULLY","return_code":0,"kill_reason":"","alloc":"56-59"}}]}'
Sending '{"now":18.365534,"events":[]}'
Received '{"now":18.492318,"events":[{"timestamp":18.492318,"type":"JOB_COMPLETED","data":{"job_id":"ff6079!116","job_state":"COMPLETED_SUCCESSFULLY","return_code":0,"kill_reason":"","alloc":"0-3"}}]}'
Sending '{"now":18.492318,"events":[]}'
Received '{"now":18.589436,"events":[{"timestamp":18.589436,"type":"JOB_COMPLETED","data":{"job_id":"ff6079!119","job_state":"COMPLETED_SUCCESSFULLY","return_code":0,"kill_reason":"","alloc":"12-15"}}]}'
Sending '{"now":18.589436,"events":[]}'
Received '{"now":18.629284,"events":[{"timestamp":18.629284,"type":"JOB_SUBMITTED","data":{"job_id":"ff6079!123","job":{"id":"ff6079!123","profile":"MG.S.4","res":4,"subtime":18.629254,"walltime":4200}}}]}'
Sending '{"now":18.629284,"events":[{"timestamp":18.629284,"type":"EXECUTE_JOB","data":{"job_id":"ff6079!123","alloc":"0-3"}}]}'
Received '{"now":18.690305,"events":[{"timestamp":18.690305,"type":"JOB_COMPLETED","data":{"job_id":"ff6079!121","job_state":"COMPLETED_SUCCESSFULLY","return_code":0,"kill_reason":"","alloc":"16-19"}}]}'
Sending '{"now":18.690305,"events":[]}'
Received '{"now":18.836330,"events":[{"timestamp":18.836330,"type":"JOB_COMPLETED","data":{"job_id":"ff6079!123","job_state":"COMPLETED_SUCCESSFULLY","return_code":0,"kill_reason":"","alloc":"0-3"}}]}'
Sending '{"now":18.83633,"events":[]}'
Received '{"now":18.893716,"events":[{"timestamp":18.893716,"type":"JOB_COMPLETED","data":{"job_id":"ff6079!115","job_state":"COMPLETED_SUCCESSFULLY","return_code":0,"kill_reason":"","alloc":"24-39"}}]}'
Sending '{"now":18.893716,"events":[]}'
Received '{"now":19.008606,"events":[{"timestamp":19.008606,"type":"JOB_COMPLETED","data":{"job_id":"ff6079!120","job_state":"COMPLETED_SUCCESSFULLY","return_code":0,"kill_reason":"","alloc":"40-55"}}]}'
Sending '{"now":19.008606,"events":[]}'
Received '{"now":19.157591,"events":[{"timestamp":19.157591,"type":"JOB_SUBMITTED","data":{"job_id":"ff6079!124","job":{"id":"ff6079!124","profile":"MG.S.4","res":4,"subtime":19.157561,"walltime":4200}}}]}'
Sending '{"now":19.157591,"events":[{"timestamp":19.157591,"type":"EXECUTE_JOB","data":{"job_id":"ff6079!124","alloc":"0-3"}}]}'
Received '{"now":19.324539,"events":[{"timestamp":19.324539,"type":"JOB_COMPLETED","data":{"job_id":"ff6079!124","job_state":"COMPLETED_SUCCESSFULLY","return_code":0,"kill_reason":"","alloc":"0-3"}}]}'
Sending '{"now":19.324539,"events":[]}'
Received '{"now":19.350203,"events":[{"timestamp":19.350203,"type":"JOB_SUBMITTED","data":{"job_id":"ff6079!125","job":{"id":"ff6079!125","profile":"MG.S.16","res":16,"subtime":19.350173,"walltime":4200}}}]}'
Sending '{"now":19.350203,"events":[{"timestamp":19.350203,"type":"EXECUTE_JOB","data":{"job_id":"ff6079!125","alloc":"0-15"}}]}'
Received '{"now":19.413031,"events":[{"timestamp":19.413031,"type":"JOB_SUBMITTED","data":{"job_id":"ff6079!126","job":{"id":"ff6079!126","profile":"BT.S.4","res":4,"subtime":19.413001,"walltime":4200}}}]}'
Sending '{"now":19.413031,"events":[{"timestamp":19.413031,"type":"EXECUTE_JOB","data":{"job_id":"ff6079!126","alloc":"16-19"}}]}'
Received '{"now":19.669767,"events":[{"timestamp":19.669767,"type":"JOB_SUBMITTED","data":{"job_id":"ff6079!127","job":{"id":"ff6079!127","profile":"SP.S.4","res":4,"subtime":19.669737,"walltime":4200}}}]}'
Sending '{"now":19.669767,"events":[{"timestamp":19.669767,"type":"EXECUTE_JOB","data":{"job_id":"ff6079!127","alloc":"20-23"}}]}'
Received '{"now":19.713095,"events":[{"timestamp":19.713095,"type":"JOB_COMPLETED","data":{"job_id":"ff6079!125","job_state":"COMPLETED_SUCCESSFULLY","return_code":0,"kill_reason":"","alloc":"0-15"}}]}'
Sending '{"now":19.713095,"events":[]}'
Received '{"now":19.725057,"events":[{"timestamp":19.725057,"type":"JOB_COMPLETED","data":{"job_id":"ff6079!126","job_state":"COMPLETED_SUCCESSFULLY","return_code":0,"kill_reason":"","alloc":"16-19"}}]}'
Sending '{"now":19.725057,"events":[]}'
Received '{"now":19.844708,"events":[{"timestamp":19.844708,"type":"JOB_SUBMITTED","data":{"job_id":"ff6079!128","job":{"id":"ff6079!128","profile":"IS.S.16","res":16,"subtime":19.844678,"walltime":4200}}}]}'
Sending '{"now":19.844708,"events":[{"timestamp":19.844708,"type":"EXECUTE_JOB","data":{"job_id":"ff6079!128","alloc":"0-15"}}]}'
Received '{"now":19.859506,"events":[{"timestamp":19.859506,"type":"JOB_SUBMITTED","data":{"job_id":"ff6079!129","job":{"id":"ff6079!129","profile":"MG.S.4","res":4,"subtime":19.859479,"walltime":4200}}}]}'
Sending '{"now":19.859506,"events":[{"timestamp":19.859506,"type":"EXECUTE_JOB","data":{"job_id":"ff6079!129","alloc":"16-19"}}]}'
Received '{"now":19.932644,"events":[{"timestamp":19.932644,"type":"JOB_SUBMITTED","data":{"job_id":"ff6079!130","job":{"id":"ff6079!130","profile":"FT.S.16","res":16,"subtime":19.932614,"walltime":4200}}}]}'
Sending '{"now":19.932644,"events":[{"timestamp":19.932644,"type":"EXECUTE_JOB","data":{"job_id":"ff6079!130","alloc":"24-39"}}]}'
Received '{"now":19.950239,"events":[{"timestamp":19.950239,"type":"JOB_COMPLETED","data":{"job_id":"ff6079!128","job_state":"COMPLETED_SUCCESSFULLY","return_code":0,"kill_reason":"","alloc":"0-15"}}]}'
Sending '{"now":19.950239,"events":[]}'
Received '{"now":20.032583,"events":[{"timestamp":20.032583,"type":"JOB_COMPLETED","data":{"job_id":"ff6079!127","job_state":"COMPLETED_SUCCESSFULLY","return_code":0,"kill_reason":"","alloc":"20-23"}}]}'
Sending '{"now":20.032583,"events":[]}'
Received '{"now":20.052395,"events":[{"timestamp":20.052395,"type":"JOB_SUBMITTED","data":{"job_id":"ff6079!131","job":{"id":"ff6079!131","profile":"LU.S.16","res":16,"subtime":20.052365,"walltime":4200}}}]}'
Sending '{"now":20.052395,"events":[{"timestamp":20.052395,"type":"EXECUTE_JOB","data":{"job_id":"ff6079!131","alloc":"0-15"}}]}'
Received '{"now":20.109848,"events":[{"timestamp":20.109848,"type":"JOB_COMPLETED","data":{"job_id":"ff6079!129","job_state":"COMPLETED_SUCCESSFULLY","return_code":0,"kill_reason":"","alloc":"16-19"}}]}'
Sending '{"now":20.109848,"events":[]}'
Received '{"now":20.228280,"events":[{"timestamp":20.228280,"type":"JOB_COMPLETED","data":{"job_id":"ff6079!130","job_state":"COMPLETED_SUCCESSFULLY","return_code":0,"kill_reason":"","alloc":"24-39"}}]}'
Sending '{"now":20.22828,"events":[]}'
Received '{"now":20.407297,"events":[{"timestamp":20.407297,"type":"JOB_SUBMITTED","data":{"job_id":"ff6079!132","job":{"id":"ff6079!132","profile":"FT.S.4","res":4,"subtime":20.407266,"walltime":4200}}}]}'
Sending '{"now":20.407297,"events":[{"timestamp":20.407297,"type":"EXECUTE_JOB","data":{"job_id":"ff6079!132","alloc":"16-19"}}]}'
Received '{"now":20.437630,"events":[{"timestamp":20.437630,"type":"JOB_SUBMITTED","data":{"job_id":"ff6079!133","job":{"id":"ff6079!133","profile":"IS.S.16","res":16,"subtime":20.437600,"walltime":4200}}}]}'
Sending '{"now":20.43763,"events":[{"timestamp":20.43763,"type":"EXECUTE_JOB","data":{"job_id":"ff6079!133","alloc":"20-35"}}]}'
Received '{"now":20.460192,"events":[{"timestamp":20.460192,"type":"JOB_SUBMITTED","data":{"job_id":"ff6079!134","job":{"id":"ff6079!134","profile":"LU.S.16","res":16,"subtime":20.460162,"walltime":4200}}}]}'
Sending '{"now":20.460192,"events":[{"timestamp":20.460192,"type":"EXECUTE_JOB","data":{"job_id":"ff6079!134","alloc":"36-51"}}]}'
Received '{"now":20.540305,"events":[{"timestamp":20.540305,"type":"JOB_COMPLETED","data":{"job_id":"ff6079!133","job_state":"COMPLETED_SUCCESSFULLY","return_code":0,"kill_reason":"","alloc":"20-35"}}]}'
Sending '{"now":20.540305,"events":[]}'
Received '{"now":20.555366,"events":[{"timestamp":20.555366,"type":"JOB_SUBMITTED","data":{"job_id":"ff6079!135","job":{"id":"ff6079!135","profile":"SP.S.4","res":4,"subtime":20.555335,"walltime":4200}}}]}'
Sending '{"now":20.555366,"events":[{"timestamp":20.555366,"type":"EXECUTE_JOB","data":{"job_id":"ff6079!135","alloc":"20-23"}}]}'
Received '{"now":20.709757,"events":[{"timestamp":20.709757,"type":"JOB_COMPLETED","data":{"job_id":"ff6079!132","job_state":"COMPLETED_SUCCESSFULLY","return_code":0,"kill_reason":"","alloc":"16-19"}}]}'
Sending '{"now":20.709757,"events":[]}'
Received '{"now":20.815108,"events":[{"timestamp":20.815108,"type":"JOB_COMPLETED","data":{"job_id":"ff6079!135","job_state":"COMPLETED_SUCCESSFULLY","return_code":0,"kill_reason":"","alloc":"20-23"}}]}'
Sending '{"now":20.815108,"events":[]}'
Received '{"now":20.856631,"events":[{"timestamp":20.856631,"type":"JOB_SUBMITTED","data":{"job_id":"ff6079!136","job":{"id":"ff6079!136","profile":"FT.S.4","res":4,"subtime":20.856609,"walltime":4200}}}]}'
Sending '{"now":20.856631,"events":[{"timestamp":20.856631,"type":"EXECUTE_JOB","data":{"job_id":"ff6079!136","alloc":"16-19"}}]}'
Received '{"now":20.944591,"events":[{"timestamp":20.944591,"type":"JOB_SUBMITTED","data":{"job_id":"ff6079!137","job":{"id":"ff6079!137","profile":"BT.S.16","res":16,"subtime":20.944561,"walltime":4200}}}]}'
Sending '{"now":20.944591,"events":[{"timestamp":20.944591,"type":"EXECUTE_JOB","data":{"job_id":"ff6079!137","alloc":"20-35"}}]}'
Received '{"now":21.066720,"events":[{"timestamp":21.066720,"type":"JOB_SUBMITTED","data":{"job_id":"ff6079!138","job":{"id":"ff6079!138","profile":"LU.S.4","res":4,"subtime":21.066691,"walltime":4200}}}]}'
Sending '{"now":21.06672,"events":[{"timestamp":21.06672,"type":"EXECUTE_JOB","data":{"job_id":"ff6079!138","alloc":"52-55"}}]}'
Received '{"now":21.090866,"events":[{"timestamp":21.090866,"type":"JOB_COMPLETED","data":{"job_id":"ff6079!131","job_state":"COMPLETED_SUCCESSFULLY","return_code":0,"kill_reason":"","alloc":"0-15"}}]}'
Sending '{"now":21.090866,"events":[]}'
Received '{"now":21.198218,"events":[{"timestamp":21.198218,"type":"JOB_COMPLETED","data":{"job_id":"ff6079!136","job_state":"COMPLETED_SUCCESSFULLY","return_code":0,"kill_reason":"","alloc":"16-19"}}]}'
Sending '{"now":21.198218,"events":[]}'
Received '{"now":21.456453,"events":[{"timestamp":21.456453,"type":"JOB_COMPLETED","data":{"job_id":"ff6079!134","job_state":"COMPLETED_SUCCESSFULLY","return_code":0,"kill_reason":"","alloc":"36-51"}}]}'
Sending '{"now":21.456453,"events":[]}'
Received '{"now":21.548644,"events":[{"timestamp":21.548644,"type":"JOB_SUBMITTED","data":{"job_id":"ff6079!139","job":{"id":"ff6079!139","profile":"MG.S.4","res":4,"subtime":21.548614,"walltime":4200}}}]}'
Sending '{"now":21.548644,"events":[{"timestamp":21.548644,"type":"EXECUTE_JOB","data":{"job_id":"ff6079!139","alloc":"0-3"}}]}'
Received '{"now":21.568167,"events":[{"timestamp":21.568167,"type":"JOB_SUBMITTED","data":{"job_id":"ff6079!140","job":{"id":"ff6079!140","profile":"CG.S.4","res":4,"subtime":21.568137,"walltime":4200}}}]}'
Sending '{"now":21.568167,"events":[{"timestamp":21.568167,"type":"EXECUTE_JOB","data":{"job_id":"ff6079!140","alloc":"4-7"}}]}'
Received '{"now":21.759012,"events":[{"timestamp":21.759012,"type":"JOB_COMPLETED","data":{"job_id":"ff6079!139","job_state":"COMPLETED_SUCCESSFULLY","return_code":0,"kill_reason":"","alloc":"0-3"}}]}'
Sending '{"now":21.759012,"events":[]}'
Received '{"now":21.773106,"events":[{"timestamp":21.773106,"type":"JOB_COMPLETED","data":{"job_id":"ff6079!138","job_state":"COMPLETED_SUCCESSFULLY","return_code":0,"kill_reason":"","alloc":"52-55"}}]}'
Sending '{"now":21.773106,"events":[]}'
Received '{"now":22.023733,"events":[{"timestamp":22.023733,"type":"JOB_COMPLETED","data":{"job_id":"ff6079!137","job_state":"COMPLETED_SUCCESSFULLY","return_code":0,"kill_reason":"","alloc":"20-35"}}]}'
Sending '{"now":22.023733,"events":[]}'
Received '{"now":22.104764,"events":[{"timestamp":22.104764,"type":"JOB_COMPLETED","data":{"job_id":"ff6079!140","job_state":"COMPLETED_SUCCESSFULLY","return_code":0,"kill_reason":"","alloc":"4-7"}},{"timestamp":22.104764,"type":"SIMULATION_ENDS","data":{}}]}'
Sending '{"now":22.104764,"events":[]}'
