variant_options = '{"custom_mapping": true}'
Received '{"now":0.000000,"events":[{"timestamp":0.000000,"type":"SIMULATION_BEGINS","data":{"nb_resources":64,"allow_time_sharing":false,"config":{"redis":{"enabled":false,"hostname":"127.0.0.1","port":6379,"prefix":"default"},"job_submission":{"forward_profiles":false,"from_scheduler":{"enabled":false,"acknowledge":true}}},"resources_data":[{"id":0,"name":"n1","state":"idle","properties":{}},{"id":1,"name":"n2","state":"idle","properties":{}},{"id":2,"name":"n3","state":"idle","properties":{}},{"id":3,"name":"n4","state":"idle","properties":{}},{"id":4,"name":"n5","state":"idle","properties":{}},{"id":5,"name":"n6","state":"idle","properties":{}},{"id":6,"name":"n7","state":"idle","properties":{}},{"id":7,"name":"n8","state":"idle","properties":{}},{"id":8,"name":"n9","state":"idle","properties":{}},{"id":9,"name":"n10","state":"idle","properties":{}},{"id":10,"name":"n11","state":"idle","properties":{}},{"id":11,"name":"n12","state":"idle","properties":{}},{"id":12,"name":"n13","state":"idle","properties":{}},{"id":13,"name":"n14","state":"idle","properties":{}},{"id":14,"name":"n15","state":"idle","properties":{}},{"id":15,"name":"n16","state":"idle","properties":{}},{"id":16,"name":"n17","state":"idle","properties":{}},{"id":17,"name":"n18","state":"idle","properties":{}},{"id":18,"name":"n19","state":"idle","properties":{}},{"id":19,"name":"n20","state":"idle","properties":{}},{"id":20,"name":"n21","state":"idle","properties":{}},{"id":21,"name":"n22","state":"idle","properties":{}},{"id":22,"name":"n23","state":"idle","properties":{}},{"id":23,"name":"n24","state":"idle","properties":{}},{"id":24,"name":"n25","state":"idle","properties":{}},{"id":25,"name":"n26","state":"idle","properties":{}},{"id":26,"name":"n27","state":"idle","properties":{}},{"id":27,"name":"n28","state":"idle","properties":{}},{"id":28,"name":"n29","state":"idle","properties":{}},{"id":29,"name":"n30","state":"idle","properties":{}},{"id":30,"name":"n31","state":"idle","properties":{}},{"id":31,"name":"n32","state":"idle","properties":{}},{"id":32,"name":"n33","state":"idle","properties":{}},{"id":33,"name":"n34","state":"idle","properties":{}},{"id":34,"name":"n35","state":"idle","properties":{}},{"id":35,"name":"n36","state":"idle","properties":{}},{"id":36,"name":"n37","state":"idle","properties":{}},{"id":37,"name":"n38","state":"idle","properties":{}},{"id":38,"name":"n39","state":"idle","properties":{}},{"id":39,"name":"n40","state":"idle","properties":{}},{"id":40,"name":"n41","state":"idle","properties":{}},{"id":41,"name":"n42","state":"idle","properties":{}},{"id":42,"name":"n43","state":"idle","properties":{}},{"id":43,"name":"n44","state":"idle","properties":{}},{"id":44,"name":"n45","state":"idle","properties":{}},{"id":45,"name":"n46","state":"idle","properties":{}},{"id":46,"name":"n47","state":"idle","properties":{}},{"id":47,"name":"n48","state":"idle","properties":{}},{"id":48,"name":"n49","state":"idle","properties":{}},{"id":49,"name":"n50","state":"idle","properties":{}},{"id":50,"name":"n51","state":"idle","properties":{}},{"id":51,"name":"n52","state":"idle","properties":{}},{"id":52,"name":"n53","state":"idle","properties":{}},{"id":53,"name":"n54","state":"idle","properties":{}},{"id":54,"name":"n55","state":"idle","properties":{}},{"id":55,"name":"n56","state":"idle","properties":{}},{"id":56,"name":"n57","state":"idle","properties":{}},{"id":57,"name":"n58","state":"idle","properties":{}},{"id":58,"name":"n59","state":"idle","properties":{}},{"id":59,"name":"n60","state":"idle","properties":{}},{"id":60,"name":"n61","state":"idle","properties":{}},{"id":61,"name":"n62","state":"idle","properties":{}},{"id":62,"name":"n63","state":"idle","properties":{}},{"id":63,"name":"n64","state":"idle","properties":{}}],"workloads":{"051425":"/github-simgrid/190311/../batsim-v2.0.0/workload_profiles/npb_160_jobs.json"}}}]}'
Sending '{"now":0.0,"events":[]}'
Received '{"now":0.047824,"events":[{"timestamp":0.047824,"type":"JOB_SUBMITTED","data":{"job_id":"051425!1","job":{"id":"051425!1","profile":"SP.S.16","res":16,"subtime":0.047793,"walltime":4200}}}]}'
Sending '{"now":0.047824,"events":[{"timestamp":0.047824,"type":"EXECUTE_JOB","data":{"job_id":"051425!1","alloc":"0-15"}}]}'
Received '{"now":0.132949,"events":[{"timestamp":0.132949,"type":"JOB_SUBMITTED","data":{"job_id":"051425!2","job":{"id":"051425!2","profile":"MG.S.16","res":16,"subtime":0.132928,"walltime":4200}}}]}'
Sending '{"now":0.132949,"events":[{"timestamp":0.132949,"type":"EXECUTE_JOB","data":{"job_id":"051425!2","alloc":"16-31"}}]}'
Received '{"now":0.154028,"events":[{"timestamp":0.154028,"type":"JOB_SUBMITTED","data":{"job_id":"051425!3","job":{"id":"051425!3","profile":"BT.S.16","res":16,"subtime":0.154009,"walltime":4200}}}]}'
Sending '{"now":0.154028,"events":[{"timestamp":0.154028,"type":"EXECUTE_JOB","data":{"job_id":"051425!3","alloc":"32-47"}}]}'
Received '{"now":0.202458,"events":[{"timestamp":0.202458,"type":"JOB_SUBMITTED","data":{"job_id":"051425!4","job":{"id":"051425!4","profile":"SP.S.4","res":4,"subtime":0.202431,"walltime":4200}}}]}'
Sending '{"now":0.202458,"events":[{"timestamp":0.202458,"type":"EXECUTE_JOB","data":{"job_id":"051425!4","alloc":"48-51"}}]}'
Received '{"now":0.425400,"events":[{"timestamp":0.425400,"type":"JOB_SUBMITTED","data":{"job_id":"051425!5","job":{"id":"051425!5","profile":"BT.S.16","res":16,"subtime":0.425378,"walltime":4200}}}]}'
Sending '{"now":0.4254,"events":[]}'
Received '{"now":0.605139,"events":[{"timestamp":0.605139,"type":"JOB_COMPLETED","data":{"job_id":"051425!4","job_state":"COMPLETED_SUCCESSFULLY","return_code":0,"kill_reason":"","alloc":"48-51"}}]}'
Sending '{"now":0.605139,"events":[{"timestamp":0.605139,"type":"EXECUTE_JOB","data":{"job_id":"051425!5","alloc":"48-63"}}]}'
Received '{"now":0.611230,"events":[{"timestamp":0.611230,"type":"JOB_COMPLETED","data":{"job_id":"051425!2","job_state":"COMPLETED_SUCCESSFULLY","return_code":0,"kill_reason":"","alloc":"16-31"}}]}'
Sending '{"now":0.61123,"events":[]}'
Received '{"now":0.739904,"events":[{"timestamp":0.739904,"type":"JOB_SUBMITTED","data":{"job_id":"051425!6","job":{"id":"051425!6","profile":"CG.S.16","res":16,"subtime":0.739874,"walltime":4200}}}]}'
Sending '{"now":0.739904,"events":[{"timestamp":0.739904,"type":"EXECUTE_JOB","data":{"job_id":"051425!6","alloc":"16-31"}}]}'
Received '{"now":0.837926,"events":[{"timestamp":0.837926,"type":"JOB_SUBMITTED","data":{"job_id":"051425!7","job":{"id":"051425!7","profile":"CG.S.16","res":16,"subtime":0.837899,"walltime":4200}}}]}'
Sending '{"now":0.837926,"events":[]}'
Received '{"now":1.070115,"events":[{"timestamp":1.070115,"type":"JOB_SUBMITTED","data":{"job_id":"051425!8","job":{"id":"051425!8","profile":"BT.S.4","res":4,"subtime":1.070085,"walltime":4200}}}]}'
Sending '{"now":1.070115,"events":[]}'
Received '{"now":1.106277,"events":[{"timestamp":1.106277,"type":"JOB_COMPLETED","data":{"job_id":"051425!1","job_state":"COMPLETED_SUCCESSFULLY","return_code":0,"kill_reason":"","alloc":"0-15"}}]}'
Sending '{"now":1.106277,"events":[{"timestamp":1.106277,"type":"EXECUTE_JOB","data":{"job_id":"051425!7","alloc":"0-15"}}]}'
Received '{"now":1.174621,"events":[{"timestamp":1.174621,"type":"JOB_SUBMITTED","data":{"job_id":"051425!9","job":{"id":"051425!9","profile":"BT.S.16","res":16,"subtime":1.174591,"walltime":4200}}}]}'
Sending '{"now":1.174621,"events":[]}'
Received '{"now":1.285257,"events":[{"timestamp":1.285257,"type":"JOB_SUBMITTED","data":{"job_id":"051425!10","job":{"id":"051425!10","profile":"IS.S.16","res":16,"subtime":1.285227,"walltime":4200}}}]}'
Sending '{"now":1.285257,"events":[]}'
Received '{"now":1.303446,"events":[{"timestamp":1.303446,"type":"JOB_SUBMITTED","data":{"job_id":"051425!11","job":{"id":"051425!11","profile":"BT.S.16","res":16,"subtime":1.303425,"walltime":4200}}}]}'
Sending '{"now":1.303446,"events":[]}'
Received '{"now":1.347978,"events":[{"timestamp":1.347978,"type":"JOB_SUBMITTED","data":{"job_id":"051425!12","job":{"id":"051425!12","profile":"CG.S.16","res":16,"subtime":1.347948,"walltime":4200}}}]}'
Sending '{"now":1.347978,"events":[]}'
Received '{"now":1.629586,"events":[{"timestamp":1.629586,"type":"JOB_SUBMITTED","data":{"job_id":"051425!13","job":{"id":"051425!13","profile":"CG.S.16","res":16,"subtime":1.629556,"walltime":4200}}}]}'
Sending '{"now":1.629586,"events":[]}'
Received '{"now":1.641800,"events":[{"timestamp":1.641800,"type":"JOB_COMPLETED","data":{"job_id":"051425!3","job_state":"COMPLETED_SUCCESSFULLY","return_code":0,"kill_reason":"","alloc":"32-47"}}]}'
Sending '{"now":1.6418,"events":[{"timestamp":1.6418,"type":"EXECUTE_JOB","data":{"job_id":"051425!8","alloc":"32-35"}}]}'
Received '{"now":1.701196,"events":[{"timestamp":1.701196,"type":"JOB_SUBMITTED","data":{"job_id":"051425!14","job":{"id":"051425!14","profile":"BT.S.4","res":4,"subtime":1.701166,"walltime":4200}}}]}'
Sending '{"now":1.701196,"events":[]}'
Received '{"now":1.734898,"events":[{"timestamp":1.734898,"type":"JOB_COMPLETED","data":{"job_id":"051425!6","job_state":"COMPLETED_SUCCESSFULLY","return_code":0,"kill_reason":"","alloc":"16-31"}}]}'
Sending '{"now":1.734898,"events":[{"timestamp":1.734898,"type":"EXECUTE_JOB","data":{"job_id":"051425!9","alloc":"16-31"}}]}'
Received '{"now":1.808362,"events":[{"timestamp":1.808362,"type":"JOB_SUBMITTED","data":{"job_id":"051425!15","job":{"id":"051425!15","profile":"FT.S.16","res":16,"subtime":1.808332,"walltime":4200}}}]}'
Sending '{"now":1.808362,"events":[]}'
Received '{"now":1.937482,"events":[{"timestamp":1.937482,"type":"JOB_SUBMITTED","data":{"job_id":"051425!16","job":{"id":"051425!16","profile":"IS.S.4","res":4,"subtime":1.937452,"walltime":4200}}}]}'
Sending '{"now":1.937482,"events":[]}'
Received '{"now":2.029859,"events":[{"timestamp":2.029859,"type":"JOB_COMPLETED","data":{"job_id":"051425!5","job_state":"COMPLETED_SUCCESSFULLY","return_code":0,"kill_reason":"","alloc":"48-63"}}]}'
Sending '{"now":2.029859,"events":[{"timestamp":2.029859,"type":"EXECUTE_JOB","data":{"job_id":"051425!10","alloc":"36-51"}},{"timestamp":2.029859,"type":"EXECUTE_JOB","data":{"job_id":"051425!14","alloc":"52-55"}},{"timestamp":2.029859,"type":"EXECUTE_JOB","data":{"job_id":"051425!16","alloc":"56-59"}}]}'
Received '{"now":2.142783,"events":[{"timestamp":2.142783,"type":"JOB_COMPLETED","data":{"job_id":"051425!8","job_state":"COMPLETED_SUCCESSFULLY","return_code":0,"kill_reason":"","alloc":"32-35"}}]}'
Sending '{"now":2.142783,"events":[]}'
Received '{"now":2.143693,"events":[{"timestamp":2.143693,"type":"JOB_COMPLETED","data":{"job_id":"051425!7","job_state":"COMPLETED_SUCCESSFULLY","return_code":0,"kill_reason":"","alloc":"0-15"}}]}'
Sending '{"now":2.143693,"events":[{"timestamp":2.143693,"type":"EXECUTE_JOB","data":{"job_id":"051425!11","alloc":"0-15"}}]}'
Received '{"now":2.155174,"events":[{"timestamp":2.155174,"type":"JOB_COMPLETED","data":{"job_id":"051425!10","job_state":"COMPLETED_SUCCESSFULLY","return_code":0,"kill_reason":"","alloc":"36-51"}}]}'
Sending '{"now":2.155174,"events":[{"timestamp":2.155174,"type":"EXECUTE_JOB","data":{"job_id":"051425!12","alloc":"32-47"}}]}'
Received '{"now":2.231856,"events":[{"timestamp":2.231856,"type":"JOB_SUBMITTED","data":{"job_id":"051425!17","job":{"id":"051425!17","profile":"LU.S.4","res":4,"subtime":2.231826,"walltime":4200}}}]}'
Sending '{"now":2.231856,"events":[{"timestamp":2.231856,"type":"EXECUTE_JOB","data":{"job_id":"051425!17","alloc":"48-51"}}]}'
Received '{"now":2.236221,"events":[{"timestamp":2.236221,"type":"JOB_SUBMITTED","data":{"job_id":"051425!18","job":{"id":"051425!18","profile":"LU.S.4","res":4,"subtime":2.236197,"walltime":4200}}}]}'
Sending '{"now":2.236221,"events":[{"timestamp":2.236221,"type":"EXECUTE_JOB","data":{"job_id":"051425!18","alloc":"60-63"}}]}'
Received '{"now":2.238687,"events":[{"timestamp":2.238687,"type":"JOB_SUBMITTED","data":{"job_id":"051425!19","job":{"id":"051425!19","profile":"FT.S.4","res":4,"subtime":2.238657,"walltime":4200}}}]}'
Sending '{"now":2.238687,"events":[]}'
Received '{"now":2.312065,"events":[{"timestamp":2.312065,"type":"JOB_COMPLETED","data":{"job_id":"051425!16","job_state":"COMPLETED_SUCCESSFULLY","return_code":0,"kill_reason":"","alloc":"56-59"}}]}'
Sending '{"now":2.312065,"events":[{"timestamp":2.312065,"type":"EXECUTE_JOB","data":{"job_id":"051425!19","alloc":"56-59"}}]}'
Received '{"now":2.314361,"events":[{"timestamp":2.314361,"type":"JOB_SUBMITTED","data":{"job_id":"051425!20","job":{"id":"051425!20","profile":"SP.S.16","res":16,"subtime":2.314341,"walltime":4200}}}]}'
Sending '{"now":2.314361,"events":[]}'
Received '{"now":2.339625,"events":[{"timestamp":2.339625,"type":"JOB_SUBMITTED","data":{"job_id":"051425!21","job":{"id":"051425!21","profile":"MG.S.16","res":16,"subtime":2.339594,"walltime":4200}}}]}'
Sending '{"now":2.339625,"events":[]}'
Received '{"now":2.369063,"events":[{"timestamp":2.369063,"type":"JOB_SUBMITTED","data":{"job_id":"051425!22","job":{"id":"051425!22","profile":"BT.S.4","res":4,"subtime":2.369041,"walltime":4200}}}]}'
Sending '{"now":2.369063,"events":[]}'
Received '{"now":2.416876,"events":[{"timestamp":2.416876,"type":"JOB_SUBMITTED","data":{"job_id":"051425!23","job":{"id":"051425!23","profile":"LU.S.16","res":16,"subtime":2.416846,"walltime":4200}}}]}'
Sending '{"now":2.416876,"events":[]}'
Received '{"now":2.419861,"events":[{"timestamp":2.419861,"type":"JOB_SUBMITTED","data":{"job_id":"051425!24","job":{"id":"051425!24","profile":"LU.S.16","res":16,"subtime":2.419831,"walltime":4200}}}]}'
Sending '{"now":2.419861,"events":[]}'
Received '{"now":2.495094,"events":[{"timestamp":2.495094,"type":"JOB_COMPLETED","data":{"job_id":"051425!14","job_state":"COMPLETED_SUCCESSFULLY","return_code":0,"kill_reason":"","alloc":"52-55"}}]}'
Sending '{"now":2.495094,"events":[{"timestamp":2.495094,"type":"EXECUTE_JOB","data":{"job_id":"051425!22","alloc":"52-55"}}]}'
Received '{"now":2.715100,"events":[{"timestamp":2.715100,"type":"JOB_SUBMITTED","data":{"job_id":"051425!25","job":{"id":"051425!25","profile":"FT.S.16","res":16,"subtime":2.715070,"walltime":4200}}}]}'
Sending '{"now":2.7151,"events":[]}'
Received '{"now":2.817713,"events":[{"timestamp":2.817713,"type":"JOB_SUBMITTED","data":{"job_id":"051425!26","job":{"id":"051425!26","profile":"MG.S.16","res":16,"subtime":2.817685,"walltime":4200}}}]}'
Sending '{"now":2.817713,"events":[]}'
Received '{"now":2.884609,"events":[{"timestamp":2.884609,"type":"JOB_COMPLETED","data":{"job_id":"051425!22","job_state":"COMPLETED_SUCCESSFULLY","return_code":0,"kill_reason":"","alloc":"52-55"}}]}'
Sending '{"now":2.884609,"events":[]}'
Received '{"now":2.987011,"events":[{"timestamp":2.987011,"type":"JOB_COMPLETED","data":{"job_id":"051425!17","job_state":"COMPLETED_SUCCESSFULLY","return_code":0,"kill_reason":"","alloc":"48-51"}}]}'
Sending '{"now":2.987011,"events":[]}'
Received '{"now":3.014144,"events":[{"timestamp":3.014144,"type":"JOB_COMPLETED","data":{"job_id":"051425!18","job_state":"COMPLETED_SUCCESSFULLY","return_code":0,"kill_reason":"","alloc":"60-63"}}]}'
Sending '{"now":3.014144,"events":[]}'
Received '{"now":3.024885,"events":[{"timestamp":3.024885,"type":"JOB_SUBMITTED","data":{"job_id":"051425!27","job":{"id":"051425!27","profile":"SP.S.4","res":4,"subtime":3.024855,"walltime":4200}}}]}'
Sending '{"now":3.024885,"events":[{"timestamp":3.024885,"type":"EXECUTE_JOB","data":{"job_id":"051425!27","alloc":"48-51"}}]}'
Received '{"now":3.151777,"events":[{"timestamp":3.151777,"type":"JOB_COMPLETED","data":{"job_id":"051425!12","job_state":"COMPLETED_SUCCESSFULLY","return_code":0,"kill_reason":"","alloc":"32-47"}}]}'
Sending '{"now":3.151777,"events":[{"timestamp":3.151777,"type":"EXECUTE_JOB","data":{"job_id":"051425!13","alloc":"32-47"}}]}'
Received '{"now":3.228241,"events":[{"timestamp":3.228241,"type":"JOB_SUBMITTED","data":{"job_id":"051425!28","job":{"id":"051425!28","profile":"FT.S.16","res":16,"subtime":3.228217,"walltime":4200}}}]}'
Sending '{"now":3.228241,"events":[]}'
Received '{"now":3.315188,"events":[{"timestamp":3.315188,"type":"JOB_SUBMITTED","data":{"job_id":"051425!29","job":{"id":"051425!29","profile":"LU.S.4","res":4,"subtime":3.315158,"walltime":4200}}}]}'
Sending '{"now":3.315188,"events":[{"timestamp":3.315188,"type":"EXECUTE_JOB","data":{"job_id":"051425!29","alloc":"52-55"}}]}'
Received '{"now":3.356655,"events":[{"timestamp":3.356655,"type":"JOB_COMPLETED","data":{"job_id":"051425!9","job_state":"COMPLETED_SUCCESSFULLY","return_code":0,"kill_reason":"","alloc":"16-31"}}]}'
Sending '{"now":3.356655,"events":[{"timestamp":3.356655,"type":"EXECUTE_JOB","data":{"job_id":"051425!15","alloc":"16-31"}}]}'
Received '{"now":3.358990,"events":[{"timestamp":3.358990,"type":"JOB_COMPLETED","data":{"job_id":"051425!27","job_state":"COMPLETED_SUCCESSFULLY","return_code":0,"kill_reason":"","alloc":"48-51"}}]}'
Sending '{"now":3.35899,"events":[]}'
Received '{"now":3.380824,"events":[{"timestamp":3.380824,"type":"JOB_COMPLETED","data":{"job_id":"051425!19","job_state":"COMPLETED_SUCCESSFULLY","return_code":0,"kill_reason":"","alloc":"56-59"}}]}'
Sending '{"now":3.380824,"events":[]}'
Received '{"now":3.423386,"events":[{"timestamp":3.423386,"type":"JOB_SUBMITTED","data":{"job_id":"051425!30","job":{"id":"051425!30","profile":"CG.S.4","res":4,"subtime":3.423356,"walltime":4200}}}]}'
Sending '{"now":3.423386,"events":[{"timestamp":3.423386,"type":"EXECUTE_JOB","data":{"job_id":"051425!30","alloc":"48-51"}}]}'
Received '{"now":3.444437,"events":[{"timestamp":3.444437,"type":"JOB_SUBMITTED","data":{"job_id":"051425!31","job":{"id":"051425!31","profile":"BT.S.4","res":4,"subtime":3.444413,"walltime":4200}}}]}'
Sending '{"now":3.444437,"events":[{"timestamp":3.444437,"type":"EXECUTE_JOB","data":{"job_id":"051425!31","alloc":"56-59"}}]}'
Received '{"now":3.449852,"events":[{"timestamp":3.449852,"type":"JOB_SUBMITTED","data":{"job_id":"051425!32","job":{"id":"051425!32","profile":"FT.S.16","res":16,"subtime":3.449827,"walltime":4200}}}]}'
Sending '{"now":3.449852,"events":[]}'
Received '{"now":3.568249,"events":[{"timestamp":3.568249,"type":"JOB_SUBMITTED","data":{"job_id":"051425!33","job":{"id":"051425!33","profile":"CG.S.16","res":16,"subtime":3.568231,"walltime":4200}}}]}'
Sending '{"now":3.568249,"events":[]}'
Received '{"now":3.621927,"events":[{"timestamp":3.621927,"type":"JOB_COMPLETED","data":{"job_id":"051425!11","job_state":"COMPLETED_SUCCESSFULLY","return_code":0,"kill_reason":"","alloc":"0-15"}}]}'
Sending '{"now":3.621927,"events":[{"timestamp":3.621927,"type":"EXECUTE_JOB","data":{"job_id":"051425!20","alloc":"0-15"}}]}'
Received '{"now":3.711935,"events":[{"timestamp":3.711935,"type":"JOB_COMPLETED","data":{"job_id":"051425!15","job_state":"COMPLETED_SUCCESSFULLY","return_code":0,"kill_reason":"","alloc":"16-31"}}]}'
Sending '{"now":3.711935,"events":[{"timestamp":3.711935,"type":"EXECUTE_JOB","data":{"job_id":"051425!21","alloc":"16-31"}}]}'
Received '{"now":3.857363,"events":[{"timestamp":3.857363,"type":"JOB_COMPLETED","data":{"job_id":"051425!31","job_state":"COMPLETED_SUCCESSFULLY","return_code":0,"kill_reason":"","alloc":"56-59"}}]}'
Sending '{"now":3.857363,"events":[]}'
Received '{"now":3.860083,"events":[{"timestamp":3.860083,"type":"JOB_SUBMITTED","data":{"job_id":"051425!34","job":{"id":"051425!34","profile":"FT.S.4","res":4,"subtime":3.860053,"walltime":4200}}}]}'
Sending '{"now":3.860083,"events":[{"timestamp":3.860083,"type":"EXECUTE_JOB","data":{"job_id":"051425!34","alloc":"56-59"}}]}'
Received '{"now":3.908099,"events":[{"timestamp":3.908099,"type":"JOB_COMPLETED","data":{"job_id":"051425!30","job_state":"COMPLETED_SUCCESSFULLY","return_code":0,"kill_reason":"","alloc":"48-51"}}]}'
Sending '{"now":3.908099,"events":[]}'
Received '{"now":3.962516,"events":[{"timestamp":3.962516,"type":"JOB_COMPLETED","data":{"job_id":"051425!29","job_state":"COMPLETED_SUCCESSFULLY","return_code":0,"kill_reason":"","alloc":"52-55"}}]}'
Sending '{"now":3.962516,"events":[]}'
Received '{"now":3.993721,"events":[{"timestamp":3.993721,"type":"JOB_SUBMITTED","data":{"job_id":"051425!35","job":{"id":"051425!35","profile":"LU.S.16","res":16,"subtime":3.993696,"walltime":4200}}}]}'
Sending '{"now":3.993721,"events":[]}'
Received '{"now":4.061966,"events":[{"timestamp":4.061966,"type":"JOB_SUBMITTED","data":{"job_id":"051425!36","job":{"id":"051425!36","profile":"MG.S.4","res":4,"subtime":4.061948,"walltime":4200}}}]}'
Sending '{"now":4.061966,"events":[{"timestamp":4.061966,"type":"EXECUTE_JOB","data":{"job_id":"051425!36","alloc":"48-51"}}]}'
Received '{"now":4.108777,"events":[{"timestamp":4.108777,"type":"JOB_SUBMITTED","data":{"job_id":"051425!37","job":{"id":"051425!37","profile":"IS.S.4","res":4,"subtime":4.108747,"walltime":4200}}}]}'
Sending '{"now":4.108777,"events":[{"timestamp":4.108777,"type":"EXECUTE_JOB","data":{"job_id":"051425!37","alloc":"52-55"}}]}'
Received '{"now":4.110233,"events":[{"timestamp":4.110233,"type":"JOB_COMPLETED","data":{"job_id":"051425!21","job_state":"COMPLETED_SUCCESSFULLY","return_code":0,"kill_reason":"","alloc":"16-31"}}]}'
Sending '{"now":4.110233,"events":[{"timestamp":4.110233,"type":"EXECUTE_JOB","data":{"job_id":"051425!23","alloc":"16-31"}}]}'
Received '{"now":4.111171,"events":[{"timestamp":4.111171,"type":"JOB_SUBMITTED","data":{"job_id":"051425!38","job":{"id":"051425!38","profile":"LU.S.16","res":16,"subtime":4.111149,"walltime":4200}}}]}'
Sending '{"now":4.111171,"events":[]}'
Received '{"now":4.152097,"events":[{"timestamp":4.152097,"type":"JOB_COMPLETED","data":{"job_id":"051425!13","job_state":"COMPLETED_SUCCESSFULLY","return_code":0,"kill_reason":"","alloc":"32-47"}}]}'
Sending '{"now":4.152097,"events":[{"timestamp":4.152097,"type":"EXECUTE_JOB","data":{"job_id":"051425!24","alloc":"32-47"}}]}'
Received '{"now":4.206154,"events":[{"timestamp":4.206154,"type":"JOB_COMPLETED","data":{"job_id":"051425!37","job_state":"COMPLETED_SUCCESSFULLY","return_code":0,"kill_reason":"","alloc":"52-55"}}]}'
Sending '{"now":4.206154,"events":[]}'
Received '{"now":4.227309,"events":[{"timestamp":4.227309,"type":"JOB_SUBMITTED","data":{"job_id":"051425!39","job":{"id":"051425!39","profile":"MG.S.16","res":16,"subtime":4.227278,"walltime":4200}}}]}'
Sending '{"now":4.227309,"events":[]}'
Received '{"now":4.261300,"events":[{"timestamp":4.261300,"type":"JOB_COMPLETED","data":{"job_id":"051425!36","job_state":"COMPLETED_SUCCESSFULLY","return_code":0,"kill_reason":"","alloc":"48-51"}}]}'
Sending '{"now":4.2613,"events":[]}'
Received '{"now":4.343753,"events":[{"timestamp":4.343753,"type":"JOB_COMPLETED","data":{"job_id":"051425!34","job_state":"COMPLETED_SUCCESSFULLY","return_code":0,"kill_reason":"","alloc":"56-59"}}]}'
Sending '{"now":4.343753,"events":[{"timestamp":4.343753,"type":"EXECUTE_JOB","data":{"job_id":"051425!25","alloc":"48-63"}}]}'
Received '{"now":4.504767,"events":[{"timestamp":4.504767,"type":"JOB_SUBMITTED","data":{"job_id":"051425!40","job":{"id":"051425!40","profile":"FT.S.4","res":4,"subtime":4.504737,"walltime":4200}}}]}'
Sending '{"now":4.504767,"events":[]}'
Received '{"now":4.596782,"events":[{"timestamp":4.596782,"type":"JOB_COMPLETED","data":{"job_id":"051425!20","job_state":"COMPLETED_SUCCESSFULLY","return_code":0,"kill_reason":"","alloc":"0-15"}}]}'
Sending '{"now":4.596782,"events":[{"timestamp":4.596782,"type":"EXECUTE_JOB","data":{"job_id":"051425!26","alloc":"0-15"}}]}'
Received '{"now":4.612332,"events":[{"timestamp":4.612332,"type":"JOB_SUBMITTED","data":{"job_id":"051425!41","job":{"id":"051425!41","profile":"CG.S.4","res":4,"subtime":4.612302,"walltime":4200}}}]}'
Sending '{"now":4.612332,"events":[]}'
Received '{"now":4.640071,"events":[{"timestamp":4.640071,"type":"JOB_COMPLETED","data":{"job_id":"051425!25","job_state":"COMPLETED_SUCCESSFULLY","return_code":0,"kill_reason":"","alloc":"48-63"}}]}'
Sending '{"now":4.640071,"events":[{"timestamp":4.640071,"type":"EXECUTE_JOB","data":{"job_id":"051425!28","alloc":"48-63"}}]}'
Received '{"now":4.641355,"events":[{"timestamp":4.641355,"type":"JOB_SUBMITTED","data":{"job_id":"051425!42","job":{"id":"051425!42","profile":"BT.S.4","res":4,"subtime":4.641331,"walltime":4200}}}]}'
Sending '{"now":4.641355,"events":[]}'
Received '{"now":4.783477,"events":[{"timestamp":4.783477,"type":"JOB_SUBMITTED","data":{"job_id":"051425!43","job":{"id":"051425!43","profile":"IS.S.16","res":16,"subtime":4.783449,"walltime":4200}}}]}'
Sending '{"now":4.783477,"events":[]}'
Received '{"now":4.819596,"events":[{"timestamp":4.819596,"type":"JOB_SUBMITTED","data":{"job_id":"051425!44","job":{"id":"051425!44","profile":"FT.S.4","res":4,"subtime":4.819566,"walltime":4200}}}]}'
Sending '{"now":4.819596,"events":[]}'
Received '{"now":4.902324,"events":[{"timestamp":4.902324,"type":"JOB_SUBMITTED","data":{"job_id":"051425!45","job":{"id":"051425!45","profile":"CG.S.4","res":4,"subtime":4.902302,"walltime":4200}}}]}'
Sending '{"now":4.902324,"events":[]}'
Received '{"now":4.971212,"events":[{"timestamp":4.971212,"type":"JOB_COMPLETED","data":{"job_id":"051425!26","job_state":"COMPLETED_SUCCESSFULLY","return_code":0,"kill_reason":"","alloc":"0-15"}}]}'
Sending '{"now":4.971212,"events":[{"timestamp":4.971212,"type":"EXECUTE_JOB","data":{"job_id":"051425!32","alloc":"0-15"}}]}'
Received '{"now":4.975398,"events":[{"timestamp":4.975398,"type":"JOB_COMPLETED","data":{"job_id":"051425!28","job_state":"COMPLETED_SUCCESSFULLY","return_code":0,"kill_reason":"","alloc":"48-63"}}]}'
Sending '{"now":4.975398,"events":[{"timestamp":4.975398,"type":"EXECUTE_JOB","data":{"job_id":"051425!33","alloc":"48-63"}}]}'
Received '{"now":4.988594,"events":[{"timestamp":4.988594,"type":"JOB_SUBMITTED","data":{"job_id":"051425!46","job":{"id":"051425!46","profile":"IS.S.16","res":16,"subtime":4.988567,"walltime":4200}}}]}'
Sending '{"now":4.988594,"events":[]}'
Received '{"now":5.091997,"events":[{"timestamp":5.091997,"type":"JOB_COMPLETED","data":{"job_id":"051425!23","job_state":"COMPLETED_SUCCESSFULLY","return_code":0,"kill_reason":"","alloc":"16-31"}}]}'
Sending '{"now":5.091997,"events":[{"timestamp":5.091997,"type":"EXECUTE_JOB","data":{"job_id":"051425!35","alloc":"16-31"}}]}'
Received '{"now":5.120965,"events":[{"timestamp":5.120965,"type":"JOB_COMPLETED","data":{"job_id":"051425!24","job_state":"COMPLETED_SUCCESSFULLY","return_code":0,"kill_reason":"","alloc":"32-47"}}]}'
Sending '{"now":5.120965,"events":[{"timestamp":5.120965,"type":"EXECUTE_JOB","data":{"job_id":"051425!38","alloc":"32-47"}}]}'
Received '{"now":5.148651,"events":[{"timestamp":5.148651,"type":"JOB_COMPLETED","data":{"job_id":"051425!32","job_state":"COMPLETED_SUCCESSFULLY","return_code":0,"kill_reason":"","alloc":"0-15"}}]}'
Sending '{"now":5.148651,"events":[{"timestamp":5.148651,"type":"EXECUTE_JOB","data":{"job_id":"051425!39","alloc":"0-15"}}]}'
Received '{"now":5.242989,"events":[{"timestamp":5.242989,"type":"JOB_SUBMITTED","data":{"job_id":"051425!47","job":{"id":"051425!47","profile":"MG.S.16","res":16,"subtime":5.242958,"walltime":4200}}}]}'
Sending '{"now":5.242989,"events":[]}'
Received '{"now":5.455698,"events":[{"timestamp":5.455698,"type":"JOB_SUBMITTED","data":{"job_id":"051425!48","job":{"id":"051425!48","profile":"CG.S.4","res":4,"subtime":5.455670,"walltime":4200}}}]}'
Sending '{"now":5.455698,"events":[]}'
Received '{"now":5.466961,"events":[{"timestamp":5.466961,"type":"JOB_COMPLETED","data":{"job_id":"051425!39","job_state":"COMPLETED_SUCCESSFULLY","return_code":0,"kill_reason":"","alloc":"0-15"}}]}'
Sending '{"now":5.466961,"events":[{"timestamp":5.466961,"type":"EXECUTE_JOB","data":{"job_id":"051425!40","alloc":"0-3"}},{"timestamp":5.466961,"type":"EXECUTE_JOB","data":{"job_id":"051425!41","alloc":"4-7"}},{"timestamp":5.466961,"type":"EXECUTE_JOB","data":{"job_id":"051425!42","alloc":"8-11"}}]}'
Received '{"now":5.662139,"events":[{"timestamp":5.662139,"type":"JOB_COMPLETED","data":{"job_id":"051425!40","job_state":"COMPLETED_SUCCESSFULLY","return_code":0,"kill_reason":"","alloc":"0-3"}}]}'
Sending '{"now":5.662139,"events":[]}'
Received '{"now":5.675963,"events":[{"timestamp":5.675963,"type":"JOB_COMPLETED","data":{"job_id":"051425!42","job_state":"COMPLETED_SUCCESSFULLY","return_code":0,"kill_reason":"","alloc":"8-11"}}]}'
Sending '{"now":5.675963,"events":[]}'
Received '{"now":5.878908,"events":[{"timestamp":5.878908,"type":"JOB_SUBMITTED","data":{"job_id":"051425!49","job":{"id":"051425!49","profile":"CG.S.16","res":16,"subtime":5.878878,"walltime":4200}}}]}'
Sending '{"now":5.878908,"events":[]}'
Received '{"now":5.944315,"events":[{"timestamp":5.944315,"type":"JOB_COMPLETED","data":{"job_id":"051425!33","job_state":"COMPLETED_SUCCESSFULLY","return_code":0,"kill_reason":"","alloc":"48-63"}}]}'
Sending '{"now":5.944315,"events":[{"timestamp":5.944315,"type":"EXECUTE_JOB","data":{"job_id":"051425!43","alloc":"0-3 8-15 48-51"}},{"timestamp":5.944315,"type":"EXECUTE_JOB","data":{"job_id":"051425!44","alloc":"52-55"}},{"timestamp":5.944315,"type":"EXECUTE_JOB","data":{"job_id":"051425!45","alloc":"56-59"}},{"timestamp":5.944315,"type":"EXECUTE_JOB","data":{"job_id":"051425!48","alloc":"60-63"}}]}'
Received '{"now":5.960965,"events":[{"timestamp":5.960965,"type":"JOB_SUBMITTED","data":{"job_id":"051425!50","job":{"id":"051425!50","profile":"LU.S.16","res":16,"subtime":5.960941,"walltime":4200}}}]}'
Sending '{"now":5.960965,"events":[]}'
Received '{"now":6.025052,"events":[{"timestamp":6.025052,"type":"JOB_COMPLETED","data":{"job_id":"051425!43","job_state":"COMPLETED_SUCCESSFULLY","return_code":0,"kill_reason":"","alloc":"0-3 8-15 48-51"}}]}'
Sending '{"now":6.025052,"events":[{"timestamp":6.025052,"type":"EXECUTE_JOB","data":{"job_id":"051425!46","alloc":"0-3 8-15 48-51"}}]}'
Received '{"now":6.042124,"events":[{"timestamp":6.042124,"type":"JOB_COMPLETED","data":{"job_id":"051425!41","job_state":"COMPLETED_SUCCESSFULLY","return_code":0,"kill_reason":"","alloc":"4-7"}}]}'
Sending '{"now":6.042124,"events":[]}'
Received '{"now":6.105815,"events":[{"timestamp":6.105815,"type":"JOB_COMPLETED","data":{"job_id":"051425!46","job_state":"COMPLETED_SUCCESSFULLY","return_code":0,"kill_reason":"","alloc":"0-3 8-15 48-51"}}]}'
Sending '{"now":6.105815,"events":[{"timestamp":6.105815,"type":"EXECUTE_JOB","data":{"job_id":"051425!47","alloc":"0-15"}}]}'
Received '{"now":6.142813,"events":[{"timestamp":6.142813,"type":"JOB_COMPLETED","data":{"job_id":"051425!35","job_state":"COMPLETED_SUCCESSFULLY","return_code":0,"kill_reason":"","alloc":"16-31"}}]}'
Sending '{"now":6.142813,"events":[{"timestamp":6.142813,"type":"EXECUTE_JOB","data":{"job_id":"051425!49","alloc":"16-31"}}]}'
Received '{"now":6.159959,"events":[{"timestamp":6.159959,"type":"JOB_COMPLETED","data":{"job_id":"051425!38","job_state":"COMPLETED_SUCCESSFULLY","return_code":0,"kill_reason":"","alloc":"32-47"}}]}'
Sending '{"now":6.159959,"events":[{"timestamp":6.159959,"type":"EXECUTE_JOB","data":{"job_id":"051425!50","alloc":"32-47"}}]}'
Received '{"now":6.218339,"events":[{"timestamp":6.218339,"type":"JOB_COMPLETED","data":{"job_id":"051425!44","job_state":"COMPLETED_SUCCESSFULLY","return_code":0,"kill_reason":"","alloc":"52-55"}}]}'
Sending '{"now":6.218339,"events":[]}'
Received '{"now":6.230244,"events":[{"timestamp":6.230244,"type":"JOB_SUBMITTED","data":{"job_id":"051425!51","job":{"id":"051425!51","profile":"LU.S.16","res":16,"subtime":6.230213,"walltime":4200}}}]}'
Sending '{"now":6.230244,"events":[]}'
Received '{"now":6.269775,"events":[{"timestamp":6.269775,"type":"JOB_SUBMITTED","data":{"job_id":"051425!52","job":{"id":"051425!52","profile":"SP.S.16","res":16,"subtime":6.269750,"walltime":4200}}}]}'
Sending '{"now":6.269775,"events":[]}'
Received '{"now":6.424768,"events":[{"timestamp":6.424768,"type":"JOB_COMPLETED","data":{"job_id":"051425!47","job_state":"COMPLETED_SUCCESSFULLY","return_code":0,"kill_reason":"","alloc":"0-15"}}]}'
Sending '{"now":6.424768,"events":[{"timestamp":6.424768,"type":"EXECUTE_JOB","data":{"job_id":"051425!51","alloc":"0-15"}}]}'
Received '{"now":6.539729,"events":[{"timestamp":6.539729,"type":"JOB_COMPLETED","data":{"job_id":"051425!45","job_state":"COMPLETED_SUCCESSFULLY","return_code":0,"kill_reason":"","alloc":"56-59"}}]}'
Sending '{"now":6.539729,"events":[]}'
Received '{"now":6.566446,"events":[{"timestamp":6.566446,"type":"JOB_SUBMITTED","data":{"job_id":"051425!53","job":{"id":"051425!53","profile":"SP.S.16","res":16,"subtime":6.566418,"walltime":4200}}}]}'
Sending '{"now":6.566446,"events":[]}'
Received '{"now":6.584160,"events":[{"timestamp":6.584160,"type":"JOB_COMPLETED","data":{"job_id":"051425!48","job_state":"COMPLETED_SUCCESSFULLY","return_code":0,"kill_reason":"","alloc":"60-63"}}]}'
Sending '{"now":6.58416,"events":[{"timestamp":6.58416,"type":"EXECUTE_JOB","data":{"job_id":"051425!52","alloc":"48-63"}}]}'
Received '{"now":6.872274,"events":[{"timestamp":6.872274,"type":"JOB_SUBMITTED","data":{"job_id":"051425!54","job":{"id":"051425!54","profile":"SP.S.4","res":4,"subtime":6.872250,"walltime":4200}}}]}'
Sending '{"now":6.872274,"events":[]}'
Received '{"now":7.042551,"events":[{"timestamp":7.042551,"type":"JOB_SUBMITTED","data":{"job_id":"051425!55","job":{"id":"051425!55","profile":"BT.S.4","res":4,"subtime":7.042531,"walltime":4200}}}]}'
Sending '{"now":7.042551,"events":[]}'
Received '{"now":7.128075,"events":[{"timestamp":7.128075,"type":"JOB_COMPLETED","data":{"job_id":"051425!50","job_state":"COMPLETED_SUCCESSFULLY","return_code":0,"kill_reason":"","alloc":"32-47"}}]}'
Sending '{"now":7.128075,"events":[{"timestamp":7.128075,"type":"EXECUTE_JOB","data":{"job_id":"051425!53","alloc":"32-47"}}]}'
Received '{"now":7.132556,"events":[{"timestamp":7.132556,"type":"JOB_COMPLETED","data":{"job_id":"051425!49","job_state":"COMPLETED_SUCCESSFULLY","return_code":0,"kill_reason":"","alloc":"16-31"}}]}'
Sending '{"now":7.132556,"events":[{"timestamp":7.132556,"type":"EXECUTE_JOB","data":{"job_id":"051425!54","alloc":"16-19"}},{"timestamp":7.132556,"type":"EXECUTE_JOB","data":{"job_id":"051425!55","alloc":"20-23"}}]}'
Received '{"now":7.403393,"events":[{"timestamp":7.403393,"type":"JOB_SUBMITTED","data":{"job_id":"051425!56","job":{"id":"051425!56","profile":"SP.S.4","res":4,"subtime":7.403363,"walltime":4200}}}]}'
Sending '{"now":7.403393,"events":[{"timestamp":7.403393,"type":"EXECUTE_JOB","data":{"job_id":"051425!56","alloc":"24-27"}}]}'
Received '{"now":7.431235,"events":[{"timestamp":7.431235,"type":"JOB_SUBMITTED","data":{"job_id":"051425!57","job":{"id":"051425!57","profile":"BT.S.4","res":4,"subtime":7.431212,"walltime":4200}}}]}'
Sending '{"now":7.431235,"events":[{"timestamp":7.431235,"type":"EXECUTE_JOB","data":{"job_id":"051425!57","alloc":"28-31"}}]}'
Received '{"now":7.468112,"events":[{"timestamp":7.468112,"type":"JOB_COMPLETED","data":{"job_id":"051425!55","job_state":"COMPLETED_SUCCESSFULLY","return_code":0,"kill_reason":"","alloc":"20-23"}}]}'
Sending '{"now":7.468112,"events":[]}'
Received '{"now":7.490288,"events":[{"timestamp":7.490288,"type":"JOB_SUBMITTED","data":{"job_id":"051425!58","job":{"id":"051425!58","profile":"MG.S.16","res":16,"subtime":7.490267,"walltime":4200}}}]}'
Sending '{"now":7.490288,"events":[]}'
Received '{"now":7.513844,"events":[{"timestamp":7.513844,"type":"JOB_COMPLETED","data":{"job_id":"051425!51","job_state":"COMPLETED_SUCCESSFULLY","return_code":0,"kill_reason":"","alloc":"0-15"}}]}'
Sending '{"now":7.513844,"events":[{"timestamp":7.513844,"type":"EXECUTE_JOB","data":{"job_id":"051425!58","alloc":"0-15"}}]}'
Received '{"now":7.566665,"events":[{"timestamp":7.566665,"type":"JOB_COMPLETED","data":{"job_id":"051425!54","job_state":"COMPLETED_SUCCESSFULLY","return_code":0,"kill_reason":"","alloc":"16-19"}}]}'
Sending '{"now":7.566665,"events":[]}'
Received '{"now":7.592981,"events":[{"timestamp":7.592981,"type":"JOB_SUBMITTED","data":{"job_id":"051425!59","job":{"id":"051425!59","profile":"LU.S.16","res":16,"subtime":7.592951,"walltime":4200}}}]}'
Sending '{"now":7.592981,"events":[]}'
Received '{"now":7.612850,"events":[{"timestamp":7.612850,"type":"JOB_COMPLETED","data":{"job_id":"051425!52","job_state":"COMPLETED_SUCCESSFULLY","return_code":0,"kill_reason":"","alloc":"48-63"}}]}'
Sending '{"now":7.61285,"events":[{"timestamp":7.61285,"type":"EXECUTE_JOB","data":{"job_id":"051425!59","alloc":"16-23 48-55"}}]}'
Received '{"now":7.768392,"events":[{"timestamp":7.768392,"type":"JOB_SUBMITTED","data":{"job_id":"051425!60","job":{"id":"051425!60","profile":"IS.S.4","res":4,"subtime":7.768368,"walltime":4200}}}]}'
Sending '{"now":7.768392,"events":[{"timestamp":7.768392,"type":"EXECUTE_JOB","data":{"job_id":"051425!60","alloc":"56-59"}}]}'
Received '{"now":7.875654,"events":[{"timestamp":7.875654,"type":"JOB_SUBMITTED","data":{"job_id":"051425!61","job":{"id":"051425!61","profile":"FT.S.16","res":16,"subtime":7.875626,"walltime":4200}}}]}'
Sending '{"now":7.875654,"events":[]}'
Received '{"now":7.900949,"events":[{"timestamp":7.900949,"type":"JOB_COMPLETED","data":{"job_id":"051425!56","job_state":"COMPLETED_SUCCESSFULLY","return_code":0,"kill_reason":"","alloc":"24-27"}}]}'
Sending '{"now":7.900949,"events":[]}'
Received '{"now":7.979206,"events":[{"timestamp":7.979206,"type":"JOB_COMPLETED","data":{"job_id":"051425!57","job_state":"COMPLETED_SUCCESSFULLY","return_code":0,"kill_reason":"","alloc":"28-31"}}]}'
Sending '{"now":7.979206,"events":[]}'
Received '{"now":7.989842,"events":[{"timestamp":7.989842,"type":"JOB_SUBMITTED","data":{"job_id":"051425!62","job":{"id":"051425!62","profile":"IS.S.16","res":16,"subtime":7.989830,"walltime":4200}}}]}'
Sending '{"now":7.989842,"events":[]}'
Received '{"now":7.993440,"events":[{"timestamp":7.993440,"type":"JOB_SUBMITTED","data":{"job_id":"051425!63","job":{"id":"051425!63","profile":"CG.S.16","res":16,"subtime":7.993415,"walltime":4200}}}]}'
Sending '{"now":7.99344,"events":[]}'
Received '{"now":8.006714,"events":[{"timestamp":8.006714,"type":"JOB_COMPLETED","data":{"job_id":"051425!58","job_state":"COMPLETED_SUCCESSFULLY","return_code":0,"kill_reason":"","alloc":"0-15"}}]}'
Sending '{"now":8.006714,"events":[{"timestamp":8.006714,"type":"EXECUTE_JOB","data":{"job_id":"051425!61","alloc":"0-15"}}]}'
Received '{"now":8.031187,"events":[{"timestamp":8.031187,"type":"JOB_COMPLETED","data":{"job_id":"051425!60","job_state":"COMPLETED_SUCCESSFULLY","return_code":0,"kill_reason":"","alloc":"56-59"}}]}'
Sending '{"now":8.031187,"events":[{"timestamp":8.031187,"type":"EXECUTE_JOB","data":{"job_id":"051425!62","alloc":"24-31 56-63"}}]}'
Received '{"now":8.054104,"events":[{"timestamp":8.054104,"type":"JOB_SUBMITTED","data":{"job_id":"051425!64","job":{"id":"051425!64","profile":"LU.S.16","res":16,"subtime":8.054079,"walltime":4200}}}]}'
Sending '{"now":8.054104,"events":[]}'
Received '{"now":8.142309,"events":[{"timestamp":8.142309,"type":"JOB_COMPLETED","data":{"job_id":"051425!62","job_state":"COMPLETED_SUCCESSFULLY","return_code":0,"kill_reason":"","alloc":"24-31 56-63"}}]}'
Sending '{"now":8.142309,"events":[{"timestamp":8.142309,"type":"EXECUTE_JOB","data":{"job_id":"051425!63","alloc":"24-31 56-63"}}]}'
Received '{"now":8.248385,"events":[{"timestamp":8.248385,"type":"JOB_SUBMITTED","data":{"job_id":"051425!65","job":{"id":"051425!65","profile":"MG.S.16","res":16,"subtime":8.248359,"walltime":4200}}}]}'
Sending '{"now":8.248385,"events":[]}'
Received '{"now":8.289380,"events":[{"timestamp":8.289380,"type":"JOB_COMPLETED","data":{"job_id":"051425!53","job_state":"COMPLETED_SUCCESSFULLY","return_code":0,"kill_reason":"","alloc":"32-47"}}]}'
Sending '{"now":8.28938,"events":[{"timestamp":8.28938,"type":"EXECUTE_JOB","data":{"job_id":"051425!64","alloc":"32-47"}}]}'
Received '{"now":8.313246,"events":[{"timestamp":8.313246,"type":"JOB_COMPLETED","data":{"job_id":"051425!61","job_state":"COMPLETED_SUCCESSFULLY","return_code":0,"kill_reason":"","alloc":"0-15"}}]}'
Sending '{"now":8.313246,"events":[{"timestamp":8.313246,"type":"EXECUTE_JOB","data":{"job_id":"051425!65","alloc":"0-15"}}]}'
Received '{"now":8.402864,"events":[{"timestamp":8.402864,"type":"JOB_SUBMITTED","data":{"job_id":"051425!66","job":{"id":"051425!66","profile":"SP.S.16","res":16,"subtime":8.402834,"walltime":4200}}}]}'
Sending '{"now":8.402864,"events":[]}'
Received '{"now":8.457254,"events":[{"timestamp":8.457254,"type":"JOB_SUBMITTED","data":{"job_id":"051425!67","job":{"id":"051425!67","profile":"CG.S.16","res":16,"subtime":8.457232,"walltime":4200}}}]}'
Sending '{"now":8.457254,"events":[]}'
Received '{"now":8.627406,"events":[{"timestamp":8.627406,"type":"JOB_SUBMITTED","data":{"job_id":"051425!68","job":{"id":"051425!68","profile":"MG.S.16","res":16,"subtime":8.627382,"walltime":4200}}}]}'
Sending '{"now":8.627406,"events":[]}'
Received '{"now":8.631260,"events":[{"timestamp":8.631260,"type":"JOB_COMPLETED","data":{"job_id":"051425!59","job_state":"COMPLETED_SUCCESSFULLY","return_code":0,"kill_reason":"","alloc":"16-23 48-55"}}]}'
Sending '{"now":8.63126,"events":[{"timestamp":8.63126,"type":"EXECUTE_JOB","data":{"job_id":"051425!66","alloc":"16-23 48-55"}}]}'
Received '{"now":8.631685,"events":[{"timestamp":8.631685,"type":"JOB_COMPLETED","data":{"job_id":"051425!65","job_state":"COMPLETED_SUCCESSFULLY","return_code":0,"kill_reason":"","alloc":"0-15"}}]}'
Sending '{"now":8.631685,"events":[{"timestamp":8.631685,"type":"EXECUTE_JOB","data":{"job_id":"051425!67","alloc":"0-15"}}]}'
Received '{"now":8.939059,"events":[{"timestamp":8.939059,"type":"JOB_SUBMITTED","data":{"job_id":"051425!69","job":{"id":"051425!69","profile":"IS.S.16","res":16,"subtime":8.939037,"walltime":4200}}}]}'
Sending '{"now":8.939059,"events":[]}'
Received '{"now":9.138394,"events":[{"timestamp":9.138394,"type":"JOB_COMPLETED","data":{"job_id":"051425!63","job_state":"COMPLETED_SUCCESSFULLY","return_code":0,"kill_reason":"","alloc":"24-31 56-63"}}]}'
Sending '{"now":9.138394,"events":[{"timestamp":9.138394,"type":"EXECUTE_JOB","data":{"job_id":"051425!68","alloc":"24-31 56-63"}}]}'
Received '{"now":9.150598,"events":[{"timestamp":9.150598,"type":"JOB_SUBMITTED","data":{"job_id":"051425!70","job":{"id":"051425!70","profile":"IS.S.4","res":4,"subtime":9.150582,"walltime":4200}}}]}'
Sending '{"now":9.150598,"events":[]}'
Received '{"now":9.257699,"events":[{"timestamp":9.257699,"type":"JOB_COMPLETED","data":{"job_id":"051425!64","job_state":"COMPLETED_SUCCESSFULLY","return_code":0,"kill_reason":"","alloc":"32-47"}}]}'
Sending '{"now":9.257699,"events":[{"timestamp":9.257699,"type":"EXECUTE_JOB","data":{"job_id":"051425!69","alloc":"32-47"}}]}'
Received '{"now":9.348172,"events":[{"timestamp":9.348172,"type":"JOB_COMPLETED","data":{"job_id":"051425!69","job_state":"COMPLETED_SUCCESSFULLY","return_code":0,"kill_reason":"","alloc":"32-47"}}]}'
Sending '{"now":9.348172,"events":[{"timestamp":9.348172,"type":"EXECUTE_JOB","data":{"job_id":"051425!70","alloc":"32-35"}}]}'
Received '{"now":9.467089,"events":[{"timestamp":9.467089,"type":"JOB_SUBMITTED","data":{"job_id":"051425!71","job":{"id":"051425!71","profile":"MG.S.4","res":4,"subtime":9.467062,"walltime":4200}}}]}'
Sending '{"now":9.467089,"events":[{"timestamp":9.467089,"type":"EXECUTE_JOB","data":{"job_id":"051425!71","alloc":"36-39"}}]}'
Received '{"now":9.498083,"events":[{"timestamp":9.498083,"type":"JOB_COMPLETED","data":{"job_id":"051425!70","job_state":"COMPLETED_SUCCESSFULLY","return_code":0,"kill_reason":"","alloc":"32-35"}}]}'
Sending '{"now":9.498083,"events":[]}'
Received '{"now":9.580665,"events":[{"timestamp":9.580665,"type":"JOB_SUBMITTED","data":{"job_id":"051425!72","job":{"id":"051425!72","profile":"SP.S.16","res":16,"subtime":9.580638,"walltime":4200}}}]}'
Sending '{"now":9.580665,"events":[]}'
Received '{"now":9.582620,"events":[{"timestamp":9.582620,"type":"JOB_SUBMITTED","data":{"job_id":"051425!73","job":{"id":"051425!73","profile":"SP.S.16","res":16,"subtime":9.582596,"walltime":4200}}}]}'
Sending '{"now":9.58262,"events":[]}'
Received '{"now":9.592183,"events":[{"timestamp":9.592183,"type":"JOB_COMPLETED","data":{"job_id":"051425!68","job_state":"COMPLETED_SUCCESSFULLY","return_code":0,"kill_reason":"","alloc":"24-31 56-63"}}]}'
Sending '{"now":9.592183,"events":[{"timestamp":9.592183,"type":"EXECUTE_JOB","data":{"job_id":"051425!72","alloc":"24-35 40-43"}}]}'
Received '{"now":9.636697,"events":[{"timestamp":9.636697,"type":"JOB_COMPLETED","data":{"job_id":"051425!66","job_state":"COMPLETED_SUCCESSFULLY","return_code":0,"kill_reason":"","alloc":"16-23 48-55"}}]}'
Sending '{"now":9.636697,"events":[{"timestamp":9.636697,"type":"EXECUTE_JOB","data":{"job_id":"051425!73","alloc":"16-23 44-51"}}]}'
Received '{"now":9.645051,"events":[{"timestamp":9.645051,"type":"JOB_SUBMITTED","data":{"job_id":"051425!74","job":{"id":"051425!74","profile":"IS.S.16","res":16,"subtime":9.645021,"walltime":4200}}}]}'
Sending '{"now":9.645051,"events":[]}'
Received '{"now":9.664859,"events":[{"timestamp":9.664859,"type":"JOB_COMPLETED","data":{"job_id":"051425!67","job_state":"COMPLETED_SUCCESSFULLY","return_code":0,"kill_reason":"","alloc":"0-15"}}]}'
Sending '{"now":9.664859,"events":[{"timestamp":9.664859,"type":"EXECUTE_JOB","data":{"job_id":"051425!74","alloc":"0-15"}}]}'
Received '{"now":9.688788,"events":[{"timestamp":9.688788,"type":"JOB_COMPLETED","data":{"job_id":"051425!71","job_state":"COMPLETED_SUCCESSFULLY","return_code":0,"kill_reason":"","alloc":"36-39"}}]}'
Sending '{"now":9.688788,"events":[]}'
Received '{"now":9.753331,"events":[{"timestamp":9.753331,"type":"JOB_COMPLETED","data":{"job_id":"051425!74","job_state":"COMPLETED_SUCCESSFULLY","return_code":0,"kill_reason":"","alloc":"0-15"}}]}'
Sending '{"now":9.753331,"events":[]}'
Received '{"now":9.789424,"events":[{"timestamp":9.789424,"type":"JOB_SUBMITTED","data":{"job_id":"051425!75","job":{"id":"051425!75","profile":"FT.S.16","res":16,"subtime":9.789398,"walltime":4200}}}]}'
Sending '{"now":9.789424,"events":[{"timestamp":9.789424,"type":"EXECUTE_JOB","data":{"job_id":"051425!75","alloc":"0-15"}}]}'
Received '{"now":9.924058,"events":[{"timestamp":9.924058,"type":"JOB_SUBMITTED","data":{"job_id":"051425!76","job":{"id":"051425!76","profile":"BT.S.4","res":4,"subtime":9.924037,"walltime":4200}}}]}'
Sending '{"now":9.924058,"events":[{"timestamp":9.924058,"type":"EXECUTE_JOB","data":{"job_id":"051425!76","alloc":"36-39"}}]}'
Received '{"now":9.934330,"events":[{"timestamp":9.934330,"type":"JOB_SUBMITTED","data":{"job_id":"051425!77","job":{"id":"051425!77","profile":"BT.S.4","res":4,"subtime":9.934311,"walltime":4200}}}]}'
Sending '{"now":9.93433,"events":[{"timestamp":9.93433,"type":"EXECUTE_JOB","data":{"job_id":"051425!77","alloc":"52-55"}}]}'
Received '{"now":10.119975,"events":[{"timestamp":10.119975,"type":"JOB_COMPLETED","data":{"job_id":"051425!75","job_state":"COMPLETED_SUCCESSFULLY","return_code":0,"kill_reason":"","alloc":"0-15"}}]}'
Sending '{"now":10.119975,"events":[]}'
Received '{"now":10.120024,"events":[{"timestamp":10.120003,"type":"JOB_SUBMITTED","data":{"job_id":"051425!78","job":{"id":"051425!78","profile":"IS.S.4","res":4,"subtime":10.119930,"walltime":4200}}}]}'
Sending '{"now":10.120024,"events":[{"timestamp":10.120003,"type":"EXECUTE_JOB","data":{"job_id":"051425!78","alloc":"0-3"}}]}'
Received '{"now":10.210875,"events":[{"timestamp":10.210875,"type":"JOB_COMPLETED","data":{"job_id":"051425!78","job_state":"COMPLETED_SUCCESSFULLY","return_code":0,"kill_reason":"","alloc":"0-3"}}]}'
Sending '{"now":10.210875,"events":[]}'
Received '{"now":10.239989,"events":[{"timestamp":10.239989,"type":"JOB_SUBMITTED","data":{"job_id":"051425!79","job":{"id":"051425!79","profile":"FT.S.16","res":16,"subtime":10.239974,"walltime":4200}}}]}'
Sending '{"now":10.239989,"events":[{"timestamp":10.239989,"type":"EXECUTE_JOB","data":{"job_id":"051425!79","alloc":"0-15"}}]}'
Received '{"now":10.296532,"events":[{"timestamp":10.296532,"type":"JOB_COMPLETED","data":{"job_id":"051425!77","job_state":"COMPLETED_SUCCESSFULLY","return_code":0,"kill_reason":"","alloc":"52-55"}}]}'
Sending '{"now":10.296532,"events":[]}'
Received '{"now":10.298021,"events":[{"timestamp":10.298021,"type":"JOB_COMPLETED","data":{"job_id":"051425!76","job_state":"COMPLETED_SUCCESSFULLY","return_code":0,"kill_reason":"","alloc":"36-39"}}]}'
Sending '{"now":10.298021,"events":[]}'
Received '{"now":10.353741,"events":[{"timestamp":10.353741,"type":"JOB_SUBMITTED","data":{"job_id":"051425!80","job":{"id":"051425!80","profile":"MG.S.4","res":4,"subtime":10.353722,"walltime":4200}}}]}'
Sending '{"now":10.353741,"events":[{"timestamp":10.353741,"type":"EXECUTE_JOB","data":{"job_id":"051425!80","alloc":"36-39"}}]}'
Received '{"now":10.558815,"events":[{"timestamp":10.558815,"type":"JOB_COMPLETED","data":{"job_id":"051425!79","job_state":"COMPLETED_SUCCESSFULLY","return_code":0,"kill_reason":"","alloc":"0-15"}}]}'
Sending '{"now":10.558815,"events":[]}'
Received '{"now":10.594621,"events":[{"timestamp":10.594621,"type":"JOB_COMPLETED","data":{"job_id":"051425!80","job_state":"COMPLETED_SUCCESSFULLY","return_code":0,"kill_reason":"","alloc":"36-39"}}]}'
Sending '{"now":10.594621,"events":[]}'
Received '{"now":10.691007,"events":[{"timestamp":10.691007,"type":"JOB_SUBMITTED","data":{"job_id":"051425!81","job":{"id":"051425!81","profile":"SP.S.16","res":16,"subtime":10.690981,"walltime":4200}}}]}'
Sending '{"now":10.691007,"events":[{"timestamp":10.691007,"type":"EXECUTE_JOB","data":{"job_id":"051425!81","alloc":"0-15"}}]}'
Received '{"now":10.761680,"events":[{"timestamp":10.761680,"type":"JOB_SUBMITTED","data":{"job_id":"051425!82","job":{"id":"051425!82","profile":"SP.S.16","res":16,"subtime":10.761651,"walltime":4200}}}]}'
Sending '{"now":10.76168,"events":[{"timestamp":10.76168,"type":"EXECUTE_JOB","data":{"job_id":"051425!82","alloc":"36-39 52-63"}}]}'
Received '{"now":10.772739,"events":[{"timestamp":10.772739,"type":"JOB_SUBMITTED","data":{"job_id":"051425!83","job":{"id":"051425!83","profile":"CG.S.16","res":16,"subtime":10.772716,"walltime":4200}}}]}'
Sending '{"now":10.772739,"events":[]}'
Received '{"now":10.804247,"events":[{"timestamp":10.804247,"type":"JOB_COMPLETED","data":{"job_id":"051425!72","job_state":"COMPLETED_SUCCESSFULLY","return_code":0,"kill_reason":"","alloc":"24-35 40-43"}}]}'
Sending '{"now":10.804247,"events":[{"timestamp":10.804247,"type":"EXECUTE_JOB","data":{"job_id":"051425!83","alloc":"24-35 40-43"}}]}'
Received '{"now":10.869086,"events":[{"timestamp":10.869086,"type":"JOB_COMPLETED","data":{"job_id":"051425!73","job_state":"COMPLETED_SUCCESSFULLY","return_code":0,"kill_reason":"","alloc":"16-23 44-51"}}]}'
Sending '{"now":10.869086,"events":[]}'
Received '{"now":10.871858,"events":[{"timestamp":10.871858,"type":"JOB_SUBMITTED","data":{"job_id":"051425!84","job":{"id":"051425!84","profile":"MG.S.4","res":4,"subtime":10.871828,"walltime":4200}}}]}'
Sending '{"now":10.871858,"events":[{"timestamp":10.871858,"type":"EXECUTE_JOB","data":{"job_id":"051425!84","alloc":"16-19"}}]}'
Received '{"now":11.035599,"events":[{"timestamp":11.035599,"type":"JOB_SUBMITTED","data":{"job_id":"051425!85","job":{"id":"051425!85","profile":"CG.S.16","res":16,"subtime":11.035569,"walltime":4200}}}]}'
Sending '{"now":11.035599,"events":[]}'
Received '{"now":11.078290,"events":[{"timestamp":11.078290,"type":"JOB_COMPLETED","data":{"job_id":"051425!84","job_state":"COMPLETED_SUCCESSFULLY","return_code":0,"kill_reason":"","alloc":"16-19"}}]}'
Sending '{"now":11.07829,"events":[{"timestamp":11.07829,"type":"EXECUTE_JOB","data":{"job_id":"051425!85","alloc":"16-23 44-51"}}]}'
Received '{"now":11.225542,"events":[{"timestamp":11.225542,"type":"JOB_SUBMITTED","data":{"job_id":"051425!86","job":{"id":"051425!86","profile":"FT.S.16","res":16,"subtime":11.225512,"walltime":4200}}}]}'
Sending '{"now":11.225542,"events":[]}'
Received '{"now":11.282868,"events":[{"timestamp":11.282868,"type":"JOB_SUBMITTED","data":{"job_id":"051425!87","job":{"id":"051425!87","profile":"SP.S.4","res":4,"subtime":11.282854,"walltime":4200}}}]}'
Sending '{"now":11.282868,"events":[]}'
Received '{"now":11.306802,"events":[{"timestamp":11.306802,"type":"JOB_SUBMITTED","data":{"job_id":"051425!88","job":{"id":"051425!88","profile":"SP.S.16","res":16,"subtime":11.306783,"walltime":4200}}}]}'
Sending '{"now":11.306802,"events":[]}'
Received '{"now":11.467557,"events":[{"timestamp":11.467557,"type":"JOB_SUBMITTED","data":{"job_id":"051425!89","job":{"id":"051425!89","profile":"SP.S.4","res":4,"subtime":11.467527,"walltime":4200}}}]}'
Sending '{"now":11.467557,"events":[]}'
Received '{"now":11.845758,"events":[{"timestamp":11.845758,"type":"JOB_SUBMITTED","data":{"job_id":"051425!90","job":{"id":"051425!90","profile":"IS.S.4","res":4,"subtime":11.845728,"walltime":4200}}}]}'
Sending '{"now":11.845758,"events":[]}'
Received '{"now":11.895702,"events":[{"timestamp":11.895702,"type":"JOB_COMPLETED","data":{"job_id":"051425!81","job_state":"COMPLETED_SUCCESSFULLY","return_code":0,"kill_reason":"","alloc":"0-15"}}]}'
Sending '{"now":11.895702,"events":[{"timestamp":11.895702,"type":"EXECUTE_JOB","data":{"job_id":"051425!86","alloc":"0-15"}}]}'
Received '{"now":11.953123,"events":[{"timestamp":11.953123,"type":"JOB_COMPLETED","data":{"job_id":"051425!83","job_state":"COMPLETED_SUCCESSFULLY","return_code":0,"kill_reason":"","alloc":"24-35 40-43"}}]}'
Sending '{"now":11.953123,"events":[{"timestamp":11.953123,"type":"EXECUTE_JOB","data":{"job_id":"051425!87","alloc":"24-27"}}]}'
Received '{"now":11.959264,"events":[{"timestamp":11.959264,"type":"JOB_COMPLETED","data":{"job_id":"051425!82","job_state":"COMPLETED_SUCCESSFULLY","return_code":0,"kill_reason":"","alloc":"36-39 52-63"}}]}'
Sending '{"now":11.959264,"events":[{"timestamp":11.959264,"type":"EXECUTE_JOB","data":{"job_id":"051425!88","alloc":"28-43"}},{"timestamp":11.959264,"type":"EXECUTE_JOB","data":{"job_id":"051425!89","alloc":"52-55"}},{"timestamp":11.959264,"type":"EXECUTE_JOB","data":{"job_id":"051425!90","alloc":"56-59"}}]}'
Received '{"now":11.962361,"events":[{"timestamp":11.962361,"type":"JOB_SUBMITTED","data":{"job_id":"051425!91","job":{"id":"051425!91","profile":"CG.S.16","res":16,"subtime":11.962337,"walltime":4200}}}]}'
Sending '{"now":11.962361,"events":[]}'
Received '{"now":11.969928,"events":[{"timestamp":11.969928,"type":"JOB_SUBMITTED","data":{"job_id":"051425!92","job":{"id":"051425!92","profile":"BT.S.16","res":16,"subtime":11.969900,"walltime":4200}}}]}'
Sending '{"now":11.969928,"events":[]}'
Received '{"now":12.176717,"events":[{"timestamp":12.176717,"type":"JOB_SUBMITTED","data":{"job_id":"051425!93","job":{"id":"051425!93","profile":"BT.S.16","res":16,"subtime":12.176692,"walltime":4200}}}]}'
Sending '{"now":12.176717,"events":[]}'
Received '{"now":12.183637,"events":[{"timestamp":12.183637,"type":"JOB_COMPLETED","data":{"job_id":"051425!85","job_state":"COMPLETED_SUCCESSFULLY","return_code":0,"kill_reason":"","alloc":"16-23 44-51"}}]}'
Sending '{"now":12.183637,"events":[{"timestamp":12.183637,"type":"EXECUTE_JOB","data":{"job_id":"051425!91","alloc":"16-23 44-51"}}]}'
Received '{"now":12.189079,"events":[{"timestamp":12.189079,"type":"JOB_COMPLETED","data":{"job_id":"051425!90","job_state":"COMPLETED_SUCCESSFULLY","return_code":0,"kill_reason":"","alloc":"56-59"}}]}'
Sending '{"now":12.189079,"events":[]}'
Received '{"now":12.282970,"events":[{"timestamp":12.282970,"type":"JOB_COMPLETED","data":{"job_id":"051425!86","job_state":"COMPLETED_SUCCESSFULLY","return_code":0,"kill_reason":"","alloc":"0-15"}}]}'
Sending '{"now":12.28297,"events":[{"timestamp":12.28297,"type":"EXECUTE_JOB","data":{"job_id":"051425!92","alloc":"0-15"}}]}'
Received '{"now":12.291260,"events":[{"timestamp":12.291260,"type":"JOB_SUBMITTED","data":{"job_id":"051425!94","job":{"id":"051425!94","profile":"BT.S.4","res":4,"subtime":12.291240,"walltime":4200}}}]}'
Sending '{"now":12.29126,"events":[{"timestamp":12.29126,"type":"EXECUTE_JOB","data":{"job_id":"051425!94","alloc":"56-59"}}]}'
Received '{"now":12.422143,"events":[{"timestamp":12.422143,"type":"JOB_COMPLETED","data":{"job_id":"051425!89","job_state":"COMPLETED_SUCCESSFULLY","return_code":0,"kill_reason":"","alloc":"52-55"}}]}'
Sending '{"now":12.422143,"events":[]}'
Received '{"now":12.463491,"events":[{"timestamp":12.463491,"type":"JOB_COMPLETED","data":{"job_id":"051425!87","job_state":"COMPLETED_SUCCESSFULLY","return_code":0,"kill_reason":"","alloc":"24-27"}}]}'
Sending '{"now":12.463491,"events":[]}'
Received '{"now":12.761309,"events":[{"timestamp":12.761309,"type":"JOB_COMPLETED","data":{"job_id":"051425!94","job_state":"COMPLETED_SUCCESSFULLY","return_code":0,"kill_reason":"","alloc":"56-59"}}]}'
Sending '{"now":12.761309,"events":[{"timestamp":12.761309,"type":"EXECUTE_JOB","data":{"job_id":"051425!93","alloc":"24-27 52-63"}}]}'
Received '{"now":13.018832,"events":[{"timestamp":13.018832,"type":"JOB_COMPLETED","data":{"job_id":"051425!88","job_state":"COMPLETED_SUCCESSFULLY","return_code":0,"kill_reason":"","alloc":"28-43"}}]}'
Sending '{"now":13.018832,"events":[]}'
Received '{"now":13.143496,"events":[{"timestamp":13.143496,"type":"JOB_SUBMITTED","data":{"job_id":"051425!95","job":{"id":"051425!95","profile":"SP.S.4","res":4,"subtime":13.143466,"walltime":4200}}}]}'
Sending '{"now":13.143496,"events":[{"timestamp":13.143496,"type":"EXECUTE_JOB","data":{"job_id":"051425!95","alloc":"28-31"}}]}'
Received '{"now":13.154785,"events":[{"timestamp":13.154785,"type":"JOB_SUBMITTED","data":{"job_id":"051425!96","job":{"id":"051425!96","profile":"CG.S.4","res":4,"subtime":13.154755,"walltime":4200}}}]}'
Sending '{"now":13.154785,"events":[{"timestamp":13.154785,"type":"EXECUTE_JOB","data":{"job_id":"051425!96","alloc":"32-35"}}]}'
Received '{"now":13.192378,"events":[{"timestamp":13.192378,"type":"JOB_COMPLETED","data":{"job_id":"051425!91","job_state":"COMPLETED_SUCCESSFULLY","return_code":0,"kill_reason":"","alloc":"16-23 44-51"}}]}'
Sending '{"now":13.192378,"events":[]}'
Received '{"now":13.536048,"events":[{"timestamp":13.536048,"type":"JOB_COMPLETED","data":{"job_id":"051425!95","job_state":"COMPLETED_SUCCESSFULLY","return_code":0,"kill_reason":"","alloc":"28-31"}}]}'
Sending '{"now":13.536048,"events":[]}'
Received '{"now":13.644233,"events":[{"timestamp":13.644233,"type":"JOB_COMPLETED","data":{"job_id":"051425!96","job_state":"COMPLETED_SUCCESSFULLY","return_code":0,"kill_reason":"","alloc":"32-35"}}]}'
Sending '{"now":13.644233,"events":[]}'
Received '{"now":13.667897,"events":[{"timestamp":13.667897,"type":"JOB_COMPLETED","data":{"job_id":"051425!92","job_state":"COMPLETED_SUCCESSFULLY","return_code":0,"kill_reason":"","alloc":"0-15"}}]}'
Sending '{"now":13.667897,"events":[]}'
Received '{"now":13.961737,"events":[{"timestamp":13.961737,"type":"JOB_SUBMITTED","data":{"job_id":"051425!97","job":{"id":"051425!97","profile":"BT.S.16","res":16,"subtime":13.961707,"walltime":4200}}}]}'
Sending '{"now":13.961737,"events":[{"timestamp":13.961737,"type":"EXECUTE_JOB","data":{"job_id":"051425!97","alloc":"0-15"}}]}'
Received '{"now":14.014919,"events":[{"timestamp":14.014919,"type":"JOB_SUBMITTED","data":{"job_id":"051425!98","job":{"id":"051425!98","profile":"MG.S.4","res":4,"subtime":14.014889,"walltime":4200}}}]}'
Sending '{"now":14.014919,"events":[{"timestamp":14.014919,"type":"EXECUTE_JOB","data":{"job_id":"051425!98","alloc":"16-19"}}]}'
Received '{"now":14.094549,"events":[{"timestamp":14.094549,"type":"JOB_SUBMITTED","data":{"job_id":"051425!99","job":{"id":"051425!99","profile":"SP.S.4","res":4,"subtime":14.094528,"walltime":4200}}}]}'
Sending '{"now":14.094549,"events":[{"timestamp":14.094549,"type":"EXECUTE_JOB","data":{"job_id":"051425!99","alloc":"20-23"}}]}'
Received '{"now":14.097940,"events":[{"timestamp":14.097940,"type":"JOB_SUBMITTED","data":{"job_id":"051425!100","job":{"id":"051425!100","profile":"LU.S.16","res":16,"subtime":14.097913,"walltime":4200}}}]}'
Sending '{"now":14.09794,"events":[{"timestamp":14.09794,"type":"EXECUTE_JOB","data":{"job_id":"051425!100","alloc":"28-43"}}]}'
Received '{"now":14.107004,"events":[{"timestamp":14.107004,"type":"JOB_COMPLETED","data":{"job_id":"051425!93","job_state":"COMPLETED_SUCCESSFULLY","return_code":0,"kill_reason":"","alloc":"24-27 52-63"}}]}'
Sending '{"now":14.107004,"events":[]}'
Received '{"now":14.213830,"events":[{"timestamp":14.213830,"type":"JOB_COMPLETED","data":{"job_id":"051425!98","job_state":"COMPLETED_SUCCESSFULLY","return_code":0,"kill_reason":"","alloc":"16-19"}}]}'
Sending '{"now":14.21383,"events":[]}'
Received '{"now":14.233454,"events":[{"timestamp":14.233454,"type":"JOB_SUBMITTED","data":{"job_id":"051425!101","job":{"id":"051425!101","profile":"MG.S.16","res":16,"subtime":14.233435,"walltime":4200}}}]}'
Sending '{"now":14.233454,"events":[{"timestamp":14.233454,"type":"EXECUTE_JOB","data":{"job_id":"051425!101","alloc":"16-19 24-27 44-51"}}]}'
Received '{"now":14.337467,"events":[{"timestamp":14.337467,"type":"JOB_SUBMITTED","data":{"job_id":"051425!102","job":{"id":"051425!102","profile":"LU.S.16","res":16,"subtime":14.337436,"walltime":4200}}}]}'
Sending '{"now":14.337467,"events":[]}'
Received '{"now":14.373325,"events":[{"timestamp":14.373325,"type":"JOB_COMPLETED","data":{"job_id":"051425!99","job_state":"COMPLETED_SUCCESSFULLY","return_code":0,"kill_reason":"","alloc":"20-23"}}]}'
Sending '{"now":14.373325,"events":[{"timestamp":14.373325,"type":"EXECUTE_JOB","data":{"job_id":"051425!102","alloc":"20-23 52-63"}}]}'
Received '{"now":14.396339,"events":[{"timestamp":14.396339,"type":"JOB_SUBMITTED","data":{"job_id":"051425!103","job":{"id":"051425!103","profile":"BT.S.16","res":16,"subtime":14.396319,"walltime":4200}}}]}'
Sending '{"now":14.396339,"events":[]}'
Received '{"now":14.492986,"events":[{"timestamp":14.492986,"type":"JOB_SUBMITTED","data":{"job_id":"051425!104","job":{"id":"051425!104","profile":"MG.S.4","res":4,"subtime":14.492965,"walltime":4200}}}]}'
Sending '{"now":14.492986,"events":[]}'
Received '{"now":14.621515,"events":[{"timestamp":14.621515,"type":"JOB_COMPLETED","data":{"job_id":"051425!101","job_state":"COMPLETED_SUCCESSFULLY","return_code":0,"kill_reason":"","alloc":"16-19 24-27 44-51"}}]}'
Sending '{"now":14.621515,"events":[{"timestamp":14.621515,"type":"EXECUTE_JOB","data":{"job_id":"051425!103","alloc":"16-19 24-27 44-51"}}]}'
Received '{"now":14.642736,"events":[{"timestamp":14.642736,"type":"JOB_SUBMITTED","data":{"job_id":"051425!105","job":{"id":"051425!105","profile":"FT.S.4","res":4,"subtime":14.642708,"walltime":4200}}}]}'
Sending '{"now":14.642736,"events":[]}'
Received '{"now":14.984232,"events":[{"timestamp":14.984232,"type":"JOB_SUBMITTED","data":{"job_id":"051425!106","job":{"id":"051425!106","profile":"FT.S.4","res":4,"subtime":14.984220,"walltime":4200}}}]}'
Sending '{"now":14.984232,"events":[]}'
Received '{"now":15.029522,"events":[{"timestamp":15.029522,"type":"JOB_SUBMITTED","data":{"job_id":"051425!107","job":{"id":"051425!107","profile":"LU.S.16","res":16,"subtime":15.029492,"walltime":4200}}}]}'
Sending '{"now":15.029522,"events":[]}'
Received '{"now":15.042405,"events":[{"timestamp":15.042405,"type":"JOB_SUBMITTED","data":{"job_id":"051425!108","job":{"id":"051425!108","profile":"IS.S.16","res":16,"subtime":15.042386,"walltime":4200}}}]}'
Sending '{"now":15.042405,"events":[]}'
Received '{"now":15.061564,"events":[{"timestamp":15.061564,"type":"JOB_COMPLETED","data":{"job_id":"051425!97","job_state":"COMPLETED_SUCCESSFULLY","return_code":0,"kill_reason":"","alloc":"0-15"}}]}'
Sending '{"now":15.061564,"events":[{"timestamp":15.061564,"type":"EXECUTE_JOB","data":{"job_id":"051425!104","alloc":"0-3"}},{"timestamp":15.061564,"type":"EXECUTE_JOB","data":{"job_id":"051425!105","alloc":"4-7"}},{"timestamp":15.061564,"type":"EXECUTE_JOB","data":{"job_id":"051425!106","alloc":"8-11"}}]}'
Received '{"now":15.084942,"events":[{"timestamp":15.084942,"type":"JOB_SUBMITTED","data":{"job_id":"051425!109","job":{"id":"051425!109","profile":"BT.S.4","res":4,"subtime":15.084912,"walltime":4200}}}]}'
Sending '{"now":15.084942,"events":[]}'
Received '{"now":15.085752,"events":[{"timestamp":15.085752,"type":"JOB_COMPLETED","data":{"job_id":"051425!100","job_state":"COMPLETED_SUCCESSFULLY","return_code":0,"kill_reason":"","alloc":"28-43"}}]}'
Sending '{"now":15.085752,"events":[{"timestamp":15.085752,"type":"EXECUTE_JOB","data":{"job_id":"051425!107","alloc":"12-15 28-39"}}]}'
Received '{"now":15.250770,"events":[{"timestamp":15.250770,"type":"JOB_COMPLETED","data":{"job_id":"051425!104","job_state":"COMPLETED_SUCCESSFULLY","return_code":0,"kill_reason":"","alloc":"0-3"}}]}'
Sending '{"now":15.25077,"events":[]}'
Received '{"now":15.267989,"events":[{"timestamp":15.267989,"type":"JOB_SUBMITTED","data":{"job_id":"051425!110","job":{"id":"051425!110","profile":"BT.S.4","res":4,"subtime":15.267967,"walltime":4200}}}]}'
Sending '{"now":15.267989,"events":[]}'
Received '{"now":15.355026,"events":[{"timestamp":15.355026,"type":"JOB_COMPLETED","data":{"job_id":"051425!102","job_state":"COMPLETED_SUCCESSFULLY","return_code":0,"kill_reason":"","alloc":"20-23 52-63"}}]}'
Sending '{"now":15.355026,"events":[{"timestamp":15.355026,"type":"EXECUTE_JOB","data":{"job_id":"051425!108","alloc":"0-3 20-23 40-43 52-55"}},{"timestamp":15.355026,"type":"EXECUTE_JOB","data":{"job_id":"051425!109","alloc":"56-59"}},{"timestamp":15.355026,"type":"EXECUTE_JOB","data":{"job_id":"051425!110","alloc":"60-63"}}]}'
Received '{"now":15.396124,"events":[{"timestamp":15.396124,"type":"JOB_SUBMITTED","data":{"job_id":"051425!111","job":{"id":"051425!111","profile":"FT.S.16","res":16,"subtime":15.396097,"walltime":4200}}}]}'
Sending '{"now":15.396124,"events":[]}'
Received '{"now":15.456215,"events":[{"timestamp":15.456215,"type":"JOB_COMPLETED","data":{"job_id":"051425!108","job_state":"COMPLETED_SUCCESSFULLY","return_code":0,"kill_reason":"","alloc":"0-3 20-23 40-43 52-55"}}]}'
Sending '{"now":15.456215,"events":[{"timestamp":15.456215,"type":"EXECUTE_JOB","data":{"job_id":"051425!111","alloc":"0-3 20-23 40-43 52-55"}}]}'
Received '{"now":15.481508,"events":[{"timestamp":15.481508,"type":"JOB_SUBMITTED","data":{"job_id":"051425!112","job":{"id":"051425!112","profile":"MG.S.4","res":4,"subtime":15.481478,"walltime":4200}}}]}'
Sending '{"now":15.481508,"events":[]}'
Received '{"now":15.502381,"events":[{"timestamp":15.502381,"type":"JOB_SUBMITTED","data":{"job_id":"051425!113","job":{"id":"051425!113","profile":"IS.S.4","res":4,"subtime":15.502351,"walltime":4200}}}]}'
Sending '{"now":15.502381,"events":[]}'
Received '{"now":15.771379,"events":[{"timestamp":15.771379,"type":"JOB_SUBMITTED","data":{"job_id":"051425!114","job":{"id":"051425!114","profile":"SP.S.16","res":16,"subtime":15.771348,"walltime":4200}}}]}'
Sending '{"now":15.771379,"events":[]}'
Received '{"now":15.840144,"events":[{"timestamp":15.840144,"type":"JOB_SUBMITTED","data":{"job_id":"051425!115","job":{"id":"051425!115","profile":"LU.S.16","res":16,"subtime":15.840122,"walltime":4200}}}]}'
Sending '{"now":15.840144,"events":[]}'
Received '{"now":15.888247,"events":[{"timestamp":15.888247,"type":"JOB_SUBMITTED","data":{"job_id":"051425!116","job":{"id":"051425!116","profile":"CG.S.16","res":16,"subtime":15.888220,"walltime":4200}}}]}'
Sending '{"now":15.888247,"events":[]}'
Received '{"now":15.987917,"events":[{"timestamp":15.987917,"type":"JOB_COMPLETED","data":{"job_id":"051425!103","job_state":"COMPLETED_SUCCESSFULLY","return_code":0,"kill_reason":"","alloc":"16-19 24-27 44-51"}}]}'
Sending '{"now":15.987917,"events":[{"timestamp":15.987917,"type":"EXECUTE_JOB","data":{"job_id":"051425!112","alloc":"16-19"}},{"timestamp":15.987917,"type":"EXECUTE_JOB","data":{"job_id":"051425!113","alloc":"24-27"}}]}'
Received '{"now":16.009550,"events":[{"timestamp":16.009550,"type":"JOB_COMPLETED","data":{"job_id":"051425!111","job_state":"COMPLETED_SUCCESSFULLY","return_code":0,"kill_reason":"","alloc":"0-3 20-23 40-43 52-55"}}]}'
Sending '{"now":16.00955,"events":[{"timestamp":16.00955,"type":"EXECUTE_JOB","data":{"job_id":"051425!114","alloc":"0-3 20-23 40-47"}}]}'
Received '{"now":16.029096,"events":[{"timestamp":16.029096,"type":"JOB_COMPLETED","data":{"job_id":"051425!106","job_state":"COMPLETED_SUCCESSFULLY","return_code":0,"kill_reason":"","alloc":"8-11"}}]}'
Sending '{"now":16.029096,"events":[]}'
Received '{"now":16.029508,"events":[{"timestamp":16.029508,"type":"JOB_COMPLETED","data":{"job_id":"051425!105","job_state":"COMPLETED_SUCCESSFULLY","return_code":0,"kill_reason":"","alloc":"4-7"}}]}'
Sending '{"now":16.029508,"events":[{"timestamp":16.029508,"type":"EXECUTE_JOB","data":{"job_id":"051425!115","alloc":"4-11 48-55"}}]}'
Received '{"now":16.056169,"events":[{"timestamp":16.056169,"type":"JOB_COMPLETED","data":{"job_id":"051425!109","job_state":"COMPLETED_SUCCESSFULLY","return_code":0,"kill_reason":"","alloc":"56-59"}}]}'
Sending '{"now":16.056169,"events":[]}'
Received '{"now":16.056395,"events":[{"timestamp":16.056369,"type":"JOB_COMPLETED","data":{"job_id":"051425!110","job_state":"COMPLETED_SUCCESSFULLY","return_code":0,"kill_reason":"","alloc":"60-63"}}]}'
Sending '{"now":16.056395,"events":[]}'
Received '{"now":16.110110,"events":[{"timestamp":16.110110,"type":"JOB_COMPLETED","data":{"job_id":"051425!113","job_state":"COMPLETED_SUCCESSFULLY","return_code":0,"kill_reason":"","alloc":"24-27"}}]}'
Sending '{"now":16.11011,"events":[]}'
Received '{"now":16.126129,"events":[{"timestamp":16.126129,"type":"JOB_COMPLETED","data":{"job_id":"051425!107","job_state":"COMPLETED_SUCCESSFULLY","return_code":0,"kill_reason":"","alloc":"12-15 28-39"}}]}'
Sending '{"now":16.126129,"events":[{"timestamp":16.126129,"type":"EXECUTE_JOB","data":{"job_id":"051425!116","alloc":"12-15 24-35"}}]}'
Received '{"now":16.169719,"events":[{"timestamp":16.169719,"type":"JOB_COMPLETED","data":{"job_id":"051425!112","job_state":"COMPLETED_SUCCESSFULLY","return_code":0,"kill_reason":"","alloc":"16-19"}}]}'
Sending '{"now":16.169719,"events":[]}'
Received '{"now":16.421641,"events":[{"timestamp":16.421641,"type":"JOB_SUBMITTED","data":{"job_id":"051425!117","job":{"id":"051425!117","profile":"IS.S.4","res":4,"subtime":16.421610,"walltime":4200}}}]}'
Sending '{"now":16.421641,"events":[{"timestamp":16.421641,"type":"EXECUTE_JOB","data":{"job_id":"051425!117","alloc":"16-19"}}]}'
Received '{"now":16.466491,"events":[{"timestamp":16.466491,"type":"JOB_SUBMITTED","data":{"job_id":"051425!118","job":{"id":"051425!118","profile":"CG.S.4","res":4,"subtime":16.466468,"walltime":4200}}}]}'
Sending '{"now":16.466491,"events":[{"timestamp":16.466491,"type":"EXECUTE_JOB","data":{"job_id":"051425!118","alloc":"36-39"}}]}'
Received '{"now":16.499665,"events":[{"timestamp":16.499665,"type":"JOB_COMPLETED","data":{"job_id":"051425!117","job_state":"COMPLETED_SUCCESSFULLY","return_code":0,"kill_reason":"","alloc":"16-19"}}]}'
Sending '{"now":16.499665,"events":[]}'
Received '{"now":16.630750,"events":[{"timestamp":16.630750,"type":"JOB_SUBMITTED","data":{"job_id":"051425!119","job":{"id":"051425!119","profile":"FT.S.4","res":4,"subtime":16.630727,"walltime":4200}}}]}'
Sending '{"now":16.63075,"events":[{"timestamp":16.63075,"type":"EXECUTE_JOB","data":{"job_id":"051425!119","alloc":"16-19"}}]}'
Received '{"now":16.647486,"events":[{"timestamp":16.647486,"type":"JOB_SUBMITTED","data":{"job_id":"051425!120","job":{"id":"051425!120","profile":"IS.S.16","res":16,"subtime":16.647465,"walltime":4200}}}]}'
Sending '{"now":16.647486,"events":[]}'
Received '{"now":16.829447,"events":[{"timestamp":16.829447,"type":"JOB_COMPLETED","data":{"job_id":"051425!119","job_state":"COMPLETED_SUCCESSFULLY","return_code":0,"kill_reason":"","alloc":"16-19"}}]}'
Sending '{"now":16.829447,"events":[]}'
Received '{"now":16.870258,"events":[{"timestamp":16.870258,"type":"JOB_COMPLETED","data":{"job_id":"051425!114","job_state":"COMPLETED_SUCCESSFULLY","return_code":0,"kill_reason":"","alloc":"0-3 20-23 40-47"}}]}'
Sending '{"now":16.870258,"events":[{"timestamp":16.870258,"type":"EXECUTE_JOB","data":{"job_id":"051425!120","alloc":"0-3 16-23 40-43"}}]}'
Received '{"now":16.939251,"events":[{"timestamp":16.939251,"type":"JOB_COMPLETED","data":{"job_id":"051425!120","job_state":"COMPLETED_SUCCESSFULLY","return_code":0,"kill_reason":"","alloc":"0-3 16-23 40-43"}}]}'
Sending '{"now":16.939251,"events":[]}'
Received '{"now":17.055043,"events":[{"timestamp":17.055043,"type":"JOB_COMPLETED","data":{"job_id":"051425!115","job_state":"COMPLETED_SUCCESSFULLY","return_code":0,"kill_reason":"","alloc":"4-11 48-55"}}]}'
Sending '{"now":17.055043,"events":[]}'
Received '{"now":17.066001,"events":[{"timestamp":17.066001,"type":"JOB_COMPLETED","data":{"job_id":"051425!118","job_state":"COMPLETED_SUCCESSFULLY","return_code":0,"kill_reason":"","alloc":"36-39"}}]}'
Sending '{"now":17.066001,"events":[]}'
Received '{"now":17.146195,"events":[{"timestamp":17.146195,"type":"JOB_COMPLETED","data":{"job_id":"051425!116","job_state":"COMPLETED_SUCCESSFULLY","return_code":0,"kill_reason":"","alloc":"12-15 24-35"}}]}'
Sending '{"now":17.146195,"events":[]}'
Received '{"now":17.305628,"events":[{"timestamp":17.305628,"type":"JOB_SUBMITTED","data":{"job_id":"051425!121","job":{"id":"051425!121","profile":"FT.S.16","res":16,"subtime":17.305598,"walltime":4200}}}]}'
Sending '{"now":17.305628,"events":[{"timestamp":17.305628,"type":"EXECUTE_JOB","data":{"job_id":"051425!121","alloc":"0-15"}}]}'
Received '{"now":17.385218,"events":[{"timestamp":17.385218,"type":"JOB_SUBMITTED","data":{"job_id":"051425!122","job":{"id":"051425!122","profile":"MG.S.4","res":4,"subtime":17.385188,"walltime":4200}}}]}'
Sending '{"now":17.385218,"events":[{"timestamp":17.385218,"type":"EXECUTE_JOB","data":{"job_id":"051425!122","alloc":"16-19"}}]}'
Received '{"now":17.487071,"events":[{"timestamp":17.487071,"type":"JOB_COMPLETED","data":{"job_id":"051425!121","job_state":"COMPLETED_SUCCESSFULLY","return_code":0,"kill_reason":"","alloc":"0-15"}}]}'
Sending '{"now":17.487071,"events":[]}'
Received '{"now":17.547324,"events":[{"timestamp":17.547324,"type":"JOB_COMPLETED","data":{"job_id":"051425!122","job_state":"COMPLETED_SUCCESSFULLY","return_code":0,"kill_reason":"","alloc":"16-19"}}]}'
Sending '{"now":17.547324,"events":[]}'
Received '{"now":17.597874,"events":[{"timestamp":17.597874,"type":"JOB_SUBMITTED","data":{"job_id":"051425!123","job":{"id":"051425!123","profile":"SP.S.16","res":16,"subtime":17.597844,"walltime":4200}}}]}'
Sending '{"now":17.597874,"events":[{"timestamp":17.597874,"type":"EXECUTE_JOB","data":{"job_id":"051425!123","alloc":"0-15"}}]}'
Received '{"now":17.883758,"events":[{"timestamp":17.883758,"type":"JOB_SUBMITTED","data":{"job_id":"051425!124","job":{"id":"051425!124","profile":"CG.S.16","res":16,"subtime":17.883736,"walltime":4200}}}]}'
Sending '{"now":17.883758,"events":[{"timestamp":17.883758,"type":"EXECUTE_JOB","data":{"job_id":"051425!124","alloc":"16-31"}}]}'
Received '{"now":18.087364,"events":[{"timestamp":18.087364,"type":"JOB_SUBMITTED","data":{"job_id":"051425!125","job":{"id":"051425!125","profile":"CG.S.4","res":4,"subtime":18.087333,"walltime":4200}}}]}'
Sending '{"now":18.087364,"events":[{"timestamp":18.087364,"type":"EXECUTE_JOB","data":{"job_id":"051425!125","alloc":"32-35"}}]}'
Received '{"now":18.163075,"events":[{"timestamp":18.163075,"type":"JOB_SUBMITTED","data":{"job_id":"051425!126","job":{"id":"051425!126","profile":"FT.S.4","res":4,"subtime":18.163047,"walltime":4200}}}]}'
Sending '{"now":18.163075,"events":[{"timestamp":18.163075,"type":"EXECUTE_JOB","data":{"job_id":"051425!126","alloc":"36-39"}}]}'
Received '{"now":18.378462,"events":[{"timestamp":18.378462,"type":"JOB_COMPLETED","data":{"job_id":"051425!126","job_state":"COMPLETED_SUCCESSFULLY","return_code":0,"kill_reason":"","alloc":"36-39"}}]}'
Sending '{"now":18.378462,"events":[]}'
Received '{"now":18.392949,"events":[{"timestamp":18.392949,"type":"JOB_SUBMITTED","data":{"job_id":"051425!127","job":{"id":"051425!127","profile":"FT.S.4","res":4,"subtime":18.392928,"walltime":4200}}}]}'
Sending '{"now":18.392949,"events":[{"timestamp":18.392949,"type":"EXECUTE_JOB","data":{"job_id":"051425!127","alloc":"36-39"}}]}'
Received '{"now":18.409155,"events":[{"timestamp":18.409155,"type":"JOB_SUBMITTED","data":{"job_id":"051425!128","job":{"id":"051425!128","profile":"SP.S.4","res":4,"subtime":18.409130,"walltime":4200}}}]}'
Sending '{"now":18.409155,"events":[{"timestamp":18.409155,"type":"EXECUTE_JOB","data":{"job_id":"051425!128","alloc":"40-43"}}]}'
Received '{"now":18.415412,"events":[{"timestamp":18.415412,"type":"JOB_SUBMITTED","data":{"job_id":"051425!129","job":{"id":"051425!129","profile":"IS.S.4","res":4,"subtime":18.415382,"walltime":4200}}}]}'
Sending '{"now":18.415412,"events":[{"timestamp":18.415412,"type":"EXECUTE_JOB","data":{"job_id":"051425!129","alloc":"44-47"}}]}'
Received '{"now":18.509731,"events":[{"timestamp":18.509731,"type":"JOB_COMPLETED","data":{"job_id":"051425!123","job_state":"COMPLETED_SUCCESSFULLY","return_code":0,"kill_reason":"","alloc":"0-15"}}]}'
Sending '{"now":18.509731,"events":[]}'
Received '{"now":18.530707,"events":[{"timestamp":18.530707,"type":"JOB_COMPLETED","data":{"job_id":"051425!129","job_state":"COMPLETED_SUCCESSFULLY","return_code":0,"kill_reason":"","alloc":"44-47"}}]}'
Sending '{"now":18.530707,"events":[]}'
Received '{"now":18.553390,"events":[{"timestamp":18.553390,"type":"JOB_SUBMITTED","data":{"job_id":"051425!130","job":{"id":"051425!130","profile":"FT.S.4","res":4,"subtime":18.553364,"walltime":4200}}}]}'
Sending '{"now":18.55339,"events":[{"timestamp":18.55339,"type":"EXECUTE_JOB","data":{"job_id":"051425!130","alloc":"0-3"}}]}'
Received '{"now":18.571486,"events":[{"timestamp":18.571486,"type":"JOB_COMPLETED","data":{"job_id":"051425!125","job_state":"COMPLETED_SUCCESSFULLY","return_code":0,"kill_reason":"","alloc":"32-35"}}]}'
Sending '{"now":18.571486,"events":[]}'
Received '{"now":18.596744,"events":[{"timestamp":18.596744,"type":"JOB_SUBMITTED","data":{"job_id":"051425!131","job":{"id":"051425!131","profile":"CG.S.16","res":16,"subtime":18.596714,"walltime":4200}}}]}'
Sending '{"now":18.596744,"events":[{"timestamp":18.596744,"type":"EXECUTE_JOB","data":{"job_id":"051425!131","alloc":"4-15 32-35"}}]}'
Received '{"now":18.613407,"events":[{"timestamp":18.613407,"type":"JOB_SUBMITTED","data":{"job_id":"051425!132","job":{"id":"051425!132","profile":"MG.S.4","res":4,"subtime":18.613377,"walltime":4200}}}]}'
Sending '{"now":18.613407,"events":[{"timestamp":18.613407,"type":"EXECUTE_JOB","data":{"job_id":"051425!132","alloc":"44-47"}}]}'
Received '{"now":18.678191,"events":[{"timestamp":18.678191,"type":"JOB_COMPLETED","data":{"job_id":"051425!127","job_state":"COMPLETED_SUCCESSFULLY","return_code":0,"kill_reason":"","alloc":"36-39"}}]}'
Sending '{"now":18.678191,"events":[]}'
Received '{"now":18.734232,"events":[{"timestamp":18.734232,"type":"JOB_COMPLETED","data":{"job_id":"051425!128","job_state":"COMPLETED_SUCCESSFULLY","return_code":0,"kill_reason":"","alloc":"40-43"}}]}'
Sending '{"now":18.734232,"events":[]}'
Received '{"now":18.749563,"events":[{"timestamp":18.749563,"type":"JOB_SUBMITTED","data":{"job_id":"051425!133","job":{"id":"051425!133","profile":"LU.S.16","res":16,"subtime":18.749533,"walltime":4200}}}]}'
Sending '{"now":18.749563,"events":[{"timestamp":18.749563,"type":"EXECUTE_JOB","data":{"job_id":"051425!133","alloc":"36-43 48-55"}}]}'
Received '{"now":18.762643,"events":[{"timestamp":18.762643,"type":"JOB_COMPLETED","data":{"job_id":"051425!130","job_state":"COMPLETED_SUCCESSFULLY","return_code":0,"kill_reason":"","alloc":"0-3"}}]}'
Sending '{"now":18.762643,"events":[]}'
Received '{"now":18.764897,"events":[{"timestamp":18.764897,"type":"JOB_SUBMITTED","data":{"job_id":"051425!134","job":{"id":"051425!134","profile":"CG.S.4","res":4,"subtime":18.764873,"walltime":4200}}}]}'
Sending '{"now":18.764897,"events":[{"timestamp":18.764897,"type":"EXECUTE_JOB","data":{"job_id":"051425!134","alloc":"0-3"}}]}'
Received '{"now":18.772179,"events":[{"timestamp":18.772179,"type":"JOB_COMPLETED","data":{"job_id":"051425!132","job_state":"COMPLETED_SUCCESSFULLY","return_code":0,"kill_reason":"","alloc":"44-47"}}]}'
Sending '{"now":18.772179,"events":[]}'
Received '{"now":18.812340,"events":[{"timestamp":18.812340,"type":"JOB_SUBMITTED","data":{"job_id":"051425!135","job":{"id":"051425!135","profile":"BT.S.4","res":4,"subtime":18.812310,"walltime":4200}}}]}'
Sending '{"now":18.81234,"events":[{"timestamp":18.81234,"type":"EXECUTE_JOB","data":{"job_id":"051425!135","alloc":"44-47"}}]}'
Received '{"now":18.831522,"events":[{"timestamp":18.831522,"type":"JOB_SUBMITTED","data":{"job_id":"051425!136","job":{"id":"051425!136","profile":"MG.S.4","res":4,"subtime":18.831496,"walltime":4200}}}]}'
Sending '{"now":18.831522,"events":[{"timestamp":18.831522,"type":"EXECUTE_JOB","data":{"job_id":"051425!136","alloc":"56-59"}}]}'
Received '{"now":18.872442,"events":[{"timestamp":18.872442,"type":"JOB_COMPLETED","data":{"job_id":"051425!124","job_state":"COMPLETED_SUCCESSFULLY","return_code":0,"kill_reason":"","alloc":"16-31"}}]}'
Sending '{"now":18.872442,"events":[]}'
Received '{"now":19.010141,"events":[{"timestamp":19.010141,"type":"JOB_COMPLETED","data":{"job_id":"051425!136","job_state":"COMPLETED_SUCCESSFULLY","return_code":0,"kill_reason":"","alloc":"56-59"}}]}'
Sending '{"now":19.010141,"events":[]}'
Received '{"now":19.036549,"events":[{"timestamp":19.036549,"type":"JOB_COMPLETED","data":{"job_id":"051425!135","job_state":"COMPLETED_SUCCESSFULLY","return_code":0,"kill_reason":"","alloc":"44-47"}}]}'
Sending '{"now":19.036549,"events":[]}'
Received '{"now":19.095066,"events":[{"timestamp":19.095066,"type":"JOB_SUBMITTED","data":{"job_id":"051425!137","job":{"id":"051425!137","profile":"MG.S.16","res":16,"subtime":19.095039,"walltime":4200}}}]}'
Sending '{"now":19.095066,"events":[{"timestamp":19.095066,"type":"EXECUTE_JOB","data":{"job_id":"051425!137","alloc":"16-31"}}]}'
Received '{"now":19.169530,"events":[{"timestamp":19.169530,"type":"JOB_SUBMITTED","data":{"job_id":"051425!138","job":{"id":"051425!138","profile":"LU.S.4","res":4,"subtime":19.169501,"walltime":4200}}}]}'
Sending '{"now":19.16953,"events":[{"timestamp":19.16953,"type":"EXECUTE_JOB","data":{"job_id":"051425!138","alloc":"44-47"}}]}'
Received '{"now":19.214404,"events":[{"timestamp":19.214404,"type":"JOB_SUBMITTED","data":{"job_id":"051425!139","job":{"id":"051425!139","profile":"MG.S.16","res":16,"subtime":19.214374,"walltime":4200}}}]}'
Sending '{"now":19.214404,"events":[]}'
Received '{"now":19.253258,"events":[{"timestamp":19.253258,"type":"JOB_SUBMITTED","data":{"job_id":"051425!140","job":{"id":"051425!140","profile":"BT.S.16","res":16,"subtime":19.253233,"walltime":4200}}}]}'
Sending '{"now":19.253258,"events":[]}'
Received '{"now":19.315568,"events":[{"timestamp":19.315568,"type":"JOB_SUBMITTED","data":{"job_id":"051425!141","job":{"id":"051425!141","profile":"MG.S.16","res":16,"subtime":19.315548,"walltime":4200}}}]}'
Sending '{"now":19.315568,"events":[]}'
Received '{"now":19.344803,"events":[{"timestamp":19.344803,"type":"JOB_SUBMITTED","data":{"job_id":"051425!142","job":{"id":"051425!142","profile":"IS.S.16","res":16,"subtime":19.344772,"walltime":4200}}}]}'
Sending '{"now":19.344803,"events":[]}'
Received '{"now":19.356703,"events":[{"timestamp":19.356703,"type":"JOB_COMPLETED","data":{"job_id":"051425!134","job_state":"COMPLETED_SUCCESSFULLY","return_code":0,"kill_reason":"","alloc":"0-3"}}]}'
Sending '{"now":19.356703,"events":[]}'
Received '{"now":19.423739,"events":[{"timestamp":19.423739,"type":"JOB_COMPLETED","data":{"job_id":"051425!137","job_state":"COMPLETED_SUCCESSFULLY","return_code":0,"kill_reason":"","alloc":"16-31"}}]}'
Sending '{"now":19.423739,"events":[{"timestamp":19.423739,"type":"EXECUTE_JOB","data":{"job_id":"051425!139","alloc":"0-3 16-27"}}]}'
Received '{"now":19.574386,"events":[{"timestamp":19.574386,"type":"JOB_COMPLETED","data":{"job_id":"051425!131","job_state":"COMPLETED_SUCCESSFULLY","return_code":0,"kill_reason":"","alloc":"4-15 32-35"}}]}'
Sending '{"now":19.574386,"events":[{"timestamp":19.574386,"type":"EXECUTE_JOB","data":{"job_id":"051425!140","alloc":"4-15 28-31"}}]}'
Received '{"now":19.647938,"events":[{"timestamp":19.647938,"type":"JOB_SUBMITTED","data":{"job_id":"051425!143","job":{"id":"051425!143","profile":"BT.S.4","res":4,"subtime":19.647908,"walltime":4200}}}]}'
Sending '{"now":19.647938,"events":[{"timestamp":19.647938,"type":"EXECUTE_JOB","data":{"job_id":"051425!143","alloc":"56-59"}}]}'
Received '{"now":19.663239,"events":[{"timestamp":19.663239,"type":"JOB_SUBMITTED","data":{"job_id":"051425!144","job":{"id":"051425!144","profile":"FT.S.16","res":16,"subtime":19.663214,"walltime":4200}}}]}'
Sending '{"now":19.663239,"events":[]}'
Received '{"now":19.718065,"events":[{"timestamp":19.718065,"type":"JOB_COMPLETED","data":{"job_id":"051425!133","job_state":"COMPLETED_SUCCESSFULLY","return_code":0,"kill_reason":"","alloc":"36-43 48-55"}}]}'
Sending '{"now":19.718065,"events":[{"timestamp":19.718065,"type":"EXECUTE_JOB","data":{"job_id":"051425!141","alloc":"32-43 48-51"}}]}'
Received '{"now":19.783469,"events":[{"timestamp":19.783469,"type":"JOB_SUBMITTED","data":{"job_id":"051425!145","job":{"id":"051425!145","profile":"MG.S.4","res":4,"subtime":19.783447,"walltime":4200}}}]}'
Sending '{"now":19.783469,"events":[{"timestamp":19.783469,"type":"EXECUTE_JOB","data":{"job_id":"051425!145","alloc":"52-55"}}]}'
Received '{"now":19.809632,"events":[{"timestamp":19.809632,"type":"JOB_COMPLETED","data":{"job_id":"051425!139","job_state":"COMPLETED_SUCCESSFULLY","return_code":0,"kill_reason":"","alloc":"0-3 16-27"}}]}'
Sending '{"now":19.809632,"events":[{"timestamp":19.809632,"type":"EXECUTE_JOB","data":{"job_id":"051425!142","alloc":"0-3 16-27"}}]}'
Received '{"now":19.916187,"events":[{"timestamp":19.916187,"type":"JOB_COMPLETED","data":{"job_id":"051425!142","job_state":"COMPLETED_SUCCESSFULLY","return_code":0,"kill_reason":"","alloc":"0-3 16-27"}}]}'
Sending '{"now":19.916187,"events":[{"timestamp":19.916187,"type":"EXECUTE_JOB","data":{"job_id":"051425!144","alloc":"0-3 16-27"}}]}'
Received '{"now":19.962339,"events":[{"timestamp":19.962339,"type":"JOB_COMPLETED","data":{"job_id":"051425!145","job_state":"COMPLETED_SUCCESSFULLY","return_code":0,"kill_reason":"","alloc":"52-55"}}]}'
Sending '{"now":19.962339,"events":[]}'
Received '{"now":19.985273,"events":[{"timestamp":19.985273,"type":"JOB_COMPLETED","data":{"job_id":"051425!138","job_state":"COMPLETED_SUCCESSFULLY","return_code":0,"kill_reason":"","alloc":"44-47"}}]}'
Sending '{"now":19.985273,"events":[]}'
Received '{"now":20.137882,"events":[{"timestamp":20.137882,"type":"JOB_SUBMITTED","data":{"job_id":"051425!146","job":{"id":"051425!146","profile":"MG.S.4","res":4,"subtime":20.137852,"walltime":4200}}}]}'
Sending '{"now":20.137882,"events":[{"timestamp":20.137882,"type":"EXECUTE_JOB","data":{"job_id":"051425!146","alloc":"44-47"}}]}'
Received '{"now":20.154531,"events":[{"timestamp":20.154531,"type":"JOB_SUBMITTED","data":{"job_id":"051425!147","job":{"id":"051425!147","profile":"FT.S.16","res":16,"subtime":20.154501,"walltime":4200}}}]}'
Sending '{"now":20.154531,"events":[]}'
Received '{"now":20.260288,"events":[{"timestamp":20.260288,"type":"JOB_COMPLETED","data":{"job_id":"051425!141","job_state":"COMPLETED_SUCCESSFULLY","return_code":0,"kill_reason":"","alloc":"32-43 48-51"}}]}'
Sending '{"now":20.260288,"events":[{"timestamp":20.260288,"type":"EXECUTE_JOB","data":{"job_id":"051425!147","alloc":"32-43 48-51"}}]}'
Received '{"now":20.329870,"events":[{"timestamp":20.329870,"type":"JOB_SUBMITTED","data":{"job_id":"051425!148","job":{"id":"051425!148","profile":"CG.S.16","res":16,"subtime":20.329840,"walltime":4200}}}]}'
Sending '{"now":20.32987,"events":[]}'
Received '{"now":20.367160,"events":[{"timestamp":20.367160,"type":"JOB_COMPLETED","data":{"job_id":"051425!143","job_state":"COMPLETED_SUCCESSFULLY","return_code":0,"kill_reason":"","alloc":"56-59"}}]}'
Sending '{"now":20.36716,"events":[]}'
Received '{"now":20.440829,"events":[{"timestamp":20.440829,"type":"JOB_COMPLETED","data":{"job_id":"051425!146","job_state":"COMPLETED_SUCCESSFULLY","return_code":0,"kill_reason":"","alloc":"44-47"}}]}'
Sending '{"now":20.440829,"events":[{"timestamp":20.440829,"type":"EXECUTE_JOB","data":{"job_id":"051425!148","alloc":"44-47 52-63"}}]}'
Received '{"now":20.483501,"events":[{"timestamp":20.483501,"type":"JOB_COMPLETED","data":{"job_id":"051425!144","job_state":"COMPLETED_SUCCESSFULLY","return_code":0,"kill_reason":"","alloc":"0-3 16-27"}}]}'
Sending '{"now":20.483501,"events":[]}'
Received '{"now":20.512724,"events":[{"timestamp":20.512724,"type":"JOB_SUBMITTED","data":{"job_id":"051425!149","job":{"id":"051425!149","profile":"SP.S.16","res":16,"subtime":20.512703,"walltime":4200}}}]}'
Sending '{"now":20.512724,"events":[{"timestamp":20.512724,"type":"EXECUTE_JOB","data":{"job_id":"051425!149","alloc":"0-3 16-27"}}]}'
Received '{"now":20.536136,"events":[{"timestamp":20.536136,"type":"JOB_SUBMITTED","data":{"job_id":"051425!150","job":{"id":"051425!150","profile":"SP.S.4","res":4,"subtime":20.536106,"walltime":4200}}}]}'
Sending '{"now":20.536136,"events":[]}'
Received '{"now":20.563846,"events":[{"timestamp":20.563846,"type":"JOB_SUBMITTED","data":{"job_id":"051425!151","job":{"id":"051425!151","profile":"CG.S.4","res":4,"subtime":20.563816,"walltime":4200}}}]}'
Sending '{"now":20.563846,"events":[]}'
Received '{"now":20.686428,"events":[{"timestamp":20.686428,"type":"JOB_SUBMITTED","data":{"job_id":"051425!152","job":{"id":"051425!152","profile":"BT.S.16","res":16,"subtime":20.686402,"walltime":4200}}}]}'
Sending '{"now":20.686428,"events":[]}'
Received '{"now":20.719806,"events":[{"timestamp":20.719806,"type":"JOB_SUBMITTED","data":{"job_id":"051425!153","job":{"id":"051425!153","profile":"SP.S.16","res":16,"subtime":20.719775,"walltime":4200}}}]}'
Sending '{"now":20.719806,"events":[]}'
Received '{"now":20.729448,"events":[{"timestamp":20.729448,"type":"JOB_COMPLETED","data":{"job_id":"051425!147","job_state":"COMPLETED_SUCCESSFULLY","return_code":0,"kill_reason":"","alloc":"32-43 48-51"}}]}'
Sending '{"now":20.729448,"events":[{"timestamp":20.729448,"type":"EXECUTE_JOB","data":{"job_id":"051425!150","alloc":"32-35"}},{"timestamp":20.729448,"type":"EXECUTE_JOB","data":{"job_id":"051425!151","alloc":"36-39"}}]}'
Received '{"now":20.968809,"events":[{"timestamp":20.968809,"type":"JOB_SUBMITTED","data":{"job_id":"051425!154","job":{"id":"051425!154","profile":"IS.S.4","res":4,"subtime":20.968779,"walltime":4200}}}]}'
Sending '{"now":20.968809,"events":[{"timestamp":20.968809,"type":"EXECUTE_JOB","data":{"job_id":"051425!154","alloc":"40-43"}}]}'
Received '{"now":21.009870,"events":[{"timestamp":21.009870,"type":"JOB_SUBMITTED","data":{"job_id":"051425!155","job":{"id":"051425!155","profile":"MG.S.16","res":16,"subtime":21.009839,"walltime":4200}}}]}'
Sending '{"now":21.00987,"events":[]}'
Received '{"now":21.113035,"events":[{"timestamp":21.113035,"type":"JOB_COMPLETED","data":{"job_id":"051425!150","job_state":"COMPLETED_SUCCESSFULLY","return_code":0,"kill_reason":"","alloc":"32-35"}}]}'
Sending '{"now":21.113035,"events":[]}'
Received '{"now":21.127258,"events":[{"timestamp":21.127258,"type":"JOB_COMPLETED","data":{"job_id":"051425!154","job_state":"COMPLETED_SUCCESSFULLY","return_code":0,"kill_reason":"","alloc":"40-43"}}]}'
Sending '{"now":21.127258,"events":[]}'
Received '{"now":21.136043,"events":[{"timestamp":21.136043,"type":"JOB_COMPLETED","data":{"job_id":"051425!140","job_state":"COMPLETED_SUCCESSFULLY","return_code":0,"kill_reason":"","alloc":"4-15 28-31"}}]}'
Sending '{"now":21.136043,"events":[{"timestamp":21.136043,"type":"EXECUTE_JOB","data":{"job_id":"051425!152","alloc":"4-15 28-31"}}]}'
Received '{"now":21.297227,"events":[{"timestamp":21.297227,"type":"JOB_COMPLETED","data":{"job_id":"051425!151","job_state":"COMPLETED_SUCCESSFULLY","return_code":0,"kill_reason":"","alloc":"36-39"}}]}'
Sending '{"now":21.297227,"events":[{"timestamp":21.297227,"type":"EXECUTE_JOB","data":{"job_id":"051425!153","alloc":"32-43 48-51"}}]}'
Received '{"now":21.324789,"events":[{"timestamp":21.324789,"type":"JOB_SUBMITTED","data":{"job_id":"051425!156","job":{"id":"051425!156","profile":"FT.S.4","res":4,"subtime":21.324769,"walltime":4200}}}]}'
Sending '{"now":21.324789,"events":[]}'
Received '{"now":21.422126,"events":[{"timestamp":21.422126,"type":"JOB_SUBMITTED","data":{"job_id":"051425!157","job":{"id":"051425!157","profile":"SP.S.16","res":16,"subtime":21.422108,"walltime":4200}}}]}'
Sending '{"now":21.422126,"events":[]}'
Received '{"now":21.436504,"events":[{"timestamp":21.436504,"type":"JOB_COMPLETED","data":{"job_id":"051425!148","job_state":"COMPLETED_SUCCESSFULLY","return_code":0,"kill_reason":"","alloc":"44-47 52-63"}}]}'
Sending '{"now":21.436504,"events":[{"timestamp":21.436504,"type":"EXECUTE_JOB","data":{"job_id":"051425!155","alloc":"44-47 52-63"}}]}'
Received '{"now":21.460321,"events":[{"timestamp":21.460321,"type":"JOB_SUBMITTED","data":{"job_id":"051425!158","job":{"id":"051425!158","profile":"IS.S.16","res":16,"subtime":21.460296,"walltime":4200}}}]}'
Sending '{"now":21.460321,"events":[]}'
Received '{"now":21.497614,"events":[{"timestamp":21.497614,"type":"JOB_COMPLETED","data":{"job_id":"051425!149","job_state":"COMPLETED_SUCCESSFULLY","return_code":0,"kill_reason":"","alloc":"0-3 16-27"}}]}'
Sending '{"now":21.497614,"events":[{"timestamp":21.497614,"type":"EXECUTE_JOB","data":{"job_id":"051425!156","alloc":"0-3"}}]}'
Received '{"now":21.581787,"events":[{"timestamp":21.581787,"type":"JOB_SUBMITTED","data":{"job_id":"051425!159","job":{"id":"051425!159","profile":"FT.S.4","res":4,"subtime":21.581765,"walltime":4200}}}]}'
Sending '{"now":21.581787,"events":[{"timestamp":21.581787,"type":"EXECUTE_JOB","data":{"job_id":"051425!159","alloc":"20-23"}}]}'
Received '{"now":21.937368,"events":[{"timestamp":21.937368,"type":"JOB_COMPLETED","data":{"job_id":"051425!155","job_state":"COMPLETED_SUCCESSFULLY","return_code":0,"kill_reason":"","alloc":"44-47 52-63"}}]}'
Sending '{"now":21.937368,"events":[{"timestamp":21.937368,"type":"EXECUTE_JOB","data":{"job_id":"051425!157","alloc":"16-19 24-27 44-47 52-55"}}]}'
Received '{"now":21.976599,"events":[{"timestamp":21.976599,"type":"JOB_COMPLETED","data":{"job_id":"051425!156","job_state":"COMPLETED_SUCCESSFULLY","return_code":0,"kill_reason":"","alloc":"0-3"}}]}'
Sending '{"now":21.976599,"events":[]}'
Received '{"now":22.010888,"events":[{"timestamp":22.010888,"type":"JOB_SUBMITTED","data":{"job_id":"051425!160","job":{"id":"051425!160","profile":"BT.S.16","res":16,"subtime":22.010870,"walltime":4200}}}]}'
Sending '{"now":22.010888,"events":[]}'
Received '{"now":22.315524,"events":[{"timestamp":22.315524,"type":"JOB_COMPLETED","data":{"job_id":"051425!159","job_state":"COMPLETED_SUCCESSFULLY","return_code":0,"kill_reason":"","alloc":"20-23"}}]}'
Sending '{"now":22.315524,"events":[{"timestamp":22.315524,"type":"EXECUTE_JOB","data":{"job_id":"051425!158","alloc":"0-3 20-23 56-63"}}]}'
Received '{"now":22.438126,"events":[{"timestamp":22.438126,"type":"JOB_COMPLETED","data":{"job_id":"051425!158","job_state":"COMPLETED_SUCCESSFULLY","return_code":0,"kill_reason":"","alloc":"0-3 20-23 56-63"}}]}'
Sending '{"now":22.438126,"events":[{"timestamp":22.438126,"type":"EXECUTE_JOB","data":{"job_id":"051425!160","alloc":"0-3 20-23 56-63"}}]}'
Received '{"now":22.531541,"events":[{"timestamp":22.531541,"type":"JOB_COMPLETED","data":{"job_id":"051425!153","job_state":"COMPLETED_SUCCESSFULLY","return_code":0,"kill_reason":"","alloc":"32-43 48-51"}}]}'
Sending '{"now":22.531541,"events":[]}'
Received '{"now":22.691615,"events":[{"timestamp":22.691615,"type":"JOB_COMPLETED","data":{"job_id":"051425!152","job_state":"COMPLETED_SUCCESSFULLY","return_code":0,"kill_reason":"","alloc":"4-15 28-31"}}]}'
Sending '{"now":22.691615,"events":[]}'
Received '{"now":23.116277,"events":[{"timestamp":23.116277,"type":"JOB_COMPLETED","data":{"job_id":"051425!157","job_state":"COMPLETED_SUCCESSFULLY","return_code":0,"kill_reason":"","alloc":"16-19 24-27 44-47 52-55"}}]}'
Sending '{"now":23.116277,"events":[]}'
Received '{"now":23.587136,"events":[{"timestamp":23.587136,"type":"JOB_COMPLETED","data":{"job_id":"051425!160","job_state":"COMPLETED_SUCCESSFULLY","return_code":0,"kill_reason":"","alloc":"0-3 20-23 56-63"}},{"timestamp":23.587136,"type":"SIMULATION_ENDS","data":{}}]}'
Sending '{"now":23.587136,"events":[]}'
