variant_options = '{"custom_mapping": true}'
Received '{"now":0.000000,"events":[{"timestamp":0.000000,"type":"SIMULATION_BEGINS","data":{"nb_resources":64,"allow_time_sharing":false,"config":{"redis":{"enabled":false,"hostname":"127.0.0.1","port":6379,"prefix":"default"},"job_submission":{"forward_profiles":false,"from_scheduler":{"enabled":false,"acknowledge":true}}},"resources_data":[{"id":0,"name":"node-0.simgrid.org","state":"idle","properties":{}},{"id":1,"name":"node-1.simgrid.org","state":"idle","properties":{}},{"id":2,"name":"node-2.simgrid.org","state":"idle","properties":{}},{"id":3,"name":"node-3.simgrid.org","state":"idle","properties":{}},{"id":4,"name":"node-4.simgrid.org","state":"idle","properties":{}},{"id":5,"name":"node-5.simgrid.org","state":"idle","properties":{}},{"id":6,"name":"node-6.simgrid.org","state":"idle","properties":{}},{"id":7,"name":"node-7.simgrid.org","state":"idle","properties":{}},{"id":8,"name":"node-8.simgrid.org","state":"idle","properties":{}},{"id":9,"name":"node-9.simgrid.org","state":"idle","properties":{}},{"id":10,"name":"node-10.simgrid.org","state":"idle","properties":{}},{"id":11,"name":"node-11.simgrid.org","state":"idle","properties":{}},{"id":12,"name":"node-12.simgrid.org","state":"idle","properties":{}},{"id":13,"name":"node-13.simgrid.org","state":"idle","properties":{}},{"id":14,"name":"node-14.simgrid.org","state":"idle","properties":{}},{"id":15,"name":"node-15.simgrid.org","state":"idle","properties":{}},{"id":16,"name":"node-16.simgrid.org","state":"idle","properties":{}},{"id":17,"name":"node-17.simgrid.org","state":"idle","properties":{}},{"id":18,"name":"node-18.simgrid.org","state":"idle","properties":{}},{"id":19,"name":"node-19.simgrid.org","state":"idle","properties":{}},{"id":20,"name":"node-20.simgrid.org","state":"idle","properties":{}},{"id":21,"name":"node-21.simgrid.org","state":"idle","properties":{}},{"id":22,"name":"node-22.simgrid.org","state":"idle","properties":{}},{"id":23,"name":"node-23.simgrid.org","state":"idle","properties":{}},{"id":24,"name":"node-24.simgrid.org","state":"idle","properties":{}},{"id":25,"name":"node-25.simgrid.org","state":"idle","properties":{}},{"id":26,"name":"node-26.simgrid.org","state":"idle","properties":{}},{"id":27,"name":"node-27.simgrid.org","state":"idle","properties":{}},{"id":28,"name":"node-28.simgrid.org","state":"idle","properties":{}},{"id":29,"name":"node-29.simgrid.org","state":"idle","properties":{}},{"id":30,"name":"node-30.simgrid.org","state":"idle","properties":{}},{"id":31,"name":"node-31.simgrid.org","state":"idle","properties":{}},{"id":32,"name":"node-32.simgrid.org","state":"idle","properties":{}},{"id":33,"name":"node-33.simgrid.org","state":"idle","properties":{}},{"id":34,"name":"node-34.simgrid.org","state":"idle","properties":{}},{"id":35,"name":"node-35.simgrid.org","state":"idle","properties":{}},{"id":36,"name":"node-36.simgrid.org","state":"idle","properties":{}},{"id":37,"name":"node-37.simgrid.org","state":"idle","properties":{}},{"id":38,"name":"node-38.simgrid.org","state":"idle","properties":{}},{"id":39,"name":"node-39.simgrid.org","state":"idle","properties":{}},{"id":40,"name":"node-40.simgrid.org","state":"idle","properties":{}},{"id":41,"name":"node-41.simgrid.org","state":"idle","properties":{}},{"id":42,"name":"node-42.simgrid.org","state":"idle","properties":{}},{"id":43,"name":"node-43.simgrid.org","state":"idle","properties":{}},{"id":44,"name":"node-44.simgrid.org","state":"idle","properties":{}},{"id":45,"name":"node-45.simgrid.org","state":"idle","properties":{}},{"id":46,"name":"node-46.simgrid.org","state":"idle","properties":{}},{"id":47,"name":"node-47.simgrid.org","state":"idle","properties":{}},{"id":48,"name":"node-48.simgrid.org","state":"idle","properties":{}},{"id":49,"name":"node-49.simgrid.org","state":"idle","properties":{}},{"id":50,"name":"node-50.simgrid.org","state":"idle","properties":{}},{"id":51,"name":"node-51.simgrid.org","state":"idle","properties":{}},{"id":52,"name":"node-52.simgrid.org","state":"idle","properties":{}},{"id":53,"name":"node-53.simgrid.org","state":"idle","properties":{}},{"id":54,"name":"node-54.simgrid.org","state":"idle","properties":{}},{"id":55,"name":"node-55.simgrid.org","state":"idle","properties":{}},{"id":56,"name":"node-56.simgrid.org","state":"idle","properties":{}},{"id":57,"name":"node-57.simgrid.org","state":"idle","properties":{}},{"id":58,"name":"node-58.simgrid.org","state":"idle","properties":{}},{"id":59,"name":"node-59.simgrid.org","state":"idle","properties":{}},{"id":60,"name":"node-60.simgrid.org","state":"idle","properties":{}},{"id":61,"name":"node-61.simgrid.org","state":"idle","properties":{}},{"id":62,"name":"node-62.simgrid.org","state":"idle","properties":{}},{"id":63,"name":"node-63.simgrid.org","state":"idle","properties":{}}],"workloads":{"ebdc2a":"/github-simgrid/190311/../batsim-v2.0.0/workload_profiles/npb_120_jobs.json"}}}]}'
Sending '{"now":0.0,"events":[]}'
Received '{"now":0.023418,"events":[{"timestamp":0.023418,"type":"JOB_SUBMITTED","data":{"job_id":"ebdc2a!1","job":{"id":"ebdc2a!1","profile":"IS.S.16","res":16,"subtime":0.000309,"walltime":4200}}}]}'
Sending '{"now":0.023418,"events":[{"timestamp":0.023418,"type":"EXECUTE_JOB","data":{"job_id":"ebdc2a!1","alloc":"0-15"}}]}'
Received '{"now":0.170589,"events":[{"timestamp":0.170589,"type":"JOB_COMPLETED","data":{"job_id":"ebdc2a!1","job_state":"COMPLETED_SUCCESSFULLY","return_code":0,"kill_reason":"","alloc":"0-15"}}]}'
Sending '{"now":0.170589,"events":[]}'
Received '{"now":0.186201,"events":[{"timestamp":0.178395,"type":"JOB_SUBMITTED","data":{"job_id":"ebdc2a!2","job":{"id":"ebdc2a!2","profile":"MG.S.16","res":16,"subtime":0.168128,"walltime":4200}}}]}'
Sending '{"now":0.186201,"events":[{"timestamp":0.178395,"type":"EXECUTE_JOB","data":{"job_id":"ebdc2a!2","alloc":"0-15"}}]}'
Received '{"now":0.222805,"events":[{"timestamp":0.222805,"type":"JOB_SUBMITTED","data":{"job_id":"ebdc2a!3","job":{"id":"ebdc2a!3","profile":"LU.S.4","res":4,"subtime":0.214999,"walltime":4200}}}]}'
Sending '{"now":0.222805,"events":[{"timestamp":0.222805,"type":"EXECUTE_JOB","data":{"job_id":"ebdc2a!3","alloc":"16-19"}}]}'
Received '{"now":0.933392,"events":[{"timestamp":0.933392,"type":"JOB_COMPLETED","data":{"job_id":"ebdc2a!2","job_state":"COMPLETED_SUCCESSFULLY","return_code":0,"kill_reason":"","alloc":"0-15"}}]}'
Sending '{"now":0.933392,"events":[]}'
Received '{"now":1.028184,"events":[{"timestamp":1.028184,"type":"JOB_SUBMITTED","data":{"job_id":"ebdc2a!4","job":{"id":"ebdc2a!4","profile":"LU.S.16","res":16,"subtime":1.020378,"walltime":4200}}}]}'
Sending '{"now":1.028184,"events":[{"timestamp":1.028184,"type":"EXECUTE_JOB","data":{"job_id":"ebdc2a!4","alloc":"0-15"}}]}'
Received '{"now":1.055321,"events":[{"timestamp":1.055321,"type":"JOB_SUBMITTED","data":{"job_id":"ebdc2a!5","job":{"id":"ebdc2a!5","profile":"SP.S.4","res":4,"subtime":1.047515,"walltime":4200}}}]}'
Sending '{"now":1.055321,"events":[{"timestamp":1.055321,"type":"EXECUTE_JOB","data":{"job_id":"ebdc2a!5","alloc":"20-23"}}]}'
Received '{"now":1.199897,"events":[{"timestamp":1.199897,"type":"JOB_SUBMITTED","data":{"job_id":"ebdc2a!6","job":{"id":"ebdc2a!6","profile":"SP.S.16","res":16,"subtime":1.192099,"walltime":4200}}}]}'
Sending '{"now":1.199897,"events":[{"timestamp":1.199897,"type":"EXECUTE_JOB","data":{"job_id":"ebdc2a!6","alloc":"24-39"}}]}'
Received '{"now":1.405023,"events":[{"timestamp":1.405023,"type":"JOB_SUBMITTED","data":{"job_id":"ebdc2a!7","job":{"id":"ebdc2a!7","profile":"BT.S.4","res":4,"subtime":1.397217,"walltime":4200}}}]}'
Sending '{"now":1.405023,"events":[{"timestamp":1.405023,"type":"EXECUTE_JOB","data":{"job_id":"ebdc2a!7","alloc":"40-43"}}]}'
Received '{"now":1.798397,"events":[{"timestamp":1.798397,"type":"JOB_SUBMITTED","data":{"job_id":"ebdc2a!8","job":{"id":"ebdc2a!8","profile":"IS.S.4","res":4,"subtime":1.790591,"walltime":4200}}}]}'
Sending '{"now":1.798397,"events":[{"timestamp":1.798397,"type":"EXECUTE_JOB","data":{"job_id":"ebdc2a!8","alloc":"44-47"}}]}'
Received '{"now":1.872505,"events":[{"timestamp":1.872505,"type":"JOB_COMPLETED","data":{"job_id":"ebdc2a!7","job_state":"COMPLETED_SUCCESSFULLY","return_code":0,"kill_reason":"","alloc":"40-43"}}]}'
Sending '{"now":1.872505,"events":[]}'
Received '{"now":1.897982,"events":[{"timestamp":1.897982,"type":"JOB_COMPLETED","data":{"job_id":"ebdc2a!8","job_state":"COMPLETED_SUCCESSFULLY","return_code":0,"kill_reason":"","alloc":"44-47"}}]}'
Sending '{"now":1.897982,"events":[]}'
Received '{"now":1.919438,"events":[{"timestamp":1.911642,"type":"JOB_COMPLETED","data":{"job_id":"ebdc2a!5","job_state":"COMPLETED_SUCCESSFULLY","return_code":0,"kill_reason":"","alloc":"20-23"}}]}'
Sending '{"now":1.919438,"events":[]}'
Received '{"now":2.169338,"events":[{"timestamp":2.169338,"type":"JOB_SUBMITTED","data":{"job_id":"ebdc2a!9","job":{"id":"ebdc2a!9","profile":"BT.S.4","res":4,"subtime":2.161532,"walltime":4200}}}]}'
Sending '{"now":2.169338,"events":[{"timestamp":2.169338,"type":"EXECUTE_JOB","data":{"job_id":"ebdc2a!9","alloc":"20-23"}}]}'
Received '{"now":2.192753,"events":[{"timestamp":2.184947,"type":"JOB_SUBMITTED","data":{"job_id":"ebdc2a!10","job":{"id":"ebdc2a!10","profile":"BT.S.4","res":4,"subtime":2.176730,"walltime":4200}}}]}'
Sending '{"now":2.192753,"events":[{"timestamp":2.184947,"type":"EXECUTE_JOB","data":{"job_id":"ebdc2a!10","alloc":"40-43"}}]}'
Received '{"now":2.351150,"events":[{"timestamp":2.351150,"type":"JOB_SUBMITTED","data":{"job_id":"ebdc2a!11","job":{"id":"ebdc2a!11","profile":"CG.S.16","res":16,"subtime":2.343344,"walltime":4200}}}]}'
Sending '{"now":2.35115,"events":[{"timestamp":2.35115,"type":"EXECUTE_JOB","data":{"job_id":"ebdc2a!11","alloc":"44-59"}}]}'
Received '{"now":2.629486,"events":[{"timestamp":2.629486,"type":"JOB_COMPLETED","data":{"job_id":"ebdc2a!3","job_state":"COMPLETED_SUCCESSFULLY","return_code":0,"kill_reason":"","alloc":"16-19"}}]}'
Sending '{"now":2.629486,"events":[]}'
Received '{"now":2.650952,"events":[{"timestamp":2.643146,"type":"JOB_COMPLETED","data":{"job_id":"ebdc2a!9","job_state":"COMPLETED_SUCCESSFULLY","return_code":0,"kill_reason":"","alloc":"20-23"}}]}'
Sending '{"now":2.650952,"events":[]}'
Received '{"now":2.672419,"events":[{"timestamp":2.664613,"type":"JOB_COMPLETED","data":{"job_id":"ebdc2a!10","job_state":"COMPLETED_SUCCESSFULLY","return_code":0,"kill_reason":"","alloc":"40-43"}}]}'
Sending '{"now":2.672419,"events":[]}'
Received '{"now":2.775903,"events":[{"timestamp":2.775903,"type":"JOB_SUBMITTED","data":{"job_id":"ebdc2a!12","job":{"id":"ebdc2a!12","profile":"FT.S.16","res":16,"subtime":2.768097,"walltime":4200}}}]}'
Sending '{"now":2.775903,"events":[]}'
Received '{"now":3.066318,"events":[{"timestamp":3.066318,"type":"JOB_COMPLETED","data":{"job_id":"ebdc2a!4","job_state":"COMPLETED_SUCCESSFULLY","return_code":0,"kill_reason":"","alloc":"0-15"}}]}'
Sending '{"now":3.066318,"events":[{"timestamp":3.066318,"type":"EXECUTE_JOB","data":{"job_id":"ebdc2a!12","alloc":"0-15"}}]}'
Received '{"now":3.089725,"events":[{"timestamp":3.074124,"type":"JOB_SUBMITTED","data":{"job_id":"ebdc2a!13","job":{"id":"ebdc2a!13","profile":"LU.S.4","res":4,"subtime":3.065002,"walltime":4200}}}]}'
Sending '{"now":3.089725,"events":[{"timestamp":3.074124,"type":"EXECUTE_JOB","data":{"job_id":"ebdc2a!13","alloc":"16-19"}}]}'
Received '{"now":3.180127,"events":[{"timestamp":3.180127,"type":"JOB_SUBMITTED","data":{"job_id":"ebdc2a!14","job":{"id":"ebdc2a!14","profile":"SP.S.16","res":16,"subtime":3.172321,"walltime":4200}}}]}'
Sending '{"now":3.180127,"events":[]}'
Received '{"now":3.277896,"events":[{"timestamp":3.277896,"type":"JOB_SUBMITTED","data":{"job_id":"ebdc2a!15","job":{"id":"ebdc2a!15","profile":"SP.S.4","res":4,"subtime":3.270090,"walltime":4200}}}]}'
Sending '{"now":3.277896,"events":[{"timestamp":3.277896,"type":"EXECUTE_JOB","data":{"job_id":"ebdc2a!15","alloc":"40-43"}}]}'
Received '{"now":3.336752,"events":[{"timestamp":3.336752,"type":"JOB_COMPLETED","data":{"job_id":"ebdc2a!12","job_state":"COMPLETED_SUCCESSFULLY","return_code":0,"kill_reason":"","alloc":"0-15"}}]}'
Sending '{"now":3.336752,"events":[{"timestamp":3.336752,"type":"EXECUTE_JOB","data":{"job_id":"ebdc2a!14","alloc":"0-15"}}]}'
Received '{"now":3.514013,"events":[{"timestamp":3.514013,"type":"JOB_SUBMITTED","data":{"job_id":"ebdc2a!16","job":{"id":"ebdc2a!16","profile":"BT.S.4","res":4,"subtime":3.506207,"walltime":4200}}}]}'
Sending '{"now":3.514013,"events":[{"timestamp":3.514013,"type":"EXECUTE_JOB","data":{"job_id":"ebdc2a!16","alloc":"20-23"}}]}'
Received '{"now":3.715571,"events":[{"timestamp":3.715571,"type":"JOB_SUBMITTED","data":{"job_id":"ebdc2a!17","job":{"id":"ebdc2a!17","profile":"IS.S.16","res":16,"subtime":3.707774,"walltime":4200}}}]}'
Sending '{"now":3.715571,"events":[]}'
Received '{"now":3.912950,"events":[{"timestamp":3.912950,"type":"JOB_SUBMITTED","data":{"job_id":"ebdc2a!18","job":{"id":"ebdc2a!18","profile":"CG.S.4","res":4,"subtime":3.905151,"walltime":4200}}}]}'
Sending '{"now":3.91295,"events":[{"timestamp":3.91295,"type":"EXECUTE_JOB","data":{"job_id":"ebdc2a!18","alloc":"60-63"}}]}'
Received '{"now":3.962168,"events":[{"timestamp":3.962168,"type":"JOB_SUBMITTED","data":{"job_id":"ebdc2a!19","job":{"id":"ebdc2a!19","profile":"MG.S.16","res":16,"subtime":3.954371,"walltime":4200}}}]}'
Sending '{"now":3.962168,"events":[]}'
Received '{"now":3.983635,"events":[{"timestamp":3.983635,"type":"JOB_COMPLETED","data":{"job_id":"ebdc2a!16","job_state":"COMPLETED_SUCCESSFULLY","return_code":0,"kill_reason":"","alloc":"20-23"}}]}'
Sending '{"now":3.983635,"events":[]}'
Received '{"now":4.139058,"events":[{"timestamp":4.139058,"type":"JOB_COMPLETED","data":{"job_id":"ebdc2a!15","job_state":"COMPLETED_SUCCESSFULLY","return_code":0,"kill_reason":"","alloc":"40-43"}}]}'
Sending '{"now":4.139058,"events":[]}'
Received '{"now":4.164095,"events":[{"timestamp":4.164095,"type":"JOB_SUBMITTED","data":{"job_id":"ebdc2a!20","job":{"id":"ebdc2a!20","profile":"MG.S.4","res":4,"subtime":4.156289,"walltime":4200}}}]}'
Sending '{"now":4.164095,"events":[{"timestamp":4.164095,"type":"EXECUTE_JOB","data":{"job_id":"ebdc2a!20","alloc":"40-43"}}]}'
Received '{"now":4.467065,"events":[{"timestamp":4.467065,"type":"JOB_COMPLETED","data":{"job_id":"ebdc2a!6","job_state":"COMPLETED_SUCCESSFULLY","return_code":0,"kill_reason":"","alloc":"24-39"}}]}'
Sending '{"now":4.467065,"events":[{"timestamp":4.467065,"type":"EXECUTE_JOB","data":{"job_id":"ebdc2a!17","alloc":"20-35"}}]}'
Received '{"now":4.547359,"events":[{"timestamp":4.547359,"type":"JOB_SUBMITTED","data":{"job_id":"ebdc2a!21","job":{"id":"ebdc2a!21","profile":"SP.S.16","res":16,"subtime":4.539553,"walltime":4200}}}]}'
Sending '{"now":4.547359,"events":[]}'
Received '{"now":4.602629,"events":[{"timestamp":4.602629,"type":"JOB_COMPLETED","data":{"job_id":"ebdc2a!20","job_state":"COMPLETED_SUCCESSFULLY","return_code":0,"kill_reason":"","alloc":"40-43"}}]}'
Sending '{"now":4.602629,"events":[]}'
Received '{"now":4.642437,"events":[{"timestamp":4.642437,"type":"JOB_COMPLETED","data":{"job_id":"ebdc2a!17","job_state":"COMPLETED_SUCCESSFULLY","return_code":0,"kill_reason":"","alloc":"20-35"}}]}'
Sending '{"now":4.642437,"events":[{"timestamp":4.642437,"type":"EXECUTE_JOB","data":{"job_id":"ebdc2a!19","alloc":"20-35"}}]}'
Received '{"now":4.665855,"events":[{"timestamp":4.650243,"type":"JOB_SUBMITTED","data":{"job_id":"ebdc2a!22","job":{"id":"ebdc2a!22","profile":"FT.S.4","res":4,"subtime":4.633314,"walltime":4200}}}]}'
Sending '{"now":4.665855,"events":[]}'
Received '{"now":5.024941,"events":[{"timestamp":5.024941,"type":"JOB_SUBMITTED","data":{"job_id":"ebdc2a!23","job":{"id":"ebdc2a!23","profile":"CG.S.16","res":16,"subtime":5.017135,"walltime":4200}}}]}'
Sending '{"now":5.024941,"events":[]}'
Received '{"now":5.046408,"events":[{"timestamp":5.038602,"type":"JOB_COMPLETED","data":{"job_id":"ebdc2a!18","job_state":"COMPLETED_SUCCESSFULLY","return_code":0,"kill_reason":"","alloc":"60-63"}}]}'
Sending '{"now":5.046408,"events":[{"timestamp":5.046408,"type":"EXECUTE_JOB","data":{"job_id":"ebdc2a!22","alloc":"60-63"}}]}'
Received '{"now":5.177177,"events":[{"timestamp":5.177177,"type":"JOB_COMPLETED","data":{"job_id":"ebdc2a!22","job_state":"COMPLETED_SUCCESSFULLY","return_code":0,"kill_reason":"","alloc":"60-63"}}]}'
Sending '{"now":5.177177,"events":[]}'
Received '{"now":5.192789,"events":[{"timestamp":5.184983,"type":"JOB_SUBMITTED","data":{"job_id":"ebdc2a!24","job":{"id":"ebdc2a!24","profile":"CG.S.16","res":16,"subtime":5.170768,"walltime":4200}}}]}'
Sending '{"now":5.192789,"events":[]}'
Received '{"now":5.496164,"events":[{"timestamp":5.496164,"type":"JOB_COMPLETED","data":{"job_id":"ebdc2a!13","job_state":"COMPLETED_SUCCESSFULLY","return_code":0,"kill_reason":"","alloc":"16-19"}}]}'
Sending '{"now":5.496164,"events":[]}'
Received '{"now":5.518883,"events":[{"timestamp":5.518883,"type":"JOB_COMPLETED","data":{"job_id":"ebdc2a!14","job_state":"COMPLETED_SUCCESSFULLY","return_code":0,"kill_reason":"","alloc":"0-15"}}]}'
Sending '{"now":5.518883,"events":[{"timestamp":5.518883,"type":"EXECUTE_JOB","data":{"job_id":"ebdc2a!21","alloc":"0-15"}}]}'
Received '{"now":5.563899,"events":[{"timestamp":5.563899,"type":"JOB_COMPLETED","data":{"job_id":"ebdc2a!19","job_state":"COMPLETED_SUCCESSFULLY","return_code":0,"kill_reason":"","alloc":"20-35"}}]}'
Sending '{"now":5.563899,"events":[{"timestamp":5.563899,"type":"EXECUTE_JOB","data":{"job_id":"ebdc2a!23","alloc":"16-31"}}]}'
Received '{"now":5.655865,"events":[{"timestamp":5.655865,"type":"JOB_SUBMITTED","data":{"job_id":"ebdc2a!25","job":{"id":"ebdc2a!25","profile":"CG.S.4","res":4,"subtime":5.648059,"walltime":4200}}}]}'
Sending '{"now":5.655865,"events":[{"timestamp":5.655865,"type":"EXECUTE_JOB","data":{"job_id":"ebdc2a!25","alloc":"60-63"}}]}'
Received '{"now":5.900318,"events":[{"timestamp":5.900318,"type":"JOB_SUBMITTED","data":{"job_id":"ebdc2a!26","job":{"id":"ebdc2a!26","profile":"CG.S.16","res":16,"subtime":5.892512,"walltime":4200}}}]}'
Sending '{"now":5.900318,"events":[]}'
Received '{"now":6.012480,"events":[{"timestamp":6.012480,"type":"JOB_SUBMITTED","data":{"job_id":"ebdc2a!27","job":{"id":"ebdc2a!27","profile":"FT.S.16","res":16,"subtime":6.004678,"walltime":4200}}}]}'
Sending '{"now":6.01248,"events":[]}'
Received '{"now":6.076355,"events":[{"timestamp":6.076355,"type":"JOB_SUBMITTED","data":{"job_id":"ebdc2a!28","job":{"id":"ebdc2a!28","profile":"SP.S.16","res":16,"subtime":6.068549,"walltime":4200}}}]}'
Sending '{"now":6.076355,"events":[]}'
Received '{"now":6.091967,"events":[{"timestamp":6.091967,"type":"JOB_SUBMITTED","data":{"job_id":"ebdc2a!29","job":{"id":"ebdc2a!29","profile":"LU.S.16","res":16,"subtime":6.076547,"walltime":4200}}}]}'
Sending '{"now":6.091967,"events":[]}'
Received '{"now":6.204715,"events":[{"timestamp":6.204715,"type":"JOB_COMPLETED","data":{"job_id":"ebdc2a!11","job_state":"COMPLETED_SUCCESSFULLY","return_code":0,"kill_reason":"","alloc":"44-59"}}]}'
Sending '{"now":6.204715,"events":[{"timestamp":6.204715,"type":"EXECUTE_JOB","data":{"job_id":"ebdc2a!24","alloc":"32-47"}}]}'
Received '{"now":6.343956,"events":[{"timestamp":6.343956,"type":"JOB_SUBMITTED","data":{"job_id":"ebdc2a!30","job":{"id":"ebdc2a!30","profile":"FT.S.16","res":16,"subtime":6.336150,"walltime":4200}}}]}'
Sending '{"now":6.343956,"events":[]}'
Received '{"now":6.412741,"events":[{"timestamp":6.412741,"type":"JOB_SUBMITTED","data":{"job_id":"ebdc2a!31","job":{"id":"ebdc2a!31","profile":"BT.S.16","res":16,"subtime":6.404935,"walltime":4200}}}]}'
Sending '{"now":6.412741,"events":[]}'
Received '{"now":6.534918,"events":[{"timestamp":6.534918,"type":"JOB_SUBMITTED","data":{"job_id":"ebdc2a!32","job":{"id":"ebdc2a!32","profile":"FT.S.16","res":16,"subtime":6.527112,"walltime":4200}}}]}'
Sending '{"now":6.534918,"events":[]}'
Received '{"now":6.590060,"events":[{"timestamp":6.590060,"type":"JOB_SUBMITTED","data":{"job_id":"ebdc2a!33","job":{"id":"ebdc2a!33","profile":"SP.S.4","res":4,"subtime":6.582254,"walltime":4200}}}]}'
Sending '{"now":6.59006,"events":[{"timestamp":6.59006,"type":"EXECUTE_JOB","data":{"job_id":"ebdc2a!33","alloc":"48-51"}}]}'
Received '{"now":6.613488,"events":[{"timestamp":6.613488,"type":"JOB_SUBMITTED","data":{"job_id":"ebdc2a!34","job":{"id":"ebdc2a!34","profile":"LU.S.16","res":16,"subtime":6.598573,"walltime":4200}}}]}'
Sending '{"now":6.613488,"events":[]}'
Received '{"now":6.687882,"events":[{"timestamp":6.687882,"type":"JOB_SUBMITTED","data":{"job_id":"ebdc2a!35","job":{"id":"ebdc2a!35","profile":"MG.S.16","res":16,"subtime":6.680076,"walltime":4200}}}]}'
Sending '{"now":6.687882,"events":[]}'
Received '{"now":6.760349,"events":[{"timestamp":6.760349,"type":"JOB_SUBMITTED","data":{"job_id":"ebdc2a!36","job":{"id":"ebdc2a!36","profile":"SP.S.16","res":16,"subtime":6.752543,"walltime":4200}}}]}'
Sending '{"now":6.760349,"events":[]}'
Received '{"now":6.781825,"events":[{"timestamp":6.781825,"type":"JOB_COMPLETED","data":{"job_id":"ebdc2a!25","job_state":"COMPLETED_SUCCESSFULLY","return_code":0,"kill_reason":"","alloc":"60-63"}}]}'
Sending '{"now":6.781825,"events":[]}'
Received '{"now":6.904532,"events":[{"timestamp":6.904532,"type":"JOB_SUBMITTED","data":{"job_id":"ebdc2a!37","job":{"id":"ebdc2a!37","profile":"MG.S.4","res":4,"subtime":6.896727,"walltime":4200}}}]}'
Sending '{"now":6.904532,"events":[{"timestamp":6.904532,"type":"EXECUTE_JOB","data":{"job_id":"ebdc2a!37","alloc":"52-55"}}]}'
Received '{"now":6.931108,"events":[{"timestamp":6.931108,"type":"JOB_SUBMITTED","data":{"job_id":"ebdc2a!38","job":{"id":"ebdc2a!38","profile":"LU.S.4","res":4,"subtime":6.923302,"walltime":4200}}}]}'
Sending '{"now":6.931108,"events":[{"timestamp":6.931108,"type":"EXECUTE_JOB","data":{"job_id":"ebdc2a!38","alloc":"56-59"}}]}'
Received '{"now":6.954526,"events":[{"timestamp":6.938914,"type":"JOB_SUBMITTED","data":{"job_id":"ebdc2a!39","job":{"id":"ebdc2a!39","profile":"SP.S.16","res":16,"subtime":6.928365,"walltime":4200}}}]}'
Sending '{"now":6.954526,"events":[]}'
Received '{"now":6.998691,"events":[{"timestamp":6.998691,"type":"JOB_SUBMITTED","data":{"job_id":"ebdc2a!40","job":{"id":"ebdc2a!40","profile":"IS.S.4","res":4,"subtime":6.990885,"walltime":4200}}}]}'
Sending '{"now":6.998691,"events":[{"timestamp":6.998691,"type":"EXECUTE_JOB","data":{"job_id":"ebdc2a!40","alloc":"60-63"}}]}'
Received '{"now":7.098363,"events":[{"timestamp":7.098363,"type":"JOB_COMPLETED","data":{"job_id":"ebdc2a!40","job_state":"COMPLETED_SUCCESSFULLY","return_code":0,"kill_reason":"","alloc":"60-63"}}]}'
Sending '{"now":7.098363,"events":[]}'
Received '{"now":7.206122,"events":[{"timestamp":7.206122,"type":"JOB_SUBMITTED","data":{"job_id":"ebdc2a!41","job":{"id":"ebdc2a!41","profile":"FT.S.16","res":16,"subtime":7.198316,"walltime":4200}}}]}'
Sending '{"now":7.206122,"events":[]}'
Received '{"now":7.314264,"events":[{"timestamp":7.314264,"type":"JOB_SUBMITTED","data":{"job_id":"ebdc2a!42","job":{"id":"ebdc2a!42","profile":"LU.S.16","res":16,"subtime":7.306458,"walltime":4200}}}]}'
Sending '{"now":7.314264,"events":[]}'
Received '{"now":7.343140,"events":[{"timestamp":7.343140,"type":"JOB_COMPLETED","data":{"job_id":"ebdc2a!37","job_state":"COMPLETED_SUCCESSFULLY","return_code":0,"kill_reason":"","alloc":"52-55"}}]}'
Sending '{"now":7.34314,"events":[]}'
Received '{"now":7.364771,"events":[{"timestamp":7.364771,"type":"JOB_COMPLETED","data":{"job_id":"ebdc2a!33","job_state":"COMPLETED_SUCCESSFULLY","return_code":0,"kill_reason":"","alloc":"48-51"}}]}'
Sending '{"now":7.364771,"events":[]}'
Received '{"now":7.479310,"events":[{"timestamp":7.479310,"type":"JOB_SUBMITTED","data":{"job_id":"ebdc2a!43","job":{"id":"ebdc2a!43","profile":"IS.S.16","res":16,"subtime":7.471504,"walltime":4200}}}]}'
Sending '{"now":7.47931,"events":[]}'
Received '{"now":7.500786,"events":[{"timestamp":7.500786,"type":"JOB_COMPLETED","data":{"job_id":"ebdc2a!21","job_state":"COMPLETED_SUCCESSFULLY","return_code":0,"kill_reason":"","alloc":"0-15"}}]}'
Sending '{"now":7.500786,"events":[{"timestamp":7.500786,"type":"EXECUTE_JOB","data":{"job_id":"ebdc2a!26","alloc":"0-15"}}]}'
Received '{"now":7.703748,"events":[{"timestamp":7.703748,"type":"JOB_SUBMITTED","data":{"job_id":"ebdc2a!44","job":{"id":"ebdc2a!44","profile":"CG.S.16","res":16,"subtime":7.695949,"walltime":4200}}}]}'
Sending '{"now":7.703748,"events":[]}'
Received '{"now":7.790362,"events":[{"timestamp":7.790362,"type":"JOB_SUBMITTED","data":{"job_id":"ebdc2a!45","job":{"id":"ebdc2a!45","profile":"BT.S.4","res":4,"subtime":7.782556,"walltime":4200}}}]}'
Sending '{"now":7.790362,"events":[{"timestamp":7.790362,"type":"EXECUTE_JOB","data":{"job_id":"ebdc2a!45","alloc":"48-51"}}]}'
Received '{"now":7.967747,"events":[{"timestamp":7.967747,"type":"JOB_SUBMITTED","data":{"job_id":"ebdc2a!46","job":{"id":"ebdc2a!46","profile":"SP.S.4","res":4,"subtime":7.959941,"walltime":4200}}}]}'
Sending '{"now":7.967747,"events":[{"timestamp":7.967747,"type":"EXECUTE_JOB","data":{"job_id":"ebdc2a!46","alloc":"52-55"}}]}'
Received '{"now":7.991175,"events":[{"timestamp":7.983369,"type":"JOB_SUBMITTED","data":{"job_id":"ebdc2a!47","job":{"id":"ebdc2a!47","profile":"CG.S.16","res":16,"subtime":7.973948,"walltime":4200}}}]}'
Sending '{"now":7.991175,"events":[]}'
Received '{"now":8.258429,"events":[{"timestamp":8.258429,"type":"JOB_COMPLETED","data":{"job_id":"ebdc2a!45","job_state":"COMPLETED_SUCCESSFULLY","return_code":0,"kill_reason":"","alloc":"48-51"}}]}'
Sending '{"now":8.258429,"events":[]}'
Received '{"now":8.274041,"events":[{"timestamp":8.274041,"type":"JOB_SUBMITTED","data":{"job_id":"ebdc2a!48","job":{"id":"ebdc2a!48","profile":"CG.S.4","res":4,"subtime":8.264060,"walltime":4200}}}]}'
Sending '{"now":8.274041,"events":[{"timestamp":8.274041,"type":"EXECUTE_JOB","data":{"job_id":"ebdc2a!48","alloc":"48-51"}}]}'
Received '{"now":8.696747,"events":[{"timestamp":8.696747,"type":"JOB_SUBMITTED","data":{"job_id":"ebdc2a!49","job":{"id":"ebdc2a!49","profile":"LU.S.16","res":16,"subtime":8.688941,"walltime":4200}}}]}'
Sending '{"now":8.696747,"events":[]}'
Received '{"now":8.742632,"events":[{"timestamp":8.742632,"type":"JOB_COMPLETED","data":{"job_id":"ebdc2a!46","job_state":"COMPLETED_SUCCESSFULLY","return_code":0,"kill_reason":"","alloc":"52-55"}}]}'
Sending '{"now":8.742632,"events":[]}'
Received '{"now":8.993715,"events":[{"timestamp":8.993715,"type":"JOB_SUBMITTED","data":{"job_id":"ebdc2a!50","job":{"id":"ebdc2a!50","profile":"LU.S.16","res":16,"subtime":8.985909,"walltime":4200}}}]}'
Sending '{"now":8.993715,"events":[]}'
Received '{"now":9.145191,"events":[{"timestamp":9.145191,"type":"JOB_COMPLETED","data":{"job_id":"ebdc2a!23","job_state":"COMPLETED_SUCCESSFULLY","return_code":0,"kill_reason":"","alloc":"16-31"}}]}'
Sending '{"now":9.145191,"events":[{"timestamp":9.145191,"type":"EXECUTE_JOB","data":{"job_id":"ebdc2a!27","alloc":"16-31"}}]}'
Received '{"now":9.200254,"events":[{"timestamp":9.200254,"type":"JOB_SUBMITTED","data":{"job_id":"ebdc2a!51","job":{"id":"ebdc2a!51","profile":"IS.S.4","res":4,"subtime":9.192448,"walltime":4200}}}]}'
Sending '{"now":9.200254,"events":[{"timestamp":9.200254,"type":"EXECUTE_JOB","data":{"job_id":"ebdc2a!51","alloc":"52-55"}}]}'
Received '{"now":9.223672,"events":[{"timestamp":9.208060,"type":"JOB_SUBMITTED","data":{"job_id":"ebdc2a!52","job":{"id":"ebdc2a!52","profile":"CG.S.16","res":16,"subtime":9.194611,"walltime":4200}}}]}'
Sending '{"now":9.223672,"events":[]}'
Received '{"now":9.295491,"events":[{"timestamp":9.295491,"type":"JOB_SUBMITTED","data":{"job_id":"ebdc2a!53","job":{"id":"ebdc2a!53","profile":"SP.S.4","res":4,"subtime":9.287685,"walltime":4200}}}]}'
Sending '{"now":9.295491,"events":[{"timestamp":9.295491,"type":"EXECUTE_JOB","data":{"job_id":"ebdc2a!53","alloc":"60-63"}}]}'
Received '{"now":9.324763,"events":[{"timestamp":9.309151,"type":"JOB_COMPLETED","data":{"job_id":"ebdc2a!51","job_state":"COMPLETED_SUCCESSFULLY","return_code":0,"kill_reason":"","alloc":"52-55"}}]}'
Sending '{"now":9.324763,"events":[]}'
Received '{"now":9.346230,"events":[{"timestamp":9.346230,"type":"JOB_COMPLETED","data":{"job_id":"ebdc2a!38","job_state":"COMPLETED_SUCCESSFULLY","return_code":0,"kill_reason":"","alloc":"56-59"}}]}'
Sending '{"now":9.34623,"events":[]}'
Received '{"now":9.394123,"events":[{"timestamp":9.394123,"type":"JOB_COMPLETED","data":{"job_id":"ebdc2a!48","job_state":"COMPLETED_SUCCESSFULLY","return_code":0,"kill_reason":"","alloc":"48-51"}}]}'
Sending '{"now":9.394123,"events":[]}'
Received '{"now":9.415590,"events":[{"timestamp":9.415590,"type":"JOB_COMPLETED","data":{"job_id":"ebdc2a!27","job_state":"COMPLETED_SUCCESSFULLY","return_code":0,"kill_reason":"","alloc":"16-31"}}]}'
Sending '{"now":9.41559,"events":[{"timestamp":9.41559,"type":"EXECUTE_JOB","data":{"job_id":"ebdc2a!28","alloc":"16-31"}}]}'
Received '{"now":9.459716,"events":[{"timestamp":9.459716,"type":"JOB_SUBMITTED","data":{"job_id":"ebdc2a!54","job":{"id":"ebdc2a!54","profile":"MG.S.16","res":16,"subtime":9.451910,"walltime":4200}}}]}'
Sending '{"now":9.459716,"events":[]}'
Received '{"now":9.599920,"events":[{"timestamp":9.599920,"type":"JOB_SUBMITTED","data":{"job_id":"ebdc2a!55","job":{"id":"ebdc2a!55","profile":"CG.S.16","res":16,"subtime":9.592118,"walltime":4200}}}]}'
Sending '{"now":9.59992,"events":[]}'
Received '{"now":9.623559,"events":[{"timestamp":9.623559,"type":"JOB_SUBMITTED","data":{"job_id":"ebdc2a!56","job":{"id":"ebdc2a!56","profile":"LU.S.4","res":4,"subtime":9.615753,"walltime":4200}}}]}'
Sending '{"now":9.623559,"events":[{"timestamp":9.623559,"type":"EXECUTE_JOB","data":{"job_id":"ebdc2a!56","alloc":"48-51"}}]}'
Received '{"now":9.785933,"events":[{"timestamp":9.785933,"type":"JOB_COMPLETED","data":{"job_id":"ebdc2a!24","job_state":"COMPLETED_SUCCESSFULLY","return_code":0,"kill_reason":"","alloc":"32-47"}}]}'
Sending '{"now":9.785933,"events":[{"timestamp":9.785933,"type":"EXECUTE_JOB","data":{"job_id":"ebdc2a!29","alloc":"32-47"}}]}'
Received '{"now":9.809351,"events":[{"timestamp":9.793739,"type":"JOB_SUBMITTED","data":{"job_id":"ebdc2a!57","job":{"id":"ebdc2a!57","profile":"SP.S.16","res":16,"subtime":9.778172,"walltime":4200}}}]}'
Sending '{"now":9.809351,"events":[]}'
Received '{"now":9.950336,"events":[{"timestamp":9.950336,"type":"JOB_SUBMITTED","data":{"job_id":"ebdc2a!58","job":{"id":"ebdc2a!58","profile":"FT.S.16","res":16,"subtime":9.942530,"walltime":4200}}}]}'
Sending '{"now":9.950336,"events":[]}'
Received '{"now":10.086550,"events":[{"timestamp":10.086550,"type":"JOB_COMPLETED","data":{"job_id":"ebdc2a!53","job_state":"COMPLETED_SUCCESSFULLY","return_code":0,"kill_reason":"","alloc":"60-63"}}]}'
Sending '{"now":10.08655,"events":[]}'
Received '{"now":10.514599,"events":[{"timestamp":10.514599,"type":"JOB_SUBMITTED","data":{"job_id":"ebdc2a!59","job":{"id":"ebdc2a!59","profile":"FT.S.4","res":4,"subtime":10.506793,"walltime":4200}}}]}'
Sending '{"now":10.514599,"events":[{"timestamp":10.514599,"type":"EXECUTE_JOB","data":{"job_id":"ebdc2a!59","alloc":"52-55"}}]}'
Received '{"now":10.598426,"events":[{"timestamp":10.598426,"type":"JOB_SUBMITTED","data":{"job_id":"ebdc2a!60","job":{"id":"ebdc2a!60","profile":"IS.S.16","res":16,"subtime":10.590620,"walltime":4200}}}]}'
Sending '{"now":10.598426,"events":[]}'
Received '{"now":10.645344,"events":[{"timestamp":10.645344,"type":"JOB_COMPLETED","data":{"job_id":"ebdc2a!59","job_state":"COMPLETED_SUCCESSFULLY","return_code":0,"kill_reason":"","alloc":"52-55"}}]}'
Sending '{"now":10.645344,"events":[]}'
Received '{"now":10.663259,"events":[{"timestamp":10.663259,"type":"JOB_SUBMITTED","data":{"job_id":"ebdc2a!61","job":{"id":"ebdc2a!61","profile":"BT.S.4","res":4,"subtime":10.655453,"walltime":4200}}}]}'
Sending '{"now":10.663259,"events":[{"timestamp":10.663259,"type":"EXECUTE_JOB","data":{"job_id":"ebdc2a!61","alloc":"52-55"}}]}'
Received '{"now":10.747792,"events":[{"timestamp":10.747792,"type":"JOB_SUBMITTED","data":{"job_id":"ebdc2a!62","job":{"id":"ebdc2a!62","profile":"BT.S.4","res":4,"subtime":10.739986,"walltime":4200}}}]}'
Sending '{"now":10.747792,"events":[{"timestamp":10.747792,"type":"EXECUTE_JOB","data":{"job_id":"ebdc2a!62","alloc":"56-59"}}]}'
Received '{"now":10.840185,"events":[{"timestamp":10.840185,"type":"JOB_SUBMITTED","data":{"job_id":"ebdc2a!63","job":{"id":"ebdc2a!63","profile":"CG.S.16","res":16,"subtime":10.832379,"walltime":4200}}}]}'
Sending '{"now":10.840185,"events":[]}'
Received '{"now":11.081922,"events":[{"timestamp":11.081922,"type":"JOB_COMPLETED","data":{"job_id":"ebdc2a!26","job_state":"COMPLETED_SUCCESSFULLY","return_code":0,"kill_reason":"","alloc":"0-15"}}]}'
Sending '{"now":11.081922,"events":[{"timestamp":11.081922,"type":"EXECUTE_JOB","data":{"job_id":"ebdc2a!30","alloc":"0-15"}}]}'
Received '{"now":11.131290,"events":[{"timestamp":11.131290,"type":"JOB_COMPLETED","data":{"job_id":"ebdc2a!61","job_state":"COMPLETED_SUCCESSFULLY","return_code":0,"kill_reason":"","alloc":"52-55"}}]}'
Sending '{"now":11.13129,"events":[]}'
Received '{"now":11.215785,"events":[{"timestamp":11.215785,"type":"JOB_COMPLETED","data":{"job_id":"ebdc2a!62","job_state":"COMPLETED_SUCCESSFULLY","return_code":0,"kill_reason":"","alloc":"56-59"}}]}'
Sending '{"now":11.215785,"events":[]}'
Received '{"now":11.344706,"events":[{"timestamp":11.344706,"type":"JOB_COMPLETED","data":{"job_id":"ebdc2a!30","job_state":"COMPLETED_SUCCESSFULLY","return_code":0,"kill_reason":"","alloc":"0-15"}}]}'
Sending '{"now":11.344706,"events":[{"timestamp":11.344706,"type":"EXECUTE_JOB","data":{"job_id":"ebdc2a!31","alloc":"0-15"}}]}'
Received '{"now":11.373979,"events":[{"timestamp":11.373979,"type":"JOB_COMPLETED","data":{"job_id":"ebdc2a!28","job_state":"COMPLETED_SUCCESSFULLY","return_code":0,"kill_reason":"","alloc":"16-31"}}]}'
Sending '{"now":11.373979,"events":[{"timestamp":11.373979,"type":"EXECUTE_JOB","data":{"job_id":"ebdc2a!32","alloc":"16-31"}}]}'
Received '{"now":11.490211,"events":[{"timestamp":11.490211,"type":"JOB_SUBMITTED","data":{"job_id":"ebdc2a!64","job":{"id":"ebdc2a!64","profile":"CG.S.16","res":16,"subtime":11.482405,"walltime":4200}}}]}'
Sending '{"now":11.490211,"events":[]}'
Received '{"now":11.636839,"events":[{"timestamp":11.636839,"type":"JOB_COMPLETED","data":{"job_id":"ebdc2a!32","job_state":"COMPLETED_SUCCESSFULLY","return_code":0,"kill_reason":"","alloc":"16-31"}}]}'
Sending '{"now":11.636839,"events":[{"timestamp":11.636839,"type":"EXECUTE_JOB","data":{"job_id":"ebdc2a!34","alloc":"16-31"}}]}'
Received '{"now":11.725034,"events":[{"timestamp":11.725034,"type":"JOB_SUBMITTED","data":{"job_id":"ebdc2a!65","job":{"id":"ebdc2a!65","profile":"BT.S.4","res":4,"subtime":11.717228,"walltime":4200}}}]}'
Sending '{"now":11.725034,"events":[]}'
Received '{"now":11.741804,"events":[{"timestamp":11.741804,"type":"JOB_SUBMITTED","data":{"job_id":"ebdc2a!66","job":{"id":"ebdc2a!66","profile":"LU.S.4","res":4,"subtime":11.733998,"walltime":4200}}}]}'
Sending '{"now":11.741804,"events":[]}'
Received '{"now":11.832658,"events":[{"timestamp":11.832658,"type":"JOB_COMPLETED","data":{"job_id":"ebdc2a!29","job_state":"COMPLETED_SUCCESSFULLY","return_code":0,"kill_reason":"","alloc":"32-47"}}]}'
Sending '{"now":11.832658,"events":[{"timestamp":11.832658,"type":"EXECUTE_JOB","data":{"job_id":"ebdc2a!35","alloc":"32-47"}}]}'
Received '{"now":11.938969,"events":[{"timestamp":11.938969,"type":"JOB_SUBMITTED","data":{"job_id":"ebdc2a!67","job":{"id":"ebdc2a!67","profile":"SP.S.4","res":4,"subtime":11.931163,"walltime":4200}}}]}'
Sending '{"now":11.938969,"events":[]}'
Received '{"now":12.015242,"events":[{"timestamp":12.015242,"type":"JOB_SUBMITTED","data":{"job_id":"ebdc2a!68","job":{"id":"ebdc2a!68","profile":"IS.S.16","res":16,"subtime":12.007436,"walltime":4200}}}]}'
Sending '{"now":12.015242,"events":[]}'
Received '{"now":12.036712,"events":[{"timestamp":12.036712,"type":"JOB_COMPLETED","data":{"job_id":"ebdc2a!56","job_state":"COMPLETED_SUCCESSFULLY","return_code":0,"kill_reason":"","alloc":"48-51"}}]}'
Sending '{"now":12.036712,"events":[{"timestamp":12.036712,"type":"EXECUTE_JOB","data":{"job_id":"ebdc2a!36","alloc":"48-63"}}]}'
Received '{"now":12.107692,"events":[{"timestamp":12.107692,"type":"JOB_SUBMITTED","data":{"job_id":"ebdc2a!69","job":{"id":"ebdc2a!69","profile":"IS.S.4","res":4,"subtime":12.099886,"walltime":4200}}}]}'
Sending '{"now":12.107692,"events":[]}'
Received '{"now":12.155238,"events":[{"timestamp":12.155238,"type":"JOB_SUBMITTED","data":{"job_id":"ebdc2a!70","job":{"id":"ebdc2a!70","profile":"FT.S.4","res":4,"subtime":12.147432,"walltime":4200}}}]}'
Sending '{"now":12.155238,"events":[]}'
Received '{"now":12.170850,"events":[{"timestamp":12.170850,"type":"JOB_SUBMITTED","data":{"job_id":"ebdc2a!71","job":{"id":"ebdc2a!71","profile":"BT.S.16","res":16,"subtime":12.160323,"walltime":4200}}}]}'
Sending '{"now":12.17085,"events":[]}'
Received '{"now":12.369497,"events":[{"timestamp":12.369497,"type":"JOB_SUBMITTED","data":{"job_id":"ebdc2a!72","job":{"id":"ebdc2a!72","profile":"FT.S.4","res":4,"subtime":12.361691,"walltime":4200}}}]}'
Sending '{"now":12.369497,"events":[]}'
Received '{"now":12.395718,"events":[{"timestamp":12.395718,"type":"JOB_SUBMITTED","data":{"job_id":"ebdc2a!73","job":{"id":"ebdc2a!73","profile":"SP.S.16","res":16,"subtime":12.387914,"walltime":4200}}}]}'
Sending '{"now":12.395718,"events":[]}'
Received '{"now":12.423150,"events":[{"timestamp":12.423150,"type":"JOB_SUBMITTED","data":{"job_id":"ebdc2a!74","job":{"id":"ebdc2a!74","profile":"FT.S.4","res":4,"subtime":12.415344,"walltime":4200}}}]}'
Sending '{"now":12.42315,"events":[]}'
Received '{"now":12.476573,"events":[{"timestamp":12.476573,"type":"JOB_COMPLETED","data":{"job_id":"ebdc2a!31","job_state":"COMPLETED_SUCCESSFULLY","return_code":0,"kill_reason":"","alloc":"0-15"}}]}'
Sending '{"now":12.476573,"events":[{"timestamp":12.476573,"type":"EXECUTE_JOB","data":{"job_id":"ebdc2a!39","alloc":"0-15"}}]}'
Received '{"now":12.579600,"events":[{"timestamp":12.579600,"type":"JOB_COMPLETED","data":{"job_id":"ebdc2a!35","job_state":"COMPLETED_SUCCESSFULLY","return_code":0,"kill_reason":"","alloc":"32-47"}}]}'
Sending '{"now":12.5796,"events":[{"timestamp":12.5796,"type":"EXECUTE_JOB","data":{"job_id":"ebdc2a!41","alloc":"32-47"}}]}'
Received '{"now":12.759187,"events":[{"timestamp":12.759187,"type":"JOB_SUBMITTED","data":{"job_id":"ebdc2a!75","job":{"id":"ebdc2a!75","profile":"MG.S.16","res":16,"subtime":12.751381,"walltime":4200}}}]}'
Sending '{"now":12.759187,"events":[]}'
Received '{"now":12.774797,"events":[{"timestamp":12.774797,"type":"JOB_SUBMITTED","data":{"job_id":"ebdc2a!76","job":{"id":"ebdc2a!76","profile":"CG.S.16","res":16,"subtime":12.765858,"walltime":4200}}}]}'
Sending '{"now":12.774797,"events":[]}'
Received '{"now":12.842261,"events":[{"timestamp":12.842261,"type":"JOB_COMPLETED","data":{"job_id":"ebdc2a!41","job_state":"COMPLETED_SUCCESSFULLY","return_code":0,"kill_reason":"","alloc":"32-47"}}]}'
Sending '{"now":12.842261,"events":[{"timestamp":12.842261,"type":"EXECUTE_JOB","data":{"job_id":"ebdc2a!42","alloc":"32-47"}}]}'
Received '{"now":12.899395,"events":[{"timestamp":12.899395,"type":"JOB_SUBMITTED","data":{"job_id":"ebdc2a!77","job":{"id":"ebdc2a!77","profile":"FT.S.16","res":16,"subtime":12.891589,"walltime":4200}}}]}'
Sending '{"now":12.899395,"events":[]}'
Received '{"now":13.190358,"events":[{"timestamp":13.190358,"type":"JOB_SUBMITTED","data":{"job_id":"ebdc2a!78","job":{"id":"ebdc2a!78","profile":"MG.S.16","res":16,"subtime":13.182552,"walltime":4200}}}]}'
Sending '{"now":13.190358,"events":[]}'
Received '{"now":13.382695,"events":[{"timestamp":13.382695,"type":"JOB_SUBMITTED","data":{"job_id":"ebdc2a!79","job":{"id":"ebdc2a!79","profile":"LU.S.4","res":4,"subtime":13.374894,"walltime":4200}}}]}'
Sending '{"now":13.382695,"events":[]}'
Received '{"now":13.549995,"events":[{"timestamp":13.549995,"type":"JOB_SUBMITTED","data":{"job_id":"ebdc2a!80","job":{"id":"ebdc2a!80","profile":"CG.S.16","res":16,"subtime":13.542189,"walltime":4200}}}]}'
Sending '{"now":13.549995,"events":[]}'
Received '{"now":13.580595,"events":[{"timestamp":13.580595,"type":"JOB_SUBMITTED","data":{"job_id":"ebdc2a!81","job":{"id":"ebdc2a!81","profile":"IS.S.4","res":4,"subtime":13.572789,"walltime":4200}}}]}'
Sending '{"now":13.580595,"events":[]}'
Received '{"now":13.636623,"events":[{"timestamp":13.636623,"type":"JOB_SUBMITTED","data":{"job_id":"ebdc2a!82","job":{"id":"ebdc2a!82","profile":"FT.S.16","res":16,"subtime":13.628817,"walltime":4200}}}]}'
Sending '{"now":13.636623,"events":[]}'
Received '{"now":13.675789,"events":[{"timestamp":13.675789,"type":"JOB_COMPLETED","data":{"job_id":"ebdc2a!34","job_state":"COMPLETED_SUCCESSFULLY","return_code":0,"kill_reason":"","alloc":"16-31"}}]}'
Sending '{"now":13.675789,"events":[{"timestamp":13.675789,"type":"EXECUTE_JOB","data":{"job_id":"ebdc2a!43","alloc":"16-31"}}]}'
Received '{"now":13.822906,"events":[{"timestamp":13.822906,"type":"JOB_COMPLETED","data":{"job_id":"ebdc2a!43","job_state":"COMPLETED_SUCCESSFULLY","return_code":0,"kill_reason":"","alloc":"16-31"}}]}'
Sending '{"now":13.822906,"events":[{"timestamp":13.822906,"type":"EXECUTE_JOB","data":{"job_id":"ebdc2a!44","alloc":"16-31"}}]}'
Received '{"now":14.006465,"events":[{"timestamp":14.006465,"type":"JOB_SUBMITTED","data":{"job_id":"ebdc2a!83","job":{"id":"ebdc2a!83","profile":"MG.S.4","res":4,"subtime":13.998659,"walltime":4200}}}]}'
Sending '{"now":14.006465,"events":[]}'
Received '{"now":14.027932,"events":[{"timestamp":14.020126,"type":"JOB_COMPLETED","data":{"job_id":"ebdc2a!36","job_state":"COMPLETED_SUCCESSFULLY","return_code":0,"kill_reason":"","alloc":"48-63"}}]}'
Sending '{"now":14.027932,"events":[{"timestamp":14.027932,"type":"EXECUTE_JOB","data":{"job_id":"ebdc2a!47","alloc":"48-63"}}]}'
Received '{"now":14.122829,"events":[{"timestamp":14.122829,"type":"JOB_SUBMITTED","data":{"job_id":"ebdc2a!84","job":{"id":"ebdc2a!84","profile":"IS.S.4","res":4,"subtime":14.115023,"walltime":4200}}}]}'
Sending '{"now":14.122829,"events":[]}'
Received '{"now":14.467947,"events":[{"timestamp":14.467947,"type":"JOB_COMPLETED","data":{"job_id":"ebdc2a!39","job_state":"COMPLETED_SUCCESSFULLY","return_code":0,"kill_reason":"","alloc":"0-15"}}]}'
Sending '{"now":14.467947,"events":[{"timestamp":14.467947,"type":"EXECUTE_JOB","data":{"job_id":"ebdc2a!49","alloc":"0-15"}}]}'
Received '{"now":14.518851,"events":[{"timestamp":14.518851,"type":"JOB_SUBMITTED","data":{"job_id":"ebdc2a!85","job":{"id":"ebdc2a!85","profile":"MG.S.4","res":4,"subtime":14.511045,"walltime":4200}}}]}'
Sending '{"now":14.518851,"events":[]}'
Received '{"now":14.569228,"events":[{"timestamp":14.569228,"type":"JOB_SUBMITTED","data":{"job_id":"ebdc2a!86","job":{"id":"ebdc2a!86","profile":"SP.S.4","res":4,"subtime":14.561422,"walltime":4200}}}]}'
Sending '{"now":14.569228,"events":[]}'
Received '{"now":14.742053,"events":[{"timestamp":14.742053,"type":"JOB_SUBMITTED","data":{"job_id":"ebdc2a!87","job":{"id":"ebdc2a!87","profile":"FT.S.16","res":16,"subtime":14.734247,"walltime":4200}}}]}'
Sending '{"now":14.742053,"events":[]}'
Received '{"now":14.757665,"events":[{"timestamp":14.749859,"type":"JOB_SUBMITTED","data":{"job_id":"ebdc2a!88","job":{"id":"ebdc2a!88","profile":"LU.S.4","res":4,"subtime":14.735217,"walltime":4200}}}]}'
Sending '{"now":14.757665,"events":[]}'
Received '{"now":14.808089,"events":[{"timestamp":14.808089,"type":"JOB_SUBMITTED","data":{"job_id":"ebdc2a!89","job":{"id":"ebdc2a!89","profile":"CG.S.16","res":16,"subtime":14.800283,"walltime":4200}}}]}'
Sending '{"now":14.808089,"events":[]}'
Received '{"now":14.881433,"events":[{"timestamp":14.881433,"type":"JOB_COMPLETED","data":{"job_id":"ebdc2a!42","job_state":"COMPLETED_SUCCESSFULLY","return_code":0,"kill_reason":"","alloc":"32-47"}}]}'
Sending '{"now":14.881433,"events":[{"timestamp":14.881433,"type":"EXECUTE_JOB","data":{"job_id":"ebdc2a!50","alloc":"32-47"}}]}'
Received '{"now":14.904861,"events":[{"timestamp":14.897055,"type":"JOB_SUBMITTED","data":{"job_id":"ebdc2a!90","job":{"id":"ebdc2a!90","profile":"LU.S.4","res":4,"subtime":14.882393,"walltime":4200}}}]}'
Sending '{"now":14.904861,"events":[]}'
Received '{"now":14.991334,"events":[{"timestamp":14.991334,"type":"JOB_SUBMITTED","data":{"job_id":"ebdc2a!91","job":{"id":"ebdc2a!91","profile":"SP.S.16","res":16,"subtime":14.983528,"walltime":4200}}}]}'
Sending '{"now":14.991334,"events":[]}'
Received '{"now":15.032699,"events":[{"timestamp":15.032699,"type":"JOB_SUBMITTED","data":{"job_id":"ebdc2a!92","job":{"id":"ebdc2a!92","profile":"BT.S.4","res":4,"subtime":15.024893,"walltime":4200}}}]}'
Sending '{"now":15.032699,"events":[]}'
Received '{"now":15.051020,"events":[{"timestamp":15.051020,"type":"JOB_SUBMITTED","data":{"job_id":"ebdc2a!93","job":{"id":"ebdc2a!93","profile":"SP.S.16","res":16,"subtime":15.043214,"walltime":4200}}}]}'
Sending '{"now":15.05102,"events":[]}'
Received '{"now":15.101966,"events":[{"timestamp":15.101966,"type":"JOB_SUBMITTED","data":{"job_id":"ebdc2a!94","job":{"id":"ebdc2a!94","profile":"MG.S.16","res":16,"subtime":15.094163,"walltime":4200}}}]}'
Sending '{"now":15.101965999999999,"events":[]}'
Received '{"now":15.142796,"events":[{"timestamp":15.142796,"type":"JOB_SUBMITTED","data":{"job_id":"ebdc2a!95","job":{"id":"ebdc2a!95","profile":"LU.S.16","res":16,"subtime":15.134990,"walltime":4200}}}]}'
Sending '{"now":15.142796,"events":[]}'
Received '{"now":15.158408,"events":[{"timestamp":15.158408,"type":"JOB_SUBMITTED","data":{"job_id":"ebdc2a!96","job":{"id":"ebdc2a!96","profile":"FT.S.4","res":4,"subtime":15.148773,"walltime":4200}}}]}'
Sending '{"now":15.158408,"events":[]}'
Received '{"now":15.184006,"events":[{"timestamp":15.184006,"type":"JOB_SUBMITTED","data":{"job_id":"ebdc2a!97","job":{"id":"ebdc2a!97","profile":"LU.S.16","res":16,"subtime":15.176200,"walltime":4200}}}]}'
Sending '{"now":15.184006,"events":[]}'
Received '{"now":15.243856,"events":[{"timestamp":15.243856,"type":"JOB_SUBMITTED","data":{"job_id":"ebdc2a!98","job":{"id":"ebdc2a!98","profile":"SP.S.16","res":16,"subtime":15.236050,"walltime":4200}}}]}'
Sending '{"now":15.243856,"events":[]}'
Received '{"now":15.580355,"events":[{"timestamp":15.580355,"type":"JOB_SUBMITTED","data":{"job_id":"ebdc2a!99","job":{"id":"ebdc2a!99","profile":"CG.S.16","res":16,"subtime":15.572549,"walltime":4200}}}]}'
Sending '{"now":15.580355,"events":[]}'
Received '{"now":15.630531,"events":[{"timestamp":15.630531,"type":"JOB_SUBMITTED","data":{"job_id":"ebdc2a!100","job":{"id":"ebdc2a!100","profile":"BT.S.16","res":16,"subtime":15.622725,"walltime":4200}}}]}'
Sending '{"now":15.630531,"events":[]}'
Received '{"now":15.933253,"events":[{"timestamp":15.933253,"type":"JOB_SUBMITTED","data":{"job_id":"ebdc2a!101","job":{"id":"ebdc2a!101","profile":"LU.S.16","res":16,"subtime":15.925447,"walltime":4200}}}]}'
Sending '{"now":15.933253,"events":[]}'
Received '{"now":16.023062,"events":[{"timestamp":16.023062,"type":"JOB_SUBMITTED","data":{"job_id":"ebdc2a!102","job":{"id":"ebdc2a!102","profile":"IS.S.16","res":16,"subtime":16.015256,"walltime":4200}}}]}'
Sending '{"now":16.023062,"events":[]}'
Received '{"now":16.060737,"events":[{"timestamp":16.060737,"type":"JOB_SUBMITTED","data":{"job_id":"ebdc2a!103","job":{"id":"ebdc2a!103","profile":"CG.S.16","res":16,"subtime":16.052931,"walltime":4200}}}]}'
Sending '{"now":16.060737,"events":[]}'
Received '{"now":16.081682,"events":[{"timestamp":16.081682,"type":"JOB_SUBMITTED","data":{"job_id":"ebdc2a!104","job":{"id":"ebdc2a!104","profile":"BT.S.4","res":4,"subtime":16.073876,"walltime":4200}}}]}'
Sending '{"now":16.081682,"events":[]}'
Received '{"now":16.330715,"events":[{"timestamp":16.330715,"type":"JOB_SUBMITTED","data":{"job_id":"ebdc2a!105","job":{"id":"ebdc2a!105","profile":"MG.S.16","res":16,"subtime":16.322909,"walltime":4200}}}]}'
Sending '{"now":16.330715,"events":[]}'
Received '{"now":16.507316,"events":[{"timestamp":16.507316,"type":"JOB_COMPLETED","data":{"job_id":"ebdc2a!49","job_state":"COMPLETED_SUCCESSFULLY","return_code":0,"kill_reason":"","alloc":"0-15"}}]}'
Sending '{"now":16.507316,"events":[{"timestamp":16.507316,"type":"EXECUTE_JOB","data":{"job_id":"ebdc2a!52","alloc":"0-15"}}]}'
Received '{"now":16.906186,"events":[{"timestamp":16.906186,"type":"JOB_SUBMITTED","data":{"job_id":"ebdc2a!106","job":{"id":"ebdc2a!106","profile":"IS.S.16","res":16,"subtime":16.898380,"walltime":4200}}}]}'
Sending '{"now":16.906186,"events":[]}'
Received '{"now":16.927653,"events":[{"timestamp":16.927653,"type":"JOB_COMPLETED","data":{"job_id":"ebdc2a!50","job_state":"COMPLETED_SUCCESSFULLY","return_code":0,"kill_reason":"","alloc":"32-47"}}]}'
Sending '{"now":16.927653,"events":[{"timestamp":16.927653,"type":"EXECUTE_JOB","data":{"job_id":"ebdc2a!54","alloc":"32-47"}}]}'
Received '{"now":17.025829,"events":[{"timestamp":17.025829,"type":"JOB_SUBMITTED","data":{"job_id":"ebdc2a!107","job":{"id":"ebdc2a!107","profile":"FT.S.16","res":16,"subtime":17.018023,"walltime":4200}}}]}'
Sending '{"now":17.025829,"events":[]}'
Received '{"now":17.311579,"events":[{"timestamp":17.311579,"type":"JOB_SUBMITTED","data":{"job_id":"ebdc2a!108","job":{"id":"ebdc2a!108","profile":"BT.S.16","res":16,"subtime":17.303773,"walltime":4200}}}]}'
Sending '{"now":17.311579,"events":[]}'
Received '{"now":17.327201,"events":[{"timestamp":17.327201,"type":"JOB_SUBMITTED","data":{"job_id":"ebdc2a!109","job":{"id":"ebdc2a!109","profile":"BT.S.4","res":4,"subtime":17.319272,"walltime":4200}}}]}'
Sending '{"now":17.327201,"events":[]}'
Received '{"now":17.365112,"events":[{"timestamp":17.365112,"type":"JOB_SUBMITTED","data":{"job_id":"ebdc2a!110","job":{"id":"ebdc2a!110","profile":"CG.S.16","res":16,"subtime":17.357306,"walltime":4200}}}]}'
Sending '{"now":17.365112,"events":[]}'
Received '{"now":17.404589,"events":[{"timestamp":17.404589,"type":"JOB_COMPLETED","data":{"job_id":"ebdc2a!44","job_state":"COMPLETED_SUCCESSFULLY","return_code":0,"kill_reason":"","alloc":"16-31"}}]}'
Sending '{"now":17.404589,"events":[{"timestamp":17.404589,"type":"EXECUTE_JOB","data":{"job_id":"ebdc2a!55","alloc":"16-31"}}]}'
Received '{"now":17.436524,"events":[{"timestamp":17.436524,"type":"JOB_SUBMITTED","data":{"job_id":"ebdc2a!111","job":{"id":"ebdc2a!111","profile":"SP.S.16","res":16,"subtime":17.428718,"walltime":4200}}}]}'
Sending '{"now":17.436524,"events":[]}'
Received '{"now":17.556970,"events":[{"timestamp":17.556970,"type":"JOB_SUBMITTED","data":{"job_id":"ebdc2a!112","job":{"id":"ebdc2a!112","profile":"IS.S.4","res":4,"subtime":17.549165,"walltime":4200}}}]}'
Sending '{"now":17.55697,"events":[]}'
Received '{"now":17.609661,"events":[{"timestamp":17.609661,"type":"JOB_COMPLETED","data":{"job_id":"ebdc2a!47","job_state":"COMPLETED_SUCCESSFULLY","return_code":0,"kill_reason":"","alloc":"48-63"}}]}'
Sending '{"now":17.609661,"events":[{"timestamp":17.609661,"type":"EXECUTE_JOB","data":{"job_id":"ebdc2a!57","alloc":"48-63"}}]}'
Received '{"now":17.674806,"events":[{"timestamp":17.674806,"type":"JOB_COMPLETED","data":{"job_id":"ebdc2a!54","job_state":"COMPLETED_SUCCESSFULLY","return_code":0,"kill_reason":"","alloc":"32-47"}}]}'
Sending '{"now":17.674806,"events":[{"timestamp":17.674806,"type":"EXECUTE_JOB","data":{"job_id":"ebdc2a!58","alloc":"32-47"}}]}'
Received '{"now":17.707417,"events":[{"timestamp":17.707417,"type":"JOB_SUBMITTED","data":{"job_id":"ebdc2a!113","job":{"id":"ebdc2a!113","profile":"MG.S.4","res":4,"subtime":17.699611,"walltime":4200}}}]}'
Sending '{"now":17.707417,"events":[]}'
Received '{"now":17.937585,"events":[{"timestamp":17.937585,"type":"JOB_COMPLETED","data":{"job_id":"ebdc2a!58","job_state":"COMPLETED_SUCCESSFULLY","return_code":0,"kill_reason":"","alloc":"32-47"}}]}'
Sending '{"now":17.937585,"events":[{"timestamp":17.937585,"type":"EXECUTE_JOB","data":{"job_id":"ebdc2a!60","alloc":"32-47"}}]}'
Received '{"now":18.084714,"events":[{"timestamp":18.084714,"type":"JOB_COMPLETED","data":{"job_id":"ebdc2a!60","job_state":"COMPLETED_SUCCESSFULLY","return_code":0,"kill_reason":"","alloc":"32-47"}}]}'
Sending '{"now":18.084714,"events":[{"timestamp":18.084714,"type":"EXECUTE_JOB","data":{"job_id":"ebdc2a!63","alloc":"32-47"}}]}'
Received '{"now":18.276130,"events":[{"timestamp":18.276130,"type":"JOB_SUBMITTED","data":{"job_id":"ebdc2a!114","job":{"id":"ebdc2a!114","profile":"FT.S.16","res":16,"subtime":18.268324,"walltime":4200}}}]}'
Sending '{"now":18.27613,"events":[]}'
Received '{"now":18.652194,"events":[{"timestamp":18.652194,"type":"JOB_SUBMITTED","data":{"job_id":"ebdc2a!115","job":{"id":"ebdc2a!115","profile":"FT.S.4","res":4,"subtime":18.644388,"walltime":4200}}}]}'
Sending '{"now":18.652194,"events":[]}'
Received '{"now":18.871968,"events":[{"timestamp":18.871968,"type":"JOB_SUBMITTED","data":{"job_id":"ebdc2a!116","job":{"id":"ebdc2a!116","profile":"SP.S.16","res":16,"subtime":18.864162,"walltime":4200}}}]}'
Sending '{"now":18.871968,"events":[]}'
Received '{"now":19.434514,"events":[{"timestamp":19.434514,"type":"JOB_SUBMITTED","data":{"job_id":"ebdc2a!117","job":{"id":"ebdc2a!117","profile":"SP.S.4","res":4,"subtime":19.426708,"walltime":4200}}}]}'
Sending '{"now":19.434514,"events":[]}'
Received '{"now":19.581964,"events":[{"timestamp":19.581964,"type":"JOB_COMPLETED","data":{"job_id":"ebdc2a!57","job_state":"COMPLETED_SUCCESSFULLY","return_code":0,"kill_reason":"","alloc":"48-63"}}]}'
Sending '{"now":19.581964,"events":[{"timestamp":19.581964,"type":"EXECUTE_JOB","data":{"job_id":"ebdc2a!64","alloc":"48-63"}}]}'
Received '{"now":19.934703,"events":[{"timestamp":19.934703,"type":"JOB_SUBMITTED","data":{"job_id":"ebdc2a!118","job":{"id":"ebdc2a!118","profile":"CG.S.16","res":16,"subtime":19.926901,"walltime":4200}}}]}'
Sending '{"now":19.934703,"events":[]}'
Received '{"now":19.971899,"events":[{"timestamp":19.971899,"type":"JOB_SUBMITTED","data":{"job_id":"ebdc2a!119","job":{"id":"ebdc2a!119","profile":"IS.S.16","res":16,"subtime":19.964093,"walltime":4200}}}]}'
Sending '{"now":19.971899,"events":[]}'
Received '{"now":20.088827,"events":[{"timestamp":20.088827,"type":"JOB_COMPLETED","data":{"job_id":"ebdc2a!52","job_state":"COMPLETED_SUCCESSFULLY","return_code":0,"kill_reason":"","alloc":"0-15"}}]}'
Sending '{"now":20.088827,"events":[{"timestamp":20.088827,"type":"EXECUTE_JOB","data":{"job_id":"ebdc2a!65","alloc":"0-3"}},{"timestamp":20.088827,"type":"EXECUTE_JOB","data":{"job_id":"ebdc2a!66","alloc":"4-7"}},{"timestamp":20.088827,"type":"EXECUTE_JOB","data":{"job_id":"ebdc2a!67","alloc":"8-11"}}]}'
Received '{"now":20.396732,"events":[{"timestamp":20.396732,"type":"JOB_SUBMITTED","data":{"job_id":"ebdc2a!120","job":{"id":"ebdc2a!120","profile":"FT.S.16","res":16,"subtime":20.388926,"walltime":4200}}}]}'
Sending '{"now":20.396732,"events":[]}'
Received '{"now":20.556863,"events":[{"timestamp":20.556863,"type":"JOB_COMPLETED","data":{"job_id":"ebdc2a!65","job_state":"COMPLETED_SUCCESSFULLY","return_code":0,"kill_reason":"","alloc":"0-3"}}]}'
Sending '{"now":20.556863,"events":[{"timestamp":20.556863,"type":"EXECUTE_JOB","data":{"job_id":"ebdc2a!69","alloc":"0-3"}}]}'
Received '{"now":20.656554,"events":[{"timestamp":20.656554,"type":"JOB_COMPLETED","data":{"job_id":"ebdc2a!69","job_state":"COMPLETED_SUCCESSFULLY","return_code":0,"kill_reason":"","alloc":"0-3"}}]}'
Sending '{"now":20.656554,"events":[{"timestamp":20.656554,"type":"EXECUTE_JOB","data":{"job_id":"ebdc2a!70","alloc":"0-3"}}]}'
Received '{"now":20.787289,"events":[{"timestamp":20.787289,"type":"JOB_COMPLETED","data":{"job_id":"ebdc2a!70","job_state":"COMPLETED_SUCCESSFULLY","return_code":0,"kill_reason":"","alloc":"0-3"}}]}'
Sending '{"now":20.787289,"events":[{"timestamp":20.787289,"type":"EXECUTE_JOB","data":{"job_id":"ebdc2a!72","alloc":"0-3"}}]}'
Received '{"now":20.879054,"events":[{"timestamp":20.879054,"type":"JOB_COMPLETED","data":{"job_id":"ebdc2a!67","job_state":"COMPLETED_SUCCESSFULLY","return_code":0,"kill_reason":"","alloc":"8-11"}}]}'
Sending '{"now":20.879054,"events":[]}'
Received '{"now":20.918042,"events":[{"timestamp":20.918042,"type":"JOB_COMPLETED","data":{"job_id":"ebdc2a!72","job_state":"COMPLETED_SUCCESSFULLY","return_code":0,"kill_reason":"","alloc":"0-3"}}]}'
Sending '{"now":20.918042,"events":[{"timestamp":20.918042,"type":"EXECUTE_JOB","data":{"job_id":"ebdc2a!74","alloc":"0-3"}}]}'
Received '{"now":20.985920,"events":[{"timestamp":20.985920,"type":"JOB_COMPLETED","data":{"job_id":"ebdc2a!55","job_state":"COMPLETED_SUCCESSFULLY","return_code":0,"kill_reason":"","alloc":"16-31"}}]}'
Sending '{"now":20.98592,"events":[{"timestamp":20.98592,"type":"EXECUTE_JOB","data":{"job_id":"ebdc2a!68","alloc":"8-23"}}]}'
Received '{"now":21.048768,"events":[{"timestamp":21.048768,"type":"JOB_COMPLETED","data":{"job_id":"ebdc2a!74","job_state":"COMPLETED_SUCCESSFULLY","return_code":0,"kill_reason":"","alloc":"0-3"}}]}'
Sending '{"now":21.048768,"events":[{"timestamp":21.048768,"type":"EXECUTE_JOB","data":{"job_id":"ebdc2a!79","alloc":"0-3"}}]}'
Received '{"now":21.163036,"events":[{"timestamp":21.163036,"type":"JOB_COMPLETED","data":{"job_id":"ebdc2a!68","job_state":"COMPLETED_SUCCESSFULLY","return_code":0,"kill_reason":"","alloc":"8-23"}}]}'
Sending '{"now":21.163036,"events":[{"timestamp":21.163036,"type":"EXECUTE_JOB","data":{"job_id":"ebdc2a!71","alloc":"8-23"}}]}'
Received '{"now":21.666212,"events":[{"timestamp":21.666212,"type":"JOB_COMPLETED","data":{"job_id":"ebdc2a!63","job_state":"COMPLETED_SUCCESSFULLY","return_code":0,"kill_reason":"","alloc":"32-47"}}]}'
Sending '{"now":21.666212,"events":[{"timestamp":21.666212,"type":"EXECUTE_JOB","data":{"job_id":"ebdc2a!73","alloc":"24-39"}}]}'
Received '{"now":22.503529,"events":[{"timestamp":22.503529,"type":"JOB_COMPLETED","data":{"job_id":"ebdc2a!66","job_state":"COMPLETED_SUCCESSFULLY","return_code":0,"kill_reason":"","alloc":"4-7"}}]}'
Sending '{"now":22.503529,"events":[{"timestamp":22.503529,"type":"EXECUTE_JOB","data":{"job_id":"ebdc2a!81","alloc":"4-7"}}]}'
Received '{"now":22.603129,"events":[{"timestamp":22.603129,"type":"JOB_COMPLETED","data":{"job_id":"ebdc2a!81","job_state":"COMPLETED_SUCCESSFULLY","return_code":0,"kill_reason":"","alloc":"4-7"}}]}'
Sending '{"now":22.603129,"events":[{"timestamp":22.603129,"type":"EXECUTE_JOB","data":{"job_id":"ebdc2a!83","alloc":"4-7"}}]}'
Received '{"now":22.818878,"events":[{"timestamp":22.818878,"type":"JOB_COMPLETED","data":{"job_id":"ebdc2a!71","job_state":"COMPLETED_SUCCESSFULLY","return_code":0,"kill_reason":"","alloc":"8-23"}}]}'
Sending '{"now":22.818878,"events":[{"timestamp":22.818878,"type":"EXECUTE_JOB","data":{"job_id":"ebdc2a!75","alloc":"8-23"}}]}'
Received '{"now":23.041532,"events":[{"timestamp":23.041532,"type":"JOB_COMPLETED","data":{"job_id":"ebdc2a!83","job_state":"COMPLETED_SUCCESSFULLY","return_code":0,"kill_reason":"","alloc":"4-7"}}]}'
Sending '{"now":23.041532,"events":[{"timestamp":23.041532,"type":"EXECUTE_JOB","data":{"job_id":"ebdc2a!84","alloc":"4-7"}}]}'
Received '{"now":23.141136,"events":[{"timestamp":23.141136,"type":"JOB_COMPLETED","data":{"job_id":"ebdc2a!84","job_state":"COMPLETED_SUCCESSFULLY","return_code":0,"kill_reason":"","alloc":"4-7"}}]}'
Sending '{"now":23.141136,"events":[{"timestamp":23.141136,"type":"EXECUTE_JOB","data":{"job_id":"ebdc2a!85","alloc":"4-7"}}]}'
Received '{"now":23.170403,"events":[{"timestamp":23.162599,"type":"JOB_COMPLETED","data":{"job_id":"ebdc2a!64","job_state":"COMPLETED_SUCCESSFULLY","return_code":0,"kill_reason":"","alloc":"48-63"}}]}'
Sending '{"now":23.170403,"events":[{"timestamp":23.170403,"type":"EXECUTE_JOB","data":{"job_id":"ebdc2a!76","alloc":"40-55"}},{"timestamp":23.170403,"type":"EXECUTE_JOB","data":{"job_id":"ebdc2a!86","alloc":"56-59"}},{"timestamp":23.170403,"type":"EXECUTE_JOB","data":{"job_id":"ebdc2a!88","alloc":"60-63"}}]}'
Received '{"now":23.455235,"events":[{"timestamp":23.455235,"type":"JOB_COMPLETED","data":{"job_id":"ebdc2a!79","job_state":"COMPLETED_SUCCESSFULLY","return_code":0,"kill_reason":"","alloc":"0-3"}}]}'
Sending '{"now":23.455235,"events":[{"timestamp":23.455235,"type":"EXECUTE_JOB","data":{"job_id":"ebdc2a!90","alloc":"0-3"}}]}'
Received '{"now":23.579479,"events":[{"timestamp":23.579479,"type":"JOB_COMPLETED","data":{"job_id":"ebdc2a!85","job_state":"COMPLETED_SUCCESSFULLY","return_code":0,"kill_reason":"","alloc":"4-7"}}]}'
Sending '{"now":23.579479,"events":[{"timestamp":23.579479,"type":"EXECUTE_JOB","data":{"job_id":"ebdc2a!92","alloc":"4-7"}}]}'
Received '{"now":23.744180,"events":[{"timestamp":23.744180,"type":"JOB_COMPLETED","data":{"job_id":"ebdc2a!75","job_state":"COMPLETED_SUCCESSFULLY","return_code":0,"kill_reason":"","alloc":"8-23"}}]}'
Sending '{"now":23.74418,"events":[{"timestamp":23.74418,"type":"EXECUTE_JOB","data":{"job_id":"ebdc2a!77","alloc":"8-23"}}]}'
Received '{"now":24.046774,"events":[{"timestamp":24.046774,"type":"JOB_COMPLETED","data":{"job_id":"ebdc2a!92","job_state":"COMPLETED_SUCCESSFULLY","return_code":0,"kill_reason":"","alloc":"4-7"}}]}'
Sending '{"now":24.046774,"events":[{"timestamp":24.046774,"type":"EXECUTE_JOB","data":{"job_id":"ebdc2a!96","alloc":"4-7"}}]}'
Received '{"now":24.076046,"events":[{"timestamp":24.060434,"type":"JOB_COMPLETED","data":{"job_id":"ebdc2a!86","job_state":"COMPLETED_SUCCESSFULLY","return_code":0,"kill_reason":"","alloc":"56-59"}}]}'
Sending '{"now":24.076046,"events":[{"timestamp":24.076046,"type":"EXECUTE_JOB","data":{"job_id":"ebdc2a!104","alloc":"56-59"}}]}'
Received '{"now":24.105319,"events":[{"timestamp":24.089707,"type":"JOB_COMPLETED","data":{"job_id":"ebdc2a!77","job_state":"COMPLETED_SUCCESSFULLY","return_code":0,"kill_reason":"","alloc":"8-23"}}]}'
Sending '{"now":24.105319,"events":[{"timestamp":24.105319,"type":"EXECUTE_JOB","data":{"job_id":"ebdc2a!78","alloc":"8-23"}}]}'
Received '{"now":24.191137,"events":[{"timestamp":24.191137,"type":"JOB_COMPLETED","data":{"job_id":"ebdc2a!96","job_state":"COMPLETED_SUCCESSFULLY","return_code":0,"kill_reason":"","alloc":"4-7"}}]}'
Sending '{"now":24.191137,"events":[{"timestamp":24.191137,"type":"EXECUTE_JOB","data":{"job_id":"ebdc2a!109","alloc":"4-7"}}]}'
Received '{"now":24.557254,"events":[{"timestamp":24.557254,"type":"JOB_COMPLETED","data":{"job_id":"ebdc2a!104","job_state":"COMPLETED_SUCCESSFULLY","return_code":0,"kill_reason":"","alloc":"56-59"}}]}'
Sending '{"now":24.557254,"events":[{"timestamp":24.557254,"type":"EXECUTE_JOB","data":{"job_id":"ebdc2a!112","alloc":"56-59"}}]}'
Received '{"now":24.656839,"events":[{"timestamp":24.656839,"type":"JOB_COMPLETED","data":{"job_id":"ebdc2a!112","job_state":"COMPLETED_SUCCESSFULLY","return_code":0,"kill_reason":"","alloc":"56-59"}}]}'
Sending '{"now":24.656839,"events":[{"timestamp":24.656839,"type":"EXECUTE_JOB","data":{"job_id":"ebdc2a!113","alloc":"56-59"}}]}'
Received '{"now":24.686110,"events":[{"timestamp":24.670499,"type":"JOB_COMPLETED","data":{"job_id":"ebdc2a!109","job_state":"COMPLETED_SUCCESSFULLY","return_code":0,"kill_reason":"","alloc":"4-7"}}]}'
Sending '{"now":24.68611,"events":[{"timestamp":24.68611,"type":"EXECUTE_JOB","data":{"job_id":"ebdc2a!115","alloc":"4-7"}}]}'
Received '{"now":24.816805,"events":[{"timestamp":24.816805,"type":"JOB_COMPLETED","data":{"job_id":"ebdc2a!115","job_state":"COMPLETED_SUCCESSFULLY","return_code":0,"kill_reason":"","alloc":"4-7"}}]}'
Sending '{"now":24.816805,"events":[{"timestamp":24.816805,"type":"EXECUTE_JOB","data":{"job_id":"ebdc2a!117","alloc":"4-7"}}]}'
Received '{"now":24.974465,"events":[{"timestamp":24.974465,"type":"JOB_COMPLETED","data":{"job_id":"ebdc2a!73","job_state":"COMPLETED_SUCCESSFULLY","return_code":0,"kill_reason":"","alloc":"24-39"}}]}'
Sending '{"now":24.974465,"events":[{"timestamp":24.974465,"type":"EXECUTE_JOB","data":{"job_id":"ebdc2a!80","alloc":"24-39"}}]}'
Received '{"now":25.030843,"events":[{"timestamp":25.030843,"type":"JOB_COMPLETED","data":{"job_id":"ebdc2a!78","job_state":"COMPLETED_SUCCESSFULLY","return_code":0,"kill_reason":"","alloc":"8-23"}}]}'
Sending '{"now":25.030843,"events":[{"timestamp":25.030843,"type":"EXECUTE_JOB","data":{"job_id":"ebdc2a!82","alloc":"8-23"}}]}'
Received '{"now":25.109033,"events":[{"timestamp":25.109033,"type":"JOB_COMPLETED","data":{"job_id":"ebdc2a!113","job_state":"COMPLETED_SUCCESSFULLY","return_code":0,"kill_reason":"","alloc":"56-59"}}]}'
Sending '{"now":25.109033,"events":[]}'
Received '{"now":25.372241,"events":[{"timestamp":25.372241,"type":"JOB_COMPLETED","data":{"job_id":"ebdc2a!82","job_state":"COMPLETED_SUCCESSFULLY","return_code":0,"kill_reason":"","alloc":"8-23"}}]}'
Sending '{"now":25.372241,"events":[{"timestamp":25.372241,"type":"EXECUTE_JOB","data":{"job_id":"ebdc2a!87","alloc":"8-23"}}]}'
Received '{"now":25.592318,"events":[{"timestamp":25.592318,"type":"JOB_COMPLETED","data":{"job_id":"ebdc2a!88","job_state":"COMPLETED_SUCCESSFULLY","return_code":0,"kill_reason":"","alloc":"60-63"}}]}'
Sending '{"now":25.592318,"events":[]}'
Received '{"now":25.613784,"events":[{"timestamp":25.605978,"type":"JOB_COMPLETED","data":{"job_id":"ebdc2a!117","job_state":"COMPLETED_SUCCESSFULLY","return_code":0,"kill_reason":"","alloc":"4-7"}}]}'
Sending '{"now":25.613784,"events":[]}'
Received '{"now":25.713704,"events":[{"timestamp":25.713704,"type":"JOB_COMPLETED","data":{"job_id":"ebdc2a!87","job_state":"COMPLETED_SUCCESSFULLY","return_code":0,"kill_reason":"","alloc":"8-23"}}]}'
Sending '{"now":25.713704,"events":[{"timestamp":25.713704,"type":"EXECUTE_JOB","data":{"job_id":"ebdc2a!89","alloc":"4-19"}}]}'
Received '{"now":25.861615,"events":[{"timestamp":25.861615,"type":"JOB_COMPLETED","data":{"job_id":"ebdc2a!90","job_state":"COMPLETED_SUCCESSFULLY","return_code":0,"kill_reason":"","alloc":"0-3"}}]}'
Sending '{"now":25.861615,"events":[]}'
Received '{"now":27.024009,"events":[{"timestamp":27.024009,"type":"JOB_COMPLETED","data":{"job_id":"ebdc2a!76","job_state":"COMPLETED_SUCCESSFULLY","return_code":0,"kill_reason":"","alloc":"40-55"}}]}'
Sending '{"now":27.024009,"events":[{"timestamp":27.024009,"type":"EXECUTE_JOB","data":{"job_id":"ebdc2a!91","alloc":"40-55"}}]}'
Received '{"now":28.828652,"events":[{"timestamp":28.828652,"type":"JOB_COMPLETED","data":{"job_id":"ebdc2a!80","job_state":"COMPLETED_SUCCESSFULLY","return_code":0,"kill_reason":"","alloc":"24-39"}}]}'
Sending '{"now":28.828652,"events":[{"timestamp":28.828652,"type":"EXECUTE_JOB","data":{"job_id":"ebdc2a!93","alloc":"20-35"}}]}'
Received '{"now":29.566122,"events":[{"timestamp":29.566122,"type":"JOB_COMPLETED","data":{"job_id":"ebdc2a!89","job_state":"COMPLETED_SUCCESSFULLY","return_code":0,"kill_reason":"","alloc":"4-19"}}]}'
Sending '{"now":29.566122,"events":[{"timestamp":29.566122,"type":"EXECUTE_JOB","data":{"job_id":"ebdc2a!94","alloc":"0-15"}}]}'
Received '{"now":30.312519,"events":[{"timestamp":30.312519,"type":"JOB_COMPLETED","data":{"job_id":"ebdc2a!94","job_state":"COMPLETED_SUCCESSFULLY","return_code":0,"kill_reason":"","alloc":"0-15"}}]}'
Sending '{"now":30.312519,"events":[{"timestamp":30.312519,"type":"EXECUTE_JOB","data":{"job_id":"ebdc2a!95","alloc":"0-15"}}]}'
Received '{"now":30.341785,"events":[{"timestamp":30.326179,"type":"JOB_COMPLETED","data":{"job_id":"ebdc2a!91","job_state":"COMPLETED_SUCCESSFULLY","return_code":0,"kill_reason":"","alloc":"40-55"}}]}'
Sending '{"now":30.341785,"events":[{"timestamp":30.341785,"type":"EXECUTE_JOB","data":{"job_id":"ebdc2a!97","alloc":"36-51"}}]}'
Received '{"now":32.015463,"events":[{"timestamp":32.015463,"type":"JOB_COMPLETED","data":{"job_id":"ebdc2a!93","job_state":"COMPLETED_SUCCESSFULLY","return_code":0,"kill_reason":"","alloc":"20-35"}}]}'
Sending '{"now":32.015463,"events":[{"timestamp":32.015463,"type":"EXECUTE_JOB","data":{"job_id":"ebdc2a!98","alloc":"16-31"}}]}'
Received '{"now":32.364733,"events":[{"timestamp":32.364733,"type":"JOB_COMPLETED","data":{"job_id":"ebdc2a!95","job_state":"COMPLETED_SUCCESSFULLY","return_code":0,"kill_reason":"","alloc":"0-15"}}]}'
Sending '{"now":32.364733,"events":[{"timestamp":32.364733,"type":"EXECUTE_JOB","data":{"job_id":"ebdc2a!99","alloc":"0-15"}}]}'
Received '{"now":33.259820,"events":[{"timestamp":33.259820,"type":"JOB_COMPLETED","data":{"job_id":"ebdc2a!97","job_state":"COMPLETED_SUCCESSFULLY","return_code":0,"kill_reason":"","alloc":"36-51"}}]}'
Sending '{"now":33.25982,"events":[{"timestamp":33.25982,"type":"EXECUTE_JOB","data":{"job_id":"ebdc2a!100","alloc":"32-47"}},{"timestamp":33.25982,"type":"EXECUTE_JOB","data":{"job_id":"ebdc2a!101","alloc":"48-63"}}]}'
Received '{"now":33.975288,"events":[{"timestamp":33.975288,"type":"JOB_COMPLETED","data":{"job_id":"ebdc2a!98","job_state":"COMPLETED_SUCCESSFULLY","return_code":0,"kill_reason":"","alloc":"16-31"}}]}'
Sending '{"now":33.975288,"events":[{"timestamp":33.975288,"type":"EXECUTE_JOB","data":{"job_id":"ebdc2a!102","alloc":"16-31"}}]}'
Received '{"now":34.122441,"events":[{"timestamp":34.122441,"type":"JOB_COMPLETED","data":{"job_id":"ebdc2a!102","job_state":"COMPLETED_SUCCESSFULLY","return_code":0,"kill_reason":"","alloc":"16-31"}}]}'
Sending '{"now":34.122441,"events":[{"timestamp":34.122441,"type":"EXECUTE_JOB","data":{"job_id":"ebdc2a!103","alloc":"16-31"}}]}'
Received '{"now":34.391645,"events":[{"timestamp":34.391645,"type":"JOB_COMPLETED","data":{"job_id":"ebdc2a!100","job_state":"COMPLETED_SUCCESSFULLY","return_code":0,"kill_reason":"","alloc":"32-47"}}]}'
Sending '{"now":34.391645,"events":[{"timestamp":34.391645,"type":"EXECUTE_JOB","data":{"job_id":"ebdc2a!105","alloc":"32-47"}}]}'
Received '{"now":35.138786,"events":[{"timestamp":35.138786,"type":"JOB_COMPLETED","data":{"job_id":"ebdc2a!105","job_state":"COMPLETED_SUCCESSFULLY","return_code":0,"kill_reason":"","alloc":"32-47"}}]}'
Sending '{"now":35.138786,"events":[{"timestamp":35.138786,"type":"EXECUTE_JOB","data":{"job_id":"ebdc2a!106","alloc":"32-47"}}]}'
Received '{"now":35.285955,"events":[{"timestamp":35.285955,"type":"JOB_COMPLETED","data":{"job_id":"ebdc2a!106","job_state":"COMPLETED_SUCCESSFULLY","return_code":0,"kill_reason":"","alloc":"32-47"}}]}'
Sending '{"now":35.285955,"events":[{"timestamp":35.285955,"type":"EXECUTE_JOB","data":{"job_id":"ebdc2a!107","alloc":"32-47"}}]}'
Received '{"now":35.315228,"events":[{"timestamp":35.307422,"type":"JOB_COMPLETED","data":{"job_id":"ebdc2a!101","job_state":"COMPLETED_SUCCESSFULLY","return_code":0,"kill_reason":"","alloc":"48-63"}}]}'
Sending '{"now":35.315228,"events":[{"timestamp":35.315228,"type":"EXECUTE_JOB","data":{"job_id":"ebdc2a!108","alloc":"48-63"}}]}'
Received '{"now":35.548799,"events":[{"timestamp":35.548799,"type":"JOB_COMPLETED","data":{"job_id":"ebdc2a!107","job_state":"COMPLETED_SUCCESSFULLY","return_code":0,"kill_reason":"","alloc":"32-47"}}]}'
Sending '{"now":35.548799,"events":[{"timestamp":35.548799,"type":"EXECUTE_JOB","data":{"job_id":"ebdc2a!110","alloc":"32-47"}}]}'
Received '{"now":35.946018,"events":[{"timestamp":35.946018,"type":"JOB_COMPLETED","data":{"job_id":"ebdc2a!99","job_state":"COMPLETED_SUCCESSFULLY","return_code":0,"kill_reason":"","alloc":"0-15"}}]}'
Sending '{"now":35.946018,"events":[{"timestamp":35.946018,"type":"EXECUTE_JOB","data":{"job_id":"ebdc2a!111","alloc":"0-15"}}]}'
Received '{"now":36.447092,"events":[{"timestamp":36.447092,"type":"JOB_COMPLETED","data":{"job_id":"ebdc2a!108","job_state":"COMPLETED_SUCCESSFULLY","return_code":0,"kill_reason":"","alloc":"48-63"}}]}'
Sending '{"now":36.447092,"events":[{"timestamp":36.447092,"type":"EXECUTE_JOB","data":{"job_id":"ebdc2a!114","alloc":"48-63"}}]}'
Received '{"now":36.709852,"events":[{"timestamp":36.709852,"type":"JOB_COMPLETED","data":{"job_id":"ebdc2a!114","job_state":"COMPLETED_SUCCESSFULLY","return_code":0,"kill_reason":"","alloc":"48-63"}}]}'
Sending '{"now":36.709852,"events":[{"timestamp":36.709852,"type":"EXECUTE_JOB","data":{"job_id":"ebdc2a!116","alloc":"48-63"}}]}'
Received '{"now":37.703712,"events":[{"timestamp":37.703712,"type":"JOB_COMPLETED","data":{"job_id":"ebdc2a!103","job_state":"COMPLETED_SUCCESSFULLY","return_code":0,"kill_reason":"","alloc":"16-31"}}]}'
Sending '{"now":37.703712,"events":[{"timestamp":37.703712,"type":"EXECUTE_JOB","data":{"job_id":"ebdc2a!118","alloc":"16-31"}}]}'
Received '{"now":37.924410,"events":[{"timestamp":37.924410,"type":"JOB_COMPLETED","data":{"job_id":"ebdc2a!111","job_state":"COMPLETED_SUCCESSFULLY","return_code":0,"kill_reason":"","alloc":"0-15"}}]}'
Sending '{"now":37.92441,"events":[{"timestamp":37.92441,"type":"EXECUTE_JOB","data":{"job_id":"ebdc2a!119","alloc":"0-15"}}]}'
Received '{"now":38.071543,"events":[{"timestamp":38.071543,"type":"JOB_COMPLETED","data":{"job_id":"ebdc2a!119","job_state":"COMPLETED_SUCCESSFULLY","return_code":0,"kill_reason":"","alloc":"0-15"}}]}'
Sending '{"now":38.071543,"events":[{"timestamp":38.071543,"type":"EXECUTE_JOB","data":{"job_id":"ebdc2a!120","alloc":"0-15"}}]}'
Received '{"now":38.334317,"events":[{"timestamp":38.334317,"type":"JOB_COMPLETED","data":{"job_id":"ebdc2a!120","job_state":"COMPLETED_SUCCESSFULLY","return_code":0,"kill_reason":"","alloc":"0-15"}}]}'
Sending '{"now":38.334317,"events":[]}'
Received '{"now":38.677613,"events":[{"timestamp":38.677613,"type":"JOB_COMPLETED","data":{"job_id":"ebdc2a!116","job_state":"COMPLETED_SUCCESSFULLY","return_code":0,"kill_reason":"","alloc":"48-63"}}]}'
Sending '{"now":38.677613,"events":[]}'
Received '{"now":39.129899,"events":[{"timestamp":39.129899,"type":"JOB_COMPLETED","data":{"job_id":"ebdc2a!110","job_state":"COMPLETED_SUCCESSFULLY","return_code":0,"kill_reason":"","alloc":"32-47"}}]}'
Sending '{"now":39.129899,"events":[]}'
Received '{"now":41.285331,"events":[{"timestamp":41.285331,"type":"JOB_COMPLETED","data":{"job_id":"ebdc2a!118","job_state":"COMPLETED_SUCCESSFULLY","return_code":0,"kill_reason":"","alloc":"16-31"}},{"timestamp":41.285331,"type":"SIMULATION_ENDS","data":{}}]}'
Sending '{"now":41.285331,"events":[]}'
