variant_options = '{"custom_mapping": true}'
Received '{"now":0.000000,"events":[{"timestamp":0.000000,"type":"SIMULATION_BEGINS","data":{"nb_resources":64,"allow_time_sharing":false,"config":{"redis":{"enabled":false,"hostname":"127.0.0.1","port":6379,"prefix":"default"},"job_submission":{"forward_profiles":false,"from_scheduler":{"enabled":false,"acknowledge":true}}},"resources_data":[{"id":0,"name":"n1","state":"idle","properties":{}},{"id":1,"name":"n2","state":"idle","properties":{}},{"id":2,"name":"n3","state":"idle","properties":{}},{"id":3,"name":"n4","state":"idle","properties":{}},{"id":4,"name":"n5","state":"idle","properties":{}},{"id":5,"name":"n6","state":"idle","properties":{}},{"id":6,"name":"n7","state":"idle","properties":{}},{"id":7,"name":"n8","state":"idle","properties":{}},{"id":8,"name":"n9","state":"idle","properties":{}},{"id":9,"name":"n10","state":"idle","properties":{}},{"id":10,"name":"n11","state":"idle","properties":{}},{"id":11,"name":"n12","state":"idle","properties":{}},{"id":12,"name":"n13","state":"idle","properties":{}},{"id":13,"name":"n14","state":"idle","properties":{}},{"id":14,"name":"n15","state":"idle","properties":{}},{"id":15,"name":"n16","state":"idle","properties":{}},{"id":16,"name":"n17","state":"idle","properties":{}},{"id":17,"name":"n18","state":"idle","properties":{}},{"id":18,"name":"n19","state":"idle","properties":{}},{"id":19,"name":"n20","state":"idle","properties":{}},{"id":20,"name":"n21","state":"idle","properties":{}},{"id":21,"name":"n22","state":"idle","properties":{}},{"id":22,"name":"n23","state":"idle","properties":{}},{"id":23,"name":"n24","state":"idle","properties":{}},{"id":24,"name":"n25","state":"idle","properties":{}},{"id":25,"name":"n26","state":"idle","properties":{}},{"id":26,"name":"n27","state":"idle","properties":{}},{"id":27,"name":"n28","state":"idle","properties":{}},{"id":28,"name":"n29","state":"idle","properties":{}},{"id":29,"name":"n30","state":"idle","properties":{}},{"id":30,"name":"n31","state":"idle","properties":{}},{"id":31,"name":"n32","state":"idle","properties":{}},{"id":32,"name":"n33","state":"idle","properties":{}},{"id":33,"name":"n34","state":"idle","properties":{}},{"id":34,"name":"n35","state":"idle","properties":{}},{"id":35,"name":"n36","state":"idle","properties":{}},{"id":36,"name":"n37","state":"idle","properties":{}},{"id":37,"name":"n38","state":"idle","properties":{}},{"id":38,"name":"n39","state":"idle","properties":{}},{"id":39,"name":"n40","state":"idle","properties":{}},{"id":40,"name":"n41","state":"idle","properties":{}},{"id":41,"name":"n42","state":"idle","properties":{}},{"id":42,"name":"n43","state":"idle","properties":{}},{"id":43,"name":"n44","state":"idle","properties":{}},{"id":44,"name":"n45","state":"idle","properties":{}},{"id":45,"name":"n46","state":"idle","properties":{}},{"id":46,"name":"n47","state":"idle","properties":{}},{"id":47,"name":"n48","state":"idle","properties":{}},{"id":48,"name":"n49","state":"idle","properties":{}},{"id":49,"name":"n50","state":"idle","properties":{}},{"id":50,"name":"n51","state":"idle","properties":{}},{"id":51,"name":"n52","state":"idle","properties":{}},{"id":52,"name":"n53","state":"idle","properties":{}},{"id":53,"name":"n54","state":"idle","properties":{}},{"id":54,"name":"n55","state":"idle","properties":{}},{"id":55,"name":"n56","state":"idle","properties":{}},{"id":56,"name":"n57","state":"idle","properties":{}},{"id":57,"name":"n58","state":"idle","properties":{}},{"id":58,"name":"n59","state":"idle","properties":{}},{"id":59,"name":"n60","state":"idle","properties":{}},{"id":60,"name":"n61","state":"idle","properties":{}},{"id":61,"name":"n62","state":"idle","properties":{}},{"id":62,"name":"n63","state":"idle","properties":{}},{"id":63,"name":"n64","state":"idle","properties":{}}],"workloads":{"ebdc2a":"/github-simgrid/190311/../batsim-v2.0.0/workload_profiles/npb_120_jobs.json"}}}]}'
Sending '{"now":0.0,"events":[]}'
Received '{"now":0.000339,"events":[{"timestamp":0.000339,"type":"JOB_SUBMITTED","data":{"job_id":"ebdc2a!1","job":{"id":"ebdc2a!1","profile":"IS.S.16","res":16,"subtime":0.000309,"walltime":4200}}}]}'
Sending '{"now":0.000339,"events":[{"timestamp":0.000339,"type":"EXECUTE_JOB","data":{"job_id":"ebdc2a!1","alloc":"0-15"}}]}'
Received '{"now":0.100725,"events":[{"timestamp":0.100725,"type":"JOB_COMPLETED","data":{"job_id":"ebdc2a!1","job_state":"COMPLETED_SUCCESSFULLY","return_code":0,"kill_reason":"","alloc":"0-15"}}]}'
Sending '{"now":0.100725,"events":[]}'
Received '{"now":0.168159,"events":[{"timestamp":0.168159,"type":"JOB_SUBMITTED","data":{"job_id":"ebdc2a!2","job":{"id":"ebdc2a!2","profile":"MG.S.16","res":16,"subtime":0.168128,"walltime":4200}}}]}'
Sending '{"now":0.168159,"events":[{"timestamp":0.168159,"type":"EXECUTE_JOB","data":{"job_id":"ebdc2a!2","alloc":"0-15"}}]}'
Received '{"now":0.215029,"events":[{"timestamp":0.215029,"type":"JOB_SUBMITTED","data":{"job_id":"ebdc2a!3","job":{"id":"ebdc2a!3","profile":"LU.S.4","res":4,"subtime":0.214999,"walltime":4200}}}]}'
Sending '{"now":0.215029,"events":[{"timestamp":0.215029,"type":"EXECUTE_JOB","data":{"job_id":"ebdc2a!3","alloc":"16-19"}}]}'
Received '{"now":0.503989,"events":[{"timestamp":0.503989,"type":"JOB_COMPLETED","data":{"job_id":"ebdc2a!2","job_state":"COMPLETED_SUCCESSFULLY","return_code":0,"kill_reason":"","alloc":"0-15"}}]}'
Sending '{"now":0.503989,"events":[]}'
Received '{"now":0.909093,"events":[{"timestamp":0.909093,"type":"JOB_COMPLETED","data":{"job_id":"ebdc2a!3","job_state":"COMPLETED_SUCCESSFULLY","return_code":0,"kill_reason":"","alloc":"16-19"}}]}'
Sending '{"now":0.909093,"events":[]}'
Received '{"now":1.020408,"events":[{"timestamp":1.020408,"type":"JOB_SUBMITTED","data":{"job_id":"ebdc2a!4","job":{"id":"ebdc2a!4","profile":"LU.S.16","res":16,"subtime":1.020378,"walltime":4200}}}]}'
Sending '{"now":1.020408,"events":[{"timestamp":1.020408,"type":"EXECUTE_JOB","data":{"job_id":"ebdc2a!4","alloc":"0-15"}}]}'
Received '{"now":1.047545,"events":[{"timestamp":1.047545,"type":"JOB_SUBMITTED","data":{"job_id":"ebdc2a!5","job":{"id":"ebdc2a!5","profile":"SP.S.4","res":4,"subtime":1.047515,"walltime":4200}}}]}'
Sending '{"now":1.047545,"events":[{"timestamp":1.047545,"type":"EXECUTE_JOB","data":{"job_id":"ebdc2a!5","alloc":"16-19"}}]}'
Received '{"now":1.192126,"events":[{"timestamp":1.192126,"type":"JOB_SUBMITTED","data":{"job_id":"ebdc2a!6","job":{"id":"ebdc2a!6","profile":"SP.S.16","res":16,"subtime":1.192099,"walltime":4200}}}]}'
Sending '{"now":1.192126,"events":[{"timestamp":1.192126,"type":"EXECUTE_JOB","data":{"job_id":"ebdc2a!6","alloc":"20-35"}}]}'
Received '{"now":1.347759,"events":[{"timestamp":1.347759,"type":"JOB_COMPLETED","data":{"job_id":"ebdc2a!5","job_state":"COMPLETED_SUCCESSFULLY","return_code":0,"kill_reason":"","alloc":"16-19"}}]}'
Sending '{"now":1.347759,"events":[]}'
Received '{"now":1.397242,"events":[{"timestamp":1.397242,"type":"JOB_SUBMITTED","data":{"job_id":"ebdc2a!7","job":{"id":"ebdc2a!7","profile":"BT.S.4","res":4,"subtime":1.397217,"walltime":4200}}}]}'
Sending '{"now":1.397242,"events":[{"timestamp":1.397242,"type":"EXECUTE_JOB","data":{"job_id":"ebdc2a!7","alloc":"16-19"}}]}'
Received '{"now":1.680675,"events":[{"timestamp":1.680675,"type":"JOB_COMPLETED","data":{"job_id":"ebdc2a!7","job_state":"COMPLETED_SUCCESSFULLY","return_code":0,"kill_reason":"","alloc":"16-19"}}]}'
Sending '{"now":1.680675,"events":[]}'
Received '{"now":1.790622,"events":[{"timestamp":1.790622,"type":"JOB_SUBMITTED","data":{"job_id":"ebdc2a!8","job":{"id":"ebdc2a!8","profile":"IS.S.4","res":4,"subtime":1.790591,"walltime":4200}}}]}'
Sending '{"now":1.790622,"events":[{"timestamp":1.790622,"type":"EXECUTE_JOB","data":{"job_id":"ebdc2a!8","alloc":"16-19"}}]}'
Received '{"now":1.890652,"events":[{"timestamp":1.890652,"type":"JOB_COMPLETED","data":{"job_id":"ebdc2a!8","job_state":"COMPLETED_SUCCESSFULLY","return_code":0,"kill_reason":"","alloc":"16-19"}}]}'
Sending '{"now":1.890652,"events":[]}'
Received '{"now":2.017311,"events":[{"timestamp":2.017311,"type":"JOB_COMPLETED","data":{"job_id":"ebdc2a!4","job_state":"COMPLETED_SUCCESSFULLY","return_code":0,"kill_reason":"","alloc":"0-15"}}]}'
Sending '{"now":2.017311,"events":[]}'
Received '{"now":2.143661,"events":[{"timestamp":2.143661,"type":"JOB_COMPLETED","data":{"job_id":"ebdc2a!6","job_state":"COMPLETED_SUCCESSFULLY","return_code":0,"kill_reason":"","alloc":"20-35"}}]}'
Sending '{"now":2.143661,"events":[]}'
Received '{"now":2.161562,"events":[{"timestamp":2.161562,"type":"JOB_SUBMITTED","data":{"job_id":"ebdc2a!9","job":{"id":"ebdc2a!9","profile":"BT.S.4","res":4,"subtime":2.161532,"walltime":4200}}}]}'
Sending '{"now":2.161562,"events":[{"timestamp":2.161562,"type":"EXECUTE_JOB","data":{"job_id":"ebdc2a!9","alloc":"0-3"}}]}'
Received '{"now":2.176761,"events":[{"timestamp":2.176761,"type":"JOB_SUBMITTED","data":{"job_id":"ebdc2a!10","job":{"id":"ebdc2a!10","profile":"BT.S.4","res":4,"subtime":2.176730,"walltime":4200}}}]}'
Sending '{"now":2.176761,"events":[{"timestamp":2.176761,"type":"EXECUTE_JOB","data":{"job_id":"ebdc2a!10","alloc":"4-7"}}]}'
Received '{"now":2.343375,"events":[{"timestamp":2.343375,"type":"JOB_SUBMITTED","data":{"job_id":"ebdc2a!11","job":{"id":"ebdc2a!11","profile":"CG.S.16","res":16,"subtime":2.343344,"walltime":4200}}}]}'
Sending '{"now":2.343375,"events":[{"timestamp":2.343375,"type":"EXECUTE_JOB","data":{"job_id":"ebdc2a!11","alloc":"8-23"}}]}'
Received '{"now":2.393330,"events":[{"timestamp":2.393330,"type":"JOB_COMPLETED","data":{"job_id":"ebdc2a!9","job_state":"COMPLETED_SUCCESSFULLY","return_code":0,"kill_reason":"","alloc":"0-3"}}]}'
Sending '{"now":2.39333,"events":[]}'
Received '{"now":2.408225,"events":[{"timestamp":2.408225,"type":"JOB_COMPLETED","data":{"job_id":"ebdc2a!10","job_state":"COMPLETED_SUCCESSFULLY","return_code":0,"kill_reason":"","alloc":"4-7"}}]}'
Sending '{"now":2.408225,"events":[]}'
Received '{"now":2.768127,"events":[{"timestamp":2.768127,"type":"JOB_SUBMITTED","data":{"job_id":"ebdc2a!12","job":{"id":"ebdc2a!12","profile":"FT.S.16","res":16,"subtime":2.768097,"walltime":4200}}}]}'
Sending '{"now":2.768127,"events":[{"timestamp":2.768127,"type":"EXECUTE_JOB","data":{"job_id":"ebdc2a!12","alloc":"24-39"}}]}'
Received '{"now":3.023192,"events":[{"timestamp":3.023192,"type":"JOB_COMPLETED","data":{"job_id":"ebdc2a!12","job_state":"COMPLETED_SUCCESSFULLY","return_code":0,"kill_reason":"","alloc":"24-39"}}]}'
Sending '{"now":3.023192,"events":[]}'
Received '{"now":3.065032,"events":[{"timestamp":3.065032,"type":"JOB_SUBMITTED","data":{"job_id":"ebdc2a!13","job":{"id":"ebdc2a!13","profile":"LU.S.4","res":4,"subtime":3.065002,"walltime":4200}}}]}'
Sending '{"now":3.065032,"events":[{"timestamp":3.065032,"type":"EXECUTE_JOB","data":{"job_id":"ebdc2a!13","alloc":"0-3"}}]}'
Received '{"now":3.172351,"events":[{"timestamp":3.172351,"type":"JOB_SUBMITTED","data":{"job_id":"ebdc2a!14","job":{"id":"ebdc2a!14","profile":"SP.S.16","res":16,"subtime":3.172321,"walltime":4200}}}]}'
Sending '{"now":3.172351,"events":[{"timestamp":3.172351,"type":"EXECUTE_JOB","data":{"job_id":"ebdc2a!14","alloc":"24-39"}}]}'
Received '{"now":3.270120,"events":[{"timestamp":3.270120,"type":"JOB_SUBMITTED","data":{"job_id":"ebdc2a!15","job":{"id":"ebdc2a!15","profile":"SP.S.4","res":4,"subtime":3.270090,"walltime":4200}}}]}'
Sending '{"now":3.27012,"events":[{"timestamp":3.27012,"type":"EXECUTE_JOB","data":{"job_id":"ebdc2a!15","alloc":"4-7"}}]}'
Received '{"now":3.322641,"events":[{"timestamp":3.322641,"type":"JOB_COMPLETED","data":{"job_id":"ebdc2a!11","job_state":"COMPLETED_SUCCESSFULLY","return_code":0,"kill_reason":"","alloc":"8-23"}}]}'
Sending '{"now":3.322641,"events":[]}'
Received '{"now":3.506237,"events":[{"timestamp":3.506237,"type":"JOB_SUBMITTED","data":{"job_id":"ebdc2a!16","job":{"id":"ebdc2a!16","profile":"BT.S.4","res":4,"subtime":3.506207,"walltime":4200}}}]}'
Sending '{"now":3.506237,"events":[{"timestamp":3.506237,"type":"EXECUTE_JOB","data":{"job_id":"ebdc2a!16","alloc":"8-11"}}]}'
Received '{"now":3.626518,"events":[{"timestamp":3.626518,"type":"JOB_COMPLETED","data":{"job_id":"ebdc2a!15","job_state":"COMPLETED_SUCCESSFULLY","return_code":0,"kill_reason":"","alloc":"4-7"}}]}'
Sending '{"now":3.626518,"events":[]}'
Received '{"now":3.707797,"events":[{"timestamp":3.707797,"type":"JOB_SUBMITTED","data":{"job_id":"ebdc2a!17","job":{"id":"ebdc2a!17","profile":"IS.S.16","res":16,"subtime":3.707774,"walltime":4200}}}]}'
Sending '{"now":3.707797,"events":[{"timestamp":3.707797,"type":"EXECUTE_JOB","data":{"job_id":"ebdc2a!17","alloc":"40-55"}}]}'
Received '{"now":3.822806,"events":[{"timestamp":3.822806,"type":"JOB_COMPLETED","data":{"job_id":"ebdc2a!17","job_state":"COMPLETED_SUCCESSFULLY","return_code":0,"kill_reason":"","alloc":"40-55"}}]}'
Sending '{"now":3.822806,"events":[]}'
Received '{"now":3.891219,"events":[{"timestamp":3.891219,"type":"JOB_COMPLETED","data":{"job_id":"ebdc2a!16","job_state":"COMPLETED_SUCCESSFULLY","return_code":0,"kill_reason":"","alloc":"8-11"}}]}'
Sending '{"now":3.891219,"events":[]}'
Received '{"now":3.899165,"events":[{"timestamp":3.899165,"type":"JOB_COMPLETED","data":{"job_id":"ebdc2a!13","job_state":"COMPLETED_SUCCESSFULLY","return_code":0,"kill_reason":"","alloc":"0-3"}}]}'
Sending '{"now":3.899165,"events":[]}'
Received '{"now":3.905181,"events":[{"timestamp":3.905181,"type":"JOB_SUBMITTED","data":{"job_id":"ebdc2a!18","job":{"id":"ebdc2a!18","profile":"CG.S.4","res":4,"subtime":3.905151,"walltime":4200}}}]}'
Sending '{"now":3.905181,"events":[{"timestamp":3.905181,"type":"EXECUTE_JOB","data":{"job_id":"ebdc2a!18","alloc":"0-3"}}]}'
Received '{"now":3.954394,"events":[{"timestamp":3.954394,"type":"JOB_SUBMITTED","data":{"job_id":"ebdc2a!19","job":{"id":"ebdc2a!19","profile":"MG.S.16","res":16,"subtime":3.954371,"walltime":4200}}}]}'
Sending '{"now":3.954394,"events":[{"timestamp":3.954394,"type":"EXECUTE_JOB","data":{"job_id":"ebdc2a!19","alloc":"4-19"}}]}'
Received '{"now":4.156305,"events":[{"timestamp":4.156305,"type":"JOB_SUBMITTED","data":{"job_id":"ebdc2a!20","job":{"id":"ebdc2a!20","profile":"MG.S.4","res":4,"subtime":4.156289,"walltime":4200}}}]}'
Sending '{"now":4.156305,"events":[{"timestamp":4.156305,"type":"EXECUTE_JOB","data":{"job_id":"ebdc2a!20","alloc":"20-23"}}]}'
Received '{"now":4.262348,"events":[{"timestamp":4.262348,"type":"JOB_COMPLETED","data":{"job_id":"ebdc2a!14","job_state":"COMPLETED_SUCCESSFULLY","return_code":0,"kill_reason":"","alloc":"24-39"}}]}'
Sending '{"now":4.262348,"events":[]}'
Received '{"now":4.343275,"events":[{"timestamp":4.343275,"type":"JOB_COMPLETED","data":{"job_id":"ebdc2a!19","job_state":"COMPLETED_SUCCESSFULLY","return_code":0,"kill_reason":"","alloc":"4-19"}}]}'
Sending '{"now":4.343275,"events":[]}'
Received '{"now":4.369440,"events":[{"timestamp":4.369440,"type":"JOB_COMPLETED","data":{"job_id":"ebdc2a!20","job_state":"COMPLETED_SUCCESSFULLY","return_code":0,"kill_reason":"","alloc":"20-23"}}]}'
Sending '{"now":4.36944,"events":[]}'
Received '{"now":4.451228,"events":[{"timestamp":4.451228,"type":"JOB_COMPLETED","data":{"job_id":"ebdc2a!18","job_state":"COMPLETED_SUCCESSFULLY","return_code":0,"kill_reason":"","alloc":"0-3"}}]}'
Sending '{"now":4.451228,"events":[]}'
Received '{"now":4.539583,"events":[{"timestamp":4.539583,"type":"JOB_SUBMITTED","data":{"job_id":"ebdc2a!21","job":{"id":"ebdc2a!21","profile":"SP.S.16","res":16,"subtime":4.539553,"walltime":4200}}}]}'
Sending '{"now":4.539583,"events":[{"timestamp":4.539583,"type":"EXECUTE_JOB","data":{"job_id":"ebdc2a!21","alloc":"0-15"}}]}'
Received '{"now":4.633343,"events":[{"timestamp":4.633343,"type":"JOB_SUBMITTED","data":{"job_id":"ebdc2a!22","job":{"id":"ebdc2a!22","profile":"FT.S.4","res":4,"subtime":4.633314,"walltime":4200}}}]}'
Sending '{"now":4.633343,"events":[{"timestamp":4.633343,"type":"EXECUTE_JOB","data":{"job_id":"ebdc2a!22","alloc":"16-19"}}]}'
Received '{"now":4.910096,"events":[{"timestamp":4.910096,"type":"JOB_COMPLETED","data":{"job_id":"ebdc2a!22","job_state":"COMPLETED_SUCCESSFULLY","return_code":0,"kill_reason":"","alloc":"16-19"}}]}'
Sending '{"now":4.910096,"events":[]}'
Received '{"now":5.017161,"events":[{"timestamp":5.017161,"type":"JOB_SUBMITTED","data":{"job_id":"ebdc2a!23","job":{"id":"ebdc2a!23","profile":"CG.S.16","res":16,"subtime":5.017135,"walltime":4200}}}]}'
Sending '{"now":5.017161,"events":[{"timestamp":5.017161,"type":"EXECUTE_JOB","data":{"job_id":"ebdc2a!23","alloc":"16-31"}}]}'
Received '{"now":5.170798,"events":[{"timestamp":5.170798,"type":"JOB_SUBMITTED","data":{"job_id":"ebdc2a!24","job":{"id":"ebdc2a!24","profile":"CG.S.16","res":16,"subtime":5.170768,"walltime":4200}}}]}'
Sending '{"now":5.170798,"events":[{"timestamp":5.170798,"type":"EXECUTE_JOB","data":{"job_id":"ebdc2a!24","alloc":"32-47"}}]}'
Received '{"now":5.452256,"events":[{"timestamp":5.452256,"type":"JOB_COMPLETED","data":{"job_id":"ebdc2a!21","job_state":"COMPLETED_SUCCESSFULLY","return_code":0,"kill_reason":"","alloc":"0-15"}}]}'
Sending '{"now":5.452256,"events":[]}'
Received '{"now":5.648090,"events":[{"timestamp":5.648090,"type":"JOB_SUBMITTED","data":{"job_id":"ebdc2a!25","job":{"id":"ebdc2a!25","profile":"CG.S.4","res":4,"subtime":5.648059,"walltime":4200}}}]}'
Sending '{"now":5.64809,"events":[{"timestamp":5.64809,"type":"EXECUTE_JOB","data":{"job_id":"ebdc2a!25","alloc":"0-3"}}]}'
Received '{"now":5.892542,"events":[{"timestamp":5.892542,"type":"JOB_SUBMITTED","data":{"job_id":"ebdc2a!26","job":{"id":"ebdc2a!26","profile":"CG.S.16","res":16,"subtime":5.892512,"walltime":4200}}}]}'
Sending '{"now":5.892542,"events":[{"timestamp":5.892542,"type":"EXECUTE_JOB","data":{"job_id":"ebdc2a!26","alloc":"48-63"}}]}'
Received '{"now":5.971964,"events":[{"timestamp":5.971964,"type":"JOB_COMPLETED","data":{"job_id":"ebdc2a!23","job_state":"COMPLETED_SUCCESSFULLY","return_code":0,"kill_reason":"","alloc":"16-31"}}]}'
Sending '{"now":5.971964,"events":[]}'
Received '{"now":6.004709,"events":[{"timestamp":6.004709,"type":"JOB_SUBMITTED","data":{"job_id":"ebdc2a!27","job":{"id":"ebdc2a!27","profile":"FT.S.16","res":16,"subtime":6.004678,"walltime":4200}}}]}'
Sending '{"now":6.004709,"events":[{"timestamp":6.004709,"type":"EXECUTE_JOB","data":{"job_id":"ebdc2a!27","alloc":"4-19"}}]}'
Received '{"now":6.068579,"events":[{"timestamp":6.068579,"type":"JOB_SUBMITTED","data":{"job_id":"ebdc2a!28","job":{"id":"ebdc2a!28","profile":"SP.S.16","res":16,"subtime":6.068549,"walltime":4200}}}]}'
Sending '{"now":6.068579,"events":[]}'
Received '{"now":6.076573,"events":[{"timestamp":6.076573,"type":"JOB_SUBMITTED","data":{"job_id":"ebdc2a!29","job":{"id":"ebdc2a!29","profile":"LU.S.16","res":16,"subtime":6.076547,"walltime":4200}}}]}'
Sending '{"now":6.076573,"events":[]}'
Received '{"now":6.097929,"events":[{"timestamp":6.097929,"type":"JOB_COMPLETED","data":{"job_id":"ebdc2a!24","job_state":"COMPLETED_SUCCESSFULLY","return_code":0,"kill_reason":"","alloc":"32-47"}}]}'
Sending '{"now":6.097929,"events":[{"timestamp":6.097929,"type":"EXECUTE_JOB","data":{"job_id":"ebdc2a!28","alloc":"20-35"}}]}'
Received '{"now":6.192943,"events":[{"timestamp":6.192943,"type":"JOB_COMPLETED","data":{"job_id":"ebdc2a!25","job_state":"COMPLETED_SUCCESSFULLY","return_code":0,"kill_reason":"","alloc":"0-3"}}]}'
Sending '{"now":6.192943,"events":[]}'
Received '{"now":6.329796,"events":[{"timestamp":6.329796,"type":"JOB_COMPLETED","data":{"job_id":"ebdc2a!27","job_state":"COMPLETED_SUCCESSFULLY","return_code":0,"kill_reason":"","alloc":"4-19"}}]}'
Sending '{"now":6.329796,"events":[{"timestamp":6.329796,"type":"EXECUTE_JOB","data":{"job_id":"ebdc2a!29","alloc":"0-15"}}]}'
Received '{"now":6.336180,"events":[{"timestamp":6.336180,"type":"JOB_SUBMITTED","data":{"job_id":"ebdc2a!30","job":{"id":"ebdc2a!30","profile":"FT.S.16","res":16,"subtime":6.336150,"walltime":4200}}}]}'
Sending '{"now":6.33618,"events":[]}'
Received '{"now":6.404965,"events":[{"timestamp":6.404965,"type":"JOB_SUBMITTED","data":{"job_id":"ebdc2a!31","job":{"id":"ebdc2a!31","profile":"BT.S.16","res":16,"subtime":6.404935,"walltime":4200}}}]}'
Sending '{"now":6.404965,"events":[]}'
Received '{"now":6.527137,"events":[{"timestamp":6.527137,"type":"JOB_SUBMITTED","data":{"job_id":"ebdc2a!32","job":{"id":"ebdc2a!32","profile":"FT.S.16","res":16,"subtime":6.527112,"walltime":4200}}}]}'
Sending '{"now":6.527137,"events":[]}'
Received '{"now":6.582275,"events":[{"timestamp":6.582275,"type":"JOB_SUBMITTED","data":{"job_id":"ebdc2a!33","job":{"id":"ebdc2a!33","profile":"SP.S.4","res":4,"subtime":6.582254,"walltime":4200}}}]}'
Sending '{"now":6.582275,"events":[{"timestamp":6.582275,"type":"EXECUTE_JOB","data":{"job_id":"ebdc2a!33","alloc":"16-19"}}]}'
Received '{"now":6.598603,"events":[{"timestamp":6.598603,"type":"JOB_SUBMITTED","data":{"job_id":"ebdc2a!34","job":{"id":"ebdc2a!34","profile":"LU.S.16","res":16,"subtime":6.598573,"walltime":4200}}}]}'
Sending '{"now":6.598603,"events":[]}'
Received '{"now":6.680097,"events":[{"timestamp":6.680097,"type":"JOB_SUBMITTED","data":{"job_id":"ebdc2a!35","job":{"id":"ebdc2a!35","profile":"MG.S.16","res":16,"subtime":6.680076,"walltime":4200}}}]}'
Sending '{"now":6.680097,"events":[]}'
Received '{"now":6.752564,"events":[{"timestamp":6.752564,"type":"JOB_SUBMITTED","data":{"job_id":"ebdc2a!36","job":{"id":"ebdc2a!36","profile":"SP.S.16","res":16,"subtime":6.752543,"walltime":4200}}}]}'
Sending '{"now":6.752564,"events":[]}'
Received '{"now":6.856396,"events":[{"timestamp":6.856396,"type":"JOB_COMPLETED","data":{"job_id":"ebdc2a!26","job_state":"COMPLETED_SUCCESSFULLY","return_code":0,"kill_reason":"","alloc":"48-63"}}]}'
Sending '{"now":6.856396,"events":[{"timestamp":6.856396,"type":"EXECUTE_JOB","data":{"job_id":"ebdc2a!30","alloc":"36-51"}}]}'
Received '{"now":6.896758,"events":[{"timestamp":6.896758,"type":"JOB_SUBMITTED","data":{"job_id":"ebdc2a!37","job":{"id":"ebdc2a!37","profile":"MG.S.4","res":4,"subtime":6.896727,"walltime":4200}}}]}'
Sending '{"now":6.896758,"events":[{"timestamp":6.896758,"type":"EXECUTE_JOB","data":{"job_id":"ebdc2a!37","alloc":"52-55"}}]}'
Received '{"now":6.923329,"events":[{"timestamp":6.923329,"type":"JOB_SUBMITTED","data":{"job_id":"ebdc2a!38","job":{"id":"ebdc2a!38","profile":"LU.S.4","res":4,"subtime":6.923302,"walltime":4200}}}]}'
Sending '{"now":6.923329,"events":[{"timestamp":6.923329,"type":"EXECUTE_JOB","data":{"job_id":"ebdc2a!38","alloc":"56-59"}}]}'
Received '{"now":6.928388,"events":[{"timestamp":6.928388,"type":"JOB_SUBMITTED","data":{"job_id":"ebdc2a!39","job":{"id":"ebdc2a!39","profile":"SP.S.16","res":16,"subtime":6.928365,"walltime":4200}}}]}'
Sending '{"now":6.928388,"events":[]}'
Received '{"now":6.947947,"events":[{"timestamp":6.947947,"type":"JOB_COMPLETED","data":{"job_id":"ebdc2a!33","job_state":"COMPLETED_SUCCESSFULLY","return_code":0,"kill_reason":"","alloc":"16-19"}}]}'
Sending '{"now":6.947947,"events":[]}'
Received '{"now":6.990906,"events":[{"timestamp":6.990906,"type":"JOB_SUBMITTED","data":{"job_id":"ebdc2a!40","job":{"id":"ebdc2a!40","profile":"IS.S.4","res":4,"subtime":6.990885,"walltime":4200}}}]}'
Sending '{"now":6.990906,"events":[{"timestamp":6.990906,"type":"EXECUTE_JOB","data":{"job_id":"ebdc2a!40","alloc":"60-63"}}]}'
Received '{"now":7.107903,"events":[{"timestamp":7.107903,"type":"JOB_COMPLETED","data":{"job_id":"ebdc2a!28","job_state":"COMPLETED_SUCCESSFULLY","return_code":0,"kill_reason":"","alloc":"20-35"}}]}'
Sending '{"now":7.107903,"events":[{"timestamp":7.107903,"type":"EXECUTE_JOB","data":{"job_id":"ebdc2a!31","alloc":"16-31"}}]}'
Received '{"now":7.170501,"events":[{"timestamp":7.170501,"type":"JOB_COMPLETED","data":{"job_id":"ebdc2a!37","job_state":"COMPLETED_SUCCESSFULLY","return_code":0,"kill_reason":"","alloc":"52-55"}}]}'
Sending '{"now":7.170501,"events":[]}'
Received '{"now":7.198346,"events":[{"timestamp":7.198346,"type":"JOB_SUBMITTED","data":{"job_id":"ebdc2a!41","job":{"id":"ebdc2a!41","profile":"FT.S.16","res":16,"subtime":7.198316,"walltime":4200}}}]}'
Sending '{"now":7.198346,"events":[]}'
Received '{"now":7.252865,"events":[{"timestamp":7.252865,"type":"JOB_COMPLETED","data":{"job_id":"ebdc2a!40","job_state":"COMPLETED_SUCCESSFULLY","return_code":0,"kill_reason":"","alloc":"60-63"}}]}'
Sending '{"now":7.252865,"events":[]}'
Received '{"now":7.306483,"events":[{"timestamp":7.306483,"type":"JOB_SUBMITTED","data":{"job_id":"ebdc2a!42","job":{"id":"ebdc2a!42","profile":"LU.S.16","res":16,"subtime":7.306458,"walltime":4200}}}]}'
Sending '{"now":7.306483,"events":[]}'
Received '{"now":7.341560,"events":[{"timestamp":7.341560,"type":"JOB_COMPLETED","data":{"job_id":"ebdc2a!29","job_state":"COMPLETED_SUCCESSFULLY","return_code":0,"kill_reason":"","alloc":"0-15"}}]}'
Sending '{"now":7.34156,"events":[{"timestamp":7.34156,"type":"EXECUTE_JOB","data":{"job_id":"ebdc2a!32","alloc":"0-15"}}]}'
Received '{"now":7.393012,"events":[{"timestamp":7.393012,"type":"JOB_COMPLETED","data":{"job_id":"ebdc2a!30","job_state":"COMPLETED_SUCCESSFULLY","return_code":0,"kill_reason":"","alloc":"36-51"}}]}'
Sending '{"now":7.393012,"events":[{"timestamp":7.393012,"type":"EXECUTE_JOB","data":{"job_id":"ebdc2a!34","alloc":"32-47"}}]}'
Received '{"now":7.471534,"events":[{"timestamp":7.471534,"type":"JOB_SUBMITTED","data":{"job_id":"ebdc2a!43","job":{"id":"ebdc2a!43","profile":"IS.S.16","res":16,"subtime":7.471504,"walltime":4200}}}]}'
Sending '{"now":7.471534,"events":[]}'
Received '{"now":7.695979,"events":[{"timestamp":7.695979,"type":"JOB_SUBMITTED","data":{"job_id":"ebdc2a!44","job":{"id":"ebdc2a!44","profile":"CG.S.16","res":16,"subtime":7.695949,"walltime":4200}}}]}'
Sending '{"now":7.695979,"events":[]}'
Received '{"now":7.709746,"events":[{"timestamp":7.709746,"type":"JOB_COMPLETED","data":{"job_id":"ebdc2a!38","job_state":"COMPLETED_SUCCESSFULLY","return_code":0,"kill_reason":"","alloc":"56-59"}}]}'
Sending '{"now":7.709746,"events":[{"timestamp":7.709746,"type":"EXECUTE_JOB","data":{"job_id":"ebdc2a!35","alloc":"48-63"}}]}'
Received '{"now":7.782586,"events":[{"timestamp":7.782586,"type":"JOB_SUBMITTED","data":{"job_id":"ebdc2a!45","job":{"id":"ebdc2a!45","profile":"BT.S.4","res":4,"subtime":7.782556,"walltime":4200}}}]}'
Sending '{"now":7.782586,"events":[]}'
Received '{"now":7.805141,"events":[{"timestamp":7.805141,"type":"JOB_COMPLETED","data":{"job_id":"ebdc2a!32","job_state":"COMPLETED_SUCCESSFULLY","return_code":0,"kill_reason":"","alloc":"0-15"}}]}'
Sending '{"now":7.805141,"events":[{"timestamp":7.805141,"type":"EXECUTE_JOB","data":{"job_id":"ebdc2a!36","alloc":"0-15"}}]}'
Received '{"now":7.959966,"events":[{"timestamp":7.959966,"type":"JOB_SUBMITTED","data":{"job_id":"ebdc2a!46","job":{"id":"ebdc2a!46","profile":"SP.S.4","res":4,"subtime":7.959941,"walltime":4200}}}]}'
Sending '{"now":7.959966,"events":[]}'
Received '{"now":7.973979,"events":[{"timestamp":7.973979,"type":"JOB_SUBMITTED","data":{"job_id":"ebdc2a!47","job":{"id":"ebdc2a!47","profile":"CG.S.16","res":16,"subtime":7.973948,"walltime":4200}}}]}'
Sending '{"now":7.973979,"events":[]}'
Received '{"now":8.231363,"events":[{"timestamp":8.231363,"type":"JOB_COMPLETED","data":{"job_id":"ebdc2a!35","job_state":"COMPLETED_SUCCESSFULLY","return_code":0,"kill_reason":"","alloc":"48-63"}}]}'
Sending '{"now":8.231363,"events":[{"timestamp":8.231363,"type":"EXECUTE_JOB","data":{"job_id":"ebdc2a!39","alloc":"48-63"}}]}'
Received '{"now":8.264080,"events":[{"timestamp":8.264080,"type":"JOB_SUBMITTED","data":{"job_id":"ebdc2a!48","job":{"id":"ebdc2a!48","profile":"CG.S.4","res":4,"subtime":8.264060,"walltime":4200}}}]}'
Sending '{"now":8.26408,"events":[]}'
Received '{"now":8.445387,"events":[{"timestamp":8.445387,"type":"JOB_COMPLETED","data":{"job_id":"ebdc2a!34","job_state":"COMPLETED_SUCCESSFULLY","return_code":0,"kill_reason":"","alloc":"32-47"}}]}'
Sending '{"now":8.445387,"events":[{"timestamp":8.445387,"type":"EXECUTE_JOB","data":{"job_id":"ebdc2a!41","alloc":"32-47"}}]}'
Received '{"now":8.688972,"events":[{"timestamp":8.688972,"type":"JOB_SUBMITTED","data":{"job_id":"ebdc2a!49","job":{"id":"ebdc2a!49","profile":"LU.S.16","res":16,"subtime":8.688941,"walltime":4200}}}]}'
Sending '{"now":8.688972,"events":[]}'
Received '{"now":8.985939,"events":[{"timestamp":8.985939,"type":"JOB_SUBMITTED","data":{"job_id":"ebdc2a!50","job":{"id":"ebdc2a!50","profile":"LU.S.16","res":16,"subtime":8.985909,"walltime":4200}}}]}'
Sending '{"now":8.985939,"events":[]}'
Received '{"now":9.014096,"events":[{"timestamp":9.014096,"type":"JOB_COMPLETED","data":{"job_id":"ebdc2a!31","job_state":"COMPLETED_SUCCESSFULLY","return_code":0,"kill_reason":"","alloc":"16-31"}}]}'
Sending '{"now":9.014096,"events":[{"timestamp":9.014096,"type":"EXECUTE_JOB","data":{"job_id":"ebdc2a!42","alloc":"16-31"}}]}'
Received '{"now":9.075677,"events":[{"timestamp":9.075677,"type":"JOB_COMPLETED","data":{"job_id":"ebdc2a!36","job_state":"COMPLETED_SUCCESSFULLY","return_code":0,"kill_reason":"","alloc":"0-15"}}]}'
Sending '{"now":9.075677,"events":[{"timestamp":9.075677,"type":"EXECUTE_JOB","data":{"job_id":"ebdc2a!43","alloc":"0-15"}}]}'
Received '{"now":9.182636,"events":[{"timestamp":9.182636,"type":"JOB_COMPLETED","data":{"job_id":"ebdc2a!41","job_state":"COMPLETED_SUCCESSFULLY","return_code":0,"kill_reason":"","alloc":"32-47"}}]}'
Sending '{"now":9.182636,"events":[{"timestamp":9.182636,"type":"EXECUTE_JOB","data":{"job_id":"ebdc2a!44","alloc":"32-47"}}]}'
Received '{"now":9.192478,"events":[{"timestamp":9.192478,"type":"JOB_SUBMITTED","data":{"job_id":"ebdc2a!51","job":{"id":"ebdc2a!51","profile":"IS.S.4","res":4,"subtime":9.192448,"walltime":4200}}}]}'
Sending '{"now":9.192478,"events":[]}'
Received '{"now":9.194641,"events":[{"timestamp":9.194641,"type":"JOB_SUBMITTED","data":{"job_id":"ebdc2a!52","job":{"id":"ebdc2a!52","profile":"CG.S.16","res":16,"subtime":9.194611,"walltime":4200}}}]}'
Sending '{"now":9.194641,"events":[]}'
Received '{"now":9.201634,"events":[{"timestamp":9.201634,"type":"JOB_COMPLETED","data":{"job_id":"ebdc2a!43","job_state":"COMPLETED_SUCCESSFULLY","return_code":0,"kill_reason":"","alloc":"0-15"}}]}'
Sending '{"now":9.201634,"events":[{"timestamp":9.201634,"type":"EXECUTE_JOB","data":{"job_id":"ebdc2a!45","alloc":"0-3"}},{"timestamp":9.201634,"type":"EXECUTE_JOB","data":{"job_id":"ebdc2a!46","alloc":"4-7"}},{"timestamp":9.201634,"type":"EXECUTE_JOB","data":{"job_id":"ebdc2a!48","alloc":"8-11"}},{"timestamp":9.201634,"type":"EXECUTE_JOB","data":{"job_id":"ebdc2a!51","alloc":"12-15"}}]}'
Received '{"now":9.287711,"events":[{"timestamp":9.287711,"type":"JOB_SUBMITTED","data":{"job_id":"ebdc2a!53","job":{"id":"ebdc2a!53","profile":"SP.S.4","res":4,"subtime":9.287685,"walltime":4200}}}]}'
Sending '{"now":9.287711,"events":[]}'
Received '{"now":9.334805,"events":[{"timestamp":9.334805,"type":"JOB_COMPLETED","data":{"job_id":"ebdc2a!51","job_state":"COMPLETED_SUCCESSFULLY","return_code":0,"kill_reason":"","alloc":"12-15"}}]}'
Sending '{"now":9.334805,"events":[{"timestamp":9.334805,"type":"EXECUTE_JOB","data":{"job_id":"ebdc2a!53","alloc":"12-15"}}]}'
Received '{"now":9.451940,"events":[{"timestamp":9.451940,"type":"JOB_SUBMITTED","data":{"job_id":"ebdc2a!54","job":{"id":"ebdc2a!54","profile":"MG.S.16","res":16,"subtime":9.451910,"walltime":4200}}}]}'
Sending '{"now":9.45194,"events":[]}'
Received '{"now":9.539410,"events":[{"timestamp":9.539410,"type":"JOB_COMPLETED","data":{"job_id":"ebdc2a!39","job_state":"COMPLETED_SUCCESSFULLY","return_code":0,"kill_reason":"","alloc":"48-63"}}]}'
Sending '{"now":9.53941,"events":[{"timestamp":9.53941,"type":"EXECUTE_JOB","data":{"job_id":"ebdc2a!47","alloc":"48-63"}}]}'
Received '{"now":9.546354,"events":[{"timestamp":9.546354,"type":"JOB_COMPLETED","data":{"job_id":"ebdc2a!45","job_state":"COMPLETED_SUCCESSFULLY","return_code":0,"kill_reason":"","alloc":"0-3"}}]}'
Sending '{"now":9.546354,"events":[]}'
Received '{"now":9.592145,"events":[{"timestamp":9.592145,"type":"JOB_SUBMITTED","data":{"job_id":"ebdc2a!55","job":{"id":"ebdc2a!55","profile":"CG.S.16","res":16,"subtime":9.592118,"walltime":4200}}}]}'
Sending '{"now":9.592145,"events":[]}'
Received '{"now":9.615782,"events":[{"timestamp":9.615782,"type":"JOB_SUBMITTED","data":{"job_id":"ebdc2a!56","job":{"id":"ebdc2a!56","profile":"LU.S.4","res":4,"subtime":9.615753,"walltime":4200}}}]}'
Sending '{"now":9.615782,"events":[{"timestamp":9.615782,"type":"EXECUTE_JOB","data":{"job_id":"ebdc2a!56","alloc":"0-3"}}]}'
Received '{"now":9.636535,"events":[{"timestamp":9.636535,"type":"JOB_COMPLETED","data":{"job_id":"ebdc2a!46","job_state":"COMPLETED_SUCCESSFULLY","return_code":0,"kill_reason":"","alloc":"4-7"}}]}'
Sending '{"now":9.636535,"events":[]}'
Received '{"now":9.714371,"events":[{"timestamp":9.714371,"type":"JOB_COMPLETED","data":{"job_id":"ebdc2a!53","job_state":"COMPLETED_SUCCESSFULLY","return_code":0,"kill_reason":"","alloc":"12-15"}}]}'
Sending '{"now":9.714371,"events":[]}'
Received '{"now":9.752320,"events":[{"timestamp":9.752320,"type":"JOB_COMPLETED","data":{"job_id":"ebdc2a!48","job_state":"COMPLETED_SUCCESSFULLY","return_code":0,"kill_reason":"","alloc":"8-11"}}]}'
Sending '{"now":9.75232,"events":[]}'
Received '{"now":9.778195,"events":[{"timestamp":9.778195,"type":"JOB_SUBMITTED","data":{"job_id":"ebdc2a!57","job":{"id":"ebdc2a!57","profile":"SP.S.16","res":16,"subtime":9.778172,"walltime":4200}}}]}'
Sending '{"now":9.778195,"events":[]}'
Received '{"now":9.942544,"events":[{"timestamp":9.942544,"type":"JOB_SUBMITTED","data":{"job_id":"ebdc2a!58","job":{"id":"ebdc2a!58","profile":"FT.S.16","res":16,"subtime":9.942530,"walltime":4200}}}]}'
Sending '{"now":9.942544,"events":[]}'
Received '{"now":10.064392,"events":[{"timestamp":10.064392,"type":"JOB_COMPLETED","data":{"job_id":"ebdc2a!42","job_state":"COMPLETED_SUCCESSFULLY","return_code":0,"kill_reason":"","alloc":"16-31"}}]}'
Sending '{"now":10.064392,"events":[{"timestamp":10.064392,"type":"EXECUTE_JOB","data":{"job_id":"ebdc2a!49","alloc":"4-19"}}]}'
Received '{"now":10.139617,"events":[{"timestamp":10.139617,"type":"JOB_COMPLETED","data":{"job_id":"ebdc2a!44","job_state":"COMPLETED_SUCCESSFULLY","return_code":0,"kill_reason":"","alloc":"32-47"}}]}'
Sending '{"now":10.139617,"events":[{"timestamp":10.139617,"type":"EXECUTE_JOB","data":{"job_id":"ebdc2a!50","alloc":"20-35"}}]}'
Received '{"now":10.382906,"events":[{"timestamp":10.382906,"type":"JOB_COMPLETED","data":{"job_id":"ebdc2a!56","job_state":"COMPLETED_SUCCESSFULLY","return_code":0,"kill_reason":"","alloc":"0-3"}}]}'
Sending '{"now":10.382906,"events":[]}'
Received '{"now":10.504620,"events":[{"timestamp":10.504620,"type":"JOB_COMPLETED","data":{"job_id":"ebdc2a!47","job_state":"COMPLETED_SUCCESSFULLY","return_code":0,"kill_reason":"","alloc":"48-63"}}]}'
Sending '{"now":10.50462,"events":[{"timestamp":10.50462,"type":"EXECUTE_JOB","data":{"job_id":"ebdc2a!52","alloc":"36-51"}}]}'
Received '{"now":10.506817,"events":[{"timestamp":10.506817,"type":"JOB_SUBMITTED","data":{"job_id":"ebdc2a!59","job":{"id":"ebdc2a!59","profile":"FT.S.4","res":4,"subtime":10.506793,"walltime":4200}}}]}'
Sending '{"now":10.506817,"events":[{"timestamp":10.506817,"type":"EXECUTE_JOB","data":{"job_id":"ebdc2a!59","alloc":"52-55"}}]}'
Received '{"now":10.590650,"events":[{"timestamp":10.590650,"type":"JOB_SUBMITTED","data":{"job_id":"ebdc2a!60","job":{"id":"ebdc2a!60","profile":"IS.S.16","res":16,"subtime":10.590620,"walltime":4200}}}]}'
Sending '{"now":10.59065,"events":[]}'
Received '{"now":10.655481,"events":[{"timestamp":10.655481,"type":"JOB_SUBMITTED","data":{"job_id":"ebdc2a!61","job":{"id":"ebdc2a!61","profile":"BT.S.4","res":4,"subtime":10.655453,"walltime":4200}}}]}'
Sending '{"now":10.655481,"events":[{"timestamp":10.655481,"type":"EXECUTE_JOB","data":{"job_id":"ebdc2a!61","alloc":"56-59"}}]}'
Received '{"now":10.731357,"events":[{"timestamp":10.731357,"type":"JOB_COMPLETED","data":{"job_id":"ebdc2a!59","job_state":"COMPLETED_SUCCESSFULLY","return_code":0,"kill_reason":"","alloc":"52-55"}}]}'
Sending '{"now":10.731357,"events":[]}'
Received '{"now":10.740004,"events":[{"timestamp":10.740004,"type":"JOB_SUBMITTED","data":{"job_id":"ebdc2a!62","job":{"id":"ebdc2a!62","profile":"BT.S.4","res":4,"subtime":10.739986,"walltime":4200}}}]}'
Sending '{"now":10.740004,"events":[{"timestamp":10.740004,"type":"EXECUTE_JOB","data":{"job_id":"ebdc2a!62","alloc":"52-55"}}]}'
Received '{"now":10.832403,"events":[{"timestamp":10.832403,"type":"JOB_SUBMITTED","data":{"job_id":"ebdc2a!63","job":{"id":"ebdc2a!63","profile":"CG.S.16","res":16,"subtime":10.832379,"walltime":4200}}}]}'
Sending '{"now":10.832403,"events":[]}'
Received '{"now":10.917804,"events":[{"timestamp":10.917804,"type":"JOB_COMPLETED","data":{"job_id":"ebdc2a!61","job_state":"COMPLETED_SUCCESSFULLY","return_code":0,"kill_reason":"","alloc":"56-59"}}]}'
Sending '{"now":10.917804,"events":[]}'
Received '{"now":10.984149,"events":[{"timestamp":10.984149,"type":"JOB_COMPLETED","data":{"job_id":"ebdc2a!62","job_state":"COMPLETED_SUCCESSFULLY","return_code":0,"kill_reason":"","alloc":"52-55"}}]}'
Sending '{"now":10.984149,"events":[]}'
Received '{"now":11.066740,"events":[{"timestamp":11.066740,"type":"JOB_COMPLETED","data":{"job_id":"ebdc2a!49","job_state":"COMPLETED_SUCCESSFULLY","return_code":0,"kill_reason":"","alloc":"4-19"}}]}'
Sending '{"now":11.06674,"events":[{"timestamp":11.06674,"type":"EXECUTE_JOB","data":{"job_id":"ebdc2a!54","alloc":"0-15"}}]}'
Received '{"now":11.111285,"events":[{"timestamp":11.111285,"type":"JOB_COMPLETED","data":{"job_id":"ebdc2a!50","job_state":"COMPLETED_SUCCESSFULLY","return_code":0,"kill_reason":"","alloc":"20-35"}}]}'
Sending '{"now":11.111285,"events":[{"timestamp":11.111285,"type":"EXECUTE_JOB","data":{"job_id":"ebdc2a!55","alloc":"16-31"}}]}'
Received '{"now":11.402243,"events":[{"timestamp":11.402243,"type":"JOB_COMPLETED","data":{"job_id":"ebdc2a!54","job_state":"COMPLETED_SUCCESSFULLY","return_code":0,"kill_reason":"","alloc":"0-15"}}]}'
Sending '{"now":11.402243,"events":[{"timestamp":11.402243,"type":"EXECUTE_JOB","data":{"job_id":"ebdc2a!57","alloc":"0-15"}}]}'
Received '{"now":11.436428,"events":[{"timestamp":11.436428,"type":"JOB_COMPLETED","data":{"job_id":"ebdc2a!52","job_state":"COMPLETED_SUCCESSFULLY","return_code":0,"kill_reason":"","alloc":"36-51"}}]}'
Sending '{"now":11.436428,"events":[{"timestamp":11.436428,"type":"EXECUTE_JOB","data":{"job_id":"ebdc2a!58","alloc":"32-47"}},{"timestamp":11.436428,"type":"EXECUTE_JOB","data":{"job_id":"ebdc2a!60","alloc":"48-63"}}]}'
Received '{"now":11.482435,"events":[{"timestamp":11.482435,"type":"JOB_SUBMITTED","data":{"job_id":"ebdc2a!64","job":{"id":"ebdc2a!64","profile":"CG.S.16","res":16,"subtime":11.482405,"walltime":4200}}}]}'
Sending '{"now":11.482435,"events":[]}'
Received '{"now":11.565593,"events":[{"timestamp":11.565593,"type":"JOB_COMPLETED","data":{"job_id":"ebdc2a!60","job_state":"COMPLETED_SUCCESSFULLY","return_code":0,"kill_reason":"","alloc":"48-63"}}]}'
Sending '{"now":11.565593,"events":[{"timestamp":11.565593,"type":"EXECUTE_JOB","data":{"job_id":"ebdc2a!63","alloc":"48-63"}}]}'
Received '{"now":11.717245,"events":[{"timestamp":11.717245,"type":"JOB_SUBMITTED","data":{"job_id":"ebdc2a!65","job":{"id":"ebdc2a!65","profile":"BT.S.4","res":4,"subtime":11.717228,"walltime":4200}}}]}'
Sending '{"now":11.717245,"events":[]}'
Received '{"now":11.734021,"events":[{"timestamp":11.734021,"type":"JOB_SUBMITTED","data":{"job_id":"ebdc2a!66","job":{"id":"ebdc2a!66","profile":"LU.S.4","res":4,"subtime":11.733998,"walltime":4200}}}]}'
Sending '{"now":11.734021,"events":[]}'
Received '{"now":11.877427,"events":[{"timestamp":11.877427,"type":"JOB_COMPLETED","data":{"job_id":"ebdc2a!58","job_state":"COMPLETED_SUCCESSFULLY","return_code":0,"kill_reason":"","alloc":"32-47"}}]}'
Sending '{"now":11.877427,"events":[{"timestamp":11.877427,"type":"EXECUTE_JOB","data":{"job_id":"ebdc2a!64","alloc":"32-47"}}]}'
Received '{"now":11.931186,"events":[{"timestamp":11.931186,"type":"JOB_SUBMITTED","data":{"job_id":"ebdc2a!67","job":{"id":"ebdc2a!67","profile":"SP.S.4","res":4,"subtime":11.931163,"walltime":4200}}}]}'
Sending '{"now":11.931186,"events":[]}'
Received '{"now":12.007465,"events":[{"timestamp":12.007465,"type":"JOB_SUBMITTED","data":{"job_id":"ebdc2a!68","job":{"id":"ebdc2a!68","profile":"IS.S.16","res":16,"subtime":12.007436,"walltime":4200}}}]}'
Sending '{"now":12.007465,"events":[]}'
Received '{"now":12.099916,"events":[{"timestamp":12.099916,"type":"JOB_SUBMITTED","data":{"job_id":"ebdc2a!69","job":{"id":"ebdc2a!69","profile":"IS.S.4","res":4,"subtime":12.099886,"walltime":4200}}}]}'
Sending '{"now":12.099916,"events":[]}'
Received '{"now":12.137466,"events":[{"timestamp":12.137466,"type":"JOB_COMPLETED","data":{"job_id":"ebdc2a!55","job_state":"COMPLETED_SUCCESSFULLY","return_code":0,"kill_reason":"","alloc":"16-31"}}]}'
Sending '{"now":12.137466,"events":[{"timestamp":12.137466,"type":"EXECUTE_JOB","data":{"job_id":"ebdc2a!65","alloc":"16-19"}},{"timestamp":12.137466,"type":"EXECUTE_JOB","data":{"job_id":"ebdc2a!66","alloc":"20-23"}},{"timestamp":12.137466,"type":"EXECUTE_JOB","data":{"job_id":"ebdc2a!67","alloc":"24-27"}},{"timestamp":12.137466,"type":"EXECUTE_JOB","data":{"job_id":"ebdc2a!69","alloc":"28-31"}}]}'
Received '{"now":12.147459,"events":[{"timestamp":12.147459,"type":"JOB_SUBMITTED","data":{"job_id":"ebdc2a!70","job":{"id":"ebdc2a!70","profile":"FT.S.4","res":4,"subtime":12.147432,"walltime":4200}}}]}'
Sending '{"now":12.147459,"events":[]}'
Received '{"now":12.160339,"events":[{"timestamp":12.160339,"type":"JOB_SUBMITTED","data":{"job_id":"ebdc2a!71","job":{"id":"ebdc2a!71","profile":"BT.S.16","res":16,"subtime":12.160323,"walltime":4200}}}]}'
Sending '{"now":12.160339,"events":[]}'
Received '{"now":12.318218,"events":[{"timestamp":12.318218,"type":"JOB_COMPLETED","data":{"job_id":"ebdc2a!69","job_state":"COMPLETED_SUCCESSFULLY","return_code":0,"kill_reason":"","alloc":"28-31"}}]}'
Sending '{"now":12.318218,"events":[{"timestamp":12.318218,"type":"EXECUTE_JOB","data":{"job_id":"ebdc2a!70","alloc":"28-31"}}]}'
Received '{"now":12.361713,"events":[{"timestamp":12.361713,"type":"JOB_SUBMITTED","data":{"job_id":"ebdc2a!72","job":{"id":"ebdc2a!72","profile":"FT.S.4","res":4,"subtime":12.361691,"walltime":4200}}}]}'
Sending '{"now":12.361713,"events":[]}'
Received '{"now":12.387943,"events":[{"timestamp":12.387943,"type":"JOB_SUBMITTED","data":{"job_id":"ebdc2a!73","job":{"id":"ebdc2a!73","profile":"SP.S.16","res":16,"subtime":12.387914,"walltime":4200}}}]}'
Sending '{"now":12.387943,"events":[]}'
Received '{"now":12.415372,"events":[{"timestamp":12.415372,"type":"JOB_SUBMITTED","data":{"job_id":"ebdc2a!74","job":{"id":"ebdc2a!74","profile":"FT.S.4","res":4,"subtime":12.415344,"walltime":4200}}}]}'
Sending '{"now":12.415372,"events":[]}'
Received '{"now":12.479156,"events":[{"timestamp":12.479156,"type":"JOB_COMPLETED","data":{"job_id":"ebdc2a!57","job_state":"COMPLETED_SUCCESSFULLY","return_code":0,"kill_reason":"","alloc":"0-15"}}]}'
Sending '{"now":12.479156,"events":[{"timestamp":12.479156,"type":"EXECUTE_JOB","data":{"job_id":"ebdc2a!68","alloc":"0-15"}}]}'
Received '{"now":12.596267,"events":[{"timestamp":12.596267,"type":"JOB_COMPLETED","data":{"job_id":"ebdc2a!68","job_state":"COMPLETED_SUCCESSFULLY","return_code":0,"kill_reason":"","alloc":"0-15"}}]}'
Sending '{"now":12.596267,"events":[{"timestamp":12.596267,"type":"EXECUTE_JOB","data":{"job_id":"ebdc2a!71","alloc":"0-15"}}]}'
Received '{"now":12.600320,"events":[{"timestamp":12.600320,"type":"JOB_COMPLETED","data":{"job_id":"ebdc2a!63","job_state":"COMPLETED_SUCCESSFULLY","return_code":0,"kill_reason":"","alloc":"48-63"}}]}'
Sending '{"now":12.60032,"events":[{"timestamp":12.60032,"type":"EXECUTE_JOB","data":{"job_id":"ebdc2a!72","alloc":"48-51"}},{"timestamp":12.60032,"type":"EXECUTE_JOB","data":{"job_id":"ebdc2a!74","alloc":"52-55"}}]}'
Received '{"now":12.618376,"events":[{"timestamp":12.618376,"type":"JOB_COMPLETED","data":{"job_id":"ebdc2a!67","job_state":"COMPLETED_SUCCESSFULLY","return_code":0,"kill_reason":"","alloc":"24-27"}}]}'
Sending '{"now":12.618376,"events":[]}'
Received '{"now":12.667684,"events":[{"timestamp":12.667684,"type":"JOB_COMPLETED","data":{"job_id":"ebdc2a!65","job_state":"COMPLETED_SUCCESSFULLY","return_code":0,"kill_reason":"","alloc":"16-19"}}]}'
Sending '{"now":12.667684,"events":[]}'
Received '{"now":12.751412,"events":[{"timestamp":12.751412,"type":"JOB_SUBMITTED","data":{"job_id":"ebdc2a!75","job":{"id":"ebdc2a!75","profile":"MG.S.16","res":16,"subtime":12.751381,"walltime":4200}}}]}'
Sending '{"now":12.751412,"events":[]}'
Received '{"now":12.765888,"events":[{"timestamp":12.765888,"type":"JOB_SUBMITTED","data":{"job_id":"ebdc2a!76","job":{"id":"ebdc2a!76","profile":"CG.S.16","res":16,"subtime":12.765858,"walltime":4200}}}]}'
Sending '{"now":12.765888,"events":[]}'
Received '{"now":12.876006,"events":[{"timestamp":12.876006,"type":"JOB_COMPLETED","data":{"job_id":"ebdc2a!64","job_state":"COMPLETED_SUCCESSFULLY","return_code":0,"kill_reason":"","alloc":"32-47"}}]}'
Sending '{"now":12.876006,"events":[{"timestamp":12.876006,"type":"EXECUTE_JOB","data":{"job_id":"ebdc2a!73","alloc":"32-47"}}]}'
Received '{"now":12.891618,"events":[{"timestamp":12.891618,"type":"JOB_SUBMITTED","data":{"job_id":"ebdc2a!77","job":{"id":"ebdc2a!77","profile":"FT.S.16","res":16,"subtime":12.891589,"walltime":4200}}}]}'
Sending '{"now":12.891618,"events":[]}'
Received '{"now":12.974648,"events":[{"timestamp":12.974648,"type":"JOB_COMPLETED","data":{"job_id":"ebdc2a!66","job_state":"COMPLETED_SUCCESSFULLY","return_code":0,"kill_reason":"","alloc":"20-23"}}]}'
Sending '{"now":12.974648,"events":[]}'
Received '{"now":13.182582,"events":[{"timestamp":13.182582,"type":"JOB_SUBMITTED","data":{"job_id":"ebdc2a!78","job":{"id":"ebdc2a!78","profile":"MG.S.16","res":16,"subtime":13.182552,"walltime":4200}}}]}'
Sending '{"now":13.182582,"events":[]}'
Received '{"now":13.325723,"events":[{"timestamp":13.325723,"type":"JOB_COMPLETED","data":{"job_id":"ebdc2a!70","job_state":"COMPLETED_SUCCESSFULLY","return_code":0,"kill_reason":"","alloc":"28-31"}}]}'
Sending '{"now":13.325723,"events":[{"timestamp":13.325723,"type":"EXECUTE_JOB","data":{"job_id":"ebdc2a!75","alloc":"16-31"}}]}'
Received '{"now":13.374920,"events":[{"timestamp":13.374920,"type":"JOB_SUBMITTED","data":{"job_id":"ebdc2a!79","job":{"id":"ebdc2a!79","profile":"LU.S.4","res":4,"subtime":13.374894,"walltime":4200}}}]}'
Sending '{"now":13.37492,"events":[{"timestamp":13.37492,"type":"EXECUTE_JOB","data":{"job_id":"ebdc2a!79","alloc":"56-59"}}]}'
Received '{"now":13.542214,"events":[{"timestamp":13.542214,"type":"JOB_SUBMITTED","data":{"job_id":"ebdc2a!80","job":{"id":"ebdc2a!80","profile":"CG.S.16","res":16,"subtime":13.542189,"walltime":4200}}}]}'
Sending '{"now":13.542214,"events":[]}'
Received '{"now":13.572812,"events":[{"timestamp":13.572812,"type":"JOB_SUBMITTED","data":{"job_id":"ebdc2a!81","job":{"id":"ebdc2a!81","profile":"IS.S.4","res":4,"subtime":13.572789,"walltime":4200}}}]}'
Sending '{"now":13.572812,"events":[{"timestamp":13.572812,"type":"EXECUTE_JOB","data":{"job_id":"ebdc2a!81","alloc":"60-63"}}]}'
Received '{"now":13.628847,"events":[{"timestamp":13.628847,"type":"JOB_SUBMITTED","data":{"job_id":"ebdc2a!82","job":{"id":"ebdc2a!82","profile":"FT.S.16","res":16,"subtime":13.628817,"walltime":4200}}}]}'
Sending '{"now":13.628847,"events":[]}'
Received '{"now":13.969055,"events":[{"timestamp":13.969055,"type":"JOB_COMPLETED","data":{"job_id":"ebdc2a!75","job_state":"COMPLETED_SUCCESSFULLY","return_code":0,"kill_reason":"","alloc":"16-31"}}]}'
Sending '{"now":13.969055000000001,"events":[{"timestamp":13.969055000000001,"type":"EXECUTE_JOB","data":{"job_id":"ebdc2a!76","alloc":"16-31"}}]}'
Received '{"now":13.986522,"events":[{"timestamp":13.986522,"type":"JOB_COMPLETED","data":{"job_id":"ebdc2a!81","job_state":"COMPLETED_SUCCESSFULLY","return_code":0,"kill_reason":"","alloc":"60-63"}}]}'
Sending '{"now":13.986522,"events":[]}'
Received '{"now":13.998689,"events":[{"timestamp":13.998689,"type":"JOB_SUBMITTED","data":{"job_id":"ebdc2a!83","job":{"id":"ebdc2a!83","profile":"MG.S.4","res":4,"subtime":13.998659,"walltime":4200}}}]}'
Sending '{"now":13.998689,"events":[{"timestamp":13.998689,"type":"EXECUTE_JOB","data":{"job_id":"ebdc2a!83","alloc":"60-63"}}]}'
Received '{"now":14.007246,"events":[{"timestamp":14.007246,"type":"JOB_COMPLETED","data":{"job_id":"ebdc2a!72","job_state":"COMPLETED_SUCCESSFULLY","return_code":0,"kill_reason":"","alloc":"48-51"}}]}'
Sending '{"now":14.007246,"events":[]}'
Received '{"now":14.007477,"events":[{"timestamp":14.007446,"type":"JOB_COMPLETED","data":{"job_id":"ebdc2a!74","job_state":"COMPLETED_SUCCESSFULLY","return_code":0,"kill_reason":"","alloc":"52-55"}}]}'
Sending '{"now":14.007477,"events":[]}'
Received '{"now":14.038193,"events":[{"timestamp":14.038193,"type":"JOB_COMPLETED","data":{"job_id":"ebdc2a!73","job_state":"COMPLETED_SUCCESSFULLY","return_code":0,"kill_reason":"","alloc":"32-47"}}]}'
Sending '{"now":14.038193,"events":[{"timestamp":14.038193,"type":"EXECUTE_JOB","data":{"job_id":"ebdc2a!77","alloc":"32-47"}}]}'
Received '{"now":14.115045,"events":[{"timestamp":14.115045,"type":"JOB_SUBMITTED","data":{"job_id":"ebdc2a!84","job":{"id":"ebdc2a!84","profile":"IS.S.4","res":4,"subtime":14.115023,"walltime":4200}}}]}'
Sending '{"now":14.115045,"events":[{"timestamp":14.115045,"type":"EXECUTE_JOB","data":{"job_id":"ebdc2a!84","alloc":"48-51"}}]}'
Received '{"now":14.246215,"events":[{"timestamp":14.246215,"type":"JOB_COMPLETED","data":{"job_id":"ebdc2a!79","job_state":"COMPLETED_SUCCESSFULLY","return_code":0,"kill_reason":"","alloc":"56-59"}}]}'
Sending '{"now":14.246215,"events":[]}'
Received '{"now":14.305972,"events":[{"timestamp":14.305972,"type":"JOB_COMPLETED","data":{"job_id":"ebdc2a!83","job_state":"COMPLETED_SUCCESSFULLY","return_code":0,"kill_reason":"","alloc":"60-63"}}]}'
Sending '{"now":14.305972,"events":[]}'
Received '{"now":14.379572,"events":[{"timestamp":14.379572,"type":"JOB_COMPLETED","data":{"job_id":"ebdc2a!84","job_state":"COMPLETED_SUCCESSFULLY","return_code":0,"kill_reason":"","alloc":"48-51"}}]}'
Sending '{"now":14.379572,"events":[{"timestamp":14.379572,"type":"EXECUTE_JOB","data":{"job_id":"ebdc2a!78","alloc":"48-63"}}]}'
Received '{"now":14.473638,"events":[{"timestamp":14.473638,"type":"JOB_COMPLETED","data":{"job_id":"ebdc2a!71","job_state":"COMPLETED_SUCCESSFULLY","return_code":0,"kill_reason":"","alloc":"0-15"}}]}'
Sending '{"now":14.473638,"events":[{"timestamp":14.473638,"type":"EXECUTE_JOB","data":{"job_id":"ebdc2a!80","alloc":"0-15"}}]}'
Received '{"now":14.511075,"events":[{"timestamp":14.511075,"type":"JOB_SUBMITTED","data":{"job_id":"ebdc2a!85","job":{"id":"ebdc2a!85","profile":"MG.S.4","res":4,"subtime":14.511045,"walltime":4200}}}]}'
Sending '{"now":14.511075,"events":[]}'
Received '{"now":14.556890,"events":[{"timestamp":14.556890,"type":"JOB_COMPLETED","data":{"job_id":"ebdc2a!77","job_state":"COMPLETED_SUCCESSFULLY","return_code":0,"kill_reason":"","alloc":"32-47"}}]}'
Sending '{"now":14.55689,"events":[{"timestamp":14.55689,"type":"EXECUTE_JOB","data":{"job_id":"ebdc2a!82","alloc":"32-47"}}]}'
Received '{"now":14.561437,"events":[{"timestamp":14.561437,"type":"JOB_SUBMITTED","data":{"job_id":"ebdc2a!86","job":{"id":"ebdc2a!86","profile":"SP.S.4","res":4,"subtime":14.561422,"walltime":4200}}}]}'
Sending '{"now":14.561437,"events":[]}'
Received '{"now":14.734278,"events":[{"timestamp":14.734278,"type":"JOB_SUBMITTED","data":{"job_id":"ebdc2a!87","job":{"id":"ebdc2a!87","profile":"FT.S.16","res":16,"subtime":14.734247,"walltime":4200}}}]}'
Sending '{"now":14.734278,"events":[]}'
Received '{"now":14.735247,"events":[{"timestamp":14.735247,"type":"JOB_SUBMITTED","data":{"job_id":"ebdc2a!88","job":{"id":"ebdc2a!88","profile":"LU.S.4","res":4,"subtime":14.735217,"walltime":4200}}}]}'
Sending '{"now":14.735247,"events":[]}'
Received '{"now":14.800313,"events":[{"timestamp":14.800313,"type":"JOB_SUBMITTED","data":{"job_id":"ebdc2a!89","job":{"id":"ebdc2a!89","profile":"CG.S.16","res":16,"subtime":14.800283,"walltime":4200}}}]}'
Sending '{"now":14.800313,"events":[]}'
Received '{"now":14.817854,"events":[{"timestamp":14.817854,"type":"JOB_COMPLETED","data":{"job_id":"ebdc2a!78","job_state":"COMPLETED_SUCCESSFULLY","return_code":0,"kill_reason":"","alloc":"48-63"}}]}'
Sending '{"now":14.817854,"events":[{"timestamp":14.817854,"type":"EXECUTE_JOB","data":{"job_id":"ebdc2a!85","alloc":"48-51"}},{"timestamp":14.817854,"type":"EXECUTE_JOB","data":{"job_id":"ebdc2a!86","alloc":"52-55"}},{"timestamp":14.817854,"type":"EXECUTE_JOB","data":{"job_id":"ebdc2a!88","alloc":"56-59"}}]}'
Received '{"now":14.882413,"events":[{"timestamp":14.882413,"type":"JOB_SUBMITTED","data":{"job_id":"ebdc2a!90","job":{"id":"ebdc2a!90","profile":"LU.S.4","res":4,"subtime":14.882393,"walltime":4200}}}]}'
Sending '{"now":14.882413,"events":[{"timestamp":14.882413,"type":"EXECUTE_JOB","data":{"job_id":"ebdc2a!90","alloc":"60-63"}}]}'
Received '{"now":14.930224,"events":[{"timestamp":14.930224,"type":"JOB_COMPLETED","data":{"job_id":"ebdc2a!76","job_state":"COMPLETED_SUCCESSFULLY","return_code":0,"kill_reason":"","alloc":"16-31"}}]}'
Sending '{"now":14.930224,"events":[{"timestamp":14.930224,"type":"EXECUTE_JOB","data":{"job_id":"ebdc2a!87","alloc":"16-31"}}]}'
Received '{"now":14.978095,"events":[{"timestamp":14.978095,"type":"JOB_COMPLETED","data":{"job_id":"ebdc2a!82","job_state":"COMPLETED_SUCCESSFULLY","return_code":0,"kill_reason":"","alloc":"32-47"}}]}'
Sending '{"now":14.978095,"events":[{"timestamp":14.978095,"type":"EXECUTE_JOB","data":{"job_id":"ebdc2a!89","alloc":"32-47"}}]}'
Received '{"now":14.983558,"events":[{"timestamp":14.983558,"type":"JOB_SUBMITTED","data":{"job_id":"ebdc2a!91","job":{"id":"ebdc2a!91","profile":"SP.S.16","res":16,"subtime":14.983528,"walltime":4200}}}]}'
Sending '{"now":14.983558,"events":[]}'
Received '{"now":15.024923,"events":[{"timestamp":15.024923,"type":"JOB_SUBMITTED","data":{"job_id":"ebdc2a!92","job":{"id":"ebdc2a!92","profile":"BT.S.4","res":4,"subtime":15.024893,"walltime":4200}}}]}'
Sending '{"now":15.024923,"events":[]}'
Received '{"now":15.043236,"events":[{"timestamp":15.043236,"type":"JOB_SUBMITTED","data":{"job_id":"ebdc2a!93","job":{"id":"ebdc2a!93","profile":"SP.S.16","res":16,"subtime":15.043214,"walltime":4200}}}]}'
Sending '{"now":15.043236,"events":[]}'
Received '{"now":15.049256,"events":[{"timestamp":15.049256,"type":"JOB_COMPLETED","data":{"job_id":"ebdc2a!85","job_state":"COMPLETED_SUCCESSFULLY","return_code":0,"kill_reason":"","alloc":"48-51"}}]}'
Sending '{"now":15.049256,"events":[{"timestamp":15.049256,"type":"EXECUTE_JOB","data":{"job_id":"ebdc2a!92","alloc":"48-51"}}]}'
Received '{"now":15.094191,"events":[{"timestamp":15.094191,"type":"JOB_SUBMITTED","data":{"job_id":"ebdc2a!94","job":{"id":"ebdc2a!94","profile":"MG.S.16","res":16,"subtime":15.094163,"walltime":4200}}}]}'
Sending '{"now":15.094191,"events":[]}'
Received '{"now":15.135018,"events":[{"timestamp":15.135018,"type":"JOB_SUBMITTED","data":{"job_id":"ebdc2a!95","job":{"id":"ebdc2a!95","profile":"LU.S.16","res":16,"subtime":15.134990,"walltime":4200}}}]}'
Sending '{"now":15.135018,"events":[]}'
Received '{"now":15.148803,"events":[{"timestamp":15.148803,"type":"JOB_SUBMITTED","data":{"job_id":"ebdc2a!96","job":{"id":"ebdc2a!96","profile":"FT.S.4","res":4,"subtime":15.148773,"walltime":4200}}}]}'
Sending '{"now":15.148803,"events":[]}'
Received '{"now":15.176230,"events":[{"timestamp":15.176230,"type":"JOB_SUBMITTED","data":{"job_id":"ebdc2a!97","job":{"id":"ebdc2a!97","profile":"LU.S.16","res":16,"subtime":15.176200,"walltime":4200}}}]}'
Sending '{"now":15.17623,"events":[]}'
Received '{"now":15.204872,"events":[{"timestamp":15.204872,"type":"JOB_COMPLETED","data":{"job_id":"ebdc2a!86","job_state":"COMPLETED_SUCCESSFULLY","return_code":0,"kill_reason":"","alloc":"52-55"}}]}'
Sending '{"now":15.204872,"events":[{"timestamp":15.204872,"type":"EXECUTE_JOB","data":{"job_id":"ebdc2a!96","alloc":"52-55"}}]}'
Received '{"now":15.236071,"events":[{"timestamp":15.236071,"type":"JOB_SUBMITTED","data":{"job_id":"ebdc2a!98","job":{"id":"ebdc2a!98","profile":"SP.S.16","res":16,"subtime":15.236050,"walltime":4200}}}]}'
Sending '{"now":15.236071,"events":[]}'
Received '{"now":15.313696,"events":[{"timestamp":15.313696,"type":"JOB_COMPLETED","data":{"job_id":"ebdc2a!87","job_state":"COMPLETED_SUCCESSFULLY","return_code":0,"kill_reason":"","alloc":"16-31"}}]}'
Sending '{"now":15.313696,"events":[{"timestamp":15.313696,"type":"EXECUTE_JOB","data":{"job_id":"ebdc2a!91","alloc":"16-31"}}]}'
Received '{"now":15.423522,"events":[{"timestamp":15.423522,"type":"JOB_COMPLETED","data":{"job_id":"ebdc2a!92","job_state":"COMPLETED_SUCCESSFULLY","return_code":0,"kill_reason":"","alloc":"48-51"}}]}'
Sending '{"now":15.423522,"events":[]}'
Received '{"now":15.444404,"events":[{"timestamp":15.444404,"type":"JOB_COMPLETED","data":{"job_id":"ebdc2a!80","job_state":"COMPLETED_SUCCESSFULLY","return_code":0,"kill_reason":"","alloc":"0-15"}}]}'
Sending '{"now":15.444404,"events":[{"timestamp":15.444404,"type":"EXECUTE_JOB","data":{"job_id":"ebdc2a!93","alloc":"0-15"}}]}'
Received '{"now":15.563507,"events":[{"timestamp":15.563507,"type":"JOB_COMPLETED","data":{"job_id":"ebdc2a!96","job_state":"COMPLETED_SUCCESSFULLY","return_code":0,"kill_reason":"","alloc":"52-55"}}]}'
Sending '{"now":15.563507,"events":[]}'
Received '{"now":15.572579,"events":[{"timestamp":15.572579,"type":"JOB_SUBMITTED","data":{"job_id":"ebdc2a!99","job":{"id":"ebdc2a!99","profile":"CG.S.16","res":16,"subtime":15.572549,"walltime":4200}}}]}'
Sending '{"now":15.572579,"events":[]}'
Received '{"now":15.622742,"events":[{"timestamp":15.622742,"type":"JOB_SUBMITTED","data":{"job_id":"ebdc2a!100","job":{"id":"ebdc2a!100","profile":"BT.S.16","res":16,"subtime":15.622725,"walltime":4200}}}]}'
Sending '{"now":15.622742,"events":[]}'
Received '{"now":15.627548,"events":[{"timestamp":15.627548,"type":"JOB_COMPLETED","data":{"job_id":"ebdc2a!88","job_state":"COMPLETED_SUCCESSFULLY","return_code":0,"kill_reason":"","alloc":"56-59"}}]}'
Sending '{"now":15.627548,"events":[]}'
Received '{"now":15.687887,"events":[{"timestamp":15.687887,"type":"JOB_COMPLETED","data":{"job_id":"ebdc2a!90","job_state":"COMPLETED_SUCCESSFULLY","return_code":0,"kill_reason":"","alloc":"60-63"}}]}'
Sending '{"now":15.687887,"events":[{"timestamp":15.687887,"type":"EXECUTE_JOB","data":{"job_id":"ebdc2a!94","alloc":"48-63"}}]}'
Received '{"now":15.925473,"events":[{"timestamp":15.925473,"type":"JOB_SUBMITTED","data":{"job_id":"ebdc2a!101","job":{"id":"ebdc2a!101","profile":"LU.S.16","res":16,"subtime":15.925447,"walltime":4200}}}]}'
Sending '{"now":15.925473,"events":[]}'
Received '{"now":16.015280,"events":[{"timestamp":16.015280,"type":"JOB_SUBMITTED","data":{"job_id":"ebdc2a!102","job":{"id":"ebdc2a!102","profile":"IS.S.16","res":16,"subtime":16.015256,"walltime":4200}}}]}'
Sending '{"now":16.01528,"events":[]}'
Received '{"now":16.048666,"events":[{"timestamp":16.048666,"type":"JOB_COMPLETED","data":{"job_id":"ebdc2a!89","job_state":"COMPLETED_SUCCESSFULLY","return_code":0,"kill_reason":"","alloc":"32-47"}}]}'
Sending '{"now":16.048666,"events":[{"timestamp":16.048666,"type":"EXECUTE_JOB","data":{"job_id":"ebdc2a!95","alloc":"32-47"}}]}'
Received '{"now":16.052955,"events":[{"timestamp":16.052955,"type":"JOB_SUBMITTED","data":{"job_id":"ebdc2a!103","job":{"id":"ebdc2a!103","profile":"CG.S.16","res":16,"subtime":16.052931,"walltime":4200}}}]}'
Sending '{"now":16.052955,"events":[]}'
Received '{"now":16.073901,"events":[{"timestamp":16.073901,"type":"JOB_SUBMITTED","data":{"job_id":"ebdc2a!104","job":{"id":"ebdc2a!104","profile":"BT.S.4","res":4,"subtime":16.073876,"walltime":4200}}}]}'
Sending '{"now":16.073901,"events":[]}'
Received '{"now":16.217336,"events":[{"timestamp":16.217336,"type":"JOB_COMPLETED","data":{"job_id":"ebdc2a!94","job_state":"COMPLETED_SUCCESSFULLY","return_code":0,"kill_reason":"","alloc":"48-63"}}]}'
Sending '{"now":16.217336,"events":[{"timestamp":16.217336,"type":"EXECUTE_JOB","data":{"job_id":"ebdc2a!97","alloc":"48-63"}}]}'
Received '{"now":16.322933,"events":[{"timestamp":16.322933,"type":"JOB_SUBMITTED","data":{"job_id":"ebdc2a!105","job":{"id":"ebdc2a!105","profile":"MG.S.16","res":16,"subtime":16.322909,"walltime":4200}}}]}'
Sending '{"now":16.322933,"events":[]}'
Received '{"now":16.520884,"events":[{"timestamp":16.520884,"type":"JOB_COMPLETED","data":{"job_id":"ebdc2a!91","job_state":"COMPLETED_SUCCESSFULLY","return_code":0,"kill_reason":"","alloc":"16-31"}}]}'
Sending '{"now":16.520884,"events":[{"timestamp":16.520884,"type":"EXECUTE_JOB","data":{"job_id":"ebdc2a!98","alloc":"16-31"}}]}'
Received '{"now":16.669866,"events":[{"timestamp":16.669866,"type":"JOB_COMPLETED","data":{"job_id":"ebdc2a!93","job_state":"COMPLETED_SUCCESSFULLY","return_code":0,"kill_reason":"","alloc":"0-15"}}]}'
Sending '{"now":16.669866,"events":[{"timestamp":16.669866,"type":"EXECUTE_JOB","data":{"job_id":"ebdc2a!99","alloc":"0-15"}}]}'
Received '{"now":16.898401,"events":[{"timestamp":16.898401,"type":"JOB_SUBMITTED","data":{"job_id":"ebdc2a!106","job":{"id":"ebdc2a!106","profile":"IS.S.16","res":16,"subtime":16.898380,"walltime":4200}}}]}'
Sending '{"now":16.898401,"events":[]}'
Received '{"now":17.018045,"events":[{"timestamp":17.018045,"type":"JOB_SUBMITTED","data":{"job_id":"ebdc2a!107","job":{"id":"ebdc2a!107","profile":"FT.S.16","res":16,"subtime":17.018023,"walltime":4200}}}]}'
Sending '{"now":17.018045,"events":[]}'
Received '{"now":17.145236,"events":[{"timestamp":17.145236,"type":"JOB_COMPLETED","data":{"job_id":"ebdc2a!95","job_state":"COMPLETED_SUCCESSFULLY","return_code":0,"kill_reason":"","alloc":"32-47"}}]}'
Sending '{"now":17.145236,"events":[{"timestamp":17.145236,"type":"EXECUTE_JOB","data":{"job_id":"ebdc2a!100","alloc":"32-47"}}]}'
Received '{"now":17.292811,"events":[{"timestamp":17.292811,"type":"JOB_COMPLETED","data":{"job_id":"ebdc2a!97","job_state":"COMPLETED_SUCCESSFULLY","return_code":0,"kill_reason":"","alloc":"48-63"}}]}'
Sending '{"now":17.292811,"events":[{"timestamp":17.292811,"type":"EXECUTE_JOB","data":{"job_id":"ebdc2a!101","alloc":"48-63"}}]}'
Received '{"now":17.303803,"events":[{"timestamp":17.303803,"type":"JOB_SUBMITTED","data":{"job_id":"ebdc2a!108","job":{"id":"ebdc2a!108","profile":"BT.S.16","res":16,"subtime":17.303773,"walltime":4200}}}]}'
Sending '{"now":17.303803,"events":[]}'
Received '{"now":17.319302,"events":[{"timestamp":17.319302,"type":"JOB_SUBMITTED","data":{"job_id":"ebdc2a!109","job":{"id":"ebdc2a!109","profile":"BT.S.4","res":4,"subtime":17.319272,"walltime":4200}}}]}'
Sending '{"now":17.319302,"events":[]}'
Received '{"now":17.357320,"events":[{"timestamp":17.357320,"type":"JOB_SUBMITTED","data":{"job_id":"ebdc2a!110","job":{"id":"ebdc2a!110","profile":"CG.S.16","res":16,"subtime":17.357306,"walltime":4200}}}]}'
Sending '{"now":17.35732,"events":[]}'
Received '{"now":17.428748,"events":[{"timestamp":17.428748,"type":"JOB_SUBMITTED","data":{"job_id":"ebdc2a!111","job":{"id":"ebdc2a!111","profile":"SP.S.16","res":16,"subtime":17.428718,"walltime":4200}}}]}'
Sending '{"now":17.428748,"events":[]}'
Received '{"now":17.545861,"events":[{"timestamp":17.545861,"type":"JOB_COMPLETED","data":{"job_id":"ebdc2a!98","job_state":"COMPLETED_SUCCESSFULLY","return_code":0,"kill_reason":"","alloc":"16-31"}}]}'
Sending '{"now":17.545861,"events":[{"timestamp":17.545861,"type":"EXECUTE_JOB","data":{"job_id":"ebdc2a!102","alloc":"16-31"}}]}'
Received '{"now":17.549188,"events":[{"timestamp":17.549188,"type":"JOB_SUBMITTED","data":{"job_id":"ebdc2a!112","job":{"id":"ebdc2a!112","profile":"IS.S.4","res":4,"subtime":17.549165,"walltime":4200}}}]}'
Sending '{"now":17.549188,"events":[]}'
Received '{"now":17.662428,"events":[{"timestamp":17.662428,"type":"JOB_COMPLETED","data":{"job_id":"ebdc2a!102","job_state":"COMPLETED_SUCCESSFULLY","return_code":0,"kill_reason":"","alloc":"16-31"}}]}'
Sending '{"now":17.662428,"events":[{"timestamp":17.662428,"type":"EXECUTE_JOB","data":{"job_id":"ebdc2a!103","alloc":"16-31"}}]}'
Received '{"now":17.699641,"events":[{"timestamp":17.699641,"type":"JOB_SUBMITTED","data":{"job_id":"ebdc2a!113","job":{"id":"ebdc2a!113","profile":"MG.S.4","res":4,"subtime":17.699611,"walltime":4200}}}]}'
Sending '{"now":17.699641,"events":[]}'
Received '{"now":17.736890,"events":[{"timestamp":17.736890,"type":"JOB_COMPLETED","data":{"job_id":"ebdc2a!99","job_state":"COMPLETED_SUCCESSFULLY","return_code":0,"kill_reason":"","alloc":"0-15"}}]}'
Sending '{"now":17.73689,"events":[{"timestamp":17.73689,"type":"EXECUTE_JOB","data":{"job_id":"ebdc2a!104","alloc":"0-3"}},{"timestamp":17.73689,"type":"EXECUTE_JOB","data":{"job_id":"ebdc2a!109","alloc":"4-7"}},{"timestamp":17.73689,"type":"EXECUTE_JOB","data":{"job_id":"ebdc2a!112","alloc":"8-11"}},{"timestamp":17.73689,"type":"EXECUTE_JOB","data":{"job_id":"ebdc2a!113","alloc":"12-15"}}]}'
Received '{"now":17.951856,"events":[{"timestamp":17.951856,"type":"JOB_COMPLETED","data":{"job_id":"ebdc2a!112","job_state":"COMPLETED_SUCCESSFULLY","return_code":0,"kill_reason":"","alloc":"8-11"}}]}'
Sending '{"now":17.951856,"events":[]}'
Received '{"now":17.959353,"events":[{"timestamp":17.959353,"type":"JOB_COMPLETED","data":{"job_id":"ebdc2a!113","job_state":"COMPLETED_SUCCESSFULLY","return_code":0,"kill_reason":"","alloc":"12-15"}}]}'
Sending '{"now":17.959353,"events":[]}'
Received '{"now":18.123310,"events":[{"timestamp":18.123310,"type":"JOB_COMPLETED","data":{"job_id":"ebdc2a!104","job_state":"COMPLETED_SUCCESSFULLY","return_code":0,"kill_reason":"","alloc":"0-3"}}]}'
Sending '{"now":18.12331,"events":[]}'
Received '{"now":18.208720,"events":[{"timestamp":18.208720,"type":"JOB_COMPLETED","data":{"job_id":"ebdc2a!109","job_state":"COMPLETED_SUCCESSFULLY","return_code":0,"kill_reason":"","alloc":"4-7"}}]}'
Sending '{"now":18.20872,"events":[{"timestamp":18.20872,"type":"EXECUTE_JOB","data":{"job_id":"ebdc2a!105","alloc":"0-15"}}]}'
Received '{"now":18.268354,"events":[{"timestamp":18.268354,"type":"JOB_SUBMITTED","data":{"job_id":"ebdc2a!114","job":{"id":"ebdc2a!114","profile":"FT.S.16","res":16,"subtime":18.268324,"walltime":4200}}}]}'
Sending '{"now":18.268354,"events":[]}'
Received '{"now":18.358601,"events":[{"timestamp":18.358601,"type":"JOB_COMPLETED","data":{"job_id":"ebdc2a!101","job_state":"COMPLETED_SUCCESSFULLY","return_code":0,"kill_reason":"","alloc":"48-63"}}]}'
Sending '{"now":18.358601,"events":[{"timestamp":18.358601,"type":"EXECUTE_JOB","data":{"job_id":"ebdc2a!106","alloc":"48-63"}}]}'
Received '{"now":18.477094,"events":[{"timestamp":18.477094,"type":"JOB_COMPLETED","data":{"job_id":"ebdc2a!106","job_state":"COMPLETED_SUCCESSFULLY","return_code":0,"kill_reason":"","alloc":"48-63"}}]}'
Sending '{"now":18.477094,"events":[{"timestamp":18.477094,"type":"EXECUTE_JOB","data":{"job_id":"ebdc2a!107","alloc":"48-63"}}]}'
Received '{"now":18.644416,"events":[{"timestamp":18.644416,"type":"JOB_SUBMITTED","data":{"job_id":"ebdc2a!115","job":{"id":"ebdc2a!115","profile":"FT.S.4","res":4,"subtime":18.644388,"walltime":4200}}}]}'
Sending '{"now":18.644416,"events":[]}'
Received '{"now":18.698811,"events":[{"timestamp":18.698811,"type":"JOB_COMPLETED","data":{"job_id":"ebdc2a!103","job_state":"COMPLETED_SUCCESSFULLY","return_code":0,"kill_reason":"","alloc":"16-31"}}]}'
Sending '{"now":18.698811,"events":[{"timestamp":18.698811,"type":"EXECUTE_JOB","data":{"job_id":"ebdc2a!108","alloc":"16-31"}}]}'
Received '{"now":18.725490,"events":[{"timestamp":18.725490,"type":"JOB_COMPLETED","data":{"job_id":"ebdc2a!100","job_state":"COMPLETED_SUCCESSFULLY","return_code":0,"kill_reason":"","alloc":"32-47"}}]}'
Sending '{"now":18.72549,"events":[{"timestamp":18.72549,"type":"EXECUTE_JOB","data":{"job_id":"ebdc2a!110","alloc":"32-47"}}]}'
Received '{"now":18.778810,"events":[{"timestamp":18.778810,"type":"JOB_COMPLETED","data":{"job_id":"ebdc2a!105","job_state":"COMPLETED_SUCCESSFULLY","return_code":0,"kill_reason":"","alloc":"0-15"}}]}'
Sending '{"now":18.77881,"events":[{"timestamp":18.77881,"type":"EXECUTE_JOB","data":{"job_id":"ebdc2a!111","alloc":"0-15"}}]}'
Received '{"now":18.864182,"events":[{"timestamp":18.864182,"type":"JOB_SUBMITTED","data":{"job_id":"ebdc2a!116","job":{"id":"ebdc2a!116","profile":"SP.S.16","res":16,"subtime":18.864162,"walltime":4200}}}]}'
Sending '{"now":18.864182,"events":[]}'
Received '{"now":19.144093,"events":[{"timestamp":19.144093,"type":"JOB_COMPLETED","data":{"job_id":"ebdc2a!107","job_state":"COMPLETED_SUCCESSFULLY","return_code":0,"kill_reason":"","alloc":"48-63"}}]}'
Sending '{"now":19.144093,"events":[{"timestamp":19.144093,"type":"EXECUTE_JOB","data":{"job_id":"ebdc2a!114","alloc":"48-63"}}]}'
Received '{"now":19.426730,"events":[{"timestamp":19.426730,"type":"JOB_SUBMITTED","data":{"job_id":"ebdc2a!117","job":{"id":"ebdc2a!117","profile":"SP.S.4","res":4,"subtime":19.426708,"walltime":4200}}}]}'
Sending '{"now":19.42673,"events":[]}'
Received '{"now":19.687915,"events":[{"timestamp":19.687915,"type":"JOB_COMPLETED","data":{"job_id":"ebdc2a!110","job_state":"COMPLETED_SUCCESSFULLY","return_code":0,"kill_reason":"","alloc":"32-47"}}]}'
Sending '{"now":19.687915,"events":[{"timestamp":19.687915,"type":"EXECUTE_JOB","data":{"job_id":"ebdc2a!115","alloc":"32-35"}},{"timestamp":19.687915,"type":"EXECUTE_JOB","data":{"job_id":"ebdc2a!117","alloc":"36-39"}}]}'
Received '{"now":19.758954,"events":[{"timestamp":19.758954,"type":"JOB_COMPLETED","data":{"job_id":"ebdc2a!114","job_state":"COMPLETED_SUCCESSFULLY","return_code":0,"kill_reason":"","alloc":"48-63"}}]}'
Sending '{"now":19.758954,"events":[{"timestamp":19.758954,"type":"EXECUTE_JOB","data":{"job_id":"ebdc2a!116","alloc":"40-55"}}]}'
Received '{"now":19.892430,"events":[{"timestamp":19.892430,"type":"JOB_COMPLETED","data":{"job_id":"ebdc2a!111","job_state":"COMPLETED_SUCCESSFULLY","return_code":0,"kill_reason":"","alloc":"0-15"}}]}'
Sending '{"now":19.89243,"events":[]}'
Received '{"now":19.926922,"events":[{"timestamp":19.926922,"type":"JOB_SUBMITTED","data":{"job_id":"ebdc2a!118","job":{"id":"ebdc2a!118","profile":"CG.S.16","res":16,"subtime":19.926901,"walltime":4200}}}]}'
Sending '{"now":19.926922,"events":[{"timestamp":19.926922,"type":"EXECUTE_JOB","data":{"job_id":"ebdc2a!118","alloc":"0-15"}}]}'
Received '{"now":19.964115,"events":[{"timestamp":19.964115,"type":"JOB_SUBMITTED","data":{"job_id":"ebdc2a!119","job":{"id":"ebdc2a!119","profile":"IS.S.16","res":16,"subtime":19.964093,"walltime":4200}}}]}'
Sending '{"now":19.964115,"events":[]}'
Received '{"now":20.121958,"events":[{"timestamp":20.121958,"type":"JOB_COMPLETED","data":{"job_id":"ebdc2a!117","job_state":"COMPLETED_SUCCESSFULLY","return_code":0,"kill_reason":"","alloc":"36-39"}}]}'
Sending '{"now":20.121958,"events":[]}'
Received '{"now":20.388951,"events":[{"timestamp":20.388951,"type":"JOB_SUBMITTED","data":{"job_id":"ebdc2a!120","job":{"id":"ebdc2a!120","profile":"FT.S.16","res":16,"subtime":20.388926,"walltime":4200}}}]}'
Sending '{"now":20.388951,"events":[]}'
Received '{"now":20.441847,"events":[{"timestamp":20.441847,"type":"JOB_COMPLETED","data":{"job_id":"ebdc2a!115","job_state":"COMPLETED_SUCCESSFULLY","return_code":0,"kill_reason":"","alloc":"32-35"}}]}'
Sending '{"now":20.441847,"events":[]}'
Received '{"now":20.527028,"events":[{"timestamp":20.527028,"type":"JOB_COMPLETED","data":{"job_id":"ebdc2a!108","job_state":"COMPLETED_SUCCESSFULLY","return_code":0,"kill_reason":"","alloc":"16-31"}}]}'
Sending '{"now":20.527028,"events":[{"timestamp":20.527028,"type":"EXECUTE_JOB","data":{"job_id":"ebdc2a!119","alloc":"16-31"}}]}'
Received '{"now":20.637591,"events":[{"timestamp":20.637591,"type":"JOB_COMPLETED","data":{"job_id":"ebdc2a!119","job_state":"COMPLETED_SUCCESSFULLY","return_code":0,"kill_reason":"","alloc":"16-31"}}]}'
Sending '{"now":20.637591,"events":[{"timestamp":20.637591,"type":"EXECUTE_JOB","data":{"job_id":"ebdc2a!120","alloc":"16-31"}}]}'
Received '{"now":20.916920,"events":[{"timestamp":20.916920,"type":"JOB_COMPLETED","data":{"job_id":"ebdc2a!116","job_state":"COMPLETED_SUCCESSFULLY","return_code":0,"kill_reason":"","alloc":"40-55"}}]}'
Sending '{"now":20.91692,"events":[]}'
Received '{"now":20.974115,"events":[{"timestamp":20.974115,"type":"JOB_COMPLETED","data":{"job_id":"ebdc2a!118","job_state":"COMPLETED_SUCCESSFULLY","return_code":0,"kill_reason":"","alloc":"0-15"}}]}'
Sending '{"now":20.974115,"events":[]}'
Received '{"now":20.982890,"events":[{"timestamp":20.982890,"type":"JOB_COMPLETED","data":{"job_id":"ebdc2a!120","job_state":"COMPLETED_SUCCESSFULLY","return_code":0,"kill_reason":"","alloc":"16-31"}},{"timestamp":20.982890,"type":"SIMULATION_ENDS","data":{}}]}'
Sending '{"now":20.98289,"events":[]}'
