variant_options = '{"custom_mapping": true}'
Received '{"now":0.000000,"events":[{"timestamp":0.000000,"type":"SIMULATION_BEGINS","data":{"nb_resources":64,"allow_time_sharing":false,"config":{"redis":{"enabled":false,"hostname":"127.0.0.1","port":6379,"prefix":"default"},"job_submission":{"forward_profiles":false,"from_scheduler":{"enabled":false,"acknowledge":true}}},"resources_data":[{"id":0,"name":"node-0.simgrid.org","state":"idle","properties":{}},{"id":1,"name":"node-1.simgrid.org","state":"idle","properties":{}},{"id":2,"name":"node-2.simgrid.org","state":"idle","properties":{}},{"id":3,"name":"node-3.simgrid.org","state":"idle","properties":{}},{"id":4,"name":"node-4.simgrid.org","state":"idle","properties":{}},{"id":5,"name":"node-5.simgrid.org","state":"idle","properties":{}},{"id":6,"name":"node-6.simgrid.org","state":"idle","properties":{}},{"id":7,"name":"node-7.simgrid.org","state":"idle","properties":{}},{"id":8,"name":"node-8.simgrid.org","state":"idle","properties":{}},{"id":9,"name":"node-9.simgrid.org","state":"idle","properties":{}},{"id":10,"name":"node-10.simgrid.org","state":"idle","properties":{}},{"id":11,"name":"node-11.simgrid.org","state":"idle","properties":{}},{"id":12,"name":"node-12.simgrid.org","state":"idle","properties":{}},{"id":13,"name":"node-13.simgrid.org","state":"idle","properties":{}},{"id":14,"name":"node-14.simgrid.org","state":"idle","properties":{}},{"id":15,"name":"node-15.simgrid.org","state":"idle","properties":{}},{"id":16,"name":"node-16.simgrid.org","state":"idle","properties":{}},{"id":17,"name":"node-17.simgrid.org","state":"idle","properties":{}},{"id":18,"name":"node-18.simgrid.org","state":"idle","properties":{}},{"id":19,"name":"node-19.simgrid.org","state":"idle","properties":{}},{"id":20,"name":"node-20.simgrid.org","state":"idle","properties":{}},{"id":21,"name":"node-21.simgrid.org","state":"idle","properties":{}},{"id":22,"name":"node-22.simgrid.org","state":"idle","properties":{}},{"id":23,"name":"node-23.simgrid.org","state":"idle","properties":{}},{"id":24,"name":"node-24.simgrid.org","state":"idle","properties":{}},{"id":25,"name":"node-25.simgrid.org","state":"idle","properties":{}},{"id":26,"name":"node-26.simgrid.org","state":"idle","properties":{}},{"id":27,"name":"node-27.simgrid.org","state":"idle","properties":{}},{"id":28,"name":"node-28.simgrid.org","state":"idle","properties":{}},{"id":29,"name":"node-29.simgrid.org","state":"idle","properties":{}},{"id":30,"name":"node-30.simgrid.org","state":"idle","properties":{}},{"id":31,"name":"node-31.simgrid.org","state":"idle","properties":{}},{"id":32,"name":"node-32.simgrid.org","state":"idle","properties":{}},{"id":33,"name":"node-33.simgrid.org","state":"idle","properties":{}},{"id":34,"name":"node-34.simgrid.org","state":"idle","properties":{}},{"id":35,"name":"node-35.simgrid.org","state":"idle","properties":{}},{"id":36,"name":"node-36.simgrid.org","state":"idle","properties":{}},{"id":37,"name":"node-37.simgrid.org","state":"idle","properties":{}},{"id":38,"name":"node-38.simgrid.org","state":"idle","properties":{}},{"id":39,"name":"node-39.simgrid.org","state":"idle","properties":{}},{"id":40,"name":"node-40.simgrid.org","state":"idle","properties":{}},{"id":41,"name":"node-41.simgrid.org","state":"idle","properties":{}},{"id":42,"name":"node-42.simgrid.org","state":"idle","properties":{}},{"id":43,"name":"node-43.simgrid.org","state":"idle","properties":{}},{"id":44,"name":"node-44.simgrid.org","state":"idle","properties":{}},{"id":45,"name":"node-45.simgrid.org","state":"idle","properties":{}},{"id":46,"name":"node-46.simgrid.org","state":"idle","properties":{}},{"id":47,"name":"node-47.simgrid.org","state":"idle","properties":{}},{"id":48,"name":"node-48.simgrid.org","state":"idle","properties":{}},{"id":49,"name":"node-49.simgrid.org","state":"idle","properties":{}},{"id":50,"name":"node-50.simgrid.org","state":"idle","properties":{}},{"id":51,"name":"node-51.simgrid.org","state":"idle","properties":{}},{"id":52,"name":"node-52.simgrid.org","state":"idle","properties":{}},{"id":53,"name":"node-53.simgrid.org","state":"idle","properties":{}},{"id":54,"name":"node-54.simgrid.org","state":"idle","properties":{}},{"id":55,"name":"node-55.simgrid.org","state":"idle","properties":{}},{"id":56,"name":"node-56.simgrid.org","state":"idle","properties":{}},{"id":57,"name":"node-57.simgrid.org","state":"idle","properties":{}},{"id":58,"name":"node-58.simgrid.org","state":"idle","properties":{}},{"id":59,"name":"node-59.simgrid.org","state":"idle","properties":{}},{"id":60,"name":"node-60.simgrid.org","state":"idle","properties":{}},{"id":61,"name":"node-61.simgrid.org","state":"idle","properties":{}},{"id":62,"name":"node-62.simgrid.org","state":"idle","properties":{}},{"id":63,"name":"node-63.simgrid.org","state":"idle","properties":{}}],"workloads":{"ebdc2a":"/github-simgrid/190311/../batsim-v2.0.0/workload_profiles/npb_120_jobs.json"}}}]}'
Sending '{"now":0.0,"events":[]}'
Received '{"now":0.023418,"events":[{"timestamp":0.023418,"type":"JOB_SUBMITTED","data":{"job_id":"ebdc2a!1","job":{"id":"ebdc2a!1","profile":"IS.S.16","res":16,"subtime":0.000309,"walltime":4200}}}]}'
Sending '{"now":0.023418,"events":[{"timestamp":0.023418,"type":"EXECUTE_JOB","data":{"job_id":"ebdc2a!1","alloc":"0-15"}}]}'
Received '{"now":0.170589,"events":[{"timestamp":0.170589,"type":"JOB_COMPLETED","data":{"job_id":"ebdc2a!1","job_state":"COMPLETED_SUCCESSFULLY","return_code":0,"kill_reason":"","alloc":"0-15"}}]}'
Sending '{"now":0.170589,"events":[]}'
Received '{"now":0.186201,"events":[{"timestamp":0.178395,"type":"JOB_SUBMITTED","data":{"job_id":"ebdc2a!2","job":{"id":"ebdc2a!2","profile":"MG.S.16","res":16,"subtime":0.168128,"walltime":4200}}}]}'
Sending '{"now":0.186201,"events":[{"timestamp":0.178395,"type":"EXECUTE_JOB","data":{"job_id":"ebdc2a!2","alloc":"0-15"}}]}'
Received '{"now":0.222805,"events":[{"timestamp":0.222805,"type":"JOB_SUBMITTED","data":{"job_id":"ebdc2a!3","job":{"id":"ebdc2a!3","profile":"LU.S.4","res":4,"subtime":0.214999,"walltime":4200}}}]}'
Sending '{"now":0.222805,"events":[{"timestamp":0.222805,"type":"EXECUTE_JOB","data":{"job_id":"ebdc2a!3","alloc":"16-19"}}]}'
Received '{"now":0.933392,"events":[{"timestamp":0.933392,"type":"JOB_COMPLETED","data":{"job_id":"ebdc2a!2","job_state":"COMPLETED_SUCCESSFULLY","return_code":0,"kill_reason":"","alloc":"0-15"}}]}'
Sending '{"now":0.933392,"events":[]}'
Received '{"now":1.028184,"events":[{"timestamp":1.028184,"type":"JOB_SUBMITTED","data":{"job_id":"ebdc2a!4","job":{"id":"ebdc2a!4","profile":"LU.S.16","res":16,"subtime":1.020378,"walltime":4200}}}]}'
Sending '{"now":1.028184,"events":[{"timestamp":1.028184,"type":"EXECUTE_JOB","data":{"job_id":"ebdc2a!4","alloc":"0-15"}}]}'
Received '{"now":1.055321,"events":[{"timestamp":1.055321,"type":"JOB_SUBMITTED","data":{"job_id":"ebdc2a!5","job":{"id":"ebdc2a!5","profile":"SP.S.4","res":4,"subtime":1.047515,"walltime":4200}}}]}'
Sending '{"now":1.055321,"events":[{"timestamp":1.055321,"type":"EXECUTE_JOB","data":{"job_id":"ebdc2a!5","alloc":"20-23"}}]}'
Received '{"now":1.199897,"events":[{"timestamp":1.199897,"type":"JOB_SUBMITTED","data":{"job_id":"ebdc2a!6","job":{"id":"ebdc2a!6","profile":"SP.S.16","res":16,"subtime":1.192099,"walltime":4200}}}]}'
Sending '{"now":1.199897,"events":[{"timestamp":1.199897,"type":"EXECUTE_JOB","data":{"job_id":"ebdc2a!6","alloc":"24-39"}}]}'
Received '{"now":1.405023,"events":[{"timestamp":1.405023,"type":"JOB_SUBMITTED","data":{"job_id":"ebdc2a!7","job":{"id":"ebdc2a!7","profile":"BT.S.4","res":4,"subtime":1.397217,"walltime":4200}}}]}'
Sending '{"now":1.405023,"events":[{"timestamp":1.405023,"type":"EXECUTE_JOB","data":{"job_id":"ebdc2a!7","alloc":"40-43"}}]}'
Received '{"now":1.798397,"events":[{"timestamp":1.798397,"type":"JOB_SUBMITTED","data":{"job_id":"ebdc2a!8","job":{"id":"ebdc2a!8","profile":"IS.S.4","res":4,"subtime":1.790591,"walltime":4200}}}]}'
Sending '{"now":1.798397,"events":[{"timestamp":1.798397,"type":"EXECUTE_JOB","data":{"job_id":"ebdc2a!8","alloc":"44-47"}}]}'
Received '{"now":1.872505,"events":[{"timestamp":1.872505,"type":"JOB_COMPLETED","data":{"job_id":"ebdc2a!7","job_state":"COMPLETED_SUCCESSFULLY","return_code":0,"kill_reason":"","alloc":"40-43"}}]}'
Sending '{"now":1.872505,"events":[]}'
Received '{"now":1.897982,"events":[{"timestamp":1.897982,"type":"JOB_COMPLETED","data":{"job_id":"ebdc2a!8","job_state":"COMPLETED_SUCCESSFULLY","return_code":0,"kill_reason":"","alloc":"44-47"}}]}'
Sending '{"now":1.897982,"events":[]}'
Received '{"now":1.919438,"events":[{"timestamp":1.911642,"type":"JOB_COMPLETED","data":{"job_id":"ebdc2a!5","job_state":"COMPLETED_SUCCESSFULLY","return_code":0,"kill_reason":"","alloc":"20-23"}}]}'
Sending '{"now":1.919438,"events":[]}'
Received '{"now":2.169338,"events":[{"timestamp":2.169338,"type":"JOB_SUBMITTED","data":{"job_id":"ebdc2a!9","job":{"id":"ebdc2a!9","profile":"BT.S.4","res":4,"subtime":2.161532,"walltime":4200}}}]}'
Sending '{"now":2.169338,"events":[{"timestamp":2.169338,"type":"EXECUTE_JOB","data":{"job_id":"ebdc2a!9","alloc":"20-23"}}]}'
Received '{"now":2.192753,"events":[{"timestamp":2.184947,"type":"JOB_SUBMITTED","data":{"job_id":"ebdc2a!10","job":{"id":"ebdc2a!10","profile":"BT.S.4","res":4,"subtime":2.176730,"walltime":4200}}}]}'
Sending '{"now":2.192753,"events":[{"timestamp":2.184947,"type":"EXECUTE_JOB","data":{"job_id":"ebdc2a!10","alloc":"40-43"}}]}'
Received '{"now":2.351150,"events":[{"timestamp":2.351150,"type":"JOB_SUBMITTED","data":{"job_id":"ebdc2a!11","job":{"id":"ebdc2a!11","profile":"CG.S.16","res":16,"subtime":2.343344,"walltime":4200}}}]}'
Sending '{"now":2.35115,"events":[{"timestamp":2.35115,"type":"EXECUTE_JOB","data":{"job_id":"ebdc2a!11","alloc":"44-59"}}]}'
Received '{"now":2.629486,"events":[{"timestamp":2.629486,"type":"JOB_COMPLETED","data":{"job_id":"ebdc2a!3","job_state":"COMPLETED_SUCCESSFULLY","return_code":0,"kill_reason":"","alloc":"16-19"}}]}'
Sending '{"now":2.629486,"events":[]}'
Received '{"now":2.650952,"events":[{"timestamp":2.643146,"type":"JOB_COMPLETED","data":{"job_id":"ebdc2a!9","job_state":"COMPLETED_SUCCESSFULLY","return_code":0,"kill_reason":"","alloc":"20-23"}}]}'
Sending '{"now":2.650952,"events":[]}'
Received '{"now":2.672419,"events":[{"timestamp":2.664613,"type":"JOB_COMPLETED","data":{"job_id":"ebdc2a!10","job_state":"COMPLETED_SUCCESSFULLY","return_code":0,"kill_reason":"","alloc":"40-43"}}]}'
Sending '{"now":2.672419,"events":[]}'
Received '{"now":2.775903,"events":[{"timestamp":2.775903,"type":"JOB_SUBMITTED","data":{"job_id":"ebdc2a!12","job":{"id":"ebdc2a!12","profile":"FT.S.16","res":16,"subtime":2.768097,"walltime":4200}}}]}'
Sending '{"now":2.775903,"events":[{"timestamp":2.775903,"type":"EXECUTE_JOB","data":{"job_id":"ebdc2a!12","alloc":"16-23 40-43 60-63"}}]}'
Received '{"now":3.066241,"events":[{"timestamp":3.066241,"type":"JOB_COMPLETED","data":{"job_id":"ebdc2a!4","job_state":"COMPLETED_SUCCESSFULLY","return_code":0,"kill_reason":"","alloc":"0-15"}}]}'
Sending '{"now":3.066241,"events":[]}'
Received '{"now":3.081848,"events":[{"timestamp":3.074047,"type":"JOB_SUBMITTED","data":{"job_id":"ebdc2a!13","job":{"id":"ebdc2a!13","profile":"LU.S.4","res":4,"subtime":3.065002,"walltime":4200}}}]}'
Sending '{"now":3.081848,"events":[{"timestamp":3.074047,"type":"EXECUTE_JOB","data":{"job_id":"ebdc2a!13","alloc":"0-3"}}]}'
Received '{"now":3.180125,"events":[{"timestamp":3.180125,"type":"JOB_SUBMITTED","data":{"job_id":"ebdc2a!14","job":{"id":"ebdc2a!14","profile":"SP.S.16","res":16,"subtime":3.172321,"walltime":4200}}}]}'
Sending '{"now":3.180125,"events":[]}'
Received '{"now":3.201591,"events":[{"timestamp":3.193785,"type":"JOB_COMPLETED","data":{"job_id":"ebdc2a!12","job_state":"COMPLETED_SUCCESSFULLY","return_code":0,"kill_reason":"","alloc":"16-23 40-43 60-63"}}]}'
Sending '{"now":3.201591,"events":[{"timestamp":3.201591,"type":"EXECUTE_JOB","data":{"job_id":"ebdc2a!14","alloc":"4-19"}}]}'
Received '{"now":3.277888,"events":[{"timestamp":3.277888,"type":"JOB_SUBMITTED","data":{"job_id":"ebdc2a!15","job":{"id":"ebdc2a!15","profile":"SP.S.4","res":4,"subtime":3.270090,"walltime":4200}}}]}'
Sending '{"now":3.277888,"events":[{"timestamp":3.277888,"type":"EXECUTE_JOB","data":{"job_id":"ebdc2a!15","alloc":"20-23"}}]}'
Received '{"now":3.514013,"events":[{"timestamp":3.514013,"type":"JOB_SUBMITTED","data":{"job_id":"ebdc2a!16","job":{"id":"ebdc2a!16","profile":"BT.S.4","res":4,"subtime":3.506207,"walltime":4200}}}]}'
Sending '{"now":3.514013,"events":[{"timestamp":3.514013,"type":"EXECUTE_JOB","data":{"job_id":"ebdc2a!16","alloc":"40-43"}}]}'
Received '{"now":3.715580,"events":[{"timestamp":3.715580,"type":"JOB_SUBMITTED","data":{"job_id":"ebdc2a!17","job":{"id":"ebdc2a!17","profile":"IS.S.16","res":16,"subtime":3.707774,"walltime":4200}}}]}'
Sending '{"now":3.71558,"events":[]}'
Received '{"now":3.912948,"events":[{"timestamp":3.912948,"type":"JOB_SUBMITTED","data":{"job_id":"ebdc2a!18","job":{"id":"ebdc2a!18","profile":"CG.S.4","res":4,"subtime":3.905151,"walltime":4200}}}]}'
Sending '{"now":3.912948,"events":[{"timestamp":3.912948,"type":"EXECUTE_JOB","data":{"job_id":"ebdc2a!18","alloc":"60-63"}}]}'
Received '{"now":3.962174,"events":[{"timestamp":3.962174,"type":"JOB_SUBMITTED","data":{"job_id":"ebdc2a!19","job":{"id":"ebdc2a!19","profile":"MG.S.16","res":16,"subtime":3.954371,"walltime":4200}}}]}'
Sending '{"now":3.962174,"events":[]}'
Received '{"now":3.983635,"events":[{"timestamp":3.983635,"type":"JOB_COMPLETED","data":{"job_id":"ebdc2a!16","job_state":"COMPLETED_SUCCESSFULLY","return_code":0,"kill_reason":"","alloc":"40-43"}}]}'
Sending '{"now":3.983635,"events":[]}'
Received '{"now":4.150887,"events":[{"timestamp":4.150887,"type":"JOB_COMPLETED","data":{"job_id":"ebdc2a!15","job_state":"COMPLETED_SUCCESSFULLY","return_code":0,"kill_reason":"","alloc":"20-23"}}]}'
Sending '{"now":4.150887,"events":[]}'
Received '{"now":4.166499,"events":[{"timestamp":4.166499,"type":"JOB_SUBMITTED","data":{"job_id":"ebdc2a!20","job":{"id":"ebdc2a!20","profile":"MG.S.4","res":4,"subtime":4.156289,"walltime":4200}}}]}'
Sending '{"now":4.166499,"events":[{"timestamp":4.166499,"type":"EXECUTE_JOB","data":{"job_id":"ebdc2a!20","alloc":"40-43"}}]}'
Received '{"now":4.474640,"events":[{"timestamp":4.474640,"type":"JOB_COMPLETED","data":{"job_id":"ebdc2a!6","job_state":"COMPLETED_SUCCESSFULLY","return_code":0,"kill_reason":"","alloc":"24-39"}}]}'
Sending '{"now":4.47464,"events":[{"timestamp":4.47464,"type":"EXECUTE_JOB","data":{"job_id":"ebdc2a!17","alloc":"20-35"}}]}'
Received '{"now":4.547353,"events":[{"timestamp":4.547353,"type":"JOB_SUBMITTED","data":{"job_id":"ebdc2a!21","job":{"id":"ebdc2a!21","profile":"SP.S.16","res":16,"subtime":4.539553,"walltime":4200}}}]}'
Sending '{"now":4.547353,"events":[]}'
Received '{"now":4.604758,"events":[{"timestamp":4.604758,"type":"JOB_COMPLETED","data":{"job_id":"ebdc2a!20","job_state":"COMPLETED_SUCCESSFULLY","return_code":0,"kill_reason":"","alloc":"40-43"}}]}'
Sending '{"now":4.604758,"events":[]}'
Received '{"now":4.641120,"events":[{"timestamp":4.641120,"type":"JOB_SUBMITTED","data":{"job_id":"ebdc2a!22","job":{"id":"ebdc2a!22","profile":"FT.S.4","res":4,"subtime":4.633314,"walltime":4200}}}]}'
Sending '{"now":4.64112,"events":[]}'
Received '{"now":4.662587,"events":[{"timestamp":4.654781,"type":"JOB_COMPLETED","data":{"job_id":"ebdc2a!17","job_state":"COMPLETED_SUCCESSFULLY","return_code":0,"kill_reason":"","alloc":"20-35"}}]}'
Sending '{"now":4.662587,"events":[{"timestamp":4.662587,"type":"EXECUTE_JOB","data":{"job_id":"ebdc2a!19","alloc":"20-35"}}]}'
Received '{"now":5.024940,"events":[{"timestamp":5.024940,"type":"JOB_SUBMITTED","data":{"job_id":"ebdc2a!23","job":{"id":"ebdc2a!23","profile":"CG.S.16","res":16,"subtime":5.017135,"walltime":4200}}}]}'
Sending '{"now":5.02494,"events":[]}'
Received '{"now":5.046404,"events":[{"timestamp":5.038598,"type":"JOB_COMPLETED","data":{"job_id":"ebdc2a!18","job_state":"COMPLETED_SUCCESSFULLY","return_code":0,"kill_reason":"","alloc":"60-63"}}]}'
Sending '{"now":5.046404,"events":[{"timestamp":5.046404,"type":"EXECUTE_JOB","data":{"job_id":"ebdc2a!22","alloc":"60-63"}}]}'
Received '{"now":5.177145,"events":[{"timestamp":5.177145,"type":"JOB_COMPLETED","data":{"job_id":"ebdc2a!22","job_state":"COMPLETED_SUCCESSFULLY","return_code":0,"kill_reason":"","alloc":"60-63"}}]}'
Sending '{"now":5.177145,"events":[]}'
Received '{"now":5.192753,"events":[{"timestamp":5.184947,"type":"JOB_SUBMITTED","data":{"job_id":"ebdc2a!24","job":{"id":"ebdc2a!24","profile":"CG.S.16","res":16,"subtime":5.170768,"walltime":4200}}}]}'
Sending '{"now":5.192753,"events":[]}'
Received '{"now":5.487771,"events":[{"timestamp":5.487771,"type":"JOB_COMPLETED","data":{"job_id":"ebdc2a!13","job_state":"COMPLETED_SUCCESSFULLY","return_code":0,"kill_reason":"","alloc":"0-3"}}]}'
Sending '{"now":5.487771,"events":[{"timestamp":5.487771,"type":"EXECUTE_JOB","data":{"job_id":"ebdc2a!21","alloc":"0-3 36-43 60-63"}}]}'
Received '{"now":5.575921,"events":[{"timestamp":5.575921,"type":"JOB_COMPLETED","data":{"job_id":"ebdc2a!19","job_state":"COMPLETED_SUCCESSFULLY","return_code":0,"kill_reason":"","alloc":"20-35"}}]}'
Sending '{"now":5.575921,"events":[{"timestamp":5.575921,"type":"EXECUTE_JOB","data":{"job_id":"ebdc2a!23","alloc":"20-35"}}]}'
Received '{"now":5.655865,"events":[{"timestamp":5.655865,"type":"JOB_SUBMITTED","data":{"job_id":"ebdc2a!25","job":{"id":"ebdc2a!25","profile":"CG.S.4","res":4,"subtime":5.648059,"walltime":4200}}}]}'
Sending '{"now":5.655865,"events":[]}'
Received '{"now":5.900310,"events":[{"timestamp":5.900310,"type":"JOB_SUBMITTED","data":{"job_id":"ebdc2a!26","job":{"id":"ebdc2a!26","profile":"CG.S.16","res":16,"subtime":5.892512,"walltime":4200}}}]}'
Sending '{"now":5.90031,"events":[]}'
Received '{"now":6.012478,"events":[{"timestamp":6.012478,"type":"JOB_SUBMITTED","data":{"job_id":"ebdc2a!27","job":{"id":"ebdc2a!27","profile":"FT.S.16","res":16,"subtime":6.004678,"walltime":4200}}}]}'
Sending '{"now":6.012478,"events":[]}'
Received '{"now":6.076355,"events":[{"timestamp":6.076355,"type":"JOB_SUBMITTED","data":{"job_id":"ebdc2a!28","job":{"id":"ebdc2a!28","profile":"SP.S.16","res":16,"subtime":6.068549,"walltime":4200}}}]}'
Sending '{"now":6.076355,"events":[]}'
Received '{"now":6.091967,"events":[{"timestamp":6.091967,"type":"JOB_SUBMITTED","data":{"job_id":"ebdc2a!29","job":{"id":"ebdc2a!29","profile":"LU.S.16","res":16,"subtime":6.076547,"walltime":4200}}}]}'
Sending '{"now":6.091967,"events":[]}'
Received '{"now":6.203595,"events":[{"timestamp":6.203595,"type":"JOB_COMPLETED","data":{"job_id":"ebdc2a!11","job_state":"COMPLETED_SUCCESSFULLY","return_code":0,"kill_reason":"","alloc":"44-59"}}]}'
Sending '{"now":6.203595,"events":[{"timestamp":6.203595,"type":"EXECUTE_JOB","data":{"job_id":"ebdc2a!24","alloc":"44-59"}}]}'
Received '{"now":6.343956,"events":[{"timestamp":6.343956,"type":"JOB_SUBMITTED","data":{"job_id":"ebdc2a!30","job":{"id":"ebdc2a!30","profile":"FT.S.16","res":16,"subtime":6.336150,"walltime":4200}}}]}'
Sending '{"now":6.343956,"events":[]}'
Received '{"now":6.412736,"events":[{"timestamp":6.412736,"type":"JOB_SUBMITTED","data":{"job_id":"ebdc2a!31","job":{"id":"ebdc2a!31","profile":"BT.S.16","res":16,"subtime":6.404935,"walltime":4200}}}]}'
Sending '{"now":6.412736,"events":[]}'
Received '{"now":6.434203,"events":[{"timestamp":6.426397,"type":"JOB_COMPLETED","data":{"job_id":"ebdc2a!14","job_state":"COMPLETED_SUCCESSFULLY","return_code":0,"kill_reason":"","alloc":"4-19"}}]}'
Sending '{"now":6.434203,"events":[{"timestamp":6.434203,"type":"EXECUTE_JOB","data":{"job_id":"ebdc2a!25","alloc":"4-7"}}]}'
Received '{"now":6.534909,"events":[{"timestamp":6.534909,"type":"JOB_SUBMITTED","data":{"job_id":"ebdc2a!32","job":{"id":"ebdc2a!32","profile":"FT.S.16","res":16,"subtime":6.527112,"walltime":4200}}}]}'
Sending '{"now":6.534909,"events":[]}'
Received '{"now":6.590052,"events":[{"timestamp":6.590052,"type":"JOB_SUBMITTED","data":{"job_id":"ebdc2a!33","job":{"id":"ebdc2a!33","profile":"SP.S.4","res":4,"subtime":6.582254,"walltime":4200}}}]}'
Sending '{"now":6.590052,"events":[]}'
Received '{"now":6.606373,"events":[{"timestamp":6.606373,"type":"JOB_SUBMITTED","data":{"job_id":"ebdc2a!34","job":{"id":"ebdc2a!34","profile":"LU.S.16","res":16,"subtime":6.598573,"walltime":4200}}}]}'
Sending '{"now":6.606373,"events":[]}'
Received '{"now":6.687867,"events":[{"timestamp":6.687867,"type":"JOB_SUBMITTED","data":{"job_id":"ebdc2a!35","job":{"id":"ebdc2a!35","profile":"MG.S.16","res":16,"subtime":6.680076,"walltime":4200}}}]}'
Sending '{"now":6.687867,"events":[]}'
Received '{"now":6.760349,"events":[{"timestamp":6.760349,"type":"JOB_SUBMITTED","data":{"job_id":"ebdc2a!36","job":{"id":"ebdc2a!36","profile":"SP.S.16","res":16,"subtime":6.752543,"walltime":4200}}}]}'
Sending '{"now":6.760349,"events":[]}'
Received '{"now":6.904532,"events":[{"timestamp":6.904532,"type":"JOB_SUBMITTED","data":{"job_id":"ebdc2a!37","job":{"id":"ebdc2a!37","profile":"MG.S.4","res":4,"subtime":6.896727,"walltime":4200}}}]}'
Sending '{"now":6.904532,"events":[]}'
Received '{"now":6.931108,"events":[{"timestamp":6.931108,"type":"JOB_SUBMITTED","data":{"job_id":"ebdc2a!38","job":{"id":"ebdc2a!38","profile":"LU.S.4","res":4,"subtime":6.923302,"walltime":4200}}}]}'
Sending '{"now":6.931108,"events":[]}'
Received '{"now":6.946720,"events":[{"timestamp":6.938914,"type":"JOB_SUBMITTED","data":{"job_id":"ebdc2a!39","job":{"id":"ebdc2a!39","profile":"SP.S.16","res":16,"subtime":6.928365,"walltime":4200}}}]}'
Sending '{"now":6.94672,"events":[]}'
Received '{"now":6.998688,"events":[{"timestamp":6.998688,"type":"JOB_SUBMITTED","data":{"job_id":"ebdc2a!40","job":{"id":"ebdc2a!40","profile":"IS.S.4","res":4,"subtime":6.990885,"walltime":4200}}}]}'
Sending '{"now":6.998688,"events":[]}'
Received '{"now":7.206122,"events":[{"timestamp":7.206122,"type":"JOB_SUBMITTED","data":{"job_id":"ebdc2a!41","job":{"id":"ebdc2a!41","profile":"FT.S.16","res":16,"subtime":7.198316,"walltime":4200}}}]}'
Sending '{"now":7.206122,"events":[]}'
Received '{"now":7.314264,"events":[{"timestamp":7.314264,"type":"JOB_SUBMITTED","data":{"job_id":"ebdc2a!42","job":{"id":"ebdc2a!42","profile":"LU.S.16","res":16,"subtime":7.306458,"walltime":4200}}}]}'
Sending '{"now":7.314264,"events":[]}'
Received '{"now":7.479310,"events":[{"timestamp":7.479310,"type":"JOB_SUBMITTED","data":{"job_id":"ebdc2a!43","job":{"id":"ebdc2a!43","profile":"IS.S.16","res":16,"subtime":7.471504,"walltime":4200}}}]}'
Sending '{"now":7.47931,"events":[]}'
Received '{"now":7.553844,"events":[{"timestamp":7.553844,"type":"JOB_COMPLETED","data":{"job_id":"ebdc2a!25","job_state":"COMPLETED_SUCCESSFULLY","return_code":0,"kill_reason":"","alloc":"4-7"}}]}'
Sending '{"now":7.553844,"events":[{"timestamp":7.553844,"type":"EXECUTE_JOB","data":{"job_id":"ebdc2a!26","alloc":"4-19"}}]}'
Received '{"now":7.703746,"events":[{"timestamp":7.703746,"type":"JOB_SUBMITTED","data":{"job_id":"ebdc2a!44","job":{"id":"ebdc2a!44","profile":"CG.S.16","res":16,"subtime":7.695949,"walltime":4200}}}]}'
Sending '{"now":7.703746,"events":[]}'
Received '{"now":7.790362,"events":[{"timestamp":7.790362,"type":"JOB_SUBMITTED","data":{"job_id":"ebdc2a!45","job":{"id":"ebdc2a!45","profile":"BT.S.4","res":4,"subtime":7.782556,"walltime":4200}}}]}'
Sending '{"now":7.790362,"events":[]}'
Received '{"now":7.967747,"events":[{"timestamp":7.967747,"type":"JOB_SUBMITTED","data":{"job_id":"ebdc2a!46","job":{"id":"ebdc2a!46","profile":"SP.S.4","res":4,"subtime":7.959941,"walltime":4200}}}]}'
Sending '{"now":7.967747,"events":[]}'
Received '{"now":7.983369,"events":[{"timestamp":7.983369,"type":"JOB_SUBMITTED","data":{"job_id":"ebdc2a!47","job":{"id":"ebdc2a!47","profile":"CG.S.16","res":16,"subtime":7.973948,"walltime":4200}}}]}'
Sending '{"now":7.983369,"events":[]}'
Received '{"now":8.271866,"events":[{"timestamp":8.271866,"type":"JOB_SUBMITTED","data":{"job_id":"ebdc2a!48","job":{"id":"ebdc2a!48","profile":"CG.S.4","res":4,"subtime":8.264060,"walltime":4200}}}]}'
Sending '{"now":8.271866,"events":[]}'
Received '{"now":8.696747,"events":[{"timestamp":8.696747,"type":"JOB_SUBMITTED","data":{"job_id":"ebdc2a!49","job":{"id":"ebdc2a!49","profile":"LU.S.16","res":16,"subtime":8.688941,"walltime":4200}}}]}'
Sending '{"now":8.696747,"events":[]}'
Received '{"now":8.993715,"events":[{"timestamp":8.993715,"type":"JOB_SUBMITTED","data":{"job_id":"ebdc2a!50","job":{"id":"ebdc2a!50","profile":"LU.S.16","res":16,"subtime":8.985909,"walltime":4200}}}]}'
Sending '{"now":8.993715,"events":[]}'
Received '{"now":9.200254,"events":[{"timestamp":9.200254,"type":"JOB_SUBMITTED","data":{"job_id":"ebdc2a!51","job":{"id":"ebdc2a!51","profile":"IS.S.4","res":4,"subtime":9.192448,"walltime":4200}}}]}'
Sending '{"now":9.200254,"events":[]}'
Received '{"now":9.215861,"events":[{"timestamp":9.208060,"type":"JOB_SUBMITTED","data":{"job_id":"ebdc2a!52","job":{"id":"ebdc2a!52","profile":"CG.S.16","res":16,"subtime":9.194611,"walltime":4200}}}]}'
Sending '{"now":9.215861,"events":[]}'
Received '{"now":9.295491,"events":[{"timestamp":9.295491,"type":"JOB_SUBMITTED","data":{"job_id":"ebdc2a!53","job":{"id":"ebdc2a!53","profile":"SP.S.4","res":4,"subtime":9.287685,"walltime":4200}}}]}'
Sending '{"now":9.295491,"events":[]}'
Received '{"now":9.427530,"events":[{"timestamp":9.427530,"type":"JOB_COMPLETED","data":{"job_id":"ebdc2a!23","job_state":"COMPLETED_SUCCESSFULLY","return_code":0,"kill_reason":"","alloc":"20-35"}}]}'
Sending '{"now":9.42753,"events":[{"timestamp":9.42753,"type":"EXECUTE_JOB","data":{"job_id":"ebdc2a!27","alloc":"20-35"}}]}'
Received '{"now":9.459707,"events":[{"timestamp":9.459707,"type":"JOB_SUBMITTED","data":{"job_id":"ebdc2a!54","job":{"id":"ebdc2a!54","profile":"MG.S.16","res":16,"subtime":9.451910,"walltime":4200}}}]}'
Sending '{"now":9.459707,"events":[]}'
Received '{"now":9.599924,"events":[{"timestamp":9.599924,"type":"JOB_SUBMITTED","data":{"job_id":"ebdc2a!55","job":{"id":"ebdc2a!55","profile":"CG.S.16","res":16,"subtime":9.592118,"walltime":4200}}}]}'
Sending '{"now":9.599924,"events":[]}'
Received '{"now":9.621391,"events":[{"timestamp":9.613585,"type":"JOB_COMPLETED","data":{"job_id":"ebdc2a!21","job_state":"COMPLETED_SUCCESSFULLY","return_code":0,"kill_reason":"","alloc":"0-3 36-43 60-63"}}]}'
Sending '{"now":9.621391,"events":[{"timestamp":9.621391,"type":"EXECUTE_JOB","data":{"job_id":"ebdc2a!28","alloc":"0-3 36-43 60-63"}}]}'
Received '{"now":9.644802,"events":[{"timestamp":9.629190,"type":"JOB_SUBMITTED","data":{"job_id":"ebdc2a!56","job":{"id":"ebdc2a!56","profile":"LU.S.4","res":4,"subtime":9.615753,"walltime":4200}}}]}'
Sending '{"now":9.644802,"events":[]}'
Received '{"now":9.762269,"events":[{"timestamp":9.762269,"type":"JOB_COMPLETED","data":{"job_id":"ebdc2a!27","job_state":"COMPLETED_SUCCESSFULLY","return_code":0,"kill_reason":"","alloc":"20-35"}}]}'
Sending '{"now":9.762269,"events":[{"timestamp":9.762269,"type":"EXECUTE_JOB","data":{"job_id":"ebdc2a!29","alloc":"20-35"}}]}'
Received '{"now":9.785969,"events":[{"timestamp":9.785969,"type":"JOB_SUBMITTED","data":{"job_id":"ebdc2a!57","job":{"id":"ebdc2a!57","profile":"SP.S.16","res":16,"subtime":9.778172,"walltime":4200}}}]}'
Sending '{"now":9.785969,"events":[]}'
Received '{"now":9.950331,"events":[{"timestamp":9.950331,"type":"JOB_SUBMITTED","data":{"job_id":"ebdc2a!58","job":{"id":"ebdc2a!58","profile":"FT.S.16","res":16,"subtime":9.942530,"walltime":4200}}}]}'
Sending '{"now":9.950331,"events":[]}'
Received '{"now":10.056794,"events":[{"timestamp":10.056794,"type":"JOB_COMPLETED","data":{"job_id":"ebdc2a!24","job_state":"COMPLETED_SUCCESSFULLY","return_code":0,"kill_reason":"","alloc":"44-59"}}]}'
Sending '{"now":10.056794,"events":[{"timestamp":10.056794,"type":"EXECUTE_JOB","data":{"job_id":"ebdc2a!30","alloc":"44-59"}}]}'
Received '{"now":10.398035,"events":[{"timestamp":10.398035,"type":"JOB_COMPLETED","data":{"job_id":"ebdc2a!30","job_state":"COMPLETED_SUCCESSFULLY","return_code":0,"kill_reason":"","alloc":"44-59"}}]}'
Sending '{"now":10.398035,"events":[{"timestamp":10.398035,"type":"EXECUTE_JOB","data":{"job_id":"ebdc2a!31","alloc":"44-59"}}]}'
Received '{"now":10.514599,"events":[{"timestamp":10.514599,"type":"JOB_SUBMITTED","data":{"job_id":"ebdc2a!59","job":{"id":"ebdc2a!59","profile":"FT.S.4","res":4,"subtime":10.506793,"walltime":4200}}}]}'
Sending '{"now":10.514599,"events":[]}'
Received '{"now":10.598419,"events":[{"timestamp":10.598419,"type":"JOB_SUBMITTED","data":{"job_id":"ebdc2a!60","job":{"id":"ebdc2a!60","profile":"IS.S.16","res":16,"subtime":10.590620,"walltime":4200}}}]}'
Sending '{"now":10.598419,"events":[]}'
Received '{"now":10.663241,"events":[{"timestamp":10.663241,"type":"JOB_SUBMITTED","data":{"job_id":"ebdc2a!61","job":{"id":"ebdc2a!61","profile":"BT.S.4","res":4,"subtime":10.655453,"walltime":4200}}}]}'
Sending '{"now":10.663241,"events":[]}'
Received '{"now":10.747792,"events":[{"timestamp":10.747792,"type":"JOB_SUBMITTED","data":{"job_id":"ebdc2a!62","job":{"id":"ebdc2a!62","profile":"BT.S.4","res":4,"subtime":10.739986,"walltime":4200}}}]}'
Sending '{"now":10.747792,"events":[]}'
Received '{"now":10.840185,"events":[{"timestamp":10.840185,"type":"JOB_SUBMITTED","data":{"job_id":"ebdc2a!63","job":{"id":"ebdc2a!63","profile":"CG.S.16","res":16,"subtime":10.832379,"walltime":4200}}}]}'
Sending '{"now":10.840185,"events":[]}'
Received '{"now":11.405546,"events":[{"timestamp":11.405546,"type":"JOB_COMPLETED","data":{"job_id":"ebdc2a!26","job_state":"COMPLETED_SUCCESSFULLY","return_code":0,"kill_reason":"","alloc":"4-19"}}]}'
Sending '{"now":11.405546,"events":[{"timestamp":11.405546,"type":"EXECUTE_JOB","data":{"job_id":"ebdc2a!32","alloc":"4-19"}}]}'
Received '{"now":11.490205,"events":[{"timestamp":11.490205,"type":"JOB_SUBMITTED","data":{"job_id":"ebdc2a!64","job":{"id":"ebdc2a!64","profile":"CG.S.16","res":16,"subtime":11.482405,"walltime":4200}}}]}'
Sending '{"now":11.490205,"events":[]}'
Received '{"now":11.725026,"events":[{"timestamp":11.725026,"type":"JOB_SUBMITTED","data":{"job_id":"ebdc2a!65","job":{"id":"ebdc2a!65","profile":"BT.S.4","res":4,"subtime":11.717228,"walltime":4200}}}]}'
Sending '{"now":11.725026,"events":[]}'
Received '{"now":11.746502,"events":[{"timestamp":11.746502,"type":"JOB_COMPLETED","data":{"job_id":"ebdc2a!32","job_state":"COMPLETED_SUCCESSFULLY","return_code":0,"kill_reason":"","alloc":"4-19"}}]}'
Sending '{"now":11.746502,"events":[{"timestamp":11.746502,"type":"EXECUTE_JOB","data":{"job_id":"ebdc2a!33","alloc":"4-7"}}]}'
Received '{"now":11.769920,"events":[{"timestamp":11.754308,"type":"JOB_SUBMITTED","data":{"job_id":"ebdc2a!66","job":{"id":"ebdc2a!66","profile":"LU.S.4","res":4,"subtime":11.733998,"walltime":4200}}}]}'
Sending '{"now":11.76992,"events":[]}'
Received '{"now":11.938967,"events":[{"timestamp":11.938967,"type":"JOB_SUBMITTED","data":{"job_id":"ebdc2a!67","job":{"id":"ebdc2a!67","profile":"SP.S.4","res":4,"subtime":11.931163,"walltime":4200}}}]}'
Sending '{"now":11.938967,"events":[]}'
Received '{"now":12.015240,"events":[{"timestamp":12.015240,"type":"JOB_SUBMITTED","data":{"job_id":"ebdc2a!68","job":{"id":"ebdc2a!68","profile":"IS.S.16","res":16,"subtime":12.007436,"walltime":4200}}}]}'
Sending '{"now":12.01524,"events":[]}'
Received '{"now":12.058394,"events":[{"timestamp":12.058394,"type":"JOB_COMPLETED","data":{"job_id":"ebdc2a!31","job_state":"COMPLETED_SUCCESSFULLY","return_code":0,"kill_reason":"","alloc":"44-59"}}]}'
Sending '{"now":12.058394,"events":[{"timestamp":12.058394,"type":"EXECUTE_JOB","data":{"job_id":"ebdc2a!34","alloc":"8-19 44-47"}},{"timestamp":12.058394,"type":"EXECUTE_JOB","data":{"job_id":"ebdc2a!37","alloc":"52-55"}},{"timestamp":12.058394,"type":"EXECUTE_JOB","data":{"job_id":"ebdc2a!38","alloc":"56-59"}}]}'
Received '{"now":12.107683,"events":[{"timestamp":12.107683,"type":"JOB_SUBMITTED","data":{"job_id":"ebdc2a!69","job":{"id":"ebdc2a!69","profile":"IS.S.4","res":4,"subtime":12.099886,"walltime":4200}}}]}'
Sending '{"now":12.107683,"events":[]}'
Received '{"now":12.155238,"events":[{"timestamp":12.155238,"type":"JOB_SUBMITTED","data":{"job_id":"ebdc2a!70","job":{"id":"ebdc2a!70","profile":"FT.S.4","res":4,"subtime":12.147432,"walltime":4200}}}]}'
Sending '{"now":12.155238,"events":[]}'
Received '{"now":12.170842,"events":[{"timestamp":12.170842,"type":"JOB_SUBMITTED","data":{"job_id":"ebdc2a!71","job":{"id":"ebdc2a!71","profile":"BT.S.16","res":16,"subtime":12.160323,"walltime":4200}}}]}'
Sending '{"now":12.170842,"events":[]}'
Received '{"now":12.369493,"events":[{"timestamp":12.369493,"type":"JOB_SUBMITTED","data":{"job_id":"ebdc2a!72","job":{"id":"ebdc2a!72","profile":"FT.S.4","res":4,"subtime":12.361691,"walltime":4200}}}]}'
Sending '{"now":12.369493,"events":[]}'
Received '{"now":12.395715,"events":[{"timestamp":12.395715,"type":"JOB_SUBMITTED","data":{"job_id":"ebdc2a!73","job":{"id":"ebdc2a!73","profile":"SP.S.16","res":16,"subtime":12.387914,"walltime":4200}}}]}'
Sending '{"now":12.395715,"events":[]}'
Received '{"now":12.423150,"events":[{"timestamp":12.423150,"type":"JOB_SUBMITTED","data":{"job_id":"ebdc2a!74","job":{"id":"ebdc2a!74","profile":"FT.S.4","res":4,"subtime":12.415344,"walltime":4200}}}]}'
Sending '{"now":12.42315,"events":[]}'
Received '{"now":12.504560,"events":[{"timestamp":12.504560,"type":"JOB_COMPLETED","data":{"job_id":"ebdc2a!37","job_state":"COMPLETED_SUCCESSFULLY","return_code":0,"kill_reason":"","alloc":"52-55"}}]}'
Sending '{"now":12.50456,"events":[{"timestamp":12.50456,"type":"EXECUTE_JOB","data":{"job_id":"ebdc2a!40","alloc":"52-55"}}]}'
Received '{"now":12.604110,"events":[{"timestamp":12.604110,"type":"JOB_COMPLETED","data":{"job_id":"ebdc2a!40","job_state":"COMPLETED_SUCCESSFULLY","return_code":0,"kill_reason":"","alloc":"52-55"}}]}'
Sending '{"now":12.60411,"events":[{"timestamp":12.60411,"type":"EXECUTE_JOB","data":{"job_id":"ebdc2a!45","alloc":"52-55"}}]}'
Received '{"now":12.646651,"events":[{"timestamp":12.646651,"type":"JOB_COMPLETED","data":{"job_id":"ebdc2a!33","job_state":"COMPLETED_SUCCESSFULLY","return_code":0,"kill_reason":"","alloc":"4-7"}}]}'
Sending '{"now":12.646651,"events":[{"timestamp":12.646651,"type":"EXECUTE_JOB","data":{"job_id":"ebdc2a!46","alloc":"48-51"}}]}'
Received '{"now":12.679020,"events":[{"timestamp":12.679020,"type":"JOB_COMPLETED","data":{"job_id":"ebdc2a!29","job_state":"COMPLETED_SUCCESSFULLY","return_code":0,"kill_reason":"","alloc":"20-35"}}]}'
Sending '{"now":12.67902,"events":[{"timestamp":12.67902,"type":"EXECUTE_JOB","data":{"job_id":"ebdc2a!35","alloc":"4-7 20-31"}}]}'
Received '{"now":12.759183,"events":[{"timestamp":12.759183,"type":"JOB_SUBMITTED","data":{"job_id":"ebdc2a!75","job":{"id":"ebdc2a!75","profile":"MG.S.16","res":16,"subtime":12.751381,"walltime":4200}}}]}'
Sending '{"now":12.759183,"events":[]}'
Received '{"now":12.774790,"events":[{"timestamp":12.774790,"type":"JOB_SUBMITTED","data":{"job_id":"ebdc2a!76","job":{"id":"ebdc2a!76","profile":"CG.S.16","res":16,"subtime":12.765858,"walltime":4200}}}]}'
Sending '{"now":12.77479,"events":[]}'
Received '{"now":12.899387,"events":[{"timestamp":12.899387,"type":"JOB_SUBMITTED","data":{"job_id":"ebdc2a!77","job":{"id":"ebdc2a!77","profile":"FT.S.16","res":16,"subtime":12.891589,"walltime":4200}}}]}'
Sending '{"now":12.899387,"events":[]}'
Received '{"now":13.071332,"events":[{"timestamp":13.071332,"type":"JOB_COMPLETED","data":{"job_id":"ebdc2a!45","job_state":"COMPLETED_SUCCESSFULLY","return_code":0,"kill_reason":"","alloc":"52-55"}}]}'
Sending '{"now":13.071332,"events":[{"timestamp":13.071332,"type":"EXECUTE_JOB","data":{"job_id":"ebdc2a!48","alloc":"52-55"}}]}'
Received '{"now":13.190358,"events":[{"timestamp":13.190358,"type":"JOB_SUBMITTED","data":{"job_id":"ebdc2a!78","job":{"id":"ebdc2a!78","profile":"MG.S.16","res":16,"subtime":13.182552,"walltime":4200}}}]}'
Sending '{"now":13.190358,"events":[]}'
Received '{"now":13.382700,"events":[{"timestamp":13.382700,"type":"JOB_SUBMITTED","data":{"job_id":"ebdc2a!79","job":{"id":"ebdc2a!79","profile":"LU.S.4","res":4,"subtime":13.374894,"walltime":4200}}}]}'
Sending '{"now":13.3827,"events":[]}'
Received '{"now":13.533181,"events":[{"timestamp":13.533181,"type":"JOB_COMPLETED","data":{"job_id":"ebdc2a!46","job_state":"COMPLETED_SUCCESSFULLY","return_code":0,"kill_reason":"","alloc":"48-51"}}]}'
Sending '{"now":13.533181,"events":[{"timestamp":13.533181,"type":"EXECUTE_JOB","data":{"job_id":"ebdc2a!51","alloc":"48-51"}}]}'
Received '{"now":13.556594,"events":[{"timestamp":13.556594,"type":"JOB_SUBMITTED","data":{"job_id":"ebdc2a!80","job":{"id":"ebdc2a!80","profile":"CG.S.16","res":16,"subtime":13.542189,"walltime":4200}}}]}'
Sending '{"now":13.556594,"events":[]}'
Received '{"now":13.580595,"events":[{"timestamp":13.580595,"type":"JOB_SUBMITTED","data":{"job_id":"ebdc2a!81","job":{"id":"ebdc2a!81","profile":"IS.S.4","res":4,"subtime":13.572789,"walltime":4200}}}]}'
Sending '{"now":13.580595,"events":[]}'
Received '{"now":13.632768,"events":[{"timestamp":13.632768,"type":"JOB_COMPLETED","data":{"job_id":"ebdc2a!51","job_state":"COMPLETED_SUCCESSFULLY","return_code":0,"kill_reason":"","alloc":"48-51"}}]}'
Sending '{"now":13.632768,"events":[{"timestamp":13.632768,"type":"EXECUTE_JOB","data":{"job_id":"ebdc2a!53","alloc":"48-51"}}]}'
Received '{"now":13.669841,"events":[{"timestamp":13.646423,"type":"JOB_COMPLETED","data":{"job_id":"ebdc2a!35","job_state":"COMPLETED_SUCCESSFULLY","return_code":0,"kill_reason":"","alloc":"4-7 20-31"}},{"timestamp":13.654229,"type":"JOB_SUBMITTED","data":{"job_id":"ebdc2a!82","job":{"id":"ebdc2a!82","profile":"FT.S.16","res":16,"subtime":13.628817,"walltime":4200}}}]}'
Sending '{"now":13.669841,"events":[{"timestamp":13.669841,"type":"EXECUTE_JOB","data":{"job_id":"ebdc2a!36","alloc":"4-7 20-31"}}]}'
Received '{"now":13.733335,"events":[{"timestamp":13.733335,"type":"JOB_COMPLETED","data":{"job_id":"ebdc2a!28","job_state":"COMPLETED_SUCCESSFULLY","return_code":0,"kill_reason":"","alloc":"0-3 36-43 60-63"}}]}'
Sending '{"now":13.733335,"events":[{"timestamp":13.733335,"type":"EXECUTE_JOB","data":{"job_id":"ebdc2a!39","alloc":"0-3 32-43"}},{"timestamp":13.733335,"type":"EXECUTE_JOB","data":{"job_id":"ebdc2a!56","alloc":"60-63"}}]}'
Received '{"now":14.006465,"events":[{"timestamp":14.006465,"type":"JOB_SUBMITTED","data":{"job_id":"ebdc2a!83","job":{"id":"ebdc2a!83","profile":"MG.S.4","res":4,"subtime":13.998659,"walltime":4200}}}]}'
Sending '{"now":14.006465,"events":[]}'
Received '{"now":14.122829,"events":[{"timestamp":14.122829,"type":"JOB_SUBMITTED","data":{"job_id":"ebdc2a!84","job":{"id":"ebdc2a!84","profile":"IS.S.4","res":4,"subtime":14.115023,"walltime":4200}}}]}'
Sending '{"now":14.122829,"events":[]}'
Received '{"now":14.190478,"events":[{"timestamp":14.190478,"type":"JOB_COMPLETED","data":{"job_id":"ebdc2a!48","job_state":"COMPLETED_SUCCESSFULLY","return_code":0,"kill_reason":"","alloc":"52-55"}}]}'
Sending '{"now":14.190478,"events":[{"timestamp":14.190478,"type":"EXECUTE_JOB","data":{"job_id":"ebdc2a!59","alloc":"52-55"}}]}'
Received '{"now":14.321197,"events":[{"timestamp":14.321197,"type":"JOB_COMPLETED","data":{"job_id":"ebdc2a!59","job_state":"COMPLETED_SUCCESSFULLY","return_code":0,"kill_reason":"","alloc":"52-55"}}]}'
Sending '{"now":14.321197,"events":[{"timestamp":14.321197,"type":"EXECUTE_JOB","data":{"job_id":"ebdc2a!61","alloc":"52-55"}}]}'
Received '{"now":14.479678,"events":[{"timestamp":14.479678,"type":"JOB_COMPLETED","data":{"job_id":"ebdc2a!38","job_state":"COMPLETED_SUCCESSFULLY","return_code":0,"kill_reason":"","alloc":"56-59"}}]}'
Sending '{"now":14.479678,"events":[{"timestamp":14.479678,"type":"EXECUTE_JOB","data":{"job_id":"ebdc2a!62","alloc":"56-59"}}]}'
Received '{"now":14.518848,"events":[{"timestamp":14.518848,"type":"JOB_SUBMITTED","data":{"job_id":"ebdc2a!85","job":{"id":"ebdc2a!85","profile":"MG.S.4","res":4,"subtime":14.511045,"walltime":4200}}}]}'
Sending '{"now":14.518848,"events":[]}'
Received '{"now":14.569228,"events":[{"timestamp":14.569228,"type":"JOB_SUBMITTED","data":{"job_id":"ebdc2a!86","job":{"id":"ebdc2a!86","profile":"SP.S.4","res":4,"subtime":14.561422,"walltime":4200}}}]}'
Sending '{"now":14.569228,"events":[]}'
Received '{"now":14.590682,"events":[{"timestamp":14.590682,"type":"JOB_COMPLETED","data":{"job_id":"ebdc2a!53","job_state":"COMPLETED_SUCCESSFULLY","return_code":0,"kill_reason":"","alloc":"48-51"}}]}'
Sending '{"now":14.590682,"events":[{"timestamp":14.590682,"type":"EXECUTE_JOB","data":{"job_id":"ebdc2a!65","alloc":"48-51"}}]}'
Received '{"now":14.742053,"events":[{"timestamp":14.742053,"type":"JOB_SUBMITTED","data":{"job_id":"ebdc2a!87","job":{"id":"ebdc2a!87","profile":"FT.S.16","res":16,"subtime":14.734247,"walltime":4200}}}]}'
Sending '{"now":14.742053,"events":[]}'
Received '{"now":14.757660,"events":[{"timestamp":14.749854,"type":"JOB_SUBMITTED","data":{"job_id":"ebdc2a!88","job":{"id":"ebdc2a!88","profile":"LU.S.4","res":4,"subtime":14.735217,"walltime":4200}}}]}'
Sending '{"now":14.75766,"events":[]}'
Received '{"now":14.787860,"events":[{"timestamp":14.787860,"type":"JOB_COMPLETED","data":{"job_id":"ebdc2a!61","job_state":"COMPLETED_SUCCESSFULLY","return_code":0,"kill_reason":"","alloc":"52-55"}}]}'
Sending '{"now":14.78786,"events":[{"timestamp":14.78786,"type":"EXECUTE_JOB","data":{"job_id":"ebdc2a!66","alloc":"52-55"}}]}'
Received '{"now":14.811278,"events":[{"timestamp":14.811278,"type":"JOB_SUBMITTED","data":{"job_id":"ebdc2a!89","job":{"id":"ebdc2a!89","profile":"CG.S.16","res":16,"subtime":14.800283,"walltime":4200}}}]}'
Sending '{"now":14.811278,"events":[]}'
Received '{"now":14.890199,"events":[{"timestamp":14.890199,"type":"JOB_SUBMITTED","data":{"job_id":"ebdc2a!90","job":{"id":"ebdc2a!90","profile":"LU.S.4","res":4,"subtime":14.882393,"walltime":4200}}}]}'
Sending '{"now":14.890199,"events":[]}'
Received '{"now":14.946493,"events":[{"timestamp":14.946493,"type":"JOB_COMPLETED","data":{"job_id":"ebdc2a!62","job_state":"COMPLETED_SUCCESSFULLY","return_code":0,"kill_reason":"","alloc":"56-59"}}]}'
Sending '{"now":14.946493,"events":[{"timestamp":14.946493,"type":"EXECUTE_JOB","data":{"job_id":"ebdc2a!67","alloc":"56-59"}}]}'
Received '{"now":14.991334,"events":[{"timestamp":14.991334,"type":"JOB_SUBMITTED","data":{"job_id":"ebdc2a!91","job":{"id":"ebdc2a!91","profile":"SP.S.16","res":16,"subtime":14.983528,"walltime":4200}}}]}'
Sending '{"now":14.991334,"events":[]}'
Received '{"now":15.032694,"events":[{"timestamp":15.032694,"type":"JOB_SUBMITTED","data":{"job_id":"ebdc2a!92","job":{"id":"ebdc2a!92","profile":"BT.S.4","res":4,"subtime":15.024893,"walltime":4200}}}]}'
Sending '{"now":15.032694,"events":[]}'
Received '{"now":15.051020,"events":[{"timestamp":15.051020,"type":"JOB_SUBMITTED","data":{"job_id":"ebdc2a!93","job":{"id":"ebdc2a!93","profile":"SP.S.16","res":16,"subtime":15.043214,"walltime":4200}}}]}'
Sending '{"now":15.05102,"events":[]}'
Received '{"now":15.072481,"events":[{"timestamp":15.064680,"type":"JOB_COMPLETED","data":{"job_id":"ebdc2a!65","job_state":"COMPLETED_SUCCESSFULLY","return_code":0,"kill_reason":"","alloc":"48-51"}}]}'
Sending '{"now":15.072481,"events":[{"timestamp":15.072481,"type":"EXECUTE_JOB","data":{"job_id":"ebdc2a!69","alloc":"48-51"}}]}'
Received '{"now":15.101755,"events":[{"timestamp":15.101755,"type":"JOB_COMPLETED","data":{"job_id":"ebdc2a!34","job_state":"COMPLETED_SUCCESSFULLY","return_code":0,"kill_reason":"","alloc":"8-19 44-47"}}]}'
Sending '{"now":15.101755,"events":[{"timestamp":15.101755,"type":"EXECUTE_JOB","data":{"job_id":"ebdc2a!41","alloc":"8-19 44-47"}}]}'
Received '{"now":15.125169,"events":[{"timestamp":15.109561,"type":"JOB_SUBMITTED","data":{"job_id":"ebdc2a!94","job":{"id":"ebdc2a!94","profile":"MG.S.16","res":16,"subtime":15.094163,"walltime":4200}}}]}'
Sending '{"now":15.125169,"events":[]}'
Received '{"now":15.142796,"events":[{"timestamp":15.142796,"type":"JOB_SUBMITTED","data":{"job_id":"ebdc2a!95","job":{"id":"ebdc2a!95","profile":"LU.S.16","res":16,"subtime":15.134990,"walltime":4200}}}]}'
Sending '{"now":15.142796,"events":[]}'
Received '{"now":15.158408,"events":[{"timestamp":15.158408,"type":"JOB_SUBMITTED","data":{"job_id":"ebdc2a!96","job":{"id":"ebdc2a!96","profile":"FT.S.4","res":4,"subtime":15.148773,"walltime":4200}}}]}'
Sending '{"now":15.158408,"events":[]}'
Received '{"now":15.179875,"events":[{"timestamp":15.172069,"type":"JOB_COMPLETED","data":{"job_id":"ebdc2a!69","job_state":"COMPLETED_SUCCESSFULLY","return_code":0,"kill_reason":"","alloc":"48-51"}}]}'
Sending '{"now":15.179875,"events":[{"timestamp":15.179875,"type":"EXECUTE_JOB","data":{"job_id":"ebdc2a!70","alloc":"48-51"}}]}'
Received '{"now":15.203290,"events":[{"timestamp":15.187681,"type":"JOB_SUBMITTED","data":{"job_id":"ebdc2a!97","job":{"id":"ebdc2a!97","profile":"LU.S.16","res":16,"subtime":15.176200,"walltime":4200}}}]}'
Sending '{"now":15.20329,"events":[]}'
Received '{"now":15.243851,"events":[{"timestamp":15.243851,"type":"JOB_SUBMITTED","data":{"job_id":"ebdc2a!98","job":{"id":"ebdc2a!98","profile":"SP.S.16","res":16,"subtime":15.236050,"walltime":4200}}}]}'
Sending '{"now":15.243851,"events":[]}'
Received '{"now":15.318381,"events":[{"timestamp":15.318381,"type":"JOB_COMPLETED","data":{"job_id":"ebdc2a!70","job_state":"COMPLETED_SUCCESSFULLY","return_code":0,"kill_reason":"","alloc":"48-51"}}]}'
Sending '{"now":15.318381,"events":[{"timestamp":15.318381,"type":"EXECUTE_JOB","data":{"job_id":"ebdc2a!72","alloc":"48-51"}}]}'
Received '{"now":15.449098,"events":[{"timestamp":15.449098,"type":"JOB_COMPLETED","data":{"job_id":"ebdc2a!72","job_state":"COMPLETED_SUCCESSFULLY","return_code":0,"kill_reason":"","alloc":"48-51"}}]}'
Sending '{"now":15.449098,"events":[{"timestamp":15.449098,"type":"EXECUTE_JOB","data":{"job_id":"ebdc2a!74","alloc":"48-51"}}]}'
Received '{"now":15.499335,"events":[{"timestamp":15.499335,"type":"JOB_COMPLETED","data":{"job_id":"ebdc2a!41","job_state":"COMPLETED_SUCCESSFULLY","return_code":0,"kill_reason":"","alloc":"8-19 44-47"}}]}'
Sending '{"now":15.499335,"events":[{"timestamp":15.499335,"type":"EXECUTE_JOB","data":{"job_id":"ebdc2a!42","alloc":"8-19 44-47"}}]}'
Received '{"now":15.579791,"events":[{"timestamp":15.579791,"type":"JOB_COMPLETED","data":{"job_id":"ebdc2a!74","job_state":"COMPLETED_SUCCESSFULLY","return_code":0,"kill_reason":"","alloc":"48-51"}}]}'
Sending '{"now":15.579791,"events":[{"timestamp":15.579791,"type":"EXECUTE_JOB","data":{"job_id":"ebdc2a!79","alloc":"48-51"}}]}'
Received '{"now":15.603193,"events":[{"timestamp":15.587589,"type":"JOB_SUBMITTED","data":{"job_id":"ebdc2a!99","job":{"id":"ebdc2a!99","profile":"CG.S.16","res":16,"subtime":15.572549,"walltime":4200}}}]}'
Sending '{"now":15.603193,"events":[]}'
Received '{"now":15.630523,"events":[{"timestamp":15.630523,"type":"JOB_SUBMITTED","data":{"job_id":"ebdc2a!100","job":{"id":"ebdc2a!100","profile":"BT.S.16","res":16,"subtime":15.622725,"walltime":4200}}}]}'
Sending '{"now":15.630523,"events":[]}'
Received '{"now":15.895081,"events":[{"timestamp":15.895081,"type":"JOB_COMPLETED","data":{"job_id":"ebdc2a!67","job_state":"COMPLETED_SUCCESSFULLY","return_code":0,"kill_reason":"","alloc":"56-59"}}]}'
Sending '{"now":15.895081,"events":[{"timestamp":15.895081,"type":"EXECUTE_JOB","data":{"job_id":"ebdc2a!81","alloc":"56-59"}}]}'
Received '{"now":15.933245,"events":[{"timestamp":15.933245,"type":"JOB_SUBMITTED","data":{"job_id":"ebdc2a!101","job":{"id":"ebdc2a!101","profile":"LU.S.16","res":16,"subtime":15.925447,"walltime":4200}}}]}'
Sending '{"now":15.933245,"events":[]}'
Received '{"now":15.994571,"events":[{"timestamp":15.994571,"type":"JOB_COMPLETED","data":{"job_id":"ebdc2a!81","job_state":"COMPLETED_SUCCESSFULLY","return_code":0,"kill_reason":"","alloc":"56-59"}}]}'
Sending '{"now":15.994571,"events":[{"timestamp":15.994571,"type":"EXECUTE_JOB","data":{"job_id":"ebdc2a!83","alloc":"56-59"}}]}'
Received '{"now":16.023054,"events":[{"timestamp":16.023054,"type":"JOB_SUBMITTED","data":{"job_id":"ebdc2a!102","job":{"id":"ebdc2a!102","profile":"IS.S.16","res":16,"subtime":16.015256,"walltime":4200}}}]}'
Sending '{"now":16.023054,"events":[]}'
Received '{"now":16.060728,"events":[{"timestamp":16.060728,"type":"JOB_SUBMITTED","data":{"job_id":"ebdc2a!103","job":{"id":"ebdc2a!103","profile":"CG.S.16","res":16,"subtime":16.052931,"walltime":4200}}}]}'
Sending '{"now":16.060728,"events":[]}'
Received '{"now":16.081680,"events":[{"timestamp":16.081680,"type":"JOB_SUBMITTED","data":{"job_id":"ebdc2a!104","job":{"id":"ebdc2a!104","profile":"BT.S.4","res":4,"subtime":16.073876,"walltime":4200}}}]}'
Sending '{"now":16.08168,"events":[]}'
Received '{"now":16.145979,"events":[{"timestamp":16.145979,"type":"JOB_COMPLETED","data":{"job_id":"ebdc2a!56","job_state":"COMPLETED_SUCCESSFULLY","return_code":0,"kill_reason":"","alloc":"60-63"}}]}'
Sending '{"now":16.145979,"events":[{"timestamp":16.145979,"type":"EXECUTE_JOB","data":{"job_id":"ebdc2a!84","alloc":"60-63"}}]}'
Received '{"now":16.245492,"events":[{"timestamp":16.245492,"type":"JOB_COMPLETED","data":{"job_id":"ebdc2a!84","job_state":"COMPLETED_SUCCESSFULLY","return_code":0,"kill_reason":"","alloc":"60-63"}}]}'
Sending '{"now":16.245492,"events":[{"timestamp":16.245492,"type":"EXECUTE_JOB","data":{"job_id":"ebdc2a!85","alloc":"60-63"}}]}'
Received '{"now":16.330715,"events":[{"timestamp":16.330715,"type":"JOB_SUBMITTED","data":{"job_id":"ebdc2a!105","job":{"id":"ebdc2a!105","profile":"MG.S.16","res":16,"subtime":16.322909,"walltime":4200}}}]}'
Sending '{"now":16.330715,"events":[]}'
Received '{"now":16.432678,"events":[{"timestamp":16.432678,"type":"JOB_COMPLETED","data":{"job_id":"ebdc2a!83","job_state":"COMPLETED_SUCCESSFULLY","return_code":0,"kill_reason":"","alloc":"56-59"}}]}'
Sending '{"now":16.432678,"events":[{"timestamp":16.432678,"type":"EXECUTE_JOB","data":{"job_id":"ebdc2a!86","alloc":"56-59"}}]}'
Received '{"now":16.683651,"events":[{"timestamp":16.683651,"type":"JOB_COMPLETED","data":{"job_id":"ebdc2a!85","job_state":"COMPLETED_SUCCESSFULLY","return_code":0,"kill_reason":"","alloc":"60-63"}}]}'
Sending '{"now":16.683651,"events":[{"timestamp":16.683651,"type":"EXECUTE_JOB","data":{"job_id":"ebdc2a!88","alloc":"60-63"}}]}'
Received '{"now":16.906177,"events":[{"timestamp":16.906177,"type":"JOB_SUBMITTED","data":{"job_id":"ebdc2a!106","job":{"id":"ebdc2a!106","profile":"IS.S.16","res":16,"subtime":16.898380,"walltime":4200}}}]}'
Sending '{"now":16.906177,"events":[]}'
Received '{"now":17.025823,"events":[{"timestamp":17.025823,"type":"JOB_SUBMITTED","data":{"job_id":"ebdc2a!107","job":{"id":"ebdc2a!107","profile":"FT.S.16","res":16,"subtime":17.018023,"walltime":4200}}}]}'
Sending '{"now":17.025823,"events":[]}'
Received '{"now":17.192697,"events":[{"timestamp":17.192697,"type":"JOB_COMPLETED","data":{"job_id":"ebdc2a!66","job_state":"COMPLETED_SUCCESSFULLY","return_code":0,"kill_reason":"","alloc":"52-55"}}]}'
Sending '{"now":17.192697,"events":[{"timestamp":17.192697,"type":"EXECUTE_JOB","data":{"job_id":"ebdc2a!90","alloc":"52-55"}}]}'
Received '{"now":17.311579,"events":[{"timestamp":17.311579,"type":"JOB_SUBMITTED","data":{"job_id":"ebdc2a!108","job":{"id":"ebdc2a!108","profile":"BT.S.16","res":16,"subtime":17.303773,"walltime":4200}}}]}'
Sending '{"now":17.311579,"events":[]}'
Received '{"now":17.327201,"events":[{"timestamp":17.327201,"type":"JOB_SUBMITTED","data":{"job_id":"ebdc2a!109","job":{"id":"ebdc2a!109","profile":"BT.S.4","res":4,"subtime":17.319272,"walltime":4200}}}]}'
Sending '{"now":17.327201,"events":[]}'
Received '{"now":17.365112,"events":[{"timestamp":17.365112,"type":"JOB_SUBMITTED","data":{"job_id":"ebdc2a!110","job":{"id":"ebdc2a!110","profile":"CG.S.16","res":16,"subtime":17.357306,"walltime":4200}}}]}'
Sending '{"now":17.365112,"events":[]}'
Received '{"now":17.386579,"events":[{"timestamp":17.378773,"type":"JOB_COMPLETED","data":{"job_id":"ebdc2a!86","job_state":"COMPLETED_SUCCESSFULLY","return_code":0,"kill_reason":"","alloc":"56-59"}}]}'
Sending '{"now":17.386579,"events":[{"timestamp":17.386579,"type":"EXECUTE_JOB","data":{"job_id":"ebdc2a!92","alloc":"56-59"}}]}'
Received '{"now":17.436522,"events":[{"timestamp":17.436522,"type":"JOB_SUBMITTED","data":{"job_id":"ebdc2a!111","job":{"id":"ebdc2a!111","profile":"SP.S.16","res":16,"subtime":17.428718,"walltime":4200}}}]}'
Sending '{"now":17.436522,"events":[]}'
Received '{"now":17.556970,"events":[{"timestamp":17.556970,"type":"JOB_SUBMITTED","data":{"job_id":"ebdc2a!112","job":{"id":"ebdc2a!112","profile":"IS.S.4","res":4,"subtime":17.549165,"walltime":4200}}}]}'
Sending '{"now":17.55697,"events":[]}'
Received '{"now":17.707410,"events":[{"timestamp":17.707410,"type":"JOB_SUBMITTED","data":{"job_id":"ebdc2a!113","job":{"id":"ebdc2a!113","profile":"MG.S.4","res":4,"subtime":17.699611,"walltime":4200}}}]}'
Sending '{"now":17.70741,"events":[]}'
Received '{"now":17.853633,"events":[{"timestamp":17.853633,"type":"JOB_COMPLETED","data":{"job_id":"ebdc2a!92","job_state":"COMPLETED_SUCCESSFULLY","return_code":0,"kill_reason":"","alloc":"56-59"}}]}'
Sending '{"now":17.853633,"events":[{"timestamp":17.853633,"type":"EXECUTE_JOB","data":{"job_id":"ebdc2a!96","alloc":"56-59"}}]}'
Received '{"now":17.955408,"events":[{"timestamp":17.955408,"type":"JOB_COMPLETED","data":{"job_id":"ebdc2a!36","job_state":"COMPLETED_SUCCESSFULLY","return_code":0,"kill_reason":"","alloc":"4-7 20-31"}}]}'
Sending '{"now":17.955408,"events":[{"timestamp":17.955408,"type":"EXECUTE_JOB","data":{"job_id":"ebdc2a!43","alloc":"4-7 20-31"}}]}'
Received '{"now":17.984679,"events":[{"timestamp":17.984679,"type":"JOB_COMPLETED","data":{"job_id":"ebdc2a!96","job_state":"COMPLETED_SUCCESSFULLY","return_code":0,"kill_reason":"","alloc":"56-59"}}]}'
Sending '{"now":17.984679,"events":[{"timestamp":17.984679,"type":"EXECUTE_JOB","data":{"job_id":"ebdc2a!104","alloc":"56-59"}}]}'
Received '{"now":18.013945,"events":[{"timestamp":17.998340,"type":"JOB_COMPLETED","data":{"job_id":"ebdc2a!79","job_state":"COMPLETED_SUCCESSFULLY","return_code":0,"kill_reason":"","alloc":"48-51"}}]}'
Sending '{"now":18.013945,"events":[{"timestamp":18.013945,"type":"EXECUTE_JOB","data":{"job_id":"ebdc2a!109","alloc":"48-51"}}]}'
Received '{"now":18.131715,"events":[{"timestamp":18.131715,"type":"JOB_COMPLETED","data":{"job_id":"ebdc2a!43","job_state":"COMPLETED_SUCCESSFULLY","return_code":0,"kill_reason":"","alloc":"4-7 20-31"}}]}'
Sending '{"now":18.131715,"events":[{"timestamp":18.131715,"type":"EXECUTE_JOB","data":{"job_id":"ebdc2a!44","alloc":"4-7 20-31"}}]}'
Received '{"now":18.276114,"events":[{"timestamp":18.276114,"type":"JOB_SUBMITTED","data":{"job_id":"ebdc2a!114","job":{"id":"ebdc2a!114","profile":"FT.S.16","res":16,"subtime":18.268324,"walltime":4200}}}]}'
Sending '{"now":18.276114,"events":[]}'
Received '{"now":18.465800,"events":[{"timestamp":18.465800,"type":"JOB_COMPLETED","data":{"job_id":"ebdc2a!104","job_state":"COMPLETED_SUCCESSFULLY","return_code":0,"kill_reason":"","alloc":"56-59"}}]}'
Sending '{"now":18.4658,"events":[{"timestamp":18.4658,"type":"EXECUTE_JOB","data":{"job_id":"ebdc2a!112","alloc":"56-59"}}]}'
Received '{"now":18.495080,"events":[{"timestamp":18.487274,"type":"JOB_COMPLETED","data":{"job_id":"ebdc2a!109","job_state":"COMPLETED_SUCCESSFULLY","return_code":0,"kill_reason":"","alloc":"48-51"}}]}'
Sending '{"now":18.49508,"events":[{"timestamp":18.49508,"type":"EXECUTE_JOB","data":{"job_id":"ebdc2a!113","alloc":"48-51"}}]}'
Received '{"now":18.536664,"events":[{"timestamp":18.536664,"type":"JOB_COMPLETED","data":{"job_id":"ebdc2a!42","job_state":"COMPLETED_SUCCESSFULLY","return_code":0,"kill_reason":"","alloc":"8-19 44-47"}}]}'
Sending '{"now":18.536664,"events":[{"timestamp":18.536664,"type":"EXECUTE_JOB","data":{"job_id":"ebdc2a!47","alloc":"8-19 44-47"}}]}'
Received '{"now":18.565925,"events":[{"timestamp":18.565925,"type":"JOB_COMPLETED","data":{"job_id":"ebdc2a!112","job_state":"COMPLETED_SUCCESSFULLY","return_code":0,"kill_reason":"","alloc":"56-59"}}]}'
Sending '{"now":18.565925,"events":[]}'
Received '{"now":18.652194,"events":[{"timestamp":18.652194,"type":"JOB_SUBMITTED","data":{"job_id":"ebdc2a!115","job":{"id":"ebdc2a!115","profile":"FT.S.4","res":4,"subtime":18.644388,"walltime":4200}}}]}'
Sending '{"now":18.652194,"events":[{"timestamp":18.652194,"type":"EXECUTE_JOB","data":{"job_id":"ebdc2a!115","alloc":"56-59"}}]}'
Received '{"now":18.782919,"events":[{"timestamp":18.782919,"type":"JOB_COMPLETED","data":{"job_id":"ebdc2a!115","job_state":"COMPLETED_SUCCESSFULLY","return_code":0,"kill_reason":"","alloc":"56-59"}}]}'
Sending '{"now":18.782919,"events":[]}'
Received '{"now":18.871968,"events":[{"timestamp":18.871968,"type":"JOB_SUBMITTED","data":{"job_id":"ebdc2a!116","job":{"id":"ebdc2a!116","profile":"SP.S.16","res":16,"subtime":18.864162,"walltime":4200}}}]}'
Sending '{"now":18.871968,"events":[]}'
Received '{"now":18.893435,"events":[{"timestamp":18.893435,"type":"JOB_COMPLETED","data":{"job_id":"ebdc2a!39","job_state":"COMPLETED_SUCCESSFULLY","return_code":0,"kill_reason":"","alloc":"0-3 32-43"}}]}'
Sending '{"now":18.893435,"events":[{"timestamp":18.893435,"type":"EXECUTE_JOB","data":{"job_id":"ebdc2a!49","alloc":"0-3 32-43"}}]}'
Received '{"now":18.933421,"events":[{"timestamp":18.933421,"type":"JOB_COMPLETED","data":{"job_id":"ebdc2a!113","job_state":"COMPLETED_SUCCESSFULLY","return_code":0,"kill_reason":"","alloc":"48-51"}}]}'
Sending '{"now":18.933421,"events":[]}'
Received '{"now":19.089023,"events":[{"timestamp":19.089023,"type":"JOB_COMPLETED","data":{"job_id":"ebdc2a!88","job_state":"COMPLETED_SUCCESSFULLY","return_code":0,"kill_reason":"","alloc":"60-63"}}]}'
Sending '{"now":19.089023,"events":[]}'
Received '{"now":19.434514,"events":[{"timestamp":19.434514,"type":"JOB_SUBMITTED","data":{"job_id":"ebdc2a!117","job":{"id":"ebdc2a!117","profile":"SP.S.4","res":4,"subtime":19.426708,"walltime":4200}}}]}'
Sending '{"now":19.434514,"events":[]}'
Received '{"now":19.598675,"events":[{"timestamp":19.598675,"type":"JOB_COMPLETED","data":{"job_id":"ebdc2a!90","job_state":"COMPLETED_SUCCESSFULLY","return_code":0,"kill_reason":"","alloc":"52-55"}}]}'
Sending '{"now":19.598675,"events":[{"timestamp":19.598675,"type":"EXECUTE_JOB","data":{"job_id":"ebdc2a!50","alloc":"48-63"}}]}'
Received '{"now":19.934707,"events":[{"timestamp":19.934707,"type":"JOB_SUBMITTED","data":{"job_id":"ebdc2a!118","job":{"id":"ebdc2a!118","profile":"CG.S.16","res":16,"subtime":19.926901,"walltime":4200}}}]}'
Sending '{"now":19.934707,"events":[]}'
Received '{"now":19.971899,"events":[{"timestamp":19.971899,"type":"JOB_SUBMITTED","data":{"job_id":"ebdc2a!119","job":{"id":"ebdc2a!119","profile":"IS.S.16","res":16,"subtime":19.964093,"walltime":4200}}}]}'
Sending '{"now":19.971899,"events":[]}'
Received '{"now":20.396732,"events":[{"timestamp":20.396732,"type":"JOB_SUBMITTED","data":{"job_id":"ebdc2a!120","job":{"id":"ebdc2a!120","profile":"FT.S.16","res":16,"subtime":20.388926,"walltime":4200}}}]}'
Sending '{"now":20.396732,"events":[]}'
Received '{"now":21.638035,"events":[{"timestamp":21.638035,"type":"JOB_COMPLETED","data":{"job_id":"ebdc2a!50","job_state":"COMPLETED_SUCCESSFULLY","return_code":0,"kill_reason":"","alloc":"48-63"}}]}'
Sending '{"now":21.638035,"events":[{"timestamp":21.638035,"type":"EXECUTE_JOB","data":{"job_id":"ebdc2a!52","alloc":"48-63"}}]}'
Received '{"now":21.715513,"events":[{"timestamp":21.715513,"type":"JOB_COMPLETED","data":{"job_id":"ebdc2a!44","job_state":"COMPLETED_SUCCESSFULLY","return_code":0,"kill_reason":"","alloc":"4-7 20-31"}}]}'
Sending '{"now":21.715513,"events":[{"timestamp":21.715513,"type":"EXECUTE_JOB","data":{"job_id":"ebdc2a!54","alloc":"4-7 20-31"}}]}'
Received '{"now":21.893591,"events":[{"timestamp":21.893591,"type":"JOB_COMPLETED","data":{"job_id":"ebdc2a!49","job_state":"COMPLETED_SUCCESSFULLY","return_code":0,"kill_reason":"","alloc":"0-3 32-43"}}]}'
Sending '{"now":21.893591,"events":[{"timestamp":21.893591,"type":"EXECUTE_JOB","data":{"job_id":"ebdc2a!55","alloc":"0-3 32-43"}}]}'
Received '{"now":22.392043,"events":[{"timestamp":22.392043,"type":"JOB_COMPLETED","data":{"job_id":"ebdc2a!47","job_state":"COMPLETED_SUCCESSFULLY","return_code":0,"kill_reason":"","alloc":"8-19 44-47"}}]}'
Sending '{"now":22.392043,"events":[{"timestamp":22.392043,"type":"EXECUTE_JOB","data":{"job_id":"ebdc2a!57","alloc":"8-19 44-47"}}]}'
Received '{"now":22.673114,"events":[{"timestamp":22.673114,"type":"JOB_COMPLETED","data":{"job_id":"ebdc2a!54","job_state":"COMPLETED_SUCCESSFULLY","return_code":0,"kill_reason":"","alloc":"4-7 20-31"}}]}'
Sending '{"now":22.673114,"events":[{"timestamp":22.673114,"type":"EXECUTE_JOB","data":{"job_id":"ebdc2a!58","alloc":"4-7 20-31"}}]}'
Received '{"now":23.023254,"events":[{"timestamp":23.023254,"type":"JOB_COMPLETED","data":{"job_id":"ebdc2a!58","job_state":"COMPLETED_SUCCESSFULLY","return_code":0,"kill_reason":"","alloc":"4-7 20-31"}}]}'
Sending '{"now":23.023254,"events":[{"timestamp":23.023254,"type":"EXECUTE_JOB","data":{"job_id":"ebdc2a!60","alloc":"4-7 20-31"}}]}'
Received '{"now":23.199578,"events":[{"timestamp":23.199578,"type":"JOB_COMPLETED","data":{"job_id":"ebdc2a!60","job_state":"COMPLETED_SUCCESSFULLY","return_code":0,"kill_reason":"","alloc":"4-7 20-31"}}]}'
Sending '{"now":23.199578,"events":[{"timestamp":23.199578,"type":"EXECUTE_JOB","data":{"job_id":"ebdc2a!63","alloc":"4-7 20-31"}}]}'
Received '{"now":25.218323,"events":[{"timestamp":25.218323,"type":"JOB_COMPLETED","data":{"job_id":"ebdc2a!52","job_state":"COMPLETED_SUCCESSFULLY","return_code":0,"kill_reason":"","alloc":"48-63"}}]}'
Sending '{"now":25.218323,"events":[{"timestamp":25.218323,"type":"EXECUTE_JOB","data":{"job_id":"ebdc2a!64","alloc":"48-63"}}]}'
Received '{"now":25.749113,"events":[{"timestamp":25.749113,"type":"JOB_COMPLETED","data":{"job_id":"ebdc2a!55","job_state":"COMPLETED_SUCCESSFULLY","return_code":0,"kill_reason":"","alloc":"0-3 32-43"}}]}'
Sending '{"now":25.749113,"events":[{"timestamp":25.749113,"type":"EXECUTE_JOB","data":{"job_id":"ebdc2a!68","alloc":"0-3 32-43"}}]}'
Received '{"now":25.955971,"events":[{"timestamp":25.955971,"type":"JOB_COMPLETED","data":{"job_id":"ebdc2a!68","job_state":"COMPLETED_SUCCESSFULLY","return_code":0,"kill_reason":"","alloc":"0-3 32-43"}}]}'
Sending '{"now":25.955971,"events":[{"timestamp":25.955971,"type":"EXECUTE_JOB","data":{"job_id":"ebdc2a!71","alloc":"0-3 32-43"}}]}'
Received '{"now":26.505836,"events":[{"timestamp":26.505836,"type":"JOB_COMPLETED","data":{"job_id":"ebdc2a!57","job_state":"COMPLETED_SUCCESSFULLY","return_code":0,"kill_reason":"","alloc":"8-19 44-47"}}]}'
Sending '{"now":26.505836,"events":[{"timestamp":26.505836,"type":"EXECUTE_JOB","data":{"job_id":"ebdc2a!73","alloc":"8-19 44-47"}}]}'
Received '{"now":26.782005,"events":[{"timestamp":26.782005,"type":"JOB_COMPLETED","data":{"job_id":"ebdc2a!63","job_state":"COMPLETED_SUCCESSFULLY","return_code":0,"kill_reason":"","alloc":"4-7 20-31"}}]}'
Sending '{"now":26.782005,"events":[{"timestamp":26.782005,"type":"EXECUTE_JOB","data":{"job_id":"ebdc2a!75","alloc":"4-7 20-31"}}]}'
Received '{"now":27.739196,"events":[{"timestamp":27.739196,"type":"JOB_COMPLETED","data":{"job_id":"ebdc2a!75","job_state":"COMPLETED_SUCCESSFULLY","return_code":0,"kill_reason":"","alloc":"4-7 20-31"}}]}'
Sending '{"now":27.739196,"events":[{"timestamp":27.739196,"type":"EXECUTE_JOB","data":{"job_id":"ebdc2a!76","alloc":"4-7 20-31"}}]}'
Received '{"now":28.651961,"events":[{"timestamp":28.651961,"type":"JOB_COMPLETED","data":{"job_id":"ebdc2a!71","job_state":"COMPLETED_SUCCESSFULLY","return_code":0,"kill_reason":"","alloc":"0-3 32-43"}}]}'
Sending '{"now":28.651961,"events":[{"timestamp":28.651961,"type":"EXECUTE_JOB","data":{"job_id":"ebdc2a!77","alloc":"0-3 32-43"}}]}'
Received '{"now":28.797808,"events":[{"timestamp":28.797808,"type":"JOB_COMPLETED","data":{"job_id":"ebdc2a!64","job_state":"COMPLETED_SUCCESSFULLY","return_code":0,"kill_reason":"","alloc":"48-63"}}]}'
Sending '{"now":28.797808,"events":[{"timestamp":28.797808,"type":"EXECUTE_JOB","data":{"job_id":"ebdc2a!78","alloc":"48-63"}}]}'
Received '{"now":29.086889,"events":[{"timestamp":29.086889,"type":"JOB_COMPLETED","data":{"job_id":"ebdc2a!77","job_state":"COMPLETED_SUCCESSFULLY","return_code":0,"kill_reason":"","alloc":"0-3 32-43"}}]}'
Sending '{"now":29.086889,"events":[{"timestamp":29.086889,"type":"EXECUTE_JOB","data":{"job_id":"ebdc2a!80","alloc":"0-3 32-43"}}]}'
Received '{"now":29.544366,"events":[{"timestamp":29.544366,"type":"JOB_COMPLETED","data":{"job_id":"ebdc2a!78","job_state":"COMPLETED_SUCCESSFULLY","return_code":0,"kill_reason":"","alloc":"48-63"}}]}'
Sending '{"now":29.544366,"events":[{"timestamp":29.544366,"type":"EXECUTE_JOB","data":{"job_id":"ebdc2a!82","alloc":"48-63"}}]}'
Received '{"now":29.807035,"events":[{"timestamp":29.807035,"type":"JOB_COMPLETED","data":{"job_id":"ebdc2a!82","job_state":"COMPLETED_SUCCESSFULLY","return_code":0,"kill_reason":"","alloc":"48-63"}}]}'
Sending '{"now":29.807035,"events":[{"timestamp":29.807035,"type":"EXECUTE_JOB","data":{"job_id":"ebdc2a!87","alloc":"48-63"}}]}'
Received '{"now":30.069651,"events":[{"timestamp":30.069651,"type":"JOB_COMPLETED","data":{"job_id":"ebdc2a!87","job_state":"COMPLETED_SUCCESSFULLY","return_code":0,"kill_reason":"","alloc":"48-63"}}]}'
Sending '{"now":30.069651,"events":[{"timestamp":30.069651,"type":"EXECUTE_JOB","data":{"job_id":"ebdc2a!89","alloc":"48-63"}}]}'
Received '{"now":30.627737,"events":[{"timestamp":30.627737,"type":"JOB_COMPLETED","data":{"job_id":"ebdc2a!73","job_state":"COMPLETED_SUCCESSFULLY","return_code":0,"kill_reason":"","alloc":"8-19 44-47"}}]}'
Sending '{"now":30.627737,"events":[{"timestamp":30.627737,"type":"EXECUTE_JOB","data":{"job_id":"ebdc2a!91","alloc":"8-19 44-47"}}]}'
Received '{"now":31.321495,"events":[{"timestamp":31.321495,"type":"JOB_COMPLETED","data":{"job_id":"ebdc2a!76","job_state":"COMPLETED_SUCCESSFULLY","return_code":0,"kill_reason":"","alloc":"4-7 20-31"}}]}'
Sending '{"now":31.321495,"events":[{"timestamp":31.321495,"type":"EXECUTE_JOB","data":{"job_id":"ebdc2a!93","alloc":"4-7 20-31"}}]}'
Received '{"now":32.941784,"events":[{"timestamp":32.941784,"type":"JOB_COMPLETED","data":{"job_id":"ebdc2a!80","job_state":"COMPLETED_SUCCESSFULLY","return_code":0,"kill_reason":"","alloc":"0-3 32-43"}}]}'
Sending '{"now":32.941784,"events":[{"timestamp":32.941784,"type":"EXECUTE_JOB","data":{"job_id":"ebdc2a!94","alloc":"0-3 32-43"}}]}'
Received '{"now":33.648826,"events":[{"timestamp":33.648826,"type":"JOB_COMPLETED","data":{"job_id":"ebdc2a!89","job_state":"COMPLETED_SUCCESSFULLY","return_code":0,"kill_reason":"","alloc":"48-63"}}]}'
Sending '{"now":33.648826,"events":[{"timestamp":33.648826,"type":"EXECUTE_JOB","data":{"job_id":"ebdc2a!95","alloc":"48-63"}}]}'
Received '{"now":34.070865,"events":[{"timestamp":34.070865,"type":"JOB_COMPLETED","data":{"job_id":"ebdc2a!94","job_state":"COMPLETED_SUCCESSFULLY","return_code":0,"kill_reason":"","alloc":"0-3 32-43"}}]}'
Sending '{"now":34.070865,"events":[{"timestamp":34.070865,"type":"EXECUTE_JOB","data":{"job_id":"ebdc2a!97","alloc":"0-3 32-43"}}]}'
Received '{"now":34.828847,"events":[{"timestamp":34.828847,"type":"JOB_COMPLETED","data":{"job_id":"ebdc2a!91","job_state":"COMPLETED_SUCCESSFULLY","return_code":0,"kill_reason":"","alloc":"8-19 44-47"}}]}'
Sending '{"now":34.828847,"events":[{"timestamp":34.828847,"type":"EXECUTE_JOB","data":{"job_id":"ebdc2a!98","alloc":"8-19 44-47"}}]}'
Received '{"now":35.540790,"events":[{"timestamp":35.540790,"type":"JOB_COMPLETED","data":{"job_id":"ebdc2a!93","job_state":"COMPLETED_SUCCESSFULLY","return_code":0,"kill_reason":"","alloc":"4-7 20-31"}}]}'
Sending '{"now":35.54079,"events":[{"timestamp":35.54079,"type":"EXECUTE_JOB","data":{"job_id":"ebdc2a!99","alloc":"4-7 20-31"}}]}'
Received '{"now":35.685980,"events":[{"timestamp":35.685980,"type":"JOB_COMPLETED","data":{"job_id":"ebdc2a!95","job_state":"COMPLETED_SUCCESSFULLY","return_code":0,"kill_reason":"","alloc":"48-63"}}]}'
Sending '{"now":35.68598,"events":[{"timestamp":35.68598,"type":"EXECUTE_JOB","data":{"job_id":"ebdc2a!100","alloc":"48-63"}}]}'
Received '{"now":36.816469,"events":[{"timestamp":36.816469,"type":"JOB_COMPLETED","data":{"job_id":"ebdc2a!100","job_state":"COMPLETED_SUCCESSFULLY","return_code":0,"kill_reason":"","alloc":"48-63"}}]}'
Sending '{"now":36.816469,"events":[{"timestamp":36.816469,"type":"EXECUTE_JOB","data":{"job_id":"ebdc2a!101","alloc":"48-63"}}]}'
Received '{"now":37.068639,"events":[{"timestamp":37.068639,"type":"JOB_COMPLETED","data":{"job_id":"ebdc2a!97","job_state":"COMPLETED_SUCCESSFULLY","return_code":0,"kill_reason":"","alloc":"0-3 32-43"}}]}'
Sending '{"now":37.068639,"events":[{"timestamp":37.068639,"type":"EXECUTE_JOB","data":{"job_id":"ebdc2a!102","alloc":"0-3 32-43"}}]}'
Received '{"now":37.275508,"events":[{"timestamp":37.275508,"type":"JOB_COMPLETED","data":{"job_id":"ebdc2a!102","job_state":"COMPLETED_SUCCESSFULLY","return_code":0,"kill_reason":"","alloc":"0-3 32-43"}}]}'
Sending '{"now":37.275508,"events":[{"timestamp":37.275508,"type":"EXECUTE_JOB","data":{"job_id":"ebdc2a!103","alloc":"0-3 32-43"}}]}'
Received '{"now":38.854677,"events":[{"timestamp":38.854677,"type":"JOB_COMPLETED","data":{"job_id":"ebdc2a!101","job_state":"COMPLETED_SUCCESSFULLY","return_code":0,"kill_reason":"","alloc":"48-63"}}]}'
Sending '{"now":38.854677,"events":[{"timestamp":38.854677,"type":"EXECUTE_JOB","data":{"job_id":"ebdc2a!105","alloc":"48-63"}}]}'
Received '{"now":38.966112,"events":[{"timestamp":38.966112,"type":"JOB_COMPLETED","data":{"job_id":"ebdc2a!98","job_state":"COMPLETED_SUCCESSFULLY","return_code":0,"kill_reason":"","alloc":"8-19 44-47"}}]}'
Sending '{"now":38.966112,"events":[{"timestamp":38.966112,"type":"EXECUTE_JOB","data":{"job_id":"ebdc2a!106","alloc":"8-19 44-47"}}]}'
Received '{"now":39.123166,"events":[{"timestamp":39.123166,"type":"JOB_COMPLETED","data":{"job_id":"ebdc2a!99","job_state":"COMPLETED_SUCCESSFULLY","return_code":0,"kill_reason":"","alloc":"4-7 20-31"}}]}'
Sending '{"now":39.123166,"events":[{"timestamp":39.123166,"type":"EXECUTE_JOB","data":{"job_id":"ebdc2a!107","alloc":"4-7 20-31"}}]}'
Received '{"now":39.158660,"events":[{"timestamp":39.158660,"type":"JOB_COMPLETED","data":{"job_id":"ebdc2a!106","job_state":"COMPLETED_SUCCESSFULLY","return_code":0,"kill_reason":"","alloc":"8-19 44-47"}}]}'
Sending '{"now":39.15866,"events":[{"timestamp":39.15866,"type":"EXECUTE_JOB","data":{"job_id":"ebdc2a!108","alloc":"8-19 44-47"}}]}'
Received '{"now":39.473584,"events":[{"timestamp":39.473584,"type":"JOB_COMPLETED","data":{"job_id":"ebdc2a!107","job_state":"COMPLETED_SUCCESSFULLY","return_code":0,"kill_reason":"","alloc":"4-7 20-31"}}]}'
Sending '{"now":39.473584,"events":[{"timestamp":39.473584,"type":"EXECUTE_JOB","data":{"job_id":"ebdc2a!110","alloc":"4-7 20-31"}}]}'
Received '{"now":39.601683,"events":[{"timestamp":39.601683,"type":"JOB_COMPLETED","data":{"job_id":"ebdc2a!105","job_state":"COMPLETED_SUCCESSFULLY","return_code":0,"kill_reason":"","alloc":"48-63"}}]}'
Sending '{"now":39.601683,"events":[{"timestamp":39.601683,"type":"EXECUTE_JOB","data":{"job_id":"ebdc2a!111","alloc":"48-63"}}]}'
Received '{"now":41.131773,"events":[{"timestamp":41.131773,"type":"JOB_COMPLETED","data":{"job_id":"ebdc2a!103","job_state":"COMPLETED_SUCCESSFULLY","return_code":0,"kill_reason":"","alloc":"0-3 32-43"}}]}'
Sending '{"now":41.131773,"events":[{"timestamp":41.131773,"type":"EXECUTE_JOB","data":{"job_id":"ebdc2a!114","alloc":"0-3 32-43"}}]}'
Received '{"now":41.336342,"events":[{"timestamp":41.336342,"type":"JOB_COMPLETED","data":{"job_id":"ebdc2a!108","job_state":"COMPLETED_SUCCESSFULLY","return_code":0,"kill_reason":"","alloc":"8-19 44-47"}}]}'
Sending '{"now":41.336342,"events":[{"timestamp":41.336342,"type":"EXECUTE_JOB","data":{"job_id":"ebdc2a!116","alloc":"8-19 44-47"}}]}'
Received '{"now":41.566726,"events":[{"timestamp":41.566726,"type":"JOB_COMPLETED","data":{"job_id":"ebdc2a!114","job_state":"COMPLETED_SUCCESSFULLY","return_code":0,"kill_reason":"","alloc":"0-3 32-43"}}]}'
Sending '{"now":41.566726,"events":[{"timestamp":41.566726,"type":"EXECUTE_JOB","data":{"job_id":"ebdc2a!117","alloc":"0-3"}}]}'
Received '{"now":41.616933,"events":[{"timestamp":41.616933,"type":"JOB_COMPLETED","data":{"job_id":"ebdc2a!111","job_state":"COMPLETED_SUCCESSFULLY","return_code":0,"kill_reason":"","alloc":"48-63"}}]}'
Sending '{"now":41.616933,"events":[{"timestamp":41.616933,"type":"EXECUTE_JOB","data":{"job_id":"ebdc2a!118","alloc":"32-43 48-51"}}]}'
Received '{"now":42.448330,"events":[{"timestamp":42.448330,"type":"JOB_COMPLETED","data":{"job_id":"ebdc2a!117","job_state":"COMPLETED_SUCCESSFULLY","return_code":0,"kill_reason":"","alloc":"0-3"}}]}'
Sending '{"now":42.44833,"events":[{"timestamp":42.44833,"type":"EXECUTE_JOB","data":{"job_id":"ebdc2a!119","alloc":"0-3 52-63"}}]}'
Received '{"now":42.624984,"events":[{"timestamp":42.624984,"type":"JOB_COMPLETED","data":{"job_id":"ebdc2a!119","job_state":"COMPLETED_SUCCESSFULLY","return_code":0,"kill_reason":"","alloc":"0-3 52-63"}}]}'
Sending '{"now":42.624984,"events":[{"timestamp":42.624984,"type":"EXECUTE_JOB","data":{"job_id":"ebdc2a!120","alloc":"0-3 52-63"}}]}'
Received '{"now":42.966274,"events":[{"timestamp":42.966274,"type":"JOB_COMPLETED","data":{"job_id":"ebdc2a!120","job_state":"COMPLETED_SUCCESSFULLY","return_code":0,"kill_reason":"","alloc":"0-3 52-63"}}]}'
Sending '{"now":42.966274,"events":[]}'
Received '{"now":43.056455,"events":[{"timestamp":43.056455,"type":"JOB_COMPLETED","data":{"job_id":"ebdc2a!110","job_state":"COMPLETED_SUCCESSFULLY","return_code":0,"kill_reason":"","alloc":"4-7 20-31"}}]}'
Sending '{"now":43.056455,"events":[]}'
Received '{"now":45.198649,"events":[{"timestamp":45.198649,"type":"JOB_COMPLETED","data":{"job_id":"ebdc2a!118","job_state":"COMPLETED_SUCCESSFULLY","return_code":0,"kill_reason":"","alloc":"32-43 48-51"}}]}'
Sending '{"now":45.198649,"events":[]}'
Received '{"now":45.424295,"events":[{"timestamp":45.424295,"type":"JOB_COMPLETED","data":{"job_id":"ebdc2a!116","job_state":"COMPLETED_SUCCESSFULLY","return_code":0,"kill_reason":"","alloc":"8-19 44-47"}},{"timestamp":45.424295,"type":"SIMULATION_ENDS","data":{}}]}'
Sending '{"now":45.424295,"events":[]}'
