%EventDef PajeDefineContainerType 1
% Type string
% Alias string
% Name string
%EndEventDef

%EventDef PajeCreateContainer 2
% Time date 
% Type string  
% Alias string 
% Name string   
% Container string  
%EndEventDef

%EventDef PajeDestroyContainer 3
% Time date
% Name string 
% Type string
%EndEventDef

%EventDef PajeDefineStateType 4
% Alias string 
% Type string 
% Name string 
%EndEventDef

%EventDef PajeDefineEntityValue 5
% Alias string  
% Type string  
% Name string  
% Color color 
%EndEventDef

%EventDef PajeSetState 6
% Time date  
% Type string  
% Container string  
% Value string  
%EndEventDef 

%EventDef PajeDefineEventType 7
% Type string
% Alias string
% Name string
%EndEventDef

%EventDef PajeNewEvent 8
% Time date
% Type string
% Container string
% Value string
%EndEventDef

%EventDef PajeDefineVariableType 9
% Type string
% Alias string
% Name string
% Color string
%EndEventDef

%EventDef PajeSetVariable 10
% Time date
% Type string
% Container string
% Value double
%EndEventDef

# Container types creation
1 0 root_ct "Machines"
1 root_ct machine_ct "Machine"
1 0 scheduler_ct "Scheduler"
1 scheduler_ct killer_ct "Killer"

# Event types creation
7 killer_ct kk "Job kill"
7 machine_ct km "Job kill"

# Variable types creation
9 scheduler_ct vu_vt "Utilization" "0.0 0.5 0.0"

# Containers creation
2 0.000000 root_ct root "Machines" 0
2 0.000000 machine_ct m0 "node-0.simgrid.org" root
2 0.000000 machine_ct m1 "node-1.simgrid.org" root
2 0.000000 machine_ct m2 "node-2.simgrid.org" root
2 0.000000 machine_ct m3 "node-3.simgrid.org" root
2 0.000000 machine_ct m4 "node-4.simgrid.org" root
2 0.000000 machine_ct m5 "node-5.simgrid.org" root
2 0.000000 machine_ct m6 "node-6.simgrid.org" root
2 0.000000 machine_ct m7 "node-7.simgrid.org" root
2 0.000000 machine_ct m8 "node-8.simgrid.org" root
2 0.000000 machine_ct m9 "node-9.simgrid.org" root
2 0.000000 machine_ct m10 "node-10.simgrid.org" root
2 0.000000 machine_ct m11 "node-11.simgrid.org" root
2 0.000000 machine_ct m12 "node-12.simgrid.org" root
2 0.000000 machine_ct m13 "node-13.simgrid.org" root
2 0.000000 machine_ct m14 "node-14.simgrid.org" root
2 0.000000 machine_ct m15 "node-15.simgrid.org" root
2 0.000000 machine_ct m16 "node-16.simgrid.org" root
2 0.000000 machine_ct m17 "node-17.simgrid.org" root
2 0.000000 machine_ct m18 "node-18.simgrid.org" root
2 0.000000 machine_ct m19 "node-19.simgrid.org" root
2 0.000000 machine_ct m20 "node-20.simgrid.org" root
2 0.000000 machine_ct m21 "node-21.simgrid.org" root
2 0.000000 machine_ct m22 "node-22.simgrid.org" root
2 0.000000 machine_ct m23 "node-23.simgrid.org" root
2 0.000000 machine_ct m24 "node-24.simgrid.org" root
2 0.000000 machine_ct m25 "node-25.simgrid.org" root
2 0.000000 machine_ct m26 "node-26.simgrid.org" root
2 0.000000 machine_ct m27 "node-27.simgrid.org" root
2 0.000000 machine_ct m28 "node-28.simgrid.org" root
2 0.000000 machine_ct m29 "node-29.simgrid.org" root
2 0.000000 machine_ct m30 "node-30.simgrid.org" root
2 0.000000 machine_ct m31 "node-31.simgrid.org" root
2 0.000000 machine_ct m32 "node-32.simgrid.org" root
2 0.000000 machine_ct m33 "node-33.simgrid.org" root
2 0.000000 machine_ct m34 "node-34.simgrid.org" root
2 0.000000 machine_ct m35 "node-35.simgrid.org" root
2 0.000000 machine_ct m36 "node-36.simgrid.org" root
2 0.000000 machine_ct m37 "node-37.simgrid.org" root
2 0.000000 machine_ct m38 "node-38.simgrid.org" root
2 0.000000 machine_ct m39 "node-39.simgrid.org" root
2 0.000000 machine_ct m40 "node-40.simgrid.org" root
2 0.000000 machine_ct m41 "node-41.simgrid.org" root
2 0.000000 machine_ct m42 "node-42.simgrid.org" root
2 0.000000 machine_ct m43 "node-43.simgrid.org" root
2 0.000000 machine_ct m44 "node-44.simgrid.org" root
2 0.000000 machine_ct m45 "node-45.simgrid.org" root
2 0.000000 machine_ct m46 "node-46.simgrid.org" root
2 0.000000 machine_ct m47 "node-47.simgrid.org" root
2 0.000000 machine_ct m48 "node-48.simgrid.org" root
2 0.000000 machine_ct m49 "node-49.simgrid.org" root
2 0.000000 machine_ct m50 "node-50.simgrid.org" root
2 0.000000 machine_ct m51 "node-51.simgrid.org" root
2 0.000000 machine_ct m52 "node-52.simgrid.org" root
2 0.000000 machine_ct m53 "node-53.simgrid.org" root
2 0.000000 machine_ct m54 "node-54.simgrid.org" root
2 0.000000 machine_ct m55 "node-55.simgrid.org" root
2 0.000000 machine_ct m56 "node-56.simgrid.org" root
2 0.000000 machine_ct m57 "node-57.simgrid.org" root
2 0.000000 machine_ct m58 "node-58.simgrid.org" root
2 0.000000 machine_ct m59 "node-59.simgrid.org" root
2 0.000000 machine_ct m60 "node-60.simgrid.org" root
2 0.000000 machine_ct m61 "node-61.simgrid.org" root
2 0.000000 machine_ct m62 "node-62.simgrid.org" root
2 0.000000 machine_ct m63 "node-63.simgrid.org" root
2 0.000000 scheduler_ct sc "Scheduler" 0
2 0.000000 killer_ct k "Killer" sc

# States creation
4 machine_state machine_ct "Machine state"

# Creation of the different values the machine state can be
5 w machine_state "Waiting" "0.0 0.0 0.0"
5 l machine_state "Launching" "0.3 0.3 0.3"

# Begin of events
6 0.000000 machine_state m0 w
6 0.000000 machine_state m1 w
6 0.000000 machine_state m2 w
6 0.000000 machine_state m3 w
6 0.000000 machine_state m4 w
6 0.000000 machine_state m5 w
6 0.000000 machine_state m6 w
6 0.000000 machine_state m7 w
6 0.000000 machine_state m8 w
6 0.000000 machine_state m9 w
6 0.000000 machine_state m10 w
6 0.000000 machine_state m11 w
6 0.000000 machine_state m12 w
6 0.000000 machine_state m13 w
6 0.000000 machine_state m14 w
6 0.000000 machine_state m15 w
6 0.000000 machine_state m16 w
6 0.000000 machine_state m17 w
6 0.000000 machine_state m18 w
6 0.000000 machine_state m19 w
6 0.000000 machine_state m20 w
6 0.000000 machine_state m21 w
6 0.000000 machine_state m22 w
6 0.000000 machine_state m23 w
6 0.000000 machine_state m24 w
6 0.000000 machine_state m25 w
6 0.000000 machine_state m26 w
6 0.000000 machine_state m27 w
6 0.000000 machine_state m28 w
6 0.000000 machine_state m29 w
6 0.000000 machine_state m30 w
6 0.000000 machine_state m31 w
6 0.000000 machine_state m32 w
6 0.000000 machine_state m33 w
6 0.000000 machine_state m34 w
6 0.000000 machine_state m35 w
6 0.000000 machine_state m36 w
6 0.000000 machine_state m37 w
6 0.000000 machine_state m38 w
6 0.000000 machine_state m39 w
6 0.000000 machine_state m40 w
6 0.000000 machine_state m41 w
6 0.000000 machine_state m42 w
6 0.000000 machine_state m43 w
6 0.000000 machine_state m44 w
6 0.000000 machine_state m45 w
6 0.000000 machine_state m46 w
6 0.000000 machine_state m47 w
6 0.000000 machine_state m48 w
6 0.000000 machine_state m49 w
6 0.000000 machine_state m50 w
6 0.000000 machine_state m51 w
6 0.000000 machine_state m52 w
6 0.000000 machine_state m53 w
6 0.000000 machine_state m54 w
6 0.000000 machine_state m55 w
6 0.000000 machine_state m56 w
6 0.000000 machine_state m57 w
6 0.000000 machine_state m58 w
6 0.000000 machine_state m59 w
6 0.000000 machine_state m60 w
6 0.000000 machine_state m61 w
6 0.000000 machine_state m62 w
6 0.000000 machine_state m63 w
5 j4d0a44!1 machine_state "4d0a44!1" "0.000000 0.812500 1.000000"
6 0.133677 machine_state m0 j4d0a44!1
6 0.133677 machine_state m1 j4d0a44!1
6 0.133677 machine_state m2 j4d0a44!1
6 0.133677 machine_state m3 j4d0a44!1
5 j4d0a44!2 machine_state "4d0a44!2" "1.000000 0.000000 0.000000"
6 0.260329 machine_state m4 j4d0a44!2
6 0.260329 machine_state m5 j4d0a44!2
6 0.260329 machine_state m6 j4d0a44!2
6 0.260329 machine_state m7 j4d0a44!2
5 j4d0a44!3 machine_state "4d0a44!3" "1.000000 0.750000 0.000000"
6 0.838683 machine_state m8 j4d0a44!3
6 0.838683 machine_state m9 j4d0a44!3
6 0.838683 machine_state m10 j4d0a44!3
6 0.838683 machine_state m11 j4d0a44!3
5 j4d0a44!4 machine_state "4d0a44!4" "0.593750 0.000000 1.000000"
6 0.923849 machine_state m12 j4d0a44!4
6 0.923849 machine_state m13 j4d0a44!4
6 0.923849 machine_state m14 j4d0a44!4
6 0.923849 machine_state m15 j4d0a44!4
5 j4d0a44!5 machine_state "4d0a44!5" "0.000000 1.000000 0.062500"
6 0.939461 machine_state m16 j4d0a44!5
6 0.939461 machine_state m17 j4d0a44!5
6 0.939461 machine_state m18 j4d0a44!5
6 0.939461 machine_state m19 j4d0a44!5
6 0.939461 machine_state m20 j4d0a44!5
6 0.939461 machine_state m21 j4d0a44!5
6 0.939461 machine_state m22 j4d0a44!5
6 0.939461 machine_state m23 j4d0a44!5
6 0.939461 machine_state m24 j4d0a44!5
6 0.939461 machine_state m25 j4d0a44!5
6 0.939461 machine_state m26 j4d0a44!5
6 0.939461 machine_state m27 j4d0a44!5
6 0.939461 machine_state m28 j4d0a44!5
6 0.939461 machine_state m29 j4d0a44!5
6 0.939461 machine_state m30 j4d0a44!5
6 0.939461 machine_state m31 j4d0a44!5
6 1.081528 machine_state m12 w
6 1.081528 machine_state m13 w
6 1.081528 machine_state m14 w
6 1.081528 machine_state m15 w
6 1.376902 machine_state m8 w
6 1.376902 machine_state m9 w
6 1.376902 machine_state m10 w
6 1.376902 machine_state m11 w
6 1.433857 machine_state m4 w
6 1.433857 machine_state m5 w
6 1.433857 machine_state m6 w
6 1.433857 machine_state m7 w
5 j4d0a44!6 machine_state "4d0a44!6" "0.687500 0.000000 1.000000"
6 1.717518 machine_state m4 j4d0a44!6
6 1.717518 machine_state m5 j4d0a44!6
6 1.717518 machine_state m6 j4d0a44!6
6 1.717518 machine_state m7 j4d0a44!6
6 1.875212 machine_state m4 w
6 1.875212 machine_state m5 w
6 1.875212 machine_state m6 w
6 1.875212 machine_state m7 w
6 1.977637 machine_state m16 w
6 1.977637 machine_state m17 w
6 1.977637 machine_state m18 w
6 1.977637 machine_state m19 w
6 1.977637 machine_state m20 w
6 1.977637 machine_state m21 w
6 1.977637 machine_state m22 w
6 1.977637 machine_state m23 w
6 1.977637 machine_state m24 w
6 1.977637 machine_state m25 w
6 1.977637 machine_state m26 w
6 1.977637 machine_state m27 w
6 1.977637 machine_state m28 w
6 1.977637 machine_state m29 w
6 1.977637 machine_state m30 w
6 1.977637 machine_state m31 w
5 j4d0a44!7 machine_state "4d0a44!7" "0.968750 1.000000 0.000000"
6 2.487666 machine_state m4 j4d0a44!7
6 2.487666 machine_state m5 j4d0a44!7
6 2.487666 machine_state m6 j4d0a44!7
6 2.487666 machine_state m7 j4d0a44!7
6 2.529369 machine_state m0 w
6 2.529369 machine_state m1 w
6 2.529369 machine_state m2 w
6 2.529369 machine_state m3 w
5 j4d0a44!8 machine_state "4d0a44!8" "0.000000 1.000000 0.718750"
6 2.566448 machine_state m0 j4d0a44!8
6 2.566448 machine_state m1 j4d0a44!8
6 2.566448 machine_state m2 j4d0a44!8
6 2.566448 machine_state m3 j4d0a44!8
5 j4d0a44!9 machine_state "4d0a44!9" "0.593750 1.000000 0.000000"
6 2.794829 machine_state m8 j4d0a44!9
6 2.794829 machine_state m9 j4d0a44!9
6 2.794829 machine_state m10 j4d0a44!9
6 2.794829 machine_state m11 j4d0a44!9
6 2.898708 machine_state m8 w
6 2.898708 machine_state m9 w
6 2.898708 machine_state m10 w
6 2.898708 machine_state m11 w
5 j4d0a44!10 machine_state "4d0a44!10" "0.312500 0.000000 1.000000"
6 3.038440 machine_state m8 j4d0a44!10
6 3.038440 machine_state m9 j4d0a44!10
6 3.038440 machine_state m10 j4d0a44!10
6 3.038440 machine_state m11 j4d0a44!10
6 3.104743 machine_state m0 w
6 3.104743 machine_state m1 w
6 3.104743 machine_state m2 w
6 3.104743 machine_state m3 w
5 j4d0a44!11 machine_state "4d0a44!11" "1.000000 0.000000 0.093750"
6 3.550579 machine_state m12 j4d0a44!11
6 3.550579 machine_state m13 j4d0a44!11
6 3.550579 machine_state m14 j4d0a44!11
6 3.550579 machine_state m15 j4d0a44!11
6 3.550579 machine_state m16 j4d0a44!11
6 3.550579 machine_state m17 j4d0a44!11
6 3.550579 machine_state m18 j4d0a44!11
6 3.550579 machine_state m19 j4d0a44!11
6 3.550579 machine_state m20 j4d0a44!11
6 3.550579 machine_state m21 j4d0a44!11
6 3.550579 machine_state m22 j4d0a44!11
6 3.550579 machine_state m23 j4d0a44!11
6 3.550579 machine_state m24 j4d0a44!11
6 3.550579 machine_state m25 j4d0a44!11
6 3.550579 machine_state m26 j4d0a44!11
6 3.550579 machine_state m27 j4d0a44!11
6 3.588284 machine_state m4 w
6 3.588284 machine_state m5 w
6 3.588284 machine_state m6 w
6 3.588284 machine_state m7 w
5 j4d0a44!12 machine_state "4d0a44!12" "1.000000 0.000000 0.187500"
6 3.729975 machine_state m28 j4d0a44!12
6 3.729975 machine_state m29 j4d0a44!12
6 3.729975 machine_state m30 j4d0a44!12
6 3.729975 machine_state m31 j4d0a44!12
6 3.729975 machine_state m32 j4d0a44!12
6 3.729975 machine_state m33 j4d0a44!12
6 3.729975 machine_state m34 j4d0a44!12
6 3.729975 machine_state m35 j4d0a44!12
6 3.729975 machine_state m36 j4d0a44!12
6 3.729975 machine_state m37 j4d0a44!12
6 3.729975 machine_state m38 j4d0a44!12
6 3.729975 machine_state m39 j4d0a44!12
6 3.729975 machine_state m40 j4d0a44!12
6 3.729975 machine_state m41 j4d0a44!12
6 3.729975 machine_state m42 j4d0a44!12
6 3.729975 machine_state m43 j4d0a44!12
6 3.916857 machine_state m28 w
6 3.916857 machine_state m29 w
6 3.916857 machine_state m30 w
6 3.916857 machine_state m31 w
6 3.916857 machine_state m32 w
6 3.916857 machine_state m33 w
6 3.916857 machine_state m34 w
6 3.916857 machine_state m35 w
6 3.916857 machine_state m36 w
6 3.916857 machine_state m37 w
6 3.916857 machine_state m38 w
6 3.916857 machine_state m39 w
6 3.916857 machine_state m40 w
6 3.916857 machine_state m41 w
6 3.916857 machine_state m42 w
6 3.916857 machine_state m43 w
6 4.138721 machine_state m8 w
6 4.138721 machine_state m9 w
6 4.138721 machine_state m10 w
6 4.138721 machine_state m11 w
5 j4d0a44!13 machine_state "4d0a44!13" "1.000000 0.000000 0.937500"
6 4.655088 machine_state m28 j4d0a44!13
6 4.655088 machine_state m29 j4d0a44!13
6 4.655088 machine_state m30 j4d0a44!13
6 4.655088 machine_state m31 j4d0a44!13
6 4.655088 machine_state m32 j4d0a44!13
6 4.655088 machine_state m33 j4d0a44!13
6 4.655088 machine_state m34 j4d0a44!13
6 4.655088 machine_state m35 j4d0a44!13
6 4.655088 machine_state m36 j4d0a44!13
6 4.655088 machine_state m37 j4d0a44!13
6 4.655088 machine_state m38 j4d0a44!13
6 4.655088 machine_state m39 j4d0a44!13
6 4.655088 machine_state m40 j4d0a44!13
6 4.655088 machine_state m41 j4d0a44!13
6 4.655088 machine_state m42 j4d0a44!13
6 4.655088 machine_state m43 j4d0a44!13
5 j4d0a44!14 machine_state "4d0a44!14" "0.000000 0.156250 1.000000"
6 5.037591 machine_state m44 j4d0a44!14
6 5.037591 machine_state m45 j4d0a44!14
6 5.037591 machine_state m46 j4d0a44!14
6 5.037591 machine_state m47 j4d0a44!14
6 5.037591 machine_state m48 j4d0a44!14
6 5.037591 machine_state m49 j4d0a44!14
6 5.037591 machine_state m50 j4d0a44!14
6 5.037591 machine_state m51 j4d0a44!14
6 5.037591 machine_state m52 j4d0a44!14
6 5.037591 machine_state m53 j4d0a44!14
6 5.037591 machine_state m54 j4d0a44!14
6 5.037591 machine_state m55 j4d0a44!14
6 5.037591 machine_state m56 j4d0a44!14
6 5.037591 machine_state m57 j4d0a44!14
6 5.037591 machine_state m58 j4d0a44!14
6 5.037591 machine_state m59 j4d0a44!14
5 j4d0a44!20 machine_state "4d0a44!20" "0.000000 0.718750 1.000000"
6 5.904058 machine_state m60 j4d0a44!20
6 5.904058 machine_state m61 j4d0a44!20
6 5.904058 machine_state m62 j4d0a44!20
6 5.904058 machine_state m63 j4d0a44!20
6 6.247445 machine_state m44 w
6 6.247445 machine_state m45 w
6 6.247445 machine_state m46 w
6 6.247445 machine_state m47 w
6 6.247445 machine_state m48 w
6 6.247445 machine_state m49 w
6 6.247445 machine_state m50 w
6 6.247445 machine_state m51 w
6 6.247445 machine_state m52 w
6 6.247445 machine_state m53 w
6 6.247445 machine_state m54 w
6 6.247445 machine_state m55 w
6 6.247445 machine_state m56 w
6 6.247445 machine_state m57 w
6 6.247445 machine_state m58 w
6 6.247445 machine_state m59 w
5 j4d0a44!15 machine_state "4d0a44!15" "1.000000 0.000000 0.468750"
6 6.268918 machine_state m44 j4d0a44!15
6 6.268918 machine_state m45 j4d0a44!15
6 6.268918 machine_state m46 j4d0a44!15
6 6.268918 machine_state m47 j4d0a44!15
6 6.268918 machine_state m48 j4d0a44!15
6 6.268918 machine_state m49 j4d0a44!15
6 6.268918 machine_state m50 j4d0a44!15
6 6.268918 machine_state m51 j4d0a44!15
6 6.268918 machine_state m52 j4d0a44!15
6 6.268918 machine_state m53 j4d0a44!15
6 6.268918 machine_state m54 j4d0a44!15
6 6.268918 machine_state m55 j4d0a44!15
6 6.268918 machine_state m56 j4d0a44!15
6 6.268918 machine_state m57 j4d0a44!15
6 6.268918 machine_state m58 j4d0a44!15
6 6.268918 machine_state m59 j4d0a44!15
6 6.617761 machine_state m44 w
6 6.617761 machine_state m45 w
6 6.617761 machine_state m46 w
6 6.617761 machine_state m47 w
6 6.617761 machine_state m48 w
6 6.617761 machine_state m49 w
6 6.617761 machine_state m50 w
6 6.617761 machine_state m51 w
6 6.617761 machine_state m52 w
6 6.617761 machine_state m53 w
6 6.617761 machine_state m54 w
6 6.617761 machine_state m55 w
6 6.617761 machine_state m56 w
6 6.617761 machine_state m57 w
6 6.617761 machine_state m58 w
6 6.617761 machine_state m59 w
5 j4d0a44!16 machine_state "4d0a44!16" "0.000000 1.000000 0.812500"
6 6.639237 machine_state m44 j4d0a44!16
6 6.639237 machine_state m45 j4d0a44!16
6 6.639237 machine_state m46 j4d0a44!16
6 6.639237 machine_state m47 j4d0a44!16
6 6.639237 machine_state m48 j4d0a44!16
6 6.639237 machine_state m49 j4d0a44!16
6 6.639237 machine_state m50 j4d0a44!16
6 6.639237 machine_state m51 j4d0a44!16
6 6.639237 machine_state m52 j4d0a44!16
6 6.639237 machine_state m53 j4d0a44!16
6 6.639237 machine_state m54 j4d0a44!16
6 6.639237 machine_state m55 j4d0a44!16
6 6.639237 machine_state m56 j4d0a44!16
6 6.639237 machine_state m57 j4d0a44!16
6 6.639237 machine_state m58 j4d0a44!16
6 6.639237 machine_state m59 j4d0a44!16
6 6.988344 machine_state m44 w
6 6.988344 machine_state m45 w
6 6.988344 machine_state m46 w
6 6.988344 machine_state m47 w
6 6.988344 machine_state m48 w
6 6.988344 machine_state m49 w
6 6.988344 machine_state m50 w
6 6.988344 machine_state m51 w
6 6.988344 machine_state m52 w
6 6.988344 machine_state m53 w
6 6.988344 machine_state m54 w
6 6.988344 machine_state m55 w
6 6.988344 machine_state m56 w
6 6.988344 machine_state m57 w
6 6.988344 machine_state m58 w
6 6.988344 machine_state m59 w
6 7.003194 machine_state m60 w
6 7.003194 machine_state m61 w
6 7.003194 machine_state m62 w
6 7.003194 machine_state m63 w
5 j4d0a44!17 machine_state "4d0a44!17" "0.000000 0.906250 1.000000"
6 7.009821 machine_state m44 j4d0a44!17
6 7.009821 machine_state m45 j4d0a44!17
6 7.009821 machine_state m46 j4d0a44!17
6 7.009821 machine_state m47 j4d0a44!17
6 7.009821 machine_state m48 j4d0a44!17
6 7.009821 machine_state m49 j4d0a44!17
6 7.009821 machine_state m50 j4d0a44!17
6 7.009821 machine_state m51 j4d0a44!17
6 7.009821 machine_state m52 j4d0a44!17
6 7.009821 machine_state m53 j4d0a44!17
6 7.009821 machine_state m54 j4d0a44!17
6 7.009821 machine_state m55 j4d0a44!17
6 7.009821 machine_state m56 j4d0a44!17
6 7.009821 machine_state m57 j4d0a44!17
6 7.009821 machine_state m58 j4d0a44!17
6 7.009821 machine_state m59 j4d0a44!17
5 j4d0a44!21 machine_state "4d0a44!21" "0.218750 0.000000 1.000000"
6 7.039089 machine_state m60 j4d0a44!21
6 7.039089 machine_state m61 j4d0a44!21
6 7.039089 machine_state m62 j4d0a44!21
6 7.039089 machine_state m63 j4d0a44!21
6 7.358614 machine_state m44 w
6 7.358614 machine_state m45 w
6 7.358614 machine_state m46 w
6 7.358614 machine_state m47 w
6 7.358614 machine_state m48 w
6 7.358614 machine_state m49 w
6 7.358614 machine_state m50 w
6 7.358614 machine_state m51 w
6 7.358614 machine_state m52 w
6 7.358614 machine_state m53 w
6 7.358614 machine_state m54 w
6 7.358614 machine_state m55 w
6 7.358614 machine_state m56 w
6 7.358614 machine_state m57 w
6 7.358614 machine_state m58 w
6 7.358614 machine_state m59 w
5 j4d0a44!18 machine_state "4d0a44!18" "0.031250 1.000000 0.000000"
6 7.380091 machine_state m44 j4d0a44!18
6 7.380091 machine_state m45 j4d0a44!18
6 7.380091 machine_state m46 j4d0a44!18
6 7.380091 machine_state m47 j4d0a44!18
6 7.380091 machine_state m48 j4d0a44!18
6 7.380091 machine_state m49 j4d0a44!18
6 7.380091 machine_state m50 j4d0a44!18
6 7.380091 machine_state m51 j4d0a44!18
6 7.380091 machine_state m52 j4d0a44!18
6 7.380091 machine_state m53 j4d0a44!18
6 7.380091 machine_state m54 j4d0a44!18
6 7.380091 machine_state m55 j4d0a44!18
6 7.380091 machine_state m56 j4d0a44!18
6 7.380091 machine_state m57 j4d0a44!18
6 7.380091 machine_state m58 j4d0a44!18
6 7.380091 machine_state m59 j4d0a44!18
6 8.138284 machine_state m60 w
6 8.138284 machine_state m61 w
6 8.138284 machine_state m62 w
6 8.138284 machine_state m63 w
5 j4d0a44!22 machine_state "4d0a44!22" "0.000000 1.000000 0.906250"
6 8.159743 machine_state m60 j4d0a44!22
6 8.159743 machine_state m61 j4d0a44!22
6 8.159743 machine_state m62 j4d0a44!22
6 8.159743 machine_state m63 j4d0a44!22
6 10.185036 machine_state m12 w
6 10.185036 machine_state m13 w
6 10.185036 machine_state m14 w
6 10.185036 machine_state m15 w
6 10.185036 machine_state m16 w
6 10.185036 machine_state m17 w
6 10.185036 machine_state m18 w
6 10.185036 machine_state m19 w
6 10.185036 machine_state m20 w
6 10.185036 machine_state m21 w
6 10.185036 machine_state m22 w
6 10.185036 machine_state m23 w
6 10.185036 machine_state m24 w
6 10.185036 machine_state m25 w
6 10.185036 machine_state m26 w
6 10.185036 machine_state m27 w
5 j4d0a44!19 machine_state "4d0a44!19" "0.781250 1.000000 0.000000"
6 10.206498 machine_state m0 j4d0a44!19
6 10.206498 machine_state m1 j4d0a44!19
6 10.206498 machine_state m2 j4d0a44!19
6 10.206498 machine_state m3 j4d0a44!19
6 10.206498 machine_state m4 j4d0a44!19
6 10.206498 machine_state m5 j4d0a44!19
6 10.206498 machine_state m6 j4d0a44!19
6 10.206498 machine_state m7 j4d0a44!19
6 10.206498 machine_state m8 j4d0a44!19
6 10.206498 machine_state m9 j4d0a44!19
6 10.206498 machine_state m10 j4d0a44!19
6 10.206498 machine_state m11 j4d0a44!19
6 10.206498 machine_state m12 j4d0a44!19
6 10.206498 machine_state m13 j4d0a44!19
6 10.206498 machine_state m14 j4d0a44!19
6 10.206498 machine_state m15 j4d0a44!19
6 10.553256 machine_state m60 w
6 10.553256 machine_state m61 w
6 10.553256 machine_state m62 w
6 10.553256 machine_state m63 w
5 j4d0a44!24 machine_state "4d0a44!24" "0.218750 1.000000 0.000000"
6 10.574722 machine_state m60 j4d0a44!24
6 10.574722 machine_state m61 j4d0a44!24
6 10.574722 machine_state m62 j4d0a44!24
6 10.574722 machine_state m63 j4d0a44!24
6 11.243774 machine_state m0 w
6 11.243774 machine_state m1 w
6 11.243774 machine_state m2 w
6 11.243774 machine_state m3 w
6 11.243774 machine_state m4 w
6 11.243774 machine_state m5 w
6 11.243774 machine_state m6 w
6 11.243774 machine_state m7 w
6 11.243774 machine_state m8 w
6 11.243774 machine_state m9 w
6 11.243774 machine_state m10 w
6 11.243774 machine_state m11 w
6 11.243774 machine_state m12 w
6 11.243774 machine_state m13 w
6 11.243774 machine_state m14 w
6 11.243774 machine_state m15 w
6 11.258706 machine_state m28 w
6 11.258706 machine_state m29 w
6 11.258706 machine_state m30 w
6 11.258706 machine_state m31 w
6 11.258706 machine_state m32 w
6 11.258706 machine_state m33 w
6 11.258706 machine_state m34 w
6 11.258706 machine_state m35 w
6 11.258706 machine_state m36 w
6 11.258706 machine_state m37 w
6 11.258706 machine_state m38 w
6 11.258706 machine_state m39 w
6 11.258706 machine_state m40 w
6 11.258706 machine_state m41 w
6 11.258706 machine_state m42 w
6 11.258706 machine_state m43 w
5 j4d0a44!23 machine_state "4d0a44!23" "0.000000 1.000000 0.437500"
6 11.265240 machine_state m0 j4d0a44!23
6 11.265240 machine_state m1 j4d0a44!23
6 11.265240 machine_state m2 j4d0a44!23
6 11.265240 machine_state m3 j4d0a44!23
6 11.265240 machine_state m4 j4d0a44!23
6 11.265240 machine_state m5 j4d0a44!23
6 11.265240 machine_state m6 j4d0a44!23
6 11.265240 machine_state m7 j4d0a44!23
6 11.265240 machine_state m8 j4d0a44!23
6 11.265240 machine_state m9 j4d0a44!23
6 11.265240 machine_state m10 j4d0a44!23
6 11.265240 machine_state m11 j4d0a44!23
6 11.265240 machine_state m12 j4d0a44!23
6 11.265240 machine_state m13 j4d0a44!23
6 11.265240 machine_state m14 j4d0a44!23
6 11.265240 machine_state m15 j4d0a44!23
5 j4d0a44!25 machine_state "4d0a44!25" "0.687500 1.000000 0.000000"
6 11.294500 machine_state m16 j4d0a44!25
6 11.294500 machine_state m17 j4d0a44!25
6 11.294500 machine_state m18 j4d0a44!25
6 11.294500 machine_state m19 j4d0a44!25
6 11.294500 machine_state m20 j4d0a44!25
6 11.294500 machine_state m21 j4d0a44!25
6 11.294500 machine_state m22 j4d0a44!25
6 11.294500 machine_state m23 j4d0a44!25
6 11.294500 machine_state m24 j4d0a44!25
6 11.294500 machine_state m25 j4d0a44!25
6 11.294500 machine_state m26 j4d0a44!25
6 11.294500 machine_state m27 j4d0a44!25
6 11.294500 machine_state m28 j4d0a44!25
6 11.294500 machine_state m29 j4d0a44!25
6 11.294500 machine_state m30 j4d0a44!25
6 11.294500 machine_state m31 j4d0a44!25
6 11.458269 machine_state m16 w
6 11.458269 machine_state m17 w
6 11.458269 machine_state m18 w
6 11.458269 machine_state m19 w
6 11.458269 machine_state m20 w
6 11.458269 machine_state m21 w
6 11.458269 machine_state m22 w
6 11.458269 machine_state m23 w
6 11.458269 machine_state m24 w
6 11.458269 machine_state m25 w
6 11.458269 machine_state m26 w
6 11.458269 machine_state m27 w
6 11.458269 machine_state m28 w
6 11.458269 machine_state m29 w
6 11.458269 machine_state m30 w
6 11.458269 machine_state m31 w
5 j4d0a44!26 machine_state "4d0a44!26" "0.000000 1.000000 0.625000"
6 11.479746 machine_state m16 j4d0a44!26
6 11.479746 machine_state m17 j4d0a44!26
6 11.479746 machine_state m18 j4d0a44!26
6 11.479746 machine_state m19 j4d0a44!26
6 11.479746 machine_state m20 j4d0a44!26
6 11.479746 machine_state m21 j4d0a44!26
6 11.479746 machine_state m22 j4d0a44!26
6 11.479746 machine_state m23 j4d0a44!26
6 11.479746 machine_state m24 j4d0a44!26
6 11.479746 machine_state m25 j4d0a44!26
6 11.479746 machine_state m26 j4d0a44!26
6 11.479746 machine_state m27 j4d0a44!26
6 11.479746 machine_state m28 j4d0a44!26
6 11.479746 machine_state m29 j4d0a44!26
6 11.479746 machine_state m30 j4d0a44!26
6 11.479746 machine_state m31 j4d0a44!26
6 11.851595 machine_state m60 w
6 11.851595 machine_state m61 w
6 11.851595 machine_state m62 w
6 11.851595 machine_state m63 w
5 j4d0a44!28 machine_state "4d0a44!28" "0.000000 1.000000 0.531250"
6 11.873052 machine_state m60 j4d0a44!28
6 11.873052 machine_state m61 j4d0a44!28
6 11.873052 machine_state m62 j4d0a44!28
6 11.873052 machine_state m63 j4d0a44!28
6 12.031108 machine_state m60 w
6 12.031108 machine_state m61 w
6 12.031108 machine_state m62 w
6 12.031108 machine_state m63 w
5 j4d0a44!31 machine_state "4d0a44!31" "1.000000 0.937500 0.000000"
6 12.052568 machine_state m60 j4d0a44!31
6 12.052568 machine_state m61 j4d0a44!31
6 12.052568 machine_state m62 j4d0a44!31
6 12.052568 machine_state m63 j4d0a44!31
6 13.978724 machine_state m44 w
6 13.978724 machine_state m45 w
6 13.978724 machine_state m46 w
6 13.978724 machine_state m47 w
6 13.978724 machine_state m48 w
6 13.978724 machine_state m49 w
6 13.978724 machine_state m50 w
6 13.978724 machine_state m51 w
6 13.978724 machine_state m52 w
6 13.978724 machine_state m53 w
6 13.978724 machine_state m54 w
6 13.978724 machine_state m55 w
6 13.978724 machine_state m56 w
6 13.978724 machine_state m57 w
6 13.978724 machine_state m58 w
6 13.978724 machine_state m59 w
5 j4d0a44!27 machine_state "4d0a44!27" "1.000000 0.000000 0.562500"
6 14.000190 machine_state m32 j4d0a44!27
6 14.000190 machine_state m33 j4d0a44!27
6 14.000190 machine_state m34 j4d0a44!27
6 14.000190 machine_state m35 j4d0a44!27
6 14.000190 machine_state m36 j4d0a44!27
6 14.000190 machine_state m37 j4d0a44!27
6 14.000190 machine_state m38 j4d0a44!27
6 14.000190 machine_state m39 j4d0a44!27
6 14.000190 machine_state m40 j4d0a44!27
6 14.000190 machine_state m41 j4d0a44!27
6 14.000190 machine_state m42 j4d0a44!27
6 14.000190 machine_state m43 j4d0a44!27
6 14.000190 machine_state m44 j4d0a44!27
6 14.000190 machine_state m45 j4d0a44!27
6 14.000190 machine_state m46 j4d0a44!27
6 14.000190 machine_state m47 j4d0a44!27
5 j4d0a44!32 machine_state "4d0a44!32" "1.000000 0.000000 0.750000"
6 14.015802 machine_state m48 j4d0a44!32
6 14.015802 machine_state m49 j4d0a44!32
6 14.015802 machine_state m50 j4d0a44!32
6 14.015802 machine_state m51 j4d0a44!32
5 j4d0a44!35 machine_state "4d0a44!35" "0.000000 1.000000 1.000000"
6 14.023608 machine_state m52 j4d0a44!35
6 14.023608 machine_state m53 j4d0a44!35
6 14.023608 machine_state m54 j4d0a44!35
6 14.023608 machine_state m55 j4d0a44!35
5 j4d0a44!36 machine_state "4d0a44!36" "0.875000 1.000000 0.000000"
6 14.031414 machine_state m56 j4d0a44!36
6 14.031414 machine_state m57 j4d0a44!36
6 14.031414 machine_state m58 j4d0a44!36
6 14.031414 machine_state m59 j4d0a44!36
6 14.127474 machine_state m52 w
6 14.127474 machine_state m53 w
6 14.127474 machine_state m54 w
6 14.127474 machine_state m55 w
5 j4d0a44!37 machine_state "4d0a44!37" "0.968750 0.000000 1.000000"
6 14.148940 machine_state m52 j4d0a44!37
6 14.148940 machine_state m53 j4d0a44!37
6 14.148940 machine_state m54 j4d0a44!37
6 14.148940 machine_state m55 j4d0a44!37
6 14.173495 machine_state m48 w
6 14.173495 machine_state m49 w
6 14.173495 machine_state m50 w
6 14.173495 machine_state m51 w
5 j4d0a44!39 machine_state "4d0a44!39" "1.000000 0.093750 0.000000"
6 14.194972 machine_state m48 j4d0a44!39
6 14.194972 machine_state m49 j4d0a44!39
6 14.194972 machine_state m50 j4d0a44!39
6 14.194972 machine_state m51 j4d0a44!39
6 14.447553 machine_state m60 w
6 14.447553 machine_state m61 w
6 14.447553 machine_state m62 w
6 14.447553 machine_state m63 w
5 j4d0a44!40 machine_state "4d0a44!40" "1.000000 0.000000 0.656250"
6 14.469019 machine_state m60 j4d0a44!40
6 14.469019 machine_state m61 j4d0a44!40
6 14.469019 machine_state m62 j4d0a44!40
6 14.469019 machine_state m63 j4d0a44!40
6 14.569571 machine_state m56 w
6 14.569571 machine_state m57 w
6 14.569571 machine_state m58 w
6 14.569571 machine_state m59 w
6 14.572882 machine_state m60 w
6 14.572882 machine_state m61 w
6 14.572882 machine_state m62 w
6 14.572882 machine_state m63 w
5 j4d0a44!41 machine_state "4d0a44!41" "0.500000 0.000000 1.000000"
6 14.604698 machine_state m56 j4d0a44!41
6 14.604698 machine_state m57 j4d0a44!41
6 14.604698 machine_state m58 j4d0a44!41
6 14.604698 machine_state m59 j4d0a44!41
6 14.825236 machine_state m0 w
6 14.825236 machine_state m1 w
6 14.825236 machine_state m2 w
6 14.825236 machine_state m3 w
6 14.825236 machine_state m4 w
6 14.825236 machine_state m5 w
6 14.825236 machine_state m6 w
6 14.825236 machine_state m7 w
6 14.825236 machine_state m8 w
6 14.825236 machine_state m9 w
6 14.825236 machine_state m10 w
6 14.825236 machine_state m11 w
6 14.825236 machine_state m12 w
6 14.825236 machine_state m13 w
6 14.825236 machine_state m14 w
6 14.825236 machine_state m15 w
6 14.843852 machine_state m48 w
6 14.843852 machine_state m49 w
6 14.843852 machine_state m50 w
6 14.843852 machine_state m51 w
5 j4d0a44!29 machine_state "4d0a44!29" "1.000000 0.000000 0.843750"
6 14.846713 machine_state m0 j4d0a44!29
6 14.846713 machine_state m1 j4d0a44!29
6 14.846713 machine_state m2 j4d0a44!29
6 14.846713 machine_state m3 j4d0a44!29
6 14.846713 machine_state m4 j4d0a44!29
6 14.846713 machine_state m5 j4d0a44!29
6 14.846713 machine_state m6 j4d0a44!29
6 14.846713 machine_state m7 j4d0a44!29
6 14.846713 machine_state m8 j4d0a44!29
6 14.846713 machine_state m9 j4d0a44!29
6 14.846713 machine_state m10 j4d0a44!29
6 14.846713 machine_state m11 j4d0a44!29
6 14.846713 machine_state m12 j4d0a44!29
6 14.846713 machine_state m13 j4d0a44!29
6 14.846713 machine_state m14 j4d0a44!29
6 14.846713 machine_state m15 j4d0a44!29
6 15.038285 machine_state m32 w
6 15.038285 machine_state m33 w
6 15.038285 machine_state m34 w
6 15.038285 machine_state m35 w
6 15.038285 machine_state m36 w
6 15.038285 machine_state m37 w
6 15.038285 machine_state m38 w
6 15.038285 machine_state m39 w
6 15.038285 machine_state m40 w
6 15.038285 machine_state m41 w
6 15.038285 machine_state m42 w
6 15.038285 machine_state m43 w
6 15.038285 machine_state m44 w
6 15.038285 machine_state m45 w
6 15.038285 machine_state m46 w
6 15.038285 machine_state m47 w
5 j4d0a44!30 machine_state "4d0a44!30" "0.000000 1.000000 0.343750"
6 15.059751 machine_state m32 j4d0a44!30
6 15.059751 machine_state m33 j4d0a44!30
6 15.059751 machine_state m34 j4d0a44!30
6 15.059751 machine_state m35 j4d0a44!30
6 15.059751 machine_state m36 j4d0a44!30
6 15.059751 machine_state m37 j4d0a44!30
6 15.059751 machine_state m38 j4d0a44!30
6 15.059751 machine_state m39 j4d0a44!30
6 15.059751 machine_state m40 j4d0a44!30
6 15.059751 machine_state m41 j4d0a44!30
6 15.059751 machine_state m42 j4d0a44!30
6 15.059751 machine_state m43 j4d0a44!30
6 15.059751 machine_state m44 j4d0a44!30
6 15.059751 machine_state m45 j4d0a44!30
6 15.059751 machine_state m46 j4d0a44!30
6 15.059751 machine_state m47 j4d0a44!30
6 15.249546 machine_state m52 w
6 15.249546 machine_state m53 w
6 15.249546 machine_state m54 w
6 15.249546 machine_state m55 w
5 j4d0a44!44 machine_state "4d0a44!44" "0.000000 0.531250 1.000000"
6 15.370575 machine_state m48 j4d0a44!44
6 15.370575 machine_state m49 j4d0a44!44
6 15.370575 machine_state m50 j4d0a44!44
6 15.370575 machine_state m51 j4d0a44!44
6 15.705262 machine_state m56 w
6 15.705262 machine_state m57 w
6 15.705262 machine_state m58 w
6 15.705262 machine_state m59 w
5 j4d0a44!45 machine_state "4d0a44!45" "0.125000 0.000000 1.000000"
6 15.940589 machine_state m52 j4d0a44!45
6 15.940589 machine_state m53 j4d0a44!45
6 15.940589 machine_state m54 j4d0a44!45
6 15.940589 machine_state m55 j4d0a44!45
6 16.097838 machine_state m32 w
6 16.097838 machine_state m33 w
6 16.097838 machine_state m34 w
6 16.097838 machine_state m35 w
6 16.097838 machine_state m36 w
6 16.097838 machine_state m37 w
6 16.097838 machine_state m38 w
6 16.097838 machine_state m39 w
6 16.097838 machine_state m40 w
6 16.097838 machine_state m41 w
6 16.097838 machine_state m42 w
6 16.097838 machine_state m43 w
6 16.097838 machine_state m44 w
6 16.097838 machine_state m45 w
6 16.097838 machine_state m46 w
6 16.097838 machine_state m47 w
5 j4d0a44!33 machine_state "4d0a44!33" "1.000000 0.843750 0.000000"
6 16.127110 machine_state m32 j4d0a44!33
6 16.127110 machine_state m33 j4d0a44!33
6 16.127110 machine_state m34 j4d0a44!33
6 16.127110 machine_state m35 j4d0a44!33
6 16.127110 machine_state m36 j4d0a44!33
6 16.127110 machine_state m37 j4d0a44!33
6 16.127110 machine_state m38 j4d0a44!33
6 16.127110 machine_state m39 j4d0a44!33
6 16.127110 machine_state m40 j4d0a44!33
6 16.127110 machine_state m41 j4d0a44!33
6 16.127110 machine_state m42 j4d0a44!33
6 16.127110 machine_state m43 j4d0a44!33
6 16.127110 machine_state m44 j4d0a44!33
6 16.127110 machine_state m45 j4d0a44!33
6 16.127110 machine_state m46 j4d0a44!33
6 16.127110 machine_state m47 j4d0a44!33
6 16.544359 machine_state m48 w
6 16.544359 machine_state m49 w
6 16.544359 machine_state m50 w
6 16.544359 machine_state m51 w
5 j4d0a44!49 machine_state "4d0a44!49" "0.000000 0.437500 1.000000"
6 16.760514 machine_state m48 j4d0a44!49
6 16.760514 machine_state m49 j4d0a44!49
6 16.760514 machine_state m50 j4d0a44!49
6 16.760514 machine_state m51 j4d0a44!49
6 17.298730 machine_state m48 w
6 17.298730 machine_state m49 w
6 17.298730 machine_state m50 w
6 17.298730 machine_state m51 w
6 17.636130 machine_state m16 w
6 17.636130 machine_state m17 w
6 17.636130 machine_state m18 w
6 17.636130 machine_state m19 w
6 17.636130 machine_state m20 w
6 17.636130 machine_state m21 w
6 17.636130 machine_state m22 w
6 17.636130 machine_state m23 w
6 17.636130 machine_state m24 w
6 17.636130 machine_state m25 w
6 17.636130 machine_state m26 w
6 17.636130 machine_state m27 w
6 17.636130 machine_state m28 w
6 17.636130 machine_state m29 w
6 17.636130 machine_state m30 w
6 17.636130 machine_state m31 w
5 j4d0a44!34 machine_state "4d0a44!34" "0.781250 0.000000 1.000000"
6 17.657597 machine_state m16 j4d0a44!34
6 17.657597 machine_state m17 j4d0a44!34
6 17.657597 machine_state m18 j4d0a44!34
6 17.657597 machine_state m19 j4d0a44!34
6 17.657597 machine_state m20 j4d0a44!34
6 17.657597 machine_state m21 j4d0a44!34
6 17.657597 machine_state m22 j4d0a44!34
6 17.657597 machine_state m23 j4d0a44!34
6 17.657597 machine_state m24 j4d0a44!34
6 17.657597 machine_state m25 j4d0a44!34
6 17.657597 machine_state m26 j4d0a44!34
6 17.657597 machine_state m27 j4d0a44!34
6 17.657597 machine_state m28 j4d0a44!34
6 17.657597 machine_state m29 j4d0a44!34
6 17.657597 machine_state m30 j4d0a44!34
6 17.657597 machine_state m31 j4d0a44!34
5 j4d0a44!52 machine_state "4d0a44!52" "0.031250 0.000000 1.000000"
6 17.999561 machine_state m48 j4d0a44!52
6 17.999561 machine_state m49 j4d0a44!52
6 17.999561 machine_state m50 j4d0a44!52
6 17.999561 machine_state m51 j4d0a44!52
6 18.335489 machine_state m52 w
6 18.335489 machine_state m53 w
6 18.335489 machine_state m54 w
6 18.335489 machine_state m55 w
5 j4d0a44!58 machine_state "4d0a44!58" "1.000000 0.375000 0.000000"
6 18.935037 machine_state m52 j4d0a44!58
6 18.935037 machine_state m53 j4d0a44!58
6 18.935037 machine_state m54 j4d0a44!58
6 18.935037 machine_state m55 j4d0a44!58
6 19.099054 machine_state m48 w
6 19.099054 machine_state m49 w
6 19.099054 machine_state m50 w
6 19.099054 machine_state m51 w
6 19.273047 machine_state m32 w
6 19.273047 machine_state m33 w
6 19.273047 machine_state m34 w
6 19.273047 machine_state m35 w
6 19.273047 machine_state m36 w
6 19.273047 machine_state m37 w
6 19.273047 machine_state m38 w
6 19.273047 machine_state m39 w
6 19.273047 machine_state m40 w
6 19.273047 machine_state m41 w
6 19.273047 machine_state m42 w
6 19.273047 machine_state m43 w
6 19.273047 machine_state m44 w
6 19.273047 machine_state m45 w
6 19.273047 machine_state m46 w
6 19.273047 machine_state m47 w
5 j4d0a44!38 machine_state "4d0a44!38" "1.000000 0.187500 0.000000"
6 19.294513 machine_state m32 j4d0a44!38
6 19.294513 machine_state m33 j4d0a44!38
6 19.294513 machine_state m34 j4d0a44!38
6 19.294513 machine_state m35 j4d0a44!38
6 19.294513 machine_state m36 j4d0a44!38
6 19.294513 machine_state m37 j4d0a44!38
6 19.294513 machine_state m38 j4d0a44!38
6 19.294513 machine_state m39 j4d0a44!38
6 19.294513 machine_state m40 j4d0a44!38
6 19.294513 machine_state m41 j4d0a44!38
6 19.294513 machine_state m42 j4d0a44!38
6 19.294513 machine_state m43 j4d0a44!38
6 19.294513 machine_state m44 j4d0a44!38
6 19.294513 machine_state m45 j4d0a44!38
6 19.294513 machine_state m46 j4d0a44!38
6 19.294513 machine_state m47 j4d0a44!38
6 20.035001 machine_state m52 w
6 20.035001 machine_state m53 w
6 20.035001 machine_state m54 w
6 20.035001 machine_state m55 w
5 j4d0a44!42 machine_state "4d0a44!42" "0.875000 0.000000 1.000000"
6 20.056478 machine_state m48 j4d0a44!42
6 20.056478 machine_state m49 j4d0a44!42
6 20.056478 machine_state m50 j4d0a44!42
6 20.056478 machine_state m51 j4d0a44!42
6 20.056478 machine_state m52 j4d0a44!42
6 20.056478 machine_state m53 j4d0a44!42
6 20.056478 machine_state m54 j4d0a44!42
6 20.056478 machine_state m55 j4d0a44!42
6 20.056478 machine_state m56 j4d0a44!42
6 20.056478 machine_state m57 j4d0a44!42
6 20.056478 machine_state m58 j4d0a44!42
6 20.056478 machine_state m59 j4d0a44!42
6 20.056478 machine_state m60 j4d0a44!42
6 20.056478 machine_state m61 j4d0a44!42
6 20.056478 machine_state m62 j4d0a44!42
6 20.056478 machine_state m63 j4d0a44!42
6 21.002384 machine_state m0 w
6 21.002384 machine_state m1 w
6 21.002384 machine_state m2 w
6 21.002384 machine_state m3 w
6 21.002384 machine_state m4 w
6 21.002384 machine_state m5 w
6 21.002384 machine_state m6 w
6 21.002384 machine_state m7 w
6 21.002384 machine_state m8 w
6 21.002384 machine_state m9 w
6 21.002384 machine_state m10 w
6 21.002384 machine_state m11 w
6 21.002384 machine_state m12 w
6 21.002384 machine_state m13 w
6 21.002384 machine_state m14 w
6 21.002384 machine_state m15 w
5 j4d0a44!43 machine_state "4d0a44!43" "1.000000 0.468750 0.000000"
6 21.023850 machine_state m0 j4d0a44!43
6 21.023850 machine_state m1 j4d0a44!43
6 21.023850 machine_state m2 j4d0a44!43
6 21.023850 machine_state m3 j4d0a44!43
6 21.023850 machine_state m4 j4d0a44!43
6 21.023850 machine_state m5 j4d0a44!43
6 21.023850 machine_state m6 j4d0a44!43
6 21.023850 machine_state m7 j4d0a44!43
6 21.023850 machine_state m8 j4d0a44!43
6 21.023850 machine_state m9 j4d0a44!43
6 21.023850 machine_state m10 j4d0a44!43
6 21.023850 machine_state m11 j4d0a44!43
6 21.023850 machine_state m12 j4d0a44!43
6 21.023850 machine_state m13 j4d0a44!43
6 21.023850 machine_state m14 j4d0a44!43
6 21.023850 machine_state m15 j4d0a44!43
6 22.061303 machine_state m0 w
6 22.061303 machine_state m1 w
6 22.061303 machine_state m2 w
6 22.061303 machine_state m3 w
6 22.061303 machine_state m4 w
6 22.061303 machine_state m5 w
6 22.061303 machine_state m6 w
6 22.061303 machine_state m7 w
6 22.061303 machine_state m8 w
6 22.061303 machine_state m9 w
6 22.061303 machine_state m10 w
6 22.061303 machine_state m11 w
6 22.061303 machine_state m12 w
6 22.061303 machine_state m13 w
6 22.061303 machine_state m14 w
6 22.061303 machine_state m15 w
5 j4d0a44!46 machine_state "4d0a44!46" "0.000000 0.062500 1.000000"
6 22.082765 machine_state m0 j4d0a44!46
6 22.082765 machine_state m1 j4d0a44!46
6 22.082765 machine_state m2 j4d0a44!46
6 22.082765 machine_state m3 j4d0a44!46
6 22.082765 machine_state m4 j4d0a44!46
6 22.082765 machine_state m5 j4d0a44!46
6 22.082765 machine_state m6 j4d0a44!46
6 22.082765 machine_state m7 j4d0a44!46
6 22.082765 machine_state m8 j4d0a44!46
6 22.082765 machine_state m9 j4d0a44!46
6 22.082765 machine_state m10 j4d0a44!46
6 22.082765 machine_state m11 j4d0a44!46
6 22.082765 machine_state m12 j4d0a44!46
6 22.082765 machine_state m13 j4d0a44!46
6 22.082765 machine_state m14 j4d0a44!46
6 22.082765 machine_state m15 j4d0a44!46
6 22.853715 machine_state m32 w
6 22.853715 machine_state m33 w
6 22.853715 machine_state m34 w
6 22.853715 machine_state m35 w
6 22.853715 machine_state m36 w
6 22.853715 machine_state m37 w
6 22.853715 machine_state m38 w
6 22.853715 machine_state m39 w
6 22.853715 machine_state m40 w
6 22.853715 machine_state m41 w
6 22.853715 machine_state m42 w
6 22.853715 machine_state m43 w
6 22.853715 machine_state m44 w
6 22.853715 machine_state m45 w
6 22.853715 machine_state m46 w
6 22.853715 machine_state m47 w
5 j4d0a44!47 machine_state "4d0a44!47" "0.125000 1.000000 0.000000"
6 22.875181 machine_state m32 j4d0a44!47
6 22.875181 machine_state m33 j4d0a44!47
6 22.875181 machine_state m34 j4d0a44!47
6 22.875181 machine_state m35 j4d0a44!47
6 22.875181 machine_state m36 j4d0a44!47
6 22.875181 machine_state m37 j4d0a44!47
6 22.875181 machine_state m38 j4d0a44!47
6 22.875181 machine_state m39 j4d0a44!47
6 22.875181 machine_state m40 j4d0a44!47
6 22.875181 machine_state m41 j4d0a44!47
6 22.875181 machine_state m42 j4d0a44!47
6 22.875181 machine_state m43 j4d0a44!47
6 22.875181 machine_state m44 j4d0a44!47
6 22.875181 machine_state m45 j4d0a44!47
6 22.875181 machine_state m46 j4d0a44!47
6 22.875181 machine_state m47 j4d0a44!47
6 23.202694 machine_state m48 w
6 23.202694 machine_state m49 w
6 23.202694 machine_state m50 w
6 23.202694 machine_state m51 w
6 23.202694 machine_state m52 w
6 23.202694 machine_state m53 w
6 23.202694 machine_state m54 w
6 23.202694 machine_state m55 w
6 23.202694 machine_state m56 w
6 23.202694 machine_state m57 w
6 23.202694 machine_state m58 w
6 23.202694 machine_state m59 w
6 23.202694 machine_state m60 w
6 23.202694 machine_state m61 w
6 23.202694 machine_state m62 w
6 23.202694 machine_state m63 w
5 j4d0a44!48 machine_state "4d0a44!48" "0.000000 0.343750 1.000000"
6 23.224171 machine_state m48 j4d0a44!48
6 23.224171 machine_state m49 j4d0a44!48
6 23.224171 machine_state m50 j4d0a44!48
6 23.224171 machine_state m51 j4d0a44!48
6 23.224171 machine_state m52 j4d0a44!48
6 23.224171 machine_state m53 j4d0a44!48
6 23.224171 machine_state m54 j4d0a44!48
6 23.224171 machine_state m55 j4d0a44!48
6 23.224171 machine_state m56 j4d0a44!48
6 23.224171 machine_state m57 j4d0a44!48
6 23.224171 machine_state m58 j4d0a44!48
6 23.224171 machine_state m59 j4d0a44!48
6 23.224171 machine_state m60 j4d0a44!48
6 23.224171 machine_state m61 j4d0a44!48
6 23.224171 machine_state m62 j4d0a44!48
6 23.224171 machine_state m63 j4d0a44!48
6 23.471282 machine_state m16 w
6 23.471282 machine_state m17 w
6 23.471282 machine_state m18 w
6 23.471282 machine_state m19 w
6 23.471282 machine_state m20 w
6 23.471282 machine_state m21 w
6 23.471282 machine_state m22 w
6 23.471282 machine_state m23 w
6 23.471282 machine_state m24 w
6 23.471282 machine_state m25 w
6 23.471282 machine_state m26 w
6 23.471282 machine_state m27 w
6 23.471282 machine_state m28 w
6 23.471282 machine_state m29 w
6 23.471282 machine_state m30 w
6 23.471282 machine_state m31 w
5 j4d0a44!50 machine_state "4d0a44!50" "1.000000 0.656250 0.000000"
6 23.492759 machine_state m16 j4d0a44!50
6 23.492759 machine_state m17 j4d0a44!50
6 23.492759 machine_state m18 j4d0a44!50
6 23.492759 machine_state m19 j4d0a44!50
6 23.492759 machine_state m20 j4d0a44!50
6 23.492759 machine_state m21 j4d0a44!50
6 23.492759 machine_state m22 j4d0a44!50
6 23.492759 machine_state m23 j4d0a44!50
6 23.492759 machine_state m24 j4d0a44!50
6 23.492759 machine_state m25 j4d0a44!50
6 23.492759 machine_state m26 j4d0a44!50
6 23.492759 machine_state m27 j4d0a44!50
6 23.492759 machine_state m28 j4d0a44!50
6 23.492759 machine_state m29 j4d0a44!50
6 23.492759 machine_state m30 j4d0a44!50
6 23.492759 machine_state m31 j4d0a44!50
6 23.525959 machine_state m48 w
6 23.525959 machine_state m49 w
6 23.525959 machine_state m50 w
6 23.525959 machine_state m51 w
6 23.525959 machine_state m52 w
6 23.525959 machine_state m53 w
6 23.525959 machine_state m54 w
6 23.525959 machine_state m55 w
6 23.525959 machine_state m56 w
6 23.525959 machine_state m57 w
6 23.525959 machine_state m58 w
6 23.525959 machine_state m59 w
6 23.525959 machine_state m60 w
6 23.525959 machine_state m61 w
6 23.525959 machine_state m62 w
6 23.525959 machine_state m63 w
5 j4d0a44!51 machine_state "4d0a44!51" "1.000000 0.281250 0.000000"
6 23.547436 machine_state m48 j4d0a44!51
6 23.547436 machine_state m49 j4d0a44!51
6 23.547436 machine_state m50 j4d0a44!51
6 23.547436 machine_state m51 j4d0a44!51
6 23.547436 machine_state m52 j4d0a44!51
6 23.547436 machine_state m53 j4d0a44!51
6 23.547436 machine_state m54 j4d0a44!51
6 23.547436 machine_state m55 j4d0a44!51
6 23.547436 machine_state m56 j4d0a44!51
6 23.547436 machine_state m57 j4d0a44!51
6 23.547436 machine_state m58 j4d0a44!51
6 23.547436 machine_state m59 j4d0a44!51
6 23.547436 machine_state m60 j4d0a44!51
6 23.547436 machine_state m61 j4d0a44!51
6 23.547436 machine_state m62 j4d0a44!51
6 23.547436 machine_state m63 j4d0a44!51
6 25.642976 machine_state m0 w
6 25.642976 machine_state m1 w
6 25.642976 machine_state m2 w
6 25.642976 machine_state m3 w
6 25.642976 machine_state m4 w
6 25.642976 machine_state m5 w
6 25.642976 machine_state m6 w
6 25.642976 machine_state m7 w
6 25.642976 machine_state m8 w
6 25.642976 machine_state m9 w
6 25.642976 machine_state m10 w
6 25.642976 machine_state m11 w
6 25.642976 machine_state m12 w
6 25.642976 machine_state m13 w
6 25.642976 machine_state m14 w
6 25.642976 machine_state m15 w
5 j4d0a44!53 machine_state "4d0a44!53" "1.000000 0.000000 0.281250"
6 25.664452 machine_state m0 j4d0a44!53
6 25.664452 machine_state m1 j4d0a44!53
6 25.664452 machine_state m2 j4d0a44!53
6 25.664452 machine_state m3 j4d0a44!53
6 25.664452 machine_state m4 j4d0a44!53
6 25.664452 machine_state m5 j4d0a44!53
6 25.664452 machine_state m6 j4d0a44!53
6 25.664452 machine_state m7 j4d0a44!53
6 25.664452 machine_state m8 j4d0a44!53
6 25.664452 machine_state m9 j4d0a44!53
6 25.664452 machine_state m10 j4d0a44!53
6 25.664452 machine_state m11 j4d0a44!53
6 25.664452 machine_state m12 j4d0a44!53
6 25.664452 machine_state m13 j4d0a44!53
6 25.664452 machine_state m14 j4d0a44!53
6 25.664452 machine_state m15 j4d0a44!53
6 26.021297 machine_state m32 w
6 26.021297 machine_state m33 w
6 26.021297 machine_state m34 w
6 26.021297 machine_state m35 w
6 26.021297 machine_state m36 w
6 26.021297 machine_state m37 w
6 26.021297 machine_state m38 w
6 26.021297 machine_state m39 w
6 26.021297 machine_state m40 w
6 26.021297 machine_state m41 w
6 26.021297 machine_state m42 w
6 26.021297 machine_state m43 w
6 26.021297 machine_state m44 w
6 26.021297 machine_state m45 w
6 26.021297 machine_state m46 w
6 26.021297 machine_state m47 w
5 j4d0a44!54 machine_state "4d0a44!54" "0.000000 0.250000 1.000000"
6 26.042769 machine_state m32 j4d0a44!54
6 26.042769 machine_state m33 j4d0a44!54
6 26.042769 machine_state m34 j4d0a44!54
6 26.042769 machine_state m35 j4d0a44!54
6 26.042769 machine_state m36 j4d0a44!54
6 26.042769 machine_state m37 j4d0a44!54
6 26.042769 machine_state m38 j4d0a44!54
6 26.042769 machine_state m39 j4d0a44!54
6 26.042769 machine_state m40 j4d0a44!54
6 26.042769 machine_state m41 j4d0a44!54
6 26.042769 machine_state m42 j4d0a44!54
6 26.042769 machine_state m43 j4d0a44!54
6 26.042769 machine_state m44 j4d0a44!54
6 26.042769 machine_state m45 j4d0a44!54
6 26.042769 machine_state m46 j4d0a44!54
6 26.042769 machine_state m47 j4d0a44!54
6 26.693749 machine_state m48 w
6 26.693749 machine_state m49 w
6 26.693749 machine_state m50 w
6 26.693749 machine_state m51 w
6 26.693749 machine_state m52 w
6 26.693749 machine_state m53 w
6 26.693749 machine_state m54 w
6 26.693749 machine_state m55 w
6 26.693749 machine_state m56 w
6 26.693749 machine_state m57 w
6 26.693749 machine_state m58 w
6 26.693749 machine_state m59 w
6 26.693749 machine_state m60 w
6 26.693749 machine_state m61 w
6 26.693749 machine_state m62 w
6 26.693749 machine_state m63 w
5 j4d0a44!55 machine_state "4d0a44!55" "1.000000 0.562500 0.000000"
6 26.715215 machine_state m48 j4d0a44!55
6 26.715215 machine_state m49 j4d0a44!55
6 26.715215 machine_state m50 j4d0a44!55
6 26.715215 machine_state m51 j4d0a44!55
6 26.715215 machine_state m52 j4d0a44!55
6 26.715215 machine_state m53 j4d0a44!55
6 26.715215 machine_state m54 j4d0a44!55
6 26.715215 machine_state m55 j4d0a44!55
6 26.715215 machine_state m56 j4d0a44!55
6 26.715215 machine_state m57 j4d0a44!55
6 26.715215 machine_state m58 j4d0a44!55
6 26.715215 machine_state m59 j4d0a44!55
6 26.715215 machine_state m60 j4d0a44!55
6 26.715215 machine_state m61 j4d0a44!55
6 26.715215 machine_state m62 j4d0a44!55
6 26.715215 machine_state m63 j4d0a44!55
6 27.053617 machine_state m16 w
6 27.053617 machine_state m17 w
6 27.053617 machine_state m18 w
6 27.053617 machine_state m19 w
6 27.053617 machine_state m20 w
6 27.053617 machine_state m21 w
6 27.053617 machine_state m22 w
6 27.053617 machine_state m23 w
6 27.053617 machine_state m24 w
6 27.053617 machine_state m25 w
6 27.053617 machine_state m26 w
6 27.053617 machine_state m27 w
6 27.053617 machine_state m28 w
6 27.053617 machine_state m29 w
6 27.053617 machine_state m30 w
6 27.053617 machine_state m31 w
5 j4d0a44!56 machine_state "4d0a44!56" "0.312500 1.000000 0.000000"
6 27.075083 machine_state m16 j4d0a44!56
6 27.075083 machine_state m17 j4d0a44!56
6 27.075083 machine_state m18 j4d0a44!56
6 27.075083 machine_state m19 j4d0a44!56
6 27.075083 machine_state m20 j4d0a44!56
6 27.075083 machine_state m21 j4d0a44!56
6 27.075083 machine_state m22 j4d0a44!56
6 27.075083 machine_state m23 j4d0a44!56
6 27.075083 machine_state m24 j4d0a44!56
6 27.075083 machine_state m25 j4d0a44!56
6 27.075083 machine_state m26 j4d0a44!56
6 27.075083 machine_state m27 j4d0a44!56
6 27.075083 machine_state m28 j4d0a44!56
6 27.075083 machine_state m29 j4d0a44!56
6 27.075083 machine_state m30 j4d0a44!56
6 27.075083 machine_state m31 j4d0a44!56
6 27.753245 machine_state m48 w
6 27.753245 machine_state m49 w
6 27.753245 machine_state m50 w
6 27.753245 machine_state m51 w
6 27.753245 machine_state m52 w
6 27.753245 machine_state m53 w
6 27.753245 machine_state m54 w
6 27.753245 machine_state m55 w
6 27.753245 machine_state m56 w
6 27.753245 machine_state m57 w
6 27.753245 machine_state m58 w
6 27.753245 machine_state m59 w
6 27.753245 machine_state m60 w
6 27.753245 machine_state m61 w
6 27.753245 machine_state m62 w
6 27.753245 machine_state m63 w
5 j4d0a44!57 machine_state "4d0a44!57" "0.500000 1.000000 0.000000"
6 27.774711 machine_state m48 j4d0a44!57
6 27.774711 machine_state m49 j4d0a44!57
6 27.774711 machine_state m50 j4d0a44!57
6 27.774711 machine_state m51 j4d0a44!57
6 27.774711 machine_state m52 j4d0a44!57
6 27.774711 machine_state m53 j4d0a44!57
6 27.774711 machine_state m54 j4d0a44!57
6 27.774711 machine_state m55 j4d0a44!57
6 27.774711 machine_state m56 j4d0a44!57
6 27.774711 machine_state m57 j4d0a44!57
6 27.774711 machine_state m58 j4d0a44!57
6 27.774711 machine_state m59 j4d0a44!57
6 27.774711 machine_state m60 j4d0a44!57
6 27.774711 machine_state m61 j4d0a44!57
6 27.774711 machine_state m62 j4d0a44!57
6 27.774711 machine_state m63 j4d0a44!57
6 29.189005 machine_state m32 w
6 29.189005 machine_state m33 w
6 29.189005 machine_state m34 w
6 29.189005 machine_state m35 w
6 29.189005 machine_state m36 w
6 29.189005 machine_state m37 w
6 29.189005 machine_state m38 w
6 29.189005 machine_state m39 w
6 29.189005 machine_state m40 w
6 29.189005 machine_state m41 w
6 29.189005 machine_state m42 w
6 29.189005 machine_state m43 w
6 29.189005 machine_state m44 w
6 29.189005 machine_state m45 w
6 29.189005 machine_state m46 w
6 29.189005 machine_state m47 w
5 j4d0a44!59 machine_state "4d0a44!59" "1.000000 0.000000 0.375000"
6 29.210471 machine_state m32 j4d0a44!59
6 29.210471 machine_state m33 j4d0a44!59
6 29.210471 machine_state m34 j4d0a44!59
6 29.210471 machine_state m35 j4d0a44!59
6 29.210471 machine_state m36 j4d0a44!59
6 29.210471 machine_state m37 j4d0a44!59
6 29.210471 machine_state m38 j4d0a44!59
6 29.210471 machine_state m39 j4d0a44!59
6 29.210471 machine_state m40 j4d0a44!59
6 29.210471 machine_state m41 j4d0a44!59
6 29.210471 machine_state m42 j4d0a44!59
6 29.210471 machine_state m43 j4d0a44!59
6 29.210471 machine_state m44 j4d0a44!59
6 29.210471 machine_state m45 j4d0a44!59
6 29.210471 machine_state m46 j4d0a44!59
6 29.210471 machine_state m47 j4d0a44!59
6 29.224648 machine_state m0 w
6 29.224648 machine_state m1 w
6 29.224648 machine_state m2 w
6 29.224648 machine_state m3 w
6 29.224648 machine_state m4 w
6 29.224648 machine_state m5 w
6 29.224648 machine_state m6 w
6 29.224648 machine_state m7 w
6 29.224648 machine_state m8 w
6 29.224648 machine_state m9 w
6 29.224648 machine_state m10 w
6 29.224648 machine_state m11 w
6 29.224648 machine_state m12 w
6 29.224648 machine_state m13 w
6 29.224648 machine_state m14 w
6 29.224648 machine_state m15 w
5 j4d0a44!60 machine_state "4d0a44!60" "0.406250 1.000000 0.000000"
6 29.246125 machine_state m0 j4d0a44!60
6 29.246125 machine_state m1 j4d0a44!60
6 29.246125 machine_state m2 j4d0a44!60
6 29.246125 machine_state m3 j4d0a44!60
6 29.246125 machine_state m4 j4d0a44!60
6 29.246125 machine_state m5 j4d0a44!60
6 29.246125 machine_state m6 j4d0a44!60
6 29.246125 machine_state m7 j4d0a44!60
6 29.246125 machine_state m8 j4d0a44!60
6 29.246125 machine_state m9 j4d0a44!60
6 29.246125 machine_state m10 j4d0a44!60
6 29.246125 machine_state m11 j4d0a44!60
6 29.246125 machine_state m12 j4d0a44!60
6 29.246125 machine_state m13 j4d0a44!60
6 29.246125 machine_state m14 j4d0a44!60
6 29.246125 machine_state m15 j4d0a44!60
6 30.634014 machine_state m16 w
6 30.634014 machine_state m17 w
6 30.634014 machine_state m18 w
6 30.634014 machine_state m19 w
6 30.634014 machine_state m20 w
6 30.634014 machine_state m21 w
6 30.634014 machine_state m22 w
6 30.634014 machine_state m23 w
6 30.634014 machine_state m24 w
6 30.634014 machine_state m25 w
6 30.634014 machine_state m26 w
6 30.634014 machine_state m27 w
6 30.634014 machine_state m28 w
6 30.634014 machine_state m29 w
6 30.634014 machine_state m30 w
6 30.634014 machine_state m31 w
6 32.391791 machine_state m0 w
6 32.391791 machine_state m1 w
6 32.391791 machine_state m2 w
6 32.391791 machine_state m3 w
6 32.391791 machine_state m4 w
6 32.391791 machine_state m5 w
6 32.391791 machine_state m6 w
6 32.391791 machine_state m7 w
6 32.391791 machine_state m8 w
6 32.391791 machine_state m9 w
6 32.391791 machine_state m10 w
6 32.391791 machine_state m11 w
6 32.391791 machine_state m12 w
6 32.391791 machine_state m13 w
6 32.391791 machine_state m14 w
6 32.391791 machine_state m15 w
6 33.569396 machine_state m48 w
6 33.569396 machine_state m49 w
6 33.569396 machine_state m50 w
6 33.569396 machine_state m51 w
6 33.569396 machine_state m52 w
6 33.569396 machine_state m53 w
6 33.569396 machine_state m54 w
6 33.569396 machine_state m55 w
6 33.569396 machine_state m56 w
6 33.569396 machine_state m57 w
6 33.569396 machine_state m58 w
6 33.569396 machine_state m59 w
6 33.569396 machine_state m60 w
6 33.569396 machine_state m61 w
6 33.569396 machine_state m62 w
6 33.569396 machine_state m63 w
6 34.985788 machine_state m32 w
6 34.985788 machine_state m33 w
6 34.985788 machine_state m34 w
6 34.985788 machine_state m35 w
6 34.985788 machine_state m36 w
6 34.985788 machine_state m37 w
6 34.985788 machine_state m38 w
6 34.985788 machine_state m39 w
6 34.985788 machine_state m40 w
6 34.985788 machine_state m41 w
6 34.985788 machine_state m42 w
6 34.985788 machine_state m43 w
6 34.985788 machine_state m44 w
6 34.985788 machine_state m45 w
6 34.985788 machine_state m46 w
6 34.985788 machine_state m47 w

# End of events, containers destruction
3 35.007265 m0 machine_ct
3 35.007265 m1 machine_ct
3 35.007265 m2 machine_ct
3 35.007265 m3 machine_ct
3 35.007265 m4 machine_ct
3 35.007265 m5 machine_ct
3 35.007265 m6 machine_ct
3 35.007265 m7 machine_ct
3 35.007265 m8 machine_ct
3 35.007265 m9 machine_ct
3 35.007265 m10 machine_ct
3 35.007265 m11 machine_ct
3 35.007265 m12 machine_ct
3 35.007265 m13 machine_ct
3 35.007265 m14 machine_ct
3 35.007265 m15 machine_ct
3 35.007265 m16 machine_ct
3 35.007265 m17 machine_ct
3 35.007265 m18 machine_ct
3 35.007265 m19 machine_ct
3 35.007265 m20 machine_ct
3 35.007265 m21 machine_ct
3 35.007265 m22 machine_ct
3 35.007265 m23 machine_ct
3 35.007265 m24 machine_ct
3 35.007265 m25 machine_ct
3 35.007265 m26 machine_ct
3 35.007265 m27 machine_ct
3 35.007265 m28 machine_ct
3 35.007265 m29 machine_ct
3 35.007265 m30 machine_ct
3 35.007265 m31 machine_ct
3 35.007265 m32 machine_ct
3 35.007265 m33 machine_ct
3 35.007265 m34 machine_ct
3 35.007265 m35 machine_ct
3 35.007265 m36 machine_ct
3 35.007265 m37 machine_ct
3 35.007265 m38 machine_ct
3 35.007265 m39 machine_ct
3 35.007265 m40 machine_ct
3 35.007265 m41 machine_ct
3 35.007265 m42 machine_ct
3 35.007265 m43 machine_ct
3 35.007265 m44 machine_ct
3 35.007265 m45 machine_ct
3 35.007265 m46 machine_ct
3 35.007265 m47 machine_ct
3 35.007265 m48 machine_ct
3 35.007265 m49 machine_ct
3 35.007265 m50 machine_ct
3 35.007265 m51 machine_ct
3 35.007265 m52 machine_ct
3 35.007265 m53 machine_ct
3 35.007265 m54 machine_ct
3 35.007265 m55 machine_ct
3 35.007265 m56 machine_ct
3 35.007265 m57 machine_ct
3 35.007265 m58 machine_ct
3 35.007265 m59 machine_ct
3 35.007265 m60 machine_ct
3 35.007265 m61 machine_ct
3 35.007265 m62 machine_ct
3 35.007265 m63 machine_ct
3 35.007265 root root_ct
