%EventDef PajeDefineContainerType 1
% Type string
% Alias string
% Name string
%EndEventDef

%EventDef PajeCreateContainer 2
% Time date 
% Type string  
% Alias string 
% Name string   
% Container string  
%EndEventDef

%EventDef PajeDestroyContainer 3
% Time date
% Name string 
% Type string
%EndEventDef

%EventDef PajeDefineStateType 4
% Alias string 
% Type string 
% Name string 
%EndEventDef

%EventDef PajeDefineEntityValue 5
% Alias string  
% Type string  
% Name string  
% Color color 
%EndEventDef

%EventDef PajeSetState 6
% Time date  
% Type string  
% Container string  
% Value string  
%EndEventDef 

%EventDef PajeDefineEventType 7
% Type string
% Alias string
% Name string
%EndEventDef

%EventDef PajeNewEvent 8
% Time date
% Type string
% Container string
% Value string
%EndEventDef

%EventDef PajeDefineVariableType 9
% Type string
% Alias string
% Name string
% Color string
%EndEventDef

%EventDef PajeSetVariable 10
% Time date
% Type string
% Container string
% Value double
%EndEventDef

# Container types creation
1 0 root_ct "Machines"
1 root_ct machine_ct "Machine"
1 0 scheduler_ct "Scheduler"
1 scheduler_ct killer_ct "Killer"

# Event types creation
7 killer_ct kk "Job kill"
7 machine_ct km "Job kill"

# Variable types creation
9 scheduler_ct vu_vt "Utilization" "0.0 0.5 0.0"

# Containers creation
2 0.000000 root_ct root "Machines" 0
2 0.000000 machine_ct m0 "node-0.simgrid.org" root
2 0.000000 machine_ct m1 "node-1.simgrid.org" root
2 0.000000 machine_ct m2 "node-2.simgrid.org" root
2 0.000000 machine_ct m3 "node-3.simgrid.org" root
2 0.000000 machine_ct m4 "node-4.simgrid.org" root
2 0.000000 machine_ct m5 "node-5.simgrid.org" root
2 0.000000 machine_ct m6 "node-6.simgrid.org" root
2 0.000000 machine_ct m7 "node-7.simgrid.org" root
2 0.000000 machine_ct m8 "node-8.simgrid.org" root
2 0.000000 machine_ct m9 "node-9.simgrid.org" root
2 0.000000 machine_ct m10 "node-10.simgrid.org" root
2 0.000000 machine_ct m11 "node-11.simgrid.org" root
2 0.000000 machine_ct m12 "node-12.simgrid.org" root
2 0.000000 machine_ct m13 "node-13.simgrid.org" root
2 0.000000 machine_ct m14 "node-14.simgrid.org" root
2 0.000000 machine_ct m15 "node-15.simgrid.org" root
2 0.000000 machine_ct m16 "node-16.simgrid.org" root
2 0.000000 machine_ct m17 "node-17.simgrid.org" root
2 0.000000 machine_ct m18 "node-18.simgrid.org" root
2 0.000000 machine_ct m19 "node-19.simgrid.org" root
2 0.000000 machine_ct m20 "node-20.simgrid.org" root
2 0.000000 machine_ct m21 "node-21.simgrid.org" root
2 0.000000 machine_ct m22 "node-22.simgrid.org" root
2 0.000000 machine_ct m23 "node-23.simgrid.org" root
2 0.000000 machine_ct m24 "node-24.simgrid.org" root
2 0.000000 machine_ct m25 "node-25.simgrid.org" root
2 0.000000 machine_ct m26 "node-26.simgrid.org" root
2 0.000000 machine_ct m27 "node-27.simgrid.org" root
2 0.000000 machine_ct m28 "node-28.simgrid.org" root
2 0.000000 machine_ct m29 "node-29.simgrid.org" root
2 0.000000 machine_ct m30 "node-30.simgrid.org" root
2 0.000000 machine_ct m31 "node-31.simgrid.org" root
2 0.000000 machine_ct m32 "node-32.simgrid.org" root
2 0.000000 machine_ct m33 "node-33.simgrid.org" root
2 0.000000 machine_ct m34 "node-34.simgrid.org" root
2 0.000000 machine_ct m35 "node-35.simgrid.org" root
2 0.000000 machine_ct m36 "node-36.simgrid.org" root
2 0.000000 machine_ct m37 "node-37.simgrid.org" root
2 0.000000 machine_ct m38 "node-38.simgrid.org" root
2 0.000000 machine_ct m39 "node-39.simgrid.org" root
2 0.000000 machine_ct m40 "node-40.simgrid.org" root
2 0.000000 machine_ct m41 "node-41.simgrid.org" root
2 0.000000 machine_ct m42 "node-42.simgrid.org" root
2 0.000000 machine_ct m43 "node-43.simgrid.org" root
2 0.000000 machine_ct m44 "node-44.simgrid.org" root
2 0.000000 machine_ct m45 "node-45.simgrid.org" root
2 0.000000 machine_ct m46 "node-46.simgrid.org" root
2 0.000000 machine_ct m47 "node-47.simgrid.org" root
2 0.000000 machine_ct m48 "node-48.simgrid.org" root
2 0.000000 machine_ct m49 "node-49.simgrid.org" root
2 0.000000 machine_ct m50 "node-50.simgrid.org" root
2 0.000000 machine_ct m51 "node-51.simgrid.org" root
2 0.000000 machine_ct m52 "node-52.simgrid.org" root
2 0.000000 machine_ct m53 "node-53.simgrid.org" root
2 0.000000 machine_ct m54 "node-54.simgrid.org" root
2 0.000000 machine_ct m55 "node-55.simgrid.org" root
2 0.000000 machine_ct m56 "node-56.simgrid.org" root
2 0.000000 machine_ct m57 "node-57.simgrid.org" root
2 0.000000 machine_ct m58 "node-58.simgrid.org" root
2 0.000000 machine_ct m59 "node-59.simgrid.org" root
2 0.000000 machine_ct m60 "node-60.simgrid.org" root
2 0.000000 machine_ct m61 "node-61.simgrid.org" root
2 0.000000 machine_ct m62 "node-62.simgrid.org" root
2 0.000000 machine_ct m63 "node-63.simgrid.org" root
2 0.000000 scheduler_ct sc "Scheduler" 0
2 0.000000 killer_ct k "Killer" sc

# States creation
4 machine_state machine_ct "Machine state"

# Creation of the different values the machine state can be
5 w machine_state "Waiting" "0.0 0.0 0.0"
5 l machine_state "Launching" "0.3 0.3 0.3"

# Begin of events
6 0.000000 machine_state m0 w
6 0.000000 machine_state m1 w
6 0.000000 machine_state m2 w
6 0.000000 machine_state m3 w
6 0.000000 machine_state m4 w
6 0.000000 machine_state m5 w
6 0.000000 machine_state m6 w
6 0.000000 machine_state m7 w
6 0.000000 machine_state m8 w
6 0.000000 machine_state m9 w
6 0.000000 machine_state m10 w
6 0.000000 machine_state m11 w
6 0.000000 machine_state m12 w
6 0.000000 machine_state m13 w
6 0.000000 machine_state m14 w
6 0.000000 machine_state m15 w
6 0.000000 machine_state m16 w
6 0.000000 machine_state m17 w
6 0.000000 machine_state m18 w
6 0.000000 machine_state m19 w
6 0.000000 machine_state m20 w
6 0.000000 machine_state m21 w
6 0.000000 machine_state m22 w
6 0.000000 machine_state m23 w
6 0.000000 machine_state m24 w
6 0.000000 machine_state m25 w
6 0.000000 machine_state m26 w
6 0.000000 machine_state m27 w
6 0.000000 machine_state m28 w
6 0.000000 machine_state m29 w
6 0.000000 machine_state m30 w
6 0.000000 machine_state m31 w
6 0.000000 machine_state m32 w
6 0.000000 machine_state m33 w
6 0.000000 machine_state m34 w
6 0.000000 machine_state m35 w
6 0.000000 machine_state m36 w
6 0.000000 machine_state m37 w
6 0.000000 machine_state m38 w
6 0.000000 machine_state m39 w
6 0.000000 machine_state m40 w
6 0.000000 machine_state m41 w
6 0.000000 machine_state m42 w
6 0.000000 machine_state m43 w
6 0.000000 machine_state m44 w
6 0.000000 machine_state m45 w
6 0.000000 machine_state m46 w
6 0.000000 machine_state m47 w
6 0.000000 machine_state m48 w
6 0.000000 machine_state m49 w
6 0.000000 machine_state m50 w
6 0.000000 machine_state m51 w
6 0.000000 machine_state m52 w
6 0.000000 machine_state m53 w
6 0.000000 machine_state m54 w
6 0.000000 machine_state m55 w
6 0.000000 machine_state m56 w
6 0.000000 machine_state m57 w
6 0.000000 machine_state m58 w
6 0.000000 machine_state m59 w
6 0.000000 machine_state m60 w
6 0.000000 machine_state m61 w
6 0.000000 machine_state m62 w
6 0.000000 machine_state m63 w
5 j260d41!1 machine_state "260d41!1" "0.000000 0.812500 1.000000"
6 0.584362 machine_state m0 j260d41!1
6 0.584362 machine_state m1 j260d41!1
6 0.584362 machine_state m2 j260d41!1
6 0.584362 machine_state m3 j260d41!1
6 0.584362 machine_state m4 j260d41!1
6 0.584362 machine_state m5 j260d41!1
6 0.584362 machine_state m6 j260d41!1
6 0.584362 machine_state m7 j260d41!1
6 0.584362 machine_state m8 j260d41!1
6 0.584362 machine_state m9 j260d41!1
6 0.584362 machine_state m10 j260d41!1
6 0.584362 machine_state m11 j260d41!1
6 0.584362 machine_state m12 j260d41!1
6 0.584362 machine_state m13 j260d41!1
6 0.584362 machine_state m14 j260d41!1
6 0.584362 machine_state m15 j260d41!1
5 j260d41!2 machine_state "260d41!2" "1.000000 0.000000 0.000000"
6 0.599974 machine_state m16 j260d41!2
6 0.599974 machine_state m17 j260d41!2
6 0.599974 machine_state m18 j260d41!2
6 0.599974 machine_state m19 j260d41!2
6 0.748247 machine_state m0 w
6 0.748247 machine_state m1 w
6 0.748247 machine_state m2 w
6 0.748247 machine_state m3 w
6 0.748247 machine_state m4 w
6 0.748247 machine_state m5 w
6 0.748247 machine_state m6 w
6 0.748247 machine_state m7 w
6 0.748247 machine_state m8 w
6 0.748247 machine_state m9 w
6 0.748247 machine_state m10 w
6 0.748247 machine_state m11 w
6 0.748247 machine_state m12 w
6 0.748247 machine_state m13 w
6 0.748247 machine_state m14 w
6 0.748247 machine_state m15 w
6 0.757644 machine_state m16 w
6 0.757644 machine_state m17 w
6 0.757644 machine_state m18 w
6 0.757644 machine_state m19 w
5 j260d41!3 machine_state "260d41!3" "1.000000 0.750000 0.000000"
6 0.806792 machine_state m0 j260d41!3
6 0.806792 machine_state m1 j260d41!3
6 0.806792 machine_state m2 j260d41!3
6 0.806792 machine_state m3 j260d41!3
6 0.806792 machine_state m4 j260d41!3
6 0.806792 machine_state m5 j260d41!3
6 0.806792 machine_state m6 j260d41!3
6 0.806792 machine_state m7 j260d41!3
6 0.806792 machine_state m8 j260d41!3
6 0.806792 machine_state m9 j260d41!3
6 0.806792 machine_state m10 j260d41!3
6 0.806792 machine_state m11 j260d41!3
6 0.806792 machine_state m12 j260d41!3
6 0.806792 machine_state m13 j260d41!3
6 0.806792 machine_state m14 j260d41!3
6 0.806792 machine_state m15 j260d41!3
6 0.970675 machine_state m0 w
6 0.970675 machine_state m1 w
6 0.970675 machine_state m2 w
6 0.970675 machine_state m3 w
6 0.970675 machine_state m4 w
6 0.970675 machine_state m5 w
6 0.970675 machine_state m6 w
6 0.970675 machine_state m7 w
6 0.970675 machine_state m8 w
6 0.970675 machine_state m9 w
6 0.970675 machine_state m10 w
6 0.970675 machine_state m11 w
6 0.970675 machine_state m12 w
6 0.970675 machine_state m13 w
6 0.970675 machine_state m14 w
6 0.970675 machine_state m15 w
5 j260d41!4 machine_state "260d41!4" "0.593750 0.000000 1.000000"
6 1.007754 machine_state m0 j260d41!4
6 1.007754 machine_state m1 j260d41!4
6 1.007754 machine_state m2 j260d41!4
6 1.007754 machine_state m3 j260d41!4
6 1.007754 machine_state m4 j260d41!4
6 1.007754 machine_state m5 j260d41!4
6 1.007754 machine_state m6 j260d41!4
6 1.007754 machine_state m7 j260d41!4
6 1.007754 machine_state m8 j260d41!4
6 1.007754 machine_state m9 j260d41!4
6 1.007754 machine_state m10 j260d41!4
6 1.007754 machine_state m11 j260d41!4
6 1.007754 machine_state m12 j260d41!4
6 1.007754 machine_state m13 j260d41!4
6 1.007754 machine_state m14 j260d41!4
6 1.007754 machine_state m15 j260d41!4
5 j260d41!5 machine_state "260d41!5" "0.000000 1.000000 0.062500"
6 1.220024 machine_state m16 j260d41!5
6 1.220024 machine_state m17 j260d41!5
6 1.220024 machine_state m18 j260d41!5
6 1.220024 machine_state m19 j260d41!5
6 1.377689 machine_state m16 w
6 1.377689 machine_state m17 w
6 1.377689 machine_state m18 w
6 1.377689 machine_state m19 w
5 j260d41!6 machine_state "260d41!6" "0.687500 0.000000 1.000000"
6 2.330071 machine_state m16 j260d41!6
6 2.330071 machine_state m17 j260d41!6
6 2.330071 machine_state m18 j260d41!6
6 2.330071 machine_state m19 j260d41!6
6 2.433895 machine_state m16 w
6 2.433895 machine_state m17 w
6 2.433895 machine_state m18 w
6 2.433895 machine_state m19 w
5 j260d41!7 machine_state "260d41!7" "0.968750 1.000000 0.000000"
6 2.886601 machine_state m16 j260d41!7
6 2.886601 machine_state m17 j260d41!7
6 2.886601 machine_state m18 j260d41!7
6 2.886601 machine_state m19 j260d41!7
6 2.886601 machine_state m20 j260d41!7
6 2.886601 machine_state m21 j260d41!7
6 2.886601 machine_state m22 j260d41!7
6 2.886601 machine_state m23 j260d41!7
6 2.886601 machine_state m24 j260d41!7
6 2.886601 machine_state m25 j260d41!7
6 2.886601 machine_state m26 j260d41!7
6 2.886601 machine_state m27 j260d41!7
6 2.886601 machine_state m28 j260d41!7
6 2.886601 machine_state m29 j260d41!7
6 2.886601 machine_state m30 j260d41!7
6 2.886601 machine_state m31 j260d41!7
5 j260d41!8 machine_state "260d41!8" "0.000000 1.000000 0.718750"
6 3.160088 machine_state m32 j260d41!8
6 3.160088 machine_state m33 j260d41!8
6 3.160088 machine_state m34 j260d41!8
6 3.160088 machine_state m35 j260d41!8
6 3.924242 machine_state m16 w
6 3.924242 machine_state m17 w
6 3.924242 machine_state m18 w
6 3.924242 machine_state m19 w
6 3.924242 machine_state m20 w
6 3.924242 machine_state m21 w
6 3.924242 machine_state m22 w
6 3.924242 machine_state m23 w
6 3.924242 machine_state m24 w
6 3.924242 machine_state m25 w
6 3.924242 machine_state m26 w
6 3.924242 machine_state m27 w
6 3.924242 machine_state m28 w
6 3.924242 machine_state m29 w
6 3.924242 machine_state m30 w
6 3.924242 machine_state m31 w
6 4.260148 machine_state m32 w
6 4.260148 machine_state m33 w
6 4.260148 machine_state m34 w
6 4.260148 machine_state m35 w
5 j260d41!9 machine_state "260d41!9" "0.593750 1.000000 0.000000"
6 4.497438 machine_state m16 j260d41!9
6 4.497438 machine_state m17 j260d41!9
6 4.497438 machine_state m18 j260d41!9
6 4.497438 machine_state m19 j260d41!9
5 j260d41!10 machine_state "260d41!10" "0.312500 0.000000 1.000000"
6 4.526397 machine_state m20 j260d41!10
6 4.526397 machine_state m21 j260d41!10
6 4.526397 machine_state m22 j260d41!10
6 4.526397 machine_state m23 j260d41!10
5 j260d41!11 machine_state "260d41!11" "1.000000 0.000000 0.093750"
6 4.550700 machine_state m24 j260d41!11
6 4.550700 machine_state m25 j260d41!11
6 4.550700 machine_state m26 j260d41!11
6 4.550700 machine_state m27 j260d41!11
6 4.630185 machine_state m20 w
6 4.630185 machine_state m21 w
6 4.630185 machine_state m22 w
6 4.630185 machine_state m23 w
5 j260d41!12 machine_state "260d41!12" "1.000000 0.000000 0.187500"
6 5.226539 machine_state m20 j260d41!12
6 5.226539 machine_state m21 j260d41!12
6 5.226539 machine_state m22 j260d41!12
6 5.226539 machine_state m23 j260d41!12
6 5.384177 machine_state m20 w
6 5.384177 machine_state m21 w
6 5.384177 machine_state m22 w
6 5.384177 machine_state m23 w
5 j260d41!13 machine_state "260d41!13" "1.000000 0.000000 0.937500"
6 5.481222 machine_state m20 j260d41!13
6 5.481222 machine_state m21 j260d41!13
6 5.481222 machine_state m22 j260d41!13
6 5.481222 machine_state m23 j260d41!13
5 j260d41!14 machine_state "260d41!14" "0.000000 0.156250 1.000000"
6 5.610239 machine_state m28 j260d41!14
6 5.610239 machine_state m29 j260d41!14
6 5.610239 machine_state m30 j260d41!14
6 5.610239 machine_state m31 j260d41!14
6 5.650589 machine_state m24 w
6 5.650589 machine_state m25 w
6 5.650589 machine_state m26 w
6 5.650589 machine_state m27 w
5 j260d41!15 machine_state "260d41!15" "0.000000 0.718750 1.000000"
6 5.687688 machine_state m32 j260d41!15
6 5.687688 machine_state m33 j260d41!15
6 5.687688 machine_state m34 j260d41!15
6 5.687688 machine_state m35 j260d41!15
6 5.687688 machine_state m36 j260d41!15
6 5.687688 machine_state m37 j260d41!15
6 5.687688 machine_state m38 j260d41!15
6 5.687688 machine_state m39 j260d41!15
6 5.687688 machine_state m40 j260d41!15
6 5.687688 machine_state m41 j260d41!15
6 5.687688 machine_state m42 j260d41!15
6 5.687688 machine_state m43 j260d41!15
6 5.687688 machine_state m44 j260d41!15
6 5.687688 machine_state m45 j260d41!15
6 5.687688 machine_state m46 j260d41!15
6 5.687688 machine_state m47 j260d41!15
6 5.714024 machine_state m28 w
6 5.714024 machine_state m29 w
6 5.714024 machine_state m30 w
6 5.714024 machine_state m31 w
5 j260d41!16 machine_state "260d41!16" "1.000000 0.000000 0.468750"
6 5.739714 machine_state m48 j260d41!16
6 5.739714 machine_state m49 j260d41!16
6 5.739714 machine_state m50 j260d41!16
6 5.739714 machine_state m51 j260d41!16
6 5.739714 machine_state m52 j260d41!16
6 5.739714 machine_state m53 j260d41!16
6 5.739714 machine_state m54 j260d41!16
6 5.739714 machine_state m55 j260d41!16
6 5.739714 machine_state m56 j260d41!16
6 5.739714 machine_state m57 j260d41!16
6 5.739714 machine_state m58 j260d41!16
6 5.739714 machine_state m59 j260d41!16
6 5.739714 machine_state m60 j260d41!16
6 5.739714 machine_state m61 j260d41!16
6 5.739714 machine_state m62 j260d41!16
6 5.739714 machine_state m63 j260d41!16
6 5.754908 machine_state m16 w
6 5.754908 machine_state m17 w
6 5.754908 machine_state m18 w
6 5.754908 machine_state m19 w
6 5.989270 machine_state m32 w
6 5.989270 machine_state m33 w
6 5.989270 machine_state m34 w
6 5.989270 machine_state m35 w
6 5.989270 machine_state m36 w
6 5.989270 machine_state m37 w
6 5.989270 machine_state m38 w
6 5.989270 machine_state m39 w
6 5.989270 machine_state m40 w
6 5.989270 machine_state m41 w
6 5.989270 machine_state m42 w
6 5.989270 machine_state m43 w
6 5.989270 machine_state m44 w
6 5.989270 machine_state m45 w
6 5.989270 machine_state m46 w
6 5.989270 machine_state m47 w
5 j260d41!17 machine_state "260d41!17" "0.000000 1.000000 0.812500"
6 6.155615 machine_state m24 j260d41!17
6 6.155615 machine_state m25 j260d41!17
6 6.155615 machine_state m26 j260d41!17
6 6.155615 machine_state m27 j260d41!17
6 6.155615 machine_state m28 j260d41!17
6 6.155615 machine_state m29 j260d41!17
6 6.155615 machine_state m30 j260d41!17
6 6.155615 machine_state m31 j260d41!17
6 6.155615 machine_state m32 j260d41!17
6 6.155615 machine_state m33 j260d41!17
6 6.155615 machine_state m34 j260d41!17
6 6.155615 machine_state m35 j260d41!17
6 6.155615 machine_state m36 j260d41!17
6 6.155615 machine_state m37 j260d41!17
6 6.155615 machine_state m38 j260d41!17
6 6.155615 machine_state m39 j260d41!17
6 6.799410 machine_state m0 w
6 6.799410 machine_state m1 w
6 6.799410 machine_state m2 w
6 6.799410 machine_state m3 w
6 6.799410 machine_state m4 w
6 6.799410 machine_state m5 w
6 6.799410 machine_state m6 w
6 6.799410 machine_state m7 w
6 6.799410 machine_state m8 w
6 6.799410 machine_state m9 w
6 6.799410 machine_state m10 w
6 6.799410 machine_state m11 w
6 6.799410 machine_state m12 w
6 6.799410 machine_state m13 w
6 6.799410 machine_state m14 w
6 6.799410 machine_state m15 w
5 j260d41!18 machine_state "260d41!18" "0.000000 0.906250 1.000000"
6 6.937829 machine_state m0 j260d41!18
6 6.937829 machine_state m1 j260d41!18
6 6.937829 machine_state m2 j260d41!18
6 6.937829 machine_state m3 j260d41!18
6 6.937829 machine_state m4 j260d41!18
6 6.937829 machine_state m5 j260d41!18
6 6.937829 machine_state m6 j260d41!18
6 6.937829 machine_state m7 j260d41!18
6 6.937829 machine_state m8 j260d41!18
6 6.937829 machine_state m9 j260d41!18
6 6.937829 machine_state m10 j260d41!18
6 6.937829 machine_state m11 j260d41!18
6 6.937829 machine_state m12 j260d41!18
6 6.937829 machine_state m13 j260d41!18
6 6.937829 machine_state m14 j260d41!18
6 6.937829 machine_state m15 j260d41!18
6 7.193567 machine_state m24 w
6 7.193567 machine_state m25 w
6 7.193567 machine_state m26 w
6 7.193567 machine_state m27 w
6 7.193567 machine_state m28 w
6 7.193567 machine_state m29 w
6 7.193567 machine_state m30 w
6 7.193567 machine_state m31 w
6 7.193567 machine_state m32 w
6 7.193567 machine_state m33 w
6 7.193567 machine_state m34 w
6 7.193567 machine_state m35 w
6 7.193567 machine_state m36 w
6 7.193567 machine_state m37 w
6 7.193567 machine_state m38 w
6 7.193567 machine_state m39 w
5 j260d41!19 machine_state "260d41!19" "0.218750 0.000000 1.000000"
6 7.227102 machine_state m24 j260d41!19
6 7.227102 machine_state m25 j260d41!19
6 7.227102 machine_state m26 j260d41!19
6 7.227102 machine_state m27 j260d41!19
6 7.227102 machine_state m28 j260d41!19
6 7.227102 machine_state m29 j260d41!19
6 7.227102 machine_state m30 j260d41!19
6 7.227102 machine_state m31 j260d41!19
6 7.227102 machine_state m32 j260d41!19
6 7.227102 machine_state m33 j260d41!19
6 7.227102 machine_state m34 j260d41!19
6 7.227102 machine_state m35 j260d41!19
6 7.227102 machine_state m36 j260d41!19
6 7.227102 machine_state m37 j260d41!19
6 7.227102 machine_state m38 j260d41!19
6 7.227102 machine_state m39 j260d41!19
5 j260d41!21 machine_state "260d41!21" "0.031250 1.000000 0.000000"
6 7.418893 machine_state m16 j260d41!21
6 7.418893 machine_state m17 j260d41!21
6 7.418893 machine_state m18 j260d41!21
6 7.418893 machine_state m19 j260d41!21
6 7.576560 machine_state m16 w
6 7.576560 machine_state m17 w
6 7.576560 machine_state m18 w
6 7.576560 machine_state m19 w
5 j260d41!22 machine_state "260d41!22" "0.000000 1.000000 0.906250"
6 7.598026 machine_state m16 j260d41!22
6 7.598026 machine_state m17 j260d41!22
6 7.598026 machine_state m18 j260d41!22
6 7.598026 machine_state m19 j260d41!22
6 7.876326 machine_state m20 w
6 7.876326 machine_state m21 w
6 7.876326 machine_state m22 w
6 7.876326 machine_state m23 w
6 7.975974 machine_state m0 w
6 7.975974 machine_state m1 w
6 7.975974 machine_state m2 w
6 7.975974 machine_state m3 w
6 7.975974 machine_state m4 w
6 7.975974 machine_state m5 w
6 7.975974 machine_state m6 w
6 7.975974 machine_state m7 w
6 7.975974 machine_state m8 w
6 7.975974 machine_state m9 w
6 7.975974 machine_state m10 w
6 7.975974 machine_state m11 w
6 7.975974 machine_state m12 w
6 7.975974 machine_state m13 w
6 7.975974 machine_state m14 w
6 7.975974 machine_state m15 w
5 j260d41!20 machine_state "260d41!20" "0.781250 1.000000 0.000000"
6 7.997434 machine_state m0 j260d41!20
6 7.997434 machine_state m1 j260d41!20
6 7.997434 machine_state m2 j260d41!20
6 7.997434 machine_state m3 j260d41!20
6 7.997434 machine_state m4 j260d41!20
6 7.997434 machine_state m5 j260d41!20
6 7.997434 machine_state m6 j260d41!20
6 7.997434 machine_state m7 j260d41!20
6 7.997434 machine_state m8 j260d41!20
6 7.997434 machine_state m9 j260d41!20
6 7.997434 machine_state m10 j260d41!20
6 7.997434 machine_state m11 j260d41!20
6 7.997434 machine_state m12 j260d41!20
6 7.997434 machine_state m13 j260d41!20
6 7.997434 machine_state m14 j260d41!20
6 7.997434 machine_state m15 j260d41!20
6 8.299348 machine_state m0 w
6 8.299348 machine_state m1 w
6 8.299348 machine_state m2 w
6 8.299348 machine_state m3 w
6 8.299348 machine_state m4 w
6 8.299348 machine_state m5 w
6 8.299348 machine_state m6 w
6 8.299348 machine_state m7 w
6 8.299348 machine_state m8 w
6 8.299348 machine_state m9 w
6 8.299348 machine_state m10 w
6 8.299348 machine_state m11 w
6 8.299348 machine_state m12 w
6 8.299348 machine_state m13 w
6 8.299348 machine_state m14 w
6 8.299348 machine_state m15 w
6 8.771497 machine_state m16 w
6 8.771497 machine_state m17 w
6 8.771497 machine_state m18 w
6 8.771497 machine_state m19 w
5 j260d41!23 machine_state "260d41!23" "0.218750 1.000000 0.000000"
6 9.800935 machine_state m0 j260d41!23
6 9.800935 machine_state m1 j260d41!23
6 9.800935 machine_state m2 j260d41!23
6 9.800935 machine_state m3 j260d41!23
6 9.800935 machine_state m4 j260d41!23
6 9.800935 machine_state m5 j260d41!23
6 9.800935 machine_state m6 j260d41!23
6 9.800935 machine_state m7 j260d41!23
6 9.800935 machine_state m8 j260d41!23
6 9.800935 machine_state m9 j260d41!23
6 9.800935 machine_state m10 j260d41!23
6 9.800935 machine_state m11 j260d41!23
6 9.800935 machine_state m12 j260d41!23
6 9.800935 machine_state m13 j260d41!23
6 9.800935 machine_state m14 j260d41!23
6 9.800935 machine_state m15 j260d41!23
6 10.839177 machine_state m0 w
6 10.839177 machine_state m1 w
6 10.839177 machine_state m2 w
6 10.839177 machine_state m3 w
6 10.839177 machine_state m4 w
6 10.839177 machine_state m5 w
6 10.839177 machine_state m6 w
6 10.839177 machine_state m7 w
6 10.839177 machine_state m8 w
6 10.839177 machine_state m9 w
6 10.839177 machine_state m10 w
6 10.839177 machine_state m11 w
6 10.839177 machine_state m12 w
6 10.839177 machine_state m13 w
6 10.839177 machine_state m14 w
6 10.839177 machine_state m15 w
5 j260d41!24 machine_state "260d41!24" "0.000000 1.000000 0.437500"
6 10.860643 machine_state m0 j260d41!24
6 10.860643 machine_state m1 j260d41!24
6 10.860643 machine_state m2 j260d41!24
6 10.860643 machine_state m3 j260d41!24
6 10.860643 machine_state m4 j260d41!24
6 10.860643 machine_state m5 j260d41!24
6 10.860643 machine_state m6 j260d41!24
6 10.860643 machine_state m7 j260d41!24
6 10.860643 machine_state m8 j260d41!24
6 10.860643 machine_state m9 j260d41!24
6 10.860643 machine_state m10 j260d41!24
6 10.860643 machine_state m11 j260d41!24
6 10.860643 machine_state m12 j260d41!24
6 10.860643 machine_state m13 j260d41!24
6 10.860643 machine_state m14 j260d41!24
6 10.860643 machine_state m15 j260d41!24
6 11.162618 machine_state m0 w
6 11.162618 machine_state m1 w
6 11.162618 machine_state m2 w
6 11.162618 machine_state m3 w
6 11.162618 machine_state m4 w
6 11.162618 machine_state m5 w
6 11.162618 machine_state m6 w
6 11.162618 machine_state m7 w
6 11.162618 machine_state m8 w
6 11.162618 machine_state m9 w
6 11.162618 machine_state m10 w
6 11.162618 machine_state m11 w
6 11.162618 machine_state m12 w
6 11.162618 machine_state m13 w
6 11.162618 machine_state m14 w
6 11.162618 machine_state m15 w
5 j260d41!25 machine_state "260d41!25" "0.687500 1.000000 0.000000"
6 11.657778 machine_state m0 j260d41!25
6 11.657778 machine_state m1 j260d41!25
6 11.657778 machine_state m2 j260d41!25
6 11.657778 machine_state m3 j260d41!25
6 11.657778 machine_state m4 j260d41!25
6 11.657778 machine_state m5 j260d41!25
6 11.657778 machine_state m6 j260d41!25
6 11.657778 machine_state m7 j260d41!25
6 11.657778 machine_state m8 j260d41!25
6 11.657778 machine_state m9 j260d41!25
6 11.657778 machine_state m10 j260d41!25
6 11.657778 machine_state m11 j260d41!25
6 11.657778 machine_state m12 j260d41!25
6 11.657778 machine_state m13 j260d41!25
6 11.657778 machine_state m14 j260d41!25
6 11.657778 machine_state m15 j260d41!25
6 11.821650 machine_state m0 w
6 11.821650 machine_state m1 w
6 11.821650 machine_state m2 w
6 11.821650 machine_state m3 w
6 11.821650 machine_state m4 w
6 11.821650 machine_state m5 w
6 11.821650 machine_state m6 w
6 11.821650 machine_state m7 w
6 11.821650 machine_state m8 w
6 11.821650 machine_state m9 w
6 11.821650 machine_state m10 w
6 11.821650 machine_state m11 w
6 11.821650 machine_state m12 w
6 11.821650 machine_state m13 w
6 11.821650 machine_state m14 w
6 11.821650 machine_state m15 w
6 11.896706 machine_state m48 w
6 11.896706 machine_state m49 w
6 11.896706 machine_state m50 w
6 11.896706 machine_state m51 w
6 11.896706 machine_state m52 w
6 11.896706 machine_state m53 w
6 11.896706 machine_state m54 w
6 11.896706 machine_state m55 w
6 11.896706 machine_state m56 w
6 11.896706 machine_state m57 w
6 11.896706 machine_state m58 w
6 11.896706 machine_state m59 w
6 11.896706 machine_state m60 w
6 11.896706 machine_state m61 w
6 11.896706 machine_state m62 w
6 11.896706 machine_state m63 w
5 j260d41!26 machine_state "260d41!26" "0.000000 1.000000 0.625000"
6 12.377260 machine_state m0 j260d41!26
6 12.377260 machine_state m1 j260d41!26
6 12.377260 machine_state m2 j260d41!26
6 12.377260 machine_state m3 j260d41!26
5 j260d41!27 machine_state "260d41!27" "0.000000 1.000000 0.531250"
6 12.481149 machine_state m4 j260d41!27
6 12.481149 machine_state m5 j260d41!27
6 12.481149 machine_state m6 j260d41!27
6 12.481149 machine_state m7 j260d41!27
5 j260d41!28 machine_state "260d41!28" "1.000000 0.937500 0.000000"
6 12.547410 machine_state m8 j260d41!28
6 12.547410 machine_state m9 j260d41!28
6 12.547410 machine_state m10 j260d41!28
6 12.547410 machine_state m11 j260d41!28
6 12.547410 machine_state m12 j260d41!28
6 12.547410 machine_state m13 j260d41!28
6 12.547410 machine_state m14 j260d41!28
6 12.547410 machine_state m15 j260d41!28
6 12.547410 machine_state m16 j260d41!28
6 12.547410 machine_state m17 j260d41!28
6 12.547410 machine_state m18 j260d41!28
6 12.547410 machine_state m19 j260d41!28
6 12.547410 machine_state m20 j260d41!28
6 12.547410 machine_state m21 j260d41!28
6 12.547410 machine_state m22 j260d41!28
6 12.547410 machine_state m23 j260d41!28
5 j260d41!29 machine_state "260d41!29" "1.000000 0.000000 0.562500"
6 12.586297 machine_state m40 j260d41!29
6 12.586297 machine_state m41 j260d41!29
6 12.586297 machine_state m42 j260d41!29
6 12.586297 machine_state m43 j260d41!29
6 12.586297 machine_state m44 j260d41!29
6 12.586297 machine_state m45 j260d41!29
6 12.586297 machine_state m46 j260d41!29
6 12.586297 machine_state m47 j260d41!29
6 12.586297 machine_state m48 j260d41!29
6 12.586297 machine_state m49 j260d41!29
6 12.586297 machine_state m50 j260d41!29
6 12.586297 machine_state m51 j260d41!29
6 12.586297 machine_state m52 j260d41!29
6 12.586297 machine_state m53 j260d41!29
6 12.586297 machine_state m54 j260d41!29
6 12.586297 machine_state m55 j260d41!29
6 12.711204 machine_state m8 w
6 12.711204 machine_state m9 w
6 12.711204 machine_state m10 w
6 12.711204 machine_state m11 w
6 12.711204 machine_state m12 w
6 12.711204 machine_state m13 w
6 12.711204 machine_state m14 w
6 12.711204 machine_state m15 w
6 12.711204 machine_state m16 w
6 12.711204 machine_state m17 w
6 12.711204 machine_state m18 w
6 12.711204 machine_state m19 w
6 12.711204 machine_state m20 w
6 12.711204 machine_state m21 w
6 12.711204 machine_state m22 w
6 12.711204 machine_state m23 w
5 j260d41!30 machine_state "260d41!30" "1.000000 0.000000 0.750000"
6 12.748301 machine_state m8 j260d41!30
6 12.748301 machine_state m9 j260d41!30
6 12.748301 machine_state m10 j260d41!30
6 12.748301 machine_state m11 j260d41!30
6 12.748301 machine_state m12 j260d41!30
6 12.748301 machine_state m13 j260d41!30
6 12.748301 machine_state m14 j260d41!30
6 12.748301 machine_state m15 j260d41!30
6 12.748301 machine_state m16 j260d41!30
6 12.748301 machine_state m17 j260d41!30
6 12.748301 machine_state m18 j260d41!30
6 12.748301 machine_state m19 j260d41!30
6 12.748301 machine_state m20 j260d41!30
6 12.748301 machine_state m21 j260d41!30
6 12.748301 machine_state m22 j260d41!30
6 12.748301 machine_state m23 j260d41!30
5 j260d41!31 machine_state "260d41!31" "0.000000 1.000000 1.000000"
6 12.976053 machine_state m56 j260d41!31
6 12.976053 machine_state m57 j260d41!31
6 12.976053 machine_state m58 j260d41!31
6 12.976053 machine_state m59 j260d41!31
5 j260d41!32 machine_state "260d41!32" "0.875000 1.000000 0.000000"
6 13.112027 machine_state m60 j260d41!32
6 13.112027 machine_state m61 j260d41!32
6 13.112027 machine_state m62 j260d41!32
6 13.112027 machine_state m63 j260d41!32
6 13.129456 machine_state m4 w
6 13.129456 machine_state m5 w
6 13.129456 machine_state m6 w
6 13.129456 machine_state m7 w
5 j260d41!33 machine_state "260d41!33" "0.968750 0.000000 1.000000"
6 13.161064 machine_state m4 j260d41!33
6 13.161064 machine_state m5 j260d41!33
6 13.161064 machine_state m6 j260d41!33
6 13.161064 machine_state m7 j260d41!33
6 13.384042 machine_state m24 w
6 13.384042 machine_state m25 w
6 13.384042 machine_state m26 w
6 13.384042 machine_state m27 w
6 13.384042 machine_state m28 w
6 13.384042 machine_state m29 w
6 13.384042 machine_state m30 w
6 13.384042 machine_state m31 w
6 13.384042 machine_state m32 w
6 13.384042 machine_state m33 w
6 13.384042 machine_state m34 w
6 13.384042 machine_state m35 w
6 13.384042 machine_state m36 w
6 13.384042 machine_state m37 w
6 13.384042 machine_state m38 w
6 13.384042 machine_state m39 w
6 13.623867 machine_state m56 w
6 13.623867 machine_state m57 w
6 13.623867 machine_state m58 w
6 13.623867 machine_state m59 w
6 13.808944 machine_state m4 w
6 13.808944 machine_state m5 w
6 13.808944 machine_state m6 w
6 13.808944 machine_state m7 w
5 j260d41!34 machine_state "260d41!34" "1.000000 0.093750 0.000000"
6 14.151396 machine_state m24 j260d41!34
6 14.151396 machine_state m25 j260d41!34
6 14.151396 machine_state m26 j260d41!34
6 14.151396 machine_state m27 j260d41!34
6 14.151396 machine_state m28 j260d41!34
6 14.151396 machine_state m29 j260d41!34
6 14.151396 machine_state m30 j260d41!34
6 14.151396 machine_state m31 j260d41!34
6 14.151396 machine_state m32 j260d41!34
6 14.151396 machine_state m33 j260d41!34
6 14.151396 machine_state m34 j260d41!34
6 14.151396 machine_state m35 j260d41!34
6 14.151396 machine_state m36 j260d41!34
6 14.151396 machine_state m37 j260d41!34
6 14.151396 machine_state m38 j260d41!34
6 14.151396 machine_state m39 j260d41!34
6 14.771001 machine_state m0 w
6 14.771001 machine_state m1 w
6 14.771001 machine_state m2 w
6 14.771001 machine_state m3 w
5 j260d41!36 machine_state "260d41!36" "1.000000 0.000000 0.656250"
6 14.859702 machine_state m0 j260d41!36
6 14.859702 machine_state m1 j260d41!36
6 14.859702 machine_state m2 j260d41!36
6 14.859702 machine_state m3 j260d41!36
6 15.397341 machine_state m0 w
6 15.397341 machine_state m1 w
6 15.397341 machine_state m2 w
6 15.397341 machine_state m3 w
6 15.505885 machine_state m60 w
6 15.505885 machine_state m61 w
6 15.505885 machine_state m62 w
6 15.505885 machine_state m63 w
5 j260d41!38 machine_state "260d41!38" "0.500000 0.000000 1.000000"
6 17.038412 machine_state m0 j260d41!38
6 17.038412 machine_state m1 j260d41!38
6 17.038412 machine_state m2 j260d41!38
6 17.038412 machine_state m3 j260d41!38
5 j260d41!39 machine_state "260d41!39" "1.000000 0.000000 0.843750"
6 17.084931 machine_state m4 j260d41!39
6 17.084931 machine_state m5 j260d41!39
6 17.084931 machine_state m6 j260d41!39
6 17.084931 machine_state m7 j260d41!39
5 j260d41!40 machine_state "260d41!40" "0.000000 1.000000 0.343750"
6 18.028376 machine_state m56 j260d41!40
6 18.028376 machine_state m57 j260d41!40
6 18.028376 machine_state m58 j260d41!40
6 18.028376 machine_state m59 j260d41!40
6 18.138150 machine_state m0 w
6 18.138150 machine_state m1 w
6 18.138150 machine_state m2 w
6 18.138150 machine_state m3 w
6 18.185987 machine_state m56 w
6 18.185987 machine_state m57 w
6 18.185987 machine_state m58 w
6 18.185987 machine_state m59 w
6 18.373093 machine_state m40 w
6 18.373093 machine_state m41 w
6 18.373093 machine_state m42 w
6 18.373093 machine_state m43 w
6 18.373093 machine_state m44 w
6 18.373093 machine_state m45 w
6 18.373093 machine_state m46 w
6 18.373093 machine_state m47 w
6 18.373093 machine_state m48 w
6 18.373093 machine_state m49 w
6 18.373093 machine_state m50 w
6 18.373093 machine_state m51 w
6 18.373093 machine_state m52 w
6 18.373093 machine_state m53 w
6 18.373093 machine_state m54 w
6 18.373093 machine_state m55 w
5 j260d41!35 machine_state "260d41!35" "0.000000 0.531250 1.000000"
6 18.394570 machine_state m40 j260d41!35
6 18.394570 machine_state m41 j260d41!35
6 18.394570 machine_state m42 j260d41!35
6 18.394570 machine_state m43 j260d41!35
6 18.394570 machine_state m44 j260d41!35
6 18.394570 machine_state m45 j260d41!35
6 18.394570 machine_state m46 j260d41!35
6 18.394570 machine_state m47 j260d41!35
6 18.394570 machine_state m48 j260d41!35
6 18.394570 machine_state m49 j260d41!35
6 18.394570 machine_state m50 j260d41!35
6 18.394570 machine_state m51 j260d41!35
6 18.394570 machine_state m52 j260d41!35
6 18.394570 machine_state m53 j260d41!35
6 18.394570 machine_state m54 j260d41!35
6 18.394570 machine_state m55 j260d41!35
6 18.540016 machine_state m8 w
6 18.540016 machine_state m9 w
6 18.540016 machine_state m10 w
6 18.540016 machine_state m11 w
6 18.540016 machine_state m12 w
6 18.540016 machine_state m13 w
6 18.540016 machine_state m14 w
6 18.540016 machine_state m15 w
6 18.540016 machine_state m16 w
6 18.540016 machine_state m17 w
6 18.540016 machine_state m18 w
6 18.540016 machine_state m19 w
6 18.540016 machine_state m20 w
6 18.540016 machine_state m21 w
6 18.540016 machine_state m22 w
6 18.540016 machine_state m23 w
6 18.558367 machine_state m40 w
6 18.558367 machine_state m41 w
6 18.558367 machine_state m42 w
6 18.558367 machine_state m43 w
6 18.558367 machine_state m44 w
6 18.558367 machine_state m45 w
6 18.558367 machine_state m46 w
6 18.558367 machine_state m47 w
6 18.558367 machine_state m48 w
6 18.558367 machine_state m49 w
6 18.558367 machine_state m50 w
6 18.558367 machine_state m51 w
6 18.558367 machine_state m52 w
6 18.558367 machine_state m53 w
6 18.558367 machine_state m54 w
6 18.558367 machine_state m55 w
5 j260d41!37 machine_state "260d41!37" "0.125000 0.000000 1.000000"
6 18.561493 machine_state m8 j260d41!37
6 18.561493 machine_state m9 j260d41!37
6 18.561493 machine_state m10 j260d41!37
6 18.561493 machine_state m11 j260d41!37
6 18.561493 machine_state m12 j260d41!37
6 18.561493 machine_state m13 j260d41!37
6 18.561493 machine_state m14 j260d41!37
6 18.561493 machine_state m15 j260d41!37
6 18.561493 machine_state m16 j260d41!37
6 18.561493 machine_state m17 j260d41!37
6 18.561493 machine_state m18 j260d41!37
6 18.561493 machine_state m19 j260d41!37
6 18.561493 machine_state m20 j260d41!37
6 18.561493 machine_state m21 j260d41!37
6 18.561493 machine_state m22 j260d41!37
6 18.561493 machine_state m23 j260d41!37
6 18.863483 machine_state m8 w
6 18.863483 machine_state m9 w
6 18.863483 machine_state m10 w
6 18.863483 machine_state m11 w
6 18.863483 machine_state m12 w
6 18.863483 machine_state m13 w
6 18.863483 machine_state m14 w
6 18.863483 machine_state m15 w
6 18.863483 machine_state m16 w
6 18.863483 machine_state m17 w
6 18.863483 machine_state m18 w
6 18.863483 machine_state m19 w
6 18.863483 machine_state m20 w
6 18.863483 machine_state m21 w
6 18.863483 machine_state m22 w
6 18.863483 machine_state m23 w
6 19.479795 machine_state m4 w
6 19.479795 machine_state m5 w
6 19.479795 machine_state m6 w
6 19.479795 machine_state m7 w
6 20.306725 machine_state m24 w
6 20.306725 machine_state m25 w
6 20.306725 machine_state m26 w
6 20.306725 machine_state m27 w
6 20.306725 machine_state m28 w
6 20.306725 machine_state m29 w
6 20.306725 machine_state m30 w
6 20.306725 machine_state m31 w
6 20.306725 machine_state m32 w
6 20.306725 machine_state m33 w
6 20.306725 machine_state m34 w
6 20.306725 machine_state m35 w
6 20.306725 machine_state m36 w
6 20.306725 machine_state m37 w
6 20.306725 machine_state m38 w
6 20.306725 machine_state m39 w

# End of events, containers destruction
3 20.328202 m0 machine_ct
3 20.328202 m1 machine_ct
3 20.328202 m2 machine_ct
3 20.328202 m3 machine_ct
3 20.328202 m4 machine_ct
3 20.328202 m5 machine_ct
3 20.328202 m6 machine_ct
3 20.328202 m7 machine_ct
3 20.328202 m8 machine_ct
3 20.328202 m9 machine_ct
3 20.328202 m10 machine_ct
3 20.328202 m11 machine_ct
3 20.328202 m12 machine_ct
3 20.328202 m13 machine_ct
3 20.328202 m14 machine_ct
3 20.328202 m15 machine_ct
3 20.328202 m16 machine_ct
3 20.328202 m17 machine_ct
3 20.328202 m18 machine_ct
3 20.328202 m19 machine_ct
3 20.328202 m20 machine_ct
3 20.328202 m21 machine_ct
3 20.328202 m22 machine_ct
3 20.328202 m23 machine_ct
3 20.328202 m24 machine_ct
3 20.328202 m25 machine_ct
3 20.328202 m26 machine_ct
3 20.328202 m27 machine_ct
3 20.328202 m28 machine_ct
3 20.328202 m29 machine_ct
3 20.328202 m30 machine_ct
3 20.328202 m31 machine_ct
3 20.328202 m32 machine_ct
3 20.328202 m33 machine_ct
3 20.328202 m34 machine_ct
3 20.328202 m35 machine_ct
3 20.328202 m36 machine_ct
3 20.328202 m37 machine_ct
3 20.328202 m38 machine_ct
3 20.328202 m39 machine_ct
3 20.328202 m40 machine_ct
3 20.328202 m41 machine_ct
3 20.328202 m42 machine_ct
3 20.328202 m43 machine_ct
3 20.328202 m44 machine_ct
3 20.328202 m45 machine_ct
3 20.328202 m46 machine_ct
3 20.328202 m47 machine_ct
3 20.328202 m48 machine_ct
3 20.328202 m49 machine_ct
3 20.328202 m50 machine_ct
3 20.328202 m51 machine_ct
3 20.328202 m52 machine_ct
3 20.328202 m53 machine_ct
3 20.328202 m54 machine_ct
3 20.328202 m55 machine_ct
3 20.328202 m56 machine_ct
3 20.328202 m57 machine_ct
3 20.328202 m58 machine_ct
3 20.328202 m59 machine_ct
3 20.328202 m60 machine_ct
3 20.328202 m61 machine_ct
3 20.328202 m62 machine_ct
3 20.328202 m63 machine_ct
3 20.328202 root root_ct
