variant_options = '{"custom_mapping": true}'
Received '{"now":0.000000,"events":[{"timestamp":0.000000,"type":"SIMULATION_BEGINS","data":{"nb_resources":64,"allow_time_sharing":false,"config":{"redis":{"enabled":false,"hostname":"127.0.0.1","port":6379,"prefix":"default"},"job_submission":{"forward_profiles":false,"from_scheduler":{"enabled":false,"acknowledge":true}}},"resources_data":[{"id":0,"name":"node-0.simgrid.org","state":"idle","properties":{}},{"id":1,"name":"node-1.simgrid.org","state":"idle","properties":{}},{"id":2,"name":"node-2.simgrid.org","state":"idle","properties":{}},{"id":3,"name":"node-3.simgrid.org","state":"idle","properties":{}},{"id":4,"name":"node-4.simgrid.org","state":"idle","properties":{}},{"id":5,"name":"node-5.simgrid.org","state":"idle","properties":{}},{"id":6,"name":"node-6.simgrid.org","state":"idle","properties":{}},{"id":7,"name":"node-7.simgrid.org","state":"idle","properties":{}},{"id":8,"name":"node-8.simgrid.org","state":"idle","properties":{}},{"id":9,"name":"node-9.simgrid.org","state":"idle","properties":{}},{"id":10,"name":"node-10.simgrid.org","state":"idle","properties":{}},{"id":11,"name":"node-11.simgrid.org","state":"idle","properties":{}},{"id":12,"name":"node-12.simgrid.org","state":"idle","properties":{}},{"id":13,"name":"node-13.simgrid.org","state":"idle","properties":{}},{"id":14,"name":"node-14.simgrid.org","state":"idle","properties":{}},{"id":15,"name":"node-15.simgrid.org","state":"idle","properties":{}},{"id":16,"name":"node-16.simgrid.org","state":"idle","properties":{}},{"id":17,"name":"node-17.simgrid.org","state":"idle","properties":{}},{"id":18,"name":"node-18.simgrid.org","state":"idle","properties":{}},{"id":19,"name":"node-19.simgrid.org","state":"idle","properties":{}},{"id":20,"name":"node-20.simgrid.org","state":"idle","properties":{}},{"id":21,"name":"node-21.simgrid.org","state":"idle","properties":{}},{"id":22,"name":"node-22.simgrid.org","state":"idle","properties":{}},{"id":23,"name":"node-23.simgrid.org","state":"idle","properties":{}},{"id":24,"name":"node-24.simgrid.org","state":"idle","properties":{}},{"id":25,"name":"node-25.simgrid.org","state":"idle","properties":{}},{"id":26,"name":"node-26.simgrid.org","state":"idle","properties":{}},{"id":27,"name":"node-27.simgrid.org","state":"idle","properties":{}},{"id":28,"name":"node-28.simgrid.org","state":"idle","properties":{}},{"id":29,"name":"node-29.simgrid.org","state":"idle","properties":{}},{"id":30,"name":"node-30.simgrid.org","state":"idle","properties":{}},{"id":31,"name":"node-31.simgrid.org","state":"idle","properties":{}},{"id":32,"name":"node-32.simgrid.org","state":"idle","properties":{}},{"id":33,"name":"node-33.simgrid.org","state":"idle","properties":{}},{"id":34,"name":"node-34.simgrid.org","state":"idle","properties":{}},{"id":35,"name":"node-35.simgrid.org","state":"idle","properties":{}},{"id":36,"name":"node-36.simgrid.org","state":"idle","properties":{}},{"id":37,"name":"node-37.simgrid.org","state":"idle","properties":{}},{"id":38,"name":"node-38.simgrid.org","state":"idle","properties":{}},{"id":39,"name":"node-39.simgrid.org","state":"idle","properties":{}},{"id":40,"name":"node-40.simgrid.org","state":"idle","properties":{}},{"id":41,"name":"node-41.simgrid.org","state":"idle","properties":{}},{"id":42,"name":"node-42.simgrid.org","state":"idle","properties":{}},{"id":43,"name":"node-43.simgrid.org","state":"idle","properties":{}},{"id":44,"name":"node-44.simgrid.org","state":"idle","properties":{}},{"id":45,"name":"node-45.simgrid.org","state":"idle","properties":{}},{"id":46,"name":"node-46.simgrid.org","state":"idle","properties":{}},{"id":47,"name":"node-47.simgrid.org","state":"idle","properties":{}},{"id":48,"name":"node-48.simgrid.org","state":"idle","properties":{}},{"id":49,"name":"node-49.simgrid.org","state":"idle","properties":{}},{"id":50,"name":"node-50.simgrid.org","state":"idle","properties":{}},{"id":51,"name":"node-51.simgrid.org","state":"idle","properties":{}},{"id":52,"name":"node-52.simgrid.org","state":"idle","properties":{}},{"id":53,"name":"node-53.simgrid.org","state":"idle","properties":{}},{"id":54,"name":"node-54.simgrid.org","state":"idle","properties":{}},{"id":55,"name":"node-55.simgrid.org","state":"idle","properties":{}},{"id":56,"name":"node-56.simgrid.org","state":"idle","properties":{}},{"id":57,"name":"node-57.simgrid.org","state":"idle","properties":{}},{"id":58,"name":"node-58.simgrid.org","state":"idle","properties":{}},{"id":59,"name":"node-59.simgrid.org","state":"idle","properties":{}},{"id":60,"name":"node-60.simgrid.org","state":"idle","properties":{}},{"id":61,"name":"node-61.simgrid.org","state":"idle","properties":{}},{"id":62,"name":"node-62.simgrid.org","state":"idle","properties":{}},{"id":63,"name":"node-63.simgrid.org","state":"idle","properties":{}}],"workloads":{"260d41":"/github-simgrid/190311/../batsim-v2.0.0/workload_profiles/npb_40_jobs.json"}}}]}'
Sending '{"now":0.0,"events":[]}'
Received '{"now":0.568750,"events":[{"timestamp":0.568750,"type":"JOB_SUBMITTED","data":{"job_id":"260d41!1","job":{"id":"260d41!1","profile":"IS.S.16","res":16,"subtime":0.560944,"walltime":4200}}}]}'
Sending '{"now":0.56875,"events":[{"timestamp":0.56875,"type":"EXECUTE_JOB","data":{"job_id":"260d41!1","alloc":"0-15"}}]}'
Received '{"now":0.592168,"events":[{"timestamp":0.576556,"type":"JOB_SUBMITTED","data":{"job_id":"260d41!2","job":{"id":"260d41!2","profile":"FT.S.4","res":4,"subtime":0.561697,"walltime":4200}}}]}'
Sending '{"now":0.592168,"events":[{"timestamp":0.576556,"type":"EXECUTE_JOB","data":{"job_id":"260d41!2","alloc":"16-19"}}]}'
Received '{"now":0.761908,"events":[{"timestamp":0.761908,"type":"JOB_COMPLETED","data":{"job_id":"260d41!1","job_state":"COMPLETED_SUCCESSFULLY","return_code":0,"kill_reason":"","alloc":"0-15"}}]}'
Sending '{"now":0.761908,"events":[]}'
Received '{"now":0.783374,"events":[{"timestamp":0.775568,"type":"JOB_COMPLETED","data":{"job_id":"260d41!2","job_state":"COMPLETED_SUCCESSFULLY","return_code":0,"kill_reason":"","alloc":"16-19"}}]}'
Sending '{"now":0.783374,"events":[]}'
Received '{"now":0.798986,"events":[{"timestamp":0.791180,"type":"JOB_SUBMITTED","data":{"job_id":"260d41!3","job":{"id":"260d41!3","profile":"IS.S.16","res":16,"subtime":0.764724,"walltime":4200}}}]}'
Sending '{"now":0.798986,"events":[{"timestamp":0.79118,"type":"EXECUTE_JOB","data":{"job_id":"260d41!3","alloc":"0-15"}}]}'
Received '{"now":0.984336,"events":[{"timestamp":0.984336,"type":"JOB_COMPLETED","data":{"job_id":"260d41!3","job_state":"COMPLETED_SUCCESSFULLY","return_code":0,"kill_reason":"","alloc":"0-15"}}]}'
Sending '{"now":0.984336,"events":[]}'
Received '{"now":0.999948,"events":[{"timestamp":0.992142,"type":"JOB_SUBMITTED","data":{"job_id":"260d41!4","job":{"id":"260d41!4","profile":"SP.S.16","res":16,"subtime":0.981416,"walltime":4200}}}]}'
Sending '{"now":0.999948,"events":[{"timestamp":0.992142,"type":"EXECUTE_JOB","data":{"job_id":"260d41!4","alloc":"0-15"}}]}'
Received '{"now":1.212208,"events":[{"timestamp":1.212208,"type":"JOB_SUBMITTED","data":{"job_id":"260d41!5","job":{"id":"260d41!5","profile":"FT.S.4","res":4,"subtime":1.204402,"walltime":4200}}}]}'
Sending '{"now":1.212208,"events":[{"timestamp":1.212208,"type":"EXECUTE_JOB","data":{"job_id":"260d41!5","alloc":"16-19"}}]}'
Received '{"now":1.391349,"events":[{"timestamp":1.391349,"type":"JOB_COMPLETED","data":{"job_id":"260d41!5","job_state":"COMPLETED_SUCCESSFULLY","return_code":0,"kill_reason":"","alloc":"16-19"}}]}'
Sending '{"now":1.391349,"events":[]}'
Received '{"now":2.322255,"events":[{"timestamp":2.322255,"type":"JOB_SUBMITTED","data":{"job_id":"260d41!6","job":{"id":"260d41!6","profile":"IS.S.4","res":4,"subtime":2.314450,"walltime":4200}}}]}'
Sending '{"now":2.322255,"events":[{"timestamp":2.322255,"type":"EXECUTE_JOB","data":{"job_id":"260d41!6","alloc":"16-19"}}]}'
Received '{"now":2.447555,"events":[{"timestamp":2.447555,"type":"JOB_COMPLETED","data":{"job_id":"260d41!6","job_state":"COMPLETED_SUCCESSFULLY","return_code":0,"kill_reason":"","alloc":"16-19"}}]}'
Sending '{"now":2.447555,"events":[]}'
Received '{"now":2.878795,"events":[{"timestamp":2.878795,"type":"JOB_SUBMITTED","data":{"job_id":"260d41!7","job":{"id":"260d41!7","profile":"MG.S.16","res":16,"subtime":2.870989,"walltime":4200}}}]}'
Sending '{"now":2.878795,"events":[{"timestamp":2.878795,"type":"EXECUTE_JOB","data":{"job_id":"260d41!7","alloc":"16-31"}}]}'
Received '{"now":3.152272,"events":[{"timestamp":3.152272,"type":"JOB_SUBMITTED","data":{"job_id":"260d41!8","job":{"id":"260d41!8","profile":"CG.S.4","res":4,"subtime":3.144476,"walltime":4200}}}]}'
Sending '{"now":3.152272,"events":[{"timestamp":3.152272,"type":"EXECUTE_JOB","data":{"job_id":"260d41!8","alloc":"32-35"}}]}'
Received '{"now":3.937902,"events":[{"timestamp":3.937902,"type":"JOB_COMPLETED","data":{"job_id":"260d41!7","job_state":"COMPLETED_SUCCESSFULLY","return_code":0,"kill_reason":"","alloc":"16-31"}}]}'
Sending '{"now":3.937902,"events":[]}'
Received '{"now":4.273808,"events":[{"timestamp":4.273808,"type":"JOB_COMPLETED","data":{"job_id":"260d41!8","job_state":"COMPLETED_SUCCESSFULLY","return_code":0,"kill_reason":"","alloc":"32-35"}}]}'
Sending '{"now":4.273808,"events":[]}'
Received '{"now":4.489632,"events":[{"timestamp":4.489632,"type":"JOB_SUBMITTED","data":{"job_id":"260d41!9","job":{"id":"260d41!9","profile":"SP.S.4","res":4,"subtime":4.481826,"walltime":4200}}}]}'
Sending '{"now":4.489632,"events":[{"timestamp":4.489632,"type":"EXECUTE_JOB","data":{"job_id":"260d41!9","alloc":"16-19"}}]}'
Received '{"now":4.518583,"events":[{"timestamp":4.518583,"type":"JOB_SUBMITTED","data":{"job_id":"260d41!10","job":{"id":"260d41!10","profile":"IS.S.4","res":4,"subtime":4.510777,"walltime":4200}}}]}'
Sending '{"now":4.518583,"events":[{"timestamp":4.518583,"type":"EXECUTE_JOB","data":{"job_id":"260d41!10","alloc":"20-23"}}]}'
Received '{"now":4.542894,"events":[{"timestamp":4.542894,"type":"JOB_SUBMITTED","data":{"job_id":"260d41!11","job":{"id":"260d41!11","profile":"CG.S.4","res":4,"subtime":4.535088,"walltime":4200}}}]}'
Sending '{"now":4.542894,"events":[{"timestamp":4.542894,"type":"EXECUTE_JOB","data":{"job_id":"260d41!11","alloc":"24-27"}}]}'
Received '{"now":4.643846,"events":[{"timestamp":4.643846,"type":"JOB_COMPLETED","data":{"job_id":"260d41!10","job_state":"COMPLETED_SUCCESSFULLY","return_code":0,"kill_reason":"","alloc":"20-23"}}]}'
Sending '{"now":4.643846,"events":[]}'
Received '{"now":5.218723,"events":[{"timestamp":5.218723,"type":"JOB_SUBMITTED","data":{"job_id":"260d41!12","job":{"id":"260d41!12","profile":"FT.S.4","res":4,"subtime":5.210924,"walltime":4200}}}]}'
Sending '{"now":5.218723,"events":[{"timestamp":5.218723,"type":"EXECUTE_JOB","data":{"job_id":"260d41!12","alloc":"20-23"}}]}'
Received '{"now":5.397838,"events":[{"timestamp":5.397838,"type":"JOB_COMPLETED","data":{"job_id":"260d41!12","job_state":"COMPLETED_SUCCESSFULLY","return_code":0,"kill_reason":"","alloc":"20-23"}}]}'
Sending '{"now":5.397838,"events":[]}'
Received '{"now":5.473406,"events":[{"timestamp":5.473406,"type":"JOB_SUBMITTED","data":{"job_id":"260d41!13","job":{"id":"260d41!13","profile":"LU.S.4","res":4,"subtime":5.465600,"walltime":4200}}}]}'
Sending '{"now":5.473406,"events":[{"timestamp":5.473406,"type":"EXECUTE_JOB","data":{"job_id":"260d41!13","alloc":"20-23"}}]}'
Received '{"now":5.602440,"events":[{"timestamp":5.602440,"type":"JOB_SUBMITTED","data":{"job_id":"260d41!14","job":{"id":"260d41!14","profile":"IS.S.4","res":4,"subtime":5.594634,"walltime":4200}}}]}'
Sending '{"now":5.60244,"events":[{"timestamp":5.60244,"type":"EXECUTE_JOB","data":{"job_id":"260d41!14","alloc":"28-31"}}]}'
Received '{"now":5.664250,"events":[{"timestamp":5.664250,"type":"JOB_COMPLETED","data":{"job_id":"260d41!11","job_state":"COMPLETED_SUCCESSFULLY","return_code":0,"kill_reason":"","alloc":"24-27"}}]}'
Sending '{"now":5.66425,"events":[]}'
Received '{"now":5.679872,"events":[{"timestamp":5.679872,"type":"JOB_SUBMITTED","data":{"job_id":"260d41!15","job":{"id":"260d41!15","profile":"FT.S.16","res":16,"subtime":5.670814,"walltime":4200}}}]}'
Sending '{"now":5.679872,"events":[{"timestamp":5.679872,"type":"EXECUTE_JOB","data":{"job_id":"260d41!15","alloc":"24-27 32-43"}}]}'
Received '{"now":5.718254,"events":[{"timestamp":5.718254,"type":"JOB_SUBMITTED","data":{"job_id":"260d41!16","job":{"id":"260d41!16","profile":"LU.S.16","res":16,"subtime":5.710448,"walltime":4200}}}]}'
Sending '{"now":5.718254,"events":[{"timestamp":5.718254,"type":"EXECUTE_JOB","data":{"job_id":"260d41!16","alloc":"44-59"}}]}'
Received '{"now":5.747521,"events":[{"timestamp":5.731913,"type":"JOB_COMPLETED","data":{"job_id":"260d41!14","job_state":"COMPLETED_SUCCESSFULLY","return_code":0,"kill_reason":"","alloc":"28-31"}}]}'
Sending '{"now":5.747521,"events":[]}'
Received '{"now":5.770858,"events":[{"timestamp":5.770858,"type":"JOB_COMPLETED","data":{"job_id":"260d41!9","job_state":"COMPLETED_SUCCESSFULLY","return_code":0,"kill_reason":"","alloc":"16-19"}}]}'
Sending '{"now":5.770858,"events":[]}'
Received '{"now":6.068787,"events":[{"timestamp":6.068787,"type":"JOB_COMPLETED","data":{"job_id":"260d41!15","job_state":"COMPLETED_SUCCESSFULLY","return_code":0,"kill_reason":"","alloc":"24-27 32-43"}}]}'
Sending '{"now":6.068787,"events":[]}'
Received '{"now":6.147813,"events":[{"timestamp":6.147813,"type":"JOB_SUBMITTED","data":{"job_id":"260d41!17","job":{"id":"260d41!17","profile":"MG.S.16","res":16,"subtime":6.140012,"walltime":4200}}}]}'
Sending '{"now":6.147813,"events":[{"timestamp":6.147813,"type":"EXECUTE_JOB","data":{"job_id":"260d41!17","alloc":"16-19 24-35"}}]}'
Received '{"now":6.821198,"events":[{"timestamp":6.821198,"type":"JOB_COMPLETED","data":{"job_id":"260d41!4","job_state":"COMPLETED_SUCCESSFULLY","return_code":0,"kill_reason":"","alloc":"0-15"}}]}'
Sending '{"now":6.821198,"events":[]}'
Received '{"now":6.930013,"events":[{"timestamp":6.930013,"type":"JOB_SUBMITTED","data":{"job_id":"260d41!18","job":{"id":"260d41!18","profile":"MG.S.16","res":16,"subtime":6.922207,"walltime":4200}}}]}'
Sending '{"now":6.930013,"events":[{"timestamp":6.930013,"type":"EXECUTE_JOB","data":{"job_id":"260d41!18","alloc":"0-15"}}]}'
Received '{"now":7.197819,"events":[{"timestamp":7.197819,"type":"JOB_SUBMITTED","data":{"job_id":"260d41!19","job":{"id":"260d41!19","profile":"LU.S.16","res":16,"subtime":7.190013,"walltime":4200}}}]}'
Sending '{"now":7.197819,"events":[]}'
Received '{"now":7.303293,"events":[{"timestamp":7.303293,"type":"JOB_SUBMITTED","data":{"job_id":"260d41!20","job":{"id":"260d41!20","profile":"FT.S.16","res":16,"subtime":7.295487,"walltime":4200}}}]}'
Sending '{"now":7.303293,"events":[]}'
Received '{"now":7.411087,"events":[{"timestamp":7.411087,"type":"JOB_SUBMITTED","data":{"job_id":"260d41!21","job":{"id":"260d41!21","profile":"FT.S.4","res":4,"subtime":7.403281,"walltime":4200}}}]}'
Sending '{"now":7.411087,"events":[]}'
Received '{"now":7.468567,"events":[{"timestamp":7.468567,"type":"JOB_SUBMITTED","data":{"job_id":"260d41!22","job":{"id":"260d41!22","profile":"SP.S.4","res":4,"subtime":7.460761,"walltime":4200}}}]}'
Sending '{"now":7.468567,"events":[]}'
Received '{"now":7.669125,"events":[{"timestamp":7.669125,"type":"JOB_COMPLETED","data":{"job_id":"260d41!17","job_state":"COMPLETED_SUCCESSFULLY","return_code":0,"kill_reason":"","alloc":"16-19 24-35"}}]}'
Sending '{"now":7.669125,"events":[{"timestamp":7.669125,"type":"EXECUTE_JOB","data":{"job_id":"260d41!19","alloc":"16-19 24-35"}}]}'
Received '{"now":7.889987,"events":[{"timestamp":7.889987,"type":"JOB_COMPLETED","data":{"job_id":"260d41!13","job_state":"COMPLETED_SUCCESSFULLY","return_code":0,"kill_reason":"","alloc":"20-23"}}]}'
Sending '{"now":7.889987,"events":[{"timestamp":7.889987,"type":"EXECUTE_JOB","data":{"job_id":"260d41!20","alloc":"20-23 36-43 60-63"}}]}'
Received '{"now":7.989648,"events":[{"timestamp":7.989648,"type":"JOB_COMPLETED","data":{"job_id":"260d41!18","job_state":"COMPLETED_SUCCESSFULLY","return_code":0,"kill_reason":"","alloc":"0-15"}}]}'
Sending '{"now":7.989648,"events":[{"timestamp":7.989648,"type":"EXECUTE_JOB","data":{"job_id":"260d41!21","alloc":"0-3"}},{"timestamp":7.989648,"type":"EXECUTE_JOB","data":{"job_id":"260d41!22","alloc":"4-7"}}]}'
Received '{"now":8.168793,"events":[{"timestamp":8.168793,"type":"JOB_COMPLETED","data":{"job_id":"260d41!21","job_state":"COMPLETED_SUCCESSFULLY","return_code":0,"kill_reason":"","alloc":"0-3"}}]}'
Sending '{"now":8.168793,"events":[]}'
Received '{"now":8.386492,"events":[{"timestamp":8.386492,"type":"JOB_COMPLETED","data":{"job_id":"260d41!20","job_state":"COMPLETED_SUCCESSFULLY","return_code":0,"kill_reason":"","alloc":"20-23 36-43 60-63"}}]}'
Sending '{"now":8.386492,"events":[]}'
Received '{"now":9.192538,"events":[{"timestamp":9.192538,"type":"JOB_COMPLETED","data":{"job_id":"260d41!22","job_state":"COMPLETED_SUCCESSFULLY","return_code":0,"kill_reason":"","alloc":"4-7"}}]}'
Sending '{"now":9.192538,"events":[]}'
Received '{"now":9.793129,"events":[{"timestamp":9.793129,"type":"JOB_SUBMITTED","data":{"job_id":"260d41!23","job":{"id":"260d41!23","profile":"MG.S.16","res":16,"subtime":9.785323,"walltime":4200}}}]}'
Sending '{"now":9.793129,"events":[{"timestamp":9.793129,"type":"EXECUTE_JOB","data":{"job_id":"260d41!23","alloc":"0-15"}}]}'
Received '{"now":9.915815,"events":[{"timestamp":9.915815,"type":"JOB_SUBMITTED","data":{"job_id":"260d41!24","job":{"id":"260d41!24","profile":"FT.S.16","res":16,"subtime":9.908009,"walltime":4200}}}]}'
Sending '{"now":9.915815,"events":[{"timestamp":9.915815,"type":"EXECUTE_JOB","data":{"job_id":"260d41!24","alloc":"20-23 36-43 60-63"}}]}'
Received '{"now":10.412416,"events":[{"timestamp":10.412416,"type":"JOB_COMPLETED","data":{"job_id":"260d41!24","job_state":"COMPLETED_SUCCESSFULLY","return_code":0,"kill_reason":"","alloc":"20-23 36-43 60-63"}}]}'
Sending '{"now":10.412416,"events":[]}'
Received '{"now":10.852814,"events":[{"timestamp":10.852814,"type":"JOB_COMPLETED","data":{"job_id":"260d41!23","job_state":"COMPLETED_SUCCESSFULLY","return_code":0,"kill_reason":"","alloc":"0-15"}}]}'
Sending '{"now":10.852814,"events":[]}'
Received '{"now":11.649962,"events":[{"timestamp":11.649962,"type":"JOB_SUBMITTED","data":{"job_id":"260d41!25","job":{"id":"260d41!25","profile":"IS.S.16","res":16,"subtime":11.642156,"walltime":4200}}}]}'
Sending '{"now":11.649962,"events":[{"timestamp":11.649962,"type":"EXECUTE_JOB","data":{"job_id":"260d41!25","alloc":"0-15"}}]}'
Received '{"now":11.835310,"events":[{"timestamp":11.835310,"type":"JOB_COMPLETED","data":{"job_id":"260d41!25","job_state":"COMPLETED_SUCCESSFULLY","return_code":0,"kill_reason":"","alloc":"0-15"}}]}'
Sending '{"now":11.83531,"events":[]}'
Received '{"now":12.034714,"events":[{"timestamp":12.034714,"type":"JOB_COMPLETED","data":{"job_id":"260d41!16","job_state":"COMPLETED_SUCCESSFULLY","return_code":0,"kill_reason":"","alloc":"44-59"}}]}'
Sending '{"now":12.034714,"events":[]}'
Received '{"now":12.369444,"events":[{"timestamp":12.369444,"type":"JOB_SUBMITTED","data":{"job_id":"260d41!26","job":{"id":"260d41!26","profile":"LU.S.4","res":4,"subtime":12.361638,"walltime":4200}}}]}'
Sending '{"now":12.369444,"events":[{"timestamp":12.369444,"type":"EXECUTE_JOB","data":{"job_id":"260d41!26","alloc":"0-3"}}]}'
Received '{"now":12.473343,"events":[{"timestamp":12.473343,"type":"JOB_SUBMITTED","data":{"job_id":"260d41!27","job":{"id":"260d41!27","profile":"BT.S.4","res":4,"subtime":12.465537,"walltime":4200}}}]}'
Sending '{"now":12.473343,"events":[{"timestamp":12.473343,"type":"EXECUTE_JOB","data":{"job_id":"260d41!27","alloc":"4-7"}}]}'
Received '{"now":12.539604,"events":[{"timestamp":12.539604,"type":"JOB_SUBMITTED","data":{"job_id":"260d41!28","job":{"id":"260d41!28","profile":"IS.S.16","res":16,"subtime":12.531798,"walltime":4200}}}]}'
Sending '{"now":12.539604,"events":[{"timestamp":12.539604,"type":"EXECUTE_JOB","data":{"job_id":"260d41!28","alloc":"8-15 20-23 36-39"}}]}'
Received '{"now":12.578491,"events":[{"timestamp":12.578491,"type":"JOB_SUBMITTED","data":{"job_id":"260d41!29","job":{"id":"260d41!29","profile":"SP.S.16","res":16,"subtime":12.570685,"walltime":4200}}}]}'
Sending '{"now":12.578491,"events":[{"timestamp":12.578491,"type":"EXECUTE_JOB","data":{"job_id":"260d41!29","alloc":"40-55"}}]}'
Received '{"now":12.738647,"events":[{"timestamp":12.738647,"type":"JOB_SUBMITTED","data":{"job_id":"260d41!30","job":{"id":"260d41!30","profile":"SP.S.16","res":16,"subtime":12.730841,"walltime":4200}}}]}'
Sending '{"now":12.738647,"events":[]}'
Received '{"now":12.778551,"events":[{"timestamp":12.778551,"type":"JOB_COMPLETED","data":{"job_id":"260d41!28","job_state":"COMPLETED_SUCCESSFULLY","return_code":0,"kill_reason":"","alloc":"8-15 20-23 36-39"}}]}'
Sending '{"now":12.778551,"events":[{"timestamp":12.778551,"type":"EXECUTE_JOB","data":{"job_id":"260d41!30","alloc":"8-15 20-23 36-39"}}]}'
Received '{"now":12.968252,"events":[{"timestamp":12.968252,"type":"JOB_SUBMITTED","data":{"job_id":"260d41!31","job":{"id":"260d41!31","profile":"BT.S.4","res":4,"subtime":12.960449,"walltime":4200}}}]}'
Sending '{"now":12.968252,"events":[{"timestamp":12.968252,"type":"EXECUTE_JOB","data":{"job_id":"260d41!31","alloc":"56-59"}}]}'
Received '{"now":13.104212,"events":[{"timestamp":13.104212,"type":"JOB_SUBMITTED","data":{"job_id":"260d41!32","job":{"id":"260d41!32","profile":"LU.S.4","res":4,"subtime":13.096415,"walltime":4200}}}]}'
Sending '{"now":13.104212,"events":[{"timestamp":13.104212,"type":"EXECUTE_JOB","data":{"job_id":"260d41!32","alloc":"60-63"}}]}'
Received '{"now":13.131799,"events":[{"timestamp":13.131799,"type":"JOB_SUBMITTED","data":{"job_id":"260d41!33","job":{"id":"260d41!33","profile":"BT.S.4","res":4,"subtime":13.123998,"walltime":4200}}}]}'
Sending '{"now":13.131799000000001,"events":[]}'
Received '{"now":13.153264,"events":[{"timestamp":13.145460,"type":"JOB_COMPLETED","data":{"job_id":"260d41!27","job_state":"COMPLETED_SUCCESSFULLY","return_code":0,"kill_reason":"","alloc":"4-7"}}]}'
Sending '{"now":13.153264,"events":[{"timestamp":13.153264,"type":"EXECUTE_JOB","data":{"job_id":"260d41!33","alloc":"4-7"}}]}'
Received '{"now":13.631968,"events":[{"timestamp":13.631968,"type":"JOB_COMPLETED","data":{"job_id":"260d41!19","job_state":"COMPLETED_SUCCESSFULLY","return_code":0,"kill_reason":"","alloc":"16-19 24-35"}}]}'
Sending '{"now":13.631968,"events":[]}'
Received '{"now":13.653432,"events":[{"timestamp":13.645628,"type":"JOB_COMPLETED","data":{"job_id":"260d41!31","job_state":"COMPLETED_SUCCESSFULLY","return_code":0,"kill_reason":"","alloc":"56-59"}}]}'
Sending '{"now":13.653432,"events":[]}'
Received '{"now":13.822528,"events":[{"timestamp":13.822528,"type":"JOB_COMPLETED","data":{"job_id":"260d41!33","job_state":"COMPLETED_SUCCESSFULLY","return_code":0,"kill_reason":"","alloc":"4-7"}}]}'
Sending '{"now":13.822528,"events":[]}'
Received '{"now":14.143585,"events":[{"timestamp":14.143585,"type":"JOB_SUBMITTED","data":{"job_id":"260d41!34","job":{"id":"260d41!34","profile":"LU.S.16","res":16,"subtime":14.135784,"walltime":4200}}}]}'
Sending '{"now":14.143585,"events":[{"timestamp":14.143585,"type":"EXECUTE_JOB","data":{"job_id":"260d41!34","alloc":"4-7 16-19 24-31"}}]}'
Received '{"now":14.784600,"events":[{"timestamp":14.784600,"type":"JOB_COMPLETED","data":{"job_id":"260d41!26","job_state":"COMPLETED_SUCCESSFULLY","return_code":0,"kill_reason":"","alloc":"0-3"}}]}'
Sending '{"now":14.7846,"events":[]}'
Received '{"now":14.806179,"events":[{"timestamp":14.806179,"type":"JOB_SUBMITTED","data":{"job_id":"260d41!35","job":{"id":"260d41!35","profile":"IS.S.16","res":16,"subtime":14.798376,"walltime":4200}}}]}'
Sending '{"now":14.806179,"events":[]}'
Received '{"now":14.851886,"events":[{"timestamp":14.851886,"type":"JOB_SUBMITTED","data":{"job_id":"260d41!36","job":{"id":"260d41!36","profile":"MG.S.4","res":4,"subtime":14.844080,"walltime":4200}}}]}'
Sending '{"now":14.851886,"events":[{"timestamp":14.851886,"type":"EXECUTE_JOB","data":{"job_id":"260d41!36","alloc":"56-59"}}]}'
Received '{"now":15.411002,"events":[{"timestamp":15.411002,"type":"JOB_COMPLETED","data":{"job_id":"260d41!36","job_state":"COMPLETED_SUCCESSFULLY","return_code":0,"kill_reason":"","alloc":"56-59"}}]}'
Sending '{"now":15.411002,"events":[]}'
Received '{"now":15.519093,"events":[{"timestamp":15.519093,"type":"JOB_COMPLETED","data":{"job_id":"260d41!32","job_state":"COMPLETED_SUCCESSFULLY","return_code":0,"kill_reason":"","alloc":"60-63"}}]}'
Sending '{"now":15.519093,"events":[{"timestamp":15.519093,"type":"EXECUTE_JOB","data":{"job_id":"260d41!35","alloc":"0-3 32-35 56-63"}}]}'
Received '{"now":15.762813,"events":[{"timestamp":15.762813,"type":"JOB_COMPLETED","data":{"job_id":"260d41!35","job_state":"COMPLETED_SUCCESSFULLY","return_code":0,"kill_reason":"","alloc":"0-3 32-35 56-63"}}]}'
Sending '{"now":15.762813,"events":[]}'
Received '{"now":16.048661,"events":[{"timestamp":16.048661,"type":"JOB_SUBMITTED","data":{"job_id":"260d41!37","job":{"id":"260d41!37","profile":"FT.S.16","res":16,"subtime":16.040863,"walltime":4200}}}]}'
Sending '{"now":16.048661,"events":[{"timestamp":16.048661,"type":"EXECUTE_JOB","data":{"job_id":"260d41!37","alloc":"0-3 32-35 56-63"}}]}'
Received '{"now":16.540726,"events":[{"timestamp":16.540726,"type":"JOB_COMPLETED","data":{"job_id":"260d41!37","job_state":"COMPLETED_SUCCESSFULLY","return_code":0,"kill_reason":"","alloc":"0-3 32-35 56-63"}}]}'
Sending '{"now":16.540726,"events":[]}'
Received '{"now":17.030601,"events":[{"timestamp":17.030601,"type":"JOB_SUBMITTED","data":{"job_id":"260d41!38","job":{"id":"260d41!38","profile":"CG.S.4","res":4,"subtime":17.022795,"walltime":4200}}}]}'
Sending '{"now":17.030601,"events":[{"timestamp":17.030601,"type":"EXECUTE_JOB","data":{"job_id":"260d41!38","alloc":"0-3"}}]}'
Received '{"now":17.077108,"events":[{"timestamp":17.077108,"type":"JOB_SUBMITTED","data":{"job_id":"260d41!39","job":{"id":"260d41!39","profile":"LU.S.4","res":4,"subtime":17.069311,"walltime":4200}}}]}'
Sending '{"now":17.077108,"events":[{"timestamp":17.077108,"type":"EXECUTE_JOB","data":{"job_id":"260d41!39","alloc":"32-35"}}]}'
Received '{"now":18.012771,"events":[{"timestamp":18.012771,"type":"JOB_SUBMITTED","data":{"job_id":"260d41!40","job":{"id":"260d41!40","profile":"FT.S.4","res":4,"subtime":18.004965,"walltime":4200}}}]}'
Sending '{"now":18.012771,"events":[{"timestamp":18.012771,"type":"EXECUTE_JOB","data":{"job_id":"260d41!40","alloc":"56-59"}}]}'
Received '{"now":18.151620,"events":[{"timestamp":18.151620,"type":"JOB_COMPLETED","data":{"job_id":"260d41!38","job_state":"COMPLETED_SUCCESSFULLY","return_code":0,"kill_reason":"","alloc":"0-3"}}]}'
Sending '{"now":18.15162,"events":[]}'
Received '{"now":18.199669,"events":[{"timestamp":18.199669,"type":"JOB_COMPLETED","data":{"job_id":"260d41!40","job_state":"COMPLETED_SUCCESSFULLY","return_code":0,"kill_reason":"","alloc":"56-59"}}]}'
Sending '{"now":18.199669,"events":[]}'
Received '{"now":18.506010,"events":[{"timestamp":18.506010,"type":"JOB_COMPLETED","data":{"job_id":"260d41!29","job_state":"COMPLETED_SUCCESSFULLY","return_code":0,"kill_reason":"","alloc":"40-55"}}]}'
Sending '{"now":18.50601,"events":[]}'
Received '{"now":19.492569,"events":[{"timestamp":19.492569,"type":"JOB_COMPLETED","data":{"job_id":"260d41!39","job_state":"COMPLETED_SUCCESSFULLY","return_code":0,"kill_reason":"","alloc":"32-35"}}]}'
Sending '{"now":19.492569,"events":[]}'
Received '{"now":20.443794,"events":[{"timestamp":20.443794,"type":"JOB_COMPLETED","data":{"job_id":"260d41!30","job_state":"COMPLETED_SUCCESSFULLY","return_code":0,"kill_reason":"","alloc":"8-15 20-23 36-39"}}]}'
Sending '{"now":20.443794,"events":[]}'
Received '{"now":21.157750,"events":[{"timestamp":21.157750,"type":"JOB_COMPLETED","data":{"job_id":"260d41!34","job_state":"COMPLETED_SUCCESSFULLY","return_code":0,"kill_reason":"","alloc":"4-7 16-19 24-31"}},{"timestamp":21.157750,"type":"SIMULATION_ENDS","data":{}}]}'
Sending '{"now":21.15775,"events":[]}'
