variant_options = '{"custom_mapping": true}'
Received '{"now":0.000000,"events":[{"timestamp":0.000000,"type":"SIMULATION_BEGINS","data":{"nb_resources":64,"allow_time_sharing":false,"config":{"redis":{"enabled":false,"hostname":"127.0.0.1","port":6379,"prefix":"default"},"job_submission":{"forward_profiles":false,"from_scheduler":{"enabled":false,"acknowledge":true}}},"resources_data":[{"id":0,"name":"n1","state":"idle","properties":{}},{"id":1,"name":"n2","state":"idle","properties":{}},{"id":2,"name":"n3","state":"idle","properties":{}},{"id":3,"name":"n4","state":"idle","properties":{}},{"id":4,"name":"n5","state":"idle","properties":{}},{"id":5,"name":"n6","state":"idle","properties":{}},{"id":6,"name":"n7","state":"idle","properties":{}},{"id":7,"name":"n8","state":"idle","properties":{}},{"id":8,"name":"n9","state":"idle","properties":{}},{"id":9,"name":"n10","state":"idle","properties":{}},{"id":10,"name":"n11","state":"idle","properties":{}},{"id":11,"name":"n12","state":"idle","properties":{}},{"id":12,"name":"n13","state":"idle","properties":{}},{"id":13,"name":"n14","state":"idle","properties":{}},{"id":14,"name":"n15","state":"idle","properties":{}},{"id":15,"name":"n16","state":"idle","properties":{}},{"id":16,"name":"n17","state":"idle","properties":{}},{"id":17,"name":"n18","state":"idle","properties":{}},{"id":18,"name":"n19","state":"idle","properties":{}},{"id":19,"name":"n20","state":"idle","properties":{}},{"id":20,"name":"n21","state":"idle","properties":{}},{"id":21,"name":"n22","state":"idle","properties":{}},{"id":22,"name":"n23","state":"idle","properties":{}},{"id":23,"name":"n24","state":"idle","properties":{}},{"id":24,"name":"n25","state":"idle","properties":{}},{"id":25,"name":"n26","state":"idle","properties":{}},{"id":26,"name":"n27","state":"idle","properties":{}},{"id":27,"name":"n28","state":"idle","properties":{}},{"id":28,"name":"n29","state":"idle","properties":{}},{"id":29,"name":"n30","state":"idle","properties":{}},{"id":30,"name":"n31","state":"idle","properties":{}},{"id":31,"name":"n32","state":"idle","properties":{}},{"id":32,"name":"n33","state":"idle","properties":{}},{"id":33,"name":"n34","state":"idle","properties":{}},{"id":34,"name":"n35","state":"idle","properties":{}},{"id":35,"name":"n36","state":"idle","properties":{}},{"id":36,"name":"n37","state":"idle","properties":{}},{"id":37,"name":"n38","state":"idle","properties":{}},{"id":38,"name":"n39","state":"idle","properties":{}},{"id":39,"name":"n40","state":"idle","properties":{}},{"id":40,"name":"n41","state":"idle","properties":{}},{"id":41,"name":"n42","state":"idle","properties":{}},{"id":42,"name":"n43","state":"idle","properties":{}},{"id":43,"name":"n44","state":"idle","properties":{}},{"id":44,"name":"n45","state":"idle","properties":{}},{"id":45,"name":"n46","state":"idle","properties":{}},{"id":46,"name":"n47","state":"idle","properties":{}},{"id":47,"name":"n48","state":"idle","properties":{}},{"id":48,"name":"n49","state":"idle","properties":{}},{"id":49,"name":"n50","state":"idle","properties":{}},{"id":50,"name":"n51","state":"idle","properties":{}},{"id":51,"name":"n52","state":"idle","properties":{}},{"id":52,"name":"n53","state":"idle","properties":{}},{"id":53,"name":"n54","state":"idle","properties":{}},{"id":54,"name":"n55","state":"idle","properties":{}},{"id":55,"name":"n56","state":"idle","properties":{}},{"id":56,"name":"n57","state":"idle","properties":{}},{"id":57,"name":"n58","state":"idle","properties":{}},{"id":58,"name":"n59","state":"idle","properties":{}},{"id":59,"name":"n60","state":"idle","properties":{}},{"id":60,"name":"n61","state":"idle","properties":{}},{"id":61,"name":"n62","state":"idle","properties":{}},{"id":62,"name":"n63","state":"idle","properties":{}},{"id":63,"name":"n64","state":"idle","properties":{}}],"workloads":{"4d0a44":"/github-simgrid/190311/../batsim-v2.0.0/workload_profiles/npb_60_jobs.json"}}}]}'
Sending '{"now":0.0,"events":[]}'
Received '{"now":0.118085,"events":[{"timestamp":0.118085,"type":"JOB_SUBMITTED","data":{"job_id":"4d0a44!1","job":{"id":"4d0a44!1","profile":"LU.S.4","res":4,"subtime":0.118055,"walltime":4200}}}]}'
Sending '{"now":0.118085,"events":[{"timestamp":0.118085,"type":"EXECUTE_JOB","data":{"job_id":"4d0a44!1","alloc":"0-3"}}]}'
Received '{"now":0.244737,"events":[{"timestamp":0.244737,"type":"JOB_SUBMITTED","data":{"job_id":"4d0a44!2","job":{"id":"4d0a44!2","profile":"SP.S.4","res":4,"subtime":0.244707,"walltime":4200}}}]}'
Sending '{"now":0.244737,"events":[{"timestamp":0.244737,"type":"EXECUTE_JOB","data":{"job_id":"4d0a44!2","alloc":"4-7"}}]}'
Received '{"now":0.501856,"events":[{"timestamp":0.501856,"type":"JOB_COMPLETED","data":{"job_id":"4d0a44!2","job_state":"COMPLETED_SUCCESSFULLY","return_code":0,"kill_reason":"","alloc":"4-7"}}]}'
Sending '{"now":0.501856,"events":[]}'
Received '{"now":0.823101,"events":[{"timestamp":0.823101,"type":"JOB_SUBMITTED","data":{"job_id":"4d0a44!3","job":{"id":"4d0a44!3","profile":"MG.S.4","res":4,"subtime":0.823071,"walltime":4200}}}]}'
Sending '{"now":0.823101,"events":[{"timestamp":0.823101,"type":"EXECUTE_JOB","data":{"job_id":"4d0a44!3","alloc":"4-7"}}]}'
Received '{"now":0.886801,"events":[{"timestamp":0.886801,"type":"JOB_COMPLETED","data":{"job_id":"4d0a44!1","job_state":"COMPLETED_SUCCESSFULLY","return_code":0,"kill_reason":"","alloc":"0-3"}}]}'
Sending '{"now":0.886801,"events":[]}'
Received '{"now":0.900467,"events":[{"timestamp":0.900467,"type":"JOB_SUBMITTED","data":{"job_id":"4d0a44!4","job":{"id":"4d0a44!4","profile":"FT.S.4","res":4,"subtime":0.900437,"walltime":4200}}}]}'
Sending '{"now":0.900467,"events":[{"timestamp":0.900467,"type":"EXECUTE_JOB","data":{"job_id":"4d0a44!4","alloc":"0-3"}}]}'
Received '{"now":0.900558,"events":[{"timestamp":0.900528,"type":"JOB_SUBMITTED","data":{"job_id":"4d0a44!5","job":{"id":"4d0a44!5","profile":"MG.S.16","res":16,"subtime":0.900472,"walltime":4200}}}]}'
Sending '{"now":0.900558,"events":[{"timestamp":0.900528,"type":"EXECUTE_JOB","data":{"job_id":"4d0a44!5","alloc":"8-23"}}]}'
Received '{"now":1.015405,"events":[{"timestamp":1.015405,"type":"JOB_COMPLETED","data":{"job_id":"4d0a44!3","job_state":"COMPLETED_SUCCESSFULLY","return_code":0,"kill_reason":"","alloc":"4-7"}}]}'
Sending '{"now":1.015405,"events":[]}'
Received '{"now":1.196087,"events":[{"timestamp":1.196087,"type":"JOB_COMPLETED","data":{"job_id":"4d0a44!4","job_state":"COMPLETED_SUCCESSFULLY","return_code":0,"kill_reason":"","alloc":"0-3"}}]}'
Sending '{"now":1.196087,"events":[]}'
Received '{"now":1.242174,"events":[{"timestamp":1.242174,"type":"JOB_COMPLETED","data":{"job_id":"4d0a44!5","job_state":"COMPLETED_SUCCESSFULLY","return_code":0,"kill_reason":"","alloc":"8-23"}}]}'
Sending '{"now":1.242174,"events":[]}'
Received '{"now":1.701936,"events":[{"timestamp":1.701936,"type":"JOB_SUBMITTED","data":{"job_id":"4d0a44!6","job":{"id":"4d0a44!6","profile":"FT.S.4","res":4,"subtime":1.701906,"walltime":4200}}}]}'
Sending '{"now":1.701936,"events":[{"timestamp":1.701936,"type":"EXECUTE_JOB","data":{"job_id":"4d0a44!6","alloc":"0-3"}}]}'
Received '{"now":1.884503,"events":[{"timestamp":1.884503,"type":"JOB_COMPLETED","data":{"job_id":"4d0a44!6","job_state":"COMPLETED_SUCCESSFULLY","return_code":0,"kill_reason":"","alloc":"0-3"}}]}'
Sending '{"now":1.884503,"events":[]}'
Received '{"now":2.472074,"events":[{"timestamp":2.472074,"type":"JOB_SUBMITTED","data":{"job_id":"4d0a44!7","job":{"id":"4d0a44!7","profile":"CG.S.4","res":4,"subtime":2.472044,"walltime":4200}}}]}'
Sending '{"now":2.472074,"events":[{"timestamp":2.472074,"type":"EXECUTE_JOB","data":{"job_id":"4d0a44!7","alloc":"0-3"}}]}'
Received '{"now":2.542742,"events":[{"timestamp":2.542742,"type":"JOB_SUBMITTED","data":{"job_id":"4d0a44!8","job":{"id":"4d0a44!8","profile":"MG.S.4","res":4,"subtime":2.542712,"walltime":4200}}}]}'
Sending '{"now":2.542742,"events":[{"timestamp":2.542742,"type":"EXECUTE_JOB","data":{"job_id":"4d0a44!8","alloc":"4-7"}}]}'
Received '{"now":2.710837,"events":[{"timestamp":2.710837,"type":"JOB_COMPLETED","data":{"job_id":"4d0a44!8","job_state":"COMPLETED_SUCCESSFULLY","return_code":0,"kill_reason":"","alloc":"4-7"}}]}'
Sending '{"now":2.710837,"events":[]}'
Received '{"now":2.779247,"events":[{"timestamp":2.779247,"type":"JOB_SUBMITTED","data":{"job_id":"4d0a44!9","job":{"id":"4d0a44!9","profile":"IS.S.4","res":4,"subtime":2.779217,"walltime":4200}}}]}'
Sending '{"now":2.779247,"events":[{"timestamp":2.779247,"type":"EXECUTE_JOB","data":{"job_id":"4d0a44!9","alloc":"4-7"}}]}'
Received '{"now":2.864385,"events":[{"timestamp":2.864385,"type":"JOB_COMPLETED","data":{"job_id":"4d0a44!9","job_state":"COMPLETED_SUCCESSFULLY","return_code":0,"kill_reason":"","alloc":"4-7"}}]}'
Sending '{"now":2.864385,"events":[]}'
Received '{"now":3.018004,"events":[{"timestamp":3.018004,"type":"JOB_COMPLETED","data":{"job_id":"4d0a44!7","job_state":"COMPLETED_SUCCESSFULLY","return_code":0,"kill_reason":"","alloc":"0-3"}}]}'
Sending '{"now":3.018004,"events":[]}'
Received '{"now":3.022866,"events":[{"timestamp":3.022866,"type":"JOB_SUBMITTED","data":{"job_id":"4d0a44!10","job":{"id":"4d0a44!10","profile":"CG.S.4","res":4,"subtime":3.022835,"walltime":4200}}}]}'
Sending '{"now":3.022866,"events":[{"timestamp":3.022866,"type":"EXECUTE_JOB","data":{"job_id":"4d0a44!10","alloc":"0-3"}}]}'
Received '{"now":3.534997,"events":[{"timestamp":3.534997,"type":"JOB_SUBMITTED","data":{"job_id":"4d0a44!11","job":{"id":"4d0a44!11","profile":"SP.S.16","res":16,"subtime":3.534967,"walltime":4200}}}]}'
Sending '{"now":3.534997,"events":[{"timestamp":3.534997,"type":"EXECUTE_JOB","data":{"job_id":"4d0a44!11","alloc":"4-19"}}]}'
Received '{"now":3.568711,"events":[{"timestamp":3.568711,"type":"JOB_COMPLETED","data":{"job_id":"4d0a44!10","job_state":"COMPLETED_SUCCESSFULLY","return_code":0,"kill_reason":"","alloc":"0-3"}}]}'
Sending '{"now":3.568711,"events":[]}'
Received '{"now":3.714383,"events":[{"timestamp":3.714383,"type":"JOB_SUBMITTED","data":{"job_id":"4d0a44!12","job":{"id":"4d0a44!12","profile":"IS.S.16","res":16,"subtime":3.714357,"walltime":4200}}}]}'
Sending '{"now":3.714383,"events":[{"timestamp":3.714383,"type":"EXECUTE_JOB","data":{"job_id":"4d0a44!12","alloc":"20-35"}}]}'
Received '{"now":3.820863,"events":[{"timestamp":3.820863,"type":"JOB_COMPLETED","data":{"job_id":"4d0a44!12","job_state":"COMPLETED_SUCCESSFULLY","return_code":0,"kill_reason":"","alloc":"20-35"}}]}'
Sending '{"now":3.820863,"events":[]}'
Received '{"now":4.497915,"events":[{"timestamp":4.497915,"type":"JOB_COMPLETED","data":{"job_id":"4d0a44!11","job_state":"COMPLETED_SUCCESSFULLY","return_code":0,"kill_reason":"","alloc":"4-19"}}]}'
Sending '{"now":4.497915,"events":[]}'
Received '{"now":4.639507,"events":[{"timestamp":4.639507,"type":"JOB_SUBMITTED","data":{"job_id":"4d0a44!13","job":{"id":"4d0a44!13","profile":"SP.S.16","res":16,"subtime":4.639476,"walltime":4200}}}]}'
Sending '{"now":4.639507,"events":[{"timestamp":4.639507,"type":"EXECUTE_JOB","data":{"job_id":"4d0a44!13","alloc":"0-15"}}]}'
Received '{"now":5.021992,"events":[{"timestamp":5.021992,"type":"JOB_SUBMITTED","data":{"job_id":"4d0a44!14","job":{"id":"4d0a44!14","profile":"MG.S.16","res":16,"subtime":5.021969,"walltime":4200}}}]}'
Sending '{"now":5.021992,"events":[{"timestamp":5.021992,"type":"EXECUTE_JOB","data":{"job_id":"4d0a44!14","alloc":"16-31"}}]}'
Received '{"now":5.047135,"events":[{"timestamp":5.047135,"type":"JOB_SUBMITTED","data":{"job_id":"4d0a44!15","job":{"id":"4d0a44!15","profile":"FT.S.16","res":16,"subtime":5.047104,"walltime":4200}}}]}'
Sending '{"now":5.047135,"events":[{"timestamp":5.047135,"type":"EXECUTE_JOB","data":{"job_id":"4d0a44!15","alloc":"32-47"}}]}'
Received '{"now":5.208657,"events":[{"timestamp":5.208657,"type":"JOB_SUBMITTED","data":{"job_id":"4d0a44!16","job":{"id":"4d0a44!16","profile":"FT.S.16","res":16,"subtime":5.208629,"walltime":4200}}}]}'
Sending '{"now":5.208657,"events":[{"timestamp":5.208657,"type":"EXECUTE_JOB","data":{"job_id":"4d0a44!16","alloc":"48-63"}}]}'
Received '{"now":5.344500,"events":[{"timestamp":5.344500,"type":"JOB_SUBMITTED","data":{"job_id":"4d0a44!17","job":{"id":"4d0a44!17","profile":"FT.S.16","res":16,"subtime":5.344478,"walltime":4200}}}]}'
Sending '{"now":5.3445,"events":[]}'
Received '{"now":5.616956,"events":[{"timestamp":5.616956,"type":"JOB_COMPLETED","data":{"job_id":"4d0a44!14","job_state":"COMPLETED_SUCCESSFULLY","return_code":0,"kill_reason":"","alloc":"16-31"}}]}'
Sending '{"now":5.616956,"events":[{"timestamp":5.616956,"type":"EXECUTE_JOB","data":{"job_id":"4d0a44!17","alloc":"16-31"}}]}'
Received '{"now":5.628433,"events":[{"timestamp":5.628433,"type":"JOB_SUBMITTED","data":{"job_id":"4d0a44!18","job":{"id":"4d0a44!18","profile":"SP.S.16","res":16,"subtime":5.628406,"walltime":4200}}}]}'
Sending '{"now":5.628433,"events":[]}'
Received '{"now":5.697261,"events":[{"timestamp":5.697261,"type":"JOB_COMPLETED","data":{"job_id":"4d0a44!13","job_state":"COMPLETED_SUCCESSFULLY","return_code":0,"kill_reason":"","alloc":"0-15"}}]}'
Sending '{"now":5.697261,"events":[{"timestamp":5.697261,"type":"EXECUTE_JOB","data":{"job_id":"4d0a44!18","alloc":"0-15"}}]}'
Received '{"now":5.741994,"events":[{"timestamp":5.741994,"type":"JOB_SUBMITTED","data":{"job_id":"4d0a44!19","job":{"id":"4d0a44!19","profile":"MG.S.16","res":16,"subtime":5.741963,"walltime":4200}}}]}'
Sending '{"now":5.741994,"events":[]}'
Received '{"now":5.759398,"events":[{"timestamp":5.759398,"type":"JOB_COMPLETED","data":{"job_id":"4d0a44!15","job_state":"COMPLETED_SUCCESSFULLY","return_code":0,"kill_reason":"","alloc":"32-47"}}]}'
Sending '{"now":5.759398,"events":[{"timestamp":5.759398,"type":"EXECUTE_JOB","data":{"job_id":"4d0a44!19","alloc":"32-47"}}]}'
Received '{"now":5.888467,"events":[{"timestamp":5.888467,"type":"JOB_SUBMITTED","data":{"job_id":"4d0a44!20","job":{"id":"4d0a44!20","profile":"CG.S.4","res":4,"subtime":5.888437,"walltime":4200}}}]}'
Sending '{"now":5.888467,"events":[]}'
Received '{"now":6.028665,"events":[{"timestamp":6.028665,"type":"JOB_COMPLETED","data":{"job_id":"4d0a44!16","job_state":"COMPLETED_SUCCESSFULLY","return_code":0,"kill_reason":"","alloc":"48-63"}}]}'
Sending '{"now":6.028665,"events":[{"timestamp":6.028665,"type":"EXECUTE_JOB","data":{"job_id":"4d0a44!20","alloc":"48-51"}}]}'
Received '{"now":6.309013,"events":[{"timestamp":6.309013,"type":"JOB_COMPLETED","data":{"job_id":"4d0a44!19","job_state":"COMPLETED_SUCCESSFULLY","return_code":0,"kill_reason":"","alloc":"32-47"}}]}'
Sending '{"now":6.309013,"events":[]}'
Received '{"now":6.322222,"events":[{"timestamp":6.322222,"type":"JOB_COMPLETED","data":{"job_id":"4d0a44!17","job_state":"COMPLETED_SUCCESSFULLY","return_code":0,"kill_reason":"","alloc":"16-31"}}]}'
Sending '{"now":6.322222,"events":[]}'
Received '{"now":6.577409,"events":[{"timestamp":6.577409,"type":"JOB_COMPLETED","data":{"job_id":"4d0a44!20","job_state":"COMPLETED_SUCCESSFULLY","return_code":0,"kill_reason":"","alloc":"48-51"}}]}'
Sending '{"now":6.577409,"events":[]}'
Received '{"now":6.738610,"events":[{"timestamp":6.738610,"type":"JOB_COMPLETED","data":{"job_id":"4d0a44!18","job_state":"COMPLETED_SUCCESSFULLY","return_code":0,"kill_reason":"","alloc":"0-15"}}]}'
Sending '{"now":6.73861,"events":[]}'
Received '{"now":6.760759,"events":[{"timestamp":6.760759,"type":"JOB_SUBMITTED","data":{"job_id":"4d0a44!21","job":{"id":"4d0a44!21","profile":"CG.S.4","res":4,"subtime":6.760729,"walltime":4200}}}]}'
Sending '{"now":6.760759,"events":[{"timestamp":6.760759,"type":"EXECUTE_JOB","data":{"job_id":"4d0a44!21","alloc":"0-3"}}]}'
Received '{"now":7.306775,"events":[{"timestamp":7.306775,"type":"JOB_COMPLETED","data":{"job_id":"4d0a44!21","job_state":"COMPLETED_SUCCESSFULLY","return_code":0,"kill_reason":"","alloc":"0-3"}}]}'
Sending '{"now":7.306775,"events":[]}'
Received '{"now":7.672682,"events":[{"timestamp":7.672682,"type":"JOB_SUBMITTED","data":{"job_id":"4d0a44!22","job":{"id":"4d0a44!22","profile":"LU.S.4","res":4,"subtime":7.672652,"walltime":4200}}}]}'
Sending '{"now":7.672682,"events":[{"timestamp":7.672682,"type":"EXECUTE_JOB","data":{"job_id":"4d0a44!22","alloc":"0-3"}}]}'
Received '{"now":7.851452,"events":[{"timestamp":7.851452,"type":"JOB_SUBMITTED","data":{"job_id":"4d0a44!23","job":{"id":"4d0a44!23","profile":"CG.S.16","res":16,"subtime":7.851421,"walltime":4200}}}]}'
Sending '{"now":7.851452,"events":[{"timestamp":7.851452,"type":"EXECUTE_JOB","data":{"job_id":"4d0a44!23","alloc":"4-19"}}]}'
Received '{"now":8.047609,"events":[{"timestamp":8.047609,"type":"JOB_SUBMITTED","data":{"job_id":"4d0a44!24","job":{"id":"4d0a44!24","profile":"SP.S.4","res":4,"subtime":8.047586,"walltime":4200}}}]}'
Sending '{"now":8.047609,"events":[{"timestamp":8.047609,"type":"EXECUTE_JOB","data":{"job_id":"4d0a44!24","alloc":"20-23"}}]}'
Received '{"now":8.299241,"events":[{"timestamp":8.299241,"type":"JOB_COMPLETED","data":{"job_id":"4d0a44!24","job_state":"COMPLETED_SUCCESSFULLY","return_code":0,"kill_reason":"","alloc":"20-23"}}]}'
Sending '{"now":8.299241,"events":[]}'
Received '{"now":8.440485,"events":[{"timestamp":8.440485,"type":"JOB_COMPLETED","data":{"job_id":"4d0a44!22","job_state":"COMPLETED_SUCCESSFULLY","return_code":0,"kill_reason":"","alloc":"0-3"}}]}'
Sending '{"now":8.440485,"events":[]}'
Received '{"now":8.823293,"events":[{"timestamp":8.823293,"type":"JOB_COMPLETED","data":{"job_id":"4d0a44!23","job_state":"COMPLETED_SUCCESSFULLY","return_code":0,"kill_reason":"","alloc":"4-19"}}]}'
Sending '{"now":8.823293,"events":[]}'
Received '{"now":9.175951,"events":[{"timestamp":9.175951,"type":"JOB_SUBMITTED","data":{"job_id":"4d0a44!25","job":{"id":"4d0a44!25","profile":"IS.S.16","res":16,"subtime":9.175921,"walltime":4200}}}]}'
Sending '{"now":9.175951,"events":[{"timestamp":9.175951,"type":"EXECUTE_JOB","data":{"job_id":"4d0a44!25","alloc":"0-15"}}]}'
Received '{"now":9.212956,"events":[{"timestamp":9.212956,"type":"JOB_SUBMITTED","data":{"job_id":"4d0a44!26","job":{"id":"4d0a44!26","profile":"LU.S.16","res":16,"subtime":9.212926,"walltime":4200}}}]}'
Sending '{"now":9.212956,"events":[{"timestamp":9.212956,"type":"EXECUTE_JOB","data":{"job_id":"4d0a44!26","alloc":"16-31"}}]}'
Received '{"now":9.276313,"events":[{"timestamp":9.276313,"type":"JOB_COMPLETED","data":{"job_id":"4d0a44!25","job_state":"COMPLETED_SUCCESSFULLY","return_code":0,"kill_reason":"","alloc":"0-15"}}]}'
Sending '{"now":9.276313,"events":[]}'
Received '{"now":9.325155,"events":[{"timestamp":9.325155,"type":"JOB_SUBMITTED","data":{"job_id":"4d0a44!27","job":{"id":"4d0a44!27","profile":"MG.S.16","res":16,"subtime":9.325125,"walltime":4200}}}]}'
Sending '{"now":9.325155,"events":[{"timestamp":9.325155,"type":"EXECUTE_JOB","data":{"job_id":"4d0a44!27","alloc":"0-15"}}]}'
Received '{"now":9.572803,"events":[{"timestamp":9.572803,"type":"JOB_SUBMITTED","data":{"job_id":"4d0a44!28","job":{"id":"4d0a44!28","profile":"FT.S.4","res":4,"subtime":9.572772,"walltime":4200}}}]}'
Sending '{"now":9.572803,"events":[{"timestamp":9.572803,"type":"EXECUTE_JOB","data":{"job_id":"4d0a44!28","alloc":"32-35"}}]}'
Received '{"now":9.667180,"events":[{"timestamp":9.667180,"type":"JOB_COMPLETED","data":{"job_id":"4d0a44!27","job_state":"COMPLETED_SUCCESSFULLY","return_code":0,"kill_reason":"","alloc":"0-15"}}]}'
Sending '{"now":9.66718,"events":[]}'
Received '{"now":9.683884,"events":[{"timestamp":9.683884,"type":"JOB_SUBMITTED","data":{"job_id":"4d0a44!29","job":{"id":"4d0a44!29","profile":"LU.S.16","res":16,"subtime":9.683862,"walltime":4200}}}]}'
Sending '{"now":9.683884,"events":[{"timestamp":9.683884,"type":"EXECUTE_JOB","data":{"job_id":"4d0a44!29","alloc":"0-15"}}]}'
Received '{"now":9.816041,"events":[{"timestamp":9.816041,"type":"JOB_COMPLETED","data":{"job_id":"4d0a44!28","job_state":"COMPLETED_SUCCESSFULLY","return_code":0,"kill_reason":"","alloc":"32-35"}}]}'
Sending '{"now":9.816041,"events":[]}'
Received '{"now":10.048072,"events":[{"timestamp":10.048072,"type":"JOB_SUBMITTED","data":{"job_id":"4d0a44!30","job":{"id":"4d0a44!30","profile":"MG.S.16","res":16,"subtime":10.048049,"walltime":4200}}}]}'
Sending '{"now":10.048072,"events":[{"timestamp":10.048072,"type":"EXECUTE_JOB","data":{"job_id":"4d0a44!30","alloc":"32-47"}}]}'
Received '{"now":10.188670,"events":[{"timestamp":10.188670,"type":"JOB_COMPLETED","data":{"job_id":"4d0a44!26","job_state":"COMPLETED_SUCCESSFULLY","return_code":0,"kill_reason":"","alloc":"16-31"}}]}'
Sending '{"now":10.18867,"events":[]}'
Received '{"now":10.416783,"events":[{"timestamp":10.416783,"type":"JOB_COMPLETED","data":{"job_id":"4d0a44!30","job_state":"COMPLETED_SUCCESSFULLY","return_code":0,"kill_reason":"","alloc":"32-47"}}]}'
Sending '{"now":10.416783,"events":[]}'
Received '{"now":10.572874,"events":[{"timestamp":10.572874,"type":"JOB_SUBMITTED","data":{"job_id":"4d0a44!31","job":{"id":"4d0a44!31","profile":"LU.S.4","res":4,"subtime":10.572844,"walltime":4200}}}]}'
Sending '{"now":10.572874,"events":[{"timestamp":10.572874,"type":"EXECUTE_JOB","data":{"job_id":"4d0a44!31","alloc":"16-19"}}]}'
Received '{"now":10.683256,"events":[{"timestamp":10.683256,"type":"JOB_COMPLETED","data":{"job_id":"4d0a44!29","job_state":"COMPLETED_SUCCESSFULLY","return_code":0,"kill_reason":"","alloc":"0-15"}}]}'
Sending '{"now":10.683256,"events":[]}'
Received '{"now":10.833717,"events":[{"timestamp":10.833717,"type":"JOB_SUBMITTED","data":{"job_id":"4d0a44!32","job":{"id":"4d0a44!32","profile":"FT.S.4","res":4,"subtime":10.833693,"walltime":4200}}}]}'
Sending '{"now":10.833717,"events":[{"timestamp":10.833717,"type":"EXECUTE_JOB","data":{"job_id":"4d0a44!32","alloc":"0-3"}}]}'
Received '{"now":11.016283,"events":[{"timestamp":11.016283,"type":"JOB_COMPLETED","data":{"job_id":"4d0a44!32","job_state":"COMPLETED_SUCCESSFULLY","return_code":0,"kill_reason":"","alloc":"0-3"}}]}'
Sending '{"now":11.016283,"events":[]}'
Received '{"now":11.267134,"events":[{"timestamp":11.267134,"type":"JOB_COMPLETED","data":{"job_id":"4d0a44!31","job_state":"COMPLETED_SUCCESSFULLY","return_code":0,"kill_reason":"","alloc":"16-19"}}]}'
Sending '{"now":11.267134,"events":[]}'
Received '{"now":11.649143,"events":[{"timestamp":11.649143,"type":"JOB_SUBMITTED","data":{"job_id":"4d0a44!33","job":{"id":"4d0a44!33","profile":"BT.S.16","res":16,"subtime":11.649112,"walltime":4200}}}]}'
Sending '{"now":11.649143,"events":[{"timestamp":11.649143,"type":"EXECUTE_JOB","data":{"job_id":"4d0a44!33","alloc":"0-15"}}]}'
Received '{"now":12.216970,"events":[{"timestamp":12.216970,"type":"JOB_SUBMITTED","data":{"job_id":"4d0a44!34","job":{"id":"4d0a44!34","profile":"SP.S.16","res":16,"subtime":12.216940,"walltime":4200}}}]}'
Sending '{"now":12.21697,"events":[{"timestamp":12.21697,"type":"EXECUTE_JOB","data":{"job_id":"4d0a44!34","alloc":"16-31"}}]}'
Received '{"now":12.570681,"events":[{"timestamp":12.570681,"type":"JOB_SUBMITTED","data":{"job_id":"4d0a44!35","job":{"id":"4d0a44!35","profile":"IS.S.4","res":4,"subtime":12.570651,"walltime":4200}}}]}'
Sending '{"now":12.570681,"events":[{"timestamp":12.570681,"type":"EXECUTE_JOB","data":{"job_id":"4d0a44!35","alloc":"32-35"}}]}'
Received '{"now":12.597717,"events":[{"timestamp":12.597717,"type":"JOB_SUBMITTED","data":{"job_id":"4d0a44!36","job":{"id":"4d0a44!36","profile":"MG.S.4","res":4,"subtime":12.597695,"walltime":4200}}}]}'
Sending '{"now":12.597717,"events":[{"timestamp":12.597717,"type":"EXECUTE_JOB","data":{"job_id":"4d0a44!36","alloc":"36-39"}}]}'
Received '{"now":12.757931,"events":[{"timestamp":12.757931,"type":"JOB_COMPLETED","data":{"job_id":"4d0a44!35","job_state":"COMPLETED_SUCCESSFULLY","return_code":0,"kill_reason":"","alloc":"32-35"}}]}'
Sending '{"now":12.757931,"events":[]}'
Received '{"now":12.800162,"events":[{"timestamp":12.800162,"type":"JOB_COMPLETED","data":{"job_id":"4d0a44!33","job_state":"COMPLETED_SUCCESSFULLY","return_code":0,"kill_reason":"","alloc":"0-15"}}]}'
Sending '{"now":12.800162,"events":[]}'
Received '{"now":12.844310,"events":[{"timestamp":12.844310,"type":"JOB_COMPLETED","data":{"job_id":"4d0a44!36","job_state":"COMPLETED_SUCCESSFULLY","return_code":0,"kill_reason":"","alloc":"36-39"}}]}'
Sending '{"now":12.84431,"events":[]}'
Received '{"now":13.075456,"events":[{"timestamp":13.075456,"type":"JOB_SUBMITTED","data":{"job_id":"4d0a44!37","job":{"id":"4d0a44!37","profile":"CG.S.4","res":4,"subtime":13.075426,"walltime":4200}}}]}'
Sending '{"now":13.075456,"events":[{"timestamp":13.075456,"type":"EXECUTE_JOB","data":{"job_id":"4d0a44!37","alloc":"0-3"}}]}'
Received '{"now":13.243914,"events":[{"timestamp":13.243914,"type":"JOB_COMPLETED","data":{"job_id":"4d0a44!34","job_state":"COMPLETED_SUCCESSFULLY","return_code":0,"kill_reason":"","alloc":"16-31"}}]}'
Sending '{"now":13.243914,"events":[]}'
Received '{"now":13.394792,"events":[{"timestamp":13.394792,"type":"JOB_SUBMITTED","data":{"job_id":"4d0a44!38","job":{"id":"4d0a44!38","profile":"CG.S.16","res":16,"subtime":13.394762,"walltime":4200}}}]}'
Sending '{"now":13.394792,"events":[{"timestamp":13.394792,"type":"EXECUTE_JOB","data":{"job_id":"4d0a44!38","alloc":"4-19"}}]}'
Received '{"now":13.620345,"events":[{"timestamp":13.620345,"type":"JOB_COMPLETED","data":{"job_id":"4d0a44!37","job_state":"COMPLETED_SUCCESSFULLY","return_code":0,"kill_reason":"","alloc":"0-3"}}]}'
Sending '{"now":13.620345,"events":[]}'
Received '{"now":13.851544,"events":[{"timestamp":13.851544,"type":"JOB_SUBMITTED","data":{"job_id":"4d0a44!39","job":{"id":"4d0a44!39","profile":"BT.S.4","res":4,"subtime":13.851517,"walltime":4200}}}]}'
Sending '{"now":13.851544,"events":[{"timestamp":13.851544,"type":"EXECUTE_JOB","data":{"job_id":"4d0a44!39","alloc":"0-3"}}]}'
Received '{"now":13.997864,"events":[{"timestamp":13.997864,"type":"JOB_SUBMITTED","data":{"job_id":"4d0a44!40","job":{"id":"4d0a44!40","profile":"IS.S.4","res":4,"subtime":13.997843,"walltime":4200}}}]}'
Sending '{"now":13.997864,"events":[{"timestamp":13.997864,"type":"EXECUTE_JOB","data":{"job_id":"4d0a44!40","alloc":"20-23"}}]}'
Received '{"now":14.072018,"events":[{"timestamp":14.072018,"type":"JOB_COMPLETED","data":{"job_id":"4d0a44!39","job_state":"COMPLETED_SUCCESSFULLY","return_code":0,"kill_reason":"","alloc":"0-3"}}]}'
Sending '{"now":14.072018,"events":[]}'
Received '{"now":14.081119,"events":[{"timestamp":14.081119,"type":"JOB_COMPLETED","data":{"job_id":"4d0a44!40","job_state":"COMPLETED_SUCCESSFULLY","return_code":0,"kill_reason":"","alloc":"20-23"}}]}'
Sending '{"now":14.081119,"events":[]}'
Received '{"now":14.366833,"events":[{"timestamp":14.366833,"type":"JOB_COMPLETED","data":{"job_id":"4d0a44!38","job_state":"COMPLETED_SUCCESSFULLY","return_code":0,"kill_reason":"","alloc":"4-19"}}]}'
Sending '{"now":14.366833,"events":[]}'
Received '{"now":14.488682,"events":[{"timestamp":14.488682,"type":"JOB_SUBMITTED","data":{"job_id":"4d0a44!41","job":{"id":"4d0a44!41","profile":"CG.S.4","res":4,"subtime":14.488651,"walltime":4200}}}]}'
Sending '{"now":14.488682,"events":[{"timestamp":14.488682,"type":"EXECUTE_JOB","data":{"job_id":"4d0a44!41","alloc":"0-3"}}]}'
Received '{"now":14.839815,"events":[{"timestamp":14.839815,"type":"JOB_SUBMITTED","data":{"job_id":"4d0a44!42","job":{"id":"4d0a44!42","profile":"BT.S.16","res":16,"subtime":14.839785,"walltime":4200}}}]}'
Sending '{"now":14.839815,"events":[{"timestamp":14.839815,"type":"EXECUTE_JOB","data":{"job_id":"4d0a44!42","alloc":"4-19"}}]}'
Received '{"now":14.919326,"events":[{"timestamp":14.919326,"type":"JOB_SUBMITTED","data":{"job_id":"4d0a44!43","job":{"id":"4d0a44!43","profile":"MG.S.16","res":16,"subtime":14.919296,"walltime":4200}}}]}'
Sending '{"now":14.919326,"events":[{"timestamp":14.919326,"type":"EXECUTE_JOB","data":{"job_id":"4d0a44!43","alloc":"20-35"}}]}'
Received '{"now":15.034487,"events":[{"timestamp":15.034487,"type":"JOB_COMPLETED","data":{"job_id":"4d0a44!41","job_state":"COMPLETED_SUCCESSFULLY","return_code":0,"kill_reason":"","alloc":"0-3"}}]}'
Sending '{"now":15.034487,"events":[]}'
Received '{"now":15.322205,"events":[{"timestamp":15.322205,"type":"JOB_COMPLETED","data":{"job_id":"4d0a44!43","job_state":"COMPLETED_SUCCESSFULLY","return_code":0,"kill_reason":"","alloc":"20-35"}}]}'
Sending '{"now":15.322205,"events":[]}'
Received '{"now":15.354994,"events":[{"timestamp":15.354994,"type":"JOB_SUBMITTED","data":{"job_id":"4d0a44!44","job":{"id":"4d0a44!44","profile":"SP.S.4","res":4,"subtime":15.354963,"walltime":4200}}}]}'
Sending '{"now":15.354994,"events":[{"timestamp":15.354994,"type":"EXECUTE_JOB","data":{"job_id":"4d0a44!44","alloc":"0-3"}}]}'
Received '{"now":15.641630,"events":[{"timestamp":15.641630,"type":"JOB_COMPLETED","data":{"job_id":"4d0a44!44","job_state":"COMPLETED_SUCCESSFULLY","return_code":0,"kill_reason":"","alloc":"0-3"}}]}'
Sending '{"now":15.64163,"events":[]}'
Received '{"now":15.905729,"events":[{"timestamp":15.905729,"type":"JOB_COMPLETED","data":{"job_id":"4d0a44!42","job_state":"COMPLETED_SUCCESSFULLY","return_code":0,"kill_reason":"","alloc":"4-19"}}]}'
Sending '{"now":15.905729,"events":[]}'
Received '{"now":15.925007,"events":[{"timestamp":15.925007,"type":"JOB_SUBMITTED","data":{"job_id":"4d0a44!45","job":{"id":"4d0a44!45","profile":"LU.S.4","res":4,"subtime":15.924977,"walltime":4200}}}]}'
Sending '{"now":15.925007,"events":[{"timestamp":15.925007,"type":"EXECUTE_JOB","data":{"job_id":"4d0a44!45","alloc":"0-3"}}]}'
Received '{"now":16.100527,"events":[{"timestamp":16.100527,"type":"JOB_SUBMITTED","data":{"job_id":"4d0a44!46","job":{"id":"4d0a44!46","profile":"CG.S.16","res":16,"subtime":16.100497,"walltime":4200}}}]}'
Sending '{"now":16.100527,"events":[{"timestamp":16.100527,"type":"EXECUTE_JOB","data":{"job_id":"4d0a44!46","alloc":"4-19"}}]}'
Received '{"now":16.300337,"events":[{"timestamp":16.300337,"type":"JOB_SUBMITTED","data":{"job_id":"4d0a44!47","job":{"id":"4d0a44!47","profile":"BT.S.16","res":16,"subtime":16.300307,"walltime":4200}}}]}'
Sending '{"now":16.300337,"events":[{"timestamp":16.300337,"type":"EXECUTE_JOB","data":{"job_id":"4d0a44!47","alloc":"20-35"}}]}'
Received '{"now":16.341000,"events":[{"timestamp":16.341000,"type":"JOB_SUBMITTED","data":{"job_id":"4d0a44!48","job":{"id":"4d0a44!48","profile":"FT.S.16","res":16,"subtime":16.340970,"walltime":4200}}}]}'
Sending '{"now":16.341,"events":[{"timestamp":16.341,"type":"EXECUTE_JOB","data":{"job_id":"4d0a44!48","alloc":"36-51"}}]}'
Received '{"now":16.693369,"events":[{"timestamp":16.693369,"type":"JOB_COMPLETED","data":{"job_id":"4d0a44!45","job_state":"COMPLETED_SUCCESSFULLY","return_code":0,"kill_reason":"","alloc":"0-3"}}]}'
Sending '{"now":16.693369,"events":[]}'
Received '{"now":16.744928,"events":[{"timestamp":16.744928,"type":"JOB_SUBMITTED","data":{"job_id":"4d0a44!49","job":{"id":"4d0a44!49","profile":"MG.S.4","res":4,"subtime":16.744902,"walltime":4200}}}]}'
Sending '{"now":16.744928,"events":[{"timestamp":16.744928,"type":"EXECUTE_JOB","data":{"job_id":"4d0a44!49","alloc":"0-3"}}]}'
Received '{"now":16.792973,"events":[{"timestamp":16.792973,"type":"JOB_COMPLETED","data":{"job_id":"4d0a44!48","job_state":"COMPLETED_SUCCESSFULLY","return_code":0,"kill_reason":"","alloc":"36-51"}}]}'
Sending '{"now":16.792973,"events":[]}'
Received '{"now":16.954646,"events":[{"timestamp":16.954646,"type":"JOB_COMPLETED","data":{"job_id":"4d0a44!49","job_state":"COMPLETED_SUCCESSFULLY","return_code":0,"kill_reason":"","alloc":"0-3"}}]}'
Sending '{"now":16.954646,"events":[]}'
Received '{"now":17.072364,"events":[{"timestamp":17.072364,"type":"JOB_COMPLETED","data":{"job_id":"4d0a44!46","job_state":"COMPLETED_SUCCESSFULLY","return_code":0,"kill_reason":"","alloc":"4-19"}}]}'
Sending '{"now":17.072364,"events":[]}'
Received '{"now":17.311052,"events":[{"timestamp":17.311052,"type":"JOB_SUBMITTED","data":{"job_id":"4d0a44!50","job":{"id":"4d0a44!50","profile":"CG.S.16","res":16,"subtime":17.311022,"walltime":4200}}}]}'
Sending '{"now":17.311052,"events":[{"timestamp":17.311052,"type":"EXECUTE_JOB","data":{"job_id":"4d0a44!50","alloc":"0-15"}}]}'
Received '{"now":17.495083,"events":[{"timestamp":17.495083,"type":"JOB_COMPLETED","data":{"job_id":"4d0a44!47","job_state":"COMPLETED_SUCCESSFULLY","return_code":0,"kill_reason":"","alloc":"20-35"}}]}'
Sending '{"now":17.495083,"events":[]}'
Received '{"now":17.830136,"events":[{"timestamp":17.830136,"type":"JOB_SUBMITTED","data":{"job_id":"4d0a44!51","job":{"id":"4d0a44!51","profile":"BT.S.16","res":16,"subtime":17.830106,"walltime":4200}}}]}'
Sending '{"now":17.830136,"events":[{"timestamp":17.830136,"type":"EXECUTE_JOB","data":{"job_id":"4d0a44!51","alloc":"16-31"}}]}'
Received '{"now":17.983979,"events":[{"timestamp":17.983979,"type":"JOB_SUBMITTED","data":{"job_id":"4d0a44!52","job":{"id":"4d0a44!52","profile":"CG.S.4","res":4,"subtime":17.983949,"walltime":4200}}}]}'
Sending '{"now":17.983979,"events":[{"timestamp":17.983979,"type":"EXECUTE_JOB","data":{"job_id":"4d0a44!52","alloc":"32-35"}}]}'
Received '{"now":18.121997,"events":[{"timestamp":18.121997,"type":"JOB_SUBMITTED","data":{"job_id":"4d0a44!53","job":{"id":"4d0a44!53","profile":"CG.S.16","res":16,"subtime":18.121967,"walltime":4200}}}]}'
Sending '{"now":18.121997,"events":[{"timestamp":18.121997,"type":"EXECUTE_JOB","data":{"job_id":"4d0a44!53","alloc":"36-51"}}]}'
Received '{"now":18.283422,"events":[{"timestamp":18.283422,"type":"JOB_COMPLETED","data":{"job_id":"4d0a44!50","job_state":"COMPLETED_SUCCESSFULLY","return_code":0,"kill_reason":"","alloc":"0-15"}}]}'
Sending '{"now":18.283422,"events":[]}'
Received '{"now":18.470165,"events":[{"timestamp":18.470165,"type":"JOB_COMPLETED","data":{"job_id":"4d0a44!52","job_state":"COMPLETED_SUCCESSFULLY","return_code":0,"kill_reason":"","alloc":"32-35"}}]}'
Sending '{"now":18.470165,"events":[]}'
Received '{"now":18.504295,"events":[{"timestamp":18.504295,"type":"JOB_SUBMITTED","data":{"job_id":"4d0a44!54","job":{"id":"4d0a44!54","profile":"BT.S.16","res":16,"subtime":18.504265,"walltime":4200}}}]}'
Sending '{"now":18.504295,"events":[{"timestamp":18.504295,"type":"EXECUTE_JOB","data":{"job_id":"4d0a44!54","alloc":"0-15"}}]}'
Received '{"now":18.659357,"events":[{"timestamp":18.659357,"type":"JOB_SUBMITTED","data":{"job_id":"4d0a44!55","job":{"id":"4d0a44!55","profile":"MG.S.16","res":16,"subtime":18.659337,"walltime":4200}}}]}'
Sending '{"now":18.659357,"events":[]}'
Received '{"now":18.708619,"events":[{"timestamp":18.708619,"type":"JOB_SUBMITTED","data":{"job_id":"4d0a44!56","job":{"id":"4d0a44!56","profile":"CG.S.16","res":16,"subtime":18.708588,"walltime":4200}}}]}'
Sending '{"now":18.708619,"events":[]}'
Received '{"now":18.773344,"events":[{"timestamp":18.773344,"type":"JOB_SUBMITTED","data":{"job_id":"4d0a44!57","job":{"id":"4d0a44!57","profile":"SP.S.16","res":16,"subtime":18.773314,"walltime":4200}}}]}'
Sending '{"now":18.773344,"events":[]}'
Received '{"now":18.919458,"events":[{"timestamp":18.919458,"type":"JOB_SUBMITTED","data":{"job_id":"4d0a44!58","job":{"id":"4d0a44!58","profile":"CG.S.4","res":4,"subtime":18.919428,"walltime":4200}}}]}'
Sending '{"now":18.919458,"events":[{"timestamp":18.919458,"type":"EXECUTE_JOB","data":{"job_id":"4d0a44!58","alloc":"32-35"}}]}'
Received '{"now":19.039772,"events":[{"timestamp":19.039772,"type":"JOB_COMPLETED","data":{"job_id":"4d0a44!51","job_state":"COMPLETED_SUCCESSFULLY","return_code":0,"kill_reason":"","alloc":"16-31"}}]}'
Sending '{"now":19.039772,"events":[{"timestamp":19.039772,"type":"EXECUTE_JOB","data":{"job_id":"4d0a44!55","alloc":"16-31"}}]}'
Received '{"now":19.054566,"events":[{"timestamp":19.054566,"type":"JOB_COMPLETED","data":{"job_id":"4d0a44!53","job_state":"COMPLETED_SUCCESSFULLY","return_code":0,"kill_reason":"","alloc":"36-51"}}]}'
Sending '{"now":19.054566,"events":[{"timestamp":19.054566,"type":"EXECUTE_JOB","data":{"job_id":"4d0a44!56","alloc":"36-51"}}]}'
Received '{"now":19.112554,"events":[{"timestamp":19.112554,"type":"JOB_SUBMITTED","data":{"job_id":"4d0a44!59","job":{"id":"4d0a44!59","profile":"SP.S.16","res":16,"subtime":19.112524,"walltime":4200}}}]}'
Sending '{"now":19.112554,"events":[]}'
Received '{"now":19.124905,"events":[{"timestamp":19.124905,"type":"JOB_SUBMITTED","data":{"job_id":"4d0a44!60","job":{"id":"4d0a44!60","profile":"BT.S.16","res":16,"subtime":19.124875,"walltime":4200}}}]}'
Sending '{"now":19.124905,"events":[]}'
Received '{"now":19.406074,"events":[{"timestamp":19.406074,"type":"JOB_COMPLETED","data":{"job_id":"4d0a44!58","job_state":"COMPLETED_SUCCESSFULLY","return_code":0,"kill_reason":"","alloc":"32-35"}}]}'
Sending '{"now":19.406074,"events":[]}'
Received '{"now":19.476008,"events":[{"timestamp":19.476008,"type":"JOB_COMPLETED","data":{"job_id":"4d0a44!55","job_state":"COMPLETED_SUCCESSFULLY","return_code":0,"kill_reason":"","alloc":"16-31"}}]}'
Sending '{"now":19.476008,"events":[{"timestamp":19.476008,"type":"EXECUTE_JOB","data":{"job_id":"4d0a44!57","alloc":"16-31"}}]}'
Received '{"now":19.868243,"events":[{"timestamp":19.868243,"type":"JOB_COMPLETED","data":{"job_id":"4d0a44!54","job_state":"COMPLETED_SUCCESSFULLY","return_code":0,"kill_reason":"","alloc":"0-15"}}]}'
Sending '{"now":19.868243,"events":[{"timestamp":19.868243,"type":"EXECUTE_JOB","data":{"job_id":"4d0a44!59","alloc":"0-15"}}]}'
Received '{"now":20.055521,"events":[{"timestamp":20.055521,"type":"JOB_COMPLETED","data":{"job_id":"4d0a44!56","job_state":"COMPLETED_SUCCESSFULLY","return_code":0,"kill_reason":"","alloc":"36-51"}}]}'
Sending '{"now":20.055521,"events":[{"timestamp":20.055521,"type":"EXECUTE_JOB","data":{"job_id":"4d0a44!60","alloc":"32-47"}}]}'
Received '{"now":20.668632,"events":[{"timestamp":20.668632,"type":"JOB_COMPLETED","data":{"job_id":"4d0a44!57","job_state":"COMPLETED_SUCCESSFULLY","return_code":0,"kill_reason":"","alloc":"16-31"}}]}'
Sending '{"now":20.668632,"events":[]}'
Received '{"now":21.059647,"events":[{"timestamp":21.059647,"type":"JOB_COMPLETED","data":{"job_id":"4d0a44!59","job_state":"COMPLETED_SUCCESSFULLY","return_code":0,"kill_reason":"","alloc":"0-15"}}]}'
Sending '{"now":21.059647,"events":[]}'
Received '{"now":21.420591,"events":[{"timestamp":21.420591,"type":"JOB_COMPLETED","data":{"job_id":"4d0a44!60","job_state":"COMPLETED_SUCCESSFULLY","return_code":0,"kill_reason":"","alloc":"32-47"}},{"timestamp":21.420591,"type":"SIMULATION_ENDS","data":{}}]}'
Sending '{"now":21.420591,"events":[]}'
