/home/koibuchi/simgrid/copyX20141203/MpiEnv/config/petra20170524/../../../MpiEnv/../MpiEnv/simgrid/inst/bin//smpirun -np 64  --cfg=smpi/privatize_global_variables:yes -platform /home/koibuchi/simgrid/copyX20141203/MpiEnv/config/petra20170524/platforms/0_3torus-4-4-4-400Gbps.xml -hostfile /home/koibuchi/simgrid/copyX20141203/MpiEnv/config/petra20170524/platforms/0_3torus-4-4-4-400Gbps.txt  /tmp/mpienv_bt.B.6420170524-5485-lu0uzo/bt.B.64  
perl: warning: Setting locale failed.
perl: warning: Please check that your locale settings:
	LANGUAGE = "en_US:en",
	LC_ALL = (unset),
	LC_CTYPE = "ja_JP.UTF-8",
	LANG = "en_US.UTF-8"
    are supported and installed on your system.
perl: warning: Falling back to a fallback locale ("en_US.UTF-8").
[0.000000] [xbt_cfg/INFO] Configuration change: Set 'surf/precision' to '1e-9'
[0.000000] [xbt_cfg/INFO] Configuration change: Set 'network/model' to 'SMPI'
[0.000000] [xbt_cfg/INFO] Configuration change: Set 'network/TCP_gamma' to '4194304'
[0.000000] [xbt_cfg/INFO] Configuration change: Set 'smpi/privatize_global_variables' to 'yes'
[0.000000] [xbt_cfg/INFO] Configuration change: Set 'cpu/optim' to 'Lazy'
[0.000000] [xbt_cfg/INFO] Configuration change: Set 'maxmin/precision' to '1e-4'
[0.000000] [xbt_cfg/INFO] Configuration change: Set 'smpi/coll_selector' to 'mvapich2'
[0.000000] [xbt_cfg/INFO] Configuration change: Set 'smpi/cpu_threshold' to '0.00000000001'
[0.000000] [xbt_cfg/INFO] Configuration change: Set 'smpi/running_power' to '50000000000.0'
[0.000000] [xbt_cfg/INFO] Configuration change: Set 'network/optim' to 'Lazy'
[0.000000] [xbt_cfg/INFO] Configuration change: Set 'smpi/display_timing' to '1'
[0.000000] [surf_parse/INFO] The custom configuration 'network/model' is already defined by user!
[0.000000] [surf_config/INFO] Switching workstation model to compound since you changed the network and/or cpu model(s)


 NAS Parallel Benchmarks 3.3 -- BT Benchmark 

 No input file inputbt.data. Using compiled defaults
 Size:  102x 102x 102
 Iterations:  200    dt:   0.0003000
 Number of active processes:    64

 Time step    1
 Time step   20
 Time step   40
 Time step   60
 Time step   80
 Time step  100
 Time step  120
 Time step  140
 Time step  160
 Time step  180
 Time step  200
 Verification being performed for class B
 accuracy setting for epsilon =  0.1000000000000E-07
 Comparison of RMS-norms of residual
           1 0.1423359722929E+04 0.1423359722929E+04 0.9424916719961E-14
           2 0.9933052259015E+02 0.9933052259015E+02 0.3433592256150E-14
           3 0.3564602564454E+03 0.3564602564454E+03 0.8770649689031E-14
           4 0.3248544795908E+03 0.3248544795908E+03 0.9099021150901E-14
           5 0.3270754125466E+04 0.3270754125466E+04 0.7924961035350E-14
 Comparison of RMS-norms of solution error
           1 0.5296984714094E+02 0.5296984714094E+02 0.3219383588718E-14
           2 0.4463289611567E+01 0.4463289611567E+01 0.1213877841610E-13
           3 0.1312257334221E+02 0.1312257334221E+02 0.7986623567765E-14
           4 0.1200692532356E+02 0.1200692532356E+02 0.9764327522749E-14
           5 0.1245957615104E+03 0.1245957615104E+03 0.1117745696329E-13
 Verification Successful


 BT Benchmark Completed.
 Class           =                        B
 Size            =            102x 102x 102
 Iterations      =                      200
 Time in seconds =                     0.04
 Total processes =                       64
 Compiled procs  =                       64
 Mop/s total     =              18593151.76
 Mop/s/process   =                290518.00
 Operation type  =           floating point
 Verification    =               SUCCESSFUL
 Version         =                    3.3.1
 Compile date    =              24 May 2017

 Compile options:
    MPIF77       = ${SIMGRID_PATH}/bin/smpiff
    FLINK        = $(MPIF77)
    FMPI_LIB     = -lsimgrid -lgfortran #-lsmpi -lgras  
    FMPI_INC     = -I${SIMGRID_PATH}/include/smpi/
    FFLAGS       = -O
    FLINKFLAGS   = -L${SIMGRID_PATH}/lib
    RAND         = (none)


 Please send feedbacks and/or the results of this run to:

 NPB Development Team 
 Internet: npb@nas.nasa.gov


[0.038026] [smpi_kernel/INFO] Simulated time: 0.0380256 seconds. 
 The simulation took 633.089 seconds (after parsing and platform setup)
449.736 seconds were actual computation of the application
