/home/huyao/simgrid-template/MpiEnv/config/petra20170524/../../../MpiEnv/../MpiEnv/simgrid/inst/bin//smpirun -np 64  --cfg=smpi/privatize_global_variables:yes -platform /home/huyao/simgrid-template/MpiEnv/config/petra20170524/platforms/0_petra-elec_fullyconnected.xml -hostfile /home/huyao/simgrid-template/MpiEnv/config/petra20170524/platforms/0_petra-elec_fullyconnected.txt  /tmp/mpienv_dt.B.x20170531-25032-66av8h/dt.B.x  WH
perl: warning: Setting locale failed.
perl: warning: Please check that your locale settings:
	LANGUAGE = "en_US:en",
	LC_ALL = (unset),
	LC_TIME = "ja_JP.UTF-8",
	LC_MONETARY = "ja_JP.UTF-8",
	LC_ADDRESS = "ja_JP.UTF-8",
	LC_TELEPHONE = "ja_JP.UTF-8",
	LC_NAME = "ja_JP.UTF-8",
	LC_MEASUREMENT = "ja_JP.UTF-8",
	LC_IDENTIFICATION = "ja_JP.UTF-8",
	LC_NUMERIC = "ja_JP.UTF-8",
	LC_PAPER = "ja_JP.UTF-8",
	LANG = "en_US.UTF-8"
    are supported and installed on your system.
perl: warning: Falling back to a fallback locale ("en_US.UTF-8").
[0.000000] [xbt_cfg/INFO] Configuration change: Set 'surf/precision' to '1e-9'
[0.000000] [xbt_cfg/INFO] Configuration change: Set 'network/model' to 'SMPI'
[0.000000] [xbt_cfg/INFO] Configuration change: Set 'network/TCP_gamma' to '4194304'
[0.000000] [xbt_cfg/INFO] Configuration change: Set 'smpi/privatize_global_variables' to 'yes'
[0.000000] [xbt_cfg/INFO] Configuration change: Set 'cpu/optim' to 'Lazy'
[0.000000] [xbt_cfg/INFO] Configuration change: Set 'maxmin/precision' to '1e-4'
[0.000000] [xbt_cfg/INFO] Configuration change: Set 'smpi/coll_selector' to 'mvapich2'
[0.000000] [xbt_cfg/INFO] Configuration change: Set 'smpi/cpu_threshold' to '0.00000000001'
[0.000000] [xbt_cfg/INFO] Configuration change: Set 'smpi/running_power' to '50000000000.0'
[0.000000] [xbt_cfg/INFO] Configuration change: Set 'network/optim' to 'Lazy'
[0.000000] [xbt_cfg/INFO] Configuration change: Set 'smpi/display_timing' to '1'
[0.000000] [surf_parse/INFO] The custom configuration 'network/model' is already defined by user!
[0.000000] [surf_config/INFO] Switching workstation model to compound since you changed the network and/or cpu model(s)
1706735224.DT_WH.B: (43,42)
 DT_WH.B L2 Norm = 7877279917.000000
 No verification was performed.
[0.096413] [smpi_kernel/INFO] Simulated time: 0.0964134 seconds. 
 The simulation took 1.69728 seconds (after parsing and platform setup)
0.965773 seconds were actual computation of the application


 NAS Parallel Benchmarks 3.3 -- DT Benchmark



 DT_WH.B Benchmark Completed
 Class           =                        B
 Size            =                  3538944
 Iterations      =                       43
 Time in seconds =                     0.10
 Total processes =                       64
 Mop/s total     =                  1470.23
 Mop/s/process   =                    22.97
 Operation type  =        bytes transmitted
 Verification    =               SUCCESSFUL
 Version         =                    3.3.1
 Compile date    =              31 May 2017

 Compile options:
    MPICC        = ${SIMGRID_PATH}/bin/smpicc
    CLINK        = $(MPICC)
    CMPI_LIB     = -lsimgrid -lgfortran #-lsmpi -lgras  
    CMPI_INC     = -I${SIMGRID_PATH}/include/smpi/
    CFLAGS       = -O
    CLINKFLAGS   = -O -L${SIMGRID_PATH}/lib


 Please send feedbacks and/or the results of this run to:

 NPB Development Team
 npb@nas.nasa.gov


