%EventDef PajeDefineContainerType 1
% Type string
% Alias string
% Name string
%EndEventDef

%EventDef PajeCreateContainer 2
% Time date 
% Type string  
% Alias string 
% Name string   
% Container string  
%EndEventDef

%EventDef PajeDestroyContainer 3
% Time date
% Name string 
% Type string
%EndEventDef

%EventDef PajeDefineStateType 4
% Alias string 
% Type string 
% Name string 
%EndEventDef

%EventDef PajeDefineEntityValue 5
% Alias string  
% Type string  
% Name string  
% Color color 
%EndEventDef

%EventDef PajeSetState 6
% Time date  
% Type string  
% Container string  
% Value string  
%EndEventDef 

%EventDef PajeDefineEventType 7
% Type string
% Alias string
% Name string
%EndEventDef

%EventDef PajeNewEvent 8
% Time date
% Type string
% Container string
% Value string
%EndEventDef

%EventDef PajeDefineVariableType 9
% Type string
% Alias string
% Name string
% Color string
%EndEventDef

%EventDef PajeSetVariable 10
% Time date
% Type string
% Container string
% Value double
%EndEventDef

# Container types creation
1 0 root_ct "Machines"
1 root_ct machine_ct "Machine"
1 0 scheduler_ct "Scheduler"
1 scheduler_ct killer_ct "Killer"

# Event types creation
7 killer_ct kk "Job kill"
7 machine_ct km "Job kill"

# Variable types creation
9 scheduler_ct vu_vt "Utilization" "0.0 0.5 0.0"

# Containers creation
2 0.000000 root_ct root "Machines" 0
2 0.000000 machine_ct m0 "node-0.simgrid.org" root
2 0.000000 machine_ct m1 "node-1.simgrid.org" root
2 0.000000 machine_ct m2 "node-2.simgrid.org" root
2 0.000000 machine_ct m3 "node-3.simgrid.org" root
2 0.000000 machine_ct m4 "node-4.simgrid.org" root
2 0.000000 machine_ct m5 "node-5.simgrid.org" root
2 0.000000 machine_ct m6 "node-6.simgrid.org" root
2 0.000000 machine_ct m7 "node-7.simgrid.org" root
2 0.000000 scheduler_ct sc "Scheduler" 0
2 0.000000 killer_ct k "Killer" sc

# States creation
4 machine_state machine_ct "Machine state"

# Creation of the different values the machine state can be
5 w machine_state "Waiting" "0.0 0.0 0.0"
5 l machine_state "Launching" "0.3 0.3 0.3"

# Begin of events
6 0.000000 machine_state m0 w
6 0.000000 machine_state m1 w
6 0.000000 machine_state m2 w
6 0.000000 machine_state m3 w
6 0.000000 machine_state m4 w
6 0.000000 machine_state m5 w
6 0.000000 machine_state m6 w
6 0.000000 machine_state m7 w
5 j1fd57d!1 machine_state "1fd57d!1" "0.000000 0.812500 1.000000"
6 1.023418 machine_state m0 j1fd57d!1
5 j1fd57d!2 machine_state "1fd57d!2" "1.000000 0.000000 0.000000"
6 1.054642 machine_state m1 j1fd57d!2
6 1.054642 machine_state m2 j1fd57d!2
5 j1fd57d!3 machine_state "1fd57d!3" "1.000000 0.750000 0.000000"
6 1.070254 machine_state m3 j1fd57d!3
6 1.070254 machine_state m4 j1fd57d!3
5 j1fd57d!4 machine_state "1fd57d!4" "0.593750 0.000000 1.000000"
6 1.085866 machine_state m5 j1fd57d!4
6 1.085866 machine_state m6 j1fd57d!4
5 j1fd57d!5 machine_state "1fd57d!5" "0.000000 1.000000 0.062500"
6 1.093672 machine_state m7 j1fd57d!5
6 2.054642 machine_state m1 w
6 2.054642 machine_state m2 w
6 2.085866 machine_state m5 w
6 2.085866 machine_state m6 w
6 11.023418 machine_state m0 w
5 j1fd57d!6 machine_state "1fd57d!6" "0.687500 0.000000 1.000000"
6 11.023418 machine_state m1 j1fd57d!6
6 11.023418 machine_state m2 j1fd57d!6
6 11.023418 machine_state m5 j1fd57d!6
6 11.023418 machine_state m6 j1fd57d!6
6 11.070254 machine_state m3 w
6 11.070254 machine_state m4 w
6 11.093672 machine_state m7 w
5 j1fd57d!7 machine_state "1fd57d!7" "0.968750 1.000000 0.000000"
6 11.115139 machine_state m0 j1fd57d!7
6 11.115139 machine_state m3 j1fd57d!7
6 11.115139 machine_state m4 j1fd57d!7
6 11.115139 machine_state m7 j1fd57d!7
6 12.595705 machine_state m1 w
6 12.595705 machine_state m2 w
6 12.595705 machine_state m5 w
6 12.595705 machine_state m6 w
6 12.687429 machine_state m0 w
6 12.687429 machine_state m3 w
6 12.687429 machine_state m4 w
6 12.687429 machine_state m7 w

# End of events, containers destruction
3 12.708906 m0 machine_ct
3 12.708906 m1 machine_ct
3 12.708906 m2 machine_ct
3 12.708906 m3 machine_ct
3 12.708906 m4 machine_ct
3 12.708906 m5 machine_ct
3 12.708906 m6 machine_ct
3 12.708906 m7 machine_ct
3 12.708906 root root_ct
