variant_options = '{"custom_mapping": true}'
Received '{"now":0.000000,"events":[{"timestamp":0.000000,"type":"SIMULATION_BEGINS","data":{"nb_resources":64,"allow_time_sharing":false,"config":{"redis":{"enabled":false,"hostname":"127.0.0.1","port":6379,"prefix":"default"},"job_submission":{"forward_profiles":false,"from_scheduler":{"enabled":false,"acknowledge":true}}},"resources_data":[{"id":0,"name":"n1","state":"idle","properties":{}},{"id":1,"name":"n2","state":"idle","properties":{}},{"id":2,"name":"n3","state":"idle","properties":{}},{"id":3,"name":"n4","state":"idle","properties":{}},{"id":4,"name":"n5","state":"idle","properties":{}},{"id":5,"name":"n6","state":"idle","properties":{}},{"id":6,"name":"n7","state":"idle","properties":{}},{"id":7,"name":"n8","state":"idle","properties":{}},{"id":8,"name":"n9","state":"idle","properties":{}},{"id":9,"name":"n10","state":"idle","properties":{}},{"id":10,"name":"n11","state":"idle","properties":{}},{"id":11,"name":"n12","state":"idle","properties":{}},{"id":12,"name":"n13","state":"idle","properties":{}},{"id":13,"name":"n14","state":"idle","properties":{}},{"id":14,"name":"n15","state":"idle","properties":{}},{"id":15,"name":"n16","state":"idle","properties":{}},{"id":16,"name":"n17","state":"idle","properties":{}},{"id":17,"name":"n18","state":"idle","properties":{}},{"id":18,"name":"n19","state":"idle","properties":{}},{"id":19,"name":"n20","state":"idle","properties":{}},{"id":20,"name":"n21","state":"idle","properties":{}},{"id":21,"name":"n22","state":"idle","properties":{}},{"id":22,"name":"n23","state":"idle","properties":{}},{"id":23,"name":"n24","state":"idle","properties":{}},{"id":24,"name":"n25","state":"idle","properties":{}},{"id":25,"name":"n26","state":"idle","properties":{}},{"id":26,"name":"n27","state":"idle","properties":{}},{"id":27,"name":"n28","state":"idle","properties":{}},{"id":28,"name":"n29","state":"idle","properties":{}},{"id":29,"name":"n30","state":"idle","properties":{}},{"id":30,"name":"n31","state":"idle","properties":{}},{"id":31,"name":"n32","state":"idle","properties":{}},{"id":32,"name":"n33","state":"idle","properties":{}},{"id":33,"name":"n34","state":"idle","properties":{}},{"id":34,"name":"n35","state":"idle","properties":{}},{"id":35,"name":"n36","state":"idle","properties":{}},{"id":36,"name":"n37","state":"idle","properties":{}},{"id":37,"name":"n38","state":"idle","properties":{}},{"id":38,"name":"n39","state":"idle","properties":{}},{"id":39,"name":"n40","state":"idle","properties":{}},{"id":40,"name":"n41","state":"idle","properties":{}},{"id":41,"name":"n42","state":"idle","properties":{}},{"id":42,"name":"n43","state":"idle","properties":{}},{"id":43,"name":"n44","state":"idle","properties":{}},{"id":44,"name":"n45","state":"idle","properties":{}},{"id":45,"name":"n46","state":"idle","properties":{}},{"id":46,"name":"n47","state":"idle","properties":{}},{"id":47,"name":"n48","state":"idle","properties":{}},{"id":48,"name":"n49","state":"idle","properties":{}},{"id":49,"name":"n50","state":"idle","properties":{}},{"id":50,"name":"n51","state":"idle","properties":{}},{"id":51,"name":"n52","state":"idle","properties":{}},{"id":52,"name":"n53","state":"idle","properties":{}},{"id":53,"name":"n54","state":"idle","properties":{}},{"id":54,"name":"n55","state":"idle","properties":{}},{"id":55,"name":"n56","state":"idle","properties":{}},{"id":56,"name":"n57","state":"idle","properties":{}},{"id":57,"name":"n58","state":"idle","properties":{}},{"id":58,"name":"n59","state":"idle","properties":{}},{"id":59,"name":"n60","state":"idle","properties":{}},{"id":60,"name":"n61","state":"idle","properties":{}},{"id":61,"name":"n62","state":"idle","properties":{}},{"id":62,"name":"n63","state":"idle","properties":{}},{"id":63,"name":"n64","state":"idle","properties":{}}],"workloads":{"ebdc2a":"/github-simgrid/190311/../batsim-v2.0.0/workload_profiles/npb_120_jobs.json"}}}]}'
Sending '{"now":0.0,"events":[]}'
Received '{"now":0.000339,"events":[{"timestamp":0.000339,"type":"JOB_SUBMITTED","data":{"job_id":"ebdc2a!1","job":{"id":"ebdc2a!1","profile":"IS.S.16","res":16,"subtime":0.000309,"walltime":4200}}}]}'
Sending '{"now":0.000339,"events":[{"timestamp":0.000339,"type":"EXECUTE_JOB","data":{"job_id":"ebdc2a!1","alloc":"0-15"}}]}'
Received '{"now":0.082127,"events":[{"timestamp":0.082127,"type":"JOB_COMPLETED","data":{"job_id":"ebdc2a!1","job_state":"COMPLETED_SUCCESSFULLY","return_code":0,"kill_reason":"","alloc":"0-15"}}]}'
Sending '{"now":0.082127,"events":[]}'
Received '{"now":0.168159,"events":[{"timestamp":0.168159,"type":"JOB_SUBMITTED","data":{"job_id":"ebdc2a!2","job":{"id":"ebdc2a!2","profile":"MG.S.16","res":16,"subtime":0.168128,"walltime":4200}}}]}'
Sending '{"now":0.168159,"events":[{"timestamp":0.168159,"type":"EXECUTE_JOB","data":{"job_id":"ebdc2a!2","alloc":"0-15"}}]}'
Received '{"now":0.215029,"events":[{"timestamp":0.215029,"type":"JOB_SUBMITTED","data":{"job_id":"ebdc2a!3","job":{"id":"ebdc2a!3","profile":"LU.S.4","res":4,"subtime":0.214999,"walltime":4200}}}]}'
Sending '{"now":0.215029,"events":[{"timestamp":0.215029,"type":"EXECUTE_JOB","data":{"job_id":"ebdc2a!3","alloc":"16-19"}}]}'
Received '{"now":0.486912,"events":[{"timestamp":0.486912,"type":"JOB_COMPLETED","data":{"job_id":"ebdc2a!2","job_state":"COMPLETED_SUCCESSFULLY","return_code":0,"kill_reason":"","alloc":"0-15"}}]}'
Sending '{"now":0.486912,"events":[]}'
Received '{"now":0.917377,"events":[{"timestamp":0.917377,"type":"JOB_COMPLETED","data":{"job_id":"ebdc2a!3","job_state":"COMPLETED_SUCCESSFULLY","return_code":0,"kill_reason":"","alloc":"16-19"}}]}'
Sending '{"now":0.917377,"events":[]}'
Received '{"now":1.020408,"events":[{"timestamp":1.020408,"type":"JOB_SUBMITTED","data":{"job_id":"ebdc2a!4","job":{"id":"ebdc2a!4","profile":"LU.S.16","res":16,"subtime":1.020378,"walltime":4200}}}]}'
Sending '{"now":1.020408,"events":[{"timestamp":1.020408,"type":"EXECUTE_JOB","data":{"job_id":"ebdc2a!4","alloc":"0-15"}}]}'
Received '{"now":1.047545,"events":[{"timestamp":1.047545,"type":"JOB_SUBMITTED","data":{"job_id":"ebdc2a!5","job":{"id":"ebdc2a!5","profile":"SP.S.4","res":4,"subtime":1.047515,"walltime":4200}}}]}'
Sending '{"now":1.047545,"events":[{"timestamp":1.047545,"type":"EXECUTE_JOB","data":{"job_id":"ebdc2a!5","alloc":"16-19"}}]}'
Received '{"now":1.192129,"events":[{"timestamp":1.192129,"type":"JOB_SUBMITTED","data":{"job_id":"ebdc2a!6","job":{"id":"ebdc2a!6","profile":"SP.S.16","res":16,"subtime":1.192099,"walltime":4200}}}]}'
Sending '{"now":1.192129,"events":[{"timestamp":1.192129,"type":"EXECUTE_JOB","data":{"job_id":"ebdc2a!6","alloc":"20-35"}}]}'
Received '{"now":1.342718,"events":[{"timestamp":1.342718,"type":"JOB_COMPLETED","data":{"job_id":"ebdc2a!5","job_state":"COMPLETED_SUCCESSFULLY","return_code":0,"kill_reason":"","alloc":"16-19"}}]}'
Sending '{"now":1.342718,"events":[]}'
Received '{"now":1.397246,"events":[{"timestamp":1.397246,"type":"JOB_SUBMITTED","data":{"job_id":"ebdc2a!7","job":{"id":"ebdc2a!7","profile":"BT.S.4","res":4,"subtime":1.397217,"walltime":4200}}}]}'
Sending '{"now":1.397246,"events":[{"timestamp":1.397246,"type":"EXECUTE_JOB","data":{"job_id":"ebdc2a!7","alloc":"16-19"}}]}'
Received '{"now":1.642504,"events":[{"timestamp":1.642504,"type":"JOB_COMPLETED","data":{"job_id":"ebdc2a!7","job_state":"COMPLETED_SUCCESSFULLY","return_code":0,"kill_reason":"","alloc":"16-19"}}]}'
Sending '{"now":1.642504,"events":[]}'
Received '{"now":1.790622,"events":[{"timestamp":1.790622,"type":"JOB_SUBMITTED","data":{"job_id":"ebdc2a!8","job":{"id":"ebdc2a!8","profile":"IS.S.4","res":4,"subtime":1.790591,"walltime":4200}}}]}'
Sending '{"now":1.790622,"events":[{"timestamp":1.790622,"type":"EXECUTE_JOB","data":{"job_id":"ebdc2a!8","alloc":"16-19"}}]}'
Received '{"now":1.872601,"events":[{"timestamp":1.872601,"type":"JOB_COMPLETED","data":{"job_id":"ebdc2a!8","job_state":"COMPLETED_SUCCESSFULLY","return_code":0,"kill_reason":"","alloc":"16-19"}}]}'
Sending '{"now":1.872601,"events":[]}'
Received '{"now":2.042805,"events":[{"timestamp":2.042805,"type":"JOB_COMPLETED","data":{"job_id":"ebdc2a!4","job_state":"COMPLETED_SUCCESSFULLY","return_code":0,"kill_reason":"","alloc":"0-15"}}]}'
Sending '{"now":2.042805,"events":[]}'
Received '{"now":2.102315,"events":[{"timestamp":2.102315,"type":"JOB_COMPLETED","data":{"job_id":"ebdc2a!6","job_state":"COMPLETED_SUCCESSFULLY","return_code":0,"kill_reason":"","alloc":"20-35"}}]}'
Sending '{"now":2.102315,"events":[]}'
Received '{"now":2.161562,"events":[{"timestamp":2.161562,"type":"JOB_SUBMITTED","data":{"job_id":"ebdc2a!9","job":{"id":"ebdc2a!9","profile":"BT.S.4","res":4,"subtime":2.161532,"walltime":4200}}}]}'
Sending '{"now":2.161562,"events":[{"timestamp":2.161562,"type":"EXECUTE_JOB","data":{"job_id":"ebdc2a!9","alloc":"0-3"}}]}'
Received '{"now":2.176761,"events":[{"timestamp":2.176761,"type":"JOB_SUBMITTED","data":{"job_id":"ebdc2a!10","job":{"id":"ebdc2a!10","profile":"BT.S.4","res":4,"subtime":2.176730,"walltime":4200}}}]}'
Sending '{"now":2.176761,"events":[{"timestamp":2.176761,"type":"EXECUTE_JOB","data":{"job_id":"ebdc2a!10","alloc":"4-7"}}]}'
Received '{"now":2.343375,"events":[{"timestamp":2.343375,"type":"JOB_SUBMITTED","data":{"job_id":"ebdc2a!11","job":{"id":"ebdc2a!11","profile":"CG.S.16","res":16,"subtime":2.343344,"walltime":4200}}}]}'
Sending '{"now":2.343375,"events":[{"timestamp":2.343375,"type":"EXECUTE_JOB","data":{"job_id":"ebdc2a!11","alloc":"8-23"}}]}'
Received '{"now":2.374512,"events":[{"timestamp":2.374512,"type":"JOB_COMPLETED","data":{"job_id":"ebdc2a!9","job_state":"COMPLETED_SUCCESSFULLY","return_code":0,"kill_reason":"","alloc":"0-3"}}]}'
Sending '{"now":2.374512,"events":[]}'
Received '{"now":2.389069,"events":[{"timestamp":2.389069,"type":"JOB_COMPLETED","data":{"job_id":"ebdc2a!10","job_state":"COMPLETED_SUCCESSFULLY","return_code":0,"kill_reason":"","alloc":"4-7"}}]}'
Sending '{"now":2.389069,"events":[]}'
Received '{"now":2.768127,"events":[{"timestamp":2.768127,"type":"JOB_SUBMITTED","data":{"job_id":"ebdc2a!12","job":{"id":"ebdc2a!12","profile":"FT.S.16","res":16,"subtime":2.768097,"walltime":4200}}}]}'
Sending '{"now":2.768127,"events":[{"timestamp":2.768127,"type":"EXECUTE_JOB","data":{"job_id":"ebdc2a!12","alloc":"24-39"}}]}'
Received '{"now":2.970621,"events":[{"timestamp":2.970621,"type":"JOB_COMPLETED","data":{"job_id":"ebdc2a!12","job_state":"COMPLETED_SUCCESSFULLY","return_code":0,"kill_reason":"","alloc":"24-39"}}]}'
Sending '{"now":2.970621,"events":[]}'
Received '{"now":3.065032,"events":[{"timestamp":3.065032,"type":"JOB_SUBMITTED","data":{"job_id":"ebdc2a!13","job":{"id":"ebdc2a!13","profile":"LU.S.4","res":4,"subtime":3.065002,"walltime":4200}}}]}'
Sending '{"now":3.065032,"events":[{"timestamp":3.065032,"type":"EXECUTE_JOB","data":{"job_id":"ebdc2a!13","alloc":"0-3"}}]}'
Received '{"now":3.172351,"events":[{"timestamp":3.172351,"type":"JOB_SUBMITTED","data":{"job_id":"ebdc2a!14","job":{"id":"ebdc2a!14","profile":"SP.S.16","res":16,"subtime":3.172321,"walltime":4200}}}]}'
Sending '{"now":3.172351,"events":[{"timestamp":3.172351,"type":"EXECUTE_JOB","data":{"job_id":"ebdc2a!14","alloc":"24-39"}}]}'
Received '{"now":3.270112,"events":[{"timestamp":3.270112,"type":"JOB_SUBMITTED","data":{"job_id":"ebdc2a!15","job":{"id":"ebdc2a!15","profile":"SP.S.4","res":4,"subtime":3.270090,"walltime":4200}}}]}'
Sending '{"now":3.270112,"events":[{"timestamp":3.270112,"type":"EXECUTE_JOB","data":{"job_id":"ebdc2a!15","alloc":"4-7"}}]}'
Received '{"now":3.321410,"events":[{"timestamp":3.321410,"type":"JOB_COMPLETED","data":{"job_id":"ebdc2a!11","job_state":"COMPLETED_SUCCESSFULLY","return_code":0,"kill_reason":"","alloc":"8-23"}}]}'
Sending '{"now":3.32141,"events":[]}'
Received '{"now":3.506229,"events":[{"timestamp":3.506229,"type":"JOB_SUBMITTED","data":{"job_id":"ebdc2a!16","job":{"id":"ebdc2a!16","profile":"BT.S.4","res":4,"subtime":3.506207,"walltime":4200}}}]}'
Sending '{"now":3.506229,"events":[{"timestamp":3.506229,"type":"EXECUTE_JOB","data":{"job_id":"ebdc2a!16","alloc":"8-11"}}]}'
Received '{"now":3.593374,"events":[{"timestamp":3.593374,"type":"JOB_COMPLETED","data":{"job_id":"ebdc2a!15","job_state":"COMPLETED_SUCCESSFULLY","return_code":0,"kill_reason":"","alloc":"4-7"}}]}'
Sending '{"now":3.593374,"events":[]}'
Received '{"now":3.707804,"events":[{"timestamp":3.707804,"type":"JOB_SUBMITTED","data":{"job_id":"ebdc2a!17","job":{"id":"ebdc2a!17","profile":"IS.S.16","res":16,"subtime":3.707774,"walltime":4200}}}]}'
Sending '{"now":3.707804,"events":[{"timestamp":3.707804,"type":"EXECUTE_JOB","data":{"job_id":"ebdc2a!17","alloc":"40-55"}}]}'
Received '{"now":3.810328,"events":[{"timestamp":3.810328,"type":"JOB_COMPLETED","data":{"job_id":"ebdc2a!17","job_state":"COMPLETED_SUCCESSFULLY","return_code":0,"kill_reason":"","alloc":"40-55"}}]}'
Sending '{"now":3.810328,"events":[]}'
Received '{"now":3.836356,"events":[{"timestamp":3.836356,"type":"JOB_COMPLETED","data":{"job_id":"ebdc2a!16","job_state":"COMPLETED_SUCCESSFULLY","return_code":0,"kill_reason":"","alloc":"8-11"}}]}'
Sending '{"now":3.836356,"events":[]}'
Received '{"now":3.903907,"events":[{"timestamp":3.903907,"type":"JOB_COMPLETED","data":{"job_id":"ebdc2a!13","job_state":"COMPLETED_SUCCESSFULLY","return_code":0,"kill_reason":"","alloc":"0-3"}}]}'
Sending '{"now":3.903907,"events":[]}'
Received '{"now":3.905181,"events":[{"timestamp":3.905181,"type":"JOB_SUBMITTED","data":{"job_id":"ebdc2a!18","job":{"id":"ebdc2a!18","profile":"CG.S.4","res":4,"subtime":3.905151,"walltime":4200}}}]}'
Sending '{"now":3.905181,"events":[{"timestamp":3.905181,"type":"EXECUTE_JOB","data":{"job_id":"ebdc2a!18","alloc":"0-3"}}]}'
Received '{"now":3.954391,"events":[{"timestamp":3.954391,"type":"JOB_SUBMITTED","data":{"job_id":"ebdc2a!19","job":{"id":"ebdc2a!19","profile":"MG.S.16","res":16,"subtime":3.954371,"walltime":4200}}}]}'
Sending '{"now":3.954391,"events":[{"timestamp":3.954391,"type":"EXECUTE_JOB","data":{"job_id":"ebdc2a!19","alloc":"4-19"}}]}'
Received '{"now":4.156308,"events":[{"timestamp":4.156308,"type":"JOB_SUBMITTED","data":{"job_id":"ebdc2a!20","job":{"id":"ebdc2a!20","profile":"MG.S.4","res":4,"subtime":4.156289,"walltime":4200}}}]}'
Sending '{"now":4.156308,"events":[{"timestamp":4.156308,"type":"EXECUTE_JOB","data":{"job_id":"ebdc2a!20","alloc":"20-23"}}]}'
Received '{"now":4.160907,"events":[{"timestamp":4.160907,"type":"JOB_COMPLETED","data":{"job_id":"ebdc2a!14","job_state":"COMPLETED_SUCCESSFULLY","return_code":0,"kill_reason":"","alloc":"24-39"}}]}'
Sending '{"now":4.160907,"events":[]}'
Received '{"now":4.282742,"events":[{"timestamp":4.282742,"type":"JOB_COMPLETED","data":{"job_id":"ebdc2a!19","job_state":"COMPLETED_SUCCESSFULLY","return_code":0,"kill_reason":"","alloc":"4-19"}}]}'
Sending '{"now":4.282742,"events":[]}'
Received '{"now":4.333047,"events":[{"timestamp":4.333047,"type":"JOB_COMPLETED","data":{"job_id":"ebdc2a!20","job_state":"COMPLETED_SUCCESSFULLY","return_code":0,"kill_reason":"","alloc":"20-23"}}]}'
Sending '{"now":4.333047,"events":[]}'
Received '{"now":4.497258,"events":[{"timestamp":4.497258,"type":"JOB_COMPLETED","data":{"job_id":"ebdc2a!18","job_state":"COMPLETED_SUCCESSFULLY","return_code":0,"kill_reason":"","alloc":"0-3"}}]}'
Sending '{"now":4.497258,"events":[]}'
Received '{"now":4.539583,"events":[{"timestamp":4.539583,"type":"JOB_SUBMITTED","data":{"job_id":"ebdc2a!21","job":{"id":"ebdc2a!21","profile":"SP.S.16","res":16,"subtime":4.539553,"walltime":4200}}}]}'
Sending '{"now":4.539583,"events":[{"timestamp":4.539583,"type":"EXECUTE_JOB","data":{"job_id":"ebdc2a!21","alloc":"0-15"}}]}'
Received '{"now":4.633336,"events":[{"timestamp":4.633336,"type":"JOB_SUBMITTED","data":{"job_id":"ebdc2a!22","job":{"id":"ebdc2a!22","profile":"FT.S.4","res":4,"subtime":4.633314,"walltime":4200}}}]}'
Sending '{"now":4.633336,"events":[{"timestamp":4.633336,"type":"EXECUTE_JOB","data":{"job_id":"ebdc2a!22","alloc":"16-19"}}]}'
Received '{"now":4.840377,"events":[{"timestamp":4.840377,"type":"JOB_COMPLETED","data":{"job_id":"ebdc2a!22","job_state":"COMPLETED_SUCCESSFULLY","return_code":0,"kill_reason":"","alloc":"16-19"}}]}'
Sending '{"now":4.840377,"events":[]}'
Received '{"now":5.017165,"events":[{"timestamp":5.017165,"type":"JOB_SUBMITTED","data":{"job_id":"ebdc2a!23","job":{"id":"ebdc2a!23","profile":"CG.S.16","res":16,"subtime":5.017135,"walltime":4200}}}]}'
Sending '{"now":5.017165,"events":[{"timestamp":5.017165,"type":"EXECUTE_JOB","data":{"job_id":"ebdc2a!23","alloc":"16-31"}}]}'
Received '{"now":5.170792,"events":[{"timestamp":5.170792,"type":"JOB_SUBMITTED","data":{"job_id":"ebdc2a!24","job":{"id":"ebdc2a!24","profile":"CG.S.16","res":16,"subtime":5.170768,"walltime":4200}}}]}'
Sending '{"now":5.170792,"events":[{"timestamp":5.170792,"type":"EXECUTE_JOB","data":{"job_id":"ebdc2a!24","alloc":"32-47"}}]}'
Received '{"now":5.439131,"events":[{"timestamp":5.439131,"type":"JOB_COMPLETED","data":{"job_id":"ebdc2a!21","job_state":"COMPLETED_SUCCESSFULLY","return_code":0,"kill_reason":"","alloc":"0-15"}}]}'
Sending '{"now":5.439131,"events":[]}'
Received '{"now":5.648090,"events":[{"timestamp":5.648090,"type":"JOB_SUBMITTED","data":{"job_id":"ebdc2a!25","job":{"id":"ebdc2a!25","profile":"CG.S.4","res":4,"subtime":5.648059,"walltime":4200}}}]}'
Sending '{"now":5.64809,"events":[{"timestamp":5.64809,"type":"EXECUTE_JOB","data":{"job_id":"ebdc2a!25","alloc":"0-3"}}]}'
Received '{"now":5.892540,"events":[{"timestamp":5.892540,"type":"JOB_SUBMITTED","data":{"job_id":"ebdc2a!26","job":{"id":"ebdc2a!26","profile":"CG.S.16","res":16,"subtime":5.892512,"walltime":4200}}}]}'
Sending '{"now":5.89254,"events":[{"timestamp":5.89254,"type":"EXECUTE_JOB","data":{"job_id":"ebdc2a!26","alloc":"48-63"}}]}'
Received '{"now":6.004709,"events":[{"timestamp":6.004709,"type":"JOB_SUBMITTED","data":{"job_id":"ebdc2a!27","job":{"id":"ebdc2a!27","profile":"FT.S.16","res":16,"subtime":6.004678,"walltime":4200}}}]}'
Sending '{"now":6.004709,"events":[]}'
Received '{"now":6.007851,"events":[{"timestamp":6.007851,"type":"JOB_COMPLETED","data":{"job_id":"ebdc2a!23","job_state":"COMPLETED_SUCCESSFULLY","return_code":0,"kill_reason":"","alloc":"16-31"}}]}'
Sending '{"now":6.007851,"events":[{"timestamp":6.007851,"type":"EXECUTE_JOB","data":{"job_id":"ebdc2a!27","alloc":"4-19"}}]}'
Received '{"now":6.068575,"events":[{"timestamp":6.068575,"type":"JOB_SUBMITTED","data":{"job_id":"ebdc2a!28","job":{"id":"ebdc2a!28","profile":"SP.S.16","res":16,"subtime":6.068549,"walltime":4200}}}]}'
Sending '{"now":6.068575,"events":[]}'
Received '{"now":6.076570,"events":[{"timestamp":6.076570,"type":"JOB_SUBMITTED","data":{"job_id":"ebdc2a!29","job":{"id":"ebdc2a!29","profile":"LU.S.16","res":16,"subtime":6.076547,"walltime":4200}}}]}'
Sending '{"now":6.07657,"events":[]}'
Received '{"now":6.163494,"events":[{"timestamp":6.163494,"type":"JOB_COMPLETED","data":{"job_id":"ebdc2a!24","job_state":"COMPLETED_SUCCESSFULLY","return_code":0,"kill_reason":"","alloc":"32-47"}}]}'
Sending '{"now":6.163494,"events":[{"timestamp":6.163494,"type":"EXECUTE_JOB","data":{"job_id":"ebdc2a!28","alloc":"20-35"}}]}'
Received '{"now":6.174865,"events":[{"timestamp":6.174865,"type":"JOB_COMPLETED","data":{"job_id":"ebdc2a!27","job_state":"COMPLETED_SUCCESSFULLY","return_code":0,"kill_reason":"","alloc":"4-19"}}]}'
Sending '{"now":6.174865,"events":[{"timestamp":6.174865,"type":"EXECUTE_JOB","data":{"job_id":"ebdc2a!29","alloc":"4-19"}}]}'
Received '{"now":6.240068,"events":[{"timestamp":6.240068,"type":"JOB_COMPLETED","data":{"job_id":"ebdc2a!25","job_state":"COMPLETED_SUCCESSFULLY","return_code":0,"kill_reason":"","alloc":"0-3"}}]}'
Sending '{"now":6.240068,"events":[]}'
Received '{"now":6.336163,"events":[{"timestamp":6.336163,"type":"JOB_SUBMITTED","data":{"job_id":"ebdc2a!30","job":{"id":"ebdc2a!30","profile":"FT.S.16","res":16,"subtime":6.336150,"walltime":4200}}}]}'
Sending '{"now":6.336163,"events":[]}'
Received '{"now":6.404949,"events":[{"timestamp":6.404949,"type":"JOB_SUBMITTED","data":{"job_id":"ebdc2a!31","job":{"id":"ebdc2a!31","profile":"BT.S.16","res":16,"subtime":6.404935,"walltime":4200}}}]}'
Sending '{"now":6.404949,"events":[]}'
Received '{"now":6.527128,"events":[{"timestamp":6.527128,"type":"JOB_SUBMITTED","data":{"job_id":"ebdc2a!32","job":{"id":"ebdc2a!32","profile":"FT.S.16","res":16,"subtime":6.527112,"walltime":4200}}}]}'
Sending '{"now":6.527128,"events":[]}'
Received '{"now":6.582277,"events":[{"timestamp":6.582277,"type":"JOB_SUBMITTED","data":{"job_id":"ebdc2a!33","job":{"id":"ebdc2a!33","profile":"SP.S.4","res":4,"subtime":6.582254,"walltime":4200}}}]}'
Sending '{"now":6.582277,"events":[{"timestamp":6.582277,"type":"EXECUTE_JOB","data":{"job_id":"ebdc2a!33","alloc":"0-3"}}]}'
Received '{"now":6.598602,"events":[{"timestamp":6.598602,"type":"JOB_SUBMITTED","data":{"job_id":"ebdc2a!34","job":{"id":"ebdc2a!34","profile":"LU.S.16","res":16,"subtime":6.598573,"walltime":4200}}}]}'
Sending '{"now":6.598602,"events":[]}'
Received '{"now":6.680106,"events":[{"timestamp":6.680106,"type":"JOB_SUBMITTED","data":{"job_id":"ebdc2a!35","job":{"id":"ebdc2a!35","profile":"MG.S.16","res":16,"subtime":6.680076,"walltime":4200}}}]}'
Sending '{"now":6.680106,"events":[]}'
Received '{"now":6.752564,"events":[{"timestamp":6.752564,"type":"JOB_SUBMITTED","data":{"job_id":"ebdc2a!36","job":{"id":"ebdc2a!36","profile":"SP.S.16","res":16,"subtime":6.752543,"walltime":4200}}}]}'
Sending '{"now":6.752564,"events":[]}'
Received '{"now":6.860286,"events":[{"timestamp":6.860286,"type":"JOB_COMPLETED","data":{"job_id":"ebdc2a!26","job_state":"COMPLETED_SUCCESSFULLY","return_code":0,"kill_reason":"","alloc":"48-63"}}]}'
Sending '{"now":6.860286,"events":[{"timestamp":6.860286,"type":"EXECUTE_JOB","data":{"job_id":"ebdc2a!30","alloc":"36-51"}}]}'
Received '{"now":6.896186,"events":[{"timestamp":6.896186,"type":"JOB_COMPLETED","data":{"job_id":"ebdc2a!33","job_state":"COMPLETED_SUCCESSFULLY","return_code":0,"kill_reason":"","alloc":"0-3"}}]}'
Sending '{"now":6.896186,"events":[]}'
Received '{"now":6.896750,"events":[{"timestamp":6.896750,"type":"JOB_SUBMITTED","data":{"job_id":"ebdc2a!37","job":{"id":"ebdc2a!37","profile":"MG.S.4","res":4,"subtime":6.896727,"walltime":4200}}}]}'
Sending '{"now":6.89675,"events":[{"timestamp":6.89675,"type":"EXECUTE_JOB","data":{"job_id":"ebdc2a!37","alloc":"0-3"}}]}'
Received '{"now":6.923332,"events":[{"timestamp":6.923332,"type":"JOB_SUBMITTED","data":{"job_id":"ebdc2a!38","job":{"id":"ebdc2a!38","profile":"LU.S.4","res":4,"subtime":6.923302,"walltime":4200}}}]}'
Sending '{"now":6.923332,"events":[{"timestamp":6.923332,"type":"EXECUTE_JOB","data":{"job_id":"ebdc2a!38","alloc":"52-55"}}]}'
Received '{"now":6.928387,"events":[{"timestamp":6.928387,"type":"JOB_SUBMITTED","data":{"job_id":"ebdc2a!39","job":{"id":"ebdc2a!39","profile":"SP.S.16","res":16,"subtime":6.928365,"walltime":4200}}}]}'
Sending '{"now":6.928387,"events":[]}'
Received '{"now":6.990915,"events":[{"timestamp":6.990915,"type":"JOB_SUBMITTED","data":{"job_id":"ebdc2a!40","job":{"id":"ebdc2a!40","profile":"IS.S.4","res":4,"subtime":6.990885,"walltime":4200}}}]}'
Sending '{"now":6.990915,"events":[{"timestamp":6.990915,"type":"EXECUTE_JOB","data":{"job_id":"ebdc2a!40","alloc":"56-59"}}]}'
Received '{"now":7.097180,"events":[{"timestamp":7.097180,"type":"JOB_COMPLETED","data":{"job_id":"ebdc2a!28","job_state":"COMPLETED_SUCCESSFULLY","return_code":0,"kill_reason":"","alloc":"20-35"}}]}'
Sending '{"now":7.09718,"events":[{"timestamp":7.09718,"type":"EXECUTE_JOB","data":{"job_id":"ebdc2a!31","alloc":"20-35"}}]}'
Received '{"now":7.111125,"events":[{"timestamp":7.111125,"type":"JOB_COMPLETED","data":{"job_id":"ebdc2a!37","job_state":"COMPLETED_SUCCESSFULLY","return_code":0,"kill_reason":"","alloc":"0-3"}}]}'
Sending '{"now":7.111125,"events":[]}'
Received '{"now":7.188684,"events":[{"timestamp":7.188684,"type":"JOB_COMPLETED","data":{"job_id":"ebdc2a!29","job_state":"COMPLETED_SUCCESSFULLY","return_code":0,"kill_reason":"","alloc":"4-19"}}]}'
Sending '{"now":7.188684,"events":[{"timestamp":7.188684,"type":"EXECUTE_JOB","data":{"job_id":"ebdc2a!32","alloc":"0-15"}}]}'
Received '{"now":7.198342,"events":[{"timestamp":7.198342,"type":"JOB_SUBMITTED","data":{"job_id":"ebdc2a!41","job":{"id":"ebdc2a!41","profile":"FT.S.16","res":16,"subtime":7.198316,"walltime":4200}}}]}'
Sending '{"now":7.198342,"events":[]}'
Received '{"now":7.218788,"events":[{"timestamp":7.218788,"type":"JOB_COMPLETED","data":{"job_id":"ebdc2a!40","job_state":"COMPLETED_SUCCESSFULLY","return_code":0,"kill_reason":"","alloc":"56-59"}}]}'
Sending '{"now":7.218788,"events":[]}'
Received '{"now":7.294960,"events":[{"timestamp":7.294960,"type":"JOB_COMPLETED","data":{"job_id":"ebdc2a!30","job_state":"COMPLETED_SUCCESSFULLY","return_code":0,"kill_reason":"","alloc":"36-51"}}]}'
Sending '{"now":7.29496,"events":[{"timestamp":7.29496,"type":"EXECUTE_JOB","data":{"job_id":"ebdc2a!34","alloc":"36-51"}}]}'
Received '{"now":7.306482,"events":[{"timestamp":7.306482,"type":"JOB_SUBMITTED","data":{"job_id":"ebdc2a!42","job":{"id":"ebdc2a!42","profile":"LU.S.16","res":16,"subtime":7.306458,"walltime":4200}}}]}'
Sending '{"now":7.306482,"events":[]}'
Received '{"now":7.471534,"events":[{"timestamp":7.471534,"type":"JOB_SUBMITTED","data":{"job_id":"ebdc2a!43","job":{"id":"ebdc2a!43","profile":"IS.S.16","res":16,"subtime":7.471504,"walltime":4200}}}]}'
Sending '{"now":7.471534,"events":[]}'
Received '{"now":7.549546,"events":[{"timestamp":7.549546,"type":"JOB_COMPLETED","data":{"job_id":"ebdc2a!32","job_state":"COMPLETED_SUCCESSFULLY","return_code":0,"kill_reason":"","alloc":"0-15"}}]}'
Sending '{"now":7.549546,"events":[{"timestamp":7.549546,"type":"EXECUTE_JOB","data":{"job_id":"ebdc2a!35","alloc":"0-15"}}]}'
Received '{"now":7.571857,"events":[{"timestamp":7.571857,"type":"JOB_COMPLETED","data":{"job_id":"ebdc2a!38","job_state":"COMPLETED_SUCCESSFULLY","return_code":0,"kill_reason":"","alloc":"52-55"}}]}'
Sending '{"now":7.571857,"events":[]}'
Received '{"now":7.695979,"events":[{"timestamp":7.695979,"type":"JOB_SUBMITTED","data":{"job_id":"ebdc2a!44","job":{"id":"ebdc2a!44","profile":"CG.S.16","res":16,"subtime":7.695949,"walltime":4200}}}]}'
Sending '{"now":7.695979,"events":[]}'
Received '{"now":7.782584,"events":[{"timestamp":7.782584,"type":"JOB_SUBMITTED","data":{"job_id":"ebdc2a!45","job":{"id":"ebdc2a!45","profile":"BT.S.4","res":4,"subtime":7.782556,"walltime":4200}}}]}'
Sending '{"now":7.782584,"events":[{"timestamp":7.782584,"type":"EXECUTE_JOB","data":{"job_id":"ebdc2a!45","alloc":"52-55"}}]}'
Received '{"now":7.937000,"events":[{"timestamp":7.937000,"type":"JOB_COMPLETED","data":{"job_id":"ebdc2a!35","job_state":"COMPLETED_SUCCESSFULLY","return_code":0,"kill_reason":"","alloc":"0-15"}}]}'
Sending '{"now":7.937,"events":[{"timestamp":7.937,"type":"EXECUTE_JOB","data":{"job_id":"ebdc2a!36","alloc":"0-15"}}]}'
Received '{"now":7.959971,"events":[{"timestamp":7.959971,"type":"JOB_SUBMITTED","data":{"job_id":"ebdc2a!46","job":{"id":"ebdc2a!46","profile":"SP.S.4","res":4,"subtime":7.959941,"walltime":4200}}}]}'
Sending '{"now":7.959971,"events":[{"timestamp":7.959971,"type":"EXECUTE_JOB","data":{"job_id":"ebdc2a!46","alloc":"56-59"}}]}'
Received '{"now":7.973965,"events":[{"timestamp":7.973965,"type":"JOB_SUBMITTED","data":{"job_id":"ebdc2a!47","job":{"id":"ebdc2a!47","profile":"CG.S.16","res":16,"subtime":7.973948,"walltime":4200}}}]}'
Sending '{"now":7.973965,"events":[]}'
Received '{"now":8.150608,"events":[{"timestamp":8.150608,"type":"JOB_COMPLETED","data":{"job_id":"ebdc2a!45","job_state":"COMPLETED_SUCCESSFULLY","return_code":0,"kill_reason":"","alloc":"52-55"}}]}'
Sending '{"now":8.150608,"events":[]}'
Received '{"now":8.264086,"events":[{"timestamp":8.264086,"type":"JOB_SUBMITTED","data":{"job_id":"ebdc2a!48","job":{"id":"ebdc2a!48","profile":"CG.S.4","res":4,"subtime":8.264060,"walltime":4200}}}]}'
Sending '{"now":8.264086,"events":[{"timestamp":8.264086,"type":"EXECUTE_JOB","data":{"job_id":"ebdc2a!48","alloc":"52-55"}}]}'
Received '{"now":8.290249,"events":[{"timestamp":8.290249,"type":"JOB_COMPLETED","data":{"job_id":"ebdc2a!34","job_state":"COMPLETED_SUCCESSFULLY","return_code":0,"kill_reason":"","alloc":"36-51"}}]}'
Sending '{"now":8.290249,"events":[{"timestamp":8.290249,"type":"EXECUTE_JOB","data":{"job_id":"ebdc2a!39","alloc":"36-51"}}]}'
Received '{"now":8.439312,"events":[{"timestamp":8.439312,"type":"JOB_COMPLETED","data":{"job_id":"ebdc2a!46","job_state":"COMPLETED_SUCCESSFULLY","return_code":0,"kill_reason":"","alloc":"56-59"}}]}'
Sending '{"now":8.439312,"events":[]}'
Received '{"now":8.456732,"events":[{"timestamp":8.456732,"type":"JOB_COMPLETED","data":{"job_id":"ebdc2a!31","job_state":"COMPLETED_SUCCESSFULLY","return_code":0,"kill_reason":"","alloc":"20-35"}}]}'
Sending '{"now":8.456732,"events":[{"timestamp":8.456732,"type":"EXECUTE_JOB","data":{"job_id":"ebdc2a!41","alloc":"16-31"}}]}'
Received '{"now":8.621582,"events":[{"timestamp":8.621582,"type":"JOB_COMPLETED","data":{"job_id":"ebdc2a!48","job_state":"COMPLETED_SUCCESSFULLY","return_code":0,"kill_reason":"","alloc":"52-55"}}]}'
Sending '{"now":8.621582,"events":[]}'
Received '{"now":8.688957,"events":[{"timestamp":8.688957,"type":"JOB_SUBMITTED","data":{"job_id":"ebdc2a!49","job":{"id":"ebdc2a!49","profile":"LU.S.16","res":16,"subtime":8.688941,"walltime":4200}}}]}'
Sending '{"now":8.688957,"events":[]}'
Received '{"now":8.753633,"events":[{"timestamp":8.753633,"type":"JOB_COMPLETED","data":{"job_id":"ebdc2a!41","job_state":"COMPLETED_SUCCESSFULLY","return_code":0,"kill_reason":"","alloc":"16-31"}}]}'
Sending '{"now":8.753633,"events":[{"timestamp":8.753633,"type":"EXECUTE_JOB","data":{"job_id":"ebdc2a!42","alloc":"16-31"}}]}'
Received '{"now":8.985928,"events":[{"timestamp":8.985928,"type":"JOB_SUBMITTED","data":{"job_id":"ebdc2a!50","job":{"id":"ebdc2a!50","profile":"LU.S.16","res":16,"subtime":8.985909,"walltime":4200}}}]}'
Sending '{"now":8.985928,"events":[]}'
Received '{"now":9.098961,"events":[{"timestamp":9.098961,"type":"JOB_COMPLETED","data":{"job_id":"ebdc2a!36","job_state":"COMPLETED_SUCCESSFULLY","return_code":0,"kill_reason":"","alloc":"0-15"}}]}'
Sending '{"now":9.098961,"events":[{"timestamp":9.098961,"type":"EXECUTE_JOB","data":{"job_id":"ebdc2a!43","alloc":"0-15"}}]}'
Received '{"now":9.187542,"events":[{"timestamp":9.187542,"type":"JOB_COMPLETED","data":{"job_id":"ebdc2a!43","job_state":"COMPLETED_SUCCESSFULLY","return_code":0,"kill_reason":"","alloc":"0-15"}}]}'
Sending '{"now":9.187542,"events":[{"timestamp":9.187542,"type":"EXECUTE_JOB","data":{"job_id":"ebdc2a!44","alloc":"0-15"}}]}'
Received '{"now":9.192476,"events":[{"timestamp":9.192476,"type":"JOB_SUBMITTED","data":{"job_id":"ebdc2a!51","job":{"id":"ebdc2a!51","profile":"IS.S.4","res":4,"subtime":9.192448,"walltime":4200}}}]}'
Sending '{"now":9.192476,"events":[{"timestamp":9.192476,"type":"EXECUTE_JOB","data":{"job_id":"ebdc2a!51","alloc":"52-55"}}]}'
Received '{"now":9.194635,"events":[{"timestamp":9.194635,"type":"JOB_SUBMITTED","data":{"job_id":"ebdc2a!52","job":{"id":"ebdc2a!52","profile":"CG.S.16","res":16,"subtime":9.194611,"walltime":4200}}}]}'
Sending '{"now":9.194635,"events":[]}'
Received '{"now":9.275536,"events":[{"timestamp":9.275536,"type":"JOB_COMPLETED","data":{"job_id":"ebdc2a!51","job_state":"COMPLETED_SUCCESSFULLY","return_code":0,"kill_reason":"","alloc":"52-55"}}]}'
Sending '{"now":9.275536,"events":[]}'
Received '{"now":9.287706,"events":[{"timestamp":9.287706,"type":"JOB_SUBMITTED","data":{"job_id":"ebdc2a!53","job":{"id":"ebdc2a!53","profile":"SP.S.4","res":4,"subtime":9.287685,"walltime":4200}}}]}'
Sending '{"now":9.287706,"events":[{"timestamp":9.287706,"type":"EXECUTE_JOB","data":{"job_id":"ebdc2a!53","alloc":"52-55"}}]}'
Received '{"now":9.451940,"events":[{"timestamp":9.451940,"type":"JOB_SUBMITTED","data":{"job_id":"ebdc2a!54","job":{"id":"ebdc2a!54","profile":"MG.S.16","res":16,"subtime":9.451910,"walltime":4200}}}]}'
Sending '{"now":9.45194,"events":[]}'
Received '{"now":9.463247,"events":[{"timestamp":9.463247,"type":"JOB_COMPLETED","data":{"job_id":"ebdc2a!39","job_state":"COMPLETED_SUCCESSFULLY","return_code":0,"kill_reason":"","alloc":"36-51"}}]}'
Sending '{"now":9.463247,"events":[{"timestamp":9.463247,"type":"EXECUTE_JOB","data":{"job_id":"ebdc2a!47","alloc":"32-47"}}]}'
Received '{"now":9.568151,"events":[{"timestamp":9.568151,"type":"JOB_COMPLETED","data":{"job_id":"ebdc2a!53","job_state":"COMPLETED_SUCCESSFULLY","return_code":0,"kill_reason":"","alloc":"52-55"}}]}'
Sending '{"now":9.568151,"events":[{"timestamp":9.568151,"type":"EXECUTE_JOB","data":{"job_id":"ebdc2a!49","alloc":"48-63"}}]}'
Received '{"now":9.592141,"events":[{"timestamp":9.592141,"type":"JOB_SUBMITTED","data":{"job_id":"ebdc2a!55","job":{"id":"ebdc2a!55","profile":"CG.S.16","res":16,"subtime":9.592118,"walltime":4200}}}]}'
Sending '{"now":9.592141,"events":[]}'
Received '{"now":9.615770,"events":[{"timestamp":9.615770,"type":"JOB_SUBMITTED","data":{"job_id":"ebdc2a!56","job":{"id":"ebdc2a!56","profile":"LU.S.4","res":4,"subtime":9.615753,"walltime":4200}}}]}'
Sending '{"now":9.61577,"events":[]}'
Received '{"now":9.778202,"events":[{"timestamp":9.778202,"type":"JOB_SUBMITTED","data":{"job_id":"ebdc2a!57","job":{"id":"ebdc2a!57","profile":"SP.S.16","res":16,"subtime":9.778172,"walltime":4200}}}]}'
Sending '{"now":9.778202,"events":[]}'
Received '{"now":9.805761,"events":[{"timestamp":9.805761,"type":"JOB_COMPLETED","data":{"job_id":"ebdc2a!42","job_state":"COMPLETED_SUCCESSFULLY","return_code":0,"kill_reason":"","alloc":"16-31"}}]}'
Sending '{"now":9.805761,"events":[{"timestamp":9.805761,"type":"EXECUTE_JOB","data":{"job_id":"ebdc2a!50","alloc":"16-31"}}]}'
Received '{"now":9.942560,"events":[{"timestamp":9.942560,"type":"JOB_SUBMITTED","data":{"job_id":"ebdc2a!58","job":{"id":"ebdc2a!58","profile":"FT.S.16","res":16,"subtime":9.942530,"walltime":4200}}}]}'
Sending '{"now":9.94256,"events":[]}'
Received '{"now":10.181064,"events":[{"timestamp":10.181064,"type":"JOB_COMPLETED","data":{"job_id":"ebdc2a!44","job_state":"COMPLETED_SUCCESSFULLY","return_code":0,"kill_reason":"","alloc":"0-15"}}]}'
Sending '{"now":10.181064,"events":[{"timestamp":10.181064,"type":"EXECUTE_JOB","data":{"job_id":"ebdc2a!52","alloc":"0-15"}}]}'
Received '{"now":10.456515,"events":[{"timestamp":10.456515,"type":"JOB_COMPLETED","data":{"job_id":"ebdc2a!47","job_state":"COMPLETED_SUCCESSFULLY","return_code":0,"kill_reason":"","alloc":"32-47"}}]}'
Sending '{"now":10.456515,"events":[{"timestamp":10.456515,"type":"EXECUTE_JOB","data":{"job_id":"ebdc2a!54","alloc":"32-47"}}]}'
Received '{"now":10.506823,"events":[{"timestamp":10.506823,"type":"JOB_SUBMITTED","data":{"job_id":"ebdc2a!59","job":{"id":"ebdc2a!59","profile":"FT.S.4","res":4,"subtime":10.506793,"walltime":4200}}}]}'
Sending '{"now":10.506823,"events":[]}'
Received '{"now":10.546690,"events":[{"timestamp":10.546690,"type":"JOB_COMPLETED","data":{"job_id":"ebdc2a!49","job_state":"COMPLETED_SUCCESSFULLY","return_code":0,"kill_reason":"","alloc":"48-63"}}]}'
Sending '{"now":10.54669,"events":[{"timestamp":10.54669,"type":"EXECUTE_JOB","data":{"job_id":"ebdc2a!55","alloc":"48-63"}}]}'
Received '{"now":10.590643,"events":[{"timestamp":10.590643,"type":"JOB_SUBMITTED","data":{"job_id":"ebdc2a!60","job":{"id":"ebdc2a!60","profile":"IS.S.16","res":16,"subtime":10.590620,"walltime":4200}}}]}'
Sending '{"now":10.590643,"events":[]}'
Received '{"now":10.655467,"events":[{"timestamp":10.655467,"type":"JOB_SUBMITTED","data":{"job_id":"ebdc2a!61","job":{"id":"ebdc2a!61","profile":"BT.S.4","res":4,"subtime":10.655453,"walltime":4200}}}]}'
Sending '{"now":10.655467,"events":[]}'
Received '{"now":10.740016,"events":[{"timestamp":10.740016,"type":"JOB_SUBMITTED","data":{"job_id":"ebdc2a!62","job":{"id":"ebdc2a!62","profile":"BT.S.4","res":4,"subtime":10.739986,"walltime":4200}}}]}'
Sending '{"now":10.740016,"events":[]}'
Received '{"now":10.788211,"events":[{"timestamp":10.788211,"type":"JOB_COMPLETED","data":{"job_id":"ebdc2a!50","job_state":"COMPLETED_SUCCESSFULLY","return_code":0,"kill_reason":"","alloc":"16-31"}}]}'
Sending '{"now":10.788211,"events":[{"timestamp":10.788211,"type":"EXECUTE_JOB","data":{"job_id":"ebdc2a!56","alloc":"16-19"}},{"timestamp":10.788211,"type":"EXECUTE_JOB","data":{"job_id":"ebdc2a!59","alloc":"20-23"}},{"timestamp":10.788211,"type":"EXECUTE_JOB","data":{"job_id":"ebdc2a!61","alloc":"24-27"}},{"timestamp":10.788211,"type":"EXECUTE_JOB","data":{"job_id":"ebdc2a!62","alloc":"28-31"}}]}'
Received '{"now":10.788550,"events":[{"timestamp":10.788441,"type":"JOB_COMPLETED","data":{"job_id":"ebdc2a!54","job_state":"COMPLETED_SUCCESSFULLY","return_code":0,"kill_reason":"","alloc":"32-47"}}]}'
Sending '{"now":10.78855,"events":[{"timestamp":10.78855,"type":"EXECUTE_JOB","data":{"job_id":"ebdc2a!57","alloc":"32-47"}}]}'
Received '{"now":10.832402,"events":[{"timestamp":10.832402,"type":"JOB_SUBMITTED","data":{"job_id":"ebdc2a!63","job":{"id":"ebdc2a!63","profile":"CG.S.16","res":16,"subtime":10.832379,"walltime":4200}}}]}'
Sending '{"now":10.832402,"events":[]}'
Received '{"now":11.174602,"events":[{"timestamp":11.174602,"type":"JOB_COMPLETED","data":{"job_id":"ebdc2a!52","job_state":"COMPLETED_SUCCESSFULLY","return_code":0,"kill_reason":"","alloc":"0-15"}}]}'
Sending '{"now":11.174602,"events":[{"timestamp":11.174602,"type":"EXECUTE_JOB","data":{"job_id":"ebdc2a!58","alloc":"0-15"}}]}'
Received '{"now":11.215663,"events":[{"timestamp":11.215663,"type":"JOB_COMPLETED","data":{"job_id":"ebdc2a!59","job_state":"COMPLETED_SUCCESSFULLY","return_code":0,"kill_reason":"","alloc":"20-23"}}]}'
Sending '{"now":11.215663,"events":[]}'
Received '{"now":11.237294,"events":[{"timestamp":11.237294,"type":"JOB_COMPLETED","data":{"job_id":"ebdc2a!62","job_state":"COMPLETED_SUCCESSFULLY","return_code":0,"kill_reason":"","alloc":"28-31"}}]}'
Sending '{"now":11.237294,"events":[]}'
Received '{"now":11.237526,"events":[{"timestamp":11.237504,"type":"JOB_COMPLETED","data":{"job_id":"ebdc2a!61","job_state":"COMPLETED_SUCCESSFULLY","return_code":0,"kill_reason":"","alloc":"24-27"}}]}'
Sending '{"now":11.237526,"events":[]}'
Received '{"now":11.441106,"events":[{"timestamp":11.441106,"type":"JOB_COMPLETED","data":{"job_id":"ebdc2a!58","job_state":"COMPLETED_SUCCESSFULLY","return_code":0,"kill_reason":"","alloc":"0-15"}}]}'
Sending '{"now":11.441106,"events":[{"timestamp":11.441106,"type":"EXECUTE_JOB","data":{"job_id":"ebdc2a!60","alloc":"0-15"}}]}'
Received '{"now":11.482430,"events":[{"timestamp":11.482430,"type":"JOB_SUBMITTED","data":{"job_id":"ebdc2a!64","job":{"id":"ebdc2a!64","profile":"CG.S.16","res":16,"subtime":11.482405,"walltime":4200}}}]}'
Sending '{"now":11.48243,"events":[]}'
Received '{"now":11.510852,"events":[{"timestamp":11.510852,"type":"JOB_COMPLETED","data":{"job_id":"ebdc2a!56","job_state":"COMPLETED_SUCCESSFULLY","return_code":0,"kill_reason":"","alloc":"16-19"}}]}'
Sending '{"now":11.510852,"events":[{"timestamp":11.510852,"type":"EXECUTE_JOB","data":{"job_id":"ebdc2a!63","alloc":"16-31"}}]}'
Received '{"now":11.527820,"events":[{"timestamp":11.527820,"type":"JOB_COMPLETED","data":{"job_id":"ebdc2a!60","job_state":"COMPLETED_SUCCESSFULLY","return_code":0,"kill_reason":"","alloc":"0-15"}}]}'
Sending '{"now":11.52782,"events":[{"timestamp":11.52782,"type":"EXECUTE_JOB","data":{"job_id":"ebdc2a!64","alloc":"0-15"}}]}'
Received '{"now":11.551551,"events":[{"timestamp":11.551551,"type":"JOB_COMPLETED","data":{"job_id":"ebdc2a!55","job_state":"COMPLETED_SUCCESSFULLY","return_code":0,"kill_reason":"","alloc":"48-63"}}]}'
Sending '{"now":11.551551,"events":[]}'
Received '{"now":11.717252,"events":[{"timestamp":11.717252,"type":"JOB_SUBMITTED","data":{"job_id":"ebdc2a!65","job":{"id":"ebdc2a!65","profile":"BT.S.4","res":4,"subtime":11.717228,"walltime":4200}}}]}'
Sending '{"now":11.717252,"events":[{"timestamp":11.717252,"type":"EXECUTE_JOB","data":{"job_id":"ebdc2a!65","alloc":"48-51"}}]}'
Received '{"now":11.734024,"events":[{"timestamp":11.734024,"type":"JOB_SUBMITTED","data":{"job_id":"ebdc2a!66","job":{"id":"ebdc2a!66","profile":"LU.S.4","res":4,"subtime":11.733998,"walltime":4200}}}]}'
Sending '{"now":11.734024,"events":[{"timestamp":11.734024,"type":"EXECUTE_JOB","data":{"job_id":"ebdc2a!66","alloc":"52-55"}}]}'
Received '{"now":11.782197,"events":[{"timestamp":11.782197,"type":"JOB_COMPLETED","data":{"job_id":"ebdc2a!57","job_state":"COMPLETED_SUCCESSFULLY","return_code":0,"kill_reason":"","alloc":"32-47"}}]}'
Sending '{"now":11.782197,"events":[]}'
Received '{"now":11.922903,"events":[{"timestamp":11.922903,"type":"JOB_COMPLETED","data":{"job_id":"ebdc2a!65","job_state":"COMPLETED_SUCCESSFULLY","return_code":0,"kill_reason":"","alloc":"48-51"}}]}'
Sending '{"now":11.922903,"events":[]}'
Received '{"now":11.931184,"events":[{"timestamp":11.931184,"type":"JOB_SUBMITTED","data":{"job_id":"ebdc2a!67","job":{"id":"ebdc2a!67","profile":"SP.S.4","res":4,"subtime":11.931163,"walltime":4200}}}]}'
Sending '{"now":11.931184,"events":[{"timestamp":11.931184,"type":"EXECUTE_JOB","data":{"job_id":"ebdc2a!67","alloc":"32-35"}}]}'
Received '{"now":12.007458,"events":[{"timestamp":12.007458,"type":"JOB_SUBMITTED","data":{"job_id":"ebdc2a!68","job":{"id":"ebdc2a!68","profile":"IS.S.16","res":16,"subtime":12.007436,"walltime":4200}}}]}'
Sending '{"now":12.007458,"events":[{"timestamp":12.007458,"type":"EXECUTE_JOB","data":{"job_id":"ebdc2a!68","alloc":"36-51"}}]}'
Received '{"now":12.096516,"events":[{"timestamp":12.096516,"type":"JOB_COMPLETED","data":{"job_id":"ebdc2a!68","job_state":"COMPLETED_SUCCESSFULLY","return_code":0,"kill_reason":"","alloc":"36-51"}}]}'
Sending '{"now":12.096516,"events":[]}'
Received '{"now":12.099916,"events":[{"timestamp":12.099916,"type":"JOB_SUBMITTED","data":{"job_id":"ebdc2a!69","job":{"id":"ebdc2a!69","profile":"IS.S.4","res":4,"subtime":12.099886,"walltime":4200}}}]}'
Sending '{"now":12.099916,"events":[{"timestamp":12.099916,"type":"EXECUTE_JOB","data":{"job_id":"ebdc2a!69","alloc":"36-39"}}]}'
Received '{"now":12.147459,"events":[{"timestamp":12.147459,"type":"JOB_SUBMITTED","data":{"job_id":"ebdc2a!70","job":{"id":"ebdc2a!70","profile":"FT.S.4","res":4,"subtime":12.147432,"walltime":4200}}}]}'
Sending '{"now":12.147459,"events":[{"timestamp":12.147459,"type":"EXECUTE_JOB","data":{"job_id":"ebdc2a!70","alloc":"40-43"}}]}'
Received '{"now":12.160352,"events":[{"timestamp":12.160352,"type":"JOB_SUBMITTED","data":{"job_id":"ebdc2a!71","job":{"id":"ebdc2a!71","profile":"BT.S.16","res":16,"subtime":12.160323,"walltime":4200}}}]}'
Sending '{"now":12.160352,"events":[]}'
Received '{"now":12.181633,"events":[{"timestamp":12.181633,"type":"JOB_COMPLETED","data":{"job_id":"ebdc2a!69","job_state":"COMPLETED_SUCCESSFULLY","return_code":0,"kill_reason":"","alloc":"36-39"}}]}'
Sending '{"now":12.181633,"events":[]}'
Received '{"now":12.275028,"events":[{"timestamp":12.275028,"type":"JOB_COMPLETED","data":{"job_id":"ebdc2a!67","job_state":"COMPLETED_SUCCESSFULLY","return_code":0,"kill_reason":"","alloc":"32-35"}}]}'
Sending '{"now":12.275028,"events":[]}'
Received '{"now":12.357509,"events":[{"timestamp":12.357509,"type":"JOB_COMPLETED","data":{"job_id":"ebdc2a!70","job_state":"COMPLETED_SUCCESSFULLY","return_code":0,"kill_reason":"","alloc":"40-43"}}]}'
Sending '{"now":12.357509,"events":[{"timestamp":12.357509,"type":"EXECUTE_JOB","data":{"job_id":"ebdc2a!71","alloc":"32-47"}}]}'
Received '{"now":12.361714,"events":[{"timestamp":12.361714,"type":"JOB_SUBMITTED","data":{"job_id":"ebdc2a!72","job":{"id":"ebdc2a!72","profile":"FT.S.4","res":4,"subtime":12.361691,"walltime":4200}}}]}'
Sending '{"now":12.361714,"events":[{"timestamp":12.361714,"type":"EXECUTE_JOB","data":{"job_id":"ebdc2a!72","alloc":"48-51"}}]}'
Received '{"now":12.381448,"events":[{"timestamp":12.381448,"type":"JOB_COMPLETED","data":{"job_id":"ebdc2a!66","job_state":"COMPLETED_SUCCESSFULLY","return_code":0,"kill_reason":"","alloc":"52-55"}}]}'
Sending '{"now":12.381448,"events":[]}'
Received '{"now":12.387936,"events":[{"timestamp":12.387936,"type":"JOB_SUBMITTED","data":{"job_id":"ebdc2a!73","job":{"id":"ebdc2a!73","profile":"SP.S.16","res":16,"subtime":12.387914,"walltime":4200}}}]}'
Sending '{"now":12.387936,"events":[]}'
Received '{"now":12.415372,"events":[{"timestamp":12.415372,"type":"JOB_SUBMITTED","data":{"job_id":"ebdc2a!74","job":{"id":"ebdc2a!74","profile":"FT.S.4","res":4,"subtime":12.415344,"walltime":4200}}}]}'
Sending '{"now":12.415372,"events":[{"timestamp":12.415372,"type":"EXECUTE_JOB","data":{"job_id":"ebdc2a!74","alloc":"52-55"}}]}'
Received '{"now":12.541633,"events":[{"timestamp":12.541633,"type":"JOB_COMPLETED","data":{"job_id":"ebdc2a!63","job_state":"COMPLETED_SUCCESSFULLY","return_code":0,"kill_reason":"","alloc":"16-31"}}]}'
Sending '{"now":12.541633,"events":[{"timestamp":12.541633,"type":"EXECUTE_JOB","data":{"job_id":"ebdc2a!73","alloc":"16-31"}}]}'
Received '{"now":12.556231,"events":[{"timestamp":12.556231,"type":"JOB_COMPLETED","data":{"job_id":"ebdc2a!64","job_state":"COMPLETED_SUCCESSFULLY","return_code":0,"kill_reason":"","alloc":"0-15"}}]}'
Sending '{"now":12.556231,"events":[]}'
Received '{"now":12.751412,"events":[{"timestamp":12.751412,"type":"JOB_SUBMITTED","data":{"job_id":"ebdc2a!75","job":{"id":"ebdc2a!75","profile":"MG.S.16","res":16,"subtime":12.751381,"walltime":4200}}}]}'
Sending '{"now":12.751412,"events":[{"timestamp":12.751412,"type":"EXECUTE_JOB","data":{"job_id":"ebdc2a!75","alloc":"0-15"}}]}'
Received '{"now":12.765885,"events":[{"timestamp":12.765885,"type":"JOB_SUBMITTED","data":{"job_id":"ebdc2a!76","job":{"id":"ebdc2a!76","profile":"CG.S.16","res":16,"subtime":12.765858,"walltime":4200}}}]}'
Sending '{"now":12.765885,"events":[]}'
Received '{"now":12.891619,"events":[{"timestamp":12.891619,"type":"JOB_SUBMITTED","data":{"job_id":"ebdc2a!77","job":{"id":"ebdc2a!77","profile":"FT.S.16","res":16,"subtime":12.891589,"walltime":4200}}}]}'
Sending '{"now":12.891619,"events":[]}'
Received '{"now":12.912035,"events":[{"timestamp":12.912035,"type":"JOB_COMPLETED","data":{"job_id":"ebdc2a!74","job_state":"COMPLETED_SUCCESSFULLY","return_code":0,"kill_reason":"","alloc":"52-55"}}]}'
Sending '{"now":12.912035,"events":[]}'
Received '{"now":12.930887,"events":[{"timestamp":12.930887,"type":"JOB_COMPLETED","data":{"job_id":"ebdc2a!72","job_state":"COMPLETED_SUCCESSFULLY","return_code":0,"kill_reason":"","alloc":"48-51"}}]}'
Sending '{"now":12.930887,"events":[{"timestamp":12.930887,"type":"EXECUTE_JOB","data":{"job_id":"ebdc2a!76","alloc":"48-63"}}]}'
Received '{"now":13.182572,"events":[{"timestamp":13.182572,"type":"JOB_SUBMITTED","data":{"job_id":"ebdc2a!78","job":{"id":"ebdc2a!78","profile":"MG.S.16","res":16,"subtime":13.182552,"walltime":4200}}}]}'
Sending '{"now":13.182572,"events":[]}'
Received '{"now":13.204083,"events":[{"timestamp":13.204083,"type":"JOB_COMPLETED","data":{"job_id":"ebdc2a!75","job_state":"COMPLETED_SUCCESSFULLY","return_code":0,"kill_reason":"","alloc":"0-15"}}]}'
Sending '{"now":13.204083,"events":[{"timestamp":13.204083,"type":"EXECUTE_JOB","data":{"job_id":"ebdc2a!77","alloc":"0-15"}}]}'
Received '{"now":13.374924,"events":[{"timestamp":13.374924,"type":"JOB_SUBMITTED","data":{"job_id":"ebdc2a!79","job":{"id":"ebdc2a!79","profile":"LU.S.4","res":4,"subtime":13.374894,"walltime":4200}}}]}'
Sending '{"now":13.374924,"events":[]}'
Received '{"now":13.542216,"events":[{"timestamp":13.542216,"type":"JOB_SUBMITTED","data":{"job_id":"ebdc2a!80","job":{"id":"ebdc2a!80","profile":"CG.S.16","res":16,"subtime":13.542189,"walltime":4200}}}]}'
Sending '{"now":13.542216,"events":[]}'
Received '{"now":13.572819,"events":[{"timestamp":13.572819,"type":"JOB_SUBMITTED","data":{"job_id":"ebdc2a!81","job":{"id":"ebdc2a!81","profile":"IS.S.4","res":4,"subtime":13.572789,"walltime":4200}}}]}'
Sending '{"now":13.572819,"events":[]}'
Received '{"now":13.592440,"events":[{"timestamp":13.592440,"type":"JOB_COMPLETED","data":{"job_id":"ebdc2a!73","job_state":"COMPLETED_SUCCESSFULLY","return_code":0,"kill_reason":"","alloc":"16-31"}}]}'
Sending '{"now":13.59244,"events":[{"timestamp":13.59244,"type":"EXECUTE_JOB","data":{"job_id":"ebdc2a!78","alloc":"16-31"}}]}'
Received '{"now":13.616169,"events":[{"timestamp":13.616169,"type":"JOB_COMPLETED","data":{"job_id":"ebdc2a!77","job_state":"COMPLETED_SUCCESSFULLY","return_code":0,"kill_reason":"","alloc":"0-15"}}]}'
Sending '{"now":13.616169,"events":[{"timestamp":13.616169,"type":"EXECUTE_JOB","data":{"job_id":"ebdc2a!79","alloc":"0-3"}},{"timestamp":13.616169,"type":"EXECUTE_JOB","data":{"job_id":"ebdc2a!81","alloc":"4-7"}}]}'
Received '{"now":13.628843,"events":[{"timestamp":13.628843,"type":"JOB_SUBMITTED","data":{"job_id":"ebdc2a!82","job":{"id":"ebdc2a!82","profile":"FT.S.16","res":16,"subtime":13.628817,"walltime":4200}}}]}'
Sending '{"now":13.628843,"events":[]}'
Received '{"now":13.736026,"events":[{"timestamp":13.736026,"type":"JOB_COMPLETED","data":{"job_id":"ebdc2a!71","job_state":"COMPLETED_SUCCESSFULLY","return_code":0,"kill_reason":"","alloc":"32-47"}}]}'
Sending '{"now":13.736026,"events":[{"timestamp":13.736026,"type":"EXECUTE_JOB","data":{"job_id":"ebdc2a!80","alloc":"32-47"}}]}'
Received '{"now":13.744712,"events":[{"timestamp":13.744712,"type":"JOB_COMPLETED","data":{"job_id":"ebdc2a!81","job_state":"COMPLETED_SUCCESSFULLY","return_code":0,"kill_reason":"","alloc":"4-7"}}]}'
Sending '{"now":13.744712,"events":[]}'
Received '{"now":13.913870,"events":[{"timestamp":13.913870,"type":"JOB_COMPLETED","data":{"job_id":"ebdc2a!76","job_state":"COMPLETED_SUCCESSFULLY","return_code":0,"kill_reason":"","alloc":"48-63"}}]}'
Sending '{"now":13.91387,"events":[{"timestamp":13.91387,"type":"EXECUTE_JOB","data":{"job_id":"ebdc2a!82","alloc":"48-63"}}]}'
Received '{"now":13.951177,"events":[{"timestamp":13.951177,"type":"JOB_COMPLETED","data":{"job_id":"ebdc2a!78","job_state":"COMPLETED_SUCCESSFULLY","return_code":0,"kill_reason":"","alloc":"16-31"}}]}'
Sending '{"now":13.951177,"events":[]}'
Received '{"now":13.998681,"events":[{"timestamp":13.998681,"type":"JOB_SUBMITTED","data":{"job_id":"ebdc2a!83","job":{"id":"ebdc2a!83","profile":"MG.S.4","res":4,"subtime":13.998659,"walltime":4200}}}]}'
Sending '{"now":13.998681,"events":[{"timestamp":13.998681,"type":"EXECUTE_JOB","data":{"job_id":"ebdc2a!83","alloc":"4-7"}}]}'
Received '{"now":14.115044,"events":[{"timestamp":14.115044,"type":"JOB_SUBMITTED","data":{"job_id":"ebdc2a!84","job":{"id":"ebdc2a!84","profile":"IS.S.4","res":4,"subtime":14.115023,"walltime":4200}}}]}'
Sending '{"now":14.115044,"events":[{"timestamp":14.115044,"type":"EXECUTE_JOB","data":{"job_id":"ebdc2a!84","alloc":"8-11"}}]}'
Received '{"now":14.218075,"events":[{"timestamp":14.218075,"type":"JOB_COMPLETED","data":{"job_id":"ebdc2a!82","job_state":"COMPLETED_SUCCESSFULLY","return_code":0,"kill_reason":"","alloc":"48-63"}}]}'
Sending '{"now":14.218075,"events":[]}'
Received '{"now":14.219981,"events":[{"timestamp":14.219981,"type":"JOB_COMPLETED","data":{"job_id":"ebdc2a!83","job_state":"COMPLETED_SUCCESSFULLY","return_code":0,"kill_reason":"","alloc":"4-7"}}]}'
Sending '{"now":14.219981,"events":[]}'
Received '{"now":14.232929,"events":[{"timestamp":14.232929,"type":"JOB_COMPLETED","data":{"job_id":"ebdc2a!84","job_state":"COMPLETED_SUCCESSFULLY","return_code":0,"kill_reason":"","alloc":"8-11"}}]}'
Sending '{"now":14.232929,"events":[]}'
Received '{"now":14.427241,"events":[{"timestamp":14.427241,"type":"JOB_COMPLETED","data":{"job_id":"ebdc2a!79","job_state":"COMPLETED_SUCCESSFULLY","return_code":0,"kill_reason":"","alloc":"0-3"}}]}'
Sending '{"now":14.427241,"events":[]}'
Received '{"now":14.511071,"events":[{"timestamp":14.511071,"type":"JOB_SUBMITTED","data":{"job_id":"ebdc2a!85","job":{"id":"ebdc2a!85","profile":"MG.S.4","res":4,"subtime":14.511045,"walltime":4200}}}]}'
Sending '{"now":14.511071,"events":[{"timestamp":14.511071,"type":"EXECUTE_JOB","data":{"job_id":"ebdc2a!85","alloc":"0-3"}}]}'
Received '{"now":14.561445,"events":[{"timestamp":14.561445,"type":"JOB_SUBMITTED","data":{"job_id":"ebdc2a!86","job":{"id":"ebdc2a!86","profile":"SP.S.4","res":4,"subtime":14.561422,"walltime":4200}}}]}'
Sending '{"now":14.561445,"events":[{"timestamp":14.561445,"type":"EXECUTE_JOB","data":{"job_id":"ebdc2a!86","alloc":"4-7"}}]}'
Received '{"now":14.676488,"events":[{"timestamp":14.676488,"type":"JOB_COMPLETED","data":{"job_id":"ebdc2a!85","job_state":"COMPLETED_SUCCESSFULLY","return_code":0,"kill_reason":"","alloc":"0-3"}}]}'
Sending '{"now":14.676488,"events":[]}'
Received '{"now":14.731506,"events":[{"timestamp":14.731506,"type":"JOB_COMPLETED","data":{"job_id":"ebdc2a!80","job_state":"COMPLETED_SUCCESSFULLY","return_code":0,"kill_reason":"","alloc":"32-47"}}]}'
Sending '{"now":14.731506,"events":[]}'
Received '{"now":14.734271,"events":[{"timestamp":14.734271,"type":"JOB_SUBMITTED","data":{"job_id":"ebdc2a!87","job":{"id":"ebdc2a!87","profile":"FT.S.16","res":16,"subtime":14.734247,"walltime":4200}}}]}'
Sending '{"now":14.734271,"events":[{"timestamp":14.734271,"type":"EXECUTE_JOB","data":{"job_id":"ebdc2a!87","alloc":"8-23"}}]}'
Received '{"now":14.735247,"events":[{"timestamp":14.735247,"type":"JOB_SUBMITTED","data":{"job_id":"ebdc2a!88","job":{"id":"ebdc2a!88","profile":"LU.S.4","res":4,"subtime":14.735217,"walltime":4200}}}]}'
Sending '{"now":14.735247,"events":[{"timestamp":14.735247,"type":"EXECUTE_JOB","data":{"job_id":"ebdc2a!88","alloc":"0-3"}}]}'
Received '{"now":14.800307,"events":[{"timestamp":14.800307,"type":"JOB_SUBMITTED","data":{"job_id":"ebdc2a!89","job":{"id":"ebdc2a!89","profile":"CG.S.16","res":16,"subtime":14.800283,"walltime":4200}}}]}'
Sending '{"now":14.800307,"events":[{"timestamp":14.800307,"type":"EXECUTE_JOB","data":{"job_id":"ebdc2a!89","alloc":"24-39"}}]}'
Received '{"now":14.815909,"events":[{"timestamp":14.815909,"type":"JOB_COMPLETED","data":{"job_id":"ebdc2a!86","job_state":"COMPLETED_SUCCESSFULLY","return_code":0,"kill_reason":"","alloc":"4-7"}}]}'
Sending '{"now":14.815909,"events":[]}'
Received '{"now":14.882423,"events":[{"timestamp":14.882423,"type":"JOB_SUBMITTED","data":{"job_id":"ebdc2a!90","job":{"id":"ebdc2a!90","profile":"LU.S.4","res":4,"subtime":14.882393,"walltime":4200}}}]}'
Sending '{"now":14.882423,"events":[{"timestamp":14.882423,"type":"EXECUTE_JOB","data":{"job_id":"ebdc2a!90","alloc":"4-7"}}]}'
Received '{"now":14.914110,"events":[{"timestamp":14.914110,"type":"JOB_COMPLETED","data":{"job_id":"ebdc2a!87","job_state":"COMPLETED_SUCCESSFULLY","return_code":0,"kill_reason":"","alloc":"8-23"}}]}'
Sending '{"now":14.91411,"events":[]}'
Received '{"now":14.983544,"events":[{"timestamp":14.983544,"type":"JOB_SUBMITTED","data":{"job_id":"ebdc2a!91","job":{"id":"ebdc2a!91","profile":"SP.S.16","res":16,"subtime":14.983528,"walltime":4200}}}]}'
Sending '{"now":14.983544,"events":[{"timestamp":14.983544,"type":"EXECUTE_JOB","data":{"job_id":"ebdc2a!91","alloc":"8-23"}}]}'
Received '{"now":15.024922,"events":[{"timestamp":15.024922,"type":"JOB_SUBMITTED","data":{"job_id":"ebdc2a!92","job":{"id":"ebdc2a!92","profile":"BT.S.4","res":4,"subtime":15.024893,"walltime":4200}}}]}'
Sending '{"now":15.024922,"events":[{"timestamp":15.024922,"type":"EXECUTE_JOB","data":{"job_id":"ebdc2a!92","alloc":"40-43"}}]}'
Received '{"now":15.043236,"events":[{"timestamp":15.043236,"type":"JOB_SUBMITTED","data":{"job_id":"ebdc2a!93","job":{"id":"ebdc2a!93","profile":"SP.S.16","res":16,"subtime":15.043214,"walltime":4200}}}]}'
Sending '{"now":15.043236,"events":[{"timestamp":15.043236,"type":"EXECUTE_JOB","data":{"job_id":"ebdc2a!93","alloc":"44-59"}}]}'
Received '{"now":15.094181,"events":[{"timestamp":15.094181,"type":"JOB_SUBMITTED","data":{"job_id":"ebdc2a!94","job":{"id":"ebdc2a!94","profile":"MG.S.16","res":16,"subtime":15.094163,"walltime":4200}}}]}'
Sending '{"now":15.094181,"events":[]}'
Received '{"now":15.135020,"events":[{"timestamp":15.135020,"type":"JOB_SUBMITTED","data":{"job_id":"ebdc2a!95","job":{"id":"ebdc2a!95","profile":"LU.S.16","res":16,"subtime":15.134990,"walltime":4200}}}]}'
Sending '{"now":15.13502,"events":[]}'
Received '{"now":15.148801,"events":[{"timestamp":15.148801,"type":"JOB_SUBMITTED","data":{"job_id":"ebdc2a!96","job":{"id":"ebdc2a!96","profile":"FT.S.4","res":4,"subtime":15.148773,"walltime":4200}}}]}'
Sending '{"now":15.148801,"events":[{"timestamp":15.148801,"type":"EXECUTE_JOB","data":{"job_id":"ebdc2a!96","alloc":"60-63"}}]}'
Received '{"now":15.176228,"events":[{"timestamp":15.176228,"type":"JOB_SUBMITTED","data":{"job_id":"ebdc2a!97","job":{"id":"ebdc2a!97","profile":"LU.S.16","res":16,"subtime":15.176200,"walltime":4200}}}]}'
Sending '{"now":15.176228,"events":[]}'
Received '{"now":15.236080,"events":[{"timestamp":15.236080,"type":"JOB_SUBMITTED","data":{"job_id":"ebdc2a!98","job":{"id":"ebdc2a!98","profile":"SP.S.16","res":16,"subtime":15.236050,"walltime":4200}}}]}'
Sending '{"now":15.23608,"events":[]}'
Received '{"now":15.370238,"events":[{"timestamp":15.370238,"type":"JOB_COMPLETED","data":{"job_id":"ebdc2a!92","job_state":"COMPLETED_SUCCESSFULLY","return_code":0,"kill_reason":"","alloc":"40-43"}}]}'
Sending '{"now":15.370238,"events":[]}'
Received '{"now":15.538720,"events":[{"timestamp":15.538720,"type":"JOB_COMPLETED","data":{"job_id":"ebdc2a!96","job_state":"COMPLETED_SUCCESSFULLY","return_code":0,"kill_reason":"","alloc":"60-63"}}]}'
Sending '{"now":15.53872,"events":[]}'
Received '{"now":15.572569,"events":[{"timestamp":15.572569,"type":"JOB_SUBMITTED","data":{"job_id":"ebdc2a!99","job":{"id":"ebdc2a!99","profile":"CG.S.16","res":16,"subtime":15.572549,"walltime":4200}}}]}'
Sending '{"now":15.572569,"events":[]}'
Received '{"now":15.577208,"events":[{"timestamp":15.577208,"type":"JOB_COMPLETED","data":{"job_id":"ebdc2a!88","job_state":"COMPLETED_SUCCESSFULLY","return_code":0,"kill_reason":"","alloc":"0-3"}}]}'
Sending '{"now":15.577208,"events":[]}'
Received '{"now":15.622745,"events":[{"timestamp":15.622745,"type":"JOB_SUBMITTED","data":{"job_id":"ebdc2a!100","job":{"id":"ebdc2a!100","profile":"BT.S.16","res":16,"subtime":15.622725,"walltime":4200}}}]}'
Sending '{"now":15.622745,"events":[]}'
Received '{"now":15.734544,"events":[{"timestamp":15.734544,"type":"JOB_COMPLETED","data":{"job_id":"ebdc2a!90","job_state":"COMPLETED_SUCCESSFULLY","return_code":0,"kill_reason":"","alloc":"4-7"}}]}'
Sending '{"now":15.734544,"events":[]}'
Received '{"now":15.902881,"events":[{"timestamp":15.902881,"type":"JOB_COMPLETED","data":{"job_id":"ebdc2a!89","job_state":"COMPLETED_SUCCESSFULLY","return_code":0,"kill_reason":"","alloc":"24-39"}}]}'
Sending '{"now":15.902881,"events":[{"timestamp":15.902881,"type":"EXECUTE_JOB","data":{"job_id":"ebdc2a!94","alloc":"24-39"}}]}'
Received '{"now":15.925478,"events":[{"timestamp":15.925478,"type":"JOB_SUBMITTED","data":{"job_id":"ebdc2a!101","job":{"id":"ebdc2a!101","profile":"LU.S.16","res":16,"subtime":15.925447,"walltime":4200}}}]}'
Sending '{"now":15.925478,"events":[]}'
Received '{"now":16.015282,"events":[{"timestamp":16.015282,"type":"JOB_SUBMITTED","data":{"job_id":"ebdc2a!102","job":{"id":"ebdc2a!102","profile":"IS.S.16","res":16,"subtime":16.015256,"walltime":4200}}}]}'
Sending '{"now":16.015282,"events":[]}'
Received '{"now":16.052961,"events":[{"timestamp":16.052961,"type":"JOB_SUBMITTED","data":{"job_id":"ebdc2a!103","job":{"id":"ebdc2a!103","profile":"CG.S.16","res":16,"subtime":16.052931,"walltime":4200}}}]}'
Sending '{"now":16.052961,"events":[]}'
Received '{"now":16.073906,"events":[{"timestamp":16.073906,"type":"JOB_SUBMITTED","data":{"job_id":"ebdc2a!104","job":{"id":"ebdc2a!104","profile":"BT.S.4","res":4,"subtime":16.073876,"walltime":4200}}}]}'
Sending '{"now":16.073906,"events":[{"timestamp":16.073906,"type":"EXECUTE_JOB","data":{"job_id":"ebdc2a!104","alloc":"40-43"}}]}'
Received '{"now":16.101350,"events":[{"timestamp":16.101350,"type":"JOB_COMPLETED","data":{"job_id":"ebdc2a!91","job_state":"COMPLETED_SUCCESSFULLY","return_code":0,"kill_reason":"","alloc":"8-23"}}]}'
Sending '{"now":16.10135,"events":[{"timestamp":16.10135,"type":"EXECUTE_JOB","data":{"job_id":"ebdc2a!95","alloc":"0-15"}}]}'
Received '{"now":16.173543,"events":[{"timestamp":16.173543,"type":"JOB_COMPLETED","data":{"job_id":"ebdc2a!93","job_state":"COMPLETED_SUCCESSFULLY","return_code":0,"kill_reason":"","alloc":"44-59"}}]}'
Sending '{"now":16.173543,"events":[{"timestamp":16.173543,"type":"EXECUTE_JOB","data":{"job_id":"ebdc2a!97","alloc":"44-59"}}]}'
Received '{"now":16.281121,"events":[{"timestamp":16.281121,"type":"JOB_COMPLETED","data":{"job_id":"ebdc2a!94","job_state":"COMPLETED_SUCCESSFULLY","return_code":0,"kill_reason":"","alloc":"24-39"}}]}'
Sending '{"now":16.281121,"events":[{"timestamp":16.281121,"type":"EXECUTE_JOB","data":{"job_id":"ebdc2a!98","alloc":"16-31"}}]}'
Received '{"now":16.322933,"events":[{"timestamp":16.322933,"type":"JOB_SUBMITTED","data":{"job_id":"ebdc2a!105","job":{"id":"ebdc2a!105","profile":"MG.S.16","res":16,"subtime":16.322909,"walltime":4200}}}]}'
Sending '{"now":16.322933,"events":[]}'
Received '{"now":16.381160,"events":[{"timestamp":16.381160,"type":"JOB_COMPLETED","data":{"job_id":"ebdc2a!104","job_state":"COMPLETED_SUCCESSFULLY","return_code":0,"kill_reason":"","alloc":"40-43"}}]}'
Sending '{"now":16.38116,"events":[]}'
Received '{"now":16.898407,"events":[{"timestamp":16.898407,"type":"JOB_SUBMITTED","data":{"job_id":"ebdc2a!106","job":{"id":"ebdc2a!106","profile":"IS.S.16","res":16,"subtime":16.898380,"walltime":4200}}}]}'
Sending '{"now":16.898407,"events":[]}'
Received '{"now":17.018050,"events":[{"timestamp":17.018050,"type":"JOB_SUBMITTED","data":{"job_id":"ebdc2a!107","job":{"id":"ebdc2a!107","profile":"FT.S.16","res":16,"subtime":17.018023,"walltime":4200}}}]}'
Sending '{"now":17.01805,"events":[]}'
Received '{"now":17.122853,"events":[{"timestamp":17.122853,"type":"JOB_COMPLETED","data":{"job_id":"ebdc2a!95","job_state":"COMPLETED_SUCCESSFULLY","return_code":0,"kill_reason":"","alloc":"0-15"}}]}'
Sending '{"now":17.122853,"events":[{"timestamp":17.122853,"type":"EXECUTE_JOB","data":{"job_id":"ebdc2a!99","alloc":"0-15"}}]}'
Received '{"now":17.144292,"events":[{"timestamp":17.144292,"type":"JOB_COMPLETED","data":{"job_id":"ebdc2a!97","job_state":"COMPLETED_SUCCESSFULLY","return_code":0,"kill_reason":"","alloc":"44-59"}}]}'
Sending '{"now":17.144292,"events":[{"timestamp":17.144292,"type":"EXECUTE_JOB","data":{"job_id":"ebdc2a!100","alloc":"32-47"}},{"timestamp":17.144292,"type":"EXECUTE_JOB","data":{"job_id":"ebdc2a!101","alloc":"48-63"}}]}'
Received '{"now":17.190143,"events":[{"timestamp":17.190143,"type":"JOB_COMPLETED","data":{"job_id":"ebdc2a!98","job_state":"COMPLETED_SUCCESSFULLY","return_code":0,"kill_reason":"","alloc":"16-31"}}]}'
Sending '{"now":17.190143,"events":[{"timestamp":17.190143,"type":"EXECUTE_JOB","data":{"job_id":"ebdc2a!102","alloc":"16-31"}}]}'
Received '{"now":17.283524,"events":[{"timestamp":17.283524,"type":"JOB_COMPLETED","data":{"job_id":"ebdc2a!102","job_state":"COMPLETED_SUCCESSFULLY","return_code":0,"kill_reason":"","alloc":"16-31"}}]}'
Sending '{"now":17.283524,"events":[{"timestamp":17.283524,"type":"EXECUTE_JOB","data":{"job_id":"ebdc2a!103","alloc":"16-31"}}]}'
Received '{"now":17.303800,"events":[{"timestamp":17.303800,"type":"JOB_SUBMITTED","data":{"job_id":"ebdc2a!108","job":{"id":"ebdc2a!108","profile":"BT.S.16","res":16,"subtime":17.303773,"walltime":4200}}}]}'
Sending '{"now":17.3038,"events":[]}'
Received '{"now":17.319300,"events":[{"timestamp":17.319300,"type":"JOB_SUBMITTED","data":{"job_id":"ebdc2a!109","job":{"id":"ebdc2a!109","profile":"BT.S.4","res":4,"subtime":17.319272,"walltime":4200}}}]}'
Sending '{"now":17.3193,"events":[]}'
Received '{"now":17.357330,"events":[{"timestamp":17.357330,"type":"JOB_SUBMITTED","data":{"job_id":"ebdc2a!110","job":{"id":"ebdc2a!110","profile":"CG.S.16","res":16,"subtime":17.357306,"walltime":4200}}}]}'
Sending '{"now":17.35733,"events":[]}'
Received '{"now":17.428745,"events":[{"timestamp":17.428745,"type":"JOB_SUBMITTED","data":{"job_id":"ebdc2a!111","job":{"id":"ebdc2a!111","profile":"SP.S.16","res":16,"subtime":17.428718,"walltime":4200}}}]}'
Sending '{"now":17.428745,"events":[]}'
Received '{"now":17.549196,"events":[{"timestamp":17.549196,"type":"JOB_SUBMITTED","data":{"job_id":"ebdc2a!112","job":{"id":"ebdc2a!112","profile":"IS.S.4","res":4,"subtime":17.549165,"walltime":4200}}}]}'
Sending '{"now":17.549196,"events":[]}'
Received '{"now":17.699638,"events":[{"timestamp":17.699638,"type":"JOB_SUBMITTED","data":{"job_id":"ebdc2a!113","job":{"id":"ebdc2a!113","profile":"MG.S.4","res":4,"subtime":17.699611,"walltime":4200}}}]}'
Sending '{"now":17.699638,"events":[]}'
Received '{"now":18.091343,"events":[{"timestamp":18.091343,"type":"JOB_COMPLETED","data":{"job_id":"ebdc2a!100","job_state":"COMPLETED_SUCCESSFULLY","return_code":0,"kill_reason":"","alloc":"32-47"}}]}'
Sending '{"now":18.091343,"events":[{"timestamp":18.091343,"type":"EXECUTE_JOB","data":{"job_id":"ebdc2a!105","alloc":"32-47"}}]}'
Received '{"now":18.152652,"events":[{"timestamp":18.152652,"type":"JOB_COMPLETED","data":{"job_id":"ebdc2a!99","job_state":"COMPLETED_SUCCESSFULLY","return_code":0,"kill_reason":"","alloc":"0-15"}}]}'
Sending '{"now":18.152652,"events":[{"timestamp":18.152652,"type":"EXECUTE_JOB","data":{"job_id":"ebdc2a!106","alloc":"0-15"}}]}'
Received '{"now":18.162167,"events":[{"timestamp":18.162167,"type":"JOB_COMPLETED","data":{"job_id":"ebdc2a!101","job_state":"COMPLETED_SUCCESSFULLY","return_code":0,"kill_reason":"","alloc":"48-63"}}]}'
Sending '{"now":18.162167,"events":[{"timestamp":18.162167,"type":"EXECUTE_JOB","data":{"job_id":"ebdc2a!107","alloc":"48-63"}}]}'
Received '{"now":18.257468,"events":[{"timestamp":18.257468,"type":"JOB_COMPLETED","data":{"job_id":"ebdc2a!106","job_state":"COMPLETED_SUCCESSFULLY","return_code":0,"kill_reason":"","alloc":"0-15"}}]}'
Sending '{"now":18.257468,"events":[{"timestamp":18.257468,"type":"EXECUTE_JOB","data":{"job_id":"ebdc2a!108","alloc":"0-15"}}]}'
Received '{"now":18.268354,"events":[{"timestamp":18.268354,"type":"JOB_SUBMITTED","data":{"job_id":"ebdc2a!114","job":{"id":"ebdc2a!114","profile":"FT.S.16","res":16,"subtime":18.268324,"walltime":4200}}}]}'
Sending '{"now":18.268354,"events":[]}'
Received '{"now":18.311776,"events":[{"timestamp":18.311776,"type":"JOB_COMPLETED","data":{"job_id":"ebdc2a!103","job_state":"COMPLETED_SUCCESSFULLY","return_code":0,"kill_reason":"","alloc":"16-31"}}]}'
Sending '{"now":18.311776,"events":[{"timestamp":18.311776,"type":"EXECUTE_JOB","data":{"job_id":"ebdc2a!109","alloc":"16-19"}}]}'
Received '{"now":18.603049,"events":[{"timestamp":18.603049,"type":"JOB_COMPLETED","data":{"job_id":"ebdc2a!105","job_state":"COMPLETED_SUCCESSFULLY","return_code":0,"kill_reason":"","alloc":"32-47"}}]}'
Sending '{"now":18.603049,"events":[{"timestamp":18.603049,"type":"EXECUTE_JOB","data":{"job_id":"ebdc2a!110","alloc":"20-35"}}]}'
Received '{"now":18.644419,"events":[{"timestamp":18.644419,"type":"JOB_SUBMITTED","data":{"job_id":"ebdc2a!115","job":{"id":"ebdc2a!115","profile":"FT.S.4","res":4,"subtime":18.644388,"walltime":4200}}}]}'
Sending '{"now":18.644419,"events":[]}'
Received '{"now":18.706220,"events":[{"timestamp":18.706220,"type":"JOB_COMPLETED","data":{"job_id":"ebdc2a!107","job_state":"COMPLETED_SUCCESSFULLY","return_code":0,"kill_reason":"","alloc":"48-63"}}]}'
Sending '{"now":18.70622,"events":[{"timestamp":18.70622,"type":"EXECUTE_JOB","data":{"job_id":"ebdc2a!111","alloc":"36-51"}},{"timestamp":18.70622,"type":"EXECUTE_JOB","data":{"job_id":"ebdc2a!112","alloc":"52-55"}},{"timestamp":18.70622,"type":"EXECUTE_JOB","data":{"job_id":"ebdc2a!113","alloc":"56-59"}},{"timestamp":18.70622,"type":"EXECUTE_JOB","data":{"job_id":"ebdc2a!115","alloc":"60-63"}}]}'
Received '{"now":18.727822,"events":[{"timestamp":18.727822,"type":"JOB_COMPLETED","data":{"job_id":"ebdc2a!109","job_state":"COMPLETED_SUCCESSFULLY","return_code":0,"kill_reason":"","alloc":"16-19"}}]}'
Sending '{"now":18.727822,"events":[]}'
Received '{"now":18.839244,"events":[{"timestamp":18.839244,"type":"JOB_COMPLETED","data":{"job_id":"ebdc2a!112","job_state":"COMPLETED_SUCCESSFULLY","return_code":0,"kill_reason":"","alloc":"52-55"}}]}'
Sending '{"now":18.839244,"events":[]}'
Received '{"now":18.864190,"events":[{"timestamp":18.864190,"type":"JOB_SUBMITTED","data":{"job_id":"ebdc2a!116","job":{"id":"ebdc2a!116","profile":"SP.S.16","res":16,"subtime":18.864162,"walltime":4200}}}]}'
Sending '{"now":18.86419,"events":[]}'
Received '{"now":18.962977,"events":[{"timestamp":18.962977,"type":"JOB_COMPLETED","data":{"job_id":"ebdc2a!113","job_state":"COMPLETED_SUCCESSFULLY","return_code":0,"kill_reason":"","alloc":"56-59"}}]}'
Sending '{"now":18.962977,"events":[]}'
Received '{"now":19.328446,"events":[{"timestamp":19.328446,"type":"JOB_COMPLETED","data":{"job_id":"ebdc2a!115","job_state":"COMPLETED_SUCCESSFULLY","return_code":0,"kill_reason":"","alloc":"60-63"}}]}'
Sending '{"now":19.328446,"events":[]}'
Received '{"now":19.426738,"events":[{"timestamp":19.426738,"type":"JOB_SUBMITTED","data":{"job_id":"ebdc2a!117","job":{"id":"ebdc2a!117","profile":"SP.S.4","res":4,"subtime":19.426708,"walltime":4200}}}]}'
Sending '{"now":19.426738,"events":[{"timestamp":19.426738,"type":"EXECUTE_JOB","data":{"job_id":"ebdc2a!117","alloc":"16-19"}}]}'
Received '{"now":19.559394,"events":[{"timestamp":19.559394,"type":"JOB_COMPLETED","data":{"job_id":"ebdc2a!108","job_state":"COMPLETED_SUCCESSFULLY","return_code":0,"kill_reason":"","alloc":"0-15"}}]}'
Sending '{"now":19.559394,"events":[{"timestamp":19.559394,"type":"EXECUTE_JOB","data":{"job_id":"ebdc2a!114","alloc":"0-15"}}]}'
Received '{"now":19.597578,"events":[{"timestamp":19.597578,"type":"JOB_COMPLETED","data":{"job_id":"ebdc2a!110","job_state":"COMPLETED_SUCCESSFULLY","return_code":0,"kill_reason":"","alloc":"20-35"}}]}'
Sending '{"now":19.597578,"events":[{"timestamp":19.597578,"type":"EXECUTE_JOB","data":{"job_id":"ebdc2a!116","alloc":"20-35"}}]}'
Received '{"now":19.697746,"events":[{"timestamp":19.697746,"type":"JOB_COMPLETED","data":{"job_id":"ebdc2a!111","job_state":"COMPLETED_SUCCESSFULLY","return_code":0,"kill_reason":"","alloc":"36-51"}}]}'
Sending '{"now":19.697746,"events":[]}'
Received '{"now":19.794881,"events":[{"timestamp":19.794881,"type":"JOB_COMPLETED","data":{"job_id":"ebdc2a!117","job_state":"COMPLETED_SUCCESSFULLY","return_code":0,"kill_reason":"","alloc":"16-19"}}]}'
Sending '{"now":19.794881,"events":[]}'
Received '{"now":19.853743,"events":[{"timestamp":19.853743,"type":"JOB_COMPLETED","data":{"job_id":"ebdc2a!114","job_state":"COMPLETED_SUCCESSFULLY","return_code":0,"kill_reason":"","alloc":"0-15"}}]}'
Sending '{"now":19.853743,"events":[]}'
Received '{"now":19.926922,"events":[{"timestamp":19.926922,"type":"JOB_SUBMITTED","data":{"job_id":"ebdc2a!118","job":{"id":"ebdc2a!118","profile":"CG.S.16","res":16,"subtime":19.926901,"walltime":4200}}}]}'
Sending '{"now":19.926922,"events":[{"timestamp":19.926922,"type":"EXECUTE_JOB","data":{"job_id":"ebdc2a!118","alloc":"0-15"}}]}'
Received '{"now":19.964115,"events":[{"timestamp":19.964115,"type":"JOB_SUBMITTED","data":{"job_id":"ebdc2a!119","job":{"id":"ebdc2a!119","profile":"IS.S.16","res":16,"subtime":19.964093,"walltime":4200}}}]}'
Sending '{"now":19.964115,"events":[{"timestamp":19.964115,"type":"EXECUTE_JOB","data":{"job_id":"ebdc2a!119","alloc":"36-51"}}]}'
Received '{"now":20.057354,"events":[{"timestamp":20.057354,"type":"JOB_COMPLETED","data":{"job_id":"ebdc2a!119","job_state":"COMPLETED_SUCCESSFULLY","return_code":0,"kill_reason":"","alloc":"36-51"}}]}'
Sending '{"now":20.057354,"events":[]}'
Received '{"now":20.388948,"events":[{"timestamp":20.388948,"type":"JOB_SUBMITTED","data":{"job_id":"ebdc2a!120","job":{"id":"ebdc2a!120","profile":"FT.S.16","res":16,"subtime":20.388926,"walltime":4200}}}]}'
Sending '{"now":20.388948,"events":[{"timestamp":20.388948,"type":"EXECUTE_JOB","data":{"job_id":"ebdc2a!120","alloc":"36-51"}}]}'
Received '{"now":20.587849,"events":[{"timestamp":20.587849,"type":"JOB_COMPLETED","data":{"job_id":"ebdc2a!116","job_state":"COMPLETED_SUCCESSFULLY","return_code":0,"kill_reason":"","alloc":"20-35"}}]}'
Sending '{"now":20.587849,"events":[]}'
Received '{"now":20.655799,"events":[{"timestamp":20.655799,"type":"JOB_COMPLETED","data":{"job_id":"ebdc2a!120","job_state":"COMPLETED_SUCCESSFULLY","return_code":0,"kill_reason":"","alloc":"36-51"}}]}'
Sending '{"now":20.655799,"events":[]}'
Received '{"now":20.960001,"events":[{"timestamp":20.960001,"type":"JOB_COMPLETED","data":{"job_id":"ebdc2a!118","job_state":"COMPLETED_SUCCESSFULLY","return_code":0,"kill_reason":"","alloc":"0-15"}},{"timestamp":20.960001,"type":"SIMULATION_ENDS","data":{}}]}'
Sending '{"now":20.960001,"events":[]}'
