/home/huyao/simgrid-template/MpiEnv/config/petra20170524-huyao/../../../MpiEnv/../MpiEnv/simgrid/inst/bin//smpirun -np 64  --cfg=smpi/privatize_global_variables:yes -platform /home/huyao/simgrid-template/MpiEnv/config/petra20170524-huyao/platforms/0_petra-hikari-fullyconnected.xml -hostfile /home/huyao/simgrid-template/MpiEnv/config/petra20170524-huyao/platforms/0_petra-hikari-fullyconnected.txt  /tmp/mpienv_ft.A.6420170614-1337-191ad4/ft.A.64  
[0.000000] [xbt_cfg/INFO] Configuration change: Set 'surf/precision' to '1e-9'
[0.000000] [xbt_cfg/INFO] Configuration change: Set 'network/model' to 'SMPI'
[0.000000] [xbt_cfg/INFO] Configuration change: Set 'network/TCP_gamma' to '4194304'
[0.000000] [xbt_cfg/INFO] Configuration change: Set 'smpi/privatize_global_variables' to 'yes'
[0.000000] [xbt_cfg/INFO] Configuration change: Set 'cpu/optim' to 'Lazy'
[0.000000] [xbt_cfg/INFO] Configuration change: Set 'maxmin/precision' to '1e-4'
[0.000000] [xbt_cfg/INFO] Configuration change: Set 'smpi/coll_selector' to 'mvapich2'
[0.000000] [xbt_cfg/INFO] Configuration change: Set 'smpi/cpu_threshold' to '0.00000001'
[0.000000] [xbt_cfg/INFO] Configuration change: Set 'smpi/running_power' to '50000000000.0'
[0.000000] [xbt_cfg/INFO] Configuration change: Set 'network/optim' to 'Lazy'
[0.000000] [xbt_cfg/INFO] Configuration change: Set 'smpi/display_timing' to '1'
[0.000000] [surf_parse/INFO] The custom configuration 'network/model' is already defined by user!
[0.000000] [surf_config/INFO] Switching workstation model to compound since you changed the network and/or cpu model(s)


 NAS Parallel Benchmarks 3.3 -- FT Benchmark

 No input file inputft.data. Using compiled defaults
 Size                :  256x 256x 128
 Iterations          :              6
 Number of processes :             64
 Processor array     :         1x  64
 Layout type         :             1D
 Initialization time =   9.6675797397540559E-004
 T =    1     Checksum =    5.046735008193D+02    5.114047905510D+02
 T =    2     Checksum =    5.059412319734D+02    5.098809666433D+02
 T =    3     Checksum =    5.069376896287D+02    5.098144042213D+02
 T =    4     Checksum =    5.077892868474D+02    5.101336130759D+02
 T =    5     Checksum =    5.085233095391D+02    5.104914655194D+02
 T =    6     Checksum =    5.091487099959D+02    5.107917842803D+02
 Result verification successful
 class = A


 FT Benchmark Completed.
 Class           =                        A
 Size            =            256x 256x 128
 Iterations      =                        6
 Time in seconds =                     0.01
 Total processes =                       64
 Compiled procs  =                       64
 Mop/s total     =               1146585.89
 Mop/s/process   =                 17915.40
 Operation type  =           floating point
 Verification    =               SUCCESSFUL
 Version         =                    3.3.1
 Compile date    =              14 Jun 2017

 Compile options:
    MPIF77       = ${SIMGRID_PATH}/bin/smpiff
    FLINK        = $(MPIF77)
    FMPI_LIB     = -lsimgrid -lgfortran #-lsmpi -lgras  
    FMPI_INC     = -I${SIMGRID_PATH}/include/smpi/
    FFLAGS       = -O
    FLINKFLAGS   = -O  -L${SIMGRID_PATH}/lib
    RAND         = randi8


 Please send feedbacks and/or the results of this run to:

 NPB Development Team 
 Internet: npb@nas.nasa.gov


[0.007199] [smpi_kernel/INFO] Simulated time: 0.00719883 seconds. 
 The simulation took 8.17606 seconds (after parsing and platform setup)
6.52881 seconds were actual computation of the application
[0.007199] [smpi_kernel/INFO] More than 75% of the time was spent inside the application code.
You may want to use sampling functions or trace replay to reduce this.
