/home/huyao/simgrid-template/MpiEnv/config/petra20170524-huyao/../../../MpiEnv/../MpiEnv/simgrid/inst/bin//smpirun -np 64  --cfg=smpi/privatize_global_variables:yes -platform /home/huyao/simgrid-template/MpiEnv/config/petra20170524-huyao/platforms/0_petra-hikari-fullyconnected.xml -hostfile /home/huyao/simgrid-template/MpiEnv/config/petra20170524-huyao/platforms/0_petra-hikari-fullyconnected.txt  /tmp/mpienv_is.A.6420170614-27605-1oetark/is.A.64  
[0.000000] [xbt_cfg/INFO] Configuration change: Set 'surf/precision' to '1e-9'
[0.000000] [xbt_cfg/INFO] Configuration change: Set 'network/model' to 'SMPI'
[0.000000] [xbt_cfg/INFO] Configuration change: Set 'network/TCP_gamma' to '4194304'
[0.000000] [xbt_cfg/INFO] Configuration change: Set 'smpi/privatize_global_variables' to 'yes'
[0.000000] [xbt_cfg/INFO] Configuration change: Set 'cpu/optim' to 'Lazy'
[0.000000] [xbt_cfg/INFO] Configuration change: Set 'maxmin/precision' to '1e-4'
[0.000000] [xbt_cfg/INFO] Configuration change: Set 'smpi/coll_selector' to 'mvapich2'
[0.000000] [xbt_cfg/INFO] Configuration change: Set 'smpi/cpu_threshold' to '0.00000001'
[0.000000] [xbt_cfg/INFO] Configuration change: Set 'smpi/running_power' to '50000000000.0'
[0.000000] [xbt_cfg/INFO] Configuration change: Set 'network/optim' to 'Lazy'
[0.000000] [xbt_cfg/INFO] Configuration change: Set 'smpi/display_timing' to '1'
[0.000000] [surf_parse/INFO] The custom configuration 'network/model' is already defined by user!
[0.000000] [surf_config/INFO] Switching workstation model to compound since you changed the network and/or cpu model(s)


 NAS Parallel Benchmarks 3.3 -- IS Benchmark

 Size:  8388608  (class A)
 Iterations:   10
 Number of processes:     64

   iteration
        1
Insert (1,4.81656e-05)
Insert (1,4.81656e-05)
Insert (1,4.81656e-05)
Insert (1,4.81656e-05)
Insert (1,4.81656e-05)
Insert (1,4.81656e-05)
Insert (1,4.81656e-05)
Insert (1,4.81656e-05)
Insert (1,4.81656e-05)
Insert (1,4.81656e-05)
Insert (1,4.81656e-05)
Insert (1,4.81656e-05)
Insert (1,4.81656e-05)
Insert (1,4.81656e-05)
Insert (1,4.81656e-05)
Insert (1,4.81656e-05)
Insert (1,4.81656e-05)
Insert (1,4.81656e-05)
Insert (1,4.81656e-05)
Insert (1,4.81656e-05)
Insert (1,4.81656e-05)
Insert (1,4.81656e-05)
Insert (1,4.81656e-05)
Insert (1,4.81656e-05)
Insert (1,4.81656e-05)
Insert (1,4.81656e-05)
Insert (1,4.81656e-05)
Insert (1,4.81656e-05)
Insert (1,4.81656e-05)
Insert (1,4.81656e-05)
Insert (1,4.81656e-05)
Insert (1,4.81656e-05)
Insert (1,4.81656e-05)
Insert (1,4.81656e-05)
Insert (1,4.81656e-05)
Insert (1,4.81656e-05)
Insert (1,4.81656e-05)
Insert (1,4.81656e-05)
Insert (1,4.81656e-05)
Insert (1,4.81656e-05)
Insert (1,4.81656e-05)
Insert (1,4.81656e-05)
Insert (1,4.81656e-05)
        2
Insert (1,4.81656e-05)
Insert (1,4.81656e-05)
Insert (1,4.81656e-05)
Insert (1,4.81656e-05)
Insert (1,4.81656e-05)
Insert (1,4.81656e-05)
Insert (1,4.81656e-05)
Insert (1,4.81656e-05)
Insert (1,4.81656e-05)
Insert (1,4.81656e-05)
Insert (1,4.81656e-05)
Insert (1,4.81656e-05)
Insert (1,4.81656e-05)
Insert (1,4.81656e-05)
Insert (1,4.81656e-05)
Insert (1,4.81656e-05)
Insert (1,4.81656e-05)
Insert (1,4.81656e-05)
Insert (1,4.81656e-05)
Insert (1,4.81656e-05)
Insert (1,4.81656e-05)
Insert (1,4.81656e-05)
Insert (1,4.81656e-05)
Insert (1,4.81656e-05)
Insert (1,4.81656e-05)
Insert (1,4.81657e-05)
Insert (1,4.81656e-05)
Insert (1,4.81657e-05)
Insert (1,4.81657e-05)
Insert (1,4.81657e-05)
Insert (1,4.81658e-05)
Insert (1,4.81651e-05)
Insert (1,4.81662e-05)
Insert (1,4.8165e-05)
Insert (1,4.81661e-05)
Insert (1,4.81661e-05)
Insert (1,4.8166e-05)
Insert (1,4.8166e-05)
Insert (1,4.81648e-05)
Insert (1,4.81659e-05)
Insert (1,4.81659e-05)
Insert (1,4.81659e-05)
Insert (1,4.81658e-05)
Insert (1,4.81648e-05)
Insert (1,4.8166e-05)
Insert (1,4.8166e-05)
Insert (1,4.8166e-05)
Insert (1,4.81653e-05)
Insert (1,4.81653e-05)
Insert (1,4.81663e-05)
Insert (1,4.81663e-05)
Insert (1,4.81653e-05)
Insert (1,4.81664e-05)
Insert (1,4.81654e-05)
Insert (1,4.81655e-05)
Insert (1,4.81655e-05)
Insert (1,4.81665e-05)
Insert (1,4.81655e-05)
Insert (1,4.81655e-05)
Insert (1,4.81655e-05)
Insert (1,4.81656e-05)
Insert (1,4.81657e-05)
Insert (1,4.81654e-05)
Insert (1,4.81666e-05)
Insert (1,4.81666e-05)
        3
Insert (1,4.81656e-05)
Insert (1,4.81656e-05)
Insert (1,4.81656e-05)
Insert (1,4.81656e-05)
Insert (1,4.81656e-05)
Insert (1,4.81655e-05)
Insert (1,4.81656e-05)
Insert (1,4.81656e-05)
Insert (1,4.81655e-05)
Insert (1,4.81655e-05)
Insert (1,4.81652e-05)
Insert (1,4.81656e-05)
Insert (1,4.81656e-05)
Insert (1,4.81656e-05)
Insert (1,4.81656e-05)
Insert (1,4.81656e-05)
Insert (1,4.81656e-05)
Insert (1,4.81656e-05)
Insert (1,4.81656e-05)
Insert (1,4.81656e-05)
Insert (1,4.81656e-05)
Insert (1,4.81656e-05)
Insert (1,4.81656e-05)
Insert (1,4.81656e-05)
Insert (1,4.81656e-05)
Insert (1,4.81656e-05)
Insert (1,4.81656e-05)
Insert (1,4.81656e-05)
Insert (1,4.81656e-05)
Insert (1,4.81656e-05)
Insert (1,4.81656e-05)
Insert (1,4.81656e-05)
Insert (1,4.81656e-05)
Insert (1,4.81656e-05)
Insert (1,4.81656e-05)
Insert (1,4.81656e-05)
Insert (1,4.81656e-05)
Insert (1,4.81656e-05)
Insert (1,4.81656e-05)
Insert (1,4.81656e-05)
Insert (1,4.81656e-05)
Insert (1,4.81656e-05)
Insert (1,4.81656e-05)
Insert (1,4.81656e-05)
Insert (1,4.81656e-05)
Insert (1,4.81656e-05)
Insert (1,4.81656e-05)
Insert (1,4.81656e-05)
Insert (1,4.81656e-05)
Insert (1,4.81656e-05)
Insert (1,4.81656e-05)
Insert (1,4.81656e-05)
Insert (1,4.81656e-05)
Insert (1,4.81656e-05)
Insert (1,4.81656e-05)
Insert (1,4.81656e-05)
Insert (1,4.81656e-05)
Insert (1,4.81656e-05)
Insert (1,4.81656e-05)
Insert (1,4.81656e-05)
Insert (1,4.81656e-05)
Insert (1,4.81656e-05)
Insert (1,4.81656e-05)
Insert (1,4.81656e-05)
        4
Insert (1,4.81656e-05)
Insert (1,4.81656e-05)
Insert (1,4.81656e-05)
Insert (1,4.81656e-05)
Insert (1,4.81656e-05)
Insert (1,4.81656e-05)
Insert (1,4.81656e-05)
Insert (1,4.81656e-05)
Insert (1,4.81656e-05)
Insert (1,4.81656e-05)
Insert (1,4.81656e-05)
Insert (1,4.81656e-05)
Insert (1,4.81656e-05)
Insert (1,4.81656e-05)
Insert (1,4.81656e-05)
Insert (1,4.81656e-05)
Insert (1,4.81656e-05)
Insert (1,4.81656e-05)
Insert (1,4.81656e-05)
Insert (1,4.81656e-05)
Insert (1,4.81656e-05)
Insert (1,4.81656e-05)
Insert (1,4.81656e-05)
Insert (1,4.81656e-05)
Insert (1,4.81656e-05)
Insert (1,4.81656e-05)
Insert (1,4.81656e-05)
Insert (1,4.81656e-05)
Insert (1,4.81656e-05)
Insert (1,4.81655e-05)
Insert (1,4.81651e-05)
Insert (1,4.81661e-05)
Insert (1,4.81652e-05)
Insert (1,4.81652e-05)
Insert (1,4.81663e-05)
Insert (1,4.81653e-05)
Insert (1,4.81653e-05)
Insert (1,4.81654e-05)
Insert (1,4.81654e-05)
Insert (1,4.81664e-05)
Insert (1,4.81654e-05)
Insert (1,4.81654e-05)
Insert (1,4.81664e-05)
Insert (1,4.81653e-05)
Insert (1,4.81653e-05)
Insert (1,4.81653e-05)
Insert (1,4.81649e-05)
Insert (1,4.81649e-05)
Insert (1,4.8166e-05)
Insert (1,4.8166e-05)
Insert (1,4.81649e-05)
Insert (1,4.8166e-05)
Insert (1,4.81661e-05)
Insert (1,4.81649e-05)
Insert (1,4.8166e-05)
Insert (1,4.81648e-05)
Insert (1,4.8166e-05)
Insert (1,4.81648e-05)
Insert (1,4.81659e-05)
Insert (1,4.8166e-05)
Insert (1,4.81659e-05)
Insert (1,4.8165e-05)
Insert (1,4.8165e-05)
        5
Insert (1,4.8165e-05)
Insert (1,4.81656e-05)
Insert (1,4.81657e-05)
Insert (1,4.81657e-05)
Insert (1,4.81658e-05)
Insert (1,4.81658e-05)
Insert (1,4.81659e-05)
Insert (1,4.8166e-05)
Insert (1,4.81656e-05)
Insert (1,4.81658e-05)
Insert (1,4.81658e-05)
Insert (1,4.81657e-05)
Insert (1,4.81653e-05)
Insert (1,4.81656e-05)
Insert (1,4.81656e-05)
Insert (1,4.81656e-05)
Insert (1,4.81656e-05)
Insert (1,4.81656e-05)
Insert (1,4.81656e-05)
Insert (1,4.81656e-05)
Insert (1,4.81656e-05)
Insert (1,4.81656e-05)
Insert (1,4.81656e-05)
Insert (1,4.81656e-05)
Insert (1,4.81656e-05)
Insert (1,4.81656e-05)
Insert (1,4.81656e-05)
Insert (1,4.81656e-05)
Insert (1,4.81656e-05)
Insert (1,4.81656e-05)
Insert (1,4.81656e-05)
Insert (1,4.81656e-05)
Insert (1,4.81656e-05)
Insert (1,4.81656e-05)
Insert (1,4.81656e-05)
Insert (1,4.81656e-05)
Insert (1,4.81656e-05)
Insert (1,4.81656e-05)
Insert (1,4.81656e-05)
Insert (1,4.81656e-05)
Insert (1,4.81656e-05)
Insert (1,4.81656e-05)
Insert (1,4.81656e-05)
Insert (1,4.81656e-05)
Insert (1,4.81656e-05)
Insert (1,4.81656e-05)
Insert (1,4.81656e-05)
Insert (1,4.81656e-05)
Insert (1,4.81656e-05)
Insert (1,4.81656e-05)
Insert (1,4.81656e-05)
Insert (1,4.81656e-05)
Insert (1,4.81656e-05)
Insert (1,4.81656e-05)
Insert (1,4.81656e-05)
Insert (1,4.81656e-05)
Insert (1,4.81656e-05)
Insert (1,4.81656e-05)
Insert (1,4.81656e-05)
Insert (1,4.81656e-05)
Insert (1,4.81656e-05)
Insert (1,4.81656e-05)
Insert (1,4.81656e-05)
Insert (1,4.81656e-05)
        6
Insert (1,4.81656e-05)
Insert (1,4.81656e-05)
Insert (1,4.81656e-05)
Insert (1,4.81656e-05)
Insert (1,4.81656e-05)
Insert (1,4.81656e-05)
Insert (1,4.81656e-05)
Insert (1,4.81656e-05)
Insert (1,4.81656e-05)
Insert (1,4.81656e-05)
Insert (1,4.81656e-05)
Insert (1,4.81656e-05)
Insert (1,4.81656e-05)
Insert (1,4.81656e-05)
Insert (1,4.81656e-05)
Insert (1,4.81656e-05)
Insert (1,4.81656e-05)
Insert (1,4.81656e-05)
Insert (1,4.81656e-05)
Insert (1,4.81656e-05)
Insert (1,4.81656e-05)
Insert (1,4.81656e-05)
Insert (1,4.81656e-05)
Insert (1,4.81656e-05)
Insert (1,4.81656e-05)
Insert (1,4.81656e-05)
Insert (1,4.81656e-05)
Insert (1,4.81656e-05)
Insert (1,4.81656e-05)
Insert (1,4.81656e-05)
Insert (1,4.81656e-05)
Insert (1,4.81656e-05)
Insert (1,4.81656e-05)
Insert (1,4.81656e-05)
Insert (1,4.81656e-05)
Insert (1,4.81656e-05)
Insert (1,4.81656e-05)
Insert (1,4.81656e-05)
Insert (1,4.81656e-05)
Insert (1,4.81656e-05)
Insert (1,4.81656e-05)
Insert (1,4.81656e-05)
Insert (1,4.81656e-05)
Insert (1,4.81656e-05)
Insert (1,4.81656e-05)
Insert (1,4.81656e-05)
Insert (1,4.81656e-05)
Insert (1,4.81656e-05)
Insert (1,4.81656e-05)
Insert (1,4.81656e-05)
Insert (1,4.81656e-05)
Insert (1,4.81656e-05)
Insert (1,4.81656e-05)
Insert (1,4.81656e-05)
Insert (1,4.81656e-05)
Insert (1,4.81656e-05)
Insert (1,4.81656e-05)
Insert (1,4.81656e-05)
Insert (1,4.81656e-05)
Insert (1,4.81656e-05)
Insert (1,4.81656e-05)
Insert (1,4.81656e-05)
Insert (1,4.81656e-05)
Insert (1,4.81656e-05)
        7
Insert (1,4.81656e-05)
Insert (1,4.81656e-05)
Insert (1,4.81656e-05)
Insert (1,4.81656e-05)
Insert (1,4.81656e-05)
Insert (1,4.81656e-05)
Insert (1,4.81656e-05)
Insert (1,4.81656e-05)
Insert (1,4.81656e-05)
Insert (1,4.81656e-05)
Insert (1,4.81656e-05)
Insert (1,4.81656e-05)
Insert (1,4.81656e-05)
Insert (1,4.81656e-05)
Insert (1,4.81656e-05)
Insert (1,4.81656e-05)
Insert (1,4.81656e-05)
Insert (1,4.81656e-05)
Insert (1,4.81656e-05)
Insert (1,4.81656e-05)
Insert (1,4.81656e-05)
Insert (1,4.81656e-05)
Insert (1,4.81656e-05)
Insert (1,4.81656e-05)
Insert (1,4.81656e-05)
Insert (1,4.81656e-05)
Insert (1,4.81656e-05)
Insert (1,4.81656e-05)
Insert (1,4.81656e-05)
Insert (1,4.81656e-05)
Insert (1,4.81656e-05)
Insert (1,4.81656e-05)
Insert (1,4.81656e-05)
Insert (1,4.81656e-05)
Insert (1,4.81656e-05)
Insert (1,4.81656e-05)
Insert (1,4.81656e-05)
Insert (1,4.81656e-05)
Insert (1,4.81656e-05)
Insert (1,4.81656e-05)
Insert (1,4.81656e-05)
Insert (1,4.81656e-05)
Insert (1,4.81656e-05)
Insert (1,4.81656e-05)
Insert (1,4.81656e-05)
Insert (1,4.81656e-05)
Insert (1,4.81656e-05)
Insert (1,4.81656e-05)
Insert (1,4.81656e-05)
Insert (1,4.81656e-05)
Insert (1,4.81656e-05)
Insert (1,4.81656e-05)
Insert (1,4.81656e-05)
Insert (1,4.81656e-05)
Insert (1,4.81656e-05)
Insert (1,4.81656e-05)
Insert (1,4.81656e-05)
Insert (1,4.81656e-05)
Insert (1,4.81656e-05)
Insert (1,4.81656e-05)
Insert (1,4.81656e-05)
Insert (1,4.81656e-05)
Insert (1,4.81656e-05)
Insert (1,4.81656e-05)
        8
Insert (1,4.81656e-05)
Insert (1,4.81656e-05)
Insert (1,4.81656e-05)
Insert (1,4.81656e-05)
Insert (1,4.81656e-05)
Insert (1,4.81656e-05)
Insert (1,4.81656e-05)
Insert (1,4.81656e-05)
Insert (1,4.81656e-05)
Insert (1,4.81656e-05)
Insert (1,4.81656e-05)
Insert (1,4.81656e-05)
Insert (1,4.81656e-05)
Insert (1,4.81656e-05)
Insert (1,4.81656e-05)
Insert (1,4.81656e-05)
Insert (1,4.81656e-05)
Insert (1,4.81656e-05)
Insert (1,4.81656e-05)
Insert (1,4.81656e-05)
Insert (1,4.81656e-05)
Insert (1,4.81656e-05)
Insert (1,4.81657e-05)
Insert (1,4.81656e-05)
Insert (1,4.81656e-05)
Insert (1,4.81656e-05)
Insert (1,4.81656e-05)
Insert (1,4.81656e-05)
Insert (1,4.81656e-05)
Insert (1,4.81656e-05)
Insert (1,4.81656e-05)
Insert (1,4.81656e-05)
Insert (1,4.81656e-05)
Insert (1,4.81656e-05)
Insert (1,4.81656e-05)
Insert (1,4.81656e-05)
Insert (1,4.81656e-05)
Insert (1,4.81656e-05)
Insert (1,4.81656e-05)
Insert (1,4.81656e-05)
Insert (1,4.81656e-05)
Insert (1,4.81656e-05)
Insert (1,4.81657e-05)
Insert (1,4.81656e-05)
Insert (1,4.81656e-05)
Insert (1,4.81656e-05)
Insert (1,4.81656e-05)
Insert (1,4.81656e-05)
Insert (1,4.81656e-05)
Insert (1,4.81656e-05)
Insert (1,4.81656e-05)
Insert (1,4.81656e-05)
Insert (1,4.81656e-05)
Insert (1,4.81656e-05)
Insert (1,4.81656e-05)
Insert (1,4.81656e-05)
Insert (1,4.81656e-05)
Insert (1,4.81656e-05)
Insert (1,4.81656e-05)
Insert (1,4.81656e-05)
Insert (1,4.81656e-05)
Insert (1,4.81656e-05)
Insert (1,4.81656e-05)
Insert (1,4.81656e-05)
        9
Insert (1,4.81656e-05)
Insert (1,4.81656e-05)
Insert (1,4.81656e-05)
Insert (1,4.81656e-05)
Insert (1,4.81656e-05)
Insert (1,4.81656e-05)
Insert (1,4.81656e-05)
Insert (1,4.81656e-05)
Insert (1,4.81656e-05)
Insert (1,4.81656e-05)
Insert (1,4.81656e-05)
Insert (1,4.81656e-05)
Insert (1,4.81656e-05)
Insert (1,4.81656e-05)
Insert (1,4.81656e-05)
Insert (1,4.81656e-05)
Insert (1,4.81656e-05)
Insert (1,4.81656e-05)
Insert (1,4.81656e-05)
Insert (1,4.81656e-05)
Insert (1,4.81656e-05)
Insert (1,4.81656e-05)
Insert (1,4.81656e-05)
Insert (1,4.81656e-05)
Insert (1,4.81656e-05)
Insert (1,4.81656e-05)
Insert (1,4.81656e-05)
Insert (1,4.81656e-05)
Insert (1,4.81656e-05)
Insert (1,4.81656e-05)
Insert (1,4.81656e-05)
Insert (1,4.81656e-05)
Insert (1,4.81657e-05)
Insert (1,4.81656e-05)
Ins[0.000819] [smpi_kernel/INFO] Simulated time: 0.000818552 seconds. 
 The simulation took 11.0563 seconds (after parsing and platform setup)
1.84036 seconds were actual computation of the application
ert (1,4.81656e-05)
Insert (1,4.81656e-05)
Insert (1,4.81656e-05)
Insert (1,4.81656e-05)
Insert (1,4.81657e-05)
Insert (1,4.81657e-05)
Insert (1,4.81656e-05)
Insert (1,4.81656e-05)
Insert (1,4.81657e-05)
Insert (1,4.81656e-05)
Insert (1,4.81656e-05)
Insert (1,4.81656e-05)
Insert (1,4.81656e-05)
Insert (1,4.81656e-05)
Insert (1,4.81656e-05)
Insert (1,4.81656e-05)
Insert (1,4.81656e-05)
Insert (1,4.81657e-05)
Insert (1,4.81657e-05)
Insert (1,4.81657e-05)
Insert (1,4.81657e-05)
Insert (1,4.81657e-05)
Insert (1,4.81657e-05)
Insert (1,4.81657e-05)
Insert (1,4.81657e-05)
Insert (1,4.81657e-05)
Insert (1,4.81656e-05)
Insert (1,4.81656e-05)
Insert (1,4.81656e-05)
Insert (1,4.81656e-05)
Insert (1,4.81656e-05)
        10
Insert (1,4.81656e-05)
Insert (1,4.81657e-05)
Insert (1,4.81657e-05)
Insert (1,4.81657e-05)
Insert (1,4.81657e-05)
Insert (1,4.81656e-05)
Insert (1,4.81656e-05)
Insert (1,4.81656e-05)
Insert (1,4.81657e-05)
Insert (1,4.81657e-05)
Insert (1,4.81656e-05)
Insert (1,4.81656e-05)
Insert (1,4.81656e-05)
Insert (1,4.81656e-05)
Insert (1,4.81656e-05)
Insert (1,4.81656e-05)
Insert (1,4.81656e-05)
Insert (1,4.81656e-05)
Insert (1,4.81656e-05)
Insert (1,4.81656e-05)
Insert (1,4.81656e-05)
Insert (1,4.81656e-05)
Insert (1,4.81656e-05)
Insert (1,4.81656e-05)
Insert (1,4.81656e-05)
Insert (1,4.81656e-05)
Insert (1,4.81656e-05)
Insert (1,4.81656e-05)
Insert (1,4.81656e-05)
Insert (1,4.81656e-05)
Insert (1,4.81656e-05)
Insert (1,4.81656e-05)
Insert (1,4.81656e-05)
Insert (1,4.81656e-05)
Insert (1,4.81656e-05)
Insert (1,4.81656e-05)
Insert (1,4.81656e-05)
Insert (1,4.81656e-05)
Insert (1,4.81656e-05)
Insert (1,4.81656e-05)
Insert (1,4.81656e-05)
Insert (1,4.81656e-05)
Insert (1,4.81656e-05)
Insert (1,4.81657e-05)
Insert (1,4.81657e-05)
Insert (1,4.81657e-05)
Insert (1,4.81657e-05)
Insert (1,4.81657e-05)
Insert (1,4.81656e-05)
Insert (1,4.81656e-05)
Insert (1,4.81656e-05)
Insert (1,4.81656e-05)
Insert (1,4.81656e-05)
Insert (1,4.81656e-05)
Insert (1,4.81657e-05)
Insert (1,4.81657e-05)
Insert (1,4.81657e-05)
Insert (1,4.81657e-05)
Insert (1,4.81657e-05)
Insert (1,4.81656e-05)
Insert (1,4.81656e-05)
Insert (1,4.81657e-05)
Insert (1,4.81657e-05)
Insert (1,4.81657e-05)
Insert (1,4.81656e-05)
Insert (1,4.81657e-05)
Insert (1,4.81657e-05)
Insert (1,4.81656e-05)
Insert (1,4.81656e-05)
Insert (1,4.81657e-05)
Insert (1,4.81656e-05)
Insert (1,4.81656e-05)
Insert (1,4.81656e-05)
Insert (1,4.81656e-05)
Insert (1,4.81656e-05)
Insert (1,4.81657e-05)
Insert (1,4.81656e-05)
Insert (1,4.81656e-05)
Insert (1,4.81656e-05)
Insert (1,4.81656e-05)
Insert (1,4.81656e-05)
Insert (1,4.81656e-05)
Insert (1,4.81656e-05)
Insert (1,4.81656e-05)


 IS Benchmark Completed
 Class           =                        A
 Size            =                  8388608
 Iterations      =                       10
 Time in seconds =                     0.00
 Total processes =                       64
 Compiled procs  =                       64
 Mop/s total     =                174161.52
 Mop/s/process   =                  2721.27
 Operation type  =              keys ranked
 Verification    =               SUCCESSFUL
 Version         =                    3.3.1
 Compile date    =              14 Jun 2017

 Compile options:
    MPICC        = ${SIMGRID_PATH}/bin/smpicc
    CLINK        = $(MPICC)
    CMPI_LIB     = -lsimgrid -lgfortran #-lsmpi -lgras  
    CMPI_INC     = -I${SIMGRID_PATH}/include/smpi/
    CFLAGS       = -O
    CLINKFLAGS   = -O -L${SIMGRID_PATH}/lib


 Please send feedbacks and/or the results of this run to:

 NPB Development Team
 npb@nas.nasa.gov


