/home/huyao/simgrid-template/MpiEnv/config/petra20170524-huyao/../../../MpiEnv/../MpiEnv/simgrid/inst/bin//smpirun -np 64  --cfg=smpi/privatize_global_variables:yes -platform /home/huyao/simgrid-template/MpiEnv/config/petra20170524-huyao/platforms/0_petra-hikari-fullyconnected.xml -hostfile /home/huyao/simgrid-template/MpiEnv/config/petra20170524-huyao/platforms/0_petra-hikari-fullyconnected.txt  /tmp/mpienv_is.A.6420170614-17090-vs5i1i/is.A.64  
[0.000000] [xbt_cfg/INFO] Configuration change: Set 'surf/precision' to '1e-9'
[0.000000] [xbt_cfg/INFO] Configuration change: Set 'network/model' to 'SMPI'
[0.000000] [xbt_cfg/INFO] Configuration change: Set 'network/TCP_gamma' to '4194304'
[0.000000] [xbt_cfg/INFO] Configuration change: Set 'smpi/privatize_global_variables' to 'yes'
[0.000000] [xbt_cfg/INFO] Configuration change: Set 'cpu/optim' to 'Lazy'
[0.000000] [xbt_cfg/INFO] Configuration change: Set 'maxmin/precision' to '1e-4'
[0.000000] [xbt_cfg/INFO] Configuration change: Set 'smpi/coll_selector' to 'mvapich2'
[0.000000] [xbt_cfg/INFO] Configuration change: Set 'smpi/cpu_threshold' to '0.00000001'
[0.000000] [xbt_cfg/INFO] Configuration change: Set 'smpi/running_power' to '50000000000.0'
[0.000000] [xbt_cfg/INFO] Configuration change: Set 'network/optim' to 'Lazy'
[0.000000] [xbt_cfg/INFO] Configuration change: Set 'smpi/display_timing' to '1'
[0.000000] [surf_parse/INFO] The custom configuration 'network/model' is already defined by user!
[0.000000] [surf_config/INFO] Switching workstation model to compound since you changed the network and/or cpu model(s)


 NAS Parallel Benchmarks 3.3 -- IS Benchmark

 Size:  8388608  (class A)
 Iterations:   10
 Number of processes:     64

   iteration
        1
Insert (1,4.69292e-05)
Insert (1,4.69292e-05)
Insert (1,4.69292e-05)
Insert (1,4.69292e-05)
Insert (1,4.69292e-05)
Insert (1,4.69292e-05)
Insert (1,4.69292e-05)
Insert (1,4.69292e-05)
Insert (1,4.69292e-05)
Insert (1,4.69292e-05)
Insert (1,4.69292e-05)
Insert (1,4.69292e-05)
Insert (1,4.69292e-05)
Insert (1,4.69292e-05)
Insert (1,4.69292e-05)
Insert (1,4.69292e-05)
Insert (1,4.69292e-05)
Insert (1,4.69292e-05)
Insert (1,4.69292e-05)
Insert (1,4.69292e-05)
Insert (1,4.69292e-05)
Insert (1,4.69292e-05)
Insert (1,4.69292e-05)
Insert (1,4.69292e-05)
Insert (1,4.69292e-05)
Insert (1,4.69292e-05)
Insert (1,4.69292e-05)
Insert (1,4.69292e-05)
Insert (1,4.69292e-05)
Insert (1,4.69292e-05)
Insert (1,4.69292e-05)
Insert (1,4.69292e-05)
Insert (1,4.69292e-05)
Insert (1,4.69292e-05)
Insert (1,4.69292e-05)
Insert (1,4.69292e-05)
Insert (1,4.69292e-05)
Insert (1,4.69292e-05)
Insert (1,4.69292e-05)
Insert (1,4.69292e-05)
Insert (1,4.69292e-05)
Insert (1,4.69292e-05)
Insert (1,4.69292e-05)
Insert (1,4.69292e-05)
Insert (1,4.69292e-05)
Insert (1,4.69292e-05)
Insert (1,4.69292e-05)
        2
Insert (1,4.69292e-05)
Insert (1,4.69292e-05)
Insert (1,4.69292e-05)
Insert (1,4.69292e-05)
Insert (1,4.69292e-05)
Insert (1,4.69292e-05)
Insert (1,4.69292e-05)
Insert (1,4.69292e-05)
Insert (1,4.69292e-05)
Insert (1,4.69292e-05)
Insert (1,4.69292e-05)
Insert (1,4.69292e-05)
Insert (1,4.69292e-05)
Insert (1,4.69292e-05)
Insert (1,4.69292e-05)
Insert (1,4.69292e-05)
Insert (1,4.69292e-05)
Insert (1,4.69292e-05)
Insert (1,4.69292e-05)
Insert (1,4.69292e-05)
Insert (1,4.69292e-05)
Insert (1,4.69292e-05)
Insert (1,4.69292e-05)
Insert (1,4.69292e-05)
Insert (1,4.69292e-05)
Insert (1,4.69292e-05)
Insert (1,4.69292e-05)
Insert (1,4.69292e-05)
Insert (1,4.69292e-05)
Insert (1,4.69292e-05)
Insert (1,4.69292e-05)
Insert (1,4.69292e-05)
Insert (1,4.69292e-05)
Insert (1,4.69292e-05)
Insert (1,4.69289e-05)
Insert (1,4.69289e-05)
Insert (1,4.69299e-05)
Insert (1,4.69283e-05)
Insert (1,4.69294e-05)
Insert (1,4.69287e-05)
Insert (1,4.69288e-05)
Insert (1,4.69295e-05)
Insert (1,4.69295e-05)
Insert (1,4.69284e-05)
Insert (1,4.69295e-05)
Insert (1,4.69295e-05)
Insert (1,4.69295e-05)
Insert (1,4.69287e-05)
Insert (1,4.69295e-05)
Insert (1,4.69295e-05)
Insert (1,4.69286e-05)
Insert (1,4.69297e-05)
Insert (1,4.69286e-05)
Insert (1,4.69298e-05)
Insert (1,4.69289e-05)
Insert (1,4.693e-05)
Insert (1,4.6929e-05)
Insert (1,4.6929e-05)
Insert (1,4.69301e-05)
Insert (1,4.693e-05)
Insert (1,4.6929e-05)
Insert (1,4.693e-05)
Insert (1,4.69292e-05)
Insert (1,4.69292e-05)
        3
Insert (1,4.69292e-05)
Insert (1,4.69302e-05)
Insert (1,4.69292e-05)
Insert (1,4.69292e-05)
Insert (1,4.69295e-05)
Insert (1,4.69294e-05)
Insert (1,4.69294e-05)
Insert (1,4.69283e-05)
Insert (1,4.69294e-05)
Insert (1,4.69294e-05)
Insert (1,4.69293e-05)
Insert (1,4.69293e-05)
Insert (1,4.69292e-05)
Insert (1,4.69292e-05)
Insert (1,4.69292e-05)
Insert (1,4.69292e-05)
Insert (1,4.69292e-05)
Insert (1,4.69292e-05)
Insert (1,4.69292e-05)
Insert (1,4.69292e-05)
Insert (1,4.69292e-05)
Insert (1,4.69292e-05)
Insert (1,4.69292e-05)
Insert (1,4.69292e-05)
Insert (1,4.69292e-05)
Insert (1,4.69292e-05)
Insert (1,4.69292e-05)
Insert (1,4.69292e-05)
Insert (1,4.69292e-05)
Insert (1,4.69292e-05)
Insert (1,4.69292e-05)
Insert (1,4.69292e-05)
Insert (1,4.69292e-05)
Insert (1,4.69292e-05)
Insert (1,4.69292e-05)
Insert (1,4.69292e-05)
Insert (1,4.69292e-05)
Insert (1,4.69292e-05)
Insert (1,4.69292e-05)
Insert (1,4.69292e-05)
Insert (1,4.69292e-05)
Insert (1,4.69292e-05)
Insert (1,4.69292e-05)
Insert (1,4.69292e-05)
Insert (1,4.69292e-05)
Insert (1,4.69292e-05)
Insert (1,4.69292e-05)
Insert (1,4.69292e-05)
Insert (1,4.69292e-05)
Insert (1,4.69292e-05)
Insert (1,4.69292e-05)
Insert (1,4.69292e-05)
Insert (1,4.69292e-05)
Insert (1,4.69292e-05)
Insert (1,4.69292e-05)
Insert (1,4.69292e-05)
Insert (1,4.69292e-05)
Insert (1,4.69292e-05)
Insert (1,4.69292e-05)
Insert (1,4.69292e-05)
Insert (1,4.69292e-05)
Insert (1,4.69292e-05)
Insert (1,4.69292e-05)
Insert (1,4.69292e-05)
        4
Insert (1,4.69292e-05)
Insert (1,4.69292e-05)
Insert (1,4.69292e-05)
Insert (1,4.69292e-05)
Insert (1,4.69292e-05)
Insert (1,4.69292e-05)
Insert (1,4.69292e-05)
Insert (1,4.69292e-05)
Insert (1,4.69292e-05)
Insert (1,4.69292e-05)
Insert (1,4.69292e-05)
Insert (1,4.69292e-05)
Insert (1,4.69292e-05)
Insert (1,4.69292e-05)
Insert (1,4.69292e-05)
Insert (1,4.69292e-05)
Insert (1,4.69292e-05)
Insert (1,4.69292e-05)
Insert (1,4.69292e-05)
Insert (1,4.69292e-05)
Insert (1,4.69292e-05)
Insert (1,4.69292e-05)
Insert (1,4.69292e-05)
Insert (1,4.69292e-05)
Insert (1,4.69292e-05)
Insert (1,4.69292e-05)
Insert (1,4.69292e-05)
Insert (1,4.69292e-05)
Insert (1,4.69292e-05)
Insert (1,4.69292e-05)
Insert (1,4.69292e-05)
Insert (1,4.69292e-05)
Insert (1,4.69292e-05)
Insert (1,4.69292e-05)
Insert (1,4.69292e-05)
Insert (1,4.69292e-05)
Insert (1,4.69292e-05)
Insert (1,4.69292e-05)
Insert (1,4.69292e-05)
Insert (1,4.69292e-05)
Insert (1,4.69292e-05)
Insert (1,4.69292e-05)
Insert (1,4.69292e-05)
Insert (1,4.69292e-05)
Insert (1,4.69292e-05)
Insert (1,4.69292e-05)
Insert (1,4.69292e-05)
Insert (1,4.69292e-05)
Insert (1,4.69292e-05)
Insert (1,4.69292e-05)
Insert (1,4.69292e-05)
Insert (1,4.69292e-05)
Insert (1,4.69292e-05)
Insert (1,4.69292e-05)
Insert (1,4.69292e-05)
Insert (1,4.69292e-05)
Insert (1,4.69292e-05)
Insert (1,4.69292e-05)
Insert (1,4.69292e-05)
Insert (1,4.69292e-05)
Insert (1,4.69292e-05)
Insert (1,4.69292e-05)
Insert (1,4.69292e-05)
Insert (1,4.69292e-05)
        5
Insert (1,4.69292e-05)
Insert (1,4.69292e-05)
Insert (1,4.69292e-05)
Insert (1,4.69292e-05)
Insert (1,4.69292e-05)
Insert (1,4.69292e-05)
Insert (1,4.69292e-05)
Insert (1,4.69292e-05)
Insert (1,4.69292e-05)
Insert (1,4.69292e-05)
Insert (1,4.69292e-05)
Insert (1,4.69292e-05)
Insert (1,4.69292e-05)
Insert (1,4.69292e-05)
Insert (1,4.69292e-05)
Insert (1,4.69292e-05)
Insert (1,4.69292e-05)
Insert (1,4.69292e-05)
Insert (1,4.69292e-05)
Insert (1,4.69292e-05)
Insert (1,4.69292e-05)
Insert (1,4.69292e-05)
Insert (1,4.69292e-05)
Insert (1,4.69292e-05)
Insert (1,4.69292e-05)
Insert (1,4.69292e-05)
Insert (1,4.69292e-05)
Insert (1,4.69292e-05)
Insert (1,4.69292e-05)
Insert (1,4.69292e-05)
Insert (1,4.69292e-05)
Insert (1,4.69292e-05)
Insert (1,4.69292e-05)
Insert (1,4.69292e-05)
Insert (1,4.69292e-05)
Insert (1,4.69292e-05)
Insert (1,4.69292e-05)
Insert (1,4.69292e-05)
Insert (1,4.69292e-05)
Insert (1,4.69292e-05)
Insert (1,4.69292e-05)
Insert (1,4.69292e-05)
Insert (1,4.69292e-05)
Insert (1,4.69292e-05)
Insert (1,4.69292e-05)
Insert (1,4.69292e-05)
Insert (1,4.69292e-05)
Insert (1,4.69292e-05)
Insert (1,4.69292e-05)
Insert (1,4.69292e-05)
Insert (1,4.69292e-05)
Insert (1,4.69292e-05)
Insert (1,4.69292e-05)
Insert (1,4.69292e-05)
Insert (1,4.69292e-05)
Insert (1,4.69292e-05)
Insert (1,4.69292e-05)
Insert (1,4.69292e-05)
Insert (1,4.69292e-05)
Insert (1,4.69292e-05)
Insert (1,4.69292e-05)
Insert (1,4.69292e-05)
Insert (1,4.69292e-05)
Insert (1,4.69292e-05)
        6
Insert (1,4.69292e-05)
Insert (1,4.69292e-05)
Insert (1,4.69292e-05)
Insert (1,4.69292e-05)
Insert (1,4.69292e-05)
Insert (1,4.69292e-05)
Insert (1,4.69292e-05)
Insert (1,4.69292e-05)
Insert (1,4.69292e-05)
Insert (1,4.69292e-05)
Insert (1,4.69292e-05)
Insert (1,4.69292e-05)
Insert (1,4.69292e-05)
Insert (1,4.69292e-05)
Insert (1,4.69292e-05)
Insert (1,4.69292e-05)
Insert (1,4.69292e-05)
Insert (1,4.69292e-05)
Insert (1,4.69292e-05)
Insert (1,4.69292e-05)
Insert (1,4.69292e-05)
Insert (1,4.69292e-05)
Insert (1,4.69292e-05)
Insert (1,4.69292e-05)
Insert (1,4.69292e-05)
Insert (1,4.69292e-05)
Insert (1,4.69292e-05)
Insert (1,4.69292e-05)
Insert (1,4.69292e-05)
Insert (1,4.69292e-05)
Insert (1,4.69292e-05)
Insert (1,4.69292e-05)
Insert (1,4.69292e-05)
Insert (1,4.69292e-05)
Insert (1,4.6929e-05)
Insert (1,4.6929e-05)
Insert (1,4.693e-05)
Insert (1,4.6929e-05)
Insert (1,4.69301e-05)
Insert (1,4.69296e-05)
Insert (1,4.69296e-05)
Insert (1,4.6929e-05)
Insert (1,4.6929e-05)
Insert (1,4.69297e-05)
Insert (1,4.69287e-05)
Insert (1,4.69287e-05)
Insert (1,4.69287e-05)
Insert (1,4.69286e-05)
Insert (1,4.69286e-05)
Insert (1,4.69294e-05)
Insert (1,4.69294e-05)
Insert (1,4.69294e-05)
Insert (1,4.69283e-05)
Insert (1,4.69294e-05)
Insert (1,4.69292e-05)
Insert (1,4.69292e-05)
Insert (1,4.69292e-05)
Insert (1,4.69291e-05)
Insert (1,4.69291e-05)
Insert (1,4.69291e-05)
Insert (1,4.69301e-05)
Insert (1,4.6929e-05)
Insert (1,4.69291e-05)
Insert (1,4.69291e-05)
        7
Insert (1,4.69292e-05)
Insert (1,4.69292e-05)
Insert (1,4.69292e-05)
Insert (1,4.69292e-05)
Insert (1,4.69292e-05)
Insert (1,4.6929e-05)
Insert (1,4.69291e-05)
Insert (1,4.69292e-05)
Insert (1,4.69292e-05)
Insert (1,4.69292e-05)
Insert (1,4.69292e-05)
Insert (1,4.69292e-05)
Insert (1,4.69292e-05)
Insert (1,4.69292e-05)
Insert (1,4.69292e-05)
Insert (1,4.69292e-05)
Insert (1,4.69292e-05)
Insert (1,4.69292e-05)
Insert (1,4.69292e-05)
Insert (1,4.69292e-05)
Insert (1,4.69292e-05)
Insert (1,4.69292e-05)
Insert (1,4.69292e-05)
Insert (1,4.693e-05)
Insert (1,4.69293e-05)
Insert (1,4.69292e-05)
Insert (1,4.69292e-05)
Insert (1,4.69292e-05)
Insert (1,4.69292e-05)
Insert (1,4.69292e-05)
Insert (1,4.69292e-05)
Insert (1,4.69292e-05)
Insert (1,4.69292e-05)
Insert (1,4.69292e-05)
Insert (1,4.69292e-05)
Insert (1,4.69292e-05)
Insert (1,4.69292e-05)
Insert (1,4.69292e-05)
Insert (1,4.69292e-05)
Insert (1,4.69291e-05)
Insert (1,4.69291e-05)
Insert (1,4.69293e-05)
Insert (1,4.69293e-05)
Insert (1,4.69291e-05)
Insert (1,4.69291e-05)
Insert (1,4.69291e-05)
Insert (1,4.69291e-05)
Insert (1,4.69291e-05)
Insert (1,4.69283e-05)
Insert (1,4.69294e-05)
Insert (1,4.69301e-05)
Insert (1,4.69295e-05)
Insert (1,4.69295e-05)
Insert (1,4.69295e-05)
Insert (1,4.69294e-05)
Insert (1,4.69283e-05)
Insert (1,4.69294e-05)
Insert (1,4.69283e-05)
Insert (1,4.69294e-05)
Insert (1,4.69293e-05)
Insert (1,4.69293e-05)
Insert (1,4.69293e-05)
Insert (1,4.69293e-05)
Insert (1,4.69293e-05)
        8
Insert (1,4.69283e-05)
Insert (1,4.69291e-05)
Insert (1,4.69291e-05)
Insert (1,4.69291e-05)
Insert (1,4.69291e-05)
Insert (1,4.69293e-05)
Insert (1,4.69292e-05)
Insert (1,4.69302e-05)
Insert (1,4.69291e-05)
Insert (1,4.69291e-05)
Insert (1,4.69291e-05)
Insert (1,4.69291e-05)
Insert (1,4.69292e-05)
Insert (1,4.69292e-05)
Insert (1,4.69292e-05)
Insert (1,4.69292e-05)
Insert (1,4.69292e-05)
Insert (1,4.69292e-05)
Insert (1,4.69292e-05)
Insert (1,4.69292e-05)
Insert (1,4.69292e-05)
Insert (1,4.69292e-05)
Insert (1,4.69292e-05)
Insert (1,4.69292e-05)
Insert (1,4.69292e-05)
Insert (1,4.69292e-05)
Insert (1,4.69292e-05)
Insert (1,4.69292e-05)
Insert (1,4.69292e-05)
Insert (1,4.69292e-05)
Insert (1,4.69292e-05)
Insert (1,4.69292e-05)
Insert (1,4.69292e-05)
Insert (1,4.69292e-05)
Insert (1,4.69292e-05)
Insert (1,4.69292e-05)
Insert (1,4.69292e-05)
Insert (1,4.69292e-05)
Insert (1,4.69292e-05)
Insert (1,4.69292e-05)
Insert (1,4.69292e-05)
Insert (1,4.69292e-05)
Insert (1,4.69292e-05)
Insert (1,4.69294e-05)
Insert (1,4.69294e-05)
Insert (1,4.69294e-05)
Insert (1,4.69294e-05)
Insert (1,4.69294e-05)
Insert (1,4.69284e-05)
Insert (1,4.69293e-05)
Insert (1,4.69293e-05)
Insert (1,4.69292e-05)
Insert (1,4.69292e-05)
Insert (1,4.69292e-05)
Insert (1,4.69292e-05)
Insert (1,4.69292e-05)
Insert (1,4.69292e-05)
Insert (1,4.69292e-05)
Insert (1,4.69292e-05)
Insert (1,4.69292e-05)
Insert (1,4.69292e-05)
Insert (1,4.69292e-05)
Insert (1,4.69292e-05)
Insert (1,4.69292e-05)
        9
Insert (1,4.69293e-05)
Insert (1,4.69301e-05)
Insert (1,4.69293e-05)
Insert (1,4.69293e-05)
Insert (1,4.69293e-05)
Insert (1,4.69291e-05)
Insert (1,4.69292e-05)
Insert (1,4.69282e-05)
Insert (1,4.69293e-05)
Insert (1,4.69293e-05)
Insert (1,4.69293e-05)
Insert (1,4.69293e-05)
Insert (1,4.69292e-05)
Insert (1,4.69292e-05)
Insert (1,4.69292e-05)
Insert (1,4.69292e-05)
Insert (1,4.69292e-05)
Insert (1,4.69292e-05)
Insert (1,4.69292e-05)
Insert (1,4.69292e-05)
Insert (1,4.69292e-05)
Insert (1,4.69292e-05)
Insert (1,4.69292e-05)
Insert (1,4.69292e-05)
Insert (1,4.69292e-05)
Insert (1,4.69292e-05)
Insert (1,4.69292e-05)
Insert (1,4.69292e-05)
Insert (1,4.69292e-05)
Insert (1,4.69292e-05)
Insert [0.000805] [smpi_kernel/INFO] Simulated time: 0.000805047 seconds. 
 The simulation took 11.6395 seconds (after parsing and platform setup)
1.80212 seconds were actual computation of the application
(1,4.69292e-05)
Insert (1,4.69292e-05)
Insert (1,4.69292e-05)
Insert (1,4.69292e-05)
Insert (1,4.69292e-05)
Insert (1,4.69292e-05)
Insert (1,4.69292e-05)
Insert (1,4.69292e-05)
Insert (1,4.69292e-05)
Insert (1,4.69292e-05)
Insert (1,4.69292e-05)
Insert (1,4.69292e-05)
Insert (1,4.69292e-05)
Insert (1,4.6929e-05)
Insert (1,4.6929e-05)
Insert (1,4.6929e-05)
Insert (1,4.6929e-05)
Insert (1,4.6929e-05)
Insert (1,4.69291e-05)
Insert (1,4.69291e-05)
Insert (1,4.693e-05)
Insert (1,4.69292e-05)
Insert (1,4.69292e-05)
Insert (1,4.69292e-05)
Insert (1,4.69292e-05)
Insert (1,4.69292e-05)
Insert (1,4.69292e-05)
Insert (1,4.69292e-05)
Insert (1,4.69292e-05)
Insert (1,4.69292e-05)
Insert (1,4.69291e-05)
Insert (1,4.69291e-05)
Insert (1,4.69291e-05)
Insert (1,4.69291e-05)
        10
Insert (1,4.69291e-05)
Insert (1,4.69291e-05)
Insert (1,4.69291e-05)
Insert (1,4.69288e-05)
Insert (1,4.69298e-05)
Insert (1,4.69294e-05)
Insert (1,4.69293e-05)
Insert (1,4.69293e-05)
Insert (1,4.69293e-05)
Insert (1,4.69293e-05)
Insert (1,4.69293e-05)
Insert (1,4.69292e-05)
Insert (1,4.69292e-05)
Insert (1,4.69292e-05)
Insert (1,4.69292e-05)
Insert (1,4.69292e-05)
Insert (1,4.69292e-05)
Insert (1,4.69292e-05)
Insert (1,4.69292e-05)
Insert (1,4.69292e-05)
Insert (1,4.69292e-05)
Insert (1,4.69294e-05)
Insert (1,4.69294e-05)
Insert (1,4.69286e-05)
Insert (1,4.69295e-05)
Insert (1,4.69292e-05)
Insert (1,4.69292e-05)
Insert (1,4.69293e-05)
Insert (1,4.69293e-05)
Insert (1,4.69293e-05)
Insert (1,4.69293e-05)
Insert (1,4.69291e-05)
Insert (1,4.69299e-05)
Insert (1,4.69292e-05)
Insert (1,4.69299e-05)
Insert (1,4.69292e-05)
Insert (1,4.69283e-05)
Insert (1,4.69284e-05)
Insert (1,4.69294e-05)
Insert (1,4.69288e-05)
Insert (1,4.69288e-05)
Insert (1,4.69294e-05)
Insert (1,4.69294e-05)
Insert (1,4.69288e-05)
Insert (1,4.69298e-05)
Insert (1,4.69298e-05)
Insert (1,4.69298e-05)
Insert (1,4.69289e-05)
Insert (1,4.693e-05)
Insert (1,4.69289e-05)
Insert (1,4.69287e-05)
Insert (1,4.69287e-05)
Insert (1,4.693e-05)
Insert (1,4.69298e-05)
Insert (1,4.69289e-05)
Insert (1,4.693e-05)
Insert (1,4.69289e-05)
Insert (1,4.6929e-05)
Insert (1,4.693e-05)
Insert (1,4.69293e-05)
Insert (1,4.69293e-05)
Insert (1,4.69293e-05)
Insert (1,4.69294e-05)
Insert (1,4.69294e-05)
Insert (1,4.69284e-05)
Insert (1,4.69295e-05)
Insert (1,4.69287e-05)
Insert (1,4.69295e-05)
Insert (1,4.69287e-05)
Insert (1,4.69291e-05)
Insert (1,4.69291e-05)
Insert (1,4.69291e-05)
Insert (1,4.69292e-05)
Insert (1,4.69292e-05)
Insert (1,4.69292e-05)
Insert (1,4.69292e-05)
Insert (1,4.69292e-05)
Insert (1,4.69292e-05)
Insert (1,4.69292e-05)
Insert (1,4.69292e-05)
Insert (1,4.69292e-05)


 IS Benchmark Completed
 Class           =                        A
 Size            =                  8388608
 Iterations      =                       10
 Time in seconds =                     0.00
 Total processes =                       64
 Compiled procs  =                       64
 Mop/s total     =                178749.96
 Mop/s/process   =                  2792.97
 Operation type  =              keys ranked
 Verification    =               SUCCESSFUL
 Version         =                    3.3.1
 Compile date    =              14 Jun 2017

 Compile options:
    MPICC        = ${SIMGRID_PATH}/bin/smpicc
    CLINK        = $(MPICC)
    CMPI_LIB     = -lsimgrid -lgfortran #-lsmpi -lgras  
    CMPI_INC     = -I${SIMGRID_PATH}/include/smpi/
    CFLAGS       = -O
    CLINKFLAGS   = -O -L${SIMGRID_PATH}/lib


 Please send feedbacks and/or the results of this run to:

 NPB Development Team
 npb@nas.nasa.gov


