variant_options = '{"custom_mapping": true}'
Received '{"now":0.000000,"events":[{"timestamp":0.000000,"type":"SIMULATION_BEGINS","data":{"nb_resources":64,"allow_time_sharing":false,"config":{"redis":{"enabled":false,"hostname":"127.0.0.1","port":6379,"prefix":"default"},"job_submission":{"forward_profiles":false,"from_scheduler":{"enabled":false,"acknowledge":true}}},"resources_data":[{"id":0,"name":"node-0.simgrid.org","state":"idle","properties":{}},{"id":1,"name":"node-1.simgrid.org","state":"idle","properties":{}},{"id":2,"name":"node-2.simgrid.org","state":"idle","properties":{}},{"id":3,"name":"node-3.simgrid.org","state":"idle","properties":{}},{"id":4,"name":"node-4.simgrid.org","state":"idle","properties":{}},{"id":5,"name":"node-5.simgrid.org","state":"idle","properties":{}},{"id":6,"name":"node-6.simgrid.org","state":"idle","properties":{}},{"id":7,"name":"node-7.simgrid.org","state":"idle","properties":{}},{"id":8,"name":"node-8.simgrid.org","state":"idle","properties":{}},{"id":9,"name":"node-9.simgrid.org","state":"idle","properties":{}},{"id":10,"name":"node-10.simgrid.org","state":"idle","properties":{}},{"id":11,"name":"node-11.simgrid.org","state":"idle","properties":{}},{"id":12,"name":"node-12.simgrid.org","state":"idle","properties":{}},{"id":13,"name":"node-13.simgrid.org","state":"idle","properties":{}},{"id":14,"name":"node-14.simgrid.org","state":"idle","properties":{}},{"id":15,"name":"node-15.simgrid.org","state":"idle","properties":{}},{"id":16,"name":"node-16.simgrid.org","state":"idle","properties":{}},{"id":17,"name":"node-17.simgrid.org","state":"idle","properties":{}},{"id":18,"name":"node-18.simgrid.org","state":"idle","properties":{}},{"id":19,"name":"node-19.simgrid.org","state":"idle","properties":{}},{"id":20,"name":"node-20.simgrid.org","state":"idle","properties":{}},{"id":21,"name":"node-21.simgrid.org","state":"idle","properties":{}},{"id":22,"name":"node-22.simgrid.org","state":"idle","properties":{}},{"id":23,"name":"node-23.simgrid.org","state":"idle","properties":{}},{"id":24,"name":"node-24.simgrid.org","state":"idle","properties":{}},{"id":25,"name":"node-25.simgrid.org","state":"idle","properties":{}},{"id":26,"name":"node-26.simgrid.org","state":"idle","properties":{}},{"id":27,"name":"node-27.simgrid.org","state":"idle","properties":{}},{"id":28,"name":"node-28.simgrid.org","state":"idle","properties":{}},{"id":29,"name":"node-29.simgrid.org","state":"idle","properties":{}},{"id":30,"name":"node-30.simgrid.org","state":"idle","properties":{}},{"id":31,"name":"node-31.simgrid.org","state":"idle","properties":{}},{"id":32,"name":"node-32.simgrid.org","state":"idle","properties":{}},{"id":33,"name":"node-33.simgrid.org","state":"idle","properties":{}},{"id":34,"name":"node-34.simgrid.org","state":"idle","properties":{}},{"id":35,"name":"node-35.simgrid.org","state":"idle","properties":{}},{"id":36,"name":"node-36.simgrid.org","state":"idle","properties":{}},{"id":37,"name":"node-37.simgrid.org","state":"idle","properties":{}},{"id":38,"name":"node-38.simgrid.org","state":"idle","properties":{}},{"id":39,"name":"node-39.simgrid.org","state":"idle","properties":{}},{"id":40,"name":"node-40.simgrid.org","state":"idle","properties":{}},{"id":41,"name":"node-41.simgrid.org","state":"idle","properties":{}},{"id":42,"name":"node-42.simgrid.org","state":"idle","properties":{}},{"id":43,"name":"node-43.simgrid.org","state":"idle","properties":{}},{"id":44,"name":"node-44.simgrid.org","state":"idle","properties":{}},{"id":45,"name":"node-45.simgrid.org","state":"idle","properties":{}},{"id":46,"name":"node-46.simgrid.org","state":"idle","properties":{}},{"id":47,"name":"node-47.simgrid.org","state":"idle","properties":{}},{"id":48,"name":"node-48.simgrid.org","state":"idle","properties":{}},{"id":49,"name":"node-49.simgrid.org","state":"idle","properties":{}},{"id":50,"name":"node-50.simgrid.org","state":"idle","properties":{}},{"id":51,"name":"node-51.simgrid.org","state":"idle","properties":{}},{"id":52,"name":"node-52.simgrid.org","state":"idle","properties":{}},{"id":53,"name":"node-53.simgrid.org","state":"idle","properties":{}},{"id":54,"name":"node-54.simgrid.org","state":"idle","properties":{}},{"id":55,"name":"node-55.simgrid.org","state":"idle","properties":{}},{"id":56,"name":"node-56.simgrid.org","state":"idle","properties":{}},{"id":57,"name":"node-57.simgrid.org","state":"idle","properties":{}},{"id":58,"name":"node-58.simgrid.org","state":"idle","properties":{}},{"id":59,"name":"node-59.simgrid.org","state":"idle","properties":{}},{"id":60,"name":"node-60.simgrid.org","state":"idle","properties":{}},{"id":61,"name":"node-61.simgrid.org","state":"idle","properties":{}},{"id":62,"name":"node-62.simgrid.org","state":"idle","properties":{}},{"id":63,"name":"node-63.simgrid.org","state":"idle","properties":{}}],"workloads":{"db3eff":"/github-simgrid/190311/../batsim-v2.0.0/workload_profiles/npb_100_jobs.json"}}}]}'
Sending '{"now":0.0,"events":[]}'
Received '{"now":0.900782,"events":[{"timestamp":0.900782,"type":"JOB_SUBMITTED","data":{"job_id":"db3eff!1","job":{"id":"db3eff!1","profile":"IS.S.4","res":4,"subtime":0.892976,"walltime":4200}}}]}'
Sending '{"now":0.900782,"events":[{"timestamp":0.900782,"type":"EXECUTE_JOB","data":{"job_id":"db3eff!1","alloc":"0-3"}}]}'
Received '{"now":1.026137,"events":[{"timestamp":1.026137,"type":"JOB_COMPLETED","data":{"job_id":"db3eff!1","job_state":"COMPLETED_SUCCESSFULLY","return_code":0,"kill_reason":"","alloc":"0-3"}}]}'
Sending '{"now":1.026137,"events":[]}'
Received '{"now":1.201902,"events":[{"timestamp":1.201902,"type":"JOB_SUBMITTED","data":{"job_id":"db3eff!2","job":{"id":"db3eff!2","profile":"BT.S.4","res":4,"subtime":1.194096,"walltime":4200}}}]}'
Sending '{"now":1.201902,"events":[{"timestamp":1.201902,"type":"EXECUTE_JOB","data":{"job_id":"db3eff!2","alloc":"0-3"}}]}'
Received '{"now":1.443863,"events":[{"timestamp":1.443863,"type":"JOB_SUBMITTED","data":{"job_id":"db3eff!3","job":{"id":"db3eff!3","profile":"FT.S.16","res":16,"subtime":1.436057,"walltime":4200}}}]}'
Sending '{"now":1.443863,"events":[{"timestamp":1.443863,"type":"EXECUTE_JOB","data":{"job_id":"db3eff!3","alloc":"4-19"}}]}'
Received '{"now":1.467281,"events":[{"timestamp":1.459475,"type":"JOB_SUBMITTED","data":{"job_id":"db3eff!4","job":{"id":"db3eff!4","profile":"SP.S.16","res":16,"subtime":1.449538,"walltime":4200}}}]}'
Sending '{"now":1.467281,"events":[{"timestamp":1.459475,"type":"EXECUTE_JOB","data":{"job_id":"db3eff!4","alloc":"20-35"}}]}'
Received '{"now":1.530460,"events":[{"timestamp":1.530460,"type":"JOB_SUBMITTED","data":{"job_id":"db3eff!5","job":{"id":"db3eff!5","profile":"SP.S.16","res":16,"subtime":1.522654,"walltime":4200}}}]}'
Sending '{"now":1.53046,"events":[{"timestamp":1.53046,"type":"EXECUTE_JOB","data":{"job_id":"db3eff!5","alloc":"36-51"}}]}'
Received '{"now":1.815476,"events":[{"timestamp":1.815476,"type":"JOB_COMPLETED","data":{"job_id":"db3eff!3","job_state":"COMPLETED_SUCCESSFULLY","return_code":0,"kill_reason":"","alloc":"4-19"}}]}'
Sending '{"now":1.815476,"events":[]}'
Received '{"now":1.872294,"events":[{"timestamp":1.872294,"type":"JOB_COMPLETED","data":{"job_id":"db3eff!2","job_state":"COMPLETED_SUCCESSFULLY","return_code":0,"kill_reason":"","alloc":"0-3"}}]}'
Sending '{"now":1.872294,"events":[]}'
Received '{"now":1.887914,"events":[{"timestamp":1.887914,"type":"JOB_SUBMITTED","data":{"job_id":"db3eff!6","job":{"id":"db3eff!6","profile":"MG.S.16","res":16,"subtime":1.876677,"walltime":4200}}}]}'
Sending '{"now":1.887914,"events":[{"timestamp":1.887914,"type":"EXECUTE_JOB","data":{"job_id":"db3eff!6","alloc":"0-15"}}]}'
Received '{"now":1.911337,"events":[{"timestamp":1.903532,"type":"JOB_SUBMITTED","data":{"job_id":"db3eff!7","job":{"id":"db3eff!7","profile":"CG.S.4","res":4,"subtime":1.891457,"walltime":4200}}}]}'
Sending '{"now":1.911337,"events":[{"timestamp":1.903532,"type":"EXECUTE_JOB","data":{"job_id":"db3eff!7","alloc":"16-19"}}]}'
Received '{"now":2.071719,"events":[{"timestamp":2.071719,"type":"JOB_SUBMITTED","data":{"job_id":"db3eff!8","job":{"id":"db3eff!8","profile":"MG.S.4","res":4,"subtime":2.063913,"walltime":4200}}}]}'
Sending '{"now":2.071719,"events":[{"timestamp":2.071719,"type":"EXECUTE_JOB","data":{"job_id":"db3eff!8","alloc":"52-55"}}]}'
Received '{"now":2.095778,"events":[{"timestamp":2.095778,"type":"JOB_SUBMITTED","data":{"job_id":"db3eff!9","job":{"id":"db3eff!9","profile":"IS.S.16","res":16,"subtime":2.087987,"walltime":4200}}}]}'
Sending '{"now":2.095778,"events":[]}'
Received '{"now":2.307818,"events":[{"timestamp":2.307818,"type":"JOB_SUBMITTED","data":{"job_id":"db3eff!10","job":{"id":"db3eff!10","profile":"FT.S.16","res":16,"subtime":2.300012,"walltime":4200}}}]}'
Sending '{"now":2.307818,"events":[]}'
Received '{"now":2.545147,"events":[{"timestamp":2.545147,"type":"JOB_SUBMITTED","data":{"job_id":"db3eff!11","job":{"id":"db3eff!11","profile":"BT.S.16","res":16,"subtime":2.537341,"walltime":4200}}}]}'
Sending '{"now":2.545147,"events":[]}'
Received '{"now":2.630987,"events":[{"timestamp":2.630987,"type":"JOB_COMPLETED","data":{"job_id":"db3eff!8","job_state":"COMPLETED_SUCCESSFULLY","return_code":0,"kill_reason":"","alloc":"52-55"}}]}'
Sending '{"now":2.630987,"events":[]}'
Received '{"now":2.759995,"events":[{"timestamp":2.759995,"type":"JOB_SUBMITTED","data":{"job_id":"db3eff!12","job":{"id":"db3eff!12","profile":"SP.S.16","res":16,"subtime":2.752196,"walltime":4200}}}]}'
Sending '{"now":2.759995,"events":[]}'
Received '{"now":2.939465,"events":[{"timestamp":2.939465,"type":"JOB_SUBMITTED","data":{"job_id":"db3eff!13","job":{"id":"db3eff!13","profile":"CG.S.16","res":16,"subtime":2.931663,"walltime":4200}}}]}'
Sending '{"now":2.939465,"events":[]}'
Received '{"now":2.960919,"events":[{"timestamp":2.953118,"type":"JOB_COMPLETED","data":{"job_id":"db3eff!6","job_state":"COMPLETED_SUCCESSFULLY","return_code":0,"kill_reason":"","alloc":"0-15"}}]}'
Sending '{"now":2.960919,"events":[{"timestamp":2.960919,"type":"EXECUTE_JOB","data":{"job_id":"db3eff!9","alloc":"0-15"}}]}'
Received '{"now":3.032421,"events":[{"timestamp":3.032421,"type":"JOB_COMPLETED","data":{"job_id":"db3eff!7","job_state":"COMPLETED_SUCCESSFULLY","return_code":0,"kill_reason":"","alloc":"16-19"}}]}'
Sending '{"now":3.032421,"events":[{"timestamp":3.032421,"type":"EXECUTE_JOB","data":{"job_id":"db3eff!10","alloc":"16-19 52-63"}}]}'
Received '{"now":3.126902,"events":[{"timestamp":3.126902,"type":"JOB_SUBMITTED","data":{"job_id":"db3eff!14","job":{"id":"db3eff!14","profile":"FT.S.4","res":4,"subtime":3.119096,"walltime":4200}}}]}'
Sending '{"now":3.126902,"events":[]}'
Received '{"now":3.148369,"events":[{"timestamp":3.148369,"type":"JOB_COMPLETED","data":{"job_id":"db3eff!9","job_state":"COMPLETED_SUCCESSFULLY","return_code":0,"kill_reason":"","alloc":"0-15"}}]}'
Sending '{"now":3.148369,"events":[{"timestamp":3.148369,"type":"EXECUTE_JOB","data":{"job_id":"db3eff!11","alloc":"0-15"}}]}'
Received '{"now":3.340732,"events":[{"timestamp":3.340732,"type":"JOB_SUBMITTED","data":{"job_id":"db3eff!15","job":{"id":"db3eff!15","profile":"CG.S.16","res":16,"subtime":3.332929,"walltime":4200}}}]}'
Sending '{"now":3.340732,"events":[]}'
Received '{"now":3.522112,"events":[{"timestamp":3.522112,"type":"JOB_SUBMITTED","data":{"job_id":"db3eff!16","job":{"id":"db3eff!16","profile":"SP.S.16","res":16,"subtime":3.514318,"walltime":4200}}}]}'
Sending '{"now":3.522112,"events":[]}'
Received '{"now":3.544978,"events":[{"timestamp":3.544978,"type":"JOB_COMPLETED","data":{"job_id":"db3eff!10","job_state":"COMPLETED_SUCCESSFULLY","return_code":0,"kill_reason":"","alloc":"16-19 52-63"}}]}'
Sending '{"now":3.544978,"events":[{"timestamp":3.544978,"type":"EXECUTE_JOB","data":{"job_id":"db3eff!12","alloc":"16-19 52-63"}}]}'
Received '{"now":3.581558,"events":[{"timestamp":3.581558,"type":"JOB_SUBMITTED","data":{"job_id":"db3eff!17","job":{"id":"db3eff!17","profile":"SP.S.4","res":4,"subtime":3.573752,"walltime":4200}}}]}'
Sending '{"now":3.581558,"events":[]}'
Received '{"now":3.678297,"events":[{"timestamp":3.678297,"type":"JOB_SUBMITTED","data":{"job_id":"db3eff!18","job":{"id":"db3eff!18","profile":"SP.S.4","res":4,"subtime":3.670491,"walltime":4200}}}]}'
Sending '{"now":3.678297,"events":[]}'
Received '{"now":3.729524,"events":[{"timestamp":3.729524,"type":"JOB_SUBMITTED","data":{"job_id":"db3eff!19","job":{"id":"db3eff!19","profile":"LU.S.4","res":4,"subtime":3.721718,"walltime":4200}}}]}'
Sending '{"now":3.729524,"events":[]}'
Received '{"now":3.837699,"events":[{"timestamp":3.837699,"type":"JOB_SUBMITTED","data":{"job_id":"db3eff!20","job":{"id":"db3eff!20","profile":"BT.S.16","res":16,"subtime":3.829899,"walltime":4200}}}]}'
Sending '{"now":3.837699,"events":[]}'
Received '{"now":3.853311,"events":[{"timestamp":3.845505,"type":"JOB_SUBMITTED","data":{"job_id":"db3eff!21","job":{"id":"db3eff!21","profile":"BT.S.16","res":16,"subtime":3.830491,"walltime":4200}}}]}'
Sending '{"now":3.853311,"events":[]}'
Received '{"now":4.013407,"events":[{"timestamp":4.013407,"type":"JOB_SUBMITTED","data":{"job_id":"db3eff!22","job":{"id":"db3eff!22","profile":"IS.S.16","res":16,"subtime":4.005601,"walltime":4200}}}]}'
Sending '{"now":4.013407,"events":[]}'
Received '{"now":4.157389,"events":[{"timestamp":4.157389,"type":"JOB_SUBMITTED","data":{"job_id":"db3eff!23","job":{"id":"db3eff!23","profile":"BT.S.4","res":4,"subtime":4.149584,"walltime":4200}}}]}'
Sending '{"now":4.157389,"events":[]}'
Received '{"now":4.262181,"events":[{"timestamp":4.262181,"type":"JOB_SUBMITTED","data":{"job_id":"db3eff!24","job":{"id":"db3eff!24","profile":"MG.S.16","res":16,"subtime":4.254380,"walltime":4200}}}]}'
Sending '{"now":4.262181,"events":[]}'
Received '{"now":4.471147,"events":[{"timestamp":4.471147,"type":"JOB_SUBMITTED","data":{"job_id":"db3eff!25","job":{"id":"db3eff!25","profile":"MG.S.16","res":16,"subtime":4.463341,"walltime":4200}}}]}'
Sending '{"now":4.471147,"events":[]}'
Received '{"now":4.561935,"events":[{"timestamp":4.561935,"type":"JOB_SUBMITTED","data":{"job_id":"db3eff!26","job":{"id":"db3eff!26","profile":"MG.S.16","res":16,"subtime":4.554142,"walltime":4200}}}]}'
Sending '{"now":4.561935,"events":[]}'
Received '{"now":4.875874,"events":[{"timestamp":4.875874,"type":"JOB_SUBMITTED","data":{"job_id":"db3eff!27","job":{"id":"db3eff!27","profile":"FT.S.16","res":16,"subtime":4.868068,"walltime":4200}}}]}'
Sending '{"now":4.875874,"events":[]}'
Received '{"now":5.497043,"events":[{"timestamp":5.497043,"type":"JOB_SUBMITTED","data":{"job_id":"db3eff!28","job":{"id":"db3eff!28","profile":"MG.S.16","res":16,"subtime":5.489237,"walltime":4200}}}]}'
Sending '{"now":5.497043,"events":[]}'
Received '{"now":5.530395,"events":[{"timestamp":5.530395,"type":"JOB_SUBMITTED","data":{"job_id":"db3eff!29","job":{"id":"db3eff!29","profile":"MG.S.4","res":4,"subtime":5.522589,"walltime":4200}}}]}'
Sending '{"now":5.530395,"events":[]}'
Received '{"now":5.565987,"events":[{"timestamp":5.565987,"type":"JOB_SUBMITTED","data":{"job_id":"db3eff!30","job":{"id":"db3eff!30","profile":"SP.S.4","res":4,"subtime":5.558184,"walltime":4200}}}]}'
Sending '{"now":5.565987,"events":[]}'
Received '{"now":5.967427,"events":[{"timestamp":5.967427,"type":"JOB_SUBMITTED","data":{"job_id":"db3eff!31","job":{"id":"db3eff!31","profile":"SP.S.16","res":16,"subtime":5.959628,"walltime":4200}}}]}'
Sending '{"now":5.967427,"events":[]}'
Received '{"now":5.983034,"events":[{"timestamp":5.975233,"type":"JOB_SUBMITTED","data":{"job_id":"db3eff!32","job":{"id":"db3eff!32","profile":"FT.S.4","res":4,"subtime":5.964654,"walltime":4200}}}]}'
Sending '{"now":5.983034,"events":[]}'
Received '{"now":5.998646,"events":[{"timestamp":5.990840,"type":"JOB_SUBMITTED","data":{"job_id":"db3eff!33","job":{"id":"db3eff!33","profile":"MG.S.4","res":4,"subtime":5.972441,"walltime":4200}}}]}'
Sending '{"now":5.998646,"events":[]}'
Received '{"now":6.285076,"events":[{"timestamp":6.285076,"type":"JOB_SUBMITTED","data":{"job_id":"db3eff!34","job":{"id":"db3eff!34","profile":"SP.S.4","res":4,"subtime":6.277276,"walltime":4200}}}]}'
Sending '{"now":6.285076,"events":[]}'
Received '{"now":6.316063,"events":[{"timestamp":6.316063,"type":"JOB_COMPLETED","data":{"job_id":"db3eff!11","job_state":"COMPLETED_SUCCESSFULLY","return_code":0,"kill_reason":"","alloc":"0-15"}}]}'
Sending '{"now":6.316063,"events":[{"timestamp":6.316063,"type":"EXECUTE_JOB","data":{"job_id":"db3eff!13","alloc":"0-15"}}]}'
Received '{"now":6.388898,"events":[{"timestamp":6.388898,"type":"JOB_SUBMITTED","data":{"job_id":"db3eff!35","job":{"id":"db3eff!35","profile":"CG.S.4","res":4,"subtime":6.381092,"walltime":4200}}}]}'
Sending '{"now":6.388898,"events":[]}'
Received '{"now":6.404510,"events":[{"timestamp":6.404510,"type":"JOB_SUBMITTED","data":{"job_id":"db3eff!36","job":{"id":"db3eff!36","profile":"SP.S.4","res":4,"subtime":6.390986,"walltime":4200}}}]}'
Sending '{"now":6.40451,"events":[]}'
Received '{"now":6.832021,"events":[{"timestamp":6.832021,"type":"JOB_SUBMITTED","data":{"job_id":"db3eff!37","job":{"id":"db3eff!37","profile":"MG.S.16","res":16,"subtime":6.824225,"walltime":4200}}}]}'
Sending '{"now":6.832021,"events":[]}'
Received '{"now":6.950346,"events":[{"timestamp":6.950346,"type":"JOB_SUBMITTED","data":{"job_id":"db3eff!38","job":{"id":"db3eff!38","profile":"CG.S.16","res":16,"subtime":6.942540,"walltime":4200}}}]}'
Sending '{"now":6.950346,"events":[]}'
Received '{"now":7.428036,"events":[{"timestamp":7.428036,"type":"JOB_SUBMITTED","data":{"job_id":"db3eff!39","job":{"id":"db3eff!39","profile":"CG.S.16","res":16,"subtime":7.420236,"walltime":4200}}}]}'
Sending '{"now":7.428036,"events":[]}'
Received '{"now":7.545542,"events":[{"timestamp":7.545542,"type":"JOB_SUBMITTED","data":{"job_id":"db3eff!40","job":{"id":"db3eff!40","profile":"IS.S.4","res":4,"subtime":7.537736,"walltime":4200}}}]}'
Sending '{"now":7.545542,"events":[]}'
Received '{"now":7.792025,"events":[{"timestamp":7.792025,"type":"JOB_SUBMITTED","data":{"job_id":"db3eff!41","job":{"id":"db3eff!41","profile":"SP.S.16","res":16,"subtime":7.784219,"walltime":4200}}}]}'
Sending '{"now":7.792025,"events":[]}'
Received '{"now":8.109746,"events":[{"timestamp":8.109746,"type":"JOB_COMPLETED","data":{"job_id":"db3eff!4","job_state":"COMPLETED_SUCCESSFULLY","return_code":0,"kill_reason":"","alloc":"20-35"}}]}'
Sending '{"now":8.109746,"events":[{"timestamp":8.109746,"type":"EXECUTE_JOB","data":{"job_id":"db3eff!14","alloc":"20-23"}}]}'
Received '{"now":8.166953,"events":[{"timestamp":8.166953,"type":"JOB_COMPLETED","data":{"job_id":"db3eff!5","job_state":"COMPLETED_SUCCESSFULLY","return_code":0,"kill_reason":"","alloc":"36-51"}}]}'
Sending '{"now":8.166953,"events":[{"timestamp":8.166953,"type":"EXECUTE_JOB","data":{"job_id":"db3eff!15","alloc":"24-39"}}]}'
Received '{"now":8.289047,"events":[{"timestamp":8.289047,"type":"JOB_COMPLETED","data":{"job_id":"db3eff!14","job_state":"COMPLETED_SUCCESSFULLY","return_code":0,"kill_reason":"","alloc":"20-23"}}]}'
Sending '{"now":8.289047,"events":[{"timestamp":8.289047,"type":"EXECUTE_JOB","data":{"job_id":"db3eff!16","alloc":"20-23 40-51"}}]}'
Received '{"now":8.329884,"events":[{"timestamp":8.329884,"type":"JOB_SUBMITTED","data":{"job_id":"db3eff!42","job":{"id":"db3eff!42","profile":"IS.S.16","res":16,"subtime":8.322078,"walltime":4200}}}]}'
Sending '{"now":8.329884,"events":[]}'
Received '{"now":8.455883,"events":[{"timestamp":8.455883,"type":"JOB_SUBMITTED","data":{"job_id":"db3eff!43","job":{"id":"db3eff!43","profile":"SP.S.16","res":16,"subtime":8.448077,"walltime":4200}}}]}'
Sending '{"now":8.455883,"events":[]}'
Received '{"now":8.575878,"events":[{"timestamp":8.575878,"type":"JOB_SUBMITTED","data":{"job_id":"db3eff!44","job":{"id":"db3eff!44","profile":"FT.S.4","res":4,"subtime":8.568072,"walltime":4200}}}]}'
Sending '{"now":8.575878,"events":[]}'
Received '{"now":8.665662,"events":[{"timestamp":8.665662,"type":"JOB_SUBMITTED","data":{"job_id":"db3eff!45","job":{"id":"db3eff!45","profile":"IS.S.16","res":16,"subtime":8.657861,"walltime":4200}}}]}'
Sending '{"now":8.665662,"events":[]}'
Received '{"now":9.484237,"events":[{"timestamp":9.484237,"type":"JOB_SUBMITTED","data":{"job_id":"db3eff!46","job":{"id":"db3eff!46","profile":"FT.S.16","res":16,"subtime":9.476439,"walltime":4200}}}]}'
Sending '{"now":9.484237,"events":[]}'
Received '{"now":9.538180,"events":[{"timestamp":9.538180,"type":"JOB_SUBMITTED","data":{"job_id":"db3eff!47","job":{"id":"db3eff!47","profile":"BT.S.4","res":4,"subtime":9.530374,"walltime":4200}}}]}'
Sending '{"now":9.53818,"events":[]}'
Received '{"now":9.555338,"events":[{"timestamp":9.555338,"type":"JOB_SUBMITTED","data":{"job_id":"db3eff!48","job":{"id":"db3eff!48","profile":"IS.S.16","res":16,"subtime":9.547532,"walltime":4200}}}]}'
Sending '{"now":9.555338,"events":[]}'
Received '{"now":9.603198,"events":[{"timestamp":9.603198,"type":"JOB_SUBMITTED","data":{"job_id":"db3eff!49","job":{"id":"db3eff!49","profile":"IS.S.4","res":4,"subtime":9.595394,"walltime":4200}}}]}'
Sending '{"now":9.603198,"events":[]}'
Received '{"now":9.713448,"events":[{"timestamp":9.713448,"type":"JOB_SUBMITTED","data":{"job_id":"db3eff!50","job":{"id":"db3eff!50","profile":"SP.S.16","res":16,"subtime":9.705647,"walltime":4200}}}]}'
Sending '{"now":9.713448,"events":[]}'
Received '{"now":9.896134,"events":[{"timestamp":9.896134,"type":"JOB_COMPLETED","data":{"job_id":"db3eff!13","job_state":"COMPLETED_SUCCESSFULLY","return_code":0,"kill_reason":"","alloc":"0-15"}}]}'
Sending '{"now":9.896134,"events":[{"timestamp":9.896134,"type":"EXECUTE_JOB","data":{"job_id":"db3eff!17","alloc":"0-3"}},{"timestamp":9.896134,"type":"EXECUTE_JOB","data":{"job_id":"db3eff!18","alloc":"4-7"}},{"timestamp":9.896134,"type":"EXECUTE_JOB","data":{"job_id":"db3eff!19","alloc":"8-11"}}]}'
Received '{"now":10.501809,"events":[{"timestamp":10.501809,"type":"JOB_SUBMITTED","data":{"job_id":"db3eff!51","job":{"id":"db3eff!51","profile":"IS.S.16","res":16,"subtime":10.494007,"walltime":4200}}}]}'
Sending '{"now":10.501809,"events":[]}'
Received '{"now":10.867036,"events":[{"timestamp":10.867036,"type":"JOB_SUBMITTED","data":{"job_id":"db3eff!52","job":{"id":"db3eff!52","profile":"BT.S.16","res":16,"subtime":10.859230,"walltime":4200}}}]}'
Sending '{"now":10.867036,"events":[]}'
Received '{"now":11.109615,"events":[{"timestamp":11.109615,"type":"JOB_SUBMITTED","data":{"job_id":"db3eff!53","job":{"id":"db3eff!53","profile":"MG.S.16","res":16,"subtime":11.101809,"walltime":4200}}}]}'
Sending '{"now":11.109615,"events":[]}'
Received '{"now":11.147850,"events":[{"timestamp":11.147850,"type":"JOB_SUBMITTED","data":{"job_id":"db3eff!54","job":{"id":"db3eff!54","profile":"BT.S.4","res":4,"subtime":11.140045,"walltime":4200}}}]}'
Sending '{"now":11.14785,"events":[]}'
Received '{"now":11.253339,"events":[{"timestamp":11.253339,"type":"JOB_COMPLETED","data":{"job_id":"db3eff!17","job_state":"COMPLETED_SUCCESSFULLY","return_code":0,"kill_reason":"","alloc":"0-3"}}]}'
Sending '{"now":11.253339,"events":[]}'
Received '{"now":11.274805,"events":[{"timestamp":11.266999,"type":"JOB_COMPLETED","data":{"job_id":"db3eff!18","job_state":"COMPLETED_SUCCESSFULLY","return_code":0,"kill_reason":"","alloc":"4-7"}}]}'
Sending '{"now":11.274805,"events":[]}'
Received '{"now":11.474269,"events":[{"timestamp":11.474269,"type":"JOB_SUBMITTED","data":{"job_id":"db3eff!55","job":{"id":"db3eff!55","profile":"IS.S.4","res":4,"subtime":11.466463,"walltime":4200}}}]}'
Sending '{"now":11.474269,"events":[]}'
Received '{"now":11.747078,"events":[{"timestamp":11.747078,"type":"JOB_COMPLETED","data":{"job_id":"db3eff!15","job_state":"COMPLETED_SUCCESSFULLY","return_code":0,"kill_reason":"","alloc":"24-39"}}]}'
Sending '{"now":11.747078,"events":[{"timestamp":11.747078,"type":"EXECUTE_JOB","data":{"job_id":"db3eff!20","alloc":"0-7 12-15 24-27"}}]}'
Received '{"now":11.784143,"events":[{"timestamp":11.784143,"type":"JOB_SUBMITTED","data":{"job_id":"db3eff!56","job":{"id":"db3eff!56","profile":"CG.S.16","res":16,"subtime":11.776344,"walltime":4200}}}]}'
Sending '{"now":11.784143,"events":[]}'
Received '{"now":11.888883,"events":[{"timestamp":11.888883,"type":"JOB_SUBMITTED","data":{"job_id":"db3eff!57","job":{"id":"db3eff!57","profile":"BT.S.4","res":4,"subtime":11.881077,"walltime":4200}}}]}'
Sending '{"now":11.888883,"events":[]}'
Received '{"now":11.925491,"events":[{"timestamp":11.925491,"type":"JOB_SUBMITTED","data":{"job_id":"db3eff!58","job":{"id":"db3eff!58","profile":"IS.S.16","res":16,"subtime":11.917695,"walltime":4200}}}]}'
Sending '{"now":11.925491,"events":[]}'
Received '{"now":11.997507,"events":[{"timestamp":11.997507,"type":"JOB_COMPLETED","data":{"job_id":"db3eff!12","job_state":"COMPLETED_SUCCESSFULLY","return_code":0,"kill_reason":"","alloc":"16-19 52-63"}}]}'
Sending '{"now":11.997507,"events":[{"timestamp":11.997507,"type":"EXECUTE_JOB","data":{"job_id":"db3eff!21","alloc":"16-19 28-39"}},{"timestamp":11.997507,"type":"EXECUTE_JOB","data":{"job_id":"db3eff!23","alloc":"52-55"}},{"timestamp":11.997507,"type":"EXECUTE_JOB","data":{"job_id":"db3eff!29","alloc":"56-59"}},{"timestamp":11.997507,"type":"EXECUTE_JOB","data":{"job_id":"db3eff!30","alloc":"60-63"}}]}'
Received '{"now":12.080963,"events":[{"timestamp":12.080963,"type":"JOB_SUBMITTED","data":{"job_id":"db3eff!59","job":{"id":"db3eff!59","profile":"BT.S.16","res":16,"subtime":12.073157,"walltime":4200}}}]}'
Sending '{"now":12.080963,"events":[]}'
Received '{"now":12.144626,"events":[{"timestamp":12.144626,"type":"JOB_SUBMITTED","data":{"job_id":"db3eff!60","job":{"id":"db3eff!60","profile":"CG.S.16","res":16,"subtime":12.136821,"walltime":4200}}}]}'
Sending '{"now":12.144626,"events":[]}'
Received '{"now":12.262622,"events":[{"timestamp":12.262622,"type":"JOB_SUBMITTED","data":{"job_id":"db3eff!61","job":{"id":"db3eff!61","profile":"SP.S.16","res":16,"subtime":12.254820,"walltime":4200}}}]}'
Sending '{"now":12.262622,"events":[]}'
Received '{"now":12.326403,"events":[{"timestamp":12.326403,"type":"JOB_COMPLETED","data":{"job_id":"db3eff!19","job_state":"COMPLETED_SUCCESSFULLY","return_code":0,"kill_reason":"","alloc":"8-11"}}]}'
Sending '{"now":12.326403000000001,"events":[]}'
Received '{"now":12.361192,"events":[{"timestamp":12.361192,"type":"JOB_SUBMITTED","data":{"job_id":"db3eff!62","job":{"id":"db3eff!62","profile":"LU.S.4","res":4,"subtime":12.353386,"walltime":4200}}}]}'
Sending '{"now":12.361192,"events":[]}'
Received '{"now":12.572252,"events":[{"timestamp":12.572252,"type":"JOB_COMPLETED","data":{"job_id":"db3eff!29","job_state":"COMPLETED_SUCCESSFULLY","return_code":0,"kill_reason":"","alloc":"56-59"}}]}'
Sending '{"now":12.572252,"events":[{"timestamp":12.572252,"type":"EXECUTE_JOB","data":{"job_id":"db3eff!32","alloc":"56-59"}}]}'
Received '{"now":12.674867,"events":[{"timestamp":12.674867,"type":"JOB_COMPLETED","data":{"job_id":"db3eff!23","job_state":"COMPLETED_SUCCESSFULLY","return_code":0,"kill_reason":"","alloc":"52-55"}}]}'
Sending '{"now":12.674867,"events":[{"timestamp":12.674867,"type":"EXECUTE_JOB","data":{"job_id":"db3eff!33","alloc":"52-55"}}]}'
Received '{"now":12.698279,"events":[{"timestamp":12.690473,"type":"JOB_SUBMITTED","data":{"job_id":"db3eff!63","job":{"id":"db3eff!63","profile":"CG.S.4","res":4,"subtime":12.678603,"walltime":4200}}}]}'
Sending '{"now":12.698279,"events":[]}'
Received '{"now":12.734763,"events":[{"timestamp":12.734763,"type":"JOB_SUBMITTED","data":{"job_id":"db3eff!64","job":{"id":"db3eff!64","profile":"BT.S.16","res":16,"subtime":12.726957,"walltime":4200}}}]}'
Sending '{"now":12.734763,"events":[]}'
Received '{"now":12.756234,"events":[{"timestamp":12.756234,"type":"JOB_COMPLETED","data":{"job_id":"db3eff!32","job_state":"COMPLETED_SUCCESSFULLY","return_code":0,"kill_reason":"","alloc":"56-59"}}]}'
Sending '{"now":12.756234,"events":[{"timestamp":12.756234,"type":"EXECUTE_JOB","data":{"job_id":"db3eff!34","alloc":"56-59"}}]}'
Received '{"now":12.851953,"events":[{"timestamp":12.851953,"type":"JOB_SUBMITTED","data":{"job_id":"db3eff!65","job":{"id":"db3eff!65","profile":"LU.S.4","res":4,"subtime":12.844155,"walltime":4200}}}]}'
Sending '{"now":12.851953,"events":[]}'
Received '{"now":12.979765,"events":[{"timestamp":12.979765,"type":"JOB_SUBMITTED","data":{"job_id":"db3eff!66","job":{"id":"db3eff!66","profile":"CG.S.4","res":4,"subtime":12.971973,"walltime":4200}}}]}'
Sending '{"now":12.979765,"events":[]}'
Received '{"now":13.156866,"events":[{"timestamp":13.156866,"type":"JOB_SUBMITTED","data":{"job_id":"db3eff!67","job":{"id":"db3eff!67","profile":"LU.S.16","res":16,"subtime":13.149060,"walltime":4200}}}]}'
Sending '{"now":13.156866,"events":[]}'
Received '{"now":13.234029,"events":[{"timestamp":13.234029,"type":"JOB_COMPLETED","data":{"job_id":"db3eff!33","job_state":"COMPLETED_SUCCESSFULLY","return_code":0,"kill_reason":"","alloc":"52-55"}}]}'
Sending '{"now":13.234029,"events":[{"timestamp":13.234029,"type":"EXECUTE_JOB","data":{"job_id":"db3eff!35","alloc":"52-55"}}]}'
Received '{"now":13.355568,"events":[{"timestamp":13.355568,"type":"JOB_COMPLETED","data":{"job_id":"db3eff!30","job_state":"COMPLETED_SUCCESSFULLY","return_code":0,"kill_reason":"","alloc":"60-63"}}]}'
Sending '{"now":13.355568,"events":[{"timestamp":13.355568,"type":"EXECUTE_JOB","data":{"job_id":"db3eff!36","alloc":"60-63"}}]}'
Received '{"now":13.677994,"events":[{"timestamp":13.677994,"type":"JOB_SUBMITTED","data":{"job_id":"db3eff!68","job":{"id":"db3eff!68","profile":"LU.S.4","res":4,"subtime":13.670188,"walltime":4200}}}]}'
Sending '{"now":13.677994,"events":[]}'
Received '{"now":13.884734,"events":[{"timestamp":13.884734,"type":"JOB_SUBMITTED","data":{"job_id":"db3eff!69","job":{"id":"db3eff!69","profile":"LU.S.16","res":16,"subtime":13.876931,"walltime":4200}}}]}'
Sending '{"now":13.884734,"events":[]}'
Received '{"now":14.085295,"events":[{"timestamp":14.085295,"type":"JOB_COMPLETED","data":{"job_id":"db3eff!34","job_state":"COMPLETED_SUCCESSFULLY","return_code":0,"kill_reason":"","alloc":"56-59"}}]}'
Sending '{"now":14.085295,"events":[{"timestamp":14.085295,"type":"EXECUTE_JOB","data":{"job_id":"db3eff!40","alloc":"56-59"}}]}'
Received '{"now":14.116519,"events":[{"timestamp":14.093101,"type":"JOB_SUBMITTED","data":{"job_id":"db3eff!70","job":{"id":"db3eff!70","profile":"CG.S.4","res":4,"subtime":14.072224,"walltime":4200}}},{"timestamp":14.108713,"type":"JOB_SUBMITTED","data":{"job_id":"db3eff!71","job":{"id":"db3eff!71","profile":"BT.S.4","res":4,"subtime":14.073070,"walltime":4200}}}]}'
Sending '{"now":14.116519,"events":[]}'
Received '{"now":14.218273,"events":[{"timestamp":14.218273,"type":"JOB_COMPLETED","data":{"job_id":"db3eff!40","job_state":"COMPLETED_SUCCESSFULLY","return_code":0,"kill_reason":"","alloc":"56-59"}}]}'
Sending '{"now":14.218273,"events":[{"timestamp":14.218273,"type":"EXECUTE_JOB","data":{"job_id":"db3eff!44","alloc":"56-59"}}]}'
Received '{"now":14.271088,"events":[{"timestamp":14.271088,"type":"JOB_SUBMITTED","data":{"job_id":"db3eff!72","job":{"id":"db3eff!72","profile":"IS.S.4","res":4,"subtime":14.263282,"walltime":4200}}}]}'
Sending '{"now":14.271088,"events":[]}'
Received '{"now":14.354534,"events":[{"timestamp":14.354534,"type":"JOB_COMPLETED","data":{"job_id":"db3eff!35","job_state":"COMPLETED_SUCCESSFULLY","return_code":0,"kill_reason":"","alloc":"52-55"}}]}'
Sending '{"now":14.354534,"events":[{"timestamp":14.354534,"type":"EXECUTE_JOB","data":{"job_id":"db3eff!47","alloc":"52-55"}}]}'
Received '{"now":14.397345,"events":[{"timestamp":14.397345,"type":"JOB_COMPLETED","data":{"job_id":"db3eff!44","job_state":"COMPLETED_SUCCESSFULLY","return_code":0,"kill_reason":"","alloc":"56-59"}}]}'
Sending '{"now":14.397345,"events":[{"timestamp":14.397345,"type":"EXECUTE_JOB","data":{"job_id":"db3eff!49","alloc":"56-59"}}]}'
Received '{"now":14.522610,"events":[{"timestamp":14.522610,"type":"JOB_COMPLETED","data":{"job_id":"db3eff!49","job_state":"COMPLETED_SUCCESSFULLY","return_code":0,"kill_reason":"","alloc":"56-59"}}]}'
Sending '{"now":14.52261,"events":[{"timestamp":14.52261,"type":"EXECUTE_JOB","data":{"job_id":"db3eff!54","alloc":"56-59"}}]}'
Received '{"now":14.613089,"events":[{"timestamp":14.613089,"type":"JOB_SUBMITTED","data":{"job_id":"db3eff!73","job":{"id":"db3eff!73","profile":"LU.S.4","res":4,"subtime":14.605286,"walltime":4200}}}]}'
Sending '{"now":14.613089,"events":[]}'
Received '{"now":14.695108,"events":[{"timestamp":14.695108,"type":"JOB_COMPLETED","data":{"job_id":"db3eff!36","job_state":"COMPLETED_SUCCESSFULLY","return_code":0,"kill_reason":"","alloc":"60-63"}}]}'
Sending '{"now":14.695108,"events":[{"timestamp":14.695108,"type":"EXECUTE_JOB","data":{"job_id":"db3eff!55","alloc":"60-63"}}]}'
Received '{"now":14.820343,"events":[{"timestamp":14.820343,"type":"JOB_COMPLETED","data":{"job_id":"db3eff!55","job_state":"COMPLETED_SUCCESSFULLY","return_code":0,"kill_reason":"","alloc":"60-63"}}]}'
Sending '{"now":14.820343,"events":[{"timestamp":14.820343,"type":"EXECUTE_JOB","data":{"job_id":"db3eff!57","alloc":"60-63"}}]}'
Received '{"now":15.024035,"events":[{"timestamp":15.024035,"type":"JOB_COMPLETED","data":{"job_id":"db3eff!47","job_state":"COMPLETED_SUCCESSFULLY","return_code":0,"kill_reason":"","alloc":"52-55"}}]}'
Sending '{"now":15.024035,"events":[{"timestamp":15.024035,"type":"EXECUTE_JOB","data":{"job_id":"db3eff!62","alloc":"52-55"}}]}'
Received '{"now":15.192060,"events":[{"timestamp":15.192060,"type":"JOB_COMPLETED","data":{"job_id":"db3eff!54","job_state":"COMPLETED_SUCCESSFULLY","return_code":0,"kill_reason":"","alloc":"56-59"}}]}'
Sending '{"now":15.19206,"events":[{"timestamp":15.19206,"type":"EXECUTE_JOB","data":{"job_id":"db3eff!63","alloc":"56-59"}}]}'
Received '{"now":15.296091,"events":[{"timestamp":15.296091,"type":"JOB_SUBMITTED","data":{"job_id":"db3eff!74","job":{"id":"db3eff!74","profile":"SP.S.4","res":4,"subtime":15.288286,"walltime":4200}}}]}'
Sending '{"now":15.296091,"events":[]}'
Received '{"now":15.350762,"events":[{"timestamp":15.350762,"type":"JOB_SUBMITTED","data":{"job_id":"db3eff!75","job":{"id":"db3eff!75","profile":"LU.S.16","res":16,"subtime":15.342956,"walltime":4200}}}]}'
Sending '{"now":15.350762,"events":[]}'
Received '{"now":15.489969,"events":[{"timestamp":15.489969,"type":"JOB_COMPLETED","data":{"job_id":"db3eff!57","job_state":"COMPLETED_SUCCESSFULLY","return_code":0,"kill_reason":"","alloc":"60-63"}}]}'
Sending '{"now":15.489969,"events":[{"timestamp":15.489969,"type":"EXECUTE_JOB","data":{"job_id":"db3eff!65","alloc":"60-63"}}]}'
Received '{"now":15.519232,"events":[{"timestamp":15.503623,"type":"JOB_COMPLETED","data":{"job_id":"db3eff!20","job_state":"COMPLETED_SUCCESSFULLY","return_code":0,"kill_reason":"","alloc":"0-7 12-15 24-27"}}]}'
Sending '{"now":15.519232,"events":[{"timestamp":15.519232,"type":"EXECUTE_JOB","data":{"job_id":"db3eff!22","alloc":"0-15"}}]}'
Received '{"now":15.542632,"events":[{"timestamp":15.534835,"type":"JOB_SUBMITTED","data":{"job_id":"db3eff!76","job":{"id":"db3eff!76","profile":"FT.S.4","res":4,"subtime":15.526961,"walltime":4200}}}]}'
Sending '{"now":15.542632,"events":[]}'
Received '{"now":15.688620,"events":[{"timestamp":15.688620,"type":"JOB_COMPLETED","data":{"job_id":"db3eff!21","job_state":"COMPLETED_SUCCESSFULLY","return_code":0,"kill_reason":"","alloc":"16-19 28-39"}}]}'
Sending '{"now":15.68862,"events":[{"timestamp":15.68862,"type":"EXECUTE_JOB","data":{"job_id":"db3eff!24","alloc":"16-19 24-35"}}]}'
Received '{"now":15.717893,"events":[{"timestamp":15.710088,"type":"JOB_COMPLETED","data":{"job_id":"db3eff!22","job_state":"COMPLETED_SUCCESSFULLY","return_code":0,"kill_reason":"","alloc":"0-15"}}]}'
Sending '{"now":15.717893,"events":[{"timestamp":15.717893,"type":"EXECUTE_JOB","data":{"job_id":"db3eff!25","alloc":"0-15"}}]}'
Received '{"now":15.923143,"events":[{"timestamp":15.923143,"type":"JOB_SUBMITTED","data":{"job_id":"db3eff!77","job":{"id":"db3eff!77","profile":"IS.S.4","res":4,"subtime":15.915341,"walltime":4200}}}]}'
Sending '{"now":15.923143,"events":[]}'
Received '{"now":15.942800,"events":[{"timestamp":15.942800,"type":"JOB_SUBMITTED","data":{"job_id":"db3eff!78","job":{"id":"db3eff!78","profile":"MG.S.16","res":16,"subtime":15.935002,"walltime":4200}}}]}'
Sending '{"now":15.9428,"events":[]}'
Received '{"now":15.958398,"events":[{"timestamp":15.958398,"type":"JOB_SUBMITTED","data":{"job_id":"db3eff!79","job":{"id":"db3eff!79","profile":"BT.S.16","res":16,"subtime":15.945578,"walltime":4200}}}]}'
Sending '{"now":15.958398,"events":[]}'
Received '{"now":15.986264,"events":[{"timestamp":15.986264,"type":"JOB_SUBMITTED","data":{"job_id":"db3eff!80","job":{"id":"db3eff!80","profile":"SP.S.16","res":16,"subtime":15.978463,"walltime":4200}}}]}'
Sending '{"now":15.986264,"events":[]}'
Received '{"now":16.313139,"events":[{"timestamp":16.313139,"type":"JOB_COMPLETED","data":{"job_id":"db3eff!63","job_state":"COMPLETED_SUCCESSFULLY","return_code":0,"kill_reason":"","alloc":"56-59"}}]}'
Sending '{"now":16.313139,"events":[{"timestamp":16.313139,"type":"EXECUTE_JOB","data":{"job_id":"db3eff!66","alloc":"56-59"}}]}'
Received '{"now":16.422086,"events":[{"timestamp":16.422086,"type":"JOB_SUBMITTED","data":{"job_id":"db3eff!81","job":{"id":"db3eff!81","profile":"BT.S.16","res":16,"subtime":16.414280,"walltime":4200}}}]}'
Sending '{"now":16.422086,"events":[]}'
Received '{"now":16.510244,"events":[{"timestamp":16.510244,"type":"JOB_SUBMITTED","data":{"job_id":"db3eff!82","job":{"id":"db3eff!82","profile":"SP.S.16","res":16,"subtime":16.502438,"walltime":4200}}}]}'
Sending '{"now":16.510244,"events":[]}'
Received '{"now":16.740972,"events":[{"timestamp":16.740972,"type":"JOB_SUBMITTED","data":{"job_id":"db3eff!83","job":{"id":"db3eff!83","profile":"SP.S.16","res":16,"subtime":16.733166,"walltime":4200}}}]}'
Sending '{"now":16.740972,"events":[]}'
Received '{"now":16.776934,"events":[{"timestamp":16.776934,"type":"JOB_COMPLETED","data":{"job_id":"db3eff!25","job_state":"COMPLETED_SUCCESSFULLY","return_code":0,"kill_reason":"","alloc":"0-15"}}]}'
Sending '{"now":16.776934,"events":[{"timestamp":16.776934,"type":"EXECUTE_JOB","data":{"job_id":"db3eff!26","alloc":"0-15"}}]}'
Received '{"now":16.814012,"events":[{"timestamp":16.784740,"type":"JOB_SUBMITTED","data":{"job_id":"db3eff!84","job":{"id":"db3eff!84","profile":"LU.S.4","res":4,"subtime":16.763890,"walltime":4200}}},{"timestamp":16.798400,"type":"JOB_COMPLETED","data":{"job_id":"db3eff!16","job_state":"COMPLETED_SUCCESSFULLY","return_code":0,"kill_reason":"","alloc":"20-23 40-51"}}]}'
Sending '{"now":16.814012,"events":[{"timestamp":16.814012,"type":"EXECUTE_JOB","data":{"job_id":"db3eff!27","alloc":"20-23 36-47"}},{"timestamp":16.814012,"type":"EXECUTE_JOB","data":{"job_id":"db3eff!68","alloc":"48-51"}}]}'
Received '{"now":16.927172,"events":[{"timestamp":16.927172,"type":"JOB_SUBMITTED","data":{"job_id":"db3eff!85","job":{"id":"db3eff!85","profile":"MG.S.4","res":4,"subtime":16.919366,"walltime":4200}}}]}'
Sending '{"now":16.927172,"events":[]}'
Received '{"now":16.943092,"events":[{"timestamp":16.943092,"type":"JOB_SUBMITTED","data":{"job_id":"db3eff!86","job":{"id":"db3eff!86","profile":"BT.S.16","res":16,"subtime":16.935286,"walltime":4200}}}]}'
Sending '{"now":16.943092,"events":[]}'
Received '{"now":17.089862,"events":[{"timestamp":17.089862,"type":"JOB_SUBMITTED","data":{"job_id":"db3eff!87","job":{"id":"db3eff!87","profile":"IS.S.16","res":16,"subtime":17.082056,"walltime":4200}}}]}'
Sending '{"now":17.089862,"events":[]}'
Received '{"now":17.210029,"events":[{"timestamp":17.210029,"type":"JOB_COMPLETED","data":{"job_id":"db3eff!24","job_state":"COMPLETED_SUCCESSFULLY","return_code":0,"kill_reason":"","alloc":"16-19 24-35"}}]}'
Sending '{"now":17.210029,"events":[{"timestamp":17.210029,"type":"EXECUTE_JOB","data":{"job_id":"db3eff!28","alloc":"16-19 24-35"}}]}'
Received '{"now":17.269875,"events":[{"timestamp":17.269875,"type":"JOB_SUBMITTED","data":{"job_id":"db3eff!88","job":{"id":"db3eff!88","profile":"MG.S.16","res":16,"subtime":17.262070,"walltime":4200}}}]}'
Sending '{"now":17.269875,"events":[]}'
Received '{"now":17.291389,"events":[{"timestamp":17.291389,"type":"JOB_COMPLETED","data":{"job_id":"db3eff!27","job_state":"COMPLETED_SUCCESSFULLY","return_code":0,"kill_reason":"","alloc":"20-23 36-47"}}]}'
Sending '{"now":17.291389,"events":[{"timestamp":17.291389,"type":"EXECUTE_JOB","data":{"job_id":"db3eff!31","alloc":"20-23 36-47"}}]}'
Received '{"now":17.314807,"events":[{"timestamp":17.314807,"type":"JOB_SUBMITTED","data":{"job_id":"db3eff!89","job":{"id":"db3eff!89","profile":"SP.S.4","res":4,"subtime":17.299983,"walltime":4200}}}]}'
Sending '{"now":17.314807,"events":[]}'
Received '{"now":17.330419,"events":[{"timestamp":17.322613,"type":"JOB_SUBMITTED","data":{"job_id":"db3eff!90","job":{"id":"db3eff!90","profile":"LU.S.4","res":4,"subtime":17.307765,"walltime":4200}}}]}'
Sending '{"now":17.330419,"events":[]}'
Received '{"now":17.434867,"events":[{"timestamp":17.434867,"type":"JOB_COMPLETED","data":{"job_id":"db3eff!66","job_state":"COMPLETED_SUCCESSFULLY","return_code":0,"kill_reason":"","alloc":"56-59"}}]}'
Sending '{"now":17.434867,"events":[{"timestamp":17.434867,"type":"EXECUTE_JOB","data":{"job_id":"db3eff!70","alloc":"56-59"}}]}'
Received '{"now":17.464140,"events":[{"timestamp":17.448528,"type":"JOB_COMPLETED","data":{"job_id":"db3eff!62","job_state":"COMPLETED_SUCCESSFULLY","return_code":0,"kill_reason":"","alloc":"52-55"}}]}'
Sending '{"now":17.46414,"events":[{"timestamp":17.46414,"type":"EXECUTE_JOB","data":{"job_id":"db3eff!71","alloc":"52-55"}}]}'
Received '{"now":17.487568,"events":[{"timestamp":17.487568,"type":"JOB_SUBMITTED","data":{"job_id":"db3eff!91","job":{"id":"db3eff!91","profile":"BT.S.16","res":16,"subtime":17.478933,"walltime":4200}}}]}'
Sending '{"now":17.487568,"events":[]}'
Received '{"now":17.526798,"events":[{"timestamp":17.526798,"type":"JOB_SUBMITTED","data":{"job_id":"db3eff!92","job":{"id":"db3eff!92","profile":"MG.S.4","res":4,"subtime":17.518992,"walltime":4200}}}]}'
Sending '{"now":17.526798,"events":[]}'
Received '{"now":17.757085,"events":[{"timestamp":17.757085,"type":"JOB_SUBMITTED","data":{"job_id":"db3eff!93","job":{"id":"db3eff!93","profile":"BT.S.4","res":4,"subtime":17.749279,"walltime":4200}}}]}'
Sending '{"now":17.757085,"events":[]}'
Received '{"now":17.857608,"events":[{"timestamp":17.857608,"type":"JOB_COMPLETED","data":{"job_id":"db3eff!26","job_state":"COMPLETED_SUCCESSFULLY","return_code":0,"kill_reason":"","alloc":"0-15"}}]}'
Sending '{"now":17.857608,"events":[{"timestamp":17.857608,"type":"EXECUTE_JOB","data":{"job_id":"db3eff!37","alloc":"0-15"}}]}'
Received '{"now":17.919773,"events":[{"timestamp":17.919773,"type":"JOB_COMPLETED","data":{"job_id":"db3eff!65","job_state":"COMPLETED_SUCCESSFULLY","return_code":0,"kill_reason":"","alloc":"60-63"}}]}'
Sending '{"now":17.919773,"events":[{"timestamp":17.919773,"type":"EXECUTE_JOB","data":{"job_id":"db3eff!72","alloc":"60-63"}}]}'
Received '{"now":18.045046,"events":[{"timestamp":18.045046,"type":"JOB_COMPLETED","data":{"job_id":"db3eff!72","job_state":"COMPLETED_SUCCESSFULLY","return_code":0,"kill_reason":"","alloc":"60-63"}}]}'
Sending '{"now":18.045046,"events":[{"timestamp":18.045046,"type":"EXECUTE_JOB","data":{"job_id":"db3eff!73","alloc":"60-63"}}]}'
Received '{"now":18.134028,"events":[{"timestamp":18.134028,"type":"JOB_COMPLETED","data":{"job_id":"db3eff!71","job_state":"COMPLETED_SUCCESSFULLY","return_code":0,"kill_reason":"","alloc":"52-55"}}]}'
Sending '{"now":18.134028,"events":[{"timestamp":18.134028,"type":"EXECUTE_JOB","data":{"job_id":"db3eff!74","alloc":"52-55"}}]}'
Received '{"now":18.157446,"events":[{"timestamp":18.141834,"type":"JOB_SUBMITTED","data":{"job_id":"db3eff!94","job":{"id":"db3eff!94","profile":"SP.S.16","res":16,"subtime":18.131301,"walltime":4200}}}]}'
Sending '{"now":18.157446,"events":[]}'
Received '{"now":18.377857,"events":[{"timestamp":18.377857,"type":"JOB_SUBMITTED","data":{"job_id":"db3eff!95","job":{"id":"db3eff!95","profile":"SP.S.4","res":4,"subtime":18.370066,"walltime":4200}}}]}'
Sending '{"now":18.377857,"events":[]}'
Received '{"now":18.424755,"events":[{"timestamp":18.424755,"type":"JOB_SUBMITTED","data":{"job_id":"db3eff!96","job":{"id":"db3eff!96","profile":"LU.S.16","res":16,"subtime":18.416957,"walltime":4200}}}]}'
Sending '{"now":18.424755,"events":[]}'
Received '{"now":18.488149,"events":[{"timestamp":18.488149,"type":"JOB_SUBMITTED","data":{"job_id":"db3eff!97","job":{"id":"db3eff!97","profile":"FT.S.4","res":4,"subtime":18.480348,"walltime":4200}}}]}'
Sending '{"now":18.488149,"events":[]}'
Received '{"now":18.503761,"events":[{"timestamp":18.503761,"type":"JOB_SUBMITTED","data":{"job_id":"db3eff!98","job":{"id":"db3eff!98","profile":"CG.S.16","res":16,"subtime":18.493253,"walltime":4200}}}]}'
Sending '{"now":18.503761,"events":[]}'
Received '{"now":18.569715,"events":[{"timestamp":18.569715,"type":"JOB_COMPLETED","data":{"job_id":"db3eff!70","job_state":"COMPLETED_SUCCESSFULLY","return_code":0,"kill_reason":"","alloc":"56-59"}}]}'
Sending '{"now":18.569715,"events":[{"timestamp":18.569715,"type":"EXECUTE_JOB","data":{"job_id":"db3eff!76","alloc":"56-59"}}]}'
Received '{"now":18.650887,"events":[{"timestamp":18.650887,"type":"JOB_SUBMITTED","data":{"job_id":"db3eff!99","job":{"id":"db3eff!99","profile":"MG.S.4","res":4,"subtime":18.643091,"walltime":4200}}}]}'
Sending '{"now":18.650887,"events":[]}'
Received '{"now":18.731314,"events":[{"timestamp":18.731314,"type":"JOB_COMPLETED","data":{"job_id":"db3eff!28","job_state":"COMPLETED_SUCCESSFULLY","return_code":0,"kill_reason":"","alloc":"16-19 24-35"}}]}'
Sending '{"now":18.731314,"events":[{"timestamp":18.731314,"type":"EXECUTE_JOB","data":{"job_id":"db3eff!38","alloc":"16-19 24-35"}}]}'
Received '{"now":18.760575,"events":[{"timestamp":18.752776,"type":"JOB_COMPLETED","data":{"job_id":"db3eff!76","job_state":"COMPLETED_SUCCESSFULLY","return_code":0,"kill_reason":"","alloc":"56-59"}}]}'
Sending '{"now":18.760575,"events":[{"timestamp":18.760575,"type":"EXECUTE_JOB","data":{"job_id":"db3eff!77","alloc":"56-59"}}]}'
Received '{"now":18.791796,"events":[{"timestamp":18.768381,"type":"JOB_SUBMITTED","data":{"job_id":"db3eff!100","job":{"id":"db3eff!100","profile":"CG.S.16","res":16,"subtime":18.759264,"walltime":4200}}}]}'
Sending '{"now":18.791796,"events":[]}'
Received '{"now":18.893619,"events":[{"timestamp":18.893619,"type":"JOB_COMPLETED","data":{"job_id":"db3eff!77","job_state":"COMPLETED_SUCCESSFULLY","return_code":0,"kill_reason":"","alloc":"56-59"}}]}'
Sending '{"now":18.893619,"events":[{"timestamp":18.893619,"type":"EXECUTE_JOB","data":{"job_id":"db3eff!84","alloc":"56-59"}}]}'
Received '{"now":18.922897,"events":[{"timestamp":18.922897,"type":"JOB_COMPLETED","data":{"job_id":"db3eff!37","job_state":"COMPLETED_SUCCESSFULLY","return_code":0,"kill_reason":"","alloc":"0-15"}}]}'
Sending '{"now":18.922897,"events":[{"timestamp":18.922897,"type":"EXECUTE_JOB","data":{"job_id":"db3eff!39","alloc":"0-15"}}]}'
Received '{"now":19.237633,"events":[{"timestamp":19.237633,"type":"JOB_COMPLETED","data":{"job_id":"db3eff!68","job_state":"COMPLETED_SUCCESSFULLY","return_code":0,"kill_reason":"","alloc":"48-51"}}]}'
Sending '{"now":19.237633,"events":[{"timestamp":19.237633,"type":"EXECUTE_JOB","data":{"job_id":"db3eff!85","alloc":"48-51"}}]}'
Received '{"now":19.453269,"events":[{"timestamp":19.453269,"type":"JOB_COMPLETED","data":{"job_id":"db3eff!74","job_state":"COMPLETED_SUCCESSFULLY","return_code":0,"kill_reason":"","alloc":"52-55"}}]}'
Sending '{"now":19.453269,"events":[{"timestamp":19.453269,"type":"EXECUTE_JOB","data":{"job_id":"db3eff!89","alloc":"52-55"}}]}'
Received '{"now":19.796863,"events":[{"timestamp":19.796863,"type":"JOB_COMPLETED","data":{"job_id":"db3eff!85","job_state":"COMPLETED_SUCCESSFULLY","return_code":0,"kill_reason":"","alloc":"48-51"}}]}'
Sending '{"now":19.796863,"events":[{"timestamp":19.796863,"type":"EXECUTE_JOB","data":{"job_id":"db3eff!90","alloc":"48-51"}}]}'
Received '{"now":20.460434,"events":[{"timestamp":20.460434,"type":"JOB_COMPLETED","data":{"job_id":"db3eff!73","job_state":"COMPLETED_SUCCESSFULLY","return_code":0,"kill_reason":"","alloc":"60-63"}}]}'
Sending '{"now":20.460434,"events":[{"timestamp":20.460434,"type":"EXECUTE_JOB","data":{"job_id":"db3eff!92","alloc":"60-63"}}]}'
Received '{"now":20.757232,"events":[{"timestamp":20.757232,"type":"JOB_COMPLETED","data":{"job_id":"db3eff!89","job_state":"COMPLETED_SUCCESSFULLY","return_code":0,"kill_reason":"","alloc":"52-55"}}]}'
Sending '{"now":20.757232,"events":[{"timestamp":20.757232,"type":"EXECUTE_JOB","data":{"job_id":"db3eff!93","alloc":"52-55"}}]}'
Received '{"now":21.019699,"events":[{"timestamp":21.019699,"type":"JOB_COMPLETED","data":{"job_id":"db3eff!92","job_state":"COMPLETED_SUCCESSFULLY","return_code":0,"kill_reason":"","alloc":"60-63"}}]}'
Sending '{"now":21.019699,"events":[{"timestamp":21.019699,"type":"EXECUTE_JOB","data":{"job_id":"db3eff!95","alloc":"60-63"}}]}'
Received '{"now":21.309212,"events":[{"timestamp":21.309212,"type":"JOB_COMPLETED","data":{"job_id":"db3eff!84","job_state":"COMPLETED_SUCCESSFULLY","return_code":0,"kill_reason":"","alloc":"56-59"}}]}'
Sending '{"now":21.309212,"events":[{"timestamp":21.309212,"type":"EXECUTE_JOB","data":{"job_id":"db3eff!97","alloc":"56-59"}}]}'
Received '{"now":21.427116,"events":[{"timestamp":21.427116,"type":"JOB_COMPLETED","data":{"job_id":"db3eff!93","job_state":"COMPLETED_SUCCESSFULLY","return_code":0,"kill_reason":"","alloc":"52-55"}}]}'
Sending '{"now":21.427116,"events":[{"timestamp":21.427116,"type":"EXECUTE_JOB","data":{"job_id":"db3eff!99","alloc":"52-55"}}]}'
Received '{"now":21.488312,"events":[{"timestamp":21.488312,"type":"JOB_COMPLETED","data":{"job_id":"db3eff!97","job_state":"COMPLETED_SUCCESSFULLY","return_code":0,"kill_reason":"","alloc":"56-59"}}]}'
Sending '{"now":21.488312,"events":[]}'
Received '{"now":21.986428,"events":[{"timestamp":21.986428,"type":"JOB_COMPLETED","data":{"job_id":"db3eff!99","job_state":"COMPLETED_SUCCESSFULLY","return_code":0,"kill_reason":"","alloc":"52-55"}}]}'
Sending '{"now":21.986428,"events":[]}'
Received '{"now":22.212540,"events":[{"timestamp":22.212540,"type":"JOB_COMPLETED","data":{"job_id":"db3eff!90","job_state":"COMPLETED_SUCCESSFULLY","return_code":0,"kill_reason":"","alloc":"48-51"}}]}'
Sending '{"now":22.21254,"events":[]}'
Received '{"now":22.329448,"events":[{"timestamp":22.329448,"type":"JOB_COMPLETED","data":{"job_id":"db3eff!95","job_state":"COMPLETED_SUCCESSFULLY","return_code":0,"kill_reason":"","alloc":"60-63"}}]}'
Sending '{"now":22.329448,"events":[{"timestamp":22.329448,"type":"EXECUTE_JOB","data":{"job_id":"db3eff!41","alloc":"48-63"}}]}'
Received '{"now":22.503624,"events":[{"timestamp":22.503624,"type":"JOB_COMPLETED","data":{"job_id":"db3eff!39","job_state":"COMPLETED_SUCCESSFULLY","return_code":0,"kill_reason":"","alloc":"0-15"}}]}'
Sending '{"now":22.503624,"events":[{"timestamp":22.503624,"type":"EXECUTE_JOB","data":{"job_id":"db3eff!42","alloc":"0-15"}}]}'
Received '{"now":22.588124,"events":[{"timestamp":22.588124,"type":"JOB_COMPLETED","data":{"job_id":"db3eff!38","job_state":"COMPLETED_SUCCESSFULLY","return_code":0,"kill_reason":"","alloc":"16-19 24-35"}}]}'
Sending '{"now":22.588124,"events":[{"timestamp":22.588124,"type":"EXECUTE_JOB","data":{"job_id":"db3eff!43","alloc":"16-19 24-35"}}]}'
Received '{"now":22.688752,"events":[{"timestamp":22.688752,"type":"JOB_COMPLETED","data":{"job_id":"db3eff!42","job_state":"COMPLETED_SUCCESSFULLY","return_code":0,"kill_reason":"","alloc":"0-15"}}]}'
Sending '{"now":22.688752,"events":[{"timestamp":22.688752,"type":"EXECUTE_JOB","data":{"job_id":"db3eff!45","alloc":"0-15"}}]}'
Received '{"now":22.873874,"events":[{"timestamp":22.873874,"type":"JOB_COMPLETED","data":{"job_id":"db3eff!45","job_state":"COMPLETED_SUCCESSFULLY","return_code":0,"kill_reason":"","alloc":"0-15"}}]}'
Sending '{"now":22.873874,"events":[{"timestamp":22.873874,"type":"EXECUTE_JOB","data":{"job_id":"db3eff!46","alloc":"0-15"}}]}'
Received '{"now":23.196696,"events":[{"timestamp":23.196696,"type":"JOB_COMPLETED","data":{"job_id":"db3eff!46","job_state":"COMPLETED_SUCCESSFULLY","return_code":0,"kill_reason":"","alloc":"0-15"}}]}'
Sending '{"now":23.196696,"events":[{"timestamp":23.196696,"type":"EXECUTE_JOB","data":{"job_id":"db3eff!48","alloc":"0-15"}}]}'
Received '{"now":23.381768,"events":[{"timestamp":23.381768,"type":"JOB_COMPLETED","data":{"job_id":"db3eff!48","job_state":"COMPLETED_SUCCESSFULLY","return_code":0,"kill_reason":"","alloc":"0-15"}}]}'
Sending '{"now":23.381768,"events":[{"timestamp":23.381768,"type":"EXECUTE_JOB","data":{"job_id":"db3eff!50","alloc":"0-15"}}]}'
Received '{"now":23.632115,"events":[{"timestamp":23.632115,"type":"JOB_COMPLETED","data":{"job_id":"db3eff!31","job_state":"COMPLETED_SUCCESSFULLY","return_code":0,"kill_reason":"","alloc":"20-23 36-47"}}]}'
Sending '{"now":23.632115,"events":[{"timestamp":23.632115,"type":"EXECUTE_JOB","data":{"job_id":"db3eff!51","alloc":"20-23 36-47"}}]}'
Received '{"now":23.915494,"events":[{"timestamp":23.915494,"type":"JOB_COMPLETED","data":{"job_id":"db3eff!51","job_state":"COMPLETED_SUCCESSFULLY","return_code":0,"kill_reason":"","alloc":"20-23 36-47"}}]}'
Sending '{"now":23.915494,"events":[{"timestamp":23.915494,"type":"EXECUTE_JOB","data":{"job_id":"db3eff!52","alloc":"20-23 36-47"}}]}'
Received '{"now":27.430776,"events":[{"timestamp":27.430776,"type":"JOB_COMPLETED","data":{"job_id":"db3eff!52","job_state":"COMPLETED_SUCCESSFULLY","return_code":0,"kill_reason":"","alloc":"20-23 36-47"}}]}'
Sending '{"now":27.430776,"events":[{"timestamp":27.430776,"type":"EXECUTE_JOB","data":{"job_id":"db3eff!53","alloc":"20-23 36-47"}}]}'
Received '{"now":28.139278,"events":[{"timestamp":28.139278,"type":"JOB_COMPLETED","data":{"job_id":"db3eff!41","job_state":"COMPLETED_SUCCESSFULLY","return_code":0,"kill_reason":"","alloc":"48-63"}}]}'
Sending '{"now":28.139278,"events":[{"timestamp":28.139278,"type":"EXECUTE_JOB","data":{"job_id":"db3eff!56","alloc":"48-63"}}]}'
Received '{"now":28.519224,"events":[{"timestamp":28.519224,"type":"JOB_COMPLETED","data":{"job_id":"db3eff!43","job_state":"COMPLETED_SUCCESSFULLY","return_code":0,"kill_reason":"","alloc":"16-19 24-35"}}]}'
Sending '{"now":28.519224,"events":[{"timestamp":28.519224,"type":"EXECUTE_JOB","data":{"job_id":"db3eff!58","alloc":"16-19 24-35"}}]}'
Received '{"now":28.757752,"events":[{"timestamp":28.757752,"type":"JOB_COMPLETED","data":{"job_id":"db3eff!58","job_state":"COMPLETED_SUCCESSFULLY","return_code":0,"kill_reason":"","alloc":"16-19 24-35"}}]}'
Sending '{"now":28.757752,"events":[{"timestamp":28.757752,"type":"EXECUTE_JOB","data":{"job_id":"db3eff!59","alloc":"16-19 24-35"}}]}'
Received '{"now":29.090579,"events":[{"timestamp":29.090579,"type":"JOB_COMPLETED","data":{"job_id":"db3eff!53","job_state":"COMPLETED_SUCCESSFULLY","return_code":0,"kill_reason":"","alloc":"20-23 36-47"}}]}'
Sending '{"now":29.090579,"events":[{"timestamp":29.090579,"type":"EXECUTE_JOB","data":{"job_id":"db3eff!60","alloc":"20-23 36-47"}}]}'
Received '{"now":29.187471,"events":[{"timestamp":29.187471,"type":"JOB_COMPLETED","data":{"job_id":"db3eff!50","job_state":"COMPLETED_SUCCESSFULLY","return_code":0,"kill_reason":"","alloc":"0-15"}}]}'
Sending '{"now":29.187471,"events":[{"timestamp":29.187471,"type":"EXECUTE_JOB","data":{"job_id":"db3eff!61","alloc":"0-15"}}]}'
Received '{"now":31.719889,"events":[{"timestamp":31.719889,"type":"JOB_COMPLETED","data":{"job_id":"db3eff!56","job_state":"COMPLETED_SUCCESSFULLY","return_code":0,"kill_reason":"","alloc":"48-63"}}]}'
Sending '{"now":31.719889,"events":[{"timestamp":31.719889,"type":"EXECUTE_JOB","data":{"job_id":"db3eff!64","alloc":"48-63"}}]}'
Received '{"now":31.986661,"events":[{"timestamp":31.986661,"type":"JOB_COMPLETED","data":{"job_id":"db3eff!59","job_state":"COMPLETED_SUCCESSFULLY","return_code":0,"kill_reason":"","alloc":"16-19 24-35"}}]}'
Sending '{"now":31.986661,"events":[{"timestamp":31.986661,"type":"EXECUTE_JOB","data":{"job_id":"db3eff!67","alloc":"16-19 24-35"}}]}'
Received '{"now":33.221669,"events":[{"timestamp":33.221669,"type":"JOB_COMPLETED","data":{"job_id":"db3eff!60","job_state":"COMPLETED_SUCCESSFULLY","return_code":0,"kill_reason":"","alloc":"20-23 36-47"}}]}'
Sending '{"now":33.221669,"events":[{"timestamp":33.221669,"type":"EXECUTE_JOB","data":{"job_id":"db3eff!69","alloc":"20-23 36-47"}}]}'
Received '{"now":34.887868,"events":[{"timestamp":34.887868,"type":"JOB_COMPLETED","data":{"job_id":"db3eff!64","job_state":"COMPLETED_SUCCESSFULLY","return_code":0,"kill_reason":"","alloc":"48-63"}}]}'
Sending '{"now":34.887868,"events":[{"timestamp":34.887868,"type":"EXECUTE_JOB","data":{"job_id":"db3eff!75","alloc":"48-63"}}]}'
Received '{"now":35.021796,"events":[{"timestamp":35.021796,"type":"JOB_COMPLETED","data":{"job_id":"db3eff!61","job_state":"COMPLETED_SUCCESSFULLY","return_code":0,"kill_reason":"","alloc":"0-15"}}]}'
Sending '{"now":35.021796,"events":[{"timestamp":35.021796,"type":"EXECUTE_JOB","data":{"job_id":"db3eff!78","alloc":"0-15"}}]}'
Received '{"now":36.081494,"events":[{"timestamp":36.081494,"type":"JOB_COMPLETED","data":{"job_id":"db3eff!78","job_state":"COMPLETED_SUCCESSFULLY","return_code":0,"kill_reason":"","alloc":"0-15"}}]}'
Sending '{"now":36.081494,"events":[{"timestamp":36.081494,"type":"EXECUTE_JOB","data":{"job_id":"db3eff!79","alloc":"0-15"}}]}'
Received '{"now":37.948593,"events":[{"timestamp":37.948593,"type":"JOB_COMPLETED","data":{"job_id":"db3eff!67","job_state":"COMPLETED_SUCCESSFULLY","return_code":0,"kill_reason":"","alloc":"16-19 24-35"}}]}'
Sending '{"now":37.948593,"events":[{"timestamp":37.948593,"type":"EXECUTE_JOB","data":{"job_id":"db3eff!80","alloc":"16-19 24-35"}}]}'
Received '{"now":39.248900,"events":[{"timestamp":39.248900,"type":"JOB_COMPLETED","data":{"job_id":"db3eff!79","job_state":"COMPLETED_SUCCESSFULLY","return_code":0,"kill_reason":"","alloc":"0-15"}}]}'
Sending '{"now":39.2489,"events":[{"timestamp":39.2489,"type":"EXECUTE_JOB","data":{"job_id":"db3eff!81","alloc":"0-15"}}]}'
Received '{"now":39.309860,"events":[{"timestamp":39.309860,"type":"JOB_COMPLETED","data":{"job_id":"db3eff!69","job_state":"COMPLETED_SUCCESSFULLY","return_code":0,"kill_reason":"","alloc":"20-23 36-47"}}]}'
Sending '{"now":39.30986,"events":[{"timestamp":39.30986,"type":"EXECUTE_JOB","data":{"job_id":"db3eff!82","alloc":"20-23 36-47"}}]}'
Received '{"now":41.064667,"events":[{"timestamp":41.064667,"type":"JOB_COMPLETED","data":{"job_id":"db3eff!75","job_state":"COMPLETED_SUCCESSFULLY","return_code":0,"kill_reason":"","alloc":"48-63"}}]}'
Sending '{"now":41.064667,"events":[{"timestamp":41.064667,"type":"EXECUTE_JOB","data":{"job_id":"db3eff!83","alloc":"48-63"}}]}'
Received '{"now":42.416585,"events":[{"timestamp":42.416585,"type":"JOB_COMPLETED","data":{"job_id":"db3eff!81","job_state":"COMPLETED_SUCCESSFULLY","return_code":0,"kill_reason":"","alloc":"0-15"}}]}'
Sending '{"now":42.416585,"events":[{"timestamp":42.416585,"type":"EXECUTE_JOB","data":{"job_id":"db3eff!86","alloc":"0-15"}}]}'
Received '{"now":43.900989,"events":[{"timestamp":43.900989,"type":"JOB_COMPLETED","data":{"job_id":"db3eff!80","job_state":"COMPLETED_SUCCESSFULLY","return_code":0,"kill_reason":"","alloc":"16-19 24-35"}}]}'
Sending '{"now":43.900989,"events":[{"timestamp":43.900989,"type":"EXECUTE_JOB","data":{"job_id":"db3eff!87","alloc":"16-19 24-35"}}]}'
Received '{"now":44.139412,"events":[{"timestamp":44.139412,"type":"JOB_COMPLETED","data":{"job_id":"db3eff!87","job_state":"COMPLETED_SUCCESSFULLY","return_code":0,"kill_reason":"","alloc":"16-19 24-35"}}]}'
Sending '{"now":44.139412,"events":[{"timestamp":44.139412,"type":"EXECUTE_JOB","data":{"job_id":"db3eff!88","alloc":"16-19 24-35"}}]}'
Received '{"now":45.583744,"events":[{"timestamp":45.583744,"type":"JOB_COMPLETED","data":{"job_id":"db3eff!86","job_state":"COMPLETED_SUCCESSFULLY","return_code":0,"kill_reason":"","alloc":"0-15"}}]}'
Sending '{"now":45.583744,"events":[{"timestamp":45.583744,"type":"EXECUTE_JOB","data":{"job_id":"db3eff!91","alloc":"0-15"}}]}'
Received '{"now":45.660389,"events":[{"timestamp":45.660389,"type":"JOB_COMPLETED","data":{"job_id":"db3eff!88","job_state":"COMPLETED_SUCCESSFULLY","return_code":0,"kill_reason":"","alloc":"16-19 24-35"}}]}'
Sending '{"now":45.660389,"events":[{"timestamp":45.660389,"type":"EXECUTE_JOB","data":{"job_id":"db3eff!94","alloc":"16-19 24-35"}}]}'
Received '{"now":45.689649,"events":[{"timestamp":45.674043,"type":"JOB_COMPLETED","data":{"job_id":"db3eff!82","job_state":"COMPLETED_SUCCESSFULLY","return_code":0,"kill_reason":"","alloc":"20-23 36-47"}}]}'
Sending '{"now":45.689649,"events":[{"timestamp":45.689649,"type":"EXECUTE_JOB","data":{"job_id":"db3eff!96","alloc":"20-23 36-47"}}]}'
Received '{"now":46.880203,"events":[{"timestamp":46.880203,"type":"JOB_COMPLETED","data":{"job_id":"db3eff!83","job_state":"COMPLETED_SUCCESSFULLY","return_code":0,"kill_reason":"","alloc":"48-63"}}]}'
Sending '{"now":46.880203,"events":[{"timestamp":46.880203,"type":"EXECUTE_JOB","data":{"job_id":"db3eff!98","alloc":"48-63"}}]}'
Received '{"now":48.751831,"events":[{"timestamp":48.751831,"type":"JOB_COMPLETED","data":{"job_id":"db3eff!91","job_state":"COMPLETED_SUCCESSFULLY","return_code":0,"kill_reason":"","alloc":"0-15"}}]}'
Sending '{"now":48.751831,"events":[{"timestamp":48.751831,"type":"EXECUTE_JOB","data":{"job_id":"db3eff!100","alloc":"0-15"}}]}'
Received '{"now":50.460572,"events":[{"timestamp":50.460572,"type":"JOB_COMPLETED","data":{"job_id":"db3eff!98","job_state":"COMPLETED_SUCCESSFULLY","return_code":0,"kill_reason":"","alloc":"48-63"}}]}'
Sending '{"now":50.460572,"events":[]}'
Received '{"now":51.671439,"events":[{"timestamp":51.671439,"type":"JOB_COMPLETED","data":{"job_id":"db3eff!94","job_state":"COMPLETED_SUCCESSFULLY","return_code":0,"kill_reason":"","alloc":"16-19 24-35"}}]}'
Sending '{"now":51.671439,"events":[]}'
Received '{"now":51.776218,"events":[{"timestamp":51.776218,"type":"JOB_COMPLETED","data":{"job_id":"db3eff!96","job_state":"COMPLETED_SUCCESSFULLY","return_code":0,"kill_reason":"","alloc":"20-23 36-47"}}]}'
Sending '{"now":51.776218,"events":[]}'
Received '{"now":52.333279,"events":[{"timestamp":52.333279,"type":"JOB_COMPLETED","data":{"job_id":"db3eff!100","job_state":"COMPLETED_SUCCESSFULLY","return_code":0,"kill_reason":"","alloc":"0-15"}},{"timestamp":52.333279,"type":"SIMULATION_ENDS","data":{}}]}'
Sending '{"now":52.333279,"events":[]}'
