variant_options = '{"custom_mapping": true}'
Received '{"now":0.000000,"events":[{"timestamp":0.000000,"type":"SIMULATION_BEGINS","data":{"nb_resources":64,"allow_time_sharing":false,"config":{"redis":{"enabled":false,"hostname":"127.0.0.1","port":6379,"prefix":"default"},"job_submission":{"forward_profiles":false,"from_scheduler":{"enabled":false,"acknowledge":true}}},"resources_data":[{"id":0,"name":"node-0.simgrid.org","state":"idle","properties":{}},{"id":1,"name":"node-1.simgrid.org","state":"idle","properties":{}},{"id":2,"name":"node-2.simgrid.org","state":"idle","properties":{}},{"id":3,"name":"node-3.simgrid.org","state":"idle","properties":{}},{"id":4,"name":"node-4.simgrid.org","state":"idle","properties":{}},{"id":5,"name":"node-5.simgrid.org","state":"idle","properties":{}},{"id":6,"name":"node-6.simgrid.org","state":"idle","properties":{}},{"id":7,"name":"node-7.simgrid.org","state":"idle","properties":{}},{"id":8,"name":"node-8.simgrid.org","state":"idle","properties":{}},{"id":9,"name":"node-9.simgrid.org","state":"idle","properties":{}},{"id":10,"name":"node-10.simgrid.org","state":"idle","properties":{}},{"id":11,"name":"node-11.simgrid.org","state":"idle","properties":{}},{"id":12,"name":"node-12.simgrid.org","state":"idle","properties":{}},{"id":13,"name":"node-13.simgrid.org","state":"idle","properties":{}},{"id":14,"name":"node-14.simgrid.org","state":"idle","properties":{}},{"id":15,"name":"node-15.simgrid.org","state":"idle","properties":{}},{"id":16,"name":"node-16.simgrid.org","state":"idle","properties":{}},{"id":17,"name":"node-17.simgrid.org","state":"idle","properties":{}},{"id":18,"name":"node-18.simgrid.org","state":"idle","properties":{}},{"id":19,"name":"node-19.simgrid.org","state":"idle","properties":{}},{"id":20,"name":"node-20.simgrid.org","state":"idle","properties":{}},{"id":21,"name":"node-21.simgrid.org","state":"idle","properties":{}},{"id":22,"name":"node-22.simgrid.org","state":"idle","properties":{}},{"id":23,"name":"node-23.simgrid.org","state":"idle","properties":{}},{"id":24,"name":"node-24.simgrid.org","state":"idle","properties":{}},{"id":25,"name":"node-25.simgrid.org","state":"idle","properties":{}},{"id":26,"name":"node-26.simgrid.org","state":"idle","properties":{}},{"id":27,"name":"node-27.simgrid.org","state":"idle","properties":{}},{"id":28,"name":"node-28.simgrid.org","state":"idle","properties":{}},{"id":29,"name":"node-29.simgrid.org","state":"idle","properties":{}},{"id":30,"name":"node-30.simgrid.org","state":"idle","properties":{}},{"id":31,"name":"node-31.simgrid.org","state":"idle","properties":{}},{"id":32,"name":"node-32.simgrid.org","state":"idle","properties":{}},{"id":33,"name":"node-33.simgrid.org","state":"idle","properties":{}},{"id":34,"name":"node-34.simgrid.org","state":"idle","properties":{}},{"id":35,"name":"node-35.simgrid.org","state":"idle","properties":{}},{"id":36,"name":"node-36.simgrid.org","state":"idle","properties":{}},{"id":37,"name":"node-37.simgrid.org","state":"idle","properties":{}},{"id":38,"name":"node-38.simgrid.org","state":"idle","properties":{}},{"id":39,"name":"node-39.simgrid.org","state":"idle","properties":{}},{"id":40,"name":"node-40.simgrid.org","state":"idle","properties":{}},{"id":41,"name":"node-41.simgrid.org","state":"idle","properties":{}},{"id":42,"name":"node-42.simgrid.org","state":"idle","properties":{}},{"id":43,"name":"node-43.simgrid.org","state":"idle","properties":{}},{"id":44,"name":"node-44.simgrid.org","state":"idle","properties":{}},{"id":45,"name":"node-45.simgrid.org","state":"idle","properties":{}},{"id":46,"name":"node-46.simgrid.org","state":"idle","properties":{}},{"id":47,"name":"node-47.simgrid.org","state":"idle","properties":{}},{"id":48,"name":"node-48.simgrid.org","state":"idle","properties":{}},{"id":49,"name":"node-49.simgrid.org","state":"idle","properties":{}},{"id":50,"name":"node-50.simgrid.org","state":"idle","properties":{}},{"id":51,"name":"node-51.simgrid.org","state":"idle","properties":{}},{"id":52,"name":"node-52.simgrid.org","state":"idle","properties":{}},{"id":53,"name":"node-53.simgrid.org","state":"idle","properties":{}},{"id":54,"name":"node-54.simgrid.org","state":"idle","properties":{}},{"id":55,"name":"node-55.simgrid.org","state":"idle","properties":{}},{"id":56,"name":"node-56.simgrid.org","state":"idle","properties":{}},{"id":57,"name":"node-57.simgrid.org","state":"idle","properties":{}},{"id":58,"name":"node-58.simgrid.org","state":"idle","properties":{}},{"id":59,"name":"node-59.simgrid.org","state":"idle","properties":{}},{"id":60,"name":"node-60.simgrid.org","state":"idle","properties":{}},{"id":61,"name":"node-61.simgrid.org","state":"idle","properties":{}},{"id":62,"name":"node-62.simgrid.org","state":"idle","properties":{}},{"id":63,"name":"node-63.simgrid.org","state":"idle","properties":{}}],"workloads":{"db3eff":"/github-simgrid/190311/../batsim-v2.0.0/workload_profiles/npb_100_jobs.json"}}}]}'
Sending '{"now":0.0,"events":[]}'
Received '{"now":0.900782,"events":[{"timestamp":0.900782,"type":"JOB_SUBMITTED","data":{"job_id":"db3eff!1","job":{"id":"db3eff!1","profile":"IS.S.4","res":4,"subtime":0.892976,"walltime":4200}}}]}'
Sending '{"now":0.900782,"events":[{"timestamp":0.900782,"type":"EXECUTE_JOB","data":{"job_id":"db3eff!1","alloc":"0-3"}}]}'
Received '{"now":1.026137,"events":[{"timestamp":1.026137,"type":"JOB_COMPLETED","data":{"job_id":"db3eff!1","job_state":"COMPLETED_SUCCESSFULLY","return_code":0,"kill_reason":"","alloc":"0-3"}}]}'
Sending '{"now":1.026137,"events":[]}'
Received '{"now":1.201902,"events":[{"timestamp":1.201902,"type":"JOB_SUBMITTED","data":{"job_id":"db3eff!2","job":{"id":"db3eff!2","profile":"BT.S.4","res":4,"subtime":1.194096,"walltime":4200}}}]}'
Sending '{"now":1.201902,"events":[{"timestamp":1.201902,"type":"EXECUTE_JOB","data":{"job_id":"db3eff!2","alloc":"0-3"}}]}'
Received '{"now":1.443863,"events":[{"timestamp":1.443863,"type":"JOB_SUBMITTED","data":{"job_id":"db3eff!3","job":{"id":"db3eff!3","profile":"FT.S.16","res":16,"subtime":1.436057,"walltime":4200}}}]}'
Sending '{"now":1.443863,"events":[{"timestamp":1.443863,"type":"EXECUTE_JOB","data":{"job_id":"db3eff!3","alloc":"4-19"}}]}'
Received '{"now":1.467281,"events":[{"timestamp":1.459475,"type":"JOB_SUBMITTED","data":{"job_id":"db3eff!4","job":{"id":"db3eff!4","profile":"SP.S.16","res":16,"subtime":1.449538,"walltime":4200}}}]}'
Sending '{"now":1.467281,"events":[{"timestamp":1.459475,"type":"EXECUTE_JOB","data":{"job_id":"db3eff!4","alloc":"20-35"}}]}'
Received '{"now":1.530460,"events":[{"timestamp":1.530460,"type":"JOB_SUBMITTED","data":{"job_id":"db3eff!5","job":{"id":"db3eff!5","profile":"SP.S.16","res":16,"subtime":1.522654,"walltime":4200}}}]}'
Sending '{"now":1.53046,"events":[{"timestamp":1.53046,"type":"EXECUTE_JOB","data":{"job_id":"db3eff!5","alloc":"36-51"}}]}'
Received '{"now":1.815476,"events":[{"timestamp":1.815476,"type":"JOB_COMPLETED","data":{"job_id":"db3eff!3","job_state":"COMPLETED_SUCCESSFULLY","return_code":0,"kill_reason":"","alloc":"4-19"}}]}'
Sending '{"now":1.815476,"events":[]}'
Received '{"now":1.872294,"events":[{"timestamp":1.872294,"type":"JOB_COMPLETED","data":{"job_id":"db3eff!2","job_state":"COMPLETED_SUCCESSFULLY","return_code":0,"kill_reason":"","alloc":"0-3"}}]}'
Sending '{"now":1.872294,"events":[]}'
Received '{"now":1.887914,"events":[{"timestamp":1.887914,"type":"JOB_SUBMITTED","data":{"job_id":"db3eff!6","job":{"id":"db3eff!6","profile":"MG.S.16","res":16,"subtime":1.876677,"walltime":4200}}}]}'
Sending '{"now":1.887914,"events":[{"timestamp":1.887914,"type":"EXECUTE_JOB","data":{"job_id":"db3eff!6","alloc":"0-15"}}]}'
Received '{"now":1.911337,"events":[{"timestamp":1.903532,"type":"JOB_SUBMITTED","data":{"job_id":"db3eff!7","job":{"id":"db3eff!7","profile":"CG.S.4","res":4,"subtime":1.891457,"walltime":4200}}}]}'
Sending '{"now":1.911337,"events":[{"timestamp":1.903532,"type":"EXECUTE_JOB","data":{"job_id":"db3eff!7","alloc":"16-19"}}]}'
Received '{"now":2.071719,"events":[{"timestamp":2.071719,"type":"JOB_SUBMITTED","data":{"job_id":"db3eff!8","job":{"id":"db3eff!8","profile":"MG.S.4","res":4,"subtime":2.063913,"walltime":4200}}}]}'
Sending '{"now":2.071719,"events":[{"timestamp":2.071719,"type":"EXECUTE_JOB","data":{"job_id":"db3eff!8","alloc":"52-55"}}]}'
Received '{"now":2.095778,"events":[{"timestamp":2.095778,"type":"JOB_SUBMITTED","data":{"job_id":"db3eff!9","job":{"id":"db3eff!9","profile":"IS.S.16","res":16,"subtime":2.087987,"walltime":4200}}}]}'
Sending '{"now":2.095778,"events":[]}'
Received '{"now":2.307818,"events":[{"timestamp":2.307818,"type":"JOB_SUBMITTED","data":{"job_id":"db3eff!10","job":{"id":"db3eff!10","profile":"FT.S.16","res":16,"subtime":2.300012,"walltime":4200}}}]}'
Sending '{"now":2.307818,"events":[]}'
Received '{"now":2.545147,"events":[{"timestamp":2.545147,"type":"JOB_SUBMITTED","data":{"job_id":"db3eff!11","job":{"id":"db3eff!11","profile":"BT.S.16","res":16,"subtime":2.537341,"walltime":4200}}}]}'
Sending '{"now":2.545147,"events":[]}'
Received '{"now":2.630987,"events":[{"timestamp":2.630987,"type":"JOB_COMPLETED","data":{"job_id":"db3eff!8","job_state":"COMPLETED_SUCCESSFULLY","return_code":0,"kill_reason":"","alloc":"52-55"}}]}'
Sending '{"now":2.630987,"events":[]}'
Received '{"now":2.759995,"events":[{"timestamp":2.759995,"type":"JOB_SUBMITTED","data":{"job_id":"db3eff!12","job":{"id":"db3eff!12","profile":"SP.S.16","res":16,"subtime":2.752196,"walltime":4200}}}]}'
Sending '{"now":2.759995,"events":[]}'
Received '{"now":2.939465,"events":[{"timestamp":2.939465,"type":"JOB_SUBMITTED","data":{"job_id":"db3eff!13","job":{"id":"db3eff!13","profile":"CG.S.16","res":16,"subtime":2.931663,"walltime":4200}}}]}'
Sending '{"now":2.939465,"events":[]}'
Received '{"now":2.960919,"events":[{"timestamp":2.953118,"type":"JOB_COMPLETED","data":{"job_id":"db3eff!6","job_state":"COMPLETED_SUCCESSFULLY","return_code":0,"kill_reason":"","alloc":"0-15"}}]}'
Sending '{"now":2.960919,"events":[{"timestamp":2.960919,"type":"EXECUTE_JOB","data":{"job_id":"db3eff!9","alloc":"0-15"}}]}'
Received '{"now":3.032421,"events":[{"timestamp":3.032421,"type":"JOB_COMPLETED","data":{"job_id":"db3eff!7","job_state":"COMPLETED_SUCCESSFULLY","return_code":0,"kill_reason":"","alloc":"16-19"}}]}'
Sending '{"now":3.032421,"events":[]}'
Received '{"now":3.126902,"events":[{"timestamp":3.126902,"type":"JOB_SUBMITTED","data":{"job_id":"db3eff!14","job":{"id":"db3eff!14","profile":"FT.S.4","res":4,"subtime":3.119096,"walltime":4200}}}]}'
Sending '{"now":3.126902,"events":[{"timestamp":3.126902,"type":"EXECUTE_JOB","data":{"job_id":"db3eff!14","alloc":"52-55"}}]}'
Received '{"now":3.156175,"events":[{"timestamp":3.148369,"type":"JOB_COMPLETED","data":{"job_id":"db3eff!9","job_state":"COMPLETED_SUCCESSFULLY","return_code":0,"kill_reason":"","alloc":"0-15"}}]}'
Sending '{"now":3.156175,"events":[{"timestamp":3.156175,"type":"EXECUTE_JOB","data":{"job_id":"db3eff!10","alloc":"0-15"}}]}'
Received '{"now":3.306574,"events":[{"timestamp":3.306574,"type":"JOB_COMPLETED","data":{"job_id":"db3eff!14","job_state":"COMPLETED_SUCCESSFULLY","return_code":0,"kill_reason":"","alloc":"52-55"}}]}'
Sending '{"now":3.306574,"events":[]}'
Received '{"now":3.340735,"events":[{"timestamp":3.340735,"type":"JOB_SUBMITTED","data":{"job_id":"db3eff!15","job":{"id":"db3eff!15","profile":"CG.S.16","res":16,"subtime":3.332929,"walltime":4200}}}]}'
Sending '{"now":3.340735,"events":[]}'
Received '{"now":3.478942,"events":[{"timestamp":3.478942,"type":"JOB_COMPLETED","data":{"job_id":"db3eff!10","job_state":"COMPLETED_SUCCESSFULLY","return_code":0,"kill_reason":"","alloc":"0-15"}}]}'
Sending '{"now":3.478942,"events":[{"timestamp":3.478942,"type":"EXECUTE_JOB","data":{"job_id":"db3eff!11","alloc":"0-15"}}]}'
Received '{"now":3.522115,"events":[{"timestamp":3.522115,"type":"JOB_SUBMITTED","data":{"job_id":"db3eff!16","job":{"id":"db3eff!16","profile":"SP.S.16","res":16,"subtime":3.514318,"walltime":4200}}}]}'
Sending '{"now":3.522115,"events":[]}'
Received '{"now":3.581557,"events":[{"timestamp":3.581557,"type":"JOB_SUBMITTED","data":{"job_id":"db3eff!17","job":{"id":"db3eff!17","profile":"SP.S.4","res":4,"subtime":3.573752,"walltime":4200}}}]}'
Sending '{"now":3.581557,"events":[{"timestamp":3.581557,"type":"EXECUTE_JOB","data":{"job_id":"db3eff!17","alloc":"52-55"}}]}'
Received '{"now":3.678297,"events":[{"timestamp":3.678297,"type":"JOB_SUBMITTED","data":{"job_id":"db3eff!18","job":{"id":"db3eff!18","profile":"SP.S.4","res":4,"subtime":3.670491,"walltime":4200}}}]}'
Sending '{"now":3.678297,"events":[{"timestamp":3.678297,"type":"EXECUTE_JOB","data":{"job_id":"db3eff!18","alloc":"56-59"}}]}'
Received '{"now":3.729524,"events":[{"timestamp":3.729524,"type":"JOB_SUBMITTED","data":{"job_id":"db3eff!19","job":{"id":"db3eff!19","profile":"LU.S.4","res":4,"subtime":3.721718,"walltime":4200}}}]}'
Sending '{"now":3.729524,"events":[{"timestamp":3.729524,"type":"EXECUTE_JOB","data":{"job_id":"db3eff!19","alloc":"60-63"}}]}'
Received '{"now":3.837705,"events":[{"timestamp":3.837705,"type":"JOB_SUBMITTED","data":{"job_id":"db3eff!20","job":{"id":"db3eff!20","profile":"BT.S.16","res":16,"subtime":3.829899,"walltime":4200}}}]}'
Sending '{"now":3.837705,"events":[]}'
Received '{"now":3.853317,"events":[{"timestamp":3.845511,"type":"JOB_SUBMITTED","data":{"job_id":"db3eff!21","job":{"id":"db3eff!21","profile":"BT.S.16","res":16,"subtime":3.830491,"walltime":4200}}}]}'
Sending '{"now":3.853317,"events":[]}'
Received '{"now":4.013407,"events":[{"timestamp":4.013407,"type":"JOB_SUBMITTED","data":{"job_id":"db3eff!22","job":{"id":"db3eff!22","profile":"IS.S.16","res":16,"subtime":4.005601,"walltime":4200}}}]}'
Sending '{"now":4.013407,"events":[]}'
Received '{"now":4.157381,"events":[{"timestamp":4.157381,"type":"JOB_SUBMITTED","data":{"job_id":"db3eff!23","job":{"id":"db3eff!23","profile":"BT.S.4","res":4,"subtime":4.149584,"walltime":4200}}}]}'
Sending '{"now":4.157381,"events":[]}'
Received '{"now":4.262186,"events":[{"timestamp":4.262186,"type":"JOB_SUBMITTED","data":{"job_id":"db3eff!24","job":{"id":"db3eff!24","profile":"MG.S.16","res":16,"subtime":4.254380,"walltime":4200}}}]}'
Sending '{"now":4.262186,"events":[]}'
Received '{"now":4.471145,"events":[{"timestamp":4.471145,"type":"JOB_SUBMITTED","data":{"job_id":"db3eff!25","job":{"id":"db3eff!25","profile":"MG.S.16","res":16,"subtime":4.463341,"walltime":4200}}}]}'
Sending '{"now":4.471145,"events":[]}'
Received '{"now":4.561940,"events":[{"timestamp":4.561940,"type":"JOB_SUBMITTED","data":{"job_id":"db3eff!26","job":{"id":"db3eff!26","profile":"MG.S.16","res":16,"subtime":4.554142,"walltime":4200}}}]}'
Sending '{"now":4.56194,"events":[]}'
Received '{"now":4.863452,"events":[{"timestamp":4.863452,"type":"JOB_COMPLETED","data":{"job_id":"db3eff!17","job_state":"COMPLETED_SUCCESSFULLY","return_code":0,"kill_reason":"","alloc":"52-55"}}]}'
Sending '{"now":4.863452,"events":[{"timestamp":4.863452,"type":"EXECUTE_JOB","data":{"job_id":"db3eff!23","alloc":"52-55"}}]}'
Received '{"now":4.886864,"events":[{"timestamp":4.879058,"type":"JOB_SUBMITTED","data":{"job_id":"db3eff!27","job":{"id":"db3eff!27","profile":"FT.S.16","res":16,"subtime":4.868068,"walltime":4200}}}]}'
Sending '{"now":4.886864,"events":[]}'
Received '{"now":4.971441,"events":[{"timestamp":4.971441,"type":"JOB_COMPLETED","data":{"job_id":"db3eff!18","job_state":"COMPLETED_SUCCESSFULLY","return_code":0,"kill_reason":"","alloc":"56-59"}}]}'
Sending '{"now":4.971441,"events":[]}'
Received '{"now":5.497043,"events":[{"timestamp":5.497043,"type":"JOB_SUBMITTED","data":{"job_id":"db3eff!28","job":{"id":"db3eff!28","profile":"MG.S.16","res":16,"subtime":5.489237,"walltime":4200}}}]}'
Sending '{"now":5.497043,"events":[]}'
Received '{"now":5.533062,"events":[{"timestamp":5.533062,"type":"JOB_COMPLETED","data":{"job_id":"db3eff!23","job_state":"COMPLETED_SUCCESSFULLY","return_code":0,"kill_reason":"","alloc":"52-55"}}]}'
Sending '{"now":5.533062,"events":[]}'
Received '{"now":5.548664,"events":[{"timestamp":5.540865,"type":"JOB_SUBMITTED","data":{"job_id":"db3eff!29","job":{"id":"db3eff!29","profile":"MG.S.4","res":4,"subtime":5.522589,"walltime":4200}}}]}'
Sending '{"now":5.548664,"events":[{"timestamp":5.548664,"type":"EXECUTE_JOB","data":{"job_id":"db3eff!29","alloc":"52-55"}}]}'
Received '{"now":5.572073,"events":[{"timestamp":5.572073,"type":"JOB_SUBMITTED","data":{"job_id":"db3eff!30","job":{"id":"db3eff!30","profile":"SP.S.4","res":4,"subtime":5.558184,"walltime":4200}}}]}'
Sending '{"now":5.572073,"events":[{"timestamp":5.572073,"type":"EXECUTE_JOB","data":{"job_id":"db3eff!30","alloc":"56-59"}}]}'
Received '{"now":5.967434,"events":[{"timestamp":5.967434,"type":"JOB_SUBMITTED","data":{"job_id":"db3eff!31","job":{"id":"db3eff!31","profile":"SP.S.16","res":16,"subtime":5.959628,"walltime":4200}}}]}'
Sending '{"now":5.967434,"events":[]}'
Received '{"now":5.983041,"events":[{"timestamp":5.975235,"type":"JOB_SUBMITTED","data":{"job_id":"db3eff!32","job":{"id":"db3eff!32","profile":"FT.S.4","res":4,"subtime":5.964654,"walltime":4200}}}]}'
Sending '{"now":5.983041,"events":[]}'
Received '{"now":5.998646,"events":[{"timestamp":5.990840,"type":"JOB_SUBMITTED","data":{"job_id":"db3eff!33","job":{"id":"db3eff!33","profile":"MG.S.4","res":4,"subtime":5.972441,"walltime":4200}}}]}'
Sending '{"now":5.998646,"events":[]}'
Received '{"now":6.107673,"events":[{"timestamp":6.107673,"type":"JOB_COMPLETED","data":{"job_id":"db3eff!29","job_state":"COMPLETED_SUCCESSFULLY","return_code":0,"kill_reason":"","alloc":"52-55"}}]}'
Sending '{"now":6.107673,"events":[{"timestamp":6.107673,"type":"EXECUTE_JOB","data":{"job_id":"db3eff!32","alloc":"52-55"}}]}'
Received '{"now":6.143748,"events":[{"timestamp":6.143748,"type":"JOB_COMPLETED","data":{"job_id":"db3eff!19","job_state":"COMPLETED_SUCCESSFULLY","return_code":0,"kill_reason":"","alloc":"60-63"}}]}'
Sending '{"now":6.143748,"events":[{"timestamp":6.143748,"type":"EXECUTE_JOB","data":{"job_id":"db3eff!33","alloc":"60-63"}}]}'
Received '{"now":6.287021,"events":[{"timestamp":6.287021,"type":"JOB_COMPLETED","data":{"job_id":"db3eff!32","job_state":"COMPLETED_SUCCESSFULLY","return_code":0,"kill_reason":"","alloc":"52-55"}}]}'
Sending '{"now":6.287021,"events":[]}'
Received '{"now":6.302633,"events":[{"timestamp":6.294827,"type":"JOB_SUBMITTED","data":{"job_id":"db3eff!34","job":{"id":"db3eff!34","profile":"SP.S.4","res":4,"subtime":6.277276,"walltime":4200}}}]}'
Sending '{"now":6.302633,"events":[{"timestamp":6.302633,"type":"EXECUTE_JOB","data":{"job_id":"db3eff!34","alloc":"52-55"}}]}'
Received '{"now":6.388898,"events":[{"timestamp":6.388898,"type":"JOB_SUBMITTED","data":{"job_id":"db3eff!35","job":{"id":"db3eff!35","profile":"CG.S.4","res":4,"subtime":6.381092,"walltime":4200}}}]}'
Sending '{"now":6.388898,"events":[]}'
Received '{"now":6.404507,"events":[{"timestamp":6.404507,"type":"JOB_SUBMITTED","data":{"job_id":"db3eff!36","job":{"id":"db3eff!36","profile":"SP.S.4","res":4,"subtime":6.390986,"walltime":4200}}}]}'
Sending '{"now":6.404507,"events":[]}'
Received '{"now":6.647999,"events":[{"timestamp":6.647999,"type":"JOB_COMPLETED","data":{"job_id":"db3eff!11","job_state":"COMPLETED_SUCCESSFULLY","return_code":0,"kill_reason":"","alloc":"0-15"}}]}'
Sending '{"now":6.647999,"events":[{"timestamp":6.647999,"type":"EXECUTE_JOB","data":{"job_id":"db3eff!12","alloc":"0-15"}}]}'
Received '{"now":6.702647,"events":[{"timestamp":6.702647,"type":"JOB_COMPLETED","data":{"job_id":"db3eff!33","job_state":"COMPLETED_SUCCESSFULLY","return_code":0,"kill_reason":"","alloc":"60-63"}}]}'
Sending '{"now":6.702647,"events":[{"timestamp":6.702647,"type":"EXECUTE_JOB","data":{"job_id":"db3eff!35","alloc":"60-63"}}]}'
Received '{"now":6.832025,"events":[{"timestamp":6.832025,"type":"JOB_SUBMITTED","data":{"job_id":"db3eff!37","job":{"id":"db3eff!37","profile":"MG.S.16","res":16,"subtime":6.824225,"walltime":4200}}}]}'
Sending '{"now":6.832025,"events":[]}'
Received '{"now":6.866339,"events":[{"timestamp":6.866339,"type":"JOB_COMPLETED","data":{"job_id":"db3eff!30","job_state":"COMPLETED_SUCCESSFULLY","return_code":0,"kill_reason":"","alloc":"56-59"}}]}'
Sending '{"now":6.866339,"events":[{"timestamp":6.866339,"type":"EXECUTE_JOB","data":{"job_id":"db3eff!36","alloc":"56-59"}}]}'
Received '{"now":6.950344,"events":[{"timestamp":6.950344,"type":"JOB_SUBMITTED","data":{"job_id":"db3eff!38","job":{"id":"db3eff!38","profile":"CG.S.16","res":16,"subtime":6.942540,"walltime":4200}}}]}'
Sending '{"now":6.950344,"events":[]}'
Received '{"now":7.428042,"events":[{"timestamp":7.428042,"type":"JOB_SUBMITTED","data":{"job_id":"db3eff!39","job":{"id":"db3eff!39","profile":"CG.S.16","res":16,"subtime":7.420236,"walltime":4200}}}]}'
Sending '{"now":7.428042,"events":[]}'
Received '{"now":7.545542,"events":[{"timestamp":7.545542,"type":"JOB_SUBMITTED","data":{"job_id":"db3eff!40","job":{"id":"db3eff!40","profile":"IS.S.4","res":4,"subtime":7.537736,"walltime":4200}}}]}'
Sending '{"now":7.545542,"events":[]}'
Received '{"now":7.584318,"events":[{"timestamp":7.584318,"type":"JOB_COMPLETED","data":{"job_id":"db3eff!34","job_state":"COMPLETED_SUCCESSFULLY","return_code":0,"kill_reason":"","alloc":"52-55"}}]}'
Sending '{"now":7.584318,"events":[{"timestamp":7.584318,"type":"EXECUTE_JOB","data":{"job_id":"db3eff!40","alloc":"52-55"}}]}'
Received '{"now":7.709586,"events":[{"timestamp":7.709586,"type":"JOB_COMPLETED","data":{"job_id":"db3eff!40","job_state":"COMPLETED_SUCCESSFULLY","return_code":0,"kill_reason":"","alloc":"52-55"}}]}'
Sending '{"now":7.709586,"events":[]}'
Received '{"now":7.792025,"events":[{"timestamp":7.792025,"type":"JOB_SUBMITTED","data":{"job_id":"db3eff!41","job":{"id":"db3eff!41","profile":"SP.S.16","res":16,"subtime":7.784219,"walltime":4200}}}]}'
Sending '{"now":7.792025,"events":[]}'
Received '{"now":7.822695,"events":[{"timestamp":7.822695,"type":"JOB_COMPLETED","data":{"job_id":"db3eff!35","job_state":"COMPLETED_SUCCESSFULLY","return_code":0,"kill_reason":"","alloc":"60-63"}}]}'
Sending '{"now":7.822695,"events":[]}'
Received '{"now":8.065415,"events":[{"timestamp":8.065415,"type":"JOB_COMPLETED","data":{"job_id":"db3eff!4","job_state":"COMPLETED_SUCCESSFULLY","return_code":0,"kill_reason":"","alloc":"20-35"}}]}'
Sending '{"now":8.065415,"events":[{"timestamp":8.065415,"type":"EXECUTE_JOB","data":{"job_id":"db3eff!13","alloc":"16-31"}}]}'
Received '{"now":8.125899,"events":[{"timestamp":8.125899,"type":"JOB_COMPLETED","data":{"job_id":"db3eff!5","job_state":"COMPLETED_SUCCESSFULLY","return_code":0,"kill_reason":"","alloc":"36-51"}}]}'
Sending '{"now":8.125899,"events":[{"timestamp":8.125899,"type":"EXECUTE_JOB","data":{"job_id":"db3eff!15","alloc":"32-47"}}]}'
Received '{"now":8.158623,"events":[{"timestamp":8.158623,"type":"JOB_COMPLETED","data":{"job_id":"db3eff!36","job_state":"COMPLETED_SUCCESSFULLY","return_code":0,"kill_reason":"","alloc":"56-59"}}]}'
Sending '{"now":8.158623,"events":[{"timestamp":8.158623,"type":"EXECUTE_JOB","data":{"job_id":"db3eff!16","alloc":"48-63"}}]}'
Received '{"now":8.329884,"events":[{"timestamp":8.329884,"type":"JOB_SUBMITTED","data":{"job_id":"db3eff!42","job":{"id":"db3eff!42","profile":"IS.S.16","res":16,"subtime":8.322078,"walltime":4200}}}]}'
Sending '{"now":8.329884,"events":[]}'
Received '{"now":8.455883,"events":[{"timestamp":8.455883,"type":"JOB_SUBMITTED","data":{"job_id":"db3eff!43","job":{"id":"db3eff!43","profile":"SP.S.16","res":16,"subtime":8.448077,"walltime":4200}}}]}'
Sending '{"now":8.455883,"events":[]}'
Received '{"now":8.575878,"events":[{"timestamp":8.575878,"type":"JOB_SUBMITTED","data":{"job_id":"db3eff!44","job":{"id":"db3eff!44","profile":"FT.S.4","res":4,"subtime":8.568072,"walltime":4200}}}]}'
Sending '{"now":8.575878,"events":[]}'
Received '{"now":8.665667,"events":[{"timestamp":8.665667,"type":"JOB_SUBMITTED","data":{"job_id":"db3eff!45","job":{"id":"db3eff!45","profile":"IS.S.16","res":16,"subtime":8.657861,"walltime":4200}}}]}'
Sending '{"now":8.665667,"events":[]}'
Received '{"now":9.484245,"events":[{"timestamp":9.484245,"type":"JOB_SUBMITTED","data":{"job_id":"db3eff!46","job":{"id":"db3eff!46","profile":"FT.S.16","res":16,"subtime":9.476439,"walltime":4200}}}]}'
Sending '{"now":9.484245,"events":[]}'
Received '{"now":9.538177,"events":[{"timestamp":9.538177,"type":"JOB_SUBMITTED","data":{"job_id":"db3eff!47","job":{"id":"db3eff!47","profile":"BT.S.4","res":4,"subtime":9.530374,"walltime":4200}}}]}'
Sending '{"now":9.538177,"events":[]}'
Received '{"now":9.555338,"events":[{"timestamp":9.555338,"type":"JOB_SUBMITTED","data":{"job_id":"db3eff!48","job":{"id":"db3eff!48","profile":"IS.S.16","res":16,"subtime":9.547532,"walltime":4200}}}]}'
Sending '{"now":9.555338,"events":[]}'
Received '{"now":9.603200,"events":[{"timestamp":9.603200,"type":"JOB_SUBMITTED","data":{"job_id":"db3eff!49","job":{"id":"db3eff!49","profile":"IS.S.4","res":4,"subtime":9.595394,"walltime":4200}}}]}'
Sending '{"now":9.6032,"events":[]}'
Received '{"now":9.713453,"events":[{"timestamp":9.713453,"type":"JOB_SUBMITTED","data":{"job_id":"db3eff!50","job":{"id":"db3eff!50","profile":"SP.S.16","res":16,"subtime":9.705647,"walltime":4200}}}]}'
Sending '{"now":9.713453,"events":[]}'
Received '{"now":10.501808,"events":[{"timestamp":10.501808,"type":"JOB_SUBMITTED","data":{"job_id":"db3eff!51","job":{"id":"db3eff!51","profile":"IS.S.16","res":16,"subtime":10.494007,"walltime":4200}}}]}'
Sending '{"now":10.501808,"events":[]}'
Received '{"now":10.867036,"events":[{"timestamp":10.867036,"type":"JOB_SUBMITTED","data":{"job_id":"db3eff!52","job":{"id":"db3eff!52","profile":"BT.S.16","res":16,"subtime":10.859230,"walltime":4200}}}]}'
Sending '{"now":10.867036,"events":[]}'
Received '{"now":11.109614,"events":[{"timestamp":11.109614,"type":"JOB_SUBMITTED","data":{"job_id":"db3eff!53","job":{"id":"db3eff!53","profile":"MG.S.16","res":16,"subtime":11.101809,"walltime":4200}}}]}'
Sending '{"now":11.109614,"events":[]}'
Received '{"now":11.147851,"events":[{"timestamp":11.147851,"type":"JOB_SUBMITTED","data":{"job_id":"db3eff!54","job":{"id":"db3eff!54","profile":"BT.S.4","res":4,"subtime":11.140045,"walltime":4200}}}]}'
Sending '{"now":11.147851,"events":[]}'
Received '{"now":11.474261,"events":[{"timestamp":11.474261,"type":"JOB_SUBMITTED","data":{"job_id":"db3eff!55","job":{"id":"db3eff!55","profile":"IS.S.4","res":4,"subtime":11.466463,"walltime":4200}}}]}'
Sending '{"now":11.474261,"events":[]}'
Received '{"now":11.646203,"events":[{"timestamp":11.646203,"type":"JOB_COMPLETED","data":{"job_id":"db3eff!13","job_state":"COMPLETED_SUCCESSFULLY","return_code":0,"kill_reason":"","alloc":"16-31"}}]}'
Sending '{"now":11.646203,"events":[{"timestamp":11.646203,"type":"EXECUTE_JOB","data":{"job_id":"db3eff!20","alloc":"16-31"}}]}'
Received '{"now":11.706556,"events":[{"timestamp":11.706556,"type":"JOB_COMPLETED","data":{"job_id":"db3eff!15","job_state":"COMPLETED_SUCCESSFULLY","return_code":0,"kill_reason":"","alloc":"32-47"}}]}'
Sending '{"now":11.706556,"events":[{"timestamp":11.706556,"type":"EXECUTE_JOB","data":{"job_id":"db3eff!21","alloc":"32-47"}}]}'
Received '{"now":11.784150,"events":[{"timestamp":11.784150,"type":"JOB_SUBMITTED","data":{"job_id":"db3eff!56","job":{"id":"db3eff!56","profile":"CG.S.16","res":16,"subtime":11.776344,"walltime":4200}}}]}'
Sending '{"now":11.78415,"events":[]}'
Received '{"now":11.888878,"events":[{"timestamp":11.888878,"type":"JOB_SUBMITTED","data":{"job_id":"db3eff!57","job":{"id":"db3eff!57","profile":"BT.S.4","res":4,"subtime":11.881077,"walltime":4200}}}]}'
Sending '{"now":11.888878,"events":[]}'
Received '{"now":11.925499,"events":[{"timestamp":11.925499,"type":"JOB_SUBMITTED","data":{"job_id":"db3eff!58","job":{"id":"db3eff!58","profile":"IS.S.16","res":16,"subtime":11.917695,"walltime":4200}}}]}'
Sending '{"now":11.925499,"events":[]}'
Received '{"now":12.080956,"events":[{"timestamp":12.080956,"type":"JOB_SUBMITTED","data":{"job_id":"db3eff!59","job":{"id":"db3eff!59","profile":"BT.S.16","res":16,"subtime":12.073157,"walltime":4200}}}]}'
Sending '{"now":12.080956,"events":[]}'
Received '{"now":12.144618,"events":[{"timestamp":12.144618,"type":"JOB_SUBMITTED","data":{"job_id":"db3eff!60","job":{"id":"db3eff!60","profile":"CG.S.16","res":16,"subtime":12.136821,"walltime":4200}}}]}'
Sending '{"now":12.144618,"events":[]}'
Received '{"now":12.262625,"events":[{"timestamp":12.262625,"type":"JOB_SUBMITTED","data":{"job_id":"db3eff!61","job":{"id":"db3eff!61","profile":"SP.S.16","res":16,"subtime":12.254820,"walltime":4200}}}]}'
Sending '{"now":12.262625,"events":[]}'
Received '{"now":12.361192,"events":[{"timestamp":12.361192,"type":"JOB_SUBMITTED","data":{"job_id":"db3eff!62","job":{"id":"db3eff!62","profile":"LU.S.4","res":4,"subtime":12.353386,"walltime":4200}}}]}'
Sending '{"now":12.361192,"events":[]}'
Received '{"now":12.423106,"events":[{"timestamp":12.423106,"type":"JOB_COMPLETED","data":{"job_id":"db3eff!12","job_state":"COMPLETED_SUCCESSFULLY","return_code":0,"kill_reason":"","alloc":"0-15"}}]}'
Sending '{"now":12.423106,"events":[{"timestamp":12.423106,"type":"EXECUTE_JOB","data":{"job_id":"db3eff!22","alloc":"0-15"}}]}'
Received '{"now":12.608280,"events":[{"timestamp":12.608280,"type":"JOB_COMPLETED","data":{"job_id":"db3eff!22","job_state":"COMPLETED_SUCCESSFULLY","return_code":0,"kill_reason":"","alloc":"0-15"}}]}'
Sending '{"now":12.60828,"events":[{"timestamp":12.60828,"type":"EXECUTE_JOB","data":{"job_id":"db3eff!24","alloc":"0-15"}}]}'
Received '{"now":12.686409,"events":[{"timestamp":12.686409,"type":"JOB_SUBMITTED","data":{"job_id":"db3eff!63","job":{"id":"db3eff!63","profile":"CG.S.4","res":4,"subtime":12.678603,"walltime":4200}}}]}'
Sending '{"now":12.686409,"events":[]}'
Received '{"now":12.734758,"events":[{"timestamp":12.734758,"type":"JOB_SUBMITTED","data":{"job_id":"db3eff!64","job":{"id":"db3eff!64","profile":"BT.S.16","res":16,"subtime":12.726957,"walltime":4200}}}]}'
Sending '{"now":12.734758,"events":[]}'
Received '{"now":12.851961,"events":[{"timestamp":12.851961,"type":"JOB_SUBMITTED","data":{"job_id":"db3eff!65","job":{"id":"db3eff!65","profile":"LU.S.4","res":4,"subtime":12.844155,"walltime":4200}}}]}'
Sending '{"now":12.851961,"events":[]}'
Received '{"now":12.979779,"events":[{"timestamp":12.979779,"type":"JOB_SUBMITTED","data":{"job_id":"db3eff!66","job":{"id":"db3eff!66","profile":"CG.S.4","res":4,"subtime":12.971973,"walltime":4200}}}]}'
Sending '{"now":12.979779,"events":[]}'
Received '{"now":13.156861,"events":[{"timestamp":13.156861,"type":"JOB_SUBMITTED","data":{"job_id":"db3eff!67","job":{"id":"db3eff!67","profile":"LU.S.16","res":16,"subtime":13.149060,"walltime":4200}}}]}'
Sending '{"now":13.156861,"events":[]}'
Received '{"now":13.667015,"events":[{"timestamp":13.667015,"type":"JOB_COMPLETED","data":{"job_id":"db3eff!24","job_state":"COMPLETED_SUCCESSFULLY","return_code":0,"kill_reason":"","alloc":"0-15"}}]}'
Sending '{"now":13.667015,"events":[{"timestamp":13.667015,"type":"EXECUTE_JOB","data":{"job_id":"db3eff!25","alloc":"0-15"}}]}'
Received '{"now":13.690439,"events":[{"timestamp":13.682633,"type":"JOB_SUBMITTED","data":{"job_id":"db3eff!68","job":{"id":"db3eff!68","profile":"LU.S.4","res":4,"subtime":13.670188,"walltime":4200}}}]}'
Sending '{"now":13.690439,"events":[]}'
Received '{"now":13.884737,"events":[{"timestamp":13.884737,"type":"JOB_SUBMITTED","data":{"job_id":"db3eff!69","job":{"id":"db3eff!69","profile":"LU.S.16","res":16,"subtime":13.876931,"walltime":4200}}}]}'
Sending '{"now":13.884737,"events":[]}'
Received '{"now":13.955407,"events":[{"timestamp":13.955407,"type":"JOB_COMPLETED","data":{"job_id":"db3eff!16","job_state":"COMPLETED_SUCCESSFULLY","return_code":0,"kill_reason":"","alloc":"48-63"}}]}'
Sending '{"now":13.955407,"events":[{"timestamp":13.955407,"type":"EXECUTE_JOB","data":{"job_id":"db3eff!26","alloc":"48-63"}}]}'
Received '{"now":14.080030,"events":[{"timestamp":14.080030,"type":"JOB_SUBMITTED","data":{"job_id":"db3eff!70","job":{"id":"db3eff!70","profile":"CG.S.4","res":4,"subtime":14.072224,"walltime":4200}}}]}'
Sending '{"now":14.08003,"events":[]}'
Received '{"now":14.095638,"events":[{"timestamp":14.087832,"type":"JOB_SUBMITTED","data":{"job_id":"db3eff!71","job":{"id":"db3eff!71","profile":"BT.S.4","res":4,"subtime":14.073070,"walltime":4200}}}]}'
Sending '{"now":14.095638,"events":[]}'
Received '{"now":14.271088,"events":[{"timestamp":14.271088,"type":"JOB_SUBMITTED","data":{"job_id":"db3eff!72","job":{"id":"db3eff!72","profile":"IS.S.4","res":4,"subtime":14.263282,"walltime":4200}}}]}'
Sending '{"now":14.271088,"events":[]}'
Received '{"now":14.613092,"events":[{"timestamp":14.613092,"type":"JOB_SUBMITTED","data":{"job_id":"db3eff!73","job":{"id":"db3eff!73","profile":"LU.S.4","res":4,"subtime":14.605286,"walltime":4200}}}]}'
Sending '{"now":14.613092,"events":[]}'
Received '{"now":14.726237,"events":[{"timestamp":14.726237,"type":"JOB_COMPLETED","data":{"job_id":"db3eff!25","job_state":"COMPLETED_SUCCESSFULLY","return_code":0,"kill_reason":"","alloc":"0-15"}}]}'
Sending '{"now":14.726237,"events":[{"timestamp":14.726237,"type":"EXECUTE_JOB","data":{"job_id":"db3eff!27","alloc":"0-15"}}]}'
Received '{"now":14.813634,"events":[{"timestamp":14.813634,"type":"JOB_COMPLETED","data":{"job_id":"db3eff!20","job_state":"COMPLETED_SUCCESSFULLY","return_code":0,"kill_reason":"","alloc":"16-31"}}]}'
Sending '{"now":14.813634,"events":[{"timestamp":14.813634,"type":"EXECUTE_JOB","data":{"job_id":"db3eff!28","alloc":"16-31"}}]}'
Received '{"now":14.874350,"events":[{"timestamp":14.874350,"type":"JOB_COMPLETED","data":{"job_id":"db3eff!21","job_state":"COMPLETED_SUCCESSFULLY","return_code":0,"kill_reason":"","alloc":"32-47"}}]}'
Sending '{"now":14.87435,"events":[{"timestamp":14.87435,"type":"EXECUTE_JOB","data":{"job_id":"db3eff!31","alloc":"32-47"}}]}'
Received '{"now":15.014828,"events":[{"timestamp":15.014828,"type":"JOB_COMPLETED","data":{"job_id":"db3eff!26","job_state":"COMPLETED_SUCCESSFULLY","return_code":0,"kill_reason":"","alloc":"48-63"}}]}'
Sending '{"now":15.014828,"events":[{"timestamp":15.014828,"type":"EXECUTE_JOB","data":{"job_id":"db3eff!37","alloc":"48-63"}}]}'
Received '{"now":15.049299,"events":[{"timestamp":15.049299,"type":"JOB_COMPLETED","data":{"job_id":"db3eff!27","job_state":"COMPLETED_SUCCESSFULLY","return_code":0,"kill_reason":"","alloc":"0-15"}}]}'
Sending '{"now":15.049299,"events":[{"timestamp":15.049299,"type":"EXECUTE_JOB","data":{"job_id":"db3eff!38","alloc":"0-15"}}]}'
Received '{"now":15.296090,"events":[{"timestamp":15.296090,"type":"JOB_SUBMITTED","data":{"job_id":"db3eff!74","job":{"id":"db3eff!74","profile":"SP.S.4","res":4,"subtime":15.288286,"walltime":4200}}}]}'
Sending '{"now":15.29609,"events":[]}'
Received '{"now":15.350762,"events":[{"timestamp":15.350762,"type":"JOB_SUBMITTED","data":{"job_id":"db3eff!75","job":{"id":"db3eff!75","profile":"LU.S.16","res":16,"subtime":15.342956,"walltime":4200}}}]}'
Sending '{"now":15.350762,"events":[]}'
Received '{"now":15.534766,"events":[{"timestamp":15.534766,"type":"JOB_SUBMITTED","data":{"job_id":"db3eff!76","job":{"id":"db3eff!76","profile":"FT.S.4","res":4,"subtime":15.526961,"walltime":4200}}}]}'
Sending '{"now":15.534766,"events":[]}'
Received '{"now":15.872734,"events":[{"timestamp":15.872734,"type":"JOB_COMPLETED","data":{"job_id":"db3eff!28","job_state":"COMPLETED_SUCCESSFULLY","return_code":0,"kill_reason":"","alloc":"16-31"}}]}'
Sending '{"now":15.872734,"events":[{"timestamp":15.872734,"type":"EXECUTE_JOB","data":{"job_id":"db3eff!39","alloc":"16-31"}}]}'
Received '{"now":15.923146,"events":[{"timestamp":15.923146,"type":"JOB_SUBMITTED","data":{"job_id":"db3eff!77","job":{"id":"db3eff!77","profile":"IS.S.4","res":4,"subtime":15.915341,"walltime":4200}}}]}'
Sending '{"now":15.923146,"events":[]}'
Received '{"now":15.942795,"events":[{"timestamp":15.942795,"type":"JOB_SUBMITTED","data":{"job_id":"db3eff!78","job":{"id":"db3eff!78","profile":"MG.S.16","res":16,"subtime":15.935002,"walltime":4200}}}]}'
Sending '{"now":15.942795,"events":[]}'
Received '{"now":15.958407,"events":[{"timestamp":15.958407,"type":"JOB_SUBMITTED","data":{"job_id":"db3eff!79","job":{"id":"db3eff!79","profile":"BT.S.16","res":16,"subtime":15.945578,"walltime":4200}}}]}'
Sending '{"now":15.958407,"events":[]}'
Received '{"now":15.986263,"events":[{"timestamp":15.986263,"type":"JOB_SUBMITTED","data":{"job_id":"db3eff!80","job":{"id":"db3eff!80","profile":"SP.S.16","res":16,"subtime":15.978463,"walltime":4200}}}]}'
Sending '{"now":15.986263,"events":[]}'
Received '{"now":16.074017,"events":[{"timestamp":16.074017,"type":"JOB_COMPLETED","data":{"job_id":"db3eff!37","job_state":"COMPLETED_SUCCESSFULLY","return_code":0,"kill_reason":"","alloc":"48-63"}}]}'
Sending '{"now":16.074017,"events":[{"timestamp":16.074017,"type":"EXECUTE_JOB","data":{"job_id":"db3eff!41","alloc":"48-63"}}]}'
Received '{"now":16.422086,"events":[{"timestamp":16.422086,"type":"JOB_SUBMITTED","data":{"job_id":"db3eff!81","job":{"id":"db3eff!81","profile":"BT.S.16","res":16,"subtime":16.414280,"walltime":4200}}}]}'
Sending '{"now":16.422086,"events":[]}'
Received '{"now":16.510244,"events":[{"timestamp":16.510244,"type":"JOB_SUBMITTED","data":{"job_id":"db3eff!82","job":{"id":"db3eff!82","profile":"SP.S.16","res":16,"subtime":16.502438,"walltime":4200}}}]}'
Sending '{"now":16.510244,"events":[]}'
Received '{"now":16.740972,"events":[{"timestamp":16.740972,"type":"JOB_SUBMITTED","data":{"job_id":"db3eff!83","job":{"id":"db3eff!83","profile":"SP.S.16","res":16,"subtime":16.733166,"walltime":4200}}}]}'
Sending '{"now":16.740972,"events":[]}'
Received '{"now":16.771694,"events":[{"timestamp":16.771694,"type":"JOB_SUBMITTED","data":{"job_id":"db3eff!84","job":{"id":"db3eff!84","profile":"LU.S.4","res":4,"subtime":16.763890,"walltime":4200}}}]}'
Sending '{"now":16.771694,"events":[]}'
Received '{"now":16.927164,"events":[{"timestamp":16.927164,"type":"JOB_SUBMITTED","data":{"job_id":"db3eff!85","job":{"id":"db3eff!85","profile":"MG.S.4","res":4,"subtime":16.919366,"walltime":4200}}}]}'
Sending '{"now":16.927164,"events":[]}'
Received '{"now":16.943092,"events":[{"timestamp":16.943092,"type":"JOB_SUBMITTED","data":{"job_id":"db3eff!86","job":{"id":"db3eff!86","profile":"BT.S.16","res":16,"subtime":16.935286,"walltime":4200}}}]}'
Sending '{"now":16.943092,"events":[]}'
Received '{"now":17.089856,"events":[{"timestamp":17.089856,"type":"JOB_SUBMITTED","data":{"job_id":"db3eff!87","job":{"id":"db3eff!87","profile":"IS.S.16","res":16,"subtime":17.082056,"walltime":4200}}}]}'
Sending '{"now":17.089856,"events":[]}'
Received '{"now":17.269876,"events":[{"timestamp":17.269876,"type":"JOB_SUBMITTED","data":{"job_id":"db3eff!88","job":{"id":"db3eff!88","profile":"MG.S.16","res":16,"subtime":17.262070,"walltime":4200}}}]}'
Sending '{"now":17.269876,"events":[]}'
Received '{"now":17.307789,"events":[{"timestamp":17.307789,"type":"JOB_SUBMITTED","data":{"job_id":"db3eff!89","job":{"id":"db3eff!89","profile":"SP.S.4","res":4,"subtime":17.299983,"walltime":4200}}}]}'
Sending '{"now":17.307789,"events":[]}'
Received '{"now":17.323401,"events":[{"timestamp":17.315595,"type":"JOB_SUBMITTED","data":{"job_id":"db3eff!90","job":{"id":"db3eff!90","profile":"LU.S.4","res":4,"subtime":17.307765,"walltime":4200}}}]}'
Sending '{"now":17.323401,"events":[]}'
Received '{"now":17.486729,"events":[{"timestamp":17.486729,"type":"JOB_SUBMITTED","data":{"job_id":"db3eff!91","job":{"id":"db3eff!91","profile":"BT.S.16","res":16,"subtime":17.478933,"walltime":4200}}}]}'
Sending '{"now":17.486729,"events":[]}'
Received '{"now":17.526798,"events":[{"timestamp":17.526798,"type":"JOB_SUBMITTED","data":{"job_id":"db3eff!92","job":{"id":"db3eff!92","profile":"MG.S.4","res":4,"subtime":17.518992,"walltime":4200}}}]}'
Sending '{"now":17.526798,"events":[]}'
Received '{"now":17.757079,"events":[{"timestamp":17.757079,"type":"JOB_SUBMITTED","data":{"job_id":"db3eff!93","job":{"id":"db3eff!93","profile":"BT.S.4","res":4,"subtime":17.749279,"walltime":4200}}}]}'
Sending '{"now":17.757079,"events":[]}'
Received '{"now":18.139101,"events":[{"timestamp":18.139101,"type":"JOB_SUBMITTED","data":{"job_id":"db3eff!94","job":{"id":"db3eff!94","profile":"SP.S.16","res":16,"subtime":18.131301,"walltime":4200}}}]}'
Sending '{"now":18.139101,"events":[]}'
Received '{"now":18.377872,"events":[{"timestamp":18.377872,"type":"JOB_SUBMITTED","data":{"job_id":"db3eff!95","job":{"id":"db3eff!95","profile":"SP.S.4","res":4,"subtime":18.370066,"walltime":4200}}}]}'
Sending '{"now":18.377872,"events":[]}'
Received '{"now":18.424763,"events":[{"timestamp":18.424763,"type":"JOB_SUBMITTED","data":{"job_id":"db3eff!96","job":{"id":"db3eff!96","profile":"LU.S.16","res":16,"subtime":18.416957,"walltime":4200}}}]}'
Sending '{"now":18.424763,"events":[]}'
Received '{"now":18.488150,"events":[{"timestamp":18.488150,"type":"JOB_SUBMITTED","data":{"job_id":"db3eff!97","job":{"id":"db3eff!97","profile":"FT.S.4","res":4,"subtime":18.480348,"walltime":4200}}}]}'
Sending '{"now":18.48815,"events":[]}'
Received '{"now":18.503771,"events":[{"timestamp":18.503771,"type":"JOB_SUBMITTED","data":{"job_id":"db3eff!98","job":{"id":"db3eff!98","profile":"CG.S.16","res":16,"subtime":18.493253,"walltime":4200}}}]}'
Sending '{"now":18.503771,"events":[]}'
Received '{"now":18.630277,"events":[{"timestamp":18.630277,"type":"JOB_COMPLETED","data":{"job_id":"db3eff!38","job_state":"COMPLETED_SUCCESSFULLY","return_code":0,"kill_reason":"","alloc":"0-15"}}]}'
Sending '{"now":18.630277,"events":[{"timestamp":18.630277,"type":"EXECUTE_JOB","data":{"job_id":"db3eff!42","alloc":"0-15"}}]}'
Received '{"now":18.653704,"events":[{"timestamp":18.653704,"type":"JOB_SUBMITTED","data":{"job_id":"db3eff!99","job":{"id":"db3eff!99","profile":"MG.S.4","res":4,"subtime":18.643091,"walltime":4200}}}]}'
Sending '{"now":18.653704,"events":[]}'
Received '{"now":18.767060,"events":[{"timestamp":18.767060,"type":"JOB_SUBMITTED","data":{"job_id":"db3eff!100","job":{"id":"db3eff!100","profile":"CG.S.16","res":16,"subtime":18.759264,"walltime":4200}}}]}'
Sending '{"now":18.76706,"events":[]}'
Received '{"now":18.815460,"events":[{"timestamp":18.815460,"type":"JOB_COMPLETED","data":{"job_id":"db3eff!42","job_state":"COMPLETED_SUCCESSFULLY","return_code":0,"kill_reason":"","alloc":"0-15"}}]}'
Sending '{"now":18.81546,"events":[{"timestamp":18.81546,"type":"EXECUTE_JOB","data":{"job_id":"db3eff!43","alloc":"0-15"}}]}'
Received '{"now":19.453439,"events":[{"timestamp":19.453439,"type":"JOB_COMPLETED","data":{"job_id":"db3eff!39","job_state":"COMPLETED_SUCCESSFULLY","return_code":0,"kill_reason":"","alloc":"16-31"}}]}'
Sending '{"now":19.453439,"events":[{"timestamp":19.453439,"type":"EXECUTE_JOB","data":{"job_id":"db3eff!44","alloc":"16-19"}}]}'
Received '{"now":19.632516,"events":[{"timestamp":19.632516,"type":"JOB_COMPLETED","data":{"job_id":"db3eff!44","job_state":"COMPLETED_SUCCESSFULLY","return_code":0,"kill_reason":"","alloc":"16-19"}}]}'
Sending '{"now":19.632516,"events":[{"timestamp":19.632516,"type":"EXECUTE_JOB","data":{"job_id":"db3eff!45","alloc":"16-31"}}]}'
Received '{"now":19.817636,"events":[{"timestamp":19.817636,"type":"JOB_COMPLETED","data":{"job_id":"db3eff!45","job_state":"COMPLETED_SUCCESSFULLY","return_code":0,"kill_reason":"","alloc":"16-31"}}]}'
Sending '{"now":19.817636,"events":[{"timestamp":19.817636,"type":"EXECUTE_JOB","data":{"job_id":"db3eff!46","alloc":"16-31"}}]}'
Received '{"now":20.140348,"events":[{"timestamp":20.140348,"type":"JOB_COMPLETED","data":{"job_id":"db3eff!46","job_state":"COMPLETED_SUCCESSFULLY","return_code":0,"kill_reason":"","alloc":"16-31"}}]}'
Sending '{"now":20.140348,"events":[{"timestamp":20.140348,"type":"EXECUTE_JOB","data":{"job_id":"db3eff!47","alloc":"16-19"}}]}'
Received '{"now":20.694597,"events":[{"timestamp":20.694597,"type":"JOB_COMPLETED","data":{"job_id":"db3eff!31","job_state":"COMPLETED_SUCCESSFULLY","return_code":0,"kill_reason":"","alloc":"32-47"}}]}'
Sending '{"now":20.694597,"events":[{"timestamp":20.694597,"type":"EXECUTE_JOB","data":{"job_id":"db3eff!48","alloc":"20-35"}},{"timestamp":20.694597,"type":"EXECUTE_JOB","data":{"job_id":"db3eff!49","alloc":"36-39"}}]}'
Received '{"now":20.809767,"events":[{"timestamp":20.809767,"type":"JOB_COMPLETED","data":{"job_id":"db3eff!47","job_state":"COMPLETED_SUCCESSFULLY","return_code":0,"kill_reason":"","alloc":"16-19"}}]}'
Sending '{"now":20.809767,"events":[{"timestamp":20.809767,"type":"EXECUTE_JOB","data":{"job_id":"db3eff!54","alloc":"16-19"}}]}'
Received '{"now":20.839048,"events":[{"timestamp":20.831243,"type":"JOB_COMPLETED","data":{"job_id":"db3eff!49","job_state":"COMPLETED_SUCCESSFULLY","return_code":0,"kill_reason":"","alloc":"36-39"}}]}'
Sending '{"now":20.839048,"events":[]}'
Received '{"now":20.903096,"events":[{"timestamp":20.903096,"type":"JOB_COMPLETED","data":{"job_id":"db3eff!48","job_state":"COMPLETED_SUCCESSFULLY","return_code":0,"kill_reason":"","alloc":"20-35"}}]}'
Sending '{"now":20.903096,"events":[{"timestamp":20.903096,"type":"EXECUTE_JOB","data":{"job_id":"db3eff!50","alloc":"20-35"}}]}'
Received '{"now":21.479263,"events":[{"timestamp":21.479263,"type":"JOB_COMPLETED","data":{"job_id":"db3eff!54","job_state":"COMPLETED_SUCCESSFULLY","return_code":0,"kill_reason":"","alloc":"16-19"}}]}'
Sending '{"now":21.479263,"events":[{"timestamp":21.479263,"type":"EXECUTE_JOB","data":{"job_id":"db3eff!55","alloc":"16-19"}}]}'
Received '{"now":21.604669,"events":[{"timestamp":21.604669,"type":"JOB_COMPLETED","data":{"job_id":"db3eff!55","job_state":"COMPLETED_SUCCESSFULLY","return_code":0,"kill_reason":"","alloc":"16-19"}}]}'
Sending '{"now":21.604669,"events":[{"timestamp":21.604669,"type":"EXECUTE_JOB","data":{"job_id":"db3eff!57","alloc":"16-19"}}]}'
Received '{"now":21.885278,"events":[{"timestamp":21.885278,"type":"JOB_COMPLETED","data":{"job_id":"db3eff!41","job_state":"COMPLETED_SUCCESSFULLY","return_code":0,"kill_reason":"","alloc":"48-63"}}]}'
Sending '{"now":21.885278,"events":[{"timestamp":21.885278,"type":"EXECUTE_JOB","data":{"job_id":"db3eff!51","alloc":"36-51"}},{"timestamp":21.885278,"type":"EXECUTE_JOB","data":{"job_id":"db3eff!62","alloc":"52-55"}},{"timestamp":21.885278,"type":"EXECUTE_JOB","data":{"job_id":"db3eff!63","alloc":"56-59"}},{"timestamp":21.885278,"type":"EXECUTE_JOB","data":{"job_id":"db3eff!65","alloc":"60-63"}}]}'
Received '{"now":22.093533,"events":[{"timestamp":22.093533,"type":"JOB_COMPLETED","data":{"job_id":"db3eff!51","job_state":"COMPLETED_SUCCESSFULLY","return_code":0,"kill_reason":"","alloc":"36-51"}}]}'
Sending '{"now":22.093533,"events":[{"timestamp":22.093533,"type":"EXECUTE_JOB","data":{"job_id":"db3eff!52","alloc":"36-51"}}]}'
Received '{"now":22.274096,"events":[{"timestamp":22.274096,"type":"JOB_COMPLETED","data":{"job_id":"db3eff!57","job_state":"COMPLETED_SUCCESSFULLY","return_code":0,"kill_reason":"","alloc":"16-19"}}]}'
Sending '{"now":22.274096,"events":[{"timestamp":22.274096,"type":"EXECUTE_JOB","data":{"job_id":"db3eff!66","alloc":"16-19"}}]}'
Received '{"now":23.021268,"events":[{"timestamp":23.021268,"type":"JOB_COMPLETED","data":{"job_id":"db3eff!63","job_state":"COMPLETED_SUCCESSFULLY","return_code":0,"kill_reason":"","alloc":"56-59"}}]}'
Sending '{"now":23.021268,"events":[{"timestamp":23.021268,"type":"EXECUTE_JOB","data":{"job_id":"db3eff!68","alloc":"56-59"}}]}'
Received '{"now":23.394442,"events":[{"timestamp":23.394442,"type":"JOB_COMPLETED","data":{"job_id":"db3eff!66","job_state":"COMPLETED_SUCCESSFULLY","return_code":0,"kill_reason":"","alloc":"16-19"}}]}'
Sending '{"now":23.394442,"events":[{"timestamp":23.394442,"type":"EXECUTE_JOB","data":{"job_id":"db3eff!70","alloc":"16-19"}}]}'
Received '{"now":24.307361,"events":[{"timestamp":24.307361,"type":"JOB_COMPLETED","data":{"job_id":"db3eff!62","job_state":"COMPLETED_SUCCESSFULLY","return_code":0,"kill_reason":"","alloc":"52-55"}}]}'
Sending '{"now":24.307361,"events":[{"timestamp":24.307361,"type":"EXECUTE_JOB","data":{"job_id":"db3eff!71","alloc":"52-55"}}]}'
Received '{"now":24.336643,"events":[{"timestamp":24.328837,"type":"JOB_COMPLETED","data":{"job_id":"db3eff!65","job_state":"COMPLETED_SUCCESSFULLY","return_code":0,"kill_reason":"","alloc":"60-63"}}]}'
Sending '{"now":24.336643,"events":[{"timestamp":24.336643,"type":"EXECUTE_JOB","data":{"job_id":"db3eff!72","alloc":"60-63"}}]}'
Received '{"now":24.461790,"events":[{"timestamp":24.461790,"type":"JOB_COMPLETED","data":{"job_id":"db3eff!72","job_state":"COMPLETED_SUCCESSFULLY","return_code":0,"kill_reason":"","alloc":"60-63"}}]}'
Sending '{"now":24.46179,"events":[{"timestamp":24.46179,"type":"EXECUTE_JOB","data":{"job_id":"db3eff!73","alloc":"60-63"}}]}'
Received '{"now":24.514718,"events":[{"timestamp":24.514718,"type":"JOB_COMPLETED","data":{"job_id":"db3eff!70","job_state":"COMPLETED_SUCCESSFULLY","return_code":0,"kill_reason":"","alloc":"16-19"}}]}'
Sending '{"now":24.514718,"events":[{"timestamp":24.514718,"type":"EXECUTE_JOB","data":{"job_id":"db3eff!74","alloc":"16-19"}}]}'
Received '{"now":24.600192,"events":[{"timestamp":24.600192,"type":"JOB_COMPLETED","data":{"job_id":"db3eff!43","job_state":"COMPLETED_SUCCESSFULLY","return_code":0,"kill_reason":"","alloc":"0-15"}}]}'
Sending '{"now":24.600192,"events":[{"timestamp":24.600192,"type":"EXECUTE_JOB","data":{"job_id":"db3eff!53","alloc":"0-15"}}]}'
Received '{"now":24.977264,"events":[{"timestamp":24.977264,"type":"JOB_COMPLETED","data":{"job_id":"db3eff!71","job_state":"COMPLETED_SUCCESSFULLY","return_code":0,"kill_reason":"","alloc":"52-55"}}]}'
Sending '{"now":24.977264,"events":[{"timestamp":24.977264,"type":"EXECUTE_JOB","data":{"job_id":"db3eff!76","alloc":"52-55"}}]}'
Received '{"now":25.157940,"events":[{"timestamp":25.157940,"type":"JOB_COMPLETED","data":{"job_id":"db3eff!76","job_state":"COMPLETED_SUCCESSFULLY","return_code":0,"kill_reason":"","alloc":"52-55"}}]}'
Sending '{"now":25.15794,"events":[{"timestamp":25.15794,"type":"EXECUTE_JOB","data":{"job_id":"db3eff!77","alloc":"52-55"}}]}'
Received '{"now":25.283382,"events":[{"timestamp":25.283382,"type":"JOB_COMPLETED","data":{"job_id":"db3eff!77","job_state":"COMPLETED_SUCCESSFULLY","return_code":0,"kill_reason":"","alloc":"52-55"}}]}'
Sending '{"now":25.283382,"events":[{"timestamp":25.283382,"type":"EXECUTE_JOB","data":{"job_id":"db3eff!84","alloc":"52-55"}}]}'
Received '{"now":25.435741,"events":[{"timestamp":25.435741,"type":"JOB_COMPLETED","data":{"job_id":"db3eff!68","job_state":"COMPLETED_SUCCESSFULLY","return_code":0,"kill_reason":"","alloc":"56-59"}}]}'
Sending '{"now":25.435741,"events":[{"timestamp":25.435741,"type":"EXECUTE_JOB","data":{"job_id":"db3eff!85","alloc":"56-59"}}]}'
Received '{"now":25.658997,"events":[{"timestamp":25.658997,"type":"JOB_COMPLETED","data":{"job_id":"db3eff!53","job_state":"COMPLETED_SUCCESSFULLY","return_code":0,"kill_reason":"","alloc":"0-15"}}]}'
Sending '{"now":25.658997,"events":[{"timestamp":25.658997,"type":"EXECUTE_JOB","data":{"job_id":"db3eff!56","alloc":"0-15"}}]}'
Received '{"now":25.790376,"events":[{"timestamp":25.790376,"type":"JOB_COMPLETED","data":{"job_id":"db3eff!52","job_state":"COMPLETED_SUCCESSFULLY","return_code":0,"kill_reason":"","alloc":"36-51"}}]}'
Sending '{"now":25.790376,"events":[{"timestamp":25.790376,"type":"EXECUTE_JOB","data":{"job_id":"db3eff!58","alloc":"36-51"}}]}'
Received '{"now":25.821662,"events":[{"timestamp":25.821662,"type":"JOB_COMPLETED","data":{"job_id":"db3eff!74","job_state":"COMPLETED_SUCCESSFULLY","return_code":0,"kill_reason":"","alloc":"16-19"}}]}'
Sending '{"now":25.821662,"events":[]}'
Received '{"now":25.994960,"events":[{"timestamp":25.994960,"type":"JOB_COMPLETED","data":{"job_id":"db3eff!85","job_state":"COMPLETED_SUCCESSFULLY","return_code":0,"kill_reason":"","alloc":"56-59"}}]}'
Sending '{"now":25.99496,"events":[{"timestamp":25.99496,"type":"EXECUTE_JOB","data":{"job_id":"db3eff!89","alloc":"56-59"}}]}'
Received '{"now":26.024231,"events":[{"timestamp":26.008620,"type":"JOB_COMPLETED","data":{"job_id":"db3eff!58","job_state":"COMPLETED_SUCCESSFULLY","return_code":0,"kill_reason":"","alloc":"36-51"}}]}'
Sending '{"now":26.024231,"events":[{"timestamp":26.024231,"type":"EXECUTE_JOB","data":{"job_id":"db3eff!59","alloc":"36-51"}}]}'
Received '{"now":26.876688,"events":[{"timestamp":26.876688,"type":"JOB_COMPLETED","data":{"job_id":"db3eff!73","job_state":"COMPLETED_SUCCESSFULLY","return_code":0,"kill_reason":"","alloc":"60-63"}}]}'
Sending '{"now":26.876688,"events":[{"timestamp":26.876688,"type":"EXECUTE_JOB","data":{"job_id":"db3eff!90","alloc":"60-63"}}]}'
Received '{"now":27.295789,"events":[{"timestamp":27.295789,"type":"JOB_COMPLETED","data":{"job_id":"db3eff!89","job_state":"COMPLETED_SUCCESSFULLY","return_code":0,"kill_reason":"","alloc":"56-59"}}]}'
Sending '{"now":27.295789,"events":[{"timestamp":27.295789,"type":"EXECUTE_JOB","data":{"job_id":"db3eff!92","alloc":"56-59"}}]}'
Received '{"now":27.506819,"events":[{"timestamp":27.506819,"type":"JOB_COMPLETED","data":{"job_id":"db3eff!50","job_state":"COMPLETED_SUCCESSFULLY","return_code":0,"kill_reason":"","alloc":"20-35"}}]}'
Sending '{"now":27.506819,"events":[{"timestamp":27.506819,"type":"EXECUTE_JOB","data":{"job_id":"db3eff!60","alloc":"16-31"}},{"timestamp":27.506819,"type":"EXECUTE_JOB","data":{"job_id":"db3eff!93","alloc":"32-35"}}]}'
Received '{"now":27.698517,"events":[{"timestamp":27.698517,"type":"JOB_COMPLETED","data":{"job_id":"db3eff!84","job_state":"COMPLETED_SUCCESSFULLY","return_code":0,"kill_reason":"","alloc":"52-55"}}]}'
Sending '{"now":27.698517,"events":[{"timestamp":27.698517,"type":"EXECUTE_JOB","data":{"job_id":"db3eff!95","alloc":"52-55"}}]}'
Received '{"now":27.855212,"events":[{"timestamp":27.855212,"type":"JOB_COMPLETED","data":{"job_id":"db3eff!92","job_state":"COMPLETED_SUCCESSFULLY","return_code":0,"kill_reason":"","alloc":"56-59"}}]}'
Sending '{"now":27.855212,"events":[{"timestamp":27.855212,"type":"EXECUTE_JOB","data":{"job_id":"db3eff!97","alloc":"56-59"}}]}'
Received '{"now":28.034356,"events":[{"timestamp":28.034356,"type":"JOB_COMPLETED","data":{"job_id":"db3eff!97","job_state":"COMPLETED_SUCCESSFULLY","return_code":0,"kill_reason":"","alloc":"56-59"}}]}'
Sending '{"now":28.034356,"events":[{"timestamp":28.034356,"type":"EXECUTE_JOB","data":{"job_id":"db3eff!99","alloc":"56-59"}}]}'
Received '{"now":28.185136,"events":[{"timestamp":28.185136,"type":"JOB_COMPLETED","data":{"job_id":"db3eff!93","job_state":"COMPLETED_SUCCESSFULLY","return_code":0,"kill_reason":"","alloc":"32-35"}}]}'
Sending '{"now":28.185136,"events":[]}'
Received '{"now":28.593940,"events":[{"timestamp":28.593940,"type":"JOB_COMPLETED","data":{"job_id":"db3eff!99","job_state":"COMPLETED_SUCCESSFULLY","return_code":0,"kill_reason":"","alloc":"56-59"}}]}'
Sending '{"now":28.59394,"events":[]}'
Received '{"now":28.893746,"events":[{"timestamp":28.893746,"type":"JOB_COMPLETED","data":{"job_id":"db3eff!95","job_state":"COMPLETED_SUCCESSFULLY","return_code":0,"kill_reason":"","alloc":"52-55"}}]}'
Sending '{"now":28.893746,"events":[]}'
Received '{"now":29.240031,"events":[{"timestamp":29.240031,"type":"JOB_COMPLETED","data":{"job_id":"db3eff!56","job_state":"COMPLETED_SUCCESSFULLY","return_code":0,"kill_reason":"","alloc":"0-15"}}]}'
Sending '{"now":29.240031,"events":[{"timestamp":29.240031,"type":"EXECUTE_JOB","data":{"job_id":"db3eff!61","alloc":"0-15"}}]}'
Received '{"now":29.293045,"events":[{"timestamp":29.293045,"type":"JOB_COMPLETED","data":{"job_id":"db3eff!90","job_state":"COMPLETED_SUCCESSFULLY","return_code":0,"kill_reason":"","alloc":"60-63"}}]}'
Sending '{"now":29.293045,"events":[]}'
Received '{"now":29.717421,"events":[{"timestamp":29.717421,"type":"JOB_COMPLETED","data":{"job_id":"db3eff!59","job_state":"COMPLETED_SUCCESSFULLY","return_code":0,"kill_reason":"","alloc":"36-51"}}]}'
Sending '{"now":29.717421,"events":[{"timestamp":29.717421,"type":"EXECUTE_JOB","data":{"job_id":"db3eff!64","alloc":"32-47"}},{"timestamp":29.717421,"type":"EXECUTE_JOB","data":{"job_id":"db3eff!67","alloc":"48-63"}}]}'
Received '{"now":31.087817,"events":[{"timestamp":31.087817,"type":"JOB_COMPLETED","data":{"job_id":"db3eff!60","job_state":"COMPLETED_SUCCESSFULLY","return_code":0,"kill_reason":"","alloc":"16-31"}}]}'
Sending '{"now":31.087817,"events":[{"timestamp":31.087817,"type":"EXECUTE_JOB","data":{"job_id":"db3eff!69","alloc":"16-31"}}]}'
Received '{"now":32.885378,"events":[{"timestamp":32.885378,"type":"JOB_COMPLETED","data":{"job_id":"db3eff!64","job_state":"COMPLETED_SUCCESSFULLY","return_code":0,"kill_reason":"","alloc":"32-47"}}]}'
Sending '{"now":32.885378,"events":[{"timestamp":32.885378,"type":"EXECUTE_JOB","data":{"job_id":"db3eff!75","alloc":"32-47"}}]}'
Received '{"now":35.072543,"events":[{"timestamp":35.072543,"type":"JOB_COMPLETED","data":{"job_id":"db3eff!61","job_state":"COMPLETED_SUCCESSFULLY","return_code":0,"kill_reason":"","alloc":"0-15"}}]}'
Sending '{"now":35.072543,"events":[{"timestamp":35.072543,"type":"EXECUTE_JOB","data":{"job_id":"db3eff!78","alloc":"0-15"}}]}'
Received '{"now":35.901700,"events":[{"timestamp":35.901700,"type":"JOB_COMPLETED","data":{"job_id":"db3eff!67","job_state":"COMPLETED_SUCCESSFULLY","return_code":0,"kill_reason":"","alloc":"48-63"}}]}'
Sending '{"now":35.9017,"events":[{"timestamp":35.9017,"type":"EXECUTE_JOB","data":{"job_id":"db3eff!79","alloc":"48-63"}}]}'
Received '{"now":36.132129,"events":[{"timestamp":36.132129,"type":"JOB_COMPLETED","data":{"job_id":"db3eff!78","job_state":"COMPLETED_SUCCESSFULLY","return_code":0,"kill_reason":"","alloc":"0-15"}}]}'
Sending '{"now":36.132129,"events":[{"timestamp":36.132129,"type":"EXECUTE_JOB","data":{"job_id":"db3eff!80","alloc":"0-15"}}]}'
Received '{"now":37.264361,"events":[{"timestamp":37.264361,"type":"JOB_COMPLETED","data":{"job_id":"db3eff!69","job_state":"COMPLETED_SUCCESSFULLY","return_code":0,"kill_reason":"","alloc":"16-31"}}]}'
Sending '{"now":37.264361,"events":[{"timestamp":37.264361,"type":"EXECUTE_JOB","data":{"job_id":"db3eff!81","alloc":"16-31"}}]}'
Received '{"now":39.061639,"events":[{"timestamp":39.061639,"type":"JOB_COMPLETED","data":{"job_id":"db3eff!75","job_state":"COMPLETED_SUCCESSFULLY","return_code":0,"kill_reason":"","alloc":"32-47"}}]}'
Sending '{"now":39.061639,"events":[{"timestamp":39.061639,"type":"EXECUTE_JOB","data":{"job_id":"db3eff!82","alloc":"32-47"}}]}'
Received '{"now":39.090911,"events":[{"timestamp":39.075299,"type":"JOB_COMPLETED","data":{"job_id":"db3eff!79","job_state":"COMPLETED_SUCCESSFULLY","return_code":0,"kill_reason":"","alloc":"48-63"}}]}'
Sending '{"now":39.090911,"events":[{"timestamp":39.090911,"type":"EXECUTE_JOB","data":{"job_id":"db3eff!83","alloc":"48-63"}}]}'
Received '{"now":40.432129,"events":[{"timestamp":40.432129,"type":"JOB_COMPLETED","data":{"job_id":"db3eff!81","job_state":"COMPLETED_SUCCESSFULLY","return_code":0,"kill_reason":"","alloc":"16-31"}}]}'
Sending '{"now":40.432129,"events":[{"timestamp":40.432129,"type":"EXECUTE_JOB","data":{"job_id":"db3eff!86","alloc":"16-31"}}]}'
Received '{"now":41.945217,"events":[{"timestamp":41.945217,"type":"JOB_COMPLETED","data":{"job_id":"db3eff!80","job_state":"COMPLETED_SUCCESSFULLY","return_code":0,"kill_reason":"","alloc":"0-15"}}]}'
Sending '{"now":41.945217,"events":[{"timestamp":41.945217,"type":"EXECUTE_JOB","data":{"job_id":"db3eff!87","alloc":"0-15"}}]}'
Received '{"now":42.130372,"events":[{"timestamp":42.130372,"type":"JOB_COMPLETED","data":{"job_id":"db3eff!87","job_state":"COMPLETED_SUCCESSFULLY","return_code":0,"kill_reason":"","alloc":"0-15"}}]}'
Sending '{"now":42.130372,"events":[{"timestamp":42.130372,"type":"EXECUTE_JOB","data":{"job_id":"db3eff!88","alloc":"0-15"}}]}'
Received '{"now":43.188984,"events":[{"timestamp":43.188984,"type":"JOB_COMPLETED","data":{"job_id":"db3eff!88","job_state":"COMPLETED_SUCCESSFULLY","return_code":0,"kill_reason":"","alloc":"0-15"}}]}'
Sending '{"now":43.188984,"events":[{"timestamp":43.188984,"type":"EXECUTE_JOB","data":{"job_id":"db3eff!91","alloc":"0-15"}}]}'
Received '{"now":43.599107,"events":[{"timestamp":43.599107,"type":"JOB_COMPLETED","data":{"job_id":"db3eff!86","job_state":"COMPLETED_SUCCESSFULLY","return_code":0,"kill_reason":"","alloc":"16-31"}}]}'
Sending '{"now":43.599107,"events":[{"timestamp":43.599107,"type":"EXECUTE_JOB","data":{"job_id":"db3eff!94","alloc":"16-31"}}]}'
Received '{"now":44.860911,"events":[{"timestamp":44.860911,"type":"JOB_COMPLETED","data":{"job_id":"db3eff!82","job_state":"COMPLETED_SUCCESSFULLY","return_code":0,"kill_reason":"","alloc":"32-47"}}]}'
Sending '{"now":44.860911,"events":[{"timestamp":44.860911,"type":"EXECUTE_JOB","data":{"job_id":"db3eff!96","alloc":"32-47"}}]}'
Received '{"now":44.890183,"events":[{"timestamp":44.874571,"type":"JOB_COMPLETED","data":{"job_id":"db3eff!83","job_state":"COMPLETED_SUCCESSFULLY","return_code":0,"kill_reason":"","alloc":"48-63"}}]}'
Sending '{"now":44.890183,"events":[{"timestamp":44.890183,"type":"EXECUTE_JOB","data":{"job_id":"db3eff!98","alloc":"48-63"}}]}'
Received '{"now":46.357229,"events":[{"timestamp":46.357229,"type":"JOB_COMPLETED","data":{"job_id":"db3eff!91","job_state":"COMPLETED_SUCCESSFULLY","return_code":0,"kill_reason":"","alloc":"0-15"}}]}'
Sending '{"now":46.357229,"events":[{"timestamp":46.357229,"type":"EXECUTE_JOB","data":{"job_id":"db3eff!100","alloc":"0-15"}}]}'
Received '{"now":48.471373,"events":[{"timestamp":48.471373,"type":"JOB_COMPLETED","data":{"job_id":"db3eff!98","job_state":"COMPLETED_SUCCESSFULLY","return_code":0,"kill_reason":"","alloc":"48-63"}}]}'
Sending '{"now":48.471373,"events":[]}'
Received '{"now":49.392275,"events":[{"timestamp":49.392275,"type":"JOB_COMPLETED","data":{"job_id":"db3eff!94","job_state":"COMPLETED_SUCCESSFULLY","return_code":0,"kill_reason":"","alloc":"16-31"}}]}'
Sending '{"now":49.392275,"events":[]}'
Received '{"now":49.938941,"events":[{"timestamp":49.938941,"type":"JOB_COMPLETED","data":{"job_id":"db3eff!100","job_state":"COMPLETED_SUCCESSFULLY","return_code":0,"kill_reason":"","alloc":"0-15"}}]}'
Sending '{"now":49.938941,"events":[]}'
Received '{"now":51.051812,"events":[{"timestamp":51.051812,"type":"JOB_COMPLETED","data":{"job_id":"db3eff!96","job_state":"COMPLETED_SUCCESSFULLY","return_code":0,"kill_reason":"","alloc":"32-47"}},{"timestamp":51.051812,"type":"SIMULATION_ENDS","data":{}}]}'
Sending '{"now":51.051812,"events":[]}'
