variant_options = '{"custom_mapping": true}'
Received '{"now":0.000000,"events":[{"timestamp":0.000000,"type":"SIMULATION_BEGINS","data":{"nb_resources":64,"allow_time_sharing":false,"config":{"redis":{"enabled":false,"hostname":"127.0.0.1","port":6379,"prefix":"default"},"job_submission":{"forward_profiles":false,"from_scheduler":{"enabled":false,"acknowledge":true}}},"resources_data":[{"id":0,"name":"n1","state":"idle","properties":{}},{"id":1,"name":"n2","state":"idle","properties":{}},{"id":2,"name":"n3","state":"idle","properties":{}},{"id":3,"name":"n4","state":"idle","properties":{}},{"id":4,"name":"n5","state":"idle","properties":{}},{"id":5,"name":"n6","state":"idle","properties":{}},{"id":6,"name":"n7","state":"idle","properties":{}},{"id":7,"name":"n8","state":"idle","properties":{}},{"id":8,"name":"n9","state":"idle","properties":{}},{"id":9,"name":"n10","state":"idle","properties":{}},{"id":10,"name":"n11","state":"idle","properties":{}},{"id":11,"name":"n12","state":"idle","properties":{}},{"id":12,"name":"n13","state":"idle","properties":{}},{"id":13,"name":"n14","state":"idle","properties":{}},{"id":14,"name":"n15","state":"idle","properties":{}},{"id":15,"name":"n16","state":"idle","properties":{}},{"id":16,"name":"n17","state":"idle","properties":{}},{"id":17,"name":"n18","state":"idle","properties":{}},{"id":18,"name":"n19","state":"idle","properties":{}},{"id":19,"name":"n20","state":"idle","properties":{}},{"id":20,"name":"n21","state":"idle","properties":{}},{"id":21,"name":"n22","state":"idle","properties":{}},{"id":22,"name":"n23","state":"idle","properties":{}},{"id":23,"name":"n24","state":"idle","properties":{}},{"id":24,"name":"n25","state":"idle","properties":{}},{"id":25,"name":"n26","state":"idle","properties":{}},{"id":26,"name":"n27","state":"idle","properties":{}},{"id":27,"name":"n28","state":"idle","properties":{}},{"id":28,"name":"n29","state":"idle","properties":{}},{"id":29,"name":"n30","state":"idle","properties":{}},{"id":30,"name":"n31","state":"idle","properties":{}},{"id":31,"name":"n32","state":"idle","properties":{}},{"id":32,"name":"n33","state":"idle","properties":{}},{"id":33,"name":"n34","state":"idle","properties":{}},{"id":34,"name":"n35","state":"idle","properties":{}},{"id":35,"name":"n36","state":"idle","properties":{}},{"id":36,"name":"n37","state":"idle","properties":{}},{"id":37,"name":"n38","state":"idle","properties":{}},{"id":38,"name":"n39","state":"idle","properties":{}},{"id":39,"name":"n40","state":"idle","properties":{}},{"id":40,"name":"n41","state":"idle","properties":{}},{"id":41,"name":"n42","state":"idle","properties":{}},{"id":42,"name":"n43","state":"idle","properties":{}},{"id":43,"name":"n44","state":"idle","properties":{}},{"id":44,"name":"n45","state":"idle","properties":{}},{"id":45,"name":"n46","state":"idle","properties":{}},{"id":46,"name":"n47","state":"idle","properties":{}},{"id":47,"name":"n48","state":"idle","properties":{}},{"id":48,"name":"n49","state":"idle","properties":{}},{"id":49,"name":"n50","state":"idle","properties":{}},{"id":50,"name":"n51","state":"idle","properties":{}},{"id":51,"name":"n52","state":"idle","properties":{}},{"id":52,"name":"n53","state":"idle","properties":{}},{"id":53,"name":"n54","state":"idle","properties":{}},{"id":54,"name":"n55","state":"idle","properties":{}},{"id":55,"name":"n56","state":"idle","properties":{}},{"id":56,"name":"n57","state":"idle","properties":{}},{"id":57,"name":"n58","state":"idle","properties":{}},{"id":58,"name":"n59","state":"idle","properties":{}},{"id":59,"name":"n60","state":"idle","properties":{}},{"id":60,"name":"n61","state":"idle","properties":{}},{"id":61,"name":"n62","state":"idle","properties":{}},{"id":62,"name":"n63","state":"idle","properties":{}},{"id":63,"name":"n64","state":"idle","properties":{}}],"workloads":{"051425":"/github-simgrid/190311/../batsim-v2.0.0/workload_profiles/npb_160_jobs.json"}}}]}'
Sending '{"now":0.0,"events":[]}'
Received '{"now":0.047824,"events":[{"timestamp":0.047824,"type":"JOB_SUBMITTED","data":{"job_id":"051425!1","job":{"id":"051425!1","profile":"SP.S.16","res":16,"subtime":0.047793,"walltime":4200}}}]}'
Sending '{"now":0.047824,"events":[{"timestamp":0.047824,"type":"EXECUTE_JOB","data":{"job_id":"051425!1","alloc":"0-15"}}]}'
Received '{"now":0.132959,"events":[{"timestamp":0.132959,"type":"JOB_SUBMITTED","data":{"job_id":"051425!2","job":{"id":"051425!2","profile":"MG.S.16","res":16,"subtime":0.132928,"walltime":4200}}}]}'
Sending '{"now":0.132959,"events":[{"timestamp":0.132959,"type":"EXECUTE_JOB","data":{"job_id":"051425!2","alloc":"16-31"}}]}'
Received '{"now":0.154039,"events":[{"timestamp":0.154039,"type":"JOB_SUBMITTED","data":{"job_id":"051425!3","job":{"id":"051425!3","profile":"BT.S.16","res":16,"subtime":0.154009,"walltime":4200}}}]}'
Sending '{"now":0.154039,"events":[{"timestamp":0.154039,"type":"EXECUTE_JOB","data":{"job_id":"051425!3","alloc":"32-47"}}]}'
Received '{"now":0.202461,"events":[{"timestamp":0.202461,"type":"JOB_SUBMITTED","data":{"job_id":"051425!4","job":{"id":"051425!4","profile":"SP.S.4","res":4,"subtime":0.202431,"walltime":4200}}}]}'
Sending '{"now":0.202461,"events":[{"timestamp":0.202461,"type":"EXECUTE_JOB","data":{"job_id":"051425!4","alloc":"48-51"}}]}'
Received '{"now":0.425408,"events":[{"timestamp":0.425408,"type":"JOB_SUBMITTED","data":{"job_id":"051425!5","job":{"id":"051425!5","profile":"BT.S.16","res":16,"subtime":0.425378,"walltime":4200}}}]}'
Sending '{"now":0.425408,"events":[]}'
Received '{"now":0.715715,"events":[{"timestamp":0.715715,"type":"JOB_COMPLETED","data":{"job_id":"051425!2","job_state":"COMPLETED_SUCCESSFULLY","return_code":0,"kill_reason":"","alloc":"16-31"}}]}'
Sending '{"now":0.715715,"events":[{"timestamp":0.715715,"type":"EXECUTE_JOB","data":{"job_id":"051425!5","alloc":"16-31"}}]}'
Received '{"now":0.739898,"events":[{"timestamp":0.739898,"type":"JOB_SUBMITTED","data":{"job_id":"051425!6","job":{"id":"051425!6","profile":"CG.S.16","res":16,"subtime":0.739874,"walltime":4200}}}]}'
Sending '{"now":0.739898,"events":[]}'
Received '{"now":0.784787,"events":[{"timestamp":0.784787,"type":"JOB_COMPLETED","data":{"job_id":"051425!4","job_state":"COMPLETED_SUCCESSFULLY","return_code":0,"kill_reason":"","alloc":"48-51"}}]}'
Sending '{"now":0.784787,"events":[{"timestamp":0.784787,"type":"EXECUTE_JOB","data":{"job_id":"051425!6","alloc":"48-63"}}]}'
Received '{"now":0.837917,"events":[{"timestamp":0.837917,"type":"JOB_SUBMITTED","data":{"job_id":"051425!7","job":{"id":"051425!7","profile":"CG.S.16","res":16,"subtime":0.837899,"walltime":4200}}}]}'
Sending '{"now":0.837917,"events":[]}'
Received '{"now":1.070110,"events":[{"timestamp":1.070110,"type":"JOB_SUBMITTED","data":{"job_id":"051425!8","job":{"id":"051425!8","profile":"BT.S.4","res":4,"subtime":1.070085,"walltime":4200}}}]}'
Sending '{"now":1.07011,"events":[]}'
Received '{"now":1.174609,"events":[{"timestamp":1.174609,"type":"JOB_SUBMITTED","data":{"job_id":"051425!9","job":{"id":"051425!9","profile":"BT.S.16","res":16,"subtime":1.174591,"walltime":4200}}}]}'
Sending '{"now":1.174609,"events":[]}'
Received '{"now":1.180987,"events":[{"timestamp":1.180987,"type":"JOB_COMPLETED","data":{"job_id":"051425!1","job_state":"COMPLETED_SUCCESSFULLY","return_code":0,"kill_reason":"","alloc":"0-15"}}]}'
Sending '{"now":1.180987,"events":[{"timestamp":1.180987,"type":"EXECUTE_JOB","data":{"job_id":"051425!7","alloc":"0-15"}}]}'
Received '{"now":1.285257,"events":[{"timestamp":1.285257,"type":"JOB_SUBMITTED","data":{"job_id":"051425!10","job":{"id":"051425!10","profile":"IS.S.16","res":16,"subtime":1.285227,"walltime":4200}}}]}'
Sending '{"now":1.285257,"events":[]}'
Received '{"now":1.303449,"events":[{"timestamp":1.303449,"type":"JOB_SUBMITTED","data":{"job_id":"051425!11","job":{"id":"051425!11","profile":"BT.S.16","res":16,"subtime":1.303425,"walltime":4200}}}]}'
Sending '{"now":1.303449,"events":[]}'
Received '{"now":1.347975,"events":[{"timestamp":1.347975,"type":"JOB_SUBMITTED","data":{"job_id":"051425!12","job":{"id":"051425!12","profile":"CG.S.16","res":16,"subtime":1.347948,"walltime":4200}}}]}'
Sending '{"now":1.347975,"events":[]}'
Received '{"now":1.629580,"events":[{"timestamp":1.629580,"type":"JOB_SUBMITTED","data":{"job_id":"051425!13","job":{"id":"051425!13","profile":"CG.S.16","res":16,"subtime":1.629556,"walltime":4200}}}]}'
Sending '{"now":1.62958,"events":[]}'
Received '{"now":1.701196,"events":[{"timestamp":1.701196,"type":"JOB_SUBMITTED","data":{"job_id":"051425!14","job":{"id":"051425!14","profile":"BT.S.4","res":4,"subtime":1.701166,"walltime":4200}}}]}'
Sending '{"now":1.701196,"events":[]}'
Received '{"now":1.788190,"events":[{"timestamp":1.788190,"type":"JOB_COMPLETED","data":{"job_id":"051425!6","job_state":"COMPLETED_SUCCESSFULLY","return_code":0,"kill_reason":"","alloc":"48-63"}}]}'
Sending '{"now":1.78819,"events":[{"timestamp":1.78819,"type":"EXECUTE_JOB","data":{"job_id":"051425!8","alloc":"48-51"}},{"timestamp":1.78819,"type":"EXECUTE_JOB","data":{"job_id":"051425!14","alloc":"52-55"}}]}'
Received '{"now":1.808362,"events":[{"timestamp":1.808362,"type":"JOB_SUBMITTED","data":{"job_id":"051425!15","job":{"id":"051425!15","profile":"FT.S.16","res":16,"subtime":1.808332,"walltime":4200}}}]}'
Sending '{"now":1.808362,"events":[]}'
Received '{"now":1.937477,"events":[{"timestamp":1.937477,"type":"JOB_SUBMITTED","data":{"job_id":"051425!16","job":{"id":"051425!16","profile":"IS.S.4","res":4,"subtime":1.937452,"walltime":4200}}}]}'
Sending '{"now":1.937477,"events":[{"timestamp":1.937477,"type":"EXECUTE_JOB","data":{"job_id":"051425!16","alloc":"56-59"}}]}'
Received '{"now":2.016738,"events":[{"timestamp":2.016738,"type":"JOB_COMPLETED","data":{"job_id":"051425!3","job_state":"COMPLETED_SUCCESSFULLY","return_code":0,"kill_reason":"","alloc":"32-47"}}]}'
Sending '{"now":2.016738,"events":[{"timestamp":2.016738,"type":"EXECUTE_JOB","data":{"job_id":"051425!9","alloc":"32-47"}}]}'
Received '{"now":2.161927,"events":[{"timestamp":2.161927,"type":"JOB_COMPLETED","data":{"job_id":"051425!7","job_state":"COMPLETED_SUCCESSFULLY","return_code":0,"kill_reason":"","alloc":"0-15"}}]}'
Sending '{"now":2.161927,"events":[{"timestamp":2.161927,"type":"EXECUTE_JOB","data":{"job_id":"051425!10","alloc":"0-15"}}]}'
Received '{"now":2.231857,"events":[{"timestamp":2.231857,"type":"JOB_SUBMITTED","data":{"job_id":"051425!17","job":{"id":"051425!17","profile":"LU.S.4","res":4,"subtime":2.231826,"walltime":4200}}}]}'
Sending '{"now":2.231857,"events":[{"timestamp":2.231857,"type":"EXECUTE_JOB","data":{"job_id":"051425!17","alloc":"60-63"}}]}'
Received '{"now":2.236221,"events":[{"timestamp":2.236221,"type":"JOB_SUBMITTED","data":{"job_id":"051425!18","job":{"id":"051425!18","profile":"LU.S.4","res":4,"subtime":2.236197,"walltime":4200}}}]}'
Sending '{"now":2.236221,"events":[]}'
Received '{"now":2.238673,"events":[{"timestamp":2.238673,"type":"JOB_SUBMITTED","data":{"job_id":"051425!19","job":{"id":"051425!19","profile":"FT.S.4","res":4,"subtime":2.238657,"walltime":4200}}}]}'
Sending '{"now":2.238673,"events":[]}'
Received '{"now":2.298355,"events":[{"timestamp":2.298355,"type":"JOB_COMPLETED","data":{"job_id":"051425!16","job_state":"COMPLETED_SUCCESSFULLY","return_code":0,"kill_reason":"","alloc":"56-59"}}]}'
Sending '{"now":2.298355,"events":[{"timestamp":2.298355,"type":"EXECUTE_JOB","data":{"job_id":"051425!18","alloc":"56-59"}}]}'
Received '{"now":2.314371,"events":[{"timestamp":2.314371,"type":"JOB_SUBMITTED","data":{"job_id":"051425!20","job":{"id":"051425!20","profile":"SP.S.16","res":16,"subtime":2.314341,"walltime":4200}}}]}'
Sending '{"now":2.314371,"events":[]}'
Received '{"now":2.322259,"events":[{"timestamp":2.322259,"type":"JOB_COMPLETED","data":{"job_id":"051425!10","job_state":"COMPLETED_SUCCESSFULLY","return_code":0,"kill_reason":"","alloc":"0-15"}}]}'
Sending '{"now":2.322259,"events":[{"timestamp":2.322259,"type":"EXECUTE_JOB","data":{"job_id":"051425!11","alloc":"0-15"}}]}'
Received '{"now":2.339621,"events":[{"timestamp":2.339621,"type":"JOB_SUBMITTED","data":{"job_id":"051425!21","job":{"id":"051425!21","profile":"MG.S.16","res":16,"subtime":2.339594,"walltime":4200}}}]}'
Sending '{"now":2.339621,"events":[]}'
Received '{"now":2.369071,"events":[{"timestamp":2.369071,"type":"JOB_SUBMITTED","data":{"job_id":"051425!22","job":{"id":"051425!22","profile":"BT.S.4","res":4,"subtime":2.369041,"walltime":4200}}}]}'
Sending '{"now":2.369071,"events":[]}'
Received '{"now":2.416866,"events":[{"timestamp":2.416866,"type":"JOB_SUBMITTED","data":{"job_id":"051425!23","job":{"id":"051425!23","profile":"LU.S.16","res":16,"subtime":2.416846,"walltime":4200}}}]}'
Sending '{"now":2.416866,"events":[]}'
Received '{"now":2.419861,"events":[{"timestamp":2.419861,"type":"JOB_SUBMITTED","data":{"job_id":"051425!24","job":{"id":"051425!24","profile":"LU.S.16","res":16,"subtime":2.419831,"walltime":4200}}}]}'
Sending '{"now":2.419861,"events":[]}'
Received '{"now":2.706862,"events":[{"timestamp":2.706862,"type":"JOB_COMPLETED","data":{"job_id":"051425!8","job_state":"COMPLETED_SUCCESSFULLY","return_code":0,"kill_reason":"","alloc":"48-51"}}]}'
Sending '{"now":2.706862,"events":[{"timestamp":2.706862,"type":"EXECUTE_JOB","data":{"job_id":"051425!19","alloc":"48-51"}}]}'
Received '{"now":2.707132,"events":[{"timestamp":2.707071,"type":"JOB_COMPLETED","data":{"job_id":"051425!14","job_state":"COMPLETED_SUCCESSFULLY","return_code":0,"kill_reason":"","alloc":"52-55"}}]}'
Sending '{"now":2.707132,"events":[{"timestamp":2.707132,"type":"EXECUTE_JOB","data":{"job_id":"051425!22","alloc":"52-55"}}]}'
Received '{"now":2.715100,"events":[{"timestamp":2.715100,"type":"JOB_SUBMITTED","data":{"job_id":"051425!25","job":{"id":"051425!25","profile":"FT.S.16","res":16,"subtime":2.715070,"walltime":4200}}}]}'
Sending '{"now":2.7151,"events":[]}'
Received '{"now":2.742725,"events":[{"timestamp":2.742725,"type":"JOB_COMPLETED","data":{"job_id":"051425!5","job_state":"COMPLETED_SUCCESSFULLY","return_code":0,"kill_reason":"","alloc":"16-31"}}]}'
Sending '{"now":2.742725,"events":[{"timestamp":2.742725,"type":"EXECUTE_JOB","data":{"job_id":"051425!12","alloc":"16-31"}}]}'
Received '{"now":2.817715,"events":[{"timestamp":2.817715,"type":"JOB_SUBMITTED","data":{"job_id":"051425!26","job":{"id":"051425!26","profile":"MG.S.16","res":16,"subtime":2.817685,"walltime":4200}}}]}'
Sending '{"now":2.817715,"events":[]}'
Received '{"now":3.024885,"events":[{"timestamp":3.024885,"type":"JOB_SUBMITTED","data":{"job_id":"051425!27","job":{"id":"051425!27","profile":"SP.S.4","res":4,"subtime":3.024855,"walltime":4200}}}]}'
Sending '{"now":3.024885,"events":[]}'
Received '{"now":3.089020,"events":[{"timestamp":3.089020,"type":"JOB_COMPLETED","data":{"job_id":"051425!17","job_state":"COMPLETED_SUCCESSFULLY","return_code":0,"kill_reason":"","alloc":"60-63"}}]}'
Sending '{"now":3.08902,"events":[{"timestamp":3.08902,"type":"EXECUTE_JOB","data":{"job_id":"051425!27","alloc":"60-63"}}]}'
Received '{"now":3.146144,"events":[{"timestamp":3.146144,"type":"JOB_COMPLETED","data":{"job_id":"051425!18","job_state":"COMPLETED_SUCCESSFULLY","return_code":0,"kill_reason":"","alloc":"56-59"}}]}'
Sending '{"now":3.146144,"events":[]}'
Received '{"now":3.228243,"events":[{"timestamp":3.228243,"type":"JOB_SUBMITTED","data":{"job_id":"051425!28","job":{"id":"051425!28","profile":"FT.S.16","res":16,"subtime":3.228217,"walltime":4200}}}]}'
Sending '{"now":3.228243,"events":[]}'
Received '{"now":3.315188,"events":[{"timestamp":3.315188,"type":"JOB_SUBMITTED","data":{"job_id":"051425!29","job":{"id":"051425!29","profile":"LU.S.4","res":4,"subtime":3.315158,"walltime":4200}}}]}'
Sending '{"now":3.315188,"events":[{"timestamp":3.315188,"type":"EXECUTE_JOB","data":{"job_id":"051425!29","alloc":"56-59"}}]}'
Received '{"now":3.397090,"events":[{"timestamp":3.397090,"type":"JOB_COMPLETED","data":{"job_id":"051425!22","job_state":"COMPLETED_SUCCESSFULLY","return_code":0,"kill_reason":"","alloc":"52-55"}}]}'
Sending '{"now":3.39709,"events":[]}'
Received '{"now":3.423386,"events":[{"timestamp":3.423386,"type":"JOB_SUBMITTED","data":{"job_id":"051425!30","job":{"id":"051425!30","profile":"CG.S.4","res":4,"subtime":3.423356,"walltime":4200}}}]}'
Sending '{"now":3.423386,"events":[{"timestamp":3.423386,"type":"EXECUTE_JOB","data":{"job_id":"051425!30","alloc":"52-55"}}]}'
Received '{"now":3.444443,"events":[{"timestamp":3.444443,"type":"JOB_SUBMITTED","data":{"job_id":"051425!31","job":{"id":"051425!31","profile":"BT.S.4","res":4,"subtime":3.444413,"walltime":4200}}}]}'
Sending '{"now":3.444443,"events":[]}'
Received '{"now":3.449858,"events":[{"timestamp":3.449858,"type":"JOB_SUBMITTED","data":{"job_id":"051425!32","job":{"id":"051425!32","profile":"FT.S.16","res":16,"subtime":3.449827,"walltime":4200}}}]}'
Sending '{"now":3.449858,"events":[]}'
Received '{"now":3.568262,"events":[{"timestamp":3.568262,"type":"JOB_SUBMITTED","data":{"job_id":"051425!33","job":{"id":"051425!33","profile":"CG.S.16","res":16,"subtime":3.568231,"walltime":4200}}}]}'
Sending '{"now":3.568262,"events":[]}'
Received '{"now":3.570348,"events":[{"timestamp":3.570348,"type":"JOB_COMPLETED","data":{"job_id":"051425!27","job_state":"COMPLETED_SUCCESSFULLY","return_code":0,"kill_reason":"","alloc":"60-63"}}]}'
Sending '{"now":3.570348,"events":[{"timestamp":3.570348,"type":"EXECUTE_JOB","data":{"job_id":"051425!31","alloc":"60-63"}}]}'
Received '{"now":3.765200,"events":[{"timestamp":3.765200,"type":"JOB_COMPLETED","data":{"job_id":"051425!12","job_state":"COMPLETED_SUCCESSFULLY","return_code":0,"kill_reason":"","alloc":"16-31"}}]}'
Sending '{"now":3.7652,"events":[{"timestamp":3.7652,"type":"EXECUTE_JOB","data":{"job_id":"051425!13","alloc":"16-31"}}]}'
Received '{"now":3.860083,"events":[{"timestamp":3.860083,"type":"JOB_SUBMITTED","data":{"job_id":"051425!34","job":{"id":"051425!34","profile":"FT.S.4","res":4,"subtime":3.860053,"walltime":4200}}}]}'
Sending '{"now":3.860083,"events":[]}'
Received '{"now":3.922785,"events":[{"timestamp":3.922785,"type":"JOB_COMPLETED","data":{"job_id":"051425!30","job_state":"COMPLETED_SUCCESSFULLY","return_code":0,"kill_reason":"","alloc":"52-55"}}]}'
Sending '{"now":3.922785,"events":[{"timestamp":3.922785,"type":"EXECUTE_JOB","data":{"job_id":"051425!34","alloc":"52-55"}}]}'
Received '{"now":3.993722,"events":[{"timestamp":3.993722,"type":"JOB_SUBMITTED","data":{"job_id":"051425!35","job":{"id":"051425!35","profile":"LU.S.16","res":16,"subtime":3.993696,"walltime":4200}}}]}'
Sending '{"now":3.993722,"events":[]}'
Received '{"now":4.061977,"events":[{"timestamp":4.061977,"type":"JOB_SUBMITTED","data":{"job_id":"051425!36","job":{"id":"051425!36","profile":"MG.S.4","res":4,"subtime":4.061948,"walltime":4200}}}]}'
Sending '{"now":4.061977,"events":[]}'
Received '{"now":4.108777,"events":[{"timestamp":4.108777,"type":"JOB_SUBMITTED","data":{"job_id":"051425!37","job":{"id":"051425!37","profile":"IS.S.4","res":4,"subtime":4.108747,"walltime":4200}}}]}'
Sending '{"now":4.108777,"events":[]}'
Received '{"now":4.111176,"events":[{"timestamp":4.111176,"type":"JOB_SUBMITTED","data":{"job_id":"051425!38","job":{"id":"051425!38","profile":"LU.S.16","res":16,"subtime":4.111149,"walltime":4200}}}]}'
Sending '{"now":4.111176,"events":[]}'
Received '{"now":4.118135,"events":[{"timestamp":4.118135,"type":"JOB_COMPLETED","data":{"job_id":"051425!29","job_state":"COMPLETED_SUCCESSFULLY","return_code":0,"kill_reason":"","alloc":"56-59"}}]}'
Sending '{"now":4.118135,"events":[{"timestamp":4.118135,"type":"EXECUTE_JOB","data":{"job_id":"051425!36","alloc":"56-59"}}]}'
Received '{"now":4.171737,"events":[{"timestamp":4.171737,"type":"JOB_COMPLETED","data":{"job_id":"051425!9","job_state":"COMPLETED_SUCCESSFULLY","return_code":0,"kill_reason":"","alloc":"32-47"}}]}'
Sending '{"now":4.171737,"events":[{"timestamp":4.171737,"type":"EXECUTE_JOB","data":{"job_id":"051425!15","alloc":"32-47"}}]}'
Received '{"now":4.195279,"events":[{"timestamp":4.195279,"type":"JOB_COMPLETED","data":{"job_id":"051425!19","job_state":"COMPLETED_SUCCESSFULLY","return_code":0,"kill_reason":"","alloc":"48-51"}}]}'
Sending '{"now":4.195279,"events":[{"timestamp":4.195279,"type":"EXECUTE_JOB","data":{"job_id":"051425!37","alloc":"48-51"}}]}'
Received '{"now":4.227309,"events":[{"timestamp":4.227309,"type":"JOB_SUBMITTED","data":{"job_id":"051425!39","job":{"id":"051425!39","profile":"MG.S.16","res":16,"subtime":4.227278,"walltime":4200}}}]}'
Sending '{"now":4.227309,"events":[]}'
Received '{"now":4.290058,"events":[{"timestamp":4.290058,"type":"JOB_COMPLETED","data":{"job_id":"051425!31","job_state":"COMPLETED_SUCCESSFULLY","return_code":0,"kill_reason":"","alloc":"60-63"}}]}'
Sending '{"now":4.290058,"events":[]}'
Received '{"now":4.391108,"events":[{"timestamp":4.391108,"type":"JOB_COMPLETED","data":{"job_id":"051425!11","job_state":"COMPLETED_SUCCESSFULLY","return_code":0,"kill_reason":"","alloc":"0-15"}}]}'
Sending '{"now":4.391108,"events":[{"timestamp":4.391108,"type":"EXECUTE_JOB","data":{"job_id":"051425!20","alloc":"0-15"}}]}'
Received '{"now":4.448997,"events":[{"timestamp":4.448997,"type":"JOB_COMPLETED","data":{"job_id":"051425!36","job_state":"COMPLETED_SUCCESSFULLY","return_code":0,"kill_reason":"","alloc":"56-59"}}]}'
Sending '{"now":4.448997,"events":[]}'
Received '{"now":4.477907,"events":[{"timestamp":4.477907,"type":"JOB_COMPLETED","data":{"job_id":"051425!37","job_state":"COMPLETED_SUCCESSFULLY","return_code":0,"kill_reason":"","alloc":"48-51"}}]}'
Sending '{"now":4.477907,"events":[]}'
Received '{"now":4.504762,"events":[{"timestamp":4.504762,"type":"JOB_SUBMITTED","data":{"job_id":"051425!40","job":{"id":"051425!40","profile":"FT.S.4","res":4,"subtime":4.504737,"walltime":4200}}}]}'
Sending '{"now":4.504762,"events":[{"timestamp":4.504762,"type":"EXECUTE_JOB","data":{"job_id":"051425!40","alloc":"48-51"}}]}'
Received '{"now":4.612332,"events":[{"timestamp":4.612332,"type":"JOB_SUBMITTED","data":{"job_id":"051425!41","job":{"id":"051425!41","profile":"CG.S.4","res":4,"subtime":4.612302,"walltime":4200}}}]}'
Sending '{"now":4.612332,"events":[{"timestamp":4.612332,"type":"EXECUTE_JOB","data":{"job_id":"051425!41","alloc":"56-59"}}]}'
Received '{"now":4.641361,"events":[{"timestamp":4.641361,"type":"JOB_SUBMITTED","data":{"job_id":"051425!42","job":{"id":"051425!42","profile":"BT.S.4","res":4,"subtime":4.641331,"walltime":4200}}}]}'
Sending '{"now":4.641361,"events":[{"timestamp":4.641361,"type":"EXECUTE_JOB","data":{"job_id":"051425!42","alloc":"60-63"}}]}'
Received '{"now":4.733574,"events":[{"timestamp":4.733574,"type":"JOB_COMPLETED","data":{"job_id":"051425!13","job_state":"COMPLETED_SUCCESSFULLY","return_code":0,"kill_reason":"","alloc":"16-31"}}]}'
Sending '{"now":4.733574,"events":[{"timestamp":4.733574,"type":"EXECUTE_JOB","data":{"job_id":"051425!21","alloc":"16-31"}}]}'
Received '{"now":4.761155,"events":[{"timestamp":4.761155,"type":"JOB_COMPLETED","data":{"job_id":"051425!15","job_state":"COMPLETED_SUCCESSFULLY","return_code":0,"kill_reason":"","alloc":"32-47"}}]}'
Sending '{"now":4.761155,"events":[{"timestamp":4.761155,"type":"EXECUTE_JOB","data":{"job_id":"051425!23","alloc":"32-47"}}]}'
Received '{"now":4.783473,"events":[{"timestamp":4.783473,"type":"JOB_SUBMITTED","data":{"job_id":"051425!43","job":{"id":"051425!43","profile":"IS.S.16","res":16,"subtime":4.783449,"walltime":4200}}}]}'
Sending '{"now":4.783473,"events":[]}'
Received '{"now":4.819596,"events":[{"timestamp":4.819596,"type":"JOB_SUBMITTED","data":{"job_id":"051425!44","job":{"id":"051425!44","profile":"FT.S.4","res":4,"subtime":4.819566,"walltime":4200}}}]}'
Sending '{"now":4.819596,"events":[]}'
Received '{"now":4.902326,"events":[{"timestamp":4.902326,"type":"JOB_SUBMITTED","data":{"job_id":"051425!45","job":{"id":"051425!45","profile":"CG.S.4","res":4,"subtime":4.902302,"walltime":4200}}}]}'
Sending '{"now":4.902326,"events":[]}'
Received '{"now":4.988591,"events":[{"timestamp":4.988591,"type":"JOB_SUBMITTED","data":{"job_id":"051425!46","job":{"id":"051425!46","profile":"IS.S.16","res":16,"subtime":4.988567,"walltime":4200}}}]}'
Sending '{"now":4.988591,"events":[]}'
Received '{"now":5.197232,"events":[{"timestamp":5.197232,"type":"JOB_COMPLETED","data":{"job_id":"051425!41","job_state":"COMPLETED_SUCCESSFULLY","return_code":0,"kill_reason":"","alloc":"56-59"}}]}'
Sending '{"now":5.197232,"events":[{"timestamp":5.197232,"type":"EXECUTE_JOB","data":{"job_id":"051425!44","alloc":"56-59"}}]}'
Received '{"now":5.223969,"events":[{"timestamp":5.223969,"type":"JOB_COMPLETED","data":{"job_id":"051425!34","job_state":"COMPLETED_SUCCESSFULLY","return_code":0,"kill_reason":"","alloc":"52-55"}}]}'
Sending '{"now":5.223969,"events":[{"timestamp":5.223969,"type":"EXECUTE_JOB","data":{"job_id":"051425!45","alloc":"52-55"}}]}'
Received '{"now":5.242988,"events":[{"timestamp":5.242988,"type":"JOB_SUBMITTED","data":{"job_id":"051425!47","job":{"id":"051425!47","profile":"MG.S.16","res":16,"subtime":5.242958,"walltime":4200}}}]}'
Sending '{"now":5.242988,"events":[]}'
Received '{"now":5.243620,"events":[{"timestamp":5.243620,"type":"JOB_COMPLETED","data":{"job_id":"051425!21","job_state":"COMPLETED_SUCCESSFULLY","return_code":0,"kill_reason":"","alloc":"16-31"}}]}'
Sending '{"now":5.24362,"events":[{"timestamp":5.24362,"type":"EXECUTE_JOB","data":{"job_id":"051425!24","alloc":"16-31"}}]}'
Received '{"now":5.258561,"events":[{"timestamp":5.258561,"type":"JOB_COMPLETED","data":{"job_id":"051425!42","job_state":"COMPLETED_SUCCESSFULLY","return_code":0,"kill_reason":"","alloc":"60-63"}}]}'
Sending '{"now":5.258561,"events":[]}'
Received '{"now":5.435058,"events":[{"timestamp":5.435058,"type":"JOB_COMPLETED","data":{"job_id":"051425!40","job_state":"COMPLETED_SUCCESSFULLY","return_code":0,"kill_reason":"","alloc":"48-51"}}]}'
Sending '{"now":5.435058,"events":[]}'
Received '{"now":5.436023,"events":[{"timestamp":5.436023,"type":"JOB_COMPLETED","data":{"job_id":"051425!20","job_state":"COMPLETED_SUCCESSFULLY","return_code":0,"kill_reason":"","alloc":"0-15"}}]}'
Sending '{"now":5.436023,"events":[{"timestamp":5.436023,"type":"EXECUTE_JOB","data":{"job_id":"051425!25","alloc":"0-15"}}]}'
Received '{"now":5.455694,"events":[{"timestamp":5.455694,"type":"JOB_SUBMITTED","data":{"job_id":"051425!48","job":{"id":"051425!48","profile":"CG.S.4","res":4,"subtime":5.455670,"walltime":4200}}}]}'
Sending '{"now":5.455694,"events":[{"timestamp":5.455694,"type":"EXECUTE_JOB","data":{"job_id":"051425!48","alloc":"48-51"}}]}'
Received '{"now":5.710985,"events":[{"timestamp":5.710985,"type":"JOB_COMPLETED","data":{"job_id":"051425!45","job_state":"COMPLETED_SUCCESSFULLY","return_code":0,"kill_reason":"","alloc":"52-55"}}]}'
Sending '{"now":5.710985,"events":[]}'
Received '{"now":5.752563,"events":[{"timestamp":5.752563,"type":"JOB_COMPLETED","data":{"job_id":"051425!23","job_state":"COMPLETED_SUCCESSFULLY","return_code":0,"kill_reason":"","alloc":"32-47"}}]}'
Sending '{"now":5.752563,"events":[{"timestamp":5.752563,"type":"EXECUTE_JOB","data":{"job_id":"051425!26","alloc":"32-47"}}]}'
Received '{"now":5.761932,"events":[{"timestamp":5.761932,"type":"JOB_COMPLETED","data":{"job_id":"051425!25","job_state":"COMPLETED_SUCCESSFULLY","return_code":0,"kill_reason":"","alloc":"0-15"}}]}'
Sending '{"now":5.761932,"events":[{"timestamp":5.761932,"type":"EXECUTE_JOB","data":{"job_id":"051425!28","alloc":"0-15"}}]}'
Received '{"now":5.789191,"events":[{"timestamp":5.789191,"type":"JOB_COMPLETED","data":{"job_id":"051425!44","job_state":"COMPLETED_SUCCESSFULLY","return_code":0,"kill_reason":"","alloc":"56-59"}}]}'
Sending '{"now":5.789191,"events":[]}'
Received '{"now":5.878908,"events":[{"timestamp":5.878908,"type":"JOB_SUBMITTED","data":{"job_id":"051425!49","job":{"id":"051425!49","profile":"CG.S.16","res":16,"subtime":5.878878,"walltime":4200}}}]}'
Sending '{"now":5.878908,"events":[]}'
Received '{"now":5.960971,"events":[{"timestamp":5.960971,"type":"JOB_SUBMITTED","data":{"job_id":"051425!50","job":{"id":"051425!50","profile":"LU.S.16","res":16,"subtime":5.960941,"walltime":4200}}}]}'
Sending '{"now":5.960971,"events":[]}'
Received '{"now":5.984458,"events":[{"timestamp":5.984458,"type":"JOB_COMPLETED","data":{"job_id":"051425!48","job_state":"COMPLETED_SUCCESSFULLY","return_code":0,"kill_reason":"","alloc":"48-51"}}]}'
Sending '{"now":5.984458,"events":[{"timestamp":5.984458,"type":"EXECUTE_JOB","data":{"job_id":"051425!32","alloc":"48-63"}}]}'
Received '{"now":6.195516,"events":[{"timestamp":6.195516,"type":"JOB_COMPLETED","data":{"job_id":"051425!24","job_state":"COMPLETED_SUCCESSFULLY","return_code":0,"kill_reason":"","alloc":"16-31"}}]}'
Sending '{"now":6.195516,"events":[{"timestamp":6.195516,"type":"EXECUTE_JOB","data":{"job_id":"051425!33","alloc":"16-31"}}]}'
Received '{"now":6.230244,"events":[{"timestamp":6.230244,"type":"JOB_SUBMITTED","data":{"job_id":"051425!51","job":{"id":"051425!51","profile":"LU.S.16","res":16,"subtime":6.230213,"walltime":4200}}}]}'
Sending '{"now":6.230244,"events":[]}'
Received '{"now":6.251237,"events":[{"timestamp":6.251237,"type":"JOB_COMPLETED","data":{"job_id":"051425!28","job_state":"COMPLETED_SUCCESSFULLY","return_code":0,"kill_reason":"","alloc":"0-15"}}]}'
Sending '{"now":6.251237,"events":[{"timestamp":6.251237,"type":"EXECUTE_JOB","data":{"job_id":"051425!35","alloc":"0-15"}}]}'
Received '{"now":6.252663,"events":[{"timestamp":6.252663,"type":"JOB_COMPLETED","data":{"job_id":"051425!26","job_state":"COMPLETED_SUCCESSFULLY","return_code":0,"kill_reason":"","alloc":"32-47"}}]}'
Sending '{"now":6.252663,"events":[{"timestamp":6.252663,"type":"EXECUTE_JOB","data":{"job_id":"051425!38","alloc":"32-47"}}]}'
Received '{"now":6.269780,"events":[{"timestamp":6.269780,"type":"JOB_SUBMITTED","data":{"job_id":"051425!52","job":{"id":"051425!52","profile":"SP.S.16","res":16,"subtime":6.269750,"walltime":4200}}}]}'
Sending '{"now":6.26978,"events":[]}'
Received '{"now":6.435082,"events":[{"timestamp":6.435082,"type":"JOB_COMPLETED","data":{"job_id":"051425!32","job_state":"COMPLETED_SUCCESSFULLY","return_code":0,"kill_reason":"","alloc":"48-63"}}]}'
Sending '{"now":6.435082,"events":[{"timestamp":6.435082,"type":"EXECUTE_JOB","data":{"job_id":"051425!39","alloc":"48-63"}}]}'
Received '{"now":6.566444,"events":[{"timestamp":6.566444,"type":"JOB_SUBMITTED","data":{"job_id":"051425!53","job":{"id":"051425!53","profile":"SP.S.16","res":16,"subtime":6.566418,"walltime":4200}}}]}'
Sending '{"now":6.566444,"events":[]}'
Received '{"now":6.792111,"events":[{"timestamp":6.792111,"type":"JOB_COMPLETED","data":{"job_id":"051425!39","job_state":"COMPLETED_SUCCESSFULLY","return_code":0,"kill_reason":"","alloc":"48-63"}}]}'
Sending '{"now":6.792111,"events":[{"timestamp":6.792111,"type":"EXECUTE_JOB","data":{"job_id":"051425!43","alloc":"48-63"}}]}'
Received '{"now":6.872275,"events":[{"timestamp":6.872275,"type":"JOB_SUBMITTED","data":{"job_id":"051425!54","job":{"id":"051425!54","profile":"SP.S.4","res":4,"subtime":6.872250,"walltime":4200}}}]}'
Sending '{"now":6.872275,"events":[]}'
Received '{"now":6.895270,"events":[{"timestamp":6.895270,"type":"JOB_COMPLETED","data":{"job_id":"051425!43","job_state":"COMPLETED_SUCCESSFULLY","return_code":0,"kill_reason":"","alloc":"48-63"}}]}'
Sending '{"now":6.89527,"events":[{"timestamp":6.89527,"type":"EXECUTE_JOB","data":{"job_id":"051425!46","alloc":"48-63"}}]}'
Received '{"now":6.998411,"events":[{"timestamp":6.998411,"type":"JOB_COMPLETED","data":{"job_id":"051425!46","job_state":"COMPLETED_SUCCESSFULLY","return_code":0,"kill_reason":"","alloc":"48-63"}}]}'
Sending '{"now":6.998411,"events":[{"timestamp":6.998411,"type":"EXECUTE_JOB","data":{"job_id":"051425!47","alloc":"48-63"}}]}'
Received '{"now":7.042557,"events":[{"timestamp":7.042557,"type":"JOB_SUBMITTED","data":{"job_id":"051425!55","job":{"id":"051425!55","profile":"BT.S.4","res":4,"subtime":7.042531,"walltime":4200}}}]}'
Sending '{"now":7.042557,"events":[]}'
Received '{"now":7.237976,"events":[{"timestamp":7.237976,"type":"JOB_COMPLETED","data":{"job_id":"051425!33","job_state":"COMPLETED_SUCCESSFULLY","return_code":0,"kill_reason":"","alloc":"16-31"}}]}'
Sending '{"now":7.237976,"events":[{"timestamp":7.237976,"type":"EXECUTE_JOB","data":{"job_id":"051425!49","alloc":"16-31"}}]}'
Received '{"now":7.299409,"events":[{"timestamp":7.299409,"type":"JOB_COMPLETED","data":{"job_id":"051425!38","job_state":"COMPLETED_SUCCESSFULLY","return_code":0,"kill_reason":"","alloc":"32-47"}}]}'
Sending '{"now":7.299409,"events":[{"timestamp":7.299409,"type":"EXECUTE_JOB","data":{"job_id":"051425!50","alloc":"32-47"}}]}'
Received '{"now":7.335455,"events":[{"timestamp":7.335455,"type":"JOB_COMPLETED","data":{"job_id":"051425!35","job_state":"COMPLETED_SUCCESSFULLY","return_code":0,"kill_reason":"","alloc":"0-15"}}]}'
Sending '{"now":7.335455,"events":[{"timestamp":7.335455,"type":"EXECUTE_JOB","data":{"job_id":"051425!51","alloc":"0-15"}}]}'
Received '{"now":7.355266,"events":[{"timestamp":7.355266,"type":"JOB_COMPLETED","data":{"job_id":"051425!47","job_state":"COMPLETED_SUCCESSFULLY","return_code":0,"kill_reason":"","alloc":"48-63"}}]}'
Sending '{"now":7.355266,"events":[{"timestamp":7.355266,"type":"EXECUTE_JOB","data":{"job_id":"051425!52","alloc":"48-63"}}]}'
Received '{"now":7.403389,"events":[{"timestamp":7.403389,"type":"JOB_SUBMITTED","data":{"job_id":"051425!56","job":{"id":"051425!56","profile":"SP.S.4","res":4,"subtime":7.403363,"walltime":4200}}}]}'
Sending '{"now":7.403389,"events":[]}'
Received '{"now":7.431236,"events":[{"timestamp":7.431236,"type":"JOB_SUBMITTED","data":{"job_id":"051425!57","job":{"id":"051425!57","profile":"BT.S.4","res":4,"subtime":7.431212,"walltime":4200}}}]}'
Sending '{"now":7.431236,"events":[]}'
Received '{"now":7.490297,"events":[{"timestamp":7.490297,"type":"JOB_SUBMITTED","data":{"job_id":"051425!58","job":{"id":"051425!58","profile":"MG.S.16","res":16,"subtime":7.490267,"walltime":4200}}}]}'
Sending '{"now":7.490297,"events":[]}'
Received '{"now":7.592979,"events":[{"timestamp":7.592979,"type":"JOB_SUBMITTED","data":{"job_id":"051425!59","job":{"id":"051425!59","profile":"LU.S.16","res":16,"subtime":7.592951,"walltime":4200}}}]}'
Sending '{"now":7.592979,"events":[]}'
Received '{"now":7.768383,"events":[{"timestamp":7.768383,"type":"JOB_SUBMITTED","data":{"job_id":"051425!60","job":{"id":"051425!60","profile":"IS.S.4","res":4,"subtime":7.768368,"walltime":4200}}}]}'
Sending '{"now":7.768383,"events":[]}'
Received '{"now":7.875647,"events":[{"timestamp":7.875647,"type":"JOB_SUBMITTED","data":{"job_id":"051425!61","job":{"id":"051425!61","profile":"FT.S.16","res":16,"subtime":7.875626,"walltime":4200}}}]}'
Sending '{"now":7.875647,"events":[]}'
Received '{"now":7.989854,"events":[{"timestamp":7.989854,"type":"JOB_SUBMITTED","data":{"job_id":"051425!62","job":{"id":"051425!62","profile":"IS.S.16","res":16,"subtime":7.989830,"walltime":4200}}}]}'
Sending '{"now":7.989854,"events":[]}'
Received '{"now":7.993434,"events":[{"timestamp":7.993434,"type":"JOB_SUBMITTED","data":{"job_id":"051425!63","job":{"id":"051425!63","profile":"CG.S.16","res":16,"subtime":7.993415,"walltime":4200}}}]}'
Sending '{"now":7.993434,"events":[]}'
Received '{"now":8.054109,"events":[{"timestamp":8.054109,"type":"JOB_SUBMITTED","data":{"job_id":"051425!64","job":{"id":"051425!64","profile":"LU.S.16","res":16,"subtime":8.054079,"walltime":4200}}}]}'
Sending '{"now":8.054109,"events":[]}'
Received '{"now":8.190995,"events":[{"timestamp":8.190995,"type":"JOB_COMPLETED","data":{"job_id":"051425!49","job_state":"COMPLETED_SUCCESSFULLY","return_code":0,"kill_reason":"","alloc":"16-31"}}]}'
Sending '{"now":8.190995,"events":[{"timestamp":8.190995,"type":"EXECUTE_JOB","data":{"job_id":"051425!53","alloc":"16-31"}}]}'
Received '{"now":8.248381,"events":[{"timestamp":8.248381,"type":"JOB_SUBMITTED","data":{"job_id":"051425!65","job":{"id":"051425!65","profile":"MG.S.16","res":16,"subtime":8.248359,"walltime":4200}}}]}'
Sending '{"now":8.248381,"events":[]}'
Received '{"now":8.276255,"events":[{"timestamp":8.276255,"type":"JOB_COMPLETED","data":{"job_id":"051425!50","job_state":"COMPLETED_SUCCESSFULLY","return_code":0,"kill_reason":"","alloc":"32-47"}}]}'
Sending '{"now":8.276255,"events":[{"timestamp":8.276255,"type":"EXECUTE_JOB","data":{"job_id":"051425!54","alloc":"32-35"}},{"timestamp":8.276255,"type":"EXECUTE_JOB","data":{"job_id":"051425!55","alloc":"36-39"}},{"timestamp":8.276255,"type":"EXECUTE_JOB","data":{"job_id":"051425!56","alloc":"40-43"}},{"timestamp":8.276255,"type":"EXECUTE_JOB","data":{"job_id":"051425!57","alloc":"44-47"}}]}'
Received '{"now":8.353493,"events":[{"timestamp":8.353493,"type":"JOB_COMPLETED","data":{"job_id":"051425!52","job_state":"COMPLETED_SUCCESSFULLY","return_code":0,"kill_reason":"","alloc":"48-63"}}]}'
Sending '{"now":8.353493,"events":[{"timestamp":8.353493,"type":"EXECUTE_JOB","data":{"job_id":"051425!58","alloc":"48-63"}}]}'
Received '{"now":8.371486,"events":[{"timestamp":8.371486,"type":"JOB_COMPLETED","data":{"job_id":"051425!51","job_state":"COMPLETED_SUCCESSFULLY","return_code":0,"kill_reason":"","alloc":"0-15"}}]}'
Sending '{"now":8.371486,"events":[{"timestamp":8.371486,"type":"EXECUTE_JOB","data":{"job_id":"051425!59","alloc":"0-15"}}]}'
Received '{"now":8.402864,"events":[{"timestamp":8.402864,"type":"JOB_SUBMITTED","data":{"job_id":"051425!66","job":{"id":"051425!66","profile":"SP.S.16","res":16,"subtime":8.402834,"walltime":4200}}}]}'
Sending '{"now":8.402864,"events":[]}'
Received '{"now":8.457263,"events":[{"timestamp":8.457263,"type":"JOB_SUBMITTED","data":{"job_id":"051425!67","job":{"id":"051425!67","profile":"CG.S.16","res":16,"subtime":8.457232,"walltime":4200}}}]}'
Sending '{"now":8.457263,"events":[]}'
Received '{"now":8.627412,"events":[{"timestamp":8.627412,"type":"JOB_SUBMITTED","data":{"job_id":"051425!68","job":{"id":"051425!68","profile":"MG.S.16","res":16,"subtime":8.627382,"walltime":4200}}}]}'
Sending '{"now":8.627412,"events":[]}'
Received '{"now":8.754098,"events":[{"timestamp":8.754098,"type":"JOB_COMPLETED","data":{"job_id":"051425!55","job_state":"COMPLETED_SUCCESSFULLY","return_code":0,"kill_reason":"","alloc":"36-39"}}]}'
Sending '{"now":8.754098,"events":[{"timestamp":8.754098,"type":"EXECUTE_JOB","data":{"job_id":"051425!60","alloc":"36-39"}}]}'
Received '{"now":8.869737,"events":[{"timestamp":8.869737,"type":"JOB_COMPLETED","data":{"job_id":"051425!54","job_state":"COMPLETED_SUCCESSFULLY","return_code":0,"kill_reason":"","alloc":"32-35"}}]}'
Sending '{"now":8.869737,"events":[]}'
Received '{"now":8.870035,"events":[{"timestamp":8.870035,"type":"JOB_COMPLETED","data":{"job_id":"051425!56","job_state":"COMPLETED_SUCCESSFULLY","return_code":0,"kill_reason":"","alloc":"40-43"}}]}'
Sending '{"now":8.870035,"events":[]}'
Received '{"now":8.927987,"events":[{"timestamp":8.927987,"type":"JOB_COMPLETED","data":{"job_id":"051425!58","job_state":"COMPLETED_SUCCESSFULLY","return_code":0,"kill_reason":"","alloc":"48-63"}}]}'
Sending '{"now":8.927987,"events":[{"timestamp":8.927987,"type":"EXECUTE_JOB","data":{"job_id":"051425!61","alloc":"32-35 40-43 48-55"}}]}'
Received '{"now":8.935000,"events":[{"timestamp":8.935000,"type":"JOB_COMPLETED","data":{"job_id":"051425!57","job_state":"COMPLETED_SUCCESSFULLY","return_code":0,"kill_reason":"","alloc":"44-47"}}]}'
Sending '{"now":8.935,"events":[]}'
Received '{"now":8.939067,"events":[{"timestamp":8.939067,"type":"JOB_SUBMITTED","data":{"job_id":"051425!69","job":{"id":"051425!69","profile":"IS.S.16","res":16,"subtime":8.939037,"walltime":4200}}}]}'
Sending '{"now":8.939067,"events":[]}'
Received '{"now":8.998403,"events":[{"timestamp":8.998403,"type":"JOB_COMPLETED","data":{"job_id":"051425!60","job_state":"COMPLETED_SUCCESSFULLY","return_code":0,"kill_reason":"","alloc":"36-39"}}]}'
Sending '{"now":8.998403,"events":[{"timestamp":8.998403,"type":"EXECUTE_JOB","data":{"job_id":"051425!62","alloc":"36-39 44-47 56-63"}}]}'
Received '{"now":9.128090,"events":[{"timestamp":9.128090,"type":"JOB_COMPLETED","data":{"job_id":"051425!62","job_state":"COMPLETED_SUCCESSFULLY","return_code":0,"kill_reason":"","alloc":"36-39 44-47 56-63"}}]}'
Sending '{"now":9.12809,"events":[{"timestamp":9.12809,"type":"EXECUTE_JOB","data":{"job_id":"051425!63","alloc":"36-39 44-47 56-63"}}]}'
Received '{"now":9.150602,"events":[{"timestamp":9.150602,"type":"JOB_SUBMITTED","data":{"job_id":"051425!70","job":{"id":"051425!70","profile":"IS.S.4","res":4,"subtime":9.150582,"walltime":4200}}}]}'
Sending '{"now":9.150602,"events":[]}'
Received '{"now":9.413089,"events":[{"timestamp":9.413089,"type":"JOB_COMPLETED","data":{"job_id":"051425!61","job_state":"COMPLETED_SUCCESSFULLY","return_code":0,"kill_reason":"","alloc":"32-35 40-43 48-55"}}]}'
Sending '{"now":9.413089,"events":[{"timestamp":9.413089,"type":"EXECUTE_JOB","data":{"job_id":"051425!64","alloc":"32-35 40-43 48-55"}}]}'
Received '{"now":9.418552,"events":[{"timestamp":9.418552,"type":"JOB_COMPLETED","data":{"job_id":"051425!53","job_state":"COMPLETED_SUCCESSFULLY","return_code":0,"kill_reason":"","alloc":"16-31"}}]}'
Sending '{"now":9.418552,"events":[{"timestamp":9.418552,"type":"EXECUTE_JOB","data":{"job_id":"051425!65","alloc":"16-31"}}]}'
Received '{"now":9.467092,"events":[{"timestamp":9.467092,"type":"JOB_SUBMITTED","data":{"job_id":"051425!71","job":{"id":"051425!71","profile":"MG.S.4","res":4,"subtime":9.467062,"walltime":4200}}}]}'
Sending '{"now":9.467092,"events":[]}'
Received '{"now":9.520774,"events":[{"timestamp":9.520774,"type":"JOB_COMPLETED","data":{"job_id":"051425!59","job_state":"COMPLETED_SUCCESSFULLY","return_code":0,"kill_reason":"","alloc":"0-15"}}]}'
Sending '{"now":9.520774,"events":[{"timestamp":9.520774,"type":"EXECUTE_JOB","data":{"job_id":"051425!66","alloc":"0-15"}}]}'
Received '{"now":9.580668,"events":[{"timestamp":9.580668,"type":"JOB_SUBMITTED","data":{"job_id":"051425!72","job":{"id":"051425!72","profile":"SP.S.16","res":16,"subtime":9.580638,"walltime":4200}}}]}'
Sending '{"now":9.580668,"events":[]}'
Received '{"now":9.582626,"events":[{"timestamp":9.582626,"type":"JOB_SUBMITTED","data":{"job_id":"051425!73","job":{"id":"051425!73","profile":"SP.S.16","res":16,"subtime":9.582596,"walltime":4200}}}]}'
Sending '{"now":9.582626,"events":[]}'
Received '{"now":9.645043,"events":[{"timestamp":9.645043,"type":"JOB_SUBMITTED","data":{"job_id":"051425!74","job":{"id":"051425!74","profile":"IS.S.16","res":16,"subtime":9.645021,"walltime":4200}}}]}'
Sending '{"now":9.645043,"events":[]}'
Received '{"now":9.789428,"events":[{"timestamp":9.789428,"type":"JOB_SUBMITTED","data":{"job_id":"051425!75","job":{"id":"051425!75","profile":"FT.S.16","res":16,"subtime":9.789398,"walltime":4200}}}]}'
Sending '{"now":9.789428,"events":[]}'
Received '{"now":9.826908,"events":[{"timestamp":9.826908,"type":"JOB_COMPLETED","data":{"job_id":"051425!65","job_state":"COMPLETED_SUCCESSFULLY","return_code":0,"kill_reason":"","alloc":"16-31"}}]}'
Sending '{"now":9.826908,"events":[{"timestamp":9.826908,"type":"EXECUTE_JOB","data":{"job_id":"051425!67","alloc":"16-31"}}]}'
Received '{"now":9.924055,"events":[{"timestamp":9.924055,"type":"JOB_SUBMITTED","data":{"job_id":"051425!76","job":{"id":"051425!76","profile":"BT.S.4","res":4,"subtime":9.924037,"walltime":4200}}}]}'
Sending '{"now":9.924055,"events":[]}'
Received '{"now":9.934336,"events":[{"timestamp":9.934336,"type":"JOB_SUBMITTED","data":{"job_id":"051425!77","job":{"id":"051425!77","profile":"BT.S.4","res":4,"subtime":9.934311,"walltime":4200}}}]}'
Sending '{"now":9.934336,"events":[]}'
Received '{"now":10.091487,"events":[{"timestamp":10.091487,"type":"JOB_COMPLETED","data":{"job_id":"051425!63","job_state":"COMPLETED_SUCCESSFULLY","return_code":0,"kill_reason":"","alloc":"36-39 44-47 56-63"}}]}'
Sending '{"now":10.091487,"events":[{"timestamp":10.091487,"type":"EXECUTE_JOB","data":{"job_id":"051425!68","alloc":"36-39 44-47 56-63"}}]}'
Received '{"now":10.119957,"events":[{"timestamp":10.119957,"type":"JOB_SUBMITTED","data":{"job_id":"051425!78","job":{"id":"051425!78","profile":"IS.S.4","res":4,"subtime":10.119930,"walltime":4200}}}]}'
Sending '{"now":10.119957,"events":[]}'
Received '{"now":10.239992,"events":[{"timestamp":10.239992,"type":"JOB_SUBMITTED","data":{"job_id":"051425!79","job":{"id":"051425!79","profile":"FT.S.16","res":16,"subtime":10.239974,"walltime":4200}}}]}'
Sending '{"now":10.239992,"events":[]}'
Received '{"now":10.353752,"events":[{"timestamp":10.353752,"type":"JOB_SUBMITTED","data":{"job_id":"051425!80","job":{"id":"051425!80","profile":"MG.S.4","res":4,"subtime":10.353722,"walltime":4200}}}]}'
Sending '{"now":10.353752,"events":[]}'
Received '{"now":10.368350,"events":[{"timestamp":10.368350,"type":"JOB_COMPLETED","data":{"job_id":"051425!64","job_state":"COMPLETED_SUCCESSFULLY","return_code":0,"kill_reason":"","alloc":"32-35 40-43 48-55"}}]}'
Sending '{"now":10.36835,"events":[{"timestamp":10.36835,"type":"EXECUTE_JOB","data":{"job_id":"051425!69","alloc":"32-35 40-43 48-55"}}]}'
Received '{"now":10.501791,"events":[{"timestamp":10.501791,"type":"JOB_COMPLETED","data":{"job_id":"051425!69","job_state":"COMPLETED_SUCCESSFULLY","return_code":0,"kill_reason":"","alloc":"32-35 40-43 48-55"}}]}'
Sending '{"now":10.501791,"events":[{"timestamp":10.501791,"type":"EXECUTE_JOB","data":{"job_id":"051425!70","alloc":"32-35"}},{"timestamp":10.501791,"type":"EXECUTE_JOB","data":{"job_id":"051425!71","alloc":"40-43"}},{"timestamp":10.501791,"type":"EXECUTE_JOB","data":{"job_id":"051425!76","alloc":"48-51"}},{"timestamp":10.501791,"type":"EXECUTE_JOB","data":{"job_id":"051425!77","alloc":"52-55"}}]}'
Received '{"now":10.595072,"events":[{"timestamp":10.595072,"type":"JOB_COMPLETED","data":{"job_id":"051425!66","job_state":"COMPLETED_SUCCESSFULLY","return_code":0,"kill_reason":"","alloc":"0-15"}}]}'
Sending '{"now":10.595072,"events":[{"timestamp":10.595072,"type":"EXECUTE_JOB","data":{"job_id":"051425!72","alloc":"0-15"}}]}'
Received '{"now":10.663557,"events":[{"timestamp":10.663557,"type":"JOB_COMPLETED","data":{"job_id":"051425!68","job_state":"COMPLETED_SUCCESSFULLY","return_code":0,"kill_reason":"","alloc":"36-39 44-47 56-63"}}]}'
Sending '{"now":10.663557,"events":[{"timestamp":10.663557,"type":"EXECUTE_JOB","data":{"job_id":"051425!73","alloc":"36-39 44-47 56-63"}}]}'
Received '{"now":10.691012,"events":[{"timestamp":10.691012,"type":"JOB_SUBMITTED","data":{"job_id":"051425!81","job":{"id":"051425!81","profile":"SP.S.16","res":16,"subtime":10.690981,"walltime":4200}}}]}'
Sending '{"now":10.691012,"events":[]}'
Received '{"now":10.755089,"events":[{"timestamp":10.755089,"type":"JOB_COMPLETED","data":{"job_id":"051425!70","job_state":"COMPLETED_SUCCESSFULLY","return_code":0,"kill_reason":"","alloc":"32-35"}}]}'
Sending '{"now":10.755089,"events":[{"timestamp":10.755089,"type":"EXECUTE_JOB","data":{"job_id":"051425!78","alloc":"32-35"}}]}'
Received '{"now":10.761681,"events":[{"timestamp":10.761681,"type":"JOB_SUBMITTED","data":{"job_id":"051425!82","job":{"id":"051425!82","profile":"SP.S.16","res":16,"subtime":10.761651,"walltime":4200}}}]}'
Sending '{"now":10.761681,"events":[]}'
Received '{"now":10.772746,"events":[{"timestamp":10.772746,"type":"JOB_SUBMITTED","data":{"job_id":"051425!83","job":{"id":"051425!83","profile":"CG.S.16","res":16,"subtime":10.772716,"walltime":4200}}}]}'
Sending '{"now":10.772746,"events":[]}'
Received '{"now":10.803524,"events":[{"timestamp":10.803524,"type":"JOB_COMPLETED","data":{"job_id":"051425!71","job_state":"COMPLETED_SUCCESSFULLY","return_code":0,"kill_reason":"","alloc":"40-43"}}]}'
Sending '{"now":10.803524,"events":[{"timestamp":10.803524,"type":"EXECUTE_JOB","data":{"job_id":"051425!80","alloc":"40-43"}}]}'
Received '{"now":10.871849,"events":[{"timestamp":10.871849,"type":"JOB_SUBMITTED","data":{"job_id":"051425!84","job":{"id":"051425!84","profile":"MG.S.4","res":4,"subtime":10.871828,"walltime":4200}}}]}'
Sending '{"now":10.871849,"events":[]}'
Received '{"now":10.951773,"events":[{"timestamp":10.951773,"type":"JOB_COMPLETED","data":{"job_id":"051425!78","job_state":"COMPLETED_SUCCESSFULLY","return_code":0,"kill_reason":"","alloc":"32-35"}}]}'
Sending '{"now":10.951773,"events":[{"timestamp":10.951773,"type":"EXECUTE_JOB","data":{"job_id":"051425!84","alloc":"32-35"}}]}'
Received '{"now":10.952038,"events":[{"timestamp":10.951982,"type":"JOB_COMPLETED","data":{"job_id":"051425!67","job_state":"COMPLETED_SUCCESSFULLY","return_code":0,"kill_reason":"","alloc":"16-31"}}]}'
Sending '{"now":10.952038,"events":[{"timestamp":10.952038,"type":"EXECUTE_JOB","data":{"job_id":"051425!74","alloc":"16-31"}}]}'
Received '{"now":11.035599,"events":[{"timestamp":11.035599,"type":"JOB_SUBMITTED","data":{"job_id":"051425!85","job":{"id":"051425!85","profile":"CG.S.16","res":16,"subtime":11.035569,"walltime":4200}}}]}'
Sending '{"now":11.035599,"events":[]}'
Received '{"now":11.080863,"events":[{"timestamp":11.080863,"type":"JOB_COMPLETED","data":{"job_id":"051425!74","job_state":"COMPLETED_SUCCESSFULLY","return_code":0,"kill_reason":"","alloc":"16-31"}}]}'
Sending '{"now":11.080863,"events":[{"timestamp":11.080863,"type":"EXECUTE_JOB","data":{"job_id":"051425!75","alloc":"16-31"}}]}'
Received '{"now":11.172966,"events":[{"timestamp":11.172966,"type":"JOB_COMPLETED","data":{"job_id":"051425!80","job_state":"COMPLETED_SUCCESSFULLY","return_code":0,"kill_reason":"","alloc":"40-43"}}]}'
Sending '{"now":11.172966,"events":[]}'
Received '{"now":11.225537,"events":[{"timestamp":11.225537,"type":"JOB_SUBMITTED","data":{"job_id":"051425!86","job":{"id":"051425!86","profile":"FT.S.16","res":16,"subtime":11.225512,"walltime":4200}}}]}'
Sending '{"now":11.225537,"events":[]}'
Received '{"now":11.282883,"events":[{"timestamp":11.282883,"type":"JOB_SUBMITTED","data":{"job_id":"051425!87","job":{"id":"051425!87","profile":"SP.S.4","res":4,"subtime":11.282854,"walltime":4200}}}]}'
Sending '{"now":11.282883,"events":[{"timestamp":11.282883,"type":"EXECUTE_JOB","data":{"job_id":"051425!87","alloc":"40-43"}}]}'
Received '{"now":11.287789,"events":[{"timestamp":11.287789,"type":"JOB_COMPLETED","data":{"job_id":"051425!76","job_state":"COMPLETED_SUCCESSFULLY","return_code":0,"kill_reason":"","alloc":"48-51"}}]}'
Sending '{"now":11.287789,"events":[]}'
Received '{"now":11.288016,"events":[{"timestamp":11.287989,"type":"JOB_COMPLETED","data":{"job_id":"051425!77","job_state":"COMPLETED_SUCCESSFULLY","return_code":0,"kill_reason":"","alloc":"52-55"}}]}'
Sending '{"now":11.288016,"events":[]}'
Received '{"now":11.306812,"events":[{"timestamp":11.306812,"type":"JOB_SUBMITTED","data":{"job_id":"051425!88","job":{"id":"051425!88","profile":"SP.S.16","res":16,"subtime":11.306783,"walltime":4200}}}]}'
Sending '{"now":11.306812,"events":[]}'
Received '{"now":11.348333,"events":[{"timestamp":11.348333,"type":"JOB_COMPLETED","data":{"job_id":"051425!84","job_state":"COMPLETED_SUCCESSFULLY","return_code":0,"kill_reason":"","alloc":"32-35"}}]}'
Sending '{"now":11.348333,"events":[]}'
Received '{"now":11.467557,"events":[{"timestamp":11.467557,"type":"JOB_SUBMITTED","data":{"job_id":"051425!89","job":{"id":"051425!89","profile":"SP.S.4","res":4,"subtime":11.467527,"walltime":4200}}}]}'
Sending '{"now":11.467557,"events":[{"timestamp":11.467557,"type":"EXECUTE_JOB","data":{"job_id":"051425!89","alloc":"32-35"}}]}'
Received '{"now":11.733350,"events":[{"timestamp":11.733350,"type":"JOB_COMPLETED","data":{"job_id":"051425!75","job_state":"COMPLETED_SUCCESSFULLY","return_code":0,"kill_reason":"","alloc":"16-31"}}]}'
Sending '{"now":11.73335,"events":[{"timestamp":11.73335,"type":"EXECUTE_JOB","data":{"job_id":"051425!79","alloc":"16-31"}}]}'
Received '{"now":11.845758,"events":[{"timestamp":11.845758,"type":"JOB_SUBMITTED","data":{"job_id":"051425!90","job":{"id":"051425!90","profile":"IS.S.4","res":4,"subtime":11.845728,"walltime":4200}}}]}'
Sending '{"now":11.845758,"events":[{"timestamp":11.845758,"type":"EXECUTE_JOB","data":{"job_id":"051425!90","alloc":"48-51"}}]}'
Received '{"now":11.855553,"events":[{"timestamp":11.855553,"type":"JOB_COMPLETED","data":{"job_id":"051425!87","job_state":"COMPLETED_SUCCESSFULLY","return_code":0,"kill_reason":"","alloc":"40-43"}}]}'
Sending '{"now":11.855553,"events":[]}'
Received '{"now":11.962358,"events":[{"timestamp":11.962358,"type":"JOB_SUBMITTED","data":{"job_id":"051425!91","job":{"id":"051425!91","profile":"CG.S.16","res":16,"subtime":11.962337,"walltime":4200}}}]}'
Sending '{"now":11.962358,"events":[]}'
Received '{"now":11.969930,"events":[{"timestamp":11.969930,"type":"JOB_SUBMITTED","data":{"job_id":"051425!92","job":{"id":"051425!92","profile":"BT.S.16","res":16,"subtime":11.969900,"walltime":4200}}}]}'
Sending '{"now":11.96993,"events":[]}'
Received '{"now":11.973166,"events":[{"timestamp":11.973166,"type":"JOB_COMPLETED","data":{"job_id":"051425!72","job_state":"COMPLETED_SUCCESSFULLY","return_code":0,"kill_reason":"","alloc":"0-15"}}]}'
Sending '{"now":11.973166,"events":[{"timestamp":11.973166,"type":"EXECUTE_JOB","data":{"job_id":"051425!81","alloc":"0-15"}}]}'
Received '{"now":12.054035,"events":[{"timestamp":12.054035,"type":"JOB_COMPLETED","data":{"job_id":"051425!73","job_state":"COMPLETED_SUCCESSFULLY","return_code":0,"kill_reason":"","alloc":"36-39 44-47 56-63"}}]}'
Sending '{"now":12.054035,"events":[{"timestamp":12.054035,"type":"EXECUTE_JOB","data":{"job_id":"051425!82","alloc":"36-47 52-55"}}]}'
Received '{"now":12.062317,"events":[{"timestamp":12.062317,"type":"JOB_COMPLETED","data":{"job_id":"051425!89","job_state":"COMPLETED_SUCCESSFULLY","return_code":0,"kill_reason":"","alloc":"32-35"}}]}'
Sending '{"now":12.062317,"events":[]}'
Received '{"now":12.152454,"events":[{"timestamp":12.152454,"type":"JOB_COMPLETED","data":{"job_id":"051425!90","job_state":"COMPLETED_SUCCESSFULLY","return_code":0,"kill_reason":"","alloc":"48-51"}}]}'
Sending '{"now":12.152454,"events":[{"timestamp":12.152454,"type":"EXECUTE_JOB","data":{"job_id":"051425!83","alloc":"32-35 48-51 56-63"}}]}'
Received '{"now":12.176722,"events":[{"timestamp":12.176722,"type":"JOB_SUBMITTED","data":{"job_id":"051425!93","job":{"id":"051425!93","profile":"BT.S.16","res":16,"subtime":12.176692,"walltime":4200}}}]}'
Sending '{"now":12.176722,"events":[]}'
Received '{"now":12.291256,"events":[{"timestamp":12.291256,"type":"JOB_SUBMITTED","data":{"job_id":"051425!94","job":{"id":"051425!94","profile":"BT.S.4","res":4,"subtime":12.291240,"walltime":4200}}}]}'
Sending '{"now":12.291256,"events":[]}'
Received '{"now":12.354384,"events":[{"timestamp":12.354384,"type":"JOB_COMPLETED","data":{"job_id":"051425!79","job_state":"COMPLETED_SUCCESSFULLY","return_code":0,"kill_reason":"","alloc":"16-31"}}]}'
Sending '{"now":12.354384,"events":[{"timestamp":12.354384,"type":"EXECUTE_JOB","data":{"job_id":"051425!85","alloc":"16-31"}}]}'
Received '{"now":13.143496,"events":[{"timestamp":13.143496,"type":"JOB_SUBMITTED","data":{"job_id":"051425!95","job":{"id":"051425!95","profile":"SP.S.4","res":4,"subtime":13.143466,"walltime":4200}}}]}'
Sending '{"now":13.143496,"events":[]}'
Received '{"now":13.154785,"events":[{"timestamp":13.154785,"type":"JOB_SUBMITTED","data":{"job_id":"051425!96","job":{"id":"051425!96","profile":"CG.S.4","res":4,"subtime":13.154755,"walltime":4200}}}]}'
Sending '{"now":13.154785,"events":[]}'
Received '{"now":13.223459,"events":[{"timestamp":13.223459,"type":"JOB_COMPLETED","data":{"job_id":"051425!81","job_state":"COMPLETED_SUCCESSFULLY","return_code":0,"kill_reason":"","alloc":"0-15"}}]}'
Sending '{"now":13.223459,"events":[{"timestamp":13.223459,"type":"EXECUTE_JOB","data":{"job_id":"051425!86","alloc":"0-15"}}]}'
Received '{"now":13.288073,"events":[{"timestamp":13.288073,"type":"JOB_COMPLETED","data":{"job_id":"051425!82","job_state":"COMPLETED_SUCCESSFULLY","return_code":0,"kill_reason":"","alloc":"36-47 52-55"}}]}'
Sending '{"now":13.288073,"events":[{"timestamp":13.288073,"type":"EXECUTE_JOB","data":{"job_id":"051425!88","alloc":"36-47 52-55"}}]}'
Received '{"now":13.377165,"events":[{"timestamp":13.377165,"type":"JOB_COMPLETED","data":{"job_id":"051425!83","job_state":"COMPLETED_SUCCESSFULLY","return_code":0,"kill_reason":"","alloc":"32-35 48-51 56-63"}}]}'
Sending '{"now":13.377165,"events":[{"timestamp":13.377165,"type":"EXECUTE_JOB","data":{"job_id":"051425!91","alloc":"32-35 48-51 56-63"}}]}'
Received '{"now":13.517142,"events":[{"timestamp":13.517142,"type":"JOB_COMPLETED","data":{"job_id":"051425!85","job_state":"COMPLETED_SUCCESSFULLY","return_code":0,"kill_reason":"","alloc":"16-31"}}]}'
Sending '{"now":13.517142,"events":[{"timestamp":13.517142,"type":"EXECUTE_JOB","data":{"job_id":"051425!92","alloc":"16-31"}}]}'
Received '{"now":13.661364,"events":[{"timestamp":13.661364,"type":"JOB_COMPLETED","data":{"job_id":"051425!86","job_state":"COMPLETED_SUCCESSFULLY","return_code":0,"kill_reason":"","alloc":"0-15"}}]}'
Sending '{"now":13.661364,"events":[{"timestamp":13.661364,"type":"EXECUTE_JOB","data":{"job_id":"051425!93","alloc":"0-15"}}]}'
Received '{"now":13.961732,"events":[{"timestamp":13.961732,"type":"JOB_SUBMITTED","data":{"job_id":"051425!97","job":{"id":"051425!97","profile":"BT.S.16","res":16,"subtime":13.961707,"walltime":4200}}}]}'
Sending '{"now":13.961732,"events":[]}'
Received '{"now":14.014919,"events":[{"timestamp":14.014919,"type":"JOB_SUBMITTED","data":{"job_id":"051425!98","job":{"id":"051425!98","profile":"MG.S.4","res":4,"subtime":14.014889,"walltime":4200}}}]}'
Sending '{"now":14.014919,"events":[]}'
Received '{"now":14.094558,"events":[{"timestamp":14.094558,"type":"JOB_SUBMITTED","data":{"job_id":"051425!99","job":{"id":"051425!99","profile":"SP.S.4","res":4,"subtime":14.094528,"walltime":4200}}}]}'
Sending '{"now":14.094558,"events":[]}'
Received '{"now":14.097942,"events":[{"timestamp":14.097942,"type":"JOB_SUBMITTED","data":{"job_id":"051425!100","job":{"id":"051425!100","profile":"LU.S.16","res":16,"subtime":14.097913,"walltime":4200}}}]}'
Sending '{"now":14.097942,"events":[]}'
Received '{"now":14.233465,"events":[{"timestamp":14.233465,"type":"JOB_SUBMITTED","data":{"job_id":"051425!101","job":{"id":"051425!101","profile":"MG.S.16","res":16,"subtime":14.233435,"walltime":4200}}}]}'
Sending '{"now":14.233465,"events":[]}'
Received '{"now":14.337464,"events":[{"timestamp":14.337464,"type":"JOB_SUBMITTED","data":{"job_id":"051425!102","job":{"id":"051425!102","profile":"LU.S.16","res":16,"subtime":14.337436,"walltime":4200}}}]}'
Sending '{"now":14.337464,"events":[]}'
Received '{"now":14.396338,"events":[{"timestamp":14.396338,"type":"JOB_SUBMITTED","data":{"job_id":"051425!103","job":{"id":"051425!103","profile":"BT.S.16","res":16,"subtime":14.396319,"walltime":4200}}}]}'
Sending '{"now":14.396338,"events":[]}'
Received '{"now":14.456149,"events":[{"timestamp":14.456149,"type":"JOB_COMPLETED","data":{"job_id":"051425!88","job_state":"COMPLETED_SUCCESSFULLY","return_code":0,"kill_reason":"","alloc":"36-47 52-55"}}]}'
Sending '{"now":14.456149,"events":[{"timestamp":14.456149,"type":"EXECUTE_JOB","data":{"job_id":"051425!94","alloc":"36-39"}},{"timestamp":14.456149,"type":"EXECUTE_JOB","data":{"job_id":"051425!95","alloc":"40-43"}},{"timestamp":14.456149,"type":"EXECUTE_JOB","data":{"job_id":"051425!96","alloc":"44-47"}}]}'
Received '{"now":14.481116,"events":[{"timestamp":14.481116,"type":"JOB_COMPLETED","data":{"job_id":"051425!91","job_state":"COMPLETED_SUCCESSFULLY","return_code":0,"kill_reason":"","alloc":"32-35 48-51 56-63"}}]}'
Sending '{"now":14.481116,"events":[{"timestamp":14.481116,"type":"EXECUTE_JOB","data":{"job_id":"051425!97","alloc":"32-35 48-59"}},{"timestamp":14.481116,"type":"EXECUTE_JOB","data":{"job_id":"051425!98","alloc":"60-63"}}]}'
Received '{"now":14.492995,"events":[{"timestamp":14.492995,"type":"JOB_SUBMITTED","data":{"job_id":"051425!104","job":{"id":"051425!104","profile":"MG.S.4","res":4,"subtime":14.492965,"walltime":4200}}}]}'
Sending '{"now":14.492995,"events":[]}'
Received '{"now":14.642735,"events":[{"timestamp":14.642735,"type":"JOB_SUBMITTED","data":{"job_id":"051425!105","job":{"id":"051425!105","profile":"FT.S.4","res":4,"subtime":14.642708,"walltime":4200}}}]}'
Sending '{"now":14.642735,"events":[]}'
Received '{"now":14.894221,"events":[{"timestamp":14.894221,"type":"JOB_COMPLETED","data":{"job_id":"051425!98","job_state":"COMPLETED_SUCCESSFULLY","return_code":0,"kill_reason":"","alloc":"60-63"}}]}'
Sending '{"now":14.894221,"events":[{"timestamp":14.894221,"type":"EXECUTE_JOB","data":{"job_id":"051425!99","alloc":"60-63"}}]}'
Received '{"now":14.984250,"events":[{"timestamp":14.984250,"type":"JOB_SUBMITTED","data":{"job_id":"051425!106","job":{"id":"051425!106","profile":"FT.S.4","res":4,"subtime":14.984220,"walltime":4200}}}]}'
Sending '{"now":14.98425,"events":[]}'
Received '{"now":15.029512,"events":[{"timestamp":15.029512,"type":"JOB_SUBMITTED","data":{"job_id":"051425!107","job":{"id":"051425!107","profile":"LU.S.16","res":16,"subtime":15.029492,"walltime":4200}}}]}'
Sending '{"now":15.029512,"events":[]}'
Received '{"now":15.042414,"events":[{"timestamp":15.042414,"type":"JOB_SUBMITTED","data":{"job_id":"051425!108","job":{"id":"051425!108","profile":"IS.S.16","res":16,"subtime":15.042386,"walltime":4200}}}]}'
Sending '{"now":15.042414,"events":[]}'
Received '{"now":15.050884,"events":[{"timestamp":15.050884,"type":"JOB_COMPLETED","data":{"job_id":"051425!96","job_state":"COMPLETED_SUCCESSFULLY","return_code":0,"kill_reason":"","alloc":"44-47"}}]}'
Sending '{"now":15.050884,"events":[{"timestamp":15.050884,"type":"EXECUTE_JOB","data":{"job_id":"051425!104","alloc":"44-47"}}]}'
Received '{"now":15.084935,"events":[{"timestamp":15.084935,"type":"JOB_SUBMITTED","data":{"job_id":"051425!109","job":{"id":"051425!109","profile":"BT.S.4","res":4,"subtime":15.084912,"walltime":4200}}}]}'
Sending '{"now":15.084935,"events":[]}'
Received '{"now":15.126121,"events":[{"timestamp":15.126121,"type":"JOB_COMPLETED","data":{"job_id":"051425!95","job_state":"COMPLETED_SUCCESSFULLY","return_code":0,"kill_reason":"","alloc":"40-43"}}]}'
Sending '{"now":15.126121,"events":[{"timestamp":15.126121,"type":"EXECUTE_JOB","data":{"job_id":"051425!105","alloc":"40-43"}}]}'
Received '{"now":15.140330,"events":[{"timestamp":15.140330,"type":"JOB_COMPLETED","data":{"job_id":"051425!94","job_state":"COMPLETED_SUCCESSFULLY","return_code":0,"kill_reason":"","alloc":"36-39"}}]}'
Sending '{"now":15.14033,"events":[{"timestamp":15.14033,"type":"EXECUTE_JOB","data":{"job_id":"051425!106","alloc":"36-39"}}]}'
Received '{"now":15.267995,"events":[{"timestamp":15.267995,"type":"JOB_SUBMITTED","data":{"job_id":"051425!110","job":{"id":"051425!110","profile":"BT.S.4","res":4,"subtime":15.267967,"walltime":4200}}}]}'
Sending '{"now":15.267995,"events":[]}'
Received '{"now":15.396127,"events":[{"timestamp":15.396127,"type":"JOB_SUBMITTED","data":{"job_id":"051425!111","job":{"id":"051425!111","profile":"FT.S.16","res":16,"subtime":15.396097,"walltime":4200}}}]}'
Sending '{"now":15.396127,"events":[]}'
Received '{"now":15.481508,"events":[{"timestamp":15.481508,"type":"JOB_SUBMITTED","data":{"job_id":"051425!112","job":{"id":"051425!112","profile":"MG.S.4","res":4,"subtime":15.481478,"walltime":4200}}}]}'
Sending '{"now":15.481508,"events":[]}'
Received '{"now":15.485926,"events":[{"timestamp":15.485926,"type":"JOB_COMPLETED","data":{"job_id":"051425!104","job_state":"COMPLETED_SUCCESSFULLY","return_code":0,"kill_reason":"","alloc":"44-47"}}]}'
Sending '{"now":15.485926,"events":[{"timestamp":15.485926,"type":"EXECUTE_JOB","data":{"job_id":"051425!109","alloc":"44-47"}}]}'
Received '{"now":15.502382,"events":[{"timestamp":15.502382,"type":"JOB_SUBMITTED","data":{"job_id":"051425!113","job":{"id":"051425!113","profile":"IS.S.4","res":4,"subtime":15.502351,"walltime":4200}}}]}'
Sending '{"now":15.502382,"events":[]}'
Received '{"now":15.540580,"events":[{"timestamp":15.540580,"type":"JOB_COMPLETED","data":{"job_id":"051425!99","job_state":"COMPLETED_SUCCESSFULLY","return_code":0,"kill_reason":"","alloc":"60-63"}}]}'
Sending '{"now":15.54058,"events":[{"timestamp":15.54058,"type":"EXECUTE_JOB","data":{"job_id":"051425!110","alloc":"60-63"}}]}'
Received '{"now":15.771379,"events":[{"timestamp":15.771379,"type":"JOB_SUBMITTED","data":{"job_id":"051425!114","job":{"id":"051425!114","profile":"SP.S.16","res":16,"subtime":15.771348,"walltime":4200}}}]}'
Sending '{"now":15.771379,"events":[]}'
Received '{"now":15.840152,"events":[{"timestamp":15.840152,"type":"JOB_SUBMITTED","data":{"job_id":"051425!115","job":{"id":"051425!115","profile":"LU.S.16","res":16,"subtime":15.840122,"walltime":4200}}}]}'
Sending '{"now":15.840152,"events":[]}'
Received '{"now":15.888250,"events":[{"timestamp":15.888250,"type":"JOB_SUBMITTED","data":{"job_id":"051425!116","job":{"id":"051425!116","profile":"CG.S.16","res":16,"subtime":15.888220,"walltime":4200}}}]}'
Sending '{"now":15.88825,"events":[]}'
Received '{"now":16.044431,"events":[{"timestamp":16.044431,"type":"JOB_COMPLETED","data":{"job_id":"051425!92","job_state":"COMPLETED_SUCCESSFULLY","return_code":0,"kill_reason":"","alloc":"16-31"}}]}'
Sending '{"now":16.044431,"events":[{"timestamp":16.044431,"type":"EXECUTE_JOB","data":{"job_id":"051425!100","alloc":"16-31"}}]}'
Received '{"now":16.180365,"events":[{"timestamp":16.180365,"type":"JOB_COMPLETED","data":{"job_id":"051425!93","job_state":"COMPLETED_SUCCESSFULLY","return_code":0,"kill_reason":"","alloc":"0-15"}}]}'
Sending '{"now":16.180365,"events":[{"timestamp":16.180365,"type":"EXECUTE_JOB","data":{"job_id":"051425!101","alloc":"0-15"}}]}'
Received '{"now":16.388482,"events":[{"timestamp":16.388482,"type":"JOB_COMPLETED","data":{"job_id":"051425!109","job_state":"COMPLETED_SUCCESSFULLY","return_code":0,"kill_reason":"","alloc":"44-47"}}]}'
Sending '{"now":16.388482,"events":[]}'
Received '{"now":16.421641,"events":[{"timestamp":16.421641,"type":"JOB_SUBMITTED","data":{"job_id":"051425!117","job":{"id":"051425!117","profile":"IS.S.4","res":4,"subtime":16.421610,"walltime":4200}}}]}'
Sending '{"now":16.421641,"events":[]}'
Received '{"now":16.429337,"events":[{"timestamp":16.429337,"type":"JOB_COMPLETED","data":{"job_id":"051425!110","job_state":"COMPLETED_SUCCESSFULLY","return_code":0,"kill_reason":"","alloc":"60-63"}}]}'
Sending '{"now":16.429337,"events":[{"timestamp":16.429337,"type":"EXECUTE_JOB","data":{"job_id":"051425!112","alloc":"60-63"}}]}'
Received '{"now":16.466499,"events":[{"timestamp":16.466499,"type":"JOB_SUBMITTED","data":{"job_id":"051425!118","job":{"id":"051425!118","profile":"CG.S.4","res":4,"subtime":16.466468,"walltime":4200}}}]}'
Sending '{"now":16.466499,"events":[]}'
Received '{"now":16.630757,"events":[{"timestamp":16.630757,"type":"JOB_SUBMITTED","data":{"job_id":"051425!119","job":{"id":"051425!119","profile":"FT.S.4","res":4,"subtime":16.630727,"walltime":4200}}}]}'
Sending '{"now":16.630757,"events":[]}'
Received '{"now":16.647495,"events":[{"timestamp":16.647495,"type":"JOB_SUBMITTED","data":{"job_id":"051425!120","job":{"id":"051425!120","profile":"IS.S.16","res":16,"subtime":16.647465,"walltime":4200}}}]}'
Sending '{"now":16.647495,"events":[]}'
Received '{"now":16.689963,"events":[{"timestamp":16.689963,"type":"JOB_COMPLETED","data":{"job_id":"051425!101","job_state":"COMPLETED_SUCCESSFULLY","return_code":0,"kill_reason":"","alloc":"0-15"}}]}'
Sending '{"now":16.689963,"events":[{"timestamp":16.689963,"type":"EXECUTE_JOB","data":{"job_id":"051425!102","alloc":"0-15"}}]}'
Received '{"now":16.734029,"events":[{"timestamp":16.734029,"type":"JOB_COMPLETED","data":{"job_id":"051425!112","job_state":"COMPLETED_SUCCESSFULLY","return_code":0,"kill_reason":"","alloc":"60-63"}}]}'
Sending '{"now":16.734029,"events":[{"timestamp":16.734029,"type":"EXECUTE_JOB","data":{"job_id":"051425!113","alloc":"60-63"}}]}'
Received '{"now":16.943773,"events":[{"timestamp":16.943773,"type":"JOB_COMPLETED","data":{"job_id":"051425!113","job_state":"COMPLETED_SUCCESSFULLY","return_code":0,"kill_reason":"","alloc":"60-63"}}]}'
Sending '{"now":16.943773,"events":[{"timestamp":16.943773,"type":"EXECUTE_JOB","data":{"job_id":"051425!117","alloc":"60-63"}}]}'
Received '{"now":16.950336,"events":[{"timestamp":16.950336,"type":"JOB_COMPLETED","data":{"job_id":"051425!97","job_state":"COMPLETED_SUCCESSFULLY","return_code":0,"kill_reason":"","alloc":"32-35 48-59"}}]}'
Sending '{"now":16.950336,"events":[{"timestamp":16.950336,"type":"EXECUTE_JOB","data":{"job_id":"051425!103","alloc":"32-35 44-55"}},{"timestamp":16.950336,"type":"EXECUTE_JOB","data":{"job_id":"051425!118","alloc":"56-59"}}]}'
Received '{"now":17.017256,"events":[{"timestamp":17.017256,"type":"JOB_COMPLETED","data":{"job_id":"051425!105","job_state":"COMPLETED_SUCCESSFULLY","return_code":0,"kill_reason":"","alloc":"40-43"}}]}'
Sending '{"now":17.017256,"events":[{"timestamp":17.017256,"type":"EXECUTE_JOB","data":{"job_id":"051425!119","alloc":"40-43"}}]}'
Received '{"now":17.017746,"events":[{"timestamp":17.017746,"type":"JOB_COMPLETED","data":{"job_id":"051425!100","job_state":"COMPLETED_SUCCESSFULLY","return_code":0,"kill_reason":"","alloc":"16-31"}}]}'
Sending '{"now":17.017746,"events":[{"timestamp":17.017746,"type":"EXECUTE_JOB","data":{"job_id":"051425!107","alloc":"16-31"}}]}'
Received '{"now":17.021008,"events":[{"timestamp":17.021008,"type":"JOB_COMPLETED","data":{"job_id":"051425!106","job_state":"COMPLETED_SUCCESSFULLY","return_code":0,"kill_reason":"","alloc":"36-39"}}]}'
Sending '{"now":17.021008,"events":[]}'
Received '{"now":17.141978,"events":[{"timestamp":17.141978,"type":"JOB_COMPLETED","data":{"job_id":"051425!117","job_state":"COMPLETED_SUCCESSFULLY","return_code":0,"kill_reason":"","alloc":"60-63"}}]}'
Sending '{"now":17.141978,"events":[]}'
Received '{"now":17.305614,"events":[{"timestamp":17.305614,"type":"JOB_SUBMITTED","data":{"job_id":"051425!121","job":{"id":"051425!121","profile":"FT.S.16","res":16,"subtime":17.305598,"walltime":4200}}}]}'
Sending '{"now":17.305614,"events":[]}'
Received '{"now":17.385218,"events":[{"timestamp":17.385218,"type":"JOB_SUBMITTED","data":{"job_id":"051425!122","job":{"id":"051425!122","profile":"MG.S.4","res":4,"subtime":17.385188,"walltime":4200}}}]}'
Sending '{"now":17.385218,"events":[{"timestamp":17.385218,"type":"EXECUTE_JOB","data":{"job_id":"051425!122","alloc":"36-39"}}]}'
Received '{"now":17.505624,"events":[{"timestamp":17.505624,"type":"JOB_COMPLETED","data":{"job_id":"051425!118","job_state":"COMPLETED_SUCCESSFULLY","return_code":0,"kill_reason":"","alloc":"56-59"}}]}'
Sending '{"now":17.505624,"events":[]}'
Received '{"now":17.514319,"events":[{"timestamp":17.514319,"type":"JOB_COMPLETED","data":{"job_id":"051425!119","job_state":"COMPLETED_SUCCESSFULLY","return_code":0,"kill_reason":"","alloc":"40-43"}}]}'
Sending '{"now":17.514319,"events":[]}'
Received '{"now":17.597870,"events":[{"timestamp":17.597870,"type":"JOB_SUBMITTED","data":{"job_id":"051425!123","job":{"id":"051425!123","profile":"SP.S.16","res":16,"subtime":17.597844,"walltime":4200}}}]}'
Sending '{"now":17.59787,"events":[]}'
Received '{"now":17.608016,"events":[{"timestamp":17.608016,"type":"JOB_COMPLETED","data":{"job_id":"051425!122","job_state":"COMPLETED_SUCCESSFULLY","return_code":0,"kill_reason":"","alloc":"36-39"}}]}'
Sending '{"now":17.608016,"events":[{"timestamp":17.608016,"type":"EXECUTE_JOB","data":{"job_id":"051425!108","alloc":"36-43 56-63"}}]}'
Received '{"now":17.726820,"events":[{"timestamp":17.726820,"type":"JOB_COMPLETED","data":{"job_id":"051425!108","job_state":"COMPLETED_SUCCESSFULLY","return_code":0,"kill_reason":"","alloc":"36-43 56-63"}}]}'
Sending '{"now":17.72682,"events":[{"timestamp":17.72682,"type":"EXECUTE_JOB","data":{"job_id":"051425!111","alloc":"36-43 56-63"}}]}'
Received '{"now":17.755637,"events":[{"timestamp":17.755637,"type":"JOB_COMPLETED","data":{"job_id":"051425!102","job_state":"COMPLETED_SUCCESSFULLY","return_code":0,"kill_reason":"","alloc":"0-15"}}]}'
Sending '{"now":17.755637,"events":[{"timestamp":17.755637,"type":"EXECUTE_JOB","data":{"job_id":"051425!114","alloc":"0-15"}}]}'
Received '{"now":17.883761,"events":[{"timestamp":17.883761,"type":"JOB_SUBMITTED","data":{"job_id":"051425!124","job":{"id":"051425!124","profile":"CG.S.16","res":16,"subtime":17.883736,"walltime":4200}}}]}'
Sending '{"now":17.883761,"events":[]}'
Received '{"now":18.048091,"events":[{"timestamp":18.048091,"type":"JOB_COMPLETED","data":{"job_id":"051425!107","job_state":"COMPLETED_SUCCESSFULLY","return_code":0,"kill_reason":"","alloc":"16-31"}}]}'
Sending '{"now":18.048091,"events":[{"timestamp":18.048091,"type":"EXECUTE_JOB","data":{"job_id":"051425!115","alloc":"16-31"}}]}'
Received '{"now":18.087354,"events":[{"timestamp":18.087354,"type":"JOB_SUBMITTED","data":{"job_id":"051425!125","job":{"id":"051425!125","profile":"CG.S.4","res":4,"subtime":18.087333,"walltime":4200}}}]}'
Sending '{"now":18.087354,"events":[]}'
Received '{"now":18.163063,"events":[{"timestamp":18.163063,"type":"JOB_SUBMITTED","data":{"job_id":"051425!126","job":{"id":"051425!126","profile":"FT.S.4","res":4,"subtime":18.163047,"walltime":4200}}}]}'
Sending '{"now":18.163063,"events":[]}'
Received '{"now":18.336949,"events":[{"timestamp":18.336949,"type":"JOB_COMPLETED","data":{"job_id":"051425!111","job_state":"COMPLETED_SUCCESSFULLY","return_code":0,"kill_reason":"","alloc":"36-43 56-63"}}]}'
Sending '{"now":18.336949,"events":[{"timestamp":18.336949,"type":"EXECUTE_JOB","data":{"job_id":"051425!116","alloc":"36-43 56-63"}}]}'
Received '{"now":18.392958,"events":[{"timestamp":18.392958,"type":"JOB_SUBMITTED","data":{"job_id":"051425!127","job":{"id":"051425!127","profile":"FT.S.4","res":4,"subtime":18.392928,"walltime":4200}}}]}'
Sending '{"now":18.392958,"events":[]}'
Received '{"now":18.409159,"events":[{"timestamp":18.409159,"type":"JOB_SUBMITTED","data":{"job_id":"051425!128","job":{"id":"051425!128","profile":"SP.S.4","res":4,"subtime":18.409130,"walltime":4200}}}]}'
Sending '{"now":18.409159,"events":[]}'
Received '{"now":18.415412,"events":[{"timestamp":18.415412,"type":"JOB_SUBMITTED","data":{"job_id":"051425!129","job":{"id":"051425!129","profile":"IS.S.4","res":4,"subtime":18.415382,"walltime":4200}}}]}'
Sending '{"now":18.415412,"events":[]}'
Received '{"now":18.527091,"events":[{"timestamp":18.527091,"type":"JOB_COMPLETED","data":{"job_id":"051425!103","job_state":"COMPLETED_SUCCESSFULLY","return_code":0,"kill_reason":"","alloc":"32-35 44-55"}}]}'
Sending '{"now":18.527091,"events":[{"timestamp":18.527091,"type":"EXECUTE_JOB","data":{"job_id":"051425!120","alloc":"32-35 44-55"}}]}'
Received '{"now":18.553394,"events":[{"timestamp":18.553394,"type":"JOB_SUBMITTED","data":{"job_id":"051425!130","job":{"id":"051425!130","profile":"FT.S.4","res":4,"subtime":18.553364,"walltime":4200}}}]}'
Sending '{"now":18.553394,"events":[]}'
Received '{"now":18.596744,"events":[{"timestamp":18.596744,"type":"JOB_SUBMITTED","data":{"job_id":"051425!131","job":{"id":"051425!131","profile":"CG.S.16","res":16,"subtime":18.596714,"walltime":4200}}}]}'
Sending '{"now":18.596744,"events":[]}'
Received '{"now":18.613403,"events":[{"timestamp":18.613403,"type":"JOB_SUBMITTED","data":{"job_id":"051425!132","job":{"id":"051425!132","profile":"MG.S.4","res":4,"subtime":18.613377,"walltime":4200}}}]}'
Sending '{"now":18.613403,"events":[]}'
Received '{"now":18.631594,"events":[{"timestamp":18.631594,"type":"JOB_COMPLETED","data":{"job_id":"051425!120","job_state":"COMPLETED_SUCCESSFULLY","return_code":0,"kill_reason":"","alloc":"32-35 44-55"}}]}'
Sending '{"now":18.631594,"events":[{"timestamp":18.631594,"type":"EXECUTE_JOB","data":{"job_id":"051425!121","alloc":"32-35 44-55"}}]}'
Received '{"now":18.749561,"events":[{"timestamp":18.749561,"type":"JOB_SUBMITTED","data":{"job_id":"051425!133","job":{"id":"051425!133","profile":"LU.S.16","res":16,"subtime":18.749533,"walltime":4200}}}]}'
Sending '{"now":18.749561,"events":[]}'
Received '{"now":18.764900,"events":[{"timestamp":18.764900,"type":"JOB_SUBMITTED","data":{"job_id":"051425!134","job":{"id":"051425!134","profile":"CG.S.4","res":4,"subtime":18.764873,"walltime":4200}}}]}'
Sending '{"now":18.7649,"events":[]}'
Received '{"now":18.812337,"events":[{"timestamp":18.812337,"type":"JOB_SUBMITTED","data":{"job_id":"051425!135","job":{"id":"051425!135","profile":"BT.S.4","res":4,"subtime":18.812310,"walltime":4200}}}]}'
Sending '{"now":18.812337,"events":[]}'
Received '{"now":18.831517,"events":[{"timestamp":18.831517,"type":"JOB_SUBMITTED","data":{"job_id":"051425!136","job":{"id":"051425!136","profile":"MG.S.4","res":4,"subtime":18.831496,"walltime":4200}}}]}'
Sending '{"now":18.831517,"events":[]}'
Received '{"now":18.889712,"events":[{"timestamp":18.889712,"type":"JOB_COMPLETED","data":{"job_id":"051425!114","job_state":"COMPLETED_SUCCESSFULLY","return_code":0,"kill_reason":"","alloc":"0-15"}}]}'
Sending '{"now":18.889712,"events":[{"timestamp":18.889712,"type":"EXECUTE_JOB","data":{"job_id":"051425!123","alloc":"0-15"}}]}'
Received '{"now":19.013180,"events":[{"timestamp":19.013180,"type":"JOB_COMPLETED","data":{"job_id":"051425!121","job_state":"COMPLETED_SUCCESSFULLY","return_code":0,"kill_reason":"","alloc":"32-35 44-55"}}]}'
Sending '{"now":19.01318,"events":[{"timestamp":19.01318,"type":"EXECUTE_JOB","data":{"job_id":"051425!124","alloc":"32-35 44-55"}}]}'
Received '{"now":19.076832,"events":[{"timestamp":19.076832,"type":"JOB_COMPLETED","data":{"job_id":"051425!115","job_state":"COMPLETED_SUCCESSFULLY","return_code":0,"kill_reason":"","alloc":"16-31"}}]}'
Sending '{"now":19.076832,"events":[{"timestamp":19.076832,"type":"EXECUTE_JOB","data":{"job_id":"051425!125","alloc":"16-19"}},{"timestamp":19.076832,"type":"EXECUTE_JOB","data":{"job_id":"051425!126","alloc":"20-23"}},{"timestamp":19.076832,"type":"EXECUTE_JOB","data":{"job_id":"051425!127","alloc":"24-27"}},{"timestamp":19.076832,"type":"EXECUTE_JOB","data":{"job_id":"051425!128","alloc":"28-31"}}]}'
Received '{"now":19.095065,"events":[{"timestamp":19.095065,"type":"JOB_SUBMITTED","data":{"job_id":"051425!137","job":{"id":"051425!137","profile":"MG.S.16","res":16,"subtime":19.095039,"walltime":4200}}}]}'
Sending '{"now":19.095065,"events":[]}'
Received '{"now":19.169528,"events":[{"timestamp":19.169528,"type":"JOB_SUBMITTED","data":{"job_id":"051425!138","job":{"id":"051425!138","profile":"LU.S.4","res":4,"subtime":19.169501,"walltime":4200}}}]}'
Sending '{"now":19.169528,"events":[]}'
Received '{"now":19.214402,"events":[{"timestamp":19.214402,"type":"JOB_SUBMITTED","data":{"job_id":"051425!139","job":{"id":"051425!139","profile":"MG.S.16","res":16,"subtime":19.214374,"walltime":4200}}}]}'
Sending '{"now":19.214402,"events":[]}'
Received '{"now":19.253255,"events":[{"timestamp":19.253255,"type":"JOB_SUBMITTED","data":{"job_id":"051425!140","job":{"id":"051425!140","profile":"BT.S.16","res":16,"subtime":19.253233,"walltime":4200}}}]}'
Sending '{"now":19.253255,"events":[]}'
Received '{"now":19.315571,"events":[{"timestamp":19.315571,"type":"JOB_SUBMITTED","data":{"job_id":"051425!141","job":{"id":"051425!141","profile":"MG.S.16","res":16,"subtime":19.315548,"walltime":4200}}}]}'
Sending '{"now":19.315571,"events":[]}'
Received '{"now":19.344795,"events":[{"timestamp":19.344795,"type":"JOB_SUBMITTED","data":{"job_id":"051425!142","job":{"id":"051425!142","profile":"IS.S.16","res":16,"subtime":19.344772,"walltime":4200}}}]}'
Sending '{"now":19.344795,"events":[]}'
Received '{"now":19.368737,"events":[{"timestamp":19.368737,"type":"JOB_COMPLETED","data":{"job_id":"051425!116","job_state":"COMPLETED_SUCCESSFULLY","return_code":0,"kill_reason":"","alloc":"36-43 56-63"}}]}'
Sending '{"now":19.368737,"events":[{"timestamp":19.368737,"type":"EXECUTE_JOB","data":{"job_id":"051425!129","alloc":"36-39"}},{"timestamp":19.368737,"type":"EXECUTE_JOB","data":{"job_id":"051425!130","alloc":"40-43"}},{"timestamp":19.368737,"type":"EXECUTE_JOB","data":{"job_id":"051425!132","alloc":"56-59"}},{"timestamp":19.368737,"type":"EXECUTE_JOB","data":{"job_id":"051425!134","alloc":"60-63"}}]}'
Received '{"now":19.517802,"events":[{"timestamp":19.517802,"type":"JOB_COMPLETED","data":{"job_id":"051425!128","job_state":"COMPLETED_SUCCESSFULLY","return_code":0,"kill_reason":"","alloc":"28-31"}}]}'
Sending '{"now":19.517802,"events":[{"timestamp":19.517802,"type":"EXECUTE_JOB","data":{"job_id":"051425!135","alloc":"28-31"}}]}'
Received '{"now":19.608653,"events":[{"timestamp":19.608653,"type":"JOB_COMPLETED","data":{"job_id":"051425!129","job_state":"COMPLETED_SUCCESSFULLY","return_code":0,"kill_reason":"","alloc":"36-39"}}]}'
Sending '{"now":19.608653,"events":[{"timestamp":19.608653,"type":"EXECUTE_JOB","data":{"job_id":"051425!136","alloc":"36-39"}}]}'
Received '{"now":19.625136,"events":[{"timestamp":19.625136,"type":"JOB_COMPLETED","data":{"job_id":"051425!125","job_state":"COMPLETED_SUCCESSFULLY","return_code":0,"kill_reason":"","alloc":"16-19"}}]}'
Sending '{"now":19.625136,"events":[{"timestamp":19.625136,"type":"EXECUTE_JOB","data":{"job_id":"051425!138","alloc":"16-19"}}]}'
Received '{"now":19.647931,"events":[{"timestamp":19.647931,"type":"JOB_SUBMITTED","data":{"job_id":"051425!143","job":{"id":"051425!143","profile":"BT.S.4","res":4,"subtime":19.647908,"walltime":4200}}}]}'
Sending '{"now":19.647931,"events":[]}'
Received '{"now":19.663235,"events":[{"timestamp":19.663235,"type":"JOB_SUBMITTED","data":{"job_id":"051425!144","job":{"id":"051425!144","profile":"FT.S.16","res":16,"subtime":19.663214,"walltime":4200}}}]}'
Sending '{"now":19.663235,"events":[]}'
Received '{"now":19.671665,"events":[{"timestamp":19.671665,"type":"JOB_COMPLETED","data":{"job_id":"051425!132","job_state":"COMPLETED_SUCCESSFULLY","return_code":0,"kill_reason":"","alloc":"56-59"}}]}'
Sending '{"now":19.671665,"events":[{"timestamp":19.671665,"type":"EXECUTE_JOB","data":{"job_id":"051425!143","alloc":"56-59"}}]}'
Received '{"now":19.783475,"events":[{"timestamp":19.783475,"type":"JOB_SUBMITTED","data":{"job_id":"051425!145","job":{"id":"051425!145","profile":"MG.S.4","res":4,"subtime":19.783447,"walltime":4200}}}]}'
Sending '{"now":19.783475,"events":[]}'
Received '{"now":19.904678,"events":[{"timestamp":19.904678,"type":"JOB_COMPLETED","data":{"job_id":"051425!136","job_state":"COMPLETED_SUCCESSFULLY","return_code":0,"kill_reason":"","alloc":"36-39"}}]}'
Sending '{"now":19.904678,"events":[{"timestamp":19.904678,"type":"EXECUTE_JOB","data":{"job_id":"051425!145","alloc":"36-39"}}]}'
Received '{"now":19.922017,"events":[{"timestamp":19.922017,"type":"JOB_COMPLETED","data":{"job_id":"051425!123","job_state":"COMPLETED_SUCCESSFULLY","return_code":0,"kill_reason":"","alloc":"0-15"}}]}'
Sending '{"now":19.922017,"events":[{"timestamp":19.922017,"type":"EXECUTE_JOB","data":{"job_id":"051425!131","alloc":"0-15"}}]}'
Received '{"now":19.923088,"events":[{"timestamp":19.923088,"type":"JOB_COMPLETED","data":{"job_id":"051425!134","job_state":"COMPLETED_SUCCESSFULLY","return_code":0,"kill_reason":"","alloc":"60-63"}}]}'
Sending '{"now":19.923088,"events":[]}'
Received '{"now":19.976628,"events":[{"timestamp":19.976628,"type":"JOB_COMPLETED","data":{"job_id":"051425!124","job_state":"COMPLETED_SUCCESSFULLY","return_code":0,"kill_reason":"","alloc":"32-35 44-55"}}]}'
Sending '{"now":19.976628,"events":[{"timestamp":19.976628,"type":"EXECUTE_JOB","data":{"job_id":"051425!133","alloc":"32-35 44-55"}}]}'
Received '{"now":20.077813,"events":[{"timestamp":20.077813,"type":"JOB_COMPLETED","data":{"job_id":"051425!127","job_state":"COMPLETED_SUCCESSFULLY","return_code":0,"kill_reason":"","alloc":"24-27"}}]}'
Sending '{"now":20.077813,"events":[]}'
Received '{"now":20.078047,"events":[{"timestamp":20.078021,"type":"JOB_COMPLETED","data":{"job_id":"051425!126","job_state":"COMPLETED_SUCCESSFULLY","return_code":0,"kill_reason":"","alloc":"20-23"}}]}'
Sending '{"now":20.078047,"events":[]}'
Received '{"now":20.117295,"events":[{"timestamp":20.117295,"type":"JOB_COMPLETED","data":{"job_id":"051425!135","job_state":"COMPLETED_SUCCESSFULLY","return_code":0,"kill_reason":"","alloc":"28-31"}}]}'
Sending '{"now":20.117295,"events":[{"timestamp":20.117295,"type":"EXECUTE_JOB","data":{"job_id":"051425!137","alloc":"20-31 60-63"}}]}'
Received '{"now":20.137882,"events":[{"timestamp":20.137882,"type":"JOB_SUBMITTED","data":{"job_id":"051425!146","job":{"id":"051425!146","profile":"MG.S.4","res":4,"subtime":20.137852,"walltime":4200}}}]}'
Sending '{"now":20.137882,"events":[]}'
Received '{"now":20.139571,"events":[{"timestamp":20.139571,"type":"JOB_COMPLETED","data":{"job_id":"051425!145","job_state":"COMPLETED_SUCCESSFULLY","return_code":0,"kill_reason":"","alloc":"36-39"}}]}'
Sending '{"now":20.139571,"events":[]}'
Received '{"now":20.154531,"events":[{"timestamp":20.154531,"type":"JOB_SUBMITTED","data":{"job_id":"051425!147","job":{"id":"051425!147","profile":"FT.S.16","res":16,"subtime":20.154501,"walltime":4200}}}]}'
Sending '{"now":20.154531,"events":[]}'
Received '{"now":20.181643,"events":[{"timestamp":20.181643,"type":"JOB_COMPLETED","data":{"job_id":"051425!143","job_state":"COMPLETED_SUCCESSFULLY","return_code":0,"kill_reason":"","alloc":"56-59"}}]}'
Sending '{"now":20.181643,"events":[]}'
Received '{"now":20.239792,"events":[{"timestamp":20.239792,"type":"JOB_COMPLETED","data":{"job_id":"051425!130","job_state":"COMPLETED_SUCCESSFULLY","return_code":0,"kill_reason":"","alloc":"40-43"}}]}'
Sending '{"now":20.239792,"events":[]}'
Received '{"now":20.327234,"events":[{"timestamp":20.327234,"type":"JOB_COMPLETED","data":{"job_id":"051425!138","job_state":"COMPLETED_SUCCESSFULLY","return_code":0,"kill_reason":"","alloc":"16-19"}}]}'
Sending '{"now":20.327234,"events":[{"timestamp":20.327234,"type":"EXECUTE_JOB","data":{"job_id":"051425!139","alloc":"16-19 36-43 56-59"}}]}'
Received '{"now":20.329863,"events":[{"timestamp":20.329863,"type":"JOB_SUBMITTED","data":{"job_id":"051425!148","job":{"id":"051425!148","profile":"CG.S.16","res":16,"subtime":20.329840,"walltime":4200}}}]}'
Sending '{"now":20.329863,"events":[]}'
Received '{"now":20.501079,"events":[{"timestamp":20.501079,"type":"JOB_COMPLETED","data":{"job_id":"051425!137","job_state":"COMPLETED_SUCCESSFULLY","return_code":0,"kill_reason":"","alloc":"20-31 60-63"}}]}'
Sending '{"now":20.501079,"events":[{"timestamp":20.501079,"type":"EXECUTE_JOB","data":{"job_id":"051425!140","alloc":"20-31 60-63"}}]}'
Received '{"now":20.512733,"events":[{"timestamp":20.512733,"type":"JOB_SUBMITTED","data":{"job_id":"051425!149","job":{"id":"051425!149","profile":"SP.S.16","res":16,"subtime":20.512703,"walltime":4200}}}]}'
Sending '{"now":20.512733,"events":[]}'
Received '{"now":20.536136,"events":[{"timestamp":20.536136,"type":"JOB_SUBMITTED","data":{"job_id":"051425!150","job":{"id":"051425!150","profile":"SP.S.4","res":4,"subtime":20.536106,"walltime":4200}}}]}'
Sending '{"now":20.536136,"events":[]}'
Received '{"now":20.563846,"events":[{"timestamp":20.563846,"type":"JOB_SUBMITTED","data":{"job_id":"051425!151","job":{"id":"051425!151","profile":"CG.S.4","res":4,"subtime":20.563816,"walltime":4200}}}]}'
Sending '{"now":20.563846,"events":[]}'
Received '{"now":20.686421,"events":[{"timestamp":20.686421,"type":"JOB_SUBMITTED","data":{"job_id":"051425!152","job":{"id":"051425!152","profile":"BT.S.16","res":16,"subtime":20.686402,"walltime":4200}}}]}'
Sending '{"now":20.686421,"events":[]}'
Received '{"now":20.719806,"events":[{"timestamp":20.719806,"type":"JOB_SUBMITTED","data":{"job_id":"051425!153","job":{"id":"051425!153","profile":"SP.S.16","res":16,"subtime":20.719775,"walltime":4200}}}]}'
Sending '{"now":20.719806,"events":[]}'
Received '{"now":20.790925,"events":[{"timestamp":20.790925,"type":"JOB_COMPLETED","data":{"job_id":"051425!139","job_state":"COMPLETED_SUCCESSFULLY","return_code":0,"kill_reason":"","alloc":"16-19 36-43 56-59"}}]}'
Sending '{"now":20.790925,"events":[{"timestamp":20.790925,"type":"EXECUTE_JOB","data":{"job_id":"051425!141","alloc":"16-19 36-43 56-59"}}]}'
Received '{"now":20.899175,"events":[{"timestamp":20.899175,"type":"JOB_COMPLETED","data":{"job_id":"051425!131","job_state":"COMPLETED_SUCCESSFULLY","return_code":0,"kill_reason":"","alloc":"0-15"}}]}'
Sending '{"now":20.899175,"events":[{"timestamp":20.899175,"type":"EXECUTE_JOB","data":{"job_id":"051425!142","alloc":"0-15"}}]}'
Received '{"now":20.968809,"events":[{"timestamp":20.968809,"type":"JOB_SUBMITTED","data":{"job_id":"051425!154","job":{"id":"051425!154","profile":"IS.S.4","res":4,"subtime":20.968779,"walltime":4200}}}]}'
Sending '{"now":20.968809,"events":[]}'
Received '{"now":20.983697,"events":[{"timestamp":20.983697,"type":"JOB_COMPLETED","data":{"job_id":"051425!133","job_state":"COMPLETED_SUCCESSFULLY","return_code":0,"kill_reason":"","alloc":"32-35 44-55"}}]}'
Sending '{"now":20.983697,"events":[{"timestamp":20.983697,"type":"EXECUTE_JOB","data":{"job_id":"051425!144","alloc":"32-35 44-55"}}]}'
Received '{"now":21.009860,"events":[{"timestamp":21.009860,"type":"JOB_SUBMITTED","data":{"job_id":"051425!155","job":{"id":"051425!155","profile":"MG.S.16","res":16,"subtime":21.009839,"walltime":4200}}}]}'
Sending '{"now":21.00986,"events":[]}'
Received '{"now":21.032639,"events":[{"timestamp":21.032639,"type":"JOB_COMPLETED","data":{"job_id":"051425!142","job_state":"COMPLETED_SUCCESSFULLY","return_code":0,"kill_reason":"","alloc":"0-15"}}]}'
Sending '{"now":21.032639,"events":[{"timestamp":21.032639,"type":"EXECUTE_JOB","data":{"job_id":"051425!146","alloc":"0-3"}}]}'
Received '{"now":21.324790,"events":[{"timestamp":21.324790,"type":"JOB_SUBMITTED","data":{"job_id":"051425!156","job":{"id":"051425!156","profile":"FT.S.4","res":4,"subtime":21.324769,"walltime":4200}}}]}'
Sending '{"now":21.32479,"events":[]}'
Received '{"now":21.412237,"events":[{"timestamp":21.412237,"type":"JOB_COMPLETED","data":{"job_id":"051425!146","job_state":"COMPLETED_SUCCESSFULLY","return_code":0,"kill_reason":"","alloc":"0-3"}}]}'
Sending '{"now":21.412237,"events":[{"timestamp":21.412237,"type":"EXECUTE_JOB","data":{"job_id":"051425!147","alloc":"0-15"}}]}'
Received '{"now":21.422230,"events":[{"timestamp":21.422230,"type":"JOB_COMPLETED","data":{"job_id":"051425!141","job_state":"COMPLETED_SUCCESSFULLY","return_code":0,"kill_reason":"","alloc":"16-19 36-43 56-59"}}]}'
Sending '{"now":21.42223,"events":[{"timestamp":21.42223,"type":"EXECUTE_JOB","data":{"job_id":"051425!148","alloc":"16-19 36-43 56-59"}}]}'
Received '{"now":21.422321,"events":[{"timestamp":21.422261,"type":"JOB_SUBMITTED","data":{"job_id":"051425!157","job":{"id":"051425!157","profile":"SP.S.16","res":16,"subtime":21.422108,"walltime":4200}}}]}'
Sending '{"now":21.422321,"events":[]}'
Received '{"now":21.460326,"events":[{"timestamp":21.460326,"type":"JOB_SUBMITTED","data":{"job_id":"051425!158","job":{"id":"051425!158","profile":"IS.S.16","res":16,"subtime":21.460296,"walltime":4200}}}]}'
Sending '{"now":21.460326,"events":[]}'
Received '{"now":21.581792,"events":[{"timestamp":21.581792,"type":"JOB_SUBMITTED","data":{"job_id":"051425!159","job":{"id":"051425!159","profile":"FT.S.4","res":4,"subtime":21.581765,"walltime":4200}}}]}'
Sending '{"now":21.581792,"events":[]}'
Received '{"now":21.737402,"events":[{"timestamp":21.737402,"type":"JOB_COMPLETED","data":{"job_id":"051425!144","job_state":"COMPLETED_SUCCESSFULLY","return_code":0,"kill_reason":"","alloc":"32-35 44-55"}}]}'
Sending '{"now":21.737402,"events":[{"timestamp":21.737402,"type":"EXECUTE_JOB","data":{"job_id":"051425!149","alloc":"32-35 44-55"}}]}'
Received '{"now":22.010896,"events":[{"timestamp":22.010896,"type":"JOB_SUBMITTED","data":{"job_id":"051425!160","job":{"id":"051425!160","profile":"BT.S.16","res":16,"subtime":22.010870,"walltime":4200}}}]}'
Sending '{"now":22.010896,"events":[]}'
Received '{"now":22.061953,"events":[{"timestamp":22.061953,"type":"JOB_COMPLETED","data":{"job_id":"051425!147","job_state":"COMPLETED_SUCCESSFULLY","return_code":0,"kill_reason":"","alloc":"0-15"}}]}'
Sending '{"now":22.061953,"events":[{"timestamp":22.061953,"type":"EXECUTE_JOB","data":{"job_id":"051425!150","alloc":"0-3"}},{"timestamp":22.061953,"type":"EXECUTE_JOB","data":{"job_id":"051425!151","alloc":"4-7"}}]}'
Received '{"now":22.411852,"events":[{"timestamp":22.411852,"type":"JOB_COMPLETED","data":{"job_id":"051425!140","job_state":"COMPLETED_SUCCESSFULLY","return_code":0,"kill_reason":"","alloc":"20-31 60-63"}}]}'
Sending '{"now":22.411852,"events":[{"timestamp":22.411852,"type":"EXECUTE_JOB","data":{"job_id":"051425!152","alloc":"8-15 20-27"}},{"timestamp":22.411852,"type":"EXECUTE_JOB","data":{"job_id":"051425!154","alloc":"60-63"}}]}'
Received '{"now":22.450138,"events":[{"timestamp":22.450138,"type":"JOB_COMPLETED","data":{"job_id":"051425!148","job_state":"COMPLETED_SUCCESSFULLY","return_code":0,"kill_reason":"","alloc":"16-19 36-43 56-59"}}]}'
Sending '{"now":22.450138,"events":[{"timestamp":22.450138,"type":"EXECUTE_JOB","data":{"job_id":"051425!153","alloc":"16-19 28-31 36-43"}},{"timestamp":22.450138,"type":"EXECUTE_JOB","data":{"job_id":"051425!156","alloc":"56-59"}}]}'
Received '{"now":22.485120,"events":[{"timestamp":22.485120,"type":"JOB_COMPLETED","data":{"job_id":"051425!150","job_state":"COMPLETED_SUCCESSFULLY","return_code":0,"kill_reason":"","alloc":"0-3"}}]}'
Sending '{"now":22.48512,"events":[]}'
Received '{"now":22.647861,"events":[{"timestamp":22.647861,"type":"JOB_COMPLETED","data":{"job_id":"051425!151","job_state":"COMPLETED_SUCCESSFULLY","return_code":0,"kill_reason":"","alloc":"4-7"}}]}'
Sending '{"now":22.647861,"events":[]}'
Received '{"now":22.773692,"events":[{"timestamp":22.773692,"type":"JOB_COMPLETED","data":{"job_id":"051425!154","job_state":"COMPLETED_SUCCESSFULLY","return_code":0,"kill_reason":"","alloc":"60-63"}}]}'
Sending '{"now":22.773692,"events":[{"timestamp":22.773692,"type":"EXECUTE_JOB","data":{"job_id":"051425!159","alloc":"60-63"}}]}'
Received '{"now":22.935154,"events":[{"timestamp":22.935154,"type":"JOB_COMPLETED","data":{"job_id":"051425!149","job_state":"COMPLETED_SUCCESSFULLY","return_code":0,"kill_reason":"","alloc":"32-35 44-55"}}]}'
Sending '{"now":22.935154,"events":[{"timestamp":22.935154,"type":"EXECUTE_JOB","data":{"job_id":"051425!155","alloc":"0-7 32-35 44-47"}}]}'
Received '{"now":23.552384,"events":[{"timestamp":23.552384,"type":"JOB_COMPLETED","data":{"job_id":"051425!155","job_state":"COMPLETED_SUCCESSFULLY","return_code":0,"kill_reason":"","alloc":"0-7 32-35 44-47"}}]}'
Sending '{"now":23.552384,"events":[{"timestamp":23.552384,"type":"EXECUTE_JOB","data":{"job_id":"051425!157","alloc":"0-7 32-35 44-47"}}]}'
Received '{"now":23.721695,"events":[{"timestamp":23.721695,"type":"JOB_COMPLETED","data":{"job_id":"051425!153","job_state":"COMPLETED_SUCCESSFULLY","return_code":0,"kill_reason":"","alloc":"16-19 28-31 36-43"}}]}'
Sending '{"now":23.721695,"events":[{"timestamp":23.721695,"type":"EXECUTE_JOB","data":{"job_id":"051425!158","alloc":"16-19 28-31 36-43"}}]}'
Received '{"now":23.866344,"events":[{"timestamp":23.866344,"type":"JOB_COMPLETED","data":{"job_id":"051425!158","job_state":"COMPLETED_SUCCESSFULLY","return_code":0,"kill_reason":"","alloc":"16-19 28-31 36-43"}}]}'
Sending '{"now":23.866344,"events":[{"timestamp":23.866344,"type":"EXECUTE_JOB","data":{"job_id":"051425!160","alloc":"16-19 28-31 36-43"}}]}'
Received '{"now":24.535704,"events":[{"timestamp":24.535704,"type":"JOB_COMPLETED","data":{"job_id":"051425!156","job_state":"COMPLETED_SUCCESSFULLY","return_code":0,"kill_reason":"","alloc":"56-59"}}]}'
Sending '{"now":24.535704,"events":[]}'
Received '{"now":24.743815,"events":[{"timestamp":24.743815,"type":"JOB_COMPLETED","data":{"job_id":"051425!159","job_state":"COMPLETED_SUCCESSFULLY","return_code":0,"kill_reason":"","alloc":"60-63"}}]}'
Sending '{"now":24.743815,"events":[]}'
Received '{"now":24.777347,"events":[{"timestamp":24.777347,"type":"JOB_COMPLETED","data":{"job_id":"051425!157","job_state":"COMPLETED_SUCCESSFULLY","return_code":0,"kill_reason":"","alloc":"0-7 32-35 44-47"}}]}'
Sending '{"now":24.777347,"events":[]}'
Received '{"now":24.901417,"events":[{"timestamp":24.901417,"type":"JOB_COMPLETED","data":{"job_id":"051425!152","job_state":"COMPLETED_SUCCESSFULLY","return_code":0,"kill_reason":"","alloc":"8-15 20-27"}}]}'
Sending '{"now":24.901417,"events":[]}'
Received '{"now":25.507996,"events":[{"timestamp":25.507996,"type":"JOB_COMPLETED","data":{"job_id":"051425!160","job_state":"COMPLETED_SUCCESSFULLY","return_code":0,"kill_reason":"","alloc":"16-19 28-31 36-43"}},{"timestamp":25.507996,"type":"SIMULATION_ENDS","data":{}}]}'
Sending '{"now":25.507996,"events":[]}'
