%EventDef PajeDefineContainerType 1
% Type string
% Alias string
% Name string
%EndEventDef

%EventDef PajeCreateContainer 2
% Time date 
% Type string  
% Alias string 
% Name string   
% Container string  
%EndEventDef

%EventDef PajeDestroyContainer 3
% Time date
% Name string 
% Type string
%EndEventDef

%EventDef PajeDefineStateType 4
% Alias string 
% Type string 
% Name string 
%EndEventDef

%EventDef PajeDefineEntityValue 5
% Alias string  
% Type string  
% Name string  
% Color color 
%EndEventDef

%EventDef PajeSetState 6
% Time date  
% Type string  
% Container string  
% Value string  
%EndEventDef 

%EventDef PajeDefineEventType 7
% Type string
% Alias string
% Name string
%EndEventDef

%EventDef PajeNewEvent 8
% Time date
% Type string
% Container string
% Value string
%EndEventDef

%EventDef PajeDefineVariableType 9
% Type string
% Alias string
% Name string
% Color string
%EndEventDef

%EventDef PajeSetVariable 10
% Time date
% Type string
% Container string
% Value double
%EndEventDef

# Container types creation
1 0 root_ct "Machines"
1 root_ct machine_ct "Machine"
1 0 scheduler_ct "Scheduler"
1 scheduler_ct killer_ct "Killer"

# Event types creation
7 killer_ct kk "Job kill"
7 machine_ct km "Job kill"

# Variable types creation
9 scheduler_ct vu_vt "Utilization" "0.0 0.5 0.0"

# Containers creation
2 0.000000 root_ct root "Machines" 0
2 0.000000 machine_ct m0 "node-0.simgrid.org" root
2 0.000000 machine_ct m1 "node-1.simgrid.org" root
2 0.000000 machine_ct m2 "node-2.simgrid.org" root
2 0.000000 machine_ct m3 "node-3.simgrid.org" root
2 0.000000 machine_ct m4 "node-4.simgrid.org" root
2 0.000000 machine_ct m5 "node-5.simgrid.org" root
2 0.000000 machine_ct m6 "node-6.simgrid.org" root
2 0.000000 machine_ct m7 "node-7.simgrid.org" root
2 0.000000 machine_ct m8 "node-8.simgrid.org" root
2 0.000000 machine_ct m9 "node-9.simgrid.org" root
2 0.000000 machine_ct m10 "node-10.simgrid.org" root
2 0.000000 machine_ct m11 "node-11.simgrid.org" root
2 0.000000 machine_ct m12 "node-12.simgrid.org" root
2 0.000000 machine_ct m13 "node-13.simgrid.org" root
2 0.000000 machine_ct m14 "node-14.simgrid.org" root
2 0.000000 machine_ct m15 "node-15.simgrid.org" root
2 0.000000 machine_ct m16 "node-16.simgrid.org" root
2 0.000000 machine_ct m17 "node-17.simgrid.org" root
2 0.000000 machine_ct m18 "node-18.simgrid.org" root
2 0.000000 machine_ct m19 "node-19.simgrid.org" root
2 0.000000 machine_ct m20 "node-20.simgrid.org" root
2 0.000000 machine_ct m21 "node-21.simgrid.org" root
2 0.000000 machine_ct m22 "node-22.simgrid.org" root
2 0.000000 machine_ct m23 "node-23.simgrid.org" root
2 0.000000 machine_ct m24 "node-24.simgrid.org" root
2 0.000000 machine_ct m25 "node-25.simgrid.org" root
2 0.000000 machine_ct m26 "node-26.simgrid.org" root
2 0.000000 machine_ct m27 "node-27.simgrid.org" root
2 0.000000 machine_ct m28 "node-28.simgrid.org" root
2 0.000000 machine_ct m29 "node-29.simgrid.org" root
2 0.000000 machine_ct m30 "node-30.simgrid.org" root
2 0.000000 machine_ct m31 "node-31.simgrid.org" root
2 0.000000 machine_ct m32 "node-32.simgrid.org" root
2 0.000000 machine_ct m33 "node-33.simgrid.org" root
2 0.000000 machine_ct m34 "node-34.simgrid.org" root
2 0.000000 machine_ct m35 "node-35.simgrid.org" root
2 0.000000 machine_ct m36 "node-36.simgrid.org" root
2 0.000000 machine_ct m37 "node-37.simgrid.org" root
2 0.000000 machine_ct m38 "node-38.simgrid.org" root
2 0.000000 machine_ct m39 "node-39.simgrid.org" root
2 0.000000 machine_ct m40 "node-40.simgrid.org" root
2 0.000000 machine_ct m41 "node-41.simgrid.org" root
2 0.000000 machine_ct m42 "node-42.simgrid.org" root
2 0.000000 machine_ct m43 "node-43.simgrid.org" root
2 0.000000 machine_ct m44 "node-44.simgrid.org" root
2 0.000000 machine_ct m45 "node-45.simgrid.org" root
2 0.000000 machine_ct m46 "node-46.simgrid.org" root
2 0.000000 machine_ct m47 "node-47.simgrid.org" root
2 0.000000 machine_ct m48 "node-48.simgrid.org" root
2 0.000000 machine_ct m49 "node-49.simgrid.org" root
2 0.000000 machine_ct m50 "node-50.simgrid.org" root
2 0.000000 machine_ct m51 "node-51.simgrid.org" root
2 0.000000 machine_ct m52 "node-52.simgrid.org" root
2 0.000000 machine_ct m53 "node-53.simgrid.org" root
2 0.000000 machine_ct m54 "node-54.simgrid.org" root
2 0.000000 machine_ct m55 "node-55.simgrid.org" root
2 0.000000 machine_ct m56 "node-56.simgrid.org" root
2 0.000000 machine_ct m57 "node-57.simgrid.org" root
2 0.000000 machine_ct m58 "node-58.simgrid.org" root
2 0.000000 machine_ct m59 "node-59.simgrid.org" root
2 0.000000 machine_ct m60 "node-60.simgrid.org" root
2 0.000000 machine_ct m61 "node-61.simgrid.org" root
2 0.000000 machine_ct m62 "node-62.simgrid.org" root
2 0.000000 machine_ct m63 "node-63.simgrid.org" root
2 0.000000 scheduler_ct sc "Scheduler" 0
2 0.000000 killer_ct k "Killer" sc

# States creation
4 machine_state machine_ct "Machine state"

# Creation of the different values the machine state can be
5 w machine_state "Waiting" "0.0 0.0 0.0"
5 l machine_state "Launching" "0.3 0.3 0.3"

# Begin of events
6 0.000000 machine_state m0 w
6 0.000000 machine_state m1 w
6 0.000000 machine_state m2 w
6 0.000000 machine_state m3 w
6 0.000000 machine_state m4 w
6 0.000000 machine_state m5 w
6 0.000000 machine_state m6 w
6 0.000000 machine_state m7 w
6 0.000000 machine_state m8 w
6 0.000000 machine_state m9 w
6 0.000000 machine_state m10 w
6 0.000000 machine_state m11 w
6 0.000000 machine_state m12 w
6 0.000000 machine_state m13 w
6 0.000000 machine_state m14 w
6 0.000000 machine_state m15 w
6 0.000000 machine_state m16 w
6 0.000000 machine_state m17 w
6 0.000000 machine_state m18 w
6 0.000000 machine_state m19 w
6 0.000000 machine_state m20 w
6 0.000000 machine_state m21 w
6 0.000000 machine_state m22 w
6 0.000000 machine_state m23 w
6 0.000000 machine_state m24 w
6 0.000000 machine_state m25 w
6 0.000000 machine_state m26 w
6 0.000000 machine_state m27 w
6 0.000000 machine_state m28 w
6 0.000000 machine_state m29 w
6 0.000000 machine_state m30 w
6 0.000000 machine_state m31 w
6 0.000000 machine_state m32 w
6 0.000000 machine_state m33 w
6 0.000000 machine_state m34 w
6 0.000000 machine_state m35 w
6 0.000000 machine_state m36 w
6 0.000000 machine_state m37 w
6 0.000000 machine_state m38 w
6 0.000000 machine_state m39 w
6 0.000000 machine_state m40 w
6 0.000000 machine_state m41 w
6 0.000000 machine_state m42 w
6 0.000000 machine_state m43 w
6 0.000000 machine_state m44 w
6 0.000000 machine_state m45 w
6 0.000000 machine_state m46 w
6 0.000000 machine_state m47 w
6 0.000000 machine_state m48 w
6 0.000000 machine_state m49 w
6 0.000000 machine_state m50 w
6 0.000000 machine_state m51 w
6 0.000000 machine_state m52 w
6 0.000000 machine_state m53 w
6 0.000000 machine_state m54 w
6 0.000000 machine_state m55 w
6 0.000000 machine_state m56 w
6 0.000000 machine_state m57 w
6 0.000000 machine_state m58 w
6 0.000000 machine_state m59 w
6 0.000000 machine_state m60 w
6 0.000000 machine_state m61 w
6 0.000000 machine_state m62 w
6 0.000000 machine_state m63 w
5 j06befe!1 machine_state "06befe!1" "0.000000 0.812500 1.000000"
6 0.461796 machine_state m0 j06befe!1
6 0.461796 machine_state m1 j06befe!1
6 0.461796 machine_state m2 j06befe!1
6 0.461796 machine_state m3 j06befe!1
6 0.461796 machine_state m4 j06befe!1
6 0.461796 machine_state m5 j06befe!1
6 0.461796 machine_state m6 j06befe!1
6 0.461796 machine_state m7 j06befe!1
6 0.461796 machine_state m8 j06befe!1
6 0.461796 machine_state m9 j06befe!1
6 0.461796 machine_state m10 j06befe!1
6 0.461796 machine_state m11 j06befe!1
6 0.461796 machine_state m12 j06befe!1
6 0.461796 machine_state m13 j06befe!1
6 0.461796 machine_state m14 j06befe!1
6 0.461796 machine_state m15 j06befe!1
6 0.763795 machine_state m0 w
6 0.763795 machine_state m1 w
6 0.763795 machine_state m2 w
6 0.763795 machine_state m3 w
6 0.763795 machine_state m4 w
6 0.763795 machine_state m5 w
6 0.763795 machine_state m6 w
6 0.763795 machine_state m7 w
6 0.763795 machine_state m8 w
6 0.763795 machine_state m9 w
6 0.763795 machine_state m10 w
6 0.763795 machine_state m11 w
6 0.763795 machine_state m12 w
6 0.763795 machine_state m13 w
6 0.763795 machine_state m14 w
6 0.763795 machine_state m15 w
5 j06befe!2 machine_state "06befe!2" "1.000000 0.000000 0.000000"
6 0.845275 machine_state m0 j06befe!2
6 0.845275 machine_state m1 j06befe!2
6 0.845275 machine_state m2 j06befe!2
6 0.845275 machine_state m3 j06befe!2
5 j06befe!3 machine_state "06befe!3" "1.000000 0.750000 0.000000"
6 0.924422 machine_state m4 j06befe!3
6 0.924422 machine_state m5 j06befe!3
6 0.924422 machine_state m6 j06befe!3
6 0.924422 machine_state m7 j06befe!3
6 0.924422 machine_state m8 j06befe!3
6 0.924422 machine_state m9 j06befe!3
6 0.924422 machine_state m10 j06befe!3
6 0.924422 machine_state m11 j06befe!3
6 0.924422 machine_state m12 j06befe!3
6 0.924422 machine_state m13 j06befe!3
6 0.924422 machine_state m14 j06befe!3
6 0.924422 machine_state m15 j06befe!3
6 0.924422 machine_state m16 j06befe!3
6 0.924422 machine_state m17 j06befe!3
6 0.924422 machine_state m18 j06befe!3
6 0.924422 machine_state m19 j06befe!3
6 1.004201 machine_state m0 w
6 1.004201 machine_state m1 w
6 1.004201 machine_state m2 w
6 1.004201 machine_state m3 w
6 1.111806 machine_state m4 w
6 1.111806 machine_state m5 w
6 1.111806 machine_state m6 w
6 1.111806 machine_state m7 w
6 1.111806 machine_state m8 w
6 1.111806 machine_state m9 w
6 1.111806 machine_state m10 w
6 1.111806 machine_state m11 w
6 1.111806 machine_state m12 w
6 1.111806 machine_state m13 w
6 1.111806 machine_state m14 w
6 1.111806 machine_state m15 w
6 1.111806 machine_state m16 w
6 1.111806 machine_state m17 w
6 1.111806 machine_state m18 w
6 1.111806 machine_state m19 w
5 j06befe!4 machine_state "06befe!4" "0.593750 0.000000 1.000000"
6 1.536056 machine_state m0 j06befe!4
6 1.536056 machine_state m1 j06befe!4
6 1.536056 machine_state m2 j06befe!4
6 1.536056 machine_state m3 j06befe!4
5 j06befe!5 machine_state "06befe!5" "0.000000 1.000000 0.062500"
6 1.559474 machine_state m4 j06befe!5
6 1.559474 machine_state m5 j06befe!5
6 1.559474 machine_state m6 j06befe!5
6 1.559474 machine_state m7 j06befe!5
6 1.559474 machine_state m8 j06befe!5
6 1.559474 machine_state m9 j06befe!5
6 1.559474 machine_state m10 j06befe!5
6 1.559474 machine_state m11 j06befe!5
6 1.559474 machine_state m12 j06befe!5
6 1.559474 machine_state m13 j06befe!5
6 1.559474 machine_state m14 j06befe!5
6 1.559474 machine_state m15 j06befe!5
6 1.559474 machine_state m16 j06befe!5
6 1.559474 machine_state m17 j06befe!5
6 1.559474 machine_state m18 j06befe!5
6 1.559474 machine_state m19 j06befe!5
5 j06befe!6 machine_state "06befe!6" "0.687500 0.000000 1.000000"
6 1.723654 machine_state m20 j06befe!6
6 1.723654 machine_state m21 j06befe!6
6 1.723654 machine_state m22 j06befe!6
6 1.723654 machine_state m23 j06befe!6
5 j06befe!7 machine_state "06befe!7" "0.968750 1.000000 0.000000"
6 1.824657 machine_state m24 j06befe!7
6 1.824657 machine_state m25 j06befe!7
6 1.824657 machine_state m26 j06befe!7
6 1.824657 machine_state m27 j06befe!7
6 1.824657 machine_state m28 j06befe!7
6 1.824657 machine_state m29 j06befe!7
6 1.824657 machine_state m30 j06befe!7
6 1.824657 machine_state m31 j06befe!7
6 1.824657 machine_state m32 j06befe!7
6 1.824657 machine_state m33 j06befe!7
6 1.824657 machine_state m34 j06befe!7
6 1.824657 machine_state m35 j06befe!7
6 1.824657 machine_state m36 j06befe!7
6 1.824657 machine_state m37 j06befe!7
6 1.824657 machine_state m38 j06befe!7
6 1.824657 machine_state m39 j06befe!7
5 j06befe!8 machine_state "06befe!8" "0.000000 1.000000 0.718750"
6 2.041234 machine_state m40 j06befe!8
6 2.041234 machine_state m41 j06befe!8
6 2.041234 machine_state m42 j06befe!8
6 2.041234 machine_state m43 j06befe!8
6 2.041234 machine_state m44 j06befe!8
6 2.041234 machine_state m45 j06befe!8
6 2.041234 machine_state m46 j06befe!8
6 2.041234 machine_state m47 j06befe!8
6 2.041234 machine_state m48 j06befe!8
6 2.041234 machine_state m49 j06befe!8
6 2.041234 machine_state m50 j06befe!8
6 2.041234 machine_state m51 j06befe!8
6 2.041234 machine_state m52 j06befe!8
6 2.041234 machine_state m53 j06befe!8
6 2.041234 machine_state m54 j06befe!8
6 2.041234 machine_state m55 j06befe!8
6 2.074293 machine_state m0 w
6 2.074293 machine_state m1 w
6 2.074293 machine_state m2 w
6 2.074293 machine_state m3 w
5 j06befe!14 machine_state "06befe!14" "0.593750 1.000000 0.000000"
6 2.578421 machine_state m56 j06befe!14
6 2.578421 machine_state m57 j06befe!14
6 2.578421 machine_state m58 j06befe!14
6 2.578421 machine_state m59 j06befe!14
5 j06befe!15 machine_state "06befe!15" "0.312500 0.000000 1.000000"
6 2.682642 machine_state m60 j06befe!15
6 2.682642 machine_state m61 j06befe!15
6 2.682642 machine_state m62 j06befe!15
6 2.682642 machine_state m63 j06befe!15
6 2.897205 machine_state m20 w
6 2.897205 machine_state m21 w
6 2.897205 machine_state m22 w
6 2.897205 machine_state m23 w
6 3.079358 machine_state m40 w
6 3.079358 machine_state m41 w
6 3.079358 machine_state m42 w
6 3.079358 machine_state m43 w
6 3.079358 machine_state m44 w
6 3.079358 machine_state m45 w
6 3.079358 machine_state m46 w
6 3.079358 machine_state m47 w
6 3.079358 machine_state m48 w
6 3.079358 machine_state m49 w
6 3.079358 machine_state m50 w
6 3.079358 machine_state m51 w
6 3.079358 machine_state m52 w
6 3.079358 machine_state m53 w
6 3.079358 machine_state m54 w
6 3.079358 machine_state m55 w
5 j06befe!10 machine_state "06befe!10" "1.000000 0.000000 0.093750"
6 3.100824 machine_state m0 j06befe!10
6 3.100824 machine_state m1 j06befe!10
6 3.100824 machine_state m2 j06befe!10
6 3.100824 machine_state m3 j06befe!10
6 3.100824 machine_state m20 j06befe!10
6 3.100824 machine_state m21 j06befe!10
6 3.100824 machine_state m22 j06befe!10
6 3.100824 machine_state m23 j06befe!10
6 3.100824 machine_state m40 j06befe!10
6 3.100824 machine_state m41 j06befe!10
6 3.100824 machine_state m42 j06befe!10
6 3.100824 machine_state m43 j06befe!10
6 3.100824 machine_state m44 j06befe!10
6 3.100824 machine_state m45 j06befe!10
6 3.100824 machine_state m46 j06befe!10
6 3.100824 machine_state m47 j06befe!10
5 j06befe!17 machine_state "06befe!17" "1.000000 0.000000 0.187500"
6 3.232390 machine_state m48 j06befe!17
6 3.232390 machine_state m49 j06befe!17
6 3.232390 machine_state m50 j06befe!17
6 3.232390 machine_state m51 j06befe!17
5 j06befe!20 machine_state "06befe!20" "1.000000 0.000000 0.937500"
6 3.714525 machine_state m52 j06befe!20
6 3.714525 machine_state m53 j06befe!20
6 3.714525 machine_state m54 j06befe!20
6 3.714525 machine_state m55 j06befe!20
6 3.770616 machine_state m48 w
6 3.770616 machine_state m49 w
6 3.770616 machine_state m50 w
6 3.770616 machine_state m51 w
6 4.363544 machine_state m52 w
6 4.363544 machine_state m53 w
6 4.363544 machine_state m54 w
6 4.363544 machine_state m55 w
5 j06befe!24 machine_state "06befe!24" "0.000000 0.156250 1.000000"
6 4.406357 machine_state m48 j06befe!24
6 4.406357 machine_state m49 j06befe!24
6 4.406357 machine_state m50 j06befe!24
6 4.406357 machine_state m51 j06befe!24
5 j06befe!25 machine_state "06befe!25" "0.000000 0.718750 1.000000"
6 4.516657 machine_state m52 j06befe!25
6 4.516657 machine_state m53 j06befe!25
6 4.516657 machine_state m54 j06befe!25
6 4.516657 machine_state m55 j06befe!25
6 4.974125 machine_state m56 w
6 4.974125 machine_state m57 w
6 4.974125 machine_state m58 w
6 4.974125 machine_state m59 w
6 5.054935 machine_state m52 w
6 5.054935 machine_state m53 w
6 5.054935 machine_state m54 w
6 5.054935 machine_state m55 w
6 5.078353 machine_state m60 w
6 5.078353 machine_state m61 w
6 5.078353 machine_state m62 w
6 5.078353 machine_state m63 w
6 5.125994 machine_state m4 w
6 5.125994 machine_state m5 w
6 5.125994 machine_state m6 w
6 5.125994 machine_state m7 w
6 5.125994 machine_state m8 w
6 5.125994 machine_state m9 w
6 5.125994 machine_state m10 w
6 5.125994 machine_state m11 w
6 5.125994 machine_state m12 w
6 5.125994 machine_state m13 w
6 5.125994 machine_state m14 w
6 5.125994 machine_state m15 w
6 5.125994 machine_state m16 w
6 5.125994 machine_state m17 w
6 5.125994 machine_state m18 w
6 5.125994 machine_state m19 w
5 j06befe!9 machine_state "06befe!9" "1.000000 0.000000 0.468750"
6 5.147471 machine_state m4 j06befe!9
6 5.147471 machine_state m5 j06befe!9
6 5.147471 machine_state m6 j06befe!9
6 5.147471 machine_state m7 j06befe!9
6 5.147471 machine_state m8 j06befe!9
6 5.147471 machine_state m9 j06befe!9
6 5.147471 machine_state m10 j06befe!9
6 5.147471 machine_state m11 j06befe!9
6 5.147471 machine_state m12 j06befe!9
6 5.147471 machine_state m13 j06befe!9
6 5.147471 machine_state m14 j06befe!9
6 5.147471 machine_state m15 j06befe!9
6 5.147471 machine_state m16 j06befe!9
6 5.147471 machine_state m17 j06befe!9
6 5.147471 machine_state m18 j06befe!9
6 5.147471 machine_state m19 j06befe!9
5 j06befe!29 machine_state "06befe!29" "0.000000 1.000000 0.812500"
6 5.283997 machine_state m52 j06befe!29
6 5.283997 machine_state m53 j06befe!29
6 5.283997 machine_state m54 j06befe!29
6 5.283997 machine_state m55 j06befe!29
5 j06befe!31 machine_state "06befe!31" "0.000000 0.906250 1.000000"
6 5.872059 machine_state m56 j06befe!31
6 5.872059 machine_state m57 j06befe!31
6 5.872059 machine_state m58 j06befe!31
6 5.872059 machine_state m59 j06befe!31
6 6.029758 machine_state m56 w
6 6.029758 machine_state m57 w
6 6.029758 machine_state m58 w
6 6.029758 machine_state m59 w
6 6.802176 machine_state m48 w
6 6.802176 machine_state m49 w
6 6.802176 machine_state m50 w
6 6.802176 machine_state m51 w
5 j06befe!34 machine_state "06befe!34" "0.218750 0.000000 1.000000"
6 7.099753 machine_state m48 j06befe!34
6 7.099753 machine_state m49 j06befe!34
6 7.099753 machine_state m50 j06befe!34
6 7.099753 machine_state m51 j06befe!34
6 7.638028 machine_state m48 w
6 7.638028 machine_state m49 w
6 7.638028 machine_state m50 w
6 7.638028 machine_state m51 w
5 j06befe!36 machine_state "06befe!36" "0.031250 1.000000 0.000000"
6 7.660302 machine_state m56 j06befe!36
6 7.660302 machine_state m57 j06befe!36
6 7.660302 machine_state m58 j06befe!36
6 7.660302 machine_state m59 j06befe!36
6 7.679808 machine_state m52 w
6 7.679808 machine_state m53 w
6 7.679808 machine_state m54 w
6 7.679808 machine_state m55 w
6 7.764169 machine_state m56 w
6 7.764169 machine_state m57 w
6 7.764169 machine_state m58 w
6 7.764169 machine_state m59 w
5 j06befe!11 machine_state "06befe!11" "0.000000 1.000000 0.906250"
6 7.785635 machine_state m48 j06befe!11
6 7.785635 machine_state m49 j06befe!11
6 7.785635 machine_state m50 j06befe!11
6 7.785635 machine_state m51 j06befe!11
6 7.785635 machine_state m52 j06befe!11
6 7.785635 machine_state m53 j06befe!11
6 7.785635 machine_state m54 j06befe!11
6 7.785635 machine_state m55 j06befe!11
6 7.785635 machine_state m56 j06befe!11
6 7.785635 machine_state m57 j06befe!11
6 7.785635 machine_state m58 j06befe!11
6 7.785635 machine_state m59 j06befe!11
6 7.785635 machine_state m60 j06befe!11
6 7.785635 machine_state m61 j06befe!11
6 7.785635 machine_state m62 j06befe!11
6 7.785635 machine_state m63 j06befe!11
6 7.982045 machine_state m24 w
6 7.982045 machine_state m25 w
6 7.982045 machine_state m26 w
6 7.982045 machine_state m27 w
6 7.982045 machine_state m28 w
6 7.982045 machine_state m29 w
6 7.982045 machine_state m30 w
6 7.982045 machine_state m31 w
6 7.982045 machine_state m32 w
6 7.982045 machine_state m33 w
6 7.982045 machine_state m34 w
6 7.982045 machine_state m35 w
6 7.982045 machine_state m36 w
6 7.982045 machine_state m37 w
6 7.982045 machine_state m38 w
6 7.982045 machine_state m39 w
5 j06befe!12 machine_state "06befe!12" "0.781250 1.000000 0.000000"
6 8.003511 machine_state m24 j06befe!12
6 8.003511 machine_state m25 j06befe!12
6 8.003511 machine_state m26 j06befe!12
6 8.003511 machine_state m27 j06befe!12
6 8.003511 machine_state m28 j06befe!12
6 8.003511 machine_state m29 j06befe!12
6 8.003511 machine_state m30 j06befe!12
6 8.003511 machine_state m31 j06befe!12
6 8.003511 machine_state m32 j06befe!12
6 8.003511 machine_state m33 j06befe!12
6 8.003511 machine_state m34 j06befe!12
6 8.003511 machine_state m35 j06befe!12
6 8.003511 machine_state m36 j06befe!12
6 8.003511 machine_state m37 j06befe!12
6 8.003511 machine_state m38 j06befe!12
6 8.003511 machine_state m39 j06befe!12
6 8.823890 machine_state m48 w
6 8.823890 machine_state m49 w
6 8.823890 machine_state m50 w
6 8.823890 machine_state m51 w
6 8.823890 machine_state m52 w
6 8.823890 machine_state m53 w
6 8.823890 machine_state m54 w
6 8.823890 machine_state m55 w
6 8.823890 machine_state m56 w
6 8.823890 machine_state m57 w
6 8.823890 machine_state m58 w
6 8.823890 machine_state m59 w
6 8.823890 machine_state m60 w
6 8.823890 machine_state m61 w
6 8.823890 machine_state m62 w
6 8.823890 machine_state m63 w
5 j06befe!13 machine_state "06befe!13" "0.218750 1.000000 0.000000"
6 8.845356 machine_state m48 j06befe!13
6 8.845356 machine_state m49 j06befe!13
6 8.845356 machine_state m50 j06befe!13
6 8.845356 machine_state m51 j06befe!13
6 8.845356 machine_state m52 j06befe!13
6 8.845356 machine_state m53 j06befe!13
6 8.845356 machine_state m54 j06befe!13
6 8.845356 machine_state m55 j06befe!13
6 8.845356 machine_state m56 j06befe!13
6 8.845356 machine_state m57 j06befe!13
6 8.845356 machine_state m58 j06befe!13
6 8.845356 machine_state m59 j06befe!13
6 8.845356 machine_state m60 j06befe!13
6 8.845356 machine_state m61 j06befe!13
6 8.845356 machine_state m62 j06befe!13
6 8.845356 machine_state m63 j06befe!13
6 11.305237 machine_state m0 w
6 11.305237 machine_state m1 w
6 11.305237 machine_state m2 w
6 11.305237 machine_state m3 w
6 11.305237 machine_state m20 w
6 11.305237 machine_state m21 w
6 11.305237 machine_state m22 w
6 11.305237 machine_state m23 w
6 11.305237 machine_state m40 w
6 11.305237 machine_state m41 w
6 11.305237 machine_state m42 w
6 11.305237 machine_state m43 w
6 11.305237 machine_state m44 w
6 11.305237 machine_state m45 w
6 11.305237 machine_state m46 w
6 11.305237 machine_state m47 w
5 j06befe!16 machine_state "06befe!16" "0.000000 1.000000 0.437500"
6 11.326703 machine_state m0 j06befe!16
6 11.326703 machine_state m1 j06befe!16
6 11.326703 machine_state m2 j06befe!16
6 11.326703 machine_state m3 j06befe!16
6 11.326703 machine_state m20 j06befe!16
6 11.326703 machine_state m21 j06befe!16
6 11.326703 machine_state m22 j06befe!16
6 11.326703 machine_state m23 j06befe!16
6 11.326703 machine_state m40 j06befe!16
6 11.326703 machine_state m41 j06befe!16
6 11.326703 machine_state m42 j06befe!16
6 11.326703 machine_state m43 j06befe!16
6 11.326703 machine_state m44 j06befe!16
6 11.326703 machine_state m45 j06befe!16
6 11.326703 machine_state m46 j06befe!16
6 11.326703 machine_state m47 j06befe!16
6 11.429124 machine_state m4 w
6 11.429124 machine_state m5 w
6 11.429124 machine_state m6 w
6 11.429124 machine_state m7 w
6 11.429124 machine_state m8 w
6 11.429124 machine_state m9 w
6 11.429124 machine_state m10 w
6 11.429124 machine_state m11 w
6 11.429124 machine_state m12 w
6 11.429124 machine_state m13 w
6 11.429124 machine_state m14 w
6 11.429124 machine_state m15 w
6 11.429124 machine_state m16 w
6 11.429124 machine_state m17 w
6 11.429124 machine_state m18 w
6 11.429124 machine_state m19 w
5 j06befe!18 machine_state "06befe!18" "0.687500 1.000000 0.000000"
6 11.450590 machine_state m4 j06befe!18
6 11.450590 machine_state m5 j06befe!18
6 11.450590 machine_state m6 j06befe!18
6 11.450590 machine_state m7 j06befe!18
6 11.450590 machine_state m8 j06befe!18
6 11.450590 machine_state m9 j06befe!18
6 11.450590 machine_state m10 j06befe!18
6 11.450590 machine_state m11 j06befe!18
6 11.450590 machine_state m12 j06befe!18
6 11.450590 machine_state m13 j06befe!18
6 11.450590 machine_state m14 j06befe!18
6 11.450590 machine_state m15 j06befe!18
6 11.450590 machine_state m16 j06befe!18
6 11.450590 machine_state m17 j06befe!18
6 11.450590 machine_state m18 j06befe!18
6 11.450590 machine_state m19 j06befe!18
6 11.564770 machine_state m24 w
6 11.564770 machine_state m25 w
6 11.564770 machine_state m26 w
6 11.564770 machine_state m27 w
6 11.564770 machine_state m28 w
6 11.564770 machine_state m29 w
6 11.564770 machine_state m30 w
6 11.564770 machine_state m31 w
6 11.564770 machine_state m32 w
6 11.564770 machine_state m33 w
6 11.564770 machine_state m34 w
6 11.564770 machine_state m35 w
6 11.564770 machine_state m36 w
6 11.564770 machine_state m37 w
6 11.564770 machine_state m38 w
6 11.564770 machine_state m39 w
5 j06befe!19 machine_state "06befe!19" "0.000000 1.000000 0.625000"
6 11.594042 machine_state m24 j06befe!19
6 11.594042 machine_state m25 j06befe!19
6 11.594042 machine_state m26 j06befe!19
6 11.594042 machine_state m27 j06befe!19
6 11.594042 machine_state m28 j06befe!19
6 11.594042 machine_state m29 j06befe!19
6 11.594042 machine_state m30 j06befe!19
6 11.594042 machine_state m31 j06befe!19
6 11.594042 machine_state m32 j06befe!19
6 11.594042 machine_state m33 j06befe!19
6 11.594042 machine_state m34 j06befe!19
6 11.594042 machine_state m35 j06befe!19
6 11.594042 machine_state m36 j06befe!19
6 11.594042 machine_state m37 j06befe!19
6 11.594042 machine_state m38 j06befe!19
6 11.594042 machine_state m39 j06befe!19
6 11.991078 machine_state m48 w
6 11.991078 machine_state m49 w
6 11.991078 machine_state m50 w
6 11.991078 machine_state m51 w
6 11.991078 machine_state m52 w
6 11.991078 machine_state m53 w
6 11.991078 machine_state m54 w
6 11.991078 machine_state m55 w
6 11.991078 machine_state m56 w
6 11.991078 machine_state m57 w
6 11.991078 machine_state m58 w
6 11.991078 machine_state m59 w
6 11.991078 machine_state m60 w
6 11.991078 machine_state m61 w
6 11.991078 machine_state m62 w
6 11.991078 machine_state m63 w
5 j06befe!21 machine_state "06befe!21" "0.000000 1.000000 0.531250"
6 12.012544 machine_state m48 j06befe!21
6 12.012544 machine_state m49 j06befe!21
6 12.012544 machine_state m50 j06befe!21
6 12.012544 machine_state m51 j06befe!21
6 12.012544 machine_state m52 j06befe!21
6 12.012544 machine_state m53 j06befe!21
6 12.012544 machine_state m54 j06befe!21
6 12.012544 machine_state m55 j06befe!21
6 12.012544 machine_state m56 j06befe!21
6 12.012544 machine_state m57 j06befe!21
6 12.012544 machine_state m58 j06befe!21
6 12.012544 machine_state m59 j06befe!21
6 12.012544 machine_state m60 j06befe!21
6 12.012544 machine_state m61 j06befe!21
6 12.012544 machine_state m62 j06befe!21
6 12.012544 machine_state m63 j06befe!21
6 13.050756 machine_state m48 w
6 13.050756 machine_state m49 w
6 13.050756 machine_state m50 w
6 13.050756 machine_state m51 w
6 13.050756 machine_state m52 w
6 13.050756 machine_state m53 w
6 13.050756 machine_state m54 w
6 13.050756 machine_state m55 w
6 13.050756 machine_state m56 w
6 13.050756 machine_state m57 w
6 13.050756 machine_state m58 w
6 13.050756 machine_state m59 w
6 13.050756 machine_state m60 w
6 13.050756 machine_state m61 w
6 13.050756 machine_state m62 w
6 13.050756 machine_state m63 w
5 j06befe!22 machine_state "06befe!22" "1.000000 0.937500 0.000000"
6 13.072233 machine_state m48 j06befe!22
6 13.072233 machine_state m49 j06befe!22
6 13.072233 machine_state m50 j06befe!22
6 13.072233 machine_state m51 j06befe!22
6 13.072233 machine_state m52 j06befe!22
6 13.072233 machine_state m53 j06befe!22
6 13.072233 machine_state m54 j06befe!22
6 13.072233 machine_state m55 j06befe!22
6 13.072233 machine_state m56 j06befe!22
6 13.072233 machine_state m57 j06befe!22
6 13.072233 machine_state m58 j06befe!22
6 13.072233 machine_state m59 j06befe!22
6 13.072233 machine_state m60 j06befe!22
6 13.072233 machine_state m61 j06befe!22
6 13.072233 machine_state m62 j06befe!22
6 13.072233 machine_state m63 j06befe!22
6 15.155282 machine_state m24 w
6 15.155282 machine_state m25 w
6 15.155282 machine_state m26 w
6 15.155282 machine_state m27 w
6 15.155282 machine_state m28 w
6 15.155282 machine_state m29 w
6 15.155282 machine_state m30 w
6 15.155282 machine_state m31 w
6 15.155282 machine_state m32 w
6 15.155282 machine_state m33 w
6 15.155282 machine_state m34 w
6 15.155282 machine_state m35 w
6 15.155282 machine_state m36 w
6 15.155282 machine_state m37 w
6 15.155282 machine_state m38 w
6 15.155282 machine_state m39 w
5 j06befe!23 machine_state "06befe!23" "1.000000 0.000000 0.562500"
6 15.176748 machine_state m24 j06befe!23
6 15.176748 machine_state m25 j06befe!23
6 15.176748 machine_state m26 j06befe!23
6 15.176748 machine_state m27 j06befe!23
6 15.176748 machine_state m28 j06befe!23
6 15.176748 machine_state m29 j06befe!23
6 15.176748 machine_state m30 j06befe!23
6 15.176748 machine_state m31 j06befe!23
6 15.176748 machine_state m32 j06befe!23
6 15.176748 machine_state m33 j06befe!23
6 15.176748 machine_state m34 j06befe!23
6 15.176748 machine_state m35 j06befe!23
6 15.176748 machine_state m36 j06befe!23
6 15.176748 machine_state m37 j06befe!23
6 15.176748 machine_state m38 j06befe!23
6 15.176748 machine_state m39 j06befe!23
6 15.434319 machine_state m0 w
6 15.434319 machine_state m1 w
6 15.434319 machine_state m2 w
6 15.434319 machine_state m3 w
6 15.434319 machine_state m20 w
6 15.434319 machine_state m21 w
6 15.434319 machine_state m22 w
6 15.434319 machine_state m23 w
6 15.434319 machine_state m40 w
6 15.434319 machine_state m41 w
6 15.434319 machine_state m42 w
6 15.434319 machine_state m43 w
6 15.434319 machine_state m44 w
6 15.434319 machine_state m45 w
6 15.434319 machine_state m46 w
6 15.434319 machine_state m47 w
5 j06befe!26 machine_state "06befe!26" "1.000000 0.000000 0.750000"
6 15.455796 machine_state m0 j06befe!26
6 15.455796 machine_state m1 j06befe!26
6 15.455796 machine_state m2 j06befe!26
6 15.455796 machine_state m3 j06befe!26
6 15.455796 machine_state m20 j06befe!26
6 15.455796 machine_state m21 j06befe!26
6 15.455796 machine_state m22 j06befe!26
6 15.455796 machine_state m23 j06befe!26
6 15.455796 machine_state m40 j06befe!26
6 15.455796 machine_state m41 j06befe!26
6 15.455796 machine_state m42 j06befe!26
6 15.455796 machine_state m43 j06befe!26
6 15.455796 machine_state m44 j06befe!26
6 15.455796 machine_state m45 j06befe!26
6 15.455796 machine_state m46 j06befe!26
6 15.455796 machine_state m47 j06befe!26
6 16.218061 machine_state m48 w
6 16.218061 machine_state m49 w
6 16.218061 machine_state m50 w
6 16.218061 machine_state m51 w
6 16.218061 machine_state m52 w
6 16.218061 machine_state m53 w
6 16.218061 machine_state m54 w
6 16.218061 machine_state m55 w
6 16.218061 machine_state m56 w
6 16.218061 machine_state m57 w
6 16.218061 machine_state m58 w
6 16.218061 machine_state m59 w
6 16.218061 machine_state m60 w
6 16.218061 machine_state m61 w
6 16.218061 machine_state m62 w
6 16.218061 machine_state m63 w
5 j06befe!27 machine_state "06befe!27" "0.000000 1.000000 1.000000"
6 16.239527 machine_state m48 j06befe!27
6 16.239527 machine_state m49 j06befe!27
6 16.239527 machine_state m50 j06befe!27
6 16.239527 machine_state m51 j06befe!27
6 16.239527 machine_state m52 j06befe!27
6 16.239527 machine_state m53 j06befe!27
6 16.239527 machine_state m54 j06befe!27
6 16.239527 machine_state m55 j06befe!27
6 16.239527 machine_state m56 j06befe!27
6 16.239527 machine_state m57 j06befe!27
6 16.239527 machine_state m58 j06befe!27
6 16.239527 machine_state m59 j06befe!27
6 16.239527 machine_state m60 j06befe!27
6 16.239527 machine_state m61 j06befe!27
6 16.239527 machine_state m62 j06befe!27
6 16.239527 machine_state m63 j06befe!27
6 17.731845 machine_state m4 w
6 17.731845 machine_state m5 w
6 17.731845 machine_state m6 w
6 17.731845 machine_state m7 w
6 17.731845 machine_state m8 w
6 17.731845 machine_state m9 w
6 17.731845 machine_state m10 w
6 17.731845 machine_state m11 w
6 17.731845 machine_state m12 w
6 17.731845 machine_state m13 w
6 17.731845 machine_state m14 w
6 17.731845 machine_state m15 w
6 17.731845 machine_state m16 w
6 17.731845 machine_state m17 w
6 17.731845 machine_state m18 w
6 17.731845 machine_state m19 w
5 j06befe!28 machine_state "06befe!28" "0.875000 1.000000 0.000000"
6 17.753314 machine_state m4 j06befe!28
6 17.753314 machine_state m5 j06befe!28
6 17.753314 machine_state m6 j06befe!28
6 17.753314 machine_state m7 j06befe!28
6 17.753314 machine_state m8 j06befe!28
6 17.753314 machine_state m9 j06befe!28
6 17.753314 machine_state m10 j06befe!28
6 17.753314 machine_state m11 j06befe!28
6 17.753314 machine_state m12 j06befe!28
6 17.753314 machine_state m13 j06befe!28
6 17.753314 machine_state m14 j06befe!28
6 17.753314 machine_state m15 j06befe!28
6 17.753314 machine_state m16 j06befe!28
6 17.753314 machine_state m17 j06befe!28
6 17.753314 machine_state m18 j06befe!28
6 17.753314 machine_state m19 j06befe!28
6 19.386112 machine_state m48 w
6 19.386112 machine_state m49 w
6 19.386112 machine_state m50 w
6 19.386112 machine_state m51 w
6 19.386112 machine_state m52 w
6 19.386112 machine_state m53 w
6 19.386112 machine_state m54 w
6 19.386112 machine_state m55 w
6 19.386112 machine_state m56 w
6 19.386112 machine_state m57 w
6 19.386112 machine_state m58 w
6 19.386112 machine_state m59 w
6 19.386112 machine_state m60 w
6 19.386112 machine_state m61 w
6 19.386112 machine_state m62 w
6 19.386112 machine_state m63 w
5 j06befe!30 machine_state "06befe!30" "0.968750 0.000000 1.000000"
6 19.407578 machine_state m48 j06befe!30
6 19.407578 machine_state m49 j06befe!30
6 19.407578 machine_state m50 j06befe!30
6 19.407578 machine_state m51 j06befe!30
6 19.407578 machine_state m52 j06befe!30
6 19.407578 machine_state m53 j06befe!30
6 19.407578 machine_state m54 j06befe!30
6 19.407578 machine_state m55 j06befe!30
6 19.407578 machine_state m56 j06befe!30
6 19.407578 machine_state m57 j06befe!30
6 19.407578 machine_state m58 j06befe!30
6 19.407578 machine_state m59 j06befe!30
6 19.407578 machine_state m60 j06befe!30
6 19.407578 machine_state m61 j06befe!30
6 19.407578 machine_state m62 j06befe!30
6 19.407578 machine_state m63 j06befe!30
6 19.652984 machine_state m0 w
6 19.652984 machine_state m1 w
6 19.652984 machine_state m2 w
6 19.652984 machine_state m3 w
6 19.652984 machine_state m20 w
6 19.652984 machine_state m21 w
6 19.652984 machine_state m22 w
6 19.652984 machine_state m23 w
6 19.652984 machine_state m40 w
6 19.652984 machine_state m41 w
6 19.652984 machine_state m42 w
6 19.652984 machine_state m43 w
6 19.652984 machine_state m44 w
6 19.652984 machine_state m45 w
6 19.652984 machine_state m46 w
6 19.652984 machine_state m47 w
5 j06befe!32 machine_state "06befe!32" "1.000000 0.093750 0.000000"
6 19.674443 machine_state m0 j06befe!32
6 19.674443 machine_state m1 j06befe!32
6 19.674443 machine_state m2 j06befe!32
6 19.674443 machine_state m3 j06befe!32
6 19.674443 machine_state m20 j06befe!32
6 19.674443 machine_state m21 j06befe!32
6 19.674443 machine_state m22 j06befe!32
6 19.674443 machine_state m23 j06befe!32
6 19.674443 machine_state m40 j06befe!32
6 19.674443 machine_state m41 j06befe!32
6 19.674443 machine_state m42 j06befe!32
6 19.674443 machine_state m43 j06befe!32
6 19.674443 machine_state m44 j06befe!32
6 19.674443 machine_state m45 j06befe!32
6 19.674443 machine_state m46 j06befe!32
6 19.674443 machine_state m47 j06befe!32
6 21.318982 machine_state m4 w
6 21.318982 machine_state m5 w
6 21.318982 machine_state m6 w
6 21.318982 machine_state m7 w
6 21.318982 machine_state m8 w
6 21.318982 machine_state m9 w
6 21.318982 machine_state m10 w
6 21.318982 machine_state m11 w
6 21.318982 machine_state m12 w
6 21.318982 machine_state m13 w
6 21.318982 machine_state m14 w
6 21.318982 machine_state m15 w
6 21.318982 machine_state m16 w
6 21.318982 machine_state m17 w
6 21.318982 machine_state m18 w
6 21.318982 machine_state m19 w
6 21.332879 machine_state m24 w
6 21.332879 machine_state m25 w
6 21.332879 machine_state m26 w
6 21.332879 machine_state m27 w
6 21.332879 machine_state m28 w
6 21.332879 machine_state m29 w
6 21.332879 machine_state m30 w
6 21.332879 machine_state m31 w
6 21.332879 machine_state m32 w
6 21.332879 machine_state m33 w
6 21.332879 machine_state m34 w
6 21.332879 machine_state m35 w
6 21.332879 machine_state m36 w
6 21.332879 machine_state m37 w
6 21.332879 machine_state m38 w
6 21.332879 machine_state m39 w
5 j06befe!33 machine_state "06befe!33" "1.000000 0.000000 0.656250"
6 21.340455 machine_state m4 j06befe!33
6 21.340455 machine_state m5 j06befe!33
6 21.340455 machine_state m6 j06befe!33
6 21.340455 machine_state m7 j06befe!33
6 21.340455 machine_state m8 j06befe!33
6 21.340455 machine_state m9 j06befe!33
6 21.340455 machine_state m10 j06befe!33
6 21.340455 machine_state m11 j06befe!33
6 21.340455 machine_state m12 j06befe!33
6 21.340455 machine_state m13 j06befe!33
6 21.340455 machine_state m14 j06befe!33
6 21.340455 machine_state m15 j06befe!33
6 21.340455 machine_state m16 j06befe!33
6 21.340455 machine_state m17 j06befe!33
6 21.340455 machine_state m18 j06befe!33
6 21.340455 machine_state m19 j06befe!33
5 j06befe!35 machine_state "06befe!35" "0.500000 0.000000 1.000000"
6 21.369716 machine_state m24 j06befe!35
6 21.369716 machine_state m25 j06befe!35
6 21.369716 machine_state m26 j06befe!35
6 21.369716 machine_state m27 j06befe!35
6 21.369716 machine_state m28 j06befe!35
6 21.369716 machine_state m29 j06befe!35
6 21.369716 machine_state m30 j06befe!35
6 21.369716 machine_state m31 j06befe!35
6 21.369716 machine_state m32 j06befe!35
6 21.369716 machine_state m33 j06befe!35
6 21.369716 machine_state m34 j06befe!35
6 21.369716 machine_state m35 j06befe!35
6 21.369716 machine_state m36 j06befe!35
6 21.369716 machine_state m37 j06befe!35
6 21.369716 machine_state m38 j06befe!35
6 21.369716 machine_state m39 j06befe!35
6 21.689395 machine_state m4 w
6 21.689395 machine_state m5 w
6 21.689395 machine_state m6 w
6 21.689395 machine_state m7 w
6 21.689395 machine_state m8 w
6 21.689395 machine_state m9 w
6 21.689395 machine_state m10 w
6 21.689395 machine_state m11 w
6 21.689395 machine_state m12 w
6 21.689395 machine_state m13 w
6 21.689395 machine_state m14 w
6 21.689395 machine_state m15 w
6 21.689395 machine_state m16 w
6 21.689395 machine_state m17 w
6 21.689395 machine_state m18 w
6 21.689395 machine_state m19 w
5 j06befe!37 machine_state "06befe!37" "1.000000 0.000000 0.843750"
6 21.710850 machine_state m4 j06befe!37
6 21.710850 machine_state m5 j06befe!37
6 21.710850 machine_state m6 j06befe!37
6 21.710850 machine_state m7 j06befe!37
6 24.105757 machine_state m4 w
6 24.105757 machine_state m5 w
6 24.105757 machine_state m6 w
6 24.105757 machine_state m7 w
5 j06befe!38 machine_state "06befe!38" "0.000000 1.000000 0.343750"
6 24.127234 machine_state m4 j06befe!38
6 24.127234 machine_state m5 j06befe!38
6 24.127234 machine_state m6 j06befe!38
6 24.127234 machine_state m7 j06befe!38
6 24.127234 machine_state m8 j06befe!38
6 24.127234 machine_state m9 j06befe!38
6 24.127234 machine_state m10 j06befe!38
6 24.127234 machine_state m11 j06befe!38
6 24.127234 machine_state m12 j06befe!38
6 24.127234 machine_state m13 j06befe!38
6 24.127234 machine_state m14 j06befe!38
6 24.127234 machine_state m15 j06befe!38
6 24.127234 machine_state m16 j06befe!38
6 24.127234 machine_state m17 j06befe!38
6 24.127234 machine_state m18 j06befe!38
6 24.127234 machine_state m19 j06befe!38
6 24.476259 machine_state m4 w
6 24.476259 machine_state m5 w
6 24.476259 machine_state m6 w
6 24.476259 machine_state m7 w
6 24.476259 machine_state m8 w
6 24.476259 machine_state m9 w
6 24.476259 machine_state m10 w
6 24.476259 machine_state m11 w
6 24.476259 machine_state m12 w
6 24.476259 machine_state m13 w
6 24.476259 machine_state m14 w
6 24.476259 machine_state m15 w
6 24.476259 machine_state m16 w
6 24.476259 machine_state m17 w
6 24.476259 machine_state m18 w
6 24.476259 machine_state m19 w
5 j06befe!39 machine_state "06befe!39" "0.000000 0.531250 1.000000"
6 24.497736 machine_state m4 j06befe!39
6 24.497736 machine_state m5 j06befe!39
6 24.497736 machine_state m6 j06befe!39
6 24.497736 machine_state m7 j06befe!39
6 24.497736 machine_state m8 j06befe!39
6 24.497736 machine_state m9 j06befe!39
6 24.497736 machine_state m10 j06befe!39
6 24.497736 machine_state m11 j06befe!39
6 24.497736 machine_state m12 j06befe!39
6 24.497736 machine_state m13 j06befe!39
6 24.497736 machine_state m14 j06befe!39
6 24.497736 machine_state m15 j06befe!39
6 24.497736 machine_state m16 j06befe!39
6 24.497736 machine_state m17 j06befe!39
6 24.497736 machine_state m18 j06befe!39
6 24.497736 machine_state m19 j06befe!39
6 25.217255 machine_state m48 w
6 25.217255 machine_state m49 w
6 25.217255 machine_state m50 w
6 25.217255 machine_state m51 w
6 25.217255 machine_state m52 w
6 25.217255 machine_state m53 w
6 25.217255 machine_state m54 w
6 25.217255 machine_state m55 w
6 25.217255 machine_state m56 w
6 25.217255 machine_state m57 w
6 25.217255 machine_state m58 w
6 25.217255 machine_state m59 w
6 25.217255 machine_state m60 w
6 25.217255 machine_state m61 w
6 25.217255 machine_state m62 w
6 25.217255 machine_state m63 w
5 j06befe!40 machine_state "06befe!40" "0.125000 0.000000 1.000000"
6 25.238732 machine_state m48 j06befe!40
6 25.238732 machine_state m49 j06befe!40
6 25.238732 machine_state m50 j06befe!40
6 25.238732 machine_state m51 j06befe!40
6 25.238732 machine_state m52 j06befe!40
6 25.238732 machine_state m53 j06befe!40
6 25.238732 machine_state m54 j06befe!40
6 25.238732 machine_state m55 j06befe!40
6 25.238732 machine_state m56 j06befe!40
6 25.238732 machine_state m57 j06befe!40
6 25.238732 machine_state m58 j06befe!40
6 25.238732 machine_state m59 j06befe!40
6 25.238732 machine_state m60 j06befe!40
6 25.238732 machine_state m61 j06befe!40
6 25.238732 machine_state m62 j06befe!40
6 25.238732 machine_state m63 j06befe!40
6 27.525434 machine_state m24 w
6 27.525434 machine_state m25 w
6 27.525434 machine_state m26 w
6 27.525434 machine_state m27 w
6 27.525434 machine_state m28 w
6 27.525434 machine_state m29 w
6 27.525434 machine_state m30 w
6 27.525434 machine_state m31 w
6 27.525434 machine_state m32 w
6 27.525434 machine_state m33 w
6 27.525434 machine_state m34 w
6 27.525434 machine_state m35 w
6 27.525434 machine_state m36 w
6 27.525434 machine_state m37 w
6 27.525434 machine_state m38 w
6 27.525434 machine_state m39 w
5 j06befe!41 machine_state "06befe!41" "1.000000 0.843750 0.000000"
6 27.546900 machine_state m24 j06befe!41
6 27.546900 machine_state m25 j06befe!41
6 27.546900 machine_state m26 j06befe!41
6 27.546900 machine_state m27 j06befe!41
6 27.546900 machine_state m28 j06befe!41
6 27.546900 machine_state m29 j06befe!41
6 27.546900 machine_state m30 j06befe!41
6 27.546900 machine_state m31 j06befe!41
6 27.546900 machine_state m32 j06befe!41
6 27.546900 machine_state m33 j06befe!41
6 27.546900 machine_state m34 j06befe!41
6 27.546900 machine_state m35 j06befe!41
6 27.546900 machine_state m36 j06befe!41
6 27.546900 machine_state m37 j06befe!41
6 27.546900 machine_state m38 j06befe!41
6 27.546900 machine_state m39 j06befe!41
6 27.848838 machine_state m24 w
6 27.848838 machine_state m25 w
6 27.848838 machine_state m26 w
6 27.848838 machine_state m27 w
6 27.848838 machine_state m28 w
6 27.848838 machine_state m29 w
6 27.848838 machine_state m30 w
6 27.848838 machine_state m31 w
6 27.848838 machine_state m32 w
6 27.848838 machine_state m33 w
6 27.848838 machine_state m34 w
6 27.848838 machine_state m35 w
6 27.848838 machine_state m36 w
6 27.848838 machine_state m37 w
6 27.848838 machine_state m38 w
6 27.848838 machine_state m39 w
5 j06befe!42 machine_state "06befe!42" "0.000000 0.437500 1.000000"
6 27.870315 machine_state m24 j06befe!42
6 27.870315 machine_state m25 j06befe!42
6 27.870315 machine_state m26 j06befe!42
6 27.870315 machine_state m27 j06befe!42
6 27.876912 machine_state m0 w
6 27.876912 machine_state m1 w
6 27.876912 machine_state m2 w
6 27.876912 machine_state m3 w
6 27.876912 machine_state m20 w
6 27.876912 machine_state m21 w
6 27.876912 machine_state m22 w
6 27.876912 machine_state m23 w
6 27.876912 machine_state m40 w
6 27.876912 machine_state m41 w
6 27.876912 machine_state m42 w
6 27.876912 machine_state m43 w
6 27.876912 machine_state m44 w
6 27.876912 machine_state m45 w
6 27.876912 machine_state m46 w
6 27.876912 machine_state m47 w
5 j06befe!43 machine_state "06befe!43" "0.781250 0.000000 1.000000"
6 27.878121 machine_state m28 j06befe!43
6 27.878121 machine_state m29 j06befe!43
6 27.878121 machine_state m30 j06befe!43
6 27.878121 machine_state m31 j06befe!43
5 j06befe!44 machine_state "06befe!44" "0.031250 0.000000 1.000000"
6 27.907393 machine_state m0 j06befe!44
6 27.907393 machine_state m1 j06befe!44
6 27.907393 machine_state m2 j06befe!44
6 27.907393 machine_state m3 j06befe!44
6 27.907393 machine_state m20 j06befe!44
6 27.907393 machine_state m21 j06befe!44
6 27.907393 machine_state m22 j06befe!44
6 27.907393 machine_state m23 j06befe!44
6 27.907393 machine_state m32 j06befe!44
6 27.907393 machine_state m33 j06befe!44
6 27.907393 machine_state m34 j06befe!44
6 27.907393 machine_state m35 j06befe!44
6 27.907393 machine_state m36 j06befe!44
6 27.907393 machine_state m37 j06befe!44
6 27.907393 machine_state m38 j06befe!44
6 27.907393 machine_state m39 j06befe!44
5 j06befe!46 machine_state "06befe!46" "1.000000 0.375000 0.000000"
6 27.915196 machine_state m40 j06befe!46
6 27.915196 machine_state m41 j06befe!46
6 27.915196 machine_state m42 j06befe!46
6 27.915196 machine_state m43 j06befe!46
5 j06befe!49 machine_state "06befe!49" "1.000000 0.187500 0.000000"
6 27.923002 machine_state m44 j06befe!49
6 27.923002 machine_state m45 j06befe!49
6 27.923002 machine_state m46 j06befe!49
6 27.923002 machine_state m47 j06befe!49
6 28.035734 machine_state m28 w
6 28.035734 machine_state m29 w
6 28.035734 machine_state m30 w
6 28.035734 machine_state m31 w
5 j06befe!50 machine_state "06befe!50" "0.875000 0.000000 1.000000"
6 28.057206 machine_state m28 j06befe!50
6 28.057206 machine_state m29 j06befe!50
6 28.057206 machine_state m30 j06befe!50
6 28.057206 machine_state m31 j06befe!50
6 28.168189 machine_state m4 w
6 28.168189 machine_state m5 w
6 28.168189 machine_state m6 w
6 28.168189 machine_state m7 w
6 28.168189 machine_state m8 w
6 28.168189 machine_state m9 w
6 28.168189 machine_state m10 w
6 28.168189 machine_state m11 w
6 28.168189 machine_state m12 w
6 28.168189 machine_state m13 w
6 28.168189 machine_state m14 w
6 28.168189 machine_state m15 w
6 28.168189 machine_state m16 w
6 28.168189 machine_state m17 w
6 28.168189 machine_state m18 w
6 28.168189 machine_state m19 w
5 j06befe!45 machine_state "06befe!45" "1.000000 0.468750 0.000000"
6 28.189653 machine_state m4 j06befe!45
6 28.189653 machine_state m5 j06befe!45
6 28.189653 machine_state m6 j06befe!45
6 28.189653 machine_state m7 j06befe!45
6 28.189653 machine_state m8 j06befe!45
6 28.189653 machine_state m9 j06befe!45
6 28.189653 machine_state m10 j06befe!45
6 28.189653 machine_state m11 j06befe!45
6 28.189653 machine_state m12 j06befe!45
6 28.189653 machine_state m13 j06befe!45
6 28.189653 machine_state m14 j06befe!45
6 28.189653 machine_state m15 j06befe!45
6 28.189653 machine_state m16 j06befe!45
6 28.189653 machine_state m17 j06befe!45
6 28.189653 machine_state m18 j06befe!45
6 28.189653 machine_state m19 j06befe!45
6 28.563464 machine_state m40 w
6 28.563464 machine_state m41 w
6 28.563464 machine_state m42 w
6 28.563464 machine_state m43 w
6 28.799314 machine_state m48 w
6 28.799314 machine_state m49 w
6 28.799314 machine_state m50 w
6 28.799314 machine_state m51 w
6 28.799314 machine_state m52 w
6 28.799314 machine_state m53 w
6 28.799314 machine_state m54 w
6 28.799314 machine_state m55 w
6 28.799314 machine_state m56 w
6 28.799314 machine_state m57 w
6 28.799314 machine_state m58 w
6 28.799314 machine_state m59 w
6 28.799314 machine_state m60 w
6 28.799314 machine_state m61 w
6 28.799314 machine_state m62 w
6 28.799314 machine_state m63 w
5 j06befe!47 machine_state "06befe!47" "0.000000 0.062500 1.000000"
6 28.820780 machine_state m40 j06befe!47
6 28.820780 machine_state m41 j06befe!47
6 28.820780 machine_state m42 j06befe!47
6 28.820780 machine_state m43 j06befe!47
6 28.820780 machine_state m48 j06befe!47
6 28.820780 machine_state m49 j06befe!47
6 28.820780 machine_state m50 j06befe!47
6 28.820780 machine_state m51 j06befe!47
6 28.820780 machine_state m52 j06befe!47
6 28.820780 machine_state m53 j06befe!47
6 28.820780 machine_state m54 j06befe!47
6 28.820780 machine_state m55 j06befe!47
6 28.820780 machine_state m56 j06befe!47
6 28.820780 machine_state m57 j06befe!47
6 28.820780 machine_state m58 j06befe!47
6 28.820780 machine_state m59 j06befe!47
5 j06befe!51 machine_state "06befe!51" "0.125000 1.000000 0.000000"
6 28.828584 machine_state m60 j06befe!51
6 28.828584 machine_state m61 j06befe!51
6 28.828584 machine_state m62 j06befe!51
6 28.828584 machine_state m63 j06befe!51
6 28.969654 machine_state m24 w
6 28.969654 machine_state m25 w
6 28.969654 machine_state m26 w
6 28.969654 machine_state m27 w
6 29.022276 machine_state m44 w
6 29.022276 machine_state m45 w
6 29.022276 machine_state m46 w
6 29.022276 machine_state m47 w
5 j06befe!52 machine_state "06befe!52" "0.000000 0.343750 1.000000"
6 29.043737 machine_state m44 j06befe!52
6 29.043737 machine_state m45 j06befe!52
6 29.043737 machine_state m46 j06befe!52
6 29.043737 machine_state m47 j06befe!52
6 29.375573 machine_state m28 w
6 29.375573 machine_state m29 w
6 29.375573 machine_state m30 w
6 29.375573 machine_state m31 w
6 29.928068 machine_state m60 w
6 29.928068 machine_state m61 w
6 29.928068 machine_state m62 w
6 29.928068 machine_state m63 w
5 j06befe!54 machine_state "06befe!54" "1.000000 0.656250 0.000000"
6 29.949533 machine_state m60 j06befe!54
6 29.949533 machine_state m61 j06befe!54
6 29.949533 machine_state m62 j06befe!54
6 29.949533 machine_state m63 j06befe!54
6 31.279510 machine_state m60 w
6 31.279510 machine_state m61 w
6 31.279510 machine_state m62 w
6 31.279510 machine_state m63 w
5 j06befe!55 machine_state "06befe!55" "1.000000 0.281250 0.000000"
6 31.300968 machine_state m60 j06befe!55
6 31.300968 machine_state m61 j06befe!55
6 31.300968 machine_state m62 j06befe!55
6 31.300968 machine_state m63 j06befe!55
6 31.437386 machine_state m44 w
6 31.437386 machine_state m45 w
6 31.437386 machine_state m46 w
6 31.437386 machine_state m47 w
5 j06befe!56 machine_state "06befe!56" "1.000000 0.000000 0.281250"
6 31.458852 machine_state m44 j06befe!56
6 31.458852 machine_state m45 j06befe!56
6 31.458852 machine_state m46 j06befe!56
6 31.458852 machine_state m47 j06befe!56
6 31.838766 machine_state m60 w
6 31.838766 machine_state m61 w
6 31.838766 machine_state m62 w
6 31.838766 machine_state m63 w
6 31.859495 machine_state m4 w
6 31.859495 machine_state m5 w
6 31.859495 machine_state m6 w
6 31.859495 machine_state m7 w
6 31.859495 machine_state m8 w
6 31.859495 machine_state m9 w
6 31.859495 machine_state m10 w
6 31.859495 machine_state m11 w
6 31.859495 machine_state m12 w
6 31.859495 machine_state m13 w
6 31.859495 machine_state m14 w
6 31.859495 machine_state m15 w
6 31.859495 machine_state m16 w
6 31.859495 machine_state m17 w
6 31.859495 machine_state m18 w
6 31.859495 machine_state m19 w
5 j06befe!58 machine_state "06befe!58" "0.000000 0.250000 1.000000"
6 31.860243 machine_state m60 j06befe!58
6 31.860243 machine_state m61 j06befe!58
6 31.860243 machine_state m62 j06befe!58
6 31.860243 machine_state m63 j06befe!58
5 j06befe!48 machine_state "06befe!48" "1.000000 0.562500 0.000000"
6 31.889500 machine_state m4 j06befe!48
6 31.889500 machine_state m5 j06befe!48
6 31.889500 machine_state m6 j06befe!48
6 31.889500 machine_state m7 j06befe!48
6 31.889500 machine_state m8 j06befe!48
6 31.889500 machine_state m9 j06befe!48
6 31.889500 machine_state m10 j06befe!48
6 31.889500 machine_state m11 j06befe!48
6 31.889500 machine_state m12 j06befe!48
6 31.889500 machine_state m13 j06befe!48
6 31.889500 machine_state m14 j06befe!48
6 31.889500 machine_state m15 j06befe!48
6 31.889500 machine_state m16 j06befe!48
6 31.889500 machine_state m17 j06befe!48
6 31.889500 machine_state m18 j06befe!48
6 31.889500 machine_state m19 j06befe!48
6 31.996623 machine_state m44 w
6 31.996623 machine_state m45 w
6 31.996623 machine_state m46 w
6 31.996623 machine_state m47 w
5 j06befe!60 machine_state "06befe!60" "0.312500 1.000000 0.000000"
6 32.018100 machine_state m44 j06befe!60
6 32.018100 machine_state m45 j06befe!60
6 32.018100 machine_state m46 j06befe!60
6 32.018100 machine_state m47 j06befe!60
6 32.076346 machine_state m4 w
6 32.076346 machine_state m5 w
6 32.076346 machine_state m6 w
6 32.076346 machine_state m7 w
6 32.076346 machine_state m8 w
6 32.076346 machine_state m9 w
6 32.076346 machine_state m10 w
6 32.076346 machine_state m11 w
6 32.076346 machine_state m12 w
6 32.076346 machine_state m13 w
6 32.076346 machine_state m14 w
6 32.076346 machine_state m15 w
6 32.076346 machine_state m16 w
6 32.076346 machine_state m17 w
6 32.076346 machine_state m18 w
6 32.076346 machine_state m19 w
5 j06befe!53 machine_state "06befe!53" "0.500000 1.000000 0.000000"
6 32.097813 machine_state m4 j06befe!53
6 32.097813 machine_state m5 j06befe!53
6 32.097813 machine_state m6 j06befe!53
6 32.097813 machine_state m7 j06befe!53
6 32.097813 machine_state m8 j06befe!53
6 32.097813 machine_state m9 j06befe!53
6 32.097813 machine_state m10 j06befe!53
6 32.097813 machine_state m11 j06befe!53
6 32.097813 machine_state m12 j06befe!53
6 32.097813 machine_state m13 j06befe!53
6 32.097813 machine_state m14 j06befe!53
6 32.097813 machine_state m15 j06befe!53
6 32.097813 machine_state m16 j06befe!53
6 32.097813 machine_state m17 j06befe!53
6 32.097813 machine_state m18 j06befe!53
6 32.097813 machine_state m19 j06befe!53
6 32.398185 machine_state m60 w
6 32.398185 machine_state m61 w
6 32.398185 machine_state m62 w
6 32.398185 machine_state m63 w
5 j06befe!65 machine_state "06befe!65" "1.000000 0.000000 0.375000"
6 32.419653 machine_state m60 j06befe!65
6 32.419653 machine_state m61 j06befe!65
6 32.419653 machine_state m62 j06befe!65
6 32.419653 machine_state m63 j06befe!65
6 32.556003 machine_state m44 w
6 32.556003 machine_state m45 w
6 32.556003 machine_state m46 w
6 32.556003 machine_state m47 w
5 j06befe!66 machine_state "06befe!66" "0.406250 1.000000 0.000000"
6 32.577475 machine_state m44 j06befe!66
6 32.577475 machine_state m45 j06befe!66
6 32.577475 machine_state m46 j06befe!66
6 32.577475 machine_state m47 j06befe!66
6 33.751989 machine_state m60 w
6 33.751989 machine_state m61 w
6 33.751989 machine_state m62 w
6 33.751989 machine_state m63 w
5 j06befe!68 machine_state "06befe!68" "0.000000 1.000000 0.250000"
6 33.773446 machine_state m60 j06befe!68
6 33.773446 machine_state m61 j06befe!68
6 33.773446 machine_state m62 j06befe!68
6 33.773446 machine_state m63 j06befe!68
6 34.759600 machine_state m40 w
6 34.759600 machine_state m41 w
6 34.759600 machine_state m42 w
6 34.759600 machine_state m43 w
6 34.759600 machine_state m48 w
6 34.759600 machine_state m49 w
6 34.759600 machine_state m50 w
6 34.759600 machine_state m51 w
6 34.759600 machine_state m52 w
6 34.759600 machine_state m53 w
6 34.759600 machine_state m54 w
6 34.759600 machine_state m55 w
6 34.759600 machine_state m56 w
6 34.759600 machine_state m57 w
6 34.759600 machine_state m58 w
6 34.759600 machine_state m59 w
5 j06befe!57 machine_state "06befe!57" "0.000000 0.625000 1.000000"
6 34.781067 machine_state m24 j06befe!57
6 34.781067 machine_state m25 j06befe!57
6 34.781067 machine_state m26 j06befe!57
6 34.781067 machine_state m27 j06befe!57
6 34.781067 machine_state m28 j06befe!57
6 34.781067 machine_state m29 j06befe!57
6 34.781067 machine_state m30 j06befe!57
6 34.781067 machine_state m31 j06befe!57
6 34.781067 machine_state m40 j06befe!57
6 34.781067 machine_state m41 j06befe!57
6 34.781067 machine_state m42 j06befe!57
6 34.781067 machine_state m43 j06befe!57
6 34.781067 machine_state m48 j06befe!57
6 34.781067 machine_state m49 j06befe!57
6 34.781067 machine_state m50 j06befe!57
6 34.781067 machine_state m51 j06befe!57
5 j06befe!69 machine_state "06befe!69" "0.000000 1.000000 0.156250"
6 34.788870 machine_state m52 j06befe!69
6 34.788870 machine_state m53 j06befe!69
6 34.788870 machine_state m54 j06befe!69
6 34.788870 machine_state m55 j06befe!69
5 j06befe!70 machine_state "06befe!70" "0.406250 0.000000 1.000000"
6 34.796668 machine_state m56 j06befe!70
6 34.796668 machine_state m57 j06befe!70
6 34.796668 machine_state m58 j06befe!70
6 34.796668 machine_state m59 j06befe!70
6 34.946471 machine_state m52 w
6 34.946471 machine_state m53 w
6 34.946471 machine_state m54 w
6 34.946471 machine_state m55 w
5 j06befe!72 machine_state "06befe!72" "0.000000 0.812500 1.000000"
6 34.967946 machine_state m52 j06befe!72
6 34.967946 machine_state m53 j06befe!72
6 34.967946 machine_state m54 j06befe!72
6 34.967946 machine_state m55 j06befe!72
6 34.971652 machine_state m44 w
6 34.971652 machine_state m45 w
6 34.971652 machine_state m46 w
6 34.971652 machine_state m47 w
5 j06befe!74 machine_state "06befe!74" "1.000000 0.000000 0.000000"
6 34.997224 machine_state m44 j06befe!74
6 34.997224 machine_state m45 j06befe!74
6 34.997224 machine_state m46 j06befe!74
6 34.997224 machine_state m47 j06befe!74
6 35.093437 machine_state m60 w
6 35.093437 machine_state m61 w
6 35.093437 machine_state m62 w
6 35.093437 machine_state m63 w
5 j06befe!76 machine_state "06befe!76" "1.000000 0.750000 0.000000"
6 35.114904 machine_state m60 j06befe!76
6 35.114904 machine_state m61 j06befe!76
6 35.114904 machine_state m62 j06befe!76
6 35.114904 machine_state m63 j06befe!76
6 35.218668 machine_state m60 w
6 35.218668 machine_state m61 w
6 35.218668 machine_state m62 w
6 35.218668 machine_state m63 w
5 j06befe!77 machine_state "06befe!77" "0.593750 0.000000 1.000000"
6 35.240143 machine_state m60 j06befe!77
6 35.240143 machine_state m61 j06befe!77
6 35.240143 machine_state m62 j06befe!77
6 35.240143 machine_state m63 j06befe!77
6 35.397759 machine_state m60 w
6 35.397759 machine_state m61 w
6 35.397759 machine_state m62 w
6 35.397759 machine_state m63 w
5 j06befe!78 machine_state "06befe!78" "0.000000 1.000000 0.062500"
6 35.419236 machine_state m60 j06befe!78
6 35.419236 machine_state m61 j06befe!78
6 35.419236 machine_state m62 j06befe!78
6 35.419236 machine_state m63 j06befe!78
6 35.523034 machine_state m60 w
6 35.523034 machine_state m61 w
6 35.523034 machine_state m62 w
6 35.523034 machine_state m63 w
6 35.662233 machine_state m4 w
6 35.662233 machine_state m5 w
6 35.662233 machine_state m6 w
6 35.662233 machine_state m7 w
6 35.662233 machine_state m8 w
6 35.662233 machine_state m9 w
6 35.662233 machine_state m10 w
6 35.662233 machine_state m11 w
6 35.662233 machine_state m12 w
6 35.662233 machine_state m13 w
6 35.662233 machine_state m14 w
6 35.662233 machine_state m15 w
6 35.662233 machine_state m16 w
6 35.662233 machine_state m17 w
6 35.662233 machine_state m18 w
6 35.662233 machine_state m19 w
5 j06befe!59 machine_state "06befe!59" "0.687500 0.000000 1.000000"
6 35.683710 machine_state m4 j06befe!59
6 35.683710 machine_state m5 j06befe!59
6 35.683710 machine_state m6 j06befe!59
6 35.683710 machine_state m7 j06befe!59
6 35.683710 machine_state m8 j06befe!59
6 35.683710 machine_state m9 j06befe!59
6 35.683710 machine_state m10 j06befe!59
6 35.683710 machine_state m11 j06befe!59
6 35.683710 machine_state m12 j06befe!59
6 35.683710 machine_state m13 j06befe!59
6 35.683710 machine_state m14 j06befe!59
6 35.683710 machine_state m15 j06befe!59
6 35.683710 machine_state m16 j06befe!59
6 35.683710 machine_state m17 j06befe!59
6 35.683710 machine_state m18 j06befe!59
6 35.683710 machine_state m19 j06befe!59
6 36.032568 machine_state m4 w
6 36.032568 machine_state m5 w
6 36.032568 machine_state m6 w
6 36.032568 machine_state m7 w
6 36.032568 machine_state m8 w
6 36.032568 machine_state m9 w
6 36.032568 machine_state m10 w
6 36.032568 machine_state m11 w
6 36.032568 machine_state m12 w
6 36.032568 machine_state m13 w
6 36.032568 machine_state m14 w
6 36.032568 machine_state m15 w
6 36.032568 machine_state m16 w
6 36.032568 machine_state m17 w
6 36.032568 machine_state m18 w
6 36.032568 machine_state m19 w
5 j06befe!61 machine_state "06befe!61" "0.968750 1.000000 0.000000"
6 36.054041 machine_state m4 j06befe!61
6 36.054041 machine_state m5 j06befe!61
6 36.054041 machine_state m6 j06befe!61
6 36.054041 machine_state m7 j06befe!61
6 36.054041 machine_state m8 j06befe!61
6 36.054041 machine_state m9 j06befe!61
6 36.054041 machine_state m10 j06befe!61
6 36.054041 machine_state m11 j06befe!61
6 36.054041 machine_state m12 j06befe!61
6 36.054041 machine_state m13 j06befe!61
6 36.054041 machine_state m14 j06befe!61
6 36.054041 machine_state m15 j06befe!61
6 36.054041 machine_state m16 j06befe!61
6 36.054041 machine_state m17 j06befe!61
6 36.054041 machine_state m18 j06befe!61
6 36.054041 machine_state m19 j06befe!61
6 36.125128 machine_state m56 w
6 36.125128 machine_state m57 w
6 36.125128 machine_state m58 w
6 36.125128 machine_state m59 w
6 36.391801 machine_state m0 w
6 36.391801 machine_state m1 w
6 36.391801 machine_state m2 w
6 36.391801 machine_state m3 w
6 36.391801 machine_state m20 w
6 36.391801 machine_state m21 w
6 36.391801 machine_state m22 w
6 36.391801 machine_state m23 w
6 36.391801 machine_state m32 w
6 36.391801 machine_state m33 w
6 36.391801 machine_state m34 w
6 36.391801 machine_state m35 w
6 36.391801 machine_state m36 w
6 36.391801 machine_state m37 w
6 36.391801 machine_state m38 w
6 36.391801 machine_state m39 w
6 36.403049 machine_state m4 w
6 36.403049 machine_state m5 w
6 36.403049 machine_state m6 w
6 36.403049 machine_state m7 w
6 36.403049 machine_state m8 w
6 36.403049 machine_state m9 w
6 36.403049 machine_state m10 w
6 36.403049 machine_state m11 w
6 36.403049 machine_state m12 w
6 36.403049 machine_state m13 w
6 36.403049 machine_state m14 w
6 36.403049 machine_state m15 w
6 36.403049 machine_state m16 w
6 36.403049 machine_state m17 w
6 36.403049 machine_state m18 w
6 36.403049 machine_state m19 w
5 j06befe!62 machine_state "06befe!62" "0.000000 1.000000 0.718750"
6 36.426928 machine_state m0 j06befe!62
6 36.426928 machine_state m1 j06befe!62
6 36.426928 machine_state m2 j06befe!62
6 36.426928 machine_state m3 j06befe!62
6 36.426928 machine_state m20 j06befe!62
6 36.426928 machine_state m21 j06befe!62
6 36.426928 machine_state m22 j06befe!62
6 36.426928 machine_state m23 j06befe!62
6 36.426928 machine_state m32 j06befe!62
6 36.426928 machine_state m33 j06befe!62
6 36.426928 machine_state m34 j06befe!62
6 36.426928 machine_state m35 j06befe!62
6 36.426928 machine_state m36 j06befe!62
6 36.426928 machine_state m37 j06befe!62
6 36.426928 machine_state m38 j06befe!62
6 36.426928 machine_state m39 j06befe!62
5 j06befe!63 machine_state "06befe!63" "0.593750 1.000000 0.000000"
6 36.442540 machine_state m4 j06befe!63
6 36.442540 machine_state m5 j06befe!63
6 36.442540 machine_state m6 j06befe!63
6 36.442540 machine_state m7 j06befe!63
6 36.442540 machine_state m8 j06befe!63
6 36.442540 machine_state m9 j06befe!63
6 36.442540 machine_state m10 j06befe!63
6 36.442540 machine_state m11 j06befe!63
6 36.442540 machine_state m12 j06befe!63
6 36.442540 machine_state m13 j06befe!63
6 36.442540 machine_state m14 j06befe!63
6 36.442540 machine_state m15 j06befe!63
6 36.442540 machine_state m16 j06befe!63
6 36.442540 machine_state m17 j06befe!63
6 36.442540 machine_state m18 j06befe!63
6 36.442540 machine_state m19 j06befe!63
6 36.674680 machine_state m0 w
6 36.674680 machine_state m1 w
6 36.674680 machine_state m2 w
6 36.674680 machine_state m3 w
6 36.674680 machine_state m20 w
6 36.674680 machine_state m21 w
6 36.674680 machine_state m22 w
6 36.674680 machine_state m23 w
6 36.674680 machine_state m32 w
6 36.674680 machine_state m33 w
6 36.674680 machine_state m34 w
6 36.674680 machine_state m35 w
6 36.674680 machine_state m36 w
6 36.674680 machine_state m37 w
6 36.674680 machine_state m38 w
6 36.674680 machine_state m39 w
5 j06befe!64 machine_state "06befe!64" "0.312500 0.000000 1.000000"
6 36.696146 machine_state m0 j06befe!64
6 36.696146 machine_state m1 j06befe!64
6 36.696146 machine_state m2 j06befe!64
6 36.696146 machine_state m3 j06befe!64
6 36.696146 machine_state m20 j06befe!64
6 36.696146 machine_state m21 j06befe!64
6 36.696146 machine_state m22 j06befe!64
6 36.696146 machine_state m23 j06befe!64
6 36.696146 machine_state m32 j06befe!64
6 36.696146 machine_state m33 j06befe!64
6 36.696146 machine_state m34 j06befe!64
6 36.696146 machine_state m35 j06befe!64
6 36.696146 machine_state m36 j06befe!64
6 36.696146 machine_state m37 j06befe!64
6 36.696146 machine_state m38 j06befe!64
6 36.696146 machine_state m39 j06befe!64
6 37.361982 machine_state m52 w
6 37.361982 machine_state m53 w
6 37.361982 machine_state m54 w
6 37.361982 machine_state m55 w
6 37.391341 machine_state m44 w
6 37.391341 machine_state m45 w
6 37.391341 machine_state m46 w
6 37.391341 machine_state m47 w
5 j06befe!67 machine_state "06befe!67" "1.000000 0.000000 0.093750"
6 37.412807 machine_state m44 j06befe!67
6 37.412807 machine_state m45 j06befe!67
6 37.412807 machine_state m46 j06befe!67
6 37.412807 machine_state m47 j06befe!67
6 37.412807 machine_state m52 j06befe!67
6 37.412807 machine_state m53 j06befe!67
6 37.412807 machine_state m54 j06befe!67
6 37.412807 machine_state m55 j06befe!67
6 37.412807 machine_state m56 j06befe!67
6 37.412807 machine_state m57 j06befe!67
6 37.412807 machine_state m58 j06befe!67
6 37.412807 machine_state m59 j06befe!67
6 37.412807 machine_state m60 j06befe!67
6 37.412807 machine_state m61 j06befe!67
6 37.412807 machine_state m62 j06befe!67
6 37.412807 machine_state m63 j06befe!67
6 38.251282 machine_state m0 w
6 38.251282 machine_state m1 w
6 38.251282 machine_state m2 w
6 38.251282 machine_state m3 w
6 38.251282 machine_state m20 w
6 38.251282 machine_state m21 w
6 38.251282 machine_state m22 w
6 38.251282 machine_state m23 w
6 38.251282 machine_state m32 w
6 38.251282 machine_state m33 w
6 38.251282 machine_state m34 w
6 38.251282 machine_state m35 w
6 38.251282 machine_state m36 w
6 38.251282 machine_state m37 w
6 38.251282 machine_state m38 w
6 38.251282 machine_state m39 w
5 j06befe!71 machine_state "06befe!71" "1.000000 0.000000 0.187500"
6 38.272743 machine_state m0 j06befe!71
6 38.272743 machine_state m1 j06befe!71
6 38.272743 machine_state m2 j06befe!71
6 38.272743 machine_state m3 j06befe!71
6 38.272743 machine_state m20 j06befe!71
6 38.272743 machine_state m21 j06befe!71
6 38.272743 machine_state m22 j06befe!71
6 38.272743 machine_state m23 j06befe!71
6 38.272743 machine_state m32 j06befe!71
6 38.272743 machine_state m33 j06befe!71
6 38.272743 machine_state m34 j06befe!71
6 38.272743 machine_state m35 j06befe!71
6 38.272743 machine_state m36 j06befe!71
6 38.272743 machine_state m37 j06befe!71
6 38.272743 machine_state m38 j06befe!71
6 38.272743 machine_state m39 j06befe!71
6 38.520366 machine_state m0 w
6 38.520366 machine_state m1 w
6 38.520366 machine_state m2 w
6 38.520366 machine_state m3 w
6 38.520366 machine_state m20 w
6 38.520366 machine_state m21 w
6 38.520366 machine_state m22 w
6 38.520366 machine_state m23 w
6 38.520366 machine_state m32 w
6 38.520366 machine_state m33 w
6 38.520366 machine_state m34 w
6 38.520366 machine_state m35 w
6 38.520366 machine_state m36 w
6 38.520366 machine_state m37 w
6 38.520366 machine_state m38 w
6 38.520366 machine_state m39 w
6 38.528821 machine_state m24 w
6 38.528821 machine_state m25 w
6 38.528821 machine_state m26 w
6 38.528821 machine_state m27 w
6 38.528821 machine_state m28 w
6 38.528821 machine_state m29 w
6 38.528821 machine_state m30 w
6 38.528821 machine_state m31 w
6 38.528821 machine_state m40 w
6 38.528821 machine_state m41 w
6 38.528821 machine_state m42 w
6 38.528821 machine_state m43 w
6 38.528821 machine_state m48 w
6 38.528821 machine_state m49 w
6 38.528821 machine_state m50 w
6 38.528821 machine_state m51 w
5 j06befe!73 machine_state "06befe!73" "1.000000 0.000000 0.937500"
6 38.555474 machine_state m0 j06befe!73
6 38.555474 machine_state m1 j06befe!73
6 38.555474 machine_state m2 j06befe!73
6 38.555474 machine_state m3 j06befe!73
6 38.555474 machine_state m20 j06befe!73
6 38.555474 machine_state m21 j06befe!73
6 38.555474 machine_state m22 j06befe!73
6 38.555474 machine_state m23 j06befe!73
6 38.555474 machine_state m32 j06befe!73
6 38.555474 machine_state m33 j06befe!73
6 38.555474 machine_state m34 j06befe!73
6 38.555474 machine_state m35 j06befe!73
6 38.555474 machine_state m36 j06befe!73
6 38.555474 machine_state m37 j06befe!73
6 38.555474 machine_state m38 j06befe!73
6 38.555474 machine_state m39 j06befe!73
5 j06befe!75 machine_state "06befe!75" "0.000000 0.156250 1.000000"
6 38.571075 machine_state m24 j06befe!75
6 38.571075 machine_state m25 j06befe!75
6 38.571075 machine_state m26 j06befe!75
6 38.571075 machine_state m27 j06befe!75
6 38.571075 machine_state m28 j06befe!75
6 38.571075 machine_state m29 j06befe!75
6 38.571075 machine_state m30 j06befe!75
6 38.571075 machine_state m31 j06befe!75
6 38.571075 machine_state m40 j06befe!75
6 38.571075 machine_state m41 j06befe!75
6 38.571075 machine_state m42 j06befe!75
6 38.571075 machine_state m43 j06befe!75
6 38.571075 machine_state m48 j06befe!75
6 38.571075 machine_state m49 j06befe!75
6 38.571075 machine_state m50 j06befe!75
6 38.571075 machine_state m51 j06befe!75
6 38.776992 machine_state m24 w
6 38.776992 machine_state m25 w
6 38.776992 machine_state m26 w
6 38.776992 machine_state m27 w
6 38.776992 machine_state m28 w
6 38.776992 machine_state m29 w
6 38.776992 machine_state m30 w
6 38.776992 machine_state m31 w
6 38.776992 machine_state m40 w
6 38.776992 machine_state m41 w
6 38.776992 machine_state m42 w
6 38.776992 machine_state m43 w
6 38.776992 machine_state m48 w
6 38.776992 machine_state m49 w
6 38.776992 machine_state m50 w
6 38.776992 machine_state m51 w
5 j06befe!79 machine_state "06befe!79" "0.000000 0.718750 1.000000"
6 38.798469 machine_state m24 j06befe!79
6 38.798469 machine_state m25 j06befe!79
6 38.798469 machine_state m26 j06befe!79
6 38.798469 machine_state m27 j06befe!79
6 38.798469 machine_state m28 j06befe!79
6 38.798469 machine_state m29 j06befe!79
6 38.798469 machine_state m30 j06befe!79
6 38.798469 machine_state m31 j06befe!79
6 38.798469 machine_state m40 j06befe!79
6 38.798469 machine_state m41 j06befe!79
6 38.798469 machine_state m42 j06befe!79
6 38.798469 machine_state m43 j06befe!79
6 38.798469 machine_state m48 j06befe!79
6 38.798469 machine_state m49 j06befe!79
6 38.798469 machine_state m50 j06befe!79
6 38.798469 machine_state m51 j06befe!79
6 40.006975 machine_state m4 w
6 40.006975 machine_state m5 w
6 40.006975 machine_state m6 w
6 40.006975 machine_state m7 w
6 40.006975 machine_state m8 w
6 40.006975 machine_state m9 w
6 40.006975 machine_state m10 w
6 40.006975 machine_state m11 w
6 40.006975 machine_state m12 w
6 40.006975 machine_state m13 w
6 40.006975 machine_state m14 w
6 40.006975 machine_state m15 w
6 40.006975 machine_state m16 w
6 40.006975 machine_state m17 w
6 40.006975 machine_state m18 w
6 40.006975 machine_state m19 w
5 j06befe!80 machine_state "06befe!80" "1.000000 0.000000 0.468750"
6 40.028434 machine_state m4 j06befe!80
6 40.028434 machine_state m5 j06befe!80
6 40.028434 machine_state m6 j06befe!80
6 40.028434 machine_state m7 j06befe!80
6 40.028434 machine_state m8 j06befe!80
6 40.028434 machine_state m9 j06befe!80
6 40.028434 machine_state m10 j06befe!80
6 40.028434 machine_state m11 j06befe!80
6 40.028434 machine_state m12 j06befe!80
6 40.028434 machine_state m13 j06befe!80
6 40.028434 machine_state m14 j06befe!80
6 40.028434 machine_state m15 j06befe!80
6 40.028434 machine_state m16 j06befe!80
6 40.028434 machine_state m17 j06befe!80
6 40.028434 machine_state m18 j06befe!80
6 40.028434 machine_state m19 j06befe!80
6 40.109914 machine_state m0 w
6 40.109914 machine_state m1 w
6 40.109914 machine_state m2 w
6 40.109914 machine_state m3 w
6 40.109914 machine_state m20 w
6 40.109914 machine_state m21 w
6 40.109914 machine_state m22 w
6 40.109914 machine_state m23 w
6 40.109914 machine_state m32 w
6 40.109914 machine_state m33 w
6 40.109914 machine_state m34 w
6 40.109914 machine_state m35 w
6 40.109914 machine_state m36 w
6 40.109914 machine_state m37 w
6 40.109914 machine_state m38 w
6 40.109914 machine_state m39 w
6 43.378302 machine_state m44 w
6 43.378302 machine_state m45 w
6 43.378302 machine_state m46 w
6 43.378302 machine_state m47 w
6 43.378302 machine_state m52 w
6 43.378302 machine_state m53 w
6 43.378302 machine_state m54 w
6 43.378302 machine_state m55 w
6 43.378302 machine_state m56 w
6 43.378302 machine_state m57 w
6 43.378302 machine_state m58 w
6 43.378302 machine_state m59 w
6 43.378302 machine_state m60 w
6 43.378302 machine_state m61 w
6 43.378302 machine_state m62 w
6 43.378302 machine_state m63 w
6 43.697106 machine_state m4 w
6 43.697106 machine_state m5 w
6 43.697106 machine_state m6 w
6 43.697106 machine_state m7 w
6 43.697106 machine_state m8 w
6 43.697106 machine_state m9 w
6 43.697106 machine_state m10 w
6 43.697106 machine_state m11 w
6 43.697106 machine_state m12 w
6 43.697106 machine_state m13 w
6 43.697106 machine_state m14 w
6 43.697106 machine_state m15 w
6 43.697106 machine_state m16 w
6 43.697106 machine_state m17 w
6 43.697106 machine_state m18 w
6 43.697106 machine_state m19 w
6 45.634941 machine_state m24 w
6 45.634941 machine_state m25 w
6 45.634941 machine_state m26 w
6 45.634941 machine_state m27 w
6 45.634941 machine_state m28 w
6 45.634941 machine_state m29 w
6 45.634941 machine_state m30 w
6 45.634941 machine_state m31 w
6 45.634941 machine_state m40 w
6 45.634941 machine_state m41 w
6 45.634941 machine_state m42 w
6 45.634941 machine_state m43 w
6 45.634941 machine_state m48 w
6 45.634941 machine_state m49 w
6 45.634941 machine_state m50 w
6 45.634941 machine_state m51 w

# End of events, containers destruction
3 45.656407 m0 machine_ct
3 45.656407 m1 machine_ct
3 45.656407 m2 machine_ct
3 45.656407 m3 machine_ct
3 45.656407 m4 machine_ct
3 45.656407 m5 machine_ct
3 45.656407 m6 machine_ct
3 45.656407 m7 machine_ct
3 45.656407 m8 machine_ct
3 45.656407 m9 machine_ct
3 45.656407 m10 machine_ct
3 45.656407 m11 machine_ct
3 45.656407 m12 machine_ct
3 45.656407 m13 machine_ct
3 45.656407 m14 machine_ct
3 45.656407 m15 machine_ct
3 45.656407 m16 machine_ct
3 45.656407 m17 machine_ct
3 45.656407 m18 machine_ct
3 45.656407 m19 machine_ct
3 45.656407 m20 machine_ct
3 45.656407 m21 machine_ct
3 45.656407 m22 machine_ct
3 45.656407 m23 machine_ct
3 45.656407 m24 machine_ct
3 45.656407 m25 machine_ct
3 45.656407 m26 machine_ct
3 45.656407 m27 machine_ct
3 45.656407 m28 machine_ct
3 45.656407 m29 machine_ct
3 45.656407 m30 machine_ct
3 45.656407 m31 machine_ct
3 45.656407 m32 machine_ct
3 45.656407 m33 machine_ct
3 45.656407 m34 machine_ct
3 45.656407 m35 machine_ct
3 45.656407 m36 machine_ct
3 45.656407 m37 machine_ct
3 45.656407 m38 machine_ct
3 45.656407 m39 machine_ct
3 45.656407 m40 machine_ct
3 45.656407 m41 machine_ct
3 45.656407 m42 machine_ct
3 45.656407 m43 machine_ct
3 45.656407 m44 machine_ct
3 45.656407 m45 machine_ct
3 45.656407 m46 machine_ct
3 45.656407 m47 machine_ct
3 45.656407 m48 machine_ct
3 45.656407 m49 machine_ct
3 45.656407 m50 machine_ct
3 45.656407 m51 machine_ct
3 45.656407 m52 machine_ct
3 45.656407 m53 machine_ct
3 45.656407 m54 machine_ct
3 45.656407 m55 machine_ct
3 45.656407 m56 machine_ct
3 45.656407 m57 machine_ct
3 45.656407 m58 machine_ct
3 45.656407 m59 machine_ct
3 45.656407 m60 machine_ct
3 45.656407 m61 machine_ct
3 45.656407 m62 machine_ct
3 45.656407 m63 machine_ct
3 45.656407 root root_ct
