%EventDef PajeDefineContainerType 1
% Type string
% Alias string
% Name string
%EndEventDef

%EventDef PajeCreateContainer 2
% Time date 
% Type string  
% Alias string 
% Name string   
% Container string  
%EndEventDef

%EventDef PajeDestroyContainer 3
% Time date
% Name string 
% Type string
%EndEventDef

%EventDef PajeDefineStateType 4
% Alias string 
% Type string 
% Name string 
%EndEventDef

%EventDef PajeDefineEntityValue 5
% Alias string  
% Type string  
% Name string  
% Color color 
%EndEventDef

%EventDef PajeSetState 6
% Time date  
% Type string  
% Container string  
% Value string  
%EndEventDef 

%EventDef PajeDefineEventType 7
% Type string
% Alias string
% Name string
%EndEventDef

%EventDef PajeNewEvent 8
% Time date
% Type string
% Container string
% Value string
%EndEventDef

%EventDef PajeDefineVariableType 9
% Type string
% Alias string
% Name string
% Color string
%EndEventDef

%EventDef PajeSetVariable 10
% Time date
% Type string
% Container string
% Value double
%EndEventDef

# Container types creation
1 0 root_ct "Machines"
1 root_ct machine_ct "Machine"
1 0 scheduler_ct "Scheduler"
1 scheduler_ct killer_ct "Killer"

# Event types creation
7 killer_ct kk "Job kill"
7 machine_ct km "Job kill"

# Variable types creation
9 scheduler_ct vu_vt "Utilization" "0.0 0.5 0.0"

# Containers creation
2 0.000000 root_ct root "Machines" 0
2 0.000000 machine_ct m0 "node-0.simgrid.org" root
2 0.000000 machine_ct m1 "node-1.simgrid.org" root
2 0.000000 machine_ct m2 "node-2.simgrid.org" root
2 0.000000 machine_ct m3 "node-3.simgrid.org" root
2 0.000000 machine_ct m4 "node-4.simgrid.org" root
2 0.000000 machine_ct m5 "node-5.simgrid.org" root
2 0.000000 machine_ct m6 "node-6.simgrid.org" root
2 0.000000 machine_ct m7 "node-7.simgrid.org" root
2 0.000000 scheduler_ct sc "Scheduler" 0
2 0.000000 killer_ct k "Killer" sc

# States creation
4 machine_state machine_ct "Machine state"

# Creation of the different values the machine state can be
5 w machine_state "Waiting" "0.0 0.0 0.0"
5 l machine_state "Launching" "0.3 0.3 0.3"

# Begin of events
6 0.000000 machine_state m0 w
6 0.000000 machine_state m1 w
6 0.000000 machine_state m2 w
6 0.000000 machine_state m3 w
6 0.000000 machine_state m4 w
6 0.000000 machine_state m5 w
6 0.000000 machine_state m6 w
6 0.000000 machine_state m7 w
5 jf92e84!1 machine_state "f92e84!1" "0.000000 0.812500 1.000000"
6 1.023418 machine_state m0 jf92e84!1
6 1.023418 machine_state m1 jf92e84!1
5 jf92e84!2 machine_state "f92e84!2" "1.000000 0.000000 0.000000"
6 1.046836 machine_state m2 jf92e84!2
6 1.046836 machine_state m3 jf92e84!2
6 1.046836 machine_state m4 jf92e84!2
6 1.046836 machine_state m5 jf92e84!2
5 jf92e84!3 machine_state "f92e84!3" "1.000000 0.750000 0.000000"
6 1.054642 machine_state m6 jf92e84!3
6 1.054642 machine_state m7 jf92e84!3
6 2.023418 machine_state m0 w
6 2.023418 machine_state m1 w
6 2.054642 machine_state m6 w
6 2.054642 machine_state m7 w
5 jf92e84!4 machine_state "f92e84!4" "0.593750 0.000000 1.000000"
6 11.023418 machine_state m0 jf92e84!4
6 11.023418 machine_state m1 jf92e84!4
6 11.023418 machine_state m6 jf92e84!4
6 11.023418 machine_state m7 jf92e84!4
6 11.046836 machine_state m2 w
6 11.046836 machine_state m3 w
6 11.046836 machine_state m4 w
6 11.046836 machine_state m5 w
5 jf92e84!5 machine_state "f92e84!5" "0.000000 1.000000 0.062500"
6 11.068299 machine_state m2 jf92e84!5
6 11.068299 machine_state m3 jf92e84!5
6 11.068299 machine_state m4 jf92e84!5
6 11.068299 machine_state m5 jf92e84!5
6 11.131711 machine_state m0 w
6 11.131711 machine_state m1 w
6 11.131711 machine_state m6 w
6 11.131711 machine_state m7 w
6 11.177637 machine_state m2 w
6 11.177637 machine_state m3 w
6 11.177637 machine_state m4 w
6 11.177637 machine_state m5 w

# End of events, containers destruction
3 11.199103 m0 machine_ct
3 11.199103 m1 machine_ct
3 11.199103 m2 machine_ct
3 11.199103 m3 machine_ct
3 11.199103 m4 machine_ct
3 11.199103 m5 machine_ct
3 11.199103 m6 machine_ct
3 11.199103 m7 machine_ct
3 11.199103 root root_ct
