variant_options = '{"custom_mapping": true}'
Received '{"now":0.000000,"events":[{"timestamp":0.000000,"type":"SIMULATION_BEGINS","data":{"nb_resources":64,"allow_time_sharing":false,"config":{"redis":{"enabled":false,"hostname":"127.0.0.1","port":6379,"prefix":"default"},"job_submission":{"forward_profiles":false,"from_scheduler":{"enabled":false,"acknowledge":true}}},"resources_data":[{"id":0,"name":"node-0.simgrid.org","state":"idle","properties":{}},{"id":1,"name":"node-1.simgrid.org","state":"idle","properties":{}},{"id":2,"name":"node-2.simgrid.org","state":"idle","properties":{}},{"id":3,"name":"node-3.simgrid.org","state":"idle","properties":{}},{"id":4,"name":"node-4.simgrid.org","state":"idle","properties":{}},{"id":5,"name":"node-5.simgrid.org","state":"idle","properties":{}},{"id":6,"name":"node-6.simgrid.org","state":"idle","properties":{}},{"id":7,"name":"node-7.simgrid.org","state":"idle","properties":{}},{"id":8,"name":"node-8.simgrid.org","state":"idle","properties":{}},{"id":9,"name":"node-9.simgrid.org","state":"idle","properties":{}},{"id":10,"name":"node-10.simgrid.org","state":"idle","properties":{}},{"id":11,"name":"node-11.simgrid.org","state":"idle","properties":{}},{"id":12,"name":"node-12.simgrid.org","state":"idle","properties":{}},{"id":13,"name":"node-13.simgrid.org","state":"idle","properties":{}},{"id":14,"name":"node-14.simgrid.org","state":"idle","properties":{}},{"id":15,"name":"node-15.simgrid.org","state":"idle","properties":{}},{"id":16,"name":"node-16.simgrid.org","state":"idle","properties":{}},{"id":17,"name":"node-17.simgrid.org","state":"idle","properties":{}},{"id":18,"name":"node-18.simgrid.org","state":"idle","properties":{}},{"id":19,"name":"node-19.simgrid.org","state":"idle","properties":{}},{"id":20,"name":"node-20.simgrid.org","state":"idle","properties":{}},{"id":21,"name":"node-21.simgrid.org","state":"idle","properties":{}},{"id":22,"name":"node-22.simgrid.org","state":"idle","properties":{}},{"id":23,"name":"node-23.simgrid.org","state":"idle","properties":{}},{"id":24,"name":"node-24.simgrid.org","state":"idle","properties":{}},{"id":25,"name":"node-25.simgrid.org","state":"idle","properties":{}},{"id":26,"name":"node-26.simgrid.org","state":"idle","properties":{}},{"id":27,"name":"node-27.simgrid.org","state":"idle","properties":{}},{"id":28,"name":"node-28.simgrid.org","state":"idle","properties":{}},{"id":29,"name":"node-29.simgrid.org","state":"idle","properties":{}},{"id":30,"name":"node-30.simgrid.org","state":"idle","properties":{}},{"id":31,"name":"node-31.simgrid.org","state":"idle","properties":{}},{"id":32,"name":"node-32.simgrid.org","state":"idle","properties":{}},{"id":33,"name":"node-33.simgrid.org","state":"idle","properties":{}},{"id":34,"name":"node-34.simgrid.org","state":"idle","properties":{}},{"id":35,"name":"node-35.simgrid.org","state":"idle","properties":{}},{"id":36,"name":"node-36.simgrid.org","state":"idle","properties":{}},{"id":37,"name":"node-37.simgrid.org","state":"idle","properties":{}},{"id":38,"name":"node-38.simgrid.org","state":"idle","properties":{}},{"id":39,"name":"node-39.simgrid.org","state":"idle","properties":{}},{"id":40,"name":"node-40.simgrid.org","state":"idle","properties":{}},{"id":41,"name":"node-41.simgrid.org","state":"idle","properties":{}},{"id":42,"name":"node-42.simgrid.org","state":"idle","properties":{}},{"id":43,"name":"node-43.simgrid.org","state":"idle","properties":{}},{"id":44,"name":"node-44.simgrid.org","state":"idle","properties":{}},{"id":45,"name":"node-45.simgrid.org","state":"idle","properties":{}},{"id":46,"name":"node-46.simgrid.org","state":"idle","properties":{}},{"id":47,"name":"node-47.simgrid.org","state":"idle","properties":{}},{"id":48,"name":"node-48.simgrid.org","state":"idle","properties":{}},{"id":49,"name":"node-49.simgrid.org","state":"idle","properties":{}},{"id":50,"name":"node-50.simgrid.org","state":"idle","properties":{}},{"id":51,"name":"node-51.simgrid.org","state":"idle","properties":{}},{"id":52,"name":"node-52.simgrid.org","state":"idle","properties":{}},{"id":53,"name":"node-53.simgrid.org","state":"idle","properties":{}},{"id":54,"name":"node-54.simgrid.org","state":"idle","properties":{}},{"id":55,"name":"node-55.simgrid.org","state":"idle","properties":{}},{"id":56,"name":"node-56.simgrid.org","state":"idle","properties":{}},{"id":57,"name":"node-57.simgrid.org","state":"idle","properties":{}},{"id":58,"name":"node-58.simgrid.org","state":"idle","properties":{}},{"id":59,"name":"node-59.simgrid.org","state":"idle","properties":{}},{"id":60,"name":"node-60.simgrid.org","state":"idle","properties":{}},{"id":61,"name":"node-61.simgrid.org","state":"idle","properties":{}},{"id":62,"name":"node-62.simgrid.org","state":"idle","properties":{}},{"id":63,"name":"node-63.simgrid.org","state":"idle","properties":{}}],"workloads":{"ebdc2a":"/github-simgrid/190311/../batsim-v2.0.0/workload_profiles/npb_120_jobs.json"}}}]}'
Sending '{"now":0.0,"events":[]}'
Received '{"now":0.023418,"events":[{"timestamp":0.023418,"type":"JOB_SUBMITTED","data":{"job_id":"ebdc2a!1","job":{"id":"ebdc2a!1","profile":"IS.S.16","res":16,"subtime":0.000309,"walltime":4200}}}]}'
Sending '{"now":0.023418,"events":[{"timestamp":0.023418,"type":"EXECUTE_JOB","data":{"job_id":"ebdc2a!1","alloc":"0-15"}}]}'
Received '{"now":0.175934,"events":[{"timestamp":0.175934,"type":"JOB_SUBMITTED","data":{"job_id":"ebdc2a!2","job":{"id":"ebdc2a!2","profile":"MG.S.16","res":16,"subtime":0.168128,"walltime":4200}}}]}'
Sending '{"now":0.175934,"events":[{"timestamp":0.175934,"type":"EXECUTE_JOB","data":{"job_id":"ebdc2a!2","alloc":"16-31"}}]}'
Received '{"now":0.208767,"events":[{"timestamp":0.208767,"type":"JOB_COMPLETED","data":{"job_id":"ebdc2a!1","job_state":"COMPLETED_SUCCESSFULLY","return_code":0,"kill_reason":"","alloc":"0-15"}}]}'
Sending '{"now":0.208767,"events":[]}'
Received '{"now":0.224379,"events":[{"timestamp":0.224379,"type":"JOB_SUBMITTED","data":{"job_id":"ebdc2a!3","job":{"id":"ebdc2a!3","profile":"LU.S.4","res":4,"subtime":0.214999,"walltime":4200}}}]}'
Sending '{"now":0.224379,"events":[{"timestamp":0.224379,"type":"EXECUTE_JOB","data":{"job_id":"ebdc2a!3","alloc":"0-3"}}]}'
Received '{"now":1.028184,"events":[{"timestamp":1.028184,"type":"JOB_SUBMITTED","data":{"job_id":"ebdc2a!4","job":{"id":"ebdc2a!4","profile":"LU.S.16","res":16,"subtime":1.020378,"walltime":4200}}}]}'
Sending '{"now":1.028184,"events":[{"timestamp":1.028184,"type":"EXECUTE_JOB","data":{"job_id":"ebdc2a!4","alloc":"4-15 32-35"}}]}'
Received '{"now":1.055321,"events":[{"timestamp":1.055321,"type":"JOB_SUBMITTED","data":{"job_id":"ebdc2a!5","job":{"id":"ebdc2a!5","profile":"SP.S.4","res":4,"subtime":1.047515,"walltime":4200}}}]}'
Sending '{"now":1.055321,"events":[{"timestamp":1.055321,"type":"EXECUTE_JOB","data":{"job_id":"ebdc2a!5","alloc":"36-39"}}]}'
Received '{"now":1.199905,"events":[{"timestamp":1.199905,"type":"JOB_SUBMITTED","data":{"job_id":"ebdc2a!6","job":{"id":"ebdc2a!6","profile":"SP.S.16","res":16,"subtime":1.192099,"walltime":4200}}}]}'
Sending '{"now":1.199905,"events":[{"timestamp":1.199905,"type":"EXECUTE_JOB","data":{"job_id":"ebdc2a!6","alloc":"40-55"}}]}'
Received '{"now":1.235618,"events":[{"timestamp":1.235618,"type":"JOB_COMPLETED","data":{"job_id":"ebdc2a!2","job_state":"COMPLETED_SUCCESSFULLY","return_code":0,"kill_reason":"","alloc":"16-31"}}]}'
Sending '{"now":1.235618,"events":[]}'
Received '{"now":1.405023,"events":[{"timestamp":1.405023,"type":"JOB_SUBMITTED","data":{"job_id":"ebdc2a!7","job":{"id":"ebdc2a!7","profile":"BT.S.4","res":4,"subtime":1.397217,"walltime":4200}}}]}'
Sending '{"now":1.405023,"events":[{"timestamp":1.405023,"type":"EXECUTE_JOB","data":{"job_id":"ebdc2a!7","alloc":"16-19"}}]}'
Received '{"now":1.798397,"events":[{"timestamp":1.798397,"type":"JOB_SUBMITTED","data":{"job_id":"ebdc2a!8","job":{"id":"ebdc2a!8","profile":"IS.S.4","res":4,"subtime":1.790591,"walltime":4200}}}]}'
Sending '{"now":1.798397,"events":[{"timestamp":1.798397,"type":"EXECUTE_JOB","data":{"job_id":"ebdc2a!8","alloc":"20-23"}}]}'
Received '{"now":1.923667,"events":[{"timestamp":1.923667,"type":"JOB_COMPLETED","data":{"job_id":"ebdc2a!8","job_state":"COMPLETED_SUCCESSFULLY","return_code":0,"kill_reason":"","alloc":"20-23"}}]}'
Sending '{"now":1.923667,"events":[]}'
Received '{"now":2.074880,"events":[{"timestamp":2.074880,"type":"JOB_COMPLETED","data":{"job_id":"ebdc2a!7","job_state":"COMPLETED_SUCCESSFULLY","return_code":0,"kill_reason":"","alloc":"16-19"}}]}'
Sending '{"now":2.07488,"events":[]}'
Received '{"now":2.169338,"events":[{"timestamp":2.169338,"type":"JOB_SUBMITTED","data":{"job_id":"ebdc2a!9","job":{"id":"ebdc2a!9","profile":"BT.S.4","res":4,"subtime":2.161532,"walltime":4200}}}]}'
Sending '{"now":2.169338,"events":[{"timestamp":2.169338,"type":"EXECUTE_JOB","data":{"job_id":"ebdc2a!9","alloc":"16-19"}}]}'
Received '{"now":2.192756,"events":[{"timestamp":2.184950,"type":"JOB_SUBMITTED","data":{"job_id":"ebdc2a!10","job":{"id":"ebdc2a!10","profile":"BT.S.4","res":4,"subtime":2.176730,"walltime":4200}}}]}'
Sending '{"now":2.192756,"events":[{"timestamp":2.18495,"type":"EXECUTE_JOB","data":{"job_id":"ebdc2a!10","alloc":"20-23"}}]}'
Received '{"now":2.332508,"events":[{"timestamp":2.332508,"type":"JOB_COMPLETED","data":{"job_id":"ebdc2a!5","job_state":"COMPLETED_SUCCESSFULLY","return_code":0,"kill_reason":"","alloc":"36-39"}}]}'
Sending '{"now":2.332508,"events":[]}'
Received '{"now":2.351150,"events":[{"timestamp":2.351150,"type":"JOB_SUBMITTED","data":{"job_id":"ebdc2a!11","job":{"id":"ebdc2a!11","profile":"CG.S.16","res":16,"subtime":2.343344,"walltime":4200}}}]}'
Sending '{"now":2.35115,"events":[{"timestamp":2.35115,"type":"EXECUTE_JOB","data":{"job_id":"ebdc2a!11","alloc":"24-31 36-39 56-59"}}]}'
Received '{"now":2.640584,"events":[{"timestamp":2.640584,"type":"JOB_COMPLETED","data":{"job_id":"ebdc2a!3","job_state":"COMPLETED_SUCCESSFULLY","return_code":0,"kill_reason":"","alloc":"0-3"}}]}'
Sending '{"now":2.640584,"events":[]}'
Received '{"now":2.775895,"events":[{"timestamp":2.775895,"type":"JOB_SUBMITTED","data":{"job_id":"ebdc2a!12","job":{"id":"ebdc2a!12","profile":"FT.S.16","res":16,"subtime":2.768097,"walltime":4200}}}]}'
Sending '{"now":2.775895,"events":[]}'
Received '{"now":2.839208,"events":[{"timestamp":2.839208,"type":"JOB_COMPLETED","data":{"job_id":"ebdc2a!9","job_state":"COMPLETED_SUCCESSFULLY","return_code":0,"kill_reason":"","alloc":"16-19"}}]}'
Sending '{"now":2.839208,"events":[]}'
Received '{"now":2.862687,"events":[{"timestamp":2.862687,"type":"JOB_COMPLETED","data":{"job_id":"ebdc2a!10","job_state":"COMPLETED_SUCCESSFULLY","return_code":0,"kill_reason":"","alloc":"20-23"}}]}'
Sending '{"now":2.862687,"events":[{"timestamp":2.862687,"type":"EXECUTE_JOB","data":{"job_id":"ebdc2a!12","alloc":"0-3 16-23 60-63"}}]}'
Received '{"now":3.072805,"events":[{"timestamp":3.072805,"type":"JOB_SUBMITTED","data":{"job_id":"ebdc2a!13","job":{"id":"ebdc2a!13","profile":"LU.S.4","res":4,"subtime":3.065002,"walltime":4200}}}]}'
Sending '{"now":3.072805,"events":[]}'
Received '{"now":3.180127,"events":[{"timestamp":3.180127,"type":"JOB_SUBMITTED","data":{"job_id":"ebdc2a!14","job":{"id":"ebdc2a!14","profile":"SP.S.16","res":16,"subtime":3.172321,"walltime":4200}}}]}'
Sending '{"now":3.180127,"events":[]}'
Received '{"now":3.277896,"events":[{"timestamp":3.277896,"type":"JOB_SUBMITTED","data":{"job_id":"ebdc2a!15","job":{"id":"ebdc2a!15","profile":"SP.S.4","res":4,"subtime":3.270090,"walltime":4200}}}]}'
Sending '{"now":3.277896,"events":[]}'
Received '{"now":3.328977,"events":[{"timestamp":3.328977,"type":"JOB_COMPLETED","data":{"job_id":"ebdc2a!12","job_state":"COMPLETED_SUCCESSFULLY","return_code":0,"kill_reason":"","alloc":"0-3 16-23 60-63"}}]}'
Sending '{"now":3.328977,"events":[{"timestamp":3.328977,"type":"EXECUTE_JOB","data":{"job_id":"ebdc2a!13","alloc":"0-3"}},{"timestamp":3.328977,"type":"EXECUTE_JOB","data":{"job_id":"ebdc2a!15","alloc":"20-23"}}]}'
Received '{"now":3.514013,"events":[{"timestamp":3.514013,"type":"JOB_SUBMITTED","data":{"job_id":"ebdc2a!16","job":{"id":"ebdc2a!16","profile":"BT.S.4","res":4,"subtime":3.506207,"walltime":4200}}}]}'
Sending '{"now":3.514013,"events":[{"timestamp":3.514013,"type":"EXECUTE_JOB","data":{"job_id":"ebdc2a!16","alloc":"60-63"}}]}'
Received '{"now":3.715580,"events":[{"timestamp":3.715580,"type":"JOB_SUBMITTED","data":{"job_id":"ebdc2a!17","job":{"id":"ebdc2a!17","profile":"IS.S.16","res":16,"subtime":3.707774,"walltime":4200}}}]}'
Sending '{"now":3.71558,"events":[]}'
Received '{"now":3.912957,"events":[{"timestamp":3.912957,"type":"JOB_SUBMITTED","data":{"job_id":"ebdc2a!18","job":{"id":"ebdc2a!18","profile":"CG.S.4","res":4,"subtime":3.905151,"walltime":4200}}}]}'
Sending '{"now":3.912957,"events":[]}'
Received '{"now":3.962177,"events":[{"timestamp":3.962177,"type":"JOB_SUBMITTED","data":{"job_id":"ebdc2a!19","job":{"id":"ebdc2a!19","profile":"MG.S.16","res":16,"subtime":3.954371,"walltime":4200}}}]}'
Sending '{"now":3.962177,"events":[]}'
Received '{"now":4.164095,"events":[{"timestamp":4.164095,"type":"JOB_SUBMITTED","data":{"job_id":"ebdc2a!20","job":{"id":"ebdc2a!20","profile":"MG.S.4","res":4,"subtime":4.156289,"walltime":4200}}}]}'
Sending '{"now":4.164095,"events":[]}'
Received '{"now":4.185562,"events":[{"timestamp":4.185562,"type":"JOB_COMPLETED","data":{"job_id":"ebdc2a!16","job_state":"COMPLETED_SUCCESSFULLY","return_code":0,"kill_reason":"","alloc":"60-63"}}]}'
Sending '{"now":4.185562,"events":[{"timestamp":4.185562,"type":"EXECUTE_JOB","data":{"job_id":"ebdc2a!18","alloc":"60-63"}}]}'
Received '{"now":4.547359,"events":[{"timestamp":4.547359,"type":"JOB_SUBMITTED","data":{"job_id":"ebdc2a!21","job":{"id":"ebdc2a!21","profile":"SP.S.16","res":16,"subtime":4.539553,"walltime":4200}}}]}'
Sending '{"now":4.547359,"events":[]}'
Received '{"now":4.619082,"events":[{"timestamp":4.619082,"type":"JOB_COMPLETED","data":{"job_id":"ebdc2a!15","job_state":"COMPLETED_SUCCESSFULLY","return_code":0,"kill_reason":"","alloc":"20-23"}}]}'
Sending '{"now":4.619082,"events":[{"timestamp":4.619082,"type":"EXECUTE_JOB","data":{"job_id":"ebdc2a!20","alloc":"20-23"}}]}'
Received '{"now":4.642486,"events":[{"timestamp":4.642486,"type":"JOB_SUBMITTED","data":{"job_id":"ebdc2a!22","job":{"id":"ebdc2a!22","profile":"FT.S.4","res":4,"subtime":4.633314,"walltime":4200}}}]}'
Sending '{"now":4.642486,"events":[]}'
Received '{"now":5.024941,"events":[{"timestamp":5.024941,"type":"JOB_SUBMITTED","data":{"job_id":"ebdc2a!23","job":{"id":"ebdc2a!23","profile":"CG.S.16","res":16,"subtime":5.017135,"walltime":4200}}}]}'
Sending '{"now":5.024941,"events":[]}'
Received '{"now":5.178479,"events":[{"timestamp":5.178479,"type":"JOB_COMPLETED","data":{"job_id":"ebdc2a!20","job_state":"COMPLETED_SUCCESSFULLY","return_code":0,"kill_reason":"","alloc":"20-23"}}]}'
Sending '{"now":5.178479,"events":[{"timestamp":5.178479,"type":"EXECUTE_JOB","data":{"job_id":"ebdc2a!22","alloc":"20-23"}}]}'
Received '{"now":5.201889,"events":[{"timestamp":5.186285,"type":"JOB_SUBMITTED","data":{"job_id":"ebdc2a!24","job":{"id":"ebdc2a!24","profile":"CG.S.16","res":16,"subtime":5.170768,"walltime":4200}}}]}'
Sending '{"now":5.201889,"events":[]}'
Received '{"now":5.306947,"events":[{"timestamp":5.306947,"type":"JOB_COMPLETED","data":{"job_id":"ebdc2a!18","job_state":"COMPLETED_SUCCESSFULLY","return_code":0,"kill_reason":"","alloc":"60-63"}}]}'
Sending '{"now":5.306947,"events":[]}'
Received '{"now":5.365388,"events":[{"timestamp":5.365388,"type":"JOB_COMPLETED","data":{"job_id":"ebdc2a!22","job_state":"COMPLETED_SUCCESSFULLY","return_code":0,"kill_reason":"","alloc":"20-23"}}]}'
Sending '{"now":5.365388,"events":[]}'
Received '{"now":5.655865,"events":[{"timestamp":5.655865,"type":"JOB_SUBMITTED","data":{"job_id":"ebdc2a!25","job":{"id":"ebdc2a!25","profile":"CG.S.4","res":4,"subtime":5.648059,"walltime":4200}}}]}'
Sending '{"now":5.655865,"events":[{"timestamp":5.655865,"type":"EXECUTE_JOB","data":{"job_id":"ebdc2a!25","alloc":"20-23"}}]}'
Received '{"now":5.744780,"events":[{"timestamp":5.744780,"type":"JOB_COMPLETED","data":{"job_id":"ebdc2a!13","job_state":"COMPLETED_SUCCESSFULLY","return_code":0,"kill_reason":"","alloc":"0-3"}}]}'
Sending '{"now":5.74478,"events":[]}'
Received '{"now":5.900310,"events":[{"timestamp":5.900310,"type":"JOB_SUBMITTED","data":{"job_id":"ebdc2a!26","job":{"id":"ebdc2a!26","profile":"CG.S.16","res":16,"subtime":5.892512,"walltime":4200}}}]}'
Sending '{"now":5.90031,"events":[]}'
Received '{"now":6.012475,"events":[{"timestamp":6.012475,"type":"JOB_SUBMITTED","data":{"job_id":"ebdc2a!27","job":{"id":"ebdc2a!27","profile":"FT.S.16","res":16,"subtime":6.004678,"walltime":4200}}}]}'
Sending '{"now":6.012475,"events":[]}'
Received '{"now":6.076349,"events":[{"timestamp":6.076349,"type":"JOB_SUBMITTED","data":{"job_id":"ebdc2a!28","job":{"id":"ebdc2a!28","profile":"SP.S.16","res":16,"subtime":6.068549,"walltime":4200}}}]}'
Sending '{"now":6.0763489999999999,"events":[]}'
Received '{"now":6.091961,"events":[{"timestamp":6.091961,"type":"JOB_SUBMITTED","data":{"job_id":"ebdc2a!29","job":{"id":"ebdc2a!29","profile":"LU.S.16","res":16,"subtime":6.076547,"walltime":4200}}}]}'
Sending '{"now":6.091961,"events":[]}'
Received '{"now":6.343956,"events":[{"timestamp":6.343956,"type":"JOB_SUBMITTED","data":{"job_id":"ebdc2a!30","job":{"id":"ebdc2a!30","profile":"FT.S.16","res":16,"subtime":6.336150,"walltime":4200}}}]}'
Sending '{"now":6.343956,"events":[]}'
Received '{"now":6.412735,"events":[{"timestamp":6.412735,"type":"JOB_SUBMITTED","data":{"job_id":"ebdc2a!31","job":{"id":"ebdc2a!31","profile":"BT.S.16","res":16,"subtime":6.404935,"walltime":4200}}}]}'
Sending '{"now":6.412735,"events":[]}'
Received '{"now":6.534918,"events":[{"timestamp":6.534918,"type":"JOB_SUBMITTED","data":{"job_id":"ebdc2a!32","job":{"id":"ebdc2a!32","profile":"FT.S.16","res":16,"subtime":6.527112,"walltime":4200}}}]}'
Sending '{"now":6.534918,"events":[]}'
Received '{"now":6.590053,"events":[{"timestamp":6.590053,"type":"JOB_SUBMITTED","data":{"job_id":"ebdc2a!33","job":{"id":"ebdc2a!33","profile":"SP.S.4","res":4,"subtime":6.582254,"walltime":4200}}}]}'
Sending '{"now":6.590053,"events":[{"timestamp":6.590053,"type":"EXECUTE_JOB","data":{"job_id":"ebdc2a!33","alloc":"16-19"}}]}'
Received '{"now":6.613471,"events":[{"timestamp":6.613471,"type":"JOB_SUBMITTED","data":{"job_id":"ebdc2a!34","job":{"id":"ebdc2a!34","profile":"LU.S.16","res":16,"subtime":6.598573,"walltime":4200}}}]}'
Sending '{"now":6.613471,"events":[]}'
Received '{"now":6.687882,"events":[{"timestamp":6.687882,"type":"JOB_SUBMITTED","data":{"job_id":"ebdc2a!35","job":{"id":"ebdc2a!35","profile":"MG.S.16","res":16,"subtime":6.680076,"walltime":4200}}}]}'
Sending '{"now":6.687882,"events":[]}'
Received '{"now":6.754874,"events":[{"timestamp":6.754874,"type":"JOB_COMPLETED","data":{"job_id":"ebdc2a!11","job_state":"COMPLETED_SUCCESSFULLY","return_code":0,"kill_reason":"","alloc":"24-31 36-39 56-59"}}]}'
Sending '{"now":6.754874,"events":[{"timestamp":6.754874,"type":"EXECUTE_JOB","data":{"job_id":"ebdc2a!14","alloc":"0-3 24-31 36-39"}}]}'
Received '{"now":6.791946,"events":[{"timestamp":6.762680,"type":"JOB_SUBMITTED","data":{"job_id":"ebdc2a!36","job":{"id":"ebdc2a!36","profile":"SP.S.16","res":16,"subtime":6.752543,"walltime":4200}}},{"timestamp":6.784142,"type":"JOB_COMPLETED","data":{"job_id":"ebdc2a!25","job_state":"COMPLETED_SUCCESSFULLY","return_code":0,"kill_reason":"","alloc":"20-23"}}]}'
Sending '{"now":6.791946,"events":[]}'
Received '{"now":6.904533,"events":[{"timestamp":6.904533,"type":"JOB_SUBMITTED","data":{"job_id":"ebdc2a!37","job":{"id":"ebdc2a!37","profile":"MG.S.4","res":4,"subtime":6.896727,"walltime":4200}}}]}'
Sending '{"now":6.904533,"events":[{"timestamp":6.904533,"type":"EXECUTE_JOB","data":{"job_id":"ebdc2a!37","alloc":"56-59"}}]}'
Received '{"now":6.931105,"events":[{"timestamp":6.931105,"type":"JOB_SUBMITTED","data":{"job_id":"ebdc2a!38","job":{"id":"ebdc2a!38","profile":"LU.S.4","res":4,"subtime":6.923302,"walltime":4200}}}]}'
Sending '{"now":6.931105,"events":[{"timestamp":6.931105,"type":"EXECUTE_JOB","data":{"job_id":"ebdc2a!38","alloc":"60-63"}}]}'
Received '{"now":6.954523,"events":[{"timestamp":6.938911,"type":"JOB_SUBMITTED","data":{"job_id":"ebdc2a!39","job":{"id":"ebdc2a!39","profile":"SP.S.16","res":16,"subtime":6.928365,"walltime":4200}}}]}'
Sending '{"now":6.954523,"events":[]}'
Received '{"now":7.002604,"events":[{"timestamp":7.002604,"type":"JOB_COMPLETED","data":{"job_id":"ebdc2a!6","job_state":"COMPLETED_SUCCESSFULLY","return_code":0,"kill_reason":"","alloc":"40-55"}}]}'
Sending '{"now":7.002604,"events":[{"timestamp":7.002604,"type":"EXECUTE_JOB","data":{"job_id":"ebdc2a!17","alloc":"20-23 40-51"}}]}'
Received '{"now":7.026022,"events":[{"timestamp":7.010410,"type":"JOB_SUBMITTED","data":{"job_id":"ebdc2a!40","job":{"id":"ebdc2a!40","profile":"IS.S.4","res":4,"subtime":6.990885,"walltime":4200}}}]}'
Sending '{"now":7.026022,"events":[{"timestamp":7.026022,"type":"EXECUTE_JOB","data":{"job_id":"ebdc2a!40","alloc":"52-55"}}]}'
Received '{"now":7.151601,"events":[{"timestamp":7.151601,"type":"JOB_COMPLETED","data":{"job_id":"ebdc2a!40","job_state":"COMPLETED_SUCCESSFULLY","return_code":0,"kill_reason":"","alloc":"52-55"}}]}'
Sending '{"now":7.151601,"events":[]}'
Received '{"now":7.206118,"events":[{"timestamp":7.206118,"type":"JOB_SUBMITTED","data":{"job_id":"ebdc2a!41","job":{"id":"ebdc2a!41","profile":"FT.S.16","res":16,"subtime":7.198316,"walltime":4200}}}]}'
Sending '{"now":7.206118,"events":[]}'
Received '{"now":7.279812,"events":[{"timestamp":7.279812,"type":"JOB_COMPLETED","data":{"job_id":"ebdc2a!17","job_state":"COMPLETED_SUCCESSFULLY","return_code":0,"kill_reason":"","alloc":"20-23 40-51"}}]}'
Sending '{"now":7.279812,"events":[{"timestamp":7.279812,"type":"EXECUTE_JOB","data":{"job_id":"ebdc2a!19","alloc":"20-23 40-51"}}]}'
Received '{"now":7.314260,"events":[{"timestamp":7.314260,"type":"JOB_SUBMITTED","data":{"job_id":"ebdc2a!42","job":{"id":"ebdc2a!42","profile":"LU.S.16","res":16,"subtime":7.306458,"walltime":4200}}}]}'
Sending '{"now":7.31426,"events":[]}'
Received '{"now":7.463765,"events":[{"timestamp":7.463765,"type":"JOB_COMPLETED","data":{"job_id":"ebdc2a!37","job_state":"COMPLETED_SUCCESSFULLY","return_code":0,"kill_reason":"","alloc":"56-59"}}]}'
Sending '{"now":7.463765,"events":[]}'
Received '{"now":7.479377,"events":[{"timestamp":7.479377,"type":"JOB_SUBMITTED","data":{"job_id":"ebdc2a!43","job":{"id":"ebdc2a!43","profile":"IS.S.16","res":16,"subtime":7.471504,"walltime":4200}}}]}'
Sending '{"now":7.479377,"events":[]}'
Received '{"now":7.703755,"events":[{"timestamp":7.703755,"type":"JOB_SUBMITTED","data":{"job_id":"ebdc2a!44","job":{"id":"ebdc2a!44","profile":"CG.S.16","res":16,"subtime":7.695949,"walltime":4200}}}]}'
Sending '{"now":7.703755,"events":[]}'
Received '{"now":7.790353,"events":[{"timestamp":7.790353,"type":"JOB_SUBMITTED","data":{"job_id":"ebdc2a!45","job":{"id":"ebdc2a!45","profile":"BT.S.4","res":4,"subtime":7.782556,"walltime":4200}}}]}'
Sending '{"now":7.790353,"events":[{"timestamp":7.790353,"type":"EXECUTE_JOB","data":{"job_id":"ebdc2a!45","alloc":"52-55"}}]}'
Received '{"now":7.967747,"events":[{"timestamp":7.967747,"type":"JOB_SUBMITTED","data":{"job_id":"ebdc2a!46","job":{"id":"ebdc2a!46","profile":"SP.S.4","res":4,"subtime":7.959941,"walltime":4200}}}]}'
Sending '{"now":7.967747,"events":[{"timestamp":7.967747,"type":"EXECUTE_JOB","data":{"job_id":"ebdc2a!46","alloc":"56-59"}}]}'
Received '{"now":8.004825,"events":[{"timestamp":7.981407,"type":"JOB_COMPLETED","data":{"job_id":"ebdc2a!33","job_state":"COMPLETED_SUCCESSFULLY","return_code":0,"kill_reason":"","alloc":"16-19"}},{"timestamp":7.997019,"type":"JOB_SUBMITTED","data":{"job_id":"ebdc2a!47","job":{"id":"ebdc2a!47","profile":"CG.S.16","res":16,"subtime":7.973948,"walltime":4200}}}]}'
Sending '{"now":8.004825,"events":[]}'
Received '{"now":8.271860,"events":[{"timestamp":8.271860,"type":"JOB_SUBMITTED","data":{"job_id":"ebdc2a!48","job":{"id":"ebdc2a!48","profile":"CG.S.4","res":4,"subtime":8.264060,"walltime":4200}}}]}'
Sending '{"now":8.27186,"events":[]}'
Received '{"now":8.460146,"events":[{"timestamp":8.460146,"type":"JOB_COMPLETED","data":{"job_id":"ebdc2a!45","job_state":"COMPLETED_SUCCESSFULLY","return_code":0,"kill_reason":"","alloc":"52-55"}}]}'
Sending '{"now":8.460146,"events":[{"timestamp":8.460146,"type":"EXECUTE_JOB","data":{"job_id":"ebdc2a!48","alloc":"52-55"}}]}'
Received '{"now":8.696747,"events":[{"timestamp":8.696747,"type":"JOB_SUBMITTED","data":{"job_id":"ebdc2a!49","job":{"id":"ebdc2a!49","profile":"LU.S.16","res":16,"subtime":8.688941,"walltime":4200}}}]}'
Sending '{"now":8.696747,"events":[]}'
Received '{"now":8.854763,"events":[{"timestamp":8.854763,"type":"JOB_COMPLETED","data":{"job_id":"ebdc2a!19","job_state":"COMPLETED_SUCCESSFULLY","return_code":0,"kill_reason":"","alloc":"20-23 40-51"}}]}'
Sending '{"now":8.854763,"events":[{"timestamp":8.854763,"type":"EXECUTE_JOB","data":{"job_id":"ebdc2a!21","alloc":"16-23 40-47"}}]}'
Received '{"now":8.993715,"events":[{"timestamp":8.993715,"type":"JOB_SUBMITTED","data":{"job_id":"ebdc2a!50","job":{"id":"ebdc2a!50","profile":"LU.S.16","res":16,"subtime":8.985909,"walltime":4200}}}]}'
Sending '{"now":8.993715,"events":[]}'
Received '{"now":9.103492,"events":[{"timestamp":9.103492,"type":"JOB_COMPLETED","data":{"job_id":"ebdc2a!4","job_state":"COMPLETED_SUCCESSFULLY","return_code":0,"kill_reason":"","alloc":"4-15 32-35"}}]}'
Sending '{"now":9.103492,"events":[{"timestamp":9.103492,"type":"EXECUTE_JOB","data":{"job_id":"ebdc2a!23","alloc":"4-15 32-35"}}]}'
Received '{"now":9.200254,"events":[{"timestamp":9.200254,"type":"JOB_SUBMITTED","data":{"job_id":"ebdc2a!51","job":{"id":"ebdc2a!51","profile":"IS.S.4","res":4,"subtime":9.192448,"walltime":4200}}}]}'
Sending '{"now":9.200254,"events":[{"timestamp":9.200254,"type":"EXECUTE_JOB","data":{"job_id":"ebdc2a!51","alloc":"48-51"}}]}'
Received '{"now":9.223652,"events":[{"timestamp":9.208050,"type":"JOB_SUBMITTED","data":{"job_id":"ebdc2a!52","job":{"id":"ebdc2a!52","profile":"CG.S.16","res":16,"subtime":9.194611,"walltime":4200}}}]}'
Sending '{"now":9.223652,"events":[]}'
Received '{"now":9.295491,"events":[{"timestamp":9.295491,"type":"JOB_SUBMITTED","data":{"job_id":"ebdc2a!53","job":{"id":"ebdc2a!53","profile":"SP.S.4","res":4,"subtime":9.287685,"walltime":4200}}}]}'
Sending '{"now":9.295491,"events":[]}'
Received '{"now":9.333245,"events":[{"timestamp":9.333245,"type":"JOB_COMPLETED","data":{"job_id":"ebdc2a!51","job_state":"COMPLETED_SUCCESSFULLY","return_code":0,"kill_reason":"","alloc":"48-51"}}]}'
Sending '{"now":9.333245,"events":[{"timestamp":9.333245,"type":"EXECUTE_JOB","data":{"job_id":"ebdc2a!53","alloc":"48-51"}}]}'
Received '{"now":9.362518,"events":[{"timestamp":9.354712,"type":"JOB_COMPLETED","data":{"job_id":"ebdc2a!38","job_state":"COMPLETED_SUCCESSFULLY","return_code":0,"kill_reason":"","alloc":"60-63"}}]}'
Sending '{"now":9.362518,"events":[]}'
Received '{"now":9.383994,"events":[{"timestamp":9.383994,"type":"JOB_COMPLETED","data":{"job_id":"ebdc2a!46","job_state":"COMPLETED_SUCCESSFULLY","return_code":0,"kill_reason":"","alloc":"56-59"}}]}'
Sending '{"now":9.383994,"events":[]}'
Received '{"now":9.459711,"events":[{"timestamp":9.459711,"type":"JOB_SUBMITTED","data":{"job_id":"ebdc2a!54","job":{"id":"ebdc2a!54","profile":"MG.S.16","res":16,"subtime":9.451910,"walltime":4200}}}]}'
Sending '{"now":9.459711,"events":[]}'
Received '{"now":9.580957,"events":[{"timestamp":9.580957,"type":"JOB_COMPLETED","data":{"job_id":"ebdc2a!48","job_state":"COMPLETED_SUCCESSFULLY","return_code":0,"kill_reason":"","alloc":"52-55"}}]}'
Sending '{"now":9.580957,"events":[]}'
Received '{"now":9.599924,"events":[{"timestamp":9.599924,"type":"JOB_SUBMITTED","data":{"job_id":"ebdc2a!55","job":{"id":"ebdc2a!55","profile":"CG.S.16","res":16,"subtime":9.592118,"walltime":4200}}}]}'
Sending '{"now":9.599924,"events":[]}'
Received '{"now":9.623549,"events":[{"timestamp":9.623549,"type":"JOB_SUBMITTED","data":{"job_id":"ebdc2a!56","job":{"id":"ebdc2a!56","profile":"LU.S.4","res":4,"subtime":9.615753,"walltime":4200}}}]}'
Sending '{"now":9.623549,"events":[{"timestamp":9.623549,"type":"EXECUTE_JOB","data":{"job_id":"ebdc2a!56","alloc":"52-55"}}]}'
Received '{"now":9.785978,"events":[{"timestamp":9.785978,"type":"JOB_SUBMITTED","data":{"job_id":"ebdc2a!57","job":{"id":"ebdc2a!57","profile":"SP.S.16","res":16,"subtime":9.778172,"walltime":4200}}}]}'
Sending '{"now":9.785978,"events":[]}'
Received '{"now":9.950327,"events":[{"timestamp":9.950327,"type":"JOB_SUBMITTED","data":{"job_id":"ebdc2a!58","job":{"id":"ebdc2a!58","profile":"FT.S.16","res":16,"subtime":9.942530,"walltime":4200}}}]}'
Sending '{"now":9.950327,"events":[]}'
Received '{"now":10.514593,"events":[{"timestamp":10.514593,"type":"JOB_SUBMITTED","data":{"job_id":"ebdc2a!59","job":{"id":"ebdc2a!59","profile":"FT.S.4","res":4,"subtime":10.506793,"walltime":4200}}}]}'
Sending '{"now":10.514593,"events":[{"timestamp":10.514593,"type":"EXECUTE_JOB","data":{"job_id":"ebdc2a!59","alloc":"56-59"}}]}'
Received '{"now":10.598426,"events":[{"timestamp":10.598426,"type":"JOB_SUBMITTED","data":{"job_id":"ebdc2a!60","job":{"id":"ebdc2a!60","profile":"IS.S.16","res":16,"subtime":10.590620,"walltime":4200}}}]}'
Sending '{"now":10.598426,"events":[]}'
Received '{"now":10.663259,"events":[{"timestamp":10.663259,"type":"JOB_SUBMITTED","data":{"job_id":"ebdc2a!61","job":{"id":"ebdc2a!61","profile":"BT.S.4","res":4,"subtime":10.655453,"walltime":4200}}}]}'
Sending '{"now":10.663259,"events":[{"timestamp":10.663259,"type":"EXECUTE_JOB","data":{"job_id":"ebdc2a!61","alloc":"60-63"}}]}'
Received '{"now":10.693638,"events":[{"timestamp":10.693638,"type":"JOB_COMPLETED","data":{"job_id":"ebdc2a!59","job_state":"COMPLETED_SUCCESSFULLY","return_code":0,"kill_reason":"","alloc":"56-59"}}]}'
Sending '{"now":10.693638,"events":[]}'
Received '{"now":10.726860,"events":[{"timestamp":10.726860,"type":"JOB_COMPLETED","data":{"job_id":"ebdc2a!53","job_state":"COMPLETED_SUCCESSFULLY","return_code":0,"kill_reason":"","alloc":"48-51"}}]}'
Sending '{"now":10.72686,"events":[]}'
Received '{"now":10.747792,"events":[{"timestamp":10.747792,"type":"JOB_SUBMITTED","data":{"job_id":"ebdc2a!62","job":{"id":"ebdc2a!62","profile":"BT.S.4","res":4,"subtime":10.739986,"walltime":4200}}}]}'
Sending '{"now":10.747792,"events":[{"timestamp":10.747792,"type":"EXECUTE_JOB","data":{"job_id":"ebdc2a!62","alloc":"48-51"}}]}'
Received '{"now":10.840185,"events":[{"timestamp":10.840185,"type":"JOB_SUBMITTED","data":{"job_id":"ebdc2a!63","job":{"id":"ebdc2a!63","profile":"CG.S.16","res":16,"subtime":10.832379,"walltime":4200}}}]}'
Sending '{"now":10.840185,"events":[]}'
Received '{"now":11.332835,"events":[{"timestamp":11.332835,"type":"JOB_COMPLETED","data":{"job_id":"ebdc2a!61","job_state":"COMPLETED_SUCCESSFULLY","return_code":0,"kill_reason":"","alloc":"60-63"}}]}'
Sending '{"now":11.332835,"events":[]}'
Received '{"now":11.417306,"events":[{"timestamp":11.417306,"type":"JOB_COMPLETED","data":{"job_id":"ebdc2a!62","job_state":"COMPLETED_SUCCESSFULLY","return_code":0,"kill_reason":"","alloc":"48-51"}}]}'
Sending '{"now":11.417306,"events":[]}'
Received '{"now":11.490211,"events":[{"timestamp":11.490211,"type":"JOB_SUBMITTED","data":{"job_id":"ebdc2a!64","job":{"id":"ebdc2a!64","profile":"CG.S.16","res":16,"subtime":11.482405,"walltime":4200}}}]}'
Sending '{"now":11.490211,"events":[]}'
Received '{"now":11.725034,"events":[{"timestamp":11.725034,"type":"JOB_SUBMITTED","data":{"job_id":"ebdc2a!65","job":{"id":"ebdc2a!65","profile":"BT.S.4","res":4,"subtime":11.717228,"walltime":4200}}}]}'
Sending '{"now":11.725034,"events":[{"timestamp":11.725034,"type":"EXECUTE_JOB","data":{"job_id":"ebdc2a!65","alloc":"48-51"}}]}'
Received '{"now":11.748442,"events":[{"timestamp":11.748442,"type":"JOB_SUBMITTED","data":{"job_id":"ebdc2a!66","job":{"id":"ebdc2a!66","profile":"LU.S.4","res":4,"subtime":11.733998,"walltime":4200}}}]}'
Sending '{"now":11.748442,"events":[{"timestamp":11.748442,"type":"EXECUTE_JOB","data":{"job_id":"ebdc2a!66","alloc":"56-59"}}]}'
Received '{"now":11.938963,"events":[{"timestamp":11.938963,"type":"JOB_SUBMITTED","data":{"job_id":"ebdc2a!67","job":{"id":"ebdc2a!67","profile":"SP.S.4","res":4,"subtime":11.931163,"walltime":4200}}}]}'
Sending '{"now":11.938963,"events":[{"timestamp":11.938963,"type":"EXECUTE_JOB","data":{"job_id":"ebdc2a!67","alloc":"60-63"}}]}'
Received '{"now":12.015231,"events":[{"timestamp":12.015231,"type":"JOB_SUBMITTED","data":{"job_id":"ebdc2a!68","job":{"id":"ebdc2a!68","profile":"IS.S.16","res":16,"subtime":12.007436,"walltime":4200}}}]}'
Sending '{"now":12.015231,"events":[]}'
Received '{"now":12.038203,"events":[{"timestamp":12.038203,"type":"JOB_COMPLETED","data":{"job_id":"ebdc2a!56","job_state":"COMPLETED_SUCCESSFULLY","return_code":0,"kill_reason":"","alloc":"52-55"}}]}'
Sending '{"now":12.038203,"events":[]}'
Received '{"now":12.107692,"events":[{"timestamp":12.107692,"type":"JOB_SUBMITTED","data":{"job_id":"ebdc2a!69","job":{"id":"ebdc2a!69","profile":"IS.S.4","res":4,"subtime":12.099886,"walltime":4200}}}]}'
Sending '{"now":12.107692,"events":[{"timestamp":12.107692,"type":"EXECUTE_JOB","data":{"job_id":"ebdc2a!69","alloc":"52-55"}}]}'
Received '{"now":12.155238,"events":[{"timestamp":12.155238,"type":"JOB_SUBMITTED","data":{"job_id":"ebdc2a!70","job":{"id":"ebdc2a!70","profile":"FT.S.4","res":4,"subtime":12.147432,"walltime":4200}}}]}'
Sending '{"now":12.155238,"events":[]}'
Received '{"now":12.170846,"events":[{"timestamp":12.170846,"type":"JOB_SUBMITTED","data":{"job_id":"ebdc2a!71","job":{"id":"ebdc2a!71","profile":"BT.S.16","res":16,"subtime":12.160323,"walltime":4200}}}]}'
Sending '{"now":12.170846,"events":[]}'
Received '{"now":12.232949,"events":[{"timestamp":12.232949,"type":"JOB_COMPLETED","data":{"job_id":"ebdc2a!69","job_state":"COMPLETED_SUCCESSFULLY","return_code":0,"kill_reason":"","alloc":"52-55"}}]}'
Sending '{"now":12.232949,"events":[{"timestamp":12.232949,"type":"EXECUTE_JOB","data":{"job_id":"ebdc2a!70","alloc":"52-55"}}]}'
Received '{"now":12.369497,"events":[{"timestamp":12.369497,"type":"JOB_SUBMITTED","data":{"job_id":"ebdc2a!72","job":{"id":"ebdc2a!72","profile":"FT.S.4","res":4,"subtime":12.361691,"walltime":4200}}}]}'
Sending '{"now":12.369497,"events":[]}'
Received '{"now":12.394410,"events":[{"timestamp":12.394410,"type":"JOB_COMPLETED","data":{"job_id":"ebdc2a!65","job_state":"COMPLETED_SUCCESSFULLY","return_code":0,"kill_reason":"","alloc":"48-51"}}]}'
Sending '{"now":12.39441,"events":[{"timestamp":12.39441,"type":"EXECUTE_JOB","data":{"job_id":"ebdc2a!72","alloc":"48-51"}}]}'
Received '{"now":12.431484,"events":[{"timestamp":12.402216,"type":"JOB_SUBMITTED","data":{"job_id":"ebdc2a!73","job":{"id":"ebdc2a!73","profile":"SP.S.16","res":16,"subtime":12.387914,"walltime":4200}}},{"timestamp":12.423678,"type":"JOB_COMPLETED","data":{"job_id":"ebdc2a!70","job_state":"COMPLETED_SUCCESSFULLY","return_code":0,"kill_reason":"","alloc":"52-55"}}]}'
Sending '{"now":12.431484,"events":[]}'
Received '{"now":12.447096,"events":[{"timestamp":12.439290,"type":"JOB_SUBMITTED","data":{"job_id":"ebdc2a!74","job":{"id":"ebdc2a!74","profile":"FT.S.4","res":4,"subtime":12.415344,"walltime":4200}}}]}'
Sending '{"now":12.447096,"events":[{"timestamp":12.447096,"type":"EXECUTE_JOB","data":{"job_id":"ebdc2a!74","alloc":"52-55"}}]}'
Received '{"now":12.581272,"events":[{"timestamp":12.581272,"type":"JOB_COMPLETED","data":{"job_id":"ebdc2a!72","job_state":"COMPLETED_SUCCESSFULLY","return_code":0,"kill_reason":"","alloc":"48-51"}}]}'
Sending '{"now":12.581272,"events":[]}'
Received '{"now":12.626170,"events":[{"timestamp":12.626170,"type":"JOB_COMPLETED","data":{"job_id":"ebdc2a!74","job_state":"COMPLETED_SUCCESSFULLY","return_code":0,"kill_reason":"","alloc":"52-55"}}]}'
Sending '{"now":12.62617,"events":[]}'
Received '{"now":12.759187,"events":[{"timestamp":12.759187,"type":"JOB_SUBMITTED","data":{"job_id":"ebdc2a!75","job":{"id":"ebdc2a!75","profile":"MG.S.16","res":16,"subtime":12.751381,"walltime":4200}}}]}'
Sending '{"now":12.759187,"events":[]}'
Received '{"now":12.774793,"events":[{"timestamp":12.774793,"type":"JOB_SUBMITTED","data":{"job_id":"ebdc2a!76","job":{"id":"ebdc2a!76","profile":"CG.S.16","res":16,"subtime":12.765858,"walltime":4200}}}]}'
Sending '{"now":12.774793,"events":[]}'
Received '{"now":12.899395,"events":[{"timestamp":12.899395,"type":"JOB_SUBMITTED","data":{"job_id":"ebdc2a!77","job":{"id":"ebdc2a!77","profile":"FT.S.16","res":16,"subtime":12.891589,"walltime":4200}}}]}'
Sending '{"now":12.899395,"events":[]}'
Received '{"now":13.190343,"events":[{"timestamp":13.190343,"type":"JOB_SUBMITTED","data":{"job_id":"ebdc2a!78","job":{"id":"ebdc2a!78","profile":"MG.S.16","res":16,"subtime":13.182552,"walltime":4200}}}]}'
Sending '{"now":13.190343,"events":[]}'
Received '{"now":13.234568,"events":[{"timestamp":13.234568,"type":"JOB_COMPLETED","data":{"job_id":"ebdc2a!23","job_state":"COMPLETED_SUCCESSFULLY","return_code":0,"kill_reason":"","alloc":"4-15 32-35"}}]}'
Sending '{"now":13.234568,"events":[{"timestamp":13.234568,"type":"EXECUTE_JOB","data":{"job_id":"ebdc2a!24","alloc":"4-15 32-35"}}]}'
Received '{"now":13.339434,"events":[{"timestamp":13.339434,"type":"JOB_COMPLETED","data":{"job_id":"ebdc2a!67","job_state":"COMPLETED_SUCCESSFULLY","return_code":0,"kill_reason":"","alloc":"60-63"}}]}'
Sending '{"now":13.339434,"events":[]}'
Received '{"now":13.382691,"events":[{"timestamp":13.382691,"type":"JOB_SUBMITTED","data":{"job_id":"ebdc2a!79","job":{"id":"ebdc2a!79","profile":"LU.S.4","res":4,"subtime":13.374894,"walltime":4200}}}]}'
Sending '{"now":13.382691,"events":[{"timestamp":13.382691,"type":"EXECUTE_JOB","data":{"job_id":"ebdc2a!79","alloc":"48-51"}}]}'
Received '{"now":13.549995,"events":[{"timestamp":13.549995,"type":"JOB_SUBMITTED","data":{"job_id":"ebdc2a!80","job":{"id":"ebdc2a!80","profile":"CG.S.16","res":16,"subtime":13.542189,"walltime":4200}}}]}'
Sending '{"now":13.549995,"events":[]}'
Received '{"now":13.580595,"events":[{"timestamp":13.580595,"type":"JOB_SUBMITTED","data":{"job_id":"ebdc2a!81","job":{"id":"ebdc2a!81","profile":"IS.S.4","res":4,"subtime":13.572789,"walltime":4200}}}]}'
Sending '{"now":13.580595,"events":[{"timestamp":13.580595,"type":"EXECUTE_JOB","data":{"job_id":"ebdc2a!81","alloc":"52-55"}}]}'
Received '{"now":13.636612,"events":[{"timestamp":13.636612,"type":"JOB_SUBMITTED","data":{"job_id":"ebdc2a!82","job":{"id":"ebdc2a!82","profile":"FT.S.16","res":16,"subtime":13.628817,"walltime":4200}}}]}'
Sending '{"now":13.636612,"events":[]}'
Received '{"now":13.705836,"events":[{"timestamp":13.705836,"type":"JOB_COMPLETED","data":{"job_id":"ebdc2a!81","job_state":"COMPLETED_SUCCESSFULLY","return_code":0,"kill_reason":"","alloc":"52-55"}}]}'
Sending '{"now":13.705836,"events":[]}'
Received '{"now":14.006465,"events":[{"timestamp":14.006465,"type":"JOB_SUBMITTED","data":{"job_id":"ebdc2a!83","job":{"id":"ebdc2a!83","profile":"MG.S.4","res":4,"subtime":13.998659,"walltime":4200}}}]}'
Sending '{"now":14.006465,"events":[{"timestamp":14.006465,"type":"EXECUTE_JOB","data":{"job_id":"ebdc2a!83","alloc":"52-55"}}]}'
Received '{"now":14.122827,"events":[{"timestamp":14.122827,"type":"JOB_SUBMITTED","data":{"job_id":"ebdc2a!84","job":{"id":"ebdc2a!84","profile":"IS.S.4","res":4,"subtime":14.115023,"walltime":4200}}}]}'
Sending '{"now":14.122827,"events":[{"timestamp":14.122827,"type":"EXECUTE_JOB","data":{"job_id":"ebdc2a!84","alloc":"60-63"}}]}'
Received '{"now":14.163113,"events":[{"timestamp":14.163113,"type":"JOB_COMPLETED","data":{"job_id":"ebdc2a!66","job_state":"COMPLETED_SUCCESSFULLY","return_code":0,"kill_reason":"","alloc":"56-59"}}]}'
Sending '{"now":14.163113,"events":[]}'
Received '{"now":14.248086,"events":[{"timestamp":14.248086,"type":"JOB_COMPLETED","data":{"job_id":"ebdc2a!84","job_state":"COMPLETED_SUCCESSFULLY","return_code":0,"kill_reason":"","alloc":"60-63"}}]}'
Sending '{"now":14.248086,"events":[]}'
Received '{"now":14.518850,"events":[{"timestamp":14.518850,"type":"JOB_SUBMITTED","data":{"job_id":"ebdc2a!85","job":{"id":"ebdc2a!85","profile":"MG.S.4","res":4,"subtime":14.511045,"walltime":4200}}}]}'
Sending '{"now":14.51885,"events":[{"timestamp":14.51885,"type":"EXECUTE_JOB","data":{"job_id":"ebdc2a!85","alloc":"56-59"}}]}'
Received '{"now":14.565723,"events":[{"timestamp":14.565723,"type":"JOB_COMPLETED","data":{"job_id":"ebdc2a!83","job_state":"COMPLETED_SUCCESSFULLY","return_code":0,"kill_reason":"","alloc":"52-55"}}]}'
Sending '{"now":14.565723,"events":[]}'
Received '{"now":14.581332,"events":[{"timestamp":14.573526,"type":"JOB_SUBMITTED","data":{"job_id":"ebdc2a!86","job":{"id":"ebdc2a!86","profile":"SP.S.4","res":4,"subtime":14.561422,"walltime":4200}}}]}'
Sending '{"now":14.581332,"events":[{"timestamp":14.581332,"type":"EXECUTE_JOB","data":{"job_id":"ebdc2a!86","alloc":"52-55"}}]}'
Received '{"now":14.742048,"events":[{"timestamp":14.742048,"type":"JOB_SUBMITTED","data":{"job_id":"ebdc2a!87","job":{"id":"ebdc2a!87","profile":"FT.S.16","res":16,"subtime":14.734247,"walltime":4200}}}]}'
Sending '{"now":14.742048,"events":[]}'
Received '{"now":14.757660,"events":[{"timestamp":14.749854,"type":"JOB_SUBMITTED","data":{"job_id":"ebdc2a!88","job":{"id":"ebdc2a!88","profile":"LU.S.4","res":4,"subtime":14.735217,"walltime":4200}}}]}'
Sending '{"now":14.75766,"events":[{"timestamp":14.75766,"type":"EXECUTE_JOB","data":{"job_id":"ebdc2a!88","alloc":"60-63"}}]}'
Received '{"now":14.808089,"events":[{"timestamp":14.808089,"type":"JOB_SUBMITTED","data":{"job_id":"ebdc2a!89","job":{"id":"ebdc2a!89","profile":"CG.S.16","res":16,"subtime":14.800283,"walltime":4200}}}]}'
Sending '{"now":14.808089,"events":[]}'
Received '{"now":14.890190,"events":[{"timestamp":14.890190,"type":"JOB_SUBMITTED","data":{"job_id":"ebdc2a!90","job":{"id":"ebdc2a!90","profile":"LU.S.4","res":4,"subtime":14.882393,"walltime":4200}}}]}'
Sending '{"now":14.89019,"events":[]}'
Received '{"now":14.991334,"events":[{"timestamp":14.991334,"type":"JOB_SUBMITTED","data":{"job_id":"ebdc2a!91","job":{"id":"ebdc2a!91","profile":"SP.S.16","res":16,"subtime":14.983528,"walltime":4200}}}]}'
Sending '{"now":14.991334,"events":[]}'
Received '{"now":15.032690,"events":[{"timestamp":15.032690,"type":"JOB_SUBMITTED","data":{"job_id":"ebdc2a!92","job":{"id":"ebdc2a!92","profile":"BT.S.4","res":4,"subtime":15.024893,"walltime":4200}}}]}'
Sending '{"now":15.03269,"events":[]}'
Received '{"now":15.051020,"events":[{"timestamp":15.051020,"type":"JOB_SUBMITTED","data":{"job_id":"ebdc2a!93","job":{"id":"ebdc2a!93","profile":"SP.S.16","res":16,"subtime":15.043214,"walltime":4200}}}]}'
Sending '{"now":15.05102,"events":[]}'
Received '{"now":15.077888,"events":[{"timestamp":15.077888,"type":"JOB_COMPLETED","data":{"job_id":"ebdc2a!85","job_state":"COMPLETED_SUCCESSFULLY","return_code":0,"kill_reason":"","alloc":"56-59"}}]}'
Sending '{"now":15.077888,"events":[{"timestamp":15.077888,"type":"EXECUTE_JOB","data":{"job_id":"ebdc2a!90","alloc":"56-59"}}]}'
Received '{"now":15.101963,"events":[{"timestamp":15.101963,"type":"JOB_SUBMITTED","data":{"job_id":"ebdc2a!94","job":{"id":"ebdc2a!94","profile":"MG.S.16","res":16,"subtime":15.094163,"walltime":4200}}}]}'
Sending '{"now":15.101963,"events":[]}'
Received '{"now":15.142783,"events":[{"timestamp":15.142783,"type":"JOB_SUBMITTED","data":{"job_id":"ebdc2a!95","job":{"id":"ebdc2a!95","profile":"LU.S.16","res":16,"subtime":15.134990,"walltime":4200}}}]}'
Sending '{"now":15.142783,"events":[]}'
Received '{"now":15.158398,"events":[{"timestamp":15.158398,"type":"JOB_SUBMITTED","data":{"job_id":"ebdc2a!96","job":{"id":"ebdc2a!96","profile":"FT.S.4","res":4,"subtime":15.148773,"walltime":4200}}}]}'
Sending '{"now":15.158398,"events":[]}'
Received '{"now":15.184006,"events":[{"timestamp":15.184006,"type":"JOB_SUBMITTED","data":{"job_id":"ebdc2a!97","job":{"id":"ebdc2a!97","profile":"LU.S.16","res":16,"subtime":15.176200,"walltime":4200}}}]}'
Sending '{"now":15.184006,"events":[]}'
Received '{"now":15.243852,"events":[{"timestamp":15.243852,"type":"JOB_SUBMITTED","data":{"job_id":"ebdc2a!98","job":{"id":"ebdc2a!98","profile":"SP.S.16","res":16,"subtime":15.236050,"walltime":4200}}}]}'
Sending '{"now":15.243852,"events":[]}'
Received '{"now":15.319504,"events":[{"timestamp":15.319504,"type":"JOB_COMPLETED","data":{"job_id":"ebdc2a!14","job_state":"COMPLETED_SUCCESSFULLY","return_code":0,"kill_reason":"","alloc":"0-3 24-31 36-39"}}]}'
Sending '{"now":15.319504,"events":[{"timestamp":15.319504,"type":"EXECUTE_JOB","data":{"job_id":"ebdc2a!26","alloc":"0-3 24-31 36-39"}}]}'
Received '{"now":15.580355,"events":[{"timestamp":15.580355,"type":"JOB_SUBMITTED","data":{"job_id":"ebdc2a!99","job":{"id":"ebdc2a!99","profile":"CG.S.16","res":16,"subtime":15.572549,"walltime":4200}}}]}'
Sending '{"now":15.580355,"events":[]}'
Received '{"now":15.630531,"events":[{"timestamp":15.630531,"type":"JOB_SUBMITTED","data":{"job_id":"ebdc2a!100","job":{"id":"ebdc2a!100","profile":"BT.S.16","res":16,"subtime":15.622725,"walltime":4200}}}]}'
Sending '{"now":15.630531,"events":[]}'
Received '{"now":15.797766,"events":[{"timestamp":15.797766,"type":"JOB_COMPLETED","data":{"job_id":"ebdc2a!79","job_state":"COMPLETED_SUCCESSFULLY","return_code":0,"kill_reason":"","alloc":"48-51"}}]}'
Sending '{"now":15.797766,"events":[{"timestamp":15.797766,"type":"EXECUTE_JOB","data":{"job_id":"ebdc2a!92","alloc":"48-51"}}]}'
Received '{"now":15.933252,"events":[{"timestamp":15.933252,"type":"JOB_SUBMITTED","data":{"job_id":"ebdc2a!101","job":{"id":"ebdc2a!101","profile":"LU.S.16","res":16,"subtime":15.925447,"walltime":4200}}}]}'
Sending '{"now":15.933252,"events":[]}'
Received '{"now":15.954719,"events":[{"timestamp":15.954719,"type":"JOB_COMPLETED","data":{"job_id":"ebdc2a!86","job_state":"COMPLETED_SUCCESSFULLY","return_code":0,"kill_reason":"","alloc":"52-55"}}]}'
Sending '{"now":15.954719,"events":[{"timestamp":15.954719,"type":"EXECUTE_JOB","data":{"job_id":"ebdc2a!96","alloc":"52-55"}}]}'
Received '{"now":16.023058,"events":[{"timestamp":16.023058,"type":"JOB_SUBMITTED","data":{"job_id":"ebdc2a!102","job":{"id":"ebdc2a!102","profile":"IS.S.16","res":16,"subtime":16.015256,"walltime":4200}}}]}'
Sending '{"now":16.023058,"events":[]}'
Received '{"now":16.060737,"events":[{"timestamp":16.060737,"type":"JOB_SUBMITTED","data":{"job_id":"ebdc2a!103","job":{"id":"ebdc2a!103","profile":"CG.S.16","res":16,"subtime":16.052931,"walltime":4200}}}]}'
Sending '{"now":16.060737,"events":[]}'
Received '{"now":16.081682,"events":[{"timestamp":16.081682,"type":"JOB_SUBMITTED","data":{"job_id":"ebdc2a!104","job":{"id":"ebdc2a!104","profile":"BT.S.4","res":4,"subtime":16.073876,"walltime":4200}}}]}'
Sending '{"now":16.081682,"events":[]}'
Received '{"now":16.133849,"events":[{"timestamp":16.133849,"type":"JOB_COMPLETED","data":{"job_id":"ebdc2a!96","job_state":"COMPLETED_SUCCESSFULLY","return_code":0,"kill_reason":"","alloc":"52-55"}}]}'
Sending '{"now":16.133849,"events":[{"timestamp":16.133849,"type":"EXECUTE_JOB","data":{"job_id":"ebdc2a!104","alloc":"52-55"}}]}'
Received '{"now":16.330710,"events":[{"timestamp":16.330710,"type":"JOB_SUBMITTED","data":{"job_id":"ebdc2a!105","job":{"id":"ebdc2a!105","profile":"MG.S.16","res":16,"subtime":16.322909,"walltime":4200}}}]}'
Sending '{"now":16.33071,"events":[]}'
Received '{"now":16.467766,"events":[{"timestamp":16.467766,"type":"JOB_COMPLETED","data":{"job_id":"ebdc2a!92","job_state":"COMPLETED_SUCCESSFULLY","return_code":0,"kill_reason":"","alloc":"48-51"}}]}'
Sending '{"now":16.467766,"events":[]}'
Received '{"now":16.587948,"events":[{"timestamp":16.587948,"type":"JOB_COMPLETED","data":{"job_id":"ebdc2a!21","job_state":"COMPLETED_SUCCESSFULLY","return_code":0,"kill_reason":"","alloc":"16-23 40-47"}}]}'
Sending '{"now":16.587948,"events":[{"timestamp":16.587948,"type":"EXECUTE_JOB","data":{"job_id":"ebdc2a!27","alloc":"16-23 40-47"}}]}'
Received '{"now":16.804013,"events":[{"timestamp":16.804013,"type":"JOB_COMPLETED","data":{"job_id":"ebdc2a!104","job_state":"COMPLETED_SUCCESSFULLY","return_code":0,"kill_reason":"","alloc":"52-55"}}]}'
Sending '{"now":16.804013,"events":[]}'
Received '{"now":16.906186,"events":[{"timestamp":16.906186,"type":"JOB_SUBMITTED","data":{"job_id":"ebdc2a!106","job":{"id":"ebdc2a!106","profile":"IS.S.16","res":16,"subtime":16.898380,"walltime":4200}}}]}'
Sending '{"now":16.906186,"events":[]}'
Received '{"now":17.025829,"events":[{"timestamp":17.025829,"type":"JOB_SUBMITTED","data":{"job_id":"ebdc2a!107","job":{"id":"ebdc2a!107","profile":"FT.S.16","res":16,"subtime":17.018023,"walltime":4200}}}]}'
Sending '{"now":17.025829,"events":[]}'
Received '{"now":17.067478,"events":[{"timestamp":17.067478,"type":"JOB_COMPLETED","data":{"job_id":"ebdc2a!27","job_state":"COMPLETED_SUCCESSFULLY","return_code":0,"kill_reason":"","alloc":"16-23 40-47"}}]}'
Sending '{"now":17.067478,"events":[{"timestamp":17.067478,"type":"EXECUTE_JOB","data":{"job_id":"ebdc2a!28","alloc":"16-23 40-47"}}]}'
Received '{"now":17.173547,"events":[{"timestamp":17.173547,"type":"JOB_COMPLETED","data":{"job_id":"ebdc2a!88","job_state":"COMPLETED_SUCCESSFULLY","return_code":0,"kill_reason":"","alloc":"60-63"}}]}'
Sending '{"now":17.173547,"events":[]}'
Received '{"now":17.311579,"events":[{"timestamp":17.311579,"type":"JOB_SUBMITTED","data":{"job_id":"ebdc2a!108","job":{"id":"ebdc2a!108","profile":"BT.S.16","res":16,"subtime":17.303773,"walltime":4200}}}]}'
Sending '{"now":17.311579,"events":[]}'
Received '{"now":17.327197,"events":[{"timestamp":17.327197,"type":"JOB_SUBMITTED","data":{"job_id":"ebdc2a!109","job":{"id":"ebdc2a!109","profile":"BT.S.4","res":4,"subtime":17.319272,"walltime":4200}}}]}'
Sending '{"now":17.327197,"events":[{"timestamp":17.327197,"type":"EXECUTE_JOB","data":{"job_id":"ebdc2a!109","alloc":"48-51"}}]}'
Received '{"now":17.366642,"events":[{"timestamp":17.366642,"type":"JOB_COMPLETED","data":{"job_id":"ebdc2a!24","job_state":"COMPLETED_SUCCESSFULLY","return_code":0,"kill_reason":"","alloc":"4-15 32-35"}}]}'
Sending '{"now":17.366642,"events":[{"timestamp":17.366642,"type":"EXECUTE_JOB","data":{"job_id":"ebdc2a!29","alloc":"4-15 32-35"}}]}'
Received '{"now":17.390052,"events":[{"timestamp":17.374440,"type":"JOB_SUBMITTED","data":{"job_id":"ebdc2a!110","job":{"id":"ebdc2a!110","profile":"CG.S.16","res":16,"subtime":17.357306,"walltime":4200}}}]}'
Sending '{"now":17.390052,"events":[]}'
Received '{"now":17.436524,"events":[{"timestamp":17.436524,"type":"JOB_SUBMITTED","data":{"job_id":"ebdc2a!111","job":{"id":"ebdc2a!111","profile":"SP.S.16","res":16,"subtime":17.428718,"walltime":4200}}}]}'
Sending '{"now":17.436524,"events":[]}'
Received '{"now":17.494054,"events":[{"timestamp":17.494054,"type":"JOB_COMPLETED","data":{"job_id":"ebdc2a!90","job_state":"COMPLETED_SUCCESSFULLY","return_code":0,"kill_reason":"","alloc":"56-59"}}]}'
Sending '{"now":17.494054,"events":[]}'
Received '{"now":17.556971,"events":[{"timestamp":17.556971,"type":"JOB_SUBMITTED","data":{"job_id":"ebdc2a!112","job":{"id":"ebdc2a!112","profile":"IS.S.4","res":4,"subtime":17.549165,"walltime":4200}}}]}'
Sending '{"now":17.556971,"events":[{"timestamp":17.556971,"type":"EXECUTE_JOB","data":{"job_id":"ebdc2a!112","alloc":"52-55"}}]}'
Received '{"now":17.682229,"events":[{"timestamp":17.682229,"type":"JOB_COMPLETED","data":{"job_id":"ebdc2a!112","job_state":"COMPLETED_SUCCESSFULLY","return_code":0,"kill_reason":"","alloc":"52-55"}}]}'
Sending '{"now":17.682229,"events":[]}'
Received '{"now":17.707410,"events":[{"timestamp":17.707410,"type":"JOB_SUBMITTED","data":{"job_id":"ebdc2a!113","job":{"id":"ebdc2a!113","profile":"MG.S.4","res":4,"subtime":17.699611,"walltime":4200}}}]}'
Sending '{"now":17.70741,"events":[{"timestamp":17.70741,"type":"EXECUTE_JOB","data":{"job_id":"ebdc2a!113","alloc":"52-55"}}]}'
Received '{"now":17.997293,"events":[{"timestamp":17.997293,"type":"JOB_COMPLETED","data":{"job_id":"ebdc2a!109","job_state":"COMPLETED_SUCCESSFULLY","return_code":0,"kill_reason":"","alloc":"48-51"}}]}'
Sending '{"now":17.997293,"events":[]}'
Received '{"now":18.266741,"events":[{"timestamp":18.266741,"type":"JOB_COMPLETED","data":{"job_id":"ebdc2a!113","job_state":"COMPLETED_SUCCESSFULLY","return_code":0,"kill_reason":"","alloc":"52-55"}}]}'
Sending '{"now":18.266741,"events":[{"timestamp":18.266741,"type":"EXECUTE_JOB","data":{"job_id":"ebdc2a!30","alloc":"48-63"}}]}'
Received '{"now":18.290150,"events":[{"timestamp":18.282346,"type":"JOB_SUBMITTED","data":{"job_id":"ebdc2a!114","job":{"id":"ebdc2a!114","profile":"FT.S.16","res":16,"subtime":18.268324,"walltime":4200}}}]}'
Sending '{"now":18.29015,"events":[]}'
Received '{"now":18.590017,"events":[{"timestamp":18.590017,"type":"JOB_COMPLETED","data":{"job_id":"ebdc2a!30","job_state":"COMPLETED_SUCCESSFULLY","return_code":0,"kill_reason":"","alloc":"48-63"}}]}'
Sending '{"now":18.590017,"events":[{"timestamp":18.590017,"type":"EXECUTE_JOB","data":{"job_id":"ebdc2a!31","alloc":"48-63"}}]}'
Received '{"now":18.652191,"events":[{"timestamp":18.652191,"type":"JOB_SUBMITTED","data":{"job_id":"ebdc2a!115","job":{"id":"ebdc2a!115","profile":"FT.S.4","res":4,"subtime":18.644388,"walltime":4200}}}]}'
Sending '{"now":18.652191,"events":[]}'
Received '{"now":18.871959,"events":[{"timestamp":18.871959,"type":"JOB_SUBMITTED","data":{"job_id":"ebdc2a!116","job":{"id":"ebdc2a!116","profile":"SP.S.16","res":16,"subtime":18.864162,"walltime":4200}}}]}'
Sending '{"now":18.871959,"events":[]}'
Received '{"now":19.181481,"events":[{"timestamp":19.181481,"type":"JOB_COMPLETED","data":{"job_id":"ebdc2a!26","job_state":"COMPLETED_SUCCESSFULLY","return_code":0,"kill_reason":"","alloc":"0-3 24-31 36-39"}}]}'
Sending '{"now":19.181481,"events":[{"timestamp":19.181481,"type":"EXECUTE_JOB","data":{"job_id":"ebdc2a!32","alloc":"0-3 24-31 36-39"}}]}'
Received '{"now":19.434507,"events":[{"timestamp":19.434507,"type":"JOB_SUBMITTED","data":{"job_id":"ebdc2a!117","job":{"id":"ebdc2a!117","profile":"SP.S.4","res":4,"subtime":19.426708,"walltime":4200}}}]}'
Sending '{"now":19.434507,"events":[]}'
Received '{"now":19.745976,"events":[{"timestamp":19.745976,"type":"JOB_COMPLETED","data":{"job_id":"ebdc2a!32","job_state":"COMPLETED_SUCCESSFULLY","return_code":0,"kill_reason":"","alloc":"0-3 24-31 36-39"}}]}'
Sending '{"now":19.745976,"events":[{"timestamp":19.745976,"type":"EXECUTE_JOB","data":{"job_id":"ebdc2a!34","alloc":"0-3 24-31 36-39"}}]}'
Received '{"now":19.934698,"events":[{"timestamp":19.934698,"type":"JOB_SUBMITTED","data":{"job_id":"ebdc2a!118","job":{"id":"ebdc2a!118","profile":"CG.S.16","res":16,"subtime":19.926901,"walltime":4200}}}]}'
Sending '{"now":19.934698,"events":[]}'
Received '{"now":19.971899,"events":[{"timestamp":19.971899,"type":"JOB_SUBMITTED","data":{"job_id":"ebdc2a!119","job":{"id":"ebdc2a!119","profile":"IS.S.16","res":16,"subtime":19.964093,"walltime":4200}}}]}'
Sending '{"now":19.971899,"events":[]}'
Received '{"now":20.396717,"events":[{"timestamp":20.396717,"type":"JOB_SUBMITTED","data":{"job_id":"ebdc2a!120","job":{"id":"ebdc2a!120","profile":"FT.S.16","res":16,"subtime":20.388926,"walltime":4200}}}]}'
Sending '{"now":20.396717,"events":[]}'
Received '{"now":21.757501,"events":[{"timestamp":21.757501,"type":"JOB_COMPLETED","data":{"job_id":"ebdc2a!31","job_state":"COMPLETED_SUCCESSFULLY","return_code":0,"kill_reason":"","alloc":"48-63"}}]}'
Sending '{"now":21.757501,"events":[{"timestamp":21.757501,"type":"EXECUTE_JOB","data":{"job_id":"ebdc2a!35","alloc":"48-63"}}]}'
Received '{"now":22.816555,"events":[{"timestamp":22.816555,"type":"JOB_COMPLETED","data":{"job_id":"ebdc2a!35","job_state":"COMPLETED_SUCCESSFULLY","return_code":0,"kill_reason":"","alloc":"48-63"}}]}'
Sending '{"now":22.816555,"events":[{"timestamp":22.816555,"type":"EXECUTE_JOB","data":{"job_id":"ebdc2a!36","alloc":"48-63"}}]}'
Received '{"now":24.778752,"events":[{"timestamp":24.778752,"type":"JOB_COMPLETED","data":{"job_id":"ebdc2a!34","job_state":"COMPLETED_SUCCESSFULLY","return_code":0,"kill_reason":"","alloc":"0-3 24-31 36-39"}}]}'
Sending '{"now":24.778752,"events":[{"timestamp":24.778752,"type":"EXECUTE_JOB","data":{"job_id":"ebdc2a!39","alloc":"0-3 24-31 36-39"}}]}'
Received '{"now":24.808020,"events":[{"timestamp":24.792412,"type":"JOB_COMPLETED","data":{"job_id":"ebdc2a!28","job_state":"COMPLETED_SUCCESSFULLY","return_code":0,"kill_reason":"","alloc":"16-23 40-47"}}]}'
Sending '{"now":24.80802,"events":[{"timestamp":24.80802,"type":"EXECUTE_JOB","data":{"job_id":"ebdc2a!41","alloc":"16-23 40-47"}}]}'
Received '{"now":25.287239,"events":[{"timestamp":25.287239,"type":"JOB_COMPLETED","data":{"job_id":"ebdc2a!41","job_state":"COMPLETED_SUCCESSFULLY","return_code":0,"kill_reason":"","alloc":"16-23 40-47"}}]}'
Sending '{"now":25.287239,"events":[{"timestamp":25.287239,"type":"EXECUTE_JOB","data":{"job_id":"ebdc2a!42","alloc":"16-23 40-47"}}]}'
Received '{"now":25.449315,"events":[{"timestamp":25.449315,"type":"JOB_COMPLETED","data":{"job_id":"ebdc2a!29","job_state":"COMPLETED_SUCCESSFULLY","return_code":0,"kill_reason":"","alloc":"4-15 32-35"}}]}'
Sending '{"now":25.449315,"events":[{"timestamp":25.449315,"type":"EXECUTE_JOB","data":{"job_id":"ebdc2a!43","alloc":"4-15 32-35"}}]}'
Received '{"now":25.718629,"events":[{"timestamp":25.718629,"type":"JOB_COMPLETED","data":{"job_id":"ebdc2a!43","job_state":"COMPLETED_SUCCESSFULLY","return_code":0,"kill_reason":"","alloc":"4-15 32-35"}}]}'
Sending '{"now":25.718629,"events":[{"timestamp":25.718629,"type":"EXECUTE_JOB","data":{"job_id":"ebdc2a!44","alloc":"4-15 32-35"}}]}'
Received '{"now":28.739052,"events":[{"timestamp":28.739052,"type":"JOB_COMPLETED","data":{"job_id":"ebdc2a!36","job_state":"COMPLETED_SUCCESSFULLY","return_code":0,"kill_reason":"","alloc":"48-63"}}]}'
Sending '{"now":28.739052,"events":[{"timestamp":28.739052,"type":"EXECUTE_JOB","data":{"job_id":"ebdc2a!47","alloc":"48-63"}}]}'
Received '{"now":29.850304,"events":[{"timestamp":29.850304,"type":"JOB_COMPLETED","data":{"job_id":"ebdc2a!44","job_state":"COMPLETED_SUCCESSFULLY","return_code":0,"kill_reason":"","alloc":"4-15 32-35"}}]}'
Sending '{"now":29.850304,"events":[{"timestamp":29.850304,"type":"EXECUTE_JOB","data":{"job_id":"ebdc2a!49","alloc":"4-15 32-35"}}]}'
Received '{"now":32.319977,"events":[{"timestamp":32.319977,"type":"JOB_COMPLETED","data":{"job_id":"ebdc2a!47","job_state":"COMPLETED_SUCCESSFULLY","return_code":0,"kill_reason":"","alloc":"48-63"}}]}'
Sending '{"now":32.319977,"events":[{"timestamp":32.319977,"type":"EXECUTE_JOB","data":{"job_id":"ebdc2a!50","alloc":"48-63"}}]}'
Received '{"now":33.285837,"events":[{"timestamp":33.285837,"type":"JOB_COMPLETED","data":{"job_id":"ebdc2a!42","job_state":"COMPLETED_SUCCESSFULLY","return_code":0,"kill_reason":"","alloc":"16-23 40-47"}}]}'
Sending '{"now":33.285837,"events":[{"timestamp":33.285837,"type":"EXECUTE_JOB","data":{"job_id":"ebdc2a!52","alloc":"16-23 40-47"}}]}'
Received '{"now":33.426378,"events":[{"timestamp":33.426378,"type":"JOB_COMPLETED","data":{"job_id":"ebdc2a!39","job_state":"COMPLETED_SUCCESSFULLY","return_code":0,"kill_reason":"","alloc":"0-3 24-31 36-39"}}]}'
Sending '{"now":33.426378,"events":[{"timestamp":33.426378,"type":"EXECUTE_JOB","data":{"job_id":"ebdc2a!54","alloc":"0-3 24-31 36-39"}}]}'
Received '{"now":35.030893,"events":[{"timestamp":35.030893,"type":"JOB_COMPLETED","data":{"job_id":"ebdc2a!54","job_state":"COMPLETED_SUCCESSFULLY","return_code":0,"kill_reason":"","alloc":"0-3 24-31 36-39"}}]}'
Sending '{"now":35.030893,"events":[{"timestamp":35.030893,"type":"EXECUTE_JOB","data":{"job_id":"ebdc2a!55","alloc":"0-3 24-31 36-39"}}]}'
Received '{"now":37.415223,"events":[{"timestamp":37.415223,"type":"JOB_COMPLETED","data":{"job_id":"ebdc2a!52","job_state":"COMPLETED_SUCCESSFULLY","return_code":0,"kill_reason":"","alloc":"16-23 40-47"}}]}'
Sending '{"now":37.415223,"events":[{"timestamp":37.415223,"type":"EXECUTE_JOB","data":{"job_id":"ebdc2a!57","alloc":"16-23 40-47"}}]}'
Received '{"now":37.927361,"events":[{"timestamp":37.927361,"type":"JOB_COMPLETED","data":{"job_id":"ebdc2a!49","job_state":"COMPLETED_SUCCESSFULLY","return_code":0,"kill_reason":"","alloc":"4-15 32-35"}}]}'
Sending '{"now":37.927361,"events":[{"timestamp":37.927361,"type":"EXECUTE_JOB","data":{"job_id":"ebdc2a!58","alloc":"4-15 32-35"}}]}'
Received '{"now":38.450240,"events":[{"timestamp":38.450240,"type":"JOB_COMPLETED","data":{"job_id":"ebdc2a!58","job_state":"COMPLETED_SUCCESSFULLY","return_code":0,"kill_reason":"","alloc":"4-15 32-35"}}]}'
Sending '{"now":38.45024,"events":[{"timestamp":38.45024,"type":"EXECUTE_JOB","data":{"job_id":"ebdc2a!60","alloc":"4-15 32-35"}}]}'
Received '{"now":38.498059,"events":[{"timestamp":38.498059,"type":"JOB_COMPLETED","data":{"job_id":"ebdc2a!50","job_state":"COMPLETED_SUCCESSFULLY","return_code":0,"kill_reason":"","alloc":"48-63"}}]}'
Sending '{"now":38.498059,"events":[{"timestamp":38.498059,"type":"EXECUTE_JOB","data":{"job_id":"ebdc2a!63","alloc":"48-63"}}]}'
Received '{"now":38.719654,"events":[{"timestamp":38.719654,"type":"JOB_COMPLETED","data":{"job_id":"ebdc2a!60","job_state":"COMPLETED_SUCCESSFULLY","return_code":0,"kill_reason":"","alloc":"4-15 32-35"}}]}'
Sending '{"now":38.719654,"events":[{"timestamp":38.719654,"type":"EXECUTE_JOB","data":{"job_id":"ebdc2a!64","alloc":"4-15 32-35"}}]}'
Received '{"now":38.894097,"events":[{"timestamp":38.894097,"type":"JOB_COMPLETED","data":{"job_id":"ebdc2a!55","job_state":"COMPLETED_SUCCESSFULLY","return_code":0,"kill_reason":"","alloc":"0-3 24-31 36-39"}}]}'
Sending '{"now":38.894097,"events":[{"timestamp":38.894097,"type":"EXECUTE_JOB","data":{"job_id":"ebdc2a!68","alloc":"0-3 24-31 36-39"}}]}'
Received '{"now":39.163747,"events":[{"timestamp":39.163747,"type":"JOB_COMPLETED","data":{"job_id":"ebdc2a!68","job_state":"COMPLETED_SUCCESSFULLY","return_code":0,"kill_reason":"","alloc":"0-3 24-31 36-39"}}]}'
Sending '{"now":39.163747,"events":[{"timestamp":39.163747,"type":"EXECUTE_JOB","data":{"job_id":"ebdc2a!71","alloc":"0-3 24-31 36-39"}}]}'
Received '{"now":42.079042,"events":[{"timestamp":42.079042,"type":"JOB_COMPLETED","data":{"job_id":"ebdc2a!63","job_state":"COMPLETED_SUCCESSFULLY","return_code":0,"kill_reason":"","alloc":"48-63"}}]}'
Sending '{"now":42.079042,"events":[{"timestamp":42.079042,"type":"EXECUTE_JOB","data":{"job_id":"ebdc2a!73","alloc":"48-63"}}]}'
Received '{"now":42.851845,"events":[{"timestamp":42.851845,"type":"JOB_COMPLETED","data":{"job_id":"ebdc2a!64","job_state":"COMPLETED_SUCCESSFULLY","return_code":0,"kill_reason":"","alloc":"4-15 32-35"}}]}'
Sending '{"now":42.851845,"events":[{"timestamp":42.851845,"type":"EXECUTE_JOB","data":{"job_id":"ebdc2a!75","alloc":"4-15 32-35"}}]}'
Received '{"now":43.907290,"events":[{"timestamp":43.907290,"type":"JOB_COMPLETED","data":{"job_id":"ebdc2a!71","job_state":"COMPLETED_SUCCESSFULLY","return_code":0,"kill_reason":"","alloc":"0-3 24-31 36-39"}}]}'
Sending '{"now":43.90729,"events":[{"timestamp":43.90729,"type":"EXECUTE_JOB","data":{"job_id":"ebdc2a!76","alloc":"0-3 24-31 36-39"}}]}'
Received '{"now":44.440775,"events":[{"timestamp":44.440775,"type":"JOB_COMPLETED","data":{"job_id":"ebdc2a!75","job_state":"COMPLETED_SUCCESSFULLY","return_code":0,"kill_reason":"","alloc":"4-15 32-35"}}]}'
Sending '{"now":44.440775,"events":[{"timestamp":44.440775,"type":"EXECUTE_JOB","data":{"job_id":"ebdc2a!77","alloc":"4-15 32-35"}}]}'
Received '{"now":44.963498,"events":[{"timestamp":44.963498,"type":"JOB_COMPLETED","data":{"job_id":"ebdc2a!77","job_state":"COMPLETED_SUCCESSFULLY","return_code":0,"kill_reason":"","alloc":"4-15 32-35"}}]}'
Sending '{"now":44.963498,"events":[{"timestamp":44.963498,"type":"EXECUTE_JOB","data":{"job_id":"ebdc2a!78","alloc":"4-15 32-35"}}]}'
Received '{"now":45.080009,"events":[{"timestamp":45.080009,"type":"JOB_COMPLETED","data":{"job_id":"ebdc2a!57","job_state":"COMPLETED_SUCCESSFULLY","return_code":0,"kill_reason":"","alloc":"16-23 40-47"}}]}'
Sending '{"now":45.080009,"events":[{"timestamp":45.080009,"type":"EXECUTE_JOB","data":{"job_id":"ebdc2a!80","alloc":"16-23 40-47"}}]}'
Received '{"now":46.552925,"events":[{"timestamp":46.552925,"type":"JOB_COMPLETED","data":{"job_id":"ebdc2a!78","job_state":"COMPLETED_SUCCESSFULLY","return_code":0,"kill_reason":"","alloc":"4-15 32-35"}}]}'
Sending '{"now":46.552925,"events":[{"timestamp":46.552925,"type":"EXECUTE_JOB","data":{"job_id":"ebdc2a!82","alloc":"4-15 32-35"}}]}'
Received '{"now":47.075769,"events":[{"timestamp":47.075769,"type":"JOB_COMPLETED","data":{"job_id":"ebdc2a!82","job_state":"COMPLETED_SUCCESSFULLY","return_code":0,"kill_reason":"","alloc":"4-15 32-35"}}]}'
Sending '{"now":47.075769,"events":[{"timestamp":47.075769,"type":"EXECUTE_JOB","data":{"job_id":"ebdc2a!87","alloc":"4-15 32-35"}}]}'
Received '{"now":47.598545,"events":[{"timestamp":47.598545,"type":"JOB_COMPLETED","data":{"job_id":"ebdc2a!87","job_state":"COMPLETED_SUCCESSFULLY","return_code":0,"kill_reason":"","alloc":"4-15 32-35"}}]}'
Sending '{"now":47.598545,"events":[{"timestamp":47.598545,"type":"EXECUTE_JOB","data":{"job_id":"ebdc2a!89","alloc":"4-15 32-35"}}]}'
Received '{"now":47.768682,"events":[{"timestamp":47.768682,"type":"JOB_COMPLETED","data":{"job_id":"ebdc2a!76","job_state":"COMPLETED_SUCCESSFULLY","return_code":0,"kill_reason":"","alloc":"0-3 24-31 36-39"}}]}'
Sending '{"now":47.768682,"events":[{"timestamp":47.768682,"type":"EXECUTE_JOB","data":{"job_id":"ebdc2a!91","alloc":"0-3 24-31 36-39"}}]}'
Received '{"now":47.941624,"events":[{"timestamp":47.941624,"type":"JOB_COMPLETED","data":{"job_id":"ebdc2a!73","job_state":"COMPLETED_SUCCESSFULLY","return_code":0,"kill_reason":"","alloc":"48-63"}}]}'
Sending '{"now":47.941624,"events":[{"timestamp":47.941624,"type":"EXECUTE_JOB","data":{"job_id":"ebdc2a!93","alloc":"48-63"}}]}'
Received '{"now":49.207065,"events":[{"timestamp":49.207065,"type":"JOB_COMPLETED","data":{"job_id":"ebdc2a!80","job_state":"COMPLETED_SUCCESSFULLY","return_code":0,"kill_reason":"","alloc":"16-23 40-47"}}]}'
Sending '{"now":49.207065,"events":[{"timestamp":49.207065,"type":"EXECUTE_JOB","data":{"job_id":"ebdc2a!94","alloc":"16-23 40-47"}}]}'
Received '{"now":50.614419,"events":[{"timestamp":50.614419,"type":"JOB_COMPLETED","data":{"job_id":"ebdc2a!94","job_state":"COMPLETED_SUCCESSFULLY","return_code":0,"kill_reason":"","alloc":"16-23 40-47"}}]}'
Sending '{"now":50.614419,"events":[{"timestamp":50.614419,"type":"EXECUTE_JOB","data":{"job_id":"ebdc2a!95","alloc":"16-23 40-47"}}]}'
Received '{"now":51.730088,"events":[{"timestamp":51.730088,"type":"JOB_COMPLETED","data":{"job_id":"ebdc2a!89","job_state":"COMPLETED_SUCCESSFULLY","return_code":0,"kill_reason":"","alloc":"4-15 32-35"}}]}'
Sending '{"now":51.730088,"events":[{"timestamp":51.730088,"type":"EXECUTE_JOB","data":{"job_id":"ebdc2a!97","alloc":"4-15 32-35"}}]}'
Received '{"now":53.893629,"events":[{"timestamp":53.893629,"type":"JOB_COMPLETED","data":{"job_id":"ebdc2a!93","job_state":"COMPLETED_SUCCESSFULLY","return_code":0,"kill_reason":"","alloc":"48-63"}}]}'
Sending '{"now":53.893629,"events":[{"timestamp":53.893629,"type":"EXECUTE_JOB","data":{"job_id":"ebdc2a!98","alloc":"48-63"}}]}'
Received '{"now":56.286190,"events":[{"timestamp":56.286190,"type":"JOB_COMPLETED","data":{"job_id":"ebdc2a!91","job_state":"COMPLETED_SUCCESSFULLY","return_code":0,"kill_reason":"","alloc":"0-3 24-31 36-39"}}]}'
Sending '{"now":56.28619,"events":[{"timestamp":56.28619,"type":"EXECUTE_JOB","data":{"job_id":"ebdc2a!99","alloc":"0-3 24-31 36-39"}}]}'
Received '{"now":58.612896,"events":[{"timestamp":58.612896,"type":"JOB_COMPLETED","data":{"job_id":"ebdc2a!95","job_state":"COMPLETED_SUCCESSFULLY","return_code":0,"kill_reason":"","alloc":"16-23 40-47"}}]}'
Sending '{"now":58.612896,"events":[{"timestamp":58.612896,"type":"EXECUTE_JOB","data":{"job_id":"ebdc2a!100","alloc":"16-23 40-47"}}]}'
Received '{"now":59.756461,"events":[{"timestamp":59.756461,"type":"JOB_COMPLETED","data":{"job_id":"ebdc2a!98","job_state":"COMPLETED_SUCCESSFULLY","return_code":0,"kill_reason":"","alloc":"48-63"}}]}'
Sending '{"now":59.756461,"events":[{"timestamp":59.756461,"type":"EXECUTE_JOB","data":{"job_id":"ebdc2a!101","alloc":"48-63"}}]}'
Received '{"now":59.804731,"events":[{"timestamp":59.804731,"type":"JOB_COMPLETED","data":{"job_id":"ebdc2a!97","job_state":"COMPLETED_SUCCESSFULLY","return_code":0,"kill_reason":"","alloc":"4-15 32-35"}}]}'
Sending '{"now":59.804731,"events":[{"timestamp":59.804731,"type":"EXECUTE_JOB","data":{"job_id":"ebdc2a!102","alloc":"4-15 32-35"}}]}'
Received '{"now":60.074247,"events":[{"timestamp":60.074247,"type":"JOB_COMPLETED","data":{"job_id":"ebdc2a!102","job_state":"COMPLETED_SUCCESSFULLY","return_code":0,"kill_reason":"","alloc":"4-15 32-35"}}]}'
Sending '{"now":60.074247,"events":[{"timestamp":60.074247,"type":"EXECUTE_JOB","data":{"job_id":"ebdc2a!103","alloc":"4-15 32-35"}}]}'
Received '{"now":60.148285,"events":[{"timestamp":60.148285,"type":"JOB_COMPLETED","data":{"job_id":"ebdc2a!99","job_state":"COMPLETED_SUCCESSFULLY","return_code":0,"kill_reason":"","alloc":"0-3 24-31 36-39"}}]}'
Sending '{"now":60.148285,"events":[{"timestamp":60.148285,"type":"EXECUTE_JOB","data":{"job_id":"ebdc2a!105","alloc":"0-3 24-31 36-39"}}]}'
Received '{"now":61.752546,"events":[{"timestamp":61.752546,"type":"JOB_COMPLETED","data":{"job_id":"ebdc2a!105","job_state":"COMPLETED_SUCCESSFULLY","return_code":0,"kill_reason":"","alloc":"0-3 24-31 36-39"}}]}'
Sending '{"now":61.752546,"events":[{"timestamp":61.752546,"type":"EXECUTE_JOB","data":{"job_id":"ebdc2a!106","alloc":"0-3 24-31 36-39"}}]}'
Received '{"now":62.022293,"events":[{"timestamp":62.022293,"type":"JOB_COMPLETED","data":{"job_id":"ebdc2a!106","job_state":"COMPLETED_SUCCESSFULLY","return_code":0,"kill_reason":"","alloc":"0-3 24-31 36-39"}}]}'
Sending '{"now":62.022293,"events":[{"timestamp":62.022293,"type":"EXECUTE_JOB","data":{"job_id":"ebdc2a!107","alloc":"0-3 24-31 36-39"}}]}'
Received '{"now":62.587194,"events":[{"timestamp":62.587194,"type":"JOB_COMPLETED","data":{"job_id":"ebdc2a!107","job_state":"COMPLETED_SUCCESSFULLY","return_code":0,"kill_reason":"","alloc":"0-3 24-31 36-39"}}]}'
Sending '{"now":62.587194,"events":[{"timestamp":62.587194,"type":"EXECUTE_JOB","data":{"job_id":"ebdc2a!108","alloc":"0-3 24-31 36-39"}}]}'
Received '{"now":62.825354,"events":[{"timestamp":62.825354,"type":"JOB_COMPLETED","data":{"job_id":"ebdc2a!100","job_state":"COMPLETED_SUCCESSFULLY","return_code":0,"kill_reason":"","alloc":"16-23 40-47"}}]}'
Sending '{"now":62.825354,"events":[{"timestamp":62.825354,"type":"EXECUTE_JOB","data":{"job_id":"ebdc2a!110","alloc":"16-23 40-47"}}]}'
Received '{"now":64.208436,"events":[{"timestamp":64.208436,"type":"JOB_COMPLETED","data":{"job_id":"ebdc2a!103","job_state":"COMPLETED_SUCCESSFULLY","return_code":0,"kill_reason":"","alloc":"4-15 32-35"}}]}'
Sending '{"now":64.208436,"events":[{"timestamp":64.208436,"type":"EXECUTE_JOB","data":{"job_id":"ebdc2a!111","alloc":"4-15 32-35"}}]}'
Received '{"now":65.934168,"events":[{"timestamp":65.934168,"type":"JOB_COMPLETED","data":{"job_id":"ebdc2a!101","job_state":"COMPLETED_SUCCESSFULLY","return_code":0,"kill_reason":"","alloc":"48-63"}}]}'
Sending '{"now":65.934168,"events":[{"timestamp":65.934168,"type":"EXECUTE_JOB","data":{"job_id":"ebdc2a!114","alloc":"48-63"}}]}'
Received '{"now":66.257062,"events":[{"timestamp":66.257062,"type":"JOB_COMPLETED","data":{"job_id":"ebdc2a!114","job_state":"COMPLETED_SUCCESSFULLY","return_code":0,"kill_reason":"","alloc":"48-63"}}]}'
Sending '{"now":66.257062,"events":[{"timestamp":66.257062,"type":"EXECUTE_JOB","data":{"job_id":"ebdc2a!115","alloc":"48-51"}},{"timestamp":66.257062,"type":"EXECUTE_JOB","data":{"job_id":"ebdc2a!117","alloc":"52-55"}}]}'
Received '{"now":66.436154,"events":[{"timestamp":66.436154,"type":"JOB_COMPLETED","data":{"job_id":"ebdc2a!115","job_state":"COMPLETED_SUCCESSFULLY","return_code":0,"kill_reason":"","alloc":"48-51"}}]}'
Sending '{"now":66.436154,"events":[]}'
Received '{"now":66.953005,"events":[{"timestamp":66.953005,"type":"JOB_COMPLETED","data":{"job_id":"ebdc2a!110","job_state":"COMPLETED_SUCCESSFULLY","return_code":0,"kill_reason":"","alloc":"16-23 40-47"}}]}'
Sending '{"now":66.953005,"events":[{"timestamp":66.953005,"type":"EXECUTE_JOB","data":{"job_id":"ebdc2a!116","alloc":"16-23 40-47"}}]}'
Received '{"now":67.331046,"events":[{"timestamp":67.331046,"type":"JOB_COMPLETED","data":{"job_id":"ebdc2a!108","job_state":"COMPLETED_SUCCESSFULLY","return_code":0,"kill_reason":"","alloc":"0-3 24-31 36-39"}}]}'
Sending '{"now":67.331046,"events":[{"timestamp":67.331046,"type":"EXECUTE_JOB","data":{"job_id":"ebdc2a!118","alloc":"0-3 24-31 36-39"}}]}'
Received '{"now":67.631293,"events":[{"timestamp":67.631293,"type":"JOB_COMPLETED","data":{"job_id":"ebdc2a!117","job_state":"COMPLETED_SUCCESSFULLY","return_code":0,"kill_reason":"","alloc":"52-55"}}]}'
Sending '{"now":67.631293,"events":[{"timestamp":67.631293,"type":"EXECUTE_JOB","data":{"job_id":"ebdc2a!119","alloc":"48-63"}}]}'
Received '{"now":67.816484,"events":[{"timestamp":67.816484,"type":"JOB_COMPLETED","data":{"job_id":"ebdc2a!119","job_state":"COMPLETED_SUCCESSFULLY","return_code":0,"kill_reason":"","alloc":"48-63"}}]}'
Sending '{"now":67.816484,"events":[{"timestamp":67.816484,"type":"EXECUTE_JOB","data":{"job_id":"ebdc2a!120","alloc":"48-63"}}]}'
Received '{"now":68.139347,"events":[{"timestamp":68.139347,"type":"JOB_COMPLETED","data":{"job_id":"ebdc2a!120","job_state":"COMPLETED_SUCCESSFULLY","return_code":0,"kill_reason":"","alloc":"48-63"}}]}'
Sending '{"now":68.139347,"events":[]}'
Received '{"now":71.191936,"events":[{"timestamp":71.191936,"type":"JOB_COMPLETED","data":{"job_id":"ebdc2a!118","job_state":"COMPLETED_SUCCESSFULLY","return_code":0,"kill_reason":"","alloc":"0-3 24-31 36-39"}}]}'
Sending '{"now":71.191936,"events":[]}'
Received '{"now":72.700405,"events":[{"timestamp":72.700405,"type":"JOB_COMPLETED","data":{"job_id":"ebdc2a!111","job_state":"COMPLETED_SUCCESSFULLY","return_code":0,"kill_reason":"","alloc":"4-15 32-35"}}]}'
Sending '{"now":72.700405,"events":[]}'
Received '{"now":74.655301,"events":[{"timestamp":74.655301,"type":"JOB_COMPLETED","data":{"job_id":"ebdc2a!116","job_state":"COMPLETED_SUCCESSFULLY","return_code":0,"kill_reason":"","alloc":"16-23 40-47"}},{"timestamp":74.655301,"type":"SIMULATION_ENDS","data":{}}]}'
Sending '{"now":74.655301,"events":[]}'
