%EventDef PajeDefineContainerType 1
% Type string
% Alias string
% Name string
%EndEventDef

%EventDef PajeCreateContainer 2
% Time date 
% Type string  
% Alias string 
% Name string   
% Container string  
%EndEventDef

%EventDef PajeDestroyContainer 3
% Time date
% Name string 
% Type string
%EndEventDef

%EventDef PajeDefineStateType 4
% Alias string 
% Type string 
% Name string 
%EndEventDef

%EventDef PajeDefineEntityValue 5
% Alias string  
% Type string  
% Name string  
% Color color 
%EndEventDef

%EventDef PajeSetState 6
% Time date  
% Type string  
% Container string  
% Value string  
%EndEventDef 

%EventDef PajeDefineEventType 7
% Type string
% Alias string
% Name string
%EndEventDef

%EventDef PajeNewEvent 8
% Time date
% Type string
% Container string
% Value string
%EndEventDef

%EventDef PajeDefineVariableType 9
% Type string
% Alias string
% Name string
% Color string
%EndEventDef

%EventDef PajeSetVariable 10
% Time date
% Type string
% Container string
% Value double
%EndEventDef

# Container types creation
1 0 root_ct "Machines"
1 root_ct machine_ct "Machine"
1 0 scheduler_ct "Scheduler"
1 scheduler_ct killer_ct "Killer"

# Event types creation
7 killer_ct kk "Job kill"
7 machine_ct km "Job kill"

# Variable types creation
9 scheduler_ct vu_vt "Utilization" "0.0 0.5 0.0"

# Containers creation
2 0.000000 root_ct root "Machines" 0
2 0.000000 machine_ct m0 "node-0.simgrid.org" root
2 0.000000 machine_ct m1 "node-1.simgrid.org" root
2 0.000000 machine_ct m2 "node-2.simgrid.org" root
2 0.000000 machine_ct m3 "node-3.simgrid.org" root
2 0.000000 machine_ct m4 "node-4.simgrid.org" root
2 0.000000 machine_ct m5 "node-5.simgrid.org" root
2 0.000000 machine_ct m6 "node-6.simgrid.org" root
2 0.000000 machine_ct m7 "node-7.simgrid.org" root
2 0.000000 machine_ct m8 "node-8.simgrid.org" root
2 0.000000 machine_ct m9 "node-9.simgrid.org" root
2 0.000000 machine_ct m10 "node-10.simgrid.org" root
2 0.000000 machine_ct m11 "node-11.simgrid.org" root
2 0.000000 machine_ct m12 "node-12.simgrid.org" root
2 0.000000 machine_ct m13 "node-13.simgrid.org" root
2 0.000000 machine_ct m14 "node-14.simgrid.org" root
2 0.000000 machine_ct m15 "node-15.simgrid.org" root
2 0.000000 machine_ct m16 "node-16.simgrid.org" root
2 0.000000 machine_ct m17 "node-17.simgrid.org" root
2 0.000000 machine_ct m18 "node-18.simgrid.org" root
2 0.000000 machine_ct m19 "node-19.simgrid.org" root
2 0.000000 machine_ct m20 "node-20.simgrid.org" root
2 0.000000 machine_ct m21 "node-21.simgrid.org" root
2 0.000000 machine_ct m22 "node-22.simgrid.org" root
2 0.000000 machine_ct m23 "node-23.simgrid.org" root
2 0.000000 machine_ct m24 "node-24.simgrid.org" root
2 0.000000 machine_ct m25 "node-25.simgrid.org" root
2 0.000000 machine_ct m26 "node-26.simgrid.org" root
2 0.000000 machine_ct m27 "node-27.simgrid.org" root
2 0.000000 machine_ct m28 "node-28.simgrid.org" root
2 0.000000 machine_ct m29 "node-29.simgrid.org" root
2 0.000000 machine_ct m30 "node-30.simgrid.org" root
2 0.000000 machine_ct m31 "node-31.simgrid.org" root
2 0.000000 machine_ct m32 "node-32.simgrid.org" root
2 0.000000 machine_ct m33 "node-33.simgrid.org" root
2 0.000000 machine_ct m34 "node-34.simgrid.org" root
2 0.000000 machine_ct m35 "node-35.simgrid.org" root
2 0.000000 machine_ct m36 "node-36.simgrid.org" root
2 0.000000 machine_ct m37 "node-37.simgrid.org" root
2 0.000000 machine_ct m38 "node-38.simgrid.org" root
2 0.000000 machine_ct m39 "node-39.simgrid.org" root
2 0.000000 machine_ct m40 "node-40.simgrid.org" root
2 0.000000 machine_ct m41 "node-41.simgrid.org" root
2 0.000000 machine_ct m42 "node-42.simgrid.org" root
2 0.000000 machine_ct m43 "node-43.simgrid.org" root
2 0.000000 machine_ct m44 "node-44.simgrid.org" root
2 0.000000 machine_ct m45 "node-45.simgrid.org" root
2 0.000000 machine_ct m46 "node-46.simgrid.org" root
2 0.000000 machine_ct m47 "node-47.simgrid.org" root
2 0.000000 machine_ct m48 "node-48.simgrid.org" root
2 0.000000 machine_ct m49 "node-49.simgrid.org" root
2 0.000000 machine_ct m50 "node-50.simgrid.org" root
2 0.000000 machine_ct m51 "node-51.simgrid.org" root
2 0.000000 machine_ct m52 "node-52.simgrid.org" root
2 0.000000 machine_ct m53 "node-53.simgrid.org" root
2 0.000000 machine_ct m54 "node-54.simgrid.org" root
2 0.000000 machine_ct m55 "node-55.simgrid.org" root
2 0.000000 machine_ct m56 "node-56.simgrid.org" root
2 0.000000 machine_ct m57 "node-57.simgrid.org" root
2 0.000000 machine_ct m58 "node-58.simgrid.org" root
2 0.000000 machine_ct m59 "node-59.simgrid.org" root
2 0.000000 machine_ct m60 "node-60.simgrid.org" root
2 0.000000 machine_ct m61 "node-61.simgrid.org" root
2 0.000000 machine_ct m62 "node-62.simgrid.org" root
2 0.000000 machine_ct m63 "node-63.simgrid.org" root
2 0.000000 scheduler_ct sc "Scheduler" 0
2 0.000000 killer_ct k "Killer" sc

# States creation
4 machine_state machine_ct "Machine state"

# Creation of the different values the machine state can be
5 w machine_state "Waiting" "0.0 0.0 0.0"
5 l machine_state "Launching" "0.3 0.3 0.3"

# Begin of events
6 0.000000 machine_state m0 w
6 0.000000 machine_state m1 w
6 0.000000 machine_state m2 w
6 0.000000 machine_state m3 w
6 0.000000 machine_state m4 w
6 0.000000 machine_state m5 w
6 0.000000 machine_state m6 w
6 0.000000 machine_state m7 w
6 0.000000 machine_state m8 w
6 0.000000 machine_state m9 w
6 0.000000 machine_state m10 w
6 0.000000 machine_state m11 w
6 0.000000 machine_state m12 w
6 0.000000 machine_state m13 w
6 0.000000 machine_state m14 w
6 0.000000 machine_state m15 w
6 0.000000 machine_state m16 w
6 0.000000 machine_state m17 w
6 0.000000 machine_state m18 w
6 0.000000 machine_state m19 w
6 0.000000 machine_state m20 w
6 0.000000 machine_state m21 w
6 0.000000 machine_state m22 w
6 0.000000 machine_state m23 w
6 0.000000 machine_state m24 w
6 0.000000 machine_state m25 w
6 0.000000 machine_state m26 w
6 0.000000 machine_state m27 w
6 0.000000 machine_state m28 w
6 0.000000 machine_state m29 w
6 0.000000 machine_state m30 w
6 0.000000 machine_state m31 w
6 0.000000 machine_state m32 w
6 0.000000 machine_state m33 w
6 0.000000 machine_state m34 w
6 0.000000 machine_state m35 w
6 0.000000 machine_state m36 w
6 0.000000 machine_state m37 w
6 0.000000 machine_state m38 w
6 0.000000 machine_state m39 w
6 0.000000 machine_state m40 w
6 0.000000 machine_state m41 w
6 0.000000 machine_state m42 w
6 0.000000 machine_state m43 w
6 0.000000 machine_state m44 w
6 0.000000 machine_state m45 w
6 0.000000 machine_state m46 w
6 0.000000 machine_state m47 w
6 0.000000 machine_state m48 w
6 0.000000 machine_state m49 w
6 0.000000 machine_state m50 w
6 0.000000 machine_state m51 w
6 0.000000 machine_state m52 w
6 0.000000 machine_state m53 w
6 0.000000 machine_state m54 w
6 0.000000 machine_state m55 w
6 0.000000 machine_state m56 w
6 0.000000 machine_state m57 w
6 0.000000 machine_state m58 w
6 0.000000 machine_state m59 w
6 0.000000 machine_state m60 w
6 0.000000 machine_state m61 w
6 0.000000 machine_state m62 w
6 0.000000 machine_state m63 w
5 jdb3eff!1 machine_state "db3eff!1" "0.000000 0.812500 1.000000"
6 0.908598 machine_state m0 jdb3eff!1
6 0.908598 machine_state m1 jdb3eff!1
6 0.908598 machine_state m2 jdb3eff!1
6 0.908598 machine_state m3 jdb3eff!1
6 1.012476 machine_state m0 w
6 1.012476 machine_state m1 w
6 1.012476 machine_state m2 w
6 1.012476 machine_state m3 w
5 jdb3eff!2 machine_state "db3eff!2" "1.000000 0.000000 0.000000"
6 1.209708 machine_state m0 jdb3eff!2
6 1.209708 machine_state m1 jdb3eff!2
6 1.209708 machine_state m2 jdb3eff!2
6 1.209708 machine_state m3 jdb3eff!2
5 jdb3eff!3 machine_state "db3eff!3" "1.000000 0.750000 0.000000"
6 1.451669 machine_state m4 jdb3eff!3
6 1.451669 machine_state m5 jdb3eff!3
6 1.451669 machine_state m6 jdb3eff!3
6 1.451669 machine_state m7 jdb3eff!3
6 1.451669 machine_state m8 jdb3eff!3
6 1.451669 machine_state m9 jdb3eff!3
6 1.451669 machine_state m10 jdb3eff!3
6 1.451669 machine_state m11 jdb3eff!3
6 1.451669 machine_state m12 jdb3eff!3
6 1.451669 machine_state m13 jdb3eff!3
6 1.451669 machine_state m14 jdb3eff!3
6 1.451669 machine_state m15 jdb3eff!3
6 1.451669 machine_state m16 jdb3eff!3
6 1.451669 machine_state m17 jdb3eff!3
6 1.451669 machine_state m18 jdb3eff!3
6 1.451669 machine_state m19 jdb3eff!3
5 jdb3eff!4 machine_state "db3eff!4" "0.593750 0.000000 1.000000"
6 1.475087 machine_state m20 jdb3eff!4
6 1.475087 machine_state m21 jdb3eff!4
6 1.475087 machine_state m22 jdb3eff!4
6 1.475087 machine_state m23 jdb3eff!4
6 1.475087 machine_state m24 jdb3eff!4
6 1.475087 machine_state m25 jdb3eff!4
6 1.475087 machine_state m26 jdb3eff!4
6 1.475087 machine_state m27 jdb3eff!4
6 1.475087 machine_state m28 jdb3eff!4
6 1.475087 machine_state m29 jdb3eff!4
6 1.475087 machine_state m30 jdb3eff!4
6 1.475087 machine_state m31 jdb3eff!4
6 1.475087 machine_state m32 jdb3eff!4
6 1.475087 machine_state m33 jdb3eff!4
6 1.475087 machine_state m34 jdb3eff!4
6 1.475087 machine_state m35 jdb3eff!4
5 jdb3eff!5 machine_state "db3eff!5" "0.000000 1.000000 0.062500"
6 1.538272 machine_state m36 jdb3eff!5
6 1.538272 machine_state m37 jdb3eff!5
6 1.538272 machine_state m38 jdb3eff!5
6 1.538272 machine_state m39 jdb3eff!5
6 1.538272 machine_state m40 jdb3eff!5
6 1.538272 machine_state m41 jdb3eff!5
6 1.538272 machine_state m42 jdb3eff!5
6 1.538272 machine_state m43 jdb3eff!5
6 1.538272 machine_state m44 jdb3eff!5
6 1.538272 machine_state m45 jdb3eff!5
6 1.538272 machine_state m46 jdb3eff!5
6 1.538272 machine_state m47 jdb3eff!5
6 1.538272 machine_state m48 jdb3eff!5
6 1.538272 machine_state m49 jdb3eff!5
6 1.538272 machine_state m50 jdb3eff!5
6 1.538272 machine_state m51 jdb3eff!5
6 1.801819 machine_state m4 w
6 1.801819 machine_state m5 w
6 1.801819 machine_state m6 w
6 1.801819 machine_state m7 w
6 1.801819 machine_state m8 w
6 1.801819 machine_state m9 w
6 1.801819 machine_state m10 w
6 1.801819 machine_state m11 w
6 1.801819 machine_state m12 w
6 1.801819 machine_state m13 w
6 1.801819 machine_state m14 w
6 1.801819 machine_state m15 w
6 1.801819 machine_state m16 w
6 1.801819 machine_state m17 w
6 1.801819 machine_state m18 w
6 1.801819 machine_state m19 w
6 1.858635 machine_state m0 w
6 1.858635 machine_state m1 w
6 1.858635 machine_state m2 w
6 1.858635 machine_state m3 w
5 jdb3eff!6 machine_state "db3eff!6" "0.687500 0.000000 1.000000"
6 1.895730 machine_state m0 jdb3eff!6
6 1.895730 machine_state m1 jdb3eff!6
6 1.895730 machine_state m2 jdb3eff!6
6 1.895730 machine_state m3 jdb3eff!6
6 1.895730 machine_state m4 jdb3eff!6
6 1.895730 machine_state m5 jdb3eff!6
6 1.895730 machine_state m6 jdb3eff!6
6 1.895730 machine_state m7 jdb3eff!6
6 1.895730 machine_state m8 jdb3eff!6
6 1.895730 machine_state m9 jdb3eff!6
6 1.895730 machine_state m10 jdb3eff!6
6 1.895730 machine_state m11 jdb3eff!6
6 1.895730 machine_state m12 jdb3eff!6
6 1.895730 machine_state m13 jdb3eff!6
6 1.895730 machine_state m14 jdb3eff!6
6 1.895730 machine_state m15 jdb3eff!6
5 jdb3eff!7 machine_state "db3eff!7" "0.968750 1.000000 0.000000"
6 1.919138 machine_state m16 jdb3eff!7
6 1.919138 machine_state m17 jdb3eff!7
6 1.919138 machine_state m18 jdb3eff!7
6 1.919138 machine_state m19 jdb3eff!7
5 jdb3eff!8 machine_state "db3eff!8" "0.000000 1.000000 0.718750"
6 2.079525 machine_state m52 jdb3eff!8
6 2.079525 machine_state m53 jdb3eff!8
6 2.079525 machine_state m54 jdb3eff!8
6 2.079525 machine_state m55 jdb3eff!8
6 2.617327 machine_state m52 w
6 2.617327 machine_state m53 w
6 2.617327 machine_state m54 w
6 2.617327 machine_state m55 w
6 2.933119 machine_state m0 w
6 2.933119 machine_state m1 w
6 2.933119 machine_state m2 w
6 2.933119 machine_state m3 w
6 2.933119 machine_state m4 w
6 2.933119 machine_state m5 w
6 2.933119 machine_state m6 w
6 2.933119 machine_state m7 w
6 2.933119 machine_state m8 w
6 2.933119 machine_state m9 w
6 2.933119 machine_state m10 w
6 2.933119 machine_state m11 w
6 2.933119 machine_state m12 w
6 2.933119 machine_state m13 w
6 2.933119 machine_state m14 w
6 2.933119 machine_state m15 w
5 jdb3eff!9 machine_state "db3eff!9" "0.593750 1.000000 0.000000"
6 2.968735 machine_state m0 jdb3eff!9
6 2.968735 machine_state m1 jdb3eff!9
6 2.968735 machine_state m2 jdb3eff!9
6 2.968735 machine_state m3 jdb3eff!9
6 2.968735 machine_state m4 jdb3eff!9
6 2.968735 machine_state m5 jdb3eff!9
6 2.968735 machine_state m6 jdb3eff!9
6 2.968735 machine_state m7 jdb3eff!9
6 2.968735 machine_state m8 jdb3eff!9
6 2.968735 machine_state m9 jdb3eff!9
6 2.968735 machine_state m10 jdb3eff!9
6 2.968735 machine_state m11 jdb3eff!9
6 2.968735 machine_state m12 jdb3eff!9
6 2.968735 machine_state m13 jdb3eff!9
6 2.968735 machine_state m14 jdb3eff!9
6 2.968735 machine_state m15 jdb3eff!9
6 3.018761 machine_state m16 w
6 3.018761 machine_state m17 w
6 3.018761 machine_state m18 w
6 3.018761 machine_state m19 w
6 3.132447 machine_state m0 w
6 3.132447 machine_state m1 w
6 3.132447 machine_state m2 w
6 3.132447 machine_state m3 w
6 3.132447 machine_state m4 w
6 3.132447 machine_state m5 w
6 3.132447 machine_state m6 w
6 3.132447 machine_state m7 w
6 3.132447 machine_state m8 w
6 3.132447 machine_state m9 w
6 3.132447 machine_state m10 w
6 3.132447 machine_state m11 w
6 3.132447 machine_state m12 w
6 3.132447 machine_state m13 w
6 3.132447 machine_state m14 w
6 3.132447 machine_state m15 w
5 jdb3eff!14 machine_state "db3eff!14" "0.312500 0.000000 1.000000"
6 3.134708 machine_state m52 jdb3eff!14
6 3.134708 machine_state m53 jdb3eff!14
6 3.134708 machine_state m54 jdb3eff!14
6 3.134708 machine_state m55 jdb3eff!14
5 jdb3eff!10 machine_state "db3eff!10" "1.000000 0.000000 0.093750"
6 3.163991 machine_state m0 jdb3eff!10
6 3.163991 machine_state m1 jdb3eff!10
6 3.163991 machine_state m2 jdb3eff!10
6 3.163991 machine_state m3 jdb3eff!10
6 3.163991 machine_state m4 jdb3eff!10
6 3.163991 machine_state m5 jdb3eff!10
6 3.163991 machine_state m6 jdb3eff!10
6 3.163991 machine_state m7 jdb3eff!10
6 3.163991 machine_state m8 jdb3eff!10
6 3.163991 machine_state m9 jdb3eff!10
6 3.163991 machine_state m10 jdb3eff!10
6 3.163991 machine_state m11 jdb3eff!10
6 3.163991 machine_state m12 jdb3eff!10
6 3.163991 machine_state m13 jdb3eff!10
6 3.163991 machine_state m14 jdb3eff!10
6 3.163991 machine_state m15 jdb3eff!10
6 3.292914 machine_state m52 w
6 3.292914 machine_state m53 w
6 3.292914 machine_state m54 w
6 3.292914 machine_state m55 w
6 3.465281 machine_state m0 w
6 3.465281 machine_state m1 w
6 3.465281 machine_state m2 w
6 3.465281 machine_state m3 w
6 3.465281 machine_state m4 w
6 3.465281 machine_state m5 w
6 3.465281 machine_state m6 w
6 3.465281 machine_state m7 w
6 3.465281 machine_state m8 w
6 3.465281 machine_state m9 w
6 3.465281 machine_state m10 w
6 3.465281 machine_state m11 w
6 3.465281 machine_state m12 w
6 3.465281 machine_state m13 w
6 3.465281 machine_state m14 w
6 3.465281 machine_state m15 w
5 jdb3eff!11 machine_state "db3eff!11" "1.000000 0.000000 0.187500"
6 3.486758 machine_state m0 jdb3eff!11
6 3.486758 machine_state m1 jdb3eff!11
6 3.486758 machine_state m2 jdb3eff!11
6 3.486758 machine_state m3 jdb3eff!11
6 3.486758 machine_state m4 jdb3eff!11
6 3.486758 machine_state m5 jdb3eff!11
6 3.486758 machine_state m6 jdb3eff!11
6 3.486758 machine_state m7 jdb3eff!11
6 3.486758 machine_state m8 jdb3eff!11
6 3.486758 machine_state m9 jdb3eff!11
6 3.486758 machine_state m10 jdb3eff!11
6 3.486758 machine_state m11 jdb3eff!11
6 3.486758 machine_state m12 jdb3eff!11
6 3.486758 machine_state m13 jdb3eff!11
6 3.486758 machine_state m14 jdb3eff!11
6 3.486758 machine_state m15 jdb3eff!11
5 jdb3eff!17 machine_state "db3eff!17" "1.000000 0.000000 0.937500"
6 3.589365 machine_state m52 jdb3eff!17
6 3.589365 machine_state m53 jdb3eff!17
6 3.589365 machine_state m54 jdb3eff!17
6 3.589365 machine_state m55 jdb3eff!17
5 jdb3eff!18 machine_state "db3eff!18" "0.000000 0.156250 1.000000"
6 3.686113 machine_state m56 jdb3eff!18
6 3.686113 machine_state m57 jdb3eff!18
6 3.686113 machine_state m58 jdb3eff!18
6 3.686113 machine_state m59 jdb3eff!18
5 jdb3eff!19 machine_state "db3eff!19" "0.000000 0.718750 1.000000"
6 3.737334 machine_state m60 jdb3eff!19
6 3.737334 machine_state m61 jdb3eff!19
6 3.737334 machine_state m62 jdb3eff!19
6 3.737334 machine_state m63 jdb3eff!19
6 4.849792 machine_state m52 w
6 4.849792 machine_state m53 w
6 4.849792 machine_state m54 w
6 4.849792 machine_state m55 w
5 jdb3eff!23 machine_state "db3eff!23" "1.000000 0.000000 0.468750"
6 4.871258 machine_state m52 jdb3eff!23
6 4.871258 machine_state m53 jdb3eff!23
6 4.871258 machine_state m54 jdb3eff!23
6 4.871258 machine_state m55 jdb3eff!23
6 4.957780 machine_state m56 w
6 4.957780 machine_state m57 w
6 4.957780 machine_state m58 w
6 4.957780 machine_state m59 w
6 5.519402 machine_state m52 w
6 5.519402 machine_state m53 w
6 5.519402 machine_state m54 w
6 5.519402 machine_state m55 w
5 jdb3eff!29 machine_state "db3eff!29" "0.000000 1.000000 0.812500"
6 5.556470 machine_state m52 jdb3eff!29
6 5.556470 machine_state m53 jdb3eff!29
6 5.556470 machine_state m54 jdb3eff!29
6 5.556470 machine_state m55 jdb3eff!29
5 jdb3eff!30 machine_state "db3eff!30" "0.000000 0.906250 1.000000"
6 5.579889 machine_state m56 jdb3eff!30
6 5.579889 machine_state m57 jdb3eff!30
6 5.579889 machine_state m58 jdb3eff!30
6 5.579889 machine_state m59 jdb3eff!30
6 6.094012 machine_state m52 w
6 6.094012 machine_state m53 w
6 6.094012 machine_state m54 w
6 6.094012 machine_state m55 w
5 jdb3eff!32 machine_state "db3eff!32" "0.218750 0.000000 1.000000"
6 6.115489 machine_state m52 jdb3eff!32
6 6.115489 machine_state m53 jdb3eff!32
6 6.115489 machine_state m54 jdb3eff!32
6 6.115489 machine_state m55 jdb3eff!32
6 6.130087 machine_state m60 w
6 6.130087 machine_state m61 w
6 6.130087 machine_state m62 w
6 6.130087 machine_state m63 w
5 jdb3eff!33 machine_state "db3eff!33" "0.031250 1.000000 0.000000"
6 6.151564 machine_state m60 jdb3eff!33
6 6.151564 machine_state m61 jdb3eff!33
6 6.151564 machine_state m62 jdb3eff!33
6 6.151564 machine_state m63 jdb3eff!33
6 6.273366 machine_state m52 w
6 6.273366 machine_state m53 w
6 6.273366 machine_state m54 w
6 6.273366 machine_state m55 w
5 jdb3eff!34 machine_state "db3eff!34" "0.000000 1.000000 0.906250"
6 6.310449 machine_state m52 jdb3eff!34
6 6.310449 machine_state m53 jdb3eff!34
6 6.310449 machine_state m54 jdb3eff!34
6 6.310449 machine_state m55 jdb3eff!34
6 6.634338 machine_state m0 w
6 6.634338 machine_state m1 w
6 6.634338 machine_state m2 w
6 6.634338 machine_state m3 w
6 6.634338 machine_state m4 w
6 6.634338 machine_state m5 w
6 6.634338 machine_state m6 w
6 6.634338 machine_state m7 w
6 6.634338 machine_state m8 w
6 6.634338 machine_state m9 w
6 6.634338 machine_state m10 w
6 6.634338 machine_state m11 w
6 6.634338 machine_state m12 w
6 6.634338 machine_state m13 w
6 6.634338 machine_state m14 w
6 6.634338 machine_state m15 w
5 jdb3eff!12 machine_state "db3eff!12" "0.781250 1.000000 0.000000"
6 6.655815 machine_state m0 jdb3eff!12
6 6.655815 machine_state m1 jdb3eff!12
6 6.655815 machine_state m2 jdb3eff!12
6 6.655815 machine_state m3 jdb3eff!12
6 6.655815 machine_state m4 jdb3eff!12
6 6.655815 machine_state m5 jdb3eff!12
6 6.655815 machine_state m6 jdb3eff!12
6 6.655815 machine_state m7 jdb3eff!12
6 6.655815 machine_state m8 jdb3eff!12
6 6.655815 machine_state m9 jdb3eff!12
6 6.655815 machine_state m10 jdb3eff!12
6 6.655815 machine_state m11 jdb3eff!12
6 6.655815 machine_state m12 jdb3eff!12
6 6.655815 machine_state m13 jdb3eff!12
6 6.655815 machine_state m14 jdb3eff!12
6 6.655815 machine_state m15 jdb3eff!12
6 6.688995 machine_state m60 w
6 6.688995 machine_state m61 w
6 6.688995 machine_state m62 w
6 6.688995 machine_state m63 w
5 jdb3eff!35 machine_state "db3eff!35" "0.218750 1.000000 0.000000"
6 6.710463 machine_state m60 jdb3eff!35
6 6.710463 machine_state m61 jdb3eff!35
6 6.710463 machine_state m62 jdb3eff!35
6 6.710463 machine_state m63 jdb3eff!35
6 6.852678 machine_state m56 w
6 6.852678 machine_state m57 w
6 6.852678 machine_state m58 w
6 6.852678 machine_state m59 w
5 jdb3eff!36 machine_state "db3eff!36" "0.000000 1.000000 0.437500"
6 6.874149 machine_state m56 jdb3eff!36
6 6.874149 machine_state m57 jdb3eff!36
6 6.874149 machine_state m58 jdb3eff!36
6 6.874149 machine_state m59 jdb3eff!36
6 7.570662 machine_state m52 w
6 7.570662 machine_state m53 w
6 7.570662 machine_state m54 w
6 7.570662 machine_state m55 w
5 jdb3eff!40 machine_state "db3eff!40" "0.687500 1.000000 0.000000"
6 7.592124 machine_state m52 jdb3eff!40
6 7.592124 machine_state m53 jdb3eff!40
6 7.592124 machine_state m54 jdb3eff!40
6 7.592124 machine_state m55 jdb3eff!40
6 7.695925 machine_state m52 w
6 7.695925 machine_state m53 w
6 7.695925 machine_state m54 w
6 7.695925 machine_state m55 w
6 7.809041 machine_state m60 w
6 7.809041 machine_state m61 w
6 7.809041 machine_state m62 w
6 7.809041 machine_state m63 w
6 8.051755 machine_state m20 w
6 8.051755 machine_state m21 w
6 8.051755 machine_state m22 w
6 8.051755 machine_state m23 w
6 8.051755 machine_state m24 w
6 8.051755 machine_state m25 w
6 8.051755 machine_state m26 w
6 8.051755 machine_state m27 w
6 8.051755 machine_state m28 w
6 8.051755 machine_state m29 w
6 8.051755 machine_state m30 w
6 8.051755 machine_state m31 w
6 8.051755 machine_state m32 w
6 8.051755 machine_state m33 w
6 8.051755 machine_state m34 w
6 8.051755 machine_state m35 w
5 jdb3eff!13 machine_state "db3eff!13" "0.000000 1.000000 0.625000"
6 8.073221 machine_state m16 jdb3eff!13
6 8.073221 machine_state m17 jdb3eff!13
6 8.073221 machine_state m18 jdb3eff!13
6 8.073221 machine_state m19 jdb3eff!13
6 8.073221 machine_state m20 jdb3eff!13
6 8.073221 machine_state m21 jdb3eff!13
6 8.073221 machine_state m22 jdb3eff!13
6 8.073221 machine_state m23 jdb3eff!13
6 8.073221 machine_state m24 jdb3eff!13
6 8.073221 machine_state m25 jdb3eff!13
6 8.073221 machine_state m26 jdb3eff!13
6 8.073221 machine_state m27 jdb3eff!13
6 8.073221 machine_state m28 jdb3eff!13
6 8.073221 machine_state m29 jdb3eff!13
6 8.073221 machine_state m30 jdb3eff!13
6 8.073221 machine_state m31 jdb3eff!13
6 8.112238 machine_state m36 w
6 8.112238 machine_state m37 w
6 8.112238 machine_state m38 w
6 8.112238 machine_state m39 w
6 8.112238 machine_state m40 w
6 8.112238 machine_state m41 w
6 8.112238 machine_state m42 w
6 8.112238 machine_state m43 w
6 8.112238 machine_state m44 w
6 8.112238 machine_state m45 w
6 8.112238 machine_state m46 w
6 8.112238 machine_state m47 w
6 8.112238 machine_state m48 w
6 8.112238 machine_state m49 w
6 8.112238 machine_state m50 w
6 8.112238 machine_state m51 w
5 jdb3eff!15 machine_state "db3eff!15" "0.000000 1.000000 0.531250"
6 8.133715 machine_state m32 jdb3eff!15
6 8.133715 machine_state m33 jdb3eff!15
6 8.133715 machine_state m34 jdb3eff!15
6 8.133715 machine_state m35 jdb3eff!15
6 8.133715 machine_state m36 jdb3eff!15
6 8.133715 machine_state m37 jdb3eff!15
6 8.133715 machine_state m38 jdb3eff!15
6 8.133715 machine_state m39 jdb3eff!15
6 8.133715 machine_state m40 jdb3eff!15
6 8.133715 machine_state m41 jdb3eff!15
6 8.133715 machine_state m42 jdb3eff!15
6 8.133715 machine_state m43 jdb3eff!15
6 8.133715 machine_state m44 jdb3eff!15
6 8.133715 machine_state m45 jdb3eff!15
6 8.133715 machine_state m46 jdb3eff!15
6 8.133715 machine_state m47 jdb3eff!15
6 8.144963 machine_state m56 w
6 8.144963 machine_state m57 w
6 8.144963 machine_state m58 w
6 8.144963 machine_state m59 w
5 jdb3eff!16 machine_state "db3eff!16" "1.000000 0.937500 0.000000"
6 8.166429 machine_state m48 jdb3eff!16
6 8.166429 machine_state m49 jdb3eff!16
6 8.166429 machine_state m50 jdb3eff!16
6 8.166429 machine_state m51 jdb3eff!16
6 8.166429 machine_state m52 jdb3eff!16
6 8.166429 machine_state m53 jdb3eff!16
6 8.166429 machine_state m54 jdb3eff!16
6 8.166429 machine_state m55 jdb3eff!16
6 8.166429 machine_state m56 jdb3eff!16
6 8.166429 machine_state m57 jdb3eff!16
6 8.166429 machine_state m58 jdb3eff!16
6 8.166429 machine_state m59 jdb3eff!16
6 8.166429 machine_state m60 jdb3eff!16
6 8.166429 machine_state m61 jdb3eff!16
6 8.166429 machine_state m62 jdb3eff!16
6 8.166429 machine_state m63 jdb3eff!16
6 11.632543 machine_state m16 w
6 11.632543 machine_state m17 w
6 11.632543 machine_state m18 w
6 11.632543 machine_state m19 w
6 11.632543 machine_state m20 w
6 11.632543 machine_state m21 w
6 11.632543 machine_state m22 w
6 11.632543 machine_state m23 w
6 11.632543 machine_state m24 w
6 11.632543 machine_state m25 w
6 11.632543 machine_state m26 w
6 11.632543 machine_state m27 w
6 11.632543 machine_state m28 w
6 11.632543 machine_state m29 w
6 11.632543 machine_state m30 w
6 11.632543 machine_state m31 w
5 jdb3eff!20 machine_state "db3eff!20" "1.000000 0.000000 0.562500"
6 11.654000 machine_state m16 jdb3eff!20
6 11.654000 machine_state m17 jdb3eff!20
6 11.654000 machine_state m18 jdb3eff!20
6 11.654000 machine_state m19 jdb3eff!20
6 11.654000 machine_state m20 jdb3eff!20
6 11.654000 machine_state m21 jdb3eff!20
6 11.654000 machine_state m22 jdb3eff!20
6 11.654000 machine_state m23 jdb3eff!20
6 11.654000 machine_state m24 jdb3eff!20
6 11.654000 machine_state m25 jdb3eff!20
6 11.654000 machine_state m26 jdb3eff!20
6 11.654000 machine_state m27 jdb3eff!20
6 11.654000 machine_state m28 jdb3eff!20
6 11.654000 machine_state m29 jdb3eff!20
6 11.654000 machine_state m30 jdb3eff!20
6 11.654000 machine_state m31 jdb3eff!20
6 11.692895 machine_state m32 w
6 11.692895 machine_state m33 w
6 11.692895 machine_state m34 w
6 11.692895 machine_state m35 w
6 11.692895 machine_state m36 w
6 11.692895 machine_state m37 w
6 11.692895 machine_state m38 w
6 11.692895 machine_state m39 w
6 11.692895 machine_state m40 w
6 11.692895 machine_state m41 w
6 11.692895 machine_state m42 w
6 11.692895 machine_state m43 w
6 11.692895 machine_state m44 w
6 11.692895 machine_state m45 w
6 11.692895 machine_state m46 w
6 11.692895 machine_state m47 w
5 jdb3eff!21 machine_state "db3eff!21" "1.000000 0.000000 0.750000"
6 11.714372 machine_state m32 jdb3eff!21
6 11.714372 machine_state m33 jdb3eff!21
6 11.714372 machine_state m34 jdb3eff!21
6 11.714372 machine_state m35 jdb3eff!21
6 11.714372 machine_state m36 jdb3eff!21
6 11.714372 machine_state m37 jdb3eff!21
6 11.714372 machine_state m38 jdb3eff!21
6 11.714372 machine_state m39 jdb3eff!21
6 11.714372 machine_state m40 jdb3eff!21
6 11.714372 machine_state m41 jdb3eff!21
6 11.714372 machine_state m42 jdb3eff!21
6 11.714372 machine_state m43 jdb3eff!21
6 11.714372 machine_state m44 jdb3eff!21
6 11.714372 machine_state m45 jdb3eff!21
6 11.714372 machine_state m46 jdb3eff!21
6 11.714372 machine_state m47 jdb3eff!21
6 12.409446 machine_state m0 w
6 12.409446 machine_state m1 w
6 12.409446 machine_state m2 w
6 12.409446 machine_state m3 w
6 12.409446 machine_state m4 w
6 12.409446 machine_state m5 w
6 12.409446 machine_state m6 w
6 12.409446 machine_state m7 w
6 12.409446 machine_state m8 w
6 12.409446 machine_state m9 w
6 12.409446 machine_state m10 w
6 12.409446 machine_state m11 w
6 12.409446 machine_state m12 w
6 12.409446 machine_state m13 w
6 12.409446 machine_state m14 w
6 12.409446 machine_state m15 w
5 jdb3eff!22 machine_state "db3eff!22" "0.000000 1.000000 1.000000"
6 12.430912 machine_state m0 jdb3eff!22
6 12.430912 machine_state m1 jdb3eff!22
6 12.430912 machine_state m2 jdb3eff!22
6 12.430912 machine_state m3 jdb3eff!22
6 12.430912 machine_state m4 jdb3eff!22
6 12.430912 machine_state m5 jdb3eff!22
6 12.430912 machine_state m6 jdb3eff!22
6 12.430912 machine_state m7 jdb3eff!22
6 12.430912 machine_state m8 jdb3eff!22
6 12.430912 machine_state m9 jdb3eff!22
6 12.430912 machine_state m10 jdb3eff!22
6 12.430912 machine_state m11 jdb3eff!22
6 12.430912 machine_state m12 jdb3eff!22
6 12.430912 machine_state m13 jdb3eff!22
6 12.430912 machine_state m14 jdb3eff!22
6 12.430912 machine_state m15 jdb3eff!22
6 12.594619 machine_state m0 w
6 12.594619 machine_state m1 w
6 12.594619 machine_state m2 w
6 12.594619 machine_state m3 w
6 12.594619 machine_state m4 w
6 12.594619 machine_state m5 w
6 12.594619 machine_state m6 w
6 12.594619 machine_state m7 w
6 12.594619 machine_state m8 w
6 12.594619 machine_state m9 w
6 12.594619 machine_state m10 w
6 12.594619 machine_state m11 w
6 12.594619 machine_state m12 w
6 12.594619 machine_state m13 w
6 12.594619 machine_state m14 w
6 12.594619 machine_state m15 w
5 jdb3eff!24 machine_state "db3eff!24" "0.875000 1.000000 0.000000"
6 12.616096 machine_state m0 jdb3eff!24
6 12.616096 machine_state m1 jdb3eff!24
6 12.616096 machine_state m2 jdb3eff!24
6 12.616096 machine_state m3 jdb3eff!24
6 12.616096 machine_state m4 jdb3eff!24
6 12.616096 machine_state m5 jdb3eff!24
6 12.616096 machine_state m6 jdb3eff!24
6 12.616096 machine_state m7 jdb3eff!24
6 12.616096 machine_state m8 jdb3eff!24
6 12.616096 machine_state m9 jdb3eff!24
6 12.616096 machine_state m10 jdb3eff!24
6 12.616096 machine_state m11 jdb3eff!24
6 12.616096 machine_state m12 jdb3eff!24
6 12.616096 machine_state m13 jdb3eff!24
6 12.616096 machine_state m14 jdb3eff!24
6 12.616096 machine_state m15 jdb3eff!24
6 13.653354 machine_state m0 w
6 13.653354 machine_state m1 w
6 13.653354 machine_state m2 w
6 13.653354 machine_state m3 w
6 13.653354 machine_state m4 w
6 13.653354 machine_state m5 w
6 13.653354 machine_state m6 w
6 13.653354 machine_state m7 w
6 13.653354 machine_state m8 w
6 13.653354 machine_state m9 w
6 13.653354 machine_state m10 w
6 13.653354 machine_state m11 w
6 13.653354 machine_state m12 w
6 13.653354 machine_state m13 w
6 13.653354 machine_state m14 w
6 13.653354 machine_state m15 w
5 jdb3eff!25 machine_state "db3eff!25" "0.968750 0.000000 1.000000"
6 13.674831 machine_state m0 jdb3eff!25
6 13.674831 machine_state m1 jdb3eff!25
6 13.674831 machine_state m2 jdb3eff!25
6 13.674831 machine_state m3 jdb3eff!25
6 13.674831 machine_state m4 jdb3eff!25
6 13.674831 machine_state m5 jdb3eff!25
6 13.674831 machine_state m6 jdb3eff!25
6 13.674831 machine_state m7 jdb3eff!25
6 13.674831 machine_state m8 jdb3eff!25
6 13.674831 machine_state m9 jdb3eff!25
6 13.674831 machine_state m10 jdb3eff!25
6 13.674831 machine_state m11 jdb3eff!25
6 13.674831 machine_state m12 jdb3eff!25
6 13.674831 machine_state m13 jdb3eff!25
6 13.674831 machine_state m14 jdb3eff!25
6 13.674831 machine_state m15 jdb3eff!25
6 13.941747 machine_state m48 w
6 13.941747 machine_state m49 w
6 13.941747 machine_state m50 w
6 13.941747 machine_state m51 w
6 13.941747 machine_state m52 w
6 13.941747 machine_state m53 w
6 13.941747 machine_state m54 w
6 13.941747 machine_state m55 w
6 13.941747 machine_state m56 w
6 13.941747 machine_state m57 w
6 13.941747 machine_state m58 w
6 13.941747 machine_state m59 w
6 13.941747 machine_state m60 w
6 13.941747 machine_state m61 w
6 13.941747 machine_state m62 w
6 13.941747 machine_state m63 w
5 jdb3eff!26 machine_state "db3eff!26" "1.000000 0.093750 0.000000"
6 13.963213 machine_state m48 jdb3eff!26
6 13.963213 machine_state m49 jdb3eff!26
6 13.963213 machine_state m50 jdb3eff!26
6 13.963213 machine_state m51 jdb3eff!26
6 13.963213 machine_state m52 jdb3eff!26
6 13.963213 machine_state m53 jdb3eff!26
6 13.963213 machine_state m54 jdb3eff!26
6 13.963213 machine_state m55 jdb3eff!26
6 13.963213 machine_state m56 jdb3eff!26
6 13.963213 machine_state m57 jdb3eff!26
6 13.963213 machine_state m58 jdb3eff!26
6 13.963213 machine_state m59 jdb3eff!26
6 13.963213 machine_state m60 jdb3eff!26
6 13.963213 machine_state m61 jdb3eff!26
6 13.963213 machine_state m62 jdb3eff!26
6 13.963213 machine_state m63 jdb3eff!26
6 14.712576 machine_state m0 w
6 14.712576 machine_state m1 w
6 14.712576 machine_state m2 w
6 14.712576 machine_state m3 w
6 14.712576 machine_state m4 w
6 14.712576 machine_state m5 w
6 14.712576 machine_state m6 w
6 14.712576 machine_state m7 w
6 14.712576 machine_state m8 w
6 14.712576 machine_state m9 w
6 14.712576 machine_state m10 w
6 14.712576 machine_state m11 w
6 14.712576 machine_state m12 w
6 14.712576 machine_state m13 w
6 14.712576 machine_state m14 w
6 14.712576 machine_state m15 w
5 jdb3eff!27 machine_state "db3eff!27" "1.000000 0.000000 0.656250"
6 14.734053 machine_state m0 jdb3eff!27
6 14.734053 machine_state m1 jdb3eff!27
6 14.734053 machine_state m2 jdb3eff!27
6 14.734053 machine_state m3 jdb3eff!27
6 14.734053 machine_state m4 jdb3eff!27
6 14.734053 machine_state m5 jdb3eff!27
6 14.734053 machine_state m6 jdb3eff!27
6 14.734053 machine_state m7 jdb3eff!27
6 14.734053 machine_state m8 jdb3eff!27
6 14.734053 machine_state m9 jdb3eff!27
6 14.734053 machine_state m10 jdb3eff!27
6 14.734053 machine_state m11 jdb3eff!27
6 14.734053 machine_state m12 jdb3eff!27
6 14.734053 machine_state m13 jdb3eff!27
6 14.734053 machine_state m14 jdb3eff!27
6 14.734053 machine_state m15 jdb3eff!27
6 14.799973 machine_state m16 w
6 14.799973 machine_state m17 w
6 14.799973 machine_state m18 w
6 14.799973 machine_state m19 w
6 14.799973 machine_state m20 w
6 14.799973 machine_state m21 w
6 14.799973 machine_state m22 w
6 14.799973 machine_state m23 w
6 14.799973 machine_state m24 w
6 14.799973 machine_state m25 w
6 14.799973 machine_state m26 w
6 14.799973 machine_state m27 w
6 14.799973 machine_state m28 w
6 14.799973 machine_state m29 w
6 14.799973 machine_state m30 w
6 14.799973 machine_state m31 w
5 jdb3eff!28 machine_state "db3eff!28" "0.500000 0.000000 1.000000"
6 14.821450 machine_state m16 jdb3eff!28
6 14.821450 machine_state m17 jdb3eff!28
6 14.821450 machine_state m18 jdb3eff!28
6 14.821450 machine_state m19 jdb3eff!28
6 14.821450 machine_state m20 jdb3eff!28
6 14.821450 machine_state m21 jdb3eff!28
6 14.821450 machine_state m22 jdb3eff!28
6 14.821450 machine_state m23 jdb3eff!28
6 14.821450 machine_state m24 jdb3eff!28
6 14.821450 machine_state m25 jdb3eff!28
6 14.821450 machine_state m26 jdb3eff!28
6 14.821450 machine_state m27 jdb3eff!28
6 14.821450 machine_state m28 jdb3eff!28
6 14.821450 machine_state m29 jdb3eff!28
6 14.821450 machine_state m30 jdb3eff!28
6 14.821450 machine_state m31 jdb3eff!28
6 14.860689 machine_state m32 w
6 14.860689 machine_state m33 w
6 14.860689 machine_state m34 w
6 14.860689 machine_state m35 w
6 14.860689 machine_state m36 w
6 14.860689 machine_state m37 w
6 14.860689 machine_state m38 w
6 14.860689 machine_state m39 w
6 14.860689 machine_state m40 w
6 14.860689 machine_state m41 w
6 14.860689 machine_state m42 w
6 14.860689 machine_state m43 w
6 14.860689 machine_state m44 w
6 14.860689 machine_state m45 w
6 14.860689 machine_state m46 w
6 14.860689 machine_state m47 w
5 jdb3eff!31 machine_state "db3eff!31" "1.000000 0.000000 0.843750"
6 14.882166 machine_state m32 jdb3eff!31
6 14.882166 machine_state m33 jdb3eff!31
6 14.882166 machine_state m34 jdb3eff!31
6 14.882166 machine_state m35 jdb3eff!31
6 14.882166 machine_state m36 jdb3eff!31
6 14.882166 machine_state m37 jdb3eff!31
6 14.882166 machine_state m38 jdb3eff!31
6 14.882166 machine_state m39 jdb3eff!31
6 14.882166 machine_state m40 jdb3eff!31
6 14.882166 machine_state m41 jdb3eff!31
6 14.882166 machine_state m42 jdb3eff!31
6 14.882166 machine_state m43 jdb3eff!31
6 14.882166 machine_state m44 jdb3eff!31
6 14.882166 machine_state m45 jdb3eff!31
6 14.882166 machine_state m46 jdb3eff!31
6 14.882166 machine_state m47 jdb3eff!31
6 15.001168 machine_state m48 w
6 15.001168 machine_state m49 w
6 15.001168 machine_state m50 w
6 15.001168 machine_state m51 w
6 15.001168 machine_state m52 w
6 15.001168 machine_state m53 w
6 15.001168 machine_state m54 w
6 15.001168 machine_state m55 w
6 15.001168 machine_state m56 w
6 15.001168 machine_state m57 w
6 15.001168 machine_state m58 w
6 15.001168 machine_state m59 w
6 15.001168 machine_state m60 w
6 15.001168 machine_state m61 w
6 15.001168 machine_state m62 w
6 15.001168 machine_state m63 w
5 jdb3eff!37 machine_state "db3eff!37" "0.000000 1.000000 0.343750"
6 15.022634 machine_state m48 jdb3eff!37
6 15.022634 machine_state m49 jdb3eff!37
6 15.022634 machine_state m50 jdb3eff!37
6 15.022634 machine_state m51 jdb3eff!37
6 15.022634 machine_state m52 jdb3eff!37
6 15.022634 machine_state m53 jdb3eff!37
6 15.022634 machine_state m54 jdb3eff!37
6 15.022634 machine_state m55 jdb3eff!37
6 15.022634 machine_state m56 jdb3eff!37
6 15.022634 machine_state m57 jdb3eff!37
6 15.022634 machine_state m58 jdb3eff!37
6 15.022634 machine_state m59 jdb3eff!37
6 15.022634 machine_state m60 jdb3eff!37
6 15.022634 machine_state m61 jdb3eff!37
6 15.022634 machine_state m62 jdb3eff!37
6 15.022634 machine_state m63 jdb3eff!37
6 15.035639 machine_state m0 w
6 15.035639 machine_state m1 w
6 15.035639 machine_state m2 w
6 15.035639 machine_state m3 w
6 15.035639 machine_state m4 w
6 15.035639 machine_state m5 w
6 15.035639 machine_state m6 w
6 15.035639 machine_state m7 w
6 15.035639 machine_state m8 w
6 15.035639 machine_state m9 w
6 15.035639 machine_state m10 w
6 15.035639 machine_state m11 w
6 15.035639 machine_state m12 w
6 15.035639 machine_state m13 w
6 15.035639 machine_state m14 w
6 15.035639 machine_state m15 w
5 jdb3eff!38 machine_state "db3eff!38" "0.000000 0.531250 1.000000"
6 15.057105 machine_state m0 jdb3eff!38
6 15.057105 machine_state m1 jdb3eff!38
6 15.057105 machine_state m2 jdb3eff!38
6 15.057105 machine_state m3 jdb3eff!38
6 15.057105 machine_state m4 jdb3eff!38
6 15.057105 machine_state m5 jdb3eff!38
6 15.057105 machine_state m6 jdb3eff!38
6 15.057105 machine_state m7 jdb3eff!38
6 15.057105 machine_state m8 jdb3eff!38
6 15.057105 machine_state m9 jdb3eff!38
6 15.057105 machine_state m10 jdb3eff!38
6 15.057105 machine_state m11 jdb3eff!38
6 15.057105 machine_state m12 jdb3eff!38
6 15.057105 machine_state m13 jdb3eff!38
6 15.057105 machine_state m14 jdb3eff!38
6 15.057105 machine_state m15 jdb3eff!38
6 15.859079 machine_state m16 w
6 15.859079 machine_state m17 w
6 15.859079 machine_state m18 w
6 15.859079 machine_state m19 w
6 15.859079 machine_state m20 w
6 15.859079 machine_state m21 w
6 15.859079 machine_state m22 w
6 15.859079 machine_state m23 w
6 15.859079 machine_state m24 w
6 15.859079 machine_state m25 w
6 15.859079 machine_state m26 w
6 15.859079 machine_state m27 w
6 15.859079 machine_state m28 w
6 15.859079 machine_state m29 w
6 15.859079 machine_state m30 w
6 15.859079 machine_state m31 w
5 jdb3eff!39 machine_state "db3eff!39" "0.125000 0.000000 1.000000"
6 15.880535 machine_state m16 jdb3eff!39
6 15.880535 machine_state m17 jdb3eff!39
6 15.880535 machine_state m18 jdb3eff!39
6 15.880535 machine_state m19 jdb3eff!39
6 15.880535 machine_state m20 jdb3eff!39
6 15.880535 machine_state m21 jdb3eff!39
6 15.880535 machine_state m22 jdb3eff!39
6 15.880535 machine_state m23 jdb3eff!39
6 15.880535 machine_state m24 jdb3eff!39
6 15.880535 machine_state m25 jdb3eff!39
6 15.880535 machine_state m26 jdb3eff!39
6 15.880535 machine_state m27 jdb3eff!39
6 15.880535 machine_state m28 jdb3eff!39
6 15.880535 machine_state m29 jdb3eff!39
6 15.880535 machine_state m30 jdb3eff!39
6 15.880535 machine_state m31 jdb3eff!39
6 16.060357 machine_state m48 w
6 16.060357 machine_state m49 w
6 16.060357 machine_state m50 w
6 16.060357 machine_state m51 w
6 16.060357 machine_state m52 w
6 16.060357 machine_state m53 w
6 16.060357 machine_state m54 w
6 16.060357 machine_state m55 w
6 16.060357 machine_state m56 w
6 16.060357 machine_state m57 w
6 16.060357 machine_state m58 w
6 16.060357 machine_state m59 w
6 16.060357 machine_state m60 w
6 16.060357 machine_state m61 w
6 16.060357 machine_state m62 w
6 16.060357 machine_state m63 w
5 jdb3eff!41 machine_state "db3eff!41" "1.000000 0.843750 0.000000"
6 16.081823 machine_state m48 jdb3eff!41
6 16.081823 machine_state m49 jdb3eff!41
6 16.081823 machine_state m50 jdb3eff!41
6 16.081823 machine_state m51 jdb3eff!41
6 16.081823 machine_state m52 jdb3eff!41
6 16.081823 machine_state m53 jdb3eff!41
6 16.081823 machine_state m54 jdb3eff!41
6 16.081823 machine_state m55 jdb3eff!41
6 16.081823 machine_state m56 jdb3eff!41
6 16.081823 machine_state m57 jdb3eff!41
6 16.081823 machine_state m58 jdb3eff!41
6 16.081823 machine_state m59 jdb3eff!41
6 16.081823 machine_state m60 jdb3eff!41
6 16.081823 machine_state m61 jdb3eff!41
6 16.081823 machine_state m62 jdb3eff!41
6 16.081823 machine_state m63 jdb3eff!41
6 18.616616 machine_state m0 w
6 18.616616 machine_state m1 w
6 18.616616 machine_state m2 w
6 18.616616 machine_state m3 w
6 18.616616 machine_state m4 w
6 18.616616 machine_state m5 w
6 18.616616 machine_state m6 w
6 18.616616 machine_state m7 w
6 18.616616 machine_state m8 w
6 18.616616 machine_state m9 w
6 18.616616 machine_state m10 w
6 18.616616 machine_state m11 w
6 18.616616 machine_state m12 w
6 18.616616 machine_state m13 w
6 18.616616 machine_state m14 w
6 18.616616 machine_state m15 w
5 jdb3eff!42 machine_state "db3eff!42" "0.000000 0.437500 1.000000"
6 18.638093 machine_state m0 jdb3eff!42
6 18.638093 machine_state m1 jdb3eff!42
6 18.638093 machine_state m2 jdb3eff!42
6 18.638093 machine_state m3 jdb3eff!42
6 18.638093 machine_state m4 jdb3eff!42
6 18.638093 machine_state m5 jdb3eff!42
6 18.638093 machine_state m6 jdb3eff!42
6 18.638093 machine_state m7 jdb3eff!42
6 18.638093 machine_state m8 jdb3eff!42
6 18.638093 machine_state m9 jdb3eff!42
6 18.638093 machine_state m10 jdb3eff!42
6 18.638093 machine_state m11 jdb3eff!42
6 18.638093 machine_state m12 jdb3eff!42
6 18.638093 machine_state m13 jdb3eff!42
6 18.638093 machine_state m14 jdb3eff!42
6 18.638093 machine_state m15 jdb3eff!42
6 18.801799 machine_state m0 w
6 18.801799 machine_state m1 w
6 18.801799 machine_state m2 w
6 18.801799 machine_state m3 w
6 18.801799 machine_state m4 w
6 18.801799 machine_state m5 w
6 18.801799 machine_state m6 w
6 18.801799 machine_state m7 w
6 18.801799 machine_state m8 w
6 18.801799 machine_state m9 w
6 18.801799 machine_state m10 w
6 18.801799 machine_state m11 w
6 18.801799 machine_state m12 w
6 18.801799 machine_state m13 w
6 18.801799 machine_state m14 w
6 18.801799 machine_state m15 w
5 jdb3eff!43 machine_state "db3eff!43" "0.781250 0.000000 1.000000"
6 18.823269 machine_state m0 jdb3eff!43
6 18.823269 machine_state m1 jdb3eff!43
6 18.823269 machine_state m2 jdb3eff!43
6 18.823269 machine_state m3 jdb3eff!43
6 18.823269 machine_state m4 jdb3eff!43
6 18.823269 machine_state m5 jdb3eff!43
6 18.823269 machine_state m6 jdb3eff!43
6 18.823269 machine_state m7 jdb3eff!43
6 18.823269 machine_state m8 jdb3eff!43
6 18.823269 machine_state m9 jdb3eff!43
6 18.823269 machine_state m10 jdb3eff!43
6 18.823269 machine_state m11 jdb3eff!43
6 18.823269 machine_state m12 jdb3eff!43
6 18.823269 machine_state m13 jdb3eff!43
6 18.823269 machine_state m14 jdb3eff!43
6 18.823269 machine_state m15 jdb3eff!43
6 19.439779 machine_state m16 w
6 19.439779 machine_state m17 w
6 19.439779 machine_state m18 w
6 19.439779 machine_state m19 w
6 19.439779 machine_state m20 w
6 19.439779 machine_state m21 w
6 19.439779 machine_state m22 w
6 19.439779 machine_state m23 w
6 19.439779 machine_state m24 w
6 19.439779 machine_state m25 w
6 19.439779 machine_state m26 w
6 19.439779 machine_state m27 w
6 19.439779 machine_state m28 w
6 19.439779 machine_state m29 w
6 19.439779 machine_state m30 w
6 19.439779 machine_state m31 w
5 jdb3eff!44 machine_state "db3eff!44" "0.031250 0.000000 1.000000"
6 19.461245 machine_state m16 jdb3eff!44
6 19.461245 machine_state m17 jdb3eff!44
6 19.461245 machine_state m18 jdb3eff!44
6 19.461245 machine_state m19 jdb3eff!44
6 19.618863 machine_state m16 w
6 19.618863 machine_state m17 w
6 19.618863 machine_state m18 w
6 19.618863 machine_state m19 w
5 jdb3eff!45 machine_state "db3eff!45" "1.000000 0.375000 0.000000"
6 19.640322 machine_state m16 jdb3eff!45
6 19.640322 machine_state m17 jdb3eff!45
6 19.640322 machine_state m18 jdb3eff!45
6 19.640322 machine_state m19 jdb3eff!45
6 19.640322 machine_state m20 jdb3eff!45
6 19.640322 machine_state m21 jdb3eff!45
6 19.640322 machine_state m22 jdb3eff!45
6 19.640322 machine_state m23 jdb3eff!45
6 19.640322 machine_state m24 jdb3eff!45
6 19.640322 machine_state m25 jdb3eff!45
6 19.640322 machine_state m26 jdb3eff!45
6 19.640322 machine_state m27 jdb3eff!45
6 19.640322 machine_state m28 jdb3eff!45
6 19.640322 machine_state m29 jdb3eff!45
6 19.640322 machine_state m30 jdb3eff!45
6 19.640322 machine_state m31 jdb3eff!45
6 19.803976 machine_state m16 w
6 19.803976 machine_state m17 w
6 19.803976 machine_state m18 w
6 19.803976 machine_state m19 w
6 19.803976 machine_state m20 w
6 19.803976 machine_state m21 w
6 19.803976 machine_state m22 w
6 19.803976 machine_state m23 w
6 19.803976 machine_state m24 w
6 19.803976 machine_state m25 w
6 19.803976 machine_state m26 w
6 19.803976 machine_state m27 w
6 19.803976 machine_state m28 w
6 19.803976 machine_state m29 w
6 19.803976 machine_state m30 w
6 19.803976 machine_state m31 w
5 jdb3eff!46 machine_state "db3eff!46" "1.000000 0.187500 0.000000"
6 19.825442 machine_state m16 jdb3eff!46
6 19.825442 machine_state m17 jdb3eff!46
6 19.825442 machine_state m18 jdb3eff!46
6 19.825442 machine_state m19 jdb3eff!46
6 19.825442 machine_state m20 jdb3eff!46
6 19.825442 machine_state m21 jdb3eff!46
6 19.825442 machine_state m22 jdb3eff!46
6 19.825442 machine_state m23 jdb3eff!46
6 19.825442 machine_state m24 jdb3eff!46
6 19.825442 machine_state m25 jdb3eff!46
6 19.825442 machine_state m26 jdb3eff!46
6 19.825442 machine_state m27 jdb3eff!46
6 19.825442 machine_state m28 jdb3eff!46
6 19.825442 machine_state m29 jdb3eff!46
6 19.825442 machine_state m30 jdb3eff!46
6 19.825442 machine_state m31 jdb3eff!46
6 20.126688 machine_state m16 w
6 20.126688 machine_state m17 w
6 20.126688 machine_state m18 w
6 20.126688 machine_state m19 w
6 20.126688 machine_state m20 w
6 20.126688 machine_state m21 w
6 20.126688 machine_state m22 w
6 20.126688 machine_state m23 w
6 20.126688 machine_state m24 w
6 20.126688 machine_state m25 w
6 20.126688 machine_state m26 w
6 20.126688 machine_state m27 w
6 20.126688 machine_state m28 w
6 20.126688 machine_state m29 w
6 20.126688 machine_state m30 w
6 20.126688 machine_state m31 w
5 jdb3eff!47 machine_state "db3eff!47" "0.875000 0.000000 1.000000"
6 20.148145 machine_state m16 jdb3eff!47
6 20.148145 machine_state m17 jdb3eff!47
6 20.148145 machine_state m18 jdb3eff!47
6 20.148145 machine_state m19 jdb3eff!47
6 20.680940 machine_state m32 w
6 20.680940 machine_state m33 w
6 20.680940 machine_state m34 w
6 20.680940 machine_state m35 w
6 20.680940 machine_state m36 w
6 20.680940 machine_state m37 w
6 20.680940 machine_state m38 w
6 20.680940 machine_state m39 w
6 20.680940 machine_state m40 w
6 20.680940 machine_state m41 w
6 20.680940 machine_state m42 w
6 20.680940 machine_state m43 w
6 20.680940 machine_state m44 w
6 20.680940 machine_state m45 w
6 20.680940 machine_state m46 w
6 20.680940 machine_state m47 w
5 jdb3eff!48 machine_state "db3eff!48" "1.000000 0.468750 0.000000"
6 20.702413 machine_state m20 jdb3eff!48
6 20.702413 machine_state m21 jdb3eff!48
6 20.702413 machine_state m22 jdb3eff!48
6 20.702413 machine_state m23 jdb3eff!48
6 20.702413 machine_state m24 jdb3eff!48
6 20.702413 machine_state m25 jdb3eff!48
6 20.702413 machine_state m26 jdb3eff!48
6 20.702413 machine_state m27 jdb3eff!48
6 20.702413 machine_state m28 jdb3eff!48
6 20.702413 machine_state m29 jdb3eff!48
6 20.702413 machine_state m30 jdb3eff!48
6 20.702413 machine_state m31 jdb3eff!48
6 20.702413 machine_state m32 jdb3eff!48
6 20.702413 machine_state m33 jdb3eff!48
6 20.702413 machine_state m34 jdb3eff!48
6 20.702413 machine_state m35 jdb3eff!48
5 jdb3eff!49 machine_state "db3eff!49" "0.000000 0.062500 1.000000"
6 20.710216 machine_state m36 jdb3eff!49
6 20.710216 machine_state m37 jdb3eff!49
6 20.710216 machine_state m38 jdb3eff!49
6 20.710216 machine_state m39 jdb3eff!49
6 20.796106 machine_state m16 w
6 20.796106 machine_state m17 w
6 20.796106 machine_state m18 w
6 20.796106 machine_state m19 w
6 20.814422 machine_state m36 w
6 20.814422 machine_state m37 w
6 20.814422 machine_state m38 w
6 20.814422 machine_state m39 w
5 jdb3eff!54 machine_state "db3eff!54" "0.125000 1.000000 0.000000"
6 20.817583 machine_state m16 jdb3eff!54
6 20.817583 machine_state m17 jdb3eff!54
6 20.817583 machine_state m18 jdb3eff!54
6 20.817583 machine_state m19 jdb3eff!54
6 20.889435 machine_state m20 w
6 20.889435 machine_state m21 w
6 20.889435 machine_state m22 w
6 20.889435 machine_state m23 w
6 20.889435 machine_state m24 w
6 20.889435 machine_state m25 w
6 20.889435 machine_state m26 w
6 20.889435 machine_state m27 w
6 20.889435 machine_state m28 w
6 20.889435 machine_state m29 w
6 20.889435 machine_state m30 w
6 20.889435 machine_state m31 w
6 20.889435 machine_state m32 w
6 20.889435 machine_state m33 w
6 20.889435 machine_state m34 w
6 20.889435 machine_state m35 w
5 jdb3eff!50 machine_state "db3eff!50" "0.000000 0.343750 1.000000"
6 20.910912 machine_state m20 jdb3eff!50
6 20.910912 machine_state m21 jdb3eff!50
6 20.910912 machine_state m22 jdb3eff!50
6 20.910912 machine_state m23 jdb3eff!50
6 20.910912 machine_state m24 jdb3eff!50
6 20.910912 machine_state m25 jdb3eff!50
6 20.910912 machine_state m26 jdb3eff!50
6 20.910912 machine_state m27 jdb3eff!50
6 20.910912 machine_state m28 jdb3eff!50
6 20.910912 machine_state m29 jdb3eff!50
6 20.910912 machine_state m30 jdb3eff!50
6 20.910912 machine_state m31 jdb3eff!50
6 20.910912 machine_state m32 jdb3eff!50
6 20.910912 machine_state m33 jdb3eff!50
6 20.910912 machine_state m34 jdb3eff!50
6 20.910912 machine_state m35 jdb3eff!50
6 21.465607 machine_state m16 w
6 21.465607 machine_state m17 w
6 21.465607 machine_state m18 w
6 21.465607 machine_state m19 w
5 jdb3eff!55 machine_state "db3eff!55" "1.000000 0.656250 0.000000"
6 21.487066 machine_state m16 jdb3eff!55
6 21.487066 machine_state m17 jdb3eff!55
6 21.487066 machine_state m18 jdb3eff!55
6 21.487066 machine_state m19 jdb3eff!55
6 21.591008 machine_state m16 w
6 21.591008 machine_state m17 w
6 21.591008 machine_state m18 w
6 21.591008 machine_state m19 w
5 jdb3eff!57 machine_state "db3eff!57" "1.000000 0.281250 0.000000"
6 21.612478 machine_state m16 jdb3eff!57
6 21.612478 machine_state m17 jdb3eff!57
6 21.612478 machine_state m18 jdb3eff!57
6 21.612478 machine_state m19 jdb3eff!57
6 21.871617 machine_state m48 w
6 21.871617 machine_state m49 w
6 21.871617 machine_state m50 w
6 21.871617 machine_state m51 w
6 21.871617 machine_state m52 w
6 21.871617 machine_state m53 w
6 21.871617 machine_state m54 w
6 21.871617 machine_state m55 w
6 21.871617 machine_state m56 w
6 21.871617 machine_state m57 w
6 21.871617 machine_state m58 w
6 21.871617 machine_state m59 w
6 21.871617 machine_state m60 w
6 21.871617 machine_state m61 w
6 21.871617 machine_state m62 w
6 21.871617 machine_state m63 w
5 jdb3eff!51 machine_state "db3eff!51" "1.000000 0.000000 0.281250"
6 21.893094 machine_state m36 jdb3eff!51
6 21.893094 machine_state m37 jdb3eff!51
6 21.893094 machine_state m38 jdb3eff!51
6 21.893094 machine_state m39 jdb3eff!51
6 21.893094 machine_state m40 jdb3eff!51
6 21.893094 machine_state m41 jdb3eff!51
6 21.893094 machine_state m42 jdb3eff!51
6 21.893094 machine_state m43 jdb3eff!51
6 21.893094 machine_state m44 jdb3eff!51
6 21.893094 machine_state m45 jdb3eff!51
6 21.893094 machine_state m46 jdb3eff!51
6 21.893094 machine_state m47 jdb3eff!51
6 21.893094 machine_state m48 jdb3eff!51
6 21.893094 machine_state m49 jdb3eff!51
6 21.893094 machine_state m50 jdb3eff!51
6 21.893094 machine_state m51 jdb3eff!51
5 jdb3eff!62 machine_state "db3eff!62" "0.000000 0.250000 1.000000"
6 21.900900 machine_state m52 jdb3eff!62
6 21.900900 machine_state m53 jdb3eff!62
6 21.900900 machine_state m54 jdb3eff!62
6 21.900900 machine_state m55 jdb3eff!62
5 jdb3eff!63 machine_state "db3eff!63" "1.000000 0.562500 0.000000"
6 21.908698 machine_state m56 jdb3eff!63
6 21.908698 machine_state m57 jdb3eff!63
6 21.908698 machine_state m58 jdb3eff!63
6 21.908698 machine_state m59 jdb3eff!63
5 jdb3eff!65 machine_state "db3eff!65" "0.312500 1.000000 0.000000"
6 21.916497 machine_state m60 jdb3eff!65
6 21.916497 machine_state m61 jdb3eff!65
6 21.916497 machine_state m62 jdb3eff!65
6 21.916497 machine_state m63 jdb3eff!65
6 22.079872 machine_state m36 w
6 22.079872 machine_state m37 w
6 22.079872 machine_state m38 w
6 22.079872 machine_state m39 w
6 22.079872 machine_state m40 w
6 22.079872 machine_state m41 w
6 22.079872 machine_state m42 w
6 22.079872 machine_state m43 w
6 22.079872 machine_state m44 w
6 22.079872 machine_state m45 w
6 22.079872 machine_state m46 w
6 22.079872 machine_state m47 w
6 22.079872 machine_state m48 w
6 22.079872 machine_state m49 w
6 22.079872 machine_state m50 w
6 22.079872 machine_state m51 w
5 jdb3eff!52 machine_state "db3eff!52" "0.500000 1.000000 0.000000"
6 22.101344 machine_state m36 jdb3eff!52
6 22.101344 machine_state m37 jdb3eff!52
6 22.101344 machine_state m38 jdb3eff!52
6 22.101344 machine_state m39 jdb3eff!52
6 22.101344 machine_state m40 jdb3eff!52
6 22.101344 machine_state m41 jdb3eff!52
6 22.101344 machine_state m42 jdb3eff!52
6 22.101344 machine_state m43 jdb3eff!52
6 22.101344 machine_state m44 jdb3eff!52
6 22.101344 machine_state m45 jdb3eff!52
6 22.101344 machine_state m46 jdb3eff!52
6 22.101344 machine_state m47 jdb3eff!52
6 22.101344 machine_state m48 jdb3eff!52
6 22.101344 machine_state m49 jdb3eff!52
6 22.101344 machine_state m50 jdb3eff!52
6 22.101344 machine_state m51 jdb3eff!52
6 22.260435 machine_state m16 w
6 22.260435 machine_state m17 w
6 22.260435 machine_state m18 w
6 22.260435 machine_state m19 w
5 jdb3eff!66 machine_state "db3eff!66" "1.000000 0.000000 0.375000"
6 22.281912 machine_state m16 jdb3eff!66
6 22.281912 machine_state m17 jdb3eff!66
6 22.281912 machine_state m18 jdb3eff!66
6 22.281912 machine_state m19 jdb3eff!66
6 23.007607 machine_state m56 w
6 23.007607 machine_state m57 w
6 23.007607 machine_state m58 w
6 23.007607 machine_state m59 w
5 jdb3eff!68 machine_state "db3eff!68" "0.406250 1.000000 0.000000"
6 23.029084 machine_state m56 jdb3eff!68
6 23.029084 machine_state m57 jdb3eff!68
6 23.029084 machine_state m58 jdb3eff!68
6 23.029084 machine_state m59 jdb3eff!68
6 23.380782 machine_state m16 w
6 23.380782 machine_state m17 w
6 23.380782 machine_state m18 w
6 23.380782 machine_state m19 w
5 jdb3eff!70 machine_state "db3eff!70" "0.000000 1.000000 0.250000"
6 23.402248 machine_state m16 jdb3eff!70
6 23.402248 machine_state m17 jdb3eff!70
6 23.402248 machine_state m18 jdb3eff!70
6 23.402248 machine_state m19 jdb3eff!70
6 24.293700 machine_state m52 w
6 24.293700 machine_state m53 w
6 24.293700 machine_state m54 w
6 24.293700 machine_state m55 w
6 24.309392 machine_state m60 w
6 24.309392 machine_state m61 w
6 24.309392 machine_state m62 w
6 24.309392 machine_state m63 w
5 jdb3eff!71 machine_state "db3eff!71" "0.000000 0.625000 1.000000"
6 24.315177 machine_state m52 jdb3eff!71
6 24.315177 machine_state m53 jdb3eff!71
6 24.315177 machine_state m54 jdb3eff!71
6 24.315177 machine_state m55 jdb3eff!71
5 jdb3eff!72 machine_state "db3eff!72" "0.000000 1.000000 0.156250"
6 24.344443 machine_state m60 jdb3eff!72
6 24.344443 machine_state m61 jdb3eff!72
6 24.344443 machine_state m62 jdb3eff!72
6 24.344443 machine_state m63 jdb3eff!72
6 24.448130 machine_state m60 w
6 24.448130 machine_state m61 w
6 24.448130 machine_state m62 w
6 24.448130 machine_state m63 w
5 jdb3eff!73 machine_state "db3eff!73" "0.406250 0.000000 1.000000"
6 24.469596 machine_state m60 jdb3eff!73
6 24.469596 machine_state m61 jdb3eff!73
6 24.469596 machine_state m62 jdb3eff!73
6 24.469596 machine_state m63 jdb3eff!73
6 24.501058 machine_state m16 w
6 24.501058 machine_state m17 w
6 24.501058 machine_state m18 w
6 24.501058 machine_state m19 w
5 jdb3eff!74 machine_state "db3eff!74" "0.000000 0.812500 1.000000"
6 24.522524 machine_state m16 jdb3eff!74
6 24.522524 machine_state m17 jdb3eff!74
6 24.522524 machine_state m18 jdb3eff!74
6 24.522524 machine_state m19 jdb3eff!74
6 24.586536 machine_state m0 w
6 24.586536 machine_state m1 w
6 24.586536 machine_state m2 w
6 24.586536 machine_state m3 w
6 24.586536 machine_state m4 w
6 24.586536 machine_state m5 w
6 24.586536 machine_state m6 w
6 24.586536 machine_state m7 w
6 24.586536 machine_state m8 w
6 24.586536 machine_state m9 w
6 24.586536 machine_state m10 w
6 24.586536 machine_state m11 w
6 24.586536 machine_state m12 w
6 24.586536 machine_state m13 w
6 24.586536 machine_state m14 w
6 24.586536 machine_state m15 w
5 jdb3eff!53 machine_state "db3eff!53" "1.000000 0.000000 0.000000"
6 24.607998 machine_state m0 jdb3eff!53
6 24.607998 machine_state m1 jdb3eff!53
6 24.607998 machine_state m2 jdb3eff!53
6 24.607998 machine_state m3 jdb3eff!53
6 24.607998 machine_state m4 jdb3eff!53
6 24.607998 machine_state m5 jdb3eff!53
6 24.607998 machine_state m6 jdb3eff!53
6 24.607998 machine_state m7 jdb3eff!53
6 24.607998 machine_state m8 jdb3eff!53
6 24.607998 machine_state m9 jdb3eff!53
6 24.607998 machine_state m10 jdb3eff!53
6 24.607998 machine_state m11 jdb3eff!53
6 24.607998 machine_state m12 jdb3eff!53
6 24.607998 machine_state m13 jdb3eff!53
6 24.607998 machine_state m14 jdb3eff!53
6 24.607998 machine_state m15 jdb3eff!53
6 24.963606 machine_state m52 w
6 24.963606 machine_state m53 w
6 24.963606 machine_state m54 w
6 24.963606 machine_state m55 w
5 jdb3eff!76 machine_state "db3eff!76" "1.000000 0.750000 0.000000"
6 24.985070 machine_state m52 jdb3eff!76
6 24.985070 machine_state m53 jdb3eff!76
6 24.985070 machine_state m54 jdb3eff!76
6 24.985070 machine_state m55 jdb3eff!76
6 25.144279 machine_state m52 w
6 25.144279 machine_state m53 w
6 25.144279 machine_state m54 w
6 25.144279 machine_state m55 w
5 jdb3eff!77 machine_state "db3eff!77" "0.593750 0.000000 1.000000"
6 25.165756 machine_state m52 jdb3eff!77
6 25.165756 machine_state m53 jdb3eff!77
6 25.165756 machine_state m54 jdb3eff!77
6 25.165756 machine_state m55 jdb3eff!77
6 25.269730 machine_state m52 w
6 25.269730 machine_state m53 w
6 25.269730 machine_state m54 w
6 25.269730 machine_state m55 w
5 jdb3eff!84 machine_state "db3eff!84" "0.000000 1.000000 0.062500"
6 25.291188 machine_state m52 jdb3eff!84
6 25.291188 machine_state m53 jdb3eff!84
6 25.291188 machine_state m54 jdb3eff!84
6 25.291188 machine_state m55 jdb3eff!84
6 25.422080 machine_state m56 w
6 25.422080 machine_state m57 w
6 25.422080 machine_state m58 w
6 25.422080 machine_state m59 w
5 jdb3eff!85 machine_state "db3eff!85" "0.687500 0.000000 1.000000"
6 25.443557 machine_state m56 jdb3eff!85
6 25.443557 machine_state m57 jdb3eff!85
6 25.443557 machine_state m58 jdb3eff!85
6 25.443557 machine_state m59 jdb3eff!85
6 25.645337 machine_state m0 w
6 25.645337 machine_state m1 w
6 25.645337 machine_state m2 w
6 25.645337 machine_state m3 w
6 25.645337 machine_state m4 w
6 25.645337 machine_state m5 w
6 25.645337 machine_state m6 w
6 25.645337 machine_state m7 w
6 25.645337 machine_state m8 w
6 25.645337 machine_state m9 w
6 25.645337 machine_state m10 w
6 25.645337 machine_state m11 w
6 25.645337 machine_state m12 w
6 25.645337 machine_state m13 w
6 25.645337 machine_state m14 w
6 25.645337 machine_state m15 w
5 jdb3eff!56 machine_state "db3eff!56" "0.968750 1.000000 0.000000"
6 25.666803 machine_state m0 jdb3eff!56
6 25.666803 machine_state m1 jdb3eff!56
6 25.666803 machine_state m2 jdb3eff!56
6 25.666803 machine_state m3 jdb3eff!56
6 25.666803 machine_state m4 jdb3eff!56
6 25.666803 machine_state m5 jdb3eff!56
6 25.666803 machine_state m6 jdb3eff!56
6 25.666803 machine_state m7 jdb3eff!56
6 25.666803 machine_state m8 jdb3eff!56
6 25.666803 machine_state m9 jdb3eff!56
6 25.666803 machine_state m10 jdb3eff!56
6 25.666803 machine_state m11 jdb3eff!56
6 25.666803 machine_state m12 jdb3eff!56
6 25.666803 machine_state m13 jdb3eff!56
6 25.666803 machine_state m14 jdb3eff!56
6 25.666803 machine_state m15 jdb3eff!56
6 25.776721 machine_state m36 w
6 25.776721 machine_state m37 w
6 25.776721 machine_state m38 w
6 25.776721 machine_state m39 w
6 25.776721 machine_state m40 w
6 25.776721 machine_state m41 w
6 25.776721 machine_state m42 w
6 25.776721 machine_state m43 w
6 25.776721 machine_state m44 w
6 25.776721 machine_state m45 w
6 25.776721 machine_state m46 w
6 25.776721 machine_state m47 w
6 25.776721 machine_state m48 w
6 25.776721 machine_state m49 w
6 25.776721 machine_state m50 w
6 25.776721 machine_state m51 w
5 jdb3eff!58 machine_state "db3eff!58" "0.000000 1.000000 0.718750"
6 25.798182 machine_state m36 jdb3eff!58
6 25.798182 machine_state m37 jdb3eff!58
6 25.798182 machine_state m38 jdb3eff!58
6 25.798182 machine_state m39 jdb3eff!58
6 25.798182 machine_state m40 jdb3eff!58
6 25.798182 machine_state m41 jdb3eff!58
6 25.798182 machine_state m42 jdb3eff!58
6 25.798182 machine_state m43 jdb3eff!58
6 25.798182 machine_state m44 jdb3eff!58
6 25.798182 machine_state m45 jdb3eff!58
6 25.798182 machine_state m46 jdb3eff!58
6 25.798182 machine_state m47 jdb3eff!58
6 25.798182 machine_state m48 jdb3eff!58
6 25.798182 machine_state m49 jdb3eff!58
6 25.798182 machine_state m50 jdb3eff!58
6 25.798182 machine_state m51 jdb3eff!58
6 25.808002 machine_state m16 w
6 25.808002 machine_state m17 w
6 25.808002 machine_state m18 w
6 25.808002 machine_state m19 w
6 25.981299 machine_state m56 w
6 25.981299 machine_state m57 w
6 25.981299 machine_state m58 w
6 25.981299 machine_state m59 w
6 25.985002 machine_state m36 w
6 25.985002 machine_state m37 w
6 25.985002 machine_state m38 w
6 25.985002 machine_state m39 w
6 25.985002 machine_state m40 w
6 25.985002 machine_state m41 w
6 25.985002 machine_state m42 w
6 25.985002 machine_state m43 w
6 25.985002 machine_state m44 w
6 25.985002 machine_state m45 w
6 25.985002 machine_state m46 w
6 25.985002 machine_state m47 w
6 25.985002 machine_state m48 w
6 25.985002 machine_state m49 w
6 25.985002 machine_state m50 w
6 25.985002 machine_state m51 w
5 jdb3eff!89 machine_state "db3eff!89" "0.593750 1.000000 0.000000"
6 26.016426 machine_state m56 jdb3eff!89
6 26.016426 machine_state m57 jdb3eff!89
6 26.016426 machine_state m58 jdb3eff!89
6 26.016426 machine_state m59 jdb3eff!89
5 jdb3eff!59 machine_state "db3eff!59" "0.312500 0.000000 1.000000"
6 26.032037 machine_state m36 jdb3eff!59
6 26.032037 machine_state m37 jdb3eff!59
6 26.032037 machine_state m38 jdb3eff!59
6 26.032037 machine_state m39 jdb3eff!59
6 26.032037 machine_state m40 jdb3eff!59
6 26.032037 machine_state m41 jdb3eff!59
6 26.032037 machine_state m42 jdb3eff!59
6 26.032037 machine_state m43 jdb3eff!59
6 26.032037 machine_state m44 jdb3eff!59
6 26.032037 machine_state m45 jdb3eff!59
6 26.032037 machine_state m46 jdb3eff!59
6 26.032037 machine_state m47 jdb3eff!59
6 26.032037 machine_state m48 jdb3eff!59
6 26.032037 machine_state m49 jdb3eff!59
6 26.032037 machine_state m50 jdb3eff!59
6 26.032037 machine_state m51 jdb3eff!59
6 26.863027 machine_state m60 w
6 26.863027 machine_state m61 w
6 26.863027 machine_state m62 w
6 26.863027 machine_state m63 w
5 jdb3eff!90 machine_state "db3eff!90" "1.000000 0.000000 0.093750"
6 26.884504 machine_state m60 jdb3eff!90
6 26.884504 machine_state m61 jdb3eff!90
6 26.884504 machine_state m62 jdb3eff!90
6 26.884504 machine_state m63 jdb3eff!90
6 27.282129 machine_state m56 w
6 27.282129 machine_state m57 w
6 27.282129 machine_state m58 w
6 27.282129 machine_state m59 w
5 jdb3eff!92 machine_state "db3eff!92" "1.000000 0.000000 0.187500"
6 27.303595 machine_state m56 jdb3eff!92
6 27.303595 machine_state m57 jdb3eff!92
6 27.303595 machine_state m58 jdb3eff!92
6 27.303595 machine_state m59 jdb3eff!92
6 27.493159 machine_state m20 w
6 27.493159 machine_state m21 w
6 27.493159 machine_state m22 w
6 27.493159 machine_state m23 w
6 27.493159 machine_state m24 w
6 27.493159 machine_state m25 w
6 27.493159 machine_state m26 w
6 27.493159 machine_state m27 w
6 27.493159 machine_state m28 w
6 27.493159 machine_state m29 w
6 27.493159 machine_state m30 w
6 27.493159 machine_state m31 w
6 27.493159 machine_state m32 w
6 27.493159 machine_state m33 w
6 27.493159 machine_state m34 w
6 27.493159 machine_state m35 w
5 jdb3eff!60 machine_state "db3eff!60" "1.000000 0.000000 0.937500"
6 27.514625 machine_state m16 jdb3eff!60
6 27.514625 machine_state m17 jdb3eff!60
6 27.514625 machine_state m18 jdb3eff!60
6 27.514625 machine_state m19 jdb3eff!60
6 27.514625 machine_state m20 jdb3eff!60
6 27.514625 machine_state m21 jdb3eff!60
6 27.514625 machine_state m22 jdb3eff!60
6 27.514625 machine_state m23 jdb3eff!60
6 27.514625 machine_state m24 jdb3eff!60
6 27.514625 machine_state m25 jdb3eff!60
6 27.514625 machine_state m26 jdb3eff!60
6 27.514625 machine_state m27 jdb3eff!60
6 27.514625 machine_state m28 jdb3eff!60
6 27.514625 machine_state m29 jdb3eff!60
6 27.514625 machine_state m30 jdb3eff!60
6 27.514625 machine_state m31 jdb3eff!60
5 jdb3eff!93 machine_state "db3eff!93" "0.000000 0.156250 1.000000"
6 27.522431 machine_state m32 jdb3eff!93
6 27.522431 machine_state m33 jdb3eff!93
6 27.522431 machine_state m34 jdb3eff!93
6 27.522431 machine_state m35 jdb3eff!93
6 27.684856 machine_state m52 w
6 27.684856 machine_state m53 w
6 27.684856 machine_state m54 w
6 27.684856 machine_state m55 w
5 jdb3eff!95 machine_state "db3eff!95" "0.000000 0.718750 1.000000"
6 27.706333 machine_state m52 jdb3eff!95
6 27.706333 machine_state m53 jdb3eff!95
6 27.706333 machine_state m54 jdb3eff!95
6 27.706333 machine_state m55 jdb3eff!95
6 27.841551 machine_state m56 w
6 27.841551 machine_state m57 w
6 27.841551 machine_state m58 w
6 27.841551 machine_state m59 w
5 jdb3eff!97 machine_state "db3eff!97" "1.000000 0.000000 0.468750"
6 27.863028 machine_state m56 jdb3eff!97
6 27.863028 machine_state m57 jdb3eff!97
6 27.863028 machine_state m58 jdb3eff!97
6 27.863028 machine_state m59 jdb3eff!97
6 28.020696 machine_state m56 w
6 28.020696 machine_state m57 w
6 28.020696 machine_state m58 w
6 28.020696 machine_state m59 w
5 jdb3eff!99 machine_state "db3eff!99" "0.000000 1.000000 0.812500"
6 28.042162 machine_state m56 jdb3eff!99
6 28.042162 machine_state m57 jdb3eff!99
6 28.042162 machine_state m58 jdb3eff!99
6 28.042162 machine_state m59 jdb3eff!99
6 28.171476 machine_state m32 w
6 28.171476 machine_state m33 w
6 28.171476 machine_state m34 w
6 28.171476 machine_state m35 w
6 28.580280 machine_state m56 w
6 28.580280 machine_state m57 w
6 28.580280 machine_state m58 w
6 28.580280 machine_state m59 w
6 28.880086 machine_state m52 w
6 28.880086 machine_state m53 w
6 28.880086 machine_state m54 w
6 28.880086 machine_state m55 w
6 29.226370 machine_state m0 w
6 29.226370 machine_state m1 w
6 29.226370 machine_state m2 w
6 29.226370 machine_state m3 w
6 29.226370 machine_state m4 w
6 29.226370 machine_state m5 w
6 29.226370 machine_state m6 w
6 29.226370 machine_state m7 w
6 29.226370 machine_state m8 w
6 29.226370 machine_state m9 w
6 29.226370 machine_state m10 w
6 29.226370 machine_state m11 w
6 29.226370 machine_state m12 w
6 29.226370 machine_state m13 w
6 29.226370 machine_state m14 w
6 29.226370 machine_state m15 w
5 jdb3eff!61 machine_state "db3eff!61" "0.000000 0.906250 1.000000"
6 29.247842 machine_state m0 jdb3eff!61
6 29.247842 machine_state m1 jdb3eff!61
6 29.247842 machine_state m2 jdb3eff!61
6 29.247842 machine_state m3 jdb3eff!61
6 29.247842 machine_state m4 jdb3eff!61
6 29.247842 machine_state m5 jdb3eff!61
6 29.247842 machine_state m6 jdb3eff!61
6 29.247842 machine_state m7 jdb3eff!61
6 29.247842 machine_state m8 jdb3eff!61
6 29.247842 machine_state m9 jdb3eff!61
6 29.247842 machine_state m10 jdb3eff!61
6 29.247842 machine_state m11 jdb3eff!61
6 29.247842 machine_state m12 jdb3eff!61
6 29.247842 machine_state m13 jdb3eff!61
6 29.247842 machine_state m14 jdb3eff!61
6 29.247842 machine_state m15 jdb3eff!61
6 29.279384 machine_state m60 w
6 29.279384 machine_state m61 w
6 29.279384 machine_state m62 w
6 29.279384 machine_state m63 w
6 29.703760 machine_state m36 w
6 29.703760 machine_state m37 w
6 29.703760 machine_state m38 w
6 29.703760 machine_state m39 w
6 29.703760 machine_state m40 w
6 29.703760 machine_state m41 w
6 29.703760 machine_state m42 w
6 29.703760 machine_state m43 w
6 29.703760 machine_state m44 w
6 29.703760 machine_state m45 w
6 29.703760 machine_state m46 w
6 29.703760 machine_state m47 w
6 29.703760 machine_state m48 w
6 29.703760 machine_state m49 w
6 29.703760 machine_state m50 w
6 29.703760 machine_state m51 w
5 jdb3eff!64 machine_state "db3eff!64" "0.218750 0.000000 1.000000"
6 29.725237 machine_state m32 jdb3eff!64
6 29.725237 machine_state m33 jdb3eff!64
6 29.725237 machine_state m34 jdb3eff!64
6 29.725237 machine_state m35 jdb3eff!64
6 29.725237 machine_state m36 jdb3eff!64
6 29.725237 machine_state m37 jdb3eff!64
6 29.725237 machine_state m38 jdb3eff!64
6 29.725237 machine_state m39 jdb3eff!64
6 29.725237 machine_state m40 jdb3eff!64
6 29.725237 machine_state m41 jdb3eff!64
6 29.725237 machine_state m42 jdb3eff!64
6 29.725237 machine_state m43 jdb3eff!64
6 29.725237 machine_state m44 jdb3eff!64
6 29.725237 machine_state m45 jdb3eff!64
6 29.725237 machine_state m46 jdb3eff!64
6 29.725237 machine_state m47 jdb3eff!64
5 jdb3eff!67 machine_state "db3eff!67" "0.031250 1.000000 0.000000"
6 29.733043 machine_state m48 jdb3eff!67
6 29.733043 machine_state m49 jdb3eff!67
6 29.733043 machine_state m50 jdb3eff!67
6 29.733043 machine_state m51 jdb3eff!67
6 29.733043 machine_state m52 jdb3eff!67
6 29.733043 machine_state m53 jdb3eff!67
6 29.733043 machine_state m54 jdb3eff!67
6 29.733043 machine_state m55 jdb3eff!67
6 29.733043 machine_state m56 jdb3eff!67
6 29.733043 machine_state m57 jdb3eff!67
6 29.733043 machine_state m58 jdb3eff!67
6 29.733043 machine_state m59 jdb3eff!67
6 29.733043 machine_state m60 jdb3eff!67
6 29.733043 machine_state m61 jdb3eff!67
6 29.733043 machine_state m62 jdb3eff!67
6 29.733043 machine_state m63 jdb3eff!67
6 31.074164 machine_state m16 w
6 31.074164 machine_state m17 w
6 31.074164 machine_state m18 w
6 31.074164 machine_state m19 w
6 31.074164 machine_state m20 w
6 31.074164 machine_state m21 w
6 31.074164 machine_state m22 w
6 31.074164 machine_state m23 w
6 31.074164 machine_state m24 w
6 31.074164 machine_state m25 w
6 31.074164 machine_state m26 w
6 31.074164 machine_state m27 w
6 31.074164 machine_state m28 w
6 31.074164 machine_state m29 w
6 31.074164 machine_state m30 w
6 31.074164 machine_state m31 w
5 jdb3eff!69 machine_state "db3eff!69" "0.000000 1.000000 0.906250"
6 31.095618 machine_state m16 jdb3eff!69
6 31.095618 machine_state m17 jdb3eff!69
6 31.095618 machine_state m18 jdb3eff!69
6 31.095618 machine_state m19 jdb3eff!69
6 31.095618 machine_state m20 jdb3eff!69
6 31.095618 machine_state m21 jdb3eff!69
6 31.095618 machine_state m22 jdb3eff!69
6 31.095618 machine_state m23 jdb3eff!69
6 31.095618 machine_state m24 jdb3eff!69
6 31.095618 machine_state m25 jdb3eff!69
6 31.095618 machine_state m26 jdb3eff!69
6 31.095618 machine_state m27 jdb3eff!69
6 31.095618 machine_state m28 jdb3eff!69
6 31.095618 machine_state m29 jdb3eff!69
6 31.095618 machine_state m30 jdb3eff!69
6 31.095618 machine_state m31 jdb3eff!69
6 32.871718 machine_state m32 w
6 32.871718 machine_state m33 w
6 32.871718 machine_state m34 w
6 32.871718 machine_state m35 w
6 32.871718 machine_state m36 w
6 32.871718 machine_state m37 w
6 32.871718 machine_state m38 w
6 32.871718 machine_state m39 w
6 32.871718 machine_state m40 w
6 32.871718 machine_state m41 w
6 32.871718 machine_state m42 w
6 32.871718 machine_state m43 w
6 32.871718 machine_state m44 w
6 32.871718 machine_state m45 w
6 32.871718 machine_state m46 w
6 32.871718 machine_state m47 w
5 jdb3eff!75 machine_state "db3eff!75" "0.781250 1.000000 0.000000"
6 32.893184 machine_state m32 jdb3eff!75
6 32.893184 machine_state m33 jdb3eff!75
6 32.893184 machine_state m34 jdb3eff!75
6 32.893184 machine_state m35 jdb3eff!75
6 32.893184 machine_state m36 jdb3eff!75
6 32.893184 machine_state m37 jdb3eff!75
6 32.893184 machine_state m38 jdb3eff!75
6 32.893184 machine_state m39 jdb3eff!75
6 32.893184 machine_state m40 jdb3eff!75
6 32.893184 machine_state m41 jdb3eff!75
6 32.893184 machine_state m42 jdb3eff!75
6 32.893184 machine_state m43 jdb3eff!75
6 32.893184 machine_state m44 jdb3eff!75
6 32.893184 machine_state m45 jdb3eff!75
6 32.893184 machine_state m46 jdb3eff!75
6 32.893184 machine_state m47 jdb3eff!75
6 35.058883 machine_state m0 w
6 35.058883 machine_state m1 w
6 35.058883 machine_state m2 w
6 35.058883 machine_state m3 w
6 35.058883 machine_state m4 w
6 35.058883 machine_state m5 w
6 35.058883 machine_state m6 w
6 35.058883 machine_state m7 w
6 35.058883 machine_state m8 w
6 35.058883 machine_state m9 w
6 35.058883 machine_state m10 w
6 35.058883 machine_state m11 w
6 35.058883 machine_state m12 w
6 35.058883 machine_state m13 w
6 35.058883 machine_state m14 w
6 35.058883 machine_state m15 w
5 jdb3eff!78 machine_state "db3eff!78" "0.218750 1.000000 0.000000"
6 35.080349 machine_state m0 jdb3eff!78
6 35.080349 machine_state m1 jdb3eff!78
6 35.080349 machine_state m2 jdb3eff!78
6 35.080349 machine_state m3 jdb3eff!78
6 35.080349 machine_state m4 jdb3eff!78
6 35.080349 machine_state m5 jdb3eff!78
6 35.080349 machine_state m6 jdb3eff!78
6 35.080349 machine_state m7 jdb3eff!78
6 35.080349 machine_state m8 jdb3eff!78
6 35.080349 machine_state m9 jdb3eff!78
6 35.080349 machine_state m10 jdb3eff!78
6 35.080349 machine_state m11 jdb3eff!78
6 35.080349 machine_state m12 jdb3eff!78
6 35.080349 machine_state m13 jdb3eff!78
6 35.080349 machine_state m14 jdb3eff!78
6 35.080349 machine_state m15 jdb3eff!78
6 35.888039 machine_state m48 w
6 35.888039 machine_state m49 w
6 35.888039 machine_state m50 w
6 35.888039 machine_state m51 w
6 35.888039 machine_state m52 w
6 35.888039 machine_state m53 w
6 35.888039 machine_state m54 w
6 35.888039 machine_state m55 w
6 35.888039 machine_state m56 w
6 35.888039 machine_state m57 w
6 35.888039 machine_state m58 w
6 35.888039 machine_state m59 w
6 35.888039 machine_state m60 w
6 35.888039 machine_state m61 w
6 35.888039 machine_state m62 w
6 35.888039 machine_state m63 w
5 jdb3eff!79 machine_state "db3eff!79" "0.000000 1.000000 0.437500"
6 35.909516 machine_state m48 jdb3eff!79
6 35.909516 machine_state m49 jdb3eff!79
6 35.909516 machine_state m50 jdb3eff!79
6 35.909516 machine_state m51 jdb3eff!79
6 35.909516 machine_state m52 jdb3eff!79
6 35.909516 machine_state m53 jdb3eff!79
6 35.909516 machine_state m54 jdb3eff!79
6 35.909516 machine_state m55 jdb3eff!79
6 35.909516 machine_state m56 jdb3eff!79
6 35.909516 machine_state m57 jdb3eff!79
6 35.909516 machine_state m58 jdb3eff!79
6 35.909516 machine_state m59 jdb3eff!79
6 35.909516 machine_state m60 jdb3eff!79
6 35.909516 machine_state m61 jdb3eff!79
6 35.909516 machine_state m62 jdb3eff!79
6 35.909516 machine_state m63 jdb3eff!79
6 36.118469 machine_state m0 w
6 36.118469 machine_state m1 w
6 36.118469 machine_state m2 w
6 36.118469 machine_state m3 w
6 36.118469 machine_state m4 w
6 36.118469 machine_state m5 w
6 36.118469 machine_state m6 w
6 36.118469 machine_state m7 w
6 36.118469 machine_state m8 w
6 36.118469 machine_state m9 w
6 36.118469 machine_state m10 w
6 36.118469 machine_state m11 w
6 36.118469 machine_state m12 w
6 36.118469 machine_state m13 w
6 36.118469 machine_state m14 w
6 36.118469 machine_state m15 w
5 jdb3eff!80 machine_state "db3eff!80" "0.687500 1.000000 0.000000"
6 36.139935 machine_state m0 jdb3eff!80
6 36.139935 machine_state m1 jdb3eff!80
6 36.139935 machine_state m2 jdb3eff!80
6 36.139935 machine_state m3 jdb3eff!80
6 36.139935 machine_state m4 jdb3eff!80
6 36.139935 machine_state m5 jdb3eff!80
6 36.139935 machine_state m6 jdb3eff!80
6 36.139935 machine_state m7 jdb3eff!80
6 36.139935 machine_state m8 jdb3eff!80
6 36.139935 machine_state m9 jdb3eff!80
6 36.139935 machine_state m10 jdb3eff!80
6 36.139935 machine_state m11 jdb3eff!80
6 36.139935 machine_state m12 jdb3eff!80
6 36.139935 machine_state m13 jdb3eff!80
6 36.139935 machine_state m14 jdb3eff!80
6 36.139935 machine_state m15 jdb3eff!80
6 37.250701 machine_state m16 w
6 37.250701 machine_state m17 w
6 37.250701 machine_state m18 w
6 37.250701 machine_state m19 w
6 37.250701 machine_state m20 w
6 37.250701 machine_state m21 w
6 37.250701 machine_state m22 w
6 37.250701 machine_state m23 w
6 37.250701 machine_state m24 w
6 37.250701 machine_state m25 w
6 37.250701 machine_state m26 w
6 37.250701 machine_state m27 w
6 37.250701 machine_state m28 w
6 37.250701 machine_state m29 w
6 37.250701 machine_state m30 w
6 37.250701 machine_state m31 w
5 jdb3eff!81 machine_state "db3eff!81" "0.000000 1.000000 0.625000"
6 37.272167 machine_state m16 jdb3eff!81
6 37.272167 machine_state m17 jdb3eff!81
6 37.272167 machine_state m18 jdb3eff!81
6 37.272167 machine_state m19 jdb3eff!81
6 37.272167 machine_state m20 jdb3eff!81
6 37.272167 machine_state m21 jdb3eff!81
6 37.272167 machine_state m22 jdb3eff!81
6 37.272167 machine_state m23 jdb3eff!81
6 37.272167 machine_state m24 jdb3eff!81
6 37.272167 machine_state m25 jdb3eff!81
6 37.272167 machine_state m26 jdb3eff!81
6 37.272167 machine_state m27 jdb3eff!81
6 37.272167 machine_state m28 jdb3eff!81
6 37.272167 machine_state m29 jdb3eff!81
6 37.272167 machine_state m30 jdb3eff!81
6 37.272167 machine_state m31 jdb3eff!81
6 39.047978 machine_state m32 w
6 39.047978 machine_state m33 w
6 39.047978 machine_state m34 w
6 39.047978 machine_state m35 w
6 39.047978 machine_state m36 w
6 39.047978 machine_state m37 w
6 39.047978 machine_state m38 w
6 39.047978 machine_state m39 w
6 39.047978 machine_state m40 w
6 39.047978 machine_state m41 w
6 39.047978 machine_state m42 w
6 39.047978 machine_state m43 w
6 39.047978 machine_state m44 w
6 39.047978 machine_state m45 w
6 39.047978 machine_state m46 w
6 39.047978 machine_state m47 w
6 39.055910 machine_state m48 w
6 39.055910 machine_state m49 w
6 39.055910 machine_state m50 w
6 39.055910 machine_state m51 w
6 39.055910 machine_state m52 w
6 39.055910 machine_state m53 w
6 39.055910 machine_state m54 w
6 39.055910 machine_state m55 w
6 39.055910 machine_state m56 w
6 39.055910 machine_state m57 w
6 39.055910 machine_state m58 w
6 39.055910 machine_state m59 w
6 39.055910 machine_state m60 w
6 39.055910 machine_state m61 w
6 39.055910 machine_state m62 w
6 39.055910 machine_state m63 w
5 jdb3eff!82 machine_state "db3eff!82" "0.000000 1.000000 0.531250"
6 39.083105 machine_state m32 jdb3eff!82
6 39.083105 machine_state m33 jdb3eff!82
6 39.083105 machine_state m34 jdb3eff!82
6 39.083105 machine_state m35 jdb3eff!82
6 39.083105 machine_state m36 jdb3eff!82
6 39.083105 machine_state m37 jdb3eff!82
6 39.083105 machine_state m38 jdb3eff!82
6 39.083105 machine_state m39 jdb3eff!82
6 39.083105 machine_state m40 jdb3eff!82
6 39.083105 machine_state m41 jdb3eff!82
6 39.083105 machine_state m42 jdb3eff!82
6 39.083105 machine_state m43 jdb3eff!82
6 39.083105 machine_state m44 jdb3eff!82
6 39.083105 machine_state m45 jdb3eff!82
6 39.083105 machine_state m46 jdb3eff!82
6 39.083105 machine_state m47 jdb3eff!82
5 jdb3eff!83 machine_state "db3eff!83" "1.000000 0.937500 0.000000"
6 39.098717 machine_state m48 jdb3eff!83
6 39.098717 machine_state m49 jdb3eff!83
6 39.098717 machine_state m50 jdb3eff!83
6 39.098717 machine_state m51 jdb3eff!83
6 39.098717 machine_state m52 jdb3eff!83
6 39.098717 machine_state m53 jdb3eff!83
6 39.098717 machine_state m54 jdb3eff!83
6 39.098717 machine_state m55 jdb3eff!83
6 39.098717 machine_state m56 jdb3eff!83
6 39.098717 machine_state m57 jdb3eff!83
6 39.098717 machine_state m58 jdb3eff!83
6 39.098717 machine_state m59 jdb3eff!83
6 39.098717 machine_state m60 jdb3eff!83
6 39.098717 machine_state m61 jdb3eff!83
6 39.098717 machine_state m62 jdb3eff!83
6 39.098717 machine_state m63 jdb3eff!83
6 40.418471 machine_state m16 w
6 40.418471 machine_state m17 w
6 40.418471 machine_state m18 w
6 40.418471 machine_state m19 w
6 40.418471 machine_state m20 w
6 40.418471 machine_state m21 w
6 40.418471 machine_state m22 w
6 40.418471 machine_state m23 w
6 40.418471 machine_state m24 w
6 40.418471 machine_state m25 w
6 40.418471 machine_state m26 w
6 40.418471 machine_state m27 w
6 40.418471 machine_state m28 w
6 40.418471 machine_state m29 w
6 40.418471 machine_state m30 w
6 40.418471 machine_state m31 w
5 jdb3eff!86 machine_state "db3eff!86" "1.000000 0.000000 0.562500"
6 40.439945 machine_state m16 jdb3eff!86
6 40.439945 machine_state m17 jdb3eff!86
6 40.439945 machine_state m18 jdb3eff!86
6 40.439945 machine_state m19 jdb3eff!86
6 40.439945 machine_state m20 jdb3eff!86
6 40.439945 machine_state m21 jdb3eff!86
6 40.439945 machine_state m22 jdb3eff!86
6 40.439945 machine_state m23 jdb3eff!86
6 40.439945 machine_state m24 jdb3eff!86
6 40.439945 machine_state m25 jdb3eff!86
6 40.439945 machine_state m26 jdb3eff!86
6 40.439945 machine_state m27 jdb3eff!86
6 40.439945 machine_state m28 jdb3eff!86
6 40.439945 machine_state m29 jdb3eff!86
6 40.439945 machine_state m30 jdb3eff!86
6 40.439945 machine_state m31 jdb3eff!86
6 41.931557 machine_state m0 w
6 41.931557 machine_state m1 w
6 41.931557 machine_state m2 w
6 41.931557 machine_state m3 w
6 41.931557 machine_state m4 w
6 41.931557 machine_state m5 w
6 41.931557 machine_state m6 w
6 41.931557 machine_state m7 w
6 41.931557 machine_state m8 w
6 41.931557 machine_state m9 w
6 41.931557 machine_state m10 w
6 41.931557 machine_state m11 w
6 41.931557 machine_state m12 w
6 41.931557 machine_state m13 w
6 41.931557 machine_state m14 w
6 41.931557 machine_state m15 w
5 jdb3eff!87 machine_state "db3eff!87" "1.000000 0.000000 0.750000"
6 41.953023 machine_state m0 jdb3eff!87
6 41.953023 machine_state m1 jdb3eff!87
6 41.953023 machine_state m2 jdb3eff!87
6 41.953023 machine_state m3 jdb3eff!87
6 41.953023 machine_state m4 jdb3eff!87
6 41.953023 machine_state m5 jdb3eff!87
6 41.953023 machine_state m6 jdb3eff!87
6 41.953023 machine_state m7 jdb3eff!87
6 41.953023 machine_state m8 jdb3eff!87
6 41.953023 machine_state m9 jdb3eff!87
6 41.953023 machine_state m10 jdb3eff!87
6 41.953023 machine_state m11 jdb3eff!87
6 41.953023 machine_state m12 jdb3eff!87
6 41.953023 machine_state m13 jdb3eff!87
6 41.953023 machine_state m14 jdb3eff!87
6 41.953023 machine_state m15 jdb3eff!87
6 42.116712 machine_state m0 w
6 42.116712 machine_state m1 w
6 42.116712 machine_state m2 w
6 42.116712 machine_state m3 w
6 42.116712 machine_state m4 w
6 42.116712 machine_state m5 w
6 42.116712 machine_state m6 w
6 42.116712 machine_state m7 w
6 42.116712 machine_state m8 w
6 42.116712 machine_state m9 w
6 42.116712 machine_state m10 w
6 42.116712 machine_state m11 w
6 42.116712 machine_state m12 w
6 42.116712 machine_state m13 w
6 42.116712 machine_state m14 w
6 42.116712 machine_state m15 w
5 jdb3eff!88 machine_state "db3eff!88" "0.000000 1.000000 1.000000"
6 42.138176 machine_state m0 jdb3eff!88
6 42.138176 machine_state m1 jdb3eff!88
6 42.138176 machine_state m2 jdb3eff!88
6 42.138176 machine_state m3 jdb3eff!88
6 42.138176 machine_state m4 jdb3eff!88
6 42.138176 machine_state m5 jdb3eff!88
6 42.138176 machine_state m6 jdb3eff!88
6 42.138176 machine_state m7 jdb3eff!88
6 42.138176 machine_state m8 jdb3eff!88
6 42.138176 machine_state m9 jdb3eff!88
6 42.138176 machine_state m10 jdb3eff!88
6 42.138176 machine_state m11 jdb3eff!88
6 42.138176 machine_state m12 jdb3eff!88
6 42.138176 machine_state m13 jdb3eff!88
6 42.138176 machine_state m14 jdb3eff!88
6 42.138176 machine_state m15 jdb3eff!88
6 43.175324 machine_state m0 w
6 43.175324 machine_state m1 w
6 43.175324 machine_state m2 w
6 43.175324 machine_state m3 w
6 43.175324 machine_state m4 w
6 43.175324 machine_state m5 w
6 43.175324 machine_state m6 w
6 43.175324 machine_state m7 w
6 43.175324 machine_state m8 w
6 43.175324 machine_state m9 w
6 43.175324 machine_state m10 w
6 43.175324 machine_state m11 w
6 43.175324 machine_state m12 w
6 43.175324 machine_state m13 w
6 43.175324 machine_state m14 w
6 43.175324 machine_state m15 w
5 jdb3eff!91 machine_state "db3eff!91" "0.875000 1.000000 0.000000"
6 43.196790 machine_state m0 jdb3eff!91
6 43.196790 machine_state m1 jdb3eff!91
6 43.196790 machine_state m2 jdb3eff!91
6 43.196790 machine_state m3 jdb3eff!91
6 43.196790 machine_state m4 jdb3eff!91
6 43.196790 machine_state m5 jdb3eff!91
6 43.196790 machine_state m6 jdb3eff!91
6 43.196790 machine_state m7 jdb3eff!91
6 43.196790 machine_state m8 jdb3eff!91
6 43.196790 machine_state m9 jdb3eff!91
6 43.196790 machine_state m10 jdb3eff!91
6 43.196790 machine_state m11 jdb3eff!91
6 43.196790 machine_state m12 jdb3eff!91
6 43.196790 machine_state m13 jdb3eff!91
6 43.196790 machine_state m14 jdb3eff!91
6 43.196790 machine_state m15 jdb3eff!91
6 43.585447 machine_state m16 w
6 43.585447 machine_state m17 w
6 43.585447 machine_state m18 w
6 43.585447 machine_state m19 w
6 43.585447 machine_state m20 w
6 43.585447 machine_state m21 w
6 43.585447 machine_state m22 w
6 43.585447 machine_state m23 w
6 43.585447 machine_state m24 w
6 43.585447 machine_state m25 w
6 43.585447 machine_state m26 w
6 43.585447 machine_state m27 w
6 43.585447 machine_state m28 w
6 43.585447 machine_state m29 w
6 43.585447 machine_state m30 w
6 43.585447 machine_state m31 w
5 jdb3eff!94 machine_state "db3eff!94" "0.968750 0.000000 1.000000"
6 43.606913 machine_state m16 jdb3eff!94
6 43.606913 machine_state m17 jdb3eff!94
6 43.606913 machine_state m18 jdb3eff!94
6 43.606913 machine_state m19 jdb3eff!94
6 43.606913 machine_state m20 jdb3eff!94
6 43.606913 machine_state m21 jdb3eff!94
6 43.606913 machine_state m22 jdb3eff!94
6 43.606913 machine_state m23 jdb3eff!94
6 43.606913 machine_state m24 jdb3eff!94
6 43.606913 machine_state m25 jdb3eff!94
6 43.606913 machine_state m26 jdb3eff!94
6 43.606913 machine_state m27 jdb3eff!94
6 43.606913 machine_state m28 jdb3eff!94
6 43.606913 machine_state m29 jdb3eff!94
6 43.606913 machine_state m30 jdb3eff!94
6 43.606913 machine_state m31 jdb3eff!94
6 44.847250 machine_state m32 w
6 44.847250 machine_state m33 w
6 44.847250 machine_state m34 w
6 44.847250 machine_state m35 w
6 44.847250 machine_state m36 w
6 44.847250 machine_state m37 w
6 44.847250 machine_state m38 w
6 44.847250 machine_state m39 w
6 44.847250 machine_state m40 w
6 44.847250 machine_state m41 w
6 44.847250 machine_state m42 w
6 44.847250 machine_state m43 w
6 44.847250 machine_state m44 w
6 44.847250 machine_state m45 w
6 44.847250 machine_state m46 w
6 44.847250 machine_state m47 w
6 44.859131 machine_state m48 w
6 44.859131 machine_state m49 w
6 44.859131 machine_state m50 w
6 44.859131 machine_state m51 w
6 44.859131 machine_state m52 w
6 44.859131 machine_state m53 w
6 44.859131 machine_state m54 w
6 44.859131 machine_state m55 w
6 44.859131 machine_state m56 w
6 44.859131 machine_state m57 w
6 44.859131 machine_state m58 w
6 44.859131 machine_state m59 w
6 44.859131 machine_state m60 w
6 44.859131 machine_state m61 w
6 44.859131 machine_state m62 w
6 44.859131 machine_state m63 w
5 jdb3eff!96 machine_state "db3eff!96" "1.000000 0.093750 0.000000"
6 44.882377 machine_state m32 jdb3eff!96
6 44.882377 machine_state m33 jdb3eff!96
6 44.882377 machine_state m34 jdb3eff!96
6 44.882377 machine_state m35 jdb3eff!96
6 44.882377 machine_state m36 jdb3eff!96
6 44.882377 machine_state m37 jdb3eff!96
6 44.882377 machine_state m38 jdb3eff!96
6 44.882377 machine_state m39 jdb3eff!96
6 44.882377 machine_state m40 jdb3eff!96
6 44.882377 machine_state m41 jdb3eff!96
6 44.882377 machine_state m42 jdb3eff!96
6 44.882377 machine_state m43 jdb3eff!96
6 44.882377 machine_state m44 jdb3eff!96
6 44.882377 machine_state m45 jdb3eff!96
6 44.882377 machine_state m46 jdb3eff!96
6 44.882377 machine_state m47 jdb3eff!96
5 jdb3eff!98 machine_state "db3eff!98" "1.000000 0.000000 0.656250"
6 44.897988 machine_state m48 jdb3eff!98
6 44.897988 machine_state m49 jdb3eff!98
6 44.897988 machine_state m50 jdb3eff!98
6 44.897988 machine_state m51 jdb3eff!98
6 44.897988 machine_state m52 jdb3eff!98
6 44.897988 machine_state m53 jdb3eff!98
6 44.897988 machine_state m54 jdb3eff!98
6 44.897988 machine_state m55 jdb3eff!98
6 44.897988 machine_state m56 jdb3eff!98
6 44.897988 machine_state m57 jdb3eff!98
6 44.897988 machine_state m58 jdb3eff!98
6 44.897988 machine_state m59 jdb3eff!98
6 44.897988 machine_state m60 jdb3eff!98
6 44.897988 machine_state m61 jdb3eff!98
6 44.897988 machine_state m62 jdb3eff!98
6 44.897988 machine_state m63 jdb3eff!98
6 46.343568 machine_state m0 w
6 46.343568 machine_state m1 w
6 46.343568 machine_state m2 w
6 46.343568 machine_state m3 w
6 46.343568 machine_state m4 w
6 46.343568 machine_state m5 w
6 46.343568 machine_state m6 w
6 46.343568 machine_state m7 w
6 46.343568 machine_state m8 w
6 46.343568 machine_state m9 w
6 46.343568 machine_state m10 w
6 46.343568 machine_state m11 w
6 46.343568 machine_state m12 w
6 46.343568 machine_state m13 w
6 46.343568 machine_state m14 w
6 46.343568 machine_state m15 w
5 jdb3eff!100 machine_state "db3eff!100" "0.500000 0.000000 1.000000"
6 46.365045 machine_state m0 jdb3eff!100
6 46.365045 machine_state m1 jdb3eff!100
6 46.365045 machine_state m2 jdb3eff!100
6 46.365045 machine_state m3 jdb3eff!100
6 46.365045 machine_state m4 jdb3eff!100
6 46.365045 machine_state m5 jdb3eff!100
6 46.365045 machine_state m6 jdb3eff!100
6 46.365045 machine_state m7 jdb3eff!100
6 46.365045 machine_state m8 jdb3eff!100
6 46.365045 machine_state m9 jdb3eff!100
6 46.365045 machine_state m10 jdb3eff!100
6 46.365045 machine_state m11 jdb3eff!100
6 46.365045 machine_state m12 jdb3eff!100
6 46.365045 machine_state m13 jdb3eff!100
6 46.365045 machine_state m14 jdb3eff!100
6 46.365045 machine_state m15 jdb3eff!100
6 48.457715 machine_state m48 w
6 48.457715 machine_state m49 w
6 48.457715 machine_state m50 w
6 48.457715 machine_state m51 w
6 48.457715 machine_state m52 w
6 48.457715 machine_state m53 w
6 48.457715 machine_state m54 w
6 48.457715 machine_state m55 w
6 48.457715 machine_state m56 w
6 48.457715 machine_state m57 w
6 48.457715 machine_state m58 w
6 48.457715 machine_state m59 w
6 48.457715 machine_state m60 w
6 48.457715 machine_state m61 w
6 48.457715 machine_state m62 w
6 48.457715 machine_state m63 w
6 49.378615 machine_state m16 w
6 49.378615 machine_state m17 w
6 49.378615 machine_state m18 w
6 49.378615 machine_state m19 w
6 49.378615 machine_state m20 w
6 49.378615 machine_state m21 w
6 49.378615 machine_state m22 w
6 49.378615 machine_state m23 w
6 49.378615 machine_state m24 w
6 49.378615 machine_state m25 w
6 49.378615 machine_state m26 w
6 49.378615 machine_state m27 w
6 49.378615 machine_state m28 w
6 49.378615 machine_state m29 w
6 49.378615 machine_state m30 w
6 49.378615 machine_state m31 w
6 49.925280 machine_state m0 w
6 49.925280 machine_state m1 w
6 49.925280 machine_state m2 w
6 49.925280 machine_state m3 w
6 49.925280 machine_state m4 w
6 49.925280 machine_state m5 w
6 49.925280 machine_state m6 w
6 49.925280 machine_state m7 w
6 49.925280 machine_state m8 w
6 49.925280 machine_state m9 w
6 49.925280 machine_state m10 w
6 49.925280 machine_state m11 w
6 49.925280 machine_state m12 w
6 49.925280 machine_state m13 w
6 49.925280 machine_state m14 w
6 49.925280 machine_state m15 w
6 51.038152 machine_state m32 w
6 51.038152 machine_state m33 w
6 51.038152 machine_state m34 w
6 51.038152 machine_state m35 w
6 51.038152 machine_state m36 w
6 51.038152 machine_state m37 w
6 51.038152 machine_state m38 w
6 51.038152 machine_state m39 w
6 51.038152 machine_state m40 w
6 51.038152 machine_state m41 w
6 51.038152 machine_state m42 w
6 51.038152 machine_state m43 w
6 51.038152 machine_state m44 w
6 51.038152 machine_state m45 w
6 51.038152 machine_state m46 w
6 51.038152 machine_state m47 w

# End of events, containers destruction
3 51.059618 m0 machine_ct
3 51.059618 m1 machine_ct
3 51.059618 m2 machine_ct
3 51.059618 m3 machine_ct
3 51.059618 m4 machine_ct
3 51.059618 m5 machine_ct
3 51.059618 m6 machine_ct
3 51.059618 m7 machine_ct
3 51.059618 m8 machine_ct
3 51.059618 m9 machine_ct
3 51.059618 m10 machine_ct
3 51.059618 m11 machine_ct
3 51.059618 m12 machine_ct
3 51.059618 m13 machine_ct
3 51.059618 m14 machine_ct
3 51.059618 m15 machine_ct
3 51.059618 m16 machine_ct
3 51.059618 m17 machine_ct
3 51.059618 m18 machine_ct
3 51.059618 m19 machine_ct
3 51.059618 m20 machine_ct
3 51.059618 m21 machine_ct
3 51.059618 m22 machine_ct
3 51.059618 m23 machine_ct
3 51.059618 m24 machine_ct
3 51.059618 m25 machine_ct
3 51.059618 m26 machine_ct
3 51.059618 m27 machine_ct
3 51.059618 m28 machine_ct
3 51.059618 m29 machine_ct
3 51.059618 m30 machine_ct
3 51.059618 m31 machine_ct
3 51.059618 m32 machine_ct
3 51.059618 m33 machine_ct
3 51.059618 m34 machine_ct
3 51.059618 m35 machine_ct
3 51.059618 m36 machine_ct
3 51.059618 m37 machine_ct
3 51.059618 m38 machine_ct
3 51.059618 m39 machine_ct
3 51.059618 m40 machine_ct
3 51.059618 m41 machine_ct
3 51.059618 m42 machine_ct
3 51.059618 m43 machine_ct
3 51.059618 m44 machine_ct
3 51.059618 m45 machine_ct
3 51.059618 m46 machine_ct
3 51.059618 m47 machine_ct
3 51.059618 m48 machine_ct
3 51.059618 m49 machine_ct
3 51.059618 m50 machine_ct
3 51.059618 m51 machine_ct
3 51.059618 m52 machine_ct
3 51.059618 m53 machine_ct
3 51.059618 m54 machine_ct
3 51.059618 m55 machine_ct
3 51.059618 m56 machine_ct
3 51.059618 m57 machine_ct
3 51.059618 m58 machine_ct
3 51.059618 m59 machine_ct
3 51.059618 m60 machine_ct
3 51.059618 m61 machine_ct
3 51.059618 m62 machine_ct
3 51.059618 m63 machine_ct
3 51.059618 root root_ct
