variant_options = '{"custom_mapping": true}'
Received '{"now":0.000000,"events":[{"timestamp":0.000000,"type":"SIMULATION_BEGINS","data":{"nb_resources":64,"allow_time_sharing":false,"config":{"redis":{"enabled":false,"hostname":"127.0.0.1","port":6379,"prefix":"default"},"job_submission":{"forward_profiles":false,"from_scheduler":{"enabled":false,"acknowledge":true}}},"resources_data":[{"id":0,"name":"node-0.simgrid.org","state":"idle","properties":{}},{"id":1,"name":"node-1.simgrid.org","state":"idle","properties":{}},{"id":2,"name":"node-2.simgrid.org","state":"idle","properties":{}},{"id":3,"name":"node-3.simgrid.org","state":"idle","properties":{}},{"id":4,"name":"node-4.simgrid.org","state":"idle","properties":{}},{"id":5,"name":"node-5.simgrid.org","state":"idle","properties":{}},{"id":6,"name":"node-6.simgrid.org","state":"idle","properties":{}},{"id":7,"name":"node-7.simgrid.org","state":"idle","properties":{}},{"id":8,"name":"node-8.simgrid.org","state":"idle","properties":{}},{"id":9,"name":"node-9.simgrid.org","state":"idle","properties":{}},{"id":10,"name":"node-10.simgrid.org","state":"idle","properties":{}},{"id":11,"name":"node-11.simgrid.org","state":"idle","properties":{}},{"id":12,"name":"node-12.simgrid.org","state":"idle","properties":{}},{"id":13,"name":"node-13.simgrid.org","state":"idle","properties":{}},{"id":14,"name":"node-14.simgrid.org","state":"idle","properties":{}},{"id":15,"name":"node-15.simgrid.org","state":"idle","properties":{}},{"id":16,"name":"node-16.simgrid.org","state":"idle","properties":{}},{"id":17,"name":"node-17.simgrid.org","state":"idle","properties":{}},{"id":18,"name":"node-18.simgrid.org","state":"idle","properties":{}},{"id":19,"name":"node-19.simgrid.org","state":"idle","properties":{}},{"id":20,"name":"node-20.simgrid.org","state":"idle","properties":{}},{"id":21,"name":"node-21.simgrid.org","state":"idle","properties":{}},{"id":22,"name":"node-22.simgrid.org","state":"idle","properties":{}},{"id":23,"name":"node-23.simgrid.org","state":"idle","properties":{}},{"id":24,"name":"node-24.simgrid.org","state":"idle","properties":{}},{"id":25,"name":"node-25.simgrid.org","state":"idle","properties":{}},{"id":26,"name":"node-26.simgrid.org","state":"idle","properties":{}},{"id":27,"name":"node-27.simgrid.org","state":"idle","properties":{}},{"id":28,"name":"node-28.simgrid.org","state":"idle","properties":{}},{"id":29,"name":"node-29.simgrid.org","state":"idle","properties":{}},{"id":30,"name":"node-30.simgrid.org","state":"idle","properties":{}},{"id":31,"name":"node-31.simgrid.org","state":"idle","properties":{}},{"id":32,"name":"node-32.simgrid.org","state":"idle","properties":{}},{"id":33,"name":"node-33.simgrid.org","state":"idle","properties":{}},{"id":34,"name":"node-34.simgrid.org","state":"idle","properties":{}},{"id":35,"name":"node-35.simgrid.org","state":"idle","properties":{}},{"id":36,"name":"node-36.simgrid.org","state":"idle","properties":{}},{"id":37,"name":"node-37.simgrid.org","state":"idle","properties":{}},{"id":38,"name":"node-38.simgrid.org","state":"idle","properties":{}},{"id":39,"name":"node-39.simgrid.org","state":"idle","properties":{}},{"id":40,"name":"node-40.simgrid.org","state":"idle","properties":{}},{"id":41,"name":"node-41.simgrid.org","state":"idle","properties":{}},{"id":42,"name":"node-42.simgrid.org","state":"idle","properties":{}},{"id":43,"name":"node-43.simgrid.org","state":"idle","properties":{}},{"id":44,"name":"node-44.simgrid.org","state":"idle","properties":{}},{"id":45,"name":"node-45.simgrid.org","state":"idle","properties":{}},{"id":46,"name":"node-46.simgrid.org","state":"idle","properties":{}},{"id":47,"name":"node-47.simgrid.org","state":"idle","properties":{}},{"id":48,"name":"node-48.simgrid.org","state":"idle","properties":{}},{"id":49,"name":"node-49.simgrid.org","state":"idle","properties":{}},{"id":50,"name":"node-50.simgrid.org","state":"idle","properties":{}},{"id":51,"name":"node-51.simgrid.org","state":"idle","properties":{}},{"id":52,"name":"node-52.simgrid.org","state":"idle","properties":{}},{"id":53,"name":"node-53.simgrid.org","state":"idle","properties":{}},{"id":54,"name":"node-54.simgrid.org","state":"idle","properties":{}},{"id":55,"name":"node-55.simgrid.org","state":"idle","properties":{}},{"id":56,"name":"node-56.simgrid.org","state":"idle","properties":{}},{"id":57,"name":"node-57.simgrid.org","state":"idle","properties":{}},{"id":58,"name":"node-58.simgrid.org","state":"idle","properties":{}},{"id":59,"name":"node-59.simgrid.org","state":"idle","properties":{}},{"id":60,"name":"node-60.simgrid.org","state":"idle","properties":{}},{"id":61,"name":"node-61.simgrid.org","state":"idle","properties":{}},{"id":62,"name":"node-62.simgrid.org","state":"idle","properties":{}},{"id":63,"name":"node-63.simgrid.org","state":"idle","properties":{}}],"workloads":{"ebdc2a":"/github-simgrid/190311/../batsim-v2.0.0/workload_profiles/npb_120_jobs.json"}}}]}'
Sending '{"now":0.0,"events":[]}'
Received '{"now":0.023418,"events":[{"timestamp":0.023418,"type":"JOB_SUBMITTED","data":{"job_id":"ebdc2a!1","job":{"id":"ebdc2a!1","profile":"IS.S.16","res":16,"subtime":0.000309,"walltime":4200}}}]}'
Sending '{"now":0.023418,"events":[{"timestamp":0.023418,"type":"EXECUTE_JOB","data":{"job_id":"ebdc2a!1","alloc":"0-15"}}]}'
Received '{"now":0.175934,"events":[{"timestamp":0.175934,"type":"JOB_SUBMITTED","data":{"job_id":"ebdc2a!2","job":{"id":"ebdc2a!2","profile":"MG.S.16","res":16,"subtime":0.168128,"walltime":4200}}}]}'
Sending '{"now":0.175934,"events":[{"timestamp":0.175934,"type":"EXECUTE_JOB","data":{"job_id":"ebdc2a!2","alloc":"16-31"}}]}'
Received '{"now":0.208767,"events":[{"timestamp":0.208767,"type":"JOB_COMPLETED","data":{"job_id":"ebdc2a!1","job_state":"COMPLETED_SUCCESSFULLY","return_code":0,"kill_reason":"","alloc":"0-15"}}]}'
Sending '{"now":0.208767,"events":[]}'
Received '{"now":0.224379,"events":[{"timestamp":0.224379,"type":"JOB_SUBMITTED","data":{"job_id":"ebdc2a!3","job":{"id":"ebdc2a!3","profile":"LU.S.4","res":4,"subtime":0.214999,"walltime":4200}}}]}'
Sending '{"now":0.224379,"events":[{"timestamp":0.224379,"type":"EXECUTE_JOB","data":{"job_id":"ebdc2a!3","alloc":"0-3"}}]}'
Received '{"now":1.028184,"events":[{"timestamp":1.028184,"type":"JOB_SUBMITTED","data":{"job_id":"ebdc2a!4","job":{"id":"ebdc2a!4","profile":"LU.S.16","res":16,"subtime":1.020378,"walltime":4200}}}]}'
Sending '{"now":1.028184,"events":[{"timestamp":1.028184,"type":"EXECUTE_JOB","data":{"job_id":"ebdc2a!4","alloc":"32-47"}}]}'
Received '{"now":1.055321,"events":[{"timestamp":1.055321,"type":"JOB_SUBMITTED","data":{"job_id":"ebdc2a!5","job":{"id":"ebdc2a!5","profile":"SP.S.4","res":4,"subtime":1.047515,"walltime":4200}}}]}'
Sending '{"now":1.055321,"events":[{"timestamp":1.055321,"type":"EXECUTE_JOB","data":{"job_id":"ebdc2a!5","alloc":"4-7"}}]}'
Received '{"now":1.199905,"events":[{"timestamp":1.199905,"type":"JOB_SUBMITTED","data":{"job_id":"ebdc2a!6","job":{"id":"ebdc2a!6","profile":"SP.S.16","res":16,"subtime":1.192099,"walltime":4200}}}]}'
Sending '{"now":1.199905,"events":[{"timestamp":1.199905,"type":"EXECUTE_JOB","data":{"job_id":"ebdc2a!6","alloc":"48-63"}}]}'
Received '{"now":1.235610,"events":[{"timestamp":1.235610,"type":"JOB_COMPLETED","data":{"job_id":"ebdc2a!2","job_state":"COMPLETED_SUCCESSFULLY","return_code":0,"kill_reason":"","alloc":"16-31"}}]}'
Sending '{"now":1.23561,"events":[]}'
Received '{"now":1.405023,"events":[{"timestamp":1.405023,"type":"JOB_SUBMITTED","data":{"job_id":"ebdc2a!7","job":{"id":"ebdc2a!7","profile":"BT.S.4","res":4,"subtime":1.397217,"walltime":4200}}}]}'
Sending '{"now":1.405023,"events":[{"timestamp":1.405023,"type":"EXECUTE_JOB","data":{"job_id":"ebdc2a!7","alloc":"8-11"}}]}'
Received '{"now":1.798389,"events":[{"timestamp":1.798389,"type":"JOB_SUBMITTED","data":{"job_id":"ebdc2a!8","job":{"id":"ebdc2a!8","profile":"IS.S.4","res":4,"subtime":1.790591,"walltime":4200}}}]}'
Sending '{"now":1.798389,"events":[{"timestamp":1.798389,"type":"EXECUTE_JOB","data":{"job_id":"ebdc2a!8","alloc":"12-15"}}]}'
Received '{"now":1.923652,"events":[{"timestamp":1.923652,"type":"JOB_COMPLETED","data":{"job_id":"ebdc2a!8","job_state":"COMPLETED_SUCCESSFULLY","return_code":0,"kill_reason":"","alloc":"12-15"}}]}'
Sending '{"now":1.923652,"events":[]}'
Received '{"now":2.074789,"events":[{"timestamp":2.074789,"type":"JOB_COMPLETED","data":{"job_id":"ebdc2a!7","job_state":"COMPLETED_SUCCESSFULLY","return_code":0,"kill_reason":"","alloc":"8-11"}}]}'
Sending '{"now":2.074789,"events":[]}'
Received '{"now":2.169338,"events":[{"timestamp":2.169338,"type":"JOB_SUBMITTED","data":{"job_id":"ebdc2a!9","job":{"id":"ebdc2a!9","profile":"BT.S.4","res":4,"subtime":2.161532,"walltime":4200}}}]}'
Sending '{"now":2.169338,"events":[{"timestamp":2.169338,"type":"EXECUTE_JOB","data":{"job_id":"ebdc2a!9","alloc":"8-11"}}]}'
Received '{"now":2.192746,"events":[{"timestamp":2.184940,"type":"JOB_SUBMITTED","data":{"job_id":"ebdc2a!10","job":{"id":"ebdc2a!10","profile":"BT.S.4","res":4,"subtime":2.176730,"walltime":4200}}}]}'
Sending '{"now":2.192746,"events":[{"timestamp":2.18494,"type":"EXECUTE_JOB","data":{"job_id":"ebdc2a!10","alloc":"12-15"}}]}'
Received '{"now":2.323605,"events":[{"timestamp":2.323605,"type":"JOB_COMPLETED","data":{"job_id":"ebdc2a!5","job_state":"COMPLETED_SUCCESSFULLY","return_code":0,"kill_reason":"","alloc":"4-7"}}]}'
Sending '{"now":2.323605,"events":[]}'
Received '{"now":2.351150,"events":[{"timestamp":2.351150,"type":"JOB_SUBMITTED","data":{"job_id":"ebdc2a!11","job":{"id":"ebdc2a!11","profile":"CG.S.16","res":16,"subtime":2.343344,"walltime":4200}}}]}'
Sending '{"now":2.35115,"events":[{"timestamp":2.35115,"type":"EXECUTE_JOB","data":{"job_id":"ebdc2a!11","alloc":"16-31"}}]}'
Received '{"now":2.640613,"events":[{"timestamp":2.640613,"type":"JOB_COMPLETED","data":{"job_id":"ebdc2a!3","job_state":"COMPLETED_SUCCESSFULLY","return_code":0,"kill_reason":"","alloc":"0-3"}}]}'
Sending '{"now":2.640613,"events":[]}'
Received '{"now":2.775903,"events":[{"timestamp":2.775903,"type":"JOB_SUBMITTED","data":{"job_id":"ebdc2a!12","job":{"id":"ebdc2a!12","profile":"FT.S.16","res":16,"subtime":2.768097,"walltime":4200}}}]}'
Sending '{"now":2.775903,"events":[]}'
Received '{"now":2.839264,"events":[{"timestamp":2.839264,"type":"JOB_COMPLETED","data":{"job_id":"ebdc2a!9","job_state":"COMPLETED_SUCCESSFULLY","return_code":0,"kill_reason":"","alloc":"8-11"}}]}'
Sending '{"now":2.839264,"events":[]}'
Received '{"now":2.862666,"events":[{"timestamp":2.862666,"type":"JOB_COMPLETED","data":{"job_id":"ebdc2a!10","job_state":"COMPLETED_SUCCESSFULLY","return_code":0,"kill_reason":"","alloc":"12-15"}}]}'
Sending '{"now":2.862666,"events":[{"timestamp":2.862666,"type":"EXECUTE_JOB","data":{"job_id":"ebdc2a!12","alloc":"0-15"}}]}'
Received '{"now":3.072808,"events":[{"timestamp":3.072808,"type":"JOB_SUBMITTED","data":{"job_id":"ebdc2a!13","job":{"id":"ebdc2a!13","profile":"LU.S.4","res":4,"subtime":3.065002,"walltime":4200}}}]}'
Sending '{"now":3.072808,"events":[]}'
Received '{"now":3.185916,"events":[{"timestamp":3.185916,"type":"JOB_COMPLETED","data":{"job_id":"ebdc2a!12","job_state":"COMPLETED_SUCCESSFULLY","return_code":0,"kill_reason":"","alloc":"0-15"}}]}'
Sending '{"now":3.185916,"events":[{"timestamp":3.185916,"type":"EXECUTE_JOB","data":{"job_id":"ebdc2a!13","alloc":"0-3"}}]}'
Received '{"now":3.209333,"events":[{"timestamp":3.193722,"type":"JOB_SUBMITTED","data":{"job_id":"ebdc2a!14","job":{"id":"ebdc2a!14","profile":"SP.S.16","res":16,"subtime":3.172321,"walltime":4200}}}]}'
Sending '{"now":3.209333,"events":[]}'
Received '{"now":3.277888,"events":[{"timestamp":3.277888,"type":"JOB_SUBMITTED","data":{"job_id":"ebdc2a!15","job":{"id":"ebdc2a!15","profile":"SP.S.4","res":4,"subtime":3.270090,"walltime":4200}}}]}'
Sending '{"now":3.277888,"events":[{"timestamp":3.277888,"type":"EXECUTE_JOB","data":{"job_id":"ebdc2a!15","alloc":"4-7"}}]}'
Received '{"now":3.514013,"events":[{"timestamp":3.514013,"type":"JOB_SUBMITTED","data":{"job_id":"ebdc2a!16","job":{"id":"ebdc2a!16","profile":"BT.S.4","res":4,"subtime":3.506207,"walltime":4200}}}]}'
Sending '{"now":3.514013,"events":[{"timestamp":3.514013,"type":"EXECUTE_JOB","data":{"job_id":"ebdc2a!16","alloc":"8-11"}}]}'
Received '{"now":3.715580,"events":[{"timestamp":3.715580,"type":"JOB_SUBMITTED","data":{"job_id":"ebdc2a!17","job":{"id":"ebdc2a!17","profile":"IS.S.16","res":16,"subtime":3.707774,"walltime":4200}}}]}'
Sending '{"now":3.71558,"events":[]}'
Received '{"now":3.912957,"events":[{"timestamp":3.912957,"type":"JOB_SUBMITTED","data":{"job_id":"ebdc2a!18","job":{"id":"ebdc2a!18","profile":"CG.S.4","res":4,"subtime":3.905151,"walltime":4200}}}]}'
Sending '{"now":3.912957,"events":[{"timestamp":3.912957,"type":"EXECUTE_JOB","data":{"job_id":"ebdc2a!18","alloc":"12-15"}}]}'
Received '{"now":3.962168,"events":[{"timestamp":3.962168,"type":"JOB_SUBMITTED","data":{"job_id":"ebdc2a!19","job":{"id":"ebdc2a!19","profile":"MG.S.16","res":16,"subtime":3.954371,"walltime":4200}}}]}'
Sending '{"now":3.962168,"events":[]}'
Received '{"now":4.164095,"events":[{"timestamp":4.164095,"type":"JOB_SUBMITTED","data":{"job_id":"ebdc2a!20","job":{"id":"ebdc2a!20","profile":"MG.S.4","res":4,"subtime":4.156289,"walltime":4200}}}]}'
Sending '{"now":4.164095,"events":[]}'
Received '{"now":4.185562,"events":[{"timestamp":4.185562,"type":"JOB_COMPLETED","data":{"job_id":"ebdc2a!16","job_state":"COMPLETED_SUCCESSFULLY","return_code":0,"kill_reason":"","alloc":"8-11"}}]}'
Sending '{"now":4.185562,"events":[{"timestamp":4.185562,"type":"EXECUTE_JOB","data":{"job_id":"ebdc2a!20","alloc":"8-11"}}]}'
Received '{"now":4.547359,"events":[{"timestamp":4.547359,"type":"JOB_SUBMITTED","data":{"job_id":"ebdc2a!21","job":{"id":"ebdc2a!21","profile":"SP.S.16","res":16,"subtime":4.539553,"walltime":4200}}}]}'
Sending '{"now":4.547359,"events":[]}'
Received '{"now":4.568819,"events":[{"timestamp":4.568819,"type":"JOB_COMPLETED","data":{"job_id":"ebdc2a!15","job_state":"COMPLETED_SUCCESSFULLY","return_code":0,"kill_reason":"","alloc":"4-7"}}]}'
Sending '{"now":4.568819,"events":[]}'
Received '{"now":4.641114,"events":[{"timestamp":4.641114,"type":"JOB_SUBMITTED","data":{"job_id":"ebdc2a!22","job":{"id":"ebdc2a!22","profile":"FT.S.4","res":4,"subtime":4.633314,"walltime":4200}}}]}'
Sending '{"now":4.641114,"events":[{"timestamp":4.641114,"type":"EXECUTE_JOB","data":{"job_id":"ebdc2a!22","alloc":"4-7"}}]}'
Received '{"now":4.744945,"events":[{"timestamp":4.744945,"type":"JOB_COMPLETED","data":{"job_id":"ebdc2a!20","job_state":"COMPLETED_SUCCESSFULLY","return_code":0,"kill_reason":"","alloc":"8-11"}}]}'
Sending '{"now":4.744945,"events":[]}'
Received '{"now":4.820206,"events":[{"timestamp":4.820206,"type":"JOB_COMPLETED","data":{"job_id":"ebdc2a!22","job_state":"COMPLETED_SUCCESSFULLY","return_code":0,"kill_reason":"","alloc":"4-7"}}]}'
Sending '{"now":4.820206,"events":[]}'
Received '{"now":5.024936,"events":[{"timestamp":5.024936,"type":"JOB_SUBMITTED","data":{"job_id":"ebdc2a!23","job":{"id":"ebdc2a!23","profile":"CG.S.16","res":16,"subtime":5.017135,"walltime":4200}}}]}'
Sending '{"now":5.024936,"events":[]}'
Received '{"now":5.046403,"events":[{"timestamp":5.038597,"type":"JOB_COMPLETED","data":{"job_id":"ebdc2a!18","job_state":"COMPLETED_SUCCESSFULLY","return_code":0,"kill_reason":"","alloc":"12-15"}}]}'
Sending '{"now":5.046403,"events":[]}'
Received '{"now":5.178574,"events":[{"timestamp":5.178574,"type":"JOB_SUBMITTED","data":{"job_id":"ebdc2a!24","job":{"id":"ebdc2a!24","profile":"CG.S.16","res":16,"subtime":5.170768,"walltime":4200}}}]}'
Sending '{"now":5.178574,"events":[]}'
Received '{"now":5.609695,"events":[{"timestamp":5.609695,"type":"JOB_COMPLETED","data":{"job_id":"ebdc2a!13","job_state":"COMPLETED_SUCCESSFULLY","return_code":0,"kill_reason":"","alloc":"0-3"}}]}'
Sending '{"now":5.609695,"events":[{"timestamp":5.609695,"type":"EXECUTE_JOB","data":{"job_id":"ebdc2a!14","alloc":"0-15"}}]}'
Received '{"now":5.655859,"events":[{"timestamp":5.655859,"type":"JOB_SUBMITTED","data":{"job_id":"ebdc2a!25","job":{"id":"ebdc2a!25","profile":"CG.S.4","res":4,"subtime":5.648059,"walltime":4200}}}]}'
Sending '{"now":5.655859,"events":[]}'
Received '{"now":5.900318,"events":[{"timestamp":5.900318,"type":"JOB_SUBMITTED","data":{"job_id":"ebdc2a!26","job":{"id":"ebdc2a!26","profile":"CG.S.16","res":16,"subtime":5.892512,"walltime":4200}}}]}'
Sending '{"now":5.900318,"events":[]}'
Received '{"now":5.932132,"events":[{"timestamp":5.932132,"type":"JOB_COMPLETED","data":{"job_id":"ebdc2a!11","job_state":"COMPLETED_SUCCESSFULLY","return_code":0,"kill_reason":"","alloc":"16-31"}}]}'
Sending '{"now":5.932132,"events":[{"timestamp":5.932132,"type":"EXECUTE_JOB","data":{"job_id":"ebdc2a!17","alloc":"16-31"}}]}'
Received '{"now":6.012476,"events":[{"timestamp":6.012476,"type":"JOB_SUBMITTED","data":{"job_id":"ebdc2a!27","job":{"id":"ebdc2a!27","profile":"FT.S.16","res":16,"subtime":6.004678,"walltime":4200}}}]}'
Sending '{"now":6.012476,"events":[]}'
Received '{"now":6.076349,"events":[{"timestamp":6.076349,"type":"JOB_SUBMITTED","data":{"job_id":"ebdc2a!28","job":{"id":"ebdc2a!28","profile":"SP.S.16","res":16,"subtime":6.068549,"walltime":4200}}}]}'
Sending '{"now":6.0763489999999999,"events":[]}'
Received '{"now":6.091956,"events":[{"timestamp":6.091956,"type":"JOB_SUBMITTED","data":{"job_id":"ebdc2a!29","job":{"id":"ebdc2a!29","profile":"LU.S.16","res":16,"subtime":6.076547,"walltime":4200}}}]}'
Sending '{"now":6.091956,"events":[]}'
Received '{"now":6.117289,"events":[{"timestamp":6.117289,"type":"JOB_COMPLETED","data":{"job_id":"ebdc2a!17","job_state":"COMPLETED_SUCCESSFULLY","return_code":0,"kill_reason":"","alloc":"16-31"}}]}'
Sending '{"now":6.117289,"events":[{"timestamp":6.117289,"type":"EXECUTE_JOB","data":{"job_id":"ebdc2a!19","alloc":"16-31"}}]}'
Received '{"now":6.343951,"events":[{"timestamp":6.343951,"type":"JOB_SUBMITTED","data":{"job_id":"ebdc2a!30","job":{"id":"ebdc2a!30","profile":"FT.S.16","res":16,"subtime":6.336150,"walltime":4200}}}]}'
Sending '{"now":6.343951,"events":[]}'
Received '{"now":6.412741,"events":[{"timestamp":6.412741,"type":"JOB_SUBMITTED","data":{"job_id":"ebdc2a!31","job":{"id":"ebdc2a!31","profile":"BT.S.16","res":16,"subtime":6.404935,"walltime":4200}}}]}'
Sending '{"now":6.412741,"events":[]}'
Received '{"now":6.534918,"events":[{"timestamp":6.534918,"type":"JOB_SUBMITTED","data":{"job_id":"ebdc2a!32","job":{"id":"ebdc2a!32","profile":"FT.S.16","res":16,"subtime":6.527112,"walltime":4200}}}]}'
Sending '{"now":6.534918,"events":[]}'
Received '{"now":6.590058,"events":[{"timestamp":6.590058,"type":"JOB_SUBMITTED","data":{"job_id":"ebdc2a!33","job":{"id":"ebdc2a!33","profile":"SP.S.4","res":4,"subtime":6.582254,"walltime":4200}}}]}'
Sending '{"now":6.590058,"events":[]}'
Received '{"now":6.606375,"events":[{"timestamp":6.606375,"type":"JOB_SUBMITTED","data":{"job_id":"ebdc2a!34","job":{"id":"ebdc2a!34","profile":"LU.S.16","res":16,"subtime":6.598573,"walltime":4200}}}]}'
Sending '{"now":6.606375,"events":[]}'
Received '{"now":6.687873,"events":[{"timestamp":6.687873,"type":"JOB_SUBMITTED","data":{"job_id":"ebdc2a!35","job":{"id":"ebdc2a!35","profile":"MG.S.16","res":16,"subtime":6.680076,"walltime":4200}}}]}'
Sending '{"now":6.687873,"events":[]}'
Received '{"now":6.760349,"events":[{"timestamp":6.760349,"type":"JOB_SUBMITTED","data":{"job_id":"ebdc2a!36","job":{"id":"ebdc2a!36","profile":"SP.S.16","res":16,"subtime":6.752543,"walltime":4200}}}]}'
Sending '{"now":6.760349,"events":[]}'
Received '{"now":6.904529,"events":[{"timestamp":6.904529,"type":"JOB_SUBMITTED","data":{"job_id":"ebdc2a!37","job":{"id":"ebdc2a!37","profile":"MG.S.4","res":4,"subtime":6.896727,"walltime":4200}}}]}'
Sending '{"now":6.904529,"events":[]}'
Received '{"now":6.931108,"events":[{"timestamp":6.931108,"type":"JOB_SUBMITTED","data":{"job_id":"ebdc2a!38","job":{"id":"ebdc2a!38","profile":"LU.S.4","res":4,"subtime":6.923302,"walltime":4200}}}]}'
Sending '{"now":6.931108,"events":[]}'
Received '{"now":6.946720,"events":[{"timestamp":6.938914,"type":"JOB_SUBMITTED","data":{"job_id":"ebdc2a!39","job":{"id":"ebdc2a!39","profile":"SP.S.16","res":16,"subtime":6.928365,"walltime":4200}}}]}'
Sending '{"now":6.94672,"events":[]}'
Received '{"now":6.988448,"events":[{"timestamp":6.988448,"type":"JOB_COMPLETED","data":{"job_id":"ebdc2a!6","job_state":"COMPLETED_SUCCESSFULLY","return_code":0,"kill_reason":"","alloc":"48-63"}}]}'
Sending '{"now":6.988448,"events":[{"timestamp":6.988448,"type":"EXECUTE_JOB","data":{"job_id":"ebdc2a!21","alloc":"48-63"}}]}'
Received '{"now":7.011858,"events":[{"timestamp":7.004055,"type":"JOB_SUBMITTED","data":{"job_id":"ebdc2a!40","job":{"id":"ebdc2a!40","profile":"IS.S.4","res":4,"subtime":6.990885,"walltime":4200}}}]}'
Sending '{"now":7.011858,"events":[]}'
Received '{"now":7.176117,"events":[{"timestamp":7.176117,"type":"JOB_COMPLETED","data":{"job_id":"ebdc2a!19","job_state":"COMPLETED_SUCCESSFULLY","return_code":0,"kill_reason":"","alloc":"16-31"}}]}'
Sending '{"now":7.176117,"events":[{"timestamp":7.176117,"type":"EXECUTE_JOB","data":{"job_id":"ebdc2a!23","alloc":"16-31"}}]}'
Received '{"now":7.205390,"events":[{"timestamp":7.205390,"type":"JOB_COMPLETED","data":{"job_id":"ebdc2a!4","job_state":"COMPLETED_SUCCESSFULLY","return_code":0,"kill_reason":"","alloc":"32-47"}}]}'
Sending '{"now":7.20539,"events":[{"timestamp":7.20539,"type":"EXECUTE_JOB","data":{"job_id":"ebdc2a!24","alloc":"32-47"}}]}'
Received '{"now":7.228808,"events":[{"timestamp":7.213196,"type":"JOB_SUBMITTED","data":{"job_id":"ebdc2a!41","job":{"id":"ebdc2a!41","profile":"FT.S.16","res":16,"subtime":7.198316,"walltime":4200}}}]}'
Sending '{"now":7.228808,"events":[]}'
Received '{"now":7.314258,"events":[{"timestamp":7.314258,"type":"JOB_SUBMITTED","data":{"job_id":"ebdc2a!42","job":{"id":"ebdc2a!42","profile":"LU.S.16","res":16,"subtime":7.306458,"walltime":4200}}}]}'
Sending '{"now":7.314258,"events":[]}'
Received '{"now":7.479310,"events":[{"timestamp":7.479310,"type":"JOB_SUBMITTED","data":{"job_id":"ebdc2a!43","job":{"id":"ebdc2a!43","profile":"IS.S.16","res":16,"subtime":7.471504,"walltime":4200}}}]}'
Sending '{"now":7.47931,"events":[]}'
Received '{"now":7.703745,"events":[{"timestamp":7.703745,"type":"JOB_SUBMITTED","data":{"job_id":"ebdc2a!44","job":{"id":"ebdc2a!44","profile":"CG.S.16","res":16,"subtime":7.695949,"walltime":4200}}}]}'
Sending '{"now":7.703745,"events":[]}'
Received '{"now":7.790357,"events":[{"timestamp":7.790357,"type":"JOB_SUBMITTED","data":{"job_id":"ebdc2a!45","job":{"id":"ebdc2a!45","profile":"BT.S.4","res":4,"subtime":7.782556,"walltime":4200}}}]}'
Sending '{"now":7.790357,"events":[]}'
Received '{"now":7.967737,"events":[{"timestamp":7.967737,"type":"JOB_SUBMITTED","data":{"job_id":"ebdc2a!46","job":{"id":"ebdc2a!46","profile":"SP.S.4","res":4,"subtime":7.959941,"walltime":4200}}}]}'
Sending '{"now":7.967737,"events":[]}'
Received '{"now":7.983343,"events":[{"timestamp":7.983343,"type":"JOB_SUBMITTED","data":{"job_id":"ebdc2a!47","job":{"id":"ebdc2a!47","profile":"CG.S.16","res":16,"subtime":7.973948,"walltime":4200}}}]}'
Sending '{"now":7.983343,"events":[]}'
Received '{"now":8.271861,"events":[{"timestamp":8.271861,"type":"JOB_SUBMITTED","data":{"job_id":"ebdc2a!48","job":{"id":"ebdc2a!48","profile":"CG.S.4","res":4,"subtime":8.264060,"walltime":4200}}}]}'
Sending '{"now":8.271861,"events":[]}'
Received '{"now":8.696747,"events":[{"timestamp":8.696747,"type":"JOB_SUBMITTED","data":{"job_id":"ebdc2a!49","job":{"id":"ebdc2a!49","profile":"LU.S.16","res":16,"subtime":8.688941,"walltime":4200}}}]}'
Sending '{"now":8.696747,"events":[]}'
Received '{"now":8.993707,"events":[{"timestamp":8.993707,"type":"JOB_SUBMITTED","data":{"job_id":"ebdc2a!50","job":{"id":"ebdc2a!50","profile":"LU.S.16","res":16,"subtime":8.985909,"walltime":4200}}}]}'
Sending '{"now":8.993707,"events":[]}'
Received '{"now":9.200254,"events":[{"timestamp":9.200254,"type":"JOB_SUBMITTED","data":{"job_id":"ebdc2a!51","job":{"id":"ebdc2a!51","profile":"IS.S.4","res":4,"subtime":9.192448,"walltime":4200}}}]}'
Sending '{"now":9.200254,"events":[]}'
Received '{"now":9.215865,"events":[{"timestamp":9.208060,"type":"JOB_SUBMITTED","data":{"job_id":"ebdc2a!52","job":{"id":"ebdc2a!52","profile":"CG.S.16","res":16,"subtime":9.194611,"walltime":4200}}}]}'
Sending '{"now":9.215865,"events":[]}'
Received '{"now":9.295491,"events":[{"timestamp":9.295491,"type":"JOB_SUBMITTED","data":{"job_id":"ebdc2a!53","job":{"id":"ebdc2a!53","profile":"SP.S.4","res":4,"subtime":9.287685,"walltime":4200}}}]}'
Sending '{"now":9.295491,"events":[]}'
Received '{"now":9.459710,"events":[{"timestamp":9.459710,"type":"JOB_SUBMITTED","data":{"job_id":"ebdc2a!54","job":{"id":"ebdc2a!54","profile":"MG.S.16","res":16,"subtime":9.451910,"walltime":4200}}}]}'
Sending '{"now":9.45971,"events":[]}'
Received '{"now":9.599924,"events":[{"timestamp":9.599924,"type":"JOB_SUBMITTED","data":{"job_id":"ebdc2a!55","job":{"id":"ebdc2a!55","profile":"CG.S.16","res":16,"subtime":9.592118,"walltime":4200}}}]}'
Sending '{"now":9.599924,"events":[]}'
Received '{"now":9.623559,"events":[{"timestamp":9.623559,"type":"JOB_SUBMITTED","data":{"job_id":"ebdc2a!56","job":{"id":"ebdc2a!56","profile":"LU.S.4","res":4,"subtime":9.615753,"walltime":4200}}}]}'
Sending '{"now":9.623559,"events":[]}'
Received '{"now":9.785974,"events":[{"timestamp":9.785974,"type":"JOB_SUBMITTED","data":{"job_id":"ebdc2a!57","job":{"id":"ebdc2a!57","profile":"SP.S.16","res":16,"subtime":9.778172,"walltime":4200}}}]}'
Sending '{"now":9.785974,"events":[]}'
Received '{"now":9.950336,"events":[{"timestamp":9.950336,"type":"JOB_SUBMITTED","data":{"job_id":"ebdc2a!58","job":{"id":"ebdc2a!58","profile":"FT.S.16","res":16,"subtime":9.942530,"walltime":4200}}}]}'
Sending '{"now":9.950336,"events":[]}'
Received '{"now":10.514591,"events":[{"timestamp":10.514591,"type":"JOB_SUBMITTED","data":{"job_id":"ebdc2a!59","job":{"id":"ebdc2a!59","profile":"FT.S.4","res":4,"subtime":10.506793,"walltime":4200}}}]}'
Sending '{"now":10.514591,"events":[]}'
Received '{"now":10.598426,"events":[{"timestamp":10.598426,"type":"JOB_SUBMITTED","data":{"job_id":"ebdc2a!60","job":{"id":"ebdc2a!60","profile":"IS.S.16","res":16,"subtime":10.590620,"walltime":4200}}}]}'
Sending '{"now":10.598426,"events":[]}'
Received '{"now":10.663251,"events":[{"timestamp":10.663251,"type":"JOB_SUBMITTED","data":{"job_id":"ebdc2a!61","job":{"id":"ebdc2a!61","profile":"BT.S.4","res":4,"subtime":10.655453,"walltime":4200}}}]}'
Sending '{"now":10.663251,"events":[]}'
Received '{"now":10.747792,"events":[{"timestamp":10.747792,"type":"JOB_SUBMITTED","data":{"job_id":"ebdc2a!62","job":{"id":"ebdc2a!62","profile":"BT.S.4","res":4,"subtime":10.739986,"walltime":4200}}}]}'
Sending '{"now":10.747792,"events":[]}'
Received '{"now":10.769259,"events":[{"timestamp":10.761453,"type":"JOB_COMPLETED","data":{"job_id":"ebdc2a!23","job_state":"COMPLETED_SUCCESSFULLY","return_code":0,"kill_reason":"","alloc":"16-31"}}]}'
Sending '{"now":10.769259,"events":[{"timestamp":10.769259,"type":"EXECUTE_JOB","data":{"job_id":"ebdc2a!25","alloc":"16-19"}},{"timestamp":10.769259,"type":"EXECUTE_JOB","data":{"job_id":"ebdc2a!33","alloc":"20-23"}},{"timestamp":10.769259,"type":"EXECUTE_JOB","data":{"job_id":"ebdc2a!37","alloc":"24-27"}},{"timestamp":10.769259,"type":"EXECUTE_JOB","data":{"job_id":"ebdc2a!38","alloc":"28-31"}}]}'
Received '{"now":10.821946,"events":[{"timestamp":10.798534,"type":"JOB_COMPLETED","data":{"job_id":"ebdc2a!24","job_state":"COMPLETED_SUCCESSFULLY","return_code":0,"kill_reason":"","alloc":"32-47"}}]}'
Sending '{"now":10.821946,"events":[{"timestamp":10.821946,"type":"EXECUTE_JOB","data":{"job_id":"ebdc2a!26","alloc":"32-47"}}]}'
Received '{"now":10.845371,"events":[{"timestamp":10.845371,"type":"JOB_SUBMITTED","data":{"job_id":"ebdc2a!63","job":{"id":"ebdc2a!63","profile":"CG.S.16","res":16,"subtime":10.832379,"walltime":4200}}}]}'
Sending '{"now":10.845371,"events":[]}'
Received '{"now":11.357753,"events":[{"timestamp":11.357753,"type":"JOB_COMPLETED","data":{"job_id":"ebdc2a!37","job_state":"COMPLETED_SUCCESSFULLY","return_code":0,"kill_reason":"","alloc":"24-27"}}]}'
Sending '{"now":11.357753,"events":[{"timestamp":11.357753,"type":"EXECUTE_JOB","data":{"job_id":"ebdc2a!40","alloc":"24-27"}}]}'
Received '{"now":11.419882,"events":[{"timestamp":11.419882,"type":"JOB_COMPLETED","data":{"job_id":"ebdc2a!14","job_state":"COMPLETED_SUCCESSFULLY","return_code":0,"kill_reason":"","alloc":"0-15"}}]}'
Sending '{"now":11.419882,"events":[{"timestamp":11.419882,"type":"EXECUTE_JOB","data":{"job_id":"ebdc2a!27","alloc":"0-15"}}]}'
Received '{"now":11.483013,"events":[{"timestamp":11.483013,"type":"JOB_COMPLETED","data":{"job_id":"ebdc2a!40","job_state":"COMPLETED_SUCCESSFULLY","return_code":0,"kill_reason":"","alloc":"24-27"}}]}'
Sending '{"now":11.483013,"events":[{"timestamp":11.483013,"type":"EXECUTE_JOB","data":{"job_id":"ebdc2a!45","alloc":"24-27"}}]}'
Received '{"now":11.506424,"events":[{"timestamp":11.490812,"type":"JOB_SUBMITTED","data":{"job_id":"ebdc2a!64","job":{"id":"ebdc2a!64","profile":"CG.S.16","res":16,"subtime":11.482405,"walltime":4200}}}]}'
Sending '{"now":11.506424,"events":[]}'
Received '{"now":11.725034,"events":[{"timestamp":11.725034,"type":"JOB_SUBMITTED","data":{"job_id":"ebdc2a!65","job":{"id":"ebdc2a!65","profile":"BT.S.4","res":4,"subtime":11.717228,"walltime":4200}}}]}'
Sending '{"now":11.725034,"events":[]}'
Received '{"now":11.746501,"events":[{"timestamp":11.746501,"type":"JOB_COMPLETED","data":{"job_id":"ebdc2a!27","job_state":"COMPLETED_SUCCESSFULLY","return_code":0,"kill_reason":"","alloc":"0-15"}}]}'
Sending '{"now":11.746501,"events":[{"timestamp":11.746501,"type":"EXECUTE_JOB","data":{"job_id":"ebdc2a!28","alloc":"0-15"}}]}'
Received '{"now":11.769919,"events":[{"timestamp":11.754307,"type":"JOB_SUBMITTED","data":{"job_id":"ebdc2a!66","job":{"id":"ebdc2a!66","profile":"LU.S.4","res":4,"subtime":11.733998,"walltime":4200}}}]}'
Sending '{"now":11.769919,"events":[]}'
Received '{"now":11.890410,"events":[{"timestamp":11.890410,"type":"JOB_COMPLETED","data":{"job_id":"ebdc2a!25","job_state":"COMPLETED_SUCCESSFULLY","return_code":0,"kill_reason":"","alloc":"16-19"}}]}'
Sending '{"now":11.89041,"events":[{"timestamp":11.89041,"type":"EXECUTE_JOB","data":{"job_id":"ebdc2a!46","alloc":"16-19"}}]}'
Received '{"now":11.938963,"events":[{"timestamp":11.938963,"type":"JOB_SUBMITTED","data":{"job_id":"ebdc2a!67","job":{"id":"ebdc2a!67","profile":"SP.S.4","res":4,"subtime":11.931163,"walltime":4200}}}]}'
Sending '{"now":11.938963,"events":[]}'
Received '{"now":12.015242,"events":[{"timestamp":12.015242,"type":"JOB_SUBMITTED","data":{"job_id":"ebdc2a!68","job":{"id":"ebdc2a!68","profile":"IS.S.16","res":16,"subtime":12.007436,"walltime":4200}}}]}'
Sending '{"now":12.015242,"events":[]}'
Received '{"now":12.060829,"events":[{"timestamp":12.060829,"type":"JOB_COMPLETED","data":{"job_id":"ebdc2a!33","job_state":"COMPLETED_SUCCESSFULLY","return_code":0,"kill_reason":"","alloc":"20-23"}}]}'
Sending '{"now":12.060829,"events":[{"timestamp":12.060829,"type":"EXECUTE_JOB","data":{"job_id":"ebdc2a!48","alloc":"20-23"}}]}'
Received '{"now":12.107687,"events":[{"timestamp":12.107687,"type":"JOB_SUBMITTED","data":{"job_id":"ebdc2a!69","job":{"id":"ebdc2a!69","profile":"IS.S.4","res":4,"subtime":12.099886,"walltime":4200}}}]}'
Sending '{"now":12.107687,"events":[]}'
Received '{"now":12.160277,"events":[{"timestamp":12.160277,"type":"JOB_COMPLETED","data":{"job_id":"ebdc2a!45","job_state":"COMPLETED_SUCCESSFULLY","return_code":0,"kill_reason":"","alloc":"24-27"}}]}'
Sending '{"now":12.160277,"events":[{"timestamp":12.160277,"type":"EXECUTE_JOB","data":{"job_id":"ebdc2a!51","alloc":"24-27"}}]}'
Received '{"now":12.191495,"events":[{"timestamp":12.168077,"type":"JOB_SUBMITTED","data":{"job_id":"ebdc2a!70","job":{"id":"ebdc2a!70","profile":"FT.S.4","res":4,"subtime":12.147432,"walltime":4200}}},{"timestamp":12.183689,"type":"JOB_SUBMITTED","data":{"job_id":"ebdc2a!71","job":{"id":"ebdc2a!71","profile":"BT.S.16","res":16,"subtime":12.160323,"walltime":4200}}}]}'
Sending '{"now":12.191495,"events":[]}'
Received '{"now":12.293285,"events":[{"timestamp":12.293285,"type":"JOB_COMPLETED","data":{"job_id":"ebdc2a!51","job_state":"COMPLETED_SUCCESSFULLY","return_code":0,"kill_reason":"","alloc":"24-27"}}]}'
Sending '{"now":12.293285,"events":[{"timestamp":12.293285,"type":"EXECUTE_JOB","data":{"job_id":"ebdc2a!53","alloc":"24-27"}}]}'
Received '{"now":12.369495,"events":[{"timestamp":12.369495,"type":"JOB_SUBMITTED","data":{"job_id":"ebdc2a!72","job":{"id":"ebdc2a!72","profile":"FT.S.4","res":4,"subtime":12.361691,"walltime":4200}}}]}'
Sending '{"now":12.369495,"events":[]}'
Received '{"now":12.395720,"events":[{"timestamp":12.395720,"type":"JOB_SUBMITTED","data":{"job_id":"ebdc2a!73","job":{"id":"ebdc2a!73","profile":"SP.S.16","res":16,"subtime":12.387914,"walltime":4200}}}]}'
Sending '{"now":12.39572,"events":[]}'
Received '{"now":12.423150,"events":[{"timestamp":12.423150,"type":"JOB_SUBMITTED","data":{"job_id":"ebdc2a!74","job":{"id":"ebdc2a!74","profile":"FT.S.4","res":4,"subtime":12.415344,"walltime":4200}}}]}'
Sending '{"now":12.42315,"events":[]}'
Received '{"now":12.759187,"events":[{"timestamp":12.759187,"type":"JOB_SUBMITTED","data":{"job_id":"ebdc2a!75","job":{"id":"ebdc2a!75","profile":"MG.S.16","res":16,"subtime":12.751381,"walltime":4200}}}]}'
Sending '{"now":12.759187,"events":[]}'
Received '{"now":12.780654,"events":[{"timestamp":12.772848,"type":"JOB_COMPLETED","data":{"job_id":"ebdc2a!21","job_state":"COMPLETED_SUCCESSFULLY","return_code":0,"kill_reason":"","alloc":"48-63"}}]}'
Sending '{"now":12.780654,"events":[{"timestamp":12.780654,"type":"EXECUTE_JOB","data":{"job_id":"ebdc2a!29","alloc":"48-63"}}]}'
Received '{"now":12.804065,"events":[{"timestamp":12.788453,"type":"JOB_SUBMITTED","data":{"job_id":"ebdc2a!76","job":{"id":"ebdc2a!76","profile":"CG.S.16","res":16,"subtime":12.765858,"walltime":4200}}}]}'
Sending '{"now":12.804065,"events":[]}'
Received '{"now":12.899395,"events":[{"timestamp":12.899395,"type":"JOB_SUBMITTED","data":{"job_id":"ebdc2a!77","job":{"id":"ebdc2a!77","profile":"FT.S.16","res":16,"subtime":12.891589,"walltime":4200}}}]}'
Sending '{"now":12.899395,"events":[]}'
Received '{"now":13.167758,"events":[{"timestamp":13.167758,"type":"JOB_COMPLETED","data":{"job_id":"ebdc2a!46","job_state":"COMPLETED_SUCCESSFULLY","return_code":0,"kill_reason":"","alloc":"16-19"}}]}'
Sending '{"now":13.167758,"events":[{"timestamp":13.167758,"type":"EXECUTE_JOB","data":{"job_id":"ebdc2a!56","alloc":"16-19"}}]}'
Received '{"now":13.197020,"events":[{"timestamp":13.189219,"type":"JOB_COMPLETED","data":{"job_id":"ebdc2a!48","job_state":"COMPLETED_SUCCESSFULLY","return_code":0,"kill_reason":"","alloc":"20-23"}}]}'
Sending '{"now":13.19702,"events":[{"timestamp":13.19702,"type":"EXECUTE_JOB","data":{"job_id":"ebdc2a!59","alloc":"20-23"}}]}'
Received '{"now":13.234096,"events":[{"timestamp":13.204824,"type":"JOB_SUBMITTED","data":{"job_id":"ebdc2a!78","job":{"id":"ebdc2a!78","profile":"MG.S.16","res":16,"subtime":13.182552,"walltime":4200}}},{"timestamp":13.226290,"type":"JOB_COMPLETED","data":{"job_id":"ebdc2a!38","job_state":"COMPLETED_SUCCESSFULLY","return_code":0,"kill_reason":"","alloc":"28-31"}}]}'
Sending '{"now":13.234096,"events":[]}'
Received '{"now":13.383937,"events":[{"timestamp":13.383937,"type":"JOB_COMPLETED","data":{"job_id":"ebdc2a!59","job_state":"COMPLETED_SUCCESSFULLY","return_code":0,"kill_reason":"","alloc":"20-23"}}]}'
Sending '{"now":13.383937,"events":[{"timestamp":13.383937,"type":"EXECUTE_JOB","data":{"job_id":"ebdc2a!61","alloc":"20-23"}}]}'
Received '{"now":13.407355,"events":[{"timestamp":13.391743,"type":"JOB_SUBMITTED","data":{"job_id":"ebdc2a!79","job":{"id":"ebdc2a!79","profile":"LU.S.4","res":4,"subtime":13.374894,"walltime":4200}}}]}'
Sending '{"now":13.407355,"events":[]}'
Received '{"now":13.549995,"events":[{"timestamp":13.549995,"type":"JOB_SUBMITTED","data":{"job_id":"ebdc2a!80","job":{"id":"ebdc2a!80","profile":"CG.S.16","res":16,"subtime":13.542189,"walltime":4200}}}]}'
Sending '{"now":13.549995,"events":[]}'
Received '{"now":13.584505,"events":[{"timestamp":13.584505,"type":"JOB_COMPLETED","data":{"job_id":"ebdc2a!53","job_state":"COMPLETED_SUCCESSFULLY","return_code":0,"kill_reason":"","alloc":"24-27"}}]}'
Sending '{"now":13.584505,"events":[]}'
Received '{"now":13.600117,"events":[{"timestamp":13.592311,"type":"JOB_SUBMITTED","data":{"job_id":"ebdc2a!81","job":{"id":"ebdc2a!81","profile":"IS.S.4","res":4,"subtime":13.572789,"walltime":4200}}}]}'
Sending '{"now":13.600117,"events":[]}'
Received '{"now":13.636623,"events":[{"timestamp":13.636623,"type":"JOB_SUBMITTED","data":{"job_id":"ebdc2a!82","job":{"id":"ebdc2a!82","profile":"FT.S.16","res":16,"subtime":13.628817,"walltime":4200}}}]}'
Sending '{"now":13.636623,"events":[]}'
Received '{"now":14.006465,"events":[{"timestamp":14.006465,"type":"JOB_SUBMITTED","data":{"job_id":"ebdc2a!83","job":{"id":"ebdc2a!83","profile":"MG.S.4","res":4,"subtime":13.998659,"walltime":4200}}}]}'
Sending '{"now":14.006465,"events":[]}'
Received '{"now":14.061607,"events":[{"timestamp":14.061607,"type":"JOB_COMPLETED","data":{"job_id":"ebdc2a!61","job_state":"COMPLETED_SUCCESSFULLY","return_code":0,"kill_reason":"","alloc":"20-23"}}]}'
Sending '{"now":14.061607,"events":[]}'
Received '{"now":14.122829,"events":[{"timestamp":14.122829,"type":"JOB_SUBMITTED","data":{"job_id":"ebdc2a!84","job":{"id":"ebdc2a!84","profile":"IS.S.4","res":4,"subtime":14.115023,"walltime":4200}}}]}'
Sending '{"now":14.122829,"events":[]}'
Received '{"now":14.402307,"events":[{"timestamp":14.402307,"type":"JOB_COMPLETED","data":{"job_id":"ebdc2a!26","job_state":"COMPLETED_SUCCESSFULLY","return_code":0,"kill_reason":"","alloc":"32-47"}}]}'
Sending '{"now":14.402307,"events":[{"timestamp":14.402307,"type":"EXECUTE_JOB","data":{"job_id":"ebdc2a!30","alloc":"20-35"}},{"timestamp":14.402307,"type":"EXECUTE_JOB","data":{"job_id":"ebdc2a!62","alloc":"36-39"}},{"timestamp":14.402307,"type":"EXECUTE_JOB","data":{"job_id":"ebdc2a!65","alloc":"40-43"}},{"timestamp":14.402307,"type":"EXECUTE_JOB","data":{"job_id":"ebdc2a!66","alloc":"44-47"}}]}'
Received '{"now":14.518851,"events":[{"timestamp":14.518851,"type":"JOB_SUBMITTED","data":{"job_id":"ebdc2a!85","job":{"id":"ebdc2a!85","profile":"MG.S.4","res":4,"subtime":14.511045,"walltime":4200}}}]}'
Sending '{"now":14.518851,"events":[]}'
Received '{"now":14.569228,"events":[{"timestamp":14.569228,"type":"JOB_SUBMITTED","data":{"job_id":"ebdc2a!86","job":{"id":"ebdc2a!86","profile":"SP.S.4","res":4,"subtime":14.561422,"walltime":4200}}}]}'
Sending '{"now":14.569228,"events":[]}'
Received '{"now":14.742045,"events":[{"timestamp":14.742045,"type":"JOB_SUBMITTED","data":{"job_id":"ebdc2a!87","job":{"id":"ebdc2a!87","profile":"FT.S.16","res":16,"subtime":14.734247,"walltime":4200}}}]}'
Sending '{"now":14.742045,"events":[]}'
Received '{"now":14.757657,"events":[{"timestamp":14.749851,"type":"JOB_SUBMITTED","data":{"job_id":"ebdc2a!88","job":{"id":"ebdc2a!88","profile":"LU.S.4","res":4,"subtime":14.735217,"walltime":4200}}}]}'
Sending '{"now":14.757657,"events":[]}'
Received '{"now":14.779115,"events":[{"timestamp":14.779115,"type":"JOB_COMPLETED","data":{"job_id":"ebdc2a!30","job_state":"COMPLETED_SUCCESSFULLY","return_code":0,"kill_reason":"","alloc":"20-35"}}]}'
Sending '{"now":14.779115,"events":[{"timestamp":14.779115,"type":"EXECUTE_JOB","data":{"job_id":"ebdc2a!31","alloc":"20-35"}}]}'
Received '{"now":14.808089,"events":[{"timestamp":14.808089,"type":"JOB_SUBMITTED","data":{"job_id":"ebdc2a!89","job":{"id":"ebdc2a!89","profile":"CG.S.16","res":16,"subtime":14.800283,"walltime":4200}}}]}'
Sending '{"now":14.808089,"events":[]}'
Received '{"now":14.890199,"events":[{"timestamp":14.890199,"type":"JOB_SUBMITTED","data":{"job_id":"ebdc2a!90","job":{"id":"ebdc2a!90","profile":"LU.S.4","res":4,"subtime":14.882393,"walltime":4200}}}]}'
Sending '{"now":14.890199,"events":[]}'
Received '{"now":14.991323,"events":[{"timestamp":14.991323,"type":"JOB_SUBMITTED","data":{"job_id":"ebdc2a!91","job":{"id":"ebdc2a!91","profile":"SP.S.16","res":16,"subtime":14.983528,"walltime":4200}}}]}'
Sending '{"now":14.991323,"events":[]}'
Received '{"now":15.032691,"events":[{"timestamp":15.032691,"type":"JOB_SUBMITTED","data":{"job_id":"ebdc2a!92","job":{"id":"ebdc2a!92","profile":"BT.S.4","res":4,"subtime":15.024893,"walltime":4200}}}]}'
Sending '{"now":15.032691,"events":[]}'
Received '{"now":15.051015,"events":[{"timestamp":15.051015,"type":"JOB_SUBMITTED","data":{"job_id":"ebdc2a!93","job":{"id":"ebdc2a!93","profile":"SP.S.16","res":16,"subtime":15.043214,"walltime":4200}}}]}'
Sending '{"now":15.051015,"events":[]}'
Received '{"now":15.080122,"events":[{"timestamp":15.080122,"type":"JOB_COMPLETED","data":{"job_id":"ebdc2a!62","job_state":"COMPLETED_SUCCESSFULLY","return_code":0,"kill_reason":"","alloc":"36-39"}}]}'
Sending '{"now":15.080122,"events":[{"timestamp":15.080122,"type":"EXECUTE_JOB","data":{"job_id":"ebdc2a!67","alloc":"36-39"}}]}'
Received '{"now":15.117200,"events":[{"timestamp":15.093782,"type":"JOB_COMPLETED","data":{"job_id":"ebdc2a!65","job_state":"COMPLETED_SUCCESSFULLY","return_code":0,"kill_reason":"","alloc":"40-43"}},{"timestamp":15.109394,"type":"JOB_SUBMITTED","data":{"job_id":"ebdc2a!94","job":{"id":"ebdc2a!94","profile":"MG.S.16","res":16,"subtime":15.094163,"walltime":4200}}}]}'
Sending '{"now":15.1172,"events":[{"timestamp":15.1172,"type":"EXECUTE_JOB","data":{"job_id":"ebdc2a!69","alloc":"40-43"}}]}'
Received '{"now":15.142796,"events":[{"timestamp":15.142796,"type":"JOB_SUBMITTED","data":{"job_id":"ebdc2a!95","job":{"id":"ebdc2a!95","profile":"LU.S.16","res":16,"subtime":15.134990,"walltime":4200}}}]}'
Sending '{"now":15.142796,"events":[]}'
Received '{"now":15.158408,"events":[{"timestamp":15.158408,"type":"JOB_SUBMITTED","data":{"job_id":"ebdc2a!96","job":{"id":"ebdc2a!96","profile":"FT.S.4","res":4,"subtime":15.148773,"walltime":4200}}}]}'
Sending '{"now":15.158408,"events":[]}'
Received '{"now":15.184006,"events":[{"timestamp":15.184006,"type":"JOB_SUBMITTED","data":{"job_id":"ebdc2a!97","job":{"id":"ebdc2a!97","profile":"LU.S.16","res":16,"subtime":15.176200,"walltime":4200}}}]}'
Sending '{"now":15.184006,"events":[]}'
Received '{"now":15.242454,"events":[{"timestamp":15.242454,"type":"JOB_COMPLETED","data":{"job_id":"ebdc2a!69","job_state":"COMPLETED_SUCCESSFULLY","return_code":0,"kill_reason":"","alloc":"40-43"}}]}'
Sending '{"now":15.242454,"events":[{"timestamp":15.242454,"type":"EXECUTE_JOB","data":{"job_id":"ebdc2a!70","alloc":"40-43"}}]}'
Received '{"now":15.265872,"events":[{"timestamp":15.250260,"type":"JOB_SUBMITTED","data":{"job_id":"ebdc2a!98","job":{"id":"ebdc2a!98","profile":"SP.S.16","res":16,"subtime":15.236050,"walltime":4200}}}]}'
Sending '{"now":15.265872,"events":[]}'
Received '{"now":15.429368,"events":[{"timestamp":15.429368,"type":"JOB_COMPLETED","data":{"job_id":"ebdc2a!70","job_state":"COMPLETED_SUCCESSFULLY","return_code":0,"kill_reason":"","alloc":"40-43"}}]}'
Sending '{"now":15.429368,"events":[{"timestamp":15.429368,"type":"EXECUTE_JOB","data":{"job_id":"ebdc2a!72","alloc":"40-43"}}]}'
Received '{"now":15.583256,"events":[{"timestamp":15.583256,"type":"JOB_COMPLETED","data":{"job_id":"ebdc2a!56","job_state":"COMPLETED_SUCCESSFULLY","return_code":0,"kill_reason":"","alloc":"16-19"}}]}'
Sending '{"now":15.583256,"events":[{"timestamp":15.583256,"type":"EXECUTE_JOB","data":{"job_id":"ebdc2a!74","alloc":"16-19"}}]}'
Received '{"now":15.620322,"events":[{"timestamp":15.591055,"type":"JOB_SUBMITTED","data":{"job_id":"ebdc2a!99","job":{"id":"ebdc2a!99","profile":"CG.S.16","res":16,"subtime":15.572549,"walltime":4200}}},{"timestamp":15.612516,"type":"JOB_COMPLETED","data":{"job_id":"ebdc2a!72","job_state":"COMPLETED_SUCCESSFULLY","return_code":0,"kill_reason":"","alloc":"40-43"}}]}'
Sending '{"now":15.620322,"events":[{"timestamp":15.620322,"type":"EXECUTE_JOB","data":{"job_id":"ebdc2a!79","alloc":"40-43"}}]}'
Received '{"now":15.643742,"events":[{"timestamp":15.635936,"type":"JOB_SUBMITTED","data":{"job_id":"ebdc2a!100","job":{"id":"ebdc2a!100","profile":"BT.S.16","res":16,"subtime":15.622725,"walltime":4200}}}]}'
Sending '{"now":15.643742,"events":[]}'
Received '{"now":15.771914,"events":[{"timestamp":15.771914,"type":"JOB_COMPLETED","data":{"job_id":"ebdc2a!74","job_state":"COMPLETED_SUCCESSFULLY","return_code":0,"kill_reason":"","alloc":"16-19"}}]}'
Sending '{"now":15.771914,"events":[{"timestamp":15.771914,"type":"EXECUTE_JOB","data":{"job_id":"ebdc2a!81","alloc":"16-19"}}]}'
Received '{"now":15.897554,"events":[{"timestamp":15.897554,"type":"JOB_COMPLETED","data":{"job_id":"ebdc2a!81","job_state":"COMPLETED_SUCCESSFULLY","return_code":0,"kill_reason":"","alloc":"16-19"}}]}'
Sending '{"now":15.897554,"events":[{"timestamp":15.897554,"type":"EXECUTE_JOB","data":{"job_id":"ebdc2a!83","alloc":"16-19"}}]}'
Received '{"now":15.933253,"events":[{"timestamp":15.933253,"type":"JOB_SUBMITTED","data":{"job_id":"ebdc2a!101","job":{"id":"ebdc2a!101","profile":"LU.S.16","res":16,"subtime":15.925447,"walltime":4200}}}]}'
Sending '{"now":15.933253,"events":[]}'
Received '{"now":16.023055,"events":[{"timestamp":16.023055,"type":"JOB_SUBMITTED","data":{"job_id":"ebdc2a!102","job":{"id":"ebdc2a!102","profile":"IS.S.16","res":16,"subtime":16.015256,"walltime":4200}}}]}'
Sending '{"now":16.023055,"events":[]}'
Received '{"now":16.060737,"events":[{"timestamp":16.060737,"type":"JOB_SUBMITTED","data":{"job_id":"ebdc2a!103","job":{"id":"ebdc2a!103","profile":"CG.S.16","res":16,"subtime":16.052931,"walltime":4200}}}]}'
Sending '{"now":16.060737,"events":[]}'
Received '{"now":16.081675,"events":[{"timestamp":16.081675,"type":"JOB_SUBMITTED","data":{"job_id":"ebdc2a!104","job":{"id":"ebdc2a!104","profile":"BT.S.4","res":4,"subtime":16.073876,"walltime":4200}}}]}'
Sending '{"now":16.081675,"events":[]}'
Received '{"now":16.330715,"events":[{"timestamp":16.330715,"type":"JOB_SUBMITTED","data":{"job_id":"ebdc2a!105","job":{"id":"ebdc2a!105","profile":"MG.S.16","res":16,"subtime":16.322909,"walltime":4200}}}]}'
Sending '{"now":16.330715,"events":[]}'
Received '{"now":16.364202,"events":[{"timestamp":16.364202,"type":"JOB_COMPLETED","data":{"job_id":"ebdc2a!67","job_state":"COMPLETED_SUCCESSFULLY","return_code":0,"kill_reason":"","alloc":"36-39"}}]}'
Sending '{"now":16.364202,"events":[{"timestamp":16.364202,"type":"EXECUTE_JOB","data":{"job_id":"ebdc2a!84","alloc":"36-39"}}]}'
Received '{"now":16.456870,"events":[{"timestamp":16.456870,"type":"JOB_COMPLETED","data":{"job_id":"ebdc2a!83","job_state":"COMPLETED_SUCCESSFULLY","return_code":0,"kill_reason":"","alloc":"16-19"}}]}'
Sending '{"now":16.45687,"events":[{"timestamp":16.45687,"type":"EXECUTE_JOB","data":{"job_id":"ebdc2a!85","alloc":"16-19"}}]}'
Received '{"now":16.489776,"events":[{"timestamp":16.489776,"type":"JOB_COMPLETED","data":{"job_id":"ebdc2a!84","job_state":"COMPLETED_SUCCESSFULLY","return_code":0,"kill_reason":"","alloc":"36-39"}}]}'
Sending '{"now":16.489776,"events":[{"timestamp":16.489776,"type":"EXECUTE_JOB","data":{"job_id":"ebdc2a!86","alloc":"36-39"}}]}'
Received '{"now":16.840694,"events":[{"timestamp":16.840694,"type":"JOB_COMPLETED","data":{"job_id":"ebdc2a!66","job_state":"COMPLETED_SUCCESSFULLY","return_code":0,"kill_reason":"","alloc":"44-47"}}]}'
Sending '{"now":16.840694,"events":[{"timestamp":16.840694,"type":"EXECUTE_JOB","data":{"job_id":"ebdc2a!88","alloc":"44-47"}}]}'
Received '{"now":16.906183,"events":[{"timestamp":16.906183,"type":"JOB_SUBMITTED","data":{"job_id":"ebdc2a!106","job":{"id":"ebdc2a!106","profile":"IS.S.16","res":16,"subtime":16.898380,"walltime":4200}}}]}'
Sending '{"now":16.906183,"events":[]}'
Received '{"now":17.015993,"events":[{"timestamp":17.015993,"type":"JOB_COMPLETED","data":{"job_id":"ebdc2a!85","job_state":"COMPLETED_SUCCESSFULLY","return_code":0,"kill_reason":"","alloc":"16-19"}}]}'
Sending '{"now":17.015993,"events":[{"timestamp":17.015993,"type":"EXECUTE_JOB","data":{"job_id":"ebdc2a!90","alloc":"16-19"}}]}'
Received '{"now":17.039404,"events":[{"timestamp":17.031598,"type":"JOB_SUBMITTED","data":{"job_id":"ebdc2a!107","job":{"id":"ebdc2a!107","profile":"FT.S.16","res":16,"subtime":17.018023,"walltime":4200}}}]}'
Sending '{"now":17.039404,"events":[]}'
Received '{"now":17.311577,"events":[{"timestamp":17.311577,"type":"JOB_SUBMITTED","data":{"job_id":"ebdc2a!108","job":{"id":"ebdc2a!108","profile":"BT.S.16","res":16,"subtime":17.303773,"walltime":4200}}}]}'
Sending '{"now":17.311577,"events":[]}'
Received '{"now":17.327199,"events":[{"timestamp":17.327199,"type":"JOB_SUBMITTED","data":{"job_id":"ebdc2a!109","job":{"id":"ebdc2a!109","profile":"BT.S.4","res":4,"subtime":17.319272,"walltime":4200}}}]}'
Sending '{"now":17.327199,"events":[]}'
Received '{"now":17.365107,"events":[{"timestamp":17.365107,"type":"JOB_SUBMITTED","data":{"job_id":"ebdc2a!110","job":{"id":"ebdc2a!110","profile":"CG.S.16","res":16,"subtime":17.357306,"walltime":4200}}}]}'
Sending '{"now":17.365107,"events":[]}'
Received '{"now":17.436509,"events":[{"timestamp":17.436509,"type":"JOB_SUBMITTED","data":{"job_id":"ebdc2a!111","job":{"id":"ebdc2a!111","profile":"SP.S.16","res":16,"subtime":17.428718,"walltime":4200}}}]}'
Sending '{"now":17.436509,"events":[]}'
Received '{"now":17.509874,"events":[{"timestamp":17.509874,"type":"JOB_COMPLETED","data":{"job_id":"ebdc2a!28","job_state":"COMPLETED_SUCCESSFULLY","return_code":0,"kill_reason":"","alloc":"0-15"}}]}'
Sending '{"now":17.509874,"events":[{"timestamp":17.509874,"type":"EXECUTE_JOB","data":{"job_id":"ebdc2a!32","alloc":"0-15"}}]}'
Received '{"now":17.556965,"events":[{"timestamp":17.556965,"type":"JOB_SUBMITTED","data":{"job_id":"ebdc2a!112","job":{"id":"ebdc2a!112","profile":"IS.S.4","res":4,"subtime":17.549165,"walltime":4200}}}]}'
Sending '{"now":17.556965,"events":[]}'
Received '{"now":17.707417,"events":[{"timestamp":17.707417,"type":"JOB_SUBMITTED","data":{"job_id":"ebdc2a!113","job":{"id":"ebdc2a!113","profile":"MG.S.4","res":4,"subtime":17.699611,"walltime":4200}}}]}'
Sending '{"now":17.707417,"events":[]}'
Received '{"now":17.755839,"events":[{"timestamp":17.755839,"type":"JOB_COMPLETED","data":{"job_id":"ebdc2a!86","job_state":"COMPLETED_SUCCESSFULLY","return_code":0,"kill_reason":"","alloc":"36-39"}}]}'
Sending '{"now":17.755839,"events":[{"timestamp":17.755839,"type":"EXECUTE_JOB","data":{"job_id":"ebdc2a!92","alloc":"36-39"}}]}'
Received '{"now":17.832782,"events":[{"timestamp":17.832782,"type":"JOB_COMPLETED","data":{"job_id":"ebdc2a!32","job_state":"COMPLETED_SUCCESSFULLY","return_code":0,"kill_reason":"","alloc":"0-15"}}]}'
Sending '{"now":17.832782,"events":[{"timestamp":17.832782,"type":"EXECUTE_JOB","data":{"job_id":"ebdc2a!34","alloc":"0-15"}}]}'
Received '{"now":18.035740,"events":[{"timestamp":18.035740,"type":"JOB_COMPLETED","data":{"job_id":"ebdc2a!79","job_state":"COMPLETED_SUCCESSFULLY","return_code":0,"kill_reason":"","alloc":"40-43"}}]}'
Sending '{"now":18.03574,"events":[{"timestamp":18.03574,"type":"EXECUTE_JOB","data":{"job_id":"ebdc2a!96","alloc":"40-43"}}]}'
Received '{"now":18.214882,"events":[{"timestamp":18.214882,"type":"JOB_COMPLETED","data":{"job_id":"ebdc2a!96","job_state":"COMPLETED_SUCCESSFULLY","return_code":0,"kill_reason":"","alloc":"40-43"}}]}'
Sending '{"now":18.214882,"events":[{"timestamp":18.214882,"type":"EXECUTE_JOB","data":{"job_id":"ebdc2a!104","alloc":"40-43"}}]}'
Received '{"now":18.276130,"events":[{"timestamp":18.276130,"type":"JOB_SUBMITTED","data":{"job_id":"ebdc2a!114","job":{"id":"ebdc2a!114","profile":"FT.S.16","res":16,"subtime":18.268324,"walltime":4200}}}]}'
Sending '{"now":18.27613,"events":[]}'
Received '{"now":18.426415,"events":[{"timestamp":18.426415,"type":"JOB_COMPLETED","data":{"job_id":"ebdc2a!92","job_state":"COMPLETED_SUCCESSFULLY","return_code":0,"kill_reason":"","alloc":"36-39"}}]}'
Sending '{"now":18.426415,"events":[{"timestamp":18.426415,"type":"EXECUTE_JOB","data":{"job_id":"ebdc2a!109","alloc":"36-39"}}]}'
Received '{"now":18.478782,"events":[{"timestamp":18.478782,"type":"JOB_COMPLETED","data":{"job_id":"ebdc2a!31","job_state":"COMPLETED_SUCCESSFULLY","return_code":0,"kill_reason":"","alloc":"20-35"}}]}'
Sending '{"now":18.478782,"events":[{"timestamp":18.478782,"type":"EXECUTE_JOB","data":{"job_id":"ebdc2a!35","alloc":"20-35"}}]}'
Received '{"now":18.652194,"events":[{"timestamp":18.652194,"type":"JOB_SUBMITTED","data":{"job_id":"ebdc2a!115","job":{"id":"ebdc2a!115","profile":"FT.S.4","res":4,"subtime":18.644388,"walltime":4200}}}]}'
Sending '{"now":18.652194,"events":[]}'
Received '{"now":18.871965,"events":[{"timestamp":18.871965,"type":"JOB_SUBMITTED","data":{"job_id":"ebdc2a!116","job":{"id":"ebdc2a!116","profile":"SP.S.16","res":16,"subtime":18.864162,"walltime":4200}}}]}'
Sending '{"now":18.871965,"events":[]}'
Received '{"now":18.893431,"events":[{"timestamp":18.885625,"type":"JOB_COMPLETED","data":{"job_id":"ebdc2a!104","job_state":"COMPLETED_SUCCESSFULLY","return_code":0,"kill_reason":"","alloc":"40-43"}}]}'
Sending '{"now":18.893431,"events":[{"timestamp":18.893431,"type":"EXECUTE_JOB","data":{"job_id":"ebdc2a!112","alloc":"40-43"}}]}'
Received '{"now":18.964311,"events":[{"timestamp":18.964311,"type":"JOB_COMPLETED","data":{"job_id":"ebdc2a!29","job_state":"COMPLETED_SUCCESSFULLY","return_code":0,"kill_reason":"","alloc":"48-63"}}]}'
Sending '{"now":18.964311,"events":[{"timestamp":18.964311,"type":"EXECUTE_JOB","data":{"job_id":"ebdc2a!36","alloc":"48-63"}}]}'
Received '{"now":19.018737,"events":[{"timestamp":19.018737,"type":"JOB_COMPLETED","data":{"job_id":"ebdc2a!112","job_state":"COMPLETED_SUCCESSFULLY","return_code":0,"kill_reason":"","alloc":"40-43"}}]}'
Sending '{"now":19.018737,"events":[{"timestamp":19.018737,"type":"EXECUTE_JOB","data":{"job_id":"ebdc2a!113","alloc":"40-43"}}]}'
Received '{"now":19.096359,"events":[{"timestamp":19.096359,"type":"JOB_COMPLETED","data":{"job_id":"ebdc2a!109","job_state":"COMPLETED_SUCCESSFULLY","return_code":0,"kill_reason":"","alloc":"36-39"}}]}'
Sending '{"now":19.096359,"events":[{"timestamp":19.096359,"type":"EXECUTE_JOB","data":{"job_id":"ebdc2a!115","alloc":"36-39"}}]}'
Received '{"now":19.256830,"events":[{"timestamp":19.256830,"type":"JOB_COMPLETED","data":{"job_id":"ebdc2a!88","job_state":"COMPLETED_SUCCESSFULLY","return_code":0,"kill_reason":"","alloc":"44-47"}}]}'
Sending '{"now":19.25683,"events":[]}'
Received '{"now":19.278297,"events":[{"timestamp":19.278297,"type":"JOB_COMPLETED","data":{"job_id":"ebdc2a!115","job_state":"COMPLETED_SUCCESSFULLY","return_code":0,"kill_reason":"","alloc":"36-39"}}]}'
Sending '{"now":19.278297,"events":[]}'
Received '{"now":19.432066,"events":[{"timestamp":19.432066,"type":"JOB_COMPLETED","data":{"job_id":"ebdc2a!90","job_state":"COMPLETED_SUCCESSFULLY","return_code":0,"kill_reason":"","alloc":"16-19"}}]}'
Sending '{"now":19.432066,"events":[]}'
Received '{"now":19.447678,"events":[{"timestamp":19.439872,"type":"JOB_SUBMITTED","data":{"job_id":"ebdc2a!117","job":{"id":"ebdc2a!117","profile":"SP.S.4","res":4,"subtime":19.426708,"walltime":4200}}}]}'
Sending '{"now":19.447678,"events":[{"timestamp":19.447678,"type":"EXECUTE_JOB","data":{"job_id":"ebdc2a!117","alloc":"16-19"}}]}'
Received '{"now":19.578076,"events":[{"timestamp":19.578076,"type":"JOB_COMPLETED","data":{"job_id":"ebdc2a!113","job_state":"COMPLETED_SUCCESSFULLY","return_code":0,"kill_reason":"","alloc":"40-43"}}]}'
Sending '{"now":19.578076,"events":[]}'
Received '{"now":19.710846,"events":[{"timestamp":19.710846,"type":"JOB_COMPLETED","data":{"job_id":"ebdc2a!35","job_state":"COMPLETED_SUCCESSFULLY","return_code":0,"kill_reason":"","alloc":"20-35"}}]}'
Sending '{"now":19.710846,"events":[{"timestamp":19.710846,"type":"EXECUTE_JOB","data":{"job_id":"ebdc2a!39","alloc":"20-35"}}]}'
Received '{"now":19.934703,"events":[{"timestamp":19.934703,"type":"JOB_SUBMITTED","data":{"job_id":"ebdc2a!118","job":{"id":"ebdc2a!118","profile":"CG.S.16","res":16,"subtime":19.926901,"walltime":4200}}}]}'
Sending '{"now":19.934703,"events":[]}'
Received '{"now":19.971899,"events":[{"timestamp":19.971899,"type":"JOB_SUBMITTED","data":{"job_id":"ebdc2a!119","job":{"id":"ebdc2a!119","profile":"IS.S.16","res":16,"subtime":19.964093,"walltime":4200}}}]}'
Sending '{"now":19.971899,"events":[]}'
Received '{"now":20.396729,"events":[{"timestamp":20.396729,"type":"JOB_SUBMITTED","data":{"job_id":"ebdc2a!120","job":{"id":"ebdc2a!120","profile":"FT.S.16","res":16,"subtime":20.388926,"walltime":4200}}}]}'
Sending '{"now":20.396729,"events":[]}'
Received '{"now":20.744767,"events":[{"timestamp":20.744767,"type":"JOB_COMPLETED","data":{"job_id":"ebdc2a!117","job_state":"COMPLETED_SUCCESSFULLY","return_code":0,"kill_reason":"","alloc":"16-19"}}]}'
Sending '{"now":20.744767,"events":[]}'
Received '{"now":24.008935,"events":[{"timestamp":24.008935,"type":"JOB_COMPLETED","data":{"job_id":"ebdc2a!34","job_state":"COMPLETED_SUCCESSFULLY","return_code":0,"kill_reason":"","alloc":"0-15"}}]}'
Sending '{"now":24.008935,"events":[{"timestamp":24.008935,"type":"EXECUTE_JOB","data":{"job_id":"ebdc2a!41","alloc":"0-15"}}]}'
Received '{"now":24.331698,"events":[{"timestamp":24.331698,"type":"JOB_COMPLETED","data":{"job_id":"ebdc2a!41","job_state":"COMPLETED_SUCCESSFULLY","return_code":0,"kill_reason":"","alloc":"0-15"}}]}'
Sending '{"now":24.331698,"events":[{"timestamp":24.331698,"type":"EXECUTE_JOB","data":{"job_id":"ebdc2a!42","alloc":"0-15"}}]}'
Received '{"now":24.757976,"events":[{"timestamp":24.757976,"type":"JOB_COMPLETED","data":{"job_id":"ebdc2a!36","job_state":"COMPLETED_SUCCESSFULLY","return_code":0,"kill_reason":"","alloc":"48-63"}}]}'
Sending '{"now":24.757976,"events":[{"timestamp":24.757976,"type":"EXECUTE_JOB","data":{"job_id":"ebdc2a!43","alloc":"36-51"}}]}'
Received '{"now":24.966291,"events":[{"timestamp":24.966291,"type":"JOB_COMPLETED","data":{"job_id":"ebdc2a!43","job_state":"COMPLETED_SUCCESSFULLY","return_code":0,"kill_reason":"","alloc":"36-51"}}]}'
Sending '{"now":24.966291,"events":[{"timestamp":24.966291,"type":"EXECUTE_JOB","data":{"job_id":"ebdc2a!44","alloc":"36-51"}}]}'
Received '{"now":26.297890,"events":[{"timestamp":26.297890,"type":"JOB_COMPLETED","data":{"job_id":"ebdc2a!39","job_state":"COMPLETED_SUCCESSFULLY","return_code":0,"kill_reason":"","alloc":"20-35"}}]}'
Sending '{"now":26.29789,"events":[{"timestamp":26.29789,"type":"EXECUTE_JOB","data":{"job_id":"ebdc2a!47","alloc":"16-31"}}]}'
Received '{"now":28.553885,"events":[{"timestamp":28.553885,"type":"JOB_COMPLETED","data":{"job_id":"ebdc2a!44","job_state":"COMPLETED_SUCCESSFULLY","return_code":0,"kill_reason":"","alloc":"36-51"}}]}'
Sending '{"now":28.553885,"events":[{"timestamp":28.553885,"type":"EXECUTE_JOB","data":{"job_id":"ebdc2a!49","alloc":"32-47"}},{"timestamp":28.553885,"type":"EXECUTE_JOB","data":{"job_id":"ebdc2a!50","alloc":"48-63"}}]}'
Received '{"now":29.880910,"events":[{"timestamp":29.880910,"type":"JOB_COMPLETED","data":{"job_id":"ebdc2a!47","job_state":"COMPLETED_SUCCESSFULLY","return_code":0,"kill_reason":"","alloc":"16-31"}}]}'
Sending '{"now":29.88091,"events":[{"timestamp":29.88091,"type":"EXECUTE_JOB","data":{"job_id":"ebdc2a!52","alloc":"16-31"}}]}'
Received '{"now":30.509946,"events":[{"timestamp":30.509946,"type":"JOB_COMPLETED","data":{"job_id":"ebdc2a!42","job_state":"COMPLETED_SUCCESSFULLY","return_code":0,"kill_reason":"","alloc":"0-15"}}]}'
Sending '{"now":30.509946,"events":[{"timestamp":30.509946,"type":"EXECUTE_JOB","data":{"job_id":"ebdc2a!54","alloc":"0-15"}}]}'
Received '{"now":31.569655,"events":[{"timestamp":31.569655,"type":"JOB_COMPLETED","data":{"job_id":"ebdc2a!54","job_state":"COMPLETED_SUCCESSFULLY","return_code":0,"kill_reason":"","alloc":"0-15"}}]}'
Sending '{"now":31.569655,"events":[{"timestamp":31.569655,"type":"EXECUTE_JOB","data":{"job_id":"ebdc2a!55","alloc":"0-15"}}]}'
Received '{"now":33.463864,"events":[{"timestamp":33.463864,"type":"JOB_COMPLETED","data":{"job_id":"ebdc2a!52","job_state":"COMPLETED_SUCCESSFULLY","return_code":0,"kill_reason":"","alloc":"16-31"}}]}'
Sending '{"now":33.463864,"events":[{"timestamp":33.463864,"type":"EXECUTE_JOB","data":{"job_id":"ebdc2a!57","alloc":"16-31"}}]}'
Received '{"now":34.732535,"events":[{"timestamp":34.732535,"type":"JOB_COMPLETED","data":{"job_id":"ebdc2a!49","job_state":"COMPLETED_SUCCESSFULLY","return_code":0,"kill_reason":"","alloc":"32-47"}}]}'
Sending '{"now":34.732535,"events":[{"timestamp":34.732535,"type":"EXECUTE_JOB","data":{"job_id":"ebdc2a!58","alloc":"32-47"}}]}'
Received '{"now":34.761797,"events":[{"timestamp":34.746190,"type":"JOB_COMPLETED","data":{"job_id":"ebdc2a!50","job_state":"COMPLETED_SUCCESSFULLY","return_code":0,"kill_reason":"","alloc":"48-63"}}]}'
Sending '{"now":34.761797,"events":[{"timestamp":34.761797,"type":"EXECUTE_JOB","data":{"job_id":"ebdc2a!60","alloc":"48-63"}}]}'
Received '{"now":34.947016,"events":[{"timestamp":34.947016,"type":"JOB_COMPLETED","data":{"job_id":"ebdc2a!60","job_state":"COMPLETED_SUCCESSFULLY","return_code":0,"kill_reason":"","alloc":"48-63"}}]}'
Sending '{"now":34.947016,"events":[{"timestamp":34.947016,"type":"EXECUTE_JOB","data":{"job_id":"ebdc2a!63","alloc":"48-63"}}]}'
Received '{"now":35.069386,"events":[{"timestamp":35.069386,"type":"JOB_COMPLETED","data":{"job_id":"ebdc2a!58","job_state":"COMPLETED_SUCCESSFULLY","return_code":0,"kill_reason":"","alloc":"32-47"}}]}'
Sending '{"now":35.069386,"events":[{"timestamp":35.069386,"type":"EXECUTE_JOB","data":{"job_id":"ebdc2a!64","alloc":"32-47"}}]}'
Received '{"now":35.151855,"events":[{"timestamp":35.151855,"type":"JOB_COMPLETED","data":{"job_id":"ebdc2a!55","job_state":"COMPLETED_SUCCESSFULLY","return_code":0,"kill_reason":"","alloc":"0-15"}}]}'
Sending '{"now":35.151855,"events":[{"timestamp":35.151855,"type":"EXECUTE_JOB","data":{"job_id":"ebdc2a!68","alloc":"0-15"}}]}'
Received '{"now":35.337103,"events":[{"timestamp":35.337103,"type":"JOB_COMPLETED","data":{"job_id":"ebdc2a!68","job_state":"COMPLETED_SUCCESSFULLY","return_code":0,"kill_reason":"","alloc":"0-15"}}]}'
Sending '{"now":35.337103,"events":[{"timestamp":35.337103,"type":"EXECUTE_JOB","data":{"job_id":"ebdc2a!71","alloc":"0-15"}}]}'
Received '{"now":38.505161,"events":[{"timestamp":38.505161,"type":"JOB_COMPLETED","data":{"job_id":"ebdc2a!71","job_state":"COMPLETED_SUCCESSFULLY","return_code":0,"kill_reason":"","alloc":"0-15"}}]}'
Sending '{"now":38.505161,"events":[{"timestamp":38.505161,"type":"EXECUTE_JOB","data":{"job_id":"ebdc2a!73","alloc":"0-15"}}]}'
Received '{"now":38.534430,"events":[{"timestamp":38.534430,"type":"JOB_COMPLETED","data":{"job_id":"ebdc2a!63","job_state":"COMPLETED_SUCCESSFULLY","return_code":0,"kill_reason":"","alloc":"48-63"}}]}'
Sending '{"now":38.53443,"events":[{"timestamp":38.53443,"type":"EXECUTE_JOB","data":{"job_id":"ebdc2a!75","alloc":"48-63"}}]}'
Received '{"now":38.649643,"events":[{"timestamp":38.649643,"type":"JOB_COMPLETED","data":{"job_id":"ebdc2a!64","job_state":"COMPLETED_SUCCESSFULLY","return_code":0,"kill_reason":"","alloc":"32-47"}}]}'
Sending '{"now":38.649643,"events":[{"timestamp":38.649643,"type":"EXECUTE_JOB","data":{"job_id":"ebdc2a!76","alloc":"32-47"}}]}'
Received '{"now":39.276174,"events":[{"timestamp":39.276174,"type":"JOB_COMPLETED","data":{"job_id":"ebdc2a!57","job_state":"COMPLETED_SUCCESSFULLY","return_code":0,"kill_reason":"","alloc":"16-31"}}]}'
Sending '{"now":39.276174,"events":[{"timestamp":39.276174,"type":"EXECUTE_JOB","data":{"job_id":"ebdc2a!77","alloc":"16-31"}}]}'
Received '{"now":39.593339,"events":[{"timestamp":39.593339,"type":"JOB_COMPLETED","data":{"job_id":"ebdc2a!75","job_state":"COMPLETED_SUCCESSFULLY","return_code":0,"kill_reason":"","alloc":"48-63"}}]}'
Sending '{"now":39.593339,"events":[{"timestamp":39.593339,"type":"EXECUTE_JOB","data":{"job_id":"ebdc2a!78","alloc":"48-63"}}]}'
Received '{"now":39.622612,"events":[{"timestamp":39.607000,"type":"JOB_COMPLETED","data":{"job_id":"ebdc2a!77","job_state":"COMPLETED_SUCCESSFULLY","return_code":0,"kill_reason":"","alloc":"16-31"}}]}'
Sending '{"now":39.622612,"events":[{"timestamp":39.622612,"type":"EXECUTE_JOB","data":{"job_id":"ebdc2a!80","alloc":"16-31"}}]}'
Received '{"now":40.666146,"events":[{"timestamp":40.666146,"type":"JOB_COMPLETED","data":{"job_id":"ebdc2a!78","job_state":"COMPLETED_SUCCESSFULLY","return_code":0,"kill_reason":"","alloc":"48-63"}}]}'
Sending '{"now":40.666146,"events":[{"timestamp":40.666146,"type":"EXECUTE_JOB","data":{"job_id":"ebdc2a!82","alloc":"48-63"}}]}'
Received '{"now":40.989400,"events":[{"timestamp":40.989400,"type":"JOB_COMPLETED","data":{"job_id":"ebdc2a!82","job_state":"COMPLETED_SUCCESSFULLY","return_code":0,"kill_reason":"","alloc":"48-63"}}]}'
Sending '{"now":40.9894,"events":[{"timestamp":40.9894,"type":"EXECUTE_JOB","data":{"job_id":"ebdc2a!87","alloc":"48-63"}}]}'
Received '{"now":41.312596,"events":[{"timestamp":41.312596,"type":"JOB_COMPLETED","data":{"job_id":"ebdc2a!87","job_state":"COMPLETED_SUCCESSFULLY","return_code":0,"kill_reason":"","alloc":"48-63"}}]}'
Sending '{"now":41.312596,"events":[{"timestamp":41.312596,"type":"EXECUTE_JOB","data":{"job_id":"ebdc2a!89","alloc":"48-63"}}]}'
Received '{"now":42.230718,"events":[{"timestamp":42.230718,"type":"JOB_COMPLETED","data":{"job_id":"ebdc2a!76","job_state":"COMPLETED_SUCCESSFULLY","return_code":0,"kill_reason":"","alloc":"32-47"}}]}'
Sending '{"now":42.230718,"events":[{"timestamp":42.230718,"type":"EXECUTE_JOB","data":{"job_id":"ebdc2a!91","alloc":"32-47"}}]}'
Received '{"now":43.203609,"events":[{"timestamp":43.203609,"type":"JOB_COMPLETED","data":{"job_id":"ebdc2a!80","job_state":"COMPLETED_SUCCESSFULLY","return_code":0,"kill_reason":"","alloc":"16-31"}}]}'
Sending '{"now":43.203609,"events":[{"timestamp":43.203609,"type":"EXECUTE_JOB","data":{"job_id":"ebdc2a!93","alloc":"16-31"}}]}'
Received '{"now":44.325235,"events":[{"timestamp":44.325235,"type":"JOB_COMPLETED","data":{"job_id":"ebdc2a!73","job_state":"COMPLETED_SUCCESSFULLY","return_code":0,"kill_reason":"","alloc":"0-15"}}]}'
Sending '{"now":44.325235,"events":[{"timestamp":44.325235,"type":"EXECUTE_JOB","data":{"job_id":"ebdc2a!94","alloc":"0-15"}}]}'
Received '{"now":44.892837,"events":[{"timestamp":44.892837,"type":"JOB_COMPLETED","data":{"job_id":"ebdc2a!89","job_state":"COMPLETED_SUCCESSFULLY","return_code":0,"kill_reason":"","alloc":"48-63"}}]}'
Sending '{"now":44.892837,"events":[{"timestamp":44.892837,"type":"EXECUTE_JOB","data":{"job_id":"ebdc2a!95","alloc":"48-63"}}]}'
Received '{"now":45.384105,"events":[{"timestamp":45.384105,"type":"JOB_COMPLETED","data":{"job_id":"ebdc2a!94","job_state":"COMPLETED_SUCCESSFULLY","return_code":0,"kill_reason":"","alloc":"0-15"}}]}'
Sending '{"now":45.384105,"events":[{"timestamp":45.384105,"type":"EXECUTE_JOB","data":{"job_id":"ebdc2a!97","alloc":"0-15"}}]}'
Received '{"now":48.028575,"events":[{"timestamp":48.028575,"type":"JOB_COMPLETED","data":{"job_id":"ebdc2a!91","job_state":"COMPLETED_SUCCESSFULLY","return_code":0,"kill_reason":"","alloc":"32-47"}}]}'
Sending '{"now":48.028575,"events":[{"timestamp":48.028575,"type":"EXECUTE_JOB","data":{"job_id":"ebdc2a!98","alloc":"32-47"}}]}'
Received '{"now":49.003889,"events":[{"timestamp":49.003889,"type":"JOB_COMPLETED","data":{"job_id":"ebdc2a!93","job_state":"COMPLETED_SUCCESSFULLY","return_code":0,"kill_reason":"","alloc":"16-31"}}]}'
Sending '{"now":49.003889,"events":[{"timestamp":49.003889,"type":"EXECUTE_JOB","data":{"job_id":"ebdc2a!99","alloc":"16-31"}}]}'
Received '{"now":51.069087,"events":[{"timestamp":51.069087,"type":"JOB_COMPLETED","data":{"job_id":"ebdc2a!95","job_state":"COMPLETED_SUCCESSFULLY","return_code":0,"kill_reason":"","alloc":"48-63"}}]}'
Sending '{"now":51.069087,"events":[{"timestamp":51.069087,"type":"EXECUTE_JOB","data":{"job_id":"ebdc2a!100","alloc":"48-63"}}]}'
Received '{"now":51.560346,"events":[{"timestamp":51.560346,"type":"JOB_COMPLETED","data":{"job_id":"ebdc2a!97","job_state":"COMPLETED_SUCCESSFULLY","return_code":0,"kill_reason":"","alloc":"0-15"}}]}'
Sending '{"now":51.560346,"events":[{"timestamp":51.560346,"type":"EXECUTE_JOB","data":{"job_id":"ebdc2a!101","alloc":"0-15"}}]}'
Received '{"now":52.584859,"events":[{"timestamp":52.584859,"type":"JOB_COMPLETED","data":{"job_id":"ebdc2a!99","job_state":"COMPLETED_SUCCESSFULLY","return_code":0,"kill_reason":"","alloc":"16-31"}}]}'
Sending '{"now":52.584859,"events":[{"timestamp":52.584859,"type":"EXECUTE_JOB","data":{"job_id":"ebdc2a!102","alloc":"16-31"}}]}'
Received '{"now":52.770043,"events":[{"timestamp":52.770043,"type":"JOB_COMPLETED","data":{"job_id":"ebdc2a!102","job_state":"COMPLETED_SUCCESSFULLY","return_code":0,"kill_reason":"","alloc":"16-31"}}]}'
Sending '{"now":52.770043,"events":[{"timestamp":52.770043,"type":"EXECUTE_JOB","data":{"job_id":"ebdc2a!103","alloc":"16-31"}}]}'
Received '{"now":53.862891,"events":[{"timestamp":53.862891,"type":"JOB_COMPLETED","data":{"job_id":"ebdc2a!98","job_state":"COMPLETED_SUCCESSFULLY","return_code":0,"kill_reason":"","alloc":"32-47"}}]}'
Sending '{"now":53.862891,"events":[{"timestamp":53.862891,"type":"EXECUTE_JOB","data":{"job_id":"ebdc2a!105","alloc":"32-47"}}]}'
Received '{"now":54.237046,"events":[{"timestamp":54.237046,"type":"JOB_COMPLETED","data":{"job_id":"ebdc2a!100","job_state":"COMPLETED_SUCCESSFULLY","return_code":0,"kill_reason":"","alloc":"48-63"}}]}'
Sending '{"now":54.237046,"events":[{"timestamp":54.237046,"type":"EXECUTE_JOB","data":{"job_id":"ebdc2a!106","alloc":"48-63"}}]}'
Received '{"now":54.422386,"events":[{"timestamp":54.422386,"type":"JOB_COMPLETED","data":{"job_id":"ebdc2a!106","job_state":"COMPLETED_SUCCESSFULLY","return_code":0,"kill_reason":"","alloc":"48-63"}}]}'
Sending '{"now":54.422386,"events":[{"timestamp":54.422386,"type":"EXECUTE_JOB","data":{"job_id":"ebdc2a!107","alloc":"48-63"}}]}'
Received '{"now":54.745843,"events":[{"timestamp":54.745843,"type":"JOB_COMPLETED","data":{"job_id":"ebdc2a!107","job_state":"COMPLETED_SUCCESSFULLY","return_code":0,"kill_reason":"","alloc":"48-63"}}]}'
Sending '{"now":54.745843,"events":[{"timestamp":54.745843,"type":"EXECUTE_JOB","data":{"job_id":"ebdc2a!108","alloc":"48-63"}}]}'
Received '{"now":54.922397,"events":[{"timestamp":54.922397,"type":"JOB_COMPLETED","data":{"job_id":"ebdc2a!105","job_state":"COMPLETED_SUCCESSFULLY","return_code":0,"kill_reason":"","alloc":"32-47"}}]}'
Sending '{"now":54.922397,"events":[{"timestamp":54.922397,"type":"EXECUTE_JOB","data":{"job_id":"ebdc2a!110","alloc":"32-47"}}]}'
Received '{"now":56.352033,"events":[{"timestamp":56.352033,"type":"JOB_COMPLETED","data":{"job_id":"ebdc2a!103","job_state":"COMPLETED_SUCCESSFULLY","return_code":0,"kill_reason":"","alloc":"16-31"}}]}'
Sending '{"now":56.352033,"events":[{"timestamp":56.352033,"type":"EXECUTE_JOB","data":{"job_id":"ebdc2a!111","alloc":"16-31"}}]}'
Received '{"now":57.737374,"events":[{"timestamp":57.737374,"type":"JOB_COMPLETED","data":{"job_id":"ebdc2a!101","job_state":"COMPLETED_SUCCESSFULLY","return_code":0,"kill_reason":"","alloc":"0-15"}}]}'
Sending '{"now":57.737374,"events":[{"timestamp":57.737374,"type":"EXECUTE_JOB","data":{"job_id":"ebdc2a!114","alloc":"0-15"}}]}'
Received '{"now":57.912741,"events":[{"timestamp":57.912741,"type":"JOB_COMPLETED","data":{"job_id":"ebdc2a!108","job_state":"COMPLETED_SUCCESSFULLY","return_code":0,"kill_reason":"","alloc":"48-63"}}]}'
Sending '{"now":57.912741,"events":[{"timestamp":57.912741,"type":"EXECUTE_JOB","data":{"job_id":"ebdc2a!116","alloc":"48-63"}}]}'
Received '{"now":58.060304,"events":[{"timestamp":58.060304,"type":"JOB_COMPLETED","data":{"job_id":"ebdc2a!114","job_state":"COMPLETED_SUCCESSFULLY","return_code":0,"kill_reason":"","alloc":"0-15"}}]}'
Sending '{"now":58.060304,"events":[{"timestamp":58.060304,"type":"EXECUTE_JOB","data":{"job_id":"ebdc2a!118","alloc":"0-15"}}]}'
Received '{"now":58.503605,"events":[{"timestamp":58.503605,"type":"JOB_COMPLETED","data":{"job_id":"ebdc2a!110","job_state":"COMPLETED_SUCCESSFULLY","return_code":0,"kill_reason":"","alloc":"32-47"}}]}'
Sending '{"now":58.503605,"events":[{"timestamp":58.503605,"type":"EXECUTE_JOB","data":{"job_id":"ebdc2a!119","alloc":"32-47"}}]}'
Received '{"now":58.688778,"events":[{"timestamp":58.688778,"type":"JOB_COMPLETED","data":{"job_id":"ebdc2a!119","job_state":"COMPLETED_SUCCESSFULLY","return_code":0,"kill_reason":"","alloc":"32-47"}}]}'
Sending '{"now":58.688778,"events":[{"timestamp":58.688778,"type":"EXECUTE_JOB","data":{"job_id":"ebdc2a!120","alloc":"32-47"}}]}'
Received '{"now":59.011858,"events":[{"timestamp":59.011858,"type":"JOB_COMPLETED","data":{"job_id":"ebdc2a!120","job_state":"COMPLETED_SUCCESSFULLY","return_code":0,"kill_reason":"","alloc":"32-47"}}]}'
Sending '{"now":59.011858,"events":[]}'
Received '{"now":61.640486,"events":[{"timestamp":61.640486,"type":"JOB_COMPLETED","data":{"job_id":"ebdc2a!118","job_state":"COMPLETED_SUCCESSFULLY","return_code":0,"kill_reason":"","alloc":"0-15"}}]}'
Sending '{"now":61.640486,"events":[]}'
Received '{"now":62.146099,"events":[{"timestamp":62.146099,"type":"JOB_COMPLETED","data":{"job_id":"ebdc2a!111","job_state":"COMPLETED_SUCCESSFULLY","return_code":0,"kill_reason":"","alloc":"16-31"}}]}'
Sending '{"now":62.146099,"events":[]}'
Received '{"now":63.722855,"events":[{"timestamp":63.722855,"type":"JOB_COMPLETED","data":{"job_id":"ebdc2a!116","job_state":"COMPLETED_SUCCESSFULLY","return_code":0,"kill_reason":"","alloc":"48-63"}},{"timestamp":63.722855,"type":"SIMULATION_ENDS","data":{}}]}'
Sending '{"now":63.722855,"events":[]}'
