variant_options = '{"custom_mapping": true}'
Received '{"now":0.000000,"events":[{"timestamp":0.000000,"type":"SIMULATION_BEGINS","data":{"nb_resources":64,"allow_time_sharing":false,"config":{"redis":{"enabled":false,"hostname":"127.0.0.1","port":6379,"prefix":"default"},"job_submission":{"forward_profiles":false,"from_scheduler":{"enabled":false,"acknowledge":true}}},"resources_data":[{"id":0,"name":"node-0.simgrid.org","state":"idle","properties":{}},{"id":1,"name":"node-1.simgrid.org","state":"idle","properties":{}},{"id":2,"name":"node-2.simgrid.org","state":"idle","properties":{}},{"id":3,"name":"node-3.simgrid.org","state":"idle","properties":{}},{"id":4,"name":"node-4.simgrid.org","state":"idle","properties":{}},{"id":5,"name":"node-5.simgrid.org","state":"idle","properties":{}},{"id":6,"name":"node-6.simgrid.org","state":"idle","properties":{}},{"id":7,"name":"node-7.simgrid.org","state":"idle","properties":{}},{"id":8,"name":"node-8.simgrid.org","state":"idle","properties":{}},{"id":9,"name":"node-9.simgrid.org","state":"idle","properties":{}},{"id":10,"name":"node-10.simgrid.org","state":"idle","properties":{}},{"id":11,"name":"node-11.simgrid.org","state":"idle","properties":{}},{"id":12,"name":"node-12.simgrid.org","state":"idle","properties":{}},{"id":13,"name":"node-13.simgrid.org","state":"idle","properties":{}},{"id":14,"name":"node-14.simgrid.org","state":"idle","properties":{}},{"id":15,"name":"node-15.simgrid.org","state":"idle","properties":{}},{"id":16,"name":"node-16.simgrid.org","state":"idle","properties":{}},{"id":17,"name":"node-17.simgrid.org","state":"idle","properties":{}},{"id":18,"name":"node-18.simgrid.org","state":"idle","properties":{}},{"id":19,"name":"node-19.simgrid.org","state":"idle","properties":{}},{"id":20,"name":"node-20.simgrid.org","state":"idle","properties":{}},{"id":21,"name":"node-21.simgrid.org","state":"idle","properties":{}},{"id":22,"name":"node-22.simgrid.org","state":"idle","properties":{}},{"id":23,"name":"node-23.simgrid.org","state":"idle","properties":{}},{"id":24,"name":"node-24.simgrid.org","state":"idle","properties":{}},{"id":25,"name":"node-25.simgrid.org","state":"idle","properties":{}},{"id":26,"name":"node-26.simgrid.org","state":"idle","properties":{}},{"id":27,"name":"node-27.simgrid.org","state":"idle","properties":{}},{"id":28,"name":"node-28.simgrid.org","state":"idle","properties":{}},{"id":29,"name":"node-29.simgrid.org","state":"idle","properties":{}},{"id":30,"name":"node-30.simgrid.org","state":"idle","properties":{}},{"id":31,"name":"node-31.simgrid.org","state":"idle","properties":{}},{"id":32,"name":"node-32.simgrid.org","state":"idle","properties":{}},{"id":33,"name":"node-33.simgrid.org","state":"idle","properties":{}},{"id":34,"name":"node-34.simgrid.org","state":"idle","properties":{}},{"id":35,"name":"node-35.simgrid.org","state":"idle","properties":{}},{"id":36,"name":"node-36.simgrid.org","state":"idle","properties":{}},{"id":37,"name":"node-37.simgrid.org","state":"idle","properties":{}},{"id":38,"name":"node-38.simgrid.org","state":"idle","properties":{}},{"id":39,"name":"node-39.simgrid.org","state":"idle","properties":{}},{"id":40,"name":"node-40.simgrid.org","state":"idle","properties":{}},{"id":41,"name":"node-41.simgrid.org","state":"idle","properties":{}},{"id":42,"name":"node-42.simgrid.org","state":"idle","properties":{}},{"id":43,"name":"node-43.simgrid.org","state":"idle","properties":{}},{"id":44,"name":"node-44.simgrid.org","state":"idle","properties":{}},{"id":45,"name":"node-45.simgrid.org","state":"idle","properties":{}},{"id":46,"name":"node-46.simgrid.org","state":"idle","properties":{}},{"id":47,"name":"node-47.simgrid.org","state":"idle","properties":{}},{"id":48,"name":"node-48.simgrid.org","state":"idle","properties":{}},{"id":49,"name":"node-49.simgrid.org","state":"idle","properties":{}},{"id":50,"name":"node-50.simgrid.org","state":"idle","properties":{}},{"id":51,"name":"node-51.simgrid.org","state":"idle","properties":{}},{"id":52,"name":"node-52.simgrid.org","state":"idle","properties":{}},{"id":53,"name":"node-53.simgrid.org","state":"idle","properties":{}},{"id":54,"name":"node-54.simgrid.org","state":"idle","properties":{}},{"id":55,"name":"node-55.simgrid.org","state":"idle","properties":{}},{"id":56,"name":"node-56.simgrid.org","state":"idle","properties":{}},{"id":57,"name":"node-57.simgrid.org","state":"idle","properties":{}},{"id":58,"name":"node-58.simgrid.org","state":"idle","properties":{}},{"id":59,"name":"node-59.simgrid.org","state":"idle","properties":{}},{"id":60,"name":"node-60.simgrid.org","state":"idle","properties":{}},{"id":61,"name":"node-61.simgrid.org","state":"idle","properties":{}},{"id":62,"name":"node-62.simgrid.org","state":"idle","properties":{}},{"id":63,"name":"node-63.simgrid.org","state":"idle","properties":{}}],"workloads":{"06befe":"/github-simgrid/190311/../batsim-v2.0.0/workload_profiles/npb_80_jobs.json"}}}]}'
Sending '{"now":0.0,"events":[]}'
Received '{"now":0.453990,"events":[{"timestamp":0.453990,"type":"JOB_SUBMITTED","data":{"job_id":"06befe!1","job":{"id":"06befe!1","profile":"FT.S.16","res":16,"subtime":0.446184,"walltime":4200}}}]}'
Sending '{"now":0.45399,"events":[{"timestamp":0.45399,"type":"EXECUTE_JOB","data":{"job_id":"06befe!1","alloc":"0-15"}}]}'
Received '{"now":0.716881,"events":[{"timestamp":0.716881,"type":"JOB_COMPLETED","data":{"job_id":"06befe!1","job_state":"COMPLETED_SUCCESSFULLY","return_code":0,"kill_reason":"","alloc":"0-15"}}]}'
Sending '{"now":0.716881,"events":[]}'
Received '{"now":0.837459,"events":[{"timestamp":0.837459,"type":"JOB_SUBMITTED","data":{"job_id":"06befe!2","job":{"id":"06befe!2","profile":"FT.S.4","res":4,"subtime":0.829653,"walltime":4200}}}]}'
Sending '{"now":0.837459,"events":[{"timestamp":0.837459,"type":"EXECUTE_JOB","data":{"job_id":"06befe!2","alloc":"0-3"}}]}'
Received '{"now":0.916616,"events":[{"timestamp":0.916616,"type":"JOB_SUBMITTED","data":{"job_id":"06befe!3","job":{"id":"06befe!3","profile":"IS.S.16","res":16,"subtime":0.908810,"walltime":4200}}}]}'
Sending '{"now":0.916616,"events":[{"timestamp":0.916616,"type":"EXECUTE_JOB","data":{"job_id":"06befe!3","alloc":"4-19"}}]}'
Received '{"now":0.968230,"events":[{"timestamp":0.968230,"type":"JOB_COMPLETED","data":{"job_id":"06befe!2","job_state":"COMPLETED_SUCCESSFULLY","return_code":0,"kill_reason":"","alloc":"0-3"}}]}'
Sending '{"now":0.96823,"events":[]}'
Received '{"now":1.092020,"events":[{"timestamp":1.092020,"type":"JOB_COMPLETED","data":{"job_id":"06befe!3","job_state":"COMPLETED_SUCCESSFULLY","return_code":0,"kill_reason":"","alloc":"4-19"}}]}'
Sending '{"now":1.09202,"events":[]}'
Received '{"now":1.528250,"events":[{"timestamp":1.528250,"type":"JOB_SUBMITTED","data":{"job_id":"06befe!4","job":{"id":"06befe!4","profile":"MG.S.4","res":4,"subtime":1.520444,"walltime":4200}}}]}'
Sending '{"now":1.52825,"events":[{"timestamp":1.52825,"type":"EXECUTE_JOB","data":{"job_id":"06befe!4","alloc":"0-3"}}]}'
Received '{"now":1.551668,"events":[{"timestamp":1.551668,"type":"JOB_SUBMITTED","data":{"job_id":"06befe!5","job":{"id":"06befe!5","profile":"CG.S.16","res":16,"subtime":1.540899,"walltime":4200}}}]}'
Sending '{"now":1.551668,"events":[{"timestamp":1.551668,"type":"EXECUTE_JOB","data":{"job_id":"06befe!5","alloc":"4-19"}}]}'
Received '{"now":1.715838,"events":[{"timestamp":1.715838,"type":"JOB_SUBMITTED","data":{"job_id":"06befe!6","job":{"id":"06befe!6","profile":"SP.S.4","res":4,"subtime":1.708032,"walltime":4200}}}]}'
Sending '{"now":1.715838,"events":[{"timestamp":1.715838,"type":"EXECUTE_JOB","data":{"job_id":"06befe!6","alloc":"20-23"}}]}'
Received '{"now":1.816851,"events":[{"timestamp":1.816851,"type":"JOB_SUBMITTED","data":{"job_id":"06befe!7","job":{"id":"06befe!7","profile":"LU.S.16","res":16,"subtime":1.809045,"walltime":4200}}}]}'
Sending '{"now":1.816851,"events":[{"timestamp":1.816851,"type":"EXECUTE_JOB","data":{"job_id":"06befe!7","alloc":"24-39"}}]}'
Received '{"now":1.966940,"events":[{"timestamp":1.966940,"type":"JOB_COMPLETED","data":{"job_id":"06befe!4","job_state":"COMPLETED_SUCCESSFULLY","return_code":0,"kill_reason":"","alloc":"0-3"}}]}'
Sending '{"now":1.96694,"events":[]}'
Received '{"now":2.025622,"events":[{"timestamp":2.025622,"type":"JOB_SUBMITTED","data":{"job_id":"06befe!8","job":{"id":"06befe!8","profile":"MG.S.16","res":16,"subtime":2.017816,"walltime":4200}}}]}'
Sending '{"now":2.025622,"events":[{"timestamp":2.025622,"type":"EXECUTE_JOB","data":{"job_id":"06befe!8","alloc":"40-55"}}]}'
Received '{"now":2.056846,"events":[{"timestamp":2.033428,"type":"JOB_SUBMITTED","data":{"job_id":"06befe!9","job":{"id":"06befe!9","profile":"LU.S.16","res":16,"subtime":2.023607,"walltime":4200}}},{"timestamp":2.049040,"type":"JOB_SUBMITTED","data":{"job_id":"06befe!10","job":{"id":"06befe!10","profile":"LU.S.16","res":16,"subtime":2.029625,"walltime":4200}}}]}'
Sending '{"now":2.056846,"events":[]}'
Received '{"now":2.072458,"events":[{"timestamp":2.064652,"type":"JOB_SUBMITTED","data":{"job_id":"06befe!11","job":{"id":"06befe!11","profile":"MG.S.16","res":16,"subtime":2.037358,"walltime":4200}}}]}'
Sending '{"now":2.072458,"events":[]}'
Received '{"now":2.151188,"events":[{"timestamp":2.151188,"type":"JOB_SUBMITTED","data":{"job_id":"06befe!12","job":{"id":"06befe!12","profile":"CG.S.16","res":16,"subtime":2.143382,"walltime":4200}}}]}'
Sending '{"now":2.151188,"events":[]}'
Received '{"now":2.490703,"events":[{"timestamp":2.490703,"type":"JOB_COMPLETED","data":{"job_id":"06befe!6","job_state":"COMPLETED_SUCCESSFULLY","return_code":0,"kill_reason":"","alloc":"20-23"}}]}'
Sending '{"now":2.490703,"events":[]}'
Received '{"now":2.508486,"events":[{"timestamp":2.508486,"type":"JOB_SUBMITTED","data":{"job_id":"06befe!13","job":{"id":"06befe!13","profile":"BT.S.16","res":16,"subtime":2.500680,"walltime":4200}}}]}'
Sending '{"now":2.508486,"events":[]}'
Received '{"now":2.570605,"events":[{"timestamp":2.570605,"type":"JOB_SUBMITTED","data":{"job_id":"06befe!14","job":{"id":"06befe!14","profile":"LU.S.4","res":4,"subtime":2.562799,"walltime":4200}}}]}'
Sending '{"now":2.570605,"events":[{"timestamp":2.570605,"type":"EXECUTE_JOB","data":{"job_id":"06befe!14","alloc":"20-23"}}]}'
Received '{"now":2.674835,"events":[{"timestamp":2.674835,"type":"JOB_SUBMITTED","data":{"job_id":"06befe!15","job":{"id":"06befe!15","profile":"LU.S.4","res":4,"subtime":2.667029,"walltime":4200}}}]}'
Sending '{"now":2.674835,"events":[{"timestamp":2.674835,"type":"EXECUTE_JOB","data":{"job_id":"06befe!15","alloc":"56-59"}}]}'
Received '{"now":2.721462,"events":[{"timestamp":2.721462,"type":"JOB_SUBMITTED","data":{"job_id":"06befe!16","job":{"id":"06befe!16","profile":"CG.S.16","res":16,"subtime":2.713656,"walltime":4200}}}]}'
Sending '{"now":2.721462,"events":[]}'
Received '{"now":2.959440,"events":[{"timestamp":2.959440,"type":"JOB_COMPLETED","data":{"job_id":"06befe!8","job_state":"COMPLETED_SUCCESSFULLY","return_code":0,"kill_reason":"","alloc":"40-55"}}]}'
Sending '{"now":2.95944,"events":[{"timestamp":2.95944,"type":"EXECUTE_JOB","data":{"job_id":"06befe!10","alloc":"40-55"}}]}'
Received '{"now":3.224574,"events":[{"timestamp":3.224574,"type":"JOB_SUBMITTED","data":{"job_id":"06befe!17","job":{"id":"06befe!17","profile":"MG.S.4","res":4,"subtime":3.216768,"walltime":4200}}}]}'
Sending '{"now":3.224574,"events":[{"timestamp":3.224574,"type":"EXECUTE_JOB","data":{"job_id":"06befe!17","alloc":"60-63"}}]}'
Received '{"now":3.587896,"events":[{"timestamp":3.587896,"type":"JOB_SUBMITTED","data":{"job_id":"06befe!18","job":{"id":"06befe!18","profile":"LU.S.16","res":16,"subtime":3.580090,"walltime":4200}}}]}'
Sending '{"now":3.587896,"events":[]}'
Received '{"now":3.613215,"events":[{"timestamp":3.613215,"type":"JOB_SUBMITTED","data":{"job_id":"06befe!19","job":{"id":"06befe!19","profile":"CG.S.16","res":16,"subtime":3.605409,"walltime":4200}}}]}'
Sending '{"now":3.613215,"events":[]}'
Received '{"now":3.663334,"events":[{"timestamp":3.663334,"type":"JOB_COMPLETED","data":{"job_id":"06befe!17","job_state":"COMPLETED_SUCCESSFULLY","return_code":0,"kill_reason":"","alloc":"60-63"}}]}'
Sending '{"now":3.663334,"events":[]}'
Received '{"now":3.706719,"events":[{"timestamp":3.706719,"type":"JOB_SUBMITTED","data":{"job_id":"06befe!20","job":{"id":"06befe!20","profile":"BT.S.4","res":4,"subtime":3.698913,"walltime":4200}}}]}'
Sending '{"now":3.706719,"events":[{"timestamp":3.706719,"type":"EXECUTE_JOB","data":{"job_id":"06befe!20","alloc":"60-63"}}]}'
Received '{"now":3.968474,"events":[{"timestamp":3.968474,"type":"JOB_SUBMITTED","data":{"job_id":"06befe!21","job":{"id":"06befe!21","profile":"MG.S.16","res":16,"subtime":3.960668,"walltime":4200}}}]}'
Sending '{"now":3.968474,"events":[]}'
Received '{"now":3.994817,"events":[{"timestamp":3.994817,"type":"JOB_SUBMITTED","data":{"job_id":"06befe!22","job":{"id":"06befe!22","profile":"BT.S.16","res":16,"subtime":3.987011,"walltime":4200}}}]}'
Sending '{"now":3.994817,"events":[]}'
Received '{"now":4.174841,"events":[{"timestamp":4.174841,"type":"JOB_COMPLETED","data":{"job_id":"06befe!20","job_state":"COMPLETED_SUCCESSFULLY","return_code":0,"kill_reason":"","alloc":"60-63"}}]}'
Sending '{"now":4.174841,"events":[]}'
Received '{"now":4.302910,"events":[{"timestamp":4.302910,"type":"JOB_SUBMITTED","data":{"job_id":"06befe!23","job":{"id":"06befe!23","profile":"LU.S.16","res":16,"subtime":4.295104,"walltime":4200}}}]}'
Sending '{"now":4.30291,"events":[]}'
Received '{"now":4.398534,"events":[{"timestamp":4.398534,"type":"JOB_SUBMITTED","data":{"job_id":"06befe!24","job":{"id":"06befe!24","profile":"LU.S.4","res":4,"subtime":4.390735,"walltime":4200}}}]}'
Sending '{"now":4.398534,"events":[{"timestamp":4.398534,"type":"EXECUTE_JOB","data":{"job_id":"06befe!24","alloc":"60-63"}}]}'
Received '{"now":4.508851,"events":[{"timestamp":4.508851,"type":"JOB_SUBMITTED","data":{"job_id":"06befe!25","job":{"id":"06befe!25","profile":"MG.S.4","res":4,"subtime":4.501045,"walltime":4200}}}]}'
Sending '{"now":4.508851,"events":[]}'
Received '{"now":4.585259,"events":[{"timestamp":4.585259,"type":"JOB_SUBMITTED","data":{"job_id":"06befe!26","job":{"id":"06befe!26","profile":"BT.S.16","res":16,"subtime":4.577453,"walltime":4200}}}]}'
Sending '{"now":4.585259,"events":[]}'
Received '{"now":4.775177,"events":[{"timestamp":4.775177,"type":"JOB_COMPLETED","data":{"job_id":"06befe!7","job_state":"COMPLETED_SUCCESSFULLY","return_code":0,"kill_reason":"","alloc":"24-39"}}]}'
Sending '{"now":4.775177,"events":[{"timestamp":4.775177,"type":"EXECUTE_JOB","data":{"job_id":"06befe!9","alloc":"24-39"}}]}'
Received '{"now":4.978065,"events":[{"timestamp":4.978065,"type":"JOB_COMPLETED","data":{"job_id":"06befe!14","job_state":"COMPLETED_SUCCESSFULLY","return_code":0,"kill_reason":"","alloc":"20-23"}}]}'
Sending '{"now":4.978065,"events":[{"timestamp":4.978065,"type":"EXECUTE_JOB","data":{"job_id":"06befe!25","alloc":"20-23"}}]}'
Received '{"now":5.020926,"events":[{"timestamp":5.020926,"type":"JOB_SUBMITTED","data":{"job_id":"06befe!27","job":{"id":"06befe!27","profile":"BT.S.16","res":16,"subtime":5.013120,"walltime":4200}}}]}'
Sending '{"now":5.020926,"events":[]}'
Received '{"now":5.082262,"events":[{"timestamp":5.082262,"type":"JOB_COMPLETED","data":{"job_id":"06befe!15","job_state":"COMPLETED_SUCCESSFULLY","return_code":0,"kill_reason":"","alloc":"56-59"}}]}'
Sending '{"now":5.082262,"events":[]}'
Received '{"now":5.185964,"events":[{"timestamp":5.185964,"type":"JOB_SUBMITTED","data":{"job_id":"06befe!28","job":{"id":"06befe!28","profile":"CG.S.16","res":16,"subtime":5.178158,"walltime":4200}}}]}'
Sending '{"now":5.185964,"events":[]}'
Received '{"now":5.276191,"events":[{"timestamp":5.276191,"type":"JOB_SUBMITTED","data":{"job_id":"06befe!29","job":{"id":"06befe!29","profile":"LU.S.4","res":4,"subtime":5.268385,"walltime":4200}}}]}'
Sending '{"now":5.276191,"events":[{"timestamp":5.276191,"type":"EXECUTE_JOB","data":{"job_id":"06befe!29","alloc":"56-59"}}]}'
Received '{"now":5.405148,"events":[{"timestamp":5.405148,"type":"JOB_COMPLETED","data":{"job_id":"06befe!5","job_state":"COMPLETED_SUCCESSFULLY","return_code":0,"kill_reason":"","alloc":"4-19"}}]}'
Sending '{"now":5.405148,"events":[{"timestamp":5.405148,"type":"EXECUTE_JOB","data":{"job_id":"06befe!11","alloc":"0-15"}}]}'
Received '{"now":5.434420,"events":[{"timestamp":5.418808,"type":"JOB_COMPLETED","data":{"job_id":"06befe!25","job_state":"COMPLETED_SUCCESSFULLY","return_code":0,"kill_reason":"","alloc":"20-23"}}]}'
Sending '{"now":5.43442,"events":[]}'
Received '{"now":5.787496,"events":[{"timestamp":5.787496,"type":"JOB_SUBMITTED","data":{"job_id":"06befe!30","job":{"id":"06befe!30","profile":"SP.S.16","res":16,"subtime":5.779690,"walltime":4200}}}]}'
Sending '{"now":5.787496,"events":[]}'
Received '{"now":5.864253,"events":[{"timestamp":5.864253,"type":"JOB_SUBMITTED","data":{"job_id":"06befe!31","job":{"id":"06befe!31","profile":"FT.S.4","res":4,"subtime":5.856447,"walltime":4200}}}]}'
Sending '{"now":5.864253,"events":[{"timestamp":5.864253,"type":"EXECUTE_JOB","data":{"job_id":"06befe!31","alloc":"16-19"}}]}'
Received '{"now":5.917855,"events":[{"timestamp":5.917855,"type":"JOB_COMPLETED","data":{"job_id":"06befe!10","job_state":"COMPLETED_SUCCESSFULLY","return_code":0,"kill_reason":"","alloc":"40-55"}}]}'
Sending '{"now":5.917855,"events":[{"timestamp":5.917855,"type":"EXECUTE_JOB","data":{"job_id":"06befe!12","alloc":"40-55"}}]}'
Received '{"now":5.995022,"events":[{"timestamp":5.995022,"type":"JOB_COMPLETED","data":{"job_id":"06befe!31","job_state":"COMPLETED_SUCCESSFULLY","return_code":0,"kill_reason":"","alloc":"16-19"}}]}'
Sending '{"now":5.995022,"events":[]}'
Received '{"now":6.165950,"events":[{"timestamp":6.165950,"type":"JOB_COMPLETED","data":{"job_id":"06befe!11","job_state":"COMPLETED_SUCCESSFULLY","return_code":0,"kill_reason":"","alloc":"0-15"}}]}'
Sending '{"now":6.16595,"events":[{"timestamp":6.16595,"type":"EXECUTE_JOB","data":{"job_id":"06befe!13","alloc":"0-15"}}]}'
Received '{"now":6.268217,"events":[{"timestamp":6.268217,"type":"JOB_SUBMITTED","data":{"job_id":"06befe!32","job":{"id":"06befe!32","profile":"LU.S.16","res":16,"subtime":6.260411,"walltime":4200}}}]}'
Sending '{"now":6.268217,"events":[]}'
Received '{"now":6.805953,"events":[{"timestamp":6.805953,"type":"JOB_COMPLETED","data":{"job_id":"06befe!24","job_state":"COMPLETED_SUCCESSFULLY","return_code":0,"kill_reason":"","alloc":"60-63"}}]}'
Sending '{"now":6.805953,"events":[]}'
Received '{"now":6.935749,"events":[{"timestamp":6.935749,"type":"JOB_SUBMITTED","data":{"job_id":"06befe!33","job":{"id":"06befe!33","profile":"FT.S.16","res":16,"subtime":6.927943,"walltime":4200}}}]}'
Sending '{"now":6.935749,"events":[]}'
Received '{"now":7.091937,"events":[{"timestamp":7.091937,"type":"JOB_SUBMITTED","data":{"job_id":"06befe!34","job":{"id":"06befe!34","profile":"MG.S.4","res":4,"subtime":7.084131,"walltime":4200}}}]}'
Sending '{"now":7.091937,"events":[{"timestamp":7.091937,"type":"EXECUTE_JOB","data":{"job_id":"06befe!34","alloc":"60-63"}}]}'
Received '{"now":7.298027,"events":[{"timestamp":7.298027,"type":"JOB_COMPLETED","data":{"job_id":"06befe!13","job_state":"COMPLETED_SUCCESSFULLY","return_code":0,"kill_reason":"","alloc":"0-15"}}]}'
Sending '{"now":7.298027,"events":[{"timestamp":7.298027,"type":"EXECUTE_JOB","data":{"job_id":"06befe!16","alloc":"0-15"}}]}'
Received '{"now":7.512700,"events":[{"timestamp":7.512700,"type":"JOB_SUBMITTED","data":{"job_id":"06befe!35","job":{"id":"06befe!35","profile":"LU.S.16","res":16,"subtime":7.504894,"walltime":4200}}}]}'
Sending '{"now":7.5127,"events":[]}'
Received '{"now":7.534167,"events":[{"timestamp":7.534167,"type":"JOB_COMPLETED","data":{"job_id":"06befe!34","job_state":"COMPLETED_SUCCESSFULLY","return_code":0,"kill_reason":"","alloc":"60-63"}}]}'
Sending '{"now":7.534167,"events":[]}'
Received '{"now":7.638836,"events":[{"timestamp":7.638836,"type":"JOB_SUBMITTED","data":{"job_id":"06befe!36","job":{"id":"06befe!36","profile":"IS.S.4","res":4,"subtime":7.631030,"walltime":4200}}}]}'
Sending '{"now":7.638836,"events":[{"timestamp":7.638836,"type":"EXECUTE_JOB","data":{"job_id":"06befe!36","alloc":"60-63"}}]}'
Received '{"now":7.683590,"events":[{"timestamp":7.683590,"type":"JOB_COMPLETED","data":{"job_id":"06befe!29","job_state":"COMPLETED_SUCCESSFULLY","return_code":0,"kill_reason":"","alloc":"56-59"}}]}'
Sending '{"now":7.68359,"events":[]}'
Received '{"now":7.733525,"events":[{"timestamp":7.733525,"type":"JOB_COMPLETED","data":{"job_id":"06befe!9","job_state":"COMPLETED_SUCCESSFULLY","return_code":0,"kill_reason":"","alloc":"24-39"}}]}'
Sending '{"now":7.733525,"events":[{"timestamp":7.733525,"type":"EXECUTE_JOB","data":{"job_id":"06befe!18","alloc":"16-31"}}]}'
Received '{"now":7.762798,"events":[{"timestamp":7.747186,"type":"JOB_COMPLETED","data":{"job_id":"06befe!36","job_state":"COMPLETED_SUCCESSFULLY","return_code":0,"kill_reason":"","alloc":"60-63"}}]}'
Sending '{"now":7.762798,"events":[]}'
Received '{"now":7.794794,"events":[{"timestamp":7.794794,"type":"JOB_SUBMITTED","data":{"job_id":"06befe!37","job":{"id":"06befe!37","profile":"LU.S.4","res":4,"subtime":7.786988,"walltime":4200}}}]}'
Sending '{"now":7.7947939999999999,"events":[{"timestamp":7.7947939999999999,"type":"EXECUTE_JOB","data":{"job_id":"06befe!37","alloc":"56-59"}}]}'
Received '{"now":8.436142,"events":[{"timestamp":8.436142,"type":"JOB_SUBMITTED","data":{"job_id":"06befe!38","job":{"id":"06befe!38","profile":"FT.S.16","res":16,"subtime":8.428336,"walltime":4200}}}]}'
Sending '{"now":8.436142,"events":[]}'
Received '{"now":8.574359,"events":[{"timestamp":8.574359,"type":"JOB_SUBMITTED","data":{"job_id":"06befe!39","job":{"id":"06befe!39","profile":"BT.S.16","res":16,"subtime":8.566553,"walltime":4200}}}]}'
Sending '{"now":8.574359,"events":[]}'
Received '{"now":8.762495,"events":[{"timestamp":8.762495,"type":"JOB_SUBMITTED","data":{"job_id":"06befe!40","job":{"id":"06befe!40","profile":"CG.S.16","res":16,"subtime":8.754689,"walltime":4200}}}]}'
Sending '{"now":8.762495,"events":[]}'
Received '{"now":8.790077,"events":[{"timestamp":8.790077,"type":"JOB_SUBMITTED","data":{"job_id":"06befe!41","job":{"id":"06befe!41","profile":"FT.S.16","res":16,"subtime":8.782271,"walltime":4200}}}]}'
Sending '{"now":8.790077,"events":[]}'
Received '{"now":8.948775,"events":[{"timestamp":8.948775,"type":"JOB_SUBMITTED","data":{"job_id":"06befe!42","job":{"id":"06befe!42","profile":"CG.S.4","res":4,"subtime":8.940969,"walltime":4200}}}]}'
Sending '{"now":8.948775,"events":[{"timestamp":8.948775,"type":"EXECUTE_JOB","data":{"job_id":"06befe!42","alloc":"60-63"}}]}'
Received '{"now":9.147142,"events":[{"timestamp":9.147142,"type":"JOB_SUBMITTED","data":{"job_id":"06befe!43","job":{"id":"06befe!43","profile":"FT.S.4","res":4,"subtime":9.139336,"walltime":4200}}}]}'
Sending '{"now":9.147142,"events":[]}'
Received '{"now":9.255074,"events":[{"timestamp":9.255074,"type":"JOB_SUBMITTED","data":{"job_id":"06befe!44","job":{"id":"06befe!44","profile":"SP.S.16","res":16,"subtime":9.247273,"walltime":4200}}}]}'
Sending '{"now":9.255074,"events":[]}'
Received '{"now":9.488320,"events":[{"timestamp":9.488320,"type":"JOB_SUBMITTED","data":{"job_id":"06befe!45","job":{"id":"06befe!45","profile":"BT.S.16","res":16,"subtime":9.480514,"walltime":4200}}}]}'
Sending '{"now":9.48832,"events":[]}'
Received '{"now":9.715243,"events":[{"timestamp":9.715243,"type":"JOB_SUBMITTED","data":{"job_id":"06befe!46","job":{"id":"06befe!46","profile":"BT.S.4","res":4,"subtime":9.707437,"walltime":4200}}}]}'
Sending '{"now":9.715243,"events":[]}'
Received '{"now":9.772717,"events":[{"timestamp":9.772717,"type":"JOB_COMPLETED","data":{"job_id":"06befe!12","job_state":"COMPLETED_SUCCESSFULLY","return_code":0,"kill_reason":"","alloc":"40-55"}}]}'
Sending '{"now":9.772717,"events":[{"timestamp":9.772717,"type":"EXECUTE_JOB","data":{"job_id":"06befe!19","alloc":"32-47"}},{"timestamp":9.772717,"type":"EXECUTE_JOB","data":{"job_id":"06befe!43","alloc":"48-51"}},{"timestamp":9.772717,"type":"EXECUTE_JOB","data":{"job_id":"06befe!46","alloc":"52-55"}}]}'
Received '{"now":9.817602,"events":[{"timestamp":9.794184,"type":"JOB_COMPLETED","data":{"job_id":"06befe!18","job_state":"COMPLETED_SUCCESSFULLY","return_code":0,"kill_reason":"","alloc":"16-31"}}]}'
Sending '{"now":9.817602,"events":[{"timestamp":9.817602,"type":"EXECUTE_JOB","data":{"job_id":"06befe!21","alloc":"16-31"}}]}'
Received '{"now":9.854717,"events":[{"timestamp":9.854717,"type":"JOB_SUBMITTED","data":{"job_id":"06befe!47","job":{"id":"06befe!47","profile":"LU.S.16","res":16,"subtime":9.846911,"walltime":4200}}}]}'
Sending '{"now":9.854717,"events":[]}'
Received '{"now":9.924922,"events":[{"timestamp":9.924922,"type":"JOB_COMPLETED","data":{"job_id":"06befe!43","job_state":"COMPLETED_SUCCESSFULLY","return_code":0,"kill_reason":"","alloc":"48-51"}}]}'
Sending '{"now":9.924922,"events":[]}'
Received '{"now":10.068951,"events":[{"timestamp":10.068951,"type":"JOB_COMPLETED","data":{"job_id":"06befe!42","job_state":"COMPLETED_SUCCESSFULLY","return_code":0,"kill_reason":"","alloc":"60-63"}}]}'
Sending '{"now":10.068951,"events":[]}'
Received '{"now":10.202305,"events":[{"timestamp":10.202305,"type":"JOB_COMPLETED","data":{"job_id":"06befe!37","job_state":"COMPLETED_SUCCESSFULLY","return_code":0,"kill_reason":"","alloc":"56-59"}}]}'
Sending '{"now":10.202305,"events":[]}'
Received '{"now":10.270115,"events":[{"timestamp":10.270115,"type":"JOB_COMPLETED","data":{"job_id":"06befe!46","job_state":"COMPLETED_SUCCESSFULLY","return_code":0,"kill_reason":"","alloc":"52-55"}}]}'
Sending '{"now":10.270115,"events":[{"timestamp":10.270115,"type":"EXECUTE_JOB","data":{"job_id":"06befe!22","alloc":"48-63"}}]}'
Received '{"now":10.430209,"events":[{"timestamp":10.430209,"type":"JOB_SUBMITTED","data":{"job_id":"06befe!48","job":{"id":"06befe!48","profile":"IS.S.16","res":16,"subtime":10.422403,"walltime":4200}}}]}'
Sending '{"now":10.430209,"events":[]}'
Received '{"now":10.445826,"events":[{"timestamp":10.445826,"type":"JOB_SUBMITTED","data":{"job_id":"06befe!49","job":{"id":"06befe!49","profile":"CG.S.4","res":4,"subtime":10.434943,"walltime":4200}}}]}'
Sending '{"now":10.445826,"events":[]}'
Received '{"now":10.564690,"events":[{"timestamp":10.564690,"type":"JOB_COMPLETED","data":{"job_id":"06befe!21","job_state":"COMPLETED_SUCCESSFULLY","return_code":0,"kill_reason":"","alloc":"16-31"}}]}'
Sending '{"now":10.56469,"events":[{"timestamp":10.56469,"type":"EXECUTE_JOB","data":{"job_id":"06befe!23","alloc":"16-31"}}]}'
Received '{"now":10.879561,"events":[{"timestamp":10.879561,"type":"JOB_COMPLETED","data":{"job_id":"06befe!16","job_state":"COMPLETED_SUCCESSFULLY","return_code":0,"kill_reason":"","alloc":"0-15"}}]}'
Sending '{"now":10.879561,"events":[{"timestamp":10.879561,"type":"EXECUTE_JOB","data":{"job_id":"06befe!26","alloc":"0-15"}}]}'
Received '{"now":10.951083,"events":[{"timestamp":10.951083,"type":"JOB_SUBMITTED","data":{"job_id":"06befe!50","job":{"id":"06befe!50","profile":"SP.S.4","res":4,"subtime":10.943279,"walltime":4200}}}]}'
Sending '{"now":10.951083,"events":[]}'
Received '{"now":11.194416,"events":[{"timestamp":11.194416,"type":"JOB_SUBMITTED","data":{"job_id":"06befe!51","job":{"id":"06befe!51","profile":"CG.S.4","res":4,"subtime":11.186610,"walltime":4200}}}]}'
Sending '{"now":11.194416,"events":[]}'
Received '{"now":11.402238,"events":[{"timestamp":11.402238,"type":"JOB_COMPLETED","data":{"job_id":"06befe!22","job_state":"COMPLETED_SUCCESSFULLY","return_code":0,"kill_reason":"","alloc":"48-63"}}]}'
Sending '{"now":11.402238,"events":[{"timestamp":11.402238,"type":"EXECUTE_JOB","data":{"job_id":"06befe!27","alloc":"48-63"}}]}'
Received '{"now":11.582821,"events":[{"timestamp":11.582821,"type":"JOB_SUBMITTED","data":{"job_id":"06befe!52","job":{"id":"06befe!52","profile":"LU.S.4","res":4,"subtime":11.575015,"walltime":4200}}}]}'
Sending '{"now":11.582821,"events":[]}'
Received '{"now":11.669887,"events":[{"timestamp":11.669887,"type":"JOB_SUBMITTED","data":{"job_id":"06befe!53","job":{"id":"06befe!53","profile":"CG.S.16","res":16,"subtime":11.662081,"walltime":4200}}}]}'
Sending '{"now":11.669887,"events":[]}'
Received '{"now":11.736833,"events":[{"timestamp":11.736833,"type":"JOB_SUBMITTED","data":{"job_id":"06befe!54","job":{"id":"06befe!54","profile":"SP.S.4","res":4,"subtime":11.729027,"walltime":4200}}}]}'
Sending '{"now":11.736833,"events":[]}'
Received '{"now":12.011712,"events":[{"timestamp":12.011712,"type":"JOB_COMPLETED","data":{"job_id":"06befe!26","job_state":"COMPLETED_SUCCESSFULLY","return_code":0,"kill_reason":"","alloc":"0-15"}}]}'
Sending '{"now":12.011712,"events":[{"timestamp":12.011712,"type":"EXECUTE_JOB","data":{"job_id":"06befe!28","alloc":"0-15"}}]}'
Received '{"now":12.085098,"events":[{"timestamp":12.085098,"type":"JOB_SUBMITTED","data":{"job_id":"06befe!55","job":{"id":"06befe!55","profile":"MG.S.4","res":4,"subtime":12.077292,"walltime":4200}}}]}'
Sending '{"now":12.085098,"events":[]}'
Received '{"now":12.534300,"events":[{"timestamp":12.534300,"type":"JOB_COMPLETED","data":{"job_id":"06befe!27","job_state":"COMPLETED_SUCCESSFULLY","return_code":0,"kill_reason":"","alloc":"48-63"}}]}'
Sending '{"now":12.5343,"events":[{"timestamp":12.5343,"type":"EXECUTE_JOB","data":{"job_id":"06befe!30","alloc":"48-63"}}]}'
Received '{"now":12.603833,"events":[{"timestamp":12.603833,"type":"JOB_COMPLETED","data":{"job_id":"06befe!23","job_state":"COMPLETED_SUCCESSFULLY","return_code":0,"kill_reason":"","alloc":"16-31"}}]}'
Sending '{"now":12.603833,"events":[{"timestamp":12.603833,"type":"EXECUTE_JOB","data":{"job_id":"06befe!32","alloc":"16-31"}}]}'
Received '{"now":12.627247,"events":[{"timestamp":12.611635,"type":"JOB_SUBMITTED","data":{"job_id":"06befe!56","job":{"id":"06befe!56","profile":"MG.S.4","res":4,"subtime":12.599254,"walltime":4200}}}]}'
Sending '{"now":12.627247,"events":[]}'
Received '{"now":12.685499,"events":[{"timestamp":12.685499,"type":"JOB_SUBMITTED","data":{"job_id":"06befe!57","job":{"id":"06befe!57","profile":"BT.S.16","res":16,"subtime":12.677693,"walltime":4200}}}]}'
Sending '{"now":12.685499,"events":[]}'
Received '{"now":12.799744,"events":[{"timestamp":12.799744,"type":"JOB_SUBMITTED","data":{"job_id":"06befe!58","job":{"id":"06befe!58","profile":"MG.S.4","res":4,"subtime":12.791938,"walltime":4200}}}]}'
Sending '{"now":12.799744,"events":[]}'
Received '{"now":12.907806,"events":[{"timestamp":12.907806,"type":"JOB_SUBMITTED","data":{"job_id":"06befe!59","job":{"id":"06befe!59","profile":"FT.S.16","res":16,"subtime":12.900003,"walltime":4200}}}]}'
Sending '{"now":12.907806,"events":[]}'
Received '{"now":12.923418,"events":[{"timestamp":12.915612,"type":"JOB_SUBMITTED","data":{"job_id":"06befe!60","job":{"id":"06befe!60","profile":"MG.S.4","res":4,"subtime":12.907035,"walltime":4200}}}]}'
Sending '{"now":12.923418,"events":[]}'
Received '{"now":12.939030,"events":[{"timestamp":12.931224,"type":"JOB_SUBMITTED","data":{"job_id":"06befe!61","job":{"id":"06befe!61","profile":"FT.S.16","res":16,"subtime":12.919058,"walltime":4200}}}]}'
Sending '{"now":12.93903,"events":[]}'
Received '{"now":13.354001,"events":[{"timestamp":13.354001,"type":"JOB_COMPLETED","data":{"job_id":"06befe!19","job_state":"COMPLETED_SUCCESSFULLY","return_code":0,"kill_reason":"","alloc":"32-47"}}]}'
Sending '{"now":13.354001,"events":[{"timestamp":13.354001,"type":"EXECUTE_JOB","data":{"job_id":"06befe!33","alloc":"32-47"}}]}'
Received '{"now":13.515583,"events":[{"timestamp":13.515583,"type":"JOB_SUBMITTED","data":{"job_id":"06befe!62","job":{"id":"06befe!62","profile":"IS.S.16","res":16,"subtime":13.507777,"walltime":4200}}}]}'
Sending '{"now":13.515583,"events":[]}'
Received '{"now":13.616800,"events":[{"timestamp":13.616800,"type":"JOB_COMPLETED","data":{"job_id":"06befe!33","job_state":"COMPLETED_SUCCESSFULLY","return_code":0,"kill_reason":"","alloc":"32-47"}}]}'
Sending '{"now":13.6168,"events":[{"timestamp":13.6168,"type":"EXECUTE_JOB","data":{"job_id":"06befe!35","alloc":"32-47"}}]}'
Received '{"now":13.748081,"events":[{"timestamp":13.748081,"type":"JOB_SUBMITTED","data":{"job_id":"06befe!63","job":{"id":"06befe!63","profile":"CG.S.16","res":16,"subtime":13.740275,"walltime":4200}}}]}'
Sending '{"now":13.748081,"events":[]}'
Received '{"now":13.885931,"events":[{"timestamp":13.885931,"type":"JOB_SUBMITTED","data":{"job_id":"06befe!64","job":{"id":"06befe!64","profile":"MG.S.16","res":16,"subtime":13.878125,"walltime":4200}}}]}'
Sending '{"now":13.885931,"events":[]}'
Received '{"now":14.362106,"events":[{"timestamp":14.362106,"type":"JOB_SUBMITTED","data":{"job_id":"06befe!65","job":{"id":"06befe!65","profile":"SP.S.4","res":4,"subtime":14.354300,"walltime":4200}}}]}'
Sending '{"now":14.362106,"events":[]}'
Received '{"now":14.492430,"events":[{"timestamp":14.492430,"type":"JOB_COMPLETED","data":{"job_id":"06befe!30","job_state":"COMPLETED_SUCCESSFULLY","return_code":0,"kill_reason":"","alloc":"48-63"}}]}'
Sending '{"now":14.49243,"events":[{"timestamp":14.49243,"type":"EXECUTE_JOB","data":{"job_id":"06befe!38","alloc":"48-63"}}]}'
Received '{"now":14.650790,"events":[{"timestamp":14.650790,"type":"JOB_COMPLETED","data":{"job_id":"06befe!32","job_state":"COMPLETED_SUCCESSFULLY","return_code":0,"kill_reason":"","alloc":"16-31"}}]}'
Sending '{"now":14.65079,"events":[{"timestamp":14.65079,"type":"EXECUTE_JOB","data":{"job_id":"06befe!39","alloc":"16-31"}}]}'
Received '{"now":14.755268,"events":[{"timestamp":14.755268,"type":"JOB_COMPLETED","data":{"job_id":"06befe!38","job_state":"COMPLETED_SUCCESSFULLY","return_code":0,"kill_reason":"","alloc":"48-63"}}]}'
Sending '{"now":14.755268,"events":[{"timestamp":14.755268,"type":"EXECUTE_JOB","data":{"job_id":"06befe!40","alloc":"48-63"}}]}'
Received '{"now":14.778686,"events":[{"timestamp":14.770880,"type":"JOB_SUBMITTED","data":{"job_id":"06befe!66","job":{"id":"06befe!66","profile":"LU.S.4","res":4,"subtime":14.756892,"walltime":4200}}}]}'
Sending '{"now":14.778686,"events":[]}'
Received '{"now":14.794298,"events":[{"timestamp":14.786492,"type":"JOB_SUBMITTED","data":{"job_id":"06befe!67","job":{"id":"06befe!67","profile":"SP.S.16","res":16,"subtime":14.773060,"walltime":4200}}}]}'
Sending '{"now":14.794298,"events":[]}'
Received '{"now":14.959513,"events":[{"timestamp":14.959513,"type":"JOB_SUBMITTED","data":{"job_id":"06befe!68","job":{"id":"06befe!68","profile":"SP.S.4","res":4,"subtime":14.951707,"walltime":4200}}}]}'
Sending '{"now":14.959513,"events":[]}'
Received '{"now":15.019430,"events":[{"timestamp":15.019430,"type":"JOB_SUBMITTED","data":{"job_id":"06befe!69","job":{"id":"06befe!69","profile":"FT.S.4","res":4,"subtime":15.011624,"walltime":4200}}}]}'
Sending '{"now":15.01943,"events":[]}'
Received '{"now":15.305551,"events":[{"timestamp":15.305551,"type":"JOB_SUBMITTED","data":{"job_id":"06befe!70","job":{"id":"06befe!70","profile":"SP.S.4","res":4,"subtime":15.297751,"walltime":4200}}}]}'
Sending '{"now":15.305551,"events":[]}'
Received '{"now":15.321163,"events":[{"timestamp":15.313357,"type":"JOB_SUBMITTED","data":{"job_id":"06befe!71","job":{"id":"06befe!71","profile":"IS.S.16","res":16,"subtime":15.299810,"walltime":4200}}}]}'
Sending '{"now":15.321163,"events":[]}'
Received '{"now":15.556213,"events":[{"timestamp":15.556213,"type":"JOB_SUBMITTED","data":{"job_id":"06befe!72","job":{"id":"06befe!72","profile":"LU.S.4","res":4,"subtime":15.548407,"walltime":4200}}}]}'
Sending '{"now":15.556213,"events":[]}'
Received '{"now":15.593152,"events":[{"timestamp":15.593152,"type":"JOB_COMPLETED","data":{"job_id":"06befe!28","job_state":"COMPLETED_SUCCESSFULLY","return_code":0,"kill_reason":"","alloc":"0-15"}}]}'
Sending '{"now":15.593152,"events":[{"timestamp":15.593152,"type":"EXECUTE_JOB","data":{"job_id":"06befe!41","alloc":"0-15"}}]}'
Received '{"now":15.655953,"events":[{"timestamp":15.655953,"type":"JOB_COMPLETED","data":{"job_id":"06befe!35","job_state":"COMPLETED_SUCCESSFULLY","return_code":0,"kill_reason":"","alloc":"32-47"}}]}'
Sending '{"now":15.655953,"events":[{"timestamp":15.655953,"type":"EXECUTE_JOB","data":{"job_id":"06befe!44","alloc":"32-47"}}]}'
Received '{"now":15.767060,"events":[{"timestamp":15.767060,"type":"JOB_SUBMITTED","data":{"job_id":"06befe!73","job":{"id":"06befe!73","profile":"MG.S.16","res":16,"subtime":15.759254,"walltime":4200}}}]}'
Sending '{"now":15.76706,"events":[]}'
Received '{"now":15.788536,"events":[{"timestamp":15.788536,"type":"JOB_COMPLETED","data":{"job_id":"06befe!39","job_state":"COMPLETED_SUCCESSFULLY","return_code":0,"kill_reason":"","alloc":"16-31"}}]}'
Sending '{"now":15.788536,"events":[{"timestamp":15.788536,"type":"EXECUTE_JOB","data":{"job_id":"06befe!45","alloc":"16-31"}}]}'
Received '{"now":15.855918,"events":[{"timestamp":15.855918,"type":"JOB_COMPLETED","data":{"job_id":"06befe!41","job_state":"COMPLETED_SUCCESSFULLY","return_code":0,"kill_reason":"","alloc":"0-15"}}]}'
Sending '{"now":15.855918,"events":[{"timestamp":15.855918,"type":"EXECUTE_JOB","data":{"job_id":"06befe!47","alloc":"0-15"}}]}'
Received '{"now":15.892831,"events":[{"timestamp":15.892831,"type":"JOB_SUBMITTED","data":{"job_id":"06befe!74","job":{"id":"06befe!74","profile":"LU.S.4","res":4,"subtime":15.885025,"walltime":4200}}}]}'
Sending '{"now":15.892831,"events":[]}'
Received '{"now":15.990775,"events":[{"timestamp":15.990775,"type":"JOB_SUBMITTED","data":{"job_id":"06befe!75","job":{"id":"06befe!75","profile":"IS.S.16","res":16,"subtime":15.982969,"walltime":4200}}}]}'
Sending '{"now":15.990775,"events":[]}'
Received '{"now":16.320240,"events":[{"timestamp":16.320240,"type":"JOB_SUBMITTED","data":{"job_id":"06befe!76","job":{"id":"06befe!76","profile":"IS.S.4","res":4,"subtime":16.312434,"walltime":4200}}}]}'
Sending '{"now":16.32024,"events":[]}'
Received '{"now":16.335851,"events":[{"timestamp":16.328046,"type":"JOB_SUBMITTED","data":{"job_id":"06befe!77","job":{"id":"06befe!77","profile":"FT.S.4","res":4,"subtime":16.316839,"walltime":4200}}}]}'
Sending '{"now":16.335851,"events":[]}'
Received '{"now":16.920393,"events":[{"timestamp":16.920393,"type":"JOB_COMPLETED","data":{"job_id":"06befe!45","job_state":"COMPLETED_SUCCESSFULLY","return_code":0,"kill_reason":"","alloc":"16-31"}}]}'
Sending '{"now":16.920393,"events":[{"timestamp":16.920393,"type":"EXECUTE_JOB","data":{"job_id":"06befe!48","alloc":"16-31"}}]}'
Received '{"now":16.993942,"events":[{"timestamp":16.993942,"type":"JOB_SUBMITTED","data":{"job_id":"06befe!78","job":{"id":"06befe!78","profile":"IS.S.4","res":4,"subtime":16.986136,"walltime":4200}}}]}'
Sending '{"now":16.993942,"events":[]}'
Received '{"now":17.067515,"events":[{"timestamp":17.067515,"type":"JOB_COMPLETED","data":{"job_id":"06befe!48","job_state":"COMPLETED_SUCCESSFULLY","return_code":0,"kill_reason":"","alloc":"16-31"}}]}'
Sending '{"now":17.067515,"events":[{"timestamp":17.067515,"type":"EXECUTE_JOB","data":{"job_id":"06befe!49","alloc":"16-19"}},{"timestamp":17.067515,"type":"EXECUTE_JOB","data":{"job_id":"06befe!50","alloc":"20-23"}},{"timestamp":17.067515,"type":"EXECUTE_JOB","data":{"job_id":"06befe!51","alloc":"24-27"}},{"timestamp":17.067515,"type":"EXECUTE_JOB","data":{"job_id":"06befe!52","alloc":"28-31"}}]}'
Received '{"now":17.184378,"events":[{"timestamp":17.184378,"type":"JOB_SUBMITTED","data":{"job_id":"06befe!79","job":{"id":"06befe!79","profile":"SP.S.16","res":16,"subtime":17.176572,"walltime":4200}}}]}'
Sending '{"now":17.184378,"events":[]}'
Received '{"now":17.254732,"events":[{"timestamp":17.254732,"type":"JOB_SUBMITTED","data":{"job_id":"06befe!80","job":{"id":"06befe!80","profile":"BT.S.16","res":16,"subtime":17.246926,"walltime":4200}}}]}'
Sending '{"now":17.254732,"events":[]}'
Received '{"now":17.616166,"events":[{"timestamp":17.616166,"type":"JOB_COMPLETED","data":{"job_id":"06befe!44","job_state":"COMPLETED_SUCCESSFULLY","return_code":0,"kill_reason":"","alloc":"32-47"}}]}'
Sending '{"now":17.616166,"events":[{"timestamp":17.616166,"type":"EXECUTE_JOB","data":{"job_id":"06befe!53","alloc":"32-47"}}]}'
Received '{"now":17.849946,"events":[{"timestamp":17.849946,"type":"JOB_COMPLETED","data":{"job_id":"06befe!50","job_state":"COMPLETED_SUCCESSFULLY","return_code":0,"kill_reason":"","alloc":"20-23"}}]}'
Sending '{"now":17.849946,"events":[{"timestamp":17.849946,"type":"EXECUTE_JOB","data":{"job_id":"06befe!54","alloc":"20-23"}}]}'
Received '{"now":17.894769,"events":[{"timestamp":17.894769,"type":"JOB_COMPLETED","data":{"job_id":"06befe!47","job_state":"COMPLETED_SUCCESSFULLY","return_code":0,"kill_reason":"","alloc":"0-15"}}]}'
Sending '{"now":17.894769,"events":[{"timestamp":17.894769,"type":"EXECUTE_JOB","data":{"job_id":"06befe!55","alloc":"0-3"}},{"timestamp":17.894769,"type":"EXECUTE_JOB","data":{"job_id":"06befe!56","alloc":"4-7"}},{"timestamp":17.894769,"type":"EXECUTE_JOB","data":{"job_id":"06befe!58","alloc":"8-11"}},{"timestamp":17.894769,"type":"EXECUTE_JOB","data":{"job_id":"06befe!60","alloc":"12-15"}}]}'
Received '{"now":18.187498,"events":[{"timestamp":18.187498,"type":"JOB_COMPLETED","data":{"job_id":"06befe!49","job_state":"COMPLETED_SUCCESSFULLY","return_code":0,"kill_reason":"","alloc":"16-19"}}]}'
Sending '{"now":18.187498,"events":[{"timestamp":18.187498,"type":"EXECUTE_JOB","data":{"job_id":"06befe!65","alloc":"16-19"}}]}'
Received '{"now":18.216765,"events":[{"timestamp":18.208959,"type":"JOB_COMPLETED","data":{"job_id":"06befe!51","job_state":"COMPLETED_SUCCESSFULLY","return_code":0,"kill_reason":"","alloc":"24-27"}}]}'
Sending '{"now":18.216765,"events":[{"timestamp":18.216765,"type":"EXECUTE_JOB","data":{"job_id":"06befe!66","alloc":"24-27"}}]}'
Received '{"now":18.333438,"events":[{"timestamp":18.333438,"type":"JOB_COMPLETED","data":{"job_id":"06befe!55","job_state":"COMPLETED_SUCCESSFULLY","return_code":0,"kill_reason":"","alloc":"0-3"}}]}'
Sending '{"now":18.333438,"events":[{"timestamp":18.333438,"type":"EXECUTE_JOB","data":{"job_id":"06befe!68","alloc":"0-3"}}]}'
Received '{"now":18.403690,"events":[{"timestamp":18.347099,"type":"JOB_COMPLETED","data":{"job_id":"06befe!40","job_state":"COMPLETED_SUCCESSFULLY","return_code":0,"kill_reason":"","alloc":"48-63"}},{"timestamp":18.360759,"type":"JOB_COMPLETED","data":{"job_id":"06befe!56","job_state":"COMPLETED_SUCCESSFULLY","return_code":0,"kill_reason":"","alloc":"4-7"}},{"timestamp":18.382223,"type":"JOB_COMPLETED","data":{"job_id":"06befe!58","job_state":"COMPLETED_SUCCESSFULLY","return_code":0,"kill_reason":"","alloc":"8-11"}},{"timestamp":18.395884,"type":"JOB_COMPLETED","data":{"job_id":"06befe!60","job_state":"COMPLETED_SUCCESSFULLY","return_code":0,"kill_reason":"","alloc":"12-15"}}]}'
Sending '{"now":18.40369,"events":[{"timestamp":18.40369,"type":"EXECUTE_JOB","data":{"job_id":"06befe!57","alloc":"48-63"}},{"timestamp":18.40369,"type":"EXECUTE_JOB","data":{"job_id":"06befe!69","alloc":"4-7"}},{"timestamp":18.40369,"type":"EXECUTE_JOB","data":{"job_id":"06befe!70","alloc":"8-11"}},{"timestamp":18.40369,"type":"EXECUTE_JOB","data":{"job_id":"06befe!72","alloc":"12-15"}}]}'
Received '{"now":18.542211,"events":[{"timestamp":18.542211,"type":"JOB_COMPLETED","data":{"job_id":"06befe!69","job_state":"COMPLETED_SUCCESSFULLY","return_code":0,"kill_reason":"","alloc":"4-7"}}]}'
Sending '{"now":18.542211000000003,"events":[{"timestamp":18.542211000000003,"type":"EXECUTE_JOB","data":{"job_id":"06befe!74","alloc":"4-7"}}]}'
Received '{"now":18.626076,"events":[{"timestamp":18.626076,"type":"JOB_COMPLETED","data":{"job_id":"06befe!54","job_state":"COMPLETED_SUCCESSFULLY","return_code":0,"kill_reason":"","alloc":"20-23"}}]}'
Sending '{"now":18.626076,"events":[{"timestamp":18.626076,"type":"EXECUTE_JOB","data":{"job_id":"06befe!76","alloc":"20-23"}}]}'
Received '{"now":18.725733,"events":[{"timestamp":18.725733,"type":"JOB_COMPLETED","data":{"job_id":"06befe!76","job_state":"COMPLETED_SUCCESSFULLY","return_code":0,"kill_reason":"","alloc":"20-23"}}]}'
Sending '{"now":18.725733,"events":[{"timestamp":18.725733,"type":"EXECUTE_JOB","data":{"job_id":"06befe!77","alloc":"20-23"}}]}'
Received '{"now":18.856453,"events":[{"timestamp":18.856453,"type":"JOB_COMPLETED","data":{"job_id":"06befe!77","job_state":"COMPLETED_SUCCESSFULLY","return_code":0,"kill_reason":"","alloc":"20-23"}}]}'
Sending '{"now":18.856453,"events":[{"timestamp":18.856453,"type":"EXECUTE_JOB","data":{"job_id":"06befe!78","alloc":"20-23"}}]}'
Received '{"now":18.956086,"events":[{"timestamp":18.956086,"type":"JOB_COMPLETED","data":{"job_id":"06befe!78","job_state":"COMPLETED_SUCCESSFULLY","return_code":0,"kill_reason":"","alloc":"20-23"}}]}'
Sending '{"now":18.956086,"events":[]}'
Received '{"now":18.977553,"events":[{"timestamp":18.969747,"type":"JOB_COMPLETED","data":{"job_id":"06befe!65","job_state":"COMPLETED_SUCCESSFULLY","return_code":0,"kill_reason":"","alloc":"16-19"}}]}'
Sending '{"now":18.977553,"events":[]}'
Received '{"now":19.134606,"events":[{"timestamp":19.134606,"type":"JOB_COMPLETED","data":{"job_id":"06befe!68","job_state":"COMPLETED_SUCCESSFULLY","return_code":0,"kill_reason":"","alloc":"0-3"}}]}'
Sending '{"now":19.134606,"events":[]}'
Received '{"now":19.193437,"events":[{"timestamp":19.193437,"type":"JOB_COMPLETED","data":{"job_id":"06befe!70","job_state":"COMPLETED_SUCCESSFULLY","return_code":0,"kill_reason":"","alloc":"8-11"}}]}'
Sending '{"now":19.193437,"events":[]}'
Received '{"now":19.497914,"events":[{"timestamp":19.497914,"type":"JOB_COMPLETED","data":{"job_id":"06befe!52","job_state":"COMPLETED_SUCCESSFULLY","return_code":0,"kill_reason":"","alloc":"28-31"}}]}'
Sending '{"now":19.497914,"events":[]}'
Received '{"now":19.535308,"events":[{"timestamp":19.535308,"type":"JOB_COMPLETED","data":{"job_id":"06befe!57","job_state":"COMPLETED_SUCCESSFULLY","return_code":0,"kill_reason":"","alloc":"48-63"}}]}'
Sending '{"now":19.535308,"events":[{"timestamp":19.535308,"type":"EXECUTE_JOB","data":{"job_id":"06befe!59","alloc":"48-63"}}]}'
Received '{"now":19.798166,"events":[{"timestamp":19.798166,"type":"JOB_COMPLETED","data":{"job_id":"06befe!59","job_state":"COMPLETED_SUCCESSFULLY","return_code":0,"kill_reason":"","alloc":"48-63"}}]}'
Sending '{"now":19.798166,"events":[{"timestamp":19.798166,"type":"EXECUTE_JOB","data":{"job_id":"06befe!61","alloc":"48-63"}}]}'
Received '{"now":20.061033,"events":[{"timestamp":20.061033,"type":"JOB_COMPLETED","data":{"job_id":"06befe!61","job_state":"COMPLETED_SUCCESSFULLY","return_code":0,"kill_reason":"","alloc":"48-63"}}]}'
Sending '{"now":20.061033,"events":[{"timestamp":20.061033,"type":"EXECUTE_JOB","data":{"job_id":"06befe!62","alloc":"48-63"}}]}'
Received '{"now":20.208181,"events":[{"timestamp":20.208181,"type":"JOB_COMPLETED","data":{"job_id":"06befe!62","job_state":"COMPLETED_SUCCESSFULLY","return_code":0,"kill_reason":"","alloc":"48-63"}}]}'
Sending '{"now":20.208181,"events":[{"timestamp":20.208181,"type":"EXECUTE_JOB","data":{"job_id":"06befe!63","alloc":"48-63"}}]}'
Received '{"now":20.623824,"events":[{"timestamp":20.623824,"type":"JOB_COMPLETED","data":{"job_id":"06befe!66","job_state":"COMPLETED_SUCCESSFULLY","return_code":0,"kill_reason":"","alloc":"24-27"}}]}'
Sending '{"now":20.623824,"events":[{"timestamp":20.623824,"type":"EXECUTE_JOB","data":{"job_id":"06befe!64","alloc":"16-31"}}]}'
Received '{"now":20.834137,"events":[{"timestamp":20.834137,"type":"JOB_COMPLETED","data":{"job_id":"06befe!72","job_state":"COMPLETED_SUCCESSFULLY","return_code":0,"kill_reason":"","alloc":"12-15"}}]}'
Sending '{"now":20.834137,"events":[]}'
Received '{"now":20.949279,"events":[{"timestamp":20.949279,"type":"JOB_COMPLETED","data":{"job_id":"06befe!74","job_state":"COMPLETED_SUCCESSFULLY","return_code":0,"kill_reason":"","alloc":"4-7"}}]}'
Sending '{"now":20.949279,"events":[{"timestamp":20.949279,"type":"EXECUTE_JOB","data":{"job_id":"06befe!67","alloc":"0-15"}}]}'
Received '{"now":21.197417,"events":[{"timestamp":21.197417,"type":"JOB_COMPLETED","data":{"job_id":"06befe!53","job_state":"COMPLETED_SUCCESSFULLY","return_code":0,"kill_reason":"","alloc":"32-47"}}]}'
Sending '{"now":21.197417,"events":[{"timestamp":21.197417,"type":"EXECUTE_JOB","data":{"job_id":"06befe!71","alloc":"32-47"}}]}'
Received '{"now":21.344479,"events":[{"timestamp":21.344479,"type":"JOB_COMPLETED","data":{"job_id":"06befe!71","job_state":"COMPLETED_SUCCESSFULLY","return_code":0,"kill_reason":"","alloc":"32-47"}}]}'
Sending '{"now":21.344479,"events":[{"timestamp":21.344479,"type":"EXECUTE_JOB","data":{"job_id":"06befe!73","alloc":"32-47"}}]}'
Received '{"now":21.373750,"events":[{"timestamp":21.373750,"type":"JOB_COMPLETED","data":{"job_id":"06befe!64","job_state":"COMPLETED_SUCCESSFULLY","return_code":0,"kill_reason":"","alloc":"16-31"}}]}'
Sending '{"now":21.37375,"events":[{"timestamp":21.37375,"type":"EXECUTE_JOB","data":{"job_id":"06befe!75","alloc":"16-31"}}]}'
Received '{"now":21.520869,"events":[{"timestamp":21.520869,"type":"JOB_COMPLETED","data":{"job_id":"06befe!75","job_state":"COMPLETED_SUCCESSFULLY","return_code":0,"kill_reason":"","alloc":"16-31"}}]}'
Sending '{"now":21.520869,"events":[{"timestamp":21.520869,"type":"EXECUTE_JOB","data":{"job_id":"06befe!79","alloc":"16-31"}}]}'
Received '{"now":22.091434,"events":[{"timestamp":22.091434,"type":"JOB_COMPLETED","data":{"job_id":"06befe!73","job_state":"COMPLETED_SUCCESSFULLY","return_code":0,"kill_reason":"","alloc":"32-47"}}]}'
Sending '{"now":22.091434,"events":[{"timestamp":22.091434,"type":"EXECUTE_JOB","data":{"job_id":"06befe!80","alloc":"32-47"}}]}'
Received '{"now":22.920357,"events":[{"timestamp":22.920357,"type":"JOB_COMPLETED","data":{"job_id":"06befe!67","job_state":"COMPLETED_SUCCESSFULLY","return_code":0,"kill_reason":"","alloc":"0-15"}}]}'
Sending '{"now":22.920357,"events":[]}'
Received '{"now":23.223347,"events":[{"timestamp":23.223347,"type":"JOB_COMPLETED","data":{"job_id":"06befe!80","job_state":"COMPLETED_SUCCESSFULLY","return_code":0,"kill_reason":"","alloc":"32-47"}}]}'
Sending '{"now":23.223347,"events":[]}'
Received '{"now":23.479452,"events":[{"timestamp":23.479452,"type":"JOB_COMPLETED","data":{"job_id":"06befe!79","job_state":"COMPLETED_SUCCESSFULLY","return_code":0,"kill_reason":"","alloc":"16-31"}}]}'
Sending '{"now":23.479452,"events":[]}'
Received '{"now":23.789457,"events":[{"timestamp":23.789457,"type":"JOB_COMPLETED","data":{"job_id":"06befe!63","job_state":"COMPLETED_SUCCESSFULLY","return_code":0,"kill_reason":"","alloc":"48-63"}},{"timestamp":23.789457,"type":"SIMULATION_ENDS","data":{}}]}'
Sending '{"now":23.789457,"events":[]}'
