variant_options = '{"custom_mapping": true}'
Received '{"now":0.000000,"events":[{"timestamp":0.000000,"type":"SIMULATION_BEGINS","data":{"nb_resources":64,"allow_time_sharing":false,"config":{"redis":{"enabled":false,"hostname":"127.0.0.1","port":6379,"prefix":"default"},"job_submission":{"forward_profiles":false,"from_scheduler":{"enabled":false,"acknowledge":true}}},"resources_data":[{"id":0,"name":"node-0.simgrid.org","state":"idle","properties":{}},{"id":1,"name":"node-1.simgrid.org","state":"idle","properties":{}},{"id":2,"name":"node-2.simgrid.org","state":"idle","properties":{}},{"id":3,"name":"node-3.simgrid.org","state":"idle","properties":{}},{"id":4,"name":"node-4.simgrid.org","state":"idle","properties":{}},{"id":5,"name":"node-5.simgrid.org","state":"idle","properties":{}},{"id":6,"name":"node-6.simgrid.org","state":"idle","properties":{}},{"id":7,"name":"node-7.simgrid.org","state":"idle","properties":{}},{"id":8,"name":"node-8.simgrid.org","state":"idle","properties":{}},{"id":9,"name":"node-9.simgrid.org","state":"idle","properties":{}},{"id":10,"name":"node-10.simgrid.org","state":"idle","properties":{}},{"id":11,"name":"node-11.simgrid.org","state":"idle","properties":{}},{"id":12,"name":"node-12.simgrid.org","state":"idle","properties":{}},{"id":13,"name":"node-13.simgrid.org","state":"idle","properties":{}},{"id":14,"name":"node-14.simgrid.org","state":"idle","properties":{}},{"id":15,"name":"node-15.simgrid.org","state":"idle","properties":{}},{"id":16,"name":"node-16.simgrid.org","state":"idle","properties":{}},{"id":17,"name":"node-17.simgrid.org","state":"idle","properties":{}},{"id":18,"name":"node-18.simgrid.org","state":"idle","properties":{}},{"id":19,"name":"node-19.simgrid.org","state":"idle","properties":{}},{"id":20,"name":"node-20.simgrid.org","state":"idle","properties":{}},{"id":21,"name":"node-21.simgrid.org","state":"idle","properties":{}},{"id":22,"name":"node-22.simgrid.org","state":"idle","properties":{}},{"id":23,"name":"node-23.simgrid.org","state":"idle","properties":{}},{"id":24,"name":"node-24.simgrid.org","state":"idle","properties":{}},{"id":25,"name":"node-25.simgrid.org","state":"idle","properties":{}},{"id":26,"name":"node-26.simgrid.org","state":"idle","properties":{}},{"id":27,"name":"node-27.simgrid.org","state":"idle","properties":{}},{"id":28,"name":"node-28.simgrid.org","state":"idle","properties":{}},{"id":29,"name":"node-29.simgrid.org","state":"idle","properties":{}},{"id":30,"name":"node-30.simgrid.org","state":"idle","properties":{}},{"id":31,"name":"node-31.simgrid.org","state":"idle","properties":{}},{"id":32,"name":"node-32.simgrid.org","state":"idle","properties":{}},{"id":33,"name":"node-33.simgrid.org","state":"idle","properties":{}},{"id":34,"name":"node-34.simgrid.org","state":"idle","properties":{}},{"id":35,"name":"node-35.simgrid.org","state":"idle","properties":{}},{"id":36,"name":"node-36.simgrid.org","state":"idle","properties":{}},{"id":37,"name":"node-37.simgrid.org","state":"idle","properties":{}},{"id":38,"name":"node-38.simgrid.org","state":"idle","properties":{}},{"id":39,"name":"node-39.simgrid.org","state":"idle","properties":{}},{"id":40,"name":"node-40.simgrid.org","state":"idle","properties":{}},{"id":41,"name":"node-41.simgrid.org","state":"idle","properties":{}},{"id":42,"name":"node-42.simgrid.org","state":"idle","properties":{}},{"id":43,"name":"node-43.simgrid.org","state":"idle","properties":{}},{"id":44,"name":"node-44.simgrid.org","state":"idle","properties":{}},{"id":45,"name":"node-45.simgrid.org","state":"idle","properties":{}},{"id":46,"name":"node-46.simgrid.org","state":"idle","properties":{}},{"id":47,"name":"node-47.simgrid.org","state":"idle","properties":{}},{"id":48,"name":"node-48.simgrid.org","state":"idle","properties":{}},{"id":49,"name":"node-49.simgrid.org","state":"idle","properties":{}},{"id":50,"name":"node-50.simgrid.org","state":"idle","properties":{}},{"id":51,"name":"node-51.simgrid.org","state":"idle","properties":{}},{"id":52,"name":"node-52.simgrid.org","state":"idle","properties":{}},{"id":53,"name":"node-53.simgrid.org","state":"idle","properties":{}},{"id":54,"name":"node-54.simgrid.org","state":"idle","properties":{}},{"id":55,"name":"node-55.simgrid.org","state":"idle","properties":{}},{"id":56,"name":"node-56.simgrid.org","state":"idle","properties":{}},{"id":57,"name":"node-57.simgrid.org","state":"idle","properties":{}},{"id":58,"name":"node-58.simgrid.org","state":"idle","properties":{}},{"id":59,"name":"node-59.simgrid.org","state":"idle","properties":{}},{"id":60,"name":"node-60.simgrid.org","state":"idle","properties":{}},{"id":61,"name":"node-61.simgrid.org","state":"idle","properties":{}},{"id":62,"name":"node-62.simgrid.org","state":"idle","properties":{}},{"id":63,"name":"node-63.simgrid.org","state":"idle","properties":{}}],"workloads":{"4d0a44":"/github-simgrid/190311/../batsim-v2.0.0/workload_profiles/npb_60_jobs.json"}}}]}'
Sending '{"now":0.0,"events":[]}'
Received '{"now":0.125861,"events":[{"timestamp":0.125861,"type":"JOB_SUBMITTED","data":{"job_id":"4d0a44!1","job":{"id":"4d0a44!1","profile":"LU.S.4","res":4,"subtime":0.118055,"walltime":4200}}}]}'
Sending '{"now":0.125861,"events":[{"timestamp":0.125861,"type":"EXECUTE_JOB","data":{"job_id":"4d0a44!1","alloc":"0-3"}}]}'
Received '{"now":0.252513,"events":[{"timestamp":0.252513,"type":"JOB_SUBMITTED","data":{"job_id":"4d0a44!2","job":{"id":"4d0a44!2","profile":"SP.S.4","res":4,"subtime":0.244707,"walltime":4200}}}]}'
Sending '{"now":0.252513,"events":[{"timestamp":0.252513,"type":"EXECUTE_JOB","data":{"job_id":"4d0a44!2","alloc":"4-7"}}]}'
Received '{"now":0.830877,"events":[{"timestamp":0.830877,"type":"JOB_SUBMITTED","data":{"job_id":"4d0a44!3","job":{"id":"4d0a44!3","profile":"MG.S.4","res":4,"subtime":0.823071,"walltime":4200}}}]}'
Sending '{"now":0.830877,"events":[{"timestamp":0.830877,"type":"EXECUTE_JOB","data":{"job_id":"4d0a44!3","alloc":"8-11"}}]}'
Received '{"now":0.908243,"events":[{"timestamp":0.908243,"type":"JOB_SUBMITTED","data":{"job_id":"4d0a44!4","job":{"id":"4d0a44!4","profile":"FT.S.4","res":4,"subtime":0.900437,"walltime":4200}}}]}'
Sending '{"now":0.908243,"events":[{"timestamp":0.908243,"type":"EXECUTE_JOB","data":{"job_id":"4d0a44!4","alloc":"12-15"}}]}'
Received '{"now":0.931655,"events":[{"timestamp":0.916049,"type":"JOB_SUBMITTED","data":{"job_id":"4d0a44!5","job":{"id":"4d0a44!5","profile":"MG.S.16","res":16,"subtime":0.900472,"walltime":4200}}}]}'
Sending '{"now":0.931655,"events":[{"timestamp":0.916049,"type":"EXECUTE_JOB","data":{"job_id":"4d0a44!5","alloc":"16-31"}}]}'
Received '{"now":1.095189,"events":[{"timestamp":1.095189,"type":"JOB_COMPLETED","data":{"job_id":"4d0a44!4","job_state":"COMPLETED_SUCCESSFULLY","return_code":0,"kill_reason":"","alloc":"12-15"}}]}'
Sending '{"now":1.095189,"events":[]}'
Received '{"now":1.390563,"events":[{"timestamp":1.390563,"type":"JOB_COMPLETED","data":{"job_id":"4d0a44!3","job_state":"COMPLETED_SUCCESSFULLY","return_code":0,"kill_reason":"","alloc":"8-11"}}]}'
Sending '{"now":1.390563,"events":[]}'
Received '{"now":1.447518,"events":[{"timestamp":1.447518,"type":"JOB_COMPLETED","data":{"job_id":"4d0a44!2","job_state":"COMPLETED_SUCCESSFULLY","return_code":0,"kill_reason":"","alloc":"4-7"}}]}'
Sending '{"now":1.447518,"events":[]}'
Received '{"now":1.709712,"events":[{"timestamp":1.709712,"type":"JOB_SUBMITTED","data":{"job_id":"4d0a44!6","job":{"id":"4d0a44!6","profile":"FT.S.4","res":4,"subtime":1.701906,"walltime":4200}}}]}'
Sending '{"now":1.709712,"events":[{"timestamp":1.709712,"type":"EXECUTE_JOB","data":{"job_id":"4d0a44!6","alloc":"4-7"}}]}'
Received '{"now":1.888872,"events":[{"timestamp":1.888872,"type":"JOB_COMPLETED","data":{"job_id":"4d0a44!6","job_state":"COMPLETED_SUCCESSFULLY","return_code":0,"kill_reason":"","alloc":"4-7"}}]}'
Sending '{"now":1.888872,"events":[]}'
Received '{"now":1.991297,"events":[{"timestamp":1.991297,"type":"JOB_COMPLETED","data":{"job_id":"4d0a44!5","job_state":"COMPLETED_SUCCESSFULLY","return_code":0,"kill_reason":"","alloc":"16-31"}}]}'
Sending '{"now":1.991297,"events":[]}'
Received '{"now":2.479850,"events":[{"timestamp":2.479850,"type":"JOB_SUBMITTED","data":{"job_id":"4d0a44!7","job":{"id":"4d0a44!7","profile":"CG.S.4","res":4,"subtime":2.472044,"walltime":4200}}}]}'
Sending '{"now":2.47985,"events":[{"timestamp":2.47985,"type":"EXECUTE_JOB","data":{"job_id":"4d0a44!7","alloc":"4-7"}}]}'
Received '{"now":2.543030,"events":[{"timestamp":2.543030,"type":"JOB_COMPLETED","data":{"job_id":"4d0a44!1","job_state":"COMPLETED_SUCCESSFULLY","return_code":0,"kill_reason":"","alloc":"0-3"}}]}'
Sending '{"now":2.54303,"events":[]}'
Received '{"now":2.558642,"events":[{"timestamp":2.550836,"type":"JOB_SUBMITTED","data":{"job_id":"4d0a44!8","job":{"id":"4d0a44!8","profile":"MG.S.4","res":4,"subtime":2.542712,"walltime":4200}}}]}'
Sending '{"now":2.558642,"events":[{"timestamp":2.550836,"type":"EXECUTE_JOB","data":{"job_id":"4d0a44!8","alloc":"0-3"}}]}'
Received '{"now":2.787023,"events":[{"timestamp":2.787023,"type":"JOB_SUBMITTED","data":{"job_id":"4d0a44!9","job":{"id":"4d0a44!9","profile":"IS.S.4","res":4,"subtime":2.779217,"walltime":4200}}}]}'
Sending '{"now":2.787023,"events":[{"timestamp":2.787023,"type":"EXECUTE_JOB","data":{"job_id":"4d0a44!9","alloc":"8-11"}}]}'
Received '{"now":2.912368,"events":[{"timestamp":2.912368,"type":"JOB_COMPLETED","data":{"job_id":"4d0a44!9","job_state":"COMPLETED_SUCCESSFULLY","return_code":0,"kill_reason":"","alloc":"8-11"}}]}'
Sending '{"now":2.912368,"events":[]}'
Received '{"now":3.030641,"events":[{"timestamp":3.030641,"type":"JOB_SUBMITTED","data":{"job_id":"4d0a44!10","job":{"id":"4d0a44!10","profile":"CG.S.4","res":4,"subtime":3.022835,"walltime":4200}}}]}'
Sending '{"now":3.030641,"events":[{"timestamp":3.030641,"type":"EXECUTE_JOB","data":{"job_id":"4d0a44!10","alloc":"8-11"}}]}'
Received '{"now":3.118404,"events":[{"timestamp":3.118404,"type":"JOB_COMPLETED","data":{"job_id":"4d0a44!8","job_state":"COMPLETED_SUCCESSFULLY","return_code":0,"kill_reason":"","alloc":"0-3"}}]}'
Sending '{"now":3.118404,"events":[]}'
Received '{"now":3.542773,"events":[{"timestamp":3.542773,"type":"JOB_SUBMITTED","data":{"job_id":"4d0a44!11","job":{"id":"4d0a44!11","profile":"SP.S.16","res":16,"subtime":3.534967,"walltime":4200}}}]}'
Sending '{"now":3.542773,"events":[{"timestamp":3.542773,"type":"EXECUTE_JOB","data":{"job_id":"4d0a44!11","alloc":"0-3 12-23"}}]}'
Received '{"now":3.601956,"events":[{"timestamp":3.601956,"type":"JOB_COMPLETED","data":{"job_id":"4d0a44!7","job_state":"COMPLETED_SUCCESSFULLY","return_code":0,"kill_reason":"","alloc":"4-7"}}]}'
Sending '{"now":3.601956,"events":[]}'
Received '{"now":3.722163,"events":[{"timestamp":3.722163,"type":"JOB_SUBMITTED","data":{"job_id":"4d0a44!12","job":{"id":"4d0a44!12","profile":"IS.S.16","res":16,"subtime":3.714357,"walltime":4200}}}]}'
Sending '{"now":3.722163,"events":[{"timestamp":3.722163,"type":"EXECUTE_JOB","data":{"job_id":"4d0a44!12","alloc":"4-7 24-35"}}]}'
Received '{"now":3.991428,"events":[{"timestamp":3.991428,"type":"JOB_COMPLETED","data":{"job_id":"4d0a44!12","job_state":"COMPLETED_SUCCESSFULLY","return_code":0,"kill_reason":"","alloc":"4-7 24-35"}}]}'
Sending '{"now":3.991428,"events":[]}'
Received '{"now":4.152250,"events":[{"timestamp":4.152250,"type":"JOB_COMPLETED","data":{"job_id":"4d0a44!10","job_state":"COMPLETED_SUCCESSFULLY","return_code":0,"kill_reason":"","alloc":"8-11"}}]}'
Sending '{"now":4.15225,"events":[]}'
Received '{"now":4.647282,"events":[{"timestamp":4.647282,"type":"JOB_SUBMITTED","data":{"job_id":"4d0a44!13","job":{"id":"4d0a44!13","profile":"SP.S.16","res":16,"subtime":4.639476,"walltime":4200}}}]}'
Sending '{"now":4.647282,"events":[{"timestamp":4.647282,"type":"EXECUTE_JOB","data":{"job_id":"4d0a44!13","alloc":"4-11 24-31"}}]}'
Received '{"now":5.029769,"events":[{"timestamp":5.029769,"type":"JOB_SUBMITTED","data":{"job_id":"4d0a44!14","job":{"id":"4d0a44!14","profile":"MG.S.16","res":16,"subtime":5.021969,"walltime":4200}}}]}'
Sending '{"now":5.029769,"events":[{"timestamp":5.029769,"type":"EXECUTE_JOB","data":{"job_id":"4d0a44!14","alloc":"32-47"}}]}'
Received '{"now":5.054910,"events":[{"timestamp":5.054910,"type":"JOB_SUBMITTED","data":{"job_id":"4d0a44!15","job":{"id":"4d0a44!15","profile":"FT.S.16","res":16,"subtime":5.047104,"walltime":4200}}}]}'
Sending '{"now":5.05491,"events":[{"timestamp":5.05491,"type":"EXECUTE_JOB","data":{"job_id":"4d0a44!15","alloc":"48-63"}}]}'
Received '{"now":5.216435,"events":[{"timestamp":5.216435,"type":"JOB_SUBMITTED","data":{"job_id":"4d0a44!16","job":{"id":"4d0a44!16","profile":"FT.S.16","res":16,"subtime":5.208629,"walltime":4200}}}]}'
Sending '{"now":5.216435,"events":[]}'
Received '{"now":5.352284,"events":[{"timestamp":5.352284,"type":"JOB_SUBMITTED","data":{"job_id":"4d0a44!17","job":{"id":"4d0a44!17","profile":"FT.S.16","res":16,"subtime":5.344478,"walltime":4200}}}]}'
Sending '{"now":5.352284,"events":[]}'
Received '{"now":5.377629,"events":[{"timestamp":5.377629,"type":"JOB_COMPLETED","data":{"job_id":"4d0a44!15","job_state":"COMPLETED_SUCCESSFULLY","return_code":0,"kill_reason":"","alloc":"48-63"}}]}'
Sending '{"now":5.377629,"events":[{"timestamp":5.377629,"type":"EXECUTE_JOB","data":{"job_id":"4d0a44!16","alloc":"48-63"}}]}'
Received '{"now":5.636212,"events":[{"timestamp":5.636212,"type":"JOB_SUBMITTED","data":{"job_id":"4d0a44!18","job":{"id":"4d0a44!18","profile":"SP.S.16","res":16,"subtime":5.628406,"walltime":4200}}}]}'
Sending '{"now":5.6362120000000008,"events":[]}'
Received '{"now":5.700352,"events":[{"timestamp":5.700352,"type":"JOB_COMPLETED","data":{"job_id":"4d0a44!16","job_state":"COMPLETED_SUCCESSFULLY","return_code":0,"kill_reason":"","alloc":"48-63"}}]}'
Sending '{"now":5.700352,"events":[{"timestamp":5.700352,"type":"EXECUTE_JOB","data":{"job_id":"4d0a44!17","alloc":"48-63"}}]}'
Received '{"now":5.749767,"events":[{"timestamp":5.749767,"type":"JOB_SUBMITTED","data":{"job_id":"4d0a44!19","job":{"id":"4d0a44!19","profile":"MG.S.16","res":16,"subtime":5.741963,"walltime":4200}}}]}'
Sending '{"now":5.749767,"events":[]}'
Received '{"now":5.896243,"events":[{"timestamp":5.896243,"type":"JOB_SUBMITTED","data":{"job_id":"4d0a44!20","job":{"id":"4d0a44!20","profile":"CG.S.4","res":4,"subtime":5.888437,"walltime":4200}}}]}'
Sending '{"now":5.896243,"events":[]}'
Received '{"now":6.023326,"events":[{"timestamp":6.023326,"type":"JOB_COMPLETED","data":{"job_id":"4d0a44!17","job_state":"COMPLETED_SUCCESSFULLY","return_code":0,"kill_reason":"","alloc":"48-63"}}]}'
Sending '{"now":6.023326,"events":[{"timestamp":6.023326,"type":"EXECUTE_JOB","data":{"job_id":"4d0a44!18","alloc":"48-63"}}]}'
Received '{"now":6.088450,"events":[{"timestamp":6.088450,"type":"JOB_COMPLETED","data":{"job_id":"4d0a44!14","job_state":"COMPLETED_SUCCESSFULLY","return_code":0,"kill_reason":"","alloc":"32-47"}}]}'
Sending '{"now":6.08845,"events":[{"timestamp":6.08845,"type":"EXECUTE_JOB","data":{"job_id":"4d0a44!19","alloc":"32-47"}}]}'
Received '{"now":6.768528,"events":[{"timestamp":6.768528,"type":"JOB_SUBMITTED","data":{"job_id":"4d0a44!21","job":{"id":"4d0a44!21","profile":"CG.S.4","res":4,"subtime":6.760729,"walltime":4200}}}]}'
Sending '{"now":6.768528,"events":[]}'
Received '{"now":7.147117,"events":[{"timestamp":7.147117,"type":"JOB_COMPLETED","data":{"job_id":"4d0a44!19","job_state":"COMPLETED_SUCCESSFULLY","return_code":0,"kill_reason":"","alloc":"32-47"}}]}'
Sending '{"now":7.147117,"events":[{"timestamp":7.147117,"type":"EXECUTE_JOB","data":{"job_id":"4d0a44!20","alloc":"32-35"}},{"timestamp":7.147117,"type":"EXECUTE_JOB","data":{"job_id":"4d0a44!21","alloc":"36-39"}}]}'
Received '{"now":7.680452,"events":[{"timestamp":7.680452,"type":"JOB_SUBMITTED","data":{"job_id":"4d0a44!22","job":{"id":"4d0a44!22","profile":"LU.S.4","res":4,"subtime":7.672652,"walltime":4200}}}]}'
Sending '{"now":7.680452,"events":[{"timestamp":7.680452,"type":"EXECUTE_JOB","data":{"job_id":"4d0a44!22","alloc":"40-43"}}]}'
Received '{"now":7.859216,"events":[{"timestamp":7.859216,"type":"JOB_SUBMITTED","data":{"job_id":"4d0a44!23","job":{"id":"4d0a44!23","profile":"CG.S.16","res":16,"subtime":7.851421,"walltime":4200}}}]}'
Sending '{"now":7.859216,"events":[]}'
Received '{"now":8.055386,"events":[{"timestamp":8.055386,"type":"JOB_SUBMITTED","data":{"job_id":"4d0a44!24","job":{"id":"4d0a44!24","profile":"SP.S.4","res":4,"subtime":8.047586,"walltime":4200}}}]}'
Sending '{"now":8.055386,"events":[{"timestamp":8.055386,"type":"EXECUTE_JOB","data":{"job_id":"4d0a44!24","alloc":"44-47"}}]}'
Received '{"now":8.267802,"events":[{"timestamp":8.267802,"type":"JOB_COMPLETED","data":{"job_id":"4d0a44!20","job_state":"COMPLETED_SUCCESSFULLY","return_code":0,"kill_reason":"","alloc":"32-35"}}]}'
Sending '{"now":8.267802,"events":[]}'
Received '{"now":8.289261,"events":[{"timestamp":8.281463,"type":"JOB_COMPLETED","data":{"job_id":"4d0a44!21","job_state":"COMPLETED_SUCCESSFULLY","return_code":0,"kill_reason":"","alloc":"36-39"}}]}'
Sending '{"now":8.289261,"events":[]}'
Received '{"now":9.183727,"events":[{"timestamp":9.183727,"type":"JOB_SUBMITTED","data":{"job_id":"4d0a44!25","job":{"id":"4d0a44!25","profile":"IS.S.16","res":16,"subtime":9.175921,"walltime":4200}}}]}'
Sending '{"now":9.183727,"events":[]}'
Received '{"now":9.220732,"events":[{"timestamp":9.220732,"type":"JOB_SUBMITTED","data":{"job_id":"4d0a44!26","job":{"id":"4d0a44!26","profile":"LU.S.16","res":16,"subtime":9.212926,"walltime":4200}}}]}'
Sending '{"now":9.220732,"events":[]}'
Received '{"now":9.332931,"events":[{"timestamp":9.332931,"type":"JOB_SUBMITTED","data":{"job_id":"4d0a44!27","job":{"id":"4d0a44!27","profile":"MG.S.16","res":16,"subtime":9.325125,"walltime":4200}}}]}'
Sending '{"now":9.332931,"events":[]}'
Received '{"now":9.374686,"events":[{"timestamp":9.374686,"type":"JOB_COMPLETED","data":{"job_id":"4d0a44!24","job_state":"COMPLETED_SUCCESSFULLY","return_code":0,"kill_reason":"","alloc":"44-47"}}]}'
Sending '{"now":9.374686,"events":[]}'
Received '{"now":9.580578,"events":[{"timestamp":9.580578,"type":"JOB_SUBMITTED","data":{"job_id":"4d0a44!28","job":{"id":"4d0a44!28","profile":"FT.S.4","res":4,"subtime":9.572772,"walltime":4200}}}]}'
Sending '{"now":9.580578,"events":[{"timestamp":9.580578,"type":"EXECUTE_JOB","data":{"job_id":"4d0a44!28","alloc":"32-35"}}]}'
Received '{"now":9.691668,"events":[{"timestamp":9.691668,"type":"JOB_SUBMITTED","data":{"job_id":"4d0a44!29","job":{"id":"4d0a44!29","profile":"LU.S.16","res":16,"subtime":9.683862,"walltime":4200}}}]}'
Sending '{"now":9.691668,"events":[]}'
Received '{"now":9.759634,"events":[{"timestamp":9.759634,"type":"JOB_COMPLETED","data":{"job_id":"4d0a44!28","job_state":"COMPLETED_SUCCESSFULLY","return_code":0,"kill_reason":"","alloc":"32-35"}}]}'
Sending '{"now":9.759634,"events":[]}'
Received '{"now":10.055848,"events":[{"timestamp":10.055848,"type":"JOB_SUBMITTED","data":{"job_id":"4d0a44!30","job":{"id":"4d0a44!30","profile":"MG.S.16","res":16,"subtime":10.048049,"walltime":4200}}}]}'
Sending '{"now":10.055848,"events":[]}'
Received '{"now":10.094939,"events":[{"timestamp":10.094939,"type":"JOB_COMPLETED","data":{"job_id":"4d0a44!22","job_state":"COMPLETED_SUCCESSFULLY","return_code":0,"kill_reason":"","alloc":"40-43"}}]}'
Sending '{"now":10.094939,"events":[{"timestamp":10.094939,"type":"EXECUTE_JOB","data":{"job_id":"4d0a44!23","alloc":"32-47"}}]}'
Received '{"now":10.219038,"events":[{"timestamp":10.219038,"type":"JOB_COMPLETED","data":{"job_id":"4d0a44!11","job_state":"COMPLETED_SUCCESSFULLY","return_code":0,"kill_reason":"","alloc":"0-3 12-23"}}]}'
Sending '{"now":10.219038,"events":[{"timestamp":10.219038,"type":"EXECUTE_JOB","data":{"job_id":"4d0a44!25","alloc":"0-3 12-23"}}]}'
Received '{"now":10.427794,"events":[{"timestamp":10.427794,"type":"JOB_COMPLETED","data":{"job_id":"4d0a44!25","job_state":"COMPLETED_SUCCESSFULLY","return_code":0,"kill_reason":"","alloc":"0-3 12-23"}}]}'
Sending '{"now":10.427794,"events":[{"timestamp":10.427794,"type":"EXECUTE_JOB","data":{"job_id":"4d0a44!26","alloc":"0-3 12-23"}}]}'
Received '{"now":10.580644,"events":[{"timestamp":10.580644,"type":"JOB_SUBMITTED","data":{"job_id":"4d0a44!31","job":{"id":"4d0a44!31","profile":"LU.S.4","res":4,"subtime":10.572844,"walltime":4200}}}]}'
Sending '{"now":10.580644,"events":[]}'
Received '{"now":10.841499,"events":[{"timestamp":10.841499,"type":"JOB_SUBMITTED","data":{"job_id":"4d0a44!32","job":{"id":"4d0a44!32","profile":"FT.S.4","res":4,"subtime":10.833693,"walltime":4200}}}]}'
Sending '{"now":10.841499,"events":[]}'
Received '{"now":11.299356,"events":[{"timestamp":11.299356,"type":"JOB_COMPLETED","data":{"job_id":"4d0a44!13","job_state":"COMPLETED_SUCCESSFULLY","return_code":0,"kill_reason":"","alloc":"4-11 24-31"}}]}'
Sending '{"now":11.299356,"events":[{"timestamp":11.299356,"type":"EXECUTE_JOB","data":{"job_id":"4d0a44!27","alloc":"4-11 24-31"}}]}'
Received '{"now":11.656911,"events":[{"timestamp":11.656911,"type":"JOB_SUBMITTED","data":{"job_id":"4d0a44!33","job":{"id":"4d0a44!33","profile":"BT.S.16","res":16,"subtime":11.649112,"walltime":4200}}}]}'
Sending '{"now":11.656911,"events":[]}'
Received '{"now":11.842355,"events":[{"timestamp":11.842355,"type":"JOB_COMPLETED","data":{"job_id":"4d0a44!18","job_state":"COMPLETED_SUCCESSFULLY","return_code":0,"kill_reason":"","alloc":"48-63"}}]}'
Sending '{"now":11.842355,"events":[{"timestamp":11.842355,"type":"EXECUTE_JOB","data":{"job_id":"4d0a44!29","alloc":"48-63"}}]}'
Received '{"now":12.224736,"events":[{"timestamp":12.224736,"type":"JOB_SUBMITTED","data":{"job_id":"4d0a44!34","job":{"id":"4d0a44!34","profile":"SP.S.16","res":16,"subtime":12.216940,"walltime":4200}}}]}'
Sending '{"now":12.224736,"events":[]}'
Received '{"now":12.578457,"events":[{"timestamp":12.578457,"type":"JOB_SUBMITTED","data":{"job_id":"4d0a44!35","job":{"id":"4d0a44!35","profile":"IS.S.4","res":4,"subtime":12.570651,"walltime":4200}}}]}'
Sending '{"now":12.578457,"events":[]}'
Received '{"now":12.605501,"events":[{"timestamp":12.605501,"type":"JOB_SUBMITTED","data":{"job_id":"4d0a44!36","job":{"id":"4d0a44!36","profile":"MG.S.4","res":4,"subtime":12.597695,"walltime":4200}}}]}'
Sending '{"now":12.605501,"events":[]}'
Received '{"now":12.990711,"events":[{"timestamp":12.990711,"type":"JOB_COMPLETED","data":{"job_id":"4d0a44!27","job_state":"COMPLETED_SUCCESSFULLY","return_code":0,"kill_reason":"","alloc":"4-11 24-31"}}]}'
Sending '{"now":12.990711,"events":[{"timestamp":12.990711,"type":"EXECUTE_JOB","data":{"job_id":"4d0a44!30","alloc":"4-11 24-31"}}]}'
Received '{"now":13.083232,"events":[{"timestamp":13.083232,"type":"JOB_SUBMITTED","data":{"job_id":"4d0a44!37","job":{"id":"4d0a44!37","profile":"CG.S.4","res":4,"subtime":13.075426,"walltime":4200}}}]}'
Sending '{"now":13.083232,"events":[]}'
Received '{"now":13.402568,"events":[{"timestamp":13.402568,"type":"JOB_SUBMITTED","data":{"job_id":"4d0a44!38","job":{"id":"4d0a44!38","profile":"CG.S.16","res":16,"subtime":13.394762,"walltime":4200}}}]}'
Sending '{"now":13.402568,"events":[]}'
Received '{"now":13.676660,"events":[{"timestamp":13.676660,"type":"JOB_COMPLETED","data":{"job_id":"4d0a44!23","job_state":"COMPLETED_SUCCESSFULLY","return_code":0,"kill_reason":"","alloc":"32-47"}}]}'
Sending '{"now":13.67666,"events":[{"timestamp":13.67666,"type":"EXECUTE_JOB","data":{"job_id":"4d0a44!31","alloc":"32-35"}},{"timestamp":13.67666,"type":"EXECUTE_JOB","data":{"job_id":"4d0a44!32","alloc":"36-39"}},{"timestamp":13.67666,"type":"EXECUTE_JOB","data":{"job_id":"4d0a44!35","alloc":"40-43"}},{"timestamp":13.67666,"type":"EXECUTE_JOB","data":{"job_id":"4d0a44!36","alloc":"44-47"}}]}'
Received '{"now":13.817613,"events":[{"timestamp":13.817613,"type":"JOB_COMPLETED","data":{"job_id":"4d0a44!35","job_state":"COMPLETED_SUCCESSFULLY","return_code":0,"kill_reason":"","alloc":"40-43"}}]}'
Sending '{"now":13.817613,"events":[{"timestamp":13.817613,"type":"EXECUTE_JOB","data":{"job_id":"4d0a44!37","alloc":"40-43"}}]}'
Received '{"now":13.863641,"events":[{"timestamp":13.863641,"type":"JOB_COMPLETED","data":{"job_id":"4d0a44!32","job_state":"COMPLETED_SUCCESSFULLY","return_code":0,"kill_reason":"","alloc":"36-39"}}]}'
Sending '{"now":13.863641,"events":[]}'
Received '{"now":13.879253,"events":[{"timestamp":13.871447,"type":"JOB_SUBMITTED","data":{"job_id":"4d0a44!39","job":{"id":"4d0a44!39","profile":"BT.S.4","res":4,"subtime":13.851517,"walltime":4200}}}]}'
Sending '{"now":13.879253,"events":[{"timestamp":13.879253,"type":"EXECUTE_JOB","data":{"job_id":"4d0a44!39","alloc":"36-39"}}]}'
Received '{"now":14.005649,"events":[{"timestamp":14.005649,"type":"JOB_SUBMITTED","data":{"job_id":"4d0a44!40","job":{"id":"4d0a44!40","profile":"IS.S.4","res":4,"subtime":13.997843,"walltime":4200}}}]}'
Sending '{"now":14.005649,"events":[]}'
Received '{"now":14.259812,"events":[{"timestamp":14.259812,"type":"JOB_COMPLETED","data":{"job_id":"4d0a44!36","job_state":"COMPLETED_SUCCESSFULLY","return_code":0,"kill_reason":"","alloc":"44-47"}}]}'
Sending '{"now":14.259812,"events":[{"timestamp":14.259812,"type":"EXECUTE_JOB","data":{"job_id":"4d0a44!40","alloc":"44-47"}}]}'
Received '{"now":14.385127,"events":[{"timestamp":14.385127,"type":"JOB_COMPLETED","data":{"job_id":"4d0a44!40","job_state":"COMPLETED_SUCCESSFULLY","return_code":0,"kill_reason":"","alloc":"44-47"}}]}'
Sending '{"now":14.385127,"events":[]}'
Received '{"now":14.496457,"events":[{"timestamp":14.496457,"type":"JOB_SUBMITTED","data":{"job_id":"4d0a44!41","job":{"id":"4d0a44!41","profile":"CG.S.4","res":4,"subtime":14.488651,"walltime":4200}}}]}'
Sending '{"now":14.496457,"events":[{"timestamp":14.496457,"type":"EXECUTE_JOB","data":{"job_id":"4d0a44!41","alloc":"44-47"}}]}'
Received '{"now":14.549629,"events":[{"timestamp":14.549629,"type":"JOB_COMPLETED","data":{"job_id":"4d0a44!39","job_state":"COMPLETED_SUCCESSFULLY","return_code":0,"kill_reason":"","alloc":"36-39"}}]}'
Sending '{"now":14.549629,"events":[]}'
Received '{"now":14.682094,"events":[{"timestamp":14.682094,"type":"JOB_COMPLETED","data":{"job_id":"4d0a44!30","job_state":"COMPLETED_SUCCESSFULLY","return_code":0,"kill_reason":"","alloc":"4-11 24-31"}}]}'
Sending '{"now":14.682094,"events":[{"timestamp":14.682094,"type":"EXECUTE_JOB","data":{"job_id":"4d0a44!33","alloc":"4-11 24-31"}}]}'
Received '{"now":14.847590,"events":[{"timestamp":14.847590,"type":"JOB_SUBMITTED","data":{"job_id":"4d0a44!42","job":{"id":"4d0a44!42","profile":"BT.S.16","res":16,"subtime":14.839785,"walltime":4200}}}]}'
Sending '{"now":14.84759,"events":[]}'
Received '{"now":14.927095,"events":[{"timestamp":14.927095,"type":"JOB_SUBMITTED","data":{"job_id":"4d0a44!43","job":{"id":"4d0a44!43","profile":"MG.S.16","res":16,"subtime":14.919296,"walltime":4200}}}]}'
Sending '{"now":14.927095,"events":[]}'
Received '{"now":14.948561,"events":[{"timestamp":14.940755,"type":"JOB_COMPLETED","data":{"job_id":"4d0a44!37","job_state":"COMPLETED_SUCCESSFULLY","return_code":0,"kill_reason":"","alloc":"40-43"}}]}'
Sending '{"now":14.948561,"events":[]}'
Received '{"now":15.362769,"events":[{"timestamp":15.362769,"type":"JOB_SUBMITTED","data":{"job_id":"4d0a44!44","job":{"id":"4d0a44!44","profile":"SP.S.4","res":4,"subtime":15.354963,"walltime":4200}}}]}'
Sending '{"now":15.362769,"events":[{"timestamp":15.362769,"type":"EXECUTE_JOB","data":{"job_id":"4d0a44!44","alloc":"36-39"}}]}'
Received '{"now":15.618481,"events":[{"timestamp":15.618481,"type":"JOB_COMPLETED","data":{"job_id":"4d0a44!41","job_state":"COMPLETED_SUCCESSFULLY","return_code":0,"kill_reason":"","alloc":"44-47"}}]}'
Sending '{"now":15.618481,"events":[]}'
Received '{"now":15.932783,"events":[{"timestamp":15.932783,"type":"JOB_SUBMITTED","data":{"job_id":"4d0a44!45","job":{"id":"4d0a44!45","profile":"LU.S.4","res":4,"subtime":15.924977,"walltime":4200}}}]}'
Sending '{"now":15.932783,"events":[{"timestamp":15.932783,"type":"EXECUTE_JOB","data":{"job_id":"4d0a44!45","alloc":"40-43"}}]}'
Received '{"now":16.093632,"events":[{"timestamp":16.093632,"type":"JOB_COMPLETED","data":{"job_id":"4d0a44!31","job_state":"COMPLETED_SUCCESSFULLY","return_code":0,"kill_reason":"","alloc":"32-35"}}]}'
Sending '{"now":16.093632,"events":[]}'
Received '{"now":16.109244,"events":[{"timestamp":16.109244,"type":"JOB_SUBMITTED","data":{"job_id":"4d0a44!46","job":{"id":"4d0a44!46","profile":"CG.S.16","res":16,"subtime":16.100497,"walltime":4200}}}]}'
Sending '{"now":16.109244,"events":[]}'
Received '{"now":16.308113,"events":[{"timestamp":16.308113,"type":"JOB_SUBMITTED","data":{"job_id":"4d0a44!47","job":{"id":"4d0a44!47","profile":"BT.S.16","res":16,"subtime":16.300307,"walltime":4200}}}]}'
Sending '{"now":16.308113,"events":[]}'
Received '{"now":16.348776,"events":[{"timestamp":16.348776,"type":"JOB_SUBMITTED","data":{"job_id":"4d0a44!48","job":{"id":"4d0a44!48","profile":"FT.S.16","res":16,"subtime":16.340970,"walltime":4200}}}]}'
Sending '{"now":16.348776,"events":[]}'
Received '{"now":16.558038,"events":[{"timestamp":16.558038,"type":"JOB_COMPLETED","data":{"job_id":"4d0a44!44","job_state":"COMPLETED_SUCCESSFULLY","return_code":0,"kill_reason":"","alloc":"36-39"}}]}'
Sending '{"now":16.558038,"events":[]}'
Received '{"now":16.730045,"events":[{"timestamp":16.730045,"type":"JOB_COMPLETED","data":{"job_id":"4d0a44!26","job_state":"COMPLETED_SUCCESSFULLY","return_code":0,"kill_reason":"","alloc":"0-3 12-23"}}]}'
Sending '{"now":16.730045,"events":[{"timestamp":16.730045,"type":"EXECUTE_JOB","data":{"job_id":"4d0a44!34","alloc":"0-3 12-23"}}]}'
Received '{"now":16.753473,"events":[{"timestamp":16.753473,"type":"JOB_SUBMITTED","data":{"job_id":"4d0a44!49","job":{"id":"4d0a44!49","profile":"MG.S.4","res":4,"subtime":16.744902,"walltime":4200}}}]}'
Sending '{"now":16.753473,"events":[]}'
Received '{"now":17.318828,"events":[{"timestamp":17.318828,"type":"JOB_SUBMITTED","data":{"job_id":"4d0a44!50","job":{"id":"4d0a44!50","profile":"CG.S.16","res":16,"subtime":17.311022,"walltime":4200}}}]}'
Sending '{"now":17.318828,"events":[]}'
Received '{"now":17.837912,"events":[{"timestamp":17.837912,"type":"JOB_SUBMITTED","data":{"job_id":"4d0a44!51","job":{"id":"4d0a44!51","profile":"BT.S.16","res":16,"subtime":17.830106,"walltime":4200}}}]}'
Sending '{"now":17.837912,"events":[]}'
Received '{"now":17.991742,"events":[{"timestamp":17.991742,"type":"JOB_SUBMITTED","data":{"job_id":"4d0a44!52","job":{"id":"4d0a44!52","profile":"CG.S.4","res":4,"subtime":17.983949,"walltime":4200}}}]}'
Sending '{"now":17.991742,"events":[]}'
Received '{"now":18.020364,"events":[{"timestamp":18.020364,"type":"JOB_COMPLETED","data":{"job_id":"4d0a44!29","job_state":"COMPLETED_SUCCESSFULLY","return_code":0,"kill_reason":"","alloc":"48-63"}}]}'
Sending '{"now":18.020364,"events":[{"timestamp":18.020364,"type":"EXECUTE_JOB","data":{"job_id":"4d0a44!38","alloc":"32-39 44-51"}},{"timestamp":18.020364,"type":"EXECUTE_JOB","data":{"job_id":"4d0a44!49","alloc":"52-55"}},{"timestamp":18.020364,"type":"EXECUTE_JOB","data":{"job_id":"4d0a44!52","alloc":"56-59"}}]}'
Received '{"now":18.129770,"events":[{"timestamp":18.129770,"type":"JOB_SUBMITTED","data":{"job_id":"4d0a44!53","job":{"id":"4d0a44!53","profile":"CG.S.16","res":16,"subtime":18.121967,"walltime":4200}}}]}'
Sending '{"now":18.12977,"events":[]}'
Received '{"now":18.348759,"events":[{"timestamp":18.348759,"type":"JOB_COMPLETED","data":{"job_id":"4d0a44!45","job_state":"COMPLETED_SUCCESSFULLY","return_code":0,"kill_reason":"","alloc":"40-43"}}]}'
Sending '{"now":18.348759,"events":[]}'
Received '{"now":18.391090,"events":[{"timestamp":18.391090,"type":"JOB_COMPLETED","data":{"job_id":"4d0a44!33","job_state":"COMPLETED_SUCCESSFULLY","return_code":0,"kill_reason":"","alloc":"4-11 24-31"}}]}'
Sending '{"now":18.39109,"events":[{"timestamp":18.39109,"type":"EXECUTE_JOB","data":{"job_id":"4d0a44!42","alloc":"4-11 24-31"}}]}'
Received '{"now":18.512071,"events":[{"timestamp":18.512071,"type":"JOB_SUBMITTED","data":{"job_id":"4d0a44!54","job":{"id":"4d0a44!54","profile":"BT.S.16","res":16,"subtime":18.504265,"walltime":4200}}}]}'
Sending '{"now":18.512071,"events":[]}'
Received '{"now":18.587437,"events":[{"timestamp":18.587437,"type":"JOB_COMPLETED","data":{"job_id":"4d0a44!49","job_state":"COMPLETED_SUCCESSFULLY","return_code":0,"kill_reason":"","alloc":"52-55"}}]}'
Sending '{"now":18.587437,"events":[]}'
Received '{"now":18.667138,"events":[{"timestamp":18.667138,"type":"JOB_SUBMITTED","data":{"job_id":"4d0a44!55","job":{"id":"4d0a44!55","profile":"MG.S.16","res":16,"subtime":18.659337,"walltime":4200}}}]}'
Sending '{"now":18.667138,"events":[]}'
Received '{"now":18.716387,"events":[{"timestamp":18.716387,"type":"JOB_SUBMITTED","data":{"job_id":"4d0a44!56","job":{"id":"4d0a44!56","profile":"CG.S.16","res":16,"subtime":18.708588,"walltime":4200}}}]}'
Sending '{"now":18.716387,"events":[]}'
Received '{"now":18.781120,"events":[{"timestamp":18.781120,"type":"JOB_SUBMITTED","data":{"job_id":"4d0a44!57","job":{"id":"4d0a44!57","profile":"SP.S.16","res":16,"subtime":18.773314,"walltime":4200}}}]}'
Sending '{"now":18.78112,"events":[]}'
Received '{"now":18.927229,"events":[{"timestamp":18.927229,"type":"JOB_SUBMITTED","data":{"job_id":"4d0a44!58","job":{"id":"4d0a44!58","profile":"CG.S.4","res":4,"subtime":18.919428,"walltime":4200}}}]}'
Sending '{"now":18.927229,"events":[{"timestamp":18.927229,"type":"EXECUTE_JOB","data":{"job_id":"4d0a44!58","alloc":"40-43"}}]}'
Received '{"now":19.120323,"events":[{"timestamp":19.120323,"type":"JOB_SUBMITTED","data":{"job_id":"4d0a44!59","job":{"id":"4d0a44!59","profile":"SP.S.16","res":16,"subtime":19.112524,"walltime":4200}}}]}'
Sending '{"now":19.120323,"events":[]}'
Received '{"now":19.135933,"events":[{"timestamp":19.135933,"type":"JOB_SUBMITTED","data":{"job_id":"4d0a44!60","job":{"id":"4d0a44!60","profile":"BT.S.16","res":16,"subtime":19.124875,"walltime":4200}}}]}'
Sending '{"now":19.135933,"events":[]}'
Received '{"now":19.165205,"events":[{"timestamp":19.165205,"type":"JOB_COMPLETED","data":{"job_id":"4d0a44!52","job_state":"COMPLETED_SUCCESSFULLY","return_code":0,"kill_reason":"","alloc":"56-59"}}]}'
Sending '{"now":19.165205,"events":[]}'
Received '{"now":20.048342,"events":[{"timestamp":20.048342,"type":"JOB_COMPLETED","data":{"job_id":"4d0a44!58","job_state":"COMPLETED_SUCCESSFULLY","return_code":0,"kill_reason":"","alloc":"40-43"}}]}'
Sending '{"now":20.048342,"events":[{"timestamp":20.048342,"type":"EXECUTE_JOB","data":{"job_id":"4d0a44!43","alloc":"40-43 52-63"}}]}'
Received '{"now":21.278266,"events":[{"timestamp":21.278266,"type":"JOB_COMPLETED","data":{"job_id":"4d0a44!43","job_state":"COMPLETED_SUCCESSFULLY","return_code":0,"kill_reason":"","alloc":"40-43 52-63"}}]}'
Sending '{"now":21.278266,"events":[{"timestamp":21.278266,"type":"EXECUTE_JOB","data":{"job_id":"4d0a44!46","alloc":"40-43 52-63"}}]}'
Received '{"now":21.877060,"events":[{"timestamp":21.877060,"type":"JOB_COMPLETED","data":{"job_id":"4d0a44!38","job_state":"COMPLETED_SUCCESSFULLY","return_code":0,"kill_reason":"","alloc":"32-39 44-51"}}]}'
Sending '{"now":21.87706,"events":[{"timestamp":21.87706,"type":"EXECUTE_JOB","data":{"job_id":"4d0a44!47","alloc":"32-39 44-51"}}]}'
Received '{"now":22.099153,"events":[{"timestamp":22.099153,"type":"JOB_COMPLETED","data":{"job_id":"4d0a44!42","job_state":"COMPLETED_SUCCESSFULLY","return_code":0,"kill_reason":"","alloc":"4-11 24-31"}}]}'
Sending '{"now":22.099153,"events":[{"timestamp":22.099153,"type":"EXECUTE_JOB","data":{"job_id":"4d0a44!48","alloc":"4-11 24-31"}}]}'
Received '{"now":22.595257,"events":[{"timestamp":22.595257,"type":"JOB_COMPLETED","data":{"job_id":"4d0a44!48","job_state":"COMPLETED_SUCCESSFULLY","return_code":0,"kill_reason":"","alloc":"4-11 24-31"}}]}'
Sending '{"now":22.595257,"events":[{"timestamp":22.595257,"type":"EXECUTE_JOB","data":{"job_id":"4d0a44!50","alloc":"4-11 24-31"}}]}'
Received '{"now":23.381552,"events":[{"timestamp":23.381552,"type":"JOB_COMPLETED","data":{"job_id":"4d0a44!34","job_state":"COMPLETED_SUCCESSFULLY","return_code":0,"kill_reason":"","alloc":"0-3 12-23"}}]}'
Sending '{"now":23.381552,"events":[{"timestamp":23.381552,"type":"EXECUTE_JOB","data":{"job_id":"4d0a44!51","alloc":"0-3 12-23"}}]}'
Received '{"now":24.863225,"events":[{"timestamp":24.863225,"type":"JOB_COMPLETED","data":{"job_id":"4d0a44!46","job_state":"COMPLETED_SUCCESSFULLY","return_code":0,"kill_reason":"","alloc":"40-43 52-63"}}]}'
Sending '{"now":24.863225,"events":[{"timestamp":24.863225,"type":"EXECUTE_JOB","data":{"job_id":"4d0a44!53","alloc":"40-43 52-63"}}]}'
Received '{"now":25.103019,"events":[{"timestamp":25.103019,"type":"JOB_COMPLETED","data":{"job_id":"4d0a44!47","job_state":"COMPLETED_SUCCESSFULLY","return_code":0,"kill_reason":"","alloc":"32-39 44-51"}}]}'
Sending '{"now":25.103019,"events":[{"timestamp":25.103019,"type":"EXECUTE_JOB","data":{"job_id":"4d0a44!54","alloc":"32-39 44-51"}}]}'
Received '{"now":26.727841,"events":[{"timestamp":26.727841,"type":"JOB_COMPLETED","data":{"job_id":"4d0a44!50","job_state":"COMPLETED_SUCCESSFULLY","return_code":0,"kill_reason":"","alloc":"4-11 24-31"}}]}'
Sending '{"now":26.727841,"events":[{"timestamp":26.727841,"type":"EXECUTE_JOB","data":{"job_id":"4d0a44!55","alloc":"4-11 24-31"}}]}'
Received '{"now":27.072560,"events":[{"timestamp":27.072560,"type":"JOB_COMPLETED","data":{"job_id":"4d0a44!51","job_state":"COMPLETED_SUCCESSFULLY","return_code":0,"kill_reason":"","alloc":"0-3 12-23"}}]}'
Sending '{"now":27.07256,"events":[{"timestamp":27.07256,"type":"EXECUTE_JOB","data":{"job_id":"4d0a44!56","alloc":"0-3 12-23"}}]}'
Received '{"now":28.329723,"events":[{"timestamp":28.329723,"type":"JOB_COMPLETED","data":{"job_id":"4d0a44!54","job_state":"COMPLETED_SUCCESSFULLY","return_code":0,"kill_reason":"","alloc":"32-39 44-51"}}]}'
Sending '{"now":28.329723,"events":[{"timestamp":28.329723,"type":"EXECUTE_JOB","data":{"job_id":"4d0a44!57","alloc":"32-39 44-51"}}]}'
Received '{"now":28.419146,"events":[{"timestamp":28.419146,"type":"JOB_COMPLETED","data":{"job_id":"4d0a44!55","job_state":"COMPLETED_SUCCESSFULLY","return_code":0,"kill_reason":"","alloc":"4-11 24-31"}}]}'
Sending '{"now":28.419146,"events":[{"timestamp":28.419146,"type":"EXECUTE_JOB","data":{"job_id":"4d0a44!59","alloc":"4-11 24-31"}}]}'
Received '{"now":28.449337,"events":[{"timestamp":28.449337,"type":"JOB_COMPLETED","data":{"job_id":"4d0a44!53","job_state":"COMPLETED_SUCCESSFULLY","return_code":0,"kill_reason":"","alloc":"40-43 52-63"}}]}'
Sending '{"now":28.449337,"events":[{"timestamp":28.449337,"type":"EXECUTE_JOB","data":{"job_id":"4d0a44!60","alloc":"40-43 52-63"}}]}'
Received '{"now":30.656740,"events":[{"timestamp":30.656740,"type":"JOB_COMPLETED","data":{"job_id":"4d0a44!56","job_state":"COMPLETED_SUCCESSFULLY","return_code":0,"kill_reason":"","alloc":"0-3 12-23"}}]}'
Sending '{"now":30.65674,"events":[]}'
Received '{"now":32.140775,"events":[{"timestamp":32.140775,"type":"JOB_COMPLETED","data":{"job_id":"4d0a44!60","job_state":"COMPLETED_SUCCESSFULLY","return_code":0,"kill_reason":"","alloc":"40-43 52-63"}}]}'
Sending '{"now":32.140775,"events":[]}'
Received '{"now":34.348306,"events":[{"timestamp":34.348306,"type":"JOB_COMPLETED","data":{"job_id":"4d0a44!57","job_state":"COMPLETED_SUCCESSFULLY","return_code":0,"kill_reason":"","alloc":"32-39 44-51"}}]}'
Sending '{"now":34.348306,"events":[]}'
Received '{"now":35.123977,"events":[{"timestamp":35.123977,"type":"JOB_COMPLETED","data":{"job_id":"4d0a44!59","job_state":"COMPLETED_SUCCESSFULLY","return_code":0,"kill_reason":"","alloc":"4-11 24-31"}},{"timestamp":35.123977,"type":"SIMULATION_ENDS","data":{}}]}'
Sending '{"now":35.123976999999999,"events":[]}'
