make
CMake Error at /usr/share/cmake-3.7/Modules/CMakeDetermineSystem.cmake:168 (file):
  file failed to open for writing (Permission denied):

    /home/koibuchi/simgrid/copyX20141203/MpiEnv/simgrid/Simgrid-git/CMakeFiles/CMakeOutput.log
Call Stack (most recent call first):
  CMakeLists.txt:6 (project)


CMake Error: Could not open file for write in copy operation /home/koibuchi/simgrid/copyX20141203/MpiEnv/simgrid/Simgrid-git/CMakeFiles/3.7.2/CMakeSystem.cmake.tmp
CMake Error: : System Error: No such file or directory
CMake Error at /usr/share/cmake-3.7/Modules/CMakeDetermineSystem.cmake:180 (configure_file):
  configure_file Problem configuring file
Call Stack (most recent call first):
  CMakeLists.txt:6 (project)


CMake Error at /usr/share/cmake-3.7/Modules/CMakeDetermineCompilerId.cmake:131 (file):
  file problem creating directory:
  /home/koibuchi/simgrid/copyX20141203/MpiEnv/simgrid/Simgrid-git/CMakeFiles/3.7.2/CompilerIdC
Call Stack (most recent call first):
  /usr/share/cmake-3.7/Modules/CMakeDetermineCompilerId.cmake:30 (CMAKE_DETERMINE_COMPILER_ID_BUILD)
  /usr/share/cmake-3.7/Modules/CMakeDetermineCCompiler.cmake:112 (CMAKE_DETERMINE_COMPILER_ID)
  CMakeLists.txt:6 (project)


CMake Error at /usr/share/cmake-3.7/Modules/CMakeDetermineCompilerId.cmake:131 (file):
  file problem creating directory:
  /home/koibuchi/simgrid/copyX20141203/MpiEnv/simgrid/Simgrid-git/CMakeFiles/3.7.2/CompilerIdC
Call Stack (most recent call first):
  /usr/share/cmake-3.7/Modules/CMakeDetermineCompilerId.cmake:30 (CMAKE_DETERMINE_COMPILER_ID_BUILD)
  /usr/share/cmake-3.7/Modules/CMakeDetermineCCompiler.cmake:112 (CMAKE_DETERMINE_COMPILER_ID)
  CMakeLists.txt:6 (project)


CMake Error at /usr/share/cmake-3.7/Modules/CMakeDetermineCompilerId.cmake:131 (file):
  file problem creating directory:
  /home/koibuchi/simgrid/copyX20141203/MpiEnv/simgrid/Simgrid-git/CMakeFiles/3.7.2/CompilerIdC
Call Stack (most recent call first):
  /usr/share/cmake-3.7/Modules/CMakeDetermineCompilerId.cmake:30 (CMAKE_DETERMINE_COMPILER_ID_BUILD)
  /usr/share/cmake-3.7/Modules/CMakeDetermineCCompiler.cmake:112 (CMAKE_DETERMINE_COMPILER_ID)
  CMakeLists.txt:6 (project)


CMake Error at /usr/share/cmake-3.7/Modules/CMakeDetermineCompilerId.cmake:131 (file):
  file problem creating directory:
  /home/koibuchi/simgrid/copyX20141203/MpiEnv/simgrid/Simgrid-git/CMakeFiles/3.7.2/CompilerIdC
Call Stack (most recent call first):
  /usr/share/cmake-3.7/Modules/CMakeDetermineCompilerId.cmake:30 (CMAKE_DETERMINE_COMPILER_ID_BUILD)
  /usr/share/cmake-3.7/Modules/CMakeDetermineCCompiler.cmake:112 (CMAKE_DETERMINE_COMPILER_ID)
  CMakeLists.txt:6 (project)


CMake Error at /usr/share/cmake-3.7/Modules/CMakeDetermineCompilerId.cmake:638 (file):
  file failed to open for writing (Permission denied):

    /home/koibuchi/simgrid/copyX20141203/MpiEnv/simgrid/Simgrid-git/CMakeFiles/CMakeError.log
Call Stack (most recent call first):
  /usr/share/cmake-3.7/Modules/CMakeDetermineCompilerId.cmake:45 (CMAKE_DETERMINE_COMPILER_ID_VENDOR)
  /usr/share/cmake-3.7/Modules/CMakeDetermineCCompiler.cmake:112 (CMAKE_DETERMINE_COMPILER_ID)
  CMakeLists.txt:6 (project)


-- The C compiler identification is unknown
CMake Error: Could not open file for write in copy operation /home/koibuchi/simgrid/copyX20141203/MpiEnv/simgrid/Simgrid-git/CMakeFiles/3.7.2/CMakeCCompiler.cmake.tmp
CMake Error: : System Error: No such file or directory
CMake Error at /usr/share/cmake-3.7/Modules/CMakeDetermineCCompiler.cmake:175 (configure_file):
  configure_file Problem configuring file
Call Stack (most recent call first):
  CMakeLists.txt:6 (project)


CMake Error: Could not find cmake module file: /home/koibuchi/simgrid/copyX20141203/MpiEnv/simgrid/Simgrid-git/CMakeFiles/3.7.2/CMakeCCompiler.cmake
-- Check for working C compiler: /usr/bin/gcc
CMake Error at /usr/share/cmake-3.7/Modules/CMakeTestCCompiler.cmake:25 (file):
  file failed to open for writing (Permission denied):

    /home/koibuchi/simgrid/copyX20141203/MpiEnv/simgrid/Simgrid-git/CMakeFiles/CMakeTmp/testCCompiler.c
Call Stack (most recent call first):
  CMakeLists.txt:6 (project)


CMake Error at /usr/share/cmake-3.7/Modules/CMakeTestCCompiler.cmake:37 (try_compile):
  Unknown extension ".c" for file

    /home/koibuchi/simgrid/copyX20141203/MpiEnv/simgrid/Simgrid-git/CMakeFiles/CMakeTmp/testCCompiler.c

  try_compile() works only for enabled languages.  Currently these are:

    C

  See project() command to enable other languages.
Call Stack (most recent call first):
  CMakeLists.txt:6 (project)


-- Check for working C compiler: /usr/bin/gcc -- broken
CMake Error at /usr/share/cmake-3.7/Modules/CMakeTestCCompiler.cmake:48 (file):
  file failed to open for writing (Permission denied):

    /home/koibuchi/simgrid/copyX20141203/MpiEnv/simgrid/Simgrid-git/CMakeFiles/CMakeError.log
Call Stack (most recent call first):
  CMakeLists.txt:6 (project)


CMake Error at /usr/share/cmake-3.7/Modules/CMakeTestCCompiler.cmake:51 (message):
  The C compiler "/usr/bin/gcc" is not able to compile a simple test program.

  It fails with the following output:

   

  

  CMake will not be able to correctly generate this project.
Call Stack (most recent call first):
  CMakeLists.txt:6 (project)


-- Configuring incomplete, errors occurred!
See also "/home/koibuchi/simgrid/copyX20141203/MpiEnv/simgrid/Simgrid-git/CMakeFiles/CMakeOutput.log".
See also "/home/koibuchi/simgrid/copyX20141203/MpiEnv/simgrid/Simgrid-git/CMakeFiles/CMakeError.log".
CMake Error: Cannot open file for write: /home/koibuchi/simgrid/copyX20141203/MpiEnv/simgrid/Simgrid-git/CMakeCache.txt.tmp
CMake Error: : System Error: Permission denied
CMake Error: Unable to open cache file for save. /home/koibuchi/simgrid/copyX20141203/MpiEnv/simgrid/Simgrid-git/CMakeCache.txt
CMake Error: : System Error: Permission denied
Makefile:325: ターゲット 'cmake_check_build_system' のレシピで失敗しました
make: *** [cmake_check_build_system] エラー 1
