/home/huyao/simgrid-template/MpiEnv/config/211003-ipdps/../../../MpiEnv/../MpiEnv/simgrid/inst/bin//smpirun -np 256  --cfg=smpi/privatize_global_variables:yes -platform /home/huyao/simgrid-template/MpiEnv/config/211003-ipdps/platforms/2_n256d4g.xml -hostfile /home/huyao/simgrid-template/MpiEnv/config/211003-ipdps/platforms/2_n256d4g.txt  /tmp/mpienv_bt.B.25620211005-47737-1cxqzkc/bt.B.256  
[0.000000] [xbt_cfg/INFO] Configuration change: Set 'surf/precision' to '1e-9'
[0.000000] [xbt_cfg/INFO] Configuration change: Set 'network/model' to 'SMPI'
[0.000000] [xbt_cfg/INFO] Configuration change: Set 'network/TCP_gamma' to '4194304'
[0.000000] [xbt_cfg/INFO] Configuration change: Set 'smpi/privatize_global_variables' to 'yes'
[0.000000] [xbt_cfg/INFO] Configuration change: Set 'cpu/optim' to 'Lazy'
[0.000000] [xbt_cfg/INFO] Configuration change: Set 'maxmin/precision' to '1e-4'
[0.000000] [xbt_cfg/INFO] Configuration change: Set 'smpi/coll_selector' to 'mvapich2'
[0.000000] [xbt_cfg/INFO] Configuration change: Set 'smpi/cpu_threshold' to '0.00000001'
[0.000000] [xbt_cfg/INFO] Configuration change: Set 'smpi/running_power' to '5000000000000.0'
[0.000000] [xbt_cfg/INFO] Configuration change: Set 'network/optim' to 'Lazy'
[0.000000] [xbt_cfg/INFO] Configuration change: Set 'smpi/display_timing' to '1'
[0.000000] [surf_parse/INFO] The custom configuration 'network/model' is already defined by user!
[0.000000] [surf_config/INFO] Switching workstation model to compound since you changed the network and/or cpu model(s)


 NAS Parallel Benchmarks 3.3 -- BT Benchmark 

 No input file inputbt.data. Using compiled defaults
 Size:  102x 102x 102
 Iterations:  200    dt:   0.0003000
 Number of active processes:   256

 Time step    1
