variant_options = '{"custom_mapping": true}'
Received '{"now":0.000000,"events":[{"timestamp":0.000000,"type":"SIMULATION_BEGINS","data":{"nb_resources":64,"allow_time_sharing":false,"config":{"redis":{"enabled":false,"hostname":"127.0.0.1","port":6379,"prefix":"default"},"job_submission":{"forward_profiles":false,"from_scheduler":{"enabled":false,"acknowledge":true}}},"resources_data":[{"id":0,"name":"node-0.simgrid.org","state":"idle","properties":{}},{"id":1,"name":"node-1.simgrid.org","state":"idle","properties":{}},{"id":2,"name":"node-2.simgrid.org","state":"idle","properties":{}},{"id":3,"name":"node-3.simgrid.org","state":"idle","properties":{}},{"id":4,"name":"node-4.simgrid.org","state":"idle","properties":{}},{"id":5,"name":"node-5.simgrid.org","state":"idle","properties":{}},{"id":6,"name":"node-6.simgrid.org","state":"idle","properties":{}},{"id":7,"name":"node-7.simgrid.org","state":"idle","properties":{}},{"id":8,"name":"node-8.simgrid.org","state":"idle","properties":{}},{"id":9,"name":"node-9.simgrid.org","state":"idle","properties":{}},{"id":10,"name":"node-10.simgrid.org","state":"idle","properties":{}},{"id":11,"name":"node-11.simgrid.org","state":"idle","properties":{}},{"id":12,"name":"node-12.simgrid.org","state":"idle","properties":{}},{"id":13,"name":"node-13.simgrid.org","state":"idle","properties":{}},{"id":14,"name":"node-14.simgrid.org","state":"idle","properties":{}},{"id":15,"name":"node-15.simgrid.org","state":"idle","properties":{}},{"id":16,"name":"node-16.simgrid.org","state":"idle","properties":{}},{"id":17,"name":"node-17.simgrid.org","state":"idle","properties":{}},{"id":18,"name":"node-18.simgrid.org","state":"idle","properties":{}},{"id":19,"name":"node-19.simgrid.org","state":"idle","properties":{}},{"id":20,"name":"node-20.simgrid.org","state":"idle","properties":{}},{"id":21,"name":"node-21.simgrid.org","state":"idle","properties":{}},{"id":22,"name":"node-22.simgrid.org","state":"idle","properties":{}},{"id":23,"name":"node-23.simgrid.org","state":"idle","properties":{}},{"id":24,"name":"node-24.simgrid.org","state":"idle","properties":{}},{"id":25,"name":"node-25.simgrid.org","state":"idle","properties":{}},{"id":26,"name":"node-26.simgrid.org","state":"idle","properties":{}},{"id":27,"name":"node-27.simgrid.org","state":"idle","properties":{}},{"id":28,"name":"node-28.simgrid.org","state":"idle","properties":{}},{"id":29,"name":"node-29.simgrid.org","state":"idle","properties":{}},{"id":30,"name":"node-30.simgrid.org","state":"idle","properties":{}},{"id":31,"name":"node-31.simgrid.org","state":"idle","properties":{}},{"id":32,"name":"node-32.simgrid.org","state":"idle","properties":{}},{"id":33,"name":"node-33.simgrid.org","state":"idle","properties":{}},{"id":34,"name":"node-34.simgrid.org","state":"idle","properties":{}},{"id":35,"name":"node-35.simgrid.org","state":"idle","properties":{}},{"id":36,"name":"node-36.simgrid.org","state":"idle","properties":{}},{"id":37,"name":"node-37.simgrid.org","state":"idle","properties":{}},{"id":38,"name":"node-38.simgrid.org","state":"idle","properties":{}},{"id":39,"name":"node-39.simgrid.org","state":"idle","properties":{}},{"id":40,"name":"node-40.simgrid.org","state":"idle","properties":{}},{"id":41,"name":"node-41.simgrid.org","state":"idle","properties":{}},{"id":42,"name":"node-42.simgrid.org","state":"idle","properties":{}},{"id":43,"name":"node-43.simgrid.org","state":"idle","properties":{}},{"id":44,"name":"node-44.simgrid.org","state":"idle","properties":{}},{"id":45,"name":"node-45.simgrid.org","state":"idle","properties":{}},{"id":46,"name":"node-46.simgrid.org","state":"idle","properties":{}},{"id":47,"name":"node-47.simgrid.org","state":"idle","properties":{}},{"id":48,"name":"node-48.simgrid.org","state":"idle","properties":{}},{"id":49,"name":"node-49.simgrid.org","state":"idle","properties":{}},{"id":50,"name":"node-50.simgrid.org","state":"idle","properties":{}},{"id":51,"name":"node-51.simgrid.org","state":"idle","properties":{}},{"id":52,"name":"node-52.simgrid.org","state":"idle","properties":{}},{"id":53,"name":"node-53.simgrid.org","state":"idle","properties":{}},{"id":54,"name":"node-54.simgrid.org","state":"idle","properties":{}},{"id":55,"name":"node-55.simgrid.org","state":"idle","properties":{}},{"id":56,"name":"node-56.simgrid.org","state":"idle","properties":{}},{"id":57,"name":"node-57.simgrid.org","state":"idle","properties":{}},{"id":58,"name":"node-58.simgrid.org","state":"idle","properties":{}},{"id":59,"name":"node-59.simgrid.org","state":"idle","properties":{}},{"id":60,"name":"node-60.simgrid.org","state":"idle","properties":{}},{"id":61,"name":"node-61.simgrid.org","state":"idle","properties":{}},{"id":62,"name":"node-62.simgrid.org","state":"idle","properties":{}},{"id":63,"name":"node-63.simgrid.org","state":"idle","properties":{}}],"workloads":{"06befe":"/github-simgrid/190311/../batsim-v2.0.0/workload_profiles/npb_80_jobs.json"}}}]}'
Sending '{"now":0.0,"events":[]}'
Received '{"now":0.453990,"events":[{"timestamp":0.453990,"type":"JOB_SUBMITTED","data":{"job_id":"06befe!1","job":{"id":"06befe!1","profile":"FT.S.16","res":16,"subtime":0.446184,"walltime":4200}}}]}'
Sending '{"now":0.45399,"events":[{"timestamp":0.45399,"type":"EXECUTE_JOB","data":{"job_id":"06befe!1","alloc":"0-15"}}]}'
Received '{"now":0.777456,"events":[{"timestamp":0.777456,"type":"JOB_COMPLETED","data":{"job_id":"06befe!1","job_state":"COMPLETED_SUCCESSFULLY","return_code":0,"kill_reason":"","alloc":"0-15"}}]}'
Sending '{"now":0.777456,"events":[]}'
Received '{"now":0.837459,"events":[{"timestamp":0.837459,"type":"JOB_SUBMITTED","data":{"job_id":"06befe!2","job":{"id":"06befe!2","profile":"FT.S.4","res":4,"subtime":0.829653,"walltime":4200}}}]}'
Sending '{"now":0.837459,"events":[{"timestamp":0.837459,"type":"EXECUTE_JOB","data":{"job_id":"06befe!2","alloc":"0-3"}}]}'
Received '{"now":0.916616,"events":[{"timestamp":0.916616,"type":"JOB_SUBMITTED","data":{"job_id":"06befe!3","job":{"id":"06befe!3","profile":"IS.S.16","res":16,"subtime":0.908810,"walltime":4200}}}]}'
Sending '{"now":0.916616,"events":[{"timestamp":0.916616,"type":"EXECUTE_JOB","data":{"job_id":"06befe!3","alloc":"4-19"}}]}'
Received '{"now":1.017862,"events":[{"timestamp":1.017862,"type":"JOB_COMPLETED","data":{"job_id":"06befe!2","job_state":"COMPLETED_SUCCESSFULLY","return_code":0,"kill_reason":"","alloc":"0-3"}}]}'
Sending '{"now":1.017862,"events":[]}'
Received '{"now":1.125467,"events":[{"timestamp":1.125467,"type":"JOB_COMPLETED","data":{"job_id":"06befe!3","job_state":"COMPLETED_SUCCESSFULLY","return_code":0,"kill_reason":"","alloc":"4-19"}}]}'
Sending '{"now":1.125467,"events":[]}'
Received '{"now":1.528250,"events":[{"timestamp":1.528250,"type":"JOB_SUBMITTED","data":{"job_id":"06befe!4","job":{"id":"06befe!4","profile":"MG.S.4","res":4,"subtime":1.520444,"walltime":4200}}}]}'
Sending '{"now":1.52825,"events":[{"timestamp":1.52825,"type":"EXECUTE_JOB","data":{"job_id":"06befe!4","alloc":"0-3"}}]}'
Received '{"now":1.551668,"events":[{"timestamp":1.551668,"type":"JOB_SUBMITTED","data":{"job_id":"06befe!5","job":{"id":"06befe!5","profile":"CG.S.16","res":16,"subtime":1.540899,"walltime":4200}}}]}'
Sending '{"now":1.551668,"events":[{"timestamp":1.551668,"type":"EXECUTE_JOB","data":{"job_id":"06befe!5","alloc":"4-19"}}]}'
Received '{"now":1.715838,"events":[{"timestamp":1.715838,"type":"JOB_SUBMITTED","data":{"job_id":"06befe!6","job":{"id":"06befe!6","profile":"SP.S.4","res":4,"subtime":1.708032,"walltime":4200}}}]}'
Sending '{"now":1.715838,"events":[{"timestamp":1.715838,"type":"EXECUTE_JOB","data":{"job_id":"06befe!6","alloc":"20-23"}}]}'
Received '{"now":1.816851,"events":[{"timestamp":1.816851,"type":"JOB_SUBMITTED","data":{"job_id":"06befe!7","job":{"id":"06befe!7","profile":"LU.S.16","res":16,"subtime":1.809045,"walltime":4200}}}]}'
Sending '{"now":1.816851,"events":[{"timestamp":1.816851,"type":"EXECUTE_JOB","data":{"job_id":"06befe!7","alloc":"24-39"}}]}'
Received '{"now":2.025622,"events":[{"timestamp":2.025622,"type":"JOB_SUBMITTED","data":{"job_id":"06befe!8","job":{"id":"06befe!8","profile":"MG.S.16","res":16,"subtime":2.017816,"walltime":4200}}}]}'
Sending '{"now":2.025622,"events":[{"timestamp":2.025622,"type":"EXECUTE_JOB","data":{"job_id":"06befe!8","alloc":"40-55"}}]}'
Received '{"now":2.056838,"events":[{"timestamp":2.033428,"type":"JOB_SUBMITTED","data":{"job_id":"06befe!9","job":{"id":"06befe!9","profile":"LU.S.16","res":16,"subtime":2.023607,"walltime":4200}}},{"timestamp":2.049032,"type":"JOB_SUBMITTED","data":{"job_id":"06befe!10","job":{"id":"06befe!10","profile":"LU.S.16","res":16,"subtime":2.029625,"walltime":4200}}}]}'
Sending '{"now":2.056838,"events":[]}'
Received '{"now":2.072450,"events":[{"timestamp":2.064644,"type":"JOB_SUBMITTED","data":{"job_id":"06befe!11","job":{"id":"06befe!11","profile":"MG.S.16","res":16,"subtime":2.037358,"walltime":4200}}}]}'
Sending '{"now":2.07245,"events":[]}'
Received '{"now":2.093905,"events":[{"timestamp":2.093905,"type":"JOB_COMPLETED","data":{"job_id":"06befe!4","job_state":"COMPLETED_SUCCESSFULLY","return_code":0,"kill_reason":"","alloc":"0-3"}}]}'
Sending '{"now":2.093905,"events":[]}'
Received '{"now":2.151188,"events":[{"timestamp":2.151188,"type":"JOB_SUBMITTED","data":{"job_id":"06befe!12","job":{"id":"06befe!12","profile":"CG.S.16","res":16,"subtime":2.143382,"walltime":4200}}}]}'
Sending '{"now":2.151188,"events":[]}'
Received '{"now":2.508486,"events":[{"timestamp":2.508486,"type":"JOB_SUBMITTED","data":{"job_id":"06befe!13","job":{"id":"06befe!13","profile":"BT.S.16","res":16,"subtime":2.500680,"walltime":4200}}}]}'
Sending '{"now":2.508486,"events":[]}'
Received '{"now":2.570605,"events":[{"timestamp":2.570605,"type":"JOB_SUBMITTED","data":{"job_id":"06befe!14","job":{"id":"06befe!14","profile":"LU.S.4","res":4,"subtime":2.562799,"walltime":4200}}}]}'
Sending '{"now":2.570605,"events":[{"timestamp":2.570605,"type":"EXECUTE_JOB","data":{"job_id":"06befe!14","alloc":"56-59"}}]}'
Received '{"now":2.674826,"events":[{"timestamp":2.674826,"type":"JOB_SUBMITTED","data":{"job_id":"06befe!15","job":{"id":"06befe!15","profile":"LU.S.4","res":4,"subtime":2.667029,"walltime":4200}}}]}'
Sending '{"now":2.674826,"events":[{"timestamp":2.674826,"type":"EXECUTE_JOB","data":{"job_id":"06befe!15","alloc":"60-63"}}]}'
Received '{"now":2.721462,"events":[{"timestamp":2.721462,"type":"JOB_SUBMITTED","data":{"job_id":"06befe!16","job":{"id":"06befe!16","profile":"CG.S.16","res":16,"subtime":2.713656,"walltime":4200}}}]}'
Sending '{"now":2.721462,"events":[]}'
Received '{"now":2.910865,"events":[{"timestamp":2.910865,"type":"JOB_COMPLETED","data":{"job_id":"06befe!6","job_state":"COMPLETED_SUCCESSFULLY","return_code":0,"kill_reason":"","alloc":"20-23"}}]}'
Sending '{"now":2.910865,"events":[]}'
Received '{"now":3.093018,"events":[{"timestamp":3.093018,"type":"JOB_COMPLETED","data":{"job_id":"06befe!8","job_state":"COMPLETED_SUCCESSFULLY","return_code":0,"kill_reason":"","alloc":"40-55"}}]}'
Sending '{"now":3.093018,"events":[{"timestamp":3.093018,"type":"EXECUTE_JOB","data":{"job_id":"06befe!10","alloc":"40-55"}}]}'
Received '{"now":3.224574,"events":[{"timestamp":3.224574,"type":"JOB_SUBMITTED","data":{"job_id":"06befe!17","job":{"id":"06befe!17","profile":"MG.S.4","res":4,"subtime":3.216768,"walltime":4200}}}]}'
Sending '{"now":3.224574,"events":[{"timestamp":3.224574,"type":"EXECUTE_JOB","data":{"job_id":"06befe!17","alloc":"20-23"}}]}'
Received '{"now":3.587896,"events":[{"timestamp":3.587896,"type":"JOB_SUBMITTED","data":{"job_id":"06befe!18","job":{"id":"06befe!18","profile":"LU.S.16","res":16,"subtime":3.580090,"walltime":4200}}}]}'
Sending '{"now":3.587896,"events":[]}'
Received '{"now":3.613215,"events":[{"timestamp":3.613215,"type":"JOB_SUBMITTED","data":{"job_id":"06befe!19","job":{"id":"06befe!19","profile":"CG.S.16","res":16,"subtime":3.605409,"walltime":4200}}}]}'
Sending '{"now":3.613215,"events":[]}'
Received '{"now":3.706719,"events":[{"timestamp":3.706719,"type":"JOB_SUBMITTED","data":{"job_id":"06befe!20","job":{"id":"06befe!20","profile":"BT.S.4","res":4,"subtime":3.698913,"walltime":4200}}}]}'
Sending '{"now":3.706719,"events":[]}'
Received '{"now":3.784331,"events":[{"timestamp":3.784331,"type":"JOB_COMPLETED","data":{"job_id":"06befe!17","job_state":"COMPLETED_SUCCESSFULLY","return_code":0,"kill_reason":"","alloc":"20-23"}}]}'
Sending '{"now":3.784331,"events":[{"timestamp":3.784331,"type":"EXECUTE_JOB","data":{"job_id":"06befe!20","alloc":"20-23"}}]}'
Received '{"now":3.968474,"events":[{"timestamp":3.968474,"type":"JOB_SUBMITTED","data":{"job_id":"06befe!21","job":{"id":"06befe!21","profile":"MG.S.16","res":16,"subtime":3.960668,"walltime":4200}}}]}'
Sending '{"now":3.968474,"events":[]}'
Received '{"now":3.994817,"events":[{"timestamp":3.994817,"type":"JOB_SUBMITTED","data":{"job_id":"06befe!22","job":{"id":"06befe!22","profile":"BT.S.16","res":16,"subtime":3.987011,"walltime":4200}}}]}'
Sending '{"now":3.994817,"events":[]}'
Received '{"now":4.302910,"events":[{"timestamp":4.302910,"type":"JOB_SUBMITTED","data":{"job_id":"06befe!23","job":{"id":"06befe!23","profile":"LU.S.16","res":16,"subtime":4.295104,"walltime":4200}}}]}'
Sending '{"now":4.30291,"events":[]}'
Received '{"now":4.398541,"events":[{"timestamp":4.398541,"type":"JOB_SUBMITTED","data":{"job_id":"06befe!24","job":{"id":"06befe!24","profile":"LU.S.4","res":4,"subtime":4.390735,"walltime":4200}}}]}'
Sending '{"now":4.398541,"events":[]}'
Received '{"now":4.454802,"events":[{"timestamp":4.454802,"type":"JOB_COMPLETED","data":{"job_id":"06befe!20","job_state":"COMPLETED_SUCCESSFULLY","return_code":0,"kill_reason":"","alloc":"20-23"}}]}'
Sending '{"now":4.454802,"events":[{"timestamp":4.454802,"type":"EXECUTE_JOB","data":{"job_id":"06befe!24","alloc":"20-23"}}]}'
Received '{"now":4.508851,"events":[{"timestamp":4.508851,"type":"JOB_SUBMITTED","data":{"job_id":"06befe!25","job":{"id":"06befe!25","profile":"MG.S.4","res":4,"subtime":4.501045,"walltime":4200}}}]}'
Sending '{"now":4.508851,"events":[]}'
Received '{"now":4.585251,"events":[{"timestamp":4.585251,"type":"JOB_SUBMITTED","data":{"job_id":"06befe!26","job":{"id":"06befe!26","profile":"BT.S.16","res":16,"subtime":4.577453,"walltime":4200}}}]}'
Sending '{"now":4.585251,"events":[]}'
Received '{"now":4.987774,"events":[{"timestamp":4.987774,"type":"JOB_COMPLETED","data":{"job_id":"06befe!14","job_state":"COMPLETED_SUCCESSFULLY","return_code":0,"kill_reason":"","alloc":"56-59"}}]}'
Sending '{"now":4.987774,"events":[{"timestamp":4.987774,"type":"EXECUTE_JOB","data":{"job_id":"06befe!25","alloc":"56-59"}}]}'
Received '{"now":5.020926,"events":[{"timestamp":5.020926,"type":"JOB_SUBMITTED","data":{"job_id":"06befe!27","job":{"id":"06befe!27","profile":"BT.S.16","res":16,"subtime":5.013120,"walltime":4200}}}]}'
Sending '{"now":5.020926,"events":[]}'
Received '{"now":5.092039,"events":[{"timestamp":5.092039,"type":"JOB_COMPLETED","data":{"job_id":"06befe!15","job_state":"COMPLETED_SUCCESSFULLY","return_code":0,"kill_reason":"","alloc":"60-63"}}]}'
Sending '{"now":5.092039,"events":[]}'
Received '{"now":5.139684,"events":[{"timestamp":5.139684,"type":"JOB_COMPLETED","data":{"job_id":"06befe!5","job_state":"COMPLETED_SUCCESSFULLY","return_code":0,"kill_reason":"","alloc":"4-19"}}]}'
Sending '{"now":5.139684,"events":[{"timestamp":5.139684,"type":"EXECUTE_JOB","data":{"job_id":"06befe!9","alloc":"0-15"}}]}'
Received '{"now":5.185964,"events":[{"timestamp":5.185964,"type":"JOB_SUBMITTED","data":{"job_id":"06befe!28","job":{"id":"06befe!28","profile":"CG.S.16","res":16,"subtime":5.178158,"walltime":4200}}}]}'
Sending '{"now":5.185964,"events":[]}'
Received '{"now":5.276191,"events":[{"timestamp":5.276191,"type":"JOB_SUBMITTED","data":{"job_id":"06befe!29","job":{"id":"06befe!29","profile":"LU.S.4","res":4,"subtime":5.268385,"walltime":4200}}}]}'
Sending '{"now":5.276191,"events":[{"timestamp":5.276191,"type":"EXECUTE_JOB","data":{"job_id":"06befe!29","alloc":"16-19"}}]}'
Received '{"now":5.547510,"events":[{"timestamp":5.547510,"type":"JOB_COMPLETED","data":{"job_id":"06befe!25","job_state":"COMPLETED_SUCCESSFULLY","return_code":0,"kill_reason":"","alloc":"56-59"}}]}'
Sending '{"now":5.54751,"events":[]}'
Received '{"now":5.787496,"events":[{"timestamp":5.787496,"type":"JOB_SUBMITTED","data":{"job_id":"06befe!30","job":{"id":"06befe!30","profile":"SP.S.16","res":16,"subtime":5.779690,"walltime":4200}}}]}'
Sending '{"now":5.787496,"events":[]}'
Received '{"now":5.864253,"events":[{"timestamp":5.864253,"type":"JOB_SUBMITTED","data":{"job_id":"06befe!31","job":{"id":"06befe!31","profile":"FT.S.4","res":4,"subtime":5.856447,"walltime":4200}}}]}'
Sending '{"now":5.864253,"events":[{"timestamp":5.864253,"type":"EXECUTE_JOB","data":{"job_id":"06befe!31","alloc":"56-59"}}]}'
Received '{"now":6.043426,"events":[{"timestamp":6.043426,"type":"JOB_COMPLETED","data":{"job_id":"06befe!31","job_state":"COMPLETED_SUCCESSFULLY","return_code":0,"kill_reason":"","alloc":"56-59"}}]}'
Sending '{"now":6.043426,"events":[]}'
Received '{"now":6.268217,"events":[{"timestamp":6.268217,"type":"JOB_SUBMITTED","data":{"job_id":"06befe!32","job":{"id":"06befe!32","profile":"LU.S.16","res":16,"subtime":6.260411,"walltime":4200}}}]}'
Sending '{"now":6.268217,"events":[]}'
Received '{"now":6.872094,"events":[{"timestamp":6.872094,"type":"JOB_COMPLETED","data":{"job_id":"06befe!24","job_state":"COMPLETED_SUCCESSFULLY","return_code":0,"kill_reason":"","alloc":"20-23"}}]}'
Sending '{"now":6.872094,"events":[]}'
Received '{"now":6.935749,"events":[{"timestamp":6.935749,"type":"JOB_SUBMITTED","data":{"job_id":"06befe!33","job":{"id":"06befe!33","profile":"FT.S.16","res":16,"subtime":6.927943,"walltime":4200}}}]}'
Sending '{"now":6.935749,"events":[]}'
Received '{"now":7.091937,"events":[{"timestamp":7.091937,"type":"JOB_SUBMITTED","data":{"job_id":"06befe!34","job":{"id":"06befe!34","profile":"MG.S.4","res":4,"subtime":7.084131,"walltime":4200}}}]}'
Sending '{"now":7.091937,"events":[{"timestamp":7.091937,"type":"EXECUTE_JOB","data":{"job_id":"06befe!34","alloc":"56-59"}}]}'
Received '{"now":7.512700,"events":[{"timestamp":7.512700,"type":"JOB_SUBMITTED","data":{"job_id":"06befe!35","job":{"id":"06befe!35","profile":"LU.S.16","res":16,"subtime":7.504894,"walltime":4200}}}]}'
Sending '{"now":7.5127,"events":[]}'
Received '{"now":7.638836,"events":[{"timestamp":7.638836,"type":"JOB_SUBMITTED","data":{"job_id":"06befe!36","job":{"id":"06befe!36","profile":"IS.S.4","res":4,"subtime":7.631030,"walltime":4200}}}]}'
Sending '{"now":7.638836,"events":[{"timestamp":7.638836,"type":"EXECUTE_JOB","data":{"job_id":"06befe!36","alloc":"60-63"}}]}'
Received '{"now":7.668108,"events":[{"timestamp":7.652496,"type":"JOB_COMPLETED","data":{"job_id":"06befe!34","job_state":"COMPLETED_SUCCESSFULLY","return_code":0,"kill_reason":"","alloc":"56-59"}}]}'
Sending '{"now":7.668108,"events":[]}'
Received '{"now":7.693450,"events":[{"timestamp":7.693450,"type":"JOB_COMPLETED","data":{"job_id":"06befe!29","job_state":"COMPLETED_SUCCESSFULLY","return_code":0,"kill_reason":"","alloc":"16-19"}}]}'
Sending '{"now":7.69345,"events":[]}'
Received '{"now":7.777834,"events":[{"timestamp":7.777834,"type":"JOB_COMPLETED","data":{"job_id":"06befe!36","job_state":"COMPLETED_SUCCESSFULLY","return_code":0,"kill_reason":"","alloc":"60-63"}}]}'
Sending '{"now":7.777834,"events":[]}'
Received '{"now":7.794794,"events":[{"timestamp":7.794794,"type":"JOB_SUBMITTED","data":{"job_id":"06befe!37","job":{"id":"06befe!37","profile":"LU.S.4","res":4,"subtime":7.786988,"walltime":4200}}}]}'
Sending '{"now":7.7947939999999999,"events":[{"timestamp":7.7947939999999999,"type":"EXECUTE_JOB","data":{"job_id":"06befe!37","alloc":"56-59"}}]}'
Received '{"now":7.995843,"events":[{"timestamp":7.995843,"type":"JOB_COMPLETED","data":{"job_id":"06befe!7","job_state":"COMPLETED_SUCCESSFULLY","return_code":0,"kill_reason":"","alloc":"24-39"}}]}'
Sending '{"now":7.995843,"events":[{"timestamp":7.995843,"type":"EXECUTE_JOB","data":{"job_id":"06befe!11","alloc":"16-31"}}]}'
Received '{"now":8.436142,"events":[{"timestamp":8.436142,"type":"JOB_SUBMITTED","data":{"job_id":"06befe!38","job":{"id":"06befe!38","profile":"FT.S.16","res":16,"subtime":8.428336,"walltime":4200}}}]}'
Sending '{"now":8.436142,"events":[]}'
Received '{"now":8.574359,"events":[{"timestamp":8.574359,"type":"JOB_SUBMITTED","data":{"job_id":"06befe!39","job":{"id":"06befe!39","profile":"BT.S.16","res":16,"subtime":8.566553,"walltime":4200}}}]}'
Sending '{"now":8.574359,"events":[]}'
Received '{"now":8.762495,"events":[{"timestamp":8.762495,"type":"JOB_SUBMITTED","data":{"job_id":"06befe!40","job":{"id":"06befe!40","profile":"CG.S.16","res":16,"subtime":8.754689,"walltime":4200}}}]}'
Sending '{"now":8.762495,"events":[]}'
Received '{"now":8.790077,"events":[{"timestamp":8.790077,"type":"JOB_SUBMITTED","data":{"job_id":"06befe!41","job":{"id":"06befe!41","profile":"FT.S.16","res":16,"subtime":8.782271,"walltime":4200}}}]}'
Sending '{"now":8.790077,"events":[]}'
Received '{"now":8.948775,"events":[{"timestamp":8.948775,"type":"JOB_SUBMITTED","data":{"job_id":"06befe!42","job":{"id":"06befe!42","profile":"CG.S.4","res":4,"subtime":8.940969,"walltime":4200}}}]}'
Sending '{"now":8.948775,"events":[{"timestamp":8.948775,"type":"EXECUTE_JOB","data":{"job_id":"06befe!42","alloc":"60-63"}}]}'
Received '{"now":9.055533,"events":[{"timestamp":9.055533,"type":"JOB_COMPLETED","data":{"job_id":"06befe!11","job_state":"COMPLETED_SUCCESSFULLY","return_code":0,"kill_reason":"","alloc":"16-31"}}]}'
Sending '{"now":9.055533,"events":[{"timestamp":9.055533,"type":"EXECUTE_JOB","data":{"job_id":"06befe!12","alloc":"16-31"}}]}'
Received '{"now":9.147142,"events":[{"timestamp":9.147142,"type":"JOB_SUBMITTED","data":{"job_id":"06befe!43","job":{"id":"06befe!43","profile":"FT.S.4","res":4,"subtime":9.139336,"walltime":4200}}}]}'
Sending '{"now":9.147142,"events":[]}'
Received '{"now":9.255079,"events":[{"timestamp":9.255079,"type":"JOB_SUBMITTED","data":{"job_id":"06befe!44","job":{"id":"06befe!44","profile":"SP.S.16","res":16,"subtime":9.247273,"walltime":4200}}}]}'
Sending '{"now":9.255079,"events":[]}'
Received '{"now":9.276546,"events":[{"timestamp":9.276546,"type":"JOB_COMPLETED","data":{"job_id":"06befe!10","job_state":"COMPLETED_SUCCESSFULLY","return_code":0,"kill_reason":"","alloc":"40-55"}}]}'
Sending '{"now":9.276546,"events":[{"timestamp":9.276546,"type":"EXECUTE_JOB","data":{"job_id":"06befe!13","alloc":"32-47"}},{"timestamp":9.276546,"type":"EXECUTE_JOB","data":{"job_id":"06befe!43","alloc":"48-51"}}]}'
Received '{"now":9.463498,"events":[{"timestamp":9.463498,"type":"JOB_COMPLETED","data":{"job_id":"06befe!43","job_state":"COMPLETED_SUCCESSFULLY","return_code":0,"kill_reason":"","alloc":"48-51"}}]}'
Sending '{"now":9.463498,"events":[]}'
Received '{"now":9.488320,"events":[{"timestamp":9.488320,"type":"JOB_SUBMITTED","data":{"job_id":"06befe!45","job":{"id":"06befe!45","profile":"BT.S.16","res":16,"subtime":9.480514,"walltime":4200}}}]}'
Sending '{"now":9.48832,"events":[]}'
Received '{"now":9.715243,"events":[{"timestamp":9.715243,"type":"JOB_SUBMITTED","data":{"job_id":"06befe!46","job":{"id":"06befe!46","profile":"BT.S.4","res":4,"subtime":9.707437,"walltime":4200}}}]}'
Sending '{"now":9.715243,"events":[{"timestamp":9.715243,"type":"EXECUTE_JOB","data":{"job_id":"06befe!46","alloc":"48-51"}}]}'
Received '{"now":9.854709,"events":[{"timestamp":9.854709,"type":"JOB_SUBMITTED","data":{"job_id":"06befe!47","job":{"id":"06befe!47","profile":"LU.S.16","res":16,"subtime":9.846911,"walltime":4200}}}]}'
Sending '{"now":9.854709,"events":[]}'
Received '{"now":10.070771,"events":[{"timestamp":10.070771,"type":"JOB_COMPLETED","data":{"job_id":"06befe!42","job_state":"COMPLETED_SUCCESSFULLY","return_code":0,"kill_reason":"","alloc":"60-63"}}]}'
Sending '{"now":10.070771,"events":[]}'
Received '{"now":10.211999,"events":[{"timestamp":10.211999,"type":"JOB_COMPLETED","data":{"job_id":"06befe!37","job_state":"COMPLETED_SUCCESSFULLY","return_code":0,"kill_reason":"","alloc":"56-59"}}]}'
Sending '{"now":10.211999,"events":[]}'
Received '{"now":10.385534,"events":[{"timestamp":10.385534,"type":"JOB_COMPLETED","data":{"job_id":"06befe!46","job_state":"COMPLETED_SUCCESSFULLY","return_code":0,"kill_reason":"","alloc":"48-51"}}]}'
Sending '{"now":10.385534,"events":[{"timestamp":10.385534,"type":"EXECUTE_JOB","data":{"job_id":"06befe!16","alloc":"48-63"}}]}'
Received '{"now":10.430209,"events":[{"timestamp":10.430209,"type":"JOB_SUBMITTED","data":{"job_id":"06befe!48","job":{"id":"06befe!48","profile":"IS.S.16","res":16,"subtime":10.422403,"walltime":4200}}}]}'
Sending '{"now":10.430209,"events":[]}'
Received '{"now":10.445831,"events":[{"timestamp":10.445831,"type":"JOB_SUBMITTED","data":{"job_id":"06befe!49","job":{"id":"06befe!49","profile":"CG.S.4","res":4,"subtime":10.434943,"walltime":4200}}}]}'
Sending '{"now":10.445831,"events":[]}'
Received '{"now":10.951085,"events":[{"timestamp":10.951085,"type":"JOB_SUBMITTED","data":{"job_id":"06befe!50","job":{"id":"06befe!50","profile":"SP.S.4","res":4,"subtime":10.943279,"walltime":4200}}}]}'
Sending '{"now":10.951085,"events":[]}'
Received '{"now":11.194416,"events":[{"timestamp":11.194416,"type":"JOB_SUBMITTED","data":{"job_id":"06befe!51","job":{"id":"06befe!51","profile":"CG.S.4","res":4,"subtime":11.186610,"walltime":4200}}}]}'
Sending '{"now":11.194416,"events":[]}'
Received '{"now":11.318469,"events":[{"timestamp":11.318469,"type":"JOB_COMPLETED","data":{"job_id":"06befe!9","job_state":"COMPLETED_SUCCESSFULLY","return_code":0,"kill_reason":"","alloc":"0-15"}}]}'
Sending '{"now":11.318469,"events":[{"timestamp":11.318469,"type":"EXECUTE_JOB","data":{"job_id":"06befe!18","alloc":"0-15"}}]}'
Received '{"now":11.582821,"events":[{"timestamp":11.582821,"type":"JOB_SUBMITTED","data":{"job_id":"06befe!52","job":{"id":"06befe!52","profile":"LU.S.4","res":4,"subtime":11.575015,"walltime":4200}}}]}'
Sending '{"now":11.582821,"events":[]}'
Received '{"now":11.669880,"events":[{"timestamp":11.669880,"type":"JOB_SUBMITTED","data":{"job_id":"06befe!53","job":{"id":"06befe!53","profile":"CG.S.16","res":16,"subtime":11.662081,"walltime":4200}}}]}'
Sending '{"now":11.66988,"events":[]}'
Received '{"now":11.736833,"events":[{"timestamp":11.736833,"type":"JOB_SUBMITTED","data":{"job_id":"06befe!54","job":{"id":"06befe!54","profile":"SP.S.4","res":4,"subtime":11.729027,"walltime":4200}}}]}'
Sending '{"now":11.736833,"events":[]}'
Received '{"now":12.085095,"events":[{"timestamp":12.085095,"type":"JOB_SUBMITTED","data":{"job_id":"06befe!55","job":{"id":"06befe!55","profile":"MG.S.4","res":4,"subtime":12.077292,"walltime":4200}}}]}'
Sending '{"now":12.085095,"events":[]}'
Received '{"now":12.443923,"events":[{"timestamp":12.443923,"type":"JOB_COMPLETED","data":{"job_id":"06befe!13","job_state":"COMPLETED_SUCCESSFULLY","return_code":0,"kill_reason":"","alloc":"32-47"}}]}'
Sending '{"now":12.443923,"events":[{"timestamp":12.443923,"type":"EXECUTE_JOB","data":{"job_id":"06befe!19","alloc":"32-47"}}]}'
Received '{"now":12.607060,"events":[{"timestamp":12.607060,"type":"JOB_SUBMITTED","data":{"job_id":"06befe!56","job":{"id":"06befe!56","profile":"MG.S.4","res":4,"subtime":12.599254,"walltime":4200}}}]}'
Sending '{"now":12.60706,"events":[]}'
Received '{"now":12.638265,"events":[{"timestamp":12.638265,"type":"JOB_COMPLETED","data":{"job_id":"06befe!12","job_state":"COMPLETED_SUCCESSFULLY","return_code":0,"kill_reason":"","alloc":"16-31"}}]}'
Sending '{"now":12.638265,"events":[{"timestamp":12.638265,"type":"EXECUTE_JOB","data":{"job_id":"06befe!21","alloc":"16-31"}}]}'
Received '{"now":12.685499,"events":[{"timestamp":12.685499,"type":"JOB_SUBMITTED","data":{"job_id":"06befe!57","job":{"id":"06befe!57","profile":"BT.S.16","res":16,"subtime":12.677693,"walltime":4200}}}]}'
Sending '{"now":12.685499,"events":[]}'
Received '{"now":12.799744,"events":[{"timestamp":12.799744,"type":"JOB_SUBMITTED","data":{"job_id":"06befe!58","job":{"id":"06befe!58","profile":"MG.S.4","res":4,"subtime":12.791938,"walltime":4200}}}]}'
Sending '{"now":12.799744,"events":[]}'
Received '{"now":12.907809,"events":[{"timestamp":12.907809,"type":"JOB_SUBMITTED","data":{"job_id":"06befe!59","job":{"id":"06befe!59","profile":"FT.S.16","res":16,"subtime":12.900003,"walltime":4200}}}]}'
Sending '{"now":12.907809,"events":[]}'
Received '{"now":12.923421,"events":[{"timestamp":12.915615,"type":"JOB_SUBMITTED","data":{"job_id":"06befe!60","job":{"id":"06befe!60","profile":"MG.S.4","res":4,"subtime":12.907035,"walltime":4200}}}]}'
Sending '{"now":12.923421,"events":[]}'
Received '{"now":12.939033,"events":[{"timestamp":12.931227,"type":"JOB_SUBMITTED","data":{"job_id":"06befe!61","job":{"id":"06befe!61","profile":"FT.S.16","res":16,"subtime":12.919058,"walltime":4200}}}]}'
Sending '{"now":12.939033,"events":[]}'
Received '{"now":13.515583,"events":[{"timestamp":13.515583,"type":"JOB_SUBMITTED","data":{"job_id":"06befe!62","job":{"id":"06befe!62","profile":"IS.S.16","res":16,"subtime":13.507777,"walltime":4200}}}]}'
Sending '{"now":13.515583,"events":[]}'
Received '{"now":13.697941,"events":[{"timestamp":13.697941,"type":"JOB_COMPLETED","data":{"job_id":"06befe!21","job_state":"COMPLETED_SUCCESSFULLY","return_code":0,"kill_reason":"","alloc":"16-31"}}]}'
Sending '{"now":13.697941,"events":[{"timestamp":13.697941,"type":"EXECUTE_JOB","data":{"job_id":"06befe!22","alloc":"16-31"}}]}'
Received '{"now":13.748081,"events":[{"timestamp":13.748081,"type":"JOB_SUBMITTED","data":{"job_id":"06befe!63","job":{"id":"06befe!63","profile":"CG.S.16","res":16,"subtime":13.740275,"walltime":4200}}}]}'
Sending '{"now":13.748081,"events":[]}'
Received '{"now":13.885924,"events":[{"timestamp":13.885924,"type":"JOB_SUBMITTED","data":{"job_id":"06befe!64","job":{"id":"06befe!64","profile":"MG.S.16","res":16,"subtime":13.878125,"walltime":4200}}}]}'
Sending '{"now":13.885924,"events":[]}'
Received '{"now":13.968412,"events":[{"timestamp":13.968412,"type":"JOB_COMPLETED","data":{"job_id":"06befe!16","job_state":"COMPLETED_SUCCESSFULLY","return_code":0,"kill_reason":"","alloc":"48-63"}}]}'
Sending '{"now":13.968412,"events":[{"timestamp":13.968412,"type":"EXECUTE_JOB","data":{"job_id":"06befe!23","alloc":"48-63"}}]}'
Received '{"now":14.362106,"events":[{"timestamp":14.362106,"type":"JOB_SUBMITTED","data":{"job_id":"06befe!65","job":{"id":"06befe!65","profile":"SP.S.4","res":4,"subtime":14.354300,"walltime":4200}}}]}'
Sending '{"now":14.362106,"events":[]}'
Received '{"now":14.764698,"events":[{"timestamp":14.764698,"type":"JOB_SUBMITTED","data":{"job_id":"06befe!66","job":{"id":"06befe!66","profile":"LU.S.4","res":4,"subtime":14.756892,"walltime":4200}}}]}'
Sending '{"now":14.764698,"events":[]}'
Received '{"now":14.780866,"events":[{"timestamp":14.780866,"type":"JOB_SUBMITTED","data":{"job_id":"06befe!67","job":{"id":"06befe!67","profile":"SP.S.16","res":16,"subtime":14.773060,"walltime":4200}}}]}'
Sending '{"now":14.780866,"events":[]}'
Received '{"now":14.959513,"events":[{"timestamp":14.959513,"type":"JOB_SUBMITTED","data":{"job_id":"06befe!68","job":{"id":"06befe!68","profile":"SP.S.4","res":4,"subtime":14.951707,"walltime":4200}}}]}'
Sending '{"now":14.959513,"events":[]}'
Received '{"now":15.019430,"events":[{"timestamp":15.019430,"type":"JOB_SUBMITTED","data":{"job_id":"06befe!69","job":{"id":"06befe!69","profile":"FT.S.4","res":4,"subtime":15.011624,"walltime":4200}}}]}'
Sending '{"now":15.01943,"events":[]}'
Received '{"now":15.305557,"events":[{"timestamp":15.305557,"type":"JOB_SUBMITTED","data":{"job_id":"06befe!70","job":{"id":"06befe!70","profile":"SP.S.4","res":4,"subtime":15.297751,"walltime":4200}}}]}'
Sending '{"now":15.305557,"events":[]}'
Received '{"now":15.321169,"events":[{"timestamp":15.313363,"type":"JOB_SUBMITTED","data":{"job_id":"06befe!71","job":{"id":"06befe!71","profile":"IS.S.16","res":16,"subtime":15.299810,"walltime":4200}}}]}'
Sending '{"now":15.321169,"events":[]}'
Received '{"now":15.556206,"events":[{"timestamp":15.556206,"type":"JOB_SUBMITTED","data":{"job_id":"06befe!72","job":{"id":"06befe!72","profile":"LU.S.4","res":4,"subtime":15.548407,"walltime":4200}}}]}'
Sending '{"now":15.556206,"events":[]}'
Received '{"now":15.767060,"events":[{"timestamp":15.767060,"type":"JOB_SUBMITTED","data":{"job_id":"06befe!73","job":{"id":"06befe!73","profile":"MG.S.16","res":16,"subtime":15.759254,"walltime":4200}}}]}'
Sending '{"now":15.76706,"events":[]}'
Received '{"now":15.892831,"events":[{"timestamp":15.892831,"type":"JOB_SUBMITTED","data":{"job_id":"06befe!74","job":{"id":"06befe!74","profile":"LU.S.4","res":4,"subtime":15.885025,"walltime":4200}}}]}'
Sending '{"now":15.892831,"events":[]}'
Received '{"now":15.990775,"events":[{"timestamp":15.990775,"type":"JOB_SUBMITTED","data":{"job_id":"06befe!75","job":{"id":"06befe!75","profile":"IS.S.16","res":16,"subtime":15.982969,"walltime":4200}}}]}'
Sending '{"now":15.990775,"events":[]}'
Received '{"now":16.026662,"events":[{"timestamp":16.026662,"type":"JOB_COMPLETED","data":{"job_id":"06befe!19","job_state":"COMPLETED_SUCCESSFULLY","return_code":0,"kill_reason":"","alloc":"32-47"}}]}'
Sending '{"now":16.026662,"events":[{"timestamp":16.026662,"type":"EXECUTE_JOB","data":{"job_id":"06befe!26","alloc":"32-47"}}]}'
Received '{"now":16.320240,"events":[{"timestamp":16.320240,"type":"JOB_SUBMITTED","data":{"job_id":"06befe!76","job":{"id":"06befe!76","profile":"IS.S.4","res":4,"subtime":16.312434,"walltime":4200}}}]}'
Sending '{"now":16.32024,"events":[]}'
Received '{"now":16.335852,"events":[{"timestamp":16.328046,"type":"JOB_SUBMITTED","data":{"job_id":"06befe!77","job":{"id":"06befe!77","profile":"FT.S.4","res":4,"subtime":16.316839,"walltime":4200}}}]}'
Sending '{"now":16.335852,"events":[]}'
Received '{"now":16.865400,"events":[{"timestamp":16.865400,"type":"JOB_COMPLETED","data":{"job_id":"06befe!22","job_state":"COMPLETED_SUCCESSFULLY","return_code":0,"kill_reason":"","alloc":"16-31"}}]}'
Sending '{"now":16.8654,"events":[{"timestamp":16.8654,"type":"EXECUTE_JOB","data":{"job_id":"06befe!27","alloc":"16-31"}}]}'
Received '{"now":16.993935,"events":[{"timestamp":16.993935,"type":"JOB_SUBMITTED","data":{"job_id":"06befe!78","job":{"id":"06befe!78","profile":"IS.S.4","res":4,"subtime":16.986136,"walltime":4200}}}]}'
Sending '{"now":16.993935,"events":[]}'
Received '{"now":17.184378,"events":[{"timestamp":17.184378,"type":"JOB_SUBMITTED","data":{"job_id":"06befe!79","job":{"id":"06befe!79","profile":"SP.S.16","res":16,"subtime":17.176572,"walltime":4200}}}]}'
Sending '{"now":17.184378,"events":[]}'
Received '{"now":17.254722,"events":[{"timestamp":17.254722,"type":"JOB_SUBMITTED","data":{"job_id":"06befe!80","job":{"id":"06befe!80","profile":"BT.S.16","res":16,"subtime":17.246926,"walltime":4200}}}]}'
Sending '{"now":17.254722,"events":[]}'
Received '{"now":17.496988,"events":[{"timestamp":17.496988,"type":"JOB_COMPLETED","data":{"job_id":"06befe!18","job_state":"COMPLETED_SUCCESSFULLY","return_code":0,"kill_reason":"","alloc":"0-15"}}]}'
Sending '{"now":17.496988,"events":[{"timestamp":17.496988,"type":"EXECUTE_JOB","data":{"job_id":"06befe!28","alloc":"0-15"}}]}'
Received '{"now":19.193994,"events":[{"timestamp":19.193994,"type":"JOB_COMPLETED","data":{"job_id":"06befe!26","job_state":"COMPLETED_SUCCESSFULLY","return_code":0,"kill_reason":"","alloc":"32-47"}}]}'
Sending '{"now":19.193994,"events":[{"timestamp":19.193994,"type":"EXECUTE_JOB","data":{"job_id":"06befe!30","alloc":"32-47"}}]}'
Received '{"now":20.032548,"events":[{"timestamp":20.032548,"type":"JOB_COMPLETED","data":{"job_id":"06befe!27","job_state":"COMPLETED_SUCCESSFULLY","return_code":0,"kill_reason":"","alloc":"16-31"}}]}'
Sending '{"now":20.032548,"events":[{"timestamp":20.032548,"type":"EXECUTE_JOB","data":{"job_id":"06befe!32","alloc":"16-31"}}]}'
Received '{"now":20.145991,"events":[{"timestamp":20.145991,"type":"JOB_COMPLETED","data":{"job_id":"06befe!23","job_state":"COMPLETED_SUCCESSFULLY","return_code":0,"kill_reason":"","alloc":"48-63"}}]}'
Sending '{"now":20.145991,"events":[{"timestamp":20.145991,"type":"EXECUTE_JOB","data":{"job_id":"06befe!33","alloc":"48-63"}}]}'
Received '{"now":20.469153,"events":[{"timestamp":20.469153,"type":"JOB_COMPLETED","data":{"job_id":"06befe!33","job_state":"COMPLETED_SUCCESSFULLY","return_code":0,"kill_reason":"","alloc":"48-63"}}]}'
Sending '{"now":20.469153,"events":[{"timestamp":20.469153,"type":"EXECUTE_JOB","data":{"job_id":"06befe!35","alloc":"48-63"}}]}'
Received '{"now":21.078458,"events":[{"timestamp":21.078458,"type":"JOB_COMPLETED","data":{"job_id":"06befe!28","job_state":"COMPLETED_SUCCESSFULLY","return_code":0,"kill_reason":"","alloc":"0-15"}}]}'
Sending '{"now":21.078458,"events":[{"timestamp":21.078458,"type":"EXECUTE_JOB","data":{"job_id":"06befe!38","alloc":"0-15"}}]}'
Received '{"now":21.401402,"events":[{"timestamp":21.401402,"type":"JOB_COMPLETED","data":{"job_id":"06befe!38","job_state":"COMPLETED_SUCCESSFULLY","return_code":0,"kill_reason":"","alloc":"0-15"}}]}'
Sending '{"now":21.401402,"events":[{"timestamp":21.401402,"type":"EXECUTE_JOB","data":{"job_id":"06befe!39","alloc":"0-15"}}]}'
Received '{"now":24.568896,"events":[{"timestamp":24.568896,"type":"JOB_COMPLETED","data":{"job_id":"06befe!39","job_state":"COMPLETED_SUCCESSFULLY","return_code":0,"kill_reason":"","alloc":"0-15"}}]}'
Sending '{"now":24.568896,"events":[{"timestamp":24.568896,"type":"EXECUTE_JOB","data":{"job_id":"06befe!40","alloc":"0-15"}}]}'
Received '{"now":25.031784,"events":[{"timestamp":25.031784,"type":"JOB_COMPLETED","data":{"job_id":"06befe!30","job_state":"COMPLETED_SUCCESSFULLY","return_code":0,"kill_reason":"","alloc":"32-47"}}]}'
Sending '{"now":25.031784,"events":[{"timestamp":25.031784,"type":"EXECUTE_JOB","data":{"job_id":"06befe!41","alloc":"32-47"}}]}'
Received '{"now":25.355242,"events":[{"timestamp":25.355242,"type":"JOB_COMPLETED","data":{"job_id":"06befe!41","job_state":"COMPLETED_SUCCESSFULLY","return_code":0,"kill_reason":"","alloc":"32-47"}}]}'
Sending '{"now":25.355242,"events":[{"timestamp":25.355242,"type":"EXECUTE_JOB","data":{"job_id":"06befe!44","alloc":"32-47"}}]}'
Received '{"now":26.208702,"events":[{"timestamp":26.208702,"type":"JOB_COMPLETED","data":{"job_id":"06befe!32","job_state":"COMPLETED_SUCCESSFULLY","return_code":0,"kill_reason":"","alloc":"16-31"}}]}'
Sending '{"now":26.208702,"events":[{"timestamp":26.208702,"type":"EXECUTE_JOB","data":{"job_id":"06befe!45","alloc":"16-31"}}]}'
Received '{"now":26.645629,"events":[{"timestamp":26.645629,"type":"JOB_COMPLETED","data":{"job_id":"06befe!35","job_state":"COMPLETED_SUCCESSFULLY","return_code":0,"kill_reason":"","alloc":"48-63"}}]}'
Sending '{"now":26.645629,"events":[{"timestamp":26.645629,"type":"EXECUTE_JOB","data":{"job_id":"06befe!47","alloc":"48-63"}}]}'
Received '{"now":28.149975,"events":[{"timestamp":28.149975,"type":"JOB_COMPLETED","data":{"job_id":"06befe!40","job_state":"COMPLETED_SUCCESSFULLY","return_code":0,"kill_reason":"","alloc":"0-15"}}]}'
Sending '{"now":28.149975,"events":[{"timestamp":28.149975,"type":"EXECUTE_JOB","data":{"job_id":"06befe!48","alloc":"0-15"}}]}'
Received '{"now":28.335133,"events":[{"timestamp":28.335133,"type":"JOB_COMPLETED","data":{"job_id":"06befe!48","job_state":"COMPLETED_SUCCESSFULLY","return_code":0,"kill_reason":"","alloc":"0-15"}}]}'
Sending '{"now":28.335133,"events":[{"timestamp":28.335133,"type":"EXECUTE_JOB","data":{"job_id":"06befe!49","alloc":"0-3"}},{"timestamp":28.335133,"type":"EXECUTE_JOB","data":{"job_id":"06befe!50","alloc":"4-7"}},{"timestamp":28.335133,"type":"EXECUTE_JOB","data":{"job_id":"06befe!51","alloc":"8-11"}},{"timestamp":28.335133,"type":"EXECUTE_JOB","data":{"job_id":"06befe!52","alloc":"12-15"}}]}'
Received '{"now":29.376273,"events":[{"timestamp":29.376273,"type":"JOB_COMPLETED","data":{"job_id":"06befe!45","job_state":"COMPLETED_SUCCESSFULLY","return_code":0,"kill_reason":"","alloc":"16-31"}}]}'
Sending '{"now":29.376273,"events":[{"timestamp":29.376273,"type":"EXECUTE_JOB","data":{"job_id":"06befe!53","alloc":"16-31"}}]}'
Received '{"now":29.456171,"events":[{"timestamp":29.456171,"type":"JOB_COMPLETED","data":{"job_id":"06befe!49","job_state":"COMPLETED_SUCCESSFULLY","return_code":0,"kill_reason":"","alloc":"0-3"}}]}'
Sending '{"now":29.456171,"events":[{"timestamp":29.456171,"type":"EXECUTE_JOB","data":{"job_id":"06befe!54","alloc":"0-3"}}]}'
Received '{"now":29.485434,"events":[{"timestamp":29.477628,"type":"JOB_COMPLETED","data":{"job_id":"06befe!51","job_state":"COMPLETED_SUCCESSFULLY","return_code":0,"kill_reason":"","alloc":"8-11"}}]}'
Sending '{"now":29.485434,"events":[{"timestamp":29.485434,"type":"EXECUTE_JOB","data":{"job_id":"06befe!55","alloc":"8-11"}}]}'
Received '{"now":29.632398,"events":[{"timestamp":29.632398,"type":"JOB_COMPLETED","data":{"job_id":"06befe!50","job_state":"COMPLETED_SUCCESSFULLY","return_code":0,"kill_reason":"","alloc":"4-7"}}]}'
Sending '{"now":29.632398,"events":[{"timestamp":29.632398,"type":"EXECUTE_JOB","data":{"job_id":"06befe!56","alloc":"4-7"}}]}'
Received '{"now":30.044738,"events":[{"timestamp":30.044738,"type":"JOB_COMPLETED","data":{"job_id":"06befe!55","job_state":"COMPLETED_SUCCESSFULLY","return_code":0,"kill_reason":"","alloc":"8-11"}}]}'
Sending '{"now":30.044738,"events":[{"timestamp":30.044738,"type":"EXECUTE_JOB","data":{"job_id":"06befe!58","alloc":"8-11"}}]}'
Received '{"now":30.191725,"events":[{"timestamp":30.191725,"type":"JOB_COMPLETED","data":{"job_id":"06befe!56","job_state":"COMPLETED_SUCCESSFULLY","return_code":0,"kill_reason":"","alloc":"4-7"}}]}'
Sending '{"now":30.191725,"events":[{"timestamp":30.191725,"type":"EXECUTE_JOB","data":{"job_id":"06befe!60","alloc":"4-7"}}]}'
Received '{"now":30.604060,"events":[{"timestamp":30.604060,"type":"JOB_COMPLETED","data":{"job_id":"06befe!58","job_state":"COMPLETED_SUCCESSFULLY","return_code":0,"kill_reason":"","alloc":"8-11"}}]}'
Sending '{"now":30.60406,"events":[{"timestamp":30.60406,"type":"EXECUTE_JOB","data":{"job_id":"06befe!65","alloc":"8-11"}}]}'
Received '{"now":30.723139,"events":[{"timestamp":30.723139,"type":"JOB_COMPLETED","data":{"job_id":"06befe!54","job_state":"COMPLETED_SUCCESSFULLY","return_code":0,"kill_reason":"","alloc":"0-3"}}]}'
Sending '{"now":30.723139,"events":[{"timestamp":30.723139,"type":"EXECUTE_JOB","data":{"job_id":"06befe!66","alloc":"0-3"}}]}'
Received '{"now":30.752408,"events":[{"timestamp":30.752408,"type":"JOB_COMPLETED","data":{"job_id":"06befe!60","job_state":"COMPLETED_SUCCESSFULLY","return_code":0,"kill_reason":"","alloc":"4-7"}}]}'
Sending '{"now":30.752408,"events":[{"timestamp":30.752408,"type":"EXECUTE_JOB","data":{"job_id":"06befe!68","alloc":"4-7"}}]}'
Received '{"now":30.781670,"events":[{"timestamp":30.781670,"type":"JOB_COMPLETED","data":{"job_id":"06befe!52","job_state":"COMPLETED_SUCCESSFULLY","return_code":0,"kill_reason":"","alloc":"12-15"}}]}'
Sending '{"now":30.78167,"events":[{"timestamp":30.78167,"type":"EXECUTE_JOB","data":{"job_id":"06befe!69","alloc":"12-15"}}]}'
Received '{"now":30.960770,"events":[{"timestamp":30.960770,"type":"JOB_COMPLETED","data":{"job_id":"06befe!69","job_state":"COMPLETED_SUCCESSFULLY","return_code":0,"kill_reason":"","alloc":"12-15"}}]}'
Sending '{"now":30.96077,"events":[{"timestamp":30.96077,"type":"EXECUTE_JOB","data":{"job_id":"06befe!70","alloc":"12-15"}}]}'
Received '{"now":31.153117,"events":[{"timestamp":31.153117,"type":"JOB_COMPLETED","data":{"job_id":"06befe!44","job_state":"COMPLETED_SUCCESSFULLY","return_code":0,"kill_reason":"","alloc":"32-47"}}]}'
Sending '{"now":31.153117,"events":[{"timestamp":31.153117,"type":"EXECUTE_JOB","data":{"job_id":"06befe!57","alloc":"32-47"}}]}'
Received '{"now":31.860509,"events":[{"timestamp":31.860509,"type":"JOB_COMPLETED","data":{"job_id":"06befe!65","job_state":"COMPLETED_SUCCESSFULLY","return_code":0,"kill_reason":"","alloc":"8-11"}}]}'
Sending '{"now":31.860509,"events":[{"timestamp":31.860509,"type":"EXECUTE_JOB","data":{"job_id":"06befe!72","alloc":"8-11"}}]}'
Received '{"now":32.006226,"events":[{"timestamp":32.006226,"type":"JOB_COMPLETED","data":{"job_id":"06befe!68","job_state":"COMPLETED_SUCCESSFULLY","return_code":0,"kill_reason":"","alloc":"4-7"}}]}'
Sending '{"now":32.006226,"events":[{"timestamp":32.006226,"type":"EXECUTE_JOB","data":{"job_id":"06befe!74","alloc":"4-7"}}]}'
Received '{"now":32.199332,"events":[{"timestamp":32.199332,"type":"JOB_COMPLETED","data":{"job_id":"06befe!70","job_state":"COMPLETED_SUCCESSFULLY","return_code":0,"kill_reason":"","alloc":"12-15"}}]}'
Sending '{"now":32.199332,"events":[{"timestamp":32.199332,"type":"EXECUTE_JOB","data":{"job_id":"06befe!76","alloc":"12-15"}}]}'
Received '{"now":32.324659,"events":[{"timestamp":32.324659,"type":"JOB_COMPLETED","data":{"job_id":"06befe!76","job_state":"COMPLETED_SUCCESSFULLY","return_code":0,"kill_reason":"","alloc":"12-15"}}]}'
Sending '{"now":32.324659,"events":[{"timestamp":32.324659,"type":"EXECUTE_JOB","data":{"job_id":"06befe!77","alloc":"12-15"}}]}'
Received '{"now":32.503788,"events":[{"timestamp":32.503788,"type":"JOB_COMPLETED","data":{"job_id":"06befe!77","job_state":"COMPLETED_SUCCESSFULLY","return_code":0,"kill_reason":"","alloc":"12-15"}}]}'
Sending '{"now":32.503788,"events":[{"timestamp":32.503788,"type":"EXECUTE_JOB","data":{"job_id":"06befe!78","alloc":"12-15"}}]}'
Received '{"now":32.629087,"events":[{"timestamp":32.629087,"type":"JOB_COMPLETED","data":{"job_id":"06befe!78","job_state":"COMPLETED_SUCCESSFULLY","return_code":0,"kill_reason":"","alloc":"12-15"}}]}'
Sending '{"now":32.629087,"events":[]}'
Received '{"now":32.821807,"events":[{"timestamp":32.821807,"type":"JOB_COMPLETED","data":{"job_id":"06befe!47","job_state":"COMPLETED_SUCCESSFULLY","return_code":0,"kill_reason":"","alloc":"48-63"}}]}'
Sending '{"now":32.821807,"events":[{"timestamp":32.821807,"type":"EXECUTE_JOB","data":{"job_id":"06befe!59","alloc":"48-63"}}]}'
Received '{"now":32.957631,"events":[{"timestamp":32.957631,"type":"JOB_COMPLETED","data":{"job_id":"06befe!53","job_state":"COMPLETED_SUCCESSFULLY","return_code":0,"kill_reason":"","alloc":"16-31"}}]}'
Sending '{"now":32.957631,"events":[{"timestamp":32.957631,"type":"EXECUTE_JOB","data":{"job_id":"06befe!61","alloc":"12-27"}}]}'
Received '{"now":33.139554,"events":[{"timestamp":33.139554,"type":"JOB_COMPLETED","data":{"job_id":"06befe!66","job_state":"COMPLETED_SUCCESSFULLY","return_code":0,"kill_reason":"","alloc":"0-3"}}]}'
Sending '{"now":33.139554,"events":[]}'
Received '{"now":33.161021,"events":[{"timestamp":33.153215,"type":"JOB_COMPLETED","data":{"job_id":"06befe!59","job_state":"COMPLETED_SUCCESSFULLY","return_code":0,"kill_reason":"","alloc":"48-63"}}]}'
Sending '{"now":33.161021,"events":[{"timestamp":33.161021,"type":"EXECUTE_JOB","data":{"job_id":"06befe!62","alloc":"48-63"}}]}'
Received '{"now":33.328205,"events":[{"timestamp":33.328205,"type":"JOB_COMPLETED","data":{"job_id":"06befe!61","job_state":"COMPLETED_SUCCESSFULLY","return_code":0,"kill_reason":"","alloc":"12-27"}}]}'
Sending '{"now":33.328205,"events":[{"timestamp":33.328205,"type":"EXECUTE_JOB","data":{"job_id":"06befe!63","alloc":"12-27"}}]}'
Received '{"now":33.357477,"events":[{"timestamp":33.349679,"type":"JOB_COMPLETED","data":{"job_id":"06befe!62","job_state":"COMPLETED_SUCCESSFULLY","return_code":0,"kill_reason":"","alloc":"48-63"}}]}'
Sending '{"now":33.357477,"events":[{"timestamp":33.357477,"type":"EXECUTE_JOB","data":{"job_id":"06befe!64","alloc":"48-63"}}]}'
Received '{"now":34.277279,"events":[{"timestamp":34.277279,"type":"JOB_COMPLETED","data":{"job_id":"06befe!72","job_state":"COMPLETED_SUCCESSFULLY","return_code":0,"kill_reason":"","alloc":"8-11"}}]}'
Sending '{"now":34.277279,"events":[]}'
Received '{"now":34.320226,"events":[{"timestamp":34.320226,"type":"JOB_COMPLETED","data":{"job_id":"06befe!57","job_state":"COMPLETED_SUCCESSFULLY","return_code":0,"kill_reason":"","alloc":"32-47"}}]}'
Sending '{"now":34.320226,"events":[{"timestamp":34.320226,"type":"EXECUTE_JOB","data":{"job_id":"06befe!67","alloc":"28-43"}}]}'
Received '{"now":34.417023,"events":[{"timestamp":34.417023,"type":"JOB_COMPLETED","data":{"job_id":"06befe!64","job_state":"COMPLETED_SUCCESSFULLY","return_code":0,"kill_reason":"","alloc":"48-63"}}]}'
Sending '{"now":34.417023,"events":[{"timestamp":34.417023,"type":"EXECUTE_JOB","data":{"job_id":"06befe!71","alloc":"44-59"}}]}'
Received '{"now":34.446294,"events":[{"timestamp":34.430683,"type":"JOB_COMPLETED","data":{"job_id":"06befe!74","job_state":"COMPLETED_SUCCESSFULLY","return_code":0,"kill_reason":"","alloc":"4-7"}}]}'
Sending '{"now":34.446294,"events":[]}'
Received '{"now":34.638982,"events":[{"timestamp":34.638982,"type":"JOB_COMPLETED","data":{"job_id":"06befe!71","job_state":"COMPLETED_SUCCESSFULLY","return_code":0,"kill_reason":"","alloc":"44-59"}}]}'
Sending '{"now":34.638982,"events":[{"timestamp":34.638982,"type":"EXECUTE_JOB","data":{"job_id":"06befe!73","alloc":"44-59"}}]}'
Received '{"now":35.870730,"events":[{"timestamp":35.870730,"type":"JOB_COMPLETED","data":{"job_id":"06befe!73","job_state":"COMPLETED_SUCCESSFULLY","return_code":0,"kill_reason":"","alloc":"44-59"}}]}'
Sending '{"now":35.87073,"events":[{"timestamp":35.87073,"type":"EXECUTE_JOB","data":{"job_id":"06befe!75","alloc":"44-59"}}]}'
Received '{"now":36.079062,"events":[{"timestamp":36.079062,"type":"JOB_COMPLETED","data":{"job_id":"06befe!75","job_state":"COMPLETED_SUCCESSFULLY","return_code":0,"kill_reason":"","alloc":"44-59"}}]}'
Sending '{"now":36.079062,"events":[{"timestamp":36.079062,"type":"EXECUTE_JOB","data":{"job_id":"06befe!79","alloc":"44-59"}}]}'
Received '{"now":36.914856,"events":[{"timestamp":36.914856,"type":"JOB_COMPLETED","data":{"job_id":"06befe!63","job_state":"COMPLETED_SUCCESSFULLY","return_code":0,"kill_reason":"","alloc":"12-27"}}]}'
Sending '{"now":36.914856,"events":[{"timestamp":36.914856,"type":"EXECUTE_JOB","data":{"job_id":"06befe!80","alloc":"0-15"}}]}'
Received '{"now":40.082753,"events":[{"timestamp":40.082753,"type":"JOB_COMPLETED","data":{"job_id":"06befe!80","job_state":"COMPLETED_SUCCESSFULLY","return_code":0,"kill_reason":"","alloc":"0-15"}}]}'
Sending '{"now":40.082753,"events":[]}'
Received '{"now":40.956634,"events":[{"timestamp":40.956634,"type":"JOB_COMPLETED","data":{"job_id":"06befe!67","job_state":"COMPLETED_SUCCESSFULLY","return_code":0,"kill_reason":"","alloc":"28-43"}}]}'
Sending '{"now":40.956634,"events":[]}'
Received '{"now":42.701726,"events":[{"timestamp":42.701726,"type":"JOB_COMPLETED","data":{"job_id":"06befe!79","job_state":"COMPLETED_SUCCESSFULLY","return_code":0,"kill_reason":"","alloc":"44-59"}},{"timestamp":42.701726,"type":"SIMULATION_ENDS","data":{}}]}'
Sending '{"now":42.701726,"events":[]}'
