The system is: Linux - 3.2.0-4-amd64 - x86_64
Compiling the C compiler identification source file "CMakeCCompilerId.c" succeeded.
Compiler: /usr/bin/gcc 
Build flags: 
Id flags: 

The output was:
0


Compilation of the C compiler identification source "CMakeCCompilerId.c" produced "a.out"

The C compiler identification is GNU, found in "/home/fabien/copyX/MpiEnv/simgrid/viva/CMakeFiles/CompilerIdC/a.out"

Compiling the CXX compiler identification source file "CMakeCXXCompilerId.cpp" succeeded.
Compiler: /usr/bin/c++ 
Build flags: 
Id flags: 

The output was:
0


Compilation of the CXX compiler identification source "CMakeCXXCompilerId.cpp" produced "a.out"

The CXX compiler identification is GNU, found in "/home/fabien/copyX/MpiEnv/simgrid/viva/CMakeFiles/CompilerIdCXX/a.out"

Determining if the C compiler works passed with the following output:
Change Dir: /home/fabien/copyX/MpiEnv/simgrid/viva/CMakeFiles/CMakeTmp

Run Build Command:/usr/bin/make "cmTryCompileExec92749636/fast"
make: Warning: File `Makefile' has modification time 0.34 s in the future
/usr/bin/make -f CMakeFiles/cmTryCompileExec92749636.dir/build.make CMakeFiles/cmTryCompileExec92749636.dir/build
make[1]: Entering directory `/home/fabien/copyX/MpiEnv/simgrid/viva/CMakeFiles/CMakeTmp'
make[1]: Warning: File `CMakeFiles/cmTryCompileExec92749636.dir/flags.make' has modification time 0.33 s in the future
/usr/bin/cmake -E cmake_progress_report /home/fabien/copyX/MpiEnv/simgrid/viva/CMakeFiles/CMakeTmp/CMakeFiles 1
Building C object CMakeFiles/cmTryCompileExec92749636.dir/testCCompiler.c.o
/usr/bin/gcc    -o CMakeFiles/cmTryCompileExec92749636.dir/testCCompiler.c.o   -c /home/fabien/copyX/MpiEnv/simgrid/viva/CMakeFiles/CMakeTmp/testCCompiler.c
Linking C executable cmTryCompileExec92749636
/usr/bin/cmake -E cmake_link_script CMakeFiles/cmTryCompileExec92749636.dir/link.txt --verbose=1
/usr/bin/gcc         CMakeFiles/cmTryCompileExec92749636.dir/testCCompiler.c.o  -o cmTryCompileExec92749636 -rdynamic 
make[1]: Leaving directory `/home/fabien/copyX/MpiEnv/simgrid/viva/CMakeFiles/CMakeTmp'
make[1]: warning:  Clock skew detected.  Your build may be incomplete.
make: warning:  Clock skew detected.  Your build may be incomplete.


Detecting C compiler ABI info compiled with the following output:
Change Dir: /home/fabien/copyX/MpiEnv/simgrid/viva/CMakeFiles/CMakeTmp

Run Build Command:/usr/bin/make "cmTryCompileExec2223538173/fast"
make: Warning: File `Makefile' has modification time 0.32 s in the future
/usr/bin/make -f CMakeFiles/cmTryCompileExec2223538173.dir/build.make CMakeFiles/cmTryCompileExec2223538173.dir/build
make[1]: Entering directory `/home/fabien/copyX/MpiEnv/simgrid/viva/CMakeFiles/CMakeTmp'
make[1]: Warning: File `CMakeFiles/cmTryCompileExec2223538173.dir/flags.make' has modification time 0.32 s in the future
/usr/bin/cmake -E cmake_progress_report /home/fabien/copyX/MpiEnv/simgrid/viva/CMakeFiles/CMakeTmp/CMakeFiles 1
Building C object CMakeFiles/cmTryCompileExec2223538173.dir/CMakeCCompilerABI.c.o
/usr/bin/gcc    -o CMakeFiles/cmTryCompileExec2223538173.dir/CMakeCCompilerABI.c.o   -c /usr/share/cmake-2.8/Modules/CMakeCCompilerABI.c
Linking C executable cmTryCompileExec2223538173
/usr/bin/cmake -E cmake_link_script CMakeFiles/cmTryCompileExec2223538173.dir/link.txt --verbose=1
/usr/bin/gcc       -v CMakeFiles/cmTryCompileExec2223538173.dir/CMakeCCompilerABI.c.o  -o cmTryCompileExec2223538173 -rdynamic  
Using built-in specs.
COLLECT_GCC=/usr/bin/gcc
COLLECT_LTO_WRAPPER=/usr/lib/gcc/x86_64-linux-gnu/4.7/lto-wrapper
Target: x86_64-linux-gnu
Configured with: ../src/configure -v --with-pkgversion='Debian 4.7.2-5' --with-bugurl=file:///usr/share/doc/gcc-4.7/README.Bugs --enable-languages=c,c++,go,fortran,objc,obj-c++ --prefix=/usr --program-suffix=-4.7 --enable-shared --enable-linker-build-id --with-system-zlib --libexecdir=/usr/lib --without-included-gettext --enable-threads=posix --with-gxx-include-dir=/usr/include/c++/4.7 --libdir=/usr/lib --enable-nls --with-sysroot=/ --enable-clocale=gnu --enable-libstdcxx-debug --enable-libstdcxx-time=yes --enable-gnu-unique-object --enable-plugin --enable-objc-gc --with-arch-32=i586 --with-tune=generic --enable-checking=release --build=x86_64-linux-gnu --host=x86_64-linux-gnu --target=x86_64-linux-gnu
Thread model: posix
gcc version 4.7.2 (Debian 4.7.2-5) 
COMPILER_PATH=/usr/lib/gcc/x86_64-linux-gnu/4.7/:/usr/lib/gcc/x86_64-linux-gnu/4.7/:/usr/lib/gcc/x86_64-linux-gnu/:/usr/lib/gcc/x86_64-linux-gnu/4.7/:/usr/lib/gcc/x86_64-linux-gnu/
LIBRARY_PATH=/usr/lib/gcc/x86_64-linux-gnu/4.7/:/usr/lib/gcc/x86_64-linux-gnu/4.7/../../../x86_64-linux-gnu/:/usr/lib/gcc/x86_64-linux-gnu/4.7/../../../../lib/:/lib/x86_64-linux-gnu/:/lib/../lib/:/usr/lib/x86_64-linux-gnu/:/usr/lib/../lib/:/usr/lib/gcc/x86_64-linux-gnu/4.7/../../../:/lib/:/usr/lib/
COLLECT_GCC_OPTIONS='-v' '-o' 'cmTryCompileExec2223538173' '-rdynamic' '-mtune=generic' '-march=x86-64'
 /usr/lib/gcc/x86_64-linux-gnu/4.7/collect2 --sysroot=/ --build-id --no-add-needed --eh-frame-hdr -m elf_x86_64 --hash-style=both -export-dynamic -dynamic-linker /lib64/ld-linux-x86-64.so.2 -o cmTryCompileExec2223538173 /usr/lib/gcc/x86_64-linux-gnu/4.7/../../../x86_64-linux-gnu/crt1.o /usr/lib/gcc/x86_64-linux-gnu/4.7/../../../x86_64-linux-gnu/crti.o /usr/lib/gcc/x86_64-linux-gnu/4.7/crtbegin.o -L/usr/lib/gcc/x86_64-linux-gnu/4.7 -L/usr/lib/gcc/x86_64-linux-gnu/4.7/../../../x86_64-linux-gnu -L/usr/lib/gcc/x86_64-linux-gnu/4.7/../../../../lib -L/lib/x86_64-linux-gnu -L/lib/../lib -L/usr/lib/x86_64-linux-gnu -L/usr/lib/../lib -L/usr/lib/gcc/x86_64-linux-gnu/4.7/../../.. CMakeFiles/cmTryCompileExec2223538173.dir/CMakeCCompilerABI.c.o -lgcc --as-needed -lgcc_s --no-as-needed -lc -lgcc --as-needed -lgcc_s --no-as-needed /usr/lib/gcc/x86_64-linux-gnu/4.7/crtend.o /usr/lib/gcc/x86_64-linux-gnu/4.7/../../../x86_64-linux-gnu/crtn.o
make[1]: Leaving directory `/home/fabien/copyX/MpiEnv/simgrid/viva/CMakeFiles/CMakeTmp'
make[1]: warning:  Clock skew detected.  Your build may be incomplete.
make: warning:  Clock skew detected.  Your build may be incomplete.


Parsed C implicit link information from above output:
  link line regex: [^( *|.*[/\])(ld|ld|collect2)[^/\]*( |$)]
  ignore line: [Change Dir: /home/fabien/copyX/MpiEnv/simgrid/viva/CMakeFiles/CMakeTmp]
  ignore line: []
  ignore line: [Run Build Command:/usr/bin/make "cmTryCompileExec2223538173/fast"]
  ignore line: [make: Warning: File `Makefile' has modification time 0.32 s in the future]
  ignore line: [/usr/bin/make -f CMakeFiles/cmTryCompileExec2223538173.dir/build.make CMakeFiles/cmTryCompileExec2223538173.dir/build]
  ignore line: [make[1]: Entering directory `/home/fabien/copyX/MpiEnv/simgrid/viva/CMakeFiles/CMakeTmp']
  ignore line: [make[1]: Warning: File `CMakeFiles/cmTryCompileExec2223538173.dir/flags.make' has modification time 0.32 s in the future]
  ignore line: [/usr/bin/cmake -E cmake_progress_report /home/fabien/copyX/MpiEnv/simgrid/viva/CMakeFiles/CMakeTmp/CMakeFiles 1]
  ignore line: [Building C object CMakeFiles/cmTryCompileExec2223538173.dir/CMakeCCompilerABI.c.o]
  ignore line: [/usr/bin/gcc    -o CMakeFiles/cmTryCompileExec2223538173.dir/CMakeCCompilerABI.c.o   -c /usr/share/cmake-2.8/Modules/CMakeCCompilerABI.c]
  ignore line: [Linking C executable cmTryCompileExec2223538173]
  ignore line: [/usr/bin/cmake -E cmake_link_script CMakeFiles/cmTryCompileExec2223538173.dir/link.txt --verbose=1]
  ignore line: [/usr/bin/gcc       -v CMakeFiles/cmTryCompileExec2223538173.dir/CMakeCCompilerABI.c.o  -o cmTryCompileExec2223538173 -rdynamic  ]
  ignore line: [Using built-in specs.]
  ignore line: [COLLECT_GCC=/usr/bin/gcc]
  ignore line: [COLLECT_LTO_WRAPPER=/usr/lib/gcc/x86_64-linux-gnu/4.7/lto-wrapper]
  ignore line: [Target: x86_64-linux-gnu]
  ignore line: [Configured with: ../src/configure -v --with-pkgversion='Debian 4.7.2-5' --with-bugurl=file:///usr/share/doc/gcc-4.7/README.Bugs --enable-languages=c,c++,go,fortran,objc,obj-c++ --prefix=/usr --program-suffix=-4.7 --enable-shared --enable-linker-build-id --with-system-zlib --libexecdir=/usr/lib --without-included-gettext --enable-threads=posix --with-gxx-include-dir=/usr/include/c++/4.7 --libdir=/usr/lib --enable-nls --with-sysroot=/ --enable-clocale=gnu --enable-libstdcxx-debug --enable-libstdcxx-time=yes --enable-gnu-unique-object --enable-plugin --enable-objc-gc --with-arch-32=i586 --with-tune=generic --enable-checking=release --build=x86_64-linux-gnu --host=x86_64-linux-gnu --target=x86_64-linux-gnu]
  ignore line: [Thread model: posix]
  ignore line: [gcc version 4.7.2 (Debian 4.7.2-5) ]
  ignore line: [COMPILER_PATH=/usr/lib/gcc/x86_64-linux-gnu/4.7/:/usr/lib/gcc/x86_64-linux-gnu/4.7/:/usr/lib/gcc/x86_64-linux-gnu/:/usr/lib/gcc/x86_64-linux-gnu/4.7/:/usr/lib/gcc/x86_64-linux-gnu/]
  ignore line: [LIBRARY_PATH=/usr/lib/gcc/x86_64-linux-gnu/4.7/:/usr/lib/gcc/x86_64-linux-gnu/4.7/../../../x86_64-linux-gnu/:/usr/lib/gcc/x86_64-linux-gnu/4.7/../../../../lib/:/lib/x86_64-linux-gnu/:/lib/../lib/:/usr/lib/x86_64-linux-gnu/:/usr/lib/../lib/:/usr/lib/gcc/x86_64-linux-gnu/4.7/../../../:/lib/:/usr/lib/]
  ignore line: [COLLECT_GCC_OPTIONS='-v' '-o' 'cmTryCompileExec2223538173' '-rdynamic' '-mtune=generic' '-march=x86-64']
  link line: [ /usr/lib/gcc/x86_64-linux-gnu/4.7/collect2 --sysroot=/ --build-id --no-add-needed --eh-frame-hdr -m elf_x86_64 --hash-style=both -export-dynamic -dynamic-linker /lib64/ld-linux-x86-64.so.2 -o cmTryCompileExec2223538173 /usr/lib/gcc/x86_64-linux-gnu/4.7/../../../x86_64-linux-gnu/crt1.o /usr/lib/gcc/x86_64-linux-gnu/4.7/../../../x86_64-linux-gnu/crti.o /usr/lib/gcc/x86_64-linux-gnu/4.7/crtbegin.o -L/usr/lib/gcc/x86_64-linux-gnu/4.7 -L/usr/lib/gcc/x86_64-linux-gnu/4.7/../../../x86_64-linux-gnu -L/usr/lib/gcc/x86_64-linux-gnu/4.7/../../../../lib -L/lib/x86_64-linux-gnu -L/lib/../lib -L/usr/lib/x86_64-linux-gnu -L/usr/lib/../lib -L/usr/lib/gcc/x86_64-linux-gnu/4.7/../../.. CMakeFiles/cmTryCompileExec2223538173.dir/CMakeCCompilerABI.c.o -lgcc --as-needed -lgcc_s --no-as-needed -lc -lgcc --as-needed -lgcc_s --no-as-needed /usr/lib/gcc/x86_64-linux-gnu/4.7/crtend.o /usr/lib/gcc/x86_64-linux-gnu/4.7/../../../x86_64-linux-gnu/crtn.o]
    arg [/usr/lib/gcc/x86_64-linux-gnu/4.7/collect2] ==> ignore
    arg [--sysroot=/] ==> ignore
    arg [--build-id] ==> ignore
    arg [--no-add-needed] ==> ignore
    arg [--eh-frame-hdr] ==> ignore
    arg [-m] ==> ignore
    arg [elf_x86_64] ==> ignore
    arg [--hash-style=both] ==> ignore
    arg [-export-dynamic] ==> ignore
    arg [-dynamic-linker] ==> ignore
    arg [/lib64/ld-linux-x86-64.so.2] ==> ignore
    arg [-o] ==> ignore
    arg [cmTryCompileExec2223538173] ==> ignore
    arg [/usr/lib/gcc/x86_64-linux-gnu/4.7/../../../x86_64-linux-gnu/crt1.o] ==> ignore
    arg [/usr/lib/gcc/x86_64-linux-gnu/4.7/../../../x86_64-linux-gnu/crti.o] ==> ignore
    arg [/usr/lib/gcc/x86_64-linux-gnu/4.7/crtbegin.o] ==> ignore
    arg [-L/usr/lib/gcc/x86_64-linux-gnu/4.7] ==> dir [/usr/lib/gcc/x86_64-linux-gnu/4.7]
    arg [-L/usr/lib/gcc/x86_64-linux-gnu/4.7/../../../x86_64-linux-gnu] ==> dir [/usr/lib/gcc/x86_64-linux-gnu/4.7/../../../x86_64-linux-gnu]
    arg [-L/usr/lib/gcc/x86_64-linux-gnu/4.7/../../../../lib] ==> dir [/usr/lib/gcc/x86_64-linux-gnu/4.7/../../../../lib]
    arg [-L/lib/x86_64-linux-gnu] ==> dir [/lib/x86_64-linux-gnu]
    arg [-L/lib/../lib] ==> dir [/lib/../lib]
    arg [-L/usr/lib/x86_64-linux-gnu] ==> dir [/usr/lib/x86_64-linux-gnu]
    arg [-L/usr/lib/../lib] ==> dir [/usr/lib/../lib]
    arg [-L/usr/lib/gcc/x86_64-linux-gnu/4.7/../../..] ==> dir [/usr/lib/gcc/x86_64-linux-gnu/4.7/../../..]
    arg [CMakeFiles/cmTryCompileExec2223538173.dir/CMakeCCompilerABI.c.o] ==> ignore
    arg [-lgcc] ==> lib [gcc]
    arg [--as-needed] ==> ignore
    arg [-lgcc_s] ==> lib [gcc_s]
    arg [--no-as-needed] ==> ignore
    arg [-lc] ==> lib [c]
    arg [-lgcc] ==> lib [gcc]
    arg [--as-needed] ==> ignore
    arg [-lgcc_s] ==> lib [gcc_s]
    arg [--no-as-needed] ==> ignore
    arg [/usr/lib/gcc/x86_64-linux-gnu/4.7/crtend.o] ==> ignore
    arg [/usr/lib/gcc/x86_64-linux-gnu/4.7/../../../x86_64-linux-gnu/crtn.o] ==> ignore
  remove lib [gcc]
  remove lib [gcc_s]
  remove lib [gcc]
  remove lib [gcc_s]
  collapse dir [/usr/lib/gcc/x86_64-linux-gnu/4.7] ==> [/usr/lib/gcc/x86_64-linux-gnu/4.7]
  collapse dir [/usr/lib/gcc/x86_64-linux-gnu/4.7/../../../x86_64-linux-gnu] ==> [/usr/lib/x86_64-linux-gnu]
  collapse dir [/usr/lib/gcc/x86_64-linux-gnu/4.7/../../../../lib] ==> [/usr/lib]
  collapse dir [/lib/x86_64-linux-gnu] ==> [/lib/x86_64-linux-gnu]
  collapse dir [/lib/../lib] ==> [/lib]
  collapse dir [/usr/lib/x86_64-linux-gnu] ==> [/usr/lib/x86_64-linux-gnu]
  collapse dir [/usr/lib/../lib] ==> [/usr/lib]
  collapse dir [/usr/lib/gcc/x86_64-linux-gnu/4.7/../../..] ==> [/usr/lib]
  implicit libs: [c]
  implicit dirs: [/usr/lib/gcc/x86_64-linux-gnu/4.7;/usr/lib/x86_64-linux-gnu;/usr/lib;/lib/x86_64-linux-gnu;/lib]


Determining if the CXX compiler works passed with the following output:
Change Dir: /home/fabien/copyX/MpiEnv/simgrid/viva/CMakeFiles/CMakeTmp

Run Build Command:/usr/bin/make "cmTryCompileExec3871681887/fast"
make: Warning: File `Makefile' has modification time 0.34 s in the future
/usr/bin/make -f CMakeFiles/cmTryCompileExec3871681887.dir/build.make CMakeFiles/cmTryCompileExec3871681887.dir/build
make[1]: Entering directory `/home/fabien/copyX/MpiEnv/simgrid/viva/CMakeFiles/CMakeTmp'
make[1]: Warning: File `CMakeFiles/cmTryCompileExec3871681887.dir/flags.make' has modification time 0.33 s in the future
/usr/bin/cmake -E cmake_progress_report /home/fabien/copyX/MpiEnv/simgrid/viva/CMakeFiles/CMakeTmp/CMakeFiles 1
Building CXX object CMakeFiles/cmTryCompileExec3871681887.dir/testCXXCompiler.cxx.o
/usr/bin/c++     -o CMakeFiles/cmTryCompileExec3871681887.dir/testCXXCompiler.cxx.o -c /home/fabien/copyX/MpiEnv/simgrid/viva/CMakeFiles/CMakeTmp/testCXXCompiler.cxx
Linking CXX executable cmTryCompileExec3871681887
/usr/bin/cmake -E cmake_link_script CMakeFiles/cmTryCompileExec3871681887.dir/link.txt --verbose=1
/usr/bin/c++          CMakeFiles/cmTryCompileExec3871681887.dir/testCXXCompiler.cxx.o  -o cmTryCompileExec3871681887 -rdynamic 
make[1]: Leaving directory `/home/fabien/copyX/MpiEnv/simgrid/viva/CMakeFiles/CMakeTmp'
make[1]: warning:  Clock skew detected.  Your build may be incomplete.
make: warning:  Clock skew detected.  Your build may be incomplete.


Detecting CXX compiler ABI info compiled with the following output:
Change Dir: /home/fabien/copyX/MpiEnv/simgrid/viva/CMakeFiles/CMakeTmp

Run Build Command:/usr/bin/make "cmTryCompileExec1812592879/fast"
make: Warning: File `Makefile' has modification time 0.33 s in the future
/usr/bin/make -f CMakeFiles/cmTryCompileExec1812592879.dir/build.make CMakeFiles/cmTryCompileExec1812592879.dir/build
make[1]: Entering directory `/home/fabien/copyX/MpiEnv/simgrid/viva/CMakeFiles/CMakeTmp'
make[1]: Warning: File `CMakeFiles/cmTryCompileExec1812592879.dir/flags.make' has modification time 0.33 s in the future
/usr/bin/cmake -E cmake_progress_report /home/fabien/copyX/MpiEnv/simgrid/viva/CMakeFiles/CMakeTmp/CMakeFiles 1
Building CXX object CMakeFiles/cmTryCompileExec1812592879.dir/CMakeCXXCompilerABI.cpp.o
/usr/bin/c++     -o CMakeFiles/cmTryCompileExec1812592879.dir/CMakeCXXCompilerABI.cpp.o -c /usr/share/cmake-2.8/Modules/CMakeCXXCompilerABI.cpp
Linking CXX executable cmTryCompileExec1812592879
/usr/bin/cmake -E cmake_link_script CMakeFiles/cmTryCompileExec1812592879.dir/link.txt --verbose=1
/usr/bin/c++        -v CMakeFiles/cmTryCompileExec1812592879.dir/CMakeCXXCompilerABI.cpp.o  -o cmTryCompileExec1812592879 -rdynamic  
Using built-in specs.
COLLECT_GCC=/usr/bin/c++
COLLECT_LTO_WRAPPER=/usr/lib/gcc/x86_64-linux-gnu/4.7/lto-wrapper
Target: x86_64-linux-gnu
Configured with: ../src/configure -v --with-pkgversion='Debian 4.7.2-5' --with-bugurl=file:///usr/share/doc/gcc-4.7/README.Bugs --enable-languages=c,c++,go,fortran,objc,obj-c++ --prefix=/usr --program-suffix=-4.7 --enable-shared --enable-linker-build-id --with-system-zlib --libexecdir=/usr/lib --without-included-gettext --enable-threads=posix --with-gxx-include-dir=/usr/include/c++/4.7 --libdir=/usr/lib --enable-nls --with-sysroot=/ --enable-clocale=gnu --enable-libstdcxx-debug --enable-libstdcxx-time=yes --enable-gnu-unique-object --enable-plugin --enable-objc-gc --with-arch-32=i586 --with-tune=generic --enable-checking=release --build=x86_64-linux-gnu --host=x86_64-linux-gnu --target=x86_64-linux-gnu
Thread model: posix
gcc version 4.7.2 (Debian 4.7.2-5) 
COMPILER_PATH=/usr/lib/gcc/x86_64-linux-gnu/4.7/:/usr/lib/gcc/x86_64-linux-gnu/4.7/:/usr/lib/gcc/x86_64-linux-gnu/:/usr/lib/gcc/x86_64-linux-gnu/4.7/:/usr/lib/gcc/x86_64-linux-gnu/
LIBRARY_PATH=/usr/lib/gcc/x86_64-linux-gnu/4.7/:/usr/lib/gcc/x86_64-linux-gnu/4.7/../../../x86_64-linux-gnu/:/usr/lib/gcc/x86_64-linux-gnu/4.7/../../../../lib/:/lib/x86_64-linux-gnu/:/lib/../lib/:/usr/lib/x86_64-linux-gnu/:/usr/lib/../lib/:/usr/lib/gcc/x86_64-linux-gnu/4.7/../../../:/lib/:/usr/lib/
COLLECT_GCC_OPTIONS='-v' '-o' 'cmTryCompileExec1812592879' '-rdynamic' '-shared-libgcc' '-mtune=generic' '-march=x86-64'
 /usr/lib/gcc/x86_64-linux-gnu/4.7/collect2 --sysroot=/ --build-id --no-add-needed --eh-frame-hdr -m elf_x86_64 --hash-style=both -export-dynamic -dynamic-linker /lib64/ld-linux-x86-64.so.2 -o cmTryCompileExec1812592879 /usr/lib/gcc/x86_64-linux-gnu/4.7/../../../x86_64-linux-gnu/crt1.o /usr/lib/gcc/x86_64-linux-gnu/4.7/../../../x86_64-linux-gnu/crti.o /usr/lib/gcc/x86_64-linux-gnu/4.7/crtbegin.o -L/usr/lib/gcc/x86_64-linux-gnu/4.7 -L/usr/lib/gcc/x86_64-linux-gnu/4.7/../../../x86_64-linux-gnu -L/usr/lib/gcc/x86_64-linux-gnu/4.7/../../../../lib -L/lib/x86_64-linux-gnu -L/lib/../lib -L/usr/lib/x86_64-linux-gnu -L/usr/lib/../lib -L/usr/lib/gcc/x86_64-linux-gnu/4.7/../../.. CMakeFiles/cmTryCompileExec1812592879.dir/CMakeCXXCompilerABI.cpp.o -lstdc++ -lm -lgcc_s -lgcc -lc -lgcc_s -lgcc /usr/lib/gcc/x86_64-linux-gnu/4.7/crtend.o /usr/lib/gcc/x86_64-linux-gnu/4.7/../../../x86_64-linux-gnu/crtn.o
make[1]: Leaving directory `/home/fabien/copyX/MpiEnv/simgrid/viva/CMakeFiles/CMakeTmp'
make[1]: warning:  Clock skew detected.  Your build may be incomplete.
make: warning:  Clock skew detected.  Your build may be incomplete.


Parsed CXX implicit link information from above output:
  link line regex: [^( *|.*[/\])(ld|ld|collect2)[^/\]*( |$)]
  ignore line: [Change Dir: /home/fabien/copyX/MpiEnv/simgrid/viva/CMakeFiles/CMakeTmp]
  ignore line: []
  ignore line: [Run Build Command:/usr/bin/make "cmTryCompileExec1812592879/fast"]
  ignore line: [make: Warning: File `Makefile' has modification time 0.33 s in the future]
  ignore line: [/usr/bin/make -f CMakeFiles/cmTryCompileExec1812592879.dir/build.make CMakeFiles/cmTryCompileExec1812592879.dir/build]
  ignore line: [make[1]: Entering directory `/home/fabien/copyX/MpiEnv/simgrid/viva/CMakeFiles/CMakeTmp']
  ignore line: [make[1]: Warning: File `CMakeFiles/cmTryCompileExec1812592879.dir/flags.make' has modification time 0.33 s in the future]
  ignore line: [/usr/bin/cmake -E cmake_progress_report /home/fabien/copyX/MpiEnv/simgrid/viva/CMakeFiles/CMakeTmp/CMakeFiles 1]
  ignore line: [Building CXX object CMakeFiles/cmTryCompileExec1812592879.dir/CMakeCXXCompilerABI.cpp.o]
  ignore line: [/usr/bin/c++     -o CMakeFiles/cmTryCompileExec1812592879.dir/CMakeCXXCompilerABI.cpp.o -c /usr/share/cmake-2.8/Modules/CMakeCXXCompilerABI.cpp]
  ignore line: [Linking CXX executable cmTryCompileExec1812592879]
  ignore line: [/usr/bin/cmake -E cmake_link_script CMakeFiles/cmTryCompileExec1812592879.dir/link.txt --verbose=1]
  ignore line: [/usr/bin/c++        -v CMakeFiles/cmTryCompileExec1812592879.dir/CMakeCXXCompilerABI.cpp.o  -o cmTryCompileExec1812592879 -rdynamic  ]
  ignore line: [Using built-in specs.]
  ignore line: [COLLECT_GCC=/usr/bin/c++]
  ignore line: [COLLECT_LTO_WRAPPER=/usr/lib/gcc/x86_64-linux-gnu/4.7/lto-wrapper]
  ignore line: [Target: x86_64-linux-gnu]
  ignore line: [Configured with: ../src/configure -v --with-pkgversion='Debian 4.7.2-5' --with-bugurl=file:///usr/share/doc/gcc-4.7/README.Bugs --enable-languages=c,c++,go,fortran,objc,obj-c++ --prefix=/usr --program-suffix=-4.7 --enable-shared --enable-linker-build-id --with-system-zlib --libexecdir=/usr/lib --without-included-gettext --enable-threads=posix --with-gxx-include-dir=/usr/include/c++/4.7 --libdir=/usr/lib --enable-nls --with-sysroot=/ --enable-clocale=gnu --enable-libstdcxx-debug --enable-libstdcxx-time=yes --enable-gnu-unique-object --enable-plugin --enable-objc-gc --with-arch-32=i586 --with-tune=generic --enable-checking=release --build=x86_64-linux-gnu --host=x86_64-linux-gnu --target=x86_64-linux-gnu]
  ignore line: [Thread model: posix]
  ignore line: [gcc version 4.7.2 (Debian 4.7.2-5) ]
  ignore line: [COMPILER_PATH=/usr/lib/gcc/x86_64-linux-gnu/4.7/:/usr/lib/gcc/x86_64-linux-gnu/4.7/:/usr/lib/gcc/x86_64-linux-gnu/:/usr/lib/gcc/x86_64-linux-gnu/4.7/:/usr/lib/gcc/x86_64-linux-gnu/]
  ignore line: [LIBRARY_PATH=/usr/lib/gcc/x86_64-linux-gnu/4.7/:/usr/lib/gcc/x86_64-linux-gnu/4.7/../../../x86_64-linux-gnu/:/usr/lib/gcc/x86_64-linux-gnu/4.7/../../../../lib/:/lib/x86_64-linux-gnu/:/lib/../lib/:/usr/lib/x86_64-linux-gnu/:/usr/lib/../lib/:/usr/lib/gcc/x86_64-linux-gnu/4.7/../../../:/lib/:/usr/lib/]
  ignore line: [COLLECT_GCC_OPTIONS='-v' '-o' 'cmTryCompileExec1812592879' '-rdynamic' '-shared-libgcc' '-mtune=generic' '-march=x86-64']
  link line: [ /usr/lib/gcc/x86_64-linux-gnu/4.7/collect2 --sysroot=/ --build-id --no-add-needed --eh-frame-hdr -m elf_x86_64 --hash-style=both -export-dynamic -dynamic-linker /lib64/ld-linux-x86-64.so.2 -o cmTryCompileExec1812592879 /usr/lib/gcc/x86_64-linux-gnu/4.7/../../../x86_64-linux-gnu/crt1.o /usr/lib/gcc/x86_64-linux-gnu/4.7/../../../x86_64-linux-gnu/crti.o /usr/lib/gcc/x86_64-linux-gnu/4.7/crtbegin.o -L/usr/lib/gcc/x86_64-linux-gnu/4.7 -L/usr/lib/gcc/x86_64-linux-gnu/4.7/../../../x86_64-linux-gnu -L/usr/lib/gcc/x86_64-linux-gnu/4.7/../../../../lib -L/lib/x86_64-linux-gnu -L/lib/../lib -L/usr/lib/x86_64-linux-gnu -L/usr/lib/../lib -L/usr/lib/gcc/x86_64-linux-gnu/4.7/../../.. CMakeFiles/cmTryCompileExec1812592879.dir/CMakeCXXCompilerABI.cpp.o -lstdc++ -lm -lgcc_s -lgcc -lc -lgcc_s -lgcc /usr/lib/gcc/x86_64-linux-gnu/4.7/crtend.o /usr/lib/gcc/x86_64-linux-gnu/4.7/../../../x86_64-linux-gnu/crtn.o]
    arg [/usr/lib/gcc/x86_64-linux-gnu/4.7/collect2] ==> ignore
    arg [--sysroot=/] ==> ignore
    arg [--build-id] ==> ignore
    arg [--no-add-needed] ==> ignore
    arg [--eh-frame-hdr] ==> ignore
    arg [-m] ==> ignore
    arg [elf_x86_64] ==> ignore
    arg [--hash-style=both] ==> ignore
    arg [-export-dynamic] ==> ignore
    arg [-dynamic-linker] ==> ignore
    arg [/lib64/ld-linux-x86-64.so.2] ==> ignore
    arg [-o] ==> ignore
    arg [cmTryCompileExec1812592879] ==> ignore
    arg [/usr/lib/gcc/x86_64-linux-gnu/4.7/../../../x86_64-linux-gnu/crt1.o] ==> ignore
    arg [/usr/lib/gcc/x86_64-linux-gnu/4.7/../../../x86_64-linux-gnu/crti.o] ==> ignore
    arg [/usr/lib/gcc/x86_64-linux-gnu/4.7/crtbegin.o] ==> ignore
    arg [-L/usr/lib/gcc/x86_64-linux-gnu/4.7] ==> dir [/usr/lib/gcc/x86_64-linux-gnu/4.7]
    arg [-L/usr/lib/gcc/x86_64-linux-gnu/4.7/../../../x86_64-linux-gnu] ==> dir [/usr/lib/gcc/x86_64-linux-gnu/4.7/../../../x86_64-linux-gnu]
    arg [-L/usr/lib/gcc/x86_64-linux-gnu/4.7/../../../../lib] ==> dir [/usr/lib/gcc/x86_64-linux-gnu/4.7/../../../../lib]
    arg [-L/lib/x86_64-linux-gnu] ==> dir [/lib/x86_64-linux-gnu]
    arg [-L/lib/../lib] ==> dir [/lib/../lib]
    arg [-L/usr/lib/x86_64-linux-gnu] ==> dir [/usr/lib/x86_64-linux-gnu]
    arg [-L/usr/lib/../lib] ==> dir [/usr/lib/../lib]
    arg [-L/usr/lib/gcc/x86_64-linux-gnu/4.7/../../..] ==> dir [/usr/lib/gcc/x86_64-linux-gnu/4.7/../../..]
    arg [CMakeFiles/cmTryCompileExec1812592879.dir/CMakeCXXCompilerABI.cpp.o] ==> ignore
    arg [-lstdc++] ==> lib [stdc++]
    arg [-lm] ==> lib [m]
    arg [-lgcc_s] ==> lib [gcc_s]
    arg [-lgcc] ==> lib [gcc]
    arg [-lc] ==> lib [c]
    arg [-lgcc_s] ==> lib [gcc_s]
    arg [-lgcc] ==> lib [gcc]
    arg [/usr/lib/gcc/x86_64-linux-gnu/4.7/crtend.o] ==> ignore
    arg [/usr/lib/gcc/x86_64-linux-gnu/4.7/../../../x86_64-linux-gnu/crtn.o] ==> ignore
  remove lib [gcc_s]
  remove lib [gcc]
  remove lib [gcc_s]
  remove lib [gcc]
  collapse dir [/usr/lib/gcc/x86_64-linux-gnu/4.7] ==> [/usr/lib/gcc/x86_64-linux-gnu/4.7]
  collapse dir [/usr/lib/gcc/x86_64-linux-gnu/4.7/../../../x86_64-linux-gnu] ==> [/usr/lib/x86_64-linux-gnu]
  collapse dir [/usr/lib/gcc/x86_64-linux-gnu/4.7/../../../../lib] ==> [/usr/lib]
  collapse dir [/lib/x86_64-linux-gnu] ==> [/lib/x86_64-linux-gnu]
  collapse dir [/lib/../lib] ==> [/lib]
  collapse dir [/usr/lib/x86_64-linux-gnu] ==> [/usr/lib/x86_64-linux-gnu]
  collapse dir [/usr/lib/../lib] ==> [/usr/lib]
  collapse dir [/usr/lib/gcc/x86_64-linux-gnu/4.7/../../..] ==> [/usr/lib]
  implicit libs: [stdc++;m;c]
  implicit dirs: [/usr/lib/gcc/x86_64-linux-gnu/4.7;/usr/lib/x86_64-linux-gnu;/usr/lib;/lib/x86_64-linux-gnu;/lib]


Determining if the Q_WS_X11 exist passed with the following output:
Change Dir: /home/fabien/copyX/MpiEnv/simgrid/viva/CMakeFiles/CMakeTmp

Run Build Command:/usr/bin/make "cmTryCompileExec225217505/fast"
make: Warning: File `Makefile' has modification time 0.34 s in the future
/usr/bin/make -f CMakeFiles/cmTryCompileExec225217505.dir/build.make CMakeFiles/cmTryCompileExec225217505.dir/build
make[1]: Entering directory `/home/fabien/copyX/MpiEnv/simgrid/viva/CMakeFiles/CMakeTmp'
make[1]: Warning: File `CMakeFiles/cmTryCompileExec225217505.dir/flags.make' has modification time 0.33 s in the future
/usr/bin/cmake -E cmake_progress_report /home/fabien/copyX/MpiEnv/simgrid/viva/CMakeFiles/CMakeTmp/CMakeFiles 1
Building CXX object CMakeFiles/cmTryCompileExec225217505.dir/CheckSymbolExists.cxx.o
/usr/bin/c++    -I/usr/include/qt4    -o CMakeFiles/cmTryCompileExec225217505.dir/CheckSymbolExists.cxx.o -c /home/fabien/copyX/MpiEnv/simgrid/viva/CMakeFiles/CMakeTmp/CheckSymbolExists.cxx
Linking CXX executable cmTryCompileExec225217505
/usr/bin/cmake -E cmake_link_script CMakeFiles/cmTryCompileExec225217505.dir/link.txt --verbose=1
/usr/bin/c++          CMakeFiles/cmTryCompileExec225217505.dir/CheckSymbolExists.cxx.o  -o cmTryCompileExec225217505 -rdynamic 
make[1]: Leaving directory `/home/fabien/copyX/MpiEnv/simgrid/viva/CMakeFiles/CMakeTmp'
make[1]: warning:  Clock skew detected.  Your build may be incomplete.
make: warning:  Clock skew detected.  Your build may be incomplete.

File /home/fabien/copyX/MpiEnv/simgrid/viva/CMakeFiles/CMakeTmp/CheckSymbolExists.cxx:
/* */
#include <QtCore/qglobal.h>

int main(int argc, char** argv)
{
  (void)argv;
#ifndef Q_WS_X11
  return ((int*)(&Q_WS_X11))[argc];
#else
  (void)argc;
  return 0;
#endif
}

Determining if the function XOpenDisplay exists in the /usr/lib/x86_64-linux-gnu/libX11.so;/usr/lib/x86_64-linux-gnu/libXext.so passed with the following output:
Change Dir: /home/fabien/copyX/MpiEnv/simgrid/viva/CMakeFiles/CMakeTmp

Run Build Command:/usr/bin/make "cmTryCompileExec3841405271/fast"
make: Warning: File `Makefile' has modification time 0.33 s in the future
/usr/bin/make -f CMakeFiles/cmTryCompileExec3841405271.dir/build.make CMakeFiles/cmTryCompileExec3841405271.dir/build
make[1]: Entering directory `/home/fabien/copyX/MpiEnv/simgrid/viva/CMakeFiles/CMakeTmp'
make[1]: Warning: File `CMakeFiles/cmTryCompileExec3841405271.dir/flags.make' has modification time 0.32 s in the future
/usr/bin/cmake -E cmake_progress_report /home/fabien/copyX/MpiEnv/simgrid/viva/CMakeFiles/CMakeTmp/CMakeFiles 1
Building C object CMakeFiles/cmTryCompileExec3841405271.dir/CheckFunctionExists.c.o
/usr/bin/gcc   -DCHECK_FUNCTION_EXISTS=XOpenDisplay   -o CMakeFiles/cmTryCompileExec3841405271.dir/CheckFunctionExists.c.o   -c /usr/share/cmake-2.8/Modules/CheckFunctionExists.c
Linking C executable cmTryCompileExec3841405271
/usr/bin/cmake -E cmake_link_script CMakeFiles/cmTryCompileExec3841405271.dir/link.txt --verbose=1
/usr/bin/gcc     -DCHECK_FUNCTION_EXISTS=XOpenDisplay    CMakeFiles/cmTryCompileExec3841405271.dir/CheckFunctionExists.c.o  -o cmTryCompileExec3841405271 -rdynamic -lX11 -lXext 
make[1]: Leaving directory `/home/fabien/copyX/MpiEnv/simgrid/viva/CMakeFiles/CMakeTmp'
make[1]: warning:  Clock skew detected.  Your build may be incomplete.
make: warning:  Clock skew detected.  Your build may be incomplete.


Determining if the function gethostbyname exists passed with the following output:
Change Dir: /home/fabien/copyX/MpiEnv/simgrid/viva/CMakeFiles/CMakeTmp

Run Build Command:/usr/bin/make "cmTryCompileExec2661878996/fast"
make: Warning: File `Makefile' has modification time 0.33 s in the future
/usr/bin/make -f CMakeFiles/cmTryCompileExec2661878996.dir/build.make CMakeFiles/cmTryCompileExec2661878996.dir/build
make[1]: Entering directory `/home/fabien/copyX/MpiEnv/simgrid/viva/CMakeFiles/CMakeTmp'
make[1]: Warning: File `CMakeFiles/cmTryCompileExec2661878996.dir/flags.make' has modification time 0.33 s in the future
/usr/bin/cmake -E cmake_progress_report /home/fabien/copyX/MpiEnv/simgrid/viva/CMakeFiles/CMakeTmp/CMakeFiles 1
Building C object CMakeFiles/cmTryCompileExec2661878996.dir/CheckFunctionExists.c.o
/usr/bin/gcc   -DCHECK_FUNCTION_EXISTS=gethostbyname   -o CMakeFiles/cmTryCompileExec2661878996.dir/CheckFunctionExists.c.o   -c /usr/share/cmake-2.8/Modules/CheckFunctionExists.c
Linking C executable cmTryCompileExec2661878996
/usr/bin/cmake -E cmake_link_script CMakeFiles/cmTryCompileExec2661878996.dir/link.txt --verbose=1
/usr/bin/gcc     -DCHECK_FUNCTION_EXISTS=gethostbyname    CMakeFiles/cmTryCompileExec2661878996.dir/CheckFunctionExists.c.o  -o cmTryCompileExec2661878996 -rdynamic 
make[1]: Leaving directory `/home/fabien/copyX/MpiEnv/simgrid/viva/CMakeFiles/CMakeTmp'
make[1]: warning:  Clock skew detected.  Your build may be incomplete.
make: warning:  Clock skew detected.  Your build may be incomplete.


Determining if the function connect exists passed with the following output:
Change Dir: /home/fabien/copyX/MpiEnv/simgrid/viva/CMakeFiles/CMakeTmp

Run Build Command:/usr/bin/make "cmTryCompileExec867245781/fast"
make: Warning: File `Makefile' has modification time 0.32 s in the future
/usr/bin/make -f CMakeFiles/cmTryCompileExec867245781.dir/build.make CMakeFiles/cmTryCompileExec867245781.dir/build
make[1]: Entering directory `/home/fabien/copyX/MpiEnv/simgrid/viva/CMakeFiles/CMakeTmp'
make[1]: Warning: File `CMakeFiles/cmTryCompileExec867245781.dir/flags.make' has modification time 0.31 s in the future
/usr/bin/cmake -E cmake_progress_report /home/fabien/copyX/MpiEnv/simgrid/viva/CMakeFiles/CMakeTmp/CMakeFiles 1
Building C object CMakeFiles/cmTryCompileExec867245781.dir/CheckFunctionExists.c.o
/usr/bin/gcc   -DCHECK_FUNCTION_EXISTS=connect   -o CMakeFiles/cmTryCompileExec867245781.dir/CheckFunctionExists.c.o   -c /usr/share/cmake-2.8/Modules/CheckFunctionExists.c
Linking C executable cmTryCompileExec867245781
/usr/bin/cmake -E cmake_link_script CMakeFiles/cmTryCompileExec867245781.dir/link.txt --verbose=1
/usr/bin/gcc     -DCHECK_FUNCTION_EXISTS=connect    CMakeFiles/cmTryCompileExec867245781.dir/CheckFunctionExists.c.o  -o cmTryCompileExec867245781 -rdynamic 
make[1]: Leaving directory `/home/fabien/copyX/MpiEnv/simgrid/viva/CMakeFiles/CMakeTmp'
make[1]: warning:  Clock skew detected.  Your build may be incomplete.
make: warning:  Clock skew detected.  Your build may be incomplete.


Determining if the function remove exists passed with the following output:
Change Dir: /home/fabien/copyX/MpiEnv/simgrid/viva/CMakeFiles/CMakeTmp

Run Build Command:/usr/bin/make "cmTryCompileExec1393388062/fast"
make: Warning: File `Makefile' has modification time 0.34 s in the future
/usr/bin/make -f CMakeFiles/cmTryCompileExec1393388062.dir/build.make CMakeFiles/cmTryCompileExec1393388062.dir/build
make[1]: Entering directory `/home/fabien/copyX/MpiEnv/simgrid/viva/CMakeFiles/CMakeTmp'
make[1]: Warning: File `CMakeFiles/cmTryCompileExec1393388062.dir/flags.make' has modification time 0.33 s in the future
/usr/bin/cmake -E cmake_progress_report /home/fabien/copyX/MpiEnv/simgrid/viva/CMakeFiles/CMakeTmp/CMakeFiles 1
Building C object CMakeFiles/cmTryCompileExec1393388062.dir/CheckFunctionExists.c.o
/usr/bin/gcc   -DCHECK_FUNCTION_EXISTS=remove   -o CMakeFiles/cmTryCompileExec1393388062.dir/CheckFunctionExists.c.o   -c /usr/share/cmake-2.8/Modules/CheckFunctionExists.c
Linking C executable cmTryCompileExec1393388062
/usr/bin/cmake -E cmake_link_script CMakeFiles/cmTryCompileExec1393388062.dir/link.txt --verbose=1
/usr/bin/gcc     -DCHECK_FUNCTION_EXISTS=remove    CMakeFiles/cmTryCompileExec1393388062.dir/CheckFunctionExists.c.o  -o cmTryCompileExec1393388062 -rdynamic 
make[1]: Leaving directory `/home/fabien/copyX/MpiEnv/simgrid/viva/CMakeFiles/CMakeTmp'
make[1]: warning:  Clock skew detected.  Your build may be incomplete.
make: warning:  Clock skew detected.  Your build may be incomplete.


Determining if the function shmat exists passed with the following output:
Change Dir: /home/fabien/copyX/MpiEnv/simgrid/viva/CMakeFiles/CMakeTmp

Run Build Command:/usr/bin/make "cmTryCompileExec115291019/fast"
make: Warning: File `Makefile' has modification time 0.34 s in the future
/usr/bin/make -f CMakeFiles/cmTryCompileExec115291019.dir/build.make CMakeFiles/cmTryCompileExec115291019.dir/build
make[1]: Entering directory `/home/fabien/copyX/MpiEnv/simgrid/viva/CMakeFiles/CMakeTmp'
make[1]: Warning: File `CMakeFiles/cmTryCompileExec115291019.dir/flags.make' has modification time 0.33 s in the future
/usr/bin/cmake -E cmake_progress_report /home/fabien/copyX/MpiEnv/simgrid/viva/CMakeFiles/CMakeTmp/CMakeFiles 1
Building C object CMakeFiles/cmTryCompileExec115291019.dir/CheckFunctionExists.c.o
/usr/bin/gcc   -DCHECK_FUNCTION_EXISTS=shmat   -o CMakeFiles/cmTryCompileExec115291019.dir/CheckFunctionExists.c.o   -c /usr/share/cmake-2.8/Modules/CheckFunctionExists.c
Linking C executable cmTryCompileExec115291019
/usr/bin/cmake -E cmake_link_script CMakeFiles/cmTryCompileExec115291019.dir/link.txt --verbose=1
/usr/bin/gcc     -DCHECK_FUNCTION_EXISTS=shmat    CMakeFiles/cmTryCompileExec115291019.dir/CheckFunctionExists.c.o  -o cmTryCompileExec115291019 -rdynamic 
make[1]: Leaving directory `/home/fabien/copyX/MpiEnv/simgrid/viva/CMakeFiles/CMakeTmp'
make[1]: warning:  Clock skew detected.  Your build may be incomplete.
make: warning:  Clock skew detected.  Your build may be incomplete.


Determining if the function IceConnectionNumber exists in the ICE passed with the following output:
Change Dir: /home/fabien/copyX/MpiEnv/simgrid/viva/CMakeFiles/CMakeTmp

Run Build Command:/usr/bin/make "cmTryCompileExec2472794492/fast"
make: Warning: File `Makefile' has modification time 0.32 s in the future
/usr/bin/make -f CMakeFiles/cmTryCompileExec2472794492.dir/build.make CMakeFiles/cmTryCompileExec2472794492.dir/build
make[1]: Entering directory `/home/fabien/copyX/MpiEnv/simgrid/viva/CMakeFiles/CMakeTmp'
make[1]: Warning: File `CMakeFiles/cmTryCompileExec2472794492.dir/flags.make' has modification time 0.32 s in the future
/usr/bin/cmake -E cmake_progress_report /home/fabien/copyX/MpiEnv/simgrid/viva/CMakeFiles/CMakeTmp/CMakeFiles 1
Building C object CMakeFiles/cmTryCompileExec2472794492.dir/CheckFunctionExists.c.o
/usr/bin/gcc   -DCHECK_FUNCTION_EXISTS=IceConnectionNumber   -o CMakeFiles/cmTryCompileExec2472794492.dir/CheckFunctionExists.c.o   -c /usr/share/cmake-2.8/Modules/CheckFunctionExists.c
Linking C executable cmTryCompileExec2472794492
/usr/bin/cmake -E cmake_link_script CMakeFiles/cmTryCompileExec2472794492.dir/link.txt --verbose=1
/usr/bin/gcc     -DCHECK_FUNCTION_EXISTS=IceConnectionNumber    CMakeFiles/cmTryCompileExec2472794492.dir/CheckFunctionExists.c.o  -o cmTryCompileExec2472794492 -rdynamic -lICE 
make[1]: Leaving directory `/home/fabien/copyX/MpiEnv/simgrid/viva/CMakeFiles/CMakeTmp'
make[1]: warning:  Clock skew detected.  Your build may be incomplete.
make: warning:  Clock skew detected.  Your build may be incomplete.


