variant_options = '{"custom_mapping": true}'
Received '{"now":0.000000,"events":[{"timestamp":0.000000,"type":"SIMULATION_BEGINS","data":{"nb_resources":64,"allow_time_sharing":false,"config":{"redis":{"enabled":false,"hostname":"127.0.0.1","port":6379,"prefix":"default"},"job_submission":{"forward_profiles":false,"from_scheduler":{"enabled":false,"acknowledge":true}}},"resources_data":[{"id":0,"name":"n1","state":"idle","properties":{}},{"id":1,"name":"n2","state":"idle","properties":{}},{"id":2,"name":"n3","state":"idle","properties":{}},{"id":3,"name":"n4","state":"idle","properties":{}},{"id":4,"name":"n5","state":"idle","properties":{}},{"id":5,"name":"n6","state":"idle","properties":{}},{"id":6,"name":"n7","state":"idle","properties":{}},{"id":7,"name":"n8","state":"idle","properties":{}},{"id":8,"name":"n9","state":"idle","properties":{}},{"id":9,"name":"n10","state":"idle","properties":{}},{"id":10,"name":"n11","state":"idle","properties":{}},{"id":11,"name":"n12","state":"idle","properties":{}},{"id":12,"name":"n13","state":"idle","properties":{}},{"id":13,"name":"n14","state":"idle","properties":{}},{"id":14,"name":"n15","state":"idle","properties":{}},{"id":15,"name":"n16","state":"idle","properties":{}},{"id":16,"name":"n17","state":"idle","properties":{}},{"id":17,"name":"n18","state":"idle","properties":{}},{"id":18,"name":"n19","state":"idle","properties":{}},{"id":19,"name":"n20","state":"idle","properties":{}},{"id":20,"name":"n21","state":"idle","properties":{}},{"id":21,"name":"n22","state":"idle","properties":{}},{"id":22,"name":"n23","state":"idle","properties":{}},{"id":23,"name":"n24","state":"idle","properties":{}},{"id":24,"name":"n25","state":"idle","properties":{}},{"id":25,"name":"n26","state":"idle","properties":{}},{"id":26,"name":"n27","state":"idle","properties":{}},{"id":27,"name":"n28","state":"idle","properties":{}},{"id":28,"name":"n29","state":"idle","properties":{}},{"id":29,"name":"n30","state":"idle","properties":{}},{"id":30,"name":"n31","state":"idle","properties":{}},{"id":31,"name":"n32","state":"idle","properties":{}},{"id":32,"name":"n33","state":"idle","properties":{}},{"id":33,"name":"n34","state":"idle","properties":{}},{"id":34,"name":"n35","state":"idle","properties":{}},{"id":35,"name":"n36","state":"idle","properties":{}},{"id":36,"name":"n37","state":"idle","properties":{}},{"id":37,"name":"n38","state":"idle","properties":{}},{"id":38,"name":"n39","state":"idle","properties":{}},{"id":39,"name":"n40","state":"idle","properties":{}},{"id":40,"name":"n41","state":"idle","properties":{}},{"id":41,"name":"n42","state":"idle","properties":{}},{"id":42,"name":"n43","state":"idle","properties":{}},{"id":43,"name":"n44","state":"idle","properties":{}},{"id":44,"name":"n45","state":"idle","properties":{}},{"id":45,"name":"n46","state":"idle","properties":{}},{"id":46,"name":"n47","state":"idle","properties":{}},{"id":47,"name":"n48","state":"idle","properties":{}},{"id":48,"name":"n49","state":"idle","properties":{}},{"id":49,"name":"n50","state":"idle","properties":{}},{"id":50,"name":"n51","state":"idle","properties":{}},{"id":51,"name":"n52","state":"idle","properties":{}},{"id":52,"name":"n53","state":"idle","properties":{}},{"id":53,"name":"n54","state":"idle","properties":{}},{"id":54,"name":"n55","state":"idle","properties":{}},{"id":55,"name":"n56","state":"idle","properties":{}},{"id":56,"name":"n57","state":"idle","properties":{}},{"id":57,"name":"n58","state":"idle","properties":{}},{"id":58,"name":"n59","state":"idle","properties":{}},{"id":59,"name":"n60","state":"idle","properties":{}},{"id":60,"name":"n61","state":"idle","properties":{}},{"id":61,"name":"n62","state":"idle","properties":{}},{"id":62,"name":"n63","state":"idle","properties":{}},{"id":63,"name":"n64","state":"idle","properties":{}}],"workloads":{"db3eff":"/github-simgrid/190311/../batsim-v2.0.0/workload_profiles/npb_100_jobs.json"}}}]}'
Sending '{"now":0.0,"events":[]}'
Received '{"now":0.893006,"events":[{"timestamp":0.893006,"type":"JOB_SUBMITTED","data":{"job_id":"db3eff!1","job":{"id":"db3eff!1","profile":"IS.S.4","res":4,"subtime":0.892976,"walltime":4200}}}]}'
Sending '{"now":0.893006,"events":[{"timestamp":0.893006,"type":"EXECUTE_JOB","data":{"job_id":"db3eff!1","alloc":"0-3"}}]}'
Received '{"now":0.972523,"events":[{"timestamp":0.972523,"type":"JOB_COMPLETED","data":{"job_id":"db3eff!1","job_state":"COMPLETED_SUCCESSFULLY","return_code":0,"kill_reason":"","alloc":"0-3"}}]}'
Sending '{"now":0.972523,"events":[]}'
Received '{"now":1.194127,"events":[{"timestamp":1.194127,"type":"JOB_SUBMITTED","data":{"job_id":"db3eff!2","job":{"id":"db3eff!2","profile":"BT.S.4","res":4,"subtime":1.194096,"walltime":4200}}}]}'
Sending '{"now":1.194127,"events":[{"timestamp":1.194127,"type":"EXECUTE_JOB","data":{"job_id":"db3eff!2","alloc":"0-3"}}]}'
Received '{"now":1.406602,"events":[{"timestamp":1.406602,"type":"JOB_COMPLETED","data":{"job_id":"db3eff!2","job_state":"COMPLETED_SUCCESSFULLY","return_code":0,"kill_reason":"","alloc":"0-3"}}]}'
Sending '{"now":1.406602,"events":[]}'
Received '{"now":1.436087,"events":[{"timestamp":1.436087,"type":"JOB_SUBMITTED","data":{"job_id":"db3eff!3","job":{"id":"db3eff!3","profile":"FT.S.16","res":16,"subtime":1.436057,"walltime":4200}}}]}'
Sending '{"now":1.436087,"events":[{"timestamp":1.436087,"type":"EXECUTE_JOB","data":{"job_id":"db3eff!3","alloc":"0-15"}}]}'
Received '{"now":1.449568,"events":[{"timestamp":1.449568,"type":"JOB_SUBMITTED","data":{"job_id":"db3eff!4","job":{"id":"db3eff!4","profile":"SP.S.16","res":16,"subtime":1.449538,"walltime":4200}}}]}'
Sending '{"now":1.449568,"events":[{"timestamp":1.449568,"type":"EXECUTE_JOB","data":{"job_id":"db3eff!4","alloc":"16-31"}}]}'
Received '{"now":1.522679,"events":[{"timestamp":1.522679,"type":"JOB_SUBMITTED","data":{"job_id":"db3eff!5","job":{"id":"db3eff!5","profile":"SP.S.16","res":16,"subtime":1.522654,"walltime":4200}}}]}'
Sending '{"now":1.522679,"events":[{"timestamp":1.522679,"type":"EXECUTE_JOB","data":{"job_id":"db3eff!5","alloc":"32-47"}}]}'
Received '{"now":1.876707,"events":[{"timestamp":1.876707,"type":"JOB_SUBMITTED","data":{"job_id":"db3eff!6","job":{"id":"db3eff!6","profile":"MG.S.16","res":16,"subtime":1.876677,"walltime":4200}}}]}'
Sending '{"now":1.876707,"events":[{"timestamp":1.876707,"type":"EXECUTE_JOB","data":{"job_id":"db3eff!6","alloc":"48-63"}}]}'
Received '{"now":1.884816,"events":[{"timestamp":1.884816,"type":"JOB_COMPLETED","data":{"job_id":"db3eff!3","job_state":"COMPLETED_SUCCESSFULLY","return_code":0,"kill_reason":"","alloc":"0-15"}}]}'
Sending '{"now":1.884816,"events":[]}'
Received '{"now":1.891488,"events":[{"timestamp":1.891488,"type":"JOB_SUBMITTED","data":{"job_id":"db3eff!7","job":{"id":"db3eff!7","profile":"CG.S.4","res":4,"subtime":1.891457,"walltime":4200}}}]}'
Sending '{"now":1.891488,"events":[{"timestamp":1.891488,"type":"EXECUTE_JOB","data":{"job_id":"db3eff!7","alloc":"0-3"}}]}'
Received '{"now":2.063937,"events":[{"timestamp":2.063937,"type":"JOB_SUBMITTED","data":{"job_id":"db3eff!8","job":{"id":"db3eff!8","profile":"MG.S.4","res":4,"subtime":2.063913,"walltime":4200}}}]}'
Sending '{"now":2.063937,"events":[{"timestamp":2.063937,"type":"EXECUTE_JOB","data":{"job_id":"db3eff!8","alloc":"4-7"}}]}'
Received '{"now":2.088013,"events":[{"timestamp":2.088013,"type":"JOB_SUBMITTED","data":{"job_id":"db3eff!9","job":{"id":"db3eff!9","profile":"IS.S.16","res":16,"subtime":2.087987,"walltime":4200}}}]}'
Sending '{"now":2.088013,"events":[]}'
Received '{"now":2.300042,"events":[{"timestamp":2.300042,"type":"JOB_SUBMITTED","data":{"job_id":"db3eff!10","job":{"id":"db3eff!10","profile":"FT.S.16","res":16,"subtime":2.300012,"walltime":4200}}}]}'
Sending '{"now":2.300042,"events":[]}'
Received '{"now":2.432850,"events":[{"timestamp":2.432850,"type":"JOB_COMPLETED","data":{"job_id":"db3eff!8","job_state":"COMPLETED_SUCCESSFULLY","return_code":0,"kill_reason":"","alloc":"4-7"}}]}'
Sending '{"now":2.43285,"events":[]}'
Received '{"now":2.457213,"events":[{"timestamp":2.457213,"type":"JOB_COMPLETED","data":{"job_id":"db3eff!6","job_state":"COMPLETED_SUCCESSFULLY","return_code":0,"kill_reason":"","alloc":"48-63"}}]}'
Sending '{"now":2.457213,"events":[{"timestamp":2.457213,"type":"EXECUTE_JOB","data":{"job_id":"db3eff!9","alloc":"48-63"}}]}'
Received '{"now":2.537371,"events":[{"timestamp":2.537371,"type":"JOB_SUBMITTED","data":{"job_id":"db3eff!11","job":{"id":"db3eff!11","profile":"BT.S.16","res":16,"subtime":2.537341,"walltime":4200}}}]}'
Sending '{"now":2.537371,"events":[]}'
Received '{"now":2.580449,"events":[{"timestamp":2.580449,"type":"JOB_COMPLETED","data":{"job_id":"db3eff!9","job_state":"COMPLETED_SUCCESSFULLY","return_code":0,"kill_reason":"","alloc":"48-63"}}]}'
Sending '{"now":2.580449,"events":[{"timestamp":2.580449,"type":"EXECUTE_JOB","data":{"job_id":"db3eff!10","alloc":"48-63"}}]}'
Received '{"now":2.646745,"events":[{"timestamp":2.646745,"type":"JOB_COMPLETED","data":{"job_id":"db3eff!7","job_state":"COMPLETED_SUCCESSFULLY","return_code":0,"kill_reason":"","alloc":"0-3"}}]}'
Sending '{"now":2.646745,"events":[{"timestamp":2.646745,"type":"EXECUTE_JOB","data":{"job_id":"db3eff!11","alloc":"0-15"}}]}'
Received '{"now":2.752219,"events":[{"timestamp":2.752219,"type":"JOB_SUBMITTED","data":{"job_id":"db3eff!12","job":{"id":"db3eff!12","profile":"SP.S.16","res":16,"subtime":2.752196,"walltime":4200}}}]}'
Sending '{"now":2.752219,"events":[]}'
Received '{"now":2.830909,"events":[{"timestamp":2.830909,"type":"JOB_COMPLETED","data":{"job_id":"db3eff!4","job_state":"COMPLETED_SUCCESSFULLY","return_code":0,"kill_reason":"","alloc":"16-31"}}]}'
Sending '{"now":2.830909,"events":[{"timestamp":2.830909,"type":"EXECUTE_JOB","data":{"job_id":"db3eff!12","alloc":"16-31"}}]}'
Received '{"now":2.922902,"events":[{"timestamp":2.922902,"type":"JOB_COMPLETED","data":{"job_id":"db3eff!5","job_state":"COMPLETED_SUCCESSFULLY","return_code":0,"kill_reason":"","alloc":"32-47"}}]}'
Sending '{"now":2.922902,"events":[]}'
Received '{"now":2.931690,"events":[{"timestamp":2.931690,"type":"JOB_SUBMITTED","data":{"job_id":"db3eff!13","job":{"id":"db3eff!13","profile":"CG.S.16","res":16,"subtime":2.931663,"walltime":4200}}}]}'
Sending '{"now":2.93169,"events":[{"timestamp":2.93169,"type":"EXECUTE_JOB","data":{"job_id":"db3eff!13","alloc":"32-47"}}]}'
Received '{"now":3.119127,"events":[{"timestamp":3.119127,"type":"JOB_SUBMITTED","data":{"job_id":"db3eff!14","job":{"id":"db3eff!14","profile":"FT.S.4","res":4,"subtime":3.119096,"walltime":4200}}}]}'
Sending '{"now":3.119127,"events":[]}'
Received '{"now":3.218916,"events":[{"timestamp":3.218916,"type":"JOB_COMPLETED","data":{"job_id":"db3eff!10","job_state":"COMPLETED_SUCCESSFULLY","return_code":0,"kill_reason":"","alloc":"48-63"}}]}'
Sending '{"now":3.218916,"events":[{"timestamp":3.218916,"type":"EXECUTE_JOB","data":{"job_id":"db3eff!14","alloc":"48-51"}}]}'
Received '{"now":3.332959,"events":[{"timestamp":3.332959,"type":"JOB_SUBMITTED","data":{"job_id":"db3eff!15","job":{"id":"db3eff!15","profile":"CG.S.16","res":16,"subtime":3.332929,"walltime":4200}}}]}'
Sending '{"now":3.332959,"events":[]}'
Received '{"now":3.514349,"events":[{"timestamp":3.514349,"type":"JOB_SUBMITTED","data":{"job_id":"db3eff!16","job":{"id":"db3eff!16","profile":"SP.S.16","res":16,"subtime":3.514318,"walltime":4200}}}]}'
Sending '{"now":3.514349,"events":[]}'
Received '{"now":3.573775,"events":[{"timestamp":3.573775,"type":"JOB_SUBMITTED","data":{"job_id":"db3eff!17","job":{"id":"db3eff!17","profile":"SP.S.4","res":4,"subtime":3.573752,"walltime":4200}}}]}'
Sending '{"now":3.573775,"events":[{"timestamp":3.573775,"type":"EXECUTE_JOB","data":{"job_id":"db3eff!17","alloc":"52-55"}}]}'
Received '{"now":3.670521,"events":[{"timestamp":3.670521,"type":"JOB_SUBMITTED","data":{"job_id":"db3eff!18","job":{"id":"db3eff!18","profile":"SP.S.4","res":4,"subtime":3.670491,"walltime":4200}}}]}'
Sending '{"now":3.670521,"events":[{"timestamp":3.670521,"type":"EXECUTE_JOB","data":{"job_id":"db3eff!18","alloc":"56-59"}}]}'
Received '{"now":3.721748,"events":[{"timestamp":3.721748,"type":"JOB_SUBMITTED","data":{"job_id":"db3eff!19","job":{"id":"db3eff!19","profile":"LU.S.4","res":4,"subtime":3.721718,"walltime":4200}}}]}'
Sending '{"now":3.721748,"events":[{"timestamp":3.721748,"type":"EXECUTE_JOB","data":{"job_id":"db3eff!19","alloc":"60-63"}}]}'
Received '{"now":3.829929,"events":[{"timestamp":3.829929,"type":"JOB_SUBMITTED","data":{"job_id":"db3eff!20","job":{"id":"db3eff!20","profile":"BT.S.16","res":16,"subtime":3.829899,"walltime":4200}}}]}'
Sending '{"now":3.829929,"events":[]}'
Received '{"now":3.830514,"events":[{"timestamp":3.830514,"type":"JOB_SUBMITTED","data":{"job_id":"db3eff!21","job":{"id":"db3eff!21","profile":"BT.S.16","res":16,"subtime":3.830491,"walltime":4200}}}]}'
Sending '{"now":3.830514,"events":[]}'
Received '{"now":3.954315,"events":[{"timestamp":3.954315,"type":"JOB_COMPLETED","data":{"job_id":"db3eff!13","job_state":"COMPLETED_SUCCESSFULLY","return_code":0,"kill_reason":"","alloc":"32-47"}}]}'
Sending '{"now":3.954315,"events":[{"timestamp":3.954315,"type":"EXECUTE_JOB","data":{"job_id":"db3eff!15","alloc":"32-47"}}]}'
Received '{"now":3.965270,"events":[{"timestamp":3.965270,"type":"JOB_COMPLETED","data":{"job_id":"db3eff!12","job_state":"COMPLETED_SUCCESSFULLY","return_code":0,"kill_reason":"","alloc":"16-31"}}]}'
Sending '{"now":3.96527,"events":[{"timestamp":3.96527,"type":"EXECUTE_JOB","data":{"job_id":"db3eff!16","alloc":"16-31"}}]}'
Received '{"now":4.005631,"events":[{"timestamp":4.005631,"type":"JOB_SUBMITTED","data":{"job_id":"db3eff!22","job":{"id":"db3eff!22","profile":"IS.S.16","res":16,"subtime":4.005601,"walltime":4200}}}]}'
Sending '{"now":4.005631,"events":[]}'
Received '{"now":4.012099,"events":[{"timestamp":4.012099,"type":"JOB_COMPLETED","data":{"job_id":"db3eff!14","job_state":"COMPLETED_SUCCESSFULLY","return_code":0,"kill_reason":"","alloc":"48-51"}}]}'
Sending '{"now":4.012099,"events":[]}'
Received '{"now":4.138943,"events":[{"timestamp":4.138943,"type":"JOB_COMPLETED","data":{"job_id":"db3eff!17","job_state":"COMPLETED_SUCCESSFULLY","return_code":0,"kill_reason":"","alloc":"52-55"}}]}'
Sending '{"now":4.138943,"events":[]}'
Received '{"now":4.149599,"events":[{"timestamp":4.149599,"type":"JOB_SUBMITTED","data":{"job_id":"db3eff!23","job":{"id":"db3eff!23","profile":"BT.S.4","res":4,"subtime":4.149584,"walltime":4200}}}]}'
Sending '{"now":4.149599,"events":[{"timestamp":4.149599,"type":"EXECUTE_JOB","data":{"job_id":"db3eff!23","alloc":"48-51"}}]}'
Received '{"now":4.253042,"events":[{"timestamp":4.253042,"type":"JOB_COMPLETED","data":{"job_id":"db3eff!18","job_state":"COMPLETED_SUCCESSFULLY","return_code":0,"kill_reason":"","alloc":"56-59"}}]}'
Sending '{"now":4.253042,"events":[]}'
Received '{"now":4.254406,"events":[{"timestamp":4.254406,"type":"JOB_SUBMITTED","data":{"job_id":"db3eff!24","job":{"id":"db3eff!24","profile":"MG.S.16","res":16,"subtime":4.254380,"walltime":4200}}}]}'
Sending '{"now":4.254406,"events":[]}'
Received '{"now":4.408050,"events":[{"timestamp":4.408050,"type":"JOB_COMPLETED","data":{"job_id":"db3eff!11","job_state":"COMPLETED_SUCCESSFULLY","return_code":0,"kill_reason":"","alloc":"0-15"}}]}'
Sending '{"now":4.40805,"events":[{"timestamp":4.40805,"type":"EXECUTE_JOB","data":{"job_id":"db3eff!20","alloc":"0-15"}}]}'
Received '{"now":4.463371,"events":[{"timestamp":4.463371,"type":"JOB_SUBMITTED","data":{"job_id":"db3eff!25","job":{"id":"db3eff!25","profile":"MG.S.16","res":16,"subtime":4.463341,"walltime":4200}}}]}'
Sending '{"now":4.463371,"events":[]}'
Received '{"now":4.554168,"events":[{"timestamp":4.554168,"type":"JOB_SUBMITTED","data":{"job_id":"db3eff!26","job":{"id":"db3eff!26","profile":"MG.S.16","res":16,"subtime":4.554142,"walltime":4200}}}]}'
Sending '{"now":4.554168,"events":[]}'
Received '{"now":4.576002,"events":[{"timestamp":4.576002,"type":"JOB_COMPLETED","data":{"job_id":"db3eff!19","job_state":"COMPLETED_SUCCESSFULLY","return_code":0,"kill_reason":"","alloc":"60-63"}}]}'
Sending '{"now":4.576002,"events":[]}'
Received '{"now":4.653416,"events":[{"timestamp":4.653416,"type":"JOB_COMPLETED","data":{"job_id":"db3eff!23","job_state":"COMPLETED_SUCCESSFULLY","return_code":0,"kill_reason":"","alloc":"48-51"}}]}'
Sending '{"now":4.653416,"events":[{"timestamp":4.653416,"type":"EXECUTE_JOB","data":{"job_id":"db3eff!21","alloc":"48-63"}}]}'
Received '{"now":4.868089,"events":[{"timestamp":4.868089,"type":"JOB_SUBMITTED","data":{"job_id":"db3eff!27","job":{"id":"db3eff!27","profile":"FT.S.16","res":16,"subtime":4.868068,"walltime":4200}}}]}'
Sending '{"now":4.868089,"events":[]}'
Received '{"now":4.984948,"events":[{"timestamp":4.984948,"type":"JOB_COMPLETED","data":{"job_id":"db3eff!15","job_state":"COMPLETED_SUCCESSFULLY","return_code":0,"kill_reason":"","alloc":"32-47"}}]}'
Sending '{"now":4.984948,"events":[{"timestamp":4.984948,"type":"EXECUTE_JOB","data":{"job_id":"db3eff!22","alloc":"32-47"}}]}'
Received '{"now":5.137030,"events":[{"timestamp":5.137030,"type":"JOB_COMPLETED","data":{"job_id":"db3eff!22","job_state":"COMPLETED_SUCCESSFULLY","return_code":0,"kill_reason":"","alloc":"32-47"}}]}'
Sending '{"now":5.13703,"events":[{"timestamp":5.13703,"type":"EXECUTE_JOB","data":{"job_id":"db3eff!24","alloc":"32-47"}}]}'
Received '{"now":5.168914,"events":[{"timestamp":5.168914,"type":"JOB_COMPLETED","data":{"job_id":"db3eff!16","job_state":"COMPLETED_SUCCESSFULLY","return_code":0,"kill_reason":"","alloc":"16-31"}}]}'
Sending '{"now":5.168914,"events":[{"timestamp":5.168914,"type":"EXECUTE_JOB","data":{"job_id":"db3eff!25","alloc":"16-31"}}]}'
Received '{"now":5.489267,"events":[{"timestamp":5.489267,"type":"JOB_SUBMITTED","data":{"job_id":"db3eff!28","job":{"id":"db3eff!28","profile":"MG.S.16","res":16,"subtime":5.489237,"walltime":4200}}}]}'
Sending '{"now":5.489267,"events":[]}'
Received '{"now":5.522619,"events":[{"timestamp":5.522619,"type":"JOB_SUBMITTED","data":{"job_id":"db3eff!29","job":{"id":"db3eff!29","profile":"MG.S.4","res":4,"subtime":5.522589,"walltime":4200}}}]}'
Sending '{"now":5.522619,"events":[]}'
Received '{"now":5.558214,"events":[{"timestamp":5.558214,"type":"JOB_SUBMITTED","data":{"job_id":"db3eff!30","job":{"id":"db3eff!30","profile":"SP.S.4","res":4,"subtime":5.558184,"walltime":4200}}}]}'
Sending '{"now":5.558214,"events":[]}'
Received '{"now":5.801931,"events":[{"timestamp":5.801931,"type":"JOB_COMPLETED","data":{"job_id":"db3eff!24","job_state":"COMPLETED_SUCCESSFULLY","return_code":0,"kill_reason":"","alloc":"32-47"}}]}'
Sending '{"now":5.801931,"events":[{"timestamp":5.801931,"type":"EXECUTE_JOB","data":{"job_id":"db3eff!26","alloc":"32-47"}}]}'
Received '{"now":5.832035,"events":[{"timestamp":5.832035,"type":"JOB_COMPLETED","data":{"job_id":"db3eff!25","job_state":"COMPLETED_SUCCESSFULLY","return_code":0,"kill_reason":"","alloc":"16-31"}}]}'
Sending '{"now":5.832035,"events":[{"timestamp":5.832035,"type":"EXECUTE_JOB","data":{"job_id":"db3eff!27","alloc":"16-31"}}]}'
Received '{"now":5.959659,"events":[{"timestamp":5.959659,"type":"JOB_SUBMITTED","data":{"job_id":"db3eff!31","job":{"id":"db3eff!31","profile":"SP.S.16","res":16,"subtime":5.959628,"walltime":4200}}}]}'
Sending '{"now":5.959659,"events":[]}'
Received '{"now":5.964680,"events":[{"timestamp":5.964680,"type":"JOB_SUBMITTED","data":{"job_id":"db3eff!32","job":{"id":"db3eff!32","profile":"FT.S.4","res":4,"subtime":5.964654,"walltime":4200}}}]}'
Sending '{"now":5.96468,"events":[]}'
Received '{"now":5.972471,"events":[{"timestamp":5.972471,"type":"JOB_SUBMITTED","data":{"job_id":"db3eff!33","job":{"id":"db3eff!33","profile":"MG.S.4","res":4,"subtime":5.972441,"walltime":4200}}}]}'
Sending '{"now":5.972471,"events":[]}'
Received '{"now":6.277307,"events":[{"timestamp":6.277307,"type":"JOB_SUBMITTED","data":{"job_id":"db3eff!34","job":{"id":"db3eff!34","profile":"SP.S.4","res":4,"subtime":6.277276,"walltime":4200}}}]}'
Sending '{"now":6.277307,"events":[]}'
Received '{"now":6.381115,"events":[{"timestamp":6.381115,"type":"JOB_SUBMITTED","data":{"job_id":"db3eff!35","job":{"id":"db3eff!35","profile":"CG.S.4","res":4,"subtime":6.381092,"walltime":4200}}}]}'
Sending '{"now":6.381115,"events":[]}'
Received '{"now":6.391016,"events":[{"timestamp":6.391016,"type":"JOB_SUBMITTED","data":{"job_id":"db3eff!36","job":{"id":"db3eff!36","profile":"SP.S.4","res":4,"subtime":6.390986,"walltime":4200}}}]}'
Sending '{"now":6.391016,"events":[]}'
Received '{"now":6.444545,"events":[{"timestamp":6.444545,"type":"JOB_COMPLETED","data":{"job_id":"db3eff!26","job_state":"COMPLETED_SUCCESSFULLY","return_code":0,"kill_reason":"","alloc":"32-47"}}]}'
Sending '{"now":6.444545,"events":[{"timestamp":6.444545,"type":"EXECUTE_JOB","data":{"job_id":"db3eff!28","alloc":"32-47"}}]}'
Received '{"now":6.689161,"events":[{"timestamp":6.689161,"type":"JOB_COMPLETED","data":{"job_id":"db3eff!27","job_state":"COMPLETED_SUCCESSFULLY","return_code":0,"kill_reason":"","alloc":"16-31"}}]}'
Sending '{"now":6.689161,"events":[{"timestamp":6.689161,"type":"EXECUTE_JOB","data":{"job_id":"db3eff!29","alloc":"16-19"}},{"timestamp":6.689161,"type":"EXECUTE_JOB","data":{"job_id":"db3eff!30","alloc":"20-23"}},{"timestamp":6.689161,"type":"EXECUTE_JOB","data":{"job_id":"db3eff!32","alloc":"24-27"}},{"timestamp":6.689161,"type":"EXECUTE_JOB","data":{"job_id":"db3eff!33","alloc":"28-31"}}]}'
Received '{"now":6.772095,"events":[{"timestamp":6.772095,"type":"JOB_COMPLETED","data":{"job_id":"db3eff!20","job_state":"COMPLETED_SUCCESSFULLY","return_code":0,"kill_reason":"","alloc":"0-15"}}]}'
Sending '{"now":6.772095,"events":[{"timestamp":6.772095,"type":"EXECUTE_JOB","data":{"job_id":"db3eff!31","alloc":"0-15"}}]}'
Received '{"now":6.824253,"events":[{"timestamp":6.824253,"type":"JOB_SUBMITTED","data":{"job_id":"db3eff!37","job":{"id":"db3eff!37","profile":"MG.S.16","res":16,"subtime":6.824225,"walltime":4200}}}]}'
Sending '{"now":6.824253,"events":[]}'
Received '{"now":6.942566,"events":[{"timestamp":6.942566,"type":"JOB_SUBMITTED","data":{"job_id":"db3eff!38","job":{"id":"db3eff!38","profile":"CG.S.16","res":16,"subtime":6.942540,"walltime":4200}}}]}'
Sending '{"now":6.942566,"events":[]}'
Received '{"now":7.110574,"events":[{"timestamp":7.110574,"type":"JOB_COMPLETED","data":{"job_id":"db3eff!28","job_state":"COMPLETED_SUCCESSFULLY","return_code":0,"kill_reason":"","alloc":"32-47"}}]}'
Sending '{"now":7.110574,"events":[{"timestamp":7.110574,"type":"EXECUTE_JOB","data":{"job_id":"db3eff!34","alloc":"32-35"}},{"timestamp":7.110574,"type":"EXECUTE_JOB","data":{"job_id":"db3eff!35","alloc":"36-39"}},{"timestamp":7.110574,"type":"EXECUTE_JOB","data":{"job_id":"db3eff!36","alloc":"40-43"}}]}'
Received '{"now":7.140291,"events":[{"timestamp":7.140291,"type":"JOB_COMPLETED","data":{"job_id":"db3eff!29","job_state":"COMPLETED_SUCCESSFULLY","return_code":0,"kill_reason":"","alloc":"16-19"}}]}'
Sending '{"now":7.140291,"events":[]}'
Received '{"now":7.150892,"events":[{"timestamp":7.150892,"type":"JOB_COMPLETED","data":{"job_id":"db3eff!33","job_state":"COMPLETED_SUCCESSFULLY","return_code":0,"kill_reason":"","alloc":"28-31"}}]}'
Sending '{"now":7.150892,"events":[]}'
Received '{"now":7.267757,"events":[{"timestamp":7.267757,"type":"JOB_COMPLETED","data":{"job_id":"db3eff!21","job_state":"COMPLETED_SUCCESSFULLY","return_code":0,"kill_reason":"","alloc":"48-63"}}]}'
Sending '{"now":7.267757,"events":[{"timestamp":7.267757,"type":"EXECUTE_JOB","data":{"job_id":"db3eff!37","alloc":"44-59"}}]}'
Received '{"now":7.341406,"events":[{"timestamp":7.341406,"type":"JOB_COMPLETED","data":{"job_id":"db3eff!30","job_state":"COMPLETED_SUCCESSFULLY","return_code":0,"kill_reason":"","alloc":"20-23"}}]}'
Sending '{"now":7.341406,"events":[]}'
Received '{"now":7.420266,"events":[{"timestamp":7.420266,"type":"JOB_SUBMITTED","data":{"job_id":"db3eff!39","job":{"id":"db3eff!39","profile":"CG.S.16","res":16,"subtime":7.420236,"walltime":4200}}}]}'
Sending '{"now":7.420266,"events":[]}'
Received '{"now":7.537756,"events":[{"timestamp":7.537756,"type":"JOB_SUBMITTED","data":{"job_id":"db3eff!40","job":{"id":"db3eff!40","profile":"IS.S.4","res":4,"subtime":7.537736,"walltime":4200}}}]}'
Sending '{"now":7.537756,"events":[{"timestamp":7.537756,"type":"EXECUTE_JOB","data":{"job_id":"db3eff!40","alloc":"60-63"}}]}'
Received '{"now":7.689512,"events":[{"timestamp":7.689512,"type":"JOB_COMPLETED","data":{"job_id":"db3eff!36","job_state":"COMPLETED_SUCCESSFULLY","return_code":0,"kill_reason":"","alloc":"40-43"}}]}'
Sending '{"now":7.689512,"events":[]}'
Received '{"now":7.689751,"events":[{"timestamp":7.689721,"type":"JOB_COMPLETED","data":{"job_id":"db3eff!34","job_state":"COMPLETED_SUCCESSFULLY","return_code":0,"kill_reason":"","alloc":"32-35"}}]}'
Sending '{"now":7.689751,"events":[]}'
Received '{"now":7.706961,"events":[{"timestamp":7.706961,"type":"JOB_COMPLETED","data":{"job_id":"db3eff!35","job_state":"COMPLETED_SUCCESSFULLY","return_code":0,"kill_reason":"","alloc":"36-39"}}]}'
Sending '{"now":7.706961,"events":[{"timestamp":7.706961,"type":"EXECUTE_JOB","data":{"job_id":"db3eff!38","alloc":"28-43"}}]}'
Received '{"now":7.784249,"events":[{"timestamp":7.784249,"type":"JOB_SUBMITTED","data":{"job_id":"db3eff!41","job":{"id":"db3eff!41","profile":"SP.S.16","res":16,"subtime":7.784219,"walltime":4200}}}]}'
Sending '{"now":7.784249,"events":[]}'
Received '{"now":7.822261,"events":[{"timestamp":7.822261,"type":"JOB_COMPLETED","data":{"job_id":"db3eff!37","job_state":"COMPLETED_SUCCESSFULLY","return_code":0,"kill_reason":"","alloc":"44-59"}}]}'
Sending '{"now":7.822261,"events":[{"timestamp":7.822261,"type":"EXECUTE_JOB","data":{"job_id":"db3eff!39","alloc":"44-59"}}]}'
Received '{"now":7.842257,"events":[{"timestamp":7.842257,"type":"JOB_COMPLETED","data":{"job_id":"db3eff!40","job_state":"COMPLETED_SUCCESSFULLY","return_code":0,"kill_reason":"","alloc":"60-63"}}]}'
Sending '{"now":7.842257,"events":[]}'
Received '{"now":7.880028,"events":[{"timestamp":7.880028,"type":"JOB_COMPLETED","data":{"job_id":"db3eff!32","job_state":"COMPLETED_SUCCESSFULLY","return_code":0,"kill_reason":"","alloc":"24-27"}}]}'
Sending '{"now":7.880028,"events":[]}'
Received '{"now":7.956189,"events":[{"timestamp":7.956189,"type":"JOB_COMPLETED","data":{"job_id":"db3eff!31","job_state":"COMPLETED_SUCCESSFULLY","return_code":0,"kill_reason":"","alloc":"0-15"}}]}'
Sending '{"now":7.956189,"events":[{"timestamp":7.956189,"type":"EXECUTE_JOB","data":{"job_id":"db3eff!41","alloc":"0-15"}}]}'
Received '{"now":8.322102,"events":[{"timestamp":8.322102,"type":"JOB_SUBMITTED","data":{"job_id":"db3eff!42","job":{"id":"db3eff!42","profile":"IS.S.16","res":16,"subtime":8.322078,"walltime":4200}}}]}'
Sending '{"now":8.322102,"events":[]}'
Received '{"now":8.448101,"events":[{"timestamp":8.448101,"type":"JOB_SUBMITTED","data":{"job_id":"db3eff!43","job":{"id":"db3eff!43","profile":"SP.S.16","res":16,"subtime":8.448077,"walltime":4200}}}]}'
Sending '{"now":8.448101,"events":[]}'
Received '{"now":8.568084,"events":[{"timestamp":8.568084,"type":"JOB_SUBMITTED","data":{"job_id":"db3eff!44","job":{"id":"db3eff!44","profile":"FT.S.4","res":4,"subtime":8.568072,"walltime":4200}}}]}'
Sending '{"now":8.568084,"events":[{"timestamp":8.568084,"type":"EXECUTE_JOB","data":{"job_id":"db3eff!44","alloc":"60-63"}}]}'
Received '{"now":8.657891,"events":[{"timestamp":8.657891,"type":"JOB_SUBMITTED","data":{"job_id":"db3eff!45","job":{"id":"db3eff!45","profile":"IS.S.16","res":16,"subtime":8.657861,"walltime":4200}}}]}'
Sending '{"now":8.657891,"events":[]}'
Received '{"now":8.669408,"events":[{"timestamp":8.669408,"type":"JOB_COMPLETED","data":{"job_id":"db3eff!38","job_state":"COMPLETED_SUCCESSFULLY","return_code":0,"kill_reason":"","alloc":"28-43"}}]}'
Sending '{"now":8.669408,"events":[{"timestamp":8.669408,"type":"EXECUTE_JOB","data":{"job_id":"db3eff!42","alloc":"16-31"}}]}'
Received '{"now":8.783316,"events":[{"timestamp":8.783316,"type":"JOB_COMPLETED","data":{"job_id":"db3eff!42","job_state":"COMPLETED_SUCCESSFULLY","return_code":0,"kill_reason":"","alloc":"16-31"}}]}'
Sending '{"now":8.783316,"events":[{"timestamp":8.783316,"type":"EXECUTE_JOB","data":{"job_id":"db3eff!43","alloc":"16-31"}}]}'
Received '{"now":8.844106,"events":[{"timestamp":8.844106,"type":"JOB_COMPLETED","data":{"job_id":"db3eff!39","job_state":"COMPLETED_SUCCESSFULLY","return_code":0,"kill_reason":"","alloc":"44-59"}}]}'
Sending '{"now":8.844106,"events":[{"timestamp":8.844106,"type":"EXECUTE_JOB","data":{"job_id":"db3eff!45","alloc":"32-47"}}]}'
Received '{"now":8.960466,"events":[{"timestamp":8.960466,"type":"JOB_COMPLETED","data":{"job_id":"db3eff!45","job_state":"COMPLETED_SUCCESSFULLY","return_code":0,"kill_reason":"","alloc":"32-47"}}]}'
Sending '{"now":8.960466,"events":[]}'
Received '{"now":9.080626,"events":[{"timestamp":9.080626,"type":"JOB_COMPLETED","data":{"job_id":"db3eff!41","job_state":"COMPLETED_SUCCESSFULLY","return_code":0,"kill_reason":"","alloc":"0-15"}}]}'
Sending '{"now":9.080626,"events":[]}'
Received '{"now":9.115687,"events":[{"timestamp":9.115687,"type":"JOB_COMPLETED","data":{"job_id":"db3eff!44","job_state":"COMPLETED_SUCCESSFULLY","return_code":0,"kill_reason":"","alloc":"60-63"}}]}'
Sending '{"now":9.115687,"events":[]}'
Received '{"now":9.476470,"events":[{"timestamp":9.476470,"type":"JOB_SUBMITTED","data":{"job_id":"db3eff!46","job":{"id":"db3eff!46","profile":"FT.S.16","res":16,"subtime":9.476439,"walltime":4200}}}]}'
Sending '{"now":9.47647,"events":[{"timestamp":9.47647,"type":"EXECUTE_JOB","data":{"job_id":"db3eff!46","alloc":"0-15"}}]}'
Received '{"now":9.530404,"events":[{"timestamp":9.530404,"type":"JOB_SUBMITTED","data":{"job_id":"db3eff!47","job":{"id":"db3eff!47","profile":"BT.S.4","res":4,"subtime":9.530374,"walltime":4200}}}]}'
Sending '{"now":9.530404,"events":[{"timestamp":9.530404,"type":"EXECUTE_JOB","data":{"job_id":"db3eff!47","alloc":"32-35"}}]}'
Received '{"now":9.547554,"events":[{"timestamp":9.547554,"type":"JOB_SUBMITTED","data":{"job_id":"db3eff!48","job":{"id":"db3eff!48","profile":"IS.S.16","res":16,"subtime":9.547532,"walltime":4200}}}]}'
Sending '{"now":9.547554,"events":[{"timestamp":9.547554,"type":"EXECUTE_JOB","data":{"job_id":"db3eff!48","alloc":"36-51"}}]}'
Received '{"now":9.595425,"events":[{"timestamp":9.595425,"type":"JOB_SUBMITTED","data":{"job_id":"db3eff!49","job":{"id":"db3eff!49","profile":"IS.S.4","res":4,"subtime":9.595394,"walltime":4200}}}]}'
Sending '{"now":9.595425,"events":[{"timestamp":9.595425,"type":"EXECUTE_JOB","data":{"job_id":"db3eff!49","alloc":"52-55"}}]}'
Received '{"now":9.694522,"events":[{"timestamp":9.694522,"type":"JOB_COMPLETED","data":{"job_id":"db3eff!48","job_state":"COMPLETED_SUCCESSFULLY","return_code":0,"kill_reason":"","alloc":"36-51"}}]}'
Sending '{"now":9.694522,"events":[]}'
Received '{"now":9.705677,"events":[{"timestamp":9.705677,"type":"JOB_SUBMITTED","data":{"job_id":"db3eff!50","job":{"id":"db3eff!50","profile":"SP.S.16","res":16,"subtime":9.705647,"walltime":4200}}}]}'
Sending '{"now":9.705677,"events":[{"timestamp":9.705677,"type":"EXECUTE_JOB","data":{"job_id":"db3eff!50","alloc":"36-51"}}]}'
Received '{"now":9.891912,"events":[{"timestamp":9.891912,"type":"JOB_COMPLETED","data":{"job_id":"db3eff!49","job_state":"COMPLETED_SUCCESSFULLY","return_code":0,"kill_reason":"","alloc":"52-55"}}]}'
Sending '{"now":9.891912,"events":[]}'
Received '{"now":10.073914,"events":[{"timestamp":10.073914,"type":"JOB_COMPLETED","data":{"job_id":"db3eff!43","job_state":"COMPLETED_SUCCESSFULLY","return_code":0,"kill_reason":"","alloc":"16-31"}}]}'
Sending '{"now":10.073914,"events":[]}'
Received '{"now":10.097840,"events":[{"timestamp":10.097840,"type":"JOB_COMPLETED","data":{"job_id":"db3eff!46","job_state":"COMPLETED_SUCCESSFULLY","return_code":0,"kill_reason":"","alloc":"0-15"}}]}'
Sending '{"now":10.09784,"events":[]}'
Received '{"now":10.172417,"events":[{"timestamp":10.172417,"type":"JOB_COMPLETED","data":{"job_id":"db3eff!47","job_state":"COMPLETED_SUCCESSFULLY","return_code":0,"kill_reason":"","alloc":"32-35"}}]}'
Sending '{"now":10.172417,"events":[]}'
Received '{"now":10.494029,"events":[{"timestamp":10.494029,"type":"JOB_SUBMITTED","data":{"job_id":"db3eff!51","job":{"id":"db3eff!51","profile":"IS.S.16","res":16,"subtime":10.494007,"walltime":4200}}}]}'
Sending '{"now":10.494029,"events":[{"timestamp":10.494029,"type":"EXECUTE_JOB","data":{"job_id":"db3eff!51","alloc":"0-15"}}]}'
Received '{"now":10.605802,"events":[{"timestamp":10.605802,"type":"JOB_COMPLETED","data":{"job_id":"db3eff!51","job_state":"COMPLETED_SUCCESSFULLY","return_code":0,"kill_reason":"","alloc":"0-15"}}]}'
Sending '{"now":10.605802,"events":[]}'
Received '{"now":10.834942,"events":[{"timestamp":10.834942,"type":"JOB_COMPLETED","data":{"job_id":"db3eff!50","job_state":"COMPLETED_SUCCESSFULLY","return_code":0,"kill_reason":"","alloc":"36-51"}}]}'
Sending '{"now":10.834942,"events":[]}'
Received '{"now":10.859261,"events":[{"timestamp":10.859261,"type":"JOB_SUBMITTED","data":{"job_id":"db3eff!52","job":{"id":"db3eff!52","profile":"BT.S.16","res":16,"subtime":10.859230,"walltime":4200}}}]}'
Sending '{"now":10.859261,"events":[{"timestamp":10.859261,"type":"EXECUTE_JOB","data":{"job_id":"db3eff!52","alloc":"0-15"}}]}'
Received '{"now":11.101839,"events":[{"timestamp":11.101839,"type":"JOB_SUBMITTED","data":{"job_id":"db3eff!53","job":{"id":"db3eff!53","profile":"MG.S.16","res":16,"subtime":11.101809,"walltime":4200}}}]}'
Sending '{"now":11.101839,"events":[{"timestamp":11.101839,"type":"EXECUTE_JOB","data":{"job_id":"db3eff!53","alloc":"16-31"}}]}'
Received '{"now":11.140075,"events":[{"timestamp":11.140075,"type":"JOB_SUBMITTED","data":{"job_id":"db3eff!54","job":{"id":"db3eff!54","profile":"BT.S.4","res":4,"subtime":11.140045,"walltime":4200}}}]}'
Sending '{"now":11.140075,"events":[{"timestamp":11.140075,"type":"EXECUTE_JOB","data":{"job_id":"db3eff!54","alloc":"32-35"}}]}'
Received '{"now":11.466493,"events":[{"timestamp":11.466493,"type":"JOB_SUBMITTED","data":{"job_id":"db3eff!55","job":{"id":"db3eff!55","profile":"IS.S.4","res":4,"subtime":11.466463,"walltime":4200}}}]}'
Sending '{"now":11.466493,"events":[{"timestamp":11.466493,"type":"EXECUTE_JOB","data":{"job_id":"db3eff!55","alloc":"36-39"}}]}'
Received '{"now":11.574137,"events":[{"timestamp":11.574137,"type":"JOB_COMPLETED","data":{"job_id":"db3eff!53","job_state":"COMPLETED_SUCCESSFULLY","return_code":0,"kill_reason":"","alloc":"16-31"}}]}'
Sending '{"now":11.574137,"events":[]}'
Received '{"now":11.651728,"events":[{"timestamp":11.651728,"type":"JOB_COMPLETED","data":{"job_id":"db3eff!54","job_state":"COMPLETED_SUCCESSFULLY","return_code":0,"kill_reason":"","alloc":"32-35"}}]}'
Sending '{"now":11.651728,"events":[]}'
Received '{"now":11.658282,"events":[{"timestamp":11.658282,"type":"JOB_COMPLETED","data":{"job_id":"db3eff!55","job_state":"COMPLETED_SUCCESSFULLY","return_code":0,"kill_reason":"","alloc":"36-39"}}]}'
Sending '{"now":11.658282,"events":[]}'
Received '{"now":11.776367,"events":[{"timestamp":11.776367,"type":"JOB_SUBMITTED","data":{"job_id":"db3eff!56","job":{"id":"db3eff!56","profile":"CG.S.16","res":16,"subtime":11.776344,"walltime":4200}}}]}'
Sending '{"now":11.776367,"events":[{"timestamp":11.776367,"type":"EXECUTE_JOB","data":{"job_id":"db3eff!56","alloc":"16-31"}}]}'
Received '{"now":11.881106,"events":[{"timestamp":11.881106,"type":"JOB_SUBMITTED","data":{"job_id":"db3eff!57","job":{"id":"db3eff!57","profile":"BT.S.4","res":4,"subtime":11.881077,"walltime":4200}}}]}'
Sending '{"now":11.881106,"events":[{"timestamp":11.881106,"type":"EXECUTE_JOB","data":{"job_id":"db3eff!57","alloc":"32-35"}}]}'
Received '{"now":11.917725,"events":[{"timestamp":11.917725,"type":"JOB_SUBMITTED","data":{"job_id":"db3eff!58","job":{"id":"db3eff!58","profile":"IS.S.16","res":16,"subtime":11.917695,"walltime":4200}}}]}'
Sending '{"now":11.917725,"events":[{"timestamp":11.917725,"type":"EXECUTE_JOB","data":{"job_id":"db3eff!58","alloc":"36-51"}}]}'
Received '{"now":12.038283,"events":[{"timestamp":12.038283,"type":"JOB_COMPLETED","data":{"job_id":"db3eff!58","job_state":"COMPLETED_SUCCESSFULLY","return_code":0,"kill_reason":"","alloc":"36-51"}}]}'
Sending '{"now":12.038283,"events":[]}'
Received '{"now":12.073185,"events":[{"timestamp":12.073185,"type":"JOB_SUBMITTED","data":{"job_id":"db3eff!59","job":{"id":"db3eff!59","profile":"BT.S.16","res":16,"subtime":12.073157,"walltime":4200}}}]}'
Sending '{"now":12.073185,"events":[{"timestamp":12.073185,"type":"EXECUTE_JOB","data":{"job_id":"db3eff!59","alloc":"36-51"}}]}'
Received '{"now":12.134966,"events":[{"timestamp":12.134966,"type":"JOB_COMPLETED","data":{"job_id":"db3eff!52","job_state":"COMPLETED_SUCCESSFULLY","return_code":0,"kill_reason":"","alloc":"0-15"}}]}'
Sending '{"now":12.134966,"events":[]}'
Received '{"now":12.136851,"events":[{"timestamp":12.136851,"type":"JOB_SUBMITTED","data":{"job_id":"db3eff!60","job":{"id":"db3eff!60","profile":"CG.S.16","res":16,"subtime":12.136821,"walltime":4200}}}]}'
Sending '{"now":12.136851,"events":[{"timestamp":12.136851,"type":"EXECUTE_JOB","data":{"job_id":"db3eff!60","alloc":"0-15"}}]}'
Received '{"now":12.254848,"events":[{"timestamp":12.254848,"type":"JOB_SUBMITTED","data":{"job_id":"db3eff!61","job":{"id":"db3eff!61","profile":"SP.S.16","res":16,"subtime":12.254820,"walltime":4200}}}]}'
Sending '{"now":12.254848,"events":[]}'
Received '{"now":12.332543,"events":[{"timestamp":12.332543,"type":"JOB_COMPLETED","data":{"job_id":"db3eff!57","job_state":"COMPLETED_SUCCESSFULLY","return_code":0,"kill_reason":"","alloc":"32-35"}}]}'
Sending '{"now":12.332543,"events":[]}'
Received '{"now":12.353407,"events":[{"timestamp":12.353407,"type":"JOB_SUBMITTED","data":{"job_id":"db3eff!62","job":{"id":"db3eff!62","profile":"LU.S.4","res":4,"subtime":12.353386,"walltime":4200}}}]}'
Sending '{"now":12.353407,"events":[{"timestamp":12.353407,"type":"EXECUTE_JOB","data":{"job_id":"db3eff!62","alloc":"32-35"}}]}'
Received '{"now":12.678633,"events":[{"timestamp":12.678633,"type":"JOB_SUBMITTED","data":{"job_id":"db3eff!63","job":{"id":"db3eff!63","profile":"CG.S.4","res":4,"subtime":12.678603,"walltime":4200}}}]}'
Sending '{"now":12.678633,"events":[{"timestamp":12.678633,"type":"EXECUTE_JOB","data":{"job_id":"db3eff!63","alloc":"52-55"}}]}'
Received '{"now":12.726973,"events":[{"timestamp":12.726973,"type":"JOB_SUBMITTED","data":{"job_id":"db3eff!64","job":{"id":"db3eff!64","profile":"BT.S.16","res":16,"subtime":12.726957,"walltime":4200}}}]}'
Sending '{"now":12.726973,"events":[]}'
Received '{"now":12.801695,"events":[{"timestamp":12.801695,"type":"JOB_COMPLETED","data":{"job_id":"db3eff!56","job_state":"COMPLETED_SUCCESSFULLY","return_code":0,"kill_reason":"","alloc":"16-31"}}]}'
Sending '{"now":12.801695,"events":[{"timestamp":12.801695,"type":"EXECUTE_JOB","data":{"job_id":"db3eff!61","alloc":"16-31"}}]}'
Received '{"now":12.844185,"events":[{"timestamp":12.844185,"type":"JOB_SUBMITTED","data":{"job_id":"db3eff!65","job":{"id":"db3eff!65","profile":"LU.S.4","res":4,"subtime":12.844155,"walltime":4200}}}]}'
Sending '{"now":12.844185,"events":[{"timestamp":12.844185,"type":"EXECUTE_JOB","data":{"job_id":"db3eff!65","alloc":"56-59"}}]}'
Received '{"now":12.972003,"events":[{"timestamp":12.972003,"type":"JOB_SUBMITTED","data":{"job_id":"db3eff!66","job":{"id":"db3eff!66","profile":"CG.S.4","res":4,"subtime":12.971973,"walltime":4200}}}]}'
Sending '{"now":12.972003,"events":[{"timestamp":12.972003,"type":"EXECUTE_JOB","data":{"job_id":"db3eff!66","alloc":"60-63"}}]}'
Received '{"now":13.076775,"events":[{"timestamp":13.076775,"type":"JOB_COMPLETED","data":{"job_id":"db3eff!62","job_state":"COMPLETED_SUCCESSFULLY","return_code":0,"kill_reason":"","alloc":"32-35"}}]}'
Sending '{"now":13.076775,"events":[]}'
Received '{"now":13.124947,"events":[{"timestamp":13.124947,"type":"JOB_COMPLETED","data":{"job_id":"db3eff!60","job_state":"COMPLETED_SUCCESSFULLY","return_code":0,"kill_reason":"","alloc":"0-15"}}]}'
Sending '{"now":13.124947,"events":[{"timestamp":13.124947,"type":"EXECUTE_JOB","data":{"job_id":"db3eff!64","alloc":"0-15"}}]}'
Received '{"now":13.149085,"events":[{"timestamp":13.149085,"type":"JOB_SUBMITTED","data":{"job_id":"db3eff!67","job":{"id":"db3eff!67","profile":"LU.S.16","res":16,"subtime":13.149060,"walltime":4200}}}]}'
Sending '{"now":13.149085,"events":[]}'
Received '{"now":13.187843,"events":[{"timestamp":13.187843,"type":"JOB_COMPLETED","data":{"job_id":"db3eff!63","job_state":"COMPLETED_SUCCESSFULLY","return_code":0,"kill_reason":"","alloc":"52-55"}}]}'
Sending '{"now":13.187843,"events":[]}'
Received '{"now":13.455179,"events":[{"timestamp":13.455179,"type":"JOB_COMPLETED","data":{"job_id":"db3eff!59","job_state":"COMPLETED_SUCCESSFULLY","return_code":0,"kill_reason":"","alloc":"36-51"}}]}'
Sending '{"now":13.455179,"events":[{"timestamp":13.455179,"type":"EXECUTE_JOB","data":{"job_id":"db3eff!67","alloc":"32-47"}}]}'
Received '{"now":13.548899,"events":[{"timestamp":13.548899,"type":"JOB_COMPLETED","data":{"job_id":"db3eff!66","job_state":"COMPLETED_SUCCESSFULLY","return_code":0,"kill_reason":"","alloc":"60-63"}}]}'
Sending '{"now":13.548899,"events":[]}'
Received '{"now":13.670210,"events":[{"timestamp":13.670210,"type":"JOB_SUBMITTED","data":{"job_id":"db3eff!68","job":{"id":"db3eff!68","profile":"LU.S.4","res":4,"subtime":13.670188,"walltime":4200}}}]}'
Sending '{"now":13.67021,"events":[{"timestamp":13.67021,"type":"EXECUTE_JOB","data":{"job_id":"db3eff!68","alloc":"48-51"}}]}'
Received '{"now":13.679553,"events":[{"timestamp":13.679553,"type":"JOB_COMPLETED","data":{"job_id":"db3eff!65","job_state":"COMPLETED_SUCCESSFULLY","return_code":0,"kill_reason":"","alloc":"56-59"}}]}'
Sending '{"now":13.679553,"events":[]}'
Received '{"now":13.876961,"events":[{"timestamp":13.876961,"type":"JOB_SUBMITTED","data":{"job_id":"db3eff!69","job":{"id":"db3eff!69","profile":"LU.S.16","res":16,"subtime":13.876931,"walltime":4200}}}]}'
Sending '{"now":13.876961,"events":[]}'
Received '{"now":13.880644,"events":[{"timestamp":13.880644,"type":"JOB_COMPLETED","data":{"job_id":"db3eff!61","job_state":"COMPLETED_SUCCESSFULLY","return_code":0,"kill_reason":"","alloc":"16-31"}}]}'
Sending '{"now":13.880644,"events":[{"timestamp":13.880644,"type":"EXECUTE_JOB","data":{"job_id":"db3eff!69","alloc":"16-31"}}]}'
Received '{"now":14.072255,"events":[{"timestamp":14.072255,"type":"JOB_SUBMITTED","data":{"job_id":"db3eff!70","job":{"id":"db3eff!70","profile":"CG.S.4","res":4,"subtime":14.072224,"walltime":4200}}}]}'
Sending '{"now":14.072255,"events":[{"timestamp":14.072255,"type":"EXECUTE_JOB","data":{"job_id":"db3eff!70","alloc":"52-55"}}]}'
Received '{"now":14.073100,"events":[{"timestamp":14.073100,"type":"JOB_SUBMITTED","data":{"job_id":"db3eff!71","job":{"id":"db3eff!71","profile":"BT.S.4","res":4,"subtime":14.073070,"walltime":4200}}}]}'
Sending '{"now":14.0731,"events":[{"timestamp":14.0731,"type":"EXECUTE_JOB","data":{"job_id":"db3eff!71","alloc":"56-59"}}]}'
Received '{"now":14.263307,"events":[{"timestamp":14.263307,"type":"JOB_SUBMITTED","data":{"job_id":"db3eff!72","job":{"id":"db3eff!72","profile":"IS.S.4","res":4,"subtime":14.263282,"walltime":4200}}}]}'
Sending '{"now":14.263307,"events":[{"timestamp":14.263307,"type":"EXECUTE_JOB","data":{"job_id":"db3eff!72","alloc":"60-63"}}]}'
Received '{"now":14.442246,"events":[{"timestamp":14.442246,"type":"JOB_COMPLETED","data":{"job_id":"db3eff!68","job_state":"COMPLETED_SUCCESSFULLY","return_code":0,"kill_reason":"","alloc":"48-51"}}]}'
Sending '{"now":14.442246,"events":[]}'
Received '{"now":14.443126,"events":[{"timestamp":14.443126,"type":"JOB_COMPLETED","data":{"job_id":"db3eff!67","job_state":"COMPLETED_SUCCESSFULLY","return_code":0,"kill_reason":"","alloc":"32-47"}}]}'
Sending '{"now":14.443126,"events":[]}'
Received '{"now":14.457329,"events":[{"timestamp":14.457329,"type":"JOB_COMPLETED","data":{"job_id":"db3eff!72","job_state":"COMPLETED_SUCCESSFULLY","return_code":0,"kill_reason":"","alloc":"60-63"}}]}'
Sending '{"now":14.457329,"events":[]}'
Received '{"now":14.483938,"events":[{"timestamp":14.483938,"type":"JOB_COMPLETED","data":{"job_id":"db3eff!64","job_state":"COMPLETED_SUCCESSFULLY","return_code":0,"kill_reason":"","alloc":"0-15"}}]}'
Sending '{"now":14.483938,"events":[]}'
Received '{"now":14.507627,"events":[{"timestamp":14.507627,"type":"JOB_COMPLETED","data":{"job_id":"db3eff!71","job_state":"COMPLETED_SUCCESSFULLY","return_code":0,"kill_reason":"","alloc":"56-59"}}]}'
Sending '{"now":14.507627,"events":[]}'
Received '{"now":14.558187,"events":[{"timestamp":14.558187,"type":"JOB_COMPLETED","data":{"job_id":"db3eff!70","job_state":"COMPLETED_SUCCESSFULLY","return_code":0,"kill_reason":"","alloc":"52-55"}}]}'
Sending '{"now":14.558187,"events":[]}'
Received '{"now":14.605316,"events":[{"timestamp":14.605316,"type":"JOB_SUBMITTED","data":{"job_id":"db3eff!73","job":{"id":"db3eff!73","profile":"LU.S.4","res":4,"subtime":14.605286,"walltime":4200}}}]}'
Sending '{"now":14.605316,"events":[{"timestamp":14.605316,"type":"EXECUTE_JOB","data":{"job_id":"db3eff!73","alloc":"0-3"}}]}'
Received '{"now":14.832037,"events":[{"timestamp":14.832037,"type":"JOB_COMPLETED","data":{"job_id":"db3eff!69","job_state":"COMPLETED_SUCCESSFULLY","return_code":0,"kill_reason":"","alloc":"16-31"}}]}'
Sending '{"now":14.832037,"events":[]}'
Received '{"now":15.288316,"events":[{"timestamp":15.288316,"type":"JOB_SUBMITTED","data":{"job_id":"db3eff!74","job":{"id":"db3eff!74","profile":"SP.S.4","res":4,"subtime":15.288286,"walltime":4200}}}]}'
Sending '{"now":15.288316,"events":[{"timestamp":15.288316,"type":"EXECUTE_JOB","data":{"job_id":"db3eff!74","alloc":"4-7"}}]}'
Received '{"now":15.342986,"events":[{"timestamp":15.342986,"type":"JOB_SUBMITTED","data":{"job_id":"db3eff!75","job":{"id":"db3eff!75","profile":"LU.S.16","res":16,"subtime":15.342956,"walltime":4200}}}]}'
Sending '{"now":15.342986,"events":[{"timestamp":15.342986,"type":"EXECUTE_JOB","data":{"job_id":"db3eff!75","alloc":"8-23"}}]}'
Received '{"now":15.374099,"events":[{"timestamp":15.374099,"type":"JOB_COMPLETED","data":{"job_id":"db3eff!73","job_state":"COMPLETED_SUCCESSFULLY","return_code":0,"kill_reason":"","alloc":"0-3"}}]}'
Sending '{"now":15.374099,"events":[]}'
Received '{"now":15.526991,"events":[{"timestamp":15.526991,"type":"JOB_SUBMITTED","data":{"job_id":"db3eff!76","job":{"id":"db3eff!76","profile":"FT.S.4","res":4,"subtime":15.526961,"walltime":4200}}}]}'
Sending '{"now":15.526991,"events":[{"timestamp":15.526991,"type":"EXECUTE_JOB","data":{"job_id":"db3eff!76","alloc":"0-3"}}]}'
Received '{"now":15.546504,"events":[{"timestamp":15.546504,"type":"JOB_COMPLETED","data":{"job_id":"db3eff!74","job_state":"COMPLETED_SUCCESSFULLY","return_code":0,"kill_reason":"","alloc":"4-7"}}]}'
Sending '{"now":15.546504,"events":[]}'
Received '{"now":15.711283,"events":[{"timestamp":15.711283,"type":"JOB_COMPLETED","data":{"job_id":"db3eff!76","job_state":"COMPLETED_SUCCESSFULLY","return_code":0,"kill_reason":"","alloc":"0-3"}}]}'
Sending '{"now":15.711283,"events":[]}'
Received '{"now":15.915362,"events":[{"timestamp":15.915362,"type":"JOB_SUBMITTED","data":{"job_id":"db3eff!77","job":{"id":"db3eff!77","profile":"IS.S.4","res":4,"subtime":15.915341,"walltime":4200}}}]}'
Sending '{"now":15.915362,"events":[{"timestamp":15.915362,"type":"EXECUTE_JOB","data":{"job_id":"db3eff!77","alloc":"0-3"}}]}'
Received '{"now":15.935032,"events":[{"timestamp":15.935032,"type":"JOB_SUBMITTED","data":{"job_id":"db3eff!78","job":{"id":"db3eff!78","profile":"MG.S.16","res":16,"subtime":15.935002,"walltime":4200}}}]}'
Sending '{"now":15.935032,"events":[{"timestamp":15.935032,"type":"EXECUTE_JOB","data":{"job_id":"db3eff!78","alloc":"24-39"}}]}'
Received '{"now":15.945600,"events":[{"timestamp":15.945600,"type":"JOB_SUBMITTED","data":{"job_id":"db3eff!79","job":{"id":"db3eff!79","profile":"BT.S.16","res":16,"subtime":15.945578,"walltime":4200}}}]}'
Sending '{"now":15.9456,"events":[{"timestamp":15.9456,"type":"EXECUTE_JOB","data":{"job_id":"db3eff!79","alloc":"40-55"}}]}'
Received '{"now":15.978493,"events":[{"timestamp":15.978493,"type":"JOB_SUBMITTED","data":{"job_id":"db3eff!80","job":{"id":"db3eff!80","profile":"SP.S.16","res":16,"subtime":15.978463,"walltime":4200}}}]}'
Sending '{"now":15.978493,"events":[]}'
Received '{"now":16.027447,"events":[{"timestamp":16.027447,"type":"JOB_COMPLETED","data":{"job_id":"db3eff!77","job_state":"COMPLETED_SUCCESSFULLY","return_code":0,"kill_reason":"","alloc":"0-3"}}]}'
Sending '{"now":16.027447,"events":[]}'
Received '{"now":16.352555,"events":[{"timestamp":16.352555,"type":"JOB_COMPLETED","data":{"job_id":"db3eff!75","job_state":"COMPLETED_SUCCESSFULLY","return_code":0,"kill_reason":"","alloc":"8-23"}}]}'
Sending '{"now":16.352555,"events":[{"timestamp":16.352555,"type":"EXECUTE_JOB","data":{"job_id":"db3eff!80","alloc":"0-15"}}]}'
Received '{"now":16.374573,"events":[{"timestamp":16.374573,"type":"JOB_COMPLETED","data":{"job_id":"db3eff!78","job_state":"COMPLETED_SUCCESSFULLY","return_code":0,"kill_reason":"","alloc":"24-39"}}]}'
Sending '{"now":16.374573,"events":[]}'
Received '{"now":16.414306,"events":[{"timestamp":16.414306,"type":"JOB_SUBMITTED","data":{"job_id":"db3eff!81","job":{"id":"db3eff!81","profile":"BT.S.16","res":16,"subtime":16.414280,"walltime":4200}}}]}'
Sending '{"now":16.414306,"events":[{"timestamp":16.414306,"type":"EXECUTE_JOB","data":{"job_id":"db3eff!81","alloc":"16-31"}}]}'
Received '{"now":16.502460,"events":[{"timestamp":16.502460,"type":"JOB_SUBMITTED","data":{"job_id":"db3eff!82","job":{"id":"db3eff!82","profile":"SP.S.16","res":16,"subtime":16.502438,"walltime":4200}}}]}'
Sending '{"now":16.50246,"events":[]}'
Received '{"now":16.733192,"events":[{"timestamp":16.733192,"type":"JOB_SUBMITTED","data":{"job_id":"db3eff!83","job":{"id":"db3eff!83","profile":"SP.S.16","res":16,"subtime":16.733166,"walltime":4200}}}]}'
Sending '{"now":16.733192,"events":[]}'
Received '{"now":16.763920,"events":[{"timestamp":16.763920,"type":"JOB_SUBMITTED","data":{"job_id":"db3eff!84","job":{"id":"db3eff!84","profile":"LU.S.4","res":4,"subtime":16.763890,"walltime":4200}}}]}'
Sending '{"now":16.76392,"events":[{"timestamp":16.76392,"type":"EXECUTE_JOB","data":{"job_id":"db3eff!84","alloc":"56-59"}}]}'
Received '{"now":16.919396,"events":[{"timestamp":16.919396,"type":"JOB_SUBMITTED","data":{"job_id":"db3eff!85","job":{"id":"db3eff!85","profile":"MG.S.4","res":4,"subtime":16.919366,"walltime":4200}}}]}'
Sending '{"now":16.919396,"events":[{"timestamp":16.919396,"type":"EXECUTE_JOB","data":{"job_id":"db3eff!85","alloc":"60-63"}}]}'
Received '{"now":16.935299,"events":[{"timestamp":16.935299,"type":"JOB_SUBMITTED","data":{"job_id":"db3eff!86","job":{"id":"db3eff!86","profile":"BT.S.16","res":16,"subtime":16.935286,"walltime":4200}}}]}'
Sending '{"now":16.935299,"events":[]}'
Received '{"now":17.082078,"events":[{"timestamp":17.082078,"type":"JOB_SUBMITTED","data":{"job_id":"db3eff!87","job":{"id":"db3eff!87","profile":"IS.S.16","res":16,"subtime":17.082056,"walltime":4200}}}]}'
Sending '{"now":17.082078,"events":[]}'
Received '{"now":17.261412,"events":[{"timestamp":17.261412,"type":"JOB_COMPLETED","data":{"job_id":"db3eff!85","job_state":"COMPLETED_SUCCESSFULLY","return_code":0,"kill_reason":"","alloc":"60-63"}}]}'
Sending '{"now":17.261412,"events":[]}'
Received '{"now":17.262095,"events":[{"timestamp":17.262095,"type":"JOB_SUBMITTED","data":{"job_id":"db3eff!88","job":{"id":"db3eff!88","profile":"MG.S.16","res":16,"subtime":17.262070,"walltime":4200}}}]}'
Sending '{"now":17.262095,"events":[]}'
Received '{"now":17.300012,"events":[{"timestamp":17.300012,"type":"JOB_SUBMITTED","data":{"job_id":"db3eff!89","job":{"id":"db3eff!89","profile":"SP.S.4","res":4,"subtime":17.299983,"walltime":4200}}}]}'
Sending '{"now":17.300012,"events":[{"timestamp":17.300012,"type":"EXECUTE_JOB","data":{"job_id":"db3eff!89","alloc":"60-63"}}]}'
Received '{"now":17.307792,"events":[{"timestamp":17.307792,"type":"JOB_SUBMITTED","data":{"job_id":"db3eff!90","job":{"id":"db3eff!90","profile":"LU.S.4","res":4,"subtime":17.307765,"walltime":4200}}}]}'
Sending '{"now":17.307792,"events":[]}'
Received '{"now":17.478955,"events":[{"timestamp":17.478955,"type":"JOB_SUBMITTED","data":{"job_id":"db3eff!91","job":{"id":"db3eff!91","profile":"BT.S.16","res":16,"subtime":17.478933,"walltime":4200}}}]}'
Sending '{"now":17.478955,"events":[]}'
Received '{"now":17.514669,"events":[{"timestamp":17.514669,"type":"JOB_COMPLETED","data":{"job_id":"db3eff!80","job_state":"COMPLETED_SUCCESSFULLY","return_code":0,"kill_reason":"","alloc":"0-15"}}]}'
Sending '{"now":17.514669,"events":[{"timestamp":17.514669,"type":"EXECUTE_JOB","data":{"job_id":"db3eff!82","alloc":"0-15"}}]}'
Received '{"now":17.519022,"events":[{"timestamp":17.519022,"type":"JOB_SUBMITTED","data":{"job_id":"db3eff!92","job":{"id":"db3eff!92","profile":"MG.S.4","res":4,"subtime":17.518992,"walltime":4200}}}]}'
Sending '{"now":17.519022,"events":[]}'
Received '{"now":17.651379,"events":[{"timestamp":17.651379,"type":"JOB_COMPLETED","data":{"job_id":"db3eff!84","job_state":"COMPLETED_SUCCESSFULLY","return_code":0,"kill_reason":"","alloc":"56-59"}}]}'
Sending '{"now":17.651379,"events":[{"timestamp":17.651379,"type":"EXECUTE_JOB","data":{"job_id":"db3eff!90","alloc":"56-59"}}]}'
Received '{"now":17.749309,"events":[{"timestamp":17.749309,"type":"JOB_SUBMITTED","data":{"job_id":"db3eff!93","job":{"id":"db3eff!93","profile":"BT.S.4","res":4,"subtime":17.749279,"walltime":4200}}}]}'
Sending '{"now":17.749309,"events":[]}'
Received '{"now":17.885931,"events":[{"timestamp":17.885931,"type":"JOB_COMPLETED","data":{"job_id":"db3eff!89","job_state":"COMPLETED_SUCCESSFULLY","return_code":0,"kill_reason":"","alloc":"60-63"}}]}'
Sending '{"now":17.885931,"events":[{"timestamp":17.885931,"type":"EXECUTE_JOB","data":{"job_id":"db3eff!92","alloc":"60-63"}}]}'
Received '{"now":17.917587,"events":[{"timestamp":17.917587,"type":"JOB_COMPLETED","data":{"job_id":"db3eff!79","job_state":"COMPLETED_SUCCESSFULLY","return_code":0,"kill_reason":"","alloc":"40-55"}}]}'
Sending '{"now":17.917587,"events":[{"timestamp":17.917587,"type":"EXECUTE_JOB","data":{"job_id":"db3eff!83","alloc":"32-47"}},{"timestamp":17.917587,"type":"EXECUTE_JOB","data":{"job_id":"db3eff!93","alloc":"48-51"}}]}'
Received '{"now":18.131321,"events":[{"timestamp":18.131321,"type":"JOB_SUBMITTED","data":{"job_id":"db3eff!94","job":{"id":"db3eff!94","profile":"SP.S.16","res":16,"subtime":18.131301,"walltime":4200}}}]}'
Sending '{"now":18.131321,"events":[]}'
Received '{"now":18.249389,"events":[{"timestamp":18.249389,"type":"JOB_COMPLETED","data":{"job_id":"db3eff!92","job_state":"COMPLETED_SUCCESSFULLY","return_code":0,"kill_reason":"","alloc":"60-63"}}]}'
Sending '{"now":18.249389,"events":[]}'
Received '{"now":18.370096,"events":[{"timestamp":18.370096,"type":"JOB_SUBMITTED","data":{"job_id":"db3eff!95","job":{"id":"db3eff!95","profile":"SP.S.4","res":4,"subtime":18.370066,"walltime":4200}}}]}'
Sending '{"now":18.370096,"events":[{"timestamp":18.370096,"type":"EXECUTE_JOB","data":{"job_id":"db3eff!95","alloc":"52-55"}}]}'
Received '{"now":18.416987,"events":[{"timestamp":18.416987,"type":"JOB_SUBMITTED","data":{"job_id":"db3eff!96","job":{"id":"db3eff!96","profile":"LU.S.16","res":16,"subtime":18.416957,"walltime":4200}}}]}'
Sending '{"now":18.416987,"events":[]}'
Received '{"now":18.480378,"events":[{"timestamp":18.480378,"type":"JOB_SUBMITTED","data":{"job_id":"db3eff!97","job":{"id":"db3eff!97","profile":"FT.S.4","res":4,"subtime":18.480348,"walltime":4200}}}]}'
Sending '{"now":18.480378,"events":[{"timestamp":18.480378,"type":"EXECUTE_JOB","data":{"job_id":"db3eff!97","alloc":"60-63"}}]}'
Received '{"now":18.493283,"events":[{"timestamp":18.493283,"type":"JOB_SUBMITTED","data":{"job_id":"db3eff!98","job":{"id":"db3eff!98","profile":"CG.S.16","res":16,"subtime":18.493253,"walltime":4200}}}]}'
Sending '{"now":18.493283,"events":[]}'
Received '{"now":18.624781,"events":[{"timestamp":18.624781,"type":"JOB_COMPLETED","data":{"job_id":"db3eff!90","job_state":"COMPLETED_SUCCESSFULLY","return_code":0,"kill_reason":"","alloc":"56-59"}}]}'
Sending '{"now":18.624781,"events":[]}'
Received '{"now":18.641364,"events":[{"timestamp":18.641364,"type":"JOB_COMPLETED","data":{"job_id":"db3eff!81","job_state":"COMPLETED_SUCCESSFULLY","return_code":0,"kill_reason":"","alloc":"16-31"}}]}'
Sending '{"now":18.641364,"events":[{"timestamp":18.641364,"type":"EXECUTE_JOB","data":{"job_id":"db3eff!86","alloc":"16-31"}}]}'
Received '{"now":18.643117,"events":[{"timestamp":18.643117,"type":"JOB_SUBMITTED","data":{"job_id":"db3eff!99","job":{"id":"db3eff!99","profile":"MG.S.4","res":4,"subtime":18.643091,"walltime":4200}}}]}'
Sending '{"now":18.643117,"events":[{"timestamp":18.643117,"type":"EXECUTE_JOB","data":{"job_id":"db3eff!99","alloc":"56-59"}}]}'
Received '{"now":18.699967,"events":[{"timestamp":18.699967,"type":"JOB_COMPLETED","data":{"job_id":"db3eff!93","job_state":"COMPLETED_SUCCESSFULLY","return_code":0,"kill_reason":"","alloc":"48-51"}}]}'
Sending '{"now":18.699967,"events":[]}'
Received '{"now":18.759288,"events":[{"timestamp":18.759288,"type":"JOB_SUBMITTED","data":{"job_id":"db3eff!100","job":{"id":"db3eff!100","profile":"CG.S.16","res":16,"subtime":18.759264,"walltime":4200}}}]}'
Sending '{"now":18.759288,"events":[]}'
Received '{"now":18.793329,"events":[{"timestamp":18.793329,"type":"JOB_COMPLETED","data":{"job_id":"db3eff!82","job_state":"COMPLETED_SUCCESSFULLY","return_code":0,"kill_reason":"","alloc":"0-15"}}]}'
Sending '{"now":18.793329,"events":[{"timestamp":18.793329,"type":"EXECUTE_JOB","data":{"job_id":"db3eff!87","alloc":"0-15"}}]}'
Received '{"now":18.939519,"events":[{"timestamp":18.939519,"type":"JOB_COMPLETED","data":{"job_id":"db3eff!87","job_state":"COMPLETED_SUCCESSFULLY","return_code":0,"kill_reason":"","alloc":"0-15"}}]}'
Sending '{"now":18.939519,"events":[{"timestamp":18.939519,"type":"EXECUTE_JOB","data":{"job_id":"db3eff!88","alloc":"0-15"}}]}'
Received '{"now":19.044585,"events":[{"timestamp":19.044585,"type":"JOB_COMPLETED","data":{"job_id":"db3eff!95","job_state":"COMPLETED_SUCCESSFULLY","return_code":0,"kill_reason":"","alloc":"52-55"}}]}'
Sending '{"now":19.044585,"events":[]}'
Received '{"now":19.054076,"events":[{"timestamp":19.054076,"type":"JOB_COMPLETED","data":{"job_id":"db3eff!99","job_state":"COMPLETED_SUCCESSFULLY","return_code":0,"kill_reason":"","alloc":"56-59"}}]}'
Sending '{"now":19.054076,"events":[]}'
Received '{"now":19.262685,"events":[{"timestamp":19.262685,"type":"JOB_COMPLETED","data":{"job_id":"db3eff!83","job_state":"COMPLETED_SUCCESSFULLY","return_code":0,"kill_reason":"","alloc":"32-47"}}]}'
Sending '{"now":19.262685,"events":[{"timestamp":19.262685,"type":"EXECUTE_JOB","data":{"job_id":"db3eff!91","alloc":"32-47"}}]}'
Received '{"now":19.515225,"events":[{"timestamp":19.515225,"type":"JOB_COMPLETED","data":{"job_id":"db3eff!88","job_state":"COMPLETED_SUCCESSFULLY","return_code":0,"kill_reason":"","alloc":"0-15"}}]}'
Sending '{"now":19.515225,"events":[{"timestamp":19.515225,"type":"EXECUTE_JOB","data":{"job_id":"db3eff!94","alloc":"0-15"}}]}'
Received '{"now":20.216333,"events":[{"timestamp":20.216333,"type":"JOB_COMPLETED","data":{"job_id":"db3eff!97","job_state":"COMPLETED_SUCCESSFULLY","return_code":0,"kill_reason":"","alloc":"60-63"}}]}'
Sending '{"now":20.216333,"events":[{"timestamp":20.216333,"type":"EXECUTE_JOB","data":{"job_id":"db3eff!96","alloc":"48-63"}}]}'
Received '{"now":20.645380,"events":[{"timestamp":20.645380,"type":"JOB_COMPLETED","data":{"job_id":"db3eff!94","job_state":"COMPLETED_SUCCESSFULLY","return_code":0,"kill_reason":"","alloc":"0-15"}}]}'
Sending '{"now":20.64538,"events":[{"timestamp":20.64538,"type":"EXECUTE_JOB","data":{"job_id":"db3eff!98","alloc":"0-15"}}]}'
Received '{"now":20.836206,"events":[{"timestamp":20.836206,"type":"JOB_COMPLETED","data":{"job_id":"db3eff!86","job_state":"COMPLETED_SUCCESSFULLY","return_code":0,"kill_reason":"","alloc":"16-31"}}]}'
Sending '{"now":20.836206,"events":[{"timestamp":20.836206,"type":"EXECUTE_JOB","data":{"job_id":"db3eff!100","alloc":"16-31"}}]}'
Received '{"now":21.098661,"events":[{"timestamp":21.098661,"type":"JOB_COMPLETED","data":{"job_id":"db3eff!91","job_state":"COMPLETED_SUCCESSFULLY","return_code":0,"kill_reason":"","alloc":"32-47"}}]}'
Sending '{"now":21.098661,"events":[]}'
Received '{"now":21.218789,"events":[{"timestamp":21.218789,"type":"JOB_COMPLETED","data":{"job_id":"db3eff!96","job_state":"COMPLETED_SUCCESSFULLY","return_code":0,"kill_reason":"","alloc":"48-63"}}]}'
Sending '{"now":21.218789,"events":[]}'
Received '{"now":21.616660,"events":[{"timestamp":21.616660,"type":"JOB_COMPLETED","data":{"job_id":"db3eff!98","job_state":"COMPLETED_SUCCESSFULLY","return_code":0,"kill_reason":"","alloc":"0-15"}}]}'
Sending '{"now":21.61666,"events":[]}'
Received '{"now":21.791359,"events":[{"timestamp":21.791359,"type":"JOB_COMPLETED","data":{"job_id":"db3eff!100","job_state":"COMPLETED_SUCCESSFULLY","return_code":0,"kill_reason":"","alloc":"16-31"}},{"timestamp":21.791359,"type":"SIMULATION_ENDS","data":{}}]}'
Sending '{"now":21.791359,"events":[]}'
