variant_options = '{"custom_mapping": true}'
Received '{"now":0.000000,"events":[{"timestamp":0.000000,"type":"SIMULATION_BEGINS","data":{"nb_resources":64,"allow_time_sharing":false,"config":{"redis":{"enabled":false,"hostname":"127.0.0.1","port":6379,"prefix":"default"},"job_submission":{"forward_profiles":false,"from_scheduler":{"enabled":false,"acknowledge":true}}},"resources_data":[{"id":0,"name":"node-0.simgrid.org","state":"idle","properties":{}},{"id":1,"name":"node-1.simgrid.org","state":"idle","properties":{}},{"id":2,"name":"node-2.simgrid.org","state":"idle","properties":{}},{"id":3,"name":"node-3.simgrid.org","state":"idle","properties":{}},{"id":4,"name":"node-4.simgrid.org","state":"idle","properties":{}},{"id":5,"name":"node-5.simgrid.org","state":"idle","properties":{}},{"id":6,"name":"node-6.simgrid.org","state":"idle","properties":{}},{"id":7,"name":"node-7.simgrid.org","state":"idle","properties":{}},{"id":8,"name":"node-8.simgrid.org","state":"idle","properties":{}},{"id":9,"name":"node-9.simgrid.org","state":"idle","properties":{}},{"id":10,"name":"node-10.simgrid.org","state":"idle","properties":{}},{"id":11,"name":"node-11.simgrid.org","state":"idle","properties":{}},{"id":12,"name":"node-12.simgrid.org","state":"idle","properties":{}},{"id":13,"name":"node-13.simgrid.org","state":"idle","properties":{}},{"id":14,"name":"node-14.simgrid.org","state":"idle","properties":{}},{"id":15,"name":"node-15.simgrid.org","state":"idle","properties":{}},{"id":16,"name":"node-16.simgrid.org","state":"idle","properties":{}},{"id":17,"name":"node-17.simgrid.org","state":"idle","properties":{}},{"id":18,"name":"node-18.simgrid.org","state":"idle","properties":{}},{"id":19,"name":"node-19.simgrid.org","state":"idle","properties":{}},{"id":20,"name":"node-20.simgrid.org","state":"idle","properties":{}},{"id":21,"name":"node-21.simgrid.org","state":"idle","properties":{}},{"id":22,"name":"node-22.simgrid.org","state":"idle","properties":{}},{"id":23,"name":"node-23.simgrid.org","state":"idle","properties":{}},{"id":24,"name":"node-24.simgrid.org","state":"idle","properties":{}},{"id":25,"name":"node-25.simgrid.org","state":"idle","properties":{}},{"id":26,"name":"node-26.simgrid.org","state":"idle","properties":{}},{"id":27,"name":"node-27.simgrid.org","state":"idle","properties":{}},{"id":28,"name":"node-28.simgrid.org","state":"idle","properties":{}},{"id":29,"name":"node-29.simgrid.org","state":"idle","properties":{}},{"id":30,"name":"node-30.simgrid.org","state":"idle","properties":{}},{"id":31,"name":"node-31.simgrid.org","state":"idle","properties":{}},{"id":32,"name":"node-32.simgrid.org","state":"idle","properties":{}},{"id":33,"name":"node-33.simgrid.org","state":"idle","properties":{}},{"id":34,"name":"node-34.simgrid.org","state":"idle","properties":{}},{"id":35,"name":"node-35.simgrid.org","state":"idle","properties":{}},{"id":36,"name":"node-36.simgrid.org","state":"idle","properties":{}},{"id":37,"name":"node-37.simgrid.org","state":"idle","properties":{}},{"id":38,"name":"node-38.simgrid.org","state":"idle","properties":{}},{"id":39,"name":"node-39.simgrid.org","state":"idle","properties":{}},{"id":40,"name":"node-40.simgrid.org","state":"idle","properties":{}},{"id":41,"name":"node-41.simgrid.org","state":"idle","properties":{}},{"id":42,"name":"node-42.simgrid.org","state":"idle","properties":{}},{"id":43,"name":"node-43.simgrid.org","state":"idle","properties":{}},{"id":44,"name":"node-44.simgrid.org","state":"idle","properties":{}},{"id":45,"name":"node-45.simgrid.org","state":"idle","properties":{}},{"id":46,"name":"node-46.simgrid.org","state":"idle","properties":{}},{"id":47,"name":"node-47.simgrid.org","state":"idle","properties":{}},{"id":48,"name":"node-48.simgrid.org","state":"idle","properties":{}},{"id":49,"name":"node-49.simgrid.org","state":"idle","properties":{}},{"id":50,"name":"node-50.simgrid.org","state":"idle","properties":{}},{"id":51,"name":"node-51.simgrid.org","state":"idle","properties":{}},{"id":52,"name":"node-52.simgrid.org","state":"idle","properties":{}},{"id":53,"name":"node-53.simgrid.org","state":"idle","properties":{}},{"id":54,"name":"node-54.simgrid.org","state":"idle","properties":{}},{"id":55,"name":"node-55.simgrid.org","state":"idle","properties":{}},{"id":56,"name":"node-56.simgrid.org","state":"idle","properties":{}},{"id":57,"name":"node-57.simgrid.org","state":"idle","properties":{}},{"id":58,"name":"node-58.simgrid.org","state":"idle","properties":{}},{"id":59,"name":"node-59.simgrid.org","state":"idle","properties":{}},{"id":60,"name":"node-60.simgrid.org","state":"idle","properties":{}},{"id":61,"name":"node-61.simgrid.org","state":"idle","properties":{}},{"id":62,"name":"node-62.simgrid.org","state":"idle","properties":{}},{"id":63,"name":"node-63.simgrid.org","state":"idle","properties":{}}],"workloads":{"db3eff":"/github-simgrid/190311/../batsim-v2.0.0/workload_profiles/npb_100_jobs.json"}}}]}'
Sending '{"now":0.0,"events":[]}'
Received '{"now":0.900782,"events":[{"timestamp":0.900782,"type":"JOB_SUBMITTED","data":{"job_id":"db3eff!1","job":{"id":"db3eff!1","profile":"IS.S.4","res":4,"subtime":0.892976,"walltime":4200}}}]}'
Sending '{"now":0.900782,"events":[{"timestamp":0.900782,"type":"EXECUTE_JOB","data":{"job_id":"db3eff!1","alloc":"0-3"}}]}'
Received '{"now":1.000476,"events":[{"timestamp":1.000476,"type":"JOB_COMPLETED","data":{"job_id":"db3eff!1","job_state":"COMPLETED_SUCCESSFULLY","return_code":0,"kill_reason":"","alloc":"0-3"}}]}'
Sending '{"now":1.000476,"events":[]}'
Received '{"now":1.201902,"events":[{"timestamp":1.201902,"type":"JOB_SUBMITTED","data":{"job_id":"db3eff!2","job":{"id":"db3eff!2","profile":"BT.S.4","res":4,"subtime":1.194096,"walltime":4200}}}]}'
Sending '{"now":1.201902,"events":[{"timestamp":1.201902,"type":"EXECUTE_JOB","data":{"job_id":"db3eff!2","alloc":"0-3"}}]}'
Received '{"now":1.443857,"events":[{"timestamp":1.443857,"type":"JOB_SUBMITTED","data":{"job_id":"db3eff!3","job":{"id":"db3eff!3","profile":"FT.S.16","res":16,"subtime":1.436057,"walltime":4200}}}]}'
Sending '{"now":1.443857,"events":[{"timestamp":1.443857,"type":"EXECUTE_JOB","data":{"job_id":"db3eff!3","alloc":"4-19"}}]}'
Received '{"now":1.467275,"events":[{"timestamp":1.459469,"type":"JOB_SUBMITTED","data":{"job_id":"db3eff!4","job":{"id":"db3eff!4","profile":"SP.S.16","res":16,"subtime":1.449538,"walltime":4200}}}]}'
Sending '{"now":1.467275,"events":[{"timestamp":1.459469,"type":"EXECUTE_JOB","data":{"job_id":"db3eff!4","alloc":"20-35"}}]}'
Received '{"now":1.530460,"events":[{"timestamp":1.530460,"type":"JOB_SUBMITTED","data":{"job_id":"db3eff!5","job":{"id":"db3eff!5","profile":"SP.S.16","res":16,"subtime":1.522654,"walltime":4200}}}]}'
Sending '{"now":1.53046,"events":[{"timestamp":1.53046,"type":"EXECUTE_JOB","data":{"job_id":"db3eff!5","alloc":"36-51"}}]}'
Received '{"now":1.669659,"events":[{"timestamp":1.669659,"type":"JOB_COMPLETED","data":{"job_id":"db3eff!2","job_state":"COMPLETED_SUCCESSFULLY","return_code":0,"kill_reason":"","alloc":"0-3"}}]}'
Sending '{"now":1.669659,"events":[]}'
Received '{"now":1.778499,"events":[{"timestamp":1.778499,"type":"JOB_COMPLETED","data":{"job_id":"db3eff!3","job_state":"COMPLETED_SUCCESSFULLY","return_code":0,"kill_reason":"","alloc":"4-19"}}]}'
Sending '{"now":1.778499,"events":[]}'
Received '{"now":1.884483,"events":[{"timestamp":1.884483,"type":"JOB_SUBMITTED","data":{"job_id":"db3eff!6","job":{"id":"db3eff!6","profile":"MG.S.16","res":16,"subtime":1.876677,"walltime":4200}}}]}'
Sending '{"now":1.884483,"events":[{"timestamp":1.884483,"type":"EXECUTE_JOB","data":{"job_id":"db3eff!6","alloc":"0-15"}}]}'
Received '{"now":1.907906,"events":[{"timestamp":1.900105,"type":"JOB_SUBMITTED","data":{"job_id":"db3eff!7","job":{"id":"db3eff!7","profile":"CG.S.4","res":4,"subtime":1.891457,"walltime":4200}}}]}'
Sending '{"now":1.907906,"events":[{"timestamp":1.900105,"type":"EXECUTE_JOB","data":{"job_id":"db3eff!7","alloc":"16-19"}}]}'
Received '{"now":2.071715,"events":[{"timestamp":2.071715,"type":"JOB_SUBMITTED","data":{"job_id":"db3eff!8","job":{"id":"db3eff!8","profile":"MG.S.4","res":4,"subtime":2.063913,"walltime":4200}}}]}'
Sending '{"now":2.071715,"events":[{"timestamp":2.071715,"type":"EXECUTE_JOB","data":{"job_id":"db3eff!8","alloc":"52-55"}}]}'
Received '{"now":2.095784,"events":[{"timestamp":2.095784,"type":"JOB_SUBMITTED","data":{"job_id":"db3eff!9","job":{"id":"db3eff!9","profile":"IS.S.16","res":16,"subtime":2.087987,"walltime":4200}}}]}'
Sending '{"now":2.095784,"events":[]}'
Received '{"now":2.307818,"events":[{"timestamp":2.307818,"type":"JOB_SUBMITTED","data":{"job_id":"db3eff!10","job":{"id":"db3eff!10","profile":"FT.S.16","res":16,"subtime":2.300012,"walltime":4200}}}]}'
Sending '{"now":2.307818,"events":[]}'
Received '{"now":2.509977,"events":[{"timestamp":2.509977,"type":"JOB_COMPLETED","data":{"job_id":"db3eff!8","job_state":"COMPLETED_SUCCESSFULLY","return_code":0,"kill_reason":"","alloc":"52-55"}}]}'
Sending '{"now":2.509977,"events":[]}'
Received '{"now":2.545147,"events":[{"timestamp":2.545147,"type":"JOB_SUBMITTED","data":{"job_id":"db3eff!11","job":{"id":"db3eff!11","profile":"BT.S.16","res":16,"subtime":2.537341,"walltime":4200}}}]}'
Sending '{"now":2.545147,"events":[]}'
Received '{"now":2.630640,"events":[{"timestamp":2.630640,"type":"JOB_COMPLETED","data":{"job_id":"db3eff!6","job_state":"COMPLETED_SUCCESSFULLY","return_code":0,"kill_reason":"","alloc":"0-15"}}]}'
Sending '{"now":2.63064,"events":[{"timestamp":2.63064,"type":"EXECUTE_JOB","data":{"job_id":"db3eff!9","alloc":"0-15"}}]}'
Received '{"now":2.759997,"events":[{"timestamp":2.759997,"type":"JOB_SUBMITTED","data":{"job_id":"db3eff!12","job":{"id":"db3eff!12","profile":"SP.S.16","res":16,"subtime":2.752196,"walltime":4200}}}]}'
Sending '{"now":2.759997,"events":[]}'
Received '{"now":2.781473,"events":[{"timestamp":2.781473,"type":"JOB_COMPLETED","data":{"job_id":"db3eff!9","job_state":"COMPLETED_SUCCESSFULLY","return_code":0,"kill_reason":"","alloc":"0-15"}}]}'
Sending '{"now":2.781473,"events":[{"timestamp":2.781473,"type":"EXECUTE_JOB","data":{"job_id":"db3eff!10","alloc":"0-15"}}]}'
Received '{"now":2.939469,"events":[{"timestamp":2.939469,"type":"JOB_SUBMITTED","data":{"job_id":"db3eff!13","job":{"id":"db3eff!13","profile":"CG.S.16","res":16,"subtime":2.931663,"walltime":4200}}}]}'
Sending '{"now":2.939469,"events":[]}'
Received '{"now":3.026874,"events":[{"timestamp":3.026874,"type":"JOB_COMPLETED","data":{"job_id":"db3eff!7","job_state":"COMPLETED_SUCCESSFULLY","return_code":0,"kill_reason":"","alloc":"16-19"}}]}'
Sending '{"now":3.026874,"events":[]}'
Received '{"now":3.048334,"events":[{"timestamp":3.048334,"type":"JOB_COMPLETED","data":{"job_id":"db3eff!10","job_state":"COMPLETED_SUCCESSFULLY","return_code":0,"kill_reason":"","alloc":"0-15"}}]}'
Sending '{"now":3.048334,"events":[{"timestamp":3.048334,"type":"EXECUTE_JOB","data":{"job_id":"db3eff!11","alloc":"0-15"}}]}'
Received '{"now":3.126902,"events":[{"timestamp":3.126902,"type":"JOB_SUBMITTED","data":{"job_id":"db3eff!14","job":{"id":"db3eff!14","profile":"FT.S.4","res":4,"subtime":3.119096,"walltime":4200}}}]}'
Sending '{"now":3.126902,"events":[{"timestamp":3.126902,"type":"EXECUTE_JOB","data":{"job_id":"db3eff!14","alloc":"52-55"}}]}'
Received '{"now":3.257614,"events":[{"timestamp":3.257614,"type":"JOB_COMPLETED","data":{"job_id":"db3eff!14","job_state":"COMPLETED_SUCCESSFULLY","return_code":0,"kill_reason":"","alloc":"52-55"}}]}'
Sending '{"now":3.257614,"events":[]}'
Received '{"now":3.340735,"events":[{"timestamp":3.340735,"type":"JOB_SUBMITTED","data":{"job_id":"db3eff!15","job":{"id":"db3eff!15","profile":"CG.S.16","res":16,"subtime":3.332929,"walltime":4200}}}]}'
Sending '{"now":3.340735,"events":[]}'
Received '{"now":3.522121,"events":[{"timestamp":3.522121,"type":"JOB_SUBMITTED","data":{"job_id":"db3eff!16","job":{"id":"db3eff!16","profile":"SP.S.16","res":16,"subtime":3.514318,"walltime":4200}}}]}'
Sending '{"now":3.522121,"events":[]}'
Received '{"now":3.581552,"events":[{"timestamp":3.581552,"type":"JOB_SUBMITTED","data":{"job_id":"db3eff!17","job":{"id":"db3eff!17","profile":"SP.S.4","res":4,"subtime":3.573752,"walltime":4200}}}]}'
Sending '{"now":3.581552,"events":[{"timestamp":3.581552,"type":"EXECUTE_JOB","data":{"job_id":"db3eff!17","alloc":"52-55"}}]}'
Received '{"now":3.678288,"events":[{"timestamp":3.678288,"type":"JOB_SUBMITTED","data":{"job_id":"db3eff!18","job":{"id":"db3eff!18","profile":"SP.S.4","res":4,"subtime":3.670491,"walltime":4200}}}]}'
Sending '{"now":3.678288,"events":[{"timestamp":3.678288,"type":"EXECUTE_JOB","data":{"job_id":"db3eff!18","alloc":"56-59"}}]}'
Received '{"now":3.729514,"events":[{"timestamp":3.729514,"type":"JOB_SUBMITTED","data":{"job_id":"db3eff!19","job":{"id":"db3eff!19","profile":"LU.S.4","res":4,"subtime":3.721718,"walltime":4200}}}]}'
Sending '{"now":3.729514,"events":[{"timestamp":3.729514,"type":"EXECUTE_JOB","data":{"job_id":"db3eff!19","alloc":"60-63"}}]}'
Received '{"now":3.837702,"events":[{"timestamp":3.837702,"type":"JOB_SUBMITTED","data":{"job_id":"db3eff!20","job":{"id":"db3eff!20","profile":"BT.S.16","res":16,"subtime":3.829899,"walltime":4200}}}]}'
Sending '{"now":3.837702,"events":[]}'
Received '{"now":3.853306,"events":[{"timestamp":3.845505,"type":"JOB_SUBMITTED","data":{"job_id":"db3eff!21","job":{"id":"db3eff!21","profile":"BT.S.16","res":16,"subtime":3.830491,"walltime":4200}}}]}'
Sending '{"now":3.853306,"events":[]}'
Received '{"now":4.013407,"events":[{"timestamp":4.013407,"type":"JOB_SUBMITTED","data":{"job_id":"db3eff!22","job":{"id":"db3eff!22","profile":"IS.S.16","res":16,"subtime":4.005601,"walltime":4200}}}]}'
Sending '{"now":4.013407,"events":[]}'
Received '{"now":4.157373,"events":[{"timestamp":4.157373,"type":"JOB_SUBMITTED","data":{"job_id":"db3eff!23","job":{"id":"db3eff!23","profile":"BT.S.4","res":4,"subtime":4.149584,"walltime":4200}}}]}'
Sending '{"now":4.157373,"events":[]}'
Received '{"now":4.178849,"events":[{"timestamp":4.178849,"type":"JOB_COMPLETED","data":{"job_id":"db3eff!11","job_state":"COMPLETED_SUCCESSFULLY","return_code":0,"kill_reason":"","alloc":"0-15"}}]}'
Sending '{"now":4.178849,"events":[{"timestamp":4.178849,"type":"EXECUTE_JOB","data":{"job_id":"db3eff!12","alloc":"0-15"}}]}'
Received '{"now":4.262186,"events":[{"timestamp":4.262186,"type":"JOB_SUBMITTED","data":{"job_id":"db3eff!24","job":{"id":"db3eff!24","profile":"MG.S.16","res":16,"subtime":4.254380,"walltime":4200}}}]}'
Sending '{"now":4.262186,"events":[]}'
Received '{"now":4.444354,"events":[{"timestamp":4.444354,"type":"JOB_COMPLETED","data":{"job_id":"db3eff!17","job_state":"COMPLETED_SUCCESSFULLY","return_code":0,"kill_reason":"","alloc":"52-55"}}]}'
Sending '{"now":4.444354,"events":[{"timestamp":4.444354,"type":"EXECUTE_JOB","data":{"job_id":"db3eff!23","alloc":"52-55"}}]}'
Received '{"now":4.471145,"events":[{"timestamp":4.471145,"type":"JOB_SUBMITTED","data":{"job_id":"db3eff!25","job":{"id":"db3eff!25","profile":"MG.S.16","res":16,"subtime":4.463341,"walltime":4200}}}]}'
Sending '{"now":4.471145,"events":[]}'
Received '{"now":4.538896,"events":[{"timestamp":4.538896,"type":"JOB_COMPLETED","data":{"job_id":"db3eff!18","job_state":"COMPLETED_SUCCESSFULLY","return_code":0,"kill_reason":"","alloc":"56-59"}}]}'
Sending '{"now":4.538896,"events":[]}'
Received '{"now":4.561948,"events":[{"timestamp":4.561948,"type":"JOB_SUBMITTED","data":{"job_id":"db3eff!26","job":{"id":"db3eff!26","profile":"MG.S.16","res":16,"subtime":4.554142,"walltime":4200}}}]}'
Sending '{"now":4.561948,"events":[]}'
Received '{"now":4.657972,"events":[{"timestamp":4.657972,"type":"JOB_COMPLETED","data":{"job_id":"db3eff!4","job_state":"COMPLETED_SUCCESSFULLY","return_code":0,"kill_reason":"","alloc":"20-35"}}]}'
Sending '{"now":4.657972,"events":[{"timestamp":4.657972,"type":"EXECUTE_JOB","data":{"job_id":"db3eff!13","alloc":"16-31"}}]}'
Received '{"now":4.735117,"events":[{"timestamp":4.735117,"type":"JOB_COMPLETED","data":{"job_id":"db3eff!5","job_state":"COMPLETED_SUCCESSFULLY","return_code":0,"kill_reason":"","alloc":"36-51"}}]}'
Sending '{"now":4.735117,"events":[{"timestamp":4.735117,"type":"EXECUTE_JOB","data":{"job_id":"db3eff!15","alloc":"32-47"}}]}'
Received '{"now":4.875874,"events":[{"timestamp":4.875874,"type":"JOB_SUBMITTED","data":{"job_id":"db3eff!27","job":{"id":"db3eff!27","profile":"FT.S.16","res":16,"subtime":4.868068,"walltime":4200}}}]}'
Sending '{"now":4.875874,"events":[]}'
Received '{"now":4.911605,"events":[{"timestamp":4.911605,"type":"JOB_COMPLETED","data":{"job_id":"db3eff!23","job_state":"COMPLETED_SUCCESSFULLY","return_code":0,"kill_reason":"","alloc":"52-55"}}]}'
Sending '{"now":4.911605,"events":[]}'
Received '{"now":5.497043,"events":[{"timestamp":5.497043,"type":"JOB_SUBMITTED","data":{"job_id":"db3eff!28","job":{"id":"db3eff!28","profile":"MG.S.16","res":16,"subtime":5.489237,"walltime":4200}}}]}'
Sending '{"now":5.497043,"events":[]}'
Received '{"now":5.530395,"events":[{"timestamp":5.530395,"type":"JOB_SUBMITTED","data":{"job_id":"db3eff!29","job":{"id":"db3eff!29","profile":"MG.S.4","res":4,"subtime":5.522589,"walltime":4200}}}]}'
Sending '{"now":5.530395,"events":[]}'
Received '{"now":5.565990,"events":[{"timestamp":5.565990,"type":"JOB_SUBMITTED","data":{"job_id":"db3eff!30","job":{"id":"db3eff!30","profile":"SP.S.4","res":4,"subtime":5.558184,"walltime":4200}}}]}'
Sending '{"now":5.56599,"events":[]}'
Received '{"now":5.967434,"events":[{"timestamp":5.967434,"type":"JOB_SUBMITTED","data":{"job_id":"db3eff!31","job":{"id":"db3eff!31","profile":"SP.S.16","res":16,"subtime":5.959628,"walltime":4200}}}]}'
Sending '{"now":5.967434,"events":[]}'
Received '{"now":5.983046,"events":[{"timestamp":5.975240,"type":"JOB_SUBMITTED","data":{"job_id":"db3eff!32","job":{"id":"db3eff!32","profile":"FT.S.4","res":4,"subtime":5.964654,"walltime":4200}}}]}'
Sending '{"now":5.983046,"events":[]}'
Received '{"now":5.998658,"events":[{"timestamp":5.990852,"type":"JOB_SUBMITTED","data":{"job_id":"db3eff!33","job":{"id":"db3eff!33","profile":"MG.S.4","res":4,"subtime":5.972441,"walltime":4200}}}]}'
Sending '{"now":5.998658,"events":[]}'
Received '{"now":6.135788,"events":[{"timestamp":6.135788,"type":"JOB_COMPLETED","data":{"job_id":"db3eff!19","job_state":"COMPLETED_SUCCESSFULLY","return_code":0,"kill_reason":"","alloc":"60-63"}}]}'
Sending '{"now":6.135788,"events":[{"timestamp":6.135788,"type":"EXECUTE_JOB","data":{"job_id":"db3eff!16","alloc":"48-63"}}]}'
Received '{"now":6.232722,"events":[{"timestamp":6.232722,"type":"JOB_COMPLETED","data":{"job_id":"db3eff!12","job_state":"COMPLETED_SUCCESSFULLY","return_code":0,"kill_reason":"","alloc":"0-15"}}]}'
Sending '{"now":6.232722,"events":[{"timestamp":6.232722,"type":"EXECUTE_JOB","data":{"job_id":"db3eff!20","alloc":"0-15"}}]}'
Received '{"now":6.285082,"events":[{"timestamp":6.285082,"type":"JOB_SUBMITTED","data":{"job_id":"db3eff!34","job":{"id":"db3eff!34","profile":"SP.S.4","res":4,"subtime":6.277276,"walltime":4200}}}]}'
Sending '{"now":6.285082,"events":[]}'
Received '{"now":6.388898,"events":[{"timestamp":6.388898,"type":"JOB_SUBMITTED","data":{"job_id":"db3eff!35","job":{"id":"db3eff!35","profile":"CG.S.4","res":4,"subtime":6.381092,"walltime":4200}}}]}'
Sending '{"now":6.388898,"events":[]}'
Received '{"now":6.404510,"events":[{"timestamp":6.404510,"type":"JOB_SUBMITTED","data":{"job_id":"db3eff!36","job":{"id":"db3eff!36","profile":"SP.S.4","res":4,"subtime":6.390986,"walltime":4200}}}]}'
Sending '{"now":6.40451,"events":[]}'
Received '{"now":6.832031,"events":[{"timestamp":6.832031,"type":"JOB_SUBMITTED","data":{"job_id":"db3eff!37","job":{"id":"db3eff!37","profile":"MG.S.16","res":16,"subtime":6.824225,"walltime":4200}}}]}'
Sending '{"now":6.832031,"events":[]}'
Received '{"now":6.950346,"events":[{"timestamp":6.950346,"type":"JOB_SUBMITTED","data":{"job_id":"db3eff!38","job":{"id":"db3eff!38","profile":"CG.S.16","res":16,"subtime":6.942540,"walltime":4200}}}]}'
Sending '{"now":6.950346,"events":[]}'
Received '{"now":7.364582,"events":[{"timestamp":7.364582,"type":"JOB_COMPLETED","data":{"job_id":"db3eff!20","job_state":"COMPLETED_SUCCESSFULLY","return_code":0,"kill_reason":"","alloc":"0-15"}}]}'
Sending '{"now":7.364582,"events":[{"timestamp":7.364582,"type":"EXECUTE_JOB","data":{"job_id":"db3eff!21","alloc":"0-15"}}]}'
Received '{"now":7.428042,"events":[{"timestamp":7.428042,"type":"JOB_SUBMITTED","data":{"job_id":"db3eff!39","job":{"id":"db3eff!39","profile":"CG.S.16","res":16,"subtime":7.420236,"walltime":4200}}}]}'
Sending '{"now":7.428042,"events":[]}'
Received '{"now":7.545542,"events":[{"timestamp":7.545542,"type":"JOB_SUBMITTED","data":{"job_id":"db3eff!40","job":{"id":"db3eff!40","profile":"IS.S.4","res":4,"subtime":7.537736,"walltime":4200}}}]}'
Sending '{"now":7.545542,"events":[]}'
Received '{"now":7.792025,"events":[{"timestamp":7.792025,"type":"JOB_SUBMITTED","data":{"job_id":"db3eff!41","job":{"id":"db3eff!41","profile":"SP.S.16","res":16,"subtime":7.784219,"walltime":4200}}}]}'
Sending '{"now":7.792025,"events":[]}'
Received '{"now":8.096480,"events":[{"timestamp":8.096480,"type":"JOB_COMPLETED","data":{"job_id":"db3eff!16","job_state":"COMPLETED_SUCCESSFULLY","return_code":0,"kill_reason":"","alloc":"48-63"}}]}'
Sending '{"now":8.09648,"events":[{"timestamp":8.09648,"type":"EXECUTE_JOB","data":{"job_id":"db3eff!22","alloc":"48-63"}}]}'
Received '{"now":8.239088,"events":[{"timestamp":8.239088,"type":"JOB_COMPLETED","data":{"job_id":"db3eff!13","job_state":"COMPLETED_SUCCESSFULLY","return_code":0,"kill_reason":"","alloc":"16-31"}}]}'
Sending '{"now":8.239088,"events":[{"timestamp":8.239088,"type":"EXECUTE_JOB","data":{"job_id":"db3eff!24","alloc":"16-31"}}]}'
Received '{"now":8.268360,"events":[{"timestamp":8.252748,"type":"JOB_COMPLETED","data":{"job_id":"db3eff!22","job_state":"COMPLETED_SUCCESSFULLY","return_code":0,"kill_reason":"","alloc":"48-63"}}]}'
Sending '{"now":8.26836,"events":[{"timestamp":8.26836,"type":"EXECUTE_JOB","data":{"job_id":"db3eff!25","alloc":"48-63"}}]}'
Received '{"now":8.316295,"events":[{"timestamp":8.316295,"type":"JOB_COMPLETED","data":{"job_id":"db3eff!15","job_state":"COMPLETED_SUCCESSFULLY","return_code":0,"kill_reason":"","alloc":"32-47"}}]}'
Sending '{"now":8.316295,"events":[{"timestamp":8.316295,"type":"EXECUTE_JOB","data":{"job_id":"db3eff!26","alloc":"32-47"}}]}'
Received '{"now":8.339723,"events":[{"timestamp":8.331917,"type":"JOB_SUBMITTED","data":{"job_id":"db3eff!42","job":{"id":"db3eff!42","profile":"IS.S.16","res":16,"subtime":8.322078,"walltime":4200}}}]}'
Sending '{"now":8.339723,"events":[]}'
Received '{"now":8.455883,"events":[{"timestamp":8.455883,"type":"JOB_SUBMITTED","data":{"job_id":"db3eff!43","job":{"id":"db3eff!43","profile":"SP.S.16","res":16,"subtime":8.448077,"walltime":4200}}}]}'
Sending '{"now":8.455883,"events":[]}'
Received '{"now":8.496479,"events":[{"timestamp":8.496479,"type":"JOB_COMPLETED","data":{"job_id":"db3eff!21","job_state":"COMPLETED_SUCCESSFULLY","return_code":0,"kill_reason":"","alloc":"0-15"}}]}'
Sending '{"now":8.496479,"events":[{"timestamp":8.496479,"type":"EXECUTE_JOB","data":{"job_id":"db3eff!27","alloc":"0-15"}}]}'
Received '{"now":8.575878,"events":[{"timestamp":8.575878,"type":"JOB_SUBMITTED","data":{"job_id":"db3eff!44","job":{"id":"db3eff!44","profile":"FT.S.4","res":4,"subtime":8.568072,"walltime":4200}}}]}'
Sending '{"now":8.575878,"events":[]}'
Received '{"now":8.665667,"events":[{"timestamp":8.665667,"type":"JOB_SUBMITTED","data":{"job_id":"db3eff!45","job":{"id":"db3eff!45","profile":"IS.S.16","res":16,"subtime":8.657861,"walltime":4200}}}]}'
Sending '{"now":8.665667,"events":[]}'
Received '{"now":8.759319,"events":[{"timestamp":8.759319,"type":"JOB_COMPLETED","data":{"job_id":"db3eff!27","job_state":"COMPLETED_SUCCESSFULLY","return_code":0,"kill_reason":"","alloc":"0-15"}}]}'
Sending '{"now":8.759319,"events":[{"timestamp":8.759319,"type":"EXECUTE_JOB","data":{"job_id":"db3eff!28","alloc":"0-15"}}]}'
Received '{"now":8.999802,"events":[{"timestamp":8.999802,"type":"JOB_COMPLETED","data":{"job_id":"db3eff!24","job_state":"COMPLETED_SUCCESSFULLY","return_code":0,"kill_reason":"","alloc":"16-31"}}]}'
Sending '{"now":8.999802,"events":[{"timestamp":8.999802,"type":"EXECUTE_JOB","data":{"job_id":"db3eff!29","alloc":"16-19"}},{"timestamp":8.999802,"type":"EXECUTE_JOB","data":{"job_id":"db3eff!30","alloc":"20-23"}},{"timestamp":8.999802,"type":"EXECUTE_JOB","data":{"job_id":"db3eff!32","alloc":"24-27"}},{"timestamp":8.999802,"type":"EXECUTE_JOB","data":{"job_id":"db3eff!33","alloc":"28-31"}}]}'
Received '{"now":9.052494,"events":[{"timestamp":9.021278,"type":"JOB_COMPLETED","data":{"job_id":"db3eff!25","job_state":"COMPLETED_SUCCESSFULLY","return_code":0,"kill_reason":"","alloc":"48-63"}}]}'
Sending '{"now":9.052494,"events":[{"timestamp":9.052494,"type":"EXECUTE_JOB","data":{"job_id":"db3eff!31","alloc":"48-63"}}]}'
Received '{"now":9.081762,"events":[{"timestamp":9.066154,"type":"JOB_COMPLETED","data":{"job_id":"db3eff!26","job_state":"COMPLETED_SUCCESSFULLY","return_code":0,"kill_reason":"","alloc":"32-47"}}]}'
Sending '{"now":9.081762,"events":[{"timestamp":9.081762,"type":"EXECUTE_JOB","data":{"job_id":"db3eff!34","alloc":"32-35"}},{"timestamp":9.081762,"type":"EXECUTE_JOB","data":{"job_id":"db3eff!35","alloc":"36-39"}},{"timestamp":9.081762,"type":"EXECUTE_JOB","data":{"job_id":"db3eff!36","alloc":"40-43"}},{"timestamp":9.081762,"type":"EXECUTE_JOB","data":{"job_id":"db3eff!40","alloc":"44-47"}}]}'
Received '{"now":9.159803,"events":[{"timestamp":9.159803,"type":"JOB_COMPLETED","data":{"job_id":"db3eff!32","job_state":"COMPLETED_SUCCESSFULLY","return_code":0,"kill_reason":"","alloc":"24-27"}}]}'
Sending '{"now":9.159803,"events":[{"timestamp":9.159803,"type":"EXECUTE_JOB","data":{"job_id":"db3eff!44","alloc":"24-27"}}]}'
Received '{"now":9.204802,"events":[{"timestamp":9.204802,"type":"JOB_COMPLETED","data":{"job_id":"db3eff!40","job_state":"COMPLETED_SUCCESSFULLY","return_code":0,"kill_reason":"","alloc":"44-47"}}]}'
Sending '{"now":9.204802,"events":[]}'
Received '{"now":9.290534,"events":[{"timestamp":9.290534,"type":"JOB_COMPLETED","data":{"job_id":"db3eff!44","job_state":"COMPLETED_SUCCESSFULLY","return_code":0,"kill_reason":"","alloc":"24-27"}}]}'
Sending '{"now":9.290534,"events":[]}'
Received '{"now":9.438303,"events":[{"timestamp":9.438303,"type":"JOB_COMPLETED","data":{"job_id":"db3eff!29","job_state":"COMPLETED_SUCCESSFULLY","return_code":0,"kill_reason":"","alloc":"16-19"}}]}'
Sending '{"now":9.438303,"events":[]}'
Received '{"now":9.475350,"events":[{"timestamp":9.475350,"type":"JOB_COMPLETED","data":{"job_id":"db3eff!33","job_state":"COMPLETED_SUCCESSFULLY","return_code":0,"kill_reason":"","alloc":"28-31"}}]}'
Sending '{"now":9.47535,"events":[]}'
Received '{"now":9.490971,"events":[{"timestamp":9.490971,"type":"JOB_SUBMITTED","data":{"job_id":"db3eff!46","job":{"id":"db3eff!46","profile":"FT.S.16","res":16,"subtime":9.476439,"walltime":4200}}}]}'
Sending '{"now":9.490971,"events":[]}'
Received '{"now":9.512438,"events":[{"timestamp":9.512438,"type":"JOB_COMPLETED","data":{"job_id":"db3eff!28","job_state":"COMPLETED_SUCCESSFULLY","return_code":0,"kill_reason":"","alloc":"0-15"}}]}'
Sending '{"now":9.512438,"events":[{"timestamp":9.512438,"type":"EXECUTE_JOB","data":{"job_id":"db3eff!37","alloc":"0-15"}}]}'
Received '{"now":9.538180,"events":[{"timestamp":9.538180,"type":"JOB_SUBMITTED","data":{"job_id":"db3eff!47","job":{"id":"db3eff!47","profile":"BT.S.4","res":4,"subtime":9.530374,"walltime":4200}}}]}'
Sending '{"now":9.53818,"events":[{"timestamp":9.53818,"type":"EXECUTE_JOB","data":{"job_id":"db3eff!47","alloc":"44-47"}}]}'
Received '{"now":9.561593,"events":[{"timestamp":9.561593,"type":"JOB_SUBMITTED","data":{"job_id":"db3eff!48","job":{"id":"db3eff!48","profile":"IS.S.16","res":16,"subtime":9.547532,"walltime":4200}}}]}'
Sending '{"now":9.561593,"events":[]}'
Received '{"now":9.603192,"events":[{"timestamp":9.603192,"type":"JOB_SUBMITTED","data":{"job_id":"db3eff!49","job":{"id":"db3eff!49","profile":"IS.S.4","res":4,"subtime":9.595394,"walltime":4200}}}]}'
Sending '{"now":9.603192,"events":[]}'
Received '{"now":9.713453,"events":[{"timestamp":9.713453,"type":"JOB_SUBMITTED","data":{"job_id":"db3eff!50","job":{"id":"db3eff!50","profile":"SP.S.16","res":16,"subtime":9.705647,"walltime":4200}}}]}'
Sending '{"now":9.713453,"events":[]}'
Received '{"now":9.799234,"events":[{"timestamp":9.799234,"type":"JOB_COMPLETED","data":{"job_id":"db3eff!30","job_state":"COMPLETED_SUCCESSFULLY","return_code":0,"kill_reason":"","alloc":"20-23"}}]}'
Sending '{"now":9.799234,"events":[{"timestamp":9.799234,"type":"EXECUTE_JOB","data":{"job_id":"db3eff!38","alloc":"16-31"}}]}'
Received '{"now":9.857928,"events":[{"timestamp":9.857928,"type":"JOB_COMPLETED","data":{"job_id":"db3eff!34","job_state":"COMPLETED_SUCCESSFULLY","return_code":0,"kill_reason":"","alloc":"32-35"}}]}'
Sending '{"now":9.857928,"events":[{"timestamp":9.857928,"type":"EXECUTE_JOB","data":{"job_id":"db3eff!49","alloc":"32-35"}}]}'
Received '{"now":9.887201,"events":[{"timestamp":9.871589,"type":"JOB_COMPLETED","data":{"job_id":"db3eff!36","job_state":"COMPLETED_SUCCESSFULLY","return_code":0,"kill_reason":"","alloc":"40-43"}}]}'
Sending '{"now":9.887201,"events":[]}'
Received '{"now":9.971241,"events":[{"timestamp":9.971241,"type":"JOB_COMPLETED","data":{"job_id":"db3eff!49","job_state":"COMPLETED_SUCCESSFULLY","return_code":0,"kill_reason":"","alloc":"32-35"}}]}'
Sending '{"now":9.971241,"events":[]}'
Received '{"now":10.006051,"events":[{"timestamp":10.006051,"type":"JOB_COMPLETED","data":{"job_id":"db3eff!47","job_state":"COMPLETED_SUCCESSFULLY","return_code":0,"kill_reason":"","alloc":"44-47"}}]}'
Sending '{"now":10.006051,"events":[]}'
Received '{"now":10.209302,"events":[{"timestamp":10.209302,"type":"JOB_COMPLETED","data":{"job_id":"db3eff!35","job_state":"COMPLETED_SUCCESSFULLY","return_code":0,"kill_reason":"","alloc":"36-39"}}]}'
Sending '{"now":10.209302,"events":[{"timestamp":10.209302,"type":"EXECUTE_JOB","data":{"job_id":"db3eff!39","alloc":"32-47"}}]}'
Received '{"now":10.259398,"events":[{"timestamp":10.259398,"type":"JOB_COMPLETED","data":{"job_id":"db3eff!37","job_state":"COMPLETED_SUCCESSFULLY","return_code":0,"kill_reason":"","alloc":"0-15"}}]}'
Sending '{"now":10.259398,"events":[{"timestamp":10.259398,"type":"EXECUTE_JOB","data":{"job_id":"db3eff!41","alloc":"0-15"}}]}'
Received '{"now":10.501813,"events":[{"timestamp":10.501813,"type":"JOB_SUBMITTED","data":{"job_id":"db3eff!51","job":{"id":"db3eff!51","profile":"IS.S.16","res":16,"subtime":10.494007,"walltime":4200}}}]}'
Sending '{"now":10.501813,"events":[]}'
Received '{"now":10.867036,"events":[{"timestamp":10.867036,"type":"JOB_SUBMITTED","data":{"job_id":"db3eff!52","job":{"id":"db3eff!52","profile":"BT.S.16","res":16,"subtime":10.859230,"walltime":4200}}}]}'
Sending '{"now":10.867036,"events":[]}'
Received '{"now":11.029374,"events":[{"timestamp":11.029374,"type":"JOB_COMPLETED","data":{"job_id":"db3eff!31","job_state":"COMPLETED_SUCCESSFULLY","return_code":0,"kill_reason":"","alloc":"48-63"}}]}'
Sending '{"now":11.029374,"events":[{"timestamp":11.029374,"type":"EXECUTE_JOB","data":{"job_id":"db3eff!42","alloc":"48-63"}}]}'
Received '{"now":11.109615,"events":[{"timestamp":11.109615,"type":"JOB_SUBMITTED","data":{"job_id":"db3eff!53","job":{"id":"db3eff!53","profile":"MG.S.16","res":16,"subtime":11.101809,"walltime":4200}}}]}'
Sending '{"now":11.109615,"events":[]}'
Received '{"now":11.147843,"events":[{"timestamp":11.147843,"type":"JOB_SUBMITTED","data":{"job_id":"db3eff!54","job":{"id":"db3eff!54","profile":"BT.S.4","res":4,"subtime":11.140045,"walltime":4200}}}]}'
Sending '{"now":11.147843,"events":[]}'
Received '{"now":11.176506,"events":[{"timestamp":11.176506,"type":"JOB_COMPLETED","data":{"job_id":"db3eff!42","job_state":"COMPLETED_SUCCESSFULLY","return_code":0,"kill_reason":"","alloc":"48-63"}}]}'
Sending '{"now":11.176506,"events":[{"timestamp":11.176506,"type":"EXECUTE_JOB","data":{"job_id":"db3eff!43","alloc":"48-63"}}]}'
Received '{"now":11.474260,"events":[{"timestamp":11.474260,"type":"JOB_SUBMITTED","data":{"job_id":"db3eff!55","job":{"id":"db3eff!55","profile":"IS.S.4","res":4,"subtime":11.466463,"walltime":4200}}}]}'
Sending '{"now":11.47426,"events":[]}'
Received '{"now":11.784150,"events":[{"timestamp":11.784150,"type":"JOB_SUBMITTED","data":{"job_id":"db3eff!56","job":{"id":"db3eff!56","profile":"CG.S.16","res":16,"subtime":11.776344,"walltime":4200}}}]}'
Sending '{"now":11.78415,"events":[]}'
Received '{"now":11.888874,"events":[{"timestamp":11.888874,"type":"JOB_SUBMITTED","data":{"job_id":"db3eff!57","job":{"id":"db3eff!57","profile":"BT.S.4","res":4,"subtime":11.881077,"walltime":4200}}}]}'
Sending '{"now":11.888874,"events":[]}'
Received '{"now":11.925501,"events":[{"timestamp":11.925501,"type":"JOB_SUBMITTED","data":{"job_id":"db3eff!58","job":{"id":"db3eff!58","profile":"IS.S.16","res":16,"subtime":11.917695,"walltime":4200}}}]}'
Sending '{"now":11.925501,"events":[]}'
Received '{"now":12.080963,"events":[{"timestamp":12.080963,"type":"JOB_SUBMITTED","data":{"job_id":"db3eff!59","job":{"id":"db3eff!59","profile":"BT.S.16","res":16,"subtime":12.073157,"walltime":4200}}}]}'
Sending '{"now":12.080963,"events":[]}'
Received '{"now":12.144618,"events":[{"timestamp":12.144618,"type":"JOB_SUBMITTED","data":{"job_id":"db3eff!60","job":{"id":"db3eff!60","profile":"CG.S.16","res":16,"subtime":12.136821,"walltime":4200}}}]}'
Sending '{"now":12.144618,"events":[]}'
Received '{"now":12.239786,"events":[{"timestamp":12.239786,"type":"JOB_COMPLETED","data":{"job_id":"db3eff!41","job_state":"COMPLETED_SUCCESSFULLY","return_code":0,"kill_reason":"","alloc":"0-15"}}]}'
Sending '{"now":12.239786,"events":[{"timestamp":12.239786,"type":"EXECUTE_JOB","data":{"job_id":"db3eff!45","alloc":"0-15"}}]}'
Received '{"now":12.263214,"events":[{"timestamp":12.263214,"type":"JOB_SUBMITTED","data":{"job_id":"db3eff!61","job":{"id":"db3eff!61","profile":"SP.S.16","res":16,"subtime":12.254820,"walltime":4200}}}]}'
Sending '{"now":12.263214,"events":[]}'
Received '{"now":12.361192,"events":[{"timestamp":12.361192,"type":"JOB_SUBMITTED","data":{"job_id":"db3eff!62","job":{"id":"db3eff!62","profile":"LU.S.4","res":4,"subtime":12.353386,"walltime":4200}}}]}'
Sending '{"now":12.361192,"events":[]}'
Received '{"now":12.386865,"events":[{"timestamp":12.386865,"type":"JOB_COMPLETED","data":{"job_id":"db3eff!45","job_state":"COMPLETED_SUCCESSFULLY","return_code":0,"kill_reason":"","alloc":"0-15"}}]}'
Sending '{"now":12.386865,"events":[{"timestamp":12.386865,"type":"EXECUTE_JOB","data":{"job_id":"db3eff!46","alloc":"0-15"}}]}'
Received '{"now":12.649659,"events":[{"timestamp":12.649659,"type":"JOB_COMPLETED","data":{"job_id":"db3eff!46","job_state":"COMPLETED_SUCCESSFULLY","return_code":0,"kill_reason":"","alloc":"0-15"}}]}'
Sending '{"now":12.649659,"events":[{"timestamp":12.649659,"type":"EXECUTE_JOB","data":{"job_id":"db3eff!48","alloc":"0-15"}}]}'
Received '{"now":12.686409,"events":[{"timestamp":12.686409,"type":"JOB_SUBMITTED","data":{"job_id":"db3eff!63","job":{"id":"db3eff!63","profile":"CG.S.4","res":4,"subtime":12.678603,"walltime":4200}}}]}'
Sending '{"now":12.686409,"events":[]}'
Received '{"now":12.734763,"events":[{"timestamp":12.734763,"type":"JOB_SUBMITTED","data":{"job_id":"db3eff!64","job":{"id":"db3eff!64","profile":"BT.S.16","res":16,"subtime":12.726957,"walltime":4200}}}]}'
Sending '{"now":12.734763,"events":[]}'
Received '{"now":12.796789,"events":[{"timestamp":12.796789,"type":"JOB_COMPLETED","data":{"job_id":"db3eff!48","job_state":"COMPLETED_SUCCESSFULLY","return_code":0,"kill_reason":"","alloc":"0-15"}}]}'
Sending '{"now":12.796789,"events":[{"timestamp":12.796789,"type":"EXECUTE_JOB","data":{"job_id":"db3eff!50","alloc":"0-15"}}]}'
Received '{"now":12.851958,"events":[{"timestamp":12.851958,"type":"JOB_SUBMITTED","data":{"job_id":"db3eff!65","job":{"id":"db3eff!65","profile":"LU.S.4","res":4,"subtime":12.844155,"walltime":4200}}}]}'
Sending '{"now":12.851958,"events":[]}'
Received '{"now":12.979779,"events":[{"timestamp":12.979779,"type":"JOB_SUBMITTED","data":{"job_id":"db3eff!66","job":{"id":"db3eff!66","profile":"CG.S.4","res":4,"subtime":12.971973,"walltime":4200}}}]}'
Sending '{"now":12.979779,"events":[]}'
Received '{"now":13.152190,"events":[{"timestamp":13.152190,"type":"JOB_COMPLETED","data":{"job_id":"db3eff!43","job_state":"COMPLETED_SUCCESSFULLY","return_code":0,"kill_reason":"","alloc":"48-63"}}]}'
Sending '{"now":13.15219,"events":[{"timestamp":13.15219,"type":"EXECUTE_JOB","data":{"job_id":"db3eff!51","alloc":"48-63"}}]}'
Received '{"now":13.175608,"events":[{"timestamp":13.159996,"type":"JOB_SUBMITTED","data":{"job_id":"db3eff!67","job":{"id":"db3eff!67","profile":"LU.S.16","res":16,"subtime":13.149060,"walltime":4200}}}]}'
Sending '{"now":13.175608,"events":[]}'
Received '{"now":13.307112,"events":[{"timestamp":13.307112,"type":"JOB_COMPLETED","data":{"job_id":"db3eff!51","job_state":"COMPLETED_SUCCESSFULLY","return_code":0,"kill_reason":"","alloc":"48-63"}}]}'
Sending '{"now":13.307112,"events":[{"timestamp":13.307112,"type":"EXECUTE_JOB","data":{"job_id":"db3eff!52","alloc":"48-63"}}]}'
Received '{"now":13.380212,"events":[{"timestamp":13.380212,"type":"JOB_COMPLETED","data":{"job_id":"db3eff!38","job_state":"COMPLETED_SUCCESSFULLY","return_code":0,"kill_reason":"","alloc":"16-31"}}]}'
Sending '{"now":13.380212,"events":[{"timestamp":13.380212,"type":"EXECUTE_JOB","data":{"job_id":"db3eff!53","alloc":"16-31"}}]}'
Received '{"now":13.677994,"events":[{"timestamp":13.677994,"type":"JOB_SUBMITTED","data":{"job_id":"db3eff!68","job":{"id":"db3eff!68","profile":"LU.S.4","res":4,"subtime":13.670188,"walltime":4200}}}]}'
Sending '{"now":13.677994,"events":[]}'
Received '{"now":13.790153,"events":[{"timestamp":13.790153,"type":"JOB_COMPLETED","data":{"job_id":"db3eff!39","job_state":"COMPLETED_SUCCESSFULLY","return_code":0,"kill_reason":"","alloc":"32-47"}}]}'
Sending '{"now":13.790153,"events":[{"timestamp":13.790153,"type":"EXECUTE_JOB","data":{"job_id":"db3eff!54","alloc":"32-35"}},{"timestamp":13.790153,"type":"EXECUTE_JOB","data":{"job_id":"db3eff!55","alloc":"36-39"}},{"timestamp":13.790153,"type":"EXECUTE_JOB","data":{"job_id":"db3eff!57","alloc":"40-43"}},{"timestamp":13.790153,"type":"EXECUTE_JOB","data":{"job_id":"db3eff!62","alloc":"44-47"}}]}'
Received '{"now":13.884737,"events":[{"timestamp":13.884737,"type":"JOB_SUBMITTED","data":{"job_id":"db3eff!69","job":{"id":"db3eff!69","profile":"LU.S.16","res":16,"subtime":13.876931,"walltime":4200}}}]}'
Sending '{"now":13.884737,"events":[]}'
Received '{"now":13.906196,"events":[{"timestamp":13.898398,"type":"JOB_COMPLETED","data":{"job_id":"db3eff!55","job_state":"COMPLETED_SUCCESSFULLY","return_code":0,"kill_reason":"","alloc":"36-39"}}]}'
Sending '{"now":13.906196,"events":[{"timestamp":13.906196,"type":"EXECUTE_JOB","data":{"job_id":"db3eff!63","alloc":"36-39"}}]}'
Received '{"now":14.080021,"events":[{"timestamp":14.080021,"type":"JOB_SUBMITTED","data":{"job_id":"db3eff!70","job":{"id":"db3eff!70","profile":"CG.S.4","res":4,"subtime":14.072224,"walltime":4200}}}]}'
Sending '{"now":14.080021,"events":[]}'
Received '{"now":14.095633,"events":[{"timestamp":14.087827,"type":"JOB_SUBMITTED","data":{"job_id":"db3eff!71","job":{"id":"db3eff!71","profile":"BT.S.4","res":4,"subtime":14.073070,"walltime":4200}}}]}'
Sending '{"now":14.095633,"events":[]}'
Received '{"now":14.127023,"events":[{"timestamp":14.127023,"type":"JOB_COMPLETED","data":{"job_id":"db3eff!53","job_state":"COMPLETED_SUCCESSFULLY","return_code":0,"kill_reason":"","alloc":"16-31"}}]}'
Sending '{"now":14.127023,"events":[{"timestamp":14.127023,"type":"EXECUTE_JOB","data":{"job_id":"db3eff!56","alloc":"16-31"}}]}'
Received '{"now":14.257901,"events":[{"timestamp":14.257901,"type":"JOB_COMPLETED","data":{"job_id":"db3eff!54","job_state":"COMPLETED_SUCCESSFULLY","return_code":0,"kill_reason":"","alloc":"32-35"}}]}'
Sending '{"now":14.257901,"events":[{"timestamp":14.257901,"type":"EXECUTE_JOB","data":{"job_id":"db3eff!65","alloc":"32-35"}}]}'
Received '{"now":14.294987,"events":[{"timestamp":14.279376,"type":"JOB_COMPLETED","data":{"job_id":"db3eff!57","job_state":"COMPLETED_SUCCESSFULLY","return_code":0,"kill_reason":"","alloc":"40-43"}},{"timestamp":14.287182,"type":"JOB_SUBMITTED","data":{"job_id":"db3eff!72","job":{"id":"db3eff!72","profile":"IS.S.4","res":4,"subtime":14.263282,"walltime":4200}}}]}'
Sending '{"now":14.294987,"events":[{"timestamp":14.294987,"type":"EXECUTE_JOB","data":{"job_id":"db3eff!66","alloc":"40-43"}}]}'
Received '{"now":14.438521,"events":[{"timestamp":14.438521,"type":"JOB_COMPLETED","data":{"job_id":"db3eff!52","job_state":"COMPLETED_SUCCESSFULLY","return_code":0,"kill_reason":"","alloc":"48-63"}}]}'
Sending '{"now":14.438521,"events":[{"timestamp":14.438521,"type":"EXECUTE_JOB","data":{"job_id":"db3eff!58","alloc":"48-63"}}]}'
Received '{"now":14.585647,"events":[{"timestamp":14.585647,"type":"JOB_COMPLETED","data":{"job_id":"db3eff!58","job_state":"COMPLETED_SUCCESSFULLY","return_code":0,"kill_reason":"","alloc":"48-63"}}]}'
Sending '{"now":14.585647,"events":[{"timestamp":14.585647,"type":"EXECUTE_JOB","data":{"job_id":"db3eff!59","alloc":"48-63"}}]}'
Received '{"now":14.613082,"events":[{"timestamp":14.613082,"type":"JOB_SUBMITTED","data":{"job_id":"db3eff!73","job":{"id":"db3eff!73","profile":"LU.S.4","res":4,"subtime":14.605286,"walltime":4200}}}]}'
Sending '{"now":14.613082,"events":[]}'
Received '{"now":14.785944,"events":[{"timestamp":14.785944,"type":"JOB_COMPLETED","data":{"job_id":"db3eff!50","job_state":"COMPLETED_SUCCESSFULLY","return_code":0,"kill_reason":"","alloc":"0-15"}}]}'
Sending '{"now":14.785944,"events":[{"timestamp":14.785944,"type":"EXECUTE_JOB","data":{"job_id":"db3eff!60","alloc":"0-15"}}]}'
Received '{"now":15.025898,"events":[{"timestamp":15.025898,"type":"JOB_COMPLETED","data":{"job_id":"db3eff!63","job_state":"COMPLETED_SUCCESSFULLY","return_code":0,"kill_reason":"","alloc":"36-39"}}]}'
Sending '{"now":15.025898,"events":[{"timestamp":15.025898,"type":"EXECUTE_JOB","data":{"job_id":"db3eff!68","alloc":"36-39"}}]}'
Received '{"now":15.296092,"events":[{"timestamp":15.296092,"type":"JOB_SUBMITTED","data":{"job_id":"db3eff!74","job":{"id":"db3eff!74","profile":"SP.S.4","res":4,"subtime":15.288286,"walltime":4200}}}]}'
Sending '{"now":15.296092,"events":[]}'
Received '{"now":15.350762,"events":[{"timestamp":15.350762,"type":"JOB_SUBMITTED","data":{"job_id":"db3eff!75","job":{"id":"db3eff!75","profile":"LU.S.16","res":16,"subtime":15.342956,"walltime":4200}}}]}'
Sending '{"now":15.350762,"events":[]}'
Received '{"now":15.414917,"events":[{"timestamp":15.414917,"type":"JOB_COMPLETED","data":{"job_id":"db3eff!66","job_state":"COMPLETED_SUCCESSFULLY","return_code":0,"kill_reason":"","alloc":"40-43"}}]}'
Sending '{"now":15.414917,"events":[{"timestamp":15.414917,"type":"EXECUTE_JOB","data":{"job_id":"db3eff!70","alloc":"40-43"}}]}'
Received '{"now":15.534767,"events":[{"timestamp":15.534767,"type":"JOB_SUBMITTED","data":{"job_id":"db3eff!76","job":{"id":"db3eff!76","profile":"FT.S.4","res":4,"subtime":15.526961,"walltime":4200}}}]}'
Sending '{"now":15.534767,"events":[]}'
Received '{"now":15.717710,"events":[{"timestamp":15.717710,"type":"JOB_COMPLETED","data":{"job_id":"db3eff!59","job_state":"COMPLETED_SUCCESSFULLY","return_code":0,"kill_reason":"","alloc":"48-63"}}]}'
Sending '{"now":15.71771,"events":[{"timestamp":15.71771,"type":"EXECUTE_JOB","data":{"job_id":"db3eff!61","alloc":"48-63"}}]}'
Received '{"now":15.923147,"events":[{"timestamp":15.923147,"type":"JOB_SUBMITTED","data":{"job_id":"db3eff!77","job":{"id":"db3eff!77","profile":"IS.S.4","res":4,"subtime":15.915341,"walltime":4200}}}]}'
Sending '{"now":15.923147,"events":[]}'
Received '{"now":15.942801,"events":[{"timestamp":15.942801,"type":"JOB_SUBMITTED","data":{"job_id":"db3eff!78","job":{"id":"db3eff!78","profile":"MG.S.16","res":16,"subtime":15.935002,"walltime":4200}}}]}'
Sending '{"now":15.942801,"events":[]}'
Received '{"now":15.958413,"events":[{"timestamp":15.958413,"type":"JOB_SUBMITTED","data":{"job_id":"db3eff!79","job":{"id":"db3eff!79","profile":"BT.S.16","res":16,"subtime":15.945578,"walltime":4200}}}]}'
Sending '{"now":15.958413,"events":[]}'
Received '{"now":15.986269,"events":[{"timestamp":15.986269,"type":"JOB_SUBMITTED","data":{"job_id":"db3eff!80","job":{"id":"db3eff!80","profile":"SP.S.16","res":16,"subtime":15.978463,"walltime":4200}}}]}'
Sending '{"now":15.986269,"events":[]}'
Received '{"now":16.220607,"events":[{"timestamp":16.220607,"type":"JOB_COMPLETED","data":{"job_id":"db3eff!62","job_state":"COMPLETED_SUCCESSFULLY","return_code":0,"kill_reason":"","alloc":"44-47"}}]}'
Sending '{"now":16.220607,"events":[{"timestamp":16.220607,"type":"EXECUTE_JOB","data":{"job_id":"db3eff!71","alloc":"44-47"}}]}'
Received '{"now":16.422075,"events":[{"timestamp":16.422075,"type":"JOB_SUBMITTED","data":{"job_id":"db3eff!81","job":{"id":"db3eff!81","profile":"BT.S.16","res":16,"subtime":16.414280,"walltime":4200}}}]}'
Sending '{"now":16.422075,"events":[]}'
Received '{"now":16.510244,"events":[{"timestamp":16.510244,"type":"JOB_SUBMITTED","data":{"job_id":"db3eff!82","job":{"id":"db3eff!82","profile":"SP.S.16","res":16,"subtime":16.502438,"walltime":4200}}}]}'
Sending '{"now":16.510244,"events":[]}'
Received '{"now":16.534930,"events":[{"timestamp":16.534930,"type":"JOB_COMPLETED","data":{"job_id":"db3eff!70","job_state":"COMPLETED_SUCCESSFULLY","return_code":0,"kill_reason":"","alloc":"40-43"}}]}'
Sending '{"now":16.53493,"events":[{"timestamp":16.53493,"type":"EXECUTE_JOB","data":{"job_id":"db3eff!72","alloc":"40-43"}}]}'
Received '{"now":16.634556,"events":[{"timestamp":16.634556,"type":"JOB_COMPLETED","data":{"job_id":"db3eff!72","job_state":"COMPLETED_SUCCESSFULLY","return_code":0,"kill_reason":"","alloc":"40-43"}}]}'
Sending '{"now":16.634556,"events":[{"timestamp":16.634556,"type":"EXECUTE_JOB","data":{"job_id":"db3eff!73","alloc":"40-43"}}]}'
Received '{"now":16.665115,"events":[{"timestamp":16.665115,"type":"JOB_COMPLETED","data":{"job_id":"db3eff!65","job_state":"COMPLETED_SUCCESSFULLY","return_code":0,"kill_reason":"","alloc":"32-35"}}]}'
Sending '{"now":16.665115,"events":[{"timestamp":16.665115,"type":"EXECUTE_JOB","data":{"job_id":"db3eff!74","alloc":"32-35"}}]}'
Received '{"now":16.694388,"events":[{"timestamp":16.694388,"type":"JOB_COMPLETED","data":{"job_id":"db3eff!71","job_state":"COMPLETED_SUCCESSFULLY","return_code":0,"kill_reason":"","alloc":"44-47"}}]}'
Sending '{"now":16.694388,"events":[{"timestamp":16.694388,"type":"EXECUTE_JOB","data":{"job_id":"db3eff!76","alloc":"44-47"}}]}'
Received '{"now":16.740971,"events":[{"timestamp":16.740971,"type":"JOB_SUBMITTED","data":{"job_id":"db3eff!83","job":{"id":"db3eff!83","profile":"SP.S.16","res":16,"subtime":16.733166,"walltime":4200}}}]}'
Sending '{"now":16.740971,"events":[]}'
Received '{"now":16.771695,"events":[{"timestamp":16.771695,"type":"JOB_SUBMITTED","data":{"job_id":"db3eff!84","job":{"id":"db3eff!84","profile":"LU.S.4","res":4,"subtime":16.763890,"walltime":4200}}}]}'
Sending '{"now":16.771695,"events":[]}'
Received '{"now":16.825144,"events":[{"timestamp":16.825144,"type":"JOB_COMPLETED","data":{"job_id":"db3eff!76","job_state":"COMPLETED_SUCCESSFULLY","return_code":0,"kill_reason":"","alloc":"44-47"}}]}'
Sending '{"now":16.825144,"events":[{"timestamp":16.825144,"type":"EXECUTE_JOB","data":{"job_id":"db3eff!77","alloc":"44-47"}}]}'
Received '{"now":16.924771,"events":[{"timestamp":16.924771,"type":"JOB_COMPLETED","data":{"job_id":"db3eff!77","job_state":"COMPLETED_SUCCESSFULLY","return_code":0,"kill_reason":"","alloc":"44-47"}}]}'
Sending '{"now":16.924771,"events":[{"timestamp":16.924771,"type":"EXECUTE_JOB","data":{"job_id":"db3eff!84","alloc":"44-47"}}]}'
Received '{"now":16.955995,"events":[{"timestamp":16.932577,"type":"JOB_SUBMITTED","data":{"job_id":"db3eff!85","job":{"id":"db3eff!85","profile":"MG.S.4","res":4,"subtime":16.919366,"walltime":4200}}},{"timestamp":16.948189,"type":"JOB_SUBMITTED","data":{"job_id":"db3eff!86","job":{"id":"db3eff!86","profile":"BT.S.16","res":16,"subtime":16.935286,"walltime":4200}}}]}'
Sending '{"now":16.955995,"events":[]}'
Received '{"now":17.089862,"events":[{"timestamp":17.089862,"type":"JOB_SUBMITTED","data":{"job_id":"db3eff!87","job":{"id":"db3eff!87","profile":"IS.S.16","res":16,"subtime":17.082056,"walltime":4200}}}]}'
Sending '{"now":17.089862,"events":[]}'
Received '{"now":17.269876,"events":[{"timestamp":17.269876,"type":"JOB_SUBMITTED","data":{"job_id":"db3eff!88","job":{"id":"db3eff!88","profile":"MG.S.16","res":16,"subtime":17.262070,"walltime":4200}}}]}'
Sending '{"now":17.269876,"events":[]}'
Received '{"now":17.307789,"events":[{"timestamp":17.307789,"type":"JOB_SUBMITTED","data":{"job_id":"db3eff!89","job":{"id":"db3eff!89","profile":"SP.S.4","res":4,"subtime":17.299983,"walltime":4200}}}]}'
Sending '{"now":17.307789,"events":[]}'
Received '{"now":17.323401,"events":[{"timestamp":17.315595,"type":"JOB_SUBMITTED","data":{"job_id":"db3eff!90","job":{"id":"db3eff!90","profile":"LU.S.4","res":4,"subtime":17.307765,"walltime":4200}}}]}'
Sending '{"now":17.323401,"events":[]}'
Received '{"now":17.432902,"events":[{"timestamp":17.432902,"type":"JOB_COMPLETED","data":{"job_id":"db3eff!68","job_state":"COMPLETED_SUCCESSFULLY","return_code":0,"kill_reason":"","alloc":"36-39"}}]}'
Sending '{"now":17.432902,"events":[{"timestamp":17.432902,"type":"EXECUTE_JOB","data":{"job_id":"db3eff!85","alloc":"36-39"}}]}'
Received '{"now":17.462175,"events":[{"timestamp":17.446563,"type":"JOB_COMPLETED","data":{"job_id":"db3eff!74","job_state":"COMPLETED_SUCCESSFULLY","return_code":0,"kill_reason":"","alloc":"32-35"}}]}'
Sending '{"now":17.462175,"events":[{"timestamp":17.462175,"type":"EXECUTE_JOB","data":{"job_id":"db3eff!89","alloc":"32-35"}}]}'
Received '{"now":17.486739,"events":[{"timestamp":17.486739,"type":"JOB_SUBMITTED","data":{"job_id":"db3eff!91","job":{"id":"db3eff!91","profile":"BT.S.16","res":16,"subtime":17.478933,"walltime":4200}}}]}'
Sending '{"now":17.486739,"events":[]}'
Received '{"now":17.526798,"events":[{"timestamp":17.526798,"type":"JOB_SUBMITTED","data":{"job_id":"db3eff!92","job":{"id":"db3eff!92","profile":"MG.S.4","res":4,"subtime":17.518992,"walltime":4200}}}]}'
Sending '{"now":17.526798,"events":[]}'
Received '{"now":17.675848,"events":[{"timestamp":17.675848,"type":"JOB_COMPLETED","data":{"job_id":"db3eff!61","job_state":"COMPLETED_SUCCESSFULLY","return_code":0,"kill_reason":"","alloc":"48-63"}}]}'
Sending '{"now":17.675848,"events":[{"timestamp":17.675848,"type":"EXECUTE_JOB","data":{"job_id":"db3eff!64","alloc":"48-63"}}]}'
Received '{"now":17.708082,"events":[{"timestamp":17.708082,"type":"JOB_COMPLETED","data":{"job_id":"db3eff!56","job_state":"COMPLETED_SUCCESSFULLY","return_code":0,"kill_reason":"","alloc":"16-31"}}]}'
Sending '{"now":17.708082,"events":[{"timestamp":17.708082,"type":"EXECUTE_JOB","data":{"job_id":"db3eff!67","alloc":"16-31"}}]}'
Received '{"now":17.757085,"events":[{"timestamp":17.757085,"type":"JOB_SUBMITTED","data":{"job_id":"db3eff!93","job":{"id":"db3eff!93","profile":"BT.S.4","res":4,"subtime":17.749279,"walltime":4200}}}]}'
Sending '{"now":17.757085,"events":[]}'
Received '{"now":17.885225,"events":[{"timestamp":17.885225,"type":"JOB_COMPLETED","data":{"job_id":"db3eff!85","job_state":"COMPLETED_SUCCESSFULLY","return_code":0,"kill_reason":"","alloc":"36-39"}}]}'
Sending '{"now":17.885225,"events":[{"timestamp":17.885225,"type":"EXECUTE_JOB","data":{"job_id":"db3eff!90","alloc":"36-39"}}]}'
Received '{"now":18.139106,"events":[{"timestamp":18.139106,"type":"JOB_SUBMITTED","data":{"job_id":"db3eff!94","job":{"id":"db3eff!94","profile":"SP.S.16","res":16,"subtime":18.131301,"walltime":4200}}}]}'
Sending '{"now":18.139106,"events":[]}'
Received '{"now":18.236912,"events":[{"timestamp":18.236912,"type":"JOB_COMPLETED","data":{"job_id":"db3eff!89","job_state":"COMPLETED_SUCCESSFULLY","return_code":0,"kill_reason":"","alloc":"32-35"}}]}'
Sending '{"now":18.236912,"events":[{"timestamp":18.236912,"type":"EXECUTE_JOB","data":{"job_id":"db3eff!92","alloc":"32-35"}}]}'
Received '{"now":18.367036,"events":[{"timestamp":18.367036,"type":"JOB_COMPLETED","data":{"job_id":"db3eff!60","job_state":"COMPLETED_SUCCESSFULLY","return_code":0,"kill_reason":"","alloc":"0-15"}}]}'
Sending '{"now":18.367036,"events":[{"timestamp":18.367036,"type":"EXECUTE_JOB","data":{"job_id":"db3eff!69","alloc":"0-15"}}]}'
Received '{"now":18.390454,"events":[{"timestamp":18.382648,"type":"JOB_SUBMITTED","data":{"job_id":"db3eff!95","job":{"id":"db3eff!95","profile":"SP.S.4","res":4,"subtime":18.370066,"walltime":4200}}}]}'
Sending '{"now":18.390454,"events":[]}'
Received '{"now":18.424763,"events":[{"timestamp":18.424763,"type":"JOB_SUBMITTED","data":{"job_id":"db3eff!96","job":{"id":"db3eff!96","profile":"LU.S.16","res":16,"subtime":18.416957,"walltime":4200}}}]}'
Sending '{"now":18.424763,"events":[]}'
Received '{"now":18.488154,"events":[{"timestamp":18.488154,"type":"JOB_SUBMITTED","data":{"job_id":"db3eff!97","job":{"id":"db3eff!97","profile":"FT.S.4","res":4,"subtime":18.480348,"walltime":4200}}}]}'
Sending '{"now":18.488154,"events":[]}'
Received '{"now":18.503776,"events":[{"timestamp":18.503776,"type":"JOB_SUBMITTED","data":{"job_id":"db3eff!98","job":{"id":"db3eff!98","profile":"CG.S.16","res":16,"subtime":18.493253,"walltime":4200}}}]}'
Sending '{"now":18.503776,"events":[]}'
Received '{"now":18.650897,"events":[{"timestamp":18.650897,"type":"JOB_SUBMITTED","data":{"job_id":"db3eff!99","job":{"id":"db3eff!99","profile":"MG.S.4","res":4,"subtime":18.643091,"walltime":4200}}}]}'
Sending '{"now":18.650897,"events":[]}'
Received '{"now":18.675600,"events":[{"timestamp":18.675600,"type":"JOB_COMPLETED","data":{"job_id":"db3eff!92","job_state":"COMPLETED_SUCCESSFULLY","return_code":0,"kill_reason":"","alloc":"32-35"}}]}'
Sending '{"now":18.6756,"events":[{"timestamp":18.6756,"type":"EXECUTE_JOB","data":{"job_id":"db3eff!93","alloc":"32-35"}}]}'
Received '{"now":18.767070,"events":[{"timestamp":18.767070,"type":"JOB_SUBMITTED","data":{"job_id":"db3eff!100","job":{"id":"db3eff!100","profile":"CG.S.16","res":16,"subtime":18.759264,"walltime":4200}}}]}'
Sending '{"now":18.76707,"events":[]}'
Received '{"now":18.807498,"events":[{"timestamp":18.807498,"type":"JOB_COMPLETED","data":{"job_id":"db3eff!64","job_state":"COMPLETED_SUCCESSFULLY","return_code":0,"kill_reason":"","alloc":"48-63"}}]}'
Sending '{"now":18.807498,"events":[{"timestamp":18.807498,"type":"EXECUTE_JOB","data":{"job_id":"db3eff!75","alloc":"48-63"}}]}'
Received '{"now":19.041644,"events":[{"timestamp":19.041644,"type":"JOB_COMPLETED","data":{"job_id":"db3eff!73","job_state":"COMPLETED_SUCCESSFULLY","return_code":0,"kill_reason":"","alloc":"40-43"}}]}'
Sending '{"now":19.041644,"events":[{"timestamp":19.041644,"type":"EXECUTE_JOB","data":{"job_id":"db3eff!95","alloc":"40-43"}}]}'
Received '{"now":19.143627,"events":[{"timestamp":19.143627,"type":"JOB_COMPLETED","data":{"job_id":"db3eff!93","job_state":"COMPLETED_SUCCESSFULLY","return_code":0,"kill_reason":"","alloc":"32-35"}}]}'
Sending '{"now":19.143627,"events":[{"timestamp":19.143627,"type":"EXECUTE_JOB","data":{"job_id":"db3eff!97","alloc":"32-35"}}]}'
Received '{"now":19.274396,"events":[{"timestamp":19.274396,"type":"JOB_COMPLETED","data":{"job_id":"db3eff!97","job_state":"COMPLETED_SUCCESSFULLY","return_code":0,"kill_reason":"","alloc":"32-35"}}]}'
Sending '{"now":19.274396,"events":[{"timestamp":19.274396,"type":"EXECUTE_JOB","data":{"job_id":"db3eff!99","alloc":"32-35"}}]}'
Received '{"now":19.339820,"events":[{"timestamp":19.339820,"type":"JOB_COMPLETED","data":{"job_id":"db3eff!84","job_state":"COMPLETED_SUCCESSFULLY","return_code":0,"kill_reason":"","alloc":"44-47"}}]}'
Sending '{"now":19.33982,"events":[]}'
Received '{"now":19.713073,"events":[{"timestamp":19.713073,"type":"JOB_COMPLETED","data":{"job_id":"db3eff!99","job_state":"COMPLETED_SUCCESSFULLY","return_code":0,"kill_reason":"","alloc":"32-35"}}]}'
Sending '{"now":19.713073,"events":[]}'
Received '{"now":19.747078,"events":[{"timestamp":19.747078,"type":"JOB_COMPLETED","data":{"job_id":"db3eff!67","job_state":"COMPLETED_SUCCESSFULLY","return_code":0,"kill_reason":"","alloc":"16-31"}}]}'
Sending '{"now":19.747078,"events":[{"timestamp":19.747078,"type":"EXECUTE_JOB","data":{"job_id":"db3eff!78","alloc":"16-31"}}]}'
Received '{"now":19.816506,"events":[{"timestamp":19.816506,"type":"JOB_COMPLETED","data":{"job_id":"db3eff!95","job_state":"COMPLETED_SUCCESSFULLY","return_code":0,"kill_reason":"","alloc":"40-43"}}]}'
Sending '{"now":19.816506,"events":[]}'
Received '{"now":20.292527,"events":[{"timestamp":20.292527,"type":"JOB_COMPLETED","data":{"job_id":"db3eff!90","job_state":"COMPLETED_SUCCESSFULLY","return_code":0,"kill_reason":"","alloc":"36-39"}}]}'
Sending '{"now":20.292527,"events":[{"timestamp":20.292527,"type":"EXECUTE_JOB","data":{"job_id":"db3eff!79","alloc":"32-47"}}]}'
Received '{"now":20.406192,"events":[{"timestamp":20.406192,"type":"JOB_COMPLETED","data":{"job_id":"db3eff!69","job_state":"COMPLETED_SUCCESSFULLY","return_code":0,"kill_reason":"","alloc":"0-15"}}]}'
Sending '{"now":20.406192,"events":[{"timestamp":20.406192,"type":"EXECUTE_JOB","data":{"job_id":"db3eff!80","alloc":"0-15"}}]}'
Received '{"now":20.494204,"events":[{"timestamp":20.494204,"type":"JOB_COMPLETED","data":{"job_id":"db3eff!78","job_state":"COMPLETED_SUCCESSFULLY","return_code":0,"kill_reason":"","alloc":"16-31"}}]}'
Sending '{"now":20.494204,"events":[{"timestamp":20.494204,"type":"EXECUTE_JOB","data":{"job_id":"db3eff!81","alloc":"16-31"}}]}'
Received '{"now":20.846581,"events":[{"timestamp":20.846581,"type":"JOB_COMPLETED","data":{"job_id":"db3eff!75","job_state":"COMPLETED_SUCCESSFULLY","return_code":0,"kill_reason":"","alloc":"48-63"}}]}'
Sending '{"now":20.846581,"events":[{"timestamp":20.846581,"type":"EXECUTE_JOB","data":{"job_id":"db3eff!82","alloc":"48-63"}}]}'
Received '{"now":21.424108,"events":[{"timestamp":21.424108,"type":"JOB_COMPLETED","data":{"job_id":"db3eff!79","job_state":"COMPLETED_SUCCESSFULLY","return_code":0,"kill_reason":"","alloc":"32-47"}}]}'
Sending '{"now":21.424108,"events":[{"timestamp":21.424108,"type":"EXECUTE_JOB","data":{"job_id":"db3eff!83","alloc":"32-47"}}]}'
Received '{"now":21.625505,"events":[{"timestamp":21.625505,"type":"JOB_COMPLETED","data":{"job_id":"db3eff!81","job_state":"COMPLETED_SUCCESSFULLY","return_code":0,"kill_reason":"","alloc":"16-31"}}]}'
Sending '{"now":21.625505,"events":[{"timestamp":21.625505,"type":"EXECUTE_JOB","data":{"job_id":"db3eff!86","alloc":"16-31"}}]}'
Received '{"now":22.505388,"events":[{"timestamp":22.505388,"type":"JOB_COMPLETED","data":{"job_id":"db3eff!80","job_state":"COMPLETED_SUCCESSFULLY","return_code":0,"kill_reason":"","alloc":"0-15"}}]}'
Sending '{"now":22.505388,"events":[{"timestamp":22.505388,"type":"EXECUTE_JOB","data":{"job_id":"db3eff!87","alloc":"0-15"}}]}'
Received '{"now":22.652464,"events":[{"timestamp":22.652464,"type":"JOB_COMPLETED","data":{"job_id":"db3eff!87","job_state":"COMPLETED_SUCCESSFULLY","return_code":0,"kill_reason":"","alloc":"0-15"}}]}'
Sending '{"now":22.652464,"events":[{"timestamp":22.652464,"type":"EXECUTE_JOB","data":{"job_id":"db3eff!88","alloc":"0-15"}}]}'
Received '{"now":22.756073,"events":[{"timestamp":22.756073,"type":"JOB_COMPLETED","data":{"job_id":"db3eff!86","job_state":"COMPLETED_SUCCESSFULLY","return_code":0,"kill_reason":"","alloc":"16-31"}}]}'
Sending '{"now":22.756073,"events":[{"timestamp":22.756073,"type":"EXECUTE_JOB","data":{"job_id":"db3eff!91","alloc":"16-31"}}]}'
Received '{"now":22.936673,"events":[{"timestamp":22.936673,"type":"JOB_COMPLETED","data":{"job_id":"db3eff!82","job_state":"COMPLETED_SUCCESSFULLY","return_code":0,"kill_reason":"","alloc":"48-63"}}]}'
Sending '{"now":22.936673,"events":[{"timestamp":22.936673,"type":"EXECUTE_JOB","data":{"job_id":"db3eff!94","alloc":"48-63"}}]}'
Received '{"now":23.399344,"events":[{"timestamp":23.399344,"type":"JOB_COMPLETED","data":{"job_id":"db3eff!88","job_state":"COMPLETED_SUCCESSFULLY","return_code":0,"kill_reason":"","alloc":"0-15"}}]}'
Sending '{"now":23.399344,"events":[{"timestamp":23.399344,"type":"EXECUTE_JOB","data":{"job_id":"db3eff!96","alloc":"0-15"}}]}'
Received '{"now":23.522205,"events":[{"timestamp":23.522205,"type":"JOB_COMPLETED","data":{"job_id":"db3eff!83","job_state":"COMPLETED_SUCCESSFULLY","return_code":0,"kill_reason":"","alloc":"32-47"}}]}'
Sending '{"now":23.522205,"events":[{"timestamp":23.522205,"type":"EXECUTE_JOB","data":{"job_id":"db3eff!98","alloc":"32-47"}}]}'
Received '{"now":23.887708,"events":[{"timestamp":23.887708,"type":"JOB_COMPLETED","data":{"job_id":"db3eff!91","job_state":"COMPLETED_SUCCESSFULLY","return_code":0,"kill_reason":"","alloc":"16-31"}}]}'
Sending '{"now":23.887708,"events":[{"timestamp":23.887708,"type":"EXECUTE_JOB","data":{"job_id":"db3eff!100","alloc":"16-31"}}]}'
Received '{"now":24.894852,"events":[{"timestamp":24.894852,"type":"JOB_COMPLETED","data":{"job_id":"db3eff!94","job_state":"COMPLETED_SUCCESSFULLY","return_code":0,"kill_reason":"","alloc":"48-63"}}]}'
Sending '{"now":24.894852,"events":[]}'
Received '{"now":25.438483,"events":[{"timestamp":25.438483,"type":"JOB_COMPLETED","data":{"job_id":"db3eff!96","job_state":"COMPLETED_SUCCESSFULLY","return_code":0,"kill_reason":"","alloc":"0-15"}}]}'
Sending '{"now":25.438483,"events":[]}'
Received '{"now":27.103773,"events":[{"timestamp":27.103773,"type":"JOB_COMPLETED","data":{"job_id":"db3eff!98","job_state":"COMPLETED_SUCCESSFULLY","return_code":0,"kill_reason":"","alloc":"32-47"}}]}'
Sending '{"now":27.103773,"events":[]}'
Received '{"now":27.469403,"events":[{"timestamp":27.469403,"type":"JOB_COMPLETED","data":{"job_id":"db3eff!100","job_state":"COMPLETED_SUCCESSFULLY","return_code":0,"kill_reason":"","alloc":"16-31"}},{"timestamp":27.469403,"type":"SIMULATION_ENDS","data":{}}]}'
Sending '{"now":27.469403,"events":[]}'
