variant_options = '{"custom_mapping": true}'
Received '{"now":0.000000,"events":[{"timestamp":0.000000,"type":"SIMULATION_BEGINS","data":{"nb_resources":64,"allow_time_sharing":false,"config":{"redis":{"enabled":false,"hostname":"127.0.0.1","port":6379,"prefix":"default"},"job_submission":{"forward_profiles":false,"from_scheduler":{"enabled":false,"acknowledge":true}}},"resources_data":[{"id":0,"name":"n1","state":"idle","properties":{}},{"id":1,"name":"n2","state":"idle","properties":{}},{"id":2,"name":"n3","state":"idle","properties":{}},{"id":3,"name":"n4","state":"idle","properties":{}},{"id":4,"name":"n5","state":"idle","properties":{}},{"id":5,"name":"n6","state":"idle","properties":{}},{"id":6,"name":"n7","state":"idle","properties":{}},{"id":7,"name":"n8","state":"idle","properties":{}},{"id":8,"name":"n9","state":"idle","properties":{}},{"id":9,"name":"n10","state":"idle","properties":{}},{"id":10,"name":"n11","state":"idle","properties":{}},{"id":11,"name":"n12","state":"idle","properties":{}},{"id":12,"name":"n13","state":"idle","properties":{}},{"id":13,"name":"n14","state":"idle","properties":{}},{"id":14,"name":"n15","state":"idle","properties":{}},{"id":15,"name":"n16","state":"idle","properties":{}},{"id":16,"name":"n17","state":"idle","properties":{}},{"id":17,"name":"n18","state":"idle","properties":{}},{"id":18,"name":"n19","state":"idle","properties":{}},{"id":19,"name":"n20","state":"idle","properties":{}},{"id":20,"name":"n21","state":"idle","properties":{}},{"id":21,"name":"n22","state":"idle","properties":{}},{"id":22,"name":"n23","state":"idle","properties":{}},{"id":23,"name":"n24","state":"idle","properties":{}},{"id":24,"name":"n25","state":"idle","properties":{}},{"id":25,"name":"n26","state":"idle","properties":{}},{"id":26,"name":"n27","state":"idle","properties":{}},{"id":27,"name":"n28","state":"idle","properties":{}},{"id":28,"name":"n29","state":"idle","properties":{}},{"id":29,"name":"n30","state":"idle","properties":{}},{"id":30,"name":"n31","state":"idle","properties":{}},{"id":31,"name":"n32","state":"idle","properties":{}},{"id":32,"name":"n33","state":"idle","properties":{}},{"id":33,"name":"n34","state":"idle","properties":{}},{"id":34,"name":"n35","state":"idle","properties":{}},{"id":35,"name":"n36","state":"idle","properties":{}},{"id":36,"name":"n37","state":"idle","properties":{}},{"id":37,"name":"n38","state":"idle","properties":{}},{"id":38,"name":"n39","state":"idle","properties":{}},{"id":39,"name":"n40","state":"idle","properties":{}},{"id":40,"name":"n41","state":"idle","properties":{}},{"id":41,"name":"n42","state":"idle","properties":{}},{"id":42,"name":"n43","state":"idle","properties":{}},{"id":43,"name":"n44","state":"idle","properties":{}},{"id":44,"name":"n45","state":"idle","properties":{}},{"id":45,"name":"n46","state":"idle","properties":{}},{"id":46,"name":"n47","state":"idle","properties":{}},{"id":47,"name":"n48","state":"idle","properties":{}},{"id":48,"name":"n49","state":"idle","properties":{}},{"id":49,"name":"n50","state":"idle","properties":{}},{"id":50,"name":"n51","state":"idle","properties":{}},{"id":51,"name":"n52","state":"idle","properties":{}},{"id":52,"name":"n53","state":"idle","properties":{}},{"id":53,"name":"n54","state":"idle","properties":{}},{"id":54,"name":"n55","state":"idle","properties":{}},{"id":55,"name":"n56","state":"idle","properties":{}},{"id":56,"name":"n57","state":"idle","properties":{}},{"id":57,"name":"n58","state":"idle","properties":{}},{"id":58,"name":"n59","state":"idle","properties":{}},{"id":59,"name":"n60","state":"idle","properties":{}},{"id":60,"name":"n61","state":"idle","properties":{}},{"id":61,"name":"n62","state":"idle","properties":{}},{"id":62,"name":"n63","state":"idle","properties":{}},{"id":63,"name":"n64","state":"idle","properties":{}}],"workloads":{"ebdc2a":"/github-simgrid/190311/../batsim-v2.0.0/workload_profiles/npb_120_jobs.json"}}}]}'
Sending '{"now":0.0,"events":[]}'
Received '{"now":0.000339,"events":[{"timestamp":0.000339,"type":"JOB_SUBMITTED","data":{"job_id":"ebdc2a!1","job":{"id":"ebdc2a!1","profile":"IS.S.16","res":16,"subtime":0.000309,"walltime":4200}}}]}'
Sending '{"now":0.000339,"events":[{"timestamp":0.000339,"type":"EXECUTE_JOB","data":{"job_id":"ebdc2a!1","alloc":"0-15"}}]}'
Received '{"now":0.100725,"events":[{"timestamp":0.100725,"type":"JOB_COMPLETED","data":{"job_id":"ebdc2a!1","job_state":"COMPLETED_SUCCESSFULLY","return_code":0,"kill_reason":"","alloc":"0-15"}}]}'
Sending '{"now":0.100725,"events":[]}'
Received '{"now":0.168159,"events":[{"timestamp":0.168159,"type":"JOB_SUBMITTED","data":{"job_id":"ebdc2a!2","job":{"id":"ebdc2a!2","profile":"MG.S.16","res":16,"subtime":0.168128,"walltime":4200}}}]}'
Sending '{"now":0.168159,"events":[{"timestamp":0.168159,"type":"EXECUTE_JOB","data":{"job_id":"ebdc2a!2","alloc":"0-15"}}]}'
Received '{"now":0.215029,"events":[{"timestamp":0.215029,"type":"JOB_SUBMITTED","data":{"job_id":"ebdc2a!3","job":{"id":"ebdc2a!3","profile":"LU.S.4","res":4,"subtime":0.214999,"walltime":4200}}}]}'
Sending '{"now":0.215029,"events":[{"timestamp":0.215029,"type":"EXECUTE_JOB","data":{"job_id":"ebdc2a!3","alloc":"16-19"}}]}'
Received '{"now":0.503989,"events":[{"timestamp":0.503989,"type":"JOB_COMPLETED","data":{"job_id":"ebdc2a!2","job_state":"COMPLETED_SUCCESSFULLY","return_code":0,"kill_reason":"","alloc":"0-15"}}]}'
Sending '{"now":0.503989,"events":[]}'
Received '{"now":0.909093,"events":[{"timestamp":0.909093,"type":"JOB_COMPLETED","data":{"job_id":"ebdc2a!3","job_state":"COMPLETED_SUCCESSFULLY","return_code":0,"kill_reason":"","alloc":"16-19"}}]}'
Sending '{"now":0.909093,"events":[]}'
Received '{"now":1.020408,"events":[{"timestamp":1.020408,"type":"JOB_SUBMITTED","data":{"job_id":"ebdc2a!4","job":{"id":"ebdc2a!4","profile":"LU.S.16","res":16,"subtime":1.020378,"walltime":4200}}}]}'
Sending '{"now":1.020408,"events":[{"timestamp":1.020408,"type":"EXECUTE_JOB","data":{"job_id":"ebdc2a!4","alloc":"0-15"}}]}'
Received '{"now":1.047545,"events":[{"timestamp":1.047545,"type":"JOB_SUBMITTED","data":{"job_id":"ebdc2a!5","job":{"id":"ebdc2a!5","profile":"SP.S.4","res":4,"subtime":1.047515,"walltime":4200}}}]}'
Sending '{"now":1.047545,"events":[{"timestamp":1.047545,"type":"EXECUTE_JOB","data":{"job_id":"ebdc2a!5","alloc":"16-19"}}]}'
Received '{"now":1.192126,"events":[{"timestamp":1.192126,"type":"JOB_SUBMITTED","data":{"job_id":"ebdc2a!6","job":{"id":"ebdc2a!6","profile":"SP.S.16","res":16,"subtime":1.192099,"walltime":4200}}}]}'
Sending '{"now":1.192126,"events":[{"timestamp":1.192126,"type":"EXECUTE_JOB","data":{"job_id":"ebdc2a!6","alloc":"20-35"}}]}'
Received '{"now":1.347759,"events":[{"timestamp":1.347759,"type":"JOB_COMPLETED","data":{"job_id":"ebdc2a!5","job_state":"COMPLETED_SUCCESSFULLY","return_code":0,"kill_reason":"","alloc":"16-19"}}]}'
Sending '{"now":1.347759,"events":[]}'
Received '{"now":1.397242,"events":[{"timestamp":1.397242,"type":"JOB_SUBMITTED","data":{"job_id":"ebdc2a!7","job":{"id":"ebdc2a!7","profile":"BT.S.4","res":4,"subtime":1.397217,"walltime":4200}}}]}'
Sending '{"now":1.397242,"events":[{"timestamp":1.397242,"type":"EXECUTE_JOB","data":{"job_id":"ebdc2a!7","alloc":"16-19"}}]}'
Received '{"now":1.680675,"events":[{"timestamp":1.680675,"type":"JOB_COMPLETED","data":{"job_id":"ebdc2a!7","job_state":"COMPLETED_SUCCESSFULLY","return_code":0,"kill_reason":"","alloc":"16-19"}}]}'
Sending '{"now":1.680675,"events":[]}'
Received '{"now":1.790622,"events":[{"timestamp":1.790622,"type":"JOB_SUBMITTED","data":{"job_id":"ebdc2a!8","job":{"id":"ebdc2a!8","profile":"IS.S.4","res":4,"subtime":1.790591,"walltime":4200}}}]}'
Sending '{"now":1.790622,"events":[{"timestamp":1.790622,"type":"EXECUTE_JOB","data":{"job_id":"ebdc2a!8","alloc":"16-19"}}]}'
Received '{"now":1.890652,"events":[{"timestamp":1.890652,"type":"JOB_COMPLETED","data":{"job_id":"ebdc2a!8","job_state":"COMPLETED_SUCCESSFULLY","return_code":0,"kill_reason":"","alloc":"16-19"}}]}'
Sending '{"now":1.890652,"events":[]}'
Received '{"now":2.017311,"events":[{"timestamp":2.017311,"type":"JOB_COMPLETED","data":{"job_id":"ebdc2a!4","job_state":"COMPLETED_SUCCESSFULLY","return_code":0,"kill_reason":"","alloc":"0-15"}}]}'
Sending '{"now":2.017311,"events":[]}'
Received '{"now":2.143661,"events":[{"timestamp":2.143661,"type":"JOB_COMPLETED","data":{"job_id":"ebdc2a!6","job_state":"COMPLETED_SUCCESSFULLY","return_code":0,"kill_reason":"","alloc":"20-35"}}]}'
Sending '{"now":2.143661,"events":[]}'
Received '{"now":2.161562,"events":[{"timestamp":2.161562,"type":"JOB_SUBMITTED","data":{"job_id":"ebdc2a!9","job":{"id":"ebdc2a!9","profile":"BT.S.4","res":4,"subtime":2.161532,"walltime":4200}}}]}'
Sending '{"now":2.161562,"events":[{"timestamp":2.161562,"type":"EXECUTE_JOB","data":{"job_id":"ebdc2a!9","alloc":"0-3"}}]}'
Received '{"now":2.176761,"events":[{"timestamp":2.176761,"type":"JOB_SUBMITTED","data":{"job_id":"ebdc2a!10","job":{"id":"ebdc2a!10","profile":"BT.S.4","res":4,"subtime":2.176730,"walltime":4200}}}]}'
Sending '{"now":2.176761,"events":[{"timestamp":2.176761,"type":"EXECUTE_JOB","data":{"job_id":"ebdc2a!10","alloc":"4-7"}}]}'
Received '{"now":2.343375,"events":[{"timestamp":2.343375,"type":"JOB_SUBMITTED","data":{"job_id":"ebdc2a!11","job":{"id":"ebdc2a!11","profile":"CG.S.16","res":16,"subtime":2.343344,"walltime":4200}}}]}'
Sending '{"now":2.343375,"events":[{"timestamp":2.343375,"type":"EXECUTE_JOB","data":{"job_id":"ebdc2a!11","alloc":"8-23"}}]}'
Received '{"now":2.393330,"events":[{"timestamp":2.393330,"type":"JOB_COMPLETED","data":{"job_id":"ebdc2a!9","job_state":"COMPLETED_SUCCESSFULLY","return_code":0,"kill_reason":"","alloc":"0-3"}}]}'
Sending '{"now":2.39333,"events":[]}'
Received '{"now":2.408225,"events":[{"timestamp":2.408225,"type":"JOB_COMPLETED","data":{"job_id":"ebdc2a!10","job_state":"COMPLETED_SUCCESSFULLY","return_code":0,"kill_reason":"","alloc":"4-7"}}]}'
Sending '{"now":2.408225,"events":[]}'
Received '{"now":2.768127,"events":[{"timestamp":2.768127,"type":"JOB_SUBMITTED","data":{"job_id":"ebdc2a!12","job":{"id":"ebdc2a!12","profile":"FT.S.16","res":16,"subtime":2.768097,"walltime":4200}}}]}'
Sending '{"now":2.768127,"events":[{"timestamp":2.768127,"type":"EXECUTE_JOB","data":{"job_id":"ebdc2a!12","alloc":"0-7 24-31"}}]}'
Received '{"now":3.013719,"events":[{"timestamp":3.013719,"type":"JOB_COMPLETED","data":{"job_id":"ebdc2a!12","job_state":"COMPLETED_SUCCESSFULLY","return_code":0,"kill_reason":"","alloc":"0-7 24-31"}}]}'
Sending '{"now":3.013719,"events":[]}'
Received '{"now":3.065032,"events":[{"timestamp":3.065032,"type":"JOB_SUBMITTED","data":{"job_id":"ebdc2a!13","job":{"id":"ebdc2a!13","profile":"LU.S.4","res":4,"subtime":3.065002,"walltime":4200}}}]}'
Sending '{"now":3.065032,"events":[{"timestamp":3.065032,"type":"EXECUTE_JOB","data":{"job_id":"ebdc2a!13","alloc":"0-3"}}]}'
Received '{"now":3.172351,"events":[{"timestamp":3.172351,"type":"JOB_SUBMITTED","data":{"job_id":"ebdc2a!14","job":{"id":"ebdc2a!14","profile":"SP.S.16","res":16,"subtime":3.172321,"walltime":4200}}}]}'
Sending '{"now":3.172351,"events":[{"timestamp":3.172351,"type":"EXECUTE_JOB","data":{"job_id":"ebdc2a!14","alloc":"4-7 24-35"}}]}'
Received '{"now":3.270120,"events":[{"timestamp":3.270120,"type":"JOB_SUBMITTED","data":{"job_id":"ebdc2a!15","job":{"id":"ebdc2a!15","profile":"SP.S.4","res":4,"subtime":3.270090,"walltime":4200}}}]}'
Sending '{"now":3.27012,"events":[{"timestamp":3.27012,"type":"EXECUTE_JOB","data":{"job_id":"ebdc2a!15","alloc":"36-39"}}]}'
Received '{"now":3.322716,"events":[{"timestamp":3.322716,"type":"JOB_COMPLETED","data":{"job_id":"ebdc2a!11","job_state":"COMPLETED_SUCCESSFULLY","return_code":0,"kill_reason":"","alloc":"8-23"}}]}'
Sending '{"now":3.322716,"events":[]}'
Received '{"now":3.506237,"events":[{"timestamp":3.506237,"type":"JOB_SUBMITTED","data":{"job_id":"ebdc2a!16","job":{"id":"ebdc2a!16","profile":"BT.S.4","res":4,"subtime":3.506207,"walltime":4200}}}]}'
Sending '{"now":3.506237,"events":[{"timestamp":3.506237,"type":"EXECUTE_JOB","data":{"job_id":"ebdc2a!16","alloc":"8-11"}}]}'
Received '{"now":3.603110,"events":[{"timestamp":3.603110,"type":"JOB_COMPLETED","data":{"job_id":"ebdc2a!15","job_state":"COMPLETED_SUCCESSFULLY","return_code":0,"kill_reason":"","alloc":"36-39"}}]}'
Sending '{"now":3.60311,"events":[]}'
Received '{"now":3.707804,"events":[{"timestamp":3.707804,"type":"JOB_SUBMITTED","data":{"job_id":"ebdc2a!17","job":{"id":"ebdc2a!17","profile":"IS.S.16","res":16,"subtime":3.707774,"walltime":4200}}}]}'
Sending '{"now":3.707804,"events":[{"timestamp":3.707804,"type":"EXECUTE_JOB","data":{"job_id":"ebdc2a!17","alloc":"12-23 36-39"}}]}'
Received '{"now":3.819143,"events":[{"timestamp":3.819143,"type":"JOB_COMPLETED","data":{"job_id":"ebdc2a!17","job_state":"COMPLETED_SUCCESSFULLY","return_code":0,"kill_reason":"","alloc":"12-23 36-39"}}]}'
Sending '{"now":3.819143,"events":[]}'
Received '{"now":3.877050,"events":[{"timestamp":3.877050,"type":"JOB_COMPLETED","data":{"job_id":"ebdc2a!13","job_state":"COMPLETED_SUCCESSFULLY","return_code":0,"kill_reason":"","alloc":"0-3"}}]}'
Sending '{"now":3.87705,"events":[]}'
Received '{"now":3.892090,"events":[{"timestamp":3.892090,"type":"JOB_COMPLETED","data":{"job_id":"ebdc2a!16","job_state":"COMPLETED_SUCCESSFULLY","return_code":0,"kill_reason":"","alloc":"8-11"}}]}'
Sending '{"now":3.89209,"events":[]}'
Received '{"now":3.905181,"events":[{"timestamp":3.905181,"type":"JOB_SUBMITTED","data":{"job_id":"ebdc2a!18","job":{"id":"ebdc2a!18","profile":"CG.S.4","res":4,"subtime":3.905151,"walltime":4200}}}]}'
Sending '{"now":3.905181,"events":[{"timestamp":3.905181,"type":"EXECUTE_JOB","data":{"job_id":"ebdc2a!18","alloc":"0-3"}}]}'
Received '{"now":3.954401,"events":[{"timestamp":3.954401,"type":"JOB_SUBMITTED","data":{"job_id":"ebdc2a!19","job":{"id":"ebdc2a!19","profile":"MG.S.16","res":16,"subtime":3.954371,"walltime":4200}}}]}'
Sending '{"now":3.954401,"events":[{"timestamp":3.954401,"type":"EXECUTE_JOB","data":{"job_id":"ebdc2a!19","alloc":"8-23"}}]}'
Received '{"now":4.156306,"events":[{"timestamp":4.156306,"type":"JOB_SUBMITTED","data":{"job_id":"ebdc2a!20","job":{"id":"ebdc2a!20","profile":"MG.S.4","res":4,"subtime":4.156289,"walltime":4200}}}]}'
Sending '{"now":4.156306,"events":[{"timestamp":4.156306,"type":"EXECUTE_JOB","data":{"job_id":"ebdc2a!20","alloc":"36-39"}}]}'
Received '{"now":4.206186,"events":[{"timestamp":4.206186,"type":"JOB_COMPLETED","data":{"job_id":"ebdc2a!14","job_state":"COMPLETED_SUCCESSFULLY","return_code":0,"kill_reason":"","alloc":"4-7 24-35"}}]}'
Sending '{"now":4.206186,"events":[]}'
Received '{"now":4.323862,"events":[{"timestamp":4.323862,"type":"JOB_COMPLETED","data":{"job_id":"ebdc2a!19","job_state":"COMPLETED_SUCCESSFULLY","return_code":0,"kill_reason":"","alloc":"8-23"}}]}'
Sending '{"now":4.323862,"events":[]}'
Received '{"now":4.361724,"events":[{"timestamp":4.361724,"type":"JOB_COMPLETED","data":{"job_id":"ebdc2a!20","job_state":"COMPLETED_SUCCESSFULLY","return_code":0,"kill_reason":"","alloc":"36-39"}}]}'
Sending '{"now":4.361724,"events":[]}'
Received '{"now":4.454781,"events":[{"timestamp":4.454781,"type":"JOB_COMPLETED","data":{"job_id":"ebdc2a!18","job_state":"COMPLETED_SUCCESSFULLY","return_code":0,"kill_reason":"","alloc":"0-3"}}]}'
Sending '{"now":4.454781,"events":[]}'
Received '{"now":4.539583,"events":[{"timestamp":4.539583,"type":"JOB_SUBMITTED","data":{"job_id":"ebdc2a!21","job":{"id":"ebdc2a!21","profile":"SP.S.16","res":16,"subtime":4.539553,"walltime":4200}}}]}'
Sending '{"now":4.539583,"events":[{"timestamp":4.539583,"type":"EXECUTE_JOB","data":{"job_id":"ebdc2a!21","alloc":"0-15"}}]}'
Received '{"now":4.633343,"events":[{"timestamp":4.633343,"type":"JOB_SUBMITTED","data":{"job_id":"ebdc2a!22","job":{"id":"ebdc2a!22","profile":"FT.S.4","res":4,"subtime":4.633314,"walltime":4200}}}]}'
Sending '{"now":4.633343,"events":[{"timestamp":4.633343,"type":"EXECUTE_JOB","data":{"job_id":"ebdc2a!22","alloc":"16-19"}}]}'
Received '{"now":4.910096,"events":[{"timestamp":4.910096,"type":"JOB_COMPLETED","data":{"job_id":"ebdc2a!22","job_state":"COMPLETED_SUCCESSFULLY","return_code":0,"kill_reason":"","alloc":"16-19"}}]}'
Sending '{"now":4.910096,"events":[]}'
Received '{"now":5.017161,"events":[{"timestamp":5.017161,"type":"JOB_SUBMITTED","data":{"job_id":"ebdc2a!23","job":{"id":"ebdc2a!23","profile":"CG.S.16","res":16,"subtime":5.017135,"walltime":4200}}}]}'
Sending '{"now":5.017161,"events":[{"timestamp":5.017161,"type":"EXECUTE_JOB","data":{"job_id":"ebdc2a!23","alloc":"16-31"}}]}'
Received '{"now":5.170798,"events":[{"timestamp":5.170798,"type":"JOB_SUBMITTED","data":{"job_id":"ebdc2a!24","job":{"id":"ebdc2a!24","profile":"CG.S.16","res":16,"subtime":5.170768,"walltime":4200}}}]}'
Sending '{"now":5.170798,"events":[{"timestamp":5.170798,"type":"EXECUTE_JOB","data":{"job_id":"ebdc2a!24","alloc":"32-47"}}]}'
Received '{"now":5.452256,"events":[{"timestamp":5.452256,"type":"JOB_COMPLETED","data":{"job_id":"ebdc2a!21","job_state":"COMPLETED_SUCCESSFULLY","return_code":0,"kill_reason":"","alloc":"0-15"}}]}'
Sending '{"now":5.452256,"events":[]}'
Received '{"now":5.648090,"events":[{"timestamp":5.648090,"type":"JOB_SUBMITTED","data":{"job_id":"ebdc2a!25","job":{"id":"ebdc2a!25","profile":"CG.S.4","res":4,"subtime":5.648059,"walltime":4200}}}]}'
Sending '{"now":5.64809,"events":[{"timestamp":5.64809,"type":"EXECUTE_JOB","data":{"job_id":"ebdc2a!25","alloc":"0-3"}}]}'
Received '{"now":5.892542,"events":[{"timestamp":5.892542,"type":"JOB_SUBMITTED","data":{"job_id":"ebdc2a!26","job":{"id":"ebdc2a!26","profile":"CG.S.16","res":16,"subtime":5.892512,"walltime":4200}}}]}'
Sending '{"now":5.892542,"events":[{"timestamp":5.892542,"type":"EXECUTE_JOB","data":{"job_id":"ebdc2a!26","alloc":"4-15 48-51"}}]}'
Received '{"now":5.971918,"events":[{"timestamp":5.971918,"type":"JOB_COMPLETED","data":{"job_id":"ebdc2a!23","job_state":"COMPLETED_SUCCESSFULLY","return_code":0,"kill_reason":"","alloc":"16-31"}}]}'
Sending '{"now":5.971918,"events":[]}'
Received '{"now":6.004709,"events":[{"timestamp":6.004709,"type":"JOB_SUBMITTED","data":{"job_id":"ebdc2a!27","job":{"id":"ebdc2a!27","profile":"FT.S.16","res":16,"subtime":6.004678,"walltime":4200}}}]}'
Sending '{"now":6.004709,"events":[{"timestamp":6.004709,"type":"EXECUTE_JOB","data":{"job_id":"ebdc2a!27","alloc":"16-31"}}]}'
Received '{"now":6.068571,"events":[{"timestamp":6.068571,"type":"JOB_SUBMITTED","data":{"job_id":"ebdc2a!28","job":{"id":"ebdc2a!28","profile":"SP.S.16","res":16,"subtime":6.068549,"walltime":4200}}}]}'
Sending '{"now":6.068571,"events":[]}'
Received '{"now":6.076577,"events":[{"timestamp":6.076577,"type":"JOB_SUBMITTED","data":{"job_id":"ebdc2a!29","job":{"id":"ebdc2a!29","profile":"LU.S.16","res":16,"subtime":6.076547,"walltime":4200}}}]}'
Sending '{"now":6.076577,"events":[]}'
Received '{"now":6.097753,"events":[{"timestamp":6.097753,"type":"JOB_COMPLETED","data":{"job_id":"ebdc2a!24","job_state":"COMPLETED_SUCCESSFULLY","return_code":0,"kill_reason":"","alloc":"32-47"}}]}'
Sending '{"now":6.097753,"events":[{"timestamp":6.097753,"type":"EXECUTE_JOB","data":{"job_id":"ebdc2a!28","alloc":"32-47"}}]}'
Received '{"now":6.192839,"events":[{"timestamp":6.192839,"type":"JOB_COMPLETED","data":{"job_id":"ebdc2a!25","job_state":"COMPLETED_SUCCESSFULLY","return_code":0,"kill_reason":"","alloc":"0-3"}}]}'
Sending '{"now":6.192839,"events":[{"timestamp":6.192839,"type":"EXECUTE_JOB","data":{"job_id":"ebdc2a!29","alloc":"0-3 52-63"}}]}'
Received '{"now":6.336177,"events":[{"timestamp":6.336177,"type":"JOB_SUBMITTED","data":{"job_id":"ebdc2a!30","job":{"id":"ebdc2a!30","profile":"FT.S.16","res":16,"subtime":6.336150,"walltime":4200}}}]}'
Sending '{"now":6.336177,"events":[]}'
Received '{"now":6.338918,"events":[{"timestamp":6.338918,"type":"JOB_COMPLETED","data":{"job_id":"ebdc2a!27","job_state":"COMPLETED_SUCCESSFULLY","return_code":0,"kill_reason":"","alloc":"16-31"}}]}'
Sending '{"now":6.338918,"events":[{"timestamp":6.338918,"type":"EXECUTE_JOB","data":{"job_id":"ebdc2a!30","alloc":"16-31"}}]}'
Received '{"now":6.404952,"events":[{"timestamp":6.404952,"type":"JOB_SUBMITTED","data":{"job_id":"ebdc2a!31","job":{"id":"ebdc2a!31","profile":"BT.S.16","res":16,"subtime":6.404935,"walltime":4200}}}]}'
Sending '{"now":6.404952,"events":[]}'
Received '{"now":6.527141,"events":[{"timestamp":6.527141,"type":"JOB_SUBMITTED","data":{"job_id":"ebdc2a!32","job":{"id":"ebdc2a!32","profile":"FT.S.16","res":16,"subtime":6.527112,"walltime":4200}}}]}'
Sending '{"now":6.527141,"events":[]}'
Received '{"now":6.582283,"events":[{"timestamp":6.582283,"type":"JOB_SUBMITTED","data":{"job_id":"ebdc2a!33","job":{"id":"ebdc2a!33","profile":"SP.S.4","res":4,"subtime":6.582254,"walltime":4200}}}]}'
Sending '{"now":6.582283,"events":[]}'
Received '{"now":6.598603,"events":[{"timestamp":6.598603,"type":"JOB_SUBMITTED","data":{"job_id":"ebdc2a!34","job":{"id":"ebdc2a!34","profile":"LU.S.16","res":16,"subtime":6.598573,"walltime":4200}}}]}'
Sending '{"now":6.598603,"events":[]}'
Received '{"now":6.680101,"events":[{"timestamp":6.680101,"type":"JOB_SUBMITTED","data":{"job_id":"ebdc2a!35","job":{"id":"ebdc2a!35","profile":"MG.S.16","res":16,"subtime":6.680076,"walltime":4200}}}]}'
Sending '{"now":6.680101,"events":[]}'
Received '{"now":6.700814,"events":[{"timestamp":6.700814,"type":"JOB_COMPLETED","data":{"job_id":"ebdc2a!30","job_state":"COMPLETED_SUCCESSFULLY","return_code":0,"kill_reason":"","alloc":"16-31"}}]}'
Sending '{"now":6.700814,"events":[{"timestamp":6.700814,"type":"EXECUTE_JOB","data":{"job_id":"ebdc2a!31","alloc":"16-31"}}]}'
Received '{"now":6.752563,"events":[{"timestamp":6.752563,"type":"JOB_SUBMITTED","data":{"job_id":"ebdc2a!36","job":{"id":"ebdc2a!36","profile":"SP.S.16","res":16,"subtime":6.752543,"walltime":4200}}}]}'
Sending '{"now":6.752563,"events":[]}'
Received '{"now":6.876553,"events":[{"timestamp":6.876553,"type":"JOB_COMPLETED","data":{"job_id":"ebdc2a!26","job_state":"COMPLETED_SUCCESSFULLY","return_code":0,"kill_reason":"","alloc":"4-15 48-51"}}]}'
Sending '{"now":6.876553,"events":[{"timestamp":6.876553,"type":"EXECUTE_JOB","data":{"job_id":"ebdc2a!32","alloc":"4-15 48-51"}}]}'
Received '{"now":6.896756,"events":[{"timestamp":6.896756,"type":"JOB_SUBMITTED","data":{"job_id":"ebdc2a!37","job":{"id":"ebdc2a!37","profile":"MG.S.4","res":4,"subtime":6.896727,"walltime":4200}}}]}'
Sending '{"now":6.896756,"events":[]}'
Received '{"now":6.923332,"events":[{"timestamp":6.923332,"type":"JOB_SUBMITTED","data":{"job_id":"ebdc2a!38","job":{"id":"ebdc2a!38","profile":"LU.S.4","res":4,"subtime":6.923302,"walltime":4200}}}]}'
Sending '{"now":6.923332,"events":[]}'
Received '{"now":6.928395,"events":[{"timestamp":6.928395,"type":"JOB_SUBMITTED","data":{"job_id":"ebdc2a!39","job":{"id":"ebdc2a!39","profile":"SP.S.16","res":16,"subtime":6.928365,"walltime":4200}}}]}'
Sending '{"now":6.928395,"events":[]}'
Received '{"now":6.990900,"events":[{"timestamp":6.990900,"type":"JOB_SUBMITTED","data":{"job_id":"ebdc2a!40","job":{"id":"ebdc2a!40","profile":"IS.S.4","res":4,"subtime":6.990885,"walltime":4200}}}]}'
Sending '{"now":6.9909,"events":[]}'
Received '{"now":7.160266,"events":[{"timestamp":7.160266,"type":"JOB_COMPLETED","data":{"job_id":"ebdc2a!28","job_state":"COMPLETED_SUCCESSFULLY","return_code":0,"kill_reason":"","alloc":"32-47"}}]}'
Sending '{"now":7.160266,"events":[{"timestamp":7.160266,"type":"EXECUTE_JOB","data":{"job_id":"ebdc2a!33","alloc":"32-35"}}]}'
Received '{"now":7.198338,"events":[{"timestamp":7.198338,"type":"JOB_SUBMITTED","data":{"job_id":"ebdc2a!41","job":{"id":"ebdc2a!41","profile":"FT.S.16","res":16,"subtime":7.198316,"walltime":4200}}}]}'
Sending '{"now":7.198338,"events":[]}'
Received '{"now":7.204883,"events":[{"timestamp":7.204883,"type":"JOB_COMPLETED","data":{"job_id":"ebdc2a!29","job_state":"COMPLETED_SUCCESSFULLY","return_code":0,"kill_reason":"","alloc":"0-3 52-63"}}]}'
Sending '{"now":7.204883,"events":[{"timestamp":7.204883,"type":"EXECUTE_JOB","data":{"job_id":"ebdc2a!34","alloc":"0-3 36-47"}},{"timestamp":7.204883,"type":"EXECUTE_JOB","data":{"job_id":"ebdc2a!37","alloc":"52-55"}},{"timestamp":7.204883,"type":"EXECUTE_JOB","data":{"job_id":"ebdc2a!38","alloc":"56-59"}},{"timestamp":7.204883,"type":"EXECUTE_JOB","data":{"job_id":"ebdc2a!40","alloc":"60-63"}}]}'
Received '{"now":7.306482,"events":[{"timestamp":7.306482,"type":"JOB_SUBMITTED","data":{"job_id":"ebdc2a!42","job":{"id":"ebdc2a!42","profile":"LU.S.16","res":16,"subtime":7.306458,"walltime":4200}}}]}'
Sending '{"now":7.306482,"events":[]}'
Received '{"now":7.471534,"events":[{"timestamp":7.471534,"type":"JOB_SUBMITTED","data":{"job_id":"ebdc2a!43","job":{"id":"ebdc2a!43","profile":"IS.S.16","res":16,"subtime":7.471504,"walltime":4200}}}]}'
Sending '{"now":7.471534,"events":[]}'
Received '{"now":7.506385,"events":[{"timestamp":7.506385,"type":"JOB_COMPLETED","data":{"job_id":"ebdc2a!40","job_state":"COMPLETED_SUCCESSFULLY","return_code":0,"kill_reason":"","alloc":"60-63"}}]}'
Sending '{"now":7.506385,"events":[]}'
Received '{"now":7.508787,"events":[{"timestamp":7.508787,"type":"JOB_COMPLETED","data":{"job_id":"ebdc2a!32","job_state":"COMPLETED_SUCCESSFULLY","return_code":0,"kill_reason":"","alloc":"4-15 48-51"}}]}'
Sending '{"now":7.508787,"events":[{"timestamp":7.508787,"type":"EXECUTE_JOB","data":{"job_id":"ebdc2a!35","alloc":"4-15 48-51"}}]}'
Received '{"now":7.514968,"events":[{"timestamp":7.514968,"type":"JOB_COMPLETED","data":{"job_id":"ebdc2a!37","job_state":"COMPLETED_SUCCESSFULLY","return_code":0,"kill_reason":"","alloc":"52-55"}}]}'
Sending '{"now":7.514968,"events":[]}'
Received '{"now":7.647842,"events":[{"timestamp":7.647842,"type":"JOB_COMPLETED","data":{"job_id":"ebdc2a!33","job_state":"COMPLETED_SUCCESSFULLY","return_code":0,"kill_reason":"","alloc":"32-35"}}]}'
Sending '{"now":7.647842,"events":[]}'
Received '{"now":7.695979,"events":[{"timestamp":7.695979,"type":"JOB_SUBMITTED","data":{"job_id":"ebdc2a!44","job":{"id":"ebdc2a!44","profile":"CG.S.16","res":16,"subtime":7.695949,"walltime":4200}}}]}'
Sending '{"now":7.695979,"events":[]}'
Received '{"now":7.782586,"events":[{"timestamp":7.782586,"type":"JOB_SUBMITTED","data":{"job_id":"ebdc2a!45","job":{"id":"ebdc2a!45","profile":"BT.S.4","res":4,"subtime":7.782556,"walltime":4200}}}]}'
Sending '{"now":7.782586,"events":[{"timestamp":7.782586,"type":"EXECUTE_JOB","data":{"job_id":"ebdc2a!45","alloc":"32-35"}}]}'
Received '{"now":7.959967,"events":[{"timestamp":7.959967,"type":"JOB_SUBMITTED","data":{"job_id":"ebdc2a!46","job":{"id":"ebdc2a!46","profile":"SP.S.4","res":4,"subtime":7.959941,"walltime":4200}}}]}'
Sending '{"now":7.959967,"events":[{"timestamp":7.959967,"type":"EXECUTE_JOB","data":{"job_id":"ebdc2a!46","alloc":"52-55"}}]}'
Received '{"now":7.966968,"events":[{"timestamp":7.966968,"type":"JOB_COMPLETED","data":{"job_id":"ebdc2a!35","job_state":"COMPLETED_SUCCESSFULLY","return_code":0,"kill_reason":"","alloc":"4-15 48-51"}}]}'
Sending '{"now":7.966968,"events":[{"timestamp":7.966968,"type":"EXECUTE_JOB","data":{"job_id":"ebdc2a!36","alloc":"4-15 48-51"}}]}'
Received '{"now":7.973975,"events":[{"timestamp":7.973975,"type":"JOB_SUBMITTED","data":{"job_id":"ebdc2a!47","job":{"id":"ebdc2a!47","profile":"CG.S.16","res":16,"subtime":7.973948,"walltime":4200}}}]}'
Sending '{"now":7.973975,"events":[]}'
Received '{"now":7.990058,"events":[{"timestamp":7.990058,"type":"JOB_COMPLETED","data":{"job_id":"ebdc2a!38","job_state":"COMPLETED_SUCCESSFULLY","return_code":0,"kill_reason":"","alloc":"56-59"}}]}'
Sending '{"now":7.990058,"events":[]}'
Received '{"now":8.237347,"events":[{"timestamp":8.237347,"type":"JOB_COMPLETED","data":{"job_id":"ebdc2a!34","job_state":"COMPLETED_SUCCESSFULLY","return_code":0,"kill_reason":"","alloc":"0-3 36-47"}}]}'
Sending '{"now":8.237347,"events":[{"timestamp":8.237347,"type":"EXECUTE_JOB","data":{"job_id":"ebdc2a!39","alloc":"0-3 36-47"}}]}'
Received '{"now":8.264083,"events":[{"timestamp":8.264083,"type":"JOB_SUBMITTED","data":{"job_id":"ebdc2a!48","job":{"id":"ebdc2a!48","profile":"CG.S.4","res":4,"subtime":8.264060,"walltime":4200}}}]}'
Sending '{"now":8.264083,"events":[{"timestamp":8.264083,"type":"EXECUTE_JOB","data":{"job_id":"ebdc2a!48","alloc":"56-59"}}]}'
Received '{"now":8.353377,"events":[{"timestamp":8.353377,"type":"JOB_COMPLETED","data":{"job_id":"ebdc2a!45","job_state":"COMPLETED_SUCCESSFULLY","return_code":0,"kill_reason":"","alloc":"32-35"}}]}'
Sending '{"now":8.353377,"events":[]}'
Received '{"now":8.430290,"events":[{"timestamp":8.430290,"type":"JOB_COMPLETED","data":{"job_id":"ebdc2a!31","job_state":"COMPLETED_SUCCESSFULLY","return_code":0,"kill_reason":"","alloc":"16-31"}}]}'
Sending '{"now":8.43029,"events":[{"timestamp":8.43029,"type":"EXECUTE_JOB","data":{"job_id":"ebdc2a!41","alloc":"16-31"}}]}'
Received '{"now":8.456692,"events":[{"timestamp":8.456692,"type":"JOB_COMPLETED","data":{"job_id":"ebdc2a!46","job_state":"COMPLETED_SUCCESSFULLY","return_code":0,"kill_reason":"","alloc":"52-55"}}]}'
Sending '{"now":8.456692,"events":[]}'
Received '{"now":8.688961,"events":[{"timestamp":8.688961,"type":"JOB_SUBMITTED","data":{"job_id":"ebdc2a!49","job":{"id":"ebdc2a!49","profile":"LU.S.16","res":16,"subtime":8.688941,"walltime":4200}}}]}'
Sending '{"now":8.688961,"events":[]}'
Received '{"now":8.881476,"events":[{"timestamp":8.881476,"type":"JOB_COMPLETED","data":{"job_id":"ebdc2a!41","job_state":"COMPLETED_SUCCESSFULLY","return_code":0,"kill_reason":"","alloc":"16-31"}}]}'
Sending '{"now":8.881476,"events":[{"timestamp":8.881476,"type":"EXECUTE_JOB","data":{"job_id":"ebdc2a!42","alloc":"16-31"}}]}'
Received '{"now":8.985928,"events":[{"timestamp":8.985928,"type":"JOB_SUBMITTED","data":{"job_id":"ebdc2a!50","job":{"id":"ebdc2a!50","profile":"LU.S.16","res":16,"subtime":8.985909,"walltime":4200}}}]}'
Sending '{"now":8.985928,"events":[]}'
Received '{"now":8.987695,"events":[{"timestamp":8.987695,"type":"JOB_COMPLETED","data":{"job_id":"ebdc2a!48","job_state":"COMPLETED_SUCCESSFULLY","return_code":0,"kill_reason":"","alloc":"56-59"}}]}'
Sending '{"now":8.987695,"events":[{"timestamp":8.987695,"type":"EXECUTE_JOB","data":{"job_id":"ebdc2a!43","alloc":"32-35 52-63"}}]}'
Received '{"now":9.104512,"events":[{"timestamp":9.104512,"type":"JOB_COMPLETED","data":{"job_id":"ebdc2a!43","job_state":"COMPLETED_SUCCESSFULLY","return_code":0,"kill_reason":"","alloc":"32-35 52-63"}}]}'
Sending '{"now":9.104512,"events":[{"timestamp":9.104512,"type":"EXECUTE_JOB","data":{"job_id":"ebdc2a!44","alloc":"32-35 52-63"}}]}'
Received '{"now":9.192478,"events":[{"timestamp":9.192478,"type":"JOB_SUBMITTED","data":{"job_id":"ebdc2a!51","job":{"id":"ebdc2a!51","profile":"IS.S.4","res":4,"subtime":9.192448,"walltime":4200}}}]}'
Sending '{"now":9.192478,"events":[]}'
Received '{"now":9.194641,"events":[{"timestamp":9.194641,"type":"JOB_SUBMITTED","data":{"job_id":"ebdc2a!52","job":{"id":"ebdc2a!52","profile":"CG.S.16","res":16,"subtime":9.194611,"walltime":4200}}}]}'
Sending '{"now":9.194641,"events":[]}'
Received '{"now":9.244754,"events":[{"timestamp":9.244754,"type":"JOB_COMPLETED","data":{"job_id":"ebdc2a!36","job_state":"COMPLETED_SUCCESSFULLY","return_code":0,"kill_reason":"","alloc":"4-15 48-51"}}]}'
Sending '{"now":9.244754,"events":[{"timestamp":9.244754,"type":"EXECUTE_JOB","data":{"job_id":"ebdc2a!47","alloc":"4-15 48-51"}}]}'
Received '{"now":9.287710,"events":[{"timestamp":9.287710,"type":"JOB_SUBMITTED","data":{"job_id":"ebdc2a!53","job":{"id":"ebdc2a!53","profile":"SP.S.4","res":4,"subtime":9.287685,"walltime":4200}}}]}'
Sending '{"now":9.28771,"events":[]}'
Received '{"now":9.451936,"events":[{"timestamp":9.451936,"type":"JOB_SUBMITTED","data":{"job_id":"ebdc2a!54","job":{"id":"ebdc2a!54","profile":"MG.S.16","res":16,"subtime":9.451910,"walltime":4200}}}]}'
Sending '{"now":9.451936,"events":[]}'
Received '{"now":9.476301,"events":[{"timestamp":9.476301,"type":"JOB_COMPLETED","data":{"job_id":"ebdc2a!39","job_state":"COMPLETED_SUCCESSFULLY","return_code":0,"kill_reason":"","alloc":"0-3 36-47"}}]}'
Sending '{"now":9.476301,"events":[{"timestamp":9.476301,"type":"EXECUTE_JOB","data":{"job_id":"ebdc2a!49","alloc":"0-3 36-47"}}]}'
Received '{"now":9.592131,"events":[{"timestamp":9.592131,"type":"JOB_SUBMITTED","data":{"job_id":"ebdc2a!55","job":{"id":"ebdc2a!55","profile":"CG.S.16","res":16,"subtime":9.592118,"walltime":4200}}}]}'
Sending '{"now":9.592131,"events":[]}'
Received '{"now":9.615783,"events":[{"timestamp":9.615783,"type":"JOB_SUBMITTED","data":{"job_id":"ebdc2a!56","job":{"id":"ebdc2a!56","profile":"LU.S.4","res":4,"subtime":9.615753,"walltime":4200}}}]}'
Sending '{"now":9.615783,"events":[]}'
Received '{"now":9.778200,"events":[{"timestamp":9.778200,"type":"JOB_SUBMITTED","data":{"job_id":"ebdc2a!57","job":{"id":"ebdc2a!57","profile":"SP.S.16","res":16,"subtime":9.778172,"walltime":4200}}}]}'
Sending '{"now":9.7782,"events":[]}'
Received '{"now":9.934238,"events":[{"timestamp":9.934238,"type":"JOB_COMPLETED","data":{"job_id":"ebdc2a!42","job_state":"COMPLETED_SUCCESSFULLY","return_code":0,"kill_reason":"","alloc":"16-31"}}]}'
Sending '{"now":9.934238,"events":[{"timestamp":9.934238,"type":"EXECUTE_JOB","data":{"job_id":"ebdc2a!50","alloc":"16-31"}}]}'
Received '{"now":9.942561,"events":[{"timestamp":9.942561,"type":"JOB_SUBMITTED","data":{"job_id":"ebdc2a!58","job":{"id":"ebdc2a!58","profile":"FT.S.16","res":16,"subtime":9.942530,"walltime":4200}}}]}'
Sending '{"now":9.942561,"events":[]}'
Received '{"now":10.091503,"events":[{"timestamp":10.091503,"type":"JOB_COMPLETED","data":{"job_id":"ebdc2a!44","job_state":"COMPLETED_SUCCESSFULLY","return_code":0,"kill_reason":"","alloc":"32-35 52-63"}}]}'
Sending '{"now":10.091503,"events":[{"timestamp":10.091503,"type":"EXECUTE_JOB","data":{"job_id":"ebdc2a!51","alloc":"32-35"}},{"timestamp":10.091503,"type":"EXECUTE_JOB","data":{"job_id":"ebdc2a!53","alloc":"52-55"}},{"timestamp":10.091503,"type":"EXECUTE_JOB","data":{"job_id":"ebdc2a!56","alloc":"56-59"}}]}'
Received '{"now":10.176849,"events":[{"timestamp":10.176849,"type":"JOB_COMPLETED","data":{"job_id":"ebdc2a!51","job_state":"COMPLETED_SUCCESSFULLY","return_code":0,"kill_reason":"","alloc":"32-35"}}]}'
Sending '{"now":10.176849,"events":[]}'
Received '{"now":10.213331,"events":[{"timestamp":10.213331,"type":"JOB_COMPLETED","data":{"job_id":"ebdc2a!47","job_state":"COMPLETED_SUCCESSFULLY","return_code":0,"kill_reason":"","alloc":"4-15 48-51"}}]}'
Sending '{"now":10.213331,"events":[{"timestamp":10.213331,"type":"EXECUTE_JOB","data":{"job_id":"ebdc2a!52","alloc":"4-15 32-35"}}]}'
Received '{"now":10.369588,"events":[{"timestamp":10.369588,"type":"JOB_COMPLETED","data":{"job_id":"ebdc2a!53","job_state":"COMPLETED_SUCCESSFULLY","return_code":0,"kill_reason":"","alloc":"52-55"}}]}'
Sending '{"now":10.369588,"events":[]}'
Received '{"now":10.487677,"events":[{"timestamp":10.487677,"type":"JOB_COMPLETED","data":{"job_id":"ebdc2a!49","job_state":"COMPLETED_SUCCESSFULLY","return_code":0,"kill_reason":"","alloc":"0-3 36-47"}}]}'
Sending '{"now":10.487677,"events":[{"timestamp":10.487677,"type":"EXECUTE_JOB","data":{"job_id":"ebdc2a!54","alloc":"0-3 36-47"}}]}'
Received '{"now":10.506819,"events":[{"timestamp":10.506819,"type":"JOB_SUBMITTED","data":{"job_id":"ebdc2a!59","job":{"id":"ebdc2a!59","profile":"FT.S.4","res":4,"subtime":10.506793,"walltime":4200}}}]}'
Sending '{"now":10.506819,"events":[{"timestamp":10.506819,"type":"EXECUTE_JOB","data":{"job_id":"ebdc2a!59","alloc":"48-51"}}]}'
Received '{"now":10.590644,"events":[{"timestamp":10.590644,"type":"JOB_SUBMITTED","data":{"job_id":"ebdc2a!60","job":{"id":"ebdc2a!60","profile":"IS.S.16","res":16,"subtime":10.590620,"walltime":4200}}}]}'
Sending '{"now":10.590644,"events":[]}'
Received '{"now":10.655476,"events":[{"timestamp":10.655476,"type":"JOB_SUBMITTED","data":{"job_id":"ebdc2a!61","job":{"id":"ebdc2a!61","profile":"BT.S.4","res":4,"subtime":10.655453,"walltime":4200}}}]}'
Sending '{"now":10.655476,"events":[{"timestamp":10.655476,"type":"EXECUTE_JOB","data":{"job_id":"ebdc2a!61","alloc":"52-55"}}]}'
Received '{"now":10.740016,"events":[{"timestamp":10.740016,"type":"JOB_SUBMITTED","data":{"job_id":"ebdc2a!62","job":{"id":"ebdc2a!62","profile":"BT.S.4","res":4,"subtime":10.739986,"walltime":4200}}}]}'
Sending '{"now":10.740016,"events":[{"timestamp":10.740016,"type":"EXECUTE_JOB","data":{"job_id":"ebdc2a!62","alloc":"60-63"}}]}'
Received '{"now":10.832409,"events":[{"timestamp":10.832409,"type":"JOB_SUBMITTED","data":{"job_id":"ebdc2a!63","job":{"id":"ebdc2a!63","profile":"CG.S.16","res":16,"subtime":10.832379,"walltime":4200}}}]}'
Sending '{"now":10.832409,"events":[]}'
Received '{"now":10.862252,"events":[{"timestamp":10.862252,"type":"JOB_COMPLETED","data":{"job_id":"ebdc2a!56","job_state":"COMPLETED_SUCCESSFULLY","return_code":0,"kill_reason":"","alloc":"56-59"}}]}'
Sending '{"now":10.862252,"events":[]}'
Received '{"now":10.884979,"events":[{"timestamp":10.884979,"type":"JOB_COMPLETED","data":{"job_id":"ebdc2a!50","job_state":"COMPLETED_SUCCESSFULLY","return_code":0,"kill_reason":"","alloc":"16-31"}}]}'
Sending '{"now":10.884979,"events":[{"timestamp":10.884979,"type":"EXECUTE_JOB","data":{"job_id":"ebdc2a!55","alloc":"16-31"}}]}'
Received '{"now":10.906007,"events":[{"timestamp":10.906007,"type":"JOB_COMPLETED","data":{"job_id":"ebdc2a!54","job_state":"COMPLETED_SUCCESSFULLY","return_code":0,"kill_reason":"","alloc":"0-3 36-47"}}]}'
Sending '{"now":10.906007,"events":[{"timestamp":10.906007,"type":"EXECUTE_JOB","data":{"job_id":"ebdc2a!57","alloc":"0-3 36-47"}}]}'
Received '{"now":10.981121,"events":[{"timestamp":10.981121,"type":"JOB_COMPLETED","data":{"job_id":"ebdc2a!59","job_state":"COMPLETED_SUCCESSFULLY","return_code":0,"kill_reason":"","alloc":"48-51"}}]}'
Sending '{"now":10.981121,"events":[]}'
Received '{"now":11.104973,"events":[{"timestamp":11.104973,"type":"JOB_COMPLETED","data":{"job_id":"ebdc2a!61","job_state":"COMPLETED_SUCCESSFULLY","return_code":0,"kill_reason":"","alloc":"52-55"}}]}'
Sending '{"now":11.104973,"events":[]}'
Received '{"now":11.174119,"events":[{"timestamp":11.174119,"type":"JOB_COMPLETED","data":{"job_id":"ebdc2a!62","job_state":"COMPLETED_SUCCESSFULLY","return_code":0,"kill_reason":"","alloc":"60-63"}}]}'
Sending '{"now":11.174119,"events":[{"timestamp":11.174119,"type":"EXECUTE_JOB","data":{"job_id":"ebdc2a!58","alloc":"48-63"}}]}'
Received '{"now":11.185416,"events":[{"timestamp":11.185416,"type":"JOB_COMPLETED","data":{"job_id":"ebdc2a!52","job_state":"COMPLETED_SUCCESSFULLY","return_code":0,"kill_reason":"","alloc":"4-15 32-35"}}]}'
Sending '{"now":11.185416,"events":[{"timestamp":11.185416,"type":"EXECUTE_JOB","data":{"job_id":"ebdc2a!60","alloc":"4-15 32-35"}}]}'
Received '{"now":11.310953,"events":[{"timestamp":11.310953,"type":"JOB_COMPLETED","data":{"job_id":"ebdc2a!60","job_state":"COMPLETED_SUCCESSFULLY","return_code":0,"kill_reason":"","alloc":"4-15 32-35"}}]}'
Sending '{"now":11.310953,"events":[{"timestamp":11.310953,"type":"EXECUTE_JOB","data":{"job_id":"ebdc2a!63","alloc":"4-15 32-35"}}]}'
Received '{"now":11.482418,"events":[{"timestamp":11.482418,"type":"JOB_SUBMITTED","data":{"job_id":"ebdc2a!64","job":{"id":"ebdc2a!64","profile":"CG.S.16","res":16,"subtime":11.482405,"walltime":4200}}}]}'
Sending '{"now":11.482418,"events":[]}'
Received '{"now":11.617931,"events":[{"timestamp":11.617931,"type":"JOB_COMPLETED","data":{"job_id":"ebdc2a!58","job_state":"COMPLETED_SUCCESSFULLY","return_code":0,"kill_reason":"","alloc":"48-63"}}]}'
Sending '{"now":11.617931,"events":[{"timestamp":11.617931,"type":"EXECUTE_JOB","data":{"job_id":"ebdc2a!64","alloc":"48-63"}}]}'
Received '{"now":11.717250,"events":[{"timestamp":11.717250,"type":"JOB_SUBMITTED","data":{"job_id":"ebdc2a!65","job":{"id":"ebdc2a!65","profile":"BT.S.4","res":4,"subtime":11.717228,"walltime":4200}}}]}'
Sending '{"now":11.71725,"events":[]}'
Received '{"now":11.734020,"events":[{"timestamp":11.734020,"type":"JOB_SUBMITTED","data":{"job_id":"ebdc2a!66","job":{"id":"ebdc2a!66","profile":"LU.S.4","res":4,"subtime":11.733998,"walltime":4200}}}]}'
Sending '{"now":11.73402,"events":[]}'
Received '{"now":11.911983,"events":[{"timestamp":11.911983,"type":"JOB_COMPLETED","data":{"job_id":"ebdc2a!55","job_state":"COMPLETED_SUCCESSFULLY","return_code":0,"kill_reason":"","alloc":"16-31"}}]}'
Sending '{"now":11.911983,"events":[{"timestamp":11.911983,"type":"EXECUTE_JOB","data":{"job_id":"ebdc2a!65","alloc":"16-19"}},{"timestamp":11.911983,"type":"EXECUTE_JOB","data":{"job_id":"ebdc2a!66","alloc":"20-23"}}]}'
Received '{"now":11.931194,"events":[{"timestamp":11.931194,"type":"JOB_SUBMITTED","data":{"job_id":"ebdc2a!67","job":{"id":"ebdc2a!67","profile":"SP.S.4","res":4,"subtime":11.931163,"walltime":4200}}}]}'
Sending '{"now":11.931194,"events":[{"timestamp":11.931194,"type":"EXECUTE_JOB","data":{"job_id":"ebdc2a!67","alloc":"24-27"}}]}'
Received '{"now":11.947702,"events":[{"timestamp":11.947702,"type":"JOB_COMPLETED","data":{"job_id":"ebdc2a!57","job_state":"COMPLETED_SUCCESSFULLY","return_code":0,"kill_reason":"","alloc":"0-3 36-47"}}]}'
Sending '{"now":11.947702,"events":[]}'
Received '{"now":12.007453,"events":[{"timestamp":12.007453,"type":"JOB_SUBMITTED","data":{"job_id":"ebdc2a!68","job":{"id":"ebdc2a!68","profile":"IS.S.16","res":16,"subtime":12.007436,"walltime":4200}}}]}'
Sending '{"now":12.007453,"events":[{"timestamp":12.007453,"type":"EXECUTE_JOB","data":{"job_id":"ebdc2a!68","alloc":"0-3 28-31 36-43"}}]}'
Received '{"now":12.099903,"events":[{"timestamp":12.099903,"type":"JOB_SUBMITTED","data":{"job_id":"ebdc2a!69","job":{"id":"ebdc2a!69","profile":"IS.S.4","res":4,"subtime":12.099886,"walltime":4200}}}]}'
Sending '{"now":12.099903,"events":[{"timestamp":12.099903,"type":"EXECUTE_JOB","data":{"job_id":"ebdc2a!69","alloc":"44-47"}}]}'
Received '{"now":12.115144,"events":[{"timestamp":12.115144,"type":"JOB_COMPLETED","data":{"job_id":"ebdc2a!68","job_state":"COMPLETED_SUCCESSFULLY","return_code":0,"kill_reason":"","alloc":"0-3 28-31 36-43"}}]}'
Sending '{"now":12.115144,"events":[]}'
Received '{"now":12.147463,"events":[{"timestamp":12.147463,"type":"JOB_SUBMITTED","data":{"job_id":"ebdc2a!70","job":{"id":"ebdc2a!70","profile":"FT.S.4","res":4,"subtime":12.147432,"walltime":4200}}}]}'
Sending '{"now":12.147463,"events":[{"timestamp":12.147463,"type":"EXECUTE_JOB","data":{"job_id":"ebdc2a!70","alloc":"0-3"}}]}'
Received '{"now":12.160352,"events":[{"timestamp":12.160352,"type":"JOB_SUBMITTED","data":{"job_id":"ebdc2a!71","job":{"id":"ebdc2a!71","profile":"BT.S.16","res":16,"subtime":12.160323,"walltime":4200}}}]}'
Sending '{"now":12.160352,"events":[]}'
Received '{"now":12.247230,"events":[{"timestamp":12.247230,"type":"JOB_COMPLETED","data":{"job_id":"ebdc2a!69","job_state":"COMPLETED_SUCCESSFULLY","return_code":0,"kill_reason":"","alloc":"44-47"}}]}'
Sending '{"now":12.24723,"events":[{"timestamp":12.24723,"type":"EXECUTE_JOB","data":{"job_id":"ebdc2a!71","alloc":"28-31 36-47"}}]}'
Received '{"now":12.334306,"events":[{"timestamp":12.334306,"type":"JOB_COMPLETED","data":{"job_id":"ebdc2a!67","job_state":"COMPLETED_SUCCESSFULLY","return_code":0,"kill_reason":"","alloc":"24-27"}}]}'
Sending '{"now":12.334306,"events":[]}'
Received '{"now":12.338773,"events":[{"timestamp":12.338773,"type":"JOB_COMPLETED","data":{"job_id":"ebdc2a!63","job_state":"COMPLETED_SUCCESSFULLY","return_code":0,"kill_reason":"","alloc":"4-15 32-35"}}]}'
Sending '{"now":12.338773,"events":[]}'
Received '{"now":12.341052,"events":[{"timestamp":12.341052,"type":"JOB_COMPLETED","data":{"job_id":"ebdc2a!65","job_state":"COMPLETED_SUCCESSFULLY","return_code":0,"kill_reason":"","alloc":"16-19"}}]}'
Sending '{"now":12.341052,"events":[]}'
Received '{"now":12.361721,"events":[{"timestamp":12.361721,"type":"JOB_SUBMITTED","data":{"job_id":"ebdc2a!72","job":{"id":"ebdc2a!72","profile":"FT.S.4","res":4,"subtime":12.361691,"walltime":4200}}}]}'
Sending '{"now":12.361721,"events":[{"timestamp":12.361721,"type":"EXECUTE_JOB","data":{"job_id":"ebdc2a!72","alloc":"4-7"}}]}'
Received '{"now":12.387944,"events":[{"timestamp":12.387944,"type":"JOB_SUBMITTED","data":{"job_id":"ebdc2a!73","job":{"id":"ebdc2a!73","profile":"SP.S.16","res":16,"subtime":12.387914,"walltime":4200}}}]}'
Sending '{"now":12.387944,"events":[{"timestamp":12.387944,"type":"EXECUTE_JOB","data":{"job_id":"ebdc2a!73","alloc":"8-19 24-27"}}]}'
Received '{"now":12.415364,"events":[{"timestamp":12.415364,"type":"JOB_SUBMITTED","data":{"job_id":"ebdc2a!74","job":{"id":"ebdc2a!74","profile":"FT.S.4","res":4,"subtime":12.415344,"walltime":4200}}}]}'
Sending '{"now":12.415364,"events":[{"timestamp":12.415364,"type":"EXECUTE_JOB","data":{"job_id":"ebdc2a!74","alloc":"32-35"}}]}'
Received '{"now":12.655033,"events":[{"timestamp":12.655033,"type":"JOB_COMPLETED","data":{"job_id":"ebdc2a!64","job_state":"COMPLETED_SUCCESSFULLY","return_code":0,"kill_reason":"","alloc":"48-63"}}]}'
Sending '{"now":12.655033,"events":[]}'
Received '{"now":12.746492,"events":[{"timestamp":12.746492,"type":"JOB_COMPLETED","data":{"job_id":"ebdc2a!66","job_state":"COMPLETED_SUCCESSFULLY","return_code":0,"kill_reason":"","alloc":"20-23"}}]}'
Sending '{"now":12.746492,"events":[]}'
Received '{"now":12.751402,"events":[{"timestamp":12.751402,"type":"JOB_SUBMITTED","data":{"job_id":"ebdc2a!75","job":{"id":"ebdc2a!75","profile":"MG.S.16","res":16,"subtime":12.751381,"walltime":4200}}}]}'
Sending '{"now":12.751402,"events":[{"timestamp":12.751402,"type":"EXECUTE_JOB","data":{"job_id":"ebdc2a!75","alloc":"20-23 48-59"}}]}'
Received '{"now":12.765880,"events":[{"timestamp":12.765880,"type":"JOB_SUBMITTED","data":{"job_id":"ebdc2a!76","job":{"id":"ebdc2a!76","profile":"CG.S.16","res":16,"subtime":12.765858,"walltime":4200}}}]}'
Sending '{"now":12.76588,"events":[]}'
Received '{"now":12.891615,"events":[{"timestamp":12.891615,"type":"JOB_SUBMITTED","data":{"job_id":"ebdc2a!77","job":{"id":"ebdc2a!77","profile":"FT.S.16","res":16,"subtime":12.891589,"walltime":4200}}}]}'
Sending '{"now":12.891615,"events":[]}'
Received '{"now":13.182582,"events":[{"timestamp":13.182582,"type":"JOB_SUBMITTED","data":{"job_id":"ebdc2a!78","job":{"id":"ebdc2a!78","profile":"MG.S.16","res":16,"subtime":13.182552,"walltime":4200}}}]}'
Sending '{"now":13.182582,"events":[]}'
Received '{"now":13.345333,"events":[{"timestamp":13.345333,"type":"JOB_COMPLETED","data":{"job_id":"ebdc2a!75","job_state":"COMPLETED_SUCCESSFULLY","return_code":0,"kill_reason":"","alloc":"20-23 48-59"}}]}'
Sending '{"now":13.345333,"events":[{"timestamp":13.345333,"type":"EXECUTE_JOB","data":{"job_id":"ebdc2a!76","alloc":"20-23 48-59"}}]}'
Received '{"now":13.357568,"events":[{"timestamp":13.357568,"type":"JOB_COMPLETED","data":{"job_id":"ebdc2a!70","job_state":"COMPLETED_SUCCESSFULLY","return_code":0,"kill_reason":"","alloc":"0-3"}}]}'
Sending '{"now":13.357568,"events":[]}'
Received '{"now":13.374923,"events":[{"timestamp":13.374923,"type":"JOB_SUBMITTED","data":{"job_id":"ebdc2a!79","job":{"id":"ebdc2a!79","profile":"LU.S.4","res":4,"subtime":13.374894,"walltime":4200}}}]}'
Sending '{"now":13.374923,"events":[{"timestamp":13.374923,"type":"EXECUTE_JOB","data":{"job_id":"ebdc2a!79","alloc":"60-63"}}]}'
Received '{"now":13.522818,"events":[{"timestamp":13.522818,"type":"JOB_COMPLETED","data":{"job_id":"ebdc2a!73","job_state":"COMPLETED_SUCCESSFULLY","return_code":0,"kill_reason":"","alloc":"8-19 24-27"}}]}'
Sending '{"now":13.522818,"events":[{"timestamp":13.522818,"type":"EXECUTE_JOB","data":{"job_id":"ebdc2a!77","alloc":"0-3 8-19"}}]}'
Received '{"now":13.542219,"events":[{"timestamp":13.542219,"type":"JOB_SUBMITTED","data":{"job_id":"ebdc2a!80","job":{"id":"ebdc2a!80","profile":"CG.S.16","res":16,"subtime":13.542189,"walltime":4200}}}]}'
Sending '{"now":13.542219,"events":[]}'
Received '{"now":13.572811,"events":[{"timestamp":13.572811,"type":"JOB_SUBMITTED","data":{"job_id":"ebdc2a!81","job":{"id":"ebdc2a!81","profile":"IS.S.4","res":4,"subtime":13.572789,"walltime":4200}}}]}'
Sending '{"now":13.572811,"events":[]}'
Received '{"now":13.628847,"events":[{"timestamp":13.628847,"type":"JOB_SUBMITTED","data":{"job_id":"ebdc2a!82","job":{"id":"ebdc2a!82","profile":"FT.S.16","res":16,"subtime":13.628817,"walltime":4200}}}]}'
Sending '{"now":13.628847,"events":[]}'
Received '{"now":13.817929,"events":[{"timestamp":13.817929,"type":"JOB_COMPLETED","data":{"job_id":"ebdc2a!72","job_state":"COMPLETED_SUCCESSFULLY","return_code":0,"kill_reason":"","alloc":"4-7"}}]}'
Sending '{"now":13.817929,"events":[]}'
Received '{"now":13.871620,"events":[{"timestamp":13.871620,"type":"JOB_COMPLETED","data":{"job_id":"ebdc2a!74","job_state":"COMPLETED_SUCCESSFULLY","return_code":0,"kill_reason":"","alloc":"32-35"}}]}'
Sending '{"now":13.87162,"events":[]}'
Received '{"now":13.998690,"events":[{"timestamp":13.998690,"type":"JOB_SUBMITTED","data":{"job_id":"ebdc2a!83","job":{"id":"ebdc2a!83","profile":"MG.S.4","res":4,"subtime":13.998659,"walltime":4200}}}]}'
Sending '{"now":13.99869,"events":[]}'
Received '{"now":14.041409,"events":[{"timestamp":14.041409,"type":"JOB_COMPLETED","data":{"job_id":"ebdc2a!77","job_state":"COMPLETED_SUCCESSFULLY","return_code":0,"kill_reason":"","alloc":"0-3 8-19"}}]}'
Sending '{"now":14.041409,"events":[{"timestamp":14.041409,"type":"EXECUTE_JOB","data":{"job_id":"ebdc2a!78","alloc":"0-15"}}]}'
Received '{"now":14.115045,"events":[{"timestamp":14.115045,"type":"JOB_SUBMITTED","data":{"job_id":"ebdc2a!84","job":{"id":"ebdc2a!84","profile":"IS.S.4","res":4,"subtime":14.115023,"walltime":4200}}}]}'
Sending '{"now":14.115045,"events":[]}'
Received '{"now":14.124129,"events":[{"timestamp":14.124129,"type":"JOB_COMPLETED","data":{"job_id":"ebdc2a!71","job_state":"COMPLETED_SUCCESSFULLY","return_code":0,"kill_reason":"","alloc":"28-31 36-47"}}]}'
Sending '{"now":14.124129,"events":[{"timestamp":14.124129,"type":"EXECUTE_JOB","data":{"job_id":"ebdc2a!80","alloc":"16-19 24-35"}},{"timestamp":14.124129,"type":"EXECUTE_JOB","data":{"job_id":"ebdc2a!81","alloc":"36-39"}}]}'
Received '{"now":14.142109,"events":[{"timestamp":14.142109,"type":"JOB_COMPLETED","data":{"job_id":"ebdc2a!79","job_state":"COMPLETED_SUCCESSFULLY","return_code":0,"kill_reason":"","alloc":"60-63"}}]}'
Sending '{"now":14.142109,"events":[{"timestamp":14.142109,"type":"EXECUTE_JOB","data":{"job_id":"ebdc2a!83","alloc":"60-63"}}]}'
Received '{"now":14.225124,"events":[{"timestamp":14.225124,"type":"JOB_COMPLETED","data":{"job_id":"ebdc2a!81","job_state":"COMPLETED_SUCCESSFULLY","return_code":0,"kill_reason":"","alloc":"36-39"}}]}'
Sending '{"now":14.225124,"events":[]}'
Received '{"now":14.326249,"events":[{"timestamp":14.326249,"type":"JOB_COMPLETED","data":{"job_id":"ebdc2a!76","job_state":"COMPLETED_SUCCESSFULLY","return_code":0,"kill_reason":"","alloc":"20-23 48-59"}}]}'
Sending '{"now":14.326249,"events":[{"timestamp":14.326249,"type":"EXECUTE_JOB","data":{"job_id":"ebdc2a!82","alloc":"20-23 36-47"}},{"timestamp":14.326249,"type":"EXECUTE_JOB","data":{"job_id":"ebdc2a!84","alloc":"48-51"}}]}'
Received '{"now":14.384483,"events":[{"timestamp":14.384483,"type":"JOB_COMPLETED","data":{"job_id":"ebdc2a!83","job_state":"COMPLETED_SUCCESSFULLY","return_code":0,"kill_reason":"","alloc":"60-63"}}]}'
Sending '{"now":14.384483,"events":[]}'
Received '{"now":14.456846,"events":[{"timestamp":14.456846,"type":"JOB_COMPLETED","data":{"job_id":"ebdc2a!78","job_state":"COMPLETED_SUCCESSFULLY","return_code":0,"kill_reason":"","alloc":"0-15"}}]}'
Sending '{"now":14.456846,"events":[]}'
Received '{"now":14.511075,"events":[{"timestamp":14.511075,"type":"JOB_SUBMITTED","data":{"job_id":"ebdc2a!85","job":{"id":"ebdc2a!85","profile":"MG.S.4","res":4,"subtime":14.511045,"walltime":4200}}}]}'
Sending '{"now":14.511075,"events":[{"timestamp":14.511075,"type":"EXECUTE_JOB","data":{"job_id":"ebdc2a!85","alloc":"0-3"}}]}'
Received '{"now":14.534595,"events":[{"timestamp":14.534595,"type":"JOB_COMPLETED","data":{"job_id":"ebdc2a!84","job_state":"COMPLETED_SUCCESSFULLY","return_code":0,"kill_reason":"","alloc":"48-51"}}]}'
Sending '{"now":14.534595,"events":[]}'
Received '{"now":14.561444,"events":[{"timestamp":14.561444,"type":"JOB_SUBMITTED","data":{"job_id":"ebdc2a!86","job":{"id":"ebdc2a!86","profile":"SP.S.4","res":4,"subtime":14.561422,"walltime":4200}}}]}'
Sending '{"now":14.561444,"events":[{"timestamp":14.561444,"type":"EXECUTE_JOB","data":{"job_id":"ebdc2a!86","alloc":"4-7"}}]}'
Received '{"now":14.734278,"events":[{"timestamp":14.734278,"type":"JOB_SUBMITTED","data":{"job_id":"ebdc2a!87","job":{"id":"ebdc2a!87","profile":"FT.S.16","res":16,"subtime":14.734247,"walltime":4200}}}]}'
Sending '{"now":14.734278,"events":[{"timestamp":14.734278,"type":"EXECUTE_JOB","data":{"job_id":"ebdc2a!87","alloc":"8-15 48-55"}}]}'
Received '{"now":14.735245,"events":[{"timestamp":14.735245,"type":"JOB_SUBMITTED","data":{"job_id":"ebdc2a!88","job":{"id":"ebdc2a!88","profile":"LU.S.4","res":4,"subtime":14.735217,"walltime":4200}}}]}'
Sending '{"now":14.735245,"events":[{"timestamp":14.735245,"type":"EXECUTE_JOB","data":{"job_id":"ebdc2a!88","alloc":"56-59"}}]}'
Received '{"now":14.737125,"events":[{"timestamp":14.737125,"type":"JOB_COMPLETED","data":{"job_id":"ebdc2a!85","job_state":"COMPLETED_SUCCESSFULLY","return_code":0,"kill_reason":"","alloc":"0-3"}}]}'
Sending '{"now":14.737125,"events":[]}'
Received '{"now":14.750422,"events":[{"timestamp":14.750422,"type":"JOB_COMPLETED","data":{"job_id":"ebdc2a!82","job_state":"COMPLETED_SUCCESSFULLY","return_code":0,"kill_reason":"","alloc":"20-23 36-47"}}]}'
Sending '{"now":14.750422,"events":[]}'
Received '{"now":14.800302,"events":[{"timestamp":14.800302,"type":"JOB_SUBMITTED","data":{"job_id":"ebdc2a!89","job":{"id":"ebdc2a!89","profile":"CG.S.16","res":16,"subtime":14.800283,"walltime":4200}}}]}'
Sending '{"now":14.800302,"events":[{"timestamp":14.800302,"type":"EXECUTE_JOB","data":{"job_id":"ebdc2a!89","alloc":"0-3 20-23 36-43"}}]}'
Received '{"now":14.882413,"events":[{"timestamp":14.882413,"type":"JOB_SUBMITTED","data":{"job_id":"ebdc2a!90","job":{"id":"ebdc2a!90","profile":"LU.S.4","res":4,"subtime":14.882393,"walltime":4200}}}]}'
Sending '{"now":14.882413,"events":[{"timestamp":14.882413,"type":"EXECUTE_JOB","data":{"job_id":"ebdc2a!90","alloc":"44-47"}}]}'
Received '{"now":14.917816,"events":[{"timestamp":14.917816,"type":"JOB_COMPLETED","data":{"job_id":"ebdc2a!86","job_state":"COMPLETED_SUCCESSFULLY","return_code":0,"kill_reason":"","alloc":"4-7"}}]}'
Sending '{"now":14.917816,"events":[]}'
Received '{"now":14.983549,"events":[{"timestamp":14.983549,"type":"JOB_SUBMITTED","data":{"job_id":"ebdc2a!91","job":{"id":"ebdc2a!91","profile":"SP.S.16","res":16,"subtime":14.983528,"walltime":4200}}}]}'
Sending '{"now":14.983549,"events":[]}'
Received '{"now":15.024923,"events":[{"timestamp":15.024923,"type":"JOB_SUBMITTED","data":{"job_id":"ebdc2a!92","job":{"id":"ebdc2a!92","profile":"BT.S.4","res":4,"subtime":15.024893,"walltime":4200}}}]}'
Sending '{"now":15.024923,"events":[{"timestamp":15.024923,"type":"EXECUTE_JOB","data":{"job_id":"ebdc2a!92","alloc":"60-63"}}]}'
Received '{"now":15.026026,"events":[{"timestamp":15.026026,"type":"JOB_COMPLETED","data":{"job_id":"ebdc2a!87","job_state":"COMPLETED_SUCCESSFULLY","return_code":0,"kill_reason":"","alloc":"8-15 48-55"}}]}'
Sending '{"now":15.026026,"events":[{"timestamp":15.026026,"type":"EXECUTE_JOB","data":{"job_id":"ebdc2a!91","alloc":"4-15 48-51"}}]}'
Received '{"now":15.043239,"events":[{"timestamp":15.043239,"type":"JOB_SUBMITTED","data":{"job_id":"ebdc2a!93","job":{"id":"ebdc2a!93","profile":"SP.S.16","res":16,"subtime":15.043214,"walltime":4200}}}]}'
Sending '{"now":15.043239,"events":[]}'
Received '{"now":15.077354,"events":[{"timestamp":15.077354,"type":"JOB_COMPLETED","data":{"job_id":"ebdc2a!80","job_state":"COMPLETED_SUCCESSFULLY","return_code":0,"kill_reason":"","alloc":"16-19 24-35"}}]}'
Sending '{"now":15.077354,"events":[{"timestamp":15.077354,"type":"EXECUTE_JOB","data":{"job_id":"ebdc2a!93","alloc":"16-19 24-35"}}]}'
Received '{"now":15.094177,"events":[{"timestamp":15.094177,"type":"JOB_SUBMITTED","data":{"job_id":"ebdc2a!94","job":{"id":"ebdc2a!94","profile":"MG.S.16","res":16,"subtime":15.094163,"walltime":4200}}}]}'
Sending '{"now":15.094177,"events":[]}'
Received '{"now":15.135018,"events":[{"timestamp":15.135018,"type":"JOB_SUBMITTED","data":{"job_id":"ebdc2a!95","job":{"id":"ebdc2a!95","profile":"LU.S.16","res":16,"subtime":15.134990,"walltime":4200}}}]}'
Sending '{"now":15.135018,"events":[]}'
Received '{"now":15.148803,"events":[{"timestamp":15.148803,"type":"JOB_SUBMITTED","data":{"job_id":"ebdc2a!96","job":{"id":"ebdc2a!96","profile":"FT.S.4","res":4,"subtime":15.148773,"walltime":4200}}}]}'
Sending '{"now":15.148803,"events":[{"timestamp":15.148803,"type":"EXECUTE_JOB","data":{"job_id":"ebdc2a!96","alloc":"52-55"}}]}'
Received '{"now":15.176221,"events":[{"timestamp":15.176221,"type":"JOB_SUBMITTED","data":{"job_id":"ebdc2a!97","job":{"id":"ebdc2a!97","profile":"LU.S.16","res":16,"subtime":15.176200,"walltime":4200}}}]}'
Sending '{"now":15.176221,"events":[]}'
Received '{"now":15.236080,"events":[{"timestamp":15.236080,"type":"JOB_SUBMITTED","data":{"job_id":"ebdc2a!98","job":{"id":"ebdc2a!98","profile":"SP.S.16","res":16,"subtime":15.236050,"walltime":4200}}}]}'
Sending '{"now":15.23608,"events":[]}'
Received '{"now":15.448757,"events":[{"timestamp":15.448757,"type":"JOB_COMPLETED","data":{"job_id":"ebdc2a!92","job_state":"COMPLETED_SUCCESSFULLY","return_code":0,"kill_reason":"","alloc":"60-63"}}]}'
Sending '{"now":15.448757,"events":[]}'
Received '{"now":15.552639,"events":[{"timestamp":15.552639,"type":"JOB_COMPLETED","data":{"job_id":"ebdc2a!96","job_state":"COMPLETED_SUCCESSFULLY","return_code":0,"kill_reason":"","alloc":"52-55"}}]}'
Sending '{"now":15.552639,"events":[]}'
Received '{"now":15.572579,"events":[{"timestamp":15.572579,"type":"JOB_SUBMITTED","data":{"job_id":"ebdc2a!99","job":{"id":"ebdc2a!99","profile":"CG.S.16","res":16,"subtime":15.572549,"walltime":4200}}}]}'
Sending '{"now":15.572579,"events":[]}'
Received '{"now":15.610817,"events":[{"timestamp":15.610817,"type":"JOB_COMPLETED","data":{"job_id":"ebdc2a!88","job_state":"COMPLETED_SUCCESSFULLY","return_code":0,"kill_reason":"","alloc":"56-59"}}]}'
Sending '{"now":15.610817,"events":[]}'
Received '{"now":15.622746,"events":[{"timestamp":15.622746,"type":"JOB_SUBMITTED","data":{"job_id":"ebdc2a!100","job":{"id":"ebdc2a!100","profile":"BT.S.16","res":16,"subtime":15.622725,"walltime":4200}}}]}'
Sending '{"now":15.622746,"events":[]}'
Received '{"now":15.773367,"events":[{"timestamp":15.773367,"type":"JOB_COMPLETED","data":{"job_id":"ebdc2a!90","job_state":"COMPLETED_SUCCESSFULLY","return_code":0,"kill_reason":"","alloc":"44-47"}}]}'
Sending '{"now":15.773367,"events":[{"timestamp":15.773367,"type":"EXECUTE_JOB","data":{"job_id":"ebdc2a!94","alloc":"44-47 52-63"}}]}'
Received '{"now":15.916131,"events":[{"timestamp":15.916131,"type":"JOB_COMPLETED","data":{"job_id":"ebdc2a!89","job_state":"COMPLETED_SUCCESSFULLY","return_code":0,"kill_reason":"","alloc":"0-3 20-23 36-43"}}]}'
Sending '{"now":15.916131,"events":[{"timestamp":15.916131,"type":"EXECUTE_JOB","data":{"job_id":"ebdc2a!95","alloc":"0-3 20-23 36-43"}}]}'
Received '{"now":15.925478,"events":[{"timestamp":15.925478,"type":"JOB_SUBMITTED","data":{"job_id":"ebdc2a!101","job":{"id":"ebdc2a!101","profile":"LU.S.16","res":16,"subtime":15.925447,"walltime":4200}}}]}'
Sending '{"now":15.925478,"events":[]}'
Received '{"now":16.015285,"events":[{"timestamp":16.015285,"type":"JOB_SUBMITTED","data":{"job_id":"ebdc2a!102","job":{"id":"ebdc2a!102","profile":"IS.S.16","res":16,"subtime":16.015256,"walltime":4200}}}]}'
Sending '{"now":16.015285,"events":[]}'
Received '{"now":16.052953,"events":[{"timestamp":16.052953,"type":"JOB_SUBMITTED","data":{"job_id":"ebdc2a!103","job":{"id":"ebdc2a!103","profile":"CG.S.16","res":16,"subtime":16.052931,"walltime":4200}}}]}'
Sending '{"now":16.052953,"events":[]}'
Received '{"now":16.073903,"events":[{"timestamp":16.073903,"type":"JOB_SUBMITTED","data":{"job_id":"ebdc2a!104","job":{"id":"ebdc2a!104","profile":"BT.S.4","res":4,"subtime":16.073876,"walltime":4200}}}]}'
Sending '{"now":16.073903,"events":[]}'
Received '{"now":16.230345,"events":[{"timestamp":16.230345,"type":"JOB_COMPLETED","data":{"job_id":"ebdc2a!91","job_state":"COMPLETED_SUCCESSFULLY","return_code":0,"kill_reason":"","alloc":"4-15 48-51"}}]}'
Sending '{"now":16.230345,"events":[{"timestamp":16.230345,"type":"EXECUTE_JOB","data":{"job_id":"ebdc2a!97","alloc":"4-15 48-51"}}]}'
Received '{"now":16.280875,"events":[{"timestamp":16.280875,"type":"JOB_COMPLETED","data":{"job_id":"ebdc2a!93","job_state":"COMPLETED_SUCCESSFULLY","return_code":0,"kill_reason":"","alloc":"16-19 24-35"}}]}'
Sending '{"now":16.280875,"events":[{"timestamp":16.280875,"type":"EXECUTE_JOB","data":{"job_id":"ebdc2a!98","alloc":"16-19 24-35"}}]}'
Received '{"now":16.295796,"events":[{"timestamp":16.295796,"type":"JOB_COMPLETED","data":{"job_id":"ebdc2a!94","job_state":"COMPLETED_SUCCESSFULLY","return_code":0,"kill_reason":"","alloc":"44-47 52-63"}}]}'
Sending '{"now":16.295796,"events":[{"timestamp":16.295796,"type":"EXECUTE_JOB","data":{"job_id":"ebdc2a!99","alloc":"44-47 52-63"}}]}'
Received '{"now":16.322931,"events":[{"timestamp":16.322931,"type":"JOB_SUBMITTED","data":{"job_id":"ebdc2a!105","job":{"id":"ebdc2a!105","profile":"MG.S.16","res":16,"subtime":16.322909,"walltime":4200}}}]}'
Sending '{"now":16.322931,"events":[]}'
Received '{"now":16.898403,"events":[{"timestamp":16.898403,"type":"JOB_SUBMITTED","data":{"job_id":"ebdc2a!106","job":{"id":"ebdc2a!106","profile":"IS.S.16","res":16,"subtime":16.898380,"walltime":4200}}}]}'
Sending '{"now":16.898403,"events":[]}'
Received '{"now":16.973320,"events":[{"timestamp":16.973320,"type":"JOB_COMPLETED","data":{"job_id":"ebdc2a!95","job_state":"COMPLETED_SUCCESSFULLY","return_code":0,"kill_reason":"","alloc":"0-3 20-23 36-43"}}]}'
Sending '{"now":16.97332,"events":[{"timestamp":16.97332,"type":"EXECUTE_JOB","data":{"job_id":"ebdc2a!100","alloc":"0-3 20-23 36-43"}}]}'
Received '{"now":17.018049,"events":[{"timestamp":17.018049,"type":"JOB_SUBMITTED","data":{"job_id":"ebdc2a!107","job":{"id":"ebdc2a!107","profile":"FT.S.16","res":16,"subtime":17.018023,"walltime":4200}}}]}'
Sending '{"now":17.018049,"events":[]}'
Received '{"now":17.245819,"events":[{"timestamp":17.245819,"type":"JOB_COMPLETED","data":{"job_id":"ebdc2a!97","job_state":"COMPLETED_SUCCESSFULLY","return_code":0,"kill_reason":"","alloc":"4-15 48-51"}}]}'
Sending '{"now":17.245819,"events":[{"timestamp":17.245819,"type":"EXECUTE_JOB","data":{"job_id":"ebdc2a!101","alloc":"4-15 48-51"}}]}'
Received '{"now":17.253613,"events":[{"timestamp":17.253613,"type":"JOB_COMPLETED","data":{"job_id":"ebdc2a!98","job_state":"COMPLETED_SUCCESSFULLY","return_code":0,"kill_reason":"","alloc":"16-19 24-35"}}]}'
Sending '{"now":17.253613,"events":[{"timestamp":17.253613,"type":"EXECUTE_JOB","data":{"job_id":"ebdc2a!102","alloc":"16-19 24-35"}}]}'
Received '{"now":17.303803,"events":[{"timestamp":17.303803,"type":"JOB_SUBMITTED","data":{"job_id":"ebdc2a!108","job":{"id":"ebdc2a!108","profile":"BT.S.16","res":16,"subtime":17.303773,"walltime":4200}}}]}'
Sending '{"now":17.303803,"events":[]}'
Received '{"now":17.312143,"events":[{"timestamp":17.312143,"type":"JOB_COMPLETED","data":{"job_id":"ebdc2a!99","job_state":"COMPLETED_SUCCESSFULLY","return_code":0,"kill_reason":"","alloc":"44-47 52-63"}}]}'
Sending '{"now":17.312143,"events":[{"timestamp":17.312143,"type":"EXECUTE_JOB","data":{"job_id":"ebdc2a!103","alloc":"44-47 52-63"}}]}'
Received '{"now":17.319297,"events":[{"timestamp":17.319297,"type":"JOB_SUBMITTED","data":{"job_id":"ebdc2a!109","job":{"id":"ebdc2a!109","profile":"BT.S.4","res":4,"subtime":17.319272,"walltime":4200}}}]}'
Sending '{"now":17.319297,"events":[]}'
Received '{"now":17.357337,"events":[{"timestamp":17.357337,"type":"JOB_SUBMITTED","data":{"job_id":"ebdc2a!110","job":{"id":"ebdc2a!110","profile":"CG.S.16","res":16,"subtime":17.357306,"walltime":4200}}}]}'
Sending '{"now":17.357337,"events":[]}'
Received '{"now":17.363359,"events":[{"timestamp":17.363359,"type":"JOB_COMPLETED","data":{"job_id":"ebdc2a!102","job_state":"COMPLETED_SUCCESSFULLY","return_code":0,"kill_reason":"","alloc":"16-19 24-35"}}]}'
Sending '{"now":17.363359,"events":[{"timestamp":17.363359,"type":"EXECUTE_JOB","data":{"job_id":"ebdc2a!104","alloc":"16-19"}},{"timestamp":17.363359,"type":"EXECUTE_JOB","data":{"job_id":"ebdc2a!109","alloc":"32-35"}}]}'
Received '{"now":17.428742,"events":[{"timestamp":17.428742,"type":"JOB_SUBMITTED","data":{"job_id":"ebdc2a!111","job":{"id":"ebdc2a!111","profile":"SP.S.16","res":16,"subtime":17.428718,"walltime":4200}}}]}'
Sending '{"now":17.428742,"events":[]}'
Received '{"now":17.549189,"events":[{"timestamp":17.549189,"type":"JOB_SUBMITTED","data":{"job_id":"ebdc2a!112","job":{"id":"ebdc2a!112","profile":"IS.S.4","res":4,"subtime":17.549165,"walltime":4200}}}]}'
Sending '{"now":17.549189,"events":[]}'
Received '{"now":17.699641,"events":[{"timestamp":17.699641,"type":"JOB_SUBMITTED","data":{"job_id":"ebdc2a!113","job":{"id":"ebdc2a!113","profile":"MG.S.4","res":4,"subtime":17.699611,"walltime":4200}}}]}'
Sending '{"now":17.699641,"events":[]}'
Received '{"now":17.821842,"events":[{"timestamp":17.821842,"type":"JOB_COMPLETED","data":{"job_id":"ebdc2a!109","job_state":"COMPLETED_SUCCESSFULLY","return_code":0,"kill_reason":"","alloc":"32-35"}}]}'
Sending '{"now":17.821842,"events":[{"timestamp":17.821842,"type":"EXECUTE_JOB","data":{"job_id":"ebdc2a!112","alloc":"32-35"}}]}'
Received '{"now":17.822105,"events":[{"timestamp":17.822050,"type":"JOB_COMPLETED","data":{"job_id":"ebdc2a!104","job_state":"COMPLETED_SUCCESSFULLY","return_code":0,"kill_reason":"","alloc":"16-19"}}]}'
Sending '{"now":17.822105,"events":[{"timestamp":17.822105,"type":"EXECUTE_JOB","data":{"job_id":"ebdc2a!113","alloc":"28-31"}}]}'
Received '{"now":17.968795,"events":[{"timestamp":17.968795,"type":"JOB_COMPLETED","data":{"job_id":"ebdc2a!112","job_state":"COMPLETED_SUCCESSFULLY","return_code":0,"kill_reason":"","alloc":"32-35"}}]}'
Sending '{"now":17.968795,"events":[]}'
Received '{"now":18.047538,"events":[{"timestamp":18.047538,"type":"JOB_COMPLETED","data":{"job_id":"ebdc2a!113","job_state":"COMPLETED_SUCCESSFULLY","return_code":0,"kill_reason":"","alloc":"28-31"}}]}'
Sending '{"now":18.047538,"events":[{"timestamp":18.047538,"type":"EXECUTE_JOB","data":{"job_id":"ebdc2a!105","alloc":"16-19 24-35"}}]}'
Received '{"now":18.268346,"events":[{"timestamp":18.268346,"type":"JOB_SUBMITTED","data":{"job_id":"ebdc2a!114","job":{"id":"ebdc2a!114","profile":"FT.S.16","res":16,"subtime":18.268324,"walltime":4200}}}]}'
Sending '{"now":18.268346,"events":[]}'
Received '{"now":18.307391,"events":[{"timestamp":18.307391,"type":"JOB_COMPLETED","data":{"job_id":"ebdc2a!101","job_state":"COMPLETED_SUCCESSFULLY","return_code":0,"kill_reason":"","alloc":"4-15 48-51"}}]}'
Sending '{"now":18.307391,"events":[{"timestamp":18.307391,"type":"EXECUTE_JOB","data":{"job_id":"ebdc2a!106","alloc":"4-15 48-51"}}]}'
Received '{"now":18.332239,"events":[{"timestamp":18.332239,"type":"JOB_COMPLETED","data":{"job_id":"ebdc2a!103","job_state":"COMPLETED_SUCCESSFULLY","return_code":0,"kill_reason":"","alloc":"44-47 52-63"}}]}'
Sending '{"now":18.332239,"events":[{"timestamp":18.332239,"type":"EXECUTE_JOB","data":{"job_id":"ebdc2a!107","alloc":"44-47 52-63"}}]}'
Received '{"now":18.462734,"events":[{"timestamp":18.462734,"type":"JOB_COMPLETED","data":{"job_id":"ebdc2a!106","job_state":"COMPLETED_SUCCESSFULLY","return_code":0,"kill_reason":"","alloc":"4-15 48-51"}}]}'
Sending '{"now":18.462734,"events":[{"timestamp":18.462734,"type":"EXECUTE_JOB","data":{"job_id":"ebdc2a!108","alloc":"4-15 48-51"}}]}'
Received '{"now":18.488390,"events":[{"timestamp":18.488390,"type":"JOB_COMPLETED","data":{"job_id":"ebdc2a!100","job_state":"COMPLETED_SUCCESSFULLY","return_code":0,"kill_reason":"","alloc":"0-3 20-23 36-43"}}]}'
Sending '{"now":18.48839,"events":[{"timestamp":18.48839,"type":"EXECUTE_JOB","data":{"job_id":"ebdc2a!110","alloc":"0-3 20-23 36-43"}}]}'
Received '{"now":18.595574,"events":[{"timestamp":18.595574,"type":"JOB_COMPLETED","data":{"job_id":"ebdc2a!105","job_state":"COMPLETED_SUCCESSFULLY","return_code":0,"kill_reason":"","alloc":"16-19 24-35"}}]}'
Sending '{"now":18.595574,"events":[{"timestamp":18.595574,"type":"EXECUTE_JOB","data":{"job_id":"ebdc2a!111","alloc":"16-19 24-35"}}]}'
Received '{"now":18.644409,"events":[{"timestamp":18.644409,"type":"JOB_SUBMITTED","data":{"job_id":"ebdc2a!115","job":{"id":"ebdc2a!115","profile":"FT.S.4","res":4,"subtime":18.644388,"walltime":4200}}}]}'
Sending '{"now":18.644409,"events":[]}'
Received '{"now":18.864192,"events":[{"timestamp":18.864192,"type":"JOB_SUBMITTED","data":{"job_id":"ebdc2a!116","job":{"id":"ebdc2a!116","profile":"SP.S.16","res":16,"subtime":18.864162,"walltime":4200}}}]}'
Sending '{"now":18.864192,"events":[]}'
Received '{"now":19.011534,"events":[{"timestamp":19.011534,"type":"JOB_COMPLETED","data":{"job_id":"ebdc2a!107","job_state":"COMPLETED_SUCCESSFULLY","return_code":0,"kill_reason":"","alloc":"44-47 52-63"}}]}'
Sending '{"now":19.011534,"events":[{"timestamp":19.011534,"type":"EXECUTE_JOB","data":{"job_id":"ebdc2a!114","alloc":"44-47 52-63"}}]}'
Received '{"now":19.426738,"events":[{"timestamp":19.426738,"type":"JOB_SUBMITTED","data":{"job_id":"ebdc2a!117","job":{"id":"ebdc2a!117","profile":"SP.S.4","res":4,"subtime":19.426708,"walltime":4200}}}]}'
Sending '{"now":19.426738,"events":[]}'
Received '{"now":19.459431,"events":[{"timestamp":19.459431,"type":"JOB_COMPLETED","data":{"job_id":"ebdc2a!110","job_state":"COMPLETED_SUCCESSFULLY","return_code":0,"kill_reason":"","alloc":"0-3 20-23 36-43"}}]}'
Sending '{"now":19.459431,"events":[{"timestamp":19.459431,"type":"EXECUTE_JOB","data":{"job_id":"ebdc2a!115","alloc":"0-3"}},{"timestamp":19.459431,"type":"EXECUTE_JOB","data":{"job_id":"ebdc2a!117","alloc":"36-39"}}]}'
Received '{"now":19.622248,"events":[{"timestamp":19.622248,"type":"JOB_COMPLETED","data":{"job_id":"ebdc2a!114","job_state":"COMPLETED_SUCCESSFULLY","return_code":0,"kill_reason":"","alloc":"44-47 52-63"}}]}'
Sending '{"now":19.622248,"events":[{"timestamp":19.622248,"type":"EXECUTE_JOB","data":{"job_id":"ebdc2a!116","alloc":"20-23 40-47 52-55"}}]}'
Received '{"now":19.724027,"events":[{"timestamp":19.724027,"type":"JOB_COMPLETED","data":{"job_id":"ebdc2a!111","job_state":"COMPLETED_SUCCESSFULLY","return_code":0,"kill_reason":"","alloc":"16-19 24-35"}}]}'
Sending '{"now":19.724027,"events":[]}'
Received '{"now":19.885973,"events":[{"timestamp":19.885973,"type":"JOB_COMPLETED","data":{"job_id":"ebdc2a!117","job_state":"COMPLETED_SUCCESSFULLY","return_code":0,"kill_reason":"","alloc":"36-39"}}]}'
Sending '{"now":19.885973,"events":[]}'
Received '{"now":19.926931,"events":[{"timestamp":19.926931,"type":"JOB_SUBMITTED","data":{"job_id":"ebdc2a!118","job":{"id":"ebdc2a!118","profile":"CG.S.16","res":16,"subtime":19.926901,"walltime":4200}}}]}'
Sending '{"now":19.926931,"events":[{"timestamp":19.926931,"type":"EXECUTE_JOB","data":{"job_id":"ebdc2a!118","alloc":"16-19 24-35"}}]}'
Received '{"now":19.964124,"events":[{"timestamp":19.964124,"type":"JOB_SUBMITTED","data":{"job_id":"ebdc2a!119","job":{"id":"ebdc2a!119","profile":"IS.S.16","res":16,"subtime":19.964093,"walltime":4200}}}]}'
Sending '{"now":19.964124,"events":[]}'
Received '{"now":20.147662,"events":[{"timestamp":20.147662,"type":"JOB_COMPLETED","data":{"job_id":"ebdc2a!115","job_state":"COMPLETED_SUCCESSFULLY","return_code":0,"kill_reason":"","alloc":"0-3"}}]}'
Sending '{"now":20.147662,"events":[{"timestamp":20.147662,"type":"EXECUTE_JOB","data":{"job_id":"ebdc2a!119","alloc":"0-3 36-39 56-63"}}]}'
Received '{"now":20.274521,"events":[{"timestamp":20.274521,"type":"JOB_COMPLETED","data":{"job_id":"ebdc2a!119","job_state":"COMPLETED_SUCCESSFULLY","return_code":0,"kill_reason":"","alloc":"0-3 36-39 56-63"}}]}'
Sending '{"now":20.274521,"events":[]}'
Received '{"now":20.295081,"events":[{"timestamp":20.295081,"type":"JOB_COMPLETED","data":{"job_id":"ebdc2a!108","job_state":"COMPLETED_SUCCESSFULLY","return_code":0,"kill_reason":"","alloc":"4-15 48-51"}}]}'
Sending '{"now":20.295081,"events":[]}'
Received '{"now":20.388956,"events":[{"timestamp":20.388956,"type":"JOB_SUBMITTED","data":{"job_id":"ebdc2a!120","job":{"id":"ebdc2a!120","profile":"FT.S.16","res":16,"subtime":20.388926,"walltime":4200}}}]}'
Sending '{"now":20.388956,"events":[{"timestamp":20.388956,"type":"EXECUTE_JOB","data":{"job_id":"ebdc2a!120","alloc":"0-15"}}]}'
Received '{"now":20.737249,"events":[{"timestamp":20.737249,"type":"JOB_COMPLETED","data":{"job_id":"ebdc2a!116","job_state":"COMPLETED_SUCCESSFULLY","return_code":0,"kill_reason":"","alloc":"20-23 40-47 52-55"}}]}'
Sending '{"now":20.737249,"events":[]}'
Received '{"now":20.753927,"events":[{"timestamp":20.753927,"type":"JOB_COMPLETED","data":{"job_id":"ebdc2a!120","job_state":"COMPLETED_SUCCESSFULLY","return_code":0,"kill_reason":"","alloc":"0-15"}}]}'
Sending '{"now":20.753927,"events":[]}'
Received '{"now":20.949655,"events":[{"timestamp":20.949655,"type":"JOB_COMPLETED","data":{"job_id":"ebdc2a!118","job_state":"COMPLETED_SUCCESSFULLY","return_code":0,"kill_reason":"","alloc":"16-19 24-35"}},{"timestamp":20.949655,"type":"SIMULATION_ENDS","data":{}}]}'
Sending '{"now":20.949655,"events":[]}'
