variant_options = '{"custom_mapping": true}'
Received '{"now":0.000000,"events":[{"timestamp":0.000000,"type":"SIMULATION_BEGINS","data":{"nb_resources":64,"allow_time_sharing":false,"config":{"redis":{"enabled":false,"hostname":"127.0.0.1","port":6379,"prefix":"default"},"job_submission":{"forward_profiles":false,"from_scheduler":{"enabled":false,"acknowledge":true}}},"resources_data":[{"id":0,"name":"n1","state":"idle","properties":{}},{"id":1,"name":"n2","state":"idle","properties":{}},{"id":2,"name":"n3","state":"idle","properties":{}},{"id":3,"name":"n4","state":"idle","properties":{}},{"id":4,"name":"n5","state":"idle","properties":{}},{"id":5,"name":"n6","state":"idle","properties":{}},{"id":6,"name":"n7","state":"idle","properties":{}},{"id":7,"name":"n8","state":"idle","properties":{}},{"id":8,"name":"n9","state":"idle","properties":{}},{"id":9,"name":"n10","state":"idle","properties":{}},{"id":10,"name":"n11","state":"idle","properties":{}},{"id":11,"name":"n12","state":"idle","properties":{}},{"id":12,"name":"n13","state":"idle","properties":{}},{"id":13,"name":"n14","state":"idle","properties":{}},{"id":14,"name":"n15","state":"idle","properties":{}},{"id":15,"name":"n16","state":"idle","properties":{}},{"id":16,"name":"n17","state":"idle","properties":{}},{"id":17,"name":"n18","state":"idle","properties":{}},{"id":18,"name":"n19","state":"idle","properties":{}},{"id":19,"name":"n20","state":"idle","properties":{}},{"id":20,"name":"n21","state":"idle","properties":{}},{"id":21,"name":"n22","state":"idle","properties":{}},{"id":22,"name":"n23","state":"idle","properties":{}},{"id":23,"name":"n24","state":"idle","properties":{}},{"id":24,"name":"n25","state":"idle","properties":{}},{"id":25,"name":"n26","state":"idle","properties":{}},{"id":26,"name":"n27","state":"idle","properties":{}},{"id":27,"name":"n28","state":"idle","properties":{}},{"id":28,"name":"n29","state":"idle","properties":{}},{"id":29,"name":"n30","state":"idle","properties":{}},{"id":30,"name":"n31","state":"idle","properties":{}},{"id":31,"name":"n32","state":"idle","properties":{}},{"id":32,"name":"n33","state":"idle","properties":{}},{"id":33,"name":"n34","state":"idle","properties":{}},{"id":34,"name":"n35","state":"idle","properties":{}},{"id":35,"name":"n36","state":"idle","properties":{}},{"id":36,"name":"n37","state":"idle","properties":{}},{"id":37,"name":"n38","state":"idle","properties":{}},{"id":38,"name":"n39","state":"idle","properties":{}},{"id":39,"name":"n40","state":"idle","properties":{}},{"id":40,"name":"n41","state":"idle","properties":{}},{"id":41,"name":"n42","state":"idle","properties":{}},{"id":42,"name":"n43","state":"idle","properties":{}},{"id":43,"name":"n44","state":"idle","properties":{}},{"id":44,"name":"n45","state":"idle","properties":{}},{"id":45,"name":"n46","state":"idle","properties":{}},{"id":46,"name":"n47","state":"idle","properties":{}},{"id":47,"name":"n48","state":"idle","properties":{}},{"id":48,"name":"n49","state":"idle","properties":{}},{"id":49,"name":"n50","state":"idle","properties":{}},{"id":50,"name":"n51","state":"idle","properties":{}},{"id":51,"name":"n52","state":"idle","properties":{}},{"id":52,"name":"n53","state":"idle","properties":{}},{"id":53,"name":"n54","state":"idle","properties":{}},{"id":54,"name":"n55","state":"idle","properties":{}},{"id":55,"name":"n56","state":"idle","properties":{}},{"id":56,"name":"n57","state":"idle","properties":{}},{"id":57,"name":"n58","state":"idle","properties":{}},{"id":58,"name":"n59","state":"idle","properties":{}},{"id":59,"name":"n60","state":"idle","properties":{}},{"id":60,"name":"n61","state":"idle","properties":{}},{"id":61,"name":"n62","state":"idle","properties":{}},{"id":62,"name":"n63","state":"idle","properties":{}},{"id":63,"name":"n64","state":"idle","properties":{}}],"workloads":{"ff6079":"/github-simgrid/190311/../batsim-v2.0.0/workload_profiles/npb_140_jobs.json"}}}]}'
Sending '{"now":0.0,"events":[]}'
Received '{"now":0.396756,"events":[{"timestamp":0.396756,"type":"JOB_SUBMITTED","data":{"job_id":"ff6079!1","job":{"id":"ff6079!1","profile":"SP.S.16","res":16,"subtime":0.396726,"walltime":4200}}}]}'
Sending '{"now":0.396756,"events":[{"timestamp":0.396756,"type":"EXECUTE_JOB","data":{"job_id":"ff6079!1","alloc":"0-15"}}]}'
Received '{"now":0.404816,"events":[{"timestamp":0.404816,"type":"JOB_SUBMITTED","data":{"job_id":"ff6079!2","job":{"id":"ff6079!2","profile":"MG.S.16","res":16,"subtime":0.404786,"walltime":4200}}}]}'
Sending '{"now":0.404816,"events":[{"timestamp":0.404816,"type":"EXECUTE_JOB","data":{"job_id":"ff6079!2","alloc":"16-31"}}]}'
Received '{"now":0.448892,"events":[{"timestamp":0.448892,"type":"JOB_SUBMITTED","data":{"job_id":"ff6079!3","job":{"id":"ff6079!3","profile":"FT.S.4","res":4,"subtime":0.448868,"walltime":4200}}}]}'
Sending '{"now":0.448892,"events":[{"timestamp":0.448892,"type":"EXECUTE_JOB","data":{"job_id":"ff6079!3","alloc":"32-35"}}]}'
Received '{"now":0.555001,"events":[{"timestamp":0.555001,"type":"JOB_SUBMITTED","data":{"job_id":"ff6079!4","job":{"id":"ff6079!4","profile":"SP.S.4","res":4,"subtime":0.554971,"walltime":4200}}}]}'
Sending '{"now":0.555001,"events":[{"timestamp":0.555001,"type":"EXECUTE_JOB","data":{"job_id":"ff6079!4","alloc":"36-39"}}]}'
Received '{"now":0.693645,"events":[{"timestamp":0.693645,"type":"JOB_SUBMITTED","data":{"job_id":"ff6079!5","job":{"id":"ff6079!5","profile":"IS.S.4","res":4,"subtime":0.693616,"walltime":4200}}}]}'
Sending '{"now":0.693645,"events":[{"timestamp":0.693645,"type":"EXECUTE_JOB","data":{"job_id":"ff6079!5","alloc":"40-43"}}]}'
Received '{"now":0.810371,"events":[{"timestamp":0.810371,"type":"JOB_COMPLETED","data":{"job_id":"ff6079!2","job_state":"COMPLETED_SUCCESSFULLY","return_code":0,"kill_reason":"","alloc":"16-31"}}]}'
Sending '{"now":0.810371,"events":[]}'
Received '{"now":0.856403,"events":[{"timestamp":0.856403,"type":"JOB_COMPLETED","data":{"job_id":"ff6079!5","job_state":"COMPLETED_SUCCESSFULLY","return_code":0,"kill_reason":"","alloc":"40-43"}}]}'
Sending '{"now":0.856403,"events":[]}'
Received '{"now":0.868709,"events":[{"timestamp":0.868709,"type":"JOB_COMPLETED","data":{"job_id":"ff6079!3","job_state":"COMPLETED_SUCCESSFULLY","return_code":0,"kill_reason":"","alloc":"32-35"}}]}'
Sending '{"now":0.868709,"events":[]}'
Received '{"now":0.912317,"events":[{"timestamp":0.912317,"type":"JOB_COMPLETED","data":{"job_id":"ff6079!4","job_state":"COMPLETED_SUCCESSFULLY","return_code":0,"kill_reason":"","alloc":"36-39"}}]}'
Sending '{"now":0.912317,"events":[]}'
Received '{"now":0.912601,"events":[{"timestamp":0.912601,"type":"JOB_SUBMITTED","data":{"job_id":"ff6079!6","job":{"id":"ff6079!6","profile":"IS.S.16","res":16,"subtime":0.912571,"walltime":4200}}}]}'
Sending '{"now":0.912601,"events":[{"timestamp":0.912601,"type":"EXECUTE_JOB","data":{"job_id":"ff6079!6","alloc":"16-31"}}]}'
Received '{"now":0.999566,"events":[{"timestamp":0.999566,"type":"JOB_COMPLETED","data":{"job_id":"ff6079!6","job_state":"COMPLETED_SUCCESSFULLY","return_code":0,"kill_reason":"","alloc":"16-31"}}]}'
Sending '{"now":0.999566,"events":[]}'
Received '{"now":1.045919,"events":[{"timestamp":1.045919,"type":"JOB_SUBMITTED","data":{"job_id":"ff6079!7","job":{"id":"ff6079!7","profile":"IS.S.16","res":16,"subtime":1.045891,"walltime":4200}}}]}'
Sending '{"now":1.045919,"events":[{"timestamp":1.045919,"type":"EXECUTE_JOB","data":{"job_id":"ff6079!7","alloc":"16-31"}}]}'
Received '{"now":1.130435,"events":[{"timestamp":1.130435,"type":"JOB_COMPLETED","data":{"job_id":"ff6079!7","job_state":"COMPLETED_SUCCESSFULLY","return_code":0,"kill_reason":"","alloc":"16-31"}}]}'
Sending '{"now":1.130435,"events":[]}'
Received '{"now":1.179515,"events":[{"timestamp":1.179515,"type":"JOB_SUBMITTED","data":{"job_id":"ff6079!8","job":{"id":"ff6079!8","profile":"BT.S.16","res":16,"subtime":1.179485,"walltime":4200}}}]}'
Sending '{"now":1.179515,"events":[{"timestamp":1.179515,"type":"EXECUTE_JOB","data":{"job_id":"ff6079!8","alloc":"16-31"}}]}'
Received '{"now":1.233954,"events":[{"timestamp":1.233954,"type":"JOB_SUBMITTED","data":{"job_id":"ff6079!9","job":{"id":"ff6079!9","profile":"SP.S.16","res":16,"subtime":1.233924,"walltime":4200}}}]}'
Sending '{"now":1.233954,"events":[{"timestamp":1.233954,"type":"EXECUTE_JOB","data":{"job_id":"ff6079!9","alloc":"32-47"}}]}'
Received '{"now":1.242190,"events":[{"timestamp":1.242190,"type":"JOB_SUBMITTED","data":{"job_id":"ff6079!10","job":{"id":"ff6079!10","profile":"IS.S.16","res":16,"subtime":1.242169,"walltime":4200}}}]}'
Sending '{"now":1.24219,"events":[{"timestamp":1.24219,"type":"EXECUTE_JOB","data":{"job_id":"ff6079!10","alloc":"48-63"}}]}'
Received '{"now":1.334567,"events":[{"timestamp":1.334567,"type":"JOB_SUBMITTED","data":{"job_id":"ff6079!11","job":{"id":"ff6079!11","profile":"CG.S.16","res":16,"subtime":1.334537,"walltime":4200}}}]}'
Sending '{"now":1.334567,"events":[]}'
Received '{"now":1.367705,"events":[{"timestamp":1.367705,"type":"JOB_COMPLETED","data":{"job_id":"ff6079!10","job_state":"COMPLETED_SUCCESSFULLY","return_code":0,"kill_reason":"","alloc":"48-63"}}]}'
Sending '{"now":1.367705,"events":[{"timestamp":1.367705,"type":"EXECUTE_JOB","data":{"job_id":"ff6079!11","alloc":"48-63"}}]}'
Received '{"now":1.615035,"events":[{"timestamp":1.615035,"type":"JOB_COMPLETED","data":{"job_id":"ff6079!1","job_state":"COMPLETED_SUCCESSFULLY","return_code":0,"kill_reason":"","alloc":"0-15"}}]}'
Sending '{"now":1.615035,"events":[]}'
Received '{"now":1.687067,"events":[{"timestamp":1.687067,"type":"JOB_SUBMITTED","data":{"job_id":"ff6079!12","job":{"id":"ff6079!12","profile":"BT.S.16","res":16,"subtime":1.687039,"walltime":4200}}}]}'
Sending '{"now":1.687067,"events":[{"timestamp":1.687067,"type":"EXECUTE_JOB","data":{"job_id":"ff6079!12","alloc":"0-15"}}]}'
Received '{"now":2.036664,"events":[{"timestamp":2.036664,"type":"JOB_SUBMITTED","data":{"job_id":"ff6079!13","job":{"id":"ff6079!13","profile":"LU.S.16","res":16,"subtime":2.036633,"walltime":4200}}}]}'
Sending '{"now":2.036664,"events":[]}'
Received '{"now":2.125358,"events":[{"timestamp":2.125358,"type":"JOB_SUBMITTED","data":{"job_id":"ff6079!14","job":{"id":"ff6079!14","profile":"IS.S.4","res":4,"subtime":2.125332,"walltime":4200}}}]}'
Sending '{"now":2.125358,"events":[]}'
Received '{"now":2.153649,"events":[{"timestamp":2.153649,"type":"JOB_SUBMITTED","data":{"job_id":"ff6079!15","job":{"id":"ff6079!15","profile":"IS.S.16","res":16,"subtime":2.153619,"walltime":4200}}}]}'
Sending '{"now":2.153649,"events":[]}'
Received '{"now":2.187202,"events":[{"timestamp":2.187202,"type":"JOB_SUBMITTED","data":{"job_id":"ff6079!16","job":{"id":"ff6079!16","profile":"FT.S.4","res":4,"subtime":2.187179,"walltime":4200}}}]}'
Sending '{"now":2.187202,"events":[]}'
Received '{"now":2.401471,"events":[{"timestamp":2.401471,"type":"JOB_COMPLETED","data":{"job_id":"ff6079!9","job_state":"COMPLETED_SUCCESSFULLY","return_code":0,"kill_reason":"","alloc":"32-47"}}]}'
Sending '{"now":2.401471,"events":[{"timestamp":2.401471,"type":"EXECUTE_JOB","data":{"job_id":"ff6079!13","alloc":"32-47"}}]}'
Received '{"now":2.404744,"events":[{"timestamp":2.404744,"type":"JOB_COMPLETED","data":{"job_id":"ff6079!11","job_state":"COMPLETED_SUCCESSFULLY","return_code":0,"kill_reason":"","alloc":"48-63"}}]}'
Sending '{"now":2.404744,"events":[{"timestamp":2.404744,"type":"EXECUTE_JOB","data":{"job_id":"ff6079!14","alloc":"48-51"}},{"timestamp":2.404744,"type":"EXECUTE_JOB","data":{"job_id":"ff6079!16","alloc":"52-55"}}]}'
Received '{"now":2.464048,"events":[{"timestamp":2.464048,"type":"JOB_SUBMITTED","data":{"job_id":"ff6079!17","job":{"id":"ff6079!17","profile":"CG.S.4","res":4,"subtime":2.464017,"walltime":4200}}}]}'
Sending '{"now":2.464048,"events":[{"timestamp":2.464048,"type":"EXECUTE_JOB","data":{"job_id":"ff6079!17","alloc":"56-59"}}]}'
Received '{"now":2.470613,"events":[{"timestamp":2.470613,"type":"JOB_SUBMITTED","data":{"job_id":"ff6079!18","job":{"id":"ff6079!18","profile":"CG.S.4","res":4,"subtime":2.470583,"walltime":4200}}}]}'
Sending '{"now":2.470613,"events":[{"timestamp":2.470613,"type":"EXECUTE_JOB","data":{"job_id":"ff6079!18","alloc":"60-63"}}]}'
Received '{"now":2.529783,"events":[{"timestamp":2.529783,"type":"JOB_SUBMITTED","data":{"job_id":"ff6079!19","job":{"id":"ff6079!19","profile":"CG.S.4","res":4,"subtime":2.529758,"walltime":4200}}}]}'
Sending '{"now":2.529783,"events":[]}'
Received '{"now":2.601724,"events":[{"timestamp":2.601724,"type":"JOB_COMPLETED","data":{"job_id":"ff6079!14","job_state":"COMPLETED_SUCCESSFULLY","return_code":0,"kill_reason":"","alloc":"48-51"}}]}'
Sending '{"now":2.601724,"events":[{"timestamp":2.601724,"type":"EXECUTE_JOB","data":{"job_id":"ff6079!19","alloc":"48-51"}}]}'
Received '{"now":2.613026,"events":[{"timestamp":2.613026,"type":"JOB_SUBMITTED","data":{"job_id":"ff6079!20","job":{"id":"ff6079!20","profile":"MG.S.4","res":4,"subtime":2.612998,"walltime":4200}}}]}'
Sending '{"now":2.613026,"events":[]}'
Received '{"now":2.687499,"events":[{"timestamp":2.687499,"type":"JOB_COMPLETED","data":{"job_id":"ff6079!8","job_state":"COMPLETED_SUCCESSFULLY","return_code":0,"kill_reason":"","alloc":"16-31"}}]}'
Sending '{"now":2.687499,"events":[{"timestamp":2.687499,"type":"EXECUTE_JOB","data":{"job_id":"ff6079!15","alloc":"16-31"}}]}'
Received '{"now":2.781082,"events":[{"timestamp":2.781082,"type":"JOB_COMPLETED","data":{"job_id":"ff6079!15","job_state":"COMPLETED_SUCCESSFULLY","return_code":0,"kill_reason":"","alloc":"16-31"}}]}'
Sending '{"now":2.781082,"events":[{"timestamp":2.781082,"type":"EXECUTE_JOB","data":{"job_id":"ff6079!20","alloc":"16-19"}}]}'
Received '{"now":2.875407,"events":[{"timestamp":2.875407,"type":"JOB_COMPLETED","data":{"job_id":"ff6079!16","job_state":"COMPLETED_SUCCESSFULLY","return_code":0,"kill_reason":"","alloc":"52-55"}}]}'
Sending '{"now":2.875407,"events":[]}'
Received '{"now":2.881442,"events":[{"timestamp":2.881442,"type":"JOB_SUBMITTED","data":{"job_id":"ff6079!21","job":{"id":"ff6079!21","profile":"BT.S.16","res":16,"subtime":2.881420,"walltime":4200}}}]}'
Sending '{"now":2.881442,"events":[]}'
Received '{"now":2.963392,"events":[{"timestamp":2.963392,"type":"JOB_COMPLETED","data":{"job_id":"ff6079!20","job_state":"COMPLETED_SUCCESSFULLY","return_code":0,"kill_reason":"","alloc":"16-19"}}]}'
Sending '{"now":2.963392,"events":[{"timestamp":2.963392,"type":"EXECUTE_JOB","data":{"job_id":"ff6079!21","alloc":"16-31"}}]}'
Received '{"now":3.030751,"events":[{"timestamp":3.030751,"type":"JOB_COMPLETED","data":{"job_id":"ff6079!17","job_state":"COMPLETED_SUCCESSFULLY","return_code":0,"kill_reason":"","alloc":"56-59"}}]}'
Sending '{"now":3.030751,"events":[]}'
Received '{"now":3.036389,"events":[{"timestamp":3.036389,"type":"JOB_COMPLETED","data":{"job_id":"ff6079!12","job_state":"COMPLETED_SUCCESSFULLY","return_code":0,"kill_reason":"","alloc":"0-15"}}]}'
Sending '{"now":3.036389,"events":[]}'
Received '{"now":3.081160,"events":[{"timestamp":3.081160,"type":"JOB_COMPLETED","data":{"job_id":"ff6079!18","job_state":"COMPLETED_SUCCESSFULLY","return_code":0,"kill_reason":"","alloc":"60-63"}}]}'
Sending '{"now":3.08116,"events":[]}'
Received '{"now":3.124823,"events":[{"timestamp":3.124823,"type":"JOB_COMPLETED","data":{"job_id":"ff6079!19","job_state":"COMPLETED_SUCCESSFULLY","return_code":0,"kill_reason":"","alloc":"48-51"}}]}'
Sending '{"now":3.124823,"events":[]}'
Received '{"now":3.409940,"events":[{"timestamp":3.409940,"type":"JOB_COMPLETED","data":{"job_id":"ff6079!13","job_state":"COMPLETED_SUCCESSFULLY","return_code":0,"kill_reason":"","alloc":"32-47"}}]}'
Sending '{"now":3.40994,"events":[]}'
Received '{"now":3.712232,"events":[{"timestamp":3.712232,"type":"JOB_SUBMITTED","data":{"job_id":"ff6079!22","job":{"id":"ff6079!22","profile":"SP.S.16","res":16,"subtime":3.712202,"walltime":4200}}}]}'
Sending '{"now":3.712232,"events":[{"timestamp":3.712232,"type":"EXECUTE_JOB","data":{"job_id":"ff6079!22","alloc":"0-15"}}]}'
Received '{"now":3.724366,"events":[{"timestamp":3.724366,"type":"JOB_SUBMITTED","data":{"job_id":"ff6079!23","job":{"id":"ff6079!23","profile":"FT.S.16","res":16,"subtime":3.724341,"walltime":4200}}}]}'
Sending '{"now":3.724366,"events":[{"timestamp":3.724366,"type":"EXECUTE_JOB","data":{"job_id":"ff6079!23","alloc":"32-47"}}]}'
Received '{"now":3.800560,"events":[{"timestamp":3.800560,"type":"JOB_SUBMITTED","data":{"job_id":"ff6079!24","job":{"id":"ff6079!24","profile":"BT.S.4","res":4,"subtime":3.800530,"walltime":4200}}}]}'
Sending '{"now":3.80056,"events":[{"timestamp":3.80056,"type":"EXECUTE_JOB","data":{"job_id":"ff6079!24","alloc":"48-51"}}]}'
Received '{"now":4.054582,"events":[{"timestamp":4.054582,"type":"JOB_SUBMITTED","data":{"job_id":"ff6079!25","job":{"id":"ff6079!25","profile":"BT.S.16","res":16,"subtime":4.054552,"walltime":4200}}}]}'
Sending '{"now":4.054582,"events":[]}'
Received '{"now":4.061431,"events":[{"timestamp":4.061431,"type":"JOB_COMPLETED","data":{"job_id":"ff6079!21","job_state":"COMPLETED_SUCCESSFULLY","return_code":0,"kill_reason":"","alloc":"16-31"}}]}'
Sending '{"now":4.061431,"events":[{"timestamp":4.061431,"type":"EXECUTE_JOB","data":{"job_id":"ff6079!25","alloc":"16-31"}}]}'
Received '{"now":4.067886,"events":[{"timestamp":4.067886,"type":"JOB_SUBMITTED","data":{"job_id":"ff6079!26","job":{"id":"ff6079!26","profile":"LU.S.16","res":16,"subtime":4.067856,"walltime":4200}}}]}'
Sending '{"now":4.067886,"events":[]}'
Received '{"now":4.086952,"events":[{"timestamp":4.086952,"type":"JOB_SUBMITTED","data":{"job_id":"ff6079!27","job":{"id":"ff6079!27","profile":"CG.S.4","res":4,"subtime":4.086924,"walltime":4200}}}]}'
Sending '{"now":4.086952,"events":[{"timestamp":4.086952,"type":"EXECUTE_JOB","data":{"job_id":"ff6079!27","alloc":"52-55"}}]}'
Received '{"now":4.195076,"events":[{"timestamp":4.195076,"type":"JOB_SUBMITTED","data":{"job_id":"ff6079!28","job":{"id":"ff6079!28","profile":"IS.S.4","res":4,"subtime":4.195046,"walltime":4200}}}]}'
Sending '{"now":4.195076,"events":[{"timestamp":4.195076,"type":"EXECUTE_JOB","data":{"job_id":"ff6079!28","alloc":"56-59"}}]}'
Received '{"now":4.212524,"events":[{"timestamp":4.212524,"type":"JOB_COMPLETED","data":{"job_id":"ff6079!23","job_state":"COMPLETED_SUCCESSFULLY","return_code":0,"kill_reason":"","alloc":"32-47"}}]}'
Sending '{"now":4.212524,"events":[{"timestamp":4.212524,"type":"EXECUTE_JOB","data":{"job_id":"ff6079!26","alloc":"32-47"}}]}'
Received '{"now":4.224468,"events":[{"timestamp":4.224468,"type":"JOB_COMPLETED","data":{"job_id":"ff6079!24","job_state":"COMPLETED_SUCCESSFULLY","return_code":0,"kill_reason":"","alloc":"48-51"}}]}'
Sending '{"now":4.224468,"events":[]}'
Received '{"now":4.305021,"events":[{"timestamp":4.305021,"type":"JOB_SUBMITTED","data":{"job_id":"ff6079!29","job":{"id":"ff6079!29","profile":"IS.S.4","res":4,"subtime":4.304999,"walltime":4200}}}]}'
Sending '{"now":4.305021,"events":[{"timestamp":4.305021,"type":"EXECUTE_JOB","data":{"job_id":"ff6079!29","alloc":"48-51"}}]}'
Received '{"now":4.423222,"events":[{"timestamp":4.423222,"type":"JOB_COMPLETED","data":{"job_id":"ff6079!28","job_state":"COMPLETED_SUCCESSFULLY","return_code":0,"kill_reason":"","alloc":"56-59"}}]}'
Sending '{"now":4.423222,"events":[]}'
Received '{"now":4.444832,"events":[{"timestamp":4.444832,"type":"JOB_COMPLETED","data":{"job_id":"ff6079!27","job_state":"COMPLETED_SUCCESSFULLY","return_code":0,"kill_reason":"","alloc":"52-55"}}]}'
Sending '{"now":4.444832,"events":[]}'
Received '{"now":4.508744,"events":[{"timestamp":4.508744,"type":"JOB_COMPLETED","data":{"job_id":"ff6079!29","job_state":"COMPLETED_SUCCESSFULLY","return_code":0,"kill_reason":"","alloc":"48-51"}}]}'
Sending '{"now":4.508744,"events":[]}'
Received '{"now":4.612683,"events":[{"timestamp":4.612683,"type":"JOB_SUBMITTED","data":{"job_id":"ff6079!30","job":{"id":"ff6079!30","profile":"FT.S.16","res":16,"subtime":4.612659,"walltime":4200}}}]}'
Sending '{"now":4.612683,"events":[{"timestamp":4.612683,"type":"EXECUTE_JOB","data":{"job_id":"ff6079!30","alloc":"48-63"}}]}'
Received '{"now":4.782958,"events":[{"timestamp":4.782958,"type":"JOB_COMPLETED","data":{"job_id":"ff6079!22","job_state":"COMPLETED_SUCCESSFULLY","return_code":0,"kill_reason":"","alloc":"0-15"}}]}'
Sending '{"now":4.782958,"events":[]}'
Received '{"now":5.034937,"events":[{"timestamp":5.034937,"type":"JOB_COMPLETED","data":{"job_id":"ff6079!30","job_state":"COMPLETED_SUCCESSFULLY","return_code":0,"kill_reason":"","alloc":"48-63"}}]}'
Sending '{"now":5.034937,"events":[]}'
Received '{"now":5.187782,"events":[{"timestamp":5.187782,"type":"JOB_COMPLETED","data":{"job_id":"ff6079!26","job_state":"COMPLETED_SUCCESSFULLY","return_code":0,"kill_reason":"","alloc":"32-47"}}]}'
Sending '{"now":5.187782,"events":[]}'
Received '{"now":5.324274,"events":[{"timestamp":5.324274,"type":"JOB_SUBMITTED","data":{"job_id":"ff6079!31","job":{"id":"ff6079!31","profile":"BT.S.16","res":16,"subtime":5.324249,"walltime":4200}}}]}'
Sending '{"now":5.324274,"events":[{"timestamp":5.324274,"type":"EXECUTE_JOB","data":{"job_id":"ff6079!31","alloc":"0-15"}}]}'
Received '{"now":5.361780,"events":[{"timestamp":5.361780,"type":"JOB_COMPLETED","data":{"job_id":"ff6079!25","job_state":"COMPLETED_SUCCESSFULLY","return_code":0,"kill_reason":"","alloc":"16-31"}}]}'
Sending '{"now":5.36178,"events":[]}'
Received '{"now":5.397998,"events":[{"timestamp":5.397998,"type":"JOB_SUBMITTED","data":{"job_id":"ff6079!32","job":{"id":"ff6079!32","profile":"CG.S.4","res":4,"subtime":5.397975,"walltime":4200}}}]}'
Sending '{"now":5.397998,"events":[{"timestamp":5.397998,"type":"EXECUTE_JOB","data":{"job_id":"ff6079!32","alloc":"16-19"}}]}'
Received '{"now":5.551245,"events":[{"timestamp":5.551245,"type":"JOB_SUBMITTED","data":{"job_id":"ff6079!33","job":{"id":"ff6079!33","profile":"LU.S.16","res":16,"subtime":5.551216,"walltime":4200}}}]}'
Sending '{"now":5.551245,"events":[{"timestamp":5.551245,"type":"EXECUTE_JOB","data":{"job_id":"ff6079!33","alloc":"20-35"}}]}'
Received '{"now":5.596174,"events":[{"timestamp":5.596174,"type":"JOB_SUBMITTED","data":{"job_id":"ff6079!34","job":{"id":"ff6079!34","profile":"IS.S.16","res":16,"subtime":5.596153,"walltime":4200}}}]}'
Sending '{"now":5.596174,"events":[{"timestamp":5.596174,"type":"EXECUTE_JOB","data":{"job_id":"ff6079!34","alloc":"36-51"}}]}'
Received '{"now":5.631828,"events":[{"timestamp":5.631828,"type":"JOB_SUBMITTED","data":{"job_id":"ff6079!35","job":{"id":"ff6079!35","profile":"SP.S.4","res":4,"subtime":5.631799,"walltime":4200}}}]}'
Sending '{"now":5.631828,"events":[{"timestamp":5.631828,"type":"EXECUTE_JOB","data":{"job_id":"ff6079!35","alloc":"52-55"}}]}'
Received '{"now":5.695060,"events":[{"timestamp":5.695060,"type":"JOB_COMPLETED","data":{"job_id":"ff6079!34","job_state":"COMPLETED_SUCCESSFULLY","return_code":0,"kill_reason":"","alloc":"36-51"}}]}'
Sending '{"now":5.69506,"events":[]}'
Received '{"now":5.699307,"events":[{"timestamp":5.699307,"type":"JOB_SUBMITTED","data":{"job_id":"ff6079!36","job":{"id":"ff6079!36","profile":"CG.S.4","res":4,"subtime":5.699276,"walltime":4200}}}]}'
Sending '{"now":5.699307,"events":[{"timestamp":5.699307,"type":"EXECUTE_JOB","data":{"job_id":"ff6079!36","alloc":"36-39"}}]}'
Received '{"now":5.804370,"events":[{"timestamp":5.804370,"type":"JOB_SUBMITTED","data":{"job_id":"ff6079!37","job":{"id":"ff6079!37","profile":"SP.S.4","res":4,"subtime":5.804340,"walltime":4200}}}]}'
Sending '{"now":5.80437,"events":[{"timestamp":5.80437,"type":"EXECUTE_JOB","data":{"job_id":"ff6079!37","alloc":"40-43"}}]}'
Received '{"now":5.882876,"events":[{"timestamp":5.882876,"type":"JOB_SUBMITTED","data":{"job_id":"ff6079!38","job":{"id":"ff6079!38","profile":"IS.S.16","res":16,"subtime":5.882850,"walltime":4200}}}]}'
Sending '{"now":5.882876,"events":[]}'
Received '{"now":5.970679,"events":[{"timestamp":5.970679,"type":"JOB_COMPLETED","data":{"job_id":"ff6079!32","job_state":"COMPLETED_SUCCESSFULLY","return_code":0,"kill_reason":"","alloc":"16-19"}}]}'
Sending '{"now":5.970679,"events":[]}'
Received '{"now":5.983921,"events":[{"timestamp":5.983921,"type":"JOB_COMPLETED","data":{"job_id":"ff6079!35","job_state":"COMPLETED_SUCCESSFULLY","return_code":0,"kill_reason":"","alloc":"52-55"}}]}'
Sending '{"now":5.983921,"events":[{"timestamp":5.983921,"type":"EXECUTE_JOB","data":{"job_id":"ff6079!38","alloc":"44-59"}}]}'
Received '{"now":6.089437,"events":[{"timestamp":6.089437,"type":"JOB_COMPLETED","data":{"job_id":"ff6079!38","job_state":"COMPLETED_SUCCESSFULLY","return_code":0,"kill_reason":"","alloc":"44-59"}}]}'
Sending '{"now":6.089437,"events":[]}'
Received '{"now":6.089561,"events":[{"timestamp":6.089561,"type":"JOB_SUBMITTED","data":{"job_id":"ff6079!39","job":{"id":"ff6079!39","profile":"CG.S.16","res":16,"subtime":6.089540,"walltime":4200}}}]}'
Sending '{"now":6.089561,"events":[{"timestamp":6.089561,"type":"EXECUTE_JOB","data":{"job_id":"ff6079!39","alloc":"44-59"}}]}'
Received '{"now":6.231707,"events":[{"timestamp":6.231707,"type":"JOB_COMPLETED","data":{"job_id":"ff6079!37","job_state":"COMPLETED_SUCCESSFULLY","return_code":0,"kill_reason":"","alloc":"40-43"}}]}'
Sending '{"now":6.231707,"events":[]}'
Received '{"now":6.300703,"events":[{"timestamp":6.300703,"type":"JOB_COMPLETED","data":{"job_id":"ff6079!31","job_state":"COMPLETED_SUCCESSFULLY","return_code":0,"kill_reason":"","alloc":"0-15"}}]}'
Sending '{"now":6.300703,"events":[]}'
Received '{"now":6.314129,"events":[{"timestamp":6.314129,"type":"JOB_COMPLETED","data":{"job_id":"ff6079!36","job_state":"COMPLETED_SUCCESSFULLY","return_code":0,"kill_reason":"","alloc":"36-39"}}]}'
Sending '{"now":6.314129,"events":[]}'
Received '{"now":6.403703,"events":[{"timestamp":6.403703,"type":"JOB_SUBMITTED","data":{"job_id":"ff6079!40","job":{"id":"ff6079!40","profile":"BT.S.16","res":16,"subtime":6.403675,"walltime":4200}}}]}'
Sending '{"now":6.403703,"events":[{"timestamp":6.403703,"type":"EXECUTE_JOB","data":{"job_id":"ff6079!40","alloc":"0-15"}}]}'
Received '{"now":6.494480,"events":[{"timestamp":6.494480,"type":"JOB_SUBMITTED","data":{"job_id":"ff6079!41","job":{"id":"ff6079!41","profile":"LU.S.16","res":16,"subtime":6.494450,"walltime":4200}}}]}'
Sending '{"now":6.49448,"events":[]}'
Received '{"now":6.604409,"events":[{"timestamp":6.604409,"type":"JOB_SUBMITTED","data":{"job_id":"ff6079!42","job":{"id":"ff6079!42","profile":"CG.S.16","res":16,"subtime":6.604387,"walltime":4200}}}]}'
Sending '{"now":6.604409,"events":[]}'
Received '{"now":6.639636,"events":[{"timestamp":6.639636,"type":"JOB_COMPLETED","data":{"job_id":"ff6079!33","job_state":"COMPLETED_SUCCESSFULLY","return_code":0,"kill_reason":"","alloc":"20-35"}}]}'
Sending '{"now":6.639636,"events":[{"timestamp":6.639636,"type":"EXECUTE_JOB","data":{"job_id":"ff6079!41","alloc":"16-31"}}]}'
Received '{"now":6.794480,"events":[{"timestamp":6.794480,"type":"JOB_SUBMITTED","data":{"job_id":"ff6079!43","job":{"id":"ff6079!43","profile":"MG.S.4","res":4,"subtime":6.794450,"walltime":4200}}}]}'
Sending '{"now":6.79448,"events":[{"timestamp":6.79448,"type":"EXECUTE_JOB","data":{"job_id":"ff6079!43","alloc":"60-63"}}]}'
Received '{"now":6.869634,"events":[{"timestamp":6.869634,"type":"JOB_SUBMITTED","data":{"job_id":"ff6079!44","job":{"id":"ff6079!44","profile":"LU.S.16","res":16,"subtime":6.869604,"walltime":4200}}}]}'
Sending '{"now":6.869634,"events":[]}'
Received '{"now":6.945445,"events":[{"timestamp":6.945445,"type":"JOB_SUBMITTED","data":{"job_id":"ff6079!45","job":{"id":"ff6079!45","profile":"FT.S.16","res":16,"subtime":6.945422,"walltime":4200}}}]}'
Sending '{"now":6.945445,"events":[]}'
Received '{"now":6.982176,"events":[{"timestamp":6.982176,"type":"JOB_COMPLETED","data":{"job_id":"ff6079!43","job_state":"COMPLETED_SUCCESSFULLY","return_code":0,"kill_reason":"","alloc":"60-63"}}]}'
Sending '{"now":6.982176,"events":[]}'
Received '{"now":7.038528,"events":[{"timestamp":7.038528,"type":"JOB_COMPLETED","data":{"job_id":"ff6079!39","job_state":"COMPLETED_SUCCESSFULLY","return_code":0,"kill_reason":"","alloc":"44-59"}}]}'
Sending '{"now":7.038528,"events":[{"timestamp":7.038528,"type":"EXECUTE_JOB","data":{"job_id":"ff6079!42","alloc":"32-47"}},{"timestamp":7.038528,"type":"EXECUTE_JOB","data":{"job_id":"ff6079!44","alloc":"48-63"}}]}'
Received '{"now":7.105787,"events":[{"timestamp":7.105787,"type":"JOB_SUBMITTED","data":{"job_id":"ff6079!46","job":{"id":"ff6079!46","profile":"LU.S.4","res":4,"subtime":7.105770,"walltime":4200}}}]}'
Sending '{"now":7.105787,"events":[]}'
Received '{"now":7.139778,"events":[{"timestamp":7.139778,"type":"JOB_SUBMITTED","data":{"job_id":"ff6079!47","job":{"id":"ff6079!47","profile":"FT.S.4","res":4,"subtime":7.139748,"walltime":4200}}}]}'
Sending '{"now":7.139778,"events":[]}'
Received '{"now":7.207444,"events":[{"timestamp":7.207444,"type":"JOB_COMPLETED","data":{"job_id":"ff6079!40","job_state":"COMPLETED_SUCCESSFULLY","return_code":0,"kill_reason":"","alloc":"0-15"}}]}'
Sending '{"now":7.207444,"events":[{"timestamp":7.207444,"type":"EXECUTE_JOB","data":{"job_id":"ff6079!45","alloc":"0-15"}}]}'
Received '{"now":7.221328,"events":[{"timestamp":7.221328,"type":"JOB_SUBMITTED","data":{"job_id":"ff6079!48","job":{"id":"ff6079!48","profile":"CG.S.16","res":16,"subtime":7.221304,"walltime":4200}}}]}'
Sending '{"now":7.221328,"events":[]}'
Received '{"now":7.312538,"events":[{"timestamp":7.312538,"type":"JOB_SUBMITTED","data":{"job_id":"ff6079!49","job":{"id":"ff6079!49","profile":"MG.S.4","res":4,"subtime":7.312510,"walltime":4200}}}]}'
Sending '{"now":7.312538,"events":[]}'
Received '{"now":7.384836,"events":[{"timestamp":7.384836,"type":"JOB_COMPLETED","data":{"job_id":"ff6079!45","job_state":"COMPLETED_SUCCESSFULLY","return_code":0,"kill_reason":"","alloc":"0-15"}}]}'
Sending '{"now":7.384836,"events":[{"timestamp":7.384836,"type":"EXECUTE_JOB","data":{"job_id":"ff6079!46","alloc":"0-3"}},{"timestamp":7.384836,"type":"EXECUTE_JOB","data":{"job_id":"ff6079!47","alloc":"4-7"}}]}'
Received '{"now":7.424242,"events":[{"timestamp":7.424242,"type":"JOB_SUBMITTED","data":{"job_id":"ff6079!50","job":{"id":"ff6079!50","profile":"MG.S.16","res":16,"subtime":7.424212,"walltime":4200}}}]}'
Sending '{"now":7.424242,"events":[]}'
Received '{"now":7.546006,"events":[{"timestamp":7.546006,"type":"JOB_SUBMITTED","data":{"job_id":"ff6079!51","job":{"id":"ff6079!51","profile":"BT.S.4","res":4,"subtime":7.545983,"walltime":4200}}}]}'
Sending '{"now":7.546006,"events":[]}'
Received '{"now":7.567416,"events":[{"timestamp":7.567416,"type":"JOB_COMPLETED","data":{"job_id":"ff6079!47","job_state":"COMPLETED_SUCCESSFULLY","return_code":0,"kill_reason":"","alloc":"4-7"}}]}'
Sending '{"now":7.567416,"events":[]}'
Received '{"now":7.621916,"events":[{"timestamp":7.621916,"type":"JOB_COMPLETED","data":{"job_id":"ff6079!41","job_state":"COMPLETED_SUCCESSFULLY","return_code":0,"kill_reason":"","alloc":"16-31"}}]}'
Sending '{"now":7.621916,"events":[{"timestamp":7.621916,"type":"EXECUTE_JOB","data":{"job_id":"ff6079!48","alloc":"4-19"}},{"timestamp":7.621916,"type":"EXECUTE_JOB","data":{"job_id":"ff6079!49","alloc":"20-23"}}]}'
Received '{"now":7.787324,"events":[{"timestamp":7.787324,"type":"JOB_COMPLETED","data":{"job_id":"ff6079!49","job_state":"COMPLETED_SUCCESSFULLY","return_code":0,"kill_reason":"","alloc":"20-23"}}]}'
Sending '{"now":7.787324,"events":[]}'
Received '{"now":8.017365,"events":[{"timestamp":8.017365,"type":"JOB_COMPLETED","data":{"job_id":"ff6079!44","job_state":"COMPLETED_SUCCESSFULLY","return_code":0,"kill_reason":"","alloc":"48-63"}}]}'
Sending '{"now":8.017365,"events":[{"timestamp":8.017365,"type":"EXECUTE_JOB","data":{"job_id":"ff6079!50","alloc":"48-63"}},{"timestamp":8.017365,"type":"EXECUTE_JOB","data":{"job_id":"ff6079!51","alloc":"20-23"}}]}'
Received '{"now":8.031187,"events":[{"timestamp":8.031187,"type":"JOB_COMPLETED","data":{"job_id":"ff6079!42","job_state":"COMPLETED_SUCCESSFULLY","return_code":0,"kill_reason":"","alloc":"32-47"}}]}'
Sending '{"now":8.031187,"events":[]}'
Received '{"now":8.066109,"events":[{"timestamp":8.066109,"type":"JOB_SUBMITTED","data":{"job_id":"ff6079!52","job":{"id":"ff6079!52","profile":"IS.S.4","res":4,"subtime":8.066079,"walltime":4200}}}]}'
Sending '{"now":8.066109,"events":[{"timestamp":8.066109,"type":"EXECUTE_JOB","data":{"job_id":"ff6079!52","alloc":"24-27"}}]}'
Received '{"now":8.169541,"events":[{"timestamp":8.169541,"type":"JOB_COMPLETED","data":{"job_id":"ff6079!52","job_state":"COMPLETED_SUCCESSFULLY","return_code":0,"kill_reason":"","alloc":"24-27"}}]}'
Sending '{"now":8.169541,"events":[]}'
Received '{"now":8.194348,"events":[{"timestamp":8.194348,"type":"JOB_COMPLETED","data":{"job_id":"ff6079!46","job_state":"COMPLETED_SUCCESSFULLY","return_code":0,"kill_reason":"","alloc":"0-3"}}]}'
Sending '{"now":8.194348,"events":[]}'
Received '{"now":8.194409,"events":[{"timestamp":8.194379,"type":"JOB_SUBMITTED","data":{"job_id":"ff6079!53","job":{"id":"ff6079!53","profile":"IS.S.16","res":16,"subtime":8.194286,"walltime":4200}}}]}'
Sending '{"now":8.194409,"events":[{"timestamp":8.194379,"type":"EXECUTE_JOB","data":{"job_id":"ff6079!53","alloc":"24-39"}}]}'
Received '{"now":8.294255,"events":[{"timestamp":8.294255,"type":"JOB_COMPLETED","data":{"job_id":"ff6079!53","job_state":"COMPLETED_SUCCESSFULLY","return_code":0,"kill_reason":"","alloc":"24-39"}}]}'
Sending '{"now":8.294255,"events":[]}'
Received '{"now":8.327590,"events":[{"timestamp":8.327590,"type":"JOB_COMPLETED","data":{"job_id":"ff6079!51","job_state":"COMPLETED_SUCCESSFULLY","return_code":0,"kill_reason":"","alloc":"20-23"}}]}'
Sending '{"now":8.32759,"events":[]}'
Received '{"now":8.328350,"events":[{"timestamp":8.328350,"type":"JOB_SUBMITTED","data":{"job_id":"ff6079!54","job":{"id":"ff6079!54","profile":"BT.S.16","res":16,"subtime":8.328320,"walltime":4200}}}]}'
Sending '{"now":8.32835,"events":[{"timestamp":8.32835,"type":"EXECUTE_JOB","data":{"job_id":"ff6079!54","alloc":"20-35"}}]}'
Received '{"now":8.447550,"events":[{"timestamp":8.447550,"type":"JOB_COMPLETED","data":{"job_id":"ff6079!50","job_state":"COMPLETED_SUCCESSFULLY","return_code":0,"kill_reason":"","alloc":"48-63"}}]}'
Sending '{"now":8.44755,"events":[]}'
Received '{"now":8.507750,"events":[{"timestamp":8.507750,"type":"JOB_SUBMITTED","data":{"job_id":"ff6079!55","job":{"id":"ff6079!55","profile":"SP.S.16","res":16,"subtime":8.507719,"walltime":4200}}}]}'
Sending '{"now":8.50775,"events":[{"timestamp":8.50775,"type":"EXECUTE_JOB","data":{"job_id":"ff6079!55","alloc":"36-51"}}]}'
Received '{"now":8.523535,"events":[{"timestamp":8.523535,"type":"JOB_SUBMITTED","data":{"job_id":"ff6079!56","job":{"id":"ff6079!56","profile":"IS.S.16","res":16,"subtime":8.523514,"walltime":4200}}}]}'
Sending '{"now":8.523535,"events":[]}'
Received '{"now":8.640550,"events":[{"timestamp":8.640550,"type":"JOB_COMPLETED","data":{"job_id":"ff6079!48","job_state":"COMPLETED_SUCCESSFULLY","return_code":0,"kill_reason":"","alloc":"4-19"}}]}'
Sending '{"now":8.64055,"events":[{"timestamp":8.64055,"type":"EXECUTE_JOB","data":{"job_id":"ff6079!56","alloc":"0-15"}}]}'
Received '{"now":8.668602,"events":[{"timestamp":8.668602,"type":"JOB_SUBMITTED","data":{"job_id":"ff6079!57","job":{"id":"ff6079!57","profile":"IS.S.4","res":4,"subtime":8.668581,"walltime":4200}}}]}'
Sending '{"now":8.668602,"events":[{"timestamp":8.668602,"type":"EXECUTE_JOB","data":{"job_id":"ff6079!57","alloc":"16-19"}}]}'
Received '{"now":8.747705,"events":[{"timestamp":8.747705,"type":"JOB_COMPLETED","data":{"job_id":"ff6079!56","job_state":"COMPLETED_SUCCESSFULLY","return_code":0,"kill_reason":"","alloc":"0-15"}}]}'
Sending '{"now":8.747705,"events":[]}'
Received '{"now":8.830553,"events":[{"timestamp":8.830553,"type":"JOB_COMPLETED","data":{"job_id":"ff6079!57","job_state":"COMPLETED_SUCCESSFULLY","return_code":0,"kill_reason":"","alloc":"16-19"}}]}'
Sending '{"now":8.830553,"events":[]}'
Received '{"now":8.879238,"events":[{"timestamp":8.879238,"type":"JOB_SUBMITTED","data":{"job_id":"ff6079!58","job":{"id":"ff6079!58","profile":"LU.S.4","res":4,"subtime":8.879208,"walltime":4200}}}]}'
Sending '{"now":8.879238,"events":[{"timestamp":8.879238,"type":"EXECUTE_JOB","data":{"job_id":"ff6079!58","alloc":"0-3"}}]}'
Received '{"now":8.923346,"events":[{"timestamp":8.923346,"type":"JOB_SUBMITTED","data":{"job_id":"ff6079!59","job":{"id":"ff6079!59","profile":"LU.S.4","res":4,"subtime":8.923316,"walltime":4200}}}]}'
Sending '{"now":8.923346,"events":[{"timestamp":8.923346,"type":"EXECUTE_JOB","data":{"job_id":"ff6079!59","alloc":"4-7"}}]}'
Received '{"now":9.023914,"events":[{"timestamp":9.023914,"type":"JOB_SUBMITTED","data":{"job_id":"ff6079!60","job":{"id":"ff6079!60","profile":"SP.S.4","res":4,"subtime":9.023895,"walltime":4200}}}]}'
Sending '{"now":9.023914,"events":[{"timestamp":9.023914,"type":"EXECUTE_JOB","data":{"job_id":"ff6079!60","alloc":"8-11"}}]}'
Received '{"now":9.176017,"events":[{"timestamp":9.176017,"type":"JOB_SUBMITTED","data":{"job_id":"ff6079!61","job":{"id":"ff6079!61","profile":"LU.S.4","res":4,"subtime":9.175989,"walltime":4200}}}]}'
Sending '{"now":9.176017,"events":[{"timestamp":9.176017,"type":"EXECUTE_JOB","data":{"job_id":"ff6079!61","alloc":"12-15"}}]}'
Received '{"now":9.324704,"events":[{"timestamp":9.324704,"type":"JOB_SUBMITTED","data":{"job_id":"ff6079!62","job":{"id":"ff6079!62","profile":"FT.S.16","res":16,"subtime":9.324674,"walltime":4200}}}]}'
Sending '{"now":9.324704,"events":[]}'
Received '{"now":9.458733,"events":[{"timestamp":9.458733,"type":"JOB_COMPLETED","data":{"job_id":"ff6079!60","job_state":"COMPLETED_SUCCESSFULLY","return_code":0,"kill_reason":"","alloc":"8-11"}}]}'
Sending '{"now":9.458733,"events":[]}'
Received '{"now":9.577399,"events":[{"timestamp":9.577399,"type":"JOB_COMPLETED","data":{"job_id":"ff6079!55","job_state":"COMPLETED_SUCCESSFULLY","return_code":0,"kill_reason":"","alloc":"36-51"}}]}'
Sending '{"now":9.577399,"events":[{"timestamp":9.577399,"type":"EXECUTE_JOB","data":{"job_id":"ff6079!62","alloc":"36-51"}}]}'
Received '{"now":9.625773,"events":[{"timestamp":9.625773,"type":"JOB_COMPLETED","data":{"job_id":"ff6079!54","job_state":"COMPLETED_SUCCESSFULLY","return_code":0,"kill_reason":"","alloc":"20-35"}}]}'
Sending '{"now":9.625773,"events":[]}'
Received '{"now":9.704032,"events":[{"timestamp":9.704032,"type":"JOB_COMPLETED","data":{"job_id":"ff6079!58","job_state":"COMPLETED_SUCCESSFULLY","return_code":0,"kill_reason":"","alloc":"0-3"}}]}'
Sending '{"now":9.704032,"events":[]}'
Received '{"now":9.704632,"events":[{"timestamp":9.704632,"type":"JOB_SUBMITTED","data":{"job_id":"ff6079!63","job":{"id":"ff6079!63","profile":"MG.S.4","res":4,"subtime":9.704601,"walltime":4200}}}]}'
Sending '{"now":9.704632,"events":[{"timestamp":9.704632,"type":"EXECUTE_JOB","data":{"job_id":"ff6079!63","alloc":"0-3"}}]}'
Received '{"now":9.712673,"events":[{"timestamp":9.712673,"type":"JOB_COMPLETED","data":{"job_id":"ff6079!59","job_state":"COMPLETED_SUCCESSFULLY","return_code":0,"kill_reason":"","alloc":"4-7"}}]}'
Sending '{"now":9.712673,"events":[]}'
Received '{"now":9.816595,"events":[{"timestamp":9.816595,"type":"JOB_COMPLETED","data":{"job_id":"ff6079!62","job_state":"COMPLETED_SUCCESSFULLY","return_code":0,"kill_reason":"","alloc":"36-51"}}]}'
Sending '{"now":9.816595,"events":[]}'
Received '{"now":9.872642,"events":[{"timestamp":9.872642,"type":"JOB_COMPLETED","data":{"job_id":"ff6079!63","job_state":"COMPLETED_SUCCESSFULLY","return_code":0,"kill_reason":"","alloc":"0-3"}}]}'
Sending '{"now":9.872642,"events":[]}'
Received '{"now":9.981598,"events":[{"timestamp":9.981598,"type":"JOB_COMPLETED","data":{"job_id":"ff6079!61","job_state":"COMPLETED_SUCCESSFULLY","return_code":0,"kill_reason":"","alloc":"12-15"}}]}'
Sending '{"now":9.981598,"events":[]}'
Received '{"now":10.198086,"events":[{"timestamp":10.198086,"type":"JOB_SUBMITTED","data":{"job_id":"ff6079!64","job":{"id":"ff6079!64","profile":"MG.S.4","res":4,"subtime":10.198056,"walltime":4200}}}]}'
Sending '{"now":10.198086,"events":[{"timestamp":10.198086,"type":"EXECUTE_JOB","data":{"job_id":"ff6079!64","alloc":"0-3"}}]}'
Received '{"now":10.363029,"events":[{"timestamp":10.363029,"type":"JOB_COMPLETED","data":{"job_id":"ff6079!64","job_state":"COMPLETED_SUCCESSFULLY","return_code":0,"kill_reason":"","alloc":"0-3"}}]}'
Sending '{"now":10.363029,"events":[]}'
Received '{"now":10.790301,"events":[{"timestamp":10.790301,"type":"JOB_SUBMITTED","data":{"job_id":"ff6079!65","job":{"id":"ff6079!65","profile":"LU.S.4","res":4,"subtime":10.790271,"walltime":4200}}}]}'
Sending '{"now":10.790301,"events":[{"timestamp":10.790301,"type":"EXECUTE_JOB","data":{"job_id":"ff6079!65","alloc":"0-3"}}]}'
Received '{"now":11.015632,"events":[{"timestamp":11.015632,"type":"JOB_SUBMITTED","data":{"job_id":"ff6079!66","job":{"id":"ff6079!66","profile":"LU.S.16","res":16,"subtime":11.015602,"walltime":4200}}}]}'
Sending '{"now":11.015632,"events":[{"timestamp":11.015632,"type":"EXECUTE_JOB","data":{"job_id":"ff6079!66","alloc":"4-19"}}]}'
Received '{"now":11.058721,"events":[{"timestamp":11.058721,"type":"JOB_SUBMITTED","data":{"job_id":"ff6079!67","job":{"id":"ff6079!67","profile":"MG.S.16","res":16,"subtime":11.058691,"walltime":4200}}}]}'
Sending '{"now":11.058721,"events":[{"timestamp":11.058721,"type":"EXECUTE_JOB","data":{"job_id":"ff6079!67","alloc":"20-35"}}]}'
Received '{"now":11.370914,"events":[{"timestamp":11.370914,"type":"JOB_COMPLETED","data":{"job_id":"ff6079!67","job_state":"COMPLETED_SUCCESSFULLY","return_code":0,"kill_reason":"","alloc":"20-35"}}]}'
Sending '{"now":11.370914,"events":[]}'
Received '{"now":11.385144,"events":[{"timestamp":11.385144,"type":"JOB_SUBMITTED","data":{"job_id":"ff6079!68","job":{"id":"ff6079!68","profile":"CG.S.4","res":4,"subtime":11.385119,"walltime":4200}}}]}'
Sending '{"now":11.385144,"events":[{"timestamp":11.385144,"type":"EXECUTE_JOB","data":{"job_id":"ff6079!68","alloc":"20-23"}}]}'
Received '{"now":11.508973,"events":[{"timestamp":11.508973,"type":"JOB_SUBMITTED","data":{"job_id":"ff6079!69","job":{"id":"ff6079!69","profile":"MG.S.16","res":16,"subtime":11.508943,"walltime":4200}}}]}'
Sending '{"now":11.508973,"events":[{"timestamp":11.508973,"type":"EXECUTE_JOB","data":{"job_id":"ff6079!69","alloc":"24-39"}}]}'
Received '{"now":11.510982,"events":[{"timestamp":11.510982,"type":"JOB_SUBMITTED","data":{"job_id":"ff6079!70","job":{"id":"ff6079!70","profile":"BT.S.4","res":4,"subtime":11.510962,"walltime":4200}}}]}'
Sending '{"now":11.510982,"events":[{"timestamp":11.510982,"type":"EXECUTE_JOB","data":{"job_id":"ff6079!70","alloc":"40-43"}}]}'
Received '{"now":11.598068,"events":[{"timestamp":11.598068,"type":"JOB_SUBMITTED","data":{"job_id":"ff6079!71","job":{"id":"ff6079!71","profile":"LU.S.4","res":4,"subtime":11.598051,"walltime":4200}}}]}'
Sending '{"now":11.598068,"events":[{"timestamp":11.598068,"type":"EXECUTE_JOB","data":{"job_id":"ff6079!71","alloc":"44-47"}}]}'
Received '{"now":11.601852,"events":[{"timestamp":11.601852,"type":"JOB_COMPLETED","data":{"job_id":"ff6079!65","job_state":"COMPLETED_SUCCESSFULLY","return_code":0,"kill_reason":"","alloc":"0-3"}}]}'
Sending '{"now":11.601852,"events":[]}'
Received '{"now":11.631126,"events":[{"timestamp":11.631126,"type":"JOB_SUBMITTED","data":{"job_id":"ff6079!72","job":{"id":"ff6079!72","profile":"LU.S.16","res":16,"subtime":11.631098,"walltime":4200}}}]}'
Sending '{"now":11.631126,"events":[{"timestamp":11.631126,"type":"EXECUTE_JOB","data":{"job_id":"ff6079!72","alloc":"48-63"}}]}'
Received '{"now":11.752644,"events":[{"timestamp":11.752644,"type":"JOB_COMPLETED","data":{"job_id":"ff6079!70","job_state":"COMPLETED_SUCCESSFULLY","return_code":0,"kill_reason":"","alloc":"40-43"}}]}'
Sending '{"now":11.752644,"events":[]}'
Received '{"now":11.832496,"events":[{"timestamp":11.832496,"type":"JOB_COMPLETED","data":{"job_id":"ff6079!69","job_state":"COMPLETED_SUCCESSFULLY","return_code":0,"kill_reason":"","alloc":"24-39"}}]}'
Sending '{"now":11.832496,"events":[]}'
Received '{"now":11.921560,"events":[{"timestamp":11.921560,"type":"JOB_COMPLETED","data":{"job_id":"ff6079!68","job_state":"COMPLETED_SUCCESSFULLY","return_code":0,"kill_reason":"","alloc":"20-23"}}]}'
Sending '{"now":11.92156,"events":[]}'
Received '{"now":12.022677,"events":[{"timestamp":12.022677,"type":"JOB_SUBMITTED","data":{"job_id":"ff6079!73","job":{"id":"ff6079!73","profile":"LU.S.4","res":4,"subtime":12.022662,"walltime":4200}}}]}'
Sending '{"now":12.022677,"events":[{"timestamp":12.022677,"type":"EXECUTE_JOB","data":{"job_id":"ff6079!73","alloc":"0-3"}}]}'
Received '{"now":12.033093,"events":[{"timestamp":12.033093,"type":"JOB_COMPLETED","data":{"job_id":"ff6079!66","job_state":"COMPLETED_SUCCESSFULLY","return_code":0,"kill_reason":"","alloc":"4-19"}}]}'
Sending '{"now":12.033093,"events":[]}'
Received '{"now":12.125019,"events":[{"timestamp":12.125019,"type":"JOB_SUBMITTED","data":{"job_id":"ff6079!74","job":{"id":"ff6079!74","profile":"IS.S.4","res":4,"subtime":12.124994,"walltime":4200}}}]}'
Sending '{"now":12.125019,"events":[{"timestamp":12.125019,"type":"EXECUTE_JOB","data":{"job_id":"ff6079!74","alloc":"4-7"}}]}'
Received '{"now":12.204132,"events":[{"timestamp":12.204132,"type":"JOB_COMPLETED","data":{"job_id":"ff6079!74","job_state":"COMPLETED_SUCCESSFULLY","return_code":0,"kill_reason":"","alloc":"4-7"}}]}'
Sending '{"now":12.204132,"events":[]}'
Received '{"now":12.374362,"events":[{"timestamp":12.374362,"type":"JOB_COMPLETED","data":{"job_id":"ff6079!71","job_state":"COMPLETED_SUCCESSFULLY","return_code":0,"kill_reason":"","alloc":"44-47"}}]}'
Sending '{"now":12.374362,"events":[]}'
Received '{"now":12.500500,"events":[{"timestamp":12.500500,"type":"JOB_SUBMITTED","data":{"job_id":"ff6079!75","job":{"id":"ff6079!75","profile":"MG.S.16","res":16,"subtime":12.500478,"walltime":4200}}}]}'
Sending '{"now":12.5005,"events":[{"timestamp":12.5005,"type":"EXECUTE_JOB","data":{"job_id":"ff6079!75","alloc":"4-19"}}]}'
Received '{"now":12.527211,"events":[{"timestamp":12.527211,"type":"JOB_SUBMITTED","data":{"job_id":"ff6079!76","job":{"id":"ff6079!76","profile":"LU.S.4","res":4,"subtime":12.527187,"walltime":4200}}}]}'
Sending '{"now":12.527211,"events":[{"timestamp":12.527211,"type":"EXECUTE_JOB","data":{"job_id":"ff6079!76","alloc":"20-23"}}]}'
Received '{"now":12.611998,"events":[{"timestamp":12.611998,"type":"JOB_COMPLETED","data":{"job_id":"ff6079!72","job_state":"COMPLETED_SUCCESSFULLY","return_code":0,"kill_reason":"","alloc":"48-63"}}]}'
Sending '{"now":12.611998,"events":[]}'
Received '{"now":12.803713,"events":[{"timestamp":12.803713,"type":"JOB_SUBMITTED","data":{"job_id":"ff6079!77","job":{"id":"ff6079!77","profile":"FT.S.16","res":16,"subtime":12.803682,"walltime":4200}}}]}'
Sending '{"now":12.803713,"events":[{"timestamp":12.803713,"type":"EXECUTE_JOB","data":{"job_id":"ff6079!77","alloc":"24-39"}}]}'
Received '{"now":12.814710,"events":[{"timestamp":12.814710,"type":"JOB_COMPLETED","data":{"job_id":"ff6079!75","job_state":"COMPLETED_SUCCESSFULLY","return_code":0,"kill_reason":"","alloc":"4-19"}}]}'
Sending '{"now":12.81471,"events":[]}'
Received '{"now":12.834207,"events":[{"timestamp":12.834207,"type":"JOB_COMPLETED","data":{"job_id":"ff6079!73","job_state":"COMPLETED_SUCCESSFULLY","return_code":0,"kill_reason":"","alloc":"0-3"}}]}'
Sending '{"now":12.834207,"events":[]}'
Received '{"now":12.950154,"events":[{"timestamp":12.950154,"type":"JOB_SUBMITTED","data":{"job_id":"ff6079!78","job":{"id":"ff6079!78","profile":"CG.S.4","res":4,"subtime":12.950124,"walltime":4200}}}]}'
Sending '{"now":12.950154,"events":[{"timestamp":12.950154,"type":"EXECUTE_JOB","data":{"job_id":"ff6079!78","alloc":"0-3"}}]}'
Received '{"now":12.962119,"events":[{"timestamp":12.962119,"type":"JOB_SUBMITTED","data":{"job_id":"ff6079!79","job":{"id":"ff6079!79","profile":"CG.S.4","res":4,"subtime":12.962095,"walltime":4200}}}]}'
Sending '{"now":12.962119,"events":[{"timestamp":12.962119,"type":"EXECUTE_JOB","data":{"job_id":"ff6079!79","alloc":"4-7"}}]}'
Received '{"now":13.007471,"events":[{"timestamp":13.007471,"type":"JOB_COMPLETED","data":{"job_id":"ff6079!77","job_state":"COMPLETED_SUCCESSFULLY","return_code":0,"kill_reason":"","alloc":"24-39"}}]}'
Sending '{"now":13.007471,"events":[]}'
Received '{"now":13.285100,"events":[{"timestamp":13.285100,"type":"JOB_COMPLETED","data":{"job_id":"ff6079!76","job_state":"COMPLETED_SUCCESSFULLY","return_code":0,"kill_reason":"","alloc":"20-23"}}]}'
Sending '{"now":13.2851,"events":[]}'
Received '{"now":13.286505,"events":[{"timestamp":13.286505,"type":"JOB_SUBMITTED","data":{"job_id":"ff6079!80","job":{"id":"ff6079!80","profile":"LU.S.4","res":4,"subtime":13.286474,"walltime":4200}}}]}'
Sending '{"now":13.286505,"events":[{"timestamp":13.286505,"type":"EXECUTE_JOB","data":{"job_id":"ff6079!80","alloc":"8-11"}}]}'
Received '{"now":13.307955,"events":[{"timestamp":13.307955,"type":"JOB_SUBMITTED","data":{"job_id":"ff6079!81","job":{"id":"ff6079!81","profile":"IS.S.4","res":4,"subtime":13.307925,"walltime":4200}}}]}'
Sending '{"now":13.307955,"events":[{"timestamp":13.307955,"type":"EXECUTE_JOB","data":{"job_id":"ff6079!81","alloc":"12-15"}}]}'
Received '{"now":13.346192,"events":[{"timestamp":13.346192,"type":"JOB_SUBMITTED","data":{"job_id":"ff6079!82","job":{"id":"ff6079!82","profile":"FT.S.4","res":4,"subtime":13.346162,"walltime":4200}}}]}'
Sending '{"now":13.346192,"events":[{"timestamp":13.346192,"type":"EXECUTE_JOB","data":{"job_id":"ff6079!82","alloc":"16-19"}}]}'
Received '{"now":13.368230,"events":[{"timestamp":13.368230,"type":"JOB_SUBMITTED","data":{"job_id":"ff6079!83","job":{"id":"ff6079!83","profile":"IS.S.16","res":16,"subtime":13.368200,"walltime":4200}}}]}'
Sending '{"now":13.36823,"events":[{"timestamp":13.36823,"type":"EXECUTE_JOB","data":{"job_id":"ff6079!83","alloc":"20-35"}}]}'
Received '{"now":13.418724,"events":[{"timestamp":13.418724,"type":"JOB_COMPLETED","data":{"job_id":"ff6079!81","job_state":"COMPLETED_SUCCESSFULLY","return_code":0,"kill_reason":"","alloc":"12-15"}}]}'
Sending '{"now":13.418724,"events":[]}'
Received '{"now":13.419295,"events":[{"timestamp":13.419295,"type":"JOB_SUBMITTED","data":{"job_id":"ff6079!84","job":{"id":"ff6079!84","profile":"MG.S.16","res":16,"subtime":13.419265,"walltime":4200}}}]}'
Sending '{"now":13.419295,"events":[{"timestamp":13.419295,"type":"EXECUTE_JOB","data":{"job_id":"ff6079!84","alloc":"36-51"}}]}'
Received '{"now":13.455464,"events":[{"timestamp":13.455464,"type":"JOB_COMPLETED","data":{"job_id":"ff6079!83","job_state":"COMPLETED_SUCCESSFULLY","return_code":0,"kill_reason":"","alloc":"20-35"}}]}'
Sending '{"now":13.455464,"events":[]}'
Received '{"now":13.533588,"events":[{"timestamp":13.533588,"type":"JOB_COMPLETED","data":{"job_id":"ff6079!79","job_state":"COMPLETED_SUCCESSFULLY","return_code":0,"kill_reason":"","alloc":"4-7"}}]}'
Sending '{"now":13.533588,"events":[]}'
Received '{"now":13.542237,"events":[{"timestamp":13.542237,"type":"JOB_COMPLETED","data":{"job_id":"ff6079!78","job_state":"COMPLETED_SUCCESSFULLY","return_code":0,"kill_reason":"","alloc":"0-3"}}]}'
Sending '{"now":13.542237,"events":[]}'
Received '{"now":13.612678,"events":[{"timestamp":13.612678,"type":"JOB_SUBMITTED","data":{"job_id":"ff6079!85","job":{"id":"ff6079!85","profile":"IS.S.4","res":4,"subtime":13.612648,"walltime":4200}}}]}'
Sending '{"now":13.612678,"events":[{"timestamp":13.612678,"type":"EXECUTE_JOB","data":{"job_id":"ff6079!85","alloc":"0-3"}}]}'
Received '{"now":13.618948,"events":[{"timestamp":13.618948,"type":"JOB_COMPLETED","data":{"job_id":"ff6079!82","job_state":"COMPLETED_SUCCESSFULLY","return_code":0,"kill_reason":"","alloc":"16-19"}}]}'
Sending '{"now":13.618948,"events":[]}'
Received '{"now":13.624708,"events":[{"timestamp":13.624708,"type":"JOB_SUBMITTED","data":{"job_id":"ff6079!86","job":{"id":"ff6079!86","profile":"MG.S.16","res":16,"subtime":13.624678,"walltime":4200}}}]}'
Sending '{"now":13.624708,"events":[{"timestamp":13.624708,"type":"EXECUTE_JOB","data":{"job_id":"ff6079!86","alloc":"12-27"}}]}'
Received '{"now":13.706796,"events":[{"timestamp":13.706796,"type":"JOB_SUBMITTED","data":{"job_id":"ff6079!87","job":{"id":"ff6079!87","profile":"BT.S.16","res":16,"subtime":13.706766,"walltime":4200}}}]}'
Sending '{"now":13.706796,"events":[]}'
Received '{"now":13.709526,"events":[{"timestamp":13.709526,"type":"JOB_COMPLETED","data":{"job_id":"ff6079!85","job_state":"COMPLETED_SUCCESSFULLY","return_code":0,"kill_reason":"","alloc":"0-3"}}]}'
Sending '{"now":13.709526,"events":[]}'
Received '{"now":13.726253,"events":[{"timestamp":13.726253,"type":"JOB_SUBMITTED","data":{"job_id":"ff6079!88","job":{"id":"ff6079!88","profile":"FT.S.4","res":4,"subtime":13.726223,"walltime":4200}}}]}'
Sending '{"now":13.726253,"events":[{"timestamp":13.726253,"type":"EXECUTE_JOB","data":{"job_id":"ff6079!88","alloc":"0-3"}}]}'
Received '{"now":13.740410,"events":[{"timestamp":13.740410,"type":"JOB_SUBMITTED","data":{"job_id":"ff6079!89","job":{"id":"ff6079!89","profile":"BT.S.4","res":4,"subtime":13.740388,"walltime":4200}}}]}'
Sending '{"now":13.74041,"events":[{"timestamp":13.74041,"type":"EXECUTE_JOB","data":{"job_id":"ff6079!89","alloc":"4-7"}}]}'
Received '{"now":13.794378,"events":[{"timestamp":13.794378,"type":"JOB_SUBMITTED","data":{"job_id":"ff6079!90","job":{"id":"ff6079!90","profile":"LU.S.16","res":16,"subtime":13.794348,"walltime":4200}}}]}'
Sending '{"now":13.794378,"events":[]}'
Received '{"now":13.827818,"events":[{"timestamp":13.827818,"type":"JOB_COMPLETED","data":{"job_id":"ff6079!84","job_state":"COMPLETED_SUCCESSFULLY","return_code":0,"kill_reason":"","alloc":"36-51"}}]}'
Sending '{"now":13.827818,"events":[{"timestamp":13.827818,"type":"EXECUTE_JOB","data":{"job_id":"ff6079!87","alloc":"28-43"}},{"timestamp":13.827818,"type":"EXECUTE_JOB","data":{"job_id":"ff6079!90","alloc":"44-59"}}]}'
Received '{"now":13.865127,"events":[{"timestamp":13.865127,"type":"JOB_SUBMITTED","data":{"job_id":"ff6079!91","job":{"id":"ff6079!91","profile":"MG.S.4","res":4,"subtime":13.865100,"walltime":4200}}}]}'
Sending '{"now":13.865127,"events":[{"timestamp":13.865127,"type":"EXECUTE_JOB","data":{"job_id":"ff6079!91","alloc":"60-63"}}]}'
Received '{"now":14.021738,"events":[{"timestamp":14.021738,"type":"JOB_COMPLETED","data":{"job_id":"ff6079!80","job_state":"COMPLETED_SUCCESSFULLY","return_code":0,"kill_reason":"","alloc":"8-11"}}]}'
Sending '{"now":14.021738,"events":[]}'
Received '{"now":14.050252,"events":[{"timestamp":14.050252,"type":"JOB_COMPLETED","data":{"job_id":"ff6079!86","job_state":"COMPLETED_SUCCESSFULLY","return_code":0,"kill_reason":"","alloc":"12-27"}}]}'
Sending '{"now":14.050252,"events":[]}'
Received '{"now":14.050569,"events":[{"timestamp":14.050569,"type":"JOB_SUBMITTED","data":{"job_id":"ff6079!92","job":{"id":"ff6079!92","profile":"MG.S.16","res":16,"subtime":14.050538,"walltime":4200}}}]}'
Sending '{"now":14.050569,"events":[{"timestamp":14.050569,"type":"EXECUTE_JOB","data":{"job_id":"ff6079!92","alloc":"8-23"}}]}'
Received '{"now":14.106865,"events":[{"timestamp":14.106865,"type":"JOB_COMPLETED","data":{"job_id":"ff6079!91","job_state":"COMPLETED_SUCCESSFULLY","return_code":0,"kill_reason":"","alloc":"60-63"}}]}'
Sending '{"now":14.106865,"events":[]}'
Received '{"now":14.110226,"events":[{"timestamp":14.110226,"type":"JOB_COMPLETED","data":{"job_id":"ff6079!89","job_state":"COMPLETED_SUCCESSFULLY","return_code":0,"kill_reason":"","alloc":"4-7"}}]}'
Sending '{"now":14.110226,"events":[]}'
Received '{"now":14.127714,"events":[{"timestamp":14.127714,"type":"JOB_COMPLETED","data":{"job_id":"ff6079!88","job_state":"COMPLETED_SUCCESSFULLY","return_code":0,"kill_reason":"","alloc":"0-3"}}]}'
Sending '{"now":14.127714,"events":[]}'
Received '{"now":14.197980,"events":[{"timestamp":14.197980,"type":"JOB_SUBMITTED","data":{"job_id":"ff6079!93","job":{"id":"ff6079!93","profile":"LU.S.4","res":4,"subtime":14.197964,"walltime":4200}}}]}'
Sending '{"now":14.19798,"events":[{"timestamp":14.19798,"type":"EXECUTE_JOB","data":{"job_id":"ff6079!93","alloc":"0-3"}}]}'
Received '{"now":14.208954,"events":[{"timestamp":14.208954,"type":"JOB_SUBMITTED","data":{"job_id":"ff6079!94","job":{"id":"ff6079!94","profile":"SP.S.4","res":4,"subtime":14.208928,"walltime":4200}}}]}'
Sending '{"now":14.208954,"events":[{"timestamp":14.208954,"type":"EXECUTE_JOB","data":{"job_id":"ff6079!94","alloc":"4-7"}}]}'
Received '{"now":14.312792,"events":[{"timestamp":14.312792,"type":"JOB_SUBMITTED","data":{"job_id":"ff6079!95","job":{"id":"ff6079!95","profile":"BT.S.4","res":4,"subtime":14.312768,"walltime":4200}}}]}'
Sending '{"now":14.312792,"events":[{"timestamp":14.312792,"type":"EXECUTE_JOB","data":{"job_id":"ff6079!95","alloc":"24-27"}}]}'
Received '{"now":14.444889,"events":[{"timestamp":14.444889,"type":"JOB_COMPLETED","data":{"job_id":"ff6079!92","job_state":"COMPLETED_SUCCESSFULLY","return_code":0,"kill_reason":"","alloc":"8-23"}}]}'
Sending '{"now":14.444889,"events":[]}'
Received '{"now":14.549798,"events":[{"timestamp":14.549798,"type":"JOB_COMPLETED","data":{"job_id":"ff6079!94","job_state":"COMPLETED_SUCCESSFULLY","return_code":0,"kill_reason":"","alloc":"4-7"}}]}'
Sending '{"now":14.549798,"events":[]}'
Received '{"now":14.705059,"events":[{"timestamp":14.705059,"type":"JOB_COMPLETED","data":{"job_id":"ff6079!95","job_state":"COMPLETED_SUCCESSFULLY","return_code":0,"kill_reason":"","alloc":"24-27"}}]}'
Sending '{"now":14.705059,"events":[]}'
Received '{"now":14.708498,"events":[{"timestamp":14.708498,"type":"JOB_SUBMITTED","data":{"job_id":"ff6079!96","job":{"id":"ff6079!96","profile":"CG.S.4","res":4,"subtime":14.708468,"walltime":4200}}}]}'
Sending '{"now":14.708498,"events":[{"timestamp":14.708498,"type":"EXECUTE_JOB","data":{"job_id":"ff6079!96","alloc":"4-7"}}]}'
Received '{"now":14.800291,"events":[{"timestamp":14.800291,"type":"JOB_COMPLETED","data":{"job_id":"ff6079!90","job_state":"COMPLETED_SUCCESSFULLY","return_code":0,"kill_reason":"","alloc":"44-59"}}]}'
Sending '{"now":14.800291,"events":[]}'
Received '{"now":14.945377,"events":[{"timestamp":14.945377,"type":"JOB_COMPLETED","data":{"job_id":"ff6079!87","job_state":"COMPLETED_SUCCESSFULLY","return_code":0,"kill_reason":"","alloc":"28-43"}}]}'
Sending '{"now":14.945377,"events":[]}'
Received '{"now":15.008044,"events":[{"timestamp":15.008044,"type":"JOB_COMPLETED","data":{"job_id":"ff6079!93","job_state":"COMPLETED_SUCCESSFULLY","return_code":0,"kill_reason":"","alloc":"0-3"}}]}'
Sending '{"now":15.008044,"events":[]}'
Received '{"now":15.149508,"events":[{"timestamp":15.149508,"type":"JOB_SUBMITTED","data":{"job_id":"ff6079!97","job":{"id":"ff6079!97","profile":"CG.S.16","res":16,"subtime":15.149478,"walltime":4200}}}]}'
Sending '{"now":15.149508,"events":[{"timestamp":15.149508,"type":"EXECUTE_JOB","data":{"job_id":"ff6079!97","alloc":"8-23"}}]}'
Received '{"now":15.244515,"events":[{"timestamp":15.244515,"type":"JOB_COMPLETED","data":{"job_id":"ff6079!96","job_state":"COMPLETED_SUCCESSFULLY","return_code":0,"kill_reason":"","alloc":"4-7"}}]}'
Sending '{"now":15.244515,"events":[]}'
Received '{"now":15.404535,"events":[{"timestamp":15.404535,"type":"JOB_SUBMITTED","data":{"job_id":"ff6079!98","job":{"id":"ff6079!98","profile":"CG.S.16","res":16,"subtime":15.404505,"walltime":4200}}}]}'
Sending '{"now":15.404535,"events":[{"timestamp":15.404535,"type":"EXECUTE_JOB","data":{"job_id":"ff6079!98","alloc":"24-39"}}]}'
Received '{"now":15.627600,"events":[{"timestamp":15.627600,"type":"JOB_SUBMITTED","data":{"job_id":"ff6079!99","job":{"id":"ff6079!99","profile":"LU.S.16","res":16,"subtime":15.627570,"walltime":4200}}}]}'
Sending '{"now":15.6276,"events":[{"timestamp":15.6276,"type":"EXECUTE_JOB","data":{"job_id":"ff6079!99","alloc":"40-55"}}]}'
Received '{"now":15.747711,"events":[{"timestamp":15.747711,"type":"JOB_SUBMITTED","data":{"job_id":"ff6079!100","job":{"id":"ff6079!100","profile":"IS.S.4","res":4,"subtime":15.747681,"walltime":4200}}}]}'
Sending '{"now":15.747711,"events":[{"timestamp":15.747711,"type":"EXECUTE_JOB","data":{"job_id":"ff6079!100","alloc":"0-3"}}]}'
Received '{"now":15.828146,"events":[{"timestamp":15.828146,"type":"JOB_COMPLETED","data":{"job_id":"ff6079!100","job_state":"COMPLETED_SUCCESSFULLY","return_code":0,"kill_reason":"","alloc":"0-3"}}]}'
Sending '{"now":15.828146,"events":[]}'
Received '{"now":15.949080,"events":[{"timestamp":15.949080,"type":"JOB_SUBMITTED","data":{"job_id":"ff6079!101","job":{"id":"ff6079!101","profile":"BT.S.4","res":4,"subtime":15.949051,"walltime":4200}}}]}'
Sending '{"now":15.94908,"events":[{"timestamp":15.94908,"type":"EXECUTE_JOB","data":{"job_id":"ff6079!101","alloc":"0-3"}}]}'
Received '{"now":16.052055,"events":[{"timestamp":16.052055,"type":"JOB_SUBMITTED","data":{"job_id":"ff6079!102","job":{"id":"ff6079!102","profile":"IS.S.4","res":4,"subtime":16.052035,"walltime":4200}}}]}'
Sending '{"now":16.052055,"events":[{"timestamp":16.052055,"type":"EXECUTE_JOB","data":{"job_id":"ff6079!102","alloc":"4-7"}}]}'
Received '{"now":16.127500,"events":[{"timestamp":16.127500,"type":"JOB_COMPLETED","data":{"job_id":"ff6079!97","job_state":"COMPLETED_SUCCESSFULLY","return_code":0,"kill_reason":"","alloc":"8-23"}}]}'
Sending '{"now":16.1275,"events":[]}'
Received '{"now":16.131485,"events":[{"timestamp":16.131485,"type":"JOB_COMPLETED","data":{"job_id":"ff6079!102","job_state":"COMPLETED_SUCCESSFULLY","return_code":0,"kill_reason":"","alloc":"4-7"}}]}'
Sending '{"now":16.131485,"events":[]}'
Received '{"now":16.163654,"events":[{"timestamp":16.163654,"type":"JOB_COMPLETED","data":{"job_id":"ff6079!101","job_state":"COMPLETED_SUCCESSFULLY","return_code":0,"kill_reason":"","alloc":"0-3"}}]}'
Sending '{"now":16.163654,"events":[]}'
Received '{"now":16.166957,"events":[{"timestamp":16.166957,"type":"JOB_SUBMITTED","data":{"job_id":"ff6079!103","job":{"id":"ff6079!103","profile":"BT.S.4","res":4,"subtime":16.166927,"walltime":4200}}}]}'
Sending '{"now":16.166957,"events":[{"timestamp":16.166957,"type":"EXECUTE_JOB","data":{"job_id":"ff6079!103","alloc":"0-3"}}]}'
Received '{"now":16.289365,"events":[{"timestamp":16.289365,"type":"JOB_SUBMITTED","data":{"job_id":"ff6079!104","job":{"id":"ff6079!104","profile":"FT.S.16","res":16,"subtime":16.289341,"walltime":4200}}}]}'
Sending '{"now":16.289365,"events":[{"timestamp":16.289365,"type":"EXECUTE_JOB","data":{"job_id":"ff6079!104","alloc":"4-19"}}]}'
Received '{"now":16.303656,"events":[{"timestamp":16.303656,"type":"JOB_SUBMITTED","data":{"job_id":"ff6079!105","job":{"id":"ff6079!105","profile":"CG.S.16","res":16,"subtime":16.303626,"walltime":4200}}}]}'
Sending '{"now":16.303656,"events":[]}'
Received '{"now":16.336489,"events":[{"timestamp":16.336489,"type":"JOB_SUBMITTED","data":{"job_id":"ff6079!106","job":{"id":"ff6079!106","profile":"SP.S.4","res":4,"subtime":16.336460,"walltime":4200}}}]}'
Sending '{"now":16.336489,"events":[{"timestamp":16.336489,"type":"EXECUTE_JOB","data":{"job_id":"ff6079!106","alloc":"56-59"}}]}'
Received '{"now":16.356760,"events":[{"timestamp":16.356760,"type":"JOB_SUBMITTED","data":{"job_id":"ff6079!107","job":{"id":"ff6079!107","profile":"FT.S.4","res":4,"subtime":16.356731,"walltime":4200}}}]}'
Sending '{"now":16.35676,"events":[{"timestamp":16.35676,"type":"EXECUTE_JOB","data":{"job_id":"ff6079!107","alloc":"60-63"}}]}'
Received '{"now":16.395682,"events":[{"timestamp":16.395682,"type":"JOB_COMPLETED","data":{"job_id":"ff6079!98","job_state":"COMPLETED_SUCCESSFULLY","return_code":0,"kill_reason":"","alloc":"24-39"}}]}'
Sending '{"now":16.395682,"events":[{"timestamp":16.395682,"type":"EXECUTE_JOB","data":{"job_id":"ff6079!105","alloc":"20-35"}}]}'
Received '{"now":16.396313,"events":[{"timestamp":16.396313,"type":"JOB_COMPLETED","data":{"job_id":"ff6079!103","job_state":"COMPLETED_SUCCESSFULLY","return_code":0,"kill_reason":"","alloc":"0-3"}}]}'
Sending '{"now":16.396313,"events":[]}'
Received '{"now":16.446768,"events":[{"timestamp":16.446768,"type":"JOB_SUBMITTED","data":{"job_id":"ff6079!108","job":{"id":"ff6079!108","profile":"LU.S.16","res":16,"subtime":16.446738,"walltime":4200}}}]}'
Sending '{"now":16.446768,"events":[]}'
Received '{"now":16.556657,"events":[{"timestamp":16.556657,"type":"JOB_COMPLETED","data":{"job_id":"ff6079!104","job_state":"COMPLETED_SUCCESSFULLY","return_code":0,"kill_reason":"","alloc":"4-19"}}]}'
Sending '{"now":16.556657,"events":[{"timestamp":16.556657,"type":"EXECUTE_JOB","data":{"job_id":"ff6079!108","alloc":"0-15"}}]}'
Received '{"now":16.612954,"events":[{"timestamp":16.612954,"type":"JOB_COMPLETED","data":{"job_id":"ff6079!99","job_state":"COMPLETED_SUCCESSFULLY","return_code":0,"kill_reason":"","alloc":"40-55"}}]}'
Sending '{"now":16.612954,"events":[]}'
Received '{"now":16.662592,"events":[{"timestamp":16.662592,"type":"JOB_COMPLETED","data":{"job_id":"ff6079!106","job_state":"COMPLETED_SUCCESSFULLY","return_code":0,"kill_reason":"","alloc":"56-59"}}]}'
Sending '{"now":16.662592,"events":[]}'
Received '{"now":16.688287,"events":[{"timestamp":16.688287,"type":"JOB_SUBMITTED","data":{"job_id":"ff6079!109","job":{"id":"ff6079!109","profile":"CG.S.16","res":16,"subtime":16.688267,"walltime":4200}}}]}'
Sending '{"now":16.688287,"events":[{"timestamp":16.688287,"type":"EXECUTE_JOB","data":{"job_id":"ff6079!109","alloc":"36-51"}}]}'
Received '{"now":16.734432,"events":[{"timestamp":16.734432,"type":"JOB_COMPLETED","data":{"job_id":"ff6079!107","job_state":"COMPLETED_SUCCESSFULLY","return_code":0,"kill_reason":"","alloc":"60-63"}}]}'
Sending '{"now":16.734432,"events":[]}'
Received '{"now":16.983762,"events":[{"timestamp":16.983762,"type":"JOB_SUBMITTED","data":{"job_id":"ff6079!110","job":{"id":"ff6079!110","profile":"SP.S.4","res":4,"subtime":16.983733,"walltime":4200}}}]}'
Sending '{"now":16.983762,"events":[{"timestamp":16.983762,"type":"EXECUTE_JOB","data":{"job_id":"ff6079!110","alloc":"16-19"}}]}'
Received '{"now":17.096395,"events":[{"timestamp":17.096395,"type":"JOB_SUBMITTED","data":{"job_id":"ff6079!111","job":{"id":"ff6079!111","profile":"MG.S.16","res":16,"subtime":17.096370,"walltime":4200}}}]}'
Sending '{"now":17.096395,"events":[]}'
Received '{"now":17.147800,"events":[{"timestamp":17.147800,"type":"JOB_SUBMITTED","data":{"job_id":"ff6079!112","job":{"id":"ff6079!112","profile":"BT.S.4","res":4,"subtime":17.147783,"walltime":4200}}}]}'
Sending '{"now":17.1478,"events":[{"timestamp":17.1478,"type":"EXECUTE_JOB","data":{"job_id":"ff6079!112","alloc":"52-55"}}]}'
Received '{"now":17.256299,"events":[{"timestamp":17.256299,"type":"JOB_COMPLETED","data":{"job_id":"ff6079!110","job_state":"COMPLETED_SUCCESSFULLY","return_code":0,"kill_reason":"","alloc":"16-19"}}]}'
Sending '{"now":17.256299,"events":[]}'
Received '{"now":17.308007,"events":[{"timestamp":17.308007,"type":"JOB_SUBMITTED","data":{"job_id":"ff6079!113","job":{"id":"ff6079!113","profile":"FT.S.4","res":4,"subtime":17.307983,"walltime":4200}}}]}'
Sending '{"now":17.308007,"events":[{"timestamp":17.308007,"type":"EXECUTE_JOB","data":{"job_id":"ff6079!113","alloc":"56-59"}}]}'
Received '{"now":17.351952,"events":[{"timestamp":17.351952,"type":"JOB_COMPLETED","data":{"job_id":"ff6079!112","job_state":"COMPLETED_SUCCESSFULLY","return_code":0,"kill_reason":"","alloc":"52-55"}}]}'
Sending '{"now":17.351952,"events":[]}'
Received '{"now":17.382960,"events":[{"timestamp":17.382960,"type":"JOB_COMPLETED","data":{"job_id":"ff6079!105","job_state":"COMPLETED_SUCCESSFULLY","return_code":0,"kill_reason":"","alloc":"20-35"}}]}'
Sending '{"now":17.38296,"events":[{"timestamp":17.38296,"type":"EXECUTE_JOB","data":{"job_id":"ff6079!111","alloc":"16-31"}}]}'
Received '{"now":17.578335,"events":[{"timestamp":17.578335,"type":"JOB_COMPLETED","data":{"job_id":"ff6079!108","job_state":"COMPLETED_SUCCESSFULLY","return_code":0,"kill_reason":"","alloc":"0-15"}}]}'
Sending '{"now":17.578335,"events":[]}'
Received '{"now":17.589982,"events":[{"timestamp":17.589982,"type":"JOB_SUBMITTED","data":{"job_id":"ff6079!114","job":{"id":"ff6079!114","profile":"FT.S.4","res":4,"subtime":17.589951,"walltime":4200}}}]}'
Sending '{"now":17.589982,"events":[{"timestamp":17.589982,"type":"EXECUTE_JOB","data":{"job_id":"ff6079!114","alloc":"0-3"}}]}'
Received '{"now":17.621634,"events":[{"timestamp":17.621634,"type":"JOB_COMPLETED","data":{"job_id":"ff6079!113","job_state":"COMPLETED_SUCCESSFULLY","return_code":0,"kill_reason":"","alloc":"56-59"}}]}'
Sending '{"now":17.621634,"events":[]}'
Received '{"now":17.639927,"events":[{"timestamp":17.639927,"type":"JOB_SUBMITTED","data":{"job_id":"ff6079!115","job":{"id":"ff6079!115","profile":"BT.S.16","res":16,"subtime":17.639897,"walltime":4200}}}]}'
Sending '{"now":17.639927,"events":[]}'
Received '{"now":17.694139,"events":[{"timestamp":17.694139,"type":"JOB_COMPLETED","data":{"job_id":"ff6079!109","job_state":"COMPLETED_SUCCESSFULLY","return_code":0,"kill_reason":"","alloc":"36-51"}}]}'
Sending '{"now":17.694139,"events":[{"timestamp":17.694139,"type":"EXECUTE_JOB","data":{"job_id":"ff6079!115","alloc":"32-47"}}]}'
Received '{"now":17.723219,"events":[{"timestamp":17.723219,"type":"JOB_SUBMITTED","data":{"job_id":"ff6079!116","job":{"id":"ff6079!116","profile":"LU.S.4","res":4,"subtime":17.723193,"walltime":4200}}}]}'
Sending '{"now":17.723219,"events":[{"timestamp":17.723219,"type":"EXECUTE_JOB","data":{"job_id":"ff6079!116","alloc":"4-7"}}]}'
Received '{"now":17.738365,"events":[{"timestamp":17.738365,"type":"JOB_COMPLETED","data":{"job_id":"ff6079!111","job_state":"COMPLETED_SUCCESSFULLY","return_code":0,"kill_reason":"","alloc":"16-31"}}]}'
Sending '{"now":17.738365,"events":[]}'
Received '{"now":17.793934,"events":[{"timestamp":17.793934,"type":"JOB_SUBMITTED","data":{"job_id":"ff6079!117","job":{"id":"ff6079!117","profile":"CG.S.4","res":4,"subtime":17.793906,"walltime":4200}}}]}'
Sending '{"now":17.793934,"events":[{"timestamp":17.793934,"type":"EXECUTE_JOB","data":{"job_id":"ff6079!117","alloc":"8-11"}}]}'
Received '{"now":17.843880,"events":[{"timestamp":17.843880,"type":"JOB_SUBMITTED","data":{"job_id":"ff6079!118","job":{"id":"ff6079!118","profile":"SP.S.4","res":4,"subtime":17.843850,"walltime":4200}}}]}'
Sending '{"now":17.84388,"events":[{"timestamp":17.84388,"type":"EXECUTE_JOB","data":{"job_id":"ff6079!118","alloc":"12-15"}}]}'
Received '{"now":17.863998,"events":[{"timestamp":17.863998,"type":"JOB_COMPLETED","data":{"job_id":"ff6079!114","job_state":"COMPLETED_SUCCESSFULLY","return_code":0,"kill_reason":"","alloc":"0-3"}}]}'
Sending '{"now":17.863998,"events":[]}'
Received '{"now":17.947356,"events":[{"timestamp":17.947356,"type":"JOB_SUBMITTED","data":{"job_id":"ff6079!119","job":{"id":"ff6079!119","profile":"FT.S.4","res":4,"subtime":17.947334,"walltime":4200}}}]}'
Sending '{"now":17.947356,"events":[{"timestamp":17.947356,"type":"EXECUTE_JOB","data":{"job_id":"ff6079!119","alloc":"0-3"}}]}'
Received '{"now":18.051408,"events":[{"timestamp":18.051408,"type":"JOB_SUBMITTED","data":{"job_id":"ff6079!120","job":{"id":"ff6079!120","profile":"LU.S.16","res":16,"subtime":18.051378,"walltime":4200}}}]}'
Sending '{"now":18.051408,"events":[{"timestamp":18.051408,"type":"EXECUTE_JOB","data":{"job_id":"ff6079!120","alloc":"16-31"}}]}'
Received '{"now":18.154252,"events":[{"timestamp":18.154252,"type":"JOB_SUBMITTED","data":{"job_id":"ff6079!121","job":{"id":"ff6079!121","profile":"CG.S.4","res":4,"subtime":18.154222,"walltime":4200}}}]}'
Sending '{"now":18.154252,"events":[{"timestamp":18.154252,"type":"EXECUTE_JOB","data":{"job_id":"ff6079!121","alloc":"48-51"}}]}'
Received '{"now":18.158475,"events":[{"timestamp":18.158475,"type":"JOB_SUBMITTED","data":{"job_id":"ff6079!122","job":{"id":"ff6079!122","profile":"IS.S.4","res":4,"subtime":18.158444,"walltime":4200}}}]}'
Sending '{"now":18.158475,"events":[{"timestamp":18.158475,"type":"EXECUTE_JOB","data":{"job_id":"ff6079!122","alloc":"52-55"}}]}'
Received '{"now":18.179294,"events":[{"timestamp":18.179294,"type":"JOB_COMPLETED","data":{"job_id":"ff6079!118","job_state":"COMPLETED_SUCCESSFULLY","return_code":0,"kill_reason":"","alloc":"12-15"}}]}'
Sending '{"now":18.179294,"events":[]}'
Received '{"now":18.235592,"events":[{"timestamp":18.235592,"type":"JOB_COMPLETED","data":{"job_id":"ff6079!119","job_state":"COMPLETED_SUCCESSFULLY","return_code":0,"kill_reason":"","alloc":"0-3"}}]}'
Sending '{"now":18.235592,"events":[]}'
Received '{"now":18.252453,"events":[{"timestamp":18.252453,"type":"JOB_COMPLETED","data":{"job_id":"ff6079!122","job_state":"COMPLETED_SUCCESSFULLY","return_code":0,"kill_reason":"","alloc":"52-55"}}]}'
Sending '{"now":18.252453,"events":[]}'
Received '{"now":18.363177,"events":[{"timestamp":18.363177,"type":"JOB_COMPLETED","data":{"job_id":"ff6079!117","job_state":"COMPLETED_SUCCESSFULLY","return_code":0,"kill_reason":"","alloc":"8-11"}}]}'
Sending '{"now":18.363177,"events":[]}'
Received '{"now":18.487558,"events":[{"timestamp":18.487558,"type":"JOB_COMPLETED","data":{"job_id":"ff6079!116","job_state":"COMPLETED_SUCCESSFULLY","return_code":0,"kill_reason":"","alloc":"4-7"}}]}'
Sending '{"now":18.487558,"events":[]}'
Received '{"now":18.629281,"events":[{"timestamp":18.629281,"type":"JOB_SUBMITTED","data":{"job_id":"ff6079!123","job":{"id":"ff6079!123","profile":"MG.S.4","res":4,"subtime":18.629254,"walltime":4200}}}]}'
Sending '{"now":18.629281,"events":[{"timestamp":18.629281,"type":"EXECUTE_JOB","data":{"job_id":"ff6079!123","alloc":"0-3"}}]}'
Received '{"now":18.640254,"events":[{"timestamp":18.640254,"type":"JOB_COMPLETED","data":{"job_id":"ff6079!121","job_state":"COMPLETED_SUCCESSFULLY","return_code":0,"kill_reason":"","alloc":"48-51"}}]}'
Sending '{"now":18.640254,"events":[]}'
Received '{"now":18.671654,"events":[{"timestamp":18.671654,"type":"JOB_COMPLETED","data":{"job_id":"ff6079!115","job_state":"COMPLETED_SUCCESSFULLY","return_code":0,"kill_reason":"","alloc":"32-47"}}]}'
Sending '{"now":18.671654,"events":[]}'
Received '{"now":18.793990,"events":[{"timestamp":18.793990,"type":"JOB_COMPLETED","data":{"job_id":"ff6079!123","job_state":"COMPLETED_SUCCESSFULLY","return_code":0,"kill_reason":"","alloc":"0-3"}}]}'
Sending '{"now":18.79399,"events":[]}'
Received '{"now":19.035500,"events":[{"timestamp":19.035500,"type":"JOB_COMPLETED","data":{"job_id":"ff6079!120","job_state":"COMPLETED_SUCCESSFULLY","return_code":0,"kill_reason":"","alloc":"16-31"}}]}'
Sending '{"now":19.0355,"events":[]}'
Received '{"now":19.157591,"events":[{"timestamp":19.157591,"type":"JOB_SUBMITTED","data":{"job_id":"ff6079!124","job":{"id":"ff6079!124","profile":"MG.S.4","res":4,"subtime":19.157561,"walltime":4200}}}]}'
Sending '{"now":19.157591,"events":[{"timestamp":19.157591,"type":"EXECUTE_JOB","data":{"job_id":"ff6079!124","alloc":"0-3"}}]}'
Received '{"now":19.322524,"events":[{"timestamp":19.322524,"type":"JOB_COMPLETED","data":{"job_id":"ff6079!124","job_state":"COMPLETED_SUCCESSFULLY","return_code":0,"kill_reason":"","alloc":"0-3"}}]}'
Sending '{"now":19.322524,"events":[]}'
Received '{"now":19.350203,"events":[{"timestamp":19.350203,"type":"JOB_SUBMITTED","data":{"job_id":"ff6079!125","job":{"id":"ff6079!125","profile":"MG.S.16","res":16,"subtime":19.350173,"walltime":4200}}}]}'
Sending '{"now":19.350203,"events":[{"timestamp":19.350203,"type":"EXECUTE_JOB","data":{"job_id":"ff6079!125","alloc":"0-15"}}]}'
Received '{"now":19.413027,"events":[{"timestamp":19.413027,"type":"JOB_SUBMITTED","data":{"job_id":"ff6079!126","job":{"id":"ff6079!126","profile":"BT.S.4","res":4,"subtime":19.413001,"walltime":4200}}}]}'
Sending '{"now":19.413027,"events":[{"timestamp":19.413027,"type":"EXECUTE_JOB","data":{"job_id":"ff6079!126","alloc":"16-19"}}]}'
Received '{"now":19.654338,"events":[{"timestamp":19.654338,"type":"JOB_COMPLETED","data":{"job_id":"ff6079!126","job_state":"COMPLETED_SUCCESSFULLY","return_code":0,"kill_reason":"","alloc":"16-19"}}]}'
Sending '{"now":19.654338,"events":[]}'
Received '{"now":19.669759,"events":[{"timestamp":19.669759,"type":"JOB_SUBMITTED","data":{"job_id":"ff6079!127","job":{"id":"ff6079!127","profile":"SP.S.4","res":4,"subtime":19.669737,"walltime":4200}}}]}'
Sending '{"now":19.669759,"events":[{"timestamp":19.669759,"type":"EXECUTE_JOB","data":{"job_id":"ff6079!127","alloc":"16-19"}}]}'
Received '{"now":19.677800,"events":[{"timestamp":19.677800,"type":"JOB_COMPLETED","data":{"job_id":"ff6079!125","job_state":"COMPLETED_SUCCESSFULLY","return_code":0,"kill_reason":"","alloc":"0-15"}}]}'
Sending '{"now":19.6778,"events":[]}'
Received '{"now":19.844708,"events":[{"timestamp":19.844708,"type":"JOB_SUBMITTED","data":{"job_id":"ff6079!128","job":{"id":"ff6079!128","profile":"IS.S.16","res":16,"subtime":19.844678,"walltime":4200}}}]}'
Sending '{"now":19.844708,"events":[{"timestamp":19.844708,"type":"EXECUTE_JOB","data":{"job_id":"ff6079!128","alloc":"0-15"}}]}'
Received '{"now":19.859509,"events":[{"timestamp":19.859509,"type":"JOB_SUBMITTED","data":{"job_id":"ff6079!129","job":{"id":"ff6079!129","profile":"MG.S.4","res":4,"subtime":19.859479,"walltime":4200}}}]}'
Sending '{"now":19.859509,"events":[{"timestamp":19.859509,"type":"EXECUTE_JOB","data":{"job_id":"ff6079!129","alloc":"20-23"}}]}'
Received '{"now":19.928887,"events":[{"timestamp":19.928887,"type":"JOB_COMPLETED","data":{"job_id":"ff6079!128","job_state":"COMPLETED_SUCCESSFULLY","return_code":0,"kill_reason":"","alloc":"0-15"}}]}'
Sending '{"now":19.928887,"events":[]}'
Received '{"now":19.932644,"events":[{"timestamp":19.932644,"type":"JOB_SUBMITTED","data":{"job_id":"ff6079!130","job":{"id":"ff6079!130","profile":"FT.S.16","res":16,"subtime":19.932614,"walltime":4200}}}]}'
Sending '{"now":19.932644,"events":[{"timestamp":19.932644,"type":"EXECUTE_JOB","data":{"job_id":"ff6079!130","alloc":"0-15"}}]}'
Received '{"now":20.002327,"events":[{"timestamp":20.002327,"type":"JOB_COMPLETED","data":{"job_id":"ff6079!127","job_state":"COMPLETED_SUCCESSFULLY","return_code":0,"kill_reason":"","alloc":"16-19"}}]}'
Sending '{"now":20.002327,"events":[]}'
Received '{"now":20.052389,"events":[{"timestamp":20.052389,"type":"JOB_SUBMITTED","data":{"job_id":"ff6079!131","job":{"id":"ff6079!131","profile":"LU.S.16","res":16,"subtime":20.052365,"walltime":4200}}}]}'
Sending '{"now":20.052389,"events":[{"timestamp":20.052389,"type":"EXECUTE_JOB","data":{"job_id":"ff6079!131","alloc":"24-39"}}]}'
Received '{"now":20.082035,"events":[{"timestamp":20.082035,"type":"JOB_COMPLETED","data":{"job_id":"ff6079!129","job_state":"COMPLETED_SUCCESSFULLY","return_code":0,"kill_reason":"","alloc":"20-23"}}]}'
Sending '{"now":20.082035,"events":[]}'
Received '{"now":20.139898,"events":[{"timestamp":20.139898,"type":"JOB_COMPLETED","data":{"job_id":"ff6079!130","job_state":"COMPLETED_SUCCESSFULLY","return_code":0,"kill_reason":"","alloc":"0-15"}}]}'
Sending '{"now":20.139898,"events":[]}'
Received '{"now":20.407297,"events":[{"timestamp":20.407297,"type":"JOB_SUBMITTED","data":{"job_id":"ff6079!132","job":{"id":"ff6079!132","profile":"FT.S.4","res":4,"subtime":20.407266,"walltime":4200}}}]}'
Sending '{"now":20.407297,"events":[{"timestamp":20.407297,"type":"EXECUTE_JOB","data":{"job_id":"ff6079!132","alloc":"0-3"}}]}'
Received '{"now":20.437621,"events":[{"timestamp":20.437621,"type":"JOB_SUBMITTED","data":{"job_id":"ff6079!133","job":{"id":"ff6079!133","profile":"IS.S.16","res":16,"subtime":20.437600,"walltime":4200}}}]}'
Sending '{"now":20.437621,"events":[{"timestamp":20.437621,"type":"EXECUTE_JOB","data":{"job_id":"ff6079!133","alloc":"4-19"}}]}'
Received '{"now":20.460189,"events":[{"timestamp":20.460189,"type":"JOB_SUBMITTED","data":{"job_id":"ff6079!134","job":{"id":"ff6079!134","profile":"LU.S.16","res":16,"subtime":20.460162,"walltime":4200}}}]}'
Sending '{"now":20.460189,"events":[{"timestamp":20.460189,"type":"EXECUTE_JOB","data":{"job_id":"ff6079!134","alloc":"40-55"}}]}'
Received '{"now":20.516558,"events":[{"timestamp":20.516558,"type":"JOB_COMPLETED","data":{"job_id":"ff6079!133","job_state":"COMPLETED_SUCCESSFULLY","return_code":0,"kill_reason":"","alloc":"4-19"}}]}'
Sending '{"now":20.516558,"events":[]}'
Received '{"now":20.555356,"events":[{"timestamp":20.555356,"type":"JOB_SUBMITTED","data":{"job_id":"ff6079!135","job":{"id":"ff6079!135","profile":"SP.S.4","res":4,"subtime":20.555335,"walltime":4200}}}]}'
Sending '{"now":20.555356,"events":[{"timestamp":20.555356,"type":"EXECUTE_JOB","data":{"job_id":"ff6079!135","alloc":"4-7"}}]}'
Received '{"now":20.622159,"events":[{"timestamp":20.622159,"type":"JOB_COMPLETED","data":{"job_id":"ff6079!132","job_state":"COMPLETED_SUCCESSFULLY","return_code":0,"kill_reason":"","alloc":"0-3"}}]}'
Sending '{"now":20.622159,"events":[]}'
Received '{"now":20.806721,"events":[{"timestamp":20.806721,"type":"JOB_COMPLETED","data":{"job_id":"ff6079!135","job_state":"COMPLETED_SUCCESSFULLY","return_code":0,"kill_reason":"","alloc":"4-7"}}]}'
Sending '{"now":20.806721,"events":[]}'
Received '{"now":20.856639,"events":[{"timestamp":20.856639,"type":"JOB_SUBMITTED","data":{"job_id":"ff6079!136","job":{"id":"ff6079!136","profile":"FT.S.4","res":4,"subtime":20.856609,"walltime":4200}}}]}'
Sending '{"now":20.856639,"events":[{"timestamp":20.856639,"type":"EXECUTE_JOB","data":{"job_id":"ff6079!136","alloc":"0-3"}}]}'
Received '{"now":20.944591,"events":[{"timestamp":20.944591,"type":"JOB_SUBMITTED","data":{"job_id":"ff6079!137","job":{"id":"ff6079!137","profile":"BT.S.16","res":16,"subtime":20.944561,"walltime":4200}}}]}'
Sending '{"now":20.944591,"events":[{"timestamp":20.944591,"type":"EXECUTE_JOB","data":{"job_id":"ff6079!137","alloc":"4-19"}}]}'
Received '{"now":21.060485,"events":[{"timestamp":21.060485,"type":"JOB_COMPLETED","data":{"job_id":"ff6079!136","job_state":"COMPLETED_SUCCESSFULLY","return_code":0,"kill_reason":"","alloc":"0-3"}}]}'
Sending '{"now":21.060485,"events":[]}'
Received '{"now":21.066711,"events":[{"timestamp":21.066711,"type":"JOB_SUBMITTED","data":{"job_id":"ff6079!138","job":{"id":"ff6079!138","profile":"LU.S.4","res":4,"subtime":21.066691,"walltime":4200}}}]}'
Sending '{"now":21.066711,"events":[{"timestamp":21.066711,"type":"EXECUTE_JOB","data":{"job_id":"ff6079!138","alloc":"0-3"}}]}'
Received '{"now":21.095285,"events":[{"timestamp":21.095285,"type":"JOB_COMPLETED","data":{"job_id":"ff6079!131","job_state":"COMPLETED_SUCCESSFULLY","return_code":0,"kill_reason":"","alloc":"24-39"}}]}'
Sending '{"now":21.095285,"events":[]}'
Received '{"now":21.470277,"events":[{"timestamp":21.470277,"type":"JOB_COMPLETED","data":{"job_id":"ff6079!134","job_state":"COMPLETED_SUCCESSFULLY","return_code":0,"kill_reason":"","alloc":"40-55"}}]}'
Sending '{"now":21.470277,"events":[]}'
Received '{"now":21.548644,"events":[{"timestamp":21.548644,"type":"JOB_SUBMITTED","data":{"job_id":"ff6079!139","job":{"id":"ff6079!139","profile":"MG.S.4","res":4,"subtime":21.548614,"walltime":4200}}}]}'
Sending '{"now":21.548644,"events":[{"timestamp":21.548644,"type":"EXECUTE_JOB","data":{"job_id":"ff6079!139","alloc":"20-23"}}]}'
Received '{"now":21.568167,"events":[{"timestamp":21.568167,"type":"JOB_SUBMITTED","data":{"job_id":"ff6079!140","job":{"id":"ff6079!140","profile":"CG.S.4","res":4,"subtime":21.568137,"walltime":4200}}}]}'
Sending '{"now":21.568167,"events":[{"timestamp":21.568167,"type":"EXECUTE_JOB","data":{"job_id":"ff6079!140","alloc":"24-27"}}]}'
Received '{"now":21.719994,"events":[{"timestamp":21.719994,"type":"JOB_COMPLETED","data":{"job_id":"ff6079!137","job_state":"COMPLETED_SUCCESSFULLY","return_code":0,"kill_reason":"","alloc":"4-19"}}]}'
Sending '{"now":21.719994,"events":[]}'
Received '{"now":21.735582,"events":[{"timestamp":21.735582,"type":"JOB_COMPLETED","data":{"job_id":"ff6079!139","job_state":"COMPLETED_SUCCESSFULLY","return_code":0,"kill_reason":"","alloc":"20-23"}}]}'
Sending '{"now":21.735582,"events":[]}'
Received '{"now":21.877339,"events":[{"timestamp":21.877339,"type":"JOB_COMPLETED","data":{"job_id":"ff6079!138","job_state":"COMPLETED_SUCCESSFULLY","return_code":0,"kill_reason":"","alloc":"0-3"}}]}'
Sending '{"now":21.877339,"events":[]}'
Received '{"now":22.134373,"events":[{"timestamp":22.134373,"type":"JOB_COMPLETED","data":{"job_id":"ff6079!140","job_state":"COMPLETED_SUCCESSFULLY","return_code":0,"kill_reason":"","alloc":"24-27"}},{"timestamp":22.134373,"type":"SIMULATION_ENDS","data":{}}]}'
Sending '{"now":22.134373,"events":[]}'
