variant_options = '{"custom_mapping": true}'
Received '{"now":0.000000,"events":[{"timestamp":0.000000,"type":"SIMULATION_BEGINS","data":{"nb_resources":64,"allow_time_sharing":false,"config":{"redis":{"enabled":false,"hostname":"127.0.0.1","port":6379,"prefix":"default"},"job_submission":{"forward_profiles":false,"from_scheduler":{"enabled":false,"acknowledge":true}}},"resources_data":[{"id":0,"name":"n1","state":"idle","properties":{}},{"id":1,"name":"n2","state":"idle","properties":{}},{"id":2,"name":"n3","state":"idle","properties":{}},{"id":3,"name":"n4","state":"idle","properties":{}},{"id":4,"name":"n5","state":"idle","properties":{}},{"id":5,"name":"n6","state":"idle","properties":{}},{"id":6,"name":"n7","state":"idle","properties":{}},{"id":7,"name":"n8","state":"idle","properties":{}},{"id":8,"name":"n9","state":"idle","properties":{}},{"id":9,"name":"n10","state":"idle","properties":{}},{"id":10,"name":"n11","state":"idle","properties":{}},{"id":11,"name":"n12","state":"idle","properties":{}},{"id":12,"name":"n13","state":"idle","properties":{}},{"id":13,"name":"n14","state":"idle","properties":{}},{"id":14,"name":"n15","state":"idle","properties":{}},{"id":15,"name":"n16","state":"idle","properties":{}},{"id":16,"name":"n17","state":"idle","properties":{}},{"id":17,"name":"n18","state":"idle","properties":{}},{"id":18,"name":"n19","state":"idle","properties":{}},{"id":19,"name":"n20","state":"idle","properties":{}},{"id":20,"name":"n21","state":"idle","properties":{}},{"id":21,"name":"n22","state":"idle","properties":{}},{"id":22,"name":"n23","state":"idle","properties":{}},{"id":23,"name":"n24","state":"idle","properties":{}},{"id":24,"name":"n25","state":"idle","properties":{}},{"id":25,"name":"n26","state":"idle","properties":{}},{"id":26,"name":"n27","state":"idle","properties":{}},{"id":27,"name":"n28","state":"idle","properties":{}},{"id":28,"name":"n29","state":"idle","properties":{}},{"id":29,"name":"n30","state":"idle","properties":{}},{"id":30,"name":"n31","state":"idle","properties":{}},{"id":31,"name":"n32","state":"idle","properties":{}},{"id":32,"name":"n33","state":"idle","properties":{}},{"id":33,"name":"n34","state":"idle","properties":{}},{"id":34,"name":"n35","state":"idle","properties":{}},{"id":35,"name":"n36","state":"idle","properties":{}},{"id":36,"name":"n37","state":"idle","properties":{}},{"id":37,"name":"n38","state":"idle","properties":{}},{"id":38,"name":"n39","state":"idle","properties":{}},{"id":39,"name":"n40","state":"idle","properties":{}},{"id":40,"name":"n41","state":"idle","properties":{}},{"id":41,"name":"n42","state":"idle","properties":{}},{"id":42,"name":"n43","state":"idle","properties":{}},{"id":43,"name":"n44","state":"idle","properties":{}},{"id":44,"name":"n45","state":"idle","properties":{}},{"id":45,"name":"n46","state":"idle","properties":{}},{"id":46,"name":"n47","state":"idle","properties":{}},{"id":47,"name":"n48","state":"idle","properties":{}},{"id":48,"name":"n49","state":"idle","properties":{}},{"id":49,"name":"n50","state":"idle","properties":{}},{"id":50,"name":"n51","state":"idle","properties":{}},{"id":51,"name":"n52","state":"idle","properties":{}},{"id":52,"name":"n53","state":"idle","properties":{}},{"id":53,"name":"n54","state":"idle","properties":{}},{"id":54,"name":"n55","state":"idle","properties":{}},{"id":55,"name":"n56","state":"idle","properties":{}},{"id":56,"name":"n57","state":"idle","properties":{}},{"id":57,"name":"n58","state":"idle","properties":{}},{"id":58,"name":"n59","state":"idle","properties":{}},{"id":59,"name":"n60","state":"idle","properties":{}},{"id":60,"name":"n61","state":"idle","properties":{}},{"id":61,"name":"n62","state":"idle","properties":{}},{"id":62,"name":"n63","state":"idle","properties":{}},{"id":63,"name":"n64","state":"idle","properties":{}}],"workloads":{"db3eff":"/github-simgrid/190311/../batsim-v2.0.0/workload_profiles/npb_100_jobs.json"}}}]}'
Sending '{"now":0.0,"events":[]}'
Received '{"now":0.893006,"events":[{"timestamp":0.893006,"type":"JOB_SUBMITTED","data":{"job_id":"db3eff!1","job":{"id":"db3eff!1","profile":"IS.S.4","res":4,"subtime":0.892976,"walltime":4200}}}]}'
Sending '{"now":0.893006,"events":[{"timestamp":0.893006,"type":"EXECUTE_JOB","data":{"job_id":"db3eff!1","alloc":"0-3"}}]}'
Received '{"now":0.973579,"events":[{"timestamp":0.973579,"type":"JOB_COMPLETED","data":{"job_id":"db3eff!1","job_state":"COMPLETED_SUCCESSFULLY","return_code":0,"kill_reason":"","alloc":"0-3"}}]}'
Sending '{"now":0.973579,"events":[]}'
Received '{"now":1.194127,"events":[{"timestamp":1.194127,"type":"JOB_SUBMITTED","data":{"job_id":"db3eff!2","job":{"id":"db3eff!2","profile":"BT.S.4","res":4,"subtime":1.194096,"walltime":4200}}}]}'
Sending '{"now":1.194127,"events":[{"timestamp":1.194127,"type":"EXECUTE_JOB","data":{"job_id":"db3eff!2","alloc":"0-3"}}]}'
Received '{"now":1.407507,"events":[{"timestamp":1.407507,"type":"JOB_COMPLETED","data":{"job_id":"db3eff!2","job_state":"COMPLETED_SUCCESSFULLY","return_code":0,"kill_reason":"","alloc":"0-3"}}]}'
Sending '{"now":1.407507,"events":[]}'
Received '{"now":1.436087,"events":[{"timestamp":1.436087,"type":"JOB_SUBMITTED","data":{"job_id":"db3eff!3","job":{"id":"db3eff!3","profile":"FT.S.16","res":16,"subtime":1.436057,"walltime":4200}}}]}'
Sending '{"now":1.436087,"events":[{"timestamp":1.436087,"type":"EXECUTE_JOB","data":{"job_id":"db3eff!3","alloc":"0-15"}}]}'
Received '{"now":1.449568,"events":[{"timestamp":1.449568,"type":"JOB_SUBMITTED","data":{"job_id":"db3eff!4","job":{"id":"db3eff!4","profile":"SP.S.16","res":16,"subtime":1.449538,"walltime":4200}}}]}'
Sending '{"now":1.449568,"events":[{"timestamp":1.449568,"type":"EXECUTE_JOB","data":{"job_id":"db3eff!4","alloc":"16-31"}}]}'
Received '{"now":1.522667,"events":[{"timestamp":1.522667,"type":"JOB_SUBMITTED","data":{"job_id":"db3eff!5","job":{"id":"db3eff!5","profile":"SP.S.16","res":16,"subtime":1.522654,"walltime":4200}}}]}'
Sending '{"now":1.522667,"events":[{"timestamp":1.522667,"type":"EXECUTE_JOB","data":{"job_id":"db3eff!5","alloc":"32-47"}}]}'
Received '{"now":1.727661,"events":[{"timestamp":1.727661,"type":"JOB_COMPLETED","data":{"job_id":"db3eff!3","job_state":"COMPLETED_SUCCESSFULLY","return_code":0,"kill_reason":"","alloc":"0-15"}}]}'
Sending '{"now":1.727661,"events":[]}'
Received '{"now":1.876704,"events":[{"timestamp":1.876704,"type":"JOB_SUBMITTED","data":{"job_id":"db3eff!6","job":{"id":"db3eff!6","profile":"MG.S.16","res":16,"subtime":1.876677,"walltime":4200}}}]}'
Sending '{"now":1.876704,"events":[{"timestamp":1.876704,"type":"EXECUTE_JOB","data":{"job_id":"db3eff!6","alloc":"0-15"}}]}'
Received '{"now":1.891481,"events":[{"timestamp":1.891481,"type":"JOB_SUBMITTED","data":{"job_id":"db3eff!7","job":{"id":"db3eff!7","profile":"CG.S.4","res":4,"subtime":1.891457,"walltime":4200}}}]}'
Sending '{"now":1.891481,"events":[{"timestamp":1.891481,"type":"EXECUTE_JOB","data":{"job_id":"db3eff!7","alloc":"48-51"}}]}'
Received '{"now":2.063944,"events":[{"timestamp":2.063944,"type":"JOB_SUBMITTED","data":{"job_id":"db3eff!8","job":{"id":"db3eff!8","profile":"MG.S.4","res":4,"subtime":2.063913,"walltime":4200}}}]}'
Sending '{"now":2.063944,"events":[{"timestamp":2.063944,"type":"EXECUTE_JOB","data":{"job_id":"db3eff!8","alloc":"52-55"}}]}'
Received '{"now":2.088012,"events":[{"timestamp":2.088012,"type":"JOB_SUBMITTED","data":{"job_id":"db3eff!9","job":{"id":"db3eff!9","profile":"IS.S.16","res":16,"subtime":2.087987,"walltime":4200}}}]}'
Sending '{"now":2.088012,"events":[]}'
Received '{"now":2.229419,"events":[{"timestamp":2.229419,"type":"JOB_COMPLETED","data":{"job_id":"db3eff!8","job_state":"COMPLETED_SUCCESSFULLY","return_code":0,"kill_reason":"","alloc":"52-55"}}]}'
Sending '{"now":2.229419,"events":[]}'
Received '{"now":2.300027,"events":[{"timestamp":2.300027,"type":"JOB_SUBMITTED","data":{"job_id":"db3eff!10","job":{"id":"db3eff!10","profile":"FT.S.16","res":16,"subtime":2.300012,"walltime":4200}}}]}'
Sending '{"now":2.300027,"events":[]}'
Received '{"now":2.311479,"events":[{"timestamp":2.311479,"type":"JOB_COMPLETED","data":{"job_id":"db3eff!6","job_state":"COMPLETED_SUCCESSFULLY","return_code":0,"kill_reason":"","alloc":"0-15"}}]}'
Sending '{"now":2.311479,"events":[{"timestamp":2.311479,"type":"EXECUTE_JOB","data":{"job_id":"db3eff!9","alloc":"0-15"}}]}'
Received '{"now":2.403884,"events":[{"timestamp":2.403884,"type":"JOB_COMPLETED","data":{"job_id":"db3eff!9","job_state":"COMPLETED_SUCCESSFULLY","return_code":0,"kill_reason":"","alloc":"0-15"}}]}'
Sending '{"now":2.403884,"events":[{"timestamp":2.403884,"type":"EXECUTE_JOB","data":{"job_id":"db3eff!10","alloc":"0-15"}}]}'
Received '{"now":2.522918,"events":[{"timestamp":2.522918,"type":"JOB_COMPLETED","data":{"job_id":"db3eff!7","job_state":"COMPLETED_SUCCESSFULLY","return_code":0,"kill_reason":"","alloc":"48-51"}}]}'
Sending '{"now":2.522918,"events":[]}'
Received '{"now":2.537367,"events":[{"timestamp":2.537367,"type":"JOB_SUBMITTED","data":{"job_id":"db3eff!11","job":{"id":"db3eff!11","profile":"BT.S.16","res":16,"subtime":2.537341,"walltime":4200}}}]}'
Sending '{"now":2.537367,"events":[{"timestamp":2.537367,"type":"EXECUTE_JOB","data":{"job_id":"db3eff!11","alloc":"48-63"}}]}'
Received '{"now":2.676907,"events":[{"timestamp":2.676907,"type":"JOB_COMPLETED","data":{"job_id":"db3eff!4","job_state":"COMPLETED_SUCCESSFULLY","return_code":0,"kill_reason":"","alloc":"16-31"}}]}'
Sending '{"now":2.676907,"events":[]}'
Received '{"now":2.749685,"events":[{"timestamp":2.749685,"type":"JOB_COMPLETED","data":{"job_id":"db3eff!5","job_state":"COMPLETED_SUCCESSFULLY","return_code":0,"kill_reason":"","alloc":"32-47"}}]}'
Sending '{"now":2.749685,"events":[]}'
Received '{"now":2.752219,"events":[{"timestamp":2.752219,"type":"JOB_SUBMITTED","data":{"job_id":"db3eff!12","job":{"id":"db3eff!12","profile":"SP.S.16","res":16,"subtime":2.752196,"walltime":4200}}}]}'
Sending '{"now":2.752219,"events":[{"timestamp":2.752219,"type":"EXECUTE_JOB","data":{"job_id":"db3eff!12","alloc":"16-31"}}]}'
Received '{"now":2.814710,"events":[{"timestamp":2.814710,"type":"JOB_COMPLETED","data":{"job_id":"db3eff!10","job_state":"COMPLETED_SUCCESSFULLY","return_code":0,"kill_reason":"","alloc":"0-15"}}]}'
Sending '{"now":2.81471,"events":[]}'
Received '{"now":2.931689,"events":[{"timestamp":2.931689,"type":"JOB_SUBMITTED","data":{"job_id":"db3eff!13","job":{"id":"db3eff!13","profile":"CG.S.16","res":16,"subtime":2.931663,"walltime":4200}}}]}'
Sending '{"now":2.931689,"events":[{"timestamp":2.931689,"type":"EXECUTE_JOB","data":{"job_id":"db3eff!13","alloc":"0-15"}}]}'
Received '{"now":3.119118,"events":[{"timestamp":3.119118,"type":"JOB_SUBMITTED","data":{"job_id":"db3eff!14","job":{"id":"db3eff!14","profile":"FT.S.4","res":4,"subtime":3.119096,"walltime":4200}}}]}'
Sending '{"now":3.119118,"events":[{"timestamp":3.119118,"type":"EXECUTE_JOB","data":{"job_id":"db3eff!14","alloc":"32-35"}}]}'
Received '{"now":3.332951,"events":[{"timestamp":3.332951,"type":"JOB_SUBMITTED","data":{"job_id":"db3eff!15","job":{"id":"db3eff!15","profile":"CG.S.16","res":16,"subtime":3.332929,"walltime":4200}}}]}'
Sending '{"now":3.332951,"events":[]}'
Received '{"now":3.514339,"events":[{"timestamp":3.514339,"type":"JOB_SUBMITTED","data":{"job_id":"db3eff!16","job":{"id":"db3eff!16","profile":"SP.S.16","res":16,"subtime":3.514318,"walltime":4200}}}]}'
Sending '{"now":3.514339,"events":[]}'
Received '{"now":3.573782,"events":[{"timestamp":3.573782,"type":"JOB_SUBMITTED","data":{"job_id":"db3eff!17","job":{"id":"db3eff!17","profile":"SP.S.4","res":4,"subtime":3.573752,"walltime":4200}}}]}'
Sending '{"now":3.573782,"events":[]}'
Received '{"now":3.625062,"events":[{"timestamp":3.625062,"type":"JOB_COMPLETED","data":{"job_id":"db3eff!14","job_state":"COMPLETED_SUCCESSFULLY","return_code":0,"kill_reason":"","alloc":"32-35"}}]}'
Sending '{"now":3.625062,"events":[{"timestamp":3.625062,"type":"EXECUTE_JOB","data":{"job_id":"db3eff!15","alloc":"32-47"}}]}'
Received '{"now":3.670516,"events":[{"timestamp":3.670516,"type":"JOB_SUBMITTED","data":{"job_id":"db3eff!18","job":{"id":"db3eff!18","profile":"SP.S.4","res":4,"subtime":3.670491,"walltime":4200}}}]}'
Sending '{"now":3.670516,"events":[]}'
Received '{"now":3.721748,"events":[{"timestamp":3.721748,"type":"JOB_SUBMITTED","data":{"job_id":"db3eff!19","job":{"id":"db3eff!19","profile":"LU.S.4","res":4,"subtime":3.721718,"walltime":4200}}}]}'
Sending '{"now":3.721748,"events":[]}'
Received '{"now":3.776191,"events":[{"timestamp":3.776191,"type":"JOB_COMPLETED","data":{"job_id":"db3eff!12","job_state":"COMPLETED_SUCCESSFULLY","return_code":0,"kill_reason":"","alloc":"16-31"}}]}'
Sending '{"now":3.776191,"events":[{"timestamp":3.776191,"type":"EXECUTE_JOB","data":{"job_id":"db3eff!16","alloc":"16-31"}}]}'
Received '{"now":3.829929,"events":[{"timestamp":3.829929,"type":"JOB_SUBMITTED","data":{"job_id":"db3eff!20","job":{"id":"db3eff!20","profile":"BT.S.16","res":16,"subtime":3.829899,"walltime":4200}}}]}'
Sending '{"now":3.829929,"events":[]}'
Received '{"now":3.830506,"events":[{"timestamp":3.830506,"type":"JOB_SUBMITTED","data":{"job_id":"db3eff!21","job":{"id":"db3eff!21","profile":"BT.S.16","res":16,"subtime":3.830491,"walltime":4200}}}]}'
Sending '{"now":3.830506,"events":[]}'
Received '{"now":3.884639,"events":[{"timestamp":3.884639,"type":"JOB_COMPLETED","data":{"job_id":"db3eff!11","job_state":"COMPLETED_SUCCESSFULLY","return_code":0,"kill_reason":"","alloc":"48-63"}}]}'
Sending '{"now":3.884639,"events":[{"timestamp":3.884639,"type":"EXECUTE_JOB","data":{"job_id":"db3eff!17","alloc":"48-51"}},{"timestamp":3.884639,"type":"EXECUTE_JOB","data":{"job_id":"db3eff!18","alloc":"52-55"}},{"timestamp":3.884639,"type":"EXECUTE_JOB","data":{"job_id":"db3eff!19","alloc":"56-59"}}]}'
Received '{"now":3.974928,"events":[{"timestamp":3.974928,"type":"JOB_COMPLETED","data":{"job_id":"db3eff!13","job_state":"COMPLETED_SUCCESSFULLY","return_code":0,"kill_reason":"","alloc":"0-15"}}]}'
Sending '{"now":3.974928,"events":[{"timestamp":3.974928,"type":"EXECUTE_JOB","data":{"job_id":"db3eff!20","alloc":"0-15"}}]}'
Received '{"now":4.005626,"events":[{"timestamp":4.005626,"type":"JOB_SUBMITTED","data":{"job_id":"db3eff!22","job":{"id":"db3eff!22","profile":"IS.S.16","res":16,"subtime":4.005601,"walltime":4200}}}]}'
Sending '{"now":4.005626,"events":[]}'
Received '{"now":4.149614,"events":[{"timestamp":4.149614,"type":"JOB_SUBMITTED","data":{"job_id":"db3eff!23","job":{"id":"db3eff!23","profile":"BT.S.4","res":4,"subtime":4.149584,"walltime":4200}}}]}'
Sending '{"now":4.149614,"events":[{"timestamp":4.149614,"type":"EXECUTE_JOB","data":{"job_id":"db3eff!23","alloc":"60-63"}}]}'
Received '{"now":4.252874,"events":[{"timestamp":4.252874,"type":"JOB_COMPLETED","data":{"job_id":"db3eff!17","job_state":"COMPLETED_SUCCESSFULLY","return_code":0,"kill_reason":"","alloc":"48-51"}}]}'
Sending '{"now":4.252874,"events":[]}'
Received '{"now":4.254410,"events":[{"timestamp":4.254410,"type":"JOB_SUBMITTED","data":{"job_id":"db3eff!24","job":{"id":"db3eff!24","profile":"MG.S.16","res":16,"subtime":4.254380,"walltime":4200}}}]}'
Sending '{"now":4.25441,"events":[]}'
Received '{"now":4.268810,"events":[{"timestamp":4.268810,"type":"JOB_COMPLETED","data":{"job_id":"db3eff!18","job_state":"COMPLETED_SUCCESSFULLY","return_code":0,"kill_reason":"","alloc":"52-55"}}]}'
Sending '{"now":4.26881,"events":[]}'
Received '{"now":4.463368,"events":[{"timestamp":4.463368,"type":"JOB_SUBMITTED","data":{"job_id":"db3eff!25","job":{"id":"db3eff!25","profile":"MG.S.16","res":16,"subtime":4.463341,"walltime":4200}}}]}'
Sending '{"now":4.463368,"events":[]}'
Received '{"now":4.554172,"events":[{"timestamp":4.554172,"type":"JOB_SUBMITTED","data":{"job_id":"db3eff!26","job":{"id":"db3eff!26","profile":"MG.S.16","res":16,"subtime":4.554142,"walltime":4200}}}]}'
Sending '{"now":4.554172,"events":[]}'
Received '{"now":4.588794,"events":[{"timestamp":4.588794,"type":"JOB_COMPLETED","data":{"job_id":"db3eff!23","job_state":"COMPLETED_SUCCESSFULLY","return_code":0,"kill_reason":"","alloc":"60-63"}}]}'
Sending '{"now":4.588794,"events":[]}'
Received '{"now":4.644449,"events":[{"timestamp":4.644449,"type":"JOB_COMPLETED","data":{"job_id":"db3eff!15","job_state":"COMPLETED_SUCCESSFULLY","return_code":0,"kill_reason":"","alloc":"32-47"}}]}'
Sending '{"now":4.644449,"events":[{"timestamp":4.644449,"type":"EXECUTE_JOB","data":{"job_id":"db3eff!21","alloc":"32-47"}}]}'
Received '{"now":4.645422,"events":[{"timestamp":4.645422,"type":"JOB_COMPLETED","data":{"job_id":"db3eff!19","job_state":"COMPLETED_SUCCESSFULLY","return_code":0,"kill_reason":"","alloc":"56-59"}}]}'
Sending '{"now":4.645422,"events":[{"timestamp":4.645422,"type":"EXECUTE_JOB","data":{"job_id":"db3eff!22","alloc":"48-63"}}]}'
Received '{"now":4.779143,"events":[{"timestamp":4.779143,"type":"JOB_COMPLETED","data":{"job_id":"db3eff!22","job_state":"COMPLETED_SUCCESSFULLY","return_code":0,"kill_reason":"","alloc":"48-63"}}]}'
Sending '{"now":4.779143,"events":[{"timestamp":4.779143,"type":"EXECUTE_JOB","data":{"job_id":"db3eff!24","alloc":"48-63"}}]}'
Received '{"now":4.868098,"events":[{"timestamp":4.868098,"type":"JOB_SUBMITTED","data":{"job_id":"db3eff!27","job":{"id":"db3eff!27","profile":"FT.S.16","res":16,"subtime":4.868068,"walltime":4200}}}]}'
Sending '{"now":4.868098,"events":[]}'
Received '{"now":4.879922,"events":[{"timestamp":4.879922,"type":"JOB_COMPLETED","data":{"job_id":"db3eff!16","job_state":"COMPLETED_SUCCESSFULLY","return_code":0,"kill_reason":"","alloc":"16-31"}}]}'
Sending '{"now":4.879922,"events":[{"timestamp":4.879922,"type":"EXECUTE_JOB","data":{"job_id":"db3eff!25","alloc":"16-31"}}]}'
Received '{"now":5.313766,"events":[{"timestamp":5.313766,"type":"JOB_COMPLETED","data":{"job_id":"db3eff!24","job_state":"COMPLETED_SUCCESSFULLY","return_code":0,"kill_reason":"","alloc":"48-63"}}]}'
Sending '{"now":5.313766,"events":[{"timestamp":5.313766,"type":"EXECUTE_JOB","data":{"job_id":"db3eff!26","alloc":"48-63"}}]}'
Received '{"now":5.410160,"events":[{"timestamp":5.410160,"type":"JOB_COMPLETED","data":{"job_id":"db3eff!25","job_state":"COMPLETED_SUCCESSFULLY","return_code":0,"kill_reason":"","alloc":"16-31"}}]}'
Sending '{"now":5.41016,"events":[{"timestamp":5.41016,"type":"EXECUTE_JOB","data":{"job_id":"db3eff!27","alloc":"16-31"}}]}'
Received '{"now":5.489267,"events":[{"timestamp":5.489267,"type":"JOB_SUBMITTED","data":{"job_id":"db3eff!28","job":{"id":"db3eff!28","profile":"MG.S.16","res":16,"subtime":5.489237,"walltime":4200}}}]}'
Sending '{"now":5.489267,"events":[]}'
Received '{"now":5.522619,"events":[{"timestamp":5.522619,"type":"JOB_SUBMITTED","data":{"job_id":"db3eff!29","job":{"id":"db3eff!29","profile":"MG.S.4","res":4,"subtime":5.522589,"walltime":4200}}}]}'
Sending '{"now":5.522619,"events":[]}'
Received '{"now":5.549606,"events":[{"timestamp":5.549606,"type":"JOB_COMPLETED","data":{"job_id":"db3eff!20","job_state":"COMPLETED_SUCCESSFULLY","return_code":0,"kill_reason":"","alloc":"0-15"}}]}'
Sending '{"now":5.549606,"events":[{"timestamp":5.549606,"type":"EXECUTE_JOB","data":{"job_id":"db3eff!28","alloc":"0-15"}}]}'
Received '{"now":5.558214,"events":[{"timestamp":5.558214,"type":"JOB_SUBMITTED","data":{"job_id":"db3eff!30","job":{"id":"db3eff!30","profile":"SP.S.4","res":4,"subtime":5.558184,"walltime":4200}}}]}'
Sending '{"now":5.558214,"events":[]}'
Received '{"now":5.824604,"events":[{"timestamp":5.824604,"type":"JOB_COMPLETED","data":{"job_id":"db3eff!26","job_state":"COMPLETED_SUCCESSFULLY","return_code":0,"kill_reason":"","alloc":"48-63"}}]}'
Sending '{"now":5.824604,"events":[{"timestamp":5.824604,"type":"EXECUTE_JOB","data":{"job_id":"db3eff!29","alloc":"48-51"}},{"timestamp":5.824604,"type":"EXECUTE_JOB","data":{"job_id":"db3eff!30","alloc":"52-55"}}]}'
Received '{"now":5.959659,"events":[{"timestamp":5.959659,"type":"JOB_SUBMITTED","data":{"job_id":"db3eff!31","job":{"id":"db3eff!31","profile":"SP.S.16","res":16,"subtime":5.959628,"walltime":4200}}}]}'
Sending '{"now":5.959659,"events":[]}'
Received '{"now":5.964683,"events":[{"timestamp":5.964683,"type":"JOB_SUBMITTED","data":{"job_id":"db3eff!32","job":{"id":"db3eff!32","profile":"FT.S.4","res":4,"subtime":5.964654,"walltime":4200}}}]}'
Sending '{"now":5.964683,"events":[{"timestamp":5.964683,"type":"EXECUTE_JOB","data":{"job_id":"db3eff!32","alloc":"56-59"}}]}'
Received '{"now":5.972471,"events":[{"timestamp":5.972471,"type":"JOB_SUBMITTED","data":{"job_id":"db3eff!33","job":{"id":"db3eff!33","profile":"MG.S.4","res":4,"subtime":5.972441,"walltime":4200}}}]}'
Sending '{"now":5.972471,"events":[{"timestamp":5.972471,"type":"EXECUTE_JOB","data":{"job_id":"db3eff!33","alloc":"60-63"}}]}'
Received '{"now":6.065556,"events":[{"timestamp":6.065556,"type":"JOB_COMPLETED","data":{"job_id":"db3eff!28","job_state":"COMPLETED_SUCCESSFULLY","return_code":0,"kill_reason":"","alloc":"0-15"}}]}'
Sending '{"now":6.065556,"events":[{"timestamp":6.065556,"type":"EXECUTE_JOB","data":{"job_id":"db3eff!31","alloc":"0-15"}}]}'
Received '{"now":6.069646,"events":[{"timestamp":6.069646,"type":"JOB_COMPLETED","data":{"job_id":"db3eff!27","job_state":"COMPLETED_SUCCESSFULLY","return_code":0,"kill_reason":"","alloc":"16-31"}}]}'
Sending '{"now":6.069646,"events":[]}'
Received '{"now":6.138669,"events":[{"timestamp":6.138669,"type":"JOB_COMPLETED","data":{"job_id":"db3eff!29","job_state":"COMPLETED_SUCCESSFULLY","return_code":0,"kill_reason":"","alloc":"48-51"}}]}'
Sending '{"now":6.138669,"events":[]}'
Received '{"now":6.248665,"events":[{"timestamp":6.248665,"type":"JOB_COMPLETED","data":{"job_id":"db3eff!33","job_state":"COMPLETED_SUCCESSFULLY","return_code":0,"kill_reason":"","alloc":"60-63"}}]}'
Sending '{"now":6.248665,"events":[]}'
Received '{"now":6.277295,"events":[{"timestamp":6.277295,"type":"JOB_SUBMITTED","data":{"job_id":"db3eff!34","job":{"id":"db3eff!34","profile":"SP.S.4","res":4,"subtime":6.277276,"walltime":4200}}}]}'
Sending '{"now":6.277295,"events":[{"timestamp":6.277295,"type":"EXECUTE_JOB","data":{"job_id":"db3eff!34","alloc":"16-19"}}]}'
Received '{"now":6.289713,"events":[{"timestamp":6.289713,"type":"JOB_COMPLETED","data":{"job_id":"db3eff!30","job_state":"COMPLETED_SUCCESSFULLY","return_code":0,"kill_reason":"","alloc":"52-55"}}]}'
Sending '{"now":6.289713,"events":[]}'
Received '{"now":6.381119,"events":[{"timestamp":6.381119,"type":"JOB_SUBMITTED","data":{"job_id":"db3eff!35","job":{"id":"db3eff!35","profile":"CG.S.4","res":4,"subtime":6.381092,"walltime":4200}}}]}'
Sending '{"now":6.381119,"events":[{"timestamp":6.381119,"type":"EXECUTE_JOB","data":{"job_id":"db3eff!35","alloc":"20-23"}}]}'
Received '{"now":6.391009,"events":[{"timestamp":6.391009,"type":"JOB_SUBMITTED","data":{"job_id":"db3eff!36","job":{"id":"db3eff!36","profile":"SP.S.4","res":4,"subtime":6.390986,"walltime":4200}}}]}'
Sending '{"now":6.391009,"events":[{"timestamp":6.391009,"type":"EXECUTE_JOB","data":{"job_id":"db3eff!36","alloc":"24-27"}}]}'
Received '{"now":6.553351,"events":[{"timestamp":6.553351,"type":"JOB_COMPLETED","data":{"job_id":"db3eff!21","job_state":"COMPLETED_SUCCESSFULLY","return_code":0,"kill_reason":"","alloc":"32-47"}}]}'
Sending '{"now":6.553351,"events":[]}'
Received '{"now":6.665877,"events":[{"timestamp":6.665877,"type":"JOB_COMPLETED","data":{"job_id":"db3eff!34","job_state":"COMPLETED_SUCCESSFULLY","return_code":0,"kill_reason":"","alloc":"16-19"}}]}'
Sending '{"now":6.665877,"events":[]}'
Received '{"now":6.730966,"events":[{"timestamp":6.730966,"type":"JOB_COMPLETED","data":{"job_id":"db3eff!32","job_state":"COMPLETED_SUCCESSFULLY","return_code":0,"kill_reason":"","alloc":"56-59"}}]}'
Sending '{"now":6.730966,"events":[]}'
Received '{"now":6.791427,"events":[{"timestamp":6.791427,"type":"JOB_COMPLETED","data":{"job_id":"db3eff!36","job_state":"COMPLETED_SUCCESSFULLY","return_code":0,"kill_reason":"","alloc":"24-27"}}]}'
Sending '{"now":6.791427,"events":[]}'
Received '{"now":6.824245,"events":[{"timestamp":6.824245,"type":"JOB_SUBMITTED","data":{"job_id":"db3eff!37","job":{"id":"db3eff!37","profile":"MG.S.16","res":16,"subtime":6.824225,"walltime":4200}}}]}'
Sending '{"now":6.824245,"events":[{"timestamp":6.824245,"type":"EXECUTE_JOB","data":{"job_id":"db3eff!37","alloc":"16-19 24-35"}}]}'
Received '{"now":6.920173,"events":[{"timestamp":6.920173,"type":"JOB_COMPLETED","data":{"job_id":"db3eff!35","job_state":"COMPLETED_SUCCESSFULLY","return_code":0,"kill_reason":"","alloc":"20-23"}}]}'
Sending '{"now":6.920173,"events":[]}'
Received '{"now":6.942571,"events":[{"timestamp":6.942571,"type":"JOB_SUBMITTED","data":{"job_id":"db3eff!38","job":{"id":"db3eff!38","profile":"CG.S.16","res":16,"subtime":6.942540,"walltime":4200}}}]}'
Sending '{"now":6.942571,"events":[{"timestamp":6.942571,"type":"EXECUTE_JOB","data":{"job_id":"db3eff!38","alloc":"20-23 36-47"}}]}'
Received '{"now":7.052980,"events":[{"timestamp":7.052980,"type":"JOB_COMPLETED","data":{"job_id":"db3eff!31","job_state":"COMPLETED_SUCCESSFULLY","return_code":0,"kill_reason":"","alloc":"0-15"}}]}'
Sending '{"now":7.05298,"events":[]}'
Received '{"now":7.124466,"events":[{"timestamp":7.124466,"type":"JOB_COMPLETED","data":{"job_id":"db3eff!37","job_state":"COMPLETED_SUCCESSFULLY","return_code":0,"kill_reason":"","alloc":"16-19 24-35"}}]}'
Sending '{"now":7.124466,"events":[]}'
Received '{"now":7.420266,"events":[{"timestamp":7.420266,"type":"JOB_SUBMITTED","data":{"job_id":"db3eff!39","job":{"id":"db3eff!39","profile":"CG.S.16","res":16,"subtime":7.420236,"walltime":4200}}}]}'
Sending '{"now":7.420266,"events":[{"timestamp":7.420266,"type":"EXECUTE_JOB","data":{"job_id":"db3eff!39","alloc":"0-15"}}]}'
Received '{"now":7.537757,"events":[{"timestamp":7.537757,"type":"JOB_SUBMITTED","data":{"job_id":"db3eff!40","job":{"id":"db3eff!40","profile":"IS.S.4","res":4,"subtime":7.537736,"walltime":4200}}}]}'
Sending '{"now":7.537757,"events":[{"timestamp":7.537757,"type":"EXECUTE_JOB","data":{"job_id":"db3eff!40","alloc":"16-19"}}]}'
Received '{"now":7.612865,"events":[{"timestamp":7.612865,"type":"JOB_COMPLETED","data":{"job_id":"db3eff!40","job_state":"COMPLETED_SUCCESSFULLY","return_code":0,"kill_reason":"","alloc":"16-19"}}]}'
Sending '{"now":7.612865,"events":[]}'
Received '{"now":7.784249,"events":[{"timestamp":7.784249,"type":"JOB_SUBMITTED","data":{"job_id":"db3eff!41","job":{"id":"db3eff!41","profile":"SP.S.16","res":16,"subtime":7.784219,"walltime":4200}}}]}'
Sending '{"now":7.784249,"events":[{"timestamp":7.784249,"type":"EXECUTE_JOB","data":{"job_id":"db3eff!41","alloc":"16-19 24-35"}}]}'
Received '{"now":7.937932,"events":[{"timestamp":7.937932,"type":"JOB_COMPLETED","data":{"job_id":"db3eff!38","job_state":"COMPLETED_SUCCESSFULLY","return_code":0,"kill_reason":"","alloc":"20-23 36-47"}}]}'
Sending '{"now":7.937932,"events":[]}'
Received '{"now":8.322108,"events":[{"timestamp":8.322108,"type":"JOB_SUBMITTED","data":{"job_id":"db3eff!42","job":{"id":"db3eff!42","profile":"IS.S.16","res":16,"subtime":8.322078,"walltime":4200}}}]}'
Sending '{"now":8.322108,"events":[{"timestamp":8.322108,"type":"EXECUTE_JOB","data":{"job_id":"db3eff!42","alloc":"20-23 36-47"}}]}'
Received '{"now":8.409335,"events":[{"timestamp":8.409335,"type":"JOB_COMPLETED","data":{"job_id":"db3eff!42","job_state":"COMPLETED_SUCCESSFULLY","return_code":0,"kill_reason":"","alloc":"20-23 36-47"}}]}'
Sending '{"now":8.409335,"events":[]}'
Received '{"now":8.448107,"events":[{"timestamp":8.448107,"type":"JOB_SUBMITTED","data":{"job_id":"db3eff!43","job":{"id":"db3eff!43","profile":"SP.S.16","res":16,"subtime":8.448077,"walltime":4200}}}]}'
Sending '{"now":8.448107,"events":[{"timestamp":8.448107,"type":"EXECUTE_JOB","data":{"job_id":"db3eff!43","alloc":"20-23 36-47"}}]}'
Received '{"now":8.450910,"events":[{"timestamp":8.450910,"type":"JOB_COMPLETED","data":{"job_id":"db3eff!39","job_state":"COMPLETED_SUCCESSFULLY","return_code":0,"kill_reason":"","alloc":"0-15"}}]}'
Sending '{"now":8.45091,"events":[]}'
Received '{"now":8.568098,"events":[{"timestamp":8.568098,"type":"JOB_SUBMITTED","data":{"job_id":"db3eff!44","job":{"id":"db3eff!44","profile":"FT.S.4","res":4,"subtime":8.568072,"walltime":4200}}}]}'
Sending '{"now":8.568098,"events":[{"timestamp":8.568098,"type":"EXECUTE_JOB","data":{"job_id":"db3eff!44","alloc":"0-3"}}]}'
Received '{"now":8.657891,"events":[{"timestamp":8.657891,"type":"JOB_SUBMITTED","data":{"job_id":"db3eff!45","job":{"id":"db3eff!45","profile":"IS.S.16","res":16,"subtime":8.657861,"walltime":4200}}}]}'
Sending '{"now":8.657891,"events":[{"timestamp":8.657891,"type":"EXECUTE_JOB","data":{"job_id":"db3eff!45","alloc":"4-15 48-51"}}]}'
Received '{"now":8.741514,"events":[{"timestamp":8.741514,"type":"JOB_COMPLETED","data":{"job_id":"db3eff!45","job_state":"COMPLETED_SUCCESSFULLY","return_code":0,"kill_reason":"","alloc":"4-15 48-51"}}]}'
Sending '{"now":8.741514,"events":[]}'
Received '{"now":8.785057,"events":[{"timestamp":8.785057,"type":"JOB_COMPLETED","data":{"job_id":"db3eff!44","job_state":"COMPLETED_SUCCESSFULLY","return_code":0,"kill_reason":"","alloc":"0-3"}}]}'
Sending '{"now":8.785057,"events":[]}'
Received '{"now":8.839584,"events":[{"timestamp":8.839584,"type":"JOB_COMPLETED","data":{"job_id":"db3eff!41","job_state":"COMPLETED_SUCCESSFULLY","return_code":0,"kill_reason":"","alloc":"16-19 24-35"}}]}'
Sending '{"now":8.839584,"events":[]}'
Received '{"now":9.476470,"events":[{"timestamp":9.476470,"type":"JOB_SUBMITTED","data":{"job_id":"db3eff!46","job":{"id":"db3eff!46","profile":"FT.S.16","res":16,"subtime":9.476439,"walltime":4200}}}]}'
Sending '{"now":9.47647,"events":[{"timestamp":9.47647,"type":"EXECUTE_JOB","data":{"job_id":"db3eff!46","alloc":"0-15"}}]}'
Received '{"now":9.484713,"events":[{"timestamp":9.484713,"type":"JOB_COMPLETED","data":{"job_id":"db3eff!43","job_state":"COMPLETED_SUCCESSFULLY","return_code":0,"kill_reason":"","alloc":"20-23 36-47"}}]}'
Sending '{"now":9.484713,"events":[]}'
Received '{"now":9.530405,"events":[{"timestamp":9.530405,"type":"JOB_SUBMITTED","data":{"job_id":"db3eff!47","job":{"id":"db3eff!47","profile":"BT.S.4","res":4,"subtime":9.530374,"walltime":4200}}}]}'
Sending '{"now":9.530405,"events":[{"timestamp":9.530405,"type":"EXECUTE_JOB","data":{"job_id":"db3eff!47","alloc":"16-19"}}]}'
Received '{"now":9.547562,"events":[{"timestamp":9.547562,"type":"JOB_SUBMITTED","data":{"job_id":"db3eff!48","job":{"id":"db3eff!48","profile":"IS.S.16","res":16,"subtime":9.547532,"walltime":4200}}}]}'
Sending '{"now":9.547562,"events":[{"timestamp":9.547562,"type":"EXECUTE_JOB","data":{"job_id":"db3eff!48","alloc":"20-35"}}]}'
Received '{"now":9.595425,"events":[{"timestamp":9.595425,"type":"JOB_SUBMITTED","data":{"job_id":"db3eff!49","job":{"id":"db3eff!49","profile":"IS.S.4","res":4,"subtime":9.595394,"walltime":4200}}}]}'
Sending '{"now":9.595425,"events":[{"timestamp":9.595425,"type":"EXECUTE_JOB","data":{"job_id":"db3eff!49","alloc":"36-39"}}]}'
Received '{"now":9.644818,"events":[{"timestamp":9.644818,"type":"JOB_COMPLETED","data":{"job_id":"db3eff!48","job_state":"COMPLETED_SUCCESSFULLY","return_code":0,"kill_reason":"","alloc":"20-35"}}]}'
Sending '{"now":9.644818,"events":[]}'
Received '{"now":9.705676,"events":[{"timestamp":9.705676,"type":"JOB_SUBMITTED","data":{"job_id":"db3eff!50","job":{"id":"db3eff!50","profile":"SP.S.16","res":16,"subtime":9.705647,"walltime":4200}}}]}'
Sending '{"now":9.705676,"events":[{"timestamp":9.705676,"type":"EXECUTE_JOB","data":{"job_id":"db3eff!50","alloc":"20-35"}}]}'
Received '{"now":9.747451,"events":[{"timestamp":9.747451,"type":"JOB_COMPLETED","data":{"job_id":"db3eff!49","job_state":"COMPLETED_SUCCESSFULLY","return_code":0,"kill_reason":"","alloc":"36-39"}}]}'
Sending '{"now":9.747451,"events":[]}'
Received '{"now":9.777577,"events":[{"timestamp":9.777577,"type":"JOB_COMPLETED","data":{"job_id":"db3eff!46","job_state":"COMPLETED_SUCCESSFULLY","return_code":0,"kill_reason":"","alloc":"0-15"}}]}'
Sending '{"now":9.777577,"events":[]}'
Received '{"now":9.852007,"events":[{"timestamp":9.852007,"type":"JOB_COMPLETED","data":{"job_id":"db3eff!47","job_state":"COMPLETED_SUCCESSFULLY","return_code":0,"kill_reason":"","alloc":"16-19"}}]}'
Sending '{"now":9.852007,"events":[]}'
Received '{"now":10.494037,"events":[{"timestamp":10.494037,"type":"JOB_SUBMITTED","data":{"job_id":"db3eff!51","job":{"id":"db3eff!51","profile":"IS.S.16","res":16,"subtime":10.494007,"walltime":4200}}}]}'
Sending '{"now":10.494037,"events":[{"timestamp":10.494037,"type":"EXECUTE_JOB","data":{"job_id":"db3eff!51","alloc":"0-15"}}]}'
Received '{"now":10.581132,"events":[{"timestamp":10.581132,"type":"JOB_COMPLETED","data":{"job_id":"db3eff!51","job_state":"COMPLETED_SUCCESSFULLY","return_code":0,"kill_reason":"","alloc":"0-15"}}]}'
Sending '{"now":10.581132,"events":[]}'
Received '{"now":10.671129,"events":[{"timestamp":10.671129,"type":"JOB_COMPLETED","data":{"job_id":"db3eff!50","job_state":"COMPLETED_SUCCESSFULLY","return_code":0,"kill_reason":"","alloc":"20-35"}}]}'
Sending '{"now":10.671129,"events":[]}'
Received '{"now":10.859261,"events":[{"timestamp":10.859261,"type":"JOB_SUBMITTED","data":{"job_id":"db3eff!52","job":{"id":"db3eff!52","profile":"BT.S.16","res":16,"subtime":10.859230,"walltime":4200}}}]}'
Sending '{"now":10.859261,"events":[{"timestamp":10.859261,"type":"EXECUTE_JOB","data":{"job_id":"db3eff!52","alloc":"0-15"}}]}'
Received '{"now":11.101839,"events":[{"timestamp":11.101839,"type":"JOB_SUBMITTED","data":{"job_id":"db3eff!53","job":{"id":"db3eff!53","profile":"MG.S.16","res":16,"subtime":11.101809,"walltime":4200}}}]}'
Sending '{"now":11.101839,"events":[{"timestamp":11.101839,"type":"EXECUTE_JOB","data":{"job_id":"db3eff!53","alloc":"16-31"}}]}'
Received '{"now":11.140067,"events":[{"timestamp":11.140067,"type":"JOB_SUBMITTED","data":{"job_id":"db3eff!54","job":{"id":"db3eff!54","profile":"BT.S.4","res":4,"subtime":11.140045,"walltime":4200}}}]}'
Sending '{"now":11.140067,"events":[{"timestamp":11.140067,"type":"EXECUTE_JOB","data":{"job_id":"db3eff!54","alloc":"32-35"}}]}'
Received '{"now":11.466490,"events":[{"timestamp":11.466490,"type":"JOB_SUBMITTED","data":{"job_id":"db3eff!55","job":{"id":"db3eff!55","profile":"IS.S.4","res":4,"subtime":11.466463,"walltime":4200}}}]}'
Sending '{"now":11.46649,"events":[{"timestamp":11.46649,"type":"EXECUTE_JOB","data":{"job_id":"db3eff!55","alloc":"36-39"}}]}'
Received '{"now":11.504990,"events":[{"timestamp":11.504990,"type":"JOB_COMPLETED","data":{"job_id":"db3eff!53","job_state":"COMPLETED_SUCCESSFULLY","return_code":0,"kill_reason":"","alloc":"16-31"}}]}'
Sending '{"now":11.50499,"events":[]}'
Received '{"now":11.534679,"events":[{"timestamp":11.534679,"type":"JOB_COMPLETED","data":{"job_id":"db3eff!54","job_state":"COMPLETED_SUCCESSFULLY","return_code":0,"kill_reason":"","alloc":"32-35"}}]}'
Sending '{"now":11.534679,"events":[]}'
Received '{"now":11.583158,"events":[{"timestamp":11.583158,"type":"JOB_COMPLETED","data":{"job_id":"db3eff!55","job_state":"COMPLETED_SUCCESSFULLY","return_code":0,"kill_reason":"","alloc":"36-39"}}]}'
Sending '{"now":11.583158,"events":[]}'
Received '{"now":11.776375,"events":[{"timestamp":11.776375,"type":"JOB_SUBMITTED","data":{"job_id":"db3eff!56","job":{"id":"db3eff!56","profile":"CG.S.16","res":16,"subtime":11.776344,"walltime":4200}}}]}'
Sending '{"now":11.776375,"events":[{"timestamp":11.776375,"type":"EXECUTE_JOB","data":{"job_id":"db3eff!56","alloc":"16-31"}}]}'
Received '{"now":11.778712,"events":[{"timestamp":11.778712,"type":"JOB_COMPLETED","data":{"job_id":"db3eff!52","job_state":"COMPLETED_SUCCESSFULLY","return_code":0,"kill_reason":"","alloc":"0-15"}}]}'
Sending '{"now":11.778712,"events":[]}'
Received '{"now":11.881108,"events":[{"timestamp":11.881108,"type":"JOB_SUBMITTED","data":{"job_id":"db3eff!57","job":{"id":"db3eff!57","profile":"BT.S.4","res":4,"subtime":11.881077,"walltime":4200}}}]}'
Sending '{"now":11.881108,"events":[{"timestamp":11.881108,"type":"EXECUTE_JOB","data":{"job_id":"db3eff!57","alloc":"0-3"}}]}'
Received '{"now":11.917723,"events":[{"timestamp":11.917723,"type":"JOB_SUBMITTED","data":{"job_id":"db3eff!58","job":{"id":"db3eff!58","profile":"IS.S.16","res":16,"subtime":11.917695,"walltime":4200}}}]}'
Sending '{"now":11.917723,"events":[{"timestamp":11.917723,"type":"EXECUTE_JOB","data":{"job_id":"db3eff!58","alloc":"4-15 32-35"}}]}'
Received '{"now":11.998753,"events":[{"timestamp":11.998753,"type":"JOB_COMPLETED","data":{"job_id":"db3eff!58","job_state":"COMPLETED_SUCCESSFULLY","return_code":0,"kill_reason":"","alloc":"4-15 32-35"}}]}'
Sending '{"now":11.998753,"events":[]}'
Received '{"now":12.073187,"events":[{"timestamp":12.073187,"type":"JOB_SUBMITTED","data":{"job_id":"db3eff!59","job":{"id":"db3eff!59","profile":"BT.S.16","res":16,"subtime":12.073157,"walltime":4200}}}]}'
Sending '{"now":12.073187,"events":[{"timestamp":12.073187,"type":"EXECUTE_JOB","data":{"job_id":"db3eff!59","alloc":"4-15 32-35"}}]}'
Received '{"now":12.136851,"events":[{"timestamp":12.136851,"type":"JOB_SUBMITTED","data":{"job_id":"db3eff!60","job":{"id":"db3eff!60","profile":"CG.S.16","res":16,"subtime":12.136821,"walltime":4200}}}]}'
Sending '{"now":12.136851,"events":[{"timestamp":12.136851,"type":"EXECUTE_JOB","data":{"job_id":"db3eff!60","alloc":"36-51"}}]}'
Received '{"now":12.147029,"events":[{"timestamp":12.147029,"type":"JOB_COMPLETED","data":{"job_id":"db3eff!57","job_state":"COMPLETED_SUCCESSFULLY","return_code":0,"kill_reason":"","alloc":"0-3"}}]}'
Sending '{"now":12.147029,"events":[]}'
Received '{"now":12.254841,"events":[{"timestamp":12.254841,"type":"JOB_SUBMITTED","data":{"job_id":"db3eff!61","job":{"id":"db3eff!61","profile":"SP.S.16","res":16,"subtime":12.254820,"walltime":4200}}}]}'
Sending '{"now":12.254841,"events":[{"timestamp":12.254841,"type":"EXECUTE_JOB","data":{"job_id":"db3eff!61","alloc":"0-3 52-63"}}]}'
Received '{"now":12.353406,"events":[{"timestamp":12.353406,"type":"JOB_SUBMITTED","data":{"job_id":"db3eff!62","job":{"id":"db3eff!62","profile":"LU.S.4","res":4,"subtime":12.353386,"walltime":4200}}}]}'
Sending '{"now":12.353406,"events":[]}'
Received '{"now":12.678632,"events":[{"timestamp":12.678632,"type":"JOB_SUBMITTED","data":{"job_id":"db3eff!63","job":{"id":"db3eff!63","profile":"CG.S.4","res":4,"subtime":12.678603,"walltime":4200}}}]}'
Sending '{"now":12.678632,"events":[]}'
Received '{"now":12.726979,"events":[{"timestamp":12.726979,"type":"JOB_SUBMITTED","data":{"job_id":"db3eff!64","job":{"id":"db3eff!64","profile":"BT.S.16","res":16,"subtime":12.726957,"walltime":4200}}}]}'
Sending '{"now":12.726979,"events":[]}'
Received '{"now":12.802078,"events":[{"timestamp":12.802078,"type":"JOB_COMPLETED","data":{"job_id":"db3eff!56","job_state":"COMPLETED_SUCCESSFULLY","return_code":0,"kill_reason":"","alloc":"16-31"}}]}'
Sending '{"now":12.802078,"events":[{"timestamp":12.802078,"type":"EXECUTE_JOB","data":{"job_id":"db3eff!62","alloc":"16-19"}},{"timestamp":12.802078,"type":"EXECUTE_JOB","data":{"job_id":"db3eff!63","alloc":"20-23"}}]}'
Received '{"now":12.844185,"events":[{"timestamp":12.844185,"type":"JOB_SUBMITTED","data":{"job_id":"db3eff!65","job":{"id":"db3eff!65","profile":"LU.S.4","res":4,"subtime":12.844155,"walltime":4200}}}]}'
Sending '{"now":12.844185,"events":[{"timestamp":12.844185,"type":"EXECUTE_JOB","data":{"job_id":"db3eff!65","alloc":"28-31"}}]}'
Received '{"now":12.971986,"events":[{"timestamp":12.971986,"type":"JOB_SUBMITTED","data":{"job_id":"db3eff!66","job":{"id":"db3eff!66","profile":"CG.S.4","res":4,"subtime":12.971973,"walltime":4200}}}]}'
Sending '{"now":12.971986,"events":[]}'
Received '{"now":13.144063,"events":[{"timestamp":13.144063,"type":"JOB_COMPLETED","data":{"job_id":"db3eff!60","job_state":"COMPLETED_SUCCESSFULLY","return_code":0,"kill_reason":"","alloc":"36-51"}}]}'
Sending '{"now":13.144063,"events":[{"timestamp":13.144063,"type":"EXECUTE_JOB","data":{"job_id":"db3eff!64","alloc":"24-27 36-47"}},{"timestamp":13.144063,"type":"EXECUTE_JOB","data":{"job_id":"db3eff!66","alloc":"48-51"}}]}'
Received '{"now":13.149090,"events":[{"timestamp":13.149090,"type":"JOB_SUBMITTED","data":{"job_id":"db3eff!67","job":{"id":"db3eff!67","profile":"LU.S.16","res":16,"subtime":13.149060,"walltime":4200}}}]}'
Sending '{"now":13.14909,"events":[]}'
Received '{"now":13.188570,"events":[{"timestamp":13.188570,"type":"JOB_COMPLETED","data":{"job_id":"db3eff!59","job_state":"COMPLETED_SUCCESSFULLY","return_code":0,"kill_reason":"","alloc":"4-15 32-35"}}]}'
Sending '{"now":13.18857,"events":[{"timestamp":13.18857,"type":"EXECUTE_JOB","data":{"job_id":"db3eff!67","alloc":"4-15 32-35"}}]}'
Received '{"now":13.225248,"events":[{"timestamp":13.225248,"type":"JOB_COMPLETED","data":{"job_id":"db3eff!61","job_state":"COMPLETED_SUCCESSFULLY","return_code":0,"kill_reason":"","alloc":"0-3 52-63"}}]}'
Sending '{"now":13.225248,"events":[]}'
Received '{"now":13.342193,"events":[{"timestamp":13.342193,"type":"JOB_COMPLETED","data":{"job_id":"db3eff!63","job_state":"COMPLETED_SUCCESSFULLY","return_code":0,"kill_reason":"","alloc":"20-23"}}]}'
Sending '{"now":13.342193,"events":[]}'
Received '{"now":13.503346,"events":[{"timestamp":13.503346,"type":"JOB_COMPLETED","data":{"job_id":"db3eff!62","job_state":"COMPLETED_SUCCESSFULLY","return_code":0,"kill_reason":"","alloc":"16-19"}}]}'
Sending '{"now":13.503346,"events":[]}'
Received '{"now":13.604189,"events":[{"timestamp":13.604189,"type":"JOB_COMPLETED","data":{"job_id":"db3eff!65","job_state":"COMPLETED_SUCCESSFULLY","return_code":0,"kill_reason":"","alloc":"28-31"}}]}'
Sending '{"now":13.604189,"events":[]}'
Received '{"now":13.634149,"events":[{"timestamp":13.634149,"type":"JOB_COMPLETED","data":{"job_id":"db3eff!66","job_state":"COMPLETED_SUCCESSFULLY","return_code":0,"kill_reason":"","alloc":"48-51"}}]}'
Sending '{"now":13.634149,"events":[]}'
Received '{"now":13.670218,"events":[{"timestamp":13.670218,"type":"JOB_SUBMITTED","data":{"job_id":"db3eff!68","job":{"id":"db3eff!68","profile":"LU.S.4","res":4,"subtime":13.670188,"walltime":4200}}}]}'
Sending '{"now":13.670218,"events":[{"timestamp":13.670218,"type":"EXECUTE_JOB","data":{"job_id":"db3eff!68","alloc":"0-3"}}]}'
Received '{"now":13.876962,"events":[{"timestamp":13.876962,"type":"JOB_SUBMITTED","data":{"job_id":"db3eff!69","job":{"id":"db3eff!69","profile":"LU.S.16","res":16,"subtime":13.876931,"walltime":4200}}}]}'
Sending '{"now":13.876962,"events":[{"timestamp":13.876962,"type":"EXECUTE_JOB","data":{"job_id":"db3eff!69","alloc":"16-23 28-31 48-51"}}]}'
Received '{"now":14.072245,"events":[{"timestamp":14.072245,"type":"JOB_SUBMITTED","data":{"job_id":"db3eff!70","job":{"id":"db3eff!70","profile":"CG.S.4","res":4,"subtime":14.072224,"walltime":4200}}}]}'
Sending '{"now":14.072245,"events":[{"timestamp":14.072245,"type":"EXECUTE_JOB","data":{"job_id":"db3eff!70","alloc":"52-55"}}]}'
Received '{"now":14.073100,"events":[{"timestamp":14.073100,"type":"JOB_SUBMITTED","data":{"job_id":"db3eff!71","job":{"id":"db3eff!71","profile":"BT.S.4","res":4,"subtime":14.073070,"walltime":4200}}}]}'
Sending '{"now":14.0731,"events":[{"timestamp":14.0731,"type":"EXECUTE_JOB","data":{"job_id":"db3eff!71","alloc":"56-59"}}]}'
Received '{"now":14.148542,"events":[{"timestamp":14.148542,"type":"JOB_COMPLETED","data":{"job_id":"db3eff!64","job_state":"COMPLETED_SUCCESSFULLY","return_code":0,"kill_reason":"","alloc":"24-27 36-47"}}]}'
Sending '{"now":14.148542,"events":[]}'
Received '{"now":14.196565,"events":[{"timestamp":14.196565,"type":"JOB_COMPLETED","data":{"job_id":"db3eff!67","job_state":"COMPLETED_SUCCESSFULLY","return_code":0,"kill_reason":"","alloc":"4-15 32-35"}}]}'
Sending '{"now":14.196565,"events":[]}'
Received '{"now":14.263313,"events":[{"timestamp":14.263313,"type":"JOB_SUBMITTED","data":{"job_id":"db3eff!72","job":{"id":"db3eff!72","profile":"IS.S.4","res":4,"subtime":14.263282,"walltime":4200}}}]}'
Sending '{"now":14.263313,"events":[{"timestamp":14.263313,"type":"EXECUTE_JOB","data":{"job_id":"db3eff!72","alloc":"4-7"}}]}'
Received '{"now":14.352970,"events":[{"timestamp":14.352970,"type":"JOB_COMPLETED","data":{"job_id":"db3eff!72","job_state":"COMPLETED_SUCCESSFULLY","return_code":0,"kill_reason":"","alloc":"4-7"}}]}'
Sending '{"now":14.35297,"events":[]}'
Received '{"now":14.356338,"events":[{"timestamp":14.356338,"type":"JOB_COMPLETED","data":{"job_id":"db3eff!71","job_state":"COMPLETED_SUCCESSFULLY","return_code":0,"kill_reason":"","alloc":"56-59"}}]}'
Sending '{"now":14.356338,"events":[]}'
Received '{"now":14.431470,"events":[{"timestamp":14.431470,"type":"JOB_COMPLETED","data":{"job_id":"db3eff!70","job_state":"COMPLETED_SUCCESSFULLY","return_code":0,"kill_reason":"","alloc":"52-55"}}]}'
Sending '{"now":14.43147,"events":[]}'
Received '{"now":14.480615,"events":[{"timestamp":14.480615,"type":"JOB_COMPLETED","data":{"job_id":"db3eff!68","job_state":"COMPLETED_SUCCESSFULLY","return_code":0,"kill_reason":"","alloc":"0-3"}}]}'
Sending '{"now":14.480615,"events":[]}'
Received '{"now":14.605309,"events":[{"timestamp":14.605309,"type":"JOB_SUBMITTED","data":{"job_id":"db3eff!73","job":{"id":"db3eff!73","profile":"LU.S.4","res":4,"subtime":14.605286,"walltime":4200}}}]}'
Sending '{"now":14.605309,"events":[{"timestamp":14.605309,"type":"EXECUTE_JOB","data":{"job_id":"db3eff!73","alloc":"0-3"}}]}'
Received '{"now":14.813906,"events":[{"timestamp":14.813906,"type":"JOB_COMPLETED","data":{"job_id":"db3eff!69","job_state":"COMPLETED_SUCCESSFULLY","return_code":0,"kill_reason":"","alloc":"16-23 28-31 48-51"}}]}'
Sending '{"now":14.813906,"events":[]}'
Received '{"now":15.288316,"events":[{"timestamp":15.288316,"type":"JOB_SUBMITTED","data":{"job_id":"db3eff!74","job":{"id":"db3eff!74","profile":"SP.S.4","res":4,"subtime":15.288286,"walltime":4200}}}]}'
Sending '{"now":15.288316,"events":[{"timestamp":15.288316,"type":"EXECUTE_JOB","data":{"job_id":"db3eff!74","alloc":"4-7"}}]}'
Received '{"now":15.342983,"events":[{"timestamp":15.342983,"type":"JOB_SUBMITTED","data":{"job_id":"db3eff!75","job":{"id":"db3eff!75","profile":"LU.S.16","res":16,"subtime":15.342956,"walltime":4200}}}]}'
Sending '{"now":15.342983,"events":[{"timestamp":15.342983,"type":"EXECUTE_JOB","data":{"job_id":"db3eff!75","alloc":"8-23"}}]}'
Received '{"now":15.417999,"events":[{"timestamp":15.417999,"type":"JOB_COMPLETED","data":{"job_id":"db3eff!73","job_state":"COMPLETED_SUCCESSFULLY","return_code":0,"kill_reason":"","alloc":"0-3"}}]}'
Sending '{"now":15.417999,"events":[]}'
Received '{"now":15.526991,"events":[{"timestamp":15.526991,"type":"JOB_SUBMITTED","data":{"job_id":"db3eff!76","job":{"id":"db3eff!76","profile":"FT.S.4","res":4,"subtime":15.526961,"walltime":4200}}}]}'
Sending '{"now":15.526991,"events":[{"timestamp":15.526991,"type":"EXECUTE_JOB","data":{"job_id":"db3eff!76","alloc":"0-3"}}]}'
Received '{"now":15.539988,"events":[{"timestamp":15.539988,"type":"JOB_COMPLETED","data":{"job_id":"db3eff!74","job_state":"COMPLETED_SUCCESSFULLY","return_code":0,"kill_reason":"","alloc":"4-7"}}]}'
Sending '{"now":15.539988,"events":[]}'
Received '{"now":15.711724,"events":[{"timestamp":15.711724,"type":"JOB_COMPLETED","data":{"job_id":"db3eff!76","job_state":"COMPLETED_SUCCESSFULLY","return_code":0,"kill_reason":"","alloc":"0-3"}}]}'
Sending '{"now":15.711724,"events":[]}'
Received '{"now":15.915371,"events":[{"timestamp":15.915371,"type":"JOB_SUBMITTED","data":{"job_id":"db3eff!77","job":{"id":"db3eff!77","profile":"IS.S.4","res":4,"subtime":15.915341,"walltime":4200}}}]}'
Sending '{"now":15.915371,"events":[{"timestamp":15.915371,"type":"EXECUTE_JOB","data":{"job_id":"db3eff!77","alloc":"0-3"}}]}'
Received '{"now":15.935032,"events":[{"timestamp":15.935032,"type":"JOB_SUBMITTED","data":{"job_id":"db3eff!78","job":{"id":"db3eff!78","profile":"MG.S.16","res":16,"subtime":15.935002,"walltime":4200}}}]}'
Sending '{"now":15.935032,"events":[{"timestamp":15.935032,"type":"EXECUTE_JOB","data":{"job_id":"db3eff!78","alloc":"4-7 24-35"}}]}'
Received '{"now":15.945609,"events":[{"timestamp":15.945609,"type":"JOB_SUBMITTED","data":{"job_id":"db3eff!79","job":{"id":"db3eff!79","profile":"BT.S.16","res":16,"subtime":15.945578,"walltime":4200}}}]}'
Sending '{"now":15.945609,"events":[{"timestamp":15.945609,"type":"EXECUTE_JOB","data":{"job_id":"db3eff!79","alloc":"36-51"}}]}'
Received '{"now":15.978493,"events":[{"timestamp":15.978493,"type":"JOB_SUBMITTED","data":{"job_id":"db3eff!80","job":{"id":"db3eff!80","profile":"SP.S.16","res":16,"subtime":15.978463,"walltime":4200}}}]}'
Sending '{"now":15.978493,"events":[]}'
Received '{"now":15.997990,"events":[{"timestamp":15.997990,"type":"JOB_COMPLETED","data":{"job_id":"db3eff!77","job_state":"COMPLETED_SUCCESSFULLY","return_code":0,"kill_reason":"","alloc":"0-3"}}]}'
Sending '{"now":15.99799,"events":[{"timestamp":15.99799,"type":"EXECUTE_JOB","data":{"job_id":"db3eff!80","alloc":"0-3 52-63"}}]}'
Received '{"now":16.371368,"events":[{"timestamp":16.371368,"type":"JOB_COMPLETED","data":{"job_id":"db3eff!75","job_state":"COMPLETED_SUCCESSFULLY","return_code":0,"kill_reason":"","alloc":"8-23"}}]}'
Sending '{"now":16.371368,"events":[]}'
Received '{"now":16.373066,"events":[{"timestamp":16.373066,"type":"JOB_COMPLETED","data":{"job_id":"db3eff!78","job_state":"COMPLETED_SUCCESSFULLY","return_code":0,"kill_reason":"","alloc":"4-7 24-35"}}]}'
Sending '{"now":16.373066,"events":[]}'
Received '{"now":16.414301,"events":[{"timestamp":16.414301,"type":"JOB_SUBMITTED","data":{"job_id":"db3eff!81","job":{"id":"db3eff!81","profile":"BT.S.16","res":16,"subtime":16.414280,"walltime":4200}}}]}'
Sending '{"now":16.414301,"events":[{"timestamp":16.414301,"type":"EXECUTE_JOB","data":{"job_id":"db3eff!81","alloc":"4-19"}}]}'
Received '{"now":16.502455,"events":[{"timestamp":16.502455,"type":"JOB_SUBMITTED","data":{"job_id":"db3eff!82","job":{"id":"db3eff!82","profile":"SP.S.16","res":16,"subtime":16.502438,"walltime":4200}}}]}'
Sending '{"now":16.502455,"events":[{"timestamp":16.502455,"type":"EXECUTE_JOB","data":{"job_id":"db3eff!82","alloc":"20-35"}}]}'
Received '{"now":16.733190,"events":[{"timestamp":16.733190,"type":"JOB_SUBMITTED","data":{"job_id":"db3eff!83","job":{"id":"db3eff!83","profile":"SP.S.16","res":16,"subtime":16.733166,"walltime":4200}}}]}'
Sending '{"now":16.73319,"events":[]}'
Received '{"now":16.763907,"events":[{"timestamp":16.763907,"type":"JOB_SUBMITTED","data":{"job_id":"db3eff!84","job":{"id":"db3eff!84","profile":"LU.S.4","res":4,"subtime":16.763890,"walltime":4200}}}]}'
Sending '{"now":16.763907,"events":[]}'
Received '{"now":16.919391,"events":[{"timestamp":16.919391,"type":"JOB_SUBMITTED","data":{"job_id":"db3eff!85","job":{"id":"db3eff!85","profile":"MG.S.4","res":4,"subtime":16.919366,"walltime":4200}}}]}'
Sending '{"now":16.919391,"events":[]}'
Received '{"now":16.935316,"events":[{"timestamp":16.935316,"type":"JOB_SUBMITTED","data":{"job_id":"db3eff!86","job":{"id":"db3eff!86","profile":"BT.S.16","res":16,"subtime":16.935286,"walltime":4200}}}]}'
Sending '{"now":16.935316,"events":[]}'
Received '{"now":17.082086,"events":[{"timestamp":17.082086,"type":"JOB_SUBMITTED","data":{"job_id":"db3eff!87","job":{"id":"db3eff!87","profile":"IS.S.16","res":16,"subtime":17.082056,"walltime":4200}}}]}'
Sending '{"now":17.082086,"events":[]}'
Received '{"now":17.175459,"events":[{"timestamp":17.175459,"type":"JOB_COMPLETED","data":{"job_id":"db3eff!80","job_state":"COMPLETED_SUCCESSFULLY","return_code":0,"kill_reason":"","alloc":"0-3 52-63"}}]}'
Sending '{"now":17.175459,"events":[{"timestamp":17.175459,"type":"EXECUTE_JOB","data":{"job_id":"db3eff!83","alloc":"0-3 52-63"}}]}'
Received '{"now":17.262087,"events":[{"timestamp":17.262087,"type":"JOB_SUBMITTED","data":{"job_id":"db3eff!88","job":{"id":"db3eff!88","profile":"MG.S.16","res":16,"subtime":17.262070,"walltime":4200}}}]}'
Sending '{"now":17.262087,"events":[]}'
Received '{"now":17.300008,"events":[{"timestamp":17.300008,"type":"JOB_SUBMITTED","data":{"job_id":"db3eff!89","job":{"id":"db3eff!89","profile":"SP.S.4","res":4,"subtime":17.299983,"walltime":4200}}}]}'
Sending '{"now":17.300008,"events":[]}'
Received '{"now":17.307796,"events":[{"timestamp":17.307796,"type":"JOB_SUBMITTED","data":{"job_id":"db3eff!90","job":{"id":"db3eff!90","profile":"LU.S.4","res":4,"subtime":17.307765,"walltime":4200}}}]}'
Sending '{"now":17.307796,"events":[]}'
Received '{"now":17.478963,"events":[{"timestamp":17.478963,"type":"JOB_SUBMITTED","data":{"job_id":"db3eff!91","job":{"id":"db3eff!91","profile":"BT.S.16","res":16,"subtime":17.478933,"walltime":4200}}}]}'
Sending '{"now":17.478963,"events":[]}'
Received '{"now":17.519009,"events":[{"timestamp":17.519009,"type":"JOB_SUBMITTED","data":{"job_id":"db3eff!92","job":{"id":"db3eff!92","profile":"MG.S.4","res":4,"subtime":17.518992,"walltime":4200}}}]}'
Sending '{"now":17.519009,"events":[]}'
Received '{"now":17.692618,"events":[{"timestamp":17.692618,"type":"JOB_COMPLETED","data":{"job_id":"db3eff!79","job_state":"COMPLETED_SUCCESSFULLY","return_code":0,"kill_reason":"","alloc":"36-51"}}]}'
Sending '{"now":17.692618,"events":[{"timestamp":17.692618,"type":"EXECUTE_JOB","data":{"job_id":"db3eff!84","alloc":"36-39"}},{"timestamp":17.692618,"type":"EXECUTE_JOB","data":{"job_id":"db3eff!85","alloc":"40-43"}},{"timestamp":17.692618,"type":"EXECUTE_JOB","data":{"job_id":"db3eff!89","alloc":"44-47"}},{"timestamp":17.692618,"type":"EXECUTE_JOB","data":{"job_id":"db3eff!90","alloc":"48-51"}}]}'
Received '{"now":17.749299,"events":[{"timestamp":17.749299,"type":"JOB_SUBMITTED","data":{"job_id":"db3eff!93","job":{"id":"db3eff!93","profile":"BT.S.4","res":4,"subtime":17.749279,"walltime":4200}}}]}'
Sending '{"now":17.749299,"events":[]}'
Received '{"now":17.790250,"events":[{"timestamp":17.790250,"type":"JOB_COMPLETED","data":{"job_id":"db3eff!82","job_state":"COMPLETED_SUCCESSFULLY","return_code":0,"kill_reason":"","alloc":"20-35"}}]}'
Sending '{"now":17.79025,"events":[{"timestamp":17.79025,"type":"EXECUTE_JOB","data":{"job_id":"db3eff!86","alloc":"20-35"}}]}'
Received '{"now":17.978726,"events":[{"timestamp":17.978726,"type":"JOB_COMPLETED","data":{"job_id":"db3eff!85","job_state":"COMPLETED_SUCCESSFULLY","return_code":0,"kill_reason":"","alloc":"40-43"}}]}'
Sending '{"now":17.978726,"events":[{"timestamp":17.978726,"type":"EXECUTE_JOB","data":{"job_id":"db3eff!92","alloc":"40-43"}}]}'
Received '{"now":18.131332,"events":[{"timestamp":18.131332,"type":"JOB_SUBMITTED","data":{"job_id":"db3eff!94","job":{"id":"db3eff!94","profile":"SP.S.16","res":16,"subtime":18.131301,"walltime":4200}}}]}'
Sending '{"now":18.131332,"events":[]}'
Received '{"now":18.204582,"events":[{"timestamp":18.204582,"type":"JOB_COMPLETED","data":{"job_id":"db3eff!81","job_state":"COMPLETED_SUCCESSFULLY","return_code":0,"kill_reason":"","alloc":"4-19"}}]}'
Sending '{"now":18.204582,"events":[{"timestamp":18.204582,"type":"EXECUTE_JOB","data":{"job_id":"db3eff!87","alloc":"4-19"}}]}'
Received '{"now":18.235336,"events":[{"timestamp":18.235336,"type":"JOB_COMPLETED","data":{"job_id":"db3eff!89","job_state":"COMPLETED_SUCCESSFULLY","return_code":0,"kill_reason":"","alloc":"44-47"}}]}'
Sending '{"now":18.235336,"events":[]}'
Received '{"now":18.290690,"events":[{"timestamp":18.290690,"type":"JOB_COMPLETED","data":{"job_id":"db3eff!92","job_state":"COMPLETED_SUCCESSFULLY","return_code":0,"kill_reason":"","alloc":"40-43"}}]}'
Sending '{"now":18.29069,"events":[]}'
Received '{"now":18.309617,"events":[{"timestamp":18.309617,"type":"JOB_COMPLETED","data":{"job_id":"db3eff!87","job_state":"COMPLETED_SUCCESSFULLY","return_code":0,"kill_reason":"","alloc":"4-19"}}]}'
Sending '{"now":18.309617,"events":[{"timestamp":18.309617,"type":"EXECUTE_JOB","data":{"job_id":"db3eff!88","alloc":"4-19"}}]}'
Received '{"now":18.370088,"events":[{"timestamp":18.370088,"type":"JOB_SUBMITTED","data":{"job_id":"db3eff!95","job":{"id":"db3eff!95","profile":"SP.S.4","res":4,"subtime":18.370066,"walltime":4200}}}]}'
Sending '{"now":18.370088,"events":[]}'
Received '{"now":18.409807,"events":[{"timestamp":18.409807,"type":"JOB_COMPLETED","data":{"job_id":"db3eff!83","job_state":"COMPLETED_SUCCESSFULLY","return_code":0,"kill_reason":"","alloc":"0-3 52-63"}}]}'
Sending '{"now":18.409807,"events":[{"timestamp":18.409807,"type":"EXECUTE_JOB","data":{"job_id":"db3eff!91","alloc":"0-3 40-47 52-55"}},{"timestamp":18.409807,"type":"EXECUTE_JOB","data":{"job_id":"db3eff!93","alloc":"56-59"}},{"timestamp":18.409807,"type":"EXECUTE_JOB","data":{"job_id":"db3eff!95","alloc":"60-63"}}]}'
Received '{"now":18.416980,"events":[{"timestamp":18.416980,"type":"JOB_SUBMITTED","data":{"job_id":"db3eff!96","job":{"id":"db3eff!96","profile":"LU.S.16","res":16,"subtime":18.416957,"walltime":4200}}}]}'
Sending '{"now":18.41698,"events":[]}'
Received '{"now":18.480375,"events":[{"timestamp":18.480375,"type":"JOB_SUBMITTED","data":{"job_id":"db3eff!97","job":{"id":"db3eff!97","profile":"FT.S.4","res":4,"subtime":18.480348,"walltime":4200}}}]}'
Sending '{"now":18.480375,"events":[]}'
Received '{"now":18.493283,"events":[{"timestamp":18.493283,"type":"JOB_SUBMITTED","data":{"job_id":"db3eff!98","job":{"id":"db3eff!98","profile":"CG.S.16","res":16,"subtime":18.493253,"walltime":4200}}}]}'
Sending '{"now":18.493283,"events":[]}'
Received '{"now":18.534603,"events":[{"timestamp":18.534603,"type":"JOB_COMPLETED","data":{"job_id":"db3eff!90","job_state":"COMPLETED_SUCCESSFULLY","return_code":0,"kill_reason":"","alloc":"48-51"}}]}'
Sending '{"now":18.534603,"events":[{"timestamp":18.534603,"type":"EXECUTE_JOB","data":{"job_id":"db3eff!97","alloc":"48-51"}}]}'
Received '{"now":18.562840,"events":[{"timestamp":18.562840,"type":"JOB_COMPLETED","data":{"job_id":"db3eff!84","job_state":"COMPLETED_SUCCESSFULLY","return_code":0,"kill_reason":"","alloc":"36-39"}}]}'
Sending '{"now":18.56284,"events":[]}'
Received '{"now":18.643121,"events":[{"timestamp":18.643121,"type":"JOB_SUBMITTED","data":{"job_id":"db3eff!99","job":{"id":"db3eff!99","profile":"MG.S.4","res":4,"subtime":18.643091,"walltime":4200}}}]}'
Sending '{"now":18.643121,"events":[{"timestamp":18.643121,"type":"EXECUTE_JOB","data":{"job_id":"db3eff!99","alloc":"36-39"}}]}'
Received '{"now":18.759294,"events":[{"timestamp":18.759294,"type":"JOB_SUBMITTED","data":{"job_id":"db3eff!100","job":{"id":"db3eff!100","profile":"CG.S.16","res":16,"subtime":18.759264,"walltime":4200}}}]}'
Sending '{"now":18.759294,"events":[]}'
Received '{"now":18.858446,"events":[{"timestamp":18.858446,"type":"JOB_COMPLETED","data":{"job_id":"db3eff!88","job_state":"COMPLETED_SUCCESSFULLY","return_code":0,"kill_reason":"","alloc":"4-19"}}]}'
Sending '{"now":18.858446,"events":[{"timestamp":18.858446,"type":"EXECUTE_JOB","data":{"job_id":"db3eff!94","alloc":"4-19"}}]}'
Received '{"now":18.958401,"events":[{"timestamp":18.958401,"type":"JOB_COMPLETED","data":{"job_id":"db3eff!95","job_state":"COMPLETED_SUCCESSFULLY","return_code":0,"kill_reason":"","alloc":"60-63"}}]}'
Sending '{"now":18.958401,"events":[]}'
Received '{"now":19.011329,"events":[{"timestamp":19.011329,"type":"JOB_COMPLETED","data":{"job_id":"db3eff!99","job_state":"COMPLETED_SUCCESSFULLY","return_code":0,"kill_reason":"","alloc":"36-39"}}]}'
Sending '{"now":19.011329,"events":[]}'
Received '{"now":19.255358,"events":[{"timestamp":19.255358,"type":"JOB_COMPLETED","data":{"job_id":"db3eff!93","job_state":"COMPLETED_SUCCESSFULLY","return_code":0,"kill_reason":"","alloc":"56-59"}}]}'
Sending '{"now":19.255358,"events":[]}'
Received '{"now":19.769602,"events":[{"timestamp":19.769602,"type":"JOB_COMPLETED","data":{"job_id":"db3eff!86","job_state":"COMPLETED_SUCCESSFULLY","return_code":0,"kill_reason":"","alloc":"20-35"}}]}'
Sending '{"now":19.769602,"events":[{"timestamp":19.769602,"type":"EXECUTE_JOB","data":{"job_id":"db3eff!96","alloc":"20-35"}}]}'
Received '{"now":19.796836,"events":[{"timestamp":19.796836,"type":"JOB_COMPLETED","data":{"job_id":"db3eff!97","job_state":"COMPLETED_SUCCESSFULLY","return_code":0,"kill_reason":"","alloc":"48-51"}}]}'
Sending '{"now":19.796836,"events":[{"timestamp":19.796836,"type":"EXECUTE_JOB","data":{"job_id":"db3eff!98","alloc":"36-39 48-51 56-63"}}]}'
Received '{"now":19.892019,"events":[{"timestamp":19.892019,"type":"JOB_COMPLETED","data":{"job_id":"db3eff!94","job_state":"COMPLETED_SUCCESSFULLY","return_code":0,"kill_reason":"","alloc":"4-19"}}]}'
Sending '{"now":19.892019,"events":[{"timestamp":19.892019,"type":"EXECUTE_JOB","data":{"job_id":"db3eff!100","alloc":"4-19"}}]}'
Received '{"now":20.070701,"events":[{"timestamp":20.070701,"type":"JOB_COMPLETED","data":{"job_id":"db3eff!91","job_state":"COMPLETED_SUCCESSFULLY","return_code":0,"kill_reason":"","alloc":"0-3 40-47 52-55"}}]}'
Sending '{"now":20.070701,"events":[]}'
Received '{"now":20.771484,"events":[{"timestamp":20.771484,"type":"JOB_COMPLETED","data":{"job_id":"db3eff!96","job_state":"COMPLETED_SUCCESSFULLY","return_code":0,"kill_reason":"","alloc":"20-35"}}]}'
Sending '{"now":20.771484,"events":[]}'
Received '{"now":20.790526,"events":[{"timestamp":20.790526,"type":"JOB_COMPLETED","data":{"job_id":"db3eff!98","job_state":"COMPLETED_SUCCESSFULLY","return_code":0,"kill_reason":"","alloc":"36-39 48-51 56-63"}}]}'
Sending '{"now":20.790526,"events":[]}'
Received '{"now":20.870223,"events":[{"timestamp":20.870223,"type":"JOB_COMPLETED","data":{"job_id":"db3eff!100","job_state":"COMPLETED_SUCCESSFULLY","return_code":0,"kill_reason":"","alloc":"4-19"}},{"timestamp":20.870223,"type":"SIMULATION_ENDS","data":{}}]}'
Sending '{"now":20.870223,"events":[]}'
