variant_options = '{"custom_mapping": true}'
Received '{"now":0.000000,"events":[{"timestamp":0.000000,"type":"SIMULATION_BEGINS","data":{"nb_resources":64,"allow_time_sharing":false,"config":{"redis":{"enabled":false,"hostname":"127.0.0.1","port":6379,"prefix":"default"},"job_submission":{"forward_profiles":false,"from_scheduler":{"enabled":false,"acknowledge":true}}},"resources_data":[{"id":0,"name":"node-0.simgrid.org","state":"idle","properties":{}},{"id":1,"name":"node-1.simgrid.org","state":"idle","properties":{}},{"id":2,"name":"node-2.simgrid.org","state":"idle","properties":{}},{"id":3,"name":"node-3.simgrid.org","state":"idle","properties":{}},{"id":4,"name":"node-4.simgrid.org","state":"idle","properties":{}},{"id":5,"name":"node-5.simgrid.org","state":"idle","properties":{}},{"id":6,"name":"node-6.simgrid.org","state":"idle","properties":{}},{"id":7,"name":"node-7.simgrid.org","state":"idle","properties":{}},{"id":8,"name":"node-8.simgrid.org","state":"idle","properties":{}},{"id":9,"name":"node-9.simgrid.org","state":"idle","properties":{}},{"id":10,"name":"node-10.simgrid.org","state":"idle","properties":{}},{"id":11,"name":"node-11.simgrid.org","state":"idle","properties":{}},{"id":12,"name":"node-12.simgrid.org","state":"idle","properties":{}},{"id":13,"name":"node-13.simgrid.org","state":"idle","properties":{}},{"id":14,"name":"node-14.simgrid.org","state":"idle","properties":{}},{"id":15,"name":"node-15.simgrid.org","state":"idle","properties":{}},{"id":16,"name":"node-16.simgrid.org","state":"idle","properties":{}},{"id":17,"name":"node-17.simgrid.org","state":"idle","properties":{}},{"id":18,"name":"node-18.simgrid.org","state":"idle","properties":{}},{"id":19,"name":"node-19.simgrid.org","state":"idle","properties":{}},{"id":20,"name":"node-20.simgrid.org","state":"idle","properties":{}},{"id":21,"name":"node-21.simgrid.org","state":"idle","properties":{}},{"id":22,"name":"node-22.simgrid.org","state":"idle","properties":{}},{"id":23,"name":"node-23.simgrid.org","state":"idle","properties":{}},{"id":24,"name":"node-24.simgrid.org","state":"idle","properties":{}},{"id":25,"name":"node-25.simgrid.org","state":"idle","properties":{}},{"id":26,"name":"node-26.simgrid.org","state":"idle","properties":{}},{"id":27,"name":"node-27.simgrid.org","state":"idle","properties":{}},{"id":28,"name":"node-28.simgrid.org","state":"idle","properties":{}},{"id":29,"name":"node-29.simgrid.org","state":"idle","properties":{}},{"id":30,"name":"node-30.simgrid.org","state":"idle","properties":{}},{"id":31,"name":"node-31.simgrid.org","state":"idle","properties":{}},{"id":32,"name":"node-32.simgrid.org","state":"idle","properties":{}},{"id":33,"name":"node-33.simgrid.org","state":"idle","properties":{}},{"id":34,"name":"node-34.simgrid.org","state":"idle","properties":{}},{"id":35,"name":"node-35.simgrid.org","state":"idle","properties":{}},{"id":36,"name":"node-36.simgrid.org","state":"idle","properties":{}},{"id":37,"name":"node-37.simgrid.org","state":"idle","properties":{}},{"id":38,"name":"node-38.simgrid.org","state":"idle","properties":{}},{"id":39,"name":"node-39.simgrid.org","state":"idle","properties":{}},{"id":40,"name":"node-40.simgrid.org","state":"idle","properties":{}},{"id":41,"name":"node-41.simgrid.org","state":"idle","properties":{}},{"id":42,"name":"node-42.simgrid.org","state":"idle","properties":{}},{"id":43,"name":"node-43.simgrid.org","state":"idle","properties":{}},{"id":44,"name":"node-44.simgrid.org","state":"idle","properties":{}},{"id":45,"name":"node-45.simgrid.org","state":"idle","properties":{}},{"id":46,"name":"node-46.simgrid.org","state":"idle","properties":{}},{"id":47,"name":"node-47.simgrid.org","state":"idle","properties":{}},{"id":48,"name":"node-48.simgrid.org","state":"idle","properties":{}},{"id":49,"name":"node-49.simgrid.org","state":"idle","properties":{}},{"id":50,"name":"node-50.simgrid.org","state":"idle","properties":{}},{"id":51,"name":"node-51.simgrid.org","state":"idle","properties":{}},{"id":52,"name":"node-52.simgrid.org","state":"idle","properties":{}},{"id":53,"name":"node-53.simgrid.org","state":"idle","properties":{}},{"id":54,"name":"node-54.simgrid.org","state":"idle","properties":{}},{"id":55,"name":"node-55.simgrid.org","state":"idle","properties":{}},{"id":56,"name":"node-56.simgrid.org","state":"idle","properties":{}},{"id":57,"name":"node-57.simgrid.org","state":"idle","properties":{}},{"id":58,"name":"node-58.simgrid.org","state":"idle","properties":{}},{"id":59,"name":"node-59.simgrid.org","state":"idle","properties":{}},{"id":60,"name":"node-60.simgrid.org","state":"idle","properties":{}},{"id":61,"name":"node-61.simgrid.org","state":"idle","properties":{}},{"id":62,"name":"node-62.simgrid.org","state":"idle","properties":{}},{"id":63,"name":"node-63.simgrid.org","state":"idle","properties":{}}],"workloads":{"051425":"/github-simgrid/190311/../batsim-v2.0.0/workload_profiles/npb_160_jobs.json"}}}]}'
Sending '{"now":0.0,"events":[]}'
Received '{"now":0.055599,"events":[{"timestamp":0.055599,"type":"JOB_SUBMITTED","data":{"job_id":"051425!1","job":{"id":"051425!1","profile":"SP.S.16","res":16,"subtime":0.047793,"walltime":4200}}}]}'
Sending '{"now":0.055599,"events":[{"timestamp":0.055599,"type":"EXECUTE_JOB","data":{"job_id":"051425!1","alloc":"0-15"}}]}'
Received '{"now":0.140734,"events":[{"timestamp":0.140734,"type":"JOB_SUBMITTED","data":{"job_id":"051425!2","job":{"id":"051425!2","profile":"MG.S.16","res":16,"subtime":0.132928,"walltime":4200}}}]}'
Sending '{"now":0.140734,"events":[{"timestamp":0.140734,"type":"EXECUTE_JOB","data":{"job_id":"051425!2","alloc":"16-31"}}]}'
Received '{"now":0.164152,"events":[{"timestamp":0.164152,"type":"JOB_SUBMITTED","data":{"job_id":"051425!3","job":{"id":"051425!3","profile":"BT.S.16","res":16,"subtime":0.154009,"walltime":4200}}}]}'
Sending '{"now":0.164152,"events":[{"timestamp":0.164152,"type":"EXECUTE_JOB","data":{"job_id":"051425!3","alloc":"32-47"}}]}'
Received '{"now":0.210237,"events":[{"timestamp":0.210237,"type":"JOB_SUBMITTED","data":{"job_id":"051425!4","job":{"id":"051425!4","profile":"SP.S.4","res":4,"subtime":0.202431,"walltime":4200}}}]}'
Sending '{"now":0.210237,"events":[{"timestamp":0.210237,"type":"EXECUTE_JOB","data":{"job_id":"051425!4","alloc":"48-51"}}]}'
Received '{"now":0.433184,"events":[{"timestamp":0.433184,"type":"JOB_SUBMITTED","data":{"job_id":"051425!5","job":{"id":"051425!5","profile":"BT.S.16","res":16,"subtime":0.425378,"walltime":4200}}}]}'
Sending '{"now":0.433184,"events":[]}'
Received '{"now":0.747675,"events":[{"timestamp":0.747675,"type":"JOB_SUBMITTED","data":{"job_id":"051425!6","job":{"id":"051425!6","profile":"CG.S.16","res":16,"subtime":0.739874,"walltime":4200}}}]}'
Sending '{"now":0.747675,"events":[]}'
Received '{"now":0.845699,"events":[{"timestamp":0.845699,"type":"JOB_SUBMITTED","data":{"job_id":"051425!7","job":{"id":"051425!7","profile":"CG.S.16","res":16,"subtime":0.837899,"walltime":4200}}}]}'
Sending '{"now":0.845699,"events":[]}'
Received '{"now":0.887554,"events":[{"timestamp":0.887554,"type":"JOB_COMPLETED","data":{"job_id":"051425!2","job_state":"COMPLETED_SUCCESSFULLY","return_code":0,"kill_reason":"","alloc":"16-31"}}]}'
Sending '{"now":0.887554,"events":[{"timestamp":0.887554,"type":"EXECUTE_JOB","data":{"job_id":"051425!5","alloc":"16-31"}}]}'
Received '{"now":0.987359,"events":[{"timestamp":0.987359,"type":"JOB_COMPLETED","data":{"job_id":"051425!4","job_state":"COMPLETED_SUCCESSFULLY","return_code":0,"kill_reason":"","alloc":"48-51"}}]}'
Sending '{"now":0.987359,"events":[{"timestamp":0.987359,"type":"EXECUTE_JOB","data":{"job_id":"051425!6","alloc":"48-63"}}]}'
Received '{"now":1.077891,"events":[{"timestamp":1.077891,"type":"JOB_SUBMITTED","data":{"job_id":"051425!8","job":{"id":"051425!8","profile":"BT.S.4","res":4,"subtime":1.070085,"walltime":4200}}}]}'
Sending '{"now":1.077891,"events":[]}'
Received '{"now":1.182397,"events":[{"timestamp":1.182397,"type":"JOB_SUBMITTED","data":{"job_id":"051425!9","job":{"id":"051425!9","profile":"BT.S.16","res":16,"subtime":1.174591,"walltime":4200}}}]}'
Sending '{"now":1.182397,"events":[]}'
Received '{"now":1.295833,"events":[{"timestamp":1.295833,"type":"JOB_COMPLETED","data":{"job_id":"051425!3","job_state":"COMPLETED_SUCCESSFULLY","return_code":0,"kill_reason":"","alloc":"32-47"}}]}'
Sending '{"now":1.295833,"events":[{"timestamp":1.295833,"type":"EXECUTE_JOB","data":{"job_id":"051425!7","alloc":"32-47"}}]}'
Received '{"now":1.327050,"events":[{"timestamp":1.303639,"type":"JOB_SUBMITTED","data":{"job_id":"051425!10","job":{"id":"051425!10","profile":"IS.S.16","res":16,"subtime":1.285227,"walltime":4200}}},{"timestamp":1.319251,"type":"JOB_SUBMITTED","data":{"job_id":"051425!11","job":{"id":"051425!11","profile":"BT.S.16","res":16,"subtime":1.303425,"walltime":4200}}}]}'
Sending '{"now":1.32705,"events":[]}'
Received '{"now":1.355754,"events":[{"timestamp":1.355754,"type":"JOB_SUBMITTED","data":{"job_id":"051425!12","job":{"id":"051425!12","profile":"CG.S.16","res":16,"subtime":1.347948,"walltime":4200}}}]}'
Sending '{"now":1.355754,"events":[]}'
Received '{"now":1.637362,"events":[{"timestamp":1.637362,"type":"JOB_SUBMITTED","data":{"job_id":"051425!13","job":{"id":"051425!13","profile":"CG.S.16","res":16,"subtime":1.629556,"walltime":4200}}}]}'
Sending '{"now":1.637362,"events":[]}'
Received '{"now":1.708972,"events":[{"timestamp":1.708972,"type":"JOB_SUBMITTED","data":{"job_id":"051425!14","job":{"id":"051425!14","profile":"BT.S.4","res":4,"subtime":1.701166,"walltime":4200}}}]}'
Sending '{"now":1.708972,"events":[]}'
Received '{"now":1.816138,"events":[{"timestamp":1.816138,"type":"JOB_SUBMITTED","data":{"job_id":"051425!15","job":{"id":"051425!15","profile":"FT.S.16","res":16,"subtime":1.808332,"walltime":4200}}}]}'
Sending '{"now":1.816138,"events":[]}'
Received '{"now":1.945258,"events":[{"timestamp":1.945258,"type":"JOB_SUBMITTED","data":{"job_id":"051425!16","job":{"id":"051425!16","profile":"IS.S.4","res":4,"subtime":1.937452,"walltime":4200}}}]}'
Sending '{"now":1.945258,"events":[]}'
Received '{"now":2.019069,"events":[{"timestamp":2.019069,"type":"JOB_COMPLETED","data":{"job_id":"051425!1","job_state":"COMPLETED_SUCCESSFULLY","return_code":0,"kill_reason":"","alloc":"0-15"}}]}'
Sending '{"now":2.019069,"events":[{"timestamp":2.019069,"type":"EXECUTE_JOB","data":{"job_id":"051425!8","alloc":"0-3"}}]}'
Received '{"now":2.048342,"events":[{"timestamp":2.032730,"type":"JOB_COMPLETED","data":{"job_id":"051425!5","job_state":"COMPLETED_SUCCESSFULLY","return_code":0,"kill_reason":"","alloc":"16-31"}}]}'
Sending '{"now":2.048342,"events":[{"timestamp":2.048342,"type":"EXECUTE_JOB","data":{"job_id":"051425!9","alloc":"4-19"}},{"timestamp":2.048342,"type":"EXECUTE_JOB","data":{"job_id":"051425!14","alloc":"20-23"}},{"timestamp":2.048342,"type":"EXECUTE_JOB","data":{"job_id":"051425!16","alloc":"24-27"}}]}'
Received '{"now":2.163622,"events":[{"timestamp":2.163622,"type":"JOB_COMPLETED","data":{"job_id":"051425!16","job_state":"COMPLETED_SUCCESSFULLY","return_code":0,"kill_reason":"","alloc":"24-27"}}]}'
Sending '{"now":2.163622,"events":[]}'
Received '{"now":2.239632,"events":[{"timestamp":2.239632,"type":"JOB_SUBMITTED","data":{"job_id":"051425!17","job":{"id":"051425!17","profile":"LU.S.4","res":4,"subtime":2.231826,"walltime":4200}}}]}'
Sending '{"now":2.239632,"events":[{"timestamp":2.239632,"type":"EXECUTE_JOB","data":{"job_id":"051425!17","alloc":"24-27"}}]}'
Received '{"now":2.270856,"events":[{"timestamp":2.247438,"type":"JOB_SUBMITTED","data":{"job_id":"051425!18","job":{"id":"051425!18","profile":"LU.S.4","res":4,"subtime":2.236197,"walltime":4200}}},{"timestamp":2.263050,"type":"JOB_SUBMITTED","data":{"job_id":"051425!19","job":{"id":"051425!19","profile":"FT.S.4","res":4,"subtime":2.238657,"walltime":4200}}}]}'
Sending '{"now":2.270856,"events":[{"timestamp":2.270856,"type":"EXECUTE_JOB","data":{"job_id":"051425!18","alloc":"28-31"}}]}'
Received '{"now":2.322147,"events":[{"timestamp":2.322147,"type":"JOB_SUBMITTED","data":{"job_id":"051425!20","job":{"id":"051425!20","profile":"SP.S.16","res":16,"subtime":2.314341,"walltime":4200}}}]}'
Sending '{"now":2.322147,"events":[]}'
Received '{"now":2.347400,"events":[{"timestamp":2.347400,"type":"JOB_SUBMITTED","data":{"job_id":"051425!21","job":{"id":"051425!21","profile":"MG.S.16","res":16,"subtime":2.339594,"walltime":4200}}}]}'
Sending '{"now":2.3474,"events":[]}'
Received '{"now":2.376838,"events":[{"timestamp":2.376838,"type":"JOB_SUBMITTED","data":{"job_id":"051425!22","job":{"id":"051425!22","profile":"BT.S.4","res":4,"subtime":2.369041,"walltime":4200}}}]}'
Sending '{"now":2.376838,"events":[]}'
Received '{"now":2.424652,"events":[{"timestamp":2.424652,"type":"JOB_SUBMITTED","data":{"job_id":"051425!23","job":{"id":"051425!23","profile":"LU.S.16","res":16,"subtime":2.416846,"walltime":4200}}}]}'
Sending '{"now":2.424652,"events":[]}'
Received '{"now":2.440264,"events":[{"timestamp":2.432458,"type":"JOB_SUBMITTED","data":{"job_id":"051425!24","job":{"id":"051425!24","profile":"LU.S.16","res":16,"subtime":2.419831,"walltime":4200}}}]}'
Sending '{"now":2.440264,"events":[]}'
Received '{"now":2.500745,"events":[{"timestamp":2.500745,"type":"JOB_COMPLETED","data":{"job_id":"051425!8","job_state":"COMPLETED_SUCCESSFULLY","return_code":0,"kill_reason":"","alloc":"0-3"}}]}'
Sending '{"now":2.500745,"events":[{"timestamp":2.500745,"type":"EXECUTE_JOB","data":{"job_id":"051425!19","alloc":"0-3"}}]}'
Received '{"now":2.530017,"events":[{"timestamp":2.530017,"type":"JOB_COMPLETED","data":{"job_id":"051425!14","job_state":"COMPLETED_SUCCESSFULLY","return_code":0,"kill_reason":"","alloc":"20-23"}}]}'
Sending '{"now":2.530017,"events":[{"timestamp":2.530017,"type":"EXECUTE_JOB","data":{"job_id":"051425!22","alloc":"20-23"}}]}'
Received '{"now":2.631473,"events":[{"timestamp":2.631473,"type":"JOB_COMPLETED","data":{"job_id":"051425!19","job_state":"COMPLETED_SUCCESSFULLY","return_code":0,"kill_reason":"","alloc":"0-3"}}]}'
Sending '{"now":2.631473,"events":[]}'
Received '{"now":2.722876,"events":[{"timestamp":2.722876,"type":"JOB_SUBMITTED","data":{"job_id":"051425!25","job":{"id":"051425!25","profile":"FT.S.16","res":16,"subtime":2.715070,"walltime":4200}}}]}'
Sending '{"now":2.722876,"events":[]}'
Received '{"now":2.825491,"events":[{"timestamp":2.825491,"type":"JOB_SUBMITTED","data":{"job_id":"051425!26","job":{"id":"051425!26","profile":"MG.S.16","res":16,"subtime":2.817685,"walltime":4200}}}]}'
Sending '{"now":2.825491,"events":[]}'
Received '{"now":2.997939,"events":[{"timestamp":2.997939,"type":"JOB_COMPLETED","data":{"job_id":"051425!22","job_state":"COMPLETED_SUCCESSFULLY","return_code":0,"kill_reason":"","alloc":"20-23"}}]}'
Sending '{"now":2.997939,"events":[]}'
Received '{"now":3.032661,"events":[{"timestamp":3.032661,"type":"JOB_SUBMITTED","data":{"job_id":"051425!27","job":{"id":"051425!27","profile":"SP.S.4","res":4,"subtime":3.024855,"walltime":4200}}}]}'
Sending '{"now":3.032661,"events":[{"timestamp":3.032661,"type":"EXECUTE_JOB","data":{"job_id":"051425!27","alloc":"0-3"}}]}'
Received '{"now":3.236023,"events":[{"timestamp":3.236023,"type":"JOB_SUBMITTED","data":{"job_id":"051425!28","job":{"id":"051425!28","profile":"FT.S.16","res":16,"subtime":3.228217,"walltime":4200}}}]}'
Sending '{"now":3.236023,"events":[]}'
Received '{"now":3.322964,"events":[{"timestamp":3.322964,"type":"JOB_SUBMITTED","data":{"job_id":"051425!29","job":{"id":"051425!29","profile":"LU.S.4","res":4,"subtime":3.315158,"walltime":4200}}}]}'
Sending '{"now":3.322964,"events":[{"timestamp":3.322964,"type":"EXECUTE_JOB","data":{"job_id":"051425!29","alloc":"20-23"}}]}'
Received '{"now":3.431162,"events":[{"timestamp":3.431162,"type":"JOB_SUBMITTED","data":{"job_id":"051425!30","job":{"id":"051425!30","profile":"CG.S.4","res":4,"subtime":3.423356,"walltime":4200}}}]}'
Sending '{"now":3.431162,"events":[]}'
Received '{"now":3.452214,"events":[{"timestamp":3.452214,"type":"JOB_SUBMITTED","data":{"job_id":"051425!31","job":{"id":"051425!31","profile":"BT.S.4","res":4,"subtime":3.444413,"walltime":4200}}}]}'
Sending '{"now":3.452214,"events":[]}'
Received '{"now":3.467826,"events":[{"timestamp":3.460020,"type":"JOB_SUBMITTED","data":{"job_id":"051425!32","job":{"id":"051425!32","profile":"FT.S.16","res":16,"subtime":3.449827,"walltime":4200}}}]}'
Sending '{"now":3.467826,"events":[]}'
Received '{"now":3.576036,"events":[{"timestamp":3.576036,"type":"JOB_SUBMITTED","data":{"job_id":"051425!33","job":{"id":"051425!33","profile":"CG.S.16","res":16,"subtime":3.568231,"walltime":4200}}}]}'
Sending '{"now":3.576036,"events":[]}'
Received '{"now":3.703942,"events":[{"timestamp":3.703942,"type":"JOB_COMPLETED","data":{"job_id":"051425!9","job_state":"COMPLETED_SUCCESSFULLY","return_code":0,"kill_reason":"","alloc":"4-19"}}]}'
Sending '{"now":3.703942,"events":[{"timestamp":3.703942,"type":"EXECUTE_JOB","data":{"job_id":"051425!10","alloc":"4-19"}}]}'
Received '{"now":3.807354,"events":[{"timestamp":3.807354,"type":"JOB_COMPLETED","data":{"job_id":"051425!27","job_state":"COMPLETED_SUCCESSFULLY","return_code":0,"kill_reason":"","alloc":"0-3"}}]}'
Sending '{"now":3.807354,"events":[{"timestamp":3.807354,"type":"EXECUTE_JOB","data":{"job_id":"051425!30","alloc":"0-3"}}]}'
Received '{"now":3.867859,"events":[{"timestamp":3.867859,"type":"JOB_SUBMITTED","data":{"job_id":"051425!34","job":{"id":"051425!34","profile":"FT.S.4","res":4,"subtime":3.860053,"walltime":4200}}}]}'
Sending '{"now":3.867859,"events":[]}'
Received '{"now":3.889325,"events":[{"timestamp":3.881519,"type":"JOB_COMPLETED","data":{"job_id":"051425!10","job_state":"COMPLETED_SUCCESSFULLY","return_code":0,"kill_reason":"","alloc":"4-19"}}]}'
Sending '{"now":3.889325,"events":[{"timestamp":3.889325,"type":"EXECUTE_JOB","data":{"job_id":"051425!11","alloc":"4-19"}}]}'
Received '{"now":4.001502,"events":[{"timestamp":4.001502,"type":"JOB_SUBMITTED","data":{"job_id":"051425!35","job":{"id":"051425!35","profile":"LU.S.16","res":16,"subtime":3.993696,"walltime":4200}}}]}'
Sending '{"now":4.001502,"events":[]}'
Received '{"now":4.069754,"events":[{"timestamp":4.069754,"type":"JOB_SUBMITTED","data":{"job_id":"051425!36","job":{"id":"051425!36","profile":"MG.S.4","res":4,"subtime":4.061948,"walltime":4200}}}]}'
Sending '{"now":4.069754,"events":[]}'
Received '{"now":4.116544,"events":[{"timestamp":4.116544,"type":"JOB_SUBMITTED","data":{"job_id":"051425!37","job":{"id":"051425!37","profile":"IS.S.4","res":4,"subtime":4.108747,"walltime":4200}}}]}'
Sending '{"now":4.116544,"events":[]}'
Received '{"now":4.132156,"events":[{"timestamp":4.124350,"type":"JOB_SUBMITTED","data":{"job_id":"051425!38","job":{"id":"051425!38","profile":"LU.S.16","res":16,"subtime":4.111149,"walltime":4200}}}]}'
Sending '{"now":4.132156,"events":[]}'
Received '{"now":4.235084,"events":[{"timestamp":4.235084,"type":"JOB_SUBMITTED","data":{"job_id":"051425!39","job":{"id":"051425!39","profile":"MG.S.16","res":16,"subtime":4.227278,"walltime":4200}}}]}'
Sending '{"now":4.235084,"events":[]}'
Received '{"now":4.512541,"events":[{"timestamp":4.512541,"type":"JOB_SUBMITTED","data":{"job_id":"051425!40","job":{"id":"051425!40","profile":"FT.S.4","res":4,"subtime":4.504737,"walltime":4200}}}]}'
Sending '{"now":4.512541,"events":[]}'
Received '{"now":4.568443,"events":[{"timestamp":4.568443,"type":"JOB_COMPLETED","data":{"job_id":"051425!6","job_state":"COMPLETED_SUCCESSFULLY","return_code":0,"kill_reason":"","alloc":"48-63"}}]}'
Sending '{"now":4.568443,"events":[{"timestamp":4.568443,"type":"EXECUTE_JOB","data":{"job_id":"051425!12","alloc":"48-63"}}]}'
Received '{"now":4.620108,"events":[{"timestamp":4.620108,"type":"JOB_SUBMITTED","data":{"job_id":"051425!41","job":{"id":"051425!41","profile":"CG.S.4","res":4,"subtime":4.612302,"walltime":4200}}}]}'
Sending '{"now":4.620108,"events":[]}'
Received '{"now":4.654460,"events":[{"timestamp":4.654460,"type":"JOB_COMPLETED","data":{"job_id":"051425!17","job_state":"COMPLETED_SUCCESSFULLY","return_code":0,"kill_reason":"","alloc":"24-27"}}]}'
Sending '{"now":4.65446,"events":[{"timestamp":4.65446,"type":"EXECUTE_JOB","data":{"job_id":"051425!31","alloc":"24-27"}}]}'
Received '{"now":4.691539,"events":[{"timestamp":4.662266,"type":"JOB_SUBMITTED","data":{"job_id":"051425!42","job":{"id":"051425!42","profile":"BT.S.4","res":4,"subtime":4.641331,"walltime":4200}}},{"timestamp":4.683733,"type":"JOB_COMPLETED","data":{"job_id":"051425!18","job_state":"COMPLETED_SUCCESSFULLY","return_code":0,"kill_reason":"","alloc":"28-31"}}]}'
Sending '{"now":4.691539,"events":[]}'
Received '{"now":4.791255,"events":[{"timestamp":4.791255,"type":"JOB_SUBMITTED","data":{"job_id":"051425!43","job":{"id":"051425!43","profile":"IS.S.16","res":16,"subtime":4.783449,"walltime":4200}}}]}'
Sending '{"now":4.791255,"events":[]}'
Received '{"now":4.827372,"events":[{"timestamp":4.827372,"type":"JOB_SUBMITTED","data":{"job_id":"051425!44","job":{"id":"051425!44","profile":"FT.S.4","res":4,"subtime":4.819566,"walltime":4200}}}]}'
Sending '{"now":4.827372,"events":[]}'
Received '{"now":4.884688,"events":[{"timestamp":4.884688,"type":"JOB_COMPLETED","data":{"job_id":"051425!7","job_state":"COMPLETED_SUCCESSFULLY","return_code":0,"kill_reason":"","alloc":"32-47"}}]}'
Sending '{"now":4.884688,"events":[{"timestamp":4.884688,"type":"EXECUTE_JOB","data":{"job_id":"051425!13","alloc":"28-43"}},{"timestamp":4.884688,"type":"EXECUTE_JOB","data":{"job_id":"051425!34","alloc":"44-47"}}]}'
Received '{"now":4.915905,"events":[{"timestamp":4.915905,"type":"JOB_SUBMITTED","data":{"job_id":"051425!45","job":{"id":"051425!45","profile":"CG.S.4","res":4,"subtime":4.902302,"walltime":4200}}}]}'
Sending '{"now":4.915905,"events":[]}'
Received '{"now":4.937371,"events":[{"timestamp":4.929565,"type":"JOB_COMPLETED","data":{"job_id":"051425!30","job_state":"COMPLETED_SUCCESSFULLY","return_code":0,"kill_reason":"","alloc":"0-3"}}]}'
Sending '{"now":4.937371,"events":[]}'
Received '{"now":4.996373,"events":[{"timestamp":4.996373,"type":"JOB_SUBMITTED","data":{"job_id":"051425!46","job":{"id":"051425!46","profile":"IS.S.16","res":16,"subtime":4.988567,"walltime":4200}}}]}'
Sending '{"now":4.996373,"events":[]}'
Received '{"now":5.023247,"events":[{"timestamp":5.023247,"type":"JOB_COMPLETED","data":{"job_id":"051425!34","job_state":"COMPLETED_SUCCESSFULLY","return_code":0,"kill_reason":"","alloc":"44-47"}}]}'
Sending '{"now":5.023247,"events":[{"timestamp":5.023247,"type":"EXECUTE_JOB","data":{"job_id":"051425!36","alloc":"44-47"}}]}'
Received '{"now":5.130234,"events":[{"timestamp":5.130234,"type":"JOB_COMPLETED","data":{"job_id":"051425!31","job_state":"COMPLETED_SUCCESSFULLY","return_code":0,"kill_reason":"","alloc":"24-27"}}]}'
Sending '{"now":5.130234,"events":[{"timestamp":5.130234,"type":"EXECUTE_JOB","data":{"job_id":"051425!37","alloc":"24-27"}}]}'
Received '{"now":5.229888,"events":[{"timestamp":5.229888,"type":"JOB_COMPLETED","data":{"job_id":"051425!37","job_state":"COMPLETED_SUCCESSFULLY","return_code":0,"kill_reason":"","alloc":"24-27"}}]}'
Sending '{"now":5.229888,"events":[{"timestamp":5.229888,"type":"EXECUTE_JOB","data":{"job_id":"051425!40","alloc":"24-27"}}]}'
Received '{"now":5.253316,"events":[{"timestamp":5.253316,"type":"JOB_SUBMITTED","data":{"job_id":"051425!47","job":{"id":"051425!47","profile":"MG.S.16","res":16,"subtime":5.242958,"walltime":4200}}}]}'
Sending '{"now":5.253316,"events":[]}'
Received '{"now":5.360632,"events":[{"timestamp":5.360632,"type":"JOB_COMPLETED","data":{"job_id":"051425!40","job_state":"COMPLETED_SUCCESSFULLY","return_code":0,"kill_reason":"","alloc":"24-27"}}]}'
Sending '{"now":5.360632,"events":[{"timestamp":5.360632,"type":"EXECUTE_JOB","data":{"job_id":"051425!41","alloc":"24-27"}}]}'
Received '{"now":5.461940,"events":[{"timestamp":5.461940,"type":"JOB_COMPLETED","data":{"job_id":"051425!36","job_state":"COMPLETED_SUCCESSFULLY","return_code":0,"kill_reason":"","alloc":"44-47"}}]}'
Sending '{"now":5.46194,"events":[{"timestamp":5.46194,"type":"EXECUTE_JOB","data":{"job_id":"051425!42","alloc":"44-47"}}]}'
Received '{"now":5.485358,"events":[{"timestamp":5.469746,"type":"JOB_SUBMITTED","data":{"job_id":"051425!48","job":{"id":"051425!48","profile":"CG.S.4","res":4,"subtime":5.455670,"walltime":4200}}}]}'
Sending '{"now":5.485358,"events":[]}'
Received '{"now":5.545289,"events":[{"timestamp":5.545289,"type":"JOB_COMPLETED","data":{"job_id":"051425!11","job_state":"COMPLETED_SUCCESSFULLY","return_code":0,"kill_reason":"","alloc":"4-19"}}]}'
Sending '{"now":5.545289,"events":[{"timestamp":5.545289,"type":"EXECUTE_JOB","data":{"job_id":"051425!15","alloc":"0-15"}},{"timestamp":5.545289,"type":"EXECUTE_JOB","data":{"job_id":"051425!44","alloc":"16-19"}}]}'
Received '{"now":5.683830,"events":[{"timestamp":5.683830,"type":"JOB_COMPLETED","data":{"job_id":"051425!44","job_state":"COMPLETED_SUCCESSFULLY","return_code":0,"kill_reason":"","alloc":"16-19"}}]}'
Sending '{"now":5.68383,"events":[{"timestamp":5.68383,"type":"EXECUTE_JOB","data":{"job_id":"051425!45","alloc":"16-19"}}]}'
Received '{"now":5.730039,"events":[{"timestamp":5.730039,"type":"JOB_COMPLETED","data":{"job_id":"051425!29","job_state":"COMPLETED_SUCCESSFULLY","return_code":0,"kill_reason":"","alloc":"20-23"}}]}'
Sending '{"now":5.730039,"events":[{"timestamp":5.730039,"type":"EXECUTE_JOB","data":{"job_id":"051425!48","alloc":"20-23"}}]}'
Received '{"now":5.808080,"events":[{"timestamp":5.808080,"type":"JOB_COMPLETED","data":{"job_id":"051425!15","job_state":"COMPLETED_SUCCESSFULLY","return_code":0,"kill_reason":"","alloc":"0-15"}}]}'
Sending '{"now":5.80808,"events":[{"timestamp":5.80808,"type":"EXECUTE_JOB","data":{"job_id":"051425!20","alloc":"0-15"}}]}'
Received '{"now":5.886683,"events":[{"timestamp":5.886683,"type":"JOB_SUBMITTED","data":{"job_id":"051425!49","job":{"id":"051425!49","profile":"CG.S.16","res":16,"subtime":5.878878,"walltime":4200}}}]}'
Sending '{"now":5.886683,"events":[]}'
Received '{"now":5.937724,"events":[{"timestamp":5.937724,"type":"JOB_COMPLETED","data":{"job_id":"051425!42","job_state":"COMPLETED_SUCCESSFULLY","return_code":0,"kill_reason":"","alloc":"44-47"}}]}'
Sending '{"now":5.937724,"events":[]}'
Received '{"now":5.968747,"events":[{"timestamp":5.968747,"type":"JOB_SUBMITTED","data":{"job_id":"051425!50","job":{"id":"051425!50","profile":"LU.S.16","res":16,"subtime":5.960941,"walltime":4200}}}]}'
Sending '{"now":5.968747,"events":[]}'
Received '{"now":6.238016,"events":[{"timestamp":6.238016,"type":"JOB_SUBMITTED","data":{"job_id":"051425!51","job":{"id":"051425!51","profile":"LU.S.16","res":16,"subtime":6.230213,"walltime":4200}}}]}'
Sending '{"now":6.238016,"events":[]}'
Received '{"now":6.277556,"events":[{"timestamp":6.277556,"type":"JOB_SUBMITTED","data":{"job_id":"051425!52","job":{"id":"051425!52","profile":"SP.S.16","res":16,"subtime":6.269750,"walltime":4200}}}]}'
Sending '{"now":6.277556,"events":[]}'
Received '{"now":6.480647,"events":[{"timestamp":6.480647,"type":"JOB_COMPLETED","data":{"job_id":"051425!41","job_state":"COMPLETED_SUCCESSFULLY","return_code":0,"kill_reason":"","alloc":"24-27"}}]}'
Sending '{"now":6.480647,"events":[]}'
Received '{"now":6.574224,"events":[{"timestamp":6.574224,"type":"JOB_SUBMITTED","data":{"job_id":"051425!53","job":{"id":"051425!53","profile":"SP.S.16","res":16,"subtime":6.566418,"walltime":4200}}}]}'
Sending '{"now":6.574224,"events":[]}'
Received '{"now":6.803926,"events":[{"timestamp":6.803926,"type":"JOB_COMPLETED","data":{"job_id":"051425!45","job_state":"COMPLETED_SUCCESSFULLY","return_code":0,"kill_reason":"","alloc":"16-19"}}]}'
Sending '{"now":6.803926,"events":[]}'
Received '{"now":6.850110,"events":[{"timestamp":6.850110,"type":"JOB_COMPLETED","data":{"job_id":"051425!48","job_state":"COMPLETED_SUCCESSFULLY","return_code":0,"kill_reason":"","alloc":"20-23"}}]}'
Sending '{"now":6.85011,"events":[]}'
Received '{"now":6.880056,"events":[{"timestamp":6.880056,"type":"JOB_SUBMITTED","data":{"job_id":"051425!54","job":{"id":"051425!54","profile":"SP.S.4","res":4,"subtime":6.872250,"walltime":4200}}}]}'
Sending '{"now":6.880056,"events":[{"timestamp":6.880056,"type":"EXECUTE_JOB","data":{"job_id":"051425!54","alloc":"16-19"}}]}'
Received '{"now":7.050337,"events":[{"timestamp":7.050337,"type":"JOB_SUBMITTED","data":{"job_id":"051425!55","job":{"id":"051425!55","profile":"BT.S.4","res":4,"subtime":7.042531,"walltime":4200}}}]}'
Sending '{"now":7.050337,"events":[{"timestamp":7.050337,"type":"EXECUTE_JOB","data":{"job_id":"051425!55","alloc":"20-23"}}]}'
Received '{"now":7.411169,"events":[{"timestamp":7.411169,"type":"JOB_SUBMITTED","data":{"job_id":"051425!56","job":{"id":"051425!56","profile":"SP.S.4","res":4,"subtime":7.403363,"walltime":4200}}}]}'
Sending '{"now":7.411169,"events":[{"timestamp":7.411169,"type":"EXECUTE_JOB","data":{"job_id":"051425!56","alloc":"24-27"}}]}'
Received '{"now":7.439010,"events":[{"timestamp":7.439010,"type":"JOB_SUBMITTED","data":{"job_id":"051425!57","job":{"id":"051425!57","profile":"BT.S.4","res":4,"subtime":7.431212,"walltime":4200}}}]}'
Sending '{"now":7.43901,"events":[]}'
Received '{"now":7.498073,"events":[{"timestamp":7.498073,"type":"JOB_SUBMITTED","data":{"job_id":"051425!58","job":{"id":"051425!58","profile":"MG.S.16","res":16,"subtime":7.490267,"walltime":4200}}}]}'
Sending '{"now":7.498073,"events":[]}'
Received '{"now":7.519549,"events":[{"timestamp":7.519549,"type":"JOB_COMPLETED","data":{"job_id":"051425!55","job_state":"COMPLETED_SUCCESSFULLY","return_code":0,"kill_reason":"","alloc":"20-23"}}]}'
Sending '{"now":7.519549,"events":[{"timestamp":7.519549,"type":"EXECUTE_JOB","data":{"job_id":"051425!57","alloc":"20-23"}}]}'
Received '{"now":7.600751,"events":[{"timestamp":7.600751,"type":"JOB_SUBMITTED","data":{"job_id":"051425!59","job":{"id":"051425!59","profile":"LU.S.16","res":16,"subtime":7.592951,"walltime":4200}}}]}'
Sending '{"now":7.600751,"events":[]}'
Received '{"now":7.657603,"events":[{"timestamp":7.657603,"type":"JOB_COMPLETED","data":{"job_id":"051425!54","job_state":"COMPLETED_SUCCESSFULLY","return_code":0,"kill_reason":"","alloc":"16-19"}}]}'
Sending '{"now":7.657603,"events":[]}'
Received '{"now":7.775021,"events":[{"timestamp":7.775021,"type":"JOB_COMPLETED","data":{"job_id":"051425!20","job_state":"COMPLETED_SUCCESSFULLY","return_code":0,"kill_reason":"","alloc":"0-15"}}]}'
Sending '{"now":7.775021,"events":[{"timestamp":7.775021,"type":"EXECUTE_JOB","data":{"job_id":"051425!21","alloc":"0-15"}}]}'
Received '{"now":7.798439,"events":[{"timestamp":7.782827,"type":"JOB_SUBMITTED","data":{"job_id":"051425!60","job":{"id":"051425!60","profile":"IS.S.4","res":4,"subtime":7.768368,"walltime":4200}}}]}'
Sending '{"now":7.798439,"events":[{"timestamp":7.798439,"type":"EXECUTE_JOB","data":{"job_id":"051425!60","alloc":"16-19"}}]}'
Received '{"now":7.883432,"events":[{"timestamp":7.883432,"type":"JOB_SUBMITTED","data":{"job_id":"051425!61","job":{"id":"051425!61","profile":"FT.S.16","res":16,"subtime":7.875626,"walltime":4200}}}]}'
Sending '{"now":7.883432,"events":[]}'
Received '{"now":7.904908,"events":[{"timestamp":7.904908,"type":"JOB_COMPLETED","data":{"job_id":"051425!60","job_state":"COMPLETED_SUCCESSFULLY","return_code":0,"kill_reason":"","alloc":"16-19"}}]}'
Sending '{"now":7.904908,"events":[]}'
Received '{"now":7.987481,"events":[{"timestamp":7.987481,"type":"JOB_COMPLETED","data":{"job_id":"051425!57","job_state":"COMPLETED_SUCCESSFULLY","return_code":0,"kill_reason":"","alloc":"20-23"}}]}'
Sending '{"now":7.987481,"events":[]}'
Received '{"now":8.003094,"events":[{"timestamp":8.003094,"type":"JOB_SUBMITTED","data":{"job_id":"051425!62","job":{"id":"051425!62","profile":"IS.S.16","res":16,"subtime":7.989830,"walltime":4200}}}]}'
Sending '{"now":8.003094,"events":[]}'
Received '{"now":8.018706,"events":[{"timestamp":8.010900,"type":"JOB_SUBMITTED","data":{"job_id":"051425!63","job":{"id":"051425!63","profile":"CG.S.16","res":16,"subtime":7.993415,"walltime":4200}}}]}'
Sending '{"now":8.018706,"events":[]}'
Received '{"now":8.061885,"events":[{"timestamp":8.061885,"type":"JOB_SUBMITTED","data":{"job_id":"051425!64","job":{"id":"051425!64","profile":"LU.S.16","res":16,"subtime":8.054079,"walltime":4200}}}]}'
Sending '{"now":8.061885,"events":[]}'
Received '{"now":8.149390,"events":[{"timestamp":8.149390,"type":"JOB_COMPLETED","data":{"job_id":"051425!12","job_state":"COMPLETED_SUCCESSFULLY","return_code":0,"kill_reason":"","alloc":"48-63"}}]}'
Sending '{"now":8.14939,"events":[{"timestamp":8.14939,"type":"EXECUTE_JOB","data":{"job_id":"051425!23","alloc":"44-59"}}]}'
Received '{"now":8.188456,"events":[{"timestamp":8.188456,"type":"JOB_COMPLETED","data":{"job_id":"051425!56","job_state":"COMPLETED_SUCCESSFULLY","return_code":0,"kill_reason":"","alloc":"24-27"}}]}'
Sending '{"now":8.188456,"events":[]}'
Received '{"now":8.256165,"events":[{"timestamp":8.256165,"type":"JOB_SUBMITTED","data":{"job_id":"051425!65","job":{"id":"051425!65","profile":"MG.S.16","res":16,"subtime":8.248359,"walltime":4200}}}]}'
Sending '{"now":8.256165,"events":[]}'
Received '{"now":8.410640,"events":[{"timestamp":8.410640,"type":"JOB_SUBMITTED","data":{"job_id":"051425!66","job":{"id":"051425!66","profile":"SP.S.16","res":16,"subtime":8.402834,"walltime":4200}}}]}'
Sending '{"now":8.41064,"events":[]}'
Received '{"now":8.465038,"events":[{"timestamp":8.465038,"type":"JOB_SUBMITTED","data":{"job_id":"051425!67","job":{"id":"051425!67","profile":"CG.S.16","res":16,"subtime":8.457232,"walltime":4200}}}]}'
Sending '{"now":8.465038,"events":[]}'
Received '{"now":8.529978,"events":[{"timestamp":8.529978,"type":"JOB_COMPLETED","data":{"job_id":"051425!21","job_state":"COMPLETED_SUCCESSFULLY","return_code":0,"kill_reason":"","alloc":"0-15"}}]}'
Sending '{"now":8.529978,"events":[{"timestamp":8.529978,"type":"EXECUTE_JOB","data":{"job_id":"051425!24","alloc":"0-15"}}]}'
Received '{"now":8.635188,"events":[{"timestamp":8.635188,"type":"JOB_SUBMITTED","data":{"job_id":"051425!68","job":{"id":"051425!68","profile":"MG.S.16","res":16,"subtime":8.627382,"walltime":4200}}}]}'
Sending '{"now":8.635188,"events":[]}'
Received '{"now":8.738887,"events":[{"timestamp":8.738887,"type":"JOB_COMPLETED","data":{"job_id":"051425!13","job_state":"COMPLETED_SUCCESSFULLY","return_code":0,"kill_reason":"","alloc":"28-43"}}]}'
Sending '{"now":8.738887,"events":[{"timestamp":8.738887,"type":"EXECUTE_JOB","data":{"job_id":"051425!25","alloc":"16-31"}}]}'
Received '{"now":8.946843,"events":[{"timestamp":8.946843,"type":"JOB_SUBMITTED","data":{"job_id":"051425!69","job":{"id":"051425!69","profile":"IS.S.16","res":16,"subtime":8.939037,"walltime":4200}}}]}'
Sending '{"now":8.946843,"events":[]}'
Received '{"now":9.001764,"events":[{"timestamp":9.001764,"type":"JOB_COMPLETED","data":{"job_id":"051425!25","job_state":"COMPLETED_SUCCESSFULLY","return_code":0,"kill_reason":"","alloc":"16-31"}}]}'
Sending '{"now":9.001764,"events":[{"timestamp":9.001764,"type":"EXECUTE_JOB","data":{"job_id":"051425!26","alloc":"16-31"}}]}'
Received '{"now":9.158388,"events":[{"timestamp":9.158388,"type":"JOB_SUBMITTED","data":{"job_id":"051425!70","job":{"id":"051425!70","profile":"IS.S.4","res":4,"subtime":9.150582,"walltime":4200}}}]}'
Sending '{"now":9.158388,"events":[{"timestamp":9.158388,"type":"EXECUTE_JOB","data":{"job_id":"051425!70","alloc":"60-63"}}]}'
Received '{"now":9.258069,"events":[{"timestamp":9.258069,"type":"JOB_COMPLETED","data":{"job_id":"051425!70","job_state":"COMPLETED_SUCCESSFULLY","return_code":0,"kill_reason":"","alloc":"60-63"}}]}'
Sending '{"now":9.258069,"events":[]}'
Received '{"now":9.474868,"events":[{"timestamp":9.474868,"type":"JOB_SUBMITTED","data":{"job_id":"051425!71","job":{"id":"051425!71","profile":"MG.S.4","res":4,"subtime":9.467062,"walltime":4200}}}]}'
Sending '{"now":9.474868,"events":[{"timestamp":9.474868,"type":"EXECUTE_JOB","data":{"job_id":"051425!71","alloc":"60-63"}}]}'
Received '{"now":9.588444,"events":[{"timestamp":9.588444,"type":"JOB_SUBMITTED","data":{"job_id":"051425!72","job":{"id":"051425!72","profile":"SP.S.16","res":16,"subtime":9.580638,"walltime":4200}}}]}'
Sending '{"now":9.588444,"events":[]}'
Received '{"now":9.604056,"events":[{"timestamp":9.596250,"type":"JOB_SUBMITTED","data":{"job_id":"051425!73","job":{"id":"051425!73","profile":"SP.S.16","res":16,"subtime":9.582596,"walltime":4200}}}]}'
Sending '{"now":9.604056,"events":[]}'
Received '{"now":9.652827,"events":[{"timestamp":9.652827,"type":"JOB_SUBMITTED","data":{"job_id":"051425!74","job":{"id":"051425!74","profile":"IS.S.16","res":16,"subtime":9.645021,"walltime":4200}}}]}'
Sending '{"now":9.652827,"events":[]}'
Received '{"now":9.748884,"events":[{"timestamp":9.748884,"type":"JOB_COMPLETED","data":{"job_id":"051425!26","job_state":"COMPLETED_SUCCESSFULLY","return_code":0,"kill_reason":"","alloc":"16-31"}}]}'
Sending '{"now":9.748884,"events":[{"timestamp":9.748884,"type":"EXECUTE_JOB","data":{"job_id":"051425!28","alloc":"16-31"}}]}'
Received '{"now":9.797204,"events":[{"timestamp":9.797204,"type":"JOB_SUBMITTED","data":{"job_id":"051425!75","job":{"id":"051425!75","profile":"FT.S.16","res":16,"subtime":9.789398,"walltime":4200}}}]}'
Sending '{"now":9.797204,"events":[]}'
Received '{"now":9.913586,"events":[{"timestamp":9.913586,"type":"JOB_COMPLETED","data":{"job_id":"051425!71","job_state":"COMPLETED_SUCCESSFULLY","return_code":0,"kill_reason":"","alloc":"60-63"}}]}'
Sending '{"now":9.913586,"events":[]}'
Received '{"now":9.931843,"events":[{"timestamp":9.931843,"type":"JOB_SUBMITTED","data":{"job_id":"051425!76","job":{"id":"051425!76","profile":"BT.S.4","res":4,"subtime":9.924037,"walltime":4200}}}]}'
Sending '{"now":9.931843,"events":[{"timestamp":9.931843,"type":"EXECUTE_JOB","data":{"job_id":"051425!76","alloc":"60-63"}}]}'
Received '{"now":9.955271,"events":[{"timestamp":9.947465,"type":"JOB_SUBMITTED","data":{"job_id":"051425!77","job":{"id":"051425!77","profile":"BT.S.4","res":4,"subtime":9.934311,"walltime":4200}}}]}'
Sending '{"now":9.955271,"events":[]}'
Received '{"now":10.011689,"events":[{"timestamp":10.011689,"type":"JOB_COMPLETED","data":{"job_id":"051425!28","job_state":"COMPLETED_SUCCESSFULLY","return_code":0,"kill_reason":"","alloc":"16-31"}}]}'
Sending '{"now":10.011689,"events":[{"timestamp":10.011689,"type":"EXECUTE_JOB","data":{"job_id":"051425!32","alloc":"16-31"}}]}'
Received '{"now":10.127736,"events":[{"timestamp":10.127736,"type":"JOB_SUBMITTED","data":{"job_id":"051425!78","job":{"id":"051425!78","profile":"IS.S.4","res":4,"subtime":10.119930,"walltime":4200}}}]}'
Sending '{"now":10.127736,"events":[]}'
Received '{"now":10.247774,"events":[{"timestamp":10.247774,"type":"JOB_SUBMITTED","data":{"job_id":"051425!79","job":{"id":"051425!79","profile":"FT.S.16","res":16,"subtime":10.239974,"walltime":4200}}}]}'
Sending '{"now":10.247774,"events":[]}'
Received '{"now":10.274515,"events":[{"timestamp":10.274515,"type":"JOB_COMPLETED","data":{"job_id":"051425!32","job_state":"COMPLETED_SUCCESSFULLY","return_code":0,"kill_reason":"","alloc":"16-31"}}]}'
Sending '{"now":10.274515,"events":[{"timestamp":10.274515,"type":"EXECUTE_JOB","data":{"job_id":"051425!33","alloc":"16-31"}}]}'
Received '{"now":10.361525,"events":[{"timestamp":10.361525,"type":"JOB_SUBMITTED","data":{"job_id":"051425!80","job":{"id":"051425!80","profile":"MG.S.4","res":4,"subtime":10.353722,"walltime":4200}}}]}'
Sending '{"now":10.361525,"events":[]}'
Received '{"now":10.399939,"events":[{"timestamp":10.399939,"type":"JOB_COMPLETED","data":{"job_id":"051425!76","job_state":"COMPLETED_SUCCESSFULLY","return_code":0,"kill_reason":"","alloc":"60-63"}}]}'
Sending '{"now":10.399939,"events":[{"timestamp":10.399939,"type":"EXECUTE_JOB","data":{"job_id":"051425!77","alloc":"60-63"}}]}'
Received '{"now":10.569085,"events":[{"timestamp":10.569085,"type":"JOB_COMPLETED","data":{"job_id":"051425!24","job_state":"COMPLETED_SUCCESSFULLY","return_code":0,"kill_reason":"","alloc":"0-15"}}]}'
Sending '{"now":10.569085,"events":[{"timestamp":10.569085,"type":"EXECUTE_JOB","data":{"job_id":"051425!35","alloc":"0-15"}}]}'
Received '{"now":10.698787,"events":[{"timestamp":10.698787,"type":"JOB_SUBMITTED","data":{"job_id":"051425!81","job":{"id":"051425!81","profile":"SP.S.16","res":16,"subtime":10.690981,"walltime":4200}}}]}'
Sending '{"now":10.698787,"events":[]}'
Received '{"now":10.769457,"events":[{"timestamp":10.769457,"type":"JOB_SUBMITTED","data":{"job_id":"051425!82","job":{"id":"051425!82","profile":"SP.S.16","res":16,"subtime":10.761651,"walltime":4200}}}]}'
Sending '{"now":10.769457,"events":[]}'
Received '{"now":10.785072,"events":[{"timestamp":10.785072,"type":"JOB_SUBMITTED","data":{"job_id":"051425!83","job":{"id":"051425!83","profile":"CG.S.16","res":16,"subtime":10.772716,"walltime":4200}}}]}'
Sending '{"now":10.785072,"events":[]}'
Received '{"now":10.868099,"events":[{"timestamp":10.868099,"type":"JOB_COMPLETED","data":{"job_id":"051425!77","job_state":"COMPLETED_SUCCESSFULLY","return_code":0,"kill_reason":"","alloc":"60-63"}}]}'
Sending '{"now":10.868099,"events":[{"timestamp":10.868099,"type":"EXECUTE_JOB","data":{"job_id":"051425!78","alloc":"60-63"}}]}'
Received '{"now":10.891517,"events":[{"timestamp":10.883711,"type":"JOB_SUBMITTED","data":{"job_id":"051425!84","job":{"id":"051425!84","profile":"MG.S.4","res":4,"subtime":10.871828,"walltime":4200}}}]}'
Sending '{"now":10.891517,"events":[]}'
Received '{"now":10.967774,"events":[{"timestamp":10.967774,"type":"JOB_COMPLETED","data":{"job_id":"051425!78","job_state":"COMPLETED_SUCCESSFULLY","return_code":0,"kill_reason":"","alloc":"60-63"}}]}'
Sending '{"now":10.967774,"events":[{"timestamp":10.967774,"type":"EXECUTE_JOB","data":{"job_id":"051425!80","alloc":"60-63"}}]}'
Received '{"now":11.043375,"events":[{"timestamp":11.043375,"type":"JOB_SUBMITTED","data":{"job_id":"051425!85","job":{"id":"051425!85","profile":"CG.S.16","res":16,"subtime":11.035569,"walltime":4200}}}]}'
Sending '{"now":11.043375,"events":[]}'
Received '{"now":11.139423,"events":[{"timestamp":11.139423,"type":"JOB_COMPLETED","data":{"job_id":"051425!23","job_state":"COMPLETED_SUCCESSFULLY","return_code":0,"kill_reason":"","alloc":"44-59"}}]}'
Sending '{"now":11.139423,"events":[{"timestamp":11.139423,"type":"EXECUTE_JOB","data":{"job_id":"051425!38","alloc":"32-47"}},{"timestamp":11.139423,"type":"EXECUTE_JOB","data":{"job_id":"051425!84","alloc":"48-51"}}]}'
Received '{"now":11.233318,"events":[{"timestamp":11.233318,"type":"JOB_SUBMITTED","data":{"job_id":"051425!86","job":{"id":"051425!86","profile":"FT.S.16","res":16,"subtime":11.225512,"walltime":4200}}}]}'
Sending '{"now":11.233318,"events":[]}'
Received '{"now":11.290657,"events":[{"timestamp":11.290657,"type":"JOB_SUBMITTED","data":{"job_id":"051425!87","job":{"id":"051425!87","profile":"SP.S.4","res":4,"subtime":11.282854,"walltime":4200}}}]}'
Sending '{"now":11.290657,"events":[{"timestamp":11.290657,"type":"EXECUTE_JOB","data":{"job_id":"051425!87","alloc":"52-55"}}]}'
Received '{"now":11.314589,"events":[{"timestamp":11.314589,"type":"JOB_SUBMITTED","data":{"job_id":"051425!88","job":{"id":"051425!88","profile":"SP.S.16","res":16,"subtime":11.306783,"walltime":4200}}}]}'
Sending '{"now":11.314589,"events":[]}'
Received '{"now":11.406499,"events":[{"timestamp":11.406499,"type":"JOB_COMPLETED","data":{"job_id":"051425!80","job_state":"COMPLETED_SUCCESSFULLY","return_code":0,"kill_reason":"","alloc":"60-63"}}]}'
Sending '{"now":11.406499,"events":[]}'
Received '{"now":11.475333,"events":[{"timestamp":11.475333,"type":"JOB_SUBMITTED","data":{"job_id":"051425!89","job":{"id":"051425!89","profile":"SP.S.4","res":4,"subtime":11.467527,"walltime":4200}}}]}'
Sending '{"now":11.475333,"events":[{"timestamp":11.475333,"type":"EXECUTE_JOB","data":{"job_id":"051425!89","alloc":"56-59"}}]}'
Received '{"now":11.585871,"events":[{"timestamp":11.585871,"type":"JOB_COMPLETED","data":{"job_id":"051425!84","job_state":"COMPLETED_SUCCESSFULLY","return_code":0,"kill_reason":"","alloc":"48-51"}}]}'
Sending '{"now":11.585871,"events":[]}'
Received '{"now":11.853534,"events":[{"timestamp":11.853534,"type":"JOB_SUBMITTED","data":{"job_id":"051425!90","job":{"id":"051425!90","profile":"IS.S.4","res":4,"subtime":11.845728,"walltime":4200}}}]}'
Sending '{"now":11.853534,"events":[{"timestamp":11.853534,"type":"EXECUTE_JOB","data":{"job_id":"051425!90","alloc":"48-51"}}]}'
Received '{"now":11.953180,"events":[{"timestamp":11.953180,"type":"JOB_COMPLETED","data":{"job_id":"051425!90","job_state":"COMPLETED_SUCCESSFULLY","return_code":0,"kill_reason":"","alloc":"48-51"}}]}'
Sending '{"now":11.95318,"events":[]}'
Received '{"now":11.970143,"events":[{"timestamp":11.970143,"type":"JOB_SUBMITTED","data":{"job_id":"051425!91","job":{"id":"051425!91","profile":"CG.S.16","res":16,"subtime":11.962337,"walltime":4200}}}]}'
Sending '{"now":11.970143,"events":[]}'
Received '{"now":11.985755,"events":[{"timestamp":11.977949,"type":"JOB_SUBMITTED","data":{"job_id":"051425!92","job":{"id":"051425!92","profile":"BT.S.16","res":16,"subtime":11.969900,"walltime":4200}}}]}'
Sending '{"now":11.985755,"events":[]}'
Received '{"now":12.065514,"events":[{"timestamp":12.065514,"type":"JOB_COMPLETED","data":{"job_id":"051425!87","job_state":"COMPLETED_SUCCESSFULLY","return_code":0,"kill_reason":"","alloc":"52-55"}}]}'
Sending '{"now":12.065514,"events":[]}'
Received '{"now":12.184498,"events":[{"timestamp":12.184498,"type":"JOB_SUBMITTED","data":{"job_id":"051425!93","job":{"id":"051425!93","profile":"BT.S.16","res":16,"subtime":12.176692,"walltime":4200}}}]}'
Sending '{"now":12.184498,"events":[]}'
Received '{"now":12.250146,"events":[{"timestamp":12.250146,"type":"JOB_COMPLETED","data":{"job_id":"051425!89","job_state":"COMPLETED_SUCCESSFULLY","return_code":0,"kill_reason":"","alloc":"56-59"}}]}'
Sending '{"now":12.250146,"events":[{"timestamp":12.250146,"type":"EXECUTE_JOB","data":{"job_id":"051425!39","alloc":"48-63"}}]}'
Received '{"now":12.299046,"events":[{"timestamp":12.299046,"type":"JOB_SUBMITTED","data":{"job_id":"051425!94","job":{"id":"051425!94","profile":"BT.S.4","res":4,"subtime":12.291240,"walltime":4200}}}]}'
Sending '{"now":12.299046,"events":[]}'
Received '{"now":12.608228,"events":[{"timestamp":12.608228,"type":"JOB_COMPLETED","data":{"job_id":"051425!35","job_state":"COMPLETED_SUCCESSFULLY","return_code":0,"kill_reason":"","alloc":"0-15"}}]}'
Sending '{"now":12.608228,"events":[{"timestamp":12.608228,"type":"EXECUTE_JOB","data":{"job_id":"051425!43","alloc":"0-15"}}]}'
Received '{"now":12.755393,"events":[{"timestamp":12.755393,"type":"JOB_COMPLETED","data":{"job_id":"051425!43","job_state":"COMPLETED_SUCCESSFULLY","return_code":0,"kill_reason":"","alloc":"0-15"}}]}'
Sending '{"now":12.755393,"events":[{"timestamp":12.755393,"type":"EXECUTE_JOB","data":{"job_id":"051425!46","alloc":"0-15"}}]}'
Received '{"now":12.902540,"events":[{"timestamp":12.902540,"type":"JOB_COMPLETED","data":{"job_id":"051425!46","job_state":"COMPLETED_SUCCESSFULLY","return_code":0,"kill_reason":"","alloc":"0-15"}}]}'
Sending '{"now":12.90254,"events":[{"timestamp":12.90254,"type":"EXECUTE_JOB","data":{"job_id":"051425!47","alloc":"0-15"}}]}'
Received '{"now":12.997264,"events":[{"timestamp":12.997264,"type":"JOB_COMPLETED","data":{"job_id":"051425!39","job_state":"COMPLETED_SUCCESSFULLY","return_code":0,"kill_reason":"","alloc":"48-63"}}]}'
Sending '{"now":12.997264,"events":[{"timestamp":12.997264,"type":"EXECUTE_JOB","data":{"job_id":"051425!49","alloc":"48-63"}}]}'
Received '{"now":13.151272,"events":[{"timestamp":13.151272,"type":"JOB_SUBMITTED","data":{"job_id":"051425!95","job":{"id":"051425!95","profile":"SP.S.4","res":4,"subtime":13.143466,"walltime":4200}}}]}'
Sending '{"now":13.151272,"events":[]}'
Received '{"now":13.166877,"events":[{"timestamp":13.166877,"type":"JOB_SUBMITTED","data":{"job_id":"051425!96","job":{"id":"051425!96","profile":"CG.S.4","res":4,"subtime":13.154755,"walltime":4200}}}]}'
Sending '{"now":13.166877,"events":[]}'
Received '{"now":13.188344,"events":[{"timestamp":13.180538,"type":"JOB_COMPLETED","data":{"job_id":"051425!38","job_state":"COMPLETED_SUCCESSFULLY","return_code":0,"kill_reason":"","alloc":"32-47"}}]}'
Sending '{"now":13.188344,"events":[{"timestamp":13.188344,"type":"EXECUTE_JOB","data":{"job_id":"051425!50","alloc":"32-47"}}]}'
Received '{"now":13.649677,"events":[{"timestamp":13.649677,"type":"JOB_COMPLETED","data":{"job_id":"051425!47","job_state":"COMPLETED_SUCCESSFULLY","return_code":0,"kill_reason":"","alloc":"0-15"}}]}'
Sending '{"now":13.649677,"events":[{"timestamp":13.649677,"type":"EXECUTE_JOB","data":{"job_id":"051425!51","alloc":"0-15"}}]}'
Received '{"now":13.855887,"events":[{"timestamp":13.855887,"type":"JOB_COMPLETED","data":{"job_id":"051425!33","job_state":"COMPLETED_SUCCESSFULLY","return_code":0,"kill_reason":"","alloc":"16-31"}}]}'
Sending '{"now":13.855887,"events":[{"timestamp":13.855887,"type":"EXECUTE_JOB","data":{"job_id":"051425!52","alloc":"16-31"}}]}'
Received '{"now":13.969513,"events":[{"timestamp":13.969513,"type":"JOB_SUBMITTED","data":{"job_id":"051425!97","job":{"id":"051425!97","profile":"BT.S.16","res":16,"subtime":13.961707,"walltime":4200}}}]}'
Sending '{"now":13.969513,"events":[]}'
Received '{"now":14.022695,"events":[{"timestamp":14.022695,"type":"JOB_SUBMITTED","data":{"job_id":"051425!98","job":{"id":"051425!98","profile":"MG.S.4","res":4,"subtime":14.014889,"walltime":4200}}}]}'
Sending '{"now":14.022695,"events":[]}'
Received '{"now":14.102334,"events":[{"timestamp":14.102334,"type":"JOB_SUBMITTED","data":{"job_id":"051425!99","job":{"id":"051425!99","profile":"SP.S.4","res":4,"subtime":14.094528,"walltime":4200}}}]}'
Sending '{"now":14.102334,"events":[]}'
Received '{"now":14.117946,"events":[{"timestamp":14.110140,"type":"JOB_SUBMITTED","data":{"job_id":"051425!100","job":{"id":"051425!100","profile":"LU.S.16","res":16,"subtime":14.097913,"walltime":4200}}}]}'
Sending '{"now":14.117946,"events":[]}'
Received '{"now":14.241241,"events":[{"timestamp":14.241241,"type":"JOB_SUBMITTED","data":{"job_id":"051425!101","job":{"id":"051425!101","profile":"MG.S.16","res":16,"subtime":14.233435,"walltime":4200}}}]}'
Sending '{"now":14.241241,"events":[]}'
Received '{"now":14.345242,"events":[{"timestamp":14.345242,"type":"JOB_SUBMITTED","data":{"job_id":"051425!102","job":{"id":"051425!102","profile":"LU.S.16","res":16,"subtime":14.337436,"walltime":4200}}}]}'
Sending '{"now":14.345242,"events":[]}'
Received '{"now":14.404119,"events":[{"timestamp":14.404119,"type":"JOB_SUBMITTED","data":{"job_id":"051425!103","job":{"id":"051425!103","profile":"BT.S.16","res":16,"subtime":14.396319,"walltime":4200}}}]}'
Sending '{"now":14.404119,"events":[]}'
Received '{"now":14.500771,"events":[{"timestamp":14.500771,"type":"JOB_SUBMITTED","data":{"job_id":"051425!104","job":{"id":"051425!104","profile":"MG.S.4","res":4,"subtime":14.492965,"walltime":4200}}}]}'
Sending '{"now":14.500771,"events":[]}'
Received '{"now":14.650514,"events":[{"timestamp":14.650514,"type":"JOB_SUBMITTED","data":{"job_id":"051425!105","job":{"id":"051425!105","profile":"FT.S.4","res":4,"subtime":14.642708,"walltime":4200}}}]}'
Sending '{"now":14.650514,"events":[]}'
Received '{"now":14.992026,"events":[{"timestamp":14.992026,"type":"JOB_SUBMITTED","data":{"job_id":"051425!106","job":{"id":"051425!106","profile":"FT.S.4","res":4,"subtime":14.984220,"walltime":4200}}}]}'
Sending '{"now":14.992026,"events":[]}'
Received '{"now":15.037291,"events":[{"timestamp":15.037291,"type":"JOB_SUBMITTED","data":{"job_id":"051425!107","job":{"id":"051425!107","profile":"LU.S.16","res":16,"subtime":15.029492,"walltime":4200}}}]}'
Sending '{"now":15.037291,"events":[]}'
Received '{"now":15.052913,"events":[{"timestamp":15.052913,"type":"JOB_SUBMITTED","data":{"job_id":"051425!108","job":{"id":"051425!108","profile":"IS.S.16","res":16,"subtime":15.042386,"walltime":4200}}}]}'
Sending '{"now":15.052913,"events":[]}'
Received '{"now":15.092718,"events":[{"timestamp":15.092718,"type":"JOB_SUBMITTED","data":{"job_id":"051425!109","job":{"id":"051425!109","profile":"BT.S.4","res":4,"subtime":15.084912,"walltime":4200}}}]}'
Sending '{"now":15.092718,"events":[]}'
Received '{"now":15.227574,"events":[{"timestamp":15.227574,"type":"JOB_COMPLETED","data":{"job_id":"051425!50","job_state":"COMPLETED_SUCCESSFULLY","return_code":0,"kill_reason":"","alloc":"32-47"}}]}'
Sending '{"now":15.227574,"events":[{"timestamp":15.227574,"type":"EXECUTE_JOB","data":{"job_id":"051425!53","alloc":"32-47"}}]}'
Received '{"now":15.275773,"events":[{"timestamp":15.275773,"type":"JOB_SUBMITTED","data":{"job_id":"051425!110","job":{"id":"051425!110","profile":"BT.S.4","res":4,"subtime":15.267967,"walltime":4200}}}]}'
Sending '{"now":15.275773,"events":[]}'
Received '{"now":15.403900,"events":[{"timestamp":15.403900,"type":"JOB_SUBMITTED","data":{"job_id":"051425!111","job":{"id":"051425!111","profile":"FT.S.16","res":16,"subtime":15.396097,"walltime":4200}}}]}'
Sending '{"now":15.4039,"events":[]}'
Received '{"now":15.489284,"events":[{"timestamp":15.489284,"type":"JOB_SUBMITTED","data":{"job_id":"051425!112","job":{"id":"051425!112","profile":"MG.S.4","res":4,"subtime":15.481478,"walltime":4200}}}]}'
Sending '{"now":15.489284,"events":[]}'
Received '{"now":15.510157,"events":[{"timestamp":15.510157,"type":"JOB_SUBMITTED","data":{"job_id":"051425!113","job":{"id":"051425!113","profile":"IS.S.4","res":4,"subtime":15.502351,"walltime":4200}}}]}'
Sending '{"now":15.510157,"events":[]}'
Received '{"now":15.688780,"events":[{"timestamp":15.688780,"type":"JOB_COMPLETED","data":{"job_id":"051425!51","job_state":"COMPLETED_SUCCESSFULLY","return_code":0,"kill_reason":"","alloc":"0-15"}}]}'
Sending '{"now":15.68878,"events":[{"timestamp":15.68878,"type":"EXECUTE_JOB","data":{"job_id":"051425!58","alloc":"0-15"}}]}'
Received '{"now":15.779154,"events":[{"timestamp":15.779154,"type":"JOB_SUBMITTED","data":{"job_id":"051425!114","job":{"id":"051425!114","profile":"SP.S.16","res":16,"subtime":15.771348,"walltime":4200}}}]}'
Sending '{"now":15.779154,"events":[]}'
Received '{"now":15.847928,"events":[{"timestamp":15.847928,"type":"JOB_SUBMITTED","data":{"job_id":"051425!115","job":{"id":"051425!115","profile":"LU.S.16","res":16,"subtime":15.840122,"walltime":4200}}}]}'
Sending '{"now":15.847928,"events":[]}'
Received '{"now":15.885195,"events":[{"timestamp":15.885195,"type":"JOB_COMPLETED","data":{"job_id":"051425!52","job_state":"COMPLETED_SUCCESSFULLY","return_code":0,"kill_reason":"","alloc":"16-31"}}]}'
Sending '{"now":15.885195,"events":[{"timestamp":15.885195,"type":"EXECUTE_JOB","data":{"job_id":"051425!59","alloc":"16-31"}}]}'
Received '{"now":15.908613,"events":[{"timestamp":15.900807,"type":"JOB_SUBMITTED","data":{"job_id":"051425!116","job":{"id":"051425!116","profile":"CG.S.16","res":16,"subtime":15.888220,"walltime":4200}}}]}'
Sending '{"now":15.908613,"events":[]}'
Received '{"now":16.429416,"events":[{"timestamp":16.429416,"type":"JOB_SUBMITTED","data":{"job_id":"051425!117","job":{"id":"051425!117","profile":"IS.S.4","res":4,"subtime":16.421610,"walltime":4200}}}]}'
Sending '{"now":16.429416,"events":[]}'
Received '{"now":16.450883,"events":[{"timestamp":16.443077,"type":"JOB_COMPLETED","data":{"job_id":"051425!58","job_state":"COMPLETED_SUCCESSFULLY","return_code":0,"kill_reason":"","alloc":"0-15"}}]}'
Sending '{"now":16.450883,"events":[{"timestamp":16.450883,"type":"EXECUTE_JOB","data":{"job_id":"051425!61","alloc":"0-15"}}]}'
Received '{"now":16.474311,"events":[{"timestamp":16.474311,"type":"JOB_SUBMITTED","data":{"job_id":"051425!118","job":{"id":"051425!118","profile":"CG.S.4","res":4,"subtime":16.466468,"walltime":4200}}}]}'
Sending '{"now":16.474311,"events":[]}'
Received '{"now":16.578574,"events":[{"timestamp":16.578574,"type":"JOB_COMPLETED","data":{"job_id":"051425!49","job_state":"COMPLETED_SUCCESSFULLY","return_code":0,"kill_reason":"","alloc":"48-63"}}]}'
Sending '{"now":16.578574,"events":[{"timestamp":16.578574,"type":"EXECUTE_JOB","data":{"job_id":"051425!62","alloc":"48-63"}}]}'
Received '{"now":16.638526,"events":[{"timestamp":16.638526,"type":"JOB_SUBMITTED","data":{"job_id":"051425!119","job":{"id":"051425!119","profile":"FT.S.4","res":4,"subtime":16.630727,"walltime":4200}}}]}'
Sending '{"now":16.638526,"events":[]}'
Received '{"now":16.655263,"events":[{"timestamp":16.655263,"type":"JOB_SUBMITTED","data":{"job_id":"051425!120","job":{"id":"051425!120","profile":"IS.S.16","res":16,"subtime":16.647465,"walltime":4200}}}]}'
Sending '{"now":16.655263,"events":[]}'
Received '{"now":16.713703,"events":[{"timestamp":16.713703,"type":"JOB_COMPLETED","data":{"job_id":"051425!61","job_state":"COMPLETED_SUCCESSFULLY","return_code":0,"kill_reason":"","alloc":"0-15"}}]}'
Sending '{"now":16.713703,"events":[{"timestamp":16.713703,"type":"EXECUTE_JOB","data":{"job_id":"051425!63","alloc":"0-15"}}]}'
Received '{"now":16.742975,"events":[{"timestamp":16.727363,"type":"JOB_COMPLETED","data":{"job_id":"051425!62","job_state":"COMPLETED_SUCCESSFULLY","return_code":0,"kill_reason":"","alloc":"48-63"}}]}'
Sending '{"now":16.742975,"events":[{"timestamp":16.742975,"type":"EXECUTE_JOB","data":{"job_id":"051425!64","alloc":"48-63"}}]}'
Received '{"now":17.247443,"events":[{"timestamp":17.247443,"type":"JOB_COMPLETED","data":{"job_id":"051425!53","job_state":"COMPLETED_SUCCESSFULLY","return_code":0,"kill_reason":"","alloc":"32-47"}}]}'
Sending '{"now":17.247443,"events":[{"timestamp":17.247443,"type":"EXECUTE_JOB","data":{"job_id":"051425!65","alloc":"32-47"}}]}'
Received '{"now":17.313404,"events":[{"timestamp":17.313404,"type":"JOB_SUBMITTED","data":{"job_id":"051425!121","job":{"id":"051425!121","profile":"FT.S.16","res":16,"subtime":17.305598,"walltime":4200}}}]}'
Sending '{"now":17.313404,"events":[]}'
Received '{"now":17.392994,"events":[{"timestamp":17.392994,"type":"JOB_SUBMITTED","data":{"job_id":"051425!122","job":{"id":"051425!122","profile":"MG.S.4","res":4,"subtime":17.385188,"walltime":4200}}}]}'
Sending '{"now":17.392994,"events":[]}'
Received '{"now":17.605650,"events":[{"timestamp":17.605650,"type":"JOB_SUBMITTED","data":{"job_id":"051425!123","job":{"id":"051425!123","profile":"SP.S.16","res":16,"subtime":17.597844,"walltime":4200}}}]}'
Sending '{"now":17.60565,"events":[]}'
Received '{"now":17.891542,"events":[{"timestamp":17.891542,"type":"JOB_SUBMITTED","data":{"job_id":"051425!124","job":{"id":"051425!124","profile":"CG.S.16","res":16,"subtime":17.883736,"walltime":4200}}}]}'
Sending '{"now":17.891542,"events":[]}'
Received '{"now":17.924348,"events":[{"timestamp":17.924348,"type":"JOB_COMPLETED","data":{"job_id":"051425!59","job_state":"COMPLETED_SUCCESSFULLY","return_code":0,"kill_reason":"","alloc":"16-31"}}]}'
Sending '{"now":17.924348,"events":[{"timestamp":17.924348,"type":"EXECUTE_JOB","data":{"job_id":"051425!66","alloc":"16-31"}}]}'
Received '{"now":17.994601,"events":[{"timestamp":17.994601,"type":"JOB_COMPLETED","data":{"job_id":"051425!65","job_state":"COMPLETED_SUCCESSFULLY","return_code":0,"kill_reason":"","alloc":"32-47"}}]}'
Sending '{"now":17.994601,"events":[{"timestamp":17.994601,"type":"EXECUTE_JOB","data":{"job_id":"051425!67","alloc":"32-47"}}]}'
Received '{"now":18.095139,"events":[{"timestamp":18.095139,"type":"JOB_SUBMITTED","data":{"job_id":"051425!125","job":{"id":"051425!125","profile":"CG.S.4","res":4,"subtime":18.087333,"walltime":4200}}}]}'
Sending '{"now":18.095139,"events":[]}'
Received '{"now":18.170853,"events":[{"timestamp":18.170853,"type":"JOB_SUBMITTED","data":{"job_id":"051425!126","job":{"id":"051425!126","profile":"FT.S.4","res":4,"subtime":18.163047,"walltime":4200}}}]}'
Sending '{"now":18.170853,"events":[]}'
Received '{"now":18.400734,"events":[{"timestamp":18.400734,"type":"JOB_SUBMITTED","data":{"job_id":"051425!127","job":{"id":"051425!127","profile":"FT.S.4","res":4,"subtime":18.392928,"walltime":4200}}}]}'
Sending '{"now":18.400734,"events":[]}'
Received '{"now":18.416929,"events":[{"timestamp":18.416929,"type":"JOB_SUBMITTED","data":{"job_id":"051425!128","job":{"id":"051425!128","profile":"SP.S.4","res":4,"subtime":18.409130,"walltime":4200}}}]}'
Sending '{"now":18.416929,"events":[]}'
Received '{"now":18.432541,"events":[{"timestamp":18.424735,"type":"JOB_SUBMITTED","data":{"job_id":"051425!129","job":{"id":"051425!129","profile":"IS.S.4","res":4,"subtime":18.415382,"walltime":4200}}}]}'
Sending '{"now":18.432541,"events":[]}'
Received '{"now":18.561170,"events":[{"timestamp":18.561170,"type":"JOB_SUBMITTED","data":{"job_id":"051425!130","job":{"id":"051425!130","profile":"FT.S.4","res":4,"subtime":18.553364,"walltime":4200}}}]}'
Sending '{"now":18.56117,"events":[]}'
Received '{"now":18.604520,"events":[{"timestamp":18.604520,"type":"JOB_SUBMITTED","data":{"job_id":"051425!131","job":{"id":"051425!131","profile":"CG.S.16","res":16,"subtime":18.596714,"walltime":4200}}}]}'
Sending '{"now":18.60452,"events":[]}'
Received '{"now":18.621183,"events":[{"timestamp":18.621183,"type":"JOB_SUBMITTED","data":{"job_id":"051425!132","job":{"id":"051425!132","profile":"MG.S.4","res":4,"subtime":18.613377,"walltime":4200}}}]}'
Sending '{"now":18.621183,"events":[]}'
Received '{"now":18.757333,"events":[{"timestamp":18.757333,"type":"JOB_SUBMITTED","data":{"job_id":"051425!133","job":{"id":"051425!133","profile":"LU.S.16","res":16,"subtime":18.749533,"walltime":4200}}}]}'
Sending '{"now":18.757333,"events":[]}'
Received '{"now":18.772945,"events":[{"timestamp":18.772945,"type":"JOB_SUBMITTED","data":{"job_id":"051425!134","job":{"id":"051425!134","profile":"CG.S.4","res":4,"subtime":18.764873,"walltime":4200}}}]}'
Sending '{"now":18.772945,"events":[]}'
Received '{"now":18.794412,"events":[{"timestamp":18.786606,"type":"JOB_COMPLETED","data":{"job_id":"051425!64","job_state":"COMPLETED_SUCCESSFULLY","return_code":0,"kill_reason":"","alloc":"48-63"}}]}'
Sending '{"now":18.794412,"events":[{"timestamp":18.794412,"type":"EXECUTE_JOB","data":{"job_id":"051425!68","alloc":"48-63"}}]}'
Received '{"now":18.820116,"events":[{"timestamp":18.820116,"type":"JOB_SUBMITTED","data":{"job_id":"051425!135","job":{"id":"051425!135","profile":"BT.S.4","res":4,"subtime":18.812310,"walltime":4200}}}]}'
Sending '{"now":18.820116,"events":[]}'
Received '{"now":18.839302,"events":[{"timestamp":18.839302,"type":"JOB_SUBMITTED","data":{"job_id":"051425!136","job":{"id":"051425!136","profile":"MG.S.4","res":4,"subtime":18.831496,"walltime":4200}}}]}'
Sending '{"now":18.839302,"events":[]}'
Received '{"now":19.102845,"events":[{"timestamp":19.102845,"type":"JOB_SUBMITTED","data":{"job_id":"051425!137","job":{"id":"051425!137","profile":"MG.S.16","res":16,"subtime":19.095039,"walltime":4200}}}]}'
Sending '{"now":19.102845,"events":[]}'
Received '{"now":19.177307,"events":[{"timestamp":19.177307,"type":"JOB_SUBMITTED","data":{"job_id":"051425!138","job":{"id":"051425!138","profile":"LU.S.4","res":4,"subtime":19.169501,"walltime":4200}}}]}'
Sending '{"now":19.177307,"events":[]}'
Received '{"now":19.222180,"events":[{"timestamp":19.222180,"type":"JOB_SUBMITTED","data":{"job_id":"051425!139","job":{"id":"051425!139","profile":"MG.S.16","res":16,"subtime":19.214374,"walltime":4200}}}]}'
Sending '{"now":19.22218,"events":[]}'
Received '{"now":19.261039,"events":[{"timestamp":19.261039,"type":"JOB_SUBMITTED","data":{"job_id":"051425!140","job":{"id":"051425!140","profile":"BT.S.16","res":16,"subtime":19.253233,"walltime":4200}}}]}'
Sending '{"now":19.261039,"events":[]}'
Received '{"now":19.323354,"events":[{"timestamp":19.323354,"type":"JOB_SUBMITTED","data":{"job_id":"051425!141","job":{"id":"051425!141","profile":"MG.S.16","res":16,"subtime":19.315548,"walltime":4200}}}]}'
Sending '{"now":19.323354,"events":[]}'
Received '{"now":19.352578,"events":[{"timestamp":19.352578,"type":"JOB_SUBMITTED","data":{"job_id":"051425!142","job":{"id":"051425!142","profile":"IS.S.16","res":16,"subtime":19.344772,"walltime":4200}}}]}'
Sending '{"now":19.352578,"events":[]}'
Received '{"now":19.541490,"events":[{"timestamp":19.541490,"type":"JOB_COMPLETED","data":{"job_id":"051425!68","job_state":"COMPLETED_SUCCESSFULLY","return_code":0,"kill_reason":"","alloc":"48-63"}}]}'
Sending '{"now":19.54149,"events":[{"timestamp":19.54149,"type":"EXECUTE_JOB","data":{"job_id":"051425!69","alloc":"48-63"}}]}'
Received '{"now":19.655705,"events":[{"timestamp":19.655705,"type":"JOB_SUBMITTED","data":{"job_id":"051425!143","job":{"id":"051425!143","profile":"BT.S.4","res":4,"subtime":19.647908,"walltime":4200}}}]}'
Sending '{"now":19.655705,"events":[]}'
Received '{"now":19.671311,"events":[{"timestamp":19.671311,"type":"JOB_SUBMITTED","data":{"job_id":"051425!144","job":{"id":"051425!144","profile":"FT.S.16","res":16,"subtime":19.663214,"walltime":4200}}}]}'
Sending '{"now":19.671311,"events":[]}'
Received '{"now":19.692778,"events":[{"timestamp":19.692778,"type":"JOB_COMPLETED","data":{"job_id":"051425!69","job_state":"COMPLETED_SUCCESSFULLY","return_code":0,"kill_reason":"","alloc":"48-63"}}]}'
Sending '{"now":19.692778,"events":[{"timestamp":19.692778,"type":"EXECUTE_JOB","data":{"job_id":"051425!72","alloc":"48-63"}}]}'
Received '{"now":19.791253,"events":[{"timestamp":19.791253,"type":"JOB_SUBMITTED","data":{"job_id":"051425!145","job":{"id":"051425!145","profile":"MG.S.4","res":4,"subtime":19.783447,"walltime":4200}}}]}'
Sending '{"now":19.791253,"events":[]}'
Received '{"now":19.890378,"events":[{"timestamp":19.890378,"type":"JOB_COMPLETED","data":{"job_id":"051425!66","job_state":"COMPLETED_SUCCESSFULLY","return_code":0,"kill_reason":"","alloc":"16-31"}}]}'
Sending '{"now":19.890378,"events":[{"timestamp":19.890378,"type":"EXECUTE_JOB","data":{"job_id":"051425!73","alloc":"16-31"}}]}'
Received '{"now":20.145658,"events":[{"timestamp":20.145658,"type":"JOB_SUBMITTED","data":{"job_id":"051425!146","job":{"id":"051425!146","profile":"MG.S.4","res":4,"subtime":20.137852,"walltime":4200}}}]}'
Sending '{"now":20.145658,"events":[]}'
Received '{"now":20.162300,"events":[{"timestamp":20.162300,"type":"JOB_SUBMITTED","data":{"job_id":"051425!147","job":{"id":"051425!147","profile":"FT.S.16","res":16,"subtime":20.154501,"walltime":4200}}}]}'
Sending '{"now":20.1623,"events":[]}'
Received '{"now":20.308658,"events":[{"timestamp":20.308658,"type":"JOB_COMPLETED","data":{"job_id":"051425!63","job_state":"COMPLETED_SUCCESSFULLY","return_code":0,"kill_reason":"","alloc":"0-15"}}]}'
Sending '{"now":20.308658,"events":[{"timestamp":20.308658,"type":"EXECUTE_JOB","data":{"job_id":"051425!74","alloc":"0-15"}}]}'
Received '{"now":20.337641,"events":[{"timestamp":20.337641,"type":"JOB_SUBMITTED","data":{"job_id":"051425!148","job":{"id":"051425!148","profile":"CG.S.16","res":16,"subtime":20.329840,"walltime":4200}}}]}'
Sending '{"now":20.337641,"events":[]}'
Received '{"now":20.455804,"events":[{"timestamp":20.455804,"type":"JOB_COMPLETED","data":{"job_id":"051425!74","job_state":"COMPLETED_SUCCESSFULLY","return_code":0,"kill_reason":"","alloc":"0-15"}}]}'
Sending '{"now":20.455804,"events":[{"timestamp":20.455804,"type":"EXECUTE_JOB","data":{"job_id":"051425!75","alloc":"0-15"}}]}'
Received '{"now":20.520509,"events":[{"timestamp":20.520509,"type":"JOB_SUBMITTED","data":{"job_id":"051425!149","job":{"id":"051425!149","profile":"SP.S.16","res":16,"subtime":20.512703,"walltime":4200}}}]}'
Sending '{"now":20.520509,"events":[]}'
Received '{"now":20.543912,"events":[{"timestamp":20.543912,"type":"JOB_SUBMITTED","data":{"job_id":"051425!150","job":{"id":"051425!150","profile":"SP.S.4","res":4,"subtime":20.536106,"walltime":4200}}}]}'
Sending '{"now":20.543912,"events":[]}'
Received '{"now":20.571622,"events":[{"timestamp":20.571622,"type":"JOB_SUBMITTED","data":{"job_id":"051425!151","job":{"id":"051425!151","profile":"CG.S.4","res":4,"subtime":20.563816,"walltime":4200}}}]}'
Sending '{"now":20.571622,"events":[]}'
Received '{"now":20.694208,"events":[{"timestamp":20.694208,"type":"JOB_SUBMITTED","data":{"job_id":"051425!152","job":{"id":"051425!152","profile":"BT.S.16","res":16,"subtime":20.686402,"walltime":4200}}}]}'
Sending '{"now":20.694208,"events":[]}'
Received '{"now":20.718572,"events":[{"timestamp":20.718572,"type":"JOB_COMPLETED","data":{"job_id":"051425!75","job_state":"COMPLETED_SUCCESSFULLY","return_code":0,"kill_reason":"","alloc":"0-15"}}]}'
Sending '{"now":20.718572,"events":[{"timestamp":20.718572,"type":"EXECUTE_JOB","data":{"job_id":"051425!79","alloc":"0-15"}}]}'
Received '{"now":20.741987,"events":[{"timestamp":20.734181,"type":"JOB_SUBMITTED","data":{"job_id":"051425!153","job":{"id":"051425!153","profile":"SP.S.16","res":16,"subtime":20.719775,"walltime":4200}}}]}'
Sending '{"now":20.741987,"events":[]}'
Received '{"now":20.981373,"events":[{"timestamp":20.981373,"type":"JOB_COMPLETED","data":{"job_id":"051425!79","job_state":"COMPLETED_SUCCESSFULLY","return_code":0,"kill_reason":"","alloc":"0-15"}}]}'
Sending '{"now":20.981373,"events":[{"timestamp":20.981373,"type":"EXECUTE_JOB","data":{"job_id":"051425!81","alloc":"0-15"}}]}'
Received '{"now":21.004790,"events":[{"timestamp":20.989179,"type":"JOB_SUBMITTED","data":{"job_id":"051425!154","job":{"id":"051425!154","profile":"IS.S.4","res":4,"subtime":20.968779,"walltime":4200}}}]}'
Sending '{"now":21.00479,"events":[]}'
Received '{"now":21.020412,"events":[{"timestamp":21.020412,"type":"JOB_SUBMITTED","data":{"job_id":"051425!155","job":{"id":"051425!155","profile":"MG.S.16","res":16,"subtime":21.009839,"walltime":4200}}}]}'
Sending '{"now":21.020412,"events":[]}'
Received '{"now":21.332575,"events":[{"timestamp":21.332575,"type":"JOB_SUBMITTED","data":{"job_id":"051425!156","job":{"id":"051425!156","profile":"FT.S.4","res":4,"subtime":21.324769,"walltime":4200}}}]}'
Sending '{"now":21.332575,"events":[]}'
Received '{"now":21.429914,"events":[{"timestamp":21.429914,"type":"JOB_SUBMITTED","data":{"job_id":"051425!157","job":{"id":"051425!157","profile":"SP.S.16","res":16,"subtime":21.422108,"walltime":4200}}}]}'
Sending '{"now":21.429914,"events":[]}'
Received '{"now":21.468102,"events":[{"timestamp":21.468102,"type":"JOB_SUBMITTED","data":{"job_id":"051425!158","job":{"id":"051425!158","profile":"IS.S.16","res":16,"subtime":21.460296,"walltime":4200}}}]}'
Sending '{"now":21.468102,"events":[]}'
Received '{"now":21.575768,"events":[{"timestamp":21.575768,"type":"JOB_COMPLETED","data":{"job_id":"051425!67","job_state":"COMPLETED_SUCCESSFULLY","return_code":0,"kill_reason":"","alloc":"32-47"}}]}'
Sending '{"now":21.575768,"events":[{"timestamp":21.575768,"type":"EXECUTE_JOB","data":{"job_id":"051425!82","alloc":"32-47"}}]}'
Received '{"now":21.599196,"events":[{"timestamp":21.591390,"type":"JOB_SUBMITTED","data":{"job_id":"051425!159","job":{"id":"051425!159","profile":"FT.S.4","res":4,"subtime":21.581765,"walltime":4200}}}]}'
Sending '{"now":21.599196,"events":[]}'
Received '{"now":21.680591,"events":[{"timestamp":21.680591,"type":"JOB_COMPLETED","data":{"job_id":"051425!72","job_state":"COMPLETED_SUCCESSFULLY","return_code":0,"kill_reason":"","alloc":"48-63"}}]}'
Sending '{"now":21.680591,"events":[{"timestamp":21.680591,"type":"EXECUTE_JOB","data":{"job_id":"051425!83","alloc":"48-63"}}]}'
Received '{"now":21.871566,"events":[{"timestamp":21.871566,"type":"JOB_COMPLETED","data":{"job_id":"051425!73","job_state":"COMPLETED_SUCCESSFULLY","return_code":0,"kill_reason":"","alloc":"16-31"}}]}'
Sending '{"now":21.871566,"events":[{"timestamp":21.871566,"type":"EXECUTE_JOB","data":{"job_id":"051425!85","alloc":"16-31"}}]}'
Received '{"now":22.018676,"events":[{"timestamp":22.018676,"type":"JOB_SUBMITTED","data":{"job_id":"051425!160","job":{"id":"051425!160","profile":"BT.S.16","res":16,"subtime":22.010870,"walltime":4200}}}]}'
Sending '{"now":22.018676,"events":[]}'
Received '{"now":22.969693,"events":[{"timestamp":22.969693,"type":"JOB_COMPLETED","data":{"job_id":"051425!81","job_state":"COMPLETED_SUCCESSFULLY","return_code":0,"kill_reason":"","alloc":"0-15"}}]}'
Sending '{"now":22.969693,"events":[{"timestamp":22.969693,"type":"EXECUTE_JOB","data":{"job_id":"051425!86","alloc":"0-15"}}]}'
Received '{"now":23.232445,"events":[{"timestamp":23.232445,"type":"JOB_COMPLETED","data":{"job_id":"051425!86","job_state":"COMPLETED_SUCCESSFULLY","return_code":0,"kill_reason":"","alloc":"0-15"}}]}'
Sending '{"now":23.232445,"events":[{"timestamp":23.232445,"type":"EXECUTE_JOB","data":{"job_id":"051425!88","alloc":"0-15"}}]}'
Received '{"now":23.557924,"events":[{"timestamp":23.557924,"type":"JOB_COMPLETED","data":{"job_id":"051425!82","job_state":"COMPLETED_SUCCESSFULLY","return_code":0,"kill_reason":"","alloc":"32-47"}}]}'
Sending '{"now":23.557924,"events":[{"timestamp":23.557924,"type":"EXECUTE_JOB","data":{"job_id":"051425!91","alloc":"32-47"}}]}'
Received '{"now":25.204763,"events":[{"timestamp":25.204763,"type":"JOB_COMPLETED","data":{"job_id":"051425!88","job_state":"COMPLETED_SUCCESSFULLY","return_code":0,"kill_reason":"","alloc":"0-15"}}]}'
Sending '{"now":25.204763,"events":[{"timestamp":25.204763,"type":"EXECUTE_JOB","data":{"job_id":"051425!92","alloc":"0-15"}}]}'
Received '{"now":25.261959,"events":[{"timestamp":25.261959,"type":"JOB_COMPLETED","data":{"job_id":"051425!83","job_state":"COMPLETED_SUCCESSFULLY","return_code":0,"kill_reason":"","alloc":"48-63"}}]}'
Sending '{"now":25.261959,"events":[{"timestamp":25.261959,"type":"EXECUTE_JOB","data":{"job_id":"051425!93","alloc":"48-63"}}]}'
Received '{"now":25.452892,"events":[{"timestamp":25.452892,"type":"JOB_COMPLETED","data":{"job_id":"051425!85","job_state":"COMPLETED_SUCCESSFULLY","return_code":0,"kill_reason":"","alloc":"16-31"}}]}'
Sending '{"now":25.452892,"events":[{"timestamp":25.452892,"type":"EXECUTE_JOB","data":{"job_id":"051425!94","alloc":"16-19"}},{"timestamp":25.452892,"type":"EXECUTE_JOB","data":{"job_id":"051425!95","alloc":"20-23"}},{"timestamp":25.452892,"type":"EXECUTE_JOB","data":{"job_id":"051425!96","alloc":"24-27"}}]}'
Received '{"now":25.920803,"events":[{"timestamp":25.920803,"type":"JOB_COMPLETED","data":{"job_id":"051425!94","job_state":"COMPLETED_SUCCESSFULLY","return_code":0,"kill_reason":"","alloc":"16-19"}}]}'
Sending '{"now":25.920803,"events":[{"timestamp":25.920803,"type":"EXECUTE_JOB","data":{"job_id":"051425!98","alloc":"16-19"}}]}'
Received '{"now":26.235356,"events":[{"timestamp":26.235356,"type":"JOB_COMPLETED","data":{"job_id":"051425!95","job_state":"COMPLETED_SUCCESSFULLY","return_code":0,"kill_reason":"","alloc":"20-23"}}]}'
Sending '{"now":26.235356,"events":[{"timestamp":26.235356,"type":"EXECUTE_JOB","data":{"job_id":"051425!99","alloc":"20-23"}}]}'
Received '{"now":26.336573,"events":[{"timestamp":26.336573,"type":"JOB_COMPLETED","data":{"job_id":"051425!92","job_state":"COMPLETED_SUCCESSFULLY","return_code":0,"kill_reason":"","alloc":"0-15"}}]}'
Sending '{"now":26.336573,"events":[{"timestamp":26.336573,"type":"EXECUTE_JOB","data":{"job_id":"051425!97","alloc":"0-15"}}]}'
Received '{"now":26.365837,"events":[{"timestamp":26.365837,"type":"JOB_COMPLETED","data":{"job_id":"051425!98","job_state":"COMPLETED_SUCCESSFULLY","return_code":0,"kill_reason":"","alloc":"16-19"}}]}'
Sending '{"now":26.365837,"events":[{"timestamp":26.365837,"type":"EXECUTE_JOB","data":{"job_id":"051425!104","alloc":"16-19"}}]}'
Received '{"now":26.395111,"events":[{"timestamp":26.395111,"type":"JOB_COMPLETED","data":{"job_id":"051425!93","job_state":"COMPLETED_SUCCESSFULLY","return_code":0,"kill_reason":"","alloc":"48-63"}}]}'
Sending '{"now":26.395111,"events":[{"timestamp":26.395111,"type":"EXECUTE_JOB","data":{"job_id":"051425!100","alloc":"48-63"}}]}'
Received '{"now":26.588405,"events":[{"timestamp":26.588405,"type":"JOB_COMPLETED","data":{"job_id":"051425!96","job_state":"COMPLETED_SUCCESSFULLY","return_code":0,"kill_reason":"","alloc":"24-27"}}]}'
Sending '{"now":26.588405,"events":[]}'
Received '{"now":26.804502,"events":[{"timestamp":26.804502,"type":"JOB_COMPLETED","data":{"job_id":"051425!104","job_state":"COMPLETED_SUCCESSFULLY","return_code":0,"kill_reason":"","alloc":"16-19"}}]}'
Sending '{"now":26.804502,"events":[{"timestamp":26.804502,"type":"EXECUTE_JOB","data":{"job_id":"051425!105","alloc":"16-19"}}]}'
Received '{"now":26.935236,"events":[{"timestamp":26.935236,"type":"JOB_COMPLETED","data":{"job_id":"051425!105","job_state":"COMPLETED_SUCCESSFULLY","return_code":0,"kill_reason":"","alloc":"16-19"}}]}'
Sending '{"now":26.935236,"events":[{"timestamp":26.935236,"type":"EXECUTE_JOB","data":{"job_id":"051425!106","alloc":"16-19"}}]}'
Received '{"now":27.010182,"events":[{"timestamp":27.010182,"type":"JOB_COMPLETED","data":{"job_id":"051425!99","job_state":"COMPLETED_SUCCESSFULLY","return_code":0,"kill_reason":"","alloc":"20-23"}}]}'
Sending '{"now":27.010182,"events":[]}'
Received '{"now":27.066003,"events":[{"timestamp":27.066003,"type":"JOB_COMPLETED","data":{"job_id":"051425!106","job_state":"COMPLETED_SUCCESSFULLY","return_code":0,"kill_reason":"","alloc":"16-19"}}]}'
Sending '{"now":27.066003,"events":[{"timestamp":27.066003,"type":"EXECUTE_JOB","data":{"job_id":"051425!101","alloc":"16-31"}}]}'
Received '{"now":27.139142,"events":[{"timestamp":27.139142,"type":"JOB_COMPLETED","data":{"job_id":"051425!91","job_state":"COMPLETED_SUCCESSFULLY","return_code":0,"kill_reason":"","alloc":"32-47"}}]}'
Sending '{"now":27.139142,"events":[{"timestamp":27.139142,"type":"EXECUTE_JOB","data":{"job_id":"051425!102","alloc":"32-47"}}]}'
Received '{"now":27.468426,"events":[{"timestamp":27.468426,"type":"JOB_COMPLETED","data":{"job_id":"051425!97","job_state":"COMPLETED_SUCCESSFULLY","return_code":0,"kill_reason":"","alloc":"0-15"}}]}'
Sending '{"now":27.468426,"events":[{"timestamp":27.468426,"type":"EXECUTE_JOB","data":{"job_id":"051425!103","alloc":"0-15"}}]}'
Received '{"now":27.813121,"events":[{"timestamp":27.813121,"type":"JOB_COMPLETED","data":{"job_id":"051425!101","job_state":"COMPLETED_SUCCESSFULLY","return_code":0,"kill_reason":"","alloc":"16-31"}}]}'
Sending '{"now":27.813121,"events":[{"timestamp":27.813121,"type":"EXECUTE_JOB","data":{"job_id":"051425!107","alloc":"16-31"}}]}'
Received '{"now":28.434265,"events":[{"timestamp":28.434265,"type":"JOB_COMPLETED","data":{"job_id":"051425!100","job_state":"COMPLETED_SUCCESSFULLY","return_code":0,"kill_reason":"","alloc":"48-63"}}]}'
Sending '{"now":28.434265,"events":[{"timestamp":28.434265,"type":"EXECUTE_JOB","data":{"job_id":"051425!108","alloc":"48-63"}}]}'
Received '{"now":28.581404,"events":[{"timestamp":28.581404,"type":"JOB_COMPLETED","data":{"job_id":"051425!108","job_state":"COMPLETED_SUCCESSFULLY","return_code":0,"kill_reason":"","alloc":"48-63"}}]}'
Sending '{"now":28.581404,"events":[{"timestamp":28.581404,"type":"EXECUTE_JOB","data":{"job_id":"051425!109","alloc":"48-51"}},{"timestamp":28.581404,"type":"EXECUTE_JOB","data":{"job_id":"051425!110","alloc":"52-55"}},{"timestamp":28.581404,"type":"EXECUTE_JOB","data":{"job_id":"051425!112","alloc":"56-59"}},{"timestamp":28.581404,"type":"EXECUTE_JOB","data":{"job_id":"051425!113","alloc":"60-63"}}]}'
Received '{"now":28.634104,"events":[{"timestamp":28.602880,"type":"JOB_COMPLETED","data":{"job_id":"051425!103","job_state":"COMPLETED_SUCCESSFULLY","return_code":0,"kill_reason":"","alloc":"0-15"}}]}'
Sending '{"now":28.634104,"events":[{"timestamp":28.634104,"type":"EXECUTE_JOB","data":{"job_id":"051425!111","alloc":"0-15"}}]}'
Received '{"now":28.718101,"events":[{"timestamp":28.718101,"type":"JOB_COMPLETED","data":{"job_id":"051425!113","job_state":"COMPLETED_SUCCESSFULLY","return_code":0,"kill_reason":"","alloc":"60-63"}}]}'
Sending '{"now":28.718101,"events":[{"timestamp":28.718101,"type":"EXECUTE_JOB","data":{"job_id":"051425!117","alloc":"60-63"}}]}'
Received '{"now":28.817748,"events":[{"timestamp":28.817748,"type":"JOB_COMPLETED","data":{"job_id":"051425!117","job_state":"COMPLETED_SUCCESSFULLY","return_code":0,"kill_reason":"","alloc":"60-63"}}]}'
Sending '{"now":28.817748,"events":[{"timestamp":28.817748,"type":"EXECUTE_JOB","data":{"job_id":"051425!118","alloc":"60-63"}}]}'
Received '{"now":28.896890,"events":[{"timestamp":28.896890,"type":"JOB_COMPLETED","data":{"job_id":"051425!111","job_state":"COMPLETED_SUCCESSFULLY","return_code":0,"kill_reason":"","alloc":"0-15"}}]}'
Sending '{"now":28.89689,"events":[{"timestamp":28.89689,"type":"EXECUTE_JOB","data":{"job_id":"051425!114","alloc":"0-15"}}]}'
Received '{"now":29.049147,"events":[{"timestamp":29.049147,"type":"JOB_COMPLETED","data":{"job_id":"051425!109","job_state":"COMPLETED_SUCCESSFULLY","return_code":0,"kill_reason":"","alloc":"48-51"}}]}'
Sending '{"now":29.049147,"events":[{"timestamp":29.049147,"type":"EXECUTE_JOB","data":{"job_id":"051425!119","alloc":"48-51"}}]}'
Received '{"now":29.092080,"events":[{"timestamp":29.062807,"type":"JOB_COMPLETED","data":{"job_id":"051425!112","job_state":"COMPLETED_SUCCESSFULLY","return_code":0,"kill_reason":"","alloc":"56-59"}},{"timestamp":29.084274,"type":"JOB_COMPLETED","data":{"job_id":"051425!110","job_state":"COMPLETED_SUCCESSFULLY","return_code":0,"kill_reason":"","alloc":"52-55"}}]}'
Sending '{"now":29.09208,"events":[{"timestamp":29.09208,"type":"EXECUTE_JOB","data":{"job_id":"051425!122","alloc":"52-55"}},{"timestamp":29.09208,"type":"EXECUTE_JOB","data":{"job_id":"051425!125","alloc":"56-59"}}]}'
Received '{"now":29.178145,"events":[{"timestamp":29.178145,"type":"JOB_COMPLETED","data":{"job_id":"051425!102","job_state":"COMPLETED_SUCCESSFULLY","return_code":0,"kill_reason":"","alloc":"32-47"}}]}'
Sending '{"now":29.178145,"events":[{"timestamp":29.178145,"type":"EXECUTE_JOB","data":{"job_id":"051425!115","alloc":"32-47"}}]}'
Received '{"now":29.207416,"events":[{"timestamp":29.199610,"type":"JOB_COMPLETED","data":{"job_id":"051425!119","job_state":"COMPLETED_SUCCESSFULLY","return_code":0,"kill_reason":"","alloc":"48-51"}}]}'
Sending '{"now":29.207416,"events":[{"timestamp":29.207416,"type":"EXECUTE_JOB","data":{"job_id":"051425!126","alloc":"48-51"}}]}'
Received '{"now":29.338154,"events":[{"timestamp":29.338154,"type":"JOB_COMPLETED","data":{"job_id":"051425!126","job_state":"COMPLETED_SUCCESSFULLY","return_code":0,"kill_reason":"","alloc":"48-51"}}]}'
Sending '{"now":29.338154,"events":[{"timestamp":29.338154,"type":"EXECUTE_JOB","data":{"job_id":"051425!127","alloc":"48-51"}}]}'
Received '{"now":29.468912,"events":[{"timestamp":29.468912,"type":"JOB_COMPLETED","data":{"job_id":"051425!127","job_state":"COMPLETED_SUCCESSFULLY","return_code":0,"kill_reason":"","alloc":"48-51"}}]}'
Sending '{"now":29.468912,"events":[{"timestamp":29.468912,"type":"EXECUTE_JOB","data":{"job_id":"051425!128","alloc":"48-51"}}]}'
Received '{"now":29.530675,"events":[{"timestamp":29.530675,"type":"JOB_COMPLETED","data":{"job_id":"051425!122","job_state":"COMPLETED_SUCCESSFULLY","return_code":0,"kill_reason":"","alloc":"52-55"}}]}'
Sending '{"now":29.530675,"events":[{"timestamp":29.530675,"type":"EXECUTE_JOB","data":{"job_id":"051425!129","alloc":"52-55"}}]}'
Received '{"now":29.630332,"events":[{"timestamp":29.630332,"type":"JOB_COMPLETED","data":{"job_id":"051425!129","job_state":"COMPLETED_SUCCESSFULLY","return_code":0,"kill_reason":"","alloc":"52-55"}}]}'
Sending '{"now":29.630332,"events":[{"timestamp":29.630332,"type":"EXECUTE_JOB","data":{"job_id":"051425!130","alloc":"52-55"}}]}'
Received '{"now":29.761100,"events":[{"timestamp":29.761100,"type":"JOB_COMPLETED","data":{"job_id":"051425!130","job_state":"COMPLETED_SUCCESSFULLY","return_code":0,"kill_reason":"","alloc":"52-55"}}]}'
Sending '{"now":29.7611,"events":[{"timestamp":29.7611,"type":"EXECUTE_JOB","data":{"job_id":"051425!132","alloc":"52-55"}}]}'
Received '{"now":29.852010,"events":[{"timestamp":29.852010,"type":"JOB_COMPLETED","data":{"job_id":"051425!107","job_state":"COMPLETED_SUCCESSFULLY","return_code":0,"kill_reason":"","alloc":"16-31"}}]}'
Sending '{"now":29.85201,"events":[{"timestamp":29.85201,"type":"EXECUTE_JOB","data":{"job_id":"051425!116","alloc":"16-31"}}]}'
Received '{"now":29.937607,"events":[{"timestamp":29.937607,"type":"JOB_COMPLETED","data":{"job_id":"051425!118","job_state":"COMPLETED_SUCCESSFULLY","return_code":0,"kill_reason":"","alloc":"60-63"}}]}'
Sending '{"now":29.937607,"events":[{"timestamp":29.937607,"type":"EXECUTE_JOB","data":{"job_id":"051425!134","alloc":"60-63"}}]}'
Received '{"now":30.199694,"events":[{"timestamp":30.199694,"type":"JOB_COMPLETED","data":{"job_id":"051425!132","job_state":"COMPLETED_SUCCESSFULLY","return_code":0,"kill_reason":"","alloc":"52-55"}}]}'
Sending '{"now":30.199694,"events":[{"timestamp":30.199694,"type":"EXECUTE_JOB","data":{"job_id":"051425!135","alloc":"52-55"}}]}'
Received '{"now":30.228976,"events":[{"timestamp":30.221170,"type":"JOB_COMPLETED","data":{"job_id":"051425!125","job_state":"COMPLETED_SUCCESSFULLY","return_code":0,"kill_reason":"","alloc":"56-59"}}]}'
Sending '{"now":30.228976,"events":[{"timestamp":30.228976,"type":"EXECUTE_JOB","data":{"job_id":"051425!136","alloc":"56-59"}}]}'
Received '{"now":30.258249,"events":[{"timestamp":30.250443,"type":"JOB_COMPLETED","data":{"job_id":"051425!128","job_state":"COMPLETED_SUCCESSFULLY","return_code":0,"kill_reason":"","alloc":"48-51"}}]}'
Sending '{"now":30.258249,"events":[{"timestamp":30.258249,"type":"EXECUTE_JOB","data":{"job_id":"051425!138","alloc":"48-51"}}]}'
Received '{"now":30.667579,"events":[{"timestamp":30.667579,"type":"JOB_COMPLETED","data":{"job_id":"051425!136","job_state":"COMPLETED_SUCCESSFULLY","return_code":0,"kill_reason":"","alloc":"56-59"}}]}'
Sending '{"now":30.667579,"events":[{"timestamp":30.667579,"type":"EXECUTE_JOB","data":{"job_id":"051425!143","alloc":"56-59"}}]}'
Received '{"now":30.696851,"events":[{"timestamp":30.681239,"type":"JOB_COMPLETED","data":{"job_id":"051425!135","job_state":"COMPLETED_SUCCESSFULLY","return_code":0,"kill_reason":"","alloc":"52-55"}}]}'
Sending '{"now":30.696851,"events":[{"timestamp":30.696851,"type":"EXECUTE_JOB","data":{"job_id":"051425!145","alloc":"52-55"}}]}'
Received '{"now":30.862536,"events":[{"timestamp":30.862536,"type":"JOB_COMPLETED","data":{"job_id":"051425!114","job_state":"COMPLETED_SUCCESSFULLY","return_code":0,"kill_reason":"","alloc":"0-15"}}]}'
Sending '{"now":30.862536,"events":[{"timestamp":30.862536,"type":"EXECUTE_JOB","data":{"job_id":"051425!120","alloc":"0-15"}}]}'
Received '{"now":31.009648,"events":[{"timestamp":31.009648,"type":"JOB_COMPLETED","data":{"job_id":"051425!120","job_state":"COMPLETED_SUCCESSFULLY","return_code":0,"kill_reason":"","alloc":"0-15"}}]}'
Sending '{"now":31.009648,"events":[{"timestamp":31.009648,"type":"EXECUTE_JOB","data":{"job_id":"051425!121","alloc":"0-15"}}]}'
Received '{"now":31.057366,"events":[{"timestamp":31.057366,"type":"JOB_COMPLETED","data":{"job_id":"051425!134","job_state":"COMPLETED_SUCCESSFULLY","return_code":0,"kill_reason":"","alloc":"60-63"}}]}'
Sending '{"now":31.057366,"events":[{"timestamp":31.057366,"type":"EXECUTE_JOB","data":{"job_id":"051425!146","alloc":"60-63"}}]}'
Received '{"now":31.135483,"events":[{"timestamp":31.135483,"type":"JOB_COMPLETED","data":{"job_id":"051425!145","job_state":"COMPLETED_SUCCESSFULLY","return_code":0,"kill_reason":"","alloc":"52-55"}}]}'
Sending '{"now":31.135483,"events":[{"timestamp":31.135483,"type":"EXECUTE_JOB","data":{"job_id":"051425!150","alloc":"52-55"}}]}'
Received '{"now":31.164756,"events":[{"timestamp":31.149144,"type":"JOB_COMPLETED","data":{"job_id":"051425!143","job_state":"COMPLETED_SUCCESSFULLY","return_code":0,"kill_reason":"","alloc":"56-59"}}]}'
Sending '{"now":31.164756,"events":[{"timestamp":31.164756,"type":"EXECUTE_JOB","data":{"job_id":"051425!151","alloc":"56-59"}}]}'
Received '{"now":31.216954,"events":[{"timestamp":31.216954,"type":"JOB_COMPLETED","data":{"job_id":"051425!115","job_state":"COMPLETED_SUCCESSFULLY","return_code":0,"kill_reason":"","alloc":"32-47"}}]}'
Sending '{"now":31.216954,"events":[{"timestamp":31.216954,"type":"EXECUTE_JOB","data":{"job_id":"051425!123","alloc":"32-47"}}]}'
Received '{"now":31.272403,"events":[{"timestamp":31.272403,"type":"JOB_COMPLETED","data":{"job_id":"051425!121","job_state":"COMPLETED_SUCCESSFULLY","return_code":0,"kill_reason":"","alloc":"0-15"}}]}'
Sending '{"now":31.272403,"events":[{"timestamp":31.272403,"type":"EXECUTE_JOB","data":{"job_id":"051425!124","alloc":"0-15"}}]}'
Received '{"now":31.495948,"events":[{"timestamp":31.495948,"type":"JOB_COMPLETED","data":{"job_id":"051425!146","job_state":"COMPLETED_SUCCESSFULLY","return_code":0,"kill_reason":"","alloc":"60-63"}}]}'
Sending '{"now":31.495948,"events":[{"timestamp":31.495948,"type":"EXECUTE_JOB","data":{"job_id":"051425!154","alloc":"60-63"}}]}'
Received '{"now":31.595603,"events":[{"timestamp":31.595603,"type":"JOB_COMPLETED","data":{"job_id":"051425!154","job_state":"COMPLETED_SUCCESSFULLY","return_code":0,"kill_reason":"","alloc":"60-63"}}]}'
Sending '{"now":31.595603,"events":[{"timestamp":31.595603,"type":"EXECUTE_JOB","data":{"job_id":"051425!156","alloc":"60-63"}}]}'
Received '{"now":31.726339,"events":[{"timestamp":31.726339,"type":"JOB_COMPLETED","data":{"job_id":"051425!156","job_state":"COMPLETED_SUCCESSFULLY","return_code":0,"kill_reason":"","alloc":"60-63"}}]}'
Sending '{"now":31.726339,"events":[{"timestamp":31.726339,"type":"EXECUTE_JOB","data":{"job_id":"051425!159","alloc":"60-63"}}]}'
Received '{"now":31.857084,"events":[{"timestamp":31.857084,"type":"JOB_COMPLETED","data":{"job_id":"051425!159","job_state":"COMPLETED_SUCCESSFULLY","return_code":0,"kill_reason":"","alloc":"60-63"}}]}'
Sending '{"now":31.857084,"events":[]}'
Received '{"now":31.927861,"events":[{"timestamp":31.927861,"type":"JOB_COMPLETED","data":{"job_id":"051425!150","job_state":"COMPLETED_SUCCESSFULLY","return_code":0,"kill_reason":"","alloc":"52-55"}}]}'
Sending '{"now":31.927861,"events":[]}'
Received '{"now":32.284673,"events":[{"timestamp":32.284673,"type":"JOB_COMPLETED","data":{"job_id":"051425!151","job_state":"COMPLETED_SUCCESSFULLY","return_code":0,"kill_reason":"","alloc":"56-59"}}]}'
Sending '{"now":32.284673,"events":[]}'
Received '{"now":32.665322,"events":[{"timestamp":32.665322,"type":"JOB_COMPLETED","data":{"job_id":"051425!138","job_state":"COMPLETED_SUCCESSFULLY","return_code":0,"kill_reason":"","alloc":"48-51"}}]}'
Sending '{"now":32.665322,"events":[{"timestamp":32.665322,"type":"EXECUTE_JOB","data":{"job_id":"051425!131","alloc":"48-63"}}]}'
Received '{"now":33.180221,"events":[{"timestamp":33.180221,"type":"JOB_COMPLETED","data":{"job_id":"051425!123","job_state":"COMPLETED_SUCCESSFULLY","return_code":0,"kill_reason":"","alloc":"32-47"}}]}'
Sending '{"now":33.180221,"events":[{"timestamp":33.180221,"type":"EXECUTE_JOB","data":{"job_id":"051425!133","alloc":"32-47"}}]}'
Received '{"now":33.433053,"events":[{"timestamp":33.433053,"type":"JOB_COMPLETED","data":{"job_id":"051425!116","job_state":"COMPLETED_SUCCESSFULLY","return_code":0,"kill_reason":"","alloc":"16-31"}}]}'
Sending '{"now":33.433053,"events":[{"timestamp":33.433053,"type":"EXECUTE_JOB","data":{"job_id":"051425!137","alloc":"16-31"}}]}'
Received '{"now":34.180205,"events":[{"timestamp":34.180205,"type":"JOB_COMPLETED","data":{"job_id":"051425!137","job_state":"COMPLETED_SUCCESSFULLY","return_code":0,"kill_reason":"","alloc":"16-31"}}]}'
Sending '{"now":34.180205,"events":[{"timestamp":34.180205,"type":"EXECUTE_JOB","data":{"job_id":"051425!139","alloc":"16-31"}}]}'
Received '{"now":34.853854,"events":[{"timestamp":34.853854,"type":"JOB_COMPLETED","data":{"job_id":"051425!124","job_state":"COMPLETED_SUCCESSFULLY","return_code":0,"kill_reason":"","alloc":"0-15"}}]}'
Sending '{"now":34.853854,"events":[{"timestamp":34.853854,"type":"EXECUTE_JOB","data":{"job_id":"051425!140","alloc":"0-15"}}]}'
Received '{"now":34.927280,"events":[{"timestamp":34.927280,"type":"JOB_COMPLETED","data":{"job_id":"051425!139","job_state":"COMPLETED_SUCCESSFULLY","return_code":0,"kill_reason":"","alloc":"16-31"}}]}'
Sending '{"now":34.92728,"events":[{"timestamp":34.92728,"type":"EXECUTE_JOB","data":{"job_id":"051425!141","alloc":"16-31"}}]}'
Received '{"now":35.219473,"events":[{"timestamp":35.219473,"type":"JOB_COMPLETED","data":{"job_id":"051425!133","job_state":"COMPLETED_SUCCESSFULLY","return_code":0,"kill_reason":"","alloc":"32-47"}}]}'
Sending '{"now":35.219473,"events":[{"timestamp":35.219473,"type":"EXECUTE_JOB","data":{"job_id":"051425!142","alloc":"32-47"}}]}'
Received '{"now":35.366588,"events":[{"timestamp":35.366588,"type":"JOB_COMPLETED","data":{"job_id":"051425!142","job_state":"COMPLETED_SUCCESSFULLY","return_code":0,"kill_reason":"","alloc":"32-47"}}]}'
Sending '{"now":35.366588,"events":[{"timestamp":35.366588,"type":"EXECUTE_JOB","data":{"job_id":"051425!144","alloc":"32-47"}}]}'
Received '{"now":35.629426,"events":[{"timestamp":35.629426,"type":"JOB_COMPLETED","data":{"job_id":"051425!144","job_state":"COMPLETED_SUCCESSFULLY","return_code":0,"kill_reason":"","alloc":"32-47"}}]}'
Sending '{"now":35.629426,"events":[{"timestamp":35.629426,"type":"EXECUTE_JOB","data":{"job_id":"051425!147","alloc":"32-47"}}]}'
Received '{"now":35.674305,"events":[{"timestamp":35.674305,"type":"JOB_COMPLETED","data":{"job_id":"051425!141","job_state":"COMPLETED_SUCCESSFULLY","return_code":0,"kill_reason":"","alloc":"16-31"}}]}'
Sending '{"now":35.674305,"events":[{"timestamp":35.674305,"type":"EXECUTE_JOB","data":{"job_id":"051425!148","alloc":"16-31"}}]}'
Received '{"now":35.892238,"events":[{"timestamp":35.892238,"type":"JOB_COMPLETED","data":{"job_id":"051425!147","job_state":"COMPLETED_SUCCESSFULLY","return_code":0,"kill_reason":"","alloc":"32-47"}}]}'
Sending '{"now":35.892238,"events":[{"timestamp":35.892238,"type":"EXECUTE_JOB","data":{"job_id":"051425!149","alloc":"32-47"}}]}'
Received '{"now":35.985678,"events":[{"timestamp":35.985678,"type":"JOB_COMPLETED","data":{"job_id":"051425!140","job_state":"COMPLETED_SUCCESSFULLY","return_code":0,"kill_reason":"","alloc":"0-15"}}]}'
Sending '{"now":35.985678,"events":[{"timestamp":35.985678,"type":"EXECUTE_JOB","data":{"job_id":"051425!152","alloc":"0-15"}}]}'
Received '{"now":36.246668,"events":[{"timestamp":36.246668,"type":"JOB_COMPLETED","data":{"job_id":"051425!131","job_state":"COMPLETED_SUCCESSFULLY","return_code":0,"kill_reason":"","alloc":"48-63"}}]}'
Sending '{"now":36.246668,"events":[{"timestamp":36.246668,"type":"EXECUTE_JOB","data":{"job_id":"051425!153","alloc":"48-63"}}]}'
Received '{"now":37.116700,"events":[{"timestamp":37.116700,"type":"JOB_COMPLETED","data":{"job_id":"051425!152","job_state":"COMPLETED_SUCCESSFULLY","return_code":0,"kill_reason":"","alloc":"0-15"}}]}'
Sending '{"now":37.1167,"events":[{"timestamp":37.1167,"type":"EXECUTE_JOB","data":{"job_id":"051425!155","alloc":"0-15"}}]}'
Received '{"now":37.863715,"events":[{"timestamp":37.863715,"type":"JOB_COMPLETED","data":{"job_id":"051425!155","job_state":"COMPLETED_SUCCESSFULLY","return_code":0,"kill_reason":"","alloc":"0-15"}}]}'
Sending '{"now":37.863715,"events":[{"timestamp":37.863715,"type":"EXECUTE_JOB","data":{"job_id":"051425!157","alloc":"0-15"}}]}'
Received '{"now":37.929876,"events":[{"timestamp":37.929876,"type":"JOB_COMPLETED","data":{"job_id":"051425!149","job_state":"COMPLETED_SUCCESSFULLY","return_code":0,"kill_reason":"","alloc":"32-47"}}]}'
Sending '{"now":37.929876,"events":[{"timestamp":37.929876,"type":"EXECUTE_JOB","data":{"job_id":"051425!158","alloc":"32-47"}}]}'
Received '{"now":38.076994,"events":[{"timestamp":38.076994,"type":"JOB_COMPLETED","data":{"job_id":"051425!158","job_state":"COMPLETED_SUCCESSFULLY","return_code":0,"kill_reason":"","alloc":"32-47"}}]}'
Sending '{"now":38.076994,"events":[{"timestamp":38.076994,"type":"EXECUTE_JOB","data":{"job_id":"051425!160","alloc":"32-47"}}]}'
Received '{"now":38.277266,"events":[{"timestamp":38.277266,"type":"JOB_COMPLETED","data":{"job_id":"051425!153","job_state":"COMPLETED_SUCCESSFULLY","return_code":0,"kill_reason":"","alloc":"48-63"}}]}'
Sending '{"now":38.277266,"events":[]}'
Received '{"now":39.208854,"events":[{"timestamp":39.208854,"type":"JOB_COMPLETED","data":{"job_id":"051425!160","job_state":"COMPLETED_SUCCESSFULLY","return_code":0,"kill_reason":"","alloc":"32-47"}}]}'
Sending '{"now":39.208854,"events":[]}'
Received '{"now":39.254875,"events":[{"timestamp":39.254875,"type":"JOB_COMPLETED","data":{"job_id":"051425!148","job_state":"COMPLETED_SUCCESSFULLY","return_code":0,"kill_reason":"","alloc":"16-31"}}]}'
Sending '{"now":39.254875,"events":[]}'
Received '{"now":39.827672,"events":[{"timestamp":39.827672,"type":"JOB_COMPLETED","data":{"job_id":"051425!157","job_state":"COMPLETED_SUCCESSFULLY","return_code":0,"kill_reason":"","alloc":"0-15"}},{"timestamp":39.827672,"type":"SIMULATION_ENDS","data":{}}]}'
Sending '{"now":39.827672,"events":[]}'
