+ batsim -p /tmp/meh/torus-64.xml -w /tmp/meh/dynamic-mapping-npb.json -e /tmp/meh-out -m node-63.simgrid.org
[0.000000] [batsim/INFO] Workload 'ff6bb1' corresponds to workload file '/tmp/meh/dynamic-mapping-npb.json'.
[0.000000] [batsim/INFO] Batsim version: v2.0.0-329-ga9660f0
[0.000000] [workload/INFO] Loading JSON workload '/tmp/meh/dynamic-mapping-npb.json'...
[0.000000] [profiles/INFO] base_dir = '/tmp/meh'
[0.000000] [profiles/INFO] Filenames of profile 'LU.S.4': [/tmp/meh/./LU.S.4_files/1543397448.529268_rank-1.txt, /tmp/meh/./LU.S.4_files/1543397448.529268_rank-2.txt, /tmp/meh/./LU.S.4_files/1543397448.529268_rank-3.txt, /tmp/meh/./LU.S.4_files/1543397448.529268_rank-4.txt]
[0.000000] [workload/INFO] JSON workload parsed sucessfully. Read 1 jobs and 1 profiles.
[0.000000] [workload/INFO] Checking workload validity...
[0.000000] [workload/INFO] Workload seems to be valid.
[0.000000] [xbt_cfg/INFO] Configuration change: Set 'host/model' to 'ptask_L07'
[0.000000] [batsim/INFO] Checking whether SMPI is used or not...
[0.000000] [batsim/INFO] SMPI will be used.
[0.000000] [workload/INFO] Registering SMPI applications of workload 'ff6bb1'...
[0.000000] [workload/INFO] Registering app. instance='ff6bb1!1', nb_process=4
[0.000000] [workload/INFO] SMPI applications of workload 'ff6bb1' have been registered.
[0.000000] [smpi_kernel/INFO] You did not set the power of the host running the simulation.  The timings will certainly not be accurate.  Use the option "--cfg=smpi/host-speed:<flops>" to set its value.Check http://simgrid.org/simgrid/latest/doc/options.html#options_smpi_bench for more information.
[0.000000] [machines/INFO] Creating the machines from platform file '/tmp/meh/torus-64.xml'...
[0.000000] [surf_parse/INFO] You're using a v4.0 XML file (/tmp/meh/torus-64.xml) while the current standard is v4.1 That's fine, the new version is backward compatible. 

Use simgrid_update_xml to update your file automatically to get rid of this warning. This program is installed automatically with SimGrid, or available in the tools/ directory of the source archive.
[0.000000] [xbt_cfg/INFO] Switching to the L07 model to handle parallel tasks.
[0.000000] [machines/INFO] Looking for master host 'node-63.simgrid.org'
[0.000000] [machines/INFO] The machines have been created successfully. There are 63 computing machines.
[0.000000] [batsim/INFO] Batsim's export prefix is '/tmp/meh-out'.
[0.000000] [batsim/INFO] The process 'workload_submitter_ff6bb1' has been created.
[0.000000] [batsim/INFO] The process 'server' has been created.
[node-63.simgrid.org:Scheduler REQ-REP:(3) 0.000000] [network/INFO] Sending '{"now":0.000000,"events":[{"timestamp":0.000000,"type":"SIMULATION_BEGINS","data":{"nb_resources":63,"nb_compute_resources":63,"nb_storage_resources":0,"allow_time_sharing_on_compute":false,"allow_time_sharing_on_storage":true,"config":{"redis-enabled":false,"redis-hostname":"127.0.0.1","redis-port":6379,"redis-prefix":"default","profiles-forwarded-on-submission":false,"dynamic-jobs-enabled":false,"dynamic-jobs-acknowledged":false},"compute_resources":[{"id":0,"name":"node-0.simgrid.org","state":"idle","properties":{"role":""}},{"id":1,"name":"node-1.simgrid.org","state":"idle","properties":{"role":""}},{"id":2,"name":"node-10.simgrid.org","state":"idle","properties":{"role":""}},{"id":3,"name":"node-11.simgrid.org","state":"idle","properties":{"role":""}},{"id":4,"name":"node-12.simgrid.org","state":"idle","properties":{"role":""}},{"id":5,"name":"node-13.simgrid.org","state":"idle","properties":{"role":""}},{"id":6,"name":"node-14.simgrid.org","state":"idle","properties":{"role":""}},{"id":7,"name":"node-15.simgrid.org","state":"idle","properties":{"role":""}},{"id":8,"name":"node-16.simgrid.org","state":"idle","properties":{"role":""}},{"id":9,"name":"node-17.simgrid.org","state":"idle","properties":{"role":""}},{"id":10,"name":"node-18.simgrid.org","state":"idle","properties":{"role":""}},{"id":11,"name":"node-19.simgrid.org","state":"idle","properties":{"role":""}},{"id":12,"name":"node-2.simgrid.org","state":"idle","properties":{"role":""}},{"id":13,"name":"node-20.simgrid.org","state":"idle","properties":{"role":""}},{"id":14,"name":"node-21.simgrid.org","state":"idle","properties":{"role":""}},{"id":15,"name":"node-22.simgrid.org","state":"idle","properties":{"role":""}},{"id":16,"name":"node-23.simgrid.org","state":"idle","properties":{"role":""}},{"id":17,"name":"node-24.simgrid.org","state":"idle","properties":{"role":""}},{"id":18,"name":"node-25.simgrid.org","state":"idle","properties":{"role":""}},{"id":19,"name":"node-26.simgrid.org","state":"idle","properties":{"role":""}},{"id":20,"name":"node-27.simgrid.org","state":"idle","properties":{"role":""}},{"id":21,"name":"node-28.simgrid.org","state":"idle","properties":{"role":""}},{"id":22,"name":"node-29.simgrid.org","state":"idle","properties":{"role":""}},{"id":23,"name":"node-3.simgrid.org","state":"idle","properties":{"role":""}},{"id":24,"name":"node-30.simgrid.org","state":"idle","properties":{"role":""}},{"id":25,"name":"node-31.simgrid.org","state":"idle","properties":{"role":""}},{"id":26,"name":"node-32.simgrid.org","state":"idle","properties":{"role":""}},{"id":27,"name":"node-33.simgrid.org","state":"idle","properties":{"role":""}},{"id":28,"name":"node-34.simgrid.org","state":"idle","properties":{"role":""}},{"id":29,"name":"node-35.simgrid.org","state":"idle","properties":{"role":""}},{"id":30,"name":"node-36.simgrid.org","state":"idle","properties":{"role":""}},{"id":31,"name":"node-37.simgrid.org","state":"idle","properties":{"role":""}},{"id":32,"name":"node-38.simgrid.org","state":"idle","properties":{"role":""}},{"id":33,"name":"node-39.simgrid.org","state":"idle","properties":{"role":""}},{"id":34,"name":"node-4.simgrid.org","state":"idle","properties":{"role":""}},{"id":35,"name":"node-40.simgrid.org","state":"idle","properties":{"role":""}},{"id":36,"name":"node-41.simgrid.org","state":"idle","properties":{"role":""}},{"id":37,"name":"node-42.simgrid.org","state":"idle","properties":{"role":""}},{"id":38,"name":"node-43.simgrid.org","state":"idle","properties":{"role":""}},{"id":39,"name":"node-44.simgrid.org","state":"idle","properties":{"role":""}},{"id":40,"name":"node-45.simgrid.org","state":"idle","properties":{"role":""}},{"id":41,"name":"node-46.simgrid.org","state":"idle","properties":{"role":""}},{"id":42,"name":"node-47.simgrid.org","state":"idle","properties":{"role":""}},{"id":43,"name":"node-48.simgrid.org","state":"idle","properties":{"role":""}},{"id":44,"name":"node-49.simgrid.org","state":"idle","properties":{"role":""}},{"id":45,"name":"node-5.simgrid.org","state":"idle","properties":{"role":""}},{"id":46,"name":"node-50.simgrid.org","state":"idle","properties":{"role":""}},{"id":47,"name":"node-51.simgrid.org","state":"idle","properties":{"role":""}},{"id":48,"name":"node-52.simgrid.org","state":"idle","properties":{"role":""}},{"id":49,"name":"node-53.simgrid.org","state":"idle","properties":{"role":""}},{"id":50,"name":"node-54.simgrid.org","state":"idle","properties":{"role":""}},{"id":51,"name":"node-55.simgrid.org","state":"idle","properties":{"role":""}},{"id":52,"name":"node-56.simgrid.org","state":"idle","properties":{"role":""}},{"id":53,"name":"node-57.simgrid.org","state":"idle","properties":{"role":""}},{"id":54,"name":"node-58.simgrid.org","state":"idle","properties":{"role":""}},{"id":55,"name":"node-59.simgrid.org","state":"idle","properties":{"role":""}},{"id":56,"name":"node-6.simgrid.org","state":"idle","properties":{"role":""}},{"id":57,"name":"node-60.simgrid.org","state":"idle","properties":{"role":""}},{"id":58,"name":"node-61.simgrid.org","state":"idle","properties":{"role":""}},{"id":59,"name":"node-62.simgrid.org","state":"idle","properties":{"role":""}},{"id":60,"name":"node-7.simgrid.org","state":"idle","properties":{"role":""}},{"id":61,"name":"node-8.simgrid.org","state":"idle","properties":{"role":""}},{"id":62,"name":"node-9.simgrid.org","state":"idle","properties":{"role":""}}],"storage_resources":[],"workloads":{"ff6bb1":"/tmp/meh/dynamic-mapping-npb.json"},"profiles":{"ff6bb1":{"LU.S.4":{"type":"smpi","trace":"./LU.S.4"}}}}}]}'
[node-63.simgrid.org:Scheduler REQ-REP:(3) 0.000000] [network/INFO] Received '{"now":0.0,"events":[]}'
[node-63.simgrid.org:server:(2) 10.000000] [server/INFO] Job ff6bb1!1 SUBMITTED. 1 jobs submitted so far
[node-63.simgrid.org:Scheduler REQ-REP:(4) 10.000000] [network/INFO] Sending '{"now":10.000000,"events":[{"timestamp":10.000000,"type":"JOB_SUBMITTED","data":{"job_id":"ff6bb1!1","job":{"id":"ff6bb1!1","subtime":10,"walltime":100,"res":4,"profile":"LU.S.4"}}}]}'
[node-63.simgrid.org:Scheduler REQ-REP:(4) 10.000000] [network/INFO] Received '{"now":10.0,"events":[{"timestamp":10.0,"type":"EXECUTE_JOB","data":{"job_id":"ff6bb1!1","alloc":"0-3"}}]}'
[node-0.simgrid.org:ff6bb1!1_0:(6) 10.000000] [jobs_execution/INFO] Replaying rank 0 of job ff6bb1!1 (SMPI)
[node-1.simgrid.org:ff6bb1!1_1:(7) 10.000000] [jobs_execution/INFO] Replaying rank 1 of job ff6bb1!1 (SMPI)
[node-10.simgrid.org:ff6bb1!1_2:(8) 10.000000] [jobs_execution/INFO] Replaying rank 2 of job ff6bb1!1 (SMPI)
[node-11.simgrid.org:ff6bb1!1_3:(9) 10.000000] [jobs_execution/INFO] Replaying rank 3 of job ff6bb1!1 (SMPI)
Segmentation fault.
Try to enable SMPI variable privatization with --cfg=smpi/privatization:yes.
/tmp/meh/robin-out/cmd/batsim.bash: line 1: 11398 Segmentation fault      (core dumped) batsim -p /tmp/meh/torus-64.xml -w /tmp/meh/dynamic-mapping-npb.json -e /tmp/meh-out -m node-63.simgrid.org
