The system is: Linux - 3.2.0-4-amd64 - x86_64
Compiling the C compiler identification source file "CMakeCCompilerId.c" succeeded.
Compiler: /usr/bin/gcc 
Build flags: 
Id flags: 

The output was:
0


Compilation of the C compiler identification source "CMakeCCompilerId.c" produced "a.out"

The C compiler identification is GNU, found in "/home/fabien/copyX/MpiEnv/simgrid/pajeng/CMakeFiles/CompilerIdC/a.out"

Compiling the CXX compiler identification source file "CMakeCXXCompilerId.cpp" succeeded.
Compiler: /usr/bin/c++ 
Build flags: 
Id flags: 

The output was:
0


Compilation of the CXX compiler identification source "CMakeCXXCompilerId.cpp" produced "a.out"

The CXX compiler identification is GNU, found in "/home/fabien/copyX/MpiEnv/simgrid/pajeng/CMakeFiles/CompilerIdCXX/a.out"

Determining if the C compiler works passed with the following output:
Change Dir: /home/fabien/copyX/MpiEnv/simgrid/pajeng/CMakeFiles/CMakeTmp

Run Build Command:/usr/bin/make "cmTryCompileExec372465957/fast"
make: Warning: File `Makefile' has modification time 0.33 s in the future
/usr/bin/make -f CMakeFiles/cmTryCompileExec372465957.dir/build.make CMakeFiles/cmTryCompileExec372465957.dir/build
make[1]: Entering directory `/home/fabien/copyX/MpiEnv/simgrid/pajeng/CMakeFiles/CMakeTmp'
make[1]: Warning: File `CMakeFiles/cmTryCompileExec372465957.dir/flags.make' has modification time 0.33 s in the future
/usr/bin/cmake -E cmake_progress_report /home/fabien/copyX/MpiEnv/simgrid/pajeng/CMakeFiles/CMakeTmp/CMakeFiles 1
Building C object CMakeFiles/cmTryCompileExec372465957.dir/testCCompiler.c.o
/usr/bin/gcc    -o CMakeFiles/cmTryCompileExec372465957.dir/testCCompiler.c.o   -c /home/fabien/copyX/MpiEnv/simgrid/pajeng/CMakeFiles/CMakeTmp/testCCompiler.c
Linking C executable cmTryCompileExec372465957
/usr/bin/cmake -E cmake_link_script CMakeFiles/cmTryCompileExec372465957.dir/link.txt --verbose=1
/usr/bin/gcc         CMakeFiles/cmTryCompileExec372465957.dir/testCCompiler.c.o  -o cmTryCompileExec372465957 -rdynamic 
make[1]: Leaving directory `/home/fabien/copyX/MpiEnv/simgrid/pajeng/CMakeFiles/CMakeTmp'
make[1]: warning:  Clock skew detected.  Your build may be incomplete.
make: warning:  Clock skew detected.  Your build may be incomplete.


Detecting C compiler ABI info compiled with the following output:
Change Dir: /home/fabien/copyX/MpiEnv/simgrid/pajeng/CMakeFiles/CMakeTmp

Run Build Command:/usr/bin/make "cmTryCompileExec268514128/fast"
make: Warning: File `Makefile' has modification time 0.32 s in the future
/usr/bin/make -f CMakeFiles/cmTryCompileExec268514128.dir/build.make CMakeFiles/cmTryCompileExec268514128.dir/build
make[1]: Entering directory `/home/fabien/copyX/MpiEnv/simgrid/pajeng/CMakeFiles/CMakeTmp'
make[1]: Warning: File `CMakeFiles/cmTryCompileExec268514128.dir/flags.make' has modification time 0.32 s in the future
/usr/bin/cmake -E cmake_progress_report /home/fabien/copyX/MpiEnv/simgrid/pajeng/CMakeFiles/CMakeTmp/CMakeFiles 1
Building C object CMakeFiles/cmTryCompileExec268514128.dir/CMakeCCompilerABI.c.o
/usr/bin/gcc    -o CMakeFiles/cmTryCompileExec268514128.dir/CMakeCCompilerABI.c.o   -c /usr/share/cmake-2.8/Modules/CMakeCCompilerABI.c
Linking C executable cmTryCompileExec268514128
/usr/bin/cmake -E cmake_link_script CMakeFiles/cmTryCompileExec268514128.dir/link.txt --verbose=1
/usr/bin/gcc       -v CMakeFiles/cmTryCompileExec268514128.dir/CMakeCCompilerABI.c.o  -o cmTryCompileExec268514128 -rdynamic  
Using built-in specs.
COLLECT_GCC=/usr/bin/gcc
COLLECT_LTO_WRAPPER=/usr/lib/gcc/x86_64-linux-gnu/4.7/lto-wrapper
Target: x86_64-linux-gnu
Configured with: ../src/configure -v --with-pkgversion='Debian 4.7.2-5' --with-bugurl=file:///usr/share/doc/gcc-4.7/README.Bugs --enable-languages=c,c++,go,fortran,objc,obj-c++ --prefix=/usr --program-suffix=-4.7 --enable-shared --enable-linker-build-id --with-system-zlib --libexecdir=/usr/lib --without-included-gettext --enable-threads=posix --with-gxx-include-dir=/usr/include/c++/4.7 --libdir=/usr/lib --enable-nls --with-sysroot=/ --enable-clocale=gnu --enable-libstdcxx-debug --enable-libstdcxx-time=yes --enable-gnu-unique-object --enable-plugin --enable-objc-gc --with-arch-32=i586 --with-tune=generic --enable-checking=release --build=x86_64-linux-gnu --host=x86_64-linux-gnu --target=x86_64-linux-gnu
Thread model: posix
gcc version 4.7.2 (Debian 4.7.2-5) 
COMPILER_PATH=/usr/lib/gcc/x86_64-linux-gnu/4.7/:/usr/lib/gcc/x86_64-linux-gnu/4.7/:/usr/lib/gcc/x86_64-linux-gnu/:/usr/lib/gcc/x86_64-linux-gnu/4.7/:/usr/lib/gcc/x86_64-linux-gnu/
LIBRARY_PATH=/usr/lib/gcc/x86_64-linux-gnu/4.7/:/usr/lib/gcc/x86_64-linux-gnu/4.7/../../../x86_64-linux-gnu/:/usr/lib/gcc/x86_64-linux-gnu/4.7/../../../../lib/:/lib/x86_64-linux-gnu/:/lib/../lib/:/usr/lib/x86_64-linux-gnu/:/usr/lib/../lib/:/usr/lib/gcc/x86_64-linux-gnu/4.7/../../../:/lib/:/usr/lib/
COLLECT_GCC_OPTIONS='-v' '-o' 'cmTryCompileExec268514128' '-rdynamic' '-mtune=generic' '-march=x86-64'
 /usr/lib/gcc/x86_64-linux-gnu/4.7/collect2 --sysroot=/ --build-id --no-add-needed --eh-frame-hdr -m elf_x86_64 --hash-style=both -export-dynamic -dynamic-linker /lib64/ld-linux-x86-64.so.2 -o cmTryCompileExec268514128 /usr/lib/gcc/x86_64-linux-gnu/4.7/../../../x86_64-linux-gnu/crt1.o /usr/lib/gcc/x86_64-linux-gnu/4.7/../../../x86_64-linux-gnu/crti.o /usr/lib/gcc/x86_64-linux-gnu/4.7/crtbegin.o -L/usr/lib/gcc/x86_64-linux-gnu/4.7 -L/usr/lib/gcc/x86_64-linux-gnu/4.7/../../../x86_64-linux-gnu -L/usr/lib/gcc/x86_64-linux-gnu/4.7/../../../../lib -L/lib/x86_64-linux-gnu -L/lib/../lib -L/usr/lib/x86_64-linux-gnu -L/usr/lib/../lib -L/usr/lib/gcc/x86_64-linux-gnu/4.7/../../.. CMakeFiles/cmTryCompileExec268514128.dir/CMakeCCompilerABI.c.o -lgcc --as-needed -lgcc_s --no-as-needed -lc -lgcc --as-needed -lgcc_s --no-as-needed /usr/lib/gcc/x86_64-linux-gnu/4.7/crtend.o /usr/lib/gcc/x86_64-linux-gnu/4.7/../../../x86_64-linux-gnu/crtn.o
make[1]: Leaving directory `/home/fabien/copyX/MpiEnv/simgrid/pajeng/CMakeFiles/CMakeTmp'
make[1]: warning:  Clock skew detected.  Your build may be incomplete.
make: warning:  Clock skew detected.  Your build may be incomplete.


Parsed C implicit link information from above output:
  link line regex: [^( *|.*[/\])(ld|ld|collect2)[^/\]*( |$)]
  ignore line: [Change Dir: /home/fabien/copyX/MpiEnv/simgrid/pajeng/CMakeFiles/CMakeTmp]
  ignore line: []
  ignore line: [Run Build Command:/usr/bin/make "cmTryCompileExec268514128/fast"]
  ignore line: [make: Warning: File `Makefile' has modification time 0.32 s in the future]
  ignore line: [/usr/bin/make -f CMakeFiles/cmTryCompileExec268514128.dir/build.make CMakeFiles/cmTryCompileExec268514128.dir/build]
  ignore line: [make[1]: Entering directory `/home/fabien/copyX/MpiEnv/simgrid/pajeng/CMakeFiles/CMakeTmp']
  ignore line: [make[1]: Warning: File `CMakeFiles/cmTryCompileExec268514128.dir/flags.make' has modification time 0.32 s in the future]
  ignore line: [/usr/bin/cmake -E cmake_progress_report /home/fabien/copyX/MpiEnv/simgrid/pajeng/CMakeFiles/CMakeTmp/CMakeFiles 1]
  ignore line: [Building C object CMakeFiles/cmTryCompileExec268514128.dir/CMakeCCompilerABI.c.o]
  ignore line: [/usr/bin/gcc    -o CMakeFiles/cmTryCompileExec268514128.dir/CMakeCCompilerABI.c.o   -c /usr/share/cmake-2.8/Modules/CMakeCCompilerABI.c]
  ignore line: [Linking C executable cmTryCompileExec268514128]
  ignore line: [/usr/bin/cmake -E cmake_link_script CMakeFiles/cmTryCompileExec268514128.dir/link.txt --verbose=1]
  ignore line: [/usr/bin/gcc       -v CMakeFiles/cmTryCompileExec268514128.dir/CMakeCCompilerABI.c.o  -o cmTryCompileExec268514128 -rdynamic  ]
  ignore line: [Using built-in specs.]
  ignore line: [COLLECT_GCC=/usr/bin/gcc]
  ignore line: [COLLECT_LTO_WRAPPER=/usr/lib/gcc/x86_64-linux-gnu/4.7/lto-wrapper]
  ignore line: [Target: x86_64-linux-gnu]
  ignore line: [Configured with: ../src/configure -v --with-pkgversion='Debian 4.7.2-5' --with-bugurl=file:///usr/share/doc/gcc-4.7/README.Bugs --enable-languages=c,c++,go,fortran,objc,obj-c++ --prefix=/usr --program-suffix=-4.7 --enable-shared --enable-linker-build-id --with-system-zlib --libexecdir=/usr/lib --without-included-gettext --enable-threads=posix --with-gxx-include-dir=/usr/include/c++/4.7 --libdir=/usr/lib --enable-nls --with-sysroot=/ --enable-clocale=gnu --enable-libstdcxx-debug --enable-libstdcxx-time=yes --enable-gnu-unique-object --enable-plugin --enable-objc-gc --with-arch-32=i586 --with-tune=generic --enable-checking=release --build=x86_64-linux-gnu --host=x86_64-linux-gnu --target=x86_64-linux-gnu]
  ignore line: [Thread model: posix]
  ignore line: [gcc version 4.7.2 (Debian 4.7.2-5) ]
  ignore line: [COMPILER_PATH=/usr/lib/gcc/x86_64-linux-gnu/4.7/:/usr/lib/gcc/x86_64-linux-gnu/4.7/:/usr/lib/gcc/x86_64-linux-gnu/:/usr/lib/gcc/x86_64-linux-gnu/4.7/:/usr/lib/gcc/x86_64-linux-gnu/]
  ignore line: [LIBRARY_PATH=/usr/lib/gcc/x86_64-linux-gnu/4.7/:/usr/lib/gcc/x86_64-linux-gnu/4.7/../../../x86_64-linux-gnu/:/usr/lib/gcc/x86_64-linux-gnu/4.7/../../../../lib/:/lib/x86_64-linux-gnu/:/lib/../lib/:/usr/lib/x86_64-linux-gnu/:/usr/lib/../lib/:/usr/lib/gcc/x86_64-linux-gnu/4.7/../../../:/lib/:/usr/lib/]
  ignore line: [COLLECT_GCC_OPTIONS='-v' '-o' 'cmTryCompileExec268514128' '-rdynamic' '-mtune=generic' '-march=x86-64']
  link line: [ /usr/lib/gcc/x86_64-linux-gnu/4.7/collect2 --sysroot=/ --build-id --no-add-needed --eh-frame-hdr -m elf_x86_64 --hash-style=both -export-dynamic -dynamic-linker /lib64/ld-linux-x86-64.so.2 -o cmTryCompileExec268514128 /usr/lib/gcc/x86_64-linux-gnu/4.7/../../../x86_64-linux-gnu/crt1.o /usr/lib/gcc/x86_64-linux-gnu/4.7/../../../x86_64-linux-gnu/crti.o /usr/lib/gcc/x86_64-linux-gnu/4.7/crtbegin.o -L/usr/lib/gcc/x86_64-linux-gnu/4.7 -L/usr/lib/gcc/x86_64-linux-gnu/4.7/../../../x86_64-linux-gnu -L/usr/lib/gcc/x86_64-linux-gnu/4.7/../../../../lib -L/lib/x86_64-linux-gnu -L/lib/../lib -L/usr/lib/x86_64-linux-gnu -L/usr/lib/../lib -L/usr/lib/gcc/x86_64-linux-gnu/4.7/../../.. CMakeFiles/cmTryCompileExec268514128.dir/CMakeCCompilerABI.c.o -lgcc --as-needed -lgcc_s --no-as-needed -lc -lgcc --as-needed -lgcc_s --no-as-needed /usr/lib/gcc/x86_64-linux-gnu/4.7/crtend.o /usr/lib/gcc/x86_64-linux-gnu/4.7/../../../x86_64-linux-gnu/crtn.o]
    arg [/usr/lib/gcc/x86_64-linux-gnu/4.7/collect2] ==> ignore
    arg [--sysroot=/] ==> ignore
    arg [--build-id] ==> ignore
    arg [--no-add-needed] ==> ignore
    arg [--eh-frame-hdr] ==> ignore
    arg [-m] ==> ignore
    arg [elf_x86_64] ==> ignore
    arg [--hash-style=both] ==> ignore
    arg [-export-dynamic] ==> ignore
    arg [-dynamic-linker] ==> ignore
    arg [/lib64/ld-linux-x86-64.so.2] ==> ignore
    arg [-o] ==> ignore
    arg [cmTryCompileExec268514128] ==> ignore
    arg [/usr/lib/gcc/x86_64-linux-gnu/4.7/../../../x86_64-linux-gnu/crt1.o] ==> ignore
    arg [/usr/lib/gcc/x86_64-linux-gnu/4.7/../../../x86_64-linux-gnu/crti.o] ==> ignore
    arg [/usr/lib/gcc/x86_64-linux-gnu/4.7/crtbegin.o] ==> ignore
    arg [-L/usr/lib/gcc/x86_64-linux-gnu/4.7] ==> dir [/usr/lib/gcc/x86_64-linux-gnu/4.7]
    arg [-L/usr/lib/gcc/x86_64-linux-gnu/4.7/../../../x86_64-linux-gnu] ==> dir [/usr/lib/gcc/x86_64-linux-gnu/4.7/../../../x86_64-linux-gnu]
    arg [-L/usr/lib/gcc/x86_64-linux-gnu/4.7/../../../../lib] ==> dir [/usr/lib/gcc/x86_64-linux-gnu/4.7/../../../../lib]
    arg [-L/lib/x86_64-linux-gnu] ==> dir [/lib/x86_64-linux-gnu]
    arg [-L/lib/../lib] ==> dir [/lib/../lib]
    arg [-L/usr/lib/x86_64-linux-gnu] ==> dir [/usr/lib/x86_64-linux-gnu]
    arg [-L/usr/lib/../lib] ==> dir [/usr/lib/../lib]
    arg [-L/usr/lib/gcc/x86_64-linux-gnu/4.7/../../..] ==> dir [/usr/lib/gcc/x86_64-linux-gnu/4.7/../../..]
    arg [CMakeFiles/cmTryCompileExec268514128.dir/CMakeCCompilerABI.c.o] ==> ignore
    arg [-lgcc] ==> lib [gcc]
    arg [--as-needed] ==> ignore
    arg [-lgcc_s] ==> lib [gcc_s]
    arg [--no-as-needed] ==> ignore
    arg [-lc] ==> lib [c]
    arg [-lgcc] ==> lib [gcc]
    arg [--as-needed] ==> ignore
    arg [-lgcc_s] ==> lib [gcc_s]
    arg [--no-as-needed] ==> ignore
    arg [/usr/lib/gcc/x86_64-linux-gnu/4.7/crtend.o] ==> ignore
    arg [/usr/lib/gcc/x86_64-linux-gnu/4.7/../../../x86_64-linux-gnu/crtn.o] ==> ignore
  remove lib [gcc]
  remove lib [gcc_s]
  remove lib [gcc]
  remove lib [gcc_s]
  collapse dir [/usr/lib/gcc/x86_64-linux-gnu/4.7] ==> [/usr/lib/gcc/x86_64-linux-gnu/4.7]
  collapse dir [/usr/lib/gcc/x86_64-linux-gnu/4.7/../../../x86_64-linux-gnu] ==> [/usr/lib/x86_64-linux-gnu]
  collapse dir [/usr/lib/gcc/x86_64-linux-gnu/4.7/../../../../lib] ==> [/usr/lib]
  collapse dir [/lib/x86_64-linux-gnu] ==> [/lib/x86_64-linux-gnu]
  collapse dir [/lib/../lib] ==> [/lib]
  collapse dir [/usr/lib/x86_64-linux-gnu] ==> [/usr/lib/x86_64-linux-gnu]
  collapse dir [/usr/lib/../lib] ==> [/usr/lib]
  collapse dir [/usr/lib/gcc/x86_64-linux-gnu/4.7/../../..] ==> [/usr/lib]
  implicit libs: [c]
  implicit dirs: [/usr/lib/gcc/x86_64-linux-gnu/4.7;/usr/lib/x86_64-linux-gnu;/usr/lib;/lib/x86_64-linux-gnu;/lib]


Determining if the CXX compiler works passed with the following output:
Change Dir: /home/fabien/copyX/MpiEnv/simgrid/pajeng/CMakeFiles/CMakeTmp

Run Build Command:/usr/bin/make "cmTryCompileExec4239223805/fast"
make: Warning: File `Makefile' has modification time 0.32 s in the future
/usr/bin/make -f CMakeFiles/cmTryCompileExec4239223805.dir/build.make CMakeFiles/cmTryCompileExec4239223805.dir/build
make[1]: Entering directory `/home/fabien/copyX/MpiEnv/simgrid/pajeng/CMakeFiles/CMakeTmp'
make[1]: Warning: File `CMakeFiles/cmTryCompileExec4239223805.dir/flags.make' has modification time 0.32 s in the future
/usr/bin/cmake -E cmake_progress_report /home/fabien/copyX/MpiEnv/simgrid/pajeng/CMakeFiles/CMakeTmp/CMakeFiles 1
Building CXX object CMakeFiles/cmTryCompileExec4239223805.dir/testCXXCompiler.cxx.o
/usr/bin/c++     -o CMakeFiles/cmTryCompileExec4239223805.dir/testCXXCompiler.cxx.o -c /home/fabien/copyX/MpiEnv/simgrid/pajeng/CMakeFiles/CMakeTmp/testCXXCompiler.cxx
Linking CXX executable cmTryCompileExec4239223805
/usr/bin/cmake -E cmake_link_script CMakeFiles/cmTryCompileExec4239223805.dir/link.txt --verbose=1
/usr/bin/c++          CMakeFiles/cmTryCompileExec4239223805.dir/testCXXCompiler.cxx.o  -o cmTryCompileExec4239223805 -rdynamic 
make[1]: Leaving directory `/home/fabien/copyX/MpiEnv/simgrid/pajeng/CMakeFiles/CMakeTmp'
make[1]: warning:  Clock skew detected.  Your build may be incomplete.
make: warning:  Clock skew detected.  Your build may be incomplete.


Detecting CXX compiler ABI info compiled with the following output:
Change Dir: /home/fabien/copyX/MpiEnv/simgrid/pajeng/CMakeFiles/CMakeTmp

Run Build Command:/usr/bin/make "cmTryCompileExec1248639112/fast"
make: Warning: File `Makefile' has modification time 0.34 s in the future
/usr/bin/make -f CMakeFiles/cmTryCompileExec1248639112.dir/build.make CMakeFiles/cmTryCompileExec1248639112.dir/build
make[1]: Entering directory `/home/fabien/copyX/MpiEnv/simgrid/pajeng/CMakeFiles/CMakeTmp'
make[1]: Warning: File `CMakeFiles/cmTryCompileExec1248639112.dir/flags.make' has modification time 0.33 s in the future
/usr/bin/cmake -E cmake_progress_report /home/fabien/copyX/MpiEnv/simgrid/pajeng/CMakeFiles/CMakeTmp/CMakeFiles 1
Building CXX object CMakeFiles/cmTryCompileExec1248639112.dir/CMakeCXXCompilerABI.cpp.o
/usr/bin/c++     -o CMakeFiles/cmTryCompileExec1248639112.dir/CMakeCXXCompilerABI.cpp.o -c /usr/share/cmake-2.8/Modules/CMakeCXXCompilerABI.cpp
Linking CXX executable cmTryCompileExec1248639112
/usr/bin/cmake -E cmake_link_script CMakeFiles/cmTryCompileExec1248639112.dir/link.txt --verbose=1
/usr/bin/c++        -v CMakeFiles/cmTryCompileExec1248639112.dir/CMakeCXXCompilerABI.cpp.o  -o cmTryCompileExec1248639112 -rdynamic  
Using built-in specs.
COLLECT_GCC=/usr/bin/c++
COLLECT_LTO_WRAPPER=/usr/lib/gcc/x86_64-linux-gnu/4.7/lto-wrapper
Target: x86_64-linux-gnu
Configured with: ../src/configure -v --with-pkgversion='Debian 4.7.2-5' --with-bugurl=file:///usr/share/doc/gcc-4.7/README.Bugs --enable-languages=c,c++,go,fortran,objc,obj-c++ --prefix=/usr --program-suffix=-4.7 --enable-shared --enable-linker-build-id --with-system-zlib --libexecdir=/usr/lib --without-included-gettext --enable-threads=posix --with-gxx-include-dir=/usr/include/c++/4.7 --libdir=/usr/lib --enable-nls --with-sysroot=/ --enable-clocale=gnu --enable-libstdcxx-debug --enable-libstdcxx-time=yes --enable-gnu-unique-object --enable-plugin --enable-objc-gc --with-arch-32=i586 --with-tune=generic --enable-checking=release --build=x86_64-linux-gnu --host=x86_64-linux-gnu --target=x86_64-linux-gnu
Thread model: posix
gcc version 4.7.2 (Debian 4.7.2-5) 
COMPILER_PATH=/usr/lib/gcc/x86_64-linux-gnu/4.7/:/usr/lib/gcc/x86_64-linux-gnu/4.7/:/usr/lib/gcc/x86_64-linux-gnu/:/usr/lib/gcc/x86_64-linux-gnu/4.7/:/usr/lib/gcc/x86_64-linux-gnu/
LIBRARY_PATH=/usr/lib/gcc/x86_64-linux-gnu/4.7/:/usr/lib/gcc/x86_64-linux-gnu/4.7/../../../x86_64-linux-gnu/:/usr/lib/gcc/x86_64-linux-gnu/4.7/../../../../lib/:/lib/x86_64-linux-gnu/:/lib/../lib/:/usr/lib/x86_64-linux-gnu/:/usr/lib/../lib/:/usr/lib/gcc/x86_64-linux-gnu/4.7/../../../:/lib/:/usr/lib/
COLLECT_GCC_OPTIONS='-v' '-o' 'cmTryCompileExec1248639112' '-rdynamic' '-shared-libgcc' '-mtune=generic' '-march=x86-64'
 /usr/lib/gcc/x86_64-linux-gnu/4.7/collect2 --sysroot=/ --build-id --no-add-needed --eh-frame-hdr -m elf_x86_64 --hash-style=both -export-dynamic -dynamic-linker /lib64/ld-linux-x86-64.so.2 -o cmTryCompileExec1248639112 /usr/lib/gcc/x86_64-linux-gnu/4.7/../../../x86_64-linux-gnu/crt1.o /usr/lib/gcc/x86_64-linux-gnu/4.7/../../../x86_64-linux-gnu/crti.o /usr/lib/gcc/x86_64-linux-gnu/4.7/crtbegin.o -L/usr/lib/gcc/x86_64-linux-gnu/4.7 -L/usr/lib/gcc/x86_64-linux-gnu/4.7/../../../x86_64-linux-gnu -L/usr/lib/gcc/x86_64-linux-gnu/4.7/../../../../lib -L/lib/x86_64-linux-gnu -L/lib/../lib -L/usr/lib/x86_64-linux-gnu -L/usr/lib/../lib -L/usr/lib/gcc/x86_64-linux-gnu/4.7/../../.. CMakeFiles/cmTryCompileExec1248639112.dir/CMakeCXXCompilerABI.cpp.o -lstdc++ -lm -lgcc_s -lgcc -lc -lgcc_s -lgcc /usr/lib/gcc/x86_64-linux-gnu/4.7/crtend.o /usr/lib/gcc/x86_64-linux-gnu/4.7/../../../x86_64-linux-gnu/crtn.o
make[1]: Leaving directory `/home/fabien/copyX/MpiEnv/simgrid/pajeng/CMakeFiles/CMakeTmp'
make[1]: warning:  Clock skew detected.  Your build may be incomplete.
make: warning:  Clock skew detected.  Your build may be incomplete.


Parsed CXX implicit link information from above output:
  link line regex: [^( *|.*[/\])(ld|ld|collect2)[^/\]*( |$)]
  ignore line: [Change Dir: /home/fabien/copyX/MpiEnv/simgrid/pajeng/CMakeFiles/CMakeTmp]
  ignore line: []
  ignore line: [Run Build Command:/usr/bin/make "cmTryCompileExec1248639112/fast"]
  ignore line: [make: Warning: File `Makefile' has modification time 0.34 s in the future]
  ignore line: [/usr/bin/make -f CMakeFiles/cmTryCompileExec1248639112.dir/build.make CMakeFiles/cmTryCompileExec1248639112.dir/build]
  ignore line: [make[1]: Entering directory `/home/fabien/copyX/MpiEnv/simgrid/pajeng/CMakeFiles/CMakeTmp']
  ignore line: [make[1]: Warning: File `CMakeFiles/cmTryCompileExec1248639112.dir/flags.make' has modification time 0.33 s in the future]
  ignore line: [/usr/bin/cmake -E cmake_progress_report /home/fabien/copyX/MpiEnv/simgrid/pajeng/CMakeFiles/CMakeTmp/CMakeFiles 1]
  ignore line: [Building CXX object CMakeFiles/cmTryCompileExec1248639112.dir/CMakeCXXCompilerABI.cpp.o]
  ignore line: [/usr/bin/c++     -o CMakeFiles/cmTryCompileExec1248639112.dir/CMakeCXXCompilerABI.cpp.o -c /usr/share/cmake-2.8/Modules/CMakeCXXCompilerABI.cpp]
  ignore line: [Linking CXX executable cmTryCompileExec1248639112]
  ignore line: [/usr/bin/cmake -E cmake_link_script CMakeFiles/cmTryCompileExec1248639112.dir/link.txt --verbose=1]
  ignore line: [/usr/bin/c++        -v CMakeFiles/cmTryCompileExec1248639112.dir/CMakeCXXCompilerABI.cpp.o  -o cmTryCompileExec1248639112 -rdynamic  ]
  ignore line: [Using built-in specs.]
  ignore line: [COLLECT_GCC=/usr/bin/c++]
  ignore line: [COLLECT_LTO_WRAPPER=/usr/lib/gcc/x86_64-linux-gnu/4.7/lto-wrapper]
  ignore line: [Target: x86_64-linux-gnu]
  ignore line: [Configured with: ../src/configure -v --with-pkgversion='Debian 4.7.2-5' --with-bugurl=file:///usr/share/doc/gcc-4.7/README.Bugs --enable-languages=c,c++,go,fortran,objc,obj-c++ --prefix=/usr --program-suffix=-4.7 --enable-shared --enable-linker-build-id --with-system-zlib --libexecdir=/usr/lib --without-included-gettext --enable-threads=posix --with-gxx-include-dir=/usr/include/c++/4.7 --libdir=/usr/lib --enable-nls --with-sysroot=/ --enable-clocale=gnu --enable-libstdcxx-debug --enable-libstdcxx-time=yes --enable-gnu-unique-object --enable-plugin --enable-objc-gc --with-arch-32=i586 --with-tune=generic --enable-checking=release --build=x86_64-linux-gnu --host=x86_64-linux-gnu --target=x86_64-linux-gnu]
  ignore line: [Thread model: posix]
  ignore line: [gcc version 4.7.2 (Debian 4.7.2-5) ]
  ignore line: [COMPILER_PATH=/usr/lib/gcc/x86_64-linux-gnu/4.7/:/usr/lib/gcc/x86_64-linux-gnu/4.7/:/usr/lib/gcc/x86_64-linux-gnu/:/usr/lib/gcc/x86_64-linux-gnu/4.7/:/usr/lib/gcc/x86_64-linux-gnu/]
  ignore line: [LIBRARY_PATH=/usr/lib/gcc/x86_64-linux-gnu/4.7/:/usr/lib/gcc/x86_64-linux-gnu/4.7/../../../x86_64-linux-gnu/:/usr/lib/gcc/x86_64-linux-gnu/4.7/../../../../lib/:/lib/x86_64-linux-gnu/:/lib/../lib/:/usr/lib/x86_64-linux-gnu/:/usr/lib/../lib/:/usr/lib/gcc/x86_64-linux-gnu/4.7/../../../:/lib/:/usr/lib/]
  ignore line: [COLLECT_GCC_OPTIONS='-v' '-o' 'cmTryCompileExec1248639112' '-rdynamic' '-shared-libgcc' '-mtune=generic' '-march=x86-64']
  link line: [ /usr/lib/gcc/x86_64-linux-gnu/4.7/collect2 --sysroot=/ --build-id --no-add-needed --eh-frame-hdr -m elf_x86_64 --hash-style=both -export-dynamic -dynamic-linker /lib64/ld-linux-x86-64.so.2 -o cmTryCompileExec1248639112 /usr/lib/gcc/x86_64-linux-gnu/4.7/../../../x86_64-linux-gnu/crt1.o /usr/lib/gcc/x86_64-linux-gnu/4.7/../../../x86_64-linux-gnu/crti.o /usr/lib/gcc/x86_64-linux-gnu/4.7/crtbegin.o -L/usr/lib/gcc/x86_64-linux-gnu/4.7 -L/usr/lib/gcc/x86_64-linux-gnu/4.7/../../../x86_64-linux-gnu -L/usr/lib/gcc/x86_64-linux-gnu/4.7/../../../../lib -L/lib/x86_64-linux-gnu -L/lib/../lib -L/usr/lib/x86_64-linux-gnu -L/usr/lib/../lib -L/usr/lib/gcc/x86_64-linux-gnu/4.7/../../.. CMakeFiles/cmTryCompileExec1248639112.dir/CMakeCXXCompilerABI.cpp.o -lstdc++ -lm -lgcc_s -lgcc -lc -lgcc_s -lgcc /usr/lib/gcc/x86_64-linux-gnu/4.7/crtend.o /usr/lib/gcc/x86_64-linux-gnu/4.7/../../../x86_64-linux-gnu/crtn.o]
    arg [/usr/lib/gcc/x86_64-linux-gnu/4.7/collect2] ==> ignore
    arg [--sysroot=/] ==> ignore
    arg [--build-id] ==> ignore
    arg [--no-add-needed] ==> ignore
    arg [--eh-frame-hdr] ==> ignore
    arg [-m] ==> ignore
    arg [elf_x86_64] ==> ignore
    arg [--hash-style=both] ==> ignore
    arg [-export-dynamic] ==> ignore
    arg [-dynamic-linker] ==> ignore
    arg [/lib64/ld-linux-x86-64.so.2] ==> ignore
    arg [-o] ==> ignore
    arg [cmTryCompileExec1248639112] ==> ignore
    arg [/usr/lib/gcc/x86_64-linux-gnu/4.7/../../../x86_64-linux-gnu/crt1.o] ==> ignore
    arg [/usr/lib/gcc/x86_64-linux-gnu/4.7/../../../x86_64-linux-gnu/crti.o] ==> ignore
    arg [/usr/lib/gcc/x86_64-linux-gnu/4.7/crtbegin.o] ==> ignore
    arg [-L/usr/lib/gcc/x86_64-linux-gnu/4.7] ==> dir [/usr/lib/gcc/x86_64-linux-gnu/4.7]
    arg [-L/usr/lib/gcc/x86_64-linux-gnu/4.7/../../../x86_64-linux-gnu] ==> dir [/usr/lib/gcc/x86_64-linux-gnu/4.7/../../../x86_64-linux-gnu]
    arg [-L/usr/lib/gcc/x86_64-linux-gnu/4.7/../../../../lib] ==> dir [/usr/lib/gcc/x86_64-linux-gnu/4.7/../../../../lib]
    arg [-L/lib/x86_64-linux-gnu] ==> dir [/lib/x86_64-linux-gnu]
    arg [-L/lib/../lib] ==> dir [/lib/../lib]
    arg [-L/usr/lib/x86_64-linux-gnu] ==> dir [/usr/lib/x86_64-linux-gnu]
    arg [-L/usr/lib/../lib] ==> dir [/usr/lib/../lib]
    arg [-L/usr/lib/gcc/x86_64-linux-gnu/4.7/../../..] ==> dir [/usr/lib/gcc/x86_64-linux-gnu/4.7/../../..]
    arg [CMakeFiles/cmTryCompileExec1248639112.dir/CMakeCXXCompilerABI.cpp.o] ==> ignore
    arg [-lstdc++] ==> lib [stdc++]
    arg [-lm] ==> lib [m]
    arg [-lgcc_s] ==> lib [gcc_s]
    arg [-lgcc] ==> lib [gcc]
    arg [-lc] ==> lib [c]
    arg [-lgcc_s] ==> lib [gcc_s]
    arg [-lgcc] ==> lib [gcc]
    arg [/usr/lib/gcc/x86_64-linux-gnu/4.7/crtend.o] ==> ignore
    arg [/usr/lib/gcc/x86_64-linux-gnu/4.7/../../../x86_64-linux-gnu/crtn.o] ==> ignore
  remove lib [gcc_s]
  remove lib [gcc]
  remove lib [gcc_s]
  remove lib [gcc]
  collapse dir [/usr/lib/gcc/x86_64-linux-gnu/4.7] ==> [/usr/lib/gcc/x86_64-linux-gnu/4.7]
  collapse dir [/usr/lib/gcc/x86_64-linux-gnu/4.7/../../../x86_64-linux-gnu] ==> [/usr/lib/x86_64-linux-gnu]
  collapse dir [/usr/lib/gcc/x86_64-linux-gnu/4.7/../../../../lib] ==> [/usr/lib]
  collapse dir [/lib/x86_64-linux-gnu] ==> [/lib/x86_64-linux-gnu]
  collapse dir [/lib/../lib] ==> [/lib]
  collapse dir [/usr/lib/x86_64-linux-gnu] ==> [/usr/lib/x86_64-linux-gnu]
  collapse dir [/usr/lib/../lib] ==> [/usr/lib]
  collapse dir [/usr/lib/gcc/x86_64-linux-gnu/4.7/../../..] ==> [/usr/lib]
  implicit libs: [stdc++;m;c]
  implicit dirs: [/usr/lib/gcc/x86_64-linux-gnu/4.7;/usr/lib/x86_64-linux-gnu;/usr/lib;/lib/x86_64-linux-gnu;/lib]


Determining if the Q_WS_X11 exist passed with the following output:
Change Dir: /home/fabien/copyX/MpiEnv/simgrid/pajeng/CMakeFiles/CMakeTmp

Run Build Command:/usr/bin/make "cmTryCompileExec1416107894/fast"
make: Warning: File `Makefile' has modification time 0.34 s in the future
/usr/bin/make -f CMakeFiles/cmTryCompileExec1416107894.dir/build.make CMakeFiles/cmTryCompileExec1416107894.dir/build
make[1]: Entering directory `/home/fabien/copyX/MpiEnv/simgrid/pajeng/CMakeFiles/CMakeTmp'
make[1]: Warning: File `CMakeFiles/cmTryCompileExec1416107894.dir/flags.make' has modification time 0.33 s in the future
/usr/bin/cmake -E cmake_progress_report /home/fabien/copyX/MpiEnv/simgrid/pajeng/CMakeFiles/CMakeTmp/CMakeFiles 1
Building CXX object CMakeFiles/cmTryCompileExec1416107894.dir/CheckSymbolExists.cxx.o
/usr/bin/c++    -I/usr/include/qt4    -o CMakeFiles/cmTryCompileExec1416107894.dir/CheckSymbolExists.cxx.o -c /home/fabien/copyX/MpiEnv/simgrid/pajeng/CMakeFiles/CMakeTmp/CheckSymbolExists.cxx
Linking CXX executable cmTryCompileExec1416107894
/usr/bin/cmake -E cmake_link_script CMakeFiles/cmTryCompileExec1416107894.dir/link.txt --verbose=1
/usr/bin/c++          CMakeFiles/cmTryCompileExec1416107894.dir/CheckSymbolExists.cxx.o  -o cmTryCompileExec1416107894 -rdynamic 
make[1]: Leaving directory `/home/fabien/copyX/MpiEnv/simgrid/pajeng/CMakeFiles/CMakeTmp'
make[1]: warning:  Clock skew detected.  Your build may be incomplete.
make: warning:  Clock skew detected.  Your build may be incomplete.

File /home/fabien/copyX/MpiEnv/simgrid/pajeng/CMakeFiles/CMakeTmp/CheckSymbolExists.cxx:
/* */
#include <QtCore/qglobal.h>

int main(int argc, char** argv)
{
  (void)argv;
#ifndef Q_WS_X11
  return ((int*)(&Q_WS_X11))[argc];
#else
  (void)argc;
  return 0;
#endif
}

Determining if the function XOpenDisplay exists in the /usr/lib/x86_64-linux-gnu/libX11.so;/usr/lib/x86_64-linux-gnu/libXext.so passed with the following output:
Change Dir: /home/fabien/copyX/MpiEnv/simgrid/pajeng/CMakeFiles/CMakeTmp

Run Build Command:/usr/bin/make "cmTryCompileExec3224556294/fast"
make: Warning: File `Makefile' has modification time 0.34 s in the future
/usr/bin/make -f CMakeFiles/cmTryCompileExec3224556294.dir/build.make CMakeFiles/cmTryCompileExec3224556294.dir/build
make[1]: Entering directory `/home/fabien/copyX/MpiEnv/simgrid/pajeng/CMakeFiles/CMakeTmp'
make[1]: Warning: File `CMakeFiles/cmTryCompileExec3224556294.dir/flags.make' has modification time 0.33 s in the future
/usr/bin/cmake -E cmake_progress_report /home/fabien/copyX/MpiEnv/simgrid/pajeng/CMakeFiles/CMakeTmp/CMakeFiles 1
Building C object CMakeFiles/cmTryCompileExec3224556294.dir/CheckFunctionExists.c.o
/usr/bin/gcc   -DCHECK_FUNCTION_EXISTS=XOpenDisplay   -o CMakeFiles/cmTryCompileExec3224556294.dir/CheckFunctionExists.c.o   -c /usr/share/cmake-2.8/Modules/CheckFunctionExists.c
Linking C executable cmTryCompileExec3224556294
/usr/bin/cmake -E cmake_link_script CMakeFiles/cmTryCompileExec3224556294.dir/link.txt --verbose=1
/usr/bin/gcc     -DCHECK_FUNCTION_EXISTS=XOpenDisplay    CMakeFiles/cmTryCompileExec3224556294.dir/CheckFunctionExists.c.o  -o cmTryCompileExec3224556294 -rdynamic -lX11 -lXext 
make[1]: Leaving directory `/home/fabien/copyX/MpiEnv/simgrid/pajeng/CMakeFiles/CMakeTmp'
make[1]: warning:  Clock skew detected.  Your build may be incomplete.
make: warning:  Clock skew detected.  Your build may be incomplete.


Determining if the function gethostbyname exists passed with the following output:
Change Dir: /home/fabien/copyX/MpiEnv/simgrid/pajeng/CMakeFiles/CMakeTmp

Run Build Command:/usr/bin/make "cmTryCompileExec534697272/fast"
make: Warning: File `Makefile' has modification time 0.33 s in the future
/usr/bin/make -f CMakeFiles/cmTryCompileExec534697272.dir/build.make CMakeFiles/cmTryCompileExec534697272.dir/build
make[1]: Entering directory `/home/fabien/copyX/MpiEnv/simgrid/pajeng/CMakeFiles/CMakeTmp'
make[1]: Warning: File `CMakeFiles/cmTryCompileExec534697272.dir/flags.make' has modification time 0.32 s in the future
/usr/bin/cmake -E cmake_progress_report /home/fabien/copyX/MpiEnv/simgrid/pajeng/CMakeFiles/CMakeTmp/CMakeFiles 1
Building C object CMakeFiles/cmTryCompileExec534697272.dir/CheckFunctionExists.c.o
/usr/bin/gcc   -DCHECK_FUNCTION_EXISTS=gethostbyname   -o CMakeFiles/cmTryCompileExec534697272.dir/CheckFunctionExists.c.o   -c /usr/share/cmake-2.8/Modules/CheckFunctionExists.c
Linking C executable cmTryCompileExec534697272
/usr/bin/cmake -E cmake_link_script CMakeFiles/cmTryCompileExec534697272.dir/link.txt --verbose=1
/usr/bin/gcc     -DCHECK_FUNCTION_EXISTS=gethostbyname    CMakeFiles/cmTryCompileExec534697272.dir/CheckFunctionExists.c.o  -o cmTryCompileExec534697272 -rdynamic 
make[1]: Leaving directory `/home/fabien/copyX/MpiEnv/simgrid/pajeng/CMakeFiles/CMakeTmp'
make[1]: warning:  Clock skew detected.  Your build may be incomplete.
make: warning:  Clock skew detected.  Your build may be incomplete.


Determining if the function connect exists passed with the following output:
Change Dir: /home/fabien/copyX/MpiEnv/simgrid/pajeng/CMakeFiles/CMakeTmp

Run Build Command:/usr/bin/make "cmTryCompileExec978431177/fast"
make: Warning: File `Makefile' has modification time 0.34 s in the future
/usr/bin/make -f CMakeFiles/cmTryCompileExec978431177.dir/build.make CMakeFiles/cmTryCompileExec978431177.dir/build
make[1]: Entering directory `/home/fabien/copyX/MpiEnv/simgrid/pajeng/CMakeFiles/CMakeTmp'
make[1]: Warning: File `CMakeFiles/cmTryCompileExec978431177.dir/flags.make' has modification time 0.33 s in the future
/usr/bin/cmake -E cmake_progress_report /home/fabien/copyX/MpiEnv/simgrid/pajeng/CMakeFiles/CMakeTmp/CMakeFiles 1
Building C object CMakeFiles/cmTryCompileExec978431177.dir/CheckFunctionExists.c.o
/usr/bin/gcc   -DCHECK_FUNCTION_EXISTS=connect   -o CMakeFiles/cmTryCompileExec978431177.dir/CheckFunctionExists.c.o   -c /usr/share/cmake-2.8/Modules/CheckFunctionExists.c
Linking C executable cmTryCompileExec978431177
/usr/bin/cmake -E cmake_link_script CMakeFiles/cmTryCompileExec978431177.dir/link.txt --verbose=1
/usr/bin/gcc     -DCHECK_FUNCTION_EXISTS=connect    CMakeFiles/cmTryCompileExec978431177.dir/CheckFunctionExists.c.o  -o cmTryCompileExec978431177 -rdynamic 
make[1]: warning:  Clock skew detected.  Your build may be incomplete.
make[1]: Leaving directory `/home/fabien/copyX/MpiEnv/simgrid/pajeng/CMakeFiles/CMakeTmp'
make: warning:  Clock skew detected.  Your build may be incomplete.


Determining if the function remove exists passed with the following output:
Change Dir: /home/fabien/copyX/MpiEnv/simgrid/pajeng/CMakeFiles/CMakeTmp

Run Build Command:/usr/bin/make "cmTryCompileExec3947345809/fast"
make: Warning: File `Makefile' has modification time 0.34 s in the future
/usr/bin/make -f CMakeFiles/cmTryCompileExec3947345809.dir/build.make CMakeFiles/cmTryCompileExec3947345809.dir/build
make[1]: Entering directory `/home/fabien/copyX/MpiEnv/simgrid/pajeng/CMakeFiles/CMakeTmp'
make[1]: Warning: File `CMakeFiles/cmTryCompileExec3947345809.dir/flags.make' has modification time 0.33 s in the future
/usr/bin/cmake -E cmake_progress_report /home/fabien/copyX/MpiEnv/simgrid/pajeng/CMakeFiles/CMakeTmp/CMakeFiles 1
Building C object CMakeFiles/cmTryCompileExec3947345809.dir/CheckFunctionExists.c.o
/usr/bin/gcc   -DCHECK_FUNCTION_EXISTS=remove   -o CMakeFiles/cmTryCompileExec3947345809.dir/CheckFunctionExists.c.o   -c /usr/share/cmake-2.8/Modules/CheckFunctionExists.c
Linking C executable cmTryCompileExec3947345809
/usr/bin/cmake -E cmake_link_script CMakeFiles/cmTryCompileExec3947345809.dir/link.txt --verbose=1
/usr/bin/gcc     -DCHECK_FUNCTION_EXISTS=remove    CMakeFiles/cmTryCompileExec3947345809.dir/CheckFunctionExists.c.o  -o cmTryCompileExec3947345809 -rdynamic 
make[1]: Leaving directory `/home/fabien/copyX/MpiEnv/simgrid/pajeng/CMakeFiles/CMakeTmp'
make[1]: warning:  Clock skew detected.  Your build may be incomplete.
make: warning:  Clock skew detected.  Your build may be incomplete.


Determining if the function shmat exists passed with the following output:
Change Dir: /home/fabien/copyX/MpiEnv/simgrid/pajeng/CMakeFiles/CMakeTmp

Run Build Command:/usr/bin/make "cmTryCompileExec2368979307/fast"
make: Warning: File `Makefile' has modification time 0.32 s in the future
/usr/bin/make -f CMakeFiles/cmTryCompileExec2368979307.dir/build.make CMakeFiles/cmTryCompileExec2368979307.dir/build
make[1]: Entering directory `/home/fabien/copyX/MpiEnv/simgrid/pajeng/CMakeFiles/CMakeTmp'
make[1]: Warning: File `CMakeFiles/cmTryCompileExec2368979307.dir/flags.make' has modification time 0.32 s in the future
/usr/bin/cmake -E cmake_progress_report /home/fabien/copyX/MpiEnv/simgrid/pajeng/CMakeFiles/CMakeTmp/CMakeFiles 1
Building C object CMakeFiles/cmTryCompileExec2368979307.dir/CheckFunctionExists.c.o
/usr/bin/gcc   -DCHECK_FUNCTION_EXISTS=shmat   -o CMakeFiles/cmTryCompileExec2368979307.dir/CheckFunctionExists.c.o   -c /usr/share/cmake-2.8/Modules/CheckFunctionExists.c
Linking C executable cmTryCompileExec2368979307
/usr/bin/cmake -E cmake_link_script CMakeFiles/cmTryCompileExec2368979307.dir/link.txt --verbose=1
/usr/bin/gcc     -DCHECK_FUNCTION_EXISTS=shmat    CMakeFiles/cmTryCompileExec2368979307.dir/CheckFunctionExists.c.o  -o cmTryCompileExec2368979307 -rdynamic 
make[1]: Leaving directory `/home/fabien/copyX/MpiEnv/simgrid/pajeng/CMakeFiles/CMakeTmp'
make[1]: warning:  Clock skew detected.  Your build may be incomplete.
make: warning:  Clock skew detected.  Your build may be incomplete.


Determining if the function IceConnectionNumber exists in the ICE passed with the following output:
Change Dir: /home/fabien/copyX/MpiEnv/simgrid/pajeng/CMakeFiles/CMakeTmp

Run Build Command:/usr/bin/make "cmTryCompileExec2147096821/fast"
make: Warning: File `Makefile' has modification time 0.34 s in the future
/usr/bin/make -f CMakeFiles/cmTryCompileExec2147096821.dir/build.make CMakeFiles/cmTryCompileExec2147096821.dir/build
make[1]: Entering directory `/home/fabien/copyX/MpiEnv/simgrid/pajeng/CMakeFiles/CMakeTmp'
make[1]: Warning: File `CMakeFiles/cmTryCompileExec2147096821.dir/flags.make' has modification time 0.33 s in the future
/usr/bin/cmake -E cmake_progress_report /home/fabien/copyX/MpiEnv/simgrid/pajeng/CMakeFiles/CMakeTmp/CMakeFiles 1
Building C object CMakeFiles/cmTryCompileExec2147096821.dir/CheckFunctionExists.c.o
/usr/bin/gcc   -DCHECK_FUNCTION_EXISTS=IceConnectionNumber   -o CMakeFiles/cmTryCompileExec2147096821.dir/CheckFunctionExists.c.o   -c /usr/share/cmake-2.8/Modules/CheckFunctionExists.c
Linking C executable cmTryCompileExec2147096821
/usr/bin/cmake -E cmake_link_script CMakeFiles/cmTryCompileExec2147096821.dir/link.txt --verbose=1
/usr/bin/gcc     -DCHECK_FUNCTION_EXISTS=IceConnectionNumber    CMakeFiles/cmTryCompileExec2147096821.dir/CheckFunctionExists.c.o  -o cmTryCompileExec2147096821 -rdynamic -lICE 
make[1]: Leaving directory `/home/fabien/copyX/MpiEnv/simgrid/pajeng/CMakeFiles/CMakeTmp'
make[1]: warning:  Clock skew detected.  Your build may be incomplete.
make: warning:  Clock skew detected.  Your build may be incomplete.


