variant_options = '{"custom_mapping": true}'
Received '{"now":0.000000,"events":[{"timestamp":0.000000,"type":"SIMULATION_BEGINS","data":{"nb_resources":64,"allow_time_sharing":false,"config":{"redis":{"enabled":false,"hostname":"127.0.0.1","port":6379,"prefix":"default"},"job_submission":{"forward_profiles":false,"from_scheduler":{"enabled":false,"acknowledge":true}}},"resources_data":[{"id":0,"name":"node-0.simgrid.org","state":"idle","properties":{}},{"id":1,"name":"node-1.simgrid.org","state":"idle","properties":{}},{"id":2,"name":"node-2.simgrid.org","state":"idle","properties":{}},{"id":3,"name":"node-3.simgrid.org","state":"idle","properties":{}},{"id":4,"name":"node-4.simgrid.org","state":"idle","properties":{}},{"id":5,"name":"node-5.simgrid.org","state":"idle","properties":{}},{"id":6,"name":"node-6.simgrid.org","state":"idle","properties":{}},{"id":7,"name":"node-7.simgrid.org","state":"idle","properties":{}},{"id":8,"name":"node-8.simgrid.org","state":"idle","properties":{}},{"id":9,"name":"node-9.simgrid.org","state":"idle","properties":{}},{"id":10,"name":"node-10.simgrid.org","state":"idle","properties":{}},{"id":11,"name":"node-11.simgrid.org","state":"idle","properties":{}},{"id":12,"name":"node-12.simgrid.org","state":"idle","properties":{}},{"id":13,"name":"node-13.simgrid.org","state":"idle","properties":{}},{"id":14,"name":"node-14.simgrid.org","state":"idle","properties":{}},{"id":15,"name":"node-15.simgrid.org","state":"idle","properties":{}},{"id":16,"name":"node-16.simgrid.org","state":"idle","properties":{}},{"id":17,"name":"node-17.simgrid.org","state":"idle","properties":{}},{"id":18,"name":"node-18.simgrid.org","state":"idle","properties":{}},{"id":19,"name":"node-19.simgrid.org","state":"idle","properties":{}},{"id":20,"name":"node-20.simgrid.org","state":"idle","properties":{}},{"id":21,"name":"node-21.simgrid.org","state":"idle","properties":{}},{"id":22,"name":"node-22.simgrid.org","state":"idle","properties":{}},{"id":23,"name":"node-23.simgrid.org","state":"idle","properties":{}},{"id":24,"name":"node-24.simgrid.org","state":"idle","properties":{}},{"id":25,"name":"node-25.simgrid.org","state":"idle","properties":{}},{"id":26,"name":"node-26.simgrid.org","state":"idle","properties":{}},{"id":27,"name":"node-27.simgrid.org","state":"idle","properties":{}},{"id":28,"name":"node-28.simgrid.org","state":"idle","properties":{}},{"id":29,"name":"node-29.simgrid.org","state":"idle","properties":{}},{"id":30,"name":"node-30.simgrid.org","state":"idle","properties":{}},{"id":31,"name":"node-31.simgrid.org","state":"idle","properties":{}},{"id":32,"name":"node-32.simgrid.org","state":"idle","properties":{}},{"id":33,"name":"node-33.simgrid.org","state":"idle","properties":{}},{"id":34,"name":"node-34.simgrid.org","state":"idle","properties":{}},{"id":35,"name":"node-35.simgrid.org","state":"idle","properties":{}},{"id":36,"name":"node-36.simgrid.org","state":"idle","properties":{}},{"id":37,"name":"node-37.simgrid.org","state":"idle","properties":{}},{"id":38,"name":"node-38.simgrid.org","state":"idle","properties":{}},{"id":39,"name":"node-39.simgrid.org","state":"idle","properties":{}},{"id":40,"name":"node-40.simgrid.org","state":"idle","properties":{}},{"id":41,"name":"node-41.simgrid.org","state":"idle","properties":{}},{"id":42,"name":"node-42.simgrid.org","state":"idle","properties":{}},{"id":43,"name":"node-43.simgrid.org","state":"idle","properties":{}},{"id":44,"name":"node-44.simgrid.org","state":"idle","properties":{}},{"id":45,"name":"node-45.simgrid.org","state":"idle","properties":{}},{"id":46,"name":"node-46.simgrid.org","state":"idle","properties":{}},{"id":47,"name":"node-47.simgrid.org","state":"idle","properties":{}},{"id":48,"name":"node-48.simgrid.org","state":"idle","properties":{}},{"id":49,"name":"node-49.simgrid.org","state":"idle","properties":{}},{"id":50,"name":"node-50.simgrid.org","state":"idle","properties":{}},{"id":51,"name":"node-51.simgrid.org","state":"idle","properties":{}},{"id":52,"name":"node-52.simgrid.org","state":"idle","properties":{}},{"id":53,"name":"node-53.simgrid.org","state":"idle","properties":{}},{"id":54,"name":"node-54.simgrid.org","state":"idle","properties":{}},{"id":55,"name":"node-55.simgrid.org","state":"idle","properties":{}},{"id":56,"name":"node-56.simgrid.org","state":"idle","properties":{}},{"id":57,"name":"node-57.simgrid.org","state":"idle","properties":{}},{"id":58,"name":"node-58.simgrid.org","state":"idle","properties":{}},{"id":59,"name":"node-59.simgrid.org","state":"idle","properties":{}},{"id":60,"name":"node-60.simgrid.org","state":"idle","properties":{}},{"id":61,"name":"node-61.simgrid.org","state":"idle","properties":{}},{"id":62,"name":"node-62.simgrid.org","state":"idle","properties":{}},{"id":63,"name":"node-63.simgrid.org","state":"idle","properties":{}}],"workloads":{"ff6079":"/github-simgrid/190311/../batsim-v2.0.0/workload_profiles/npb_140_jobs.json"}}}]}'
Sending '{"now":0.0,"events":[]}'
Received '{"now":0.404532,"events":[{"timestamp":0.404532,"type":"JOB_SUBMITTED","data":{"job_id":"ff6079!1","job":{"id":"ff6079!1","profile":"SP.S.16","res":16,"subtime":0.396726,"walltime":4200}}}]}'
Sending '{"now":0.404532,"events":[{"timestamp":0.404532,"type":"EXECUTE_JOB","data":{"job_id":"ff6079!1","alloc":"0-15"}}]}'
Received '{"now":0.427950,"events":[{"timestamp":0.420144,"type":"JOB_SUBMITTED","data":{"job_id":"ff6079!2","job":{"id":"ff6079!2","profile":"MG.S.16","res":16,"subtime":0.404786,"walltime":4200}}}]}'
Sending '{"now":0.42795,"events":[{"timestamp":0.420144,"type":"EXECUTE_JOB","data":{"job_id":"ff6079!2","alloc":"16-31"}}]}'
Received '{"now":0.456674,"events":[{"timestamp":0.456674,"type":"JOB_SUBMITTED","data":{"job_id":"ff6079!3","job":{"id":"ff6079!3","profile":"FT.S.4","res":4,"subtime":0.448868,"walltime":4200}}}]}'
Sending '{"now":0.456674,"events":[{"timestamp":0.456674,"type":"EXECUTE_JOB","data":{"job_id":"ff6079!3","alloc":"32-35"}}]}'
Received '{"now":0.562777,"events":[{"timestamp":0.562777,"type":"JOB_SUBMITTED","data":{"job_id":"ff6079!4","job":{"id":"ff6079!4","profile":"SP.S.4","res":4,"subtime":0.554971,"walltime":4200}}}]}'
Sending '{"now":0.562777,"events":[{"timestamp":0.562777,"type":"EXECUTE_JOB","data":{"job_id":"ff6079!4","alloc":"36-39"}}]}'
Received '{"now":0.635787,"events":[{"timestamp":0.635787,"type":"JOB_COMPLETED","data":{"job_id":"ff6079!3","job_state":"COMPLETED_SUCCESSFULLY","return_code":0,"kill_reason":"","alloc":"32-35"}}]}'
Sending '{"now":0.635787,"events":[]}'
Received '{"now":0.701422,"events":[{"timestamp":0.701422,"type":"JOB_SUBMITTED","data":{"job_id":"ff6079!5","job":{"id":"ff6079!5","profile":"IS.S.4","res":4,"subtime":0.693616,"walltime":4200}}}]}'
Sending '{"now":0.701422,"events":[{"timestamp":0.701422,"type":"EXECUTE_JOB","data":{"job_id":"ff6079!5","alloc":"32-35"}}]}'
Received '{"now":0.826723,"events":[{"timestamp":0.826723,"type":"JOB_COMPLETED","data":{"job_id":"ff6079!5","job_state":"COMPLETED_SUCCESSFULLY","return_code":0,"kill_reason":"","alloc":"32-35"}}]}'
Sending '{"now":0.826723,"events":[]}'
Received '{"now":0.920377,"events":[{"timestamp":0.920377,"type":"JOB_SUBMITTED","data":{"job_id":"ff6079!6","job":{"id":"ff6079!6","profile":"IS.S.16","res":16,"subtime":0.912571,"walltime":4200}}}]}'
Sending '{"now":0.920377,"events":[{"timestamp":0.920377,"type":"EXECUTE_JOB","data":{"job_id":"ff6079!6","alloc":"32-35 40-51"}}]}'
Received '{"now":1.053697,"events":[{"timestamp":1.053697,"type":"JOB_SUBMITTED","data":{"job_id":"ff6079!7","job":{"id":"ff6079!7","profile":"IS.S.16","res":16,"subtime":1.045891,"walltime":4200}}}]}'
Sending '{"now":1.053697,"events":[]}'
Received '{"now":1.158894,"events":[{"timestamp":1.158894,"type":"JOB_COMPLETED","data":{"job_id":"ff6079!6","job_state":"COMPLETED_SUCCESSFULLY","return_code":0,"kill_reason":"","alloc":"32-35 40-51"}}]}'
Sending '{"now":1.158894,"events":[{"timestamp":1.158894,"type":"EXECUTE_JOB","data":{"job_id":"ff6079!7","alloc":"32-35 40-51"}}]}'
Received '{"now":1.187287,"events":[{"timestamp":1.187287,"type":"JOB_SUBMITTED","data":{"job_id":"ff6079!8","job":{"id":"ff6079!8","profile":"BT.S.16","res":16,"subtime":1.179485,"walltime":4200}}}]}'
Sending '{"now":1.187287,"events":[]}'
Received '{"now":1.241722,"events":[{"timestamp":1.241722,"type":"JOB_SUBMITTED","data":{"job_id":"ff6079!9","job":{"id":"ff6079!9","profile":"SP.S.16","res":16,"subtime":1.233924,"walltime":4200}}}]}'
Sending '{"now":1.241722,"events":[]}'
Received '{"now":1.257333,"events":[{"timestamp":1.257333,"type":"JOB_SUBMITTED","data":{"job_id":"ff6079!10","job":{"id":"ff6079!10","profile":"IS.S.16","res":16,"subtime":1.242169,"walltime":4200}}}]}'
Sending '{"now":1.257333,"events":[]}'
Received '{"now":1.342343,"events":[{"timestamp":1.342343,"type":"JOB_SUBMITTED","data":{"job_id":"ff6079!11","job":{"id":"ff6079!11","profile":"CG.S.16","res":16,"subtime":1.334537,"walltime":4200}}}]}'
Sending '{"now":1.342343,"events":[]}'
Received '{"now":1.397409,"events":[{"timestamp":1.397409,"type":"JOB_COMPLETED","data":{"job_id":"ff6079!7","job_state":"COMPLETED_SUCCESSFULLY","return_code":0,"kill_reason":"","alloc":"32-35 40-51"}}]}'
Sending '{"now":1.397409,"events":[{"timestamp":1.397409,"type":"EXECUTE_JOB","data":{"job_id":"ff6079!8","alloc":"32-35 40-51"}}]}'
Received '{"now":1.486852,"events":[{"timestamp":1.486852,"type":"JOB_COMPLETED","data":{"job_id":"ff6079!2","job_state":"COMPLETED_SUCCESSFULLY","return_code":0,"kill_reason":"","alloc":"16-31"}}]}'
Sending '{"now":1.486852,"events":[{"timestamp":1.486852,"type":"EXECUTE_JOB","data":{"job_id":"ff6079!9","alloc":"16-31"}}]}'
Received '{"now":1.694840,"events":[{"timestamp":1.694840,"type":"JOB_SUBMITTED","data":{"job_id":"ff6079!12","job":{"id":"ff6079!12","profile":"BT.S.16","res":16,"subtime":1.687039,"walltime":4200}}}]}'
Sending '{"now":1.69484,"events":[]}'
Received '{"now":1.838149,"events":[{"timestamp":1.838149,"type":"JOB_COMPLETED","data":{"job_id":"ff6079!4","job_state":"COMPLETED_SUCCESSFULLY","return_code":0,"kill_reason":"","alloc":"36-39"}}]}'
Sending '{"now":1.838149,"events":[{"timestamp":1.838149,"type":"EXECUTE_JOB","data":{"job_id":"ff6079!10","alloc":"36-39 52-63"}}]}'
Received '{"now":2.044439,"events":[{"timestamp":2.044439,"type":"JOB_SUBMITTED","data":{"job_id":"ff6079!13","job":{"id":"ff6079!13","profile":"LU.S.16","res":16,"subtime":2.036633,"walltime":4200}}}]}'
Sending '{"now":2.044439,"events":[]}'
Received '{"now":2.121660,"events":[{"timestamp":2.121660,"type":"JOB_COMPLETED","data":{"job_id":"ff6079!10","job_state":"COMPLETED_SUCCESSFULLY","return_code":0,"kill_reason":"","alloc":"36-39 52-63"}}]}'
Sending '{"now":2.12166,"events":[{"timestamp":2.12166,"type":"EXECUTE_JOB","data":{"job_id":"ff6079!11","alloc":"36-39 52-63"}}]}'
Received '{"now":2.145069,"events":[{"timestamp":2.137272,"type":"JOB_SUBMITTED","data":{"job_id":"ff6079!14","job":{"id":"ff6079!14","profile":"IS.S.4","res":4,"subtime":2.125332,"walltime":4200}}}]}'
Sending '{"now":2.145069,"events":[]}'
Received '{"now":2.161417,"events":[{"timestamp":2.161417,"type":"JOB_SUBMITTED","data":{"job_id":"ff6079!15","job":{"id":"ff6079!15","profile":"IS.S.16","res":16,"subtime":2.153619,"walltime":4200}}}]}'
Sending '{"now":2.161417,"events":[]}'
Received '{"now":2.194985,"events":[{"timestamp":2.194985,"type":"JOB_SUBMITTED","data":{"job_id":"ff6079!16","job":{"id":"ff6079!16","profile":"FT.S.4","res":4,"subtime":2.187179,"walltime":4200}}}]}'
Sending '{"now":2.194985,"events":[]}'
Received '{"now":2.471823,"events":[{"timestamp":2.471823,"type":"JOB_SUBMITTED","data":{"job_id":"ff6079!17","job":{"id":"ff6079!17","profile":"CG.S.4","res":4,"subtime":2.464017,"walltime":4200}}}]}'
Sending '{"now":2.471823,"events":[]}'
Received '{"now":2.487435,"events":[{"timestamp":2.479629,"type":"JOB_SUBMITTED","data":{"job_id":"ff6079!18","job":{"id":"ff6079!18","profile":"CG.S.4","res":4,"subtime":2.470583,"walltime":4200}}}]}'
Sending '{"now":2.487435,"events":[]}'
Received '{"now":2.537564,"events":[{"timestamp":2.537564,"type":"JOB_SUBMITTED","data":{"job_id":"ff6079!19","job":{"id":"ff6079!19","profile":"CG.S.4","res":4,"subtime":2.529758,"walltime":4200}}}]}'
Sending '{"now":2.537564,"events":[]}'
Received '{"now":2.620803,"events":[{"timestamp":2.620803,"type":"JOB_SUBMITTED","data":{"job_id":"ff6079!20","job":{"id":"ff6079!20","profile":"MG.S.4","res":4,"subtime":2.612998,"walltime":4200}}}]}'
Sending '{"now":2.620803,"events":[]}'
Received '{"now":2.889226,"events":[{"timestamp":2.889226,"type":"JOB_SUBMITTED","data":{"job_id":"ff6079!21","job":{"id":"ff6079!21","profile":"BT.S.16","res":16,"subtime":2.881420,"walltime":4200}}}]}'
Sending '{"now":2.889226,"events":[]}'
Received '{"now":3.719997,"events":[{"timestamp":3.719997,"type":"JOB_SUBMITTED","data":{"job_id":"ff6079!22","job":{"id":"ff6079!22","profile":"SP.S.16","res":16,"subtime":3.712202,"walltime":4200}}}]}'
Sending '{"now":3.719997,"events":[]}'
Received '{"now":3.735609,"events":[{"timestamp":3.735609,"type":"JOB_SUBMITTED","data":{"job_id":"ff6079!23","job":{"id":"ff6079!23","profile":"FT.S.16","res":16,"subtime":3.724341,"walltime":4200}}}]}'
Sending '{"now":3.735609,"events":[]}'
Received '{"now":3.808327,"events":[{"timestamp":3.808327,"type":"JOB_SUBMITTED","data":{"job_id":"ff6079!24","job":{"id":"ff6079!24","profile":"BT.S.4","res":4,"subtime":3.800530,"walltime":4200}}}]}'
Sending '{"now":3.808327,"events":[]}'
Received '{"now":4.062355,"events":[{"timestamp":4.062355,"type":"JOB_SUBMITTED","data":{"job_id":"ff6079!25","job":{"id":"ff6079!25","profile":"BT.S.16","res":16,"subtime":4.054552,"walltime":4200}}}]}'
Sending '{"now":4.062355,"events":[]}'
Received '{"now":4.077967,"events":[{"timestamp":4.077967,"type":"JOB_SUBMITTED","data":{"job_id":"ff6079!26","job":{"id":"ff6079!26","profile":"LU.S.16","res":16,"subtime":4.067856,"walltime":4200}}}]}'
Sending '{"now":4.077967,"events":[]}'
Received '{"now":4.094730,"events":[{"timestamp":4.094730,"type":"JOB_SUBMITTED","data":{"job_id":"ff6079!27","job":{"id":"ff6079!27","profile":"CG.S.4","res":4,"subtime":4.086924,"walltime":4200}}}]}'
Sending '{"now":4.09473,"events":[]}'
Received '{"now":4.202836,"events":[{"timestamp":4.202836,"type":"JOB_SUBMITTED","data":{"job_id":"ff6079!28","job":{"id":"ff6079!28","profile":"IS.S.4","res":4,"subtime":4.195046,"walltime":4200}}}]}'
Sending '{"now":4.202836,"events":[]}'
Received '{"now":4.312805,"events":[{"timestamp":4.312805,"type":"JOB_SUBMITTED","data":{"job_id":"ff6079!29","job":{"id":"ff6079!29","profile":"IS.S.4","res":4,"subtime":4.304999,"walltime":4200}}}]}'
Sending '{"now":4.312805,"events":[]}'
Received '{"now":4.625324,"events":[{"timestamp":4.625324,"type":"JOB_COMPLETED","data":{"job_id":"ff6079!8","job_state":"COMPLETED_SUCCESSFULLY","return_code":0,"kill_reason":"","alloc":"32-35 40-51"}}]}'
Sending '{"now":4.625324,"events":[{"timestamp":4.625324,"type":"EXECUTE_JOB","data":{"job_id":"ff6079!12","alloc":"32-35 40-51"}}]}'
Received '{"now":4.648737,"events":[{"timestamp":4.633130,"type":"JOB_SUBMITTED","data":{"job_id":"ff6079!30","job":{"id":"ff6079!30","profile":"FT.S.16","res":16,"subtime":4.612659,"walltime":4200}}}]}'
Sending '{"now":4.648737,"events":[]}'
Received '{"now":5.332055,"events":[{"timestamp":5.332055,"type":"JOB_SUBMITTED","data":{"job_id":"ff6079!31","job":{"id":"ff6079!31","profile":"BT.S.16","res":16,"subtime":5.324249,"walltime":4200}}}]}'
Sending '{"now":5.332055,"events":[]}'
Received '{"now":5.405778,"events":[{"timestamp":5.405778,"type":"JOB_SUBMITTED","data":{"job_id":"ff6079!32","job":{"id":"ff6079!32","profile":"CG.S.4","res":4,"subtime":5.397975,"walltime":4200}}}]}'
Sending '{"now":5.405778,"events":[]}'
Received '{"now":5.559020,"events":[{"timestamp":5.559020,"type":"JOB_SUBMITTED","data":{"job_id":"ff6079!33","job":{"id":"ff6079!33","profile":"LU.S.16","res":16,"subtime":5.551216,"walltime":4200}}}]}'
Sending '{"now":5.55902,"events":[]}'
Received '{"now":5.603959,"events":[{"timestamp":5.603959,"type":"JOB_SUBMITTED","data":{"job_id":"ff6079!34","job":{"id":"ff6079!34","profile":"IS.S.16","res":16,"subtime":5.596153,"walltime":4200}}}]}'
Sending '{"now":5.603959,"events":[]}'
Received '{"now":5.639598,"events":[{"timestamp":5.639598,"type":"JOB_SUBMITTED","data":{"job_id":"ff6079!35","job":{"id":"ff6079!35","profile":"SP.S.4","res":4,"subtime":5.631799,"walltime":4200}}}]}'
Sending '{"now":5.639598,"events":[]}'
Received '{"now":5.707082,"events":[{"timestamp":5.707082,"type":"JOB_SUBMITTED","data":{"job_id":"ff6079!36","job":{"id":"ff6079!36","profile":"CG.S.4","res":4,"subtime":5.699276,"walltime":4200}}}]}'
Sending '{"now":5.707082,"events":[]}'
Received '{"now":5.812136,"events":[{"timestamp":5.812136,"type":"JOB_SUBMITTED","data":{"job_id":"ff6079!37","job":{"id":"ff6079!37","profile":"SP.S.4","res":4,"subtime":5.804340,"walltime":4200}}}]}'
Sending '{"now":5.812136,"events":[]}'
Received '{"now":5.890650,"events":[{"timestamp":5.890650,"type":"JOB_SUBMITTED","data":{"job_id":"ff6079!38","job":{"id":"ff6079!38","profile":"IS.S.16","res":16,"subtime":5.882850,"walltime":4200}}}]}'
Sending '{"now":5.89065,"events":[]}'
Received '{"now":6.097346,"events":[{"timestamp":6.097346,"type":"JOB_SUBMITTED","data":{"job_id":"ff6079!39","job":{"id":"ff6079!39","profile":"CG.S.16","res":16,"subtime":6.089540,"walltime":4200}}}]}'
Sending '{"now":6.097346,"events":[]}'
Received '{"now":6.190123,"events":[{"timestamp":6.190123,"type":"JOB_COMPLETED","data":{"job_id":"ff6079!1","job_state":"COMPLETED_SUCCESSFULLY","return_code":0,"kill_reason":"","alloc":"0-15"}}]}'
Sending '{"now":6.190123,"events":[{"timestamp":6.190123,"type":"EXECUTE_JOB","data":{"job_id":"ff6079!13","alloc":"0-15"}}]}'
Received '{"now":6.251599,"events":[{"timestamp":6.251599,"type":"JOB_COMPLETED","data":{"job_id":"ff6079!11","job_state":"COMPLETED_SUCCESSFULLY","return_code":0,"kill_reason":"","alloc":"36-39 52-63"}}]}'
Sending '{"now":6.251599,"events":[{"timestamp":6.251599,"type":"EXECUTE_JOB","data":{"job_id":"ff6079!14","alloc":"36-39"}},{"timestamp":6.251599,"type":"EXECUTE_JOB","data":{"job_id":"ff6079!16","alloc":"52-55"}},{"timestamp":6.251599,"type":"EXECUTE_JOB","data":{"job_id":"ff6079!17","alloc":"56-59"}},{"timestamp":6.251599,"type":"EXECUTE_JOB","data":{"job_id":"ff6079!18","alloc":"60-63"}}]}'
Received '{"now":6.376873,"events":[{"timestamp":6.376873,"type":"JOB_COMPLETED","data":{"job_id":"ff6079!14","job_state":"COMPLETED_SUCCESSFULLY","return_code":0,"kill_reason":"","alloc":"36-39"}}]}'
Sending '{"now":6.376873,"events":[{"timestamp":6.376873,"type":"EXECUTE_JOB","data":{"job_id":"ff6079!19","alloc":"36-39"}}]}'
Received '{"now":6.411481,"events":[{"timestamp":6.411481,"type":"JOB_SUBMITTED","data":{"job_id":"ff6079!40","job":{"id":"ff6079!40","profile":"BT.S.16","res":16,"subtime":6.403675,"walltime":4200}}}]}'
Sending '{"now":6.411481,"events":[]}'
Received '{"now":6.439227,"events":[{"timestamp":6.439227,"type":"JOB_COMPLETED","data":{"job_id":"ff6079!16","job_state":"COMPLETED_SUCCESSFULLY","return_code":0,"kill_reason":"","alloc":"52-55"}}]}'
Sending '{"now":6.439227,"events":[{"timestamp":6.439227,"type":"EXECUTE_JOB","data":{"job_id":"ff6079!20","alloc":"52-55"}}]}'
Received '{"now":6.502256,"events":[{"timestamp":6.502256,"type":"JOB_SUBMITTED","data":{"job_id":"ff6079!41","job":{"id":"ff6079!41","profile":"LU.S.16","res":16,"subtime":6.494450,"walltime":4200}}}]}'
Sending '{"now":6.502256,"events":[]}'
Received '{"now":6.612188,"events":[{"timestamp":6.612188,"type":"JOB_SUBMITTED","data":{"job_id":"ff6079!42","job":{"id":"ff6079!42","profile":"CG.S.16","res":16,"subtime":6.604387,"walltime":4200}}}]}'
Sending '{"now":6.612188,"events":[]}'
Received '{"now":6.802256,"events":[{"timestamp":6.802256,"type":"JOB_SUBMITTED","data":{"job_id":"ff6079!43","job":{"id":"ff6079!43","profile":"MG.S.4","res":4,"subtime":6.794450,"walltime":4200}}}]}'
Sending '{"now":6.802256,"events":[]}'
Received '{"now":6.877410,"events":[{"timestamp":6.877410,"type":"JOB_SUBMITTED","data":{"job_id":"ff6079!44","job":{"id":"ff6079!44","profile":"LU.S.16","res":16,"subtime":6.869604,"walltime":4200}}}]}'
Sending '{"now":6.87741,"events":[]}'
Received '{"now":6.953226,"events":[{"timestamp":6.953226,"type":"JOB_SUBMITTED","data":{"job_id":"ff6079!45","job":{"id":"ff6079!45","profile":"FT.S.16","res":16,"subtime":6.945422,"walltime":4200}}}]}'
Sending '{"now":6.953226,"events":[]}'
Received '{"now":6.998561,"events":[{"timestamp":6.998561,"type":"JOB_COMPLETED","data":{"job_id":"ff6079!20","job_state":"COMPLETED_SUCCESSFULLY","return_code":0,"kill_reason":"","alloc":"52-55"}}]}'
Sending '{"now":6.998561,"events":[{"timestamp":6.998561,"type":"EXECUTE_JOB","data":{"job_id":"ff6079!24","alloc":"52-55"}}]}'
Received '{"now":7.113572,"events":[{"timestamp":7.113572,"type":"JOB_SUBMITTED","data":{"job_id":"ff6079!46","job":{"id":"ff6079!46","profile":"LU.S.4","res":4,"subtime":7.105770,"walltime":4200}}}]}'
Sending '{"now":7.113572,"events":[]}'
Received '{"now":7.147550,"events":[{"timestamp":7.147550,"type":"JOB_SUBMITTED","data":{"job_id":"ff6079!47","job":{"id":"ff6079!47","profile":"FT.S.4","res":4,"subtime":7.139748,"walltime":4200}}}]}'
Sending '{"now":7.14755,"events":[]}'
Received '{"now":7.229102,"events":[{"timestamp":7.229102,"type":"JOB_SUBMITTED","data":{"job_id":"ff6079!48","job":{"id":"ff6079!48","profile":"CG.S.16","res":16,"subtime":7.221304,"walltime":4200}}}]}'
Sending '{"now":7.229102,"events":[]}'
Received '{"now":7.271707,"events":[{"timestamp":7.271707,"type":"JOB_COMPLETED","data":{"job_id":"ff6079!9","job_state":"COMPLETED_SUCCESSFULLY","return_code":0,"kill_reason":"","alloc":"16-31"}}]}'
Sending '{"now":7.271707,"events":[{"timestamp":7.271707,"type":"EXECUTE_JOB","data":{"job_id":"ff6079!15","alloc":"16-31"}}]}'
Received '{"now":7.320316,"events":[{"timestamp":7.320316,"type":"JOB_SUBMITTED","data":{"job_id":"ff6079!49","job":{"id":"ff6079!49","profile":"MG.S.4","res":4,"subtime":7.312510,"walltime":4200}}}]}'
Sending '{"now":7.320316,"events":[]}'
Received '{"now":7.388149,"events":[{"timestamp":7.388149,"type":"JOB_COMPLETED","data":{"job_id":"ff6079!17","job_state":"COMPLETED_SUCCESSFULLY","return_code":0,"kill_reason":"","alloc":"56-59"}}]}'
Sending '{"now":7.388149,"events":[{"timestamp":7.388149,"type":"EXECUTE_JOB","data":{"job_id":"ff6079!27","alloc":"56-59"}}]}'
Received '{"now":7.417421,"events":[{"timestamp":7.401809,"type":"JOB_COMPLETED","data":{"job_id":"ff6079!18","job_state":"COMPLETED_SUCCESSFULLY","return_code":0,"kill_reason":"","alloc":"60-63"}}]}'
Sending '{"now":7.417421,"events":[{"timestamp":7.417421,"type":"EXECUTE_JOB","data":{"job_id":"ff6079!28","alloc":"60-63"}}]}'
Received '{"now":7.440839,"events":[{"timestamp":7.433033,"type":"JOB_SUBMITTED","data":{"job_id":"ff6079!50","job":{"id":"ff6079!50","profile":"MG.S.16","res":16,"subtime":7.424212,"walltime":4200}}}]}'
Sending '{"now":7.440839,"events":[]}'
Received '{"now":7.462306,"events":[{"timestamp":7.462306,"type":"JOB_COMPLETED","data":{"job_id":"ff6079!15","job_state":"COMPLETED_SUCCESSFULLY","return_code":0,"kill_reason":"","alloc":"16-31"}}]}'
Sending '{"now":7.462306,"events":[{"timestamp":7.462306,"type":"EXECUTE_JOB","data":{"job_id":"ff6079!21","alloc":"16-31"}}]}'
Received '{"now":7.497859,"events":[{"timestamp":7.497859,"type":"JOB_COMPLETED","data":{"job_id":"ff6079!19","job_state":"COMPLETED_SUCCESSFULLY","return_code":0,"kill_reason":"","alloc":"36-39"}}]}'
Sending '{"now":7.497859,"events":[]}'
Received '{"now":7.542717,"events":[{"timestamp":7.542717,"type":"JOB_COMPLETED","data":{"job_id":"ff6079!28","job_state":"COMPLETED_SUCCESSFULLY","return_code":0,"kill_reason":"","alloc":"60-63"}}]}'
Sending '{"now":7.542717,"events":[{"timestamp":7.542717,"type":"EXECUTE_JOB","data":{"job_id":"ff6079!29","alloc":"60-63"}}]}'
Received '{"now":7.566136,"events":[{"timestamp":7.558337,"type":"JOB_SUBMITTED","data":{"job_id":"ff6079!51","job":{"id":"ff6079!51","profile":"BT.S.4","res":4,"subtime":7.545983,"walltime":4200}}}]}'
Sending '{"now":7.566136,"events":[]}'
Received '{"now":7.667974,"events":[{"timestamp":7.667974,"type":"JOB_COMPLETED","data":{"job_id":"ff6079!29","job_state":"COMPLETED_SUCCESSFULLY","return_code":0,"kill_reason":"","alloc":"60-63"}}]}'
Sending '{"now":7.667974,"events":[{"timestamp":7.667974,"type":"EXECUTE_JOB","data":{"job_id":"ff6079!32","alloc":"60-63"}}]}'
Received '{"now":7.697246,"events":[{"timestamp":7.681634,"type":"JOB_COMPLETED","data":{"job_id":"ff6079!24","job_state":"COMPLETED_SUCCESSFULLY","return_code":0,"kill_reason":"","alloc":"52-55"}}]}'
Sending '{"now":7.697246,"events":[{"timestamp":7.697246,"type":"EXECUTE_JOB","data":{"job_id":"ff6079!35","alloc":"52-55"}}]}'
Received '{"now":7.862831,"events":[{"timestamp":7.862831,"type":"JOB_COMPLETED","data":{"job_id":"ff6079!12","job_state":"COMPLETED_SUCCESSFULLY","return_code":0,"kill_reason":"","alloc":"32-35 40-51"}}]}'
Sending '{"now":7.862831,"events":[{"timestamp":7.862831,"type":"EXECUTE_JOB","data":{"job_id":"ff6079!22","alloc":"32-47"}},{"timestamp":7.862831,"type":"EXECUTE_JOB","data":{"job_id":"ff6079!36","alloc":"48-51"}}]}'
Received '{"now":8.073873,"events":[{"timestamp":8.073873,"type":"JOB_SUBMITTED","data":{"job_id":"ff6079!52","job":{"id":"ff6079!52","profile":"IS.S.4","res":4,"subtime":8.066079,"walltime":4200}}}]}'
Sending '{"now":8.073873,"events":[]}'
Received '{"now":8.202092,"events":[{"timestamp":8.202092,"type":"JOB_SUBMITTED","data":{"job_id":"ff6079!53","job":{"id":"ff6079!53","profile":"IS.S.16","res":16,"subtime":8.194286,"walltime":4200}}}]}'
Sending '{"now":8.202092,"events":[]}'
Received '{"now":8.336118,"events":[{"timestamp":8.336118,"type":"JOB_SUBMITTED","data":{"job_id":"ff6079!54","job":{"id":"ff6079!54","profile":"BT.S.16","res":16,"subtime":8.328320,"walltime":4200}}}]}'
Sending '{"now":8.336118,"events":[]}'
Received '{"now":8.515524,"events":[{"timestamp":8.515524,"type":"JOB_SUBMITTED","data":{"job_id":"ff6079!55","job":{"id":"ff6079!55","profile":"SP.S.16","res":16,"subtime":8.507719,"walltime":4200}}}]}'
Sending '{"now":8.515524,"events":[]}'
Received '{"now":8.536981,"events":[{"timestamp":8.529175,"type":"JOB_COMPLETED","data":{"job_id":"ff6079!27","job_state":"COMPLETED_SUCCESSFULLY","return_code":0,"kill_reason":"","alloc":"56-59"}}]}'
Sending '{"now":8.536981,"events":[{"timestamp":8.536981,"type":"EXECUTE_JOB","data":{"job_id":"ff6079!37","alloc":"56-59"}}]}'
Received '{"now":8.560395,"events":[{"timestamp":8.544787,"type":"JOB_SUBMITTED","data":{"job_id":"ff6079!56","job":{"id":"ff6079!56","profile":"IS.S.16","res":16,"subtime":8.523514,"walltime":4200}}}]}'
Sending '{"now":8.560395,"events":[]}'
Received '{"now":8.676385,"events":[{"timestamp":8.676385,"type":"JOB_SUBMITTED","data":{"job_id":"ff6079!57","job":{"id":"ff6079!57","profile":"IS.S.4","res":4,"subtime":8.668581,"walltime":4200}}}]}'
Sending '{"now":8.676385,"events":[]}'
Received '{"now":8.802532,"events":[{"timestamp":8.802532,"type":"JOB_COMPLETED","data":{"job_id":"ff6079!32","job_state":"COMPLETED_SUCCESSFULLY","return_code":0,"kill_reason":"","alloc":"60-63"}}]}'
Sending '{"now":8.802532,"events":[{"timestamp":8.802532,"type":"EXECUTE_JOB","data":{"job_id":"ff6079!43","alloc":"60-63"}}]}'
Received '{"now":8.887011,"events":[{"timestamp":8.887011,"type":"JOB_SUBMITTED","data":{"job_id":"ff6079!58","job":{"id":"ff6079!58","profile":"LU.S.4","res":4,"subtime":8.879208,"walltime":4200}}}]}'
Sending '{"now":8.887011,"events":[]}'
Received '{"now":8.931122,"events":[{"timestamp":8.931122,"type":"JOB_SUBMITTED","data":{"job_id":"ff6079!59","job":{"id":"ff6079!59","profile":"LU.S.4","res":4,"subtime":8.923316,"walltime":4200}}}]}'
Sending '{"now":8.931122,"events":[]}'
Received '{"now":8.960825,"events":[{"timestamp":8.960825,"type":"JOB_COMPLETED","data":{"job_id":"ff6079!35","job_state":"COMPLETED_SUCCESSFULLY","return_code":0,"kill_reason":"","alloc":"52-55"}}]}'
Sending '{"now":8.960825,"events":[{"timestamp":8.960825,"type":"EXECUTE_JOB","data":{"job_id":"ff6079!46","alloc":"52-55"}}]}'
Received '{"now":8.991352,"events":[{"timestamp":8.991352,"type":"JOB_COMPLETED","data":{"job_id":"ff6079!36","job_state":"COMPLETED_SUCCESSFULLY","return_code":0,"kill_reason":"","alloc":"48-51"}}]}'
Sending '{"now":8.991352,"events":[{"timestamp":8.991352,"type":"EXECUTE_JOB","data":{"job_id":"ff6079!47","alloc":"48-51"}}]}'
Received '{"now":9.031699,"events":[{"timestamp":9.031699,"type":"JOB_SUBMITTED","data":{"job_id":"ff6079!60","job":{"id":"ff6079!60","profile":"SP.S.4","res":4,"subtime":9.023895,"walltime":4200}}}]}'
Sending '{"now":9.031699,"events":[]}'
Received '{"now":9.170444,"events":[{"timestamp":9.170444,"type":"JOB_COMPLETED","data":{"job_id":"ff6079!47","job_state":"COMPLETED_SUCCESSFULLY","return_code":0,"kill_reason":"","alloc":"48-51"}}]}'
Sending '{"now":9.170444,"events":[{"timestamp":9.170444,"type":"EXECUTE_JOB","data":{"job_id":"ff6079!49","alloc":"48-51"}}]}'
Received '{"now":9.193871,"events":[{"timestamp":9.186065,"type":"JOB_SUBMITTED","data":{"job_id":"ff6079!61","job":{"id":"ff6079!61","profile":"LU.S.4","res":4,"subtime":9.175989,"walltime":4200}}}]}'
Sending '{"now":9.193871,"events":[]}'
Received '{"now":9.332480,"events":[{"timestamp":9.332480,"type":"JOB_SUBMITTED","data":{"job_id":"ff6079!62","job":{"id":"ff6079!62","profile":"FT.S.16","res":16,"subtime":9.324674,"walltime":4200}}}]}'
Sending '{"now":9.33248,"events":[]}'
Received '{"now":9.361722,"events":[{"timestamp":9.361722,"type":"JOB_COMPLETED","data":{"job_id":"ff6079!43","job_state":"COMPLETED_SUCCESSFULLY","return_code":0,"kill_reason":"","alloc":"60-63"}}]}'
Sending '{"now":9.361722,"events":[{"timestamp":9.361722,"type":"EXECUTE_JOB","data":{"job_id":"ff6079!51","alloc":"60-63"}}]}'
Received '{"now":9.712401,"events":[{"timestamp":9.712401,"type":"JOB_SUBMITTED","data":{"job_id":"ff6079!63","job":{"id":"ff6079!63","profile":"MG.S.4","res":4,"subtime":9.704601,"walltime":4200}}}]}'
Sending '{"now":9.712401,"events":[]}'
Received '{"now":9.733876,"events":[{"timestamp":9.733876,"type":"JOB_COMPLETED","data":{"job_id":"ff6079!49","job_state":"COMPLETED_SUCCESSFULLY","return_code":0,"kill_reason":"","alloc":"48-51"}}]}'
Sending '{"now":9.733876,"events":[{"timestamp":9.733876,"type":"EXECUTE_JOB","data":{"job_id":"ff6079!52","alloc":"48-51"}}]}'
Received '{"now":9.825643,"events":[{"timestamp":9.825643,"type":"JOB_COMPLETED","data":{"job_id":"ff6079!37","job_state":"COMPLETED_SUCCESSFULLY","return_code":0,"kill_reason":"","alloc":"56-59"}}]}'
Sending '{"now":9.825643,"events":[{"timestamp":9.825643,"type":"EXECUTE_JOB","data":{"job_id":"ff6079!57","alloc":"56-59"}}]}'
Received '{"now":9.859099,"events":[{"timestamp":9.859099,"type":"JOB_COMPLETED","data":{"job_id":"ff6079!52","job_state":"COMPLETED_SUCCESSFULLY","return_code":0,"kill_reason":"","alloc":"48-51"}}]}'
Sending '{"now":9.859099,"events":[{"timestamp":9.859099,"type":"EXECUTE_JOB","data":{"job_id":"ff6079!58","alloc":"48-51"}}]}'
Received '{"now":9.950913,"events":[{"timestamp":9.950913,"type":"JOB_COMPLETED","data":{"job_id":"ff6079!57","job_state":"COMPLETED_SUCCESSFULLY","return_code":0,"kill_reason":"","alloc":"56-59"}}]}'
Sending '{"now":9.950913,"events":[{"timestamp":9.950913,"type":"EXECUTE_JOB","data":{"job_id":"ff6079!59","alloc":"56-59"}}]}'
Received '{"now":10.031366,"events":[{"timestamp":10.031366,"type":"JOB_COMPLETED","data":{"job_id":"ff6079!51","job_state":"COMPLETED_SUCCESSFULLY","return_code":0,"kill_reason":"","alloc":"60-63"}}]}'
Sending '{"now":10.031366,"events":[{"timestamp":10.031366,"type":"EXECUTE_JOB","data":{"job_id":"ff6079!60","alloc":"60-63"}}]}'
Received '{"now":10.205862,"events":[{"timestamp":10.205862,"type":"JOB_SUBMITTED","data":{"job_id":"ff6079!64","job":{"id":"ff6079!64","profile":"MG.S.4","res":4,"subtime":10.198056,"walltime":4200}}}]}'
Sending '{"now":10.205862,"events":[]}'
Received '{"now":10.630090,"events":[{"timestamp":10.630090,"type":"JOB_COMPLETED","data":{"job_id":"ff6079!21","job_state":"COMPLETED_SUCCESSFULLY","return_code":0,"kill_reason":"","alloc":"16-31"}}]}'
Sending '{"now":10.63009,"events":[{"timestamp":10.63009,"type":"EXECUTE_JOB","data":{"job_id":"ff6079!23","alloc":"16-31"}}]}'
Received '{"now":10.798075,"events":[{"timestamp":10.798075,"type":"JOB_SUBMITTED","data":{"job_id":"ff6079!65","job":{"id":"ff6079!65","profile":"LU.S.4","res":4,"subtime":10.790271,"walltime":4200}}}]}'
Sending '{"now":10.798075,"events":[]}'
Received '{"now":10.953275,"events":[{"timestamp":10.953275,"type":"JOB_COMPLETED","data":{"job_id":"ff6079!23","job_state":"COMPLETED_SUCCESSFULLY","return_code":0,"kill_reason":"","alloc":"16-31"}}]}'
Sending '{"now":10.953275,"events":[{"timestamp":10.953275,"type":"EXECUTE_JOB","data":{"job_id":"ff6079!25","alloc":"16-31"}}]}'
Received '{"now":11.023407,"events":[{"timestamp":11.023407,"type":"JOB_SUBMITTED","data":{"job_id":"ff6079!66","job":{"id":"ff6079!66","profile":"LU.S.16","res":16,"subtime":11.015602,"walltime":4200}}}]}'
Sending '{"now":11.023407,"events":[]}'
Received '{"now":11.066489,"events":[{"timestamp":11.066489,"type":"JOB_SUBMITTED","data":{"job_id":"ff6079!67","job":{"id":"ff6079!67","profile":"MG.S.16","res":16,"subtime":11.058691,"walltime":4200}}}]}'
Sending '{"now":11.066489,"events":[]}'
Received '{"now":11.313375,"events":[{"timestamp":11.313375,"type":"JOB_COMPLETED","data":{"job_id":"ff6079!60","job_state":"COMPLETED_SUCCESSFULLY","return_code":0,"kill_reason":"","alloc":"60-63"}}]}'
Sending '{"now":11.313375,"events":[{"timestamp":11.313375,"type":"EXECUTE_JOB","data":{"job_id":"ff6079!61","alloc":"60-63"}}]}'
Received '{"now":11.375875,"events":[{"timestamp":11.375875,"type":"JOB_COMPLETED","data":{"job_id":"ff6079!46","job_state":"COMPLETED_SUCCESSFULLY","return_code":0,"kill_reason":"","alloc":"52-55"}}]}'
Sending '{"now":11.375875,"events":[{"timestamp":11.375875,"type":"EXECUTE_JOB","data":{"job_id":"ff6079!63","alloc":"52-55"}}]}'
Received '{"now":11.399293,"events":[{"timestamp":11.399293,"type":"JOB_SUBMITTED","data":{"job_id":"ff6079!68","job":{"id":"ff6079!68","profile":"CG.S.4","res":4,"subtime":11.385119,"walltime":4200}}}]}'
Sending '{"now":11.399293,"events":[]}'
Received '{"now":11.516744,"events":[{"timestamp":11.516744,"type":"JOB_SUBMITTED","data":{"job_id":"ff6079!69","job":{"id":"ff6079!69","profile":"MG.S.16","res":16,"subtime":11.508943,"walltime":4200}}}]}'
Sending '{"now":11.516744,"events":[]}'
Received '{"now":11.532356,"events":[{"timestamp":11.524550,"type":"JOB_SUBMITTED","data":{"job_id":"ff6079!70","job":{"id":"ff6079!70","profile":"BT.S.4","res":4,"subtime":11.510962,"walltime":4200}}}]}'
Sending '{"now":11.532356,"events":[]}'
Received '{"now":11.605857,"events":[{"timestamp":11.605857,"type":"JOB_SUBMITTED","data":{"job_id":"ff6079!71","job":{"id":"ff6079!71","profile":"LU.S.4","res":4,"subtime":11.598051,"walltime":4200}}}]}'
Sending '{"now":11.605857,"events":[]}'
Received '{"now":11.638904,"events":[{"timestamp":11.638904,"type":"JOB_SUBMITTED","data":{"job_id":"ff6079!72","job":{"id":"ff6079!72","profile":"LU.S.16","res":16,"subtime":11.631098,"walltime":4200}}}]}'
Sending '{"now":11.638904,"events":[]}'
Received '{"now":11.935086,"events":[{"timestamp":11.935086,"type":"JOB_COMPLETED","data":{"job_id":"ff6079!63","job_state":"COMPLETED_SUCCESSFULLY","return_code":0,"kill_reason":"","alloc":"52-55"}}]}'
Sending '{"now":11.935086,"events":[{"timestamp":11.935086,"type":"EXECUTE_JOB","data":{"job_id":"ff6079!64","alloc":"52-55"}}]}'
Received '{"now":12.030467,"events":[{"timestamp":12.030467,"type":"JOB_SUBMITTED","data":{"job_id":"ff6079!73","job":{"id":"ff6079!73","profile":"LU.S.4","res":4,"subtime":12.022662,"walltime":4200}}}]}'
Sending '{"now":12.030467,"events":[]}'
Received '{"now":12.132797,"events":[{"timestamp":12.132797,"type":"JOB_SUBMITTED","data":{"job_id":"ff6079!74","job":{"id":"ff6079!74","profile":"IS.S.4","res":4,"subtime":12.124994,"walltime":4200}}}]}'
Sending '{"now":12.132797,"events":[]}'
Received '{"now":12.274385,"events":[{"timestamp":12.274385,"type":"JOB_COMPLETED","data":{"job_id":"ff6079!58","job_state":"COMPLETED_SUCCESSFULLY","return_code":0,"kill_reason":"","alloc":"48-51"}}]}'
Sending '{"now":12.274385,"events":[{"timestamp":12.274385,"type":"EXECUTE_JOB","data":{"job_id":"ff6079!65","alloc":"48-51"}}]}'
Received '{"now":12.365721,"events":[{"timestamp":12.365721,"type":"JOB_COMPLETED","data":{"job_id":"ff6079!13","job_state":"COMPLETED_SUCCESSFULLY","return_code":0,"kill_reason":"","alloc":"0-15"}}]}'
Sending '{"now":12.365721,"events":[{"timestamp":12.365721,"type":"EXECUTE_JOB","data":{"job_id":"ff6079!26","alloc":"0-15"}}]}'
Received '{"now":12.394987,"events":[{"timestamp":12.379381,"type":"JOB_COMPLETED","data":{"job_id":"ff6079!59","job_state":"COMPLETED_SUCCESSFULLY","return_code":0,"kill_reason":"","alloc":"56-59"}}]}'
Sending '{"now":12.394987,"events":[{"timestamp":12.394987,"type":"EXECUTE_JOB","data":{"job_id":"ff6079!68","alloc":"56-59"}}]}'
Received '{"now":12.494427,"events":[{"timestamp":12.494427,"type":"JOB_COMPLETED","data":{"job_id":"ff6079!64","job_state":"COMPLETED_SUCCESSFULLY","return_code":0,"kill_reason":"","alloc":"52-55"}}]}'
Sending '{"now":12.494427,"events":[{"timestamp":12.494427,"type":"EXECUTE_JOB","data":{"job_id":"ff6079!70","alloc":"52-55"}}]}'
Received '{"now":12.517836,"events":[{"timestamp":12.510039,"type":"JOB_SUBMITTED","data":{"job_id":"ff6079!75","job":{"id":"ff6079!75","profile":"MG.S.16","res":16,"subtime":12.500478,"walltime":4200}}}]}'
Sending '{"now":12.517836,"events":[]}'
Received '{"now":12.534993,"events":[{"timestamp":12.534993,"type":"JOB_SUBMITTED","data":{"job_id":"ff6079!76","job":{"id":"ff6079!76","profile":"LU.S.4","res":4,"subtime":12.527187,"walltime":4200}}}]}'
Sending '{"now":12.534993,"events":[]}'
Received '{"now":12.811488,"events":[{"timestamp":12.811488,"type":"JOB_SUBMITTED","data":{"job_id":"ff6079!77","job":{"id":"ff6079!77","profile":"FT.S.16","res":16,"subtime":12.803682,"walltime":4200}}}]}'
Sending '{"now":12.811488,"events":[]}'
Received '{"now":12.957924,"events":[{"timestamp":12.957924,"type":"JOB_SUBMITTED","data":{"job_id":"ff6079!78","job":{"id":"ff6079!78","profile":"CG.S.4","res":4,"subtime":12.950124,"walltime":4200}}}]}'
Sending '{"now":12.957924,"events":[]}'
Received '{"now":12.973535,"events":[{"timestamp":12.973535,"type":"JOB_SUBMITTED","data":{"job_id":"ff6079!79","job":{"id":"ff6079!79","profile":"CG.S.4","res":4,"subtime":12.962095,"walltime":4200}}}]}'
Sending '{"now":12.973535,"events":[]}'
Received '{"now":13.164105,"events":[{"timestamp":13.164105,"type":"JOB_COMPLETED","data":{"job_id":"ff6079!70","job_state":"COMPLETED_SUCCESSFULLY","return_code":0,"kill_reason":"","alloc":"52-55"}}]}'
Sending '{"now":13.164105,"events":[{"timestamp":13.164105,"type":"EXECUTE_JOB","data":{"job_id":"ff6079!71","alloc":"52-55"}}]}'
Received '{"now":13.294276,"events":[{"timestamp":13.294276,"type":"JOB_SUBMITTED","data":{"job_id":"ff6079!80","job":{"id":"ff6079!80","profile":"LU.S.4","res":4,"subtime":13.286474,"walltime":4200}}}]}'
Sending '{"now":13.294276,"events":[]}'
Received '{"now":13.315727,"events":[{"timestamp":13.315727,"type":"JOB_SUBMITTED","data":{"job_id":"ff6079!81","job":{"id":"ff6079!81","profile":"IS.S.4","res":4,"subtime":13.307925,"walltime":4200}}}]}'
Sending '{"now":13.315727,"events":[]}'
Received '{"now":13.353960,"events":[{"timestamp":13.353960,"type":"JOB_SUBMITTED","data":{"job_id":"ff6079!82","job":{"id":"ff6079!82","profile":"FT.S.4","res":4,"subtime":13.346162,"walltime":4200}}}]}'
Sending '{"now":13.35396,"events":[]}'
Received '{"now":13.376004,"events":[{"timestamp":13.376004,"type":"JOB_SUBMITTED","data":{"job_id":"ff6079!83","job":{"id":"ff6079!83","profile":"IS.S.16","res":16,"subtime":13.368200,"walltime":4200}}}]}'
Sending '{"now":13.376004,"events":[]}'
Received '{"now":13.427071,"events":[{"timestamp":13.427071,"type":"JOB_SUBMITTED","data":{"job_id":"ff6079!84","job":{"id":"ff6079!84","profile":"MG.S.16","res":16,"subtime":13.419265,"walltime":4200}}}]}'
Sending '{"now":13.427071,"events":[]}'
Received '{"now":13.515891,"events":[{"timestamp":13.515891,"type":"JOB_COMPLETED","data":{"job_id":"ff6079!68","job_state":"COMPLETED_SUCCESSFULLY","return_code":0,"kill_reason":"","alloc":"56-59"}}]}'
Sending '{"now":13.515891,"events":[{"timestamp":13.515891,"type":"EXECUTE_JOB","data":{"job_id":"ff6079!73","alloc":"56-59"}}]}'
Received '{"now":13.620449,"events":[{"timestamp":13.620449,"type":"JOB_SUBMITTED","data":{"job_id":"ff6079!85","job":{"id":"ff6079!85","profile":"IS.S.4","res":4,"subtime":13.612648,"walltime":4200}}}]}'
Sending '{"now":13.620449,"events":[]}'
Received '{"now":13.636059,"events":[{"timestamp":13.636059,"type":"JOB_SUBMITTED","data":{"job_id":"ff6079!86","job":{"id":"ff6079!86","profile":"MG.S.16","res":16,"subtime":13.624678,"walltime":4200}}}]}'
Sending '{"now":13.636059,"events":[]}'
Received '{"now":13.657526,"events":[{"timestamp":13.649720,"type":"JOB_COMPLETED","data":{"job_id":"ff6079!22","job_state":"COMPLETED_SUCCESSFULLY","return_code":0,"kill_reason":"","alloc":"32-47"}}]}'
Sending '{"now":13.657526,"events":[{"timestamp":13.657526,"type":"EXECUTE_JOB","data":{"job_id":"ff6079!30","alloc":"32-47"}}]}'
Received '{"now":13.714572,"events":[{"timestamp":13.714572,"type":"JOB_SUBMITTED","data":{"job_id":"ff6079!87","job":{"id":"ff6079!87","profile":"BT.S.16","res":16,"subtime":13.706766,"walltime":4200}}}]}'
Sending '{"now":13.714572,"events":[]}'
Received '{"now":13.736039,"events":[{"timestamp":13.736039,"type":"JOB_COMPLETED","data":{"job_id":"ff6079!61","job_state":"COMPLETED_SUCCESSFULLY","return_code":0,"kill_reason":"","alloc":"60-63"}}]}'
Sending '{"now":13.736039,"events":[{"timestamp":13.736039,"type":"EXECUTE_JOB","data":{"job_id":"ff6079!74","alloc":"60-63"}}]}'
Received '{"now":13.767263,"events":[{"timestamp":13.743845,"type":"JOB_SUBMITTED","data":{"job_id":"ff6079!88","job":{"id":"ff6079!88","profile":"FT.S.4","res":4,"subtime":13.726223,"walltime":4200}}},{"timestamp":13.759457,"type":"JOB_SUBMITTED","data":{"job_id":"ff6079!89","job":{"id":"ff6079!89","profile":"BT.S.4","res":4,"subtime":13.740388,"walltime":4200}}}]}'
Sending '{"now":13.767263,"events":[]}'
Received '{"now":13.802154,"events":[{"timestamp":13.802154,"type":"JOB_SUBMITTED","data":{"job_id":"ff6079!90","job":{"id":"ff6079!90","profile":"LU.S.16","res":16,"subtime":13.794348,"walltime":4200}}}]}'
Sending '{"now":13.802154,"events":[]}'
Received '{"now":13.869158,"events":[{"timestamp":13.869158,"type":"JOB_COMPLETED","data":{"job_id":"ff6079!74","job_state":"COMPLETED_SUCCESSFULLY","return_code":0,"kill_reason":"","alloc":"60-63"}}]}'
Sending '{"now":13.869158,"events":[{"timestamp":13.869158,"type":"EXECUTE_JOB","data":{"job_id":"ff6079!76","alloc":"60-63"}}]}'
Received '{"now":13.892570,"events":[{"timestamp":13.876964,"type":"JOB_SUBMITTED","data":{"job_id":"ff6079!91","job":{"id":"ff6079!91","profile":"MG.S.4","res":4,"subtime":13.865100,"walltime":4200}}}]}'
Sending '{"now":13.89257,"events":[]}'
Received '{"now":13.980457,"events":[{"timestamp":13.980457,"type":"JOB_COMPLETED","data":{"job_id":"ff6079!30","job_state":"COMPLETED_SUCCESSFULLY","return_code":0,"kill_reason":"","alloc":"32-47"}}]}'
Sending '{"now":13.980457,"events":[{"timestamp":13.980457,"type":"EXECUTE_JOB","data":{"job_id":"ff6079!31","alloc":"32-47"}}]}'
Received '{"now":14.058344,"events":[{"timestamp":14.058344,"type":"JOB_SUBMITTED","data":{"job_id":"ff6079!92","job":{"id":"ff6079!92","profile":"MG.S.16","res":16,"subtime":14.050538,"walltime":4200}}}]}'
Sending '{"now":14.058344,"events":[]}'
Received '{"now":14.120888,"events":[{"timestamp":14.120888,"type":"JOB_COMPLETED","data":{"job_id":"ff6079!25","job_state":"COMPLETED_SUCCESSFULLY","return_code":0,"kill_reason":"","alloc":"16-31"}}]}'
Sending '{"now":14.120888,"events":[{"timestamp":14.120888,"type":"EXECUTE_JOB","data":{"job_id":"ff6079!33","alloc":"16-31"}}]}'
Received '{"now":14.205761,"events":[{"timestamp":14.205761,"type":"JOB_SUBMITTED","data":{"job_id":"ff6079!93","job":{"id":"ff6079!93","profile":"LU.S.4","res":4,"subtime":14.197964,"walltime":4200}}}]}'
Sending '{"now":14.205761,"events":[]}'
Received '{"now":14.221380,"events":[{"timestamp":14.221380,"type":"JOB_SUBMITTED","data":{"job_id":"ff6079!94","job":{"id":"ff6079!94","profile":"SP.S.4","res":4,"subtime":14.208928,"walltime":4200}}}]}'
Sending '{"now":14.22138,"events":[]}'
Received '{"now":14.320574,"events":[{"timestamp":14.320574,"type":"JOB_SUBMITTED","data":{"job_id":"ff6079!95","job":{"id":"ff6079!95","profile":"BT.S.4","res":4,"subtime":14.312768,"walltime":4200}}}]}'
Sending '{"now":14.320574,"events":[]}'
Received '{"now":14.690351,"events":[{"timestamp":14.690351,"type":"JOB_COMPLETED","data":{"job_id":"ff6079!65","job_state":"COMPLETED_SUCCESSFULLY","return_code":0,"kill_reason":"","alloc":"48-51"}}]}'
Sending '{"now":14.690351,"events":[{"timestamp":14.690351,"type":"EXECUTE_JOB","data":{"job_id":"ff6079!78","alloc":"48-51"}}]}'
Received '{"now":14.716274,"events":[{"timestamp":14.716274,"type":"JOB_SUBMITTED","data":{"job_id":"ff6079!96","job":{"id":"ff6079!96","profile":"CG.S.4","res":4,"subtime":14.708468,"walltime":4200}}}]}'
Sending '{"now":14.716274,"events":[]}'
Received '{"now":15.157278,"events":[{"timestamp":15.157278,"type":"JOB_SUBMITTED","data":{"job_id":"ff6079!97","job":{"id":"ff6079!97","profile":"CG.S.16","res":16,"subtime":15.149478,"walltime":4200}}}]}'
Sending '{"now":15.157278,"events":[]}'
Received '{"now":15.412311,"events":[{"timestamp":15.412311,"type":"JOB_SUBMITTED","data":{"job_id":"ff6079!98","job":{"id":"ff6079!98","profile":"CG.S.16","res":16,"subtime":15.404505,"walltime":4200}}}]}'
Sending '{"now":15.412311,"events":[]}'
Received '{"now":15.580717,"events":[{"timestamp":15.580717,"type":"JOB_COMPLETED","data":{"job_id":"ff6079!71","job_state":"COMPLETED_SUCCESSFULLY","return_code":0,"kill_reason":"","alloc":"52-55"}}]}'
Sending '{"now":15.580717,"events":[{"timestamp":15.580717,"type":"EXECUTE_JOB","data":{"job_id":"ff6079!79","alloc":"52-55"}}]}'
Received '{"now":15.635376,"events":[{"timestamp":15.635376,"type":"JOB_SUBMITTED","data":{"job_id":"ff6079!99","job":{"id":"ff6079!99","profile":"LU.S.16","res":16,"subtime":15.627570,"walltime":4200}}}]}'
Sending '{"now":15.635376,"events":[]}'
Received '{"now":15.755487,"events":[{"timestamp":15.755487,"type":"JOB_SUBMITTED","data":{"job_id":"ff6079!100","job":{"id":"ff6079!100","profile":"IS.S.4","res":4,"subtime":15.747681,"walltime":4200}}}]}'
Sending '{"now":15.755487,"events":[]}'
Received '{"now":15.812358,"events":[{"timestamp":15.812358,"type":"JOB_COMPLETED","data":{"job_id":"ff6079!78","job_state":"COMPLETED_SUCCESSFULLY","return_code":0,"kill_reason":"","alloc":"48-51"}}]}'
Sending '{"now":15.812358,"events":[{"timestamp":15.812358,"type":"EXECUTE_JOB","data":{"job_id":"ff6079!80","alloc":"48-51"}}]}'
Received '{"now":15.932756,"events":[{"timestamp":15.932756,"type":"JOB_COMPLETED","data":{"job_id":"ff6079!73","job_state":"COMPLETED_SUCCESSFULLY","return_code":0,"kill_reason":"","alloc":"56-59"}}]}'
Sending '{"now":15.932756,"events":[{"timestamp":15.932756,"type":"EXECUTE_JOB","data":{"job_id":"ff6079!81","alloc":"56-59"}}]}'
Received '{"now":15.956857,"events":[{"timestamp":15.956857,"type":"JOB_SUBMITTED","data":{"job_id":"ff6079!101","job":{"id":"ff6079!101","profile":"BT.S.4","res":4,"subtime":15.949051,"walltime":4200}}}]}'
Sending '{"now":15.956857,"events":[]}'
Received '{"now":16.058097,"events":[{"timestamp":16.058097,"type":"JOB_COMPLETED","data":{"job_id":"ff6079!81","job_state":"COMPLETED_SUCCESSFULLY","return_code":0,"kill_reason":"","alloc":"56-59"}}]}'
Sending '{"now":16.058097,"events":[{"timestamp":16.058097,"type":"EXECUTE_JOB","data":{"job_id":"ff6079!82","alloc":"56-59"}}]}'
Received '{"now":16.081515,"events":[{"timestamp":16.065903,"type":"JOB_SUBMITTED","data":{"job_id":"ff6079!102","job":{"id":"ff6079!102","profile":"IS.S.4","res":4,"subtime":16.052035,"walltime":4200}}}]}'
Sending '{"now":16.081515,"events":[]}'
Received '{"now":16.174733,"events":[{"timestamp":16.174733,"type":"JOB_SUBMITTED","data":{"job_id":"ff6079!103","job":{"id":"ff6079!103","profile":"BT.S.4","res":4,"subtime":16.166927,"walltime":4200}}}]}'
Sending '{"now":16.174733,"events":[]}'
Received '{"now":16.245037,"events":[{"timestamp":16.245037,"type":"JOB_COMPLETED","data":{"job_id":"ff6079!82","job_state":"COMPLETED_SUCCESSFULLY","return_code":0,"kill_reason":"","alloc":"56-59"}}]}'
Sending '{"now":16.245037,"events":[{"timestamp":16.245037,"type":"EXECUTE_JOB","data":{"job_id":"ff6079!85","alloc":"56-59"}}]}'
Received '{"now":16.293976,"events":[{"timestamp":16.293976,"type":"JOB_COMPLETED","data":{"job_id":"ff6079!76","job_state":"COMPLETED_SUCCESSFULLY","return_code":0,"kill_reason":"","alloc":"60-63"}}]}'
Sending '{"now":16.293976,"events":[{"timestamp":16.293976,"type":"EXECUTE_JOB","data":{"job_id":"ff6079!88","alloc":"60-63"}}]}'
Received '{"now":16.325196,"events":[{"timestamp":16.301782,"type":"JOB_SUBMITTED","data":{"job_id":"ff6079!104","job":{"id":"ff6079!104","profile":"FT.S.16","res":16,"subtime":16.289341,"walltime":4200}}},{"timestamp":16.317390,"type":"JOB_SUBMITTED","data":{"job_id":"ff6079!105","job":{"id":"ff6079!105","profile":"CG.S.16","res":16,"subtime":16.303626,"walltime":4200}}}]}'
Sending '{"now":16.325196,"events":[]}'
Received '{"now":16.344266,"events":[{"timestamp":16.344266,"type":"JOB_SUBMITTED","data":{"job_id":"ff6079!106","job":{"id":"ff6079!106","profile":"SP.S.4","res":4,"subtime":16.336460,"walltime":4200}}}]}'
Sending '{"now":16.344266,"events":[]}'
Received '{"now":16.370361,"events":[{"timestamp":16.370361,"type":"JOB_COMPLETED","data":{"job_id":"ff6079!85","job_state":"COMPLETED_SUCCESSFULLY","return_code":0,"kill_reason":"","alloc":"56-59"}}]}'
Sending '{"now":16.370361,"events":[{"timestamp":16.370361,"type":"EXECUTE_JOB","data":{"job_id":"ff6079!89","alloc":"56-59"}}]}'
Received '{"now":16.393779,"events":[{"timestamp":16.378167,"type":"JOB_SUBMITTED","data":{"job_id":"ff6079!107","job":{"id":"ff6079!107","profile":"FT.S.4","res":4,"subtime":16.356731,"walltime":4200}}}]}'
Sending '{"now":16.393779,"events":[]}'
Received '{"now":16.454539,"events":[{"timestamp":16.454539,"type":"JOB_SUBMITTED","data":{"job_id":"ff6079!108","job":{"id":"ff6079!108","profile":"LU.S.16","res":16,"subtime":16.446738,"walltime":4200}}}]}'
Sending '{"now":16.454539,"events":[]}'
Received '{"now":16.480871,"events":[{"timestamp":16.480871,"type":"JOB_COMPLETED","data":{"job_id":"ff6079!88","job_state":"COMPLETED_SUCCESSFULLY","return_code":0,"kill_reason":"","alloc":"60-63"}}]}'
Sending '{"now":16.480871,"events":[{"timestamp":16.480871,"type":"EXECUTE_JOB","data":{"job_id":"ff6079!91","alloc":"60-63"}}]}'
Received '{"now":16.696073,"events":[{"timestamp":16.696073,"type":"JOB_SUBMITTED","data":{"job_id":"ff6079!109","job":{"id":"ff6079!109","profile":"CG.S.16","res":16,"subtime":16.688267,"walltime":4200}}}]}'
Sending '{"now":16.696073,"events":[]}'
Received '{"now":16.717532,"events":[{"timestamp":16.709726,"type":"JOB_COMPLETED","data":{"job_id":"ff6079!79","job_state":"COMPLETED_SUCCESSFULLY","return_code":0,"kill_reason":"","alloc":"52-55"}}]}'
Sending '{"now":16.717532,"events":[{"timestamp":16.717532,"type":"EXECUTE_JOB","data":{"job_id":"ff6079!93","alloc":"52-55"}}]}'
Received '{"now":16.991539,"events":[{"timestamp":16.991539,"type":"JOB_SUBMITTED","data":{"job_id":"ff6079!110","job":{"id":"ff6079!110","profile":"SP.S.4","res":4,"subtime":16.983733,"walltime":4200}}}]}'
Sending '{"now":16.991539,"events":[]}'
Received '{"now":17.040417,"events":[{"timestamp":17.040417,"type":"JOB_COMPLETED","data":{"job_id":"ff6079!91","job_state":"COMPLETED_SUCCESSFULLY","return_code":0,"kill_reason":"","alloc":"60-63"}}]}'
Sending '{"now":17.040417,"events":[{"timestamp":17.040417,"type":"EXECUTE_JOB","data":{"job_id":"ff6079!94","alloc":"60-63"}}]}'
Received '{"now":17.069689,"events":[{"timestamp":17.054077,"type":"JOB_COMPLETED","data":{"job_id":"ff6079!89","job_state":"COMPLETED_SUCCESSFULLY","return_code":0,"kill_reason":"","alloc":"56-59"}}]}'
Sending '{"now":17.069689,"events":[{"timestamp":17.069689,"type":"EXECUTE_JOB","data":{"job_id":"ff6079!95","alloc":"56-59"}}]}'
Received '{"now":17.104176,"events":[{"timestamp":17.104176,"type":"JOB_SUBMITTED","data":{"job_id":"ff6079!111","job":{"id":"ff6079!111","profile":"MG.S.16","res":16,"subtime":17.096370,"walltime":4200}}}]}'
Sending '{"now":17.104176,"events":[]}'
Received '{"now":17.147658,"events":[{"timestamp":17.147658,"type":"JOB_COMPLETED","data":{"job_id":"ff6079!31","job_state":"COMPLETED_SUCCESSFULLY","return_code":0,"kill_reason":"","alloc":"32-47"}}]}'
Sending '{"now":17.147658,"events":[{"timestamp":17.147658,"type":"EXECUTE_JOB","data":{"job_id":"ff6079!34","alloc":"32-47"}}]}'
Received '{"now":17.171076,"events":[{"timestamp":17.163270,"type":"JOB_SUBMITTED","data":{"job_id":"ff6079!112","job":{"id":"ff6079!112","profile":"BT.S.4","res":4,"subtime":17.147783,"walltime":4200}}}]}'
Sending '{"now":17.171076,"events":[]}'
Received '{"now":17.315785,"events":[{"timestamp":17.315785,"type":"JOB_SUBMITTED","data":{"job_id":"ff6079!113","job":{"id":"ff6079!113","profile":"FT.S.4","res":4,"subtime":17.307983,"walltime":4200}}}]}'
Sending '{"now":17.315785,"events":[]}'
Received '{"now":17.337251,"events":[{"timestamp":17.337251,"type":"JOB_COMPLETED","data":{"job_id":"ff6079!34","job_state":"COMPLETED_SUCCESSFULLY","return_code":0,"kill_reason":"","alloc":"32-47"}}]}'
Sending '{"now":17.337251,"events":[{"timestamp":17.337251,"type":"EXECUTE_JOB","data":{"job_id":"ff6079!38","alloc":"32-47"}}]}'
Received '{"now":17.522529,"events":[{"timestamp":17.522529,"type":"JOB_COMPLETED","data":{"job_id":"ff6079!38","job_state":"COMPLETED_SUCCESSFULLY","return_code":0,"kill_reason":"","alloc":"32-47"}}]}'
Sending '{"now":17.522529,"events":[{"timestamp":17.522529,"type":"EXECUTE_JOB","data":{"job_id":"ff6079!39","alloc":"32-47"}}]}'
Received '{"now":17.597757,"events":[{"timestamp":17.597757,"type":"JOB_SUBMITTED","data":{"job_id":"ff6079!114","job":{"id":"ff6079!114","profile":"FT.S.4","res":4,"subtime":17.589951,"walltime":4200}}}]}'
Sending '{"now":17.597757,"events":[]}'
Received '{"now":17.647703,"events":[{"timestamp":17.647703,"type":"JOB_SUBMITTED","data":{"job_id":"ff6079!115","job":{"id":"ff6079!115","profile":"BT.S.16","res":16,"subtime":17.639897,"walltime":4200}}}]}'
Sending '{"now":17.647703,"events":[]}'
Received '{"now":17.730999,"events":[{"timestamp":17.730999,"type":"JOB_SUBMITTED","data":{"job_id":"ff6079!116","job":{"id":"ff6079!116","profile":"LU.S.4","res":4,"subtime":17.723193,"walltime":4200}}}]}'
Sending '{"now":17.730999,"events":[]}'
Received '{"now":17.752465,"events":[{"timestamp":17.744659,"type":"JOB_COMPLETED","data":{"job_id":"ff6079!95","job_state":"COMPLETED_SUCCESSFULLY","return_code":0,"kill_reason":"","alloc":"56-59"}}]}'
Sending '{"now":17.752465,"events":[{"timestamp":17.752465,"type":"EXECUTE_JOB","data":{"job_id":"ff6079!96","alloc":"56-59"}}]}'
Received '{"now":17.801712,"events":[{"timestamp":17.801712,"type":"JOB_SUBMITTED","data":{"job_id":"ff6079!117","job":{"id":"ff6079!117","profile":"CG.S.4","res":4,"subtime":17.793906,"walltime":4200}}}]}'
Sending '{"now":17.801712,"events":[]}'
Received '{"now":17.851656,"events":[{"timestamp":17.851656,"type":"JOB_SUBMITTED","data":{"job_id":"ff6079!118","job":{"id":"ff6079!118","profile":"SP.S.4","res":4,"subtime":17.843850,"walltime":4200}}}]}'
Sending '{"now":17.851656,"events":[]}'
Received '{"now":17.955140,"events":[{"timestamp":17.955140,"type":"JOB_SUBMITTED","data":{"job_id":"ff6079!119","job":{"id":"ff6079!119","profile":"FT.S.4","res":4,"subtime":17.947334,"walltime":4200}}}]}'
Sending '{"now":17.95514,"events":[]}'
Received '{"now":18.059184,"events":[{"timestamp":18.059184,"type":"JOB_SUBMITTED","data":{"job_id":"ff6079!120","job":{"id":"ff6079!120","profile":"LU.S.16","res":16,"subtime":18.051378,"walltime":4200}}}]}'
Sending '{"now":18.059184,"events":[]}'
Received '{"now":18.162028,"events":[{"timestamp":18.162028,"type":"JOB_SUBMITTED","data":{"job_id":"ff6079!121","job":{"id":"ff6079!121","profile":"CG.S.4","res":4,"subtime":18.154222,"walltime":4200}}}]}'
Sending '{"now":18.162028,"events":[]}'
Received '{"now":18.177640,"events":[{"timestamp":18.169834,"type":"JOB_SUBMITTED","data":{"job_id":"ff6079!122","job":{"id":"ff6079!122","profile":"IS.S.4","res":4,"subtime":18.158444,"walltime":4200}}}]}'
Sending '{"now":18.17764,"events":[]}'
Received '{"now":18.229127,"events":[{"timestamp":18.229127,"type":"JOB_COMPLETED","data":{"job_id":"ff6079!80","job_state":"COMPLETED_SUCCESSFULLY","return_code":0,"kill_reason":"","alloc":"48-51"}}]}'
Sending '{"now":18.229127,"events":[{"timestamp":18.229127,"type":"EXECUTE_JOB","data":{"job_id":"ff6079!100","alloc":"48-51"}}]}'
Received '{"now":18.258400,"events":[{"timestamp":18.250594,"type":"JOB_COMPLETED","data":{"job_id":"ff6079!94","job_state":"COMPLETED_SUCCESSFULLY","return_code":0,"kill_reason":"","alloc":"60-63"}}]}'
Sending '{"now":18.2584,"events":[{"timestamp":18.2584,"type":"EXECUTE_JOB","data":{"job_id":"ff6079!101","alloc":"60-63"}}]}'
Received '{"now":18.354469,"events":[{"timestamp":18.354469,"type":"JOB_COMPLETED","data":{"job_id":"ff6079!100","job_state":"COMPLETED_SUCCESSFULLY","return_code":0,"kill_reason":"","alloc":"48-51"}}]}'
Sending '{"now":18.354469,"events":[{"timestamp":18.354469,"type":"EXECUTE_JOB","data":{"job_id":"ff6079!102","alloc":"48-51"}}]}'
Received '{"now":18.479799,"events":[{"timestamp":18.479799,"type":"JOB_COMPLETED","data":{"job_id":"ff6079!102","job_state":"COMPLETED_SUCCESSFULLY","return_code":0,"kill_reason":"","alloc":"48-51"}}]}'
Sending '{"now":18.479799,"events":[{"timestamp":18.479799,"type":"EXECUTE_JOB","data":{"job_id":"ff6079!103","alloc":"48-51"}}]}'
Received '{"now":18.557070,"events":[{"timestamp":18.557070,"type":"JOB_COMPLETED","data":{"job_id":"ff6079!26","job_state":"COMPLETED_SUCCESSFULLY","return_code":0,"kill_reason":"","alloc":"0-15"}}]}'
Sending '{"now":18.55707,"events":[{"timestamp":18.55707,"type":"EXECUTE_JOB","data":{"job_id":"ff6079!40","alloc":"0-15"}}]}'
Received '{"now":18.637048,"events":[{"timestamp":18.637048,"type":"JOB_SUBMITTED","data":{"job_id":"ff6079!123","job":{"id":"ff6079!123","profile":"MG.S.4","res":4,"subtime":18.629254,"walltime":4200}}}]}'
Sending '{"now":18.637048,"events":[]}'
Received '{"now":18.874376,"events":[{"timestamp":18.874376,"type":"JOB_COMPLETED","data":{"job_id":"ff6079!96","job_state":"COMPLETED_SUCCESSFULLY","return_code":0,"kill_reason":"","alloc":"56-59"}}]}'
Sending '{"now":18.874376,"events":[{"timestamp":18.874376,"type":"EXECUTE_JOB","data":{"job_id":"ff6079!106","alloc":"56-59"}}]}'
Received '{"now":18.928774,"events":[{"timestamp":18.928774,"type":"JOB_COMPLETED","data":{"job_id":"ff6079!101","job_state":"COMPLETED_SUCCESSFULLY","return_code":0,"kill_reason":"","alloc":"60-63"}}]}'
Sending '{"now":18.928774,"events":[{"timestamp":18.928774,"type":"EXECUTE_JOB","data":{"job_id":"ff6079!107","alloc":"60-63"}}]}'
Received '{"now":19.107874,"events":[{"timestamp":19.107874,"type":"JOB_COMPLETED","data":{"job_id":"ff6079!107","job_state":"COMPLETED_SUCCESSFULLY","return_code":0,"kill_reason":"","alloc":"60-63"}}]}'
Sending '{"now":19.107874,"events":[{"timestamp":19.107874,"type":"EXECUTE_JOB","data":{"job_id":"ff6079!110","alloc":"60-63"}}]}'
Received '{"now":19.137156,"events":[{"timestamp":19.137156,"type":"JOB_COMPLETED","data":{"job_id":"ff6079!93","job_state":"COMPLETED_SUCCESSFULLY","return_code":0,"kill_reason":"","alloc":"52-55"}}]}'
Sending '{"now":19.137156,"events":[{"timestamp":19.137156,"type":"EXECUTE_JOB","data":{"job_id":"ff6079!112","alloc":"52-55"}}]}'
Received '{"now":19.174231,"events":[{"timestamp":19.150817,"type":"JOB_COMPLETED","data":{"job_id":"ff6079!103","job_state":"COMPLETED_SUCCESSFULLY","return_code":0,"kill_reason":"","alloc":"48-51"}},{"timestamp":19.166429,"type":"JOB_SUBMITTED","data":{"job_id":"ff6079!124","job":{"id":"ff6079!124","profile":"MG.S.4","res":4,"subtime":19.157561,"walltime":4200}}}]}'
Sending '{"now":19.174231,"events":[{"timestamp":19.174231,"type":"EXECUTE_JOB","data":{"job_id":"ff6079!113","alloc":"48-51"}}]}'
Received '{"now":19.353351,"events":[{"timestamp":19.353351,"type":"JOB_COMPLETED","data":{"job_id":"ff6079!113","job_state":"COMPLETED_SUCCESSFULLY","return_code":0,"kill_reason":"","alloc":"48-51"}}]}'
Sending '{"now":19.353351,"events":[{"timestamp":19.353351,"type":"EXECUTE_JOB","data":{"job_id":"ff6079!114","alloc":"48-51"}}]}'
Received '{"now":19.376769,"events":[{"timestamp":19.361157,"type":"JOB_SUBMITTED","data":{"job_id":"ff6079!125","job":{"id":"ff6079!125","profile":"MG.S.16","res":16,"subtime":19.350173,"walltime":4200}}}]}'
Sending '{"now":19.376769,"events":[]}'
Received '{"now":19.420807,"events":[{"timestamp":19.420807,"type":"JOB_SUBMITTED","data":{"job_id":"ff6079!126","job":{"id":"ff6079!126","profile":"BT.S.4","res":4,"subtime":19.413001,"walltime":4200}}}]}'
Sending '{"now":19.420807,"events":[]}'
Received '{"now":19.540264,"events":[{"timestamp":19.540264,"type":"JOB_COMPLETED","data":{"job_id":"ff6079!114","job_state":"COMPLETED_SUCCESSFULLY","return_code":0,"kill_reason":"","alloc":"48-51"}}]}'
Sending '{"now":19.540264,"events":[{"timestamp":19.540264,"type":"EXECUTE_JOB","data":{"job_id":"ff6079!116","alloc":"48-51"}}]}'
Received '{"now":19.677543,"events":[{"timestamp":19.677543,"type":"JOB_SUBMITTED","data":{"job_id":"ff6079!127","job":{"id":"ff6079!127","profile":"SP.S.4","res":4,"subtime":19.669737,"walltime":4200}}}]}'
Sending '{"now":19.677543,"events":[]}'
Received '{"now":19.820842,"events":[{"timestamp":19.820842,"type":"JOB_COMPLETED","data":{"job_id":"ff6079!112","job_state":"COMPLETED_SUCCESSFULLY","return_code":0,"kill_reason":"","alloc":"52-55"}}]}'
Sending '{"now":19.820842,"events":[{"timestamp":19.820842,"type":"EXECUTE_JOB","data":{"job_id":"ff6079!117","alloc":"52-55"}}]}'
Received '{"now":19.852484,"events":[{"timestamp":19.852484,"type":"JOB_SUBMITTED","data":{"job_id":"ff6079!128","job":{"id":"ff6079!128","profile":"IS.S.16","res":16,"subtime":19.844678,"walltime":4200}}}]}'
Sending '{"now":19.852484,"events":[]}'
Received '{"now":19.868096,"events":[{"timestamp":19.868096,"type":"JOB_SUBMITTED","data":{"job_id":"ff6079!129","job":{"id":"ff6079!129","profile":"MG.S.4","res":4,"subtime":19.859479,"walltime":4200}}}]}'
Sending '{"now":19.868096,"events":[]}'
Received '{"now":19.940420,"events":[{"timestamp":19.940420,"type":"JOB_SUBMITTED","data":{"job_id":"ff6079!130","job":{"id":"ff6079!130","profile":"FT.S.16","res":16,"subtime":19.932614,"walltime":4200}}}]}'
Sending '{"now":19.94042,"events":[]}'
Received '{"now":20.060162,"events":[{"timestamp":20.060162,"type":"JOB_SUBMITTED","data":{"job_id":"ff6079!131","job":{"id":"ff6079!131","profile":"LU.S.16","res":16,"subtime":20.052365,"walltime":4200}}}]}'
Sending '{"now":20.060162,"events":[]}'
Received '{"now":20.081628,"events":[{"timestamp":20.073822,"type":"JOB_COMPLETED","data":{"job_id":"ff6079!106","job_state":"COMPLETED_SUCCESSFULLY","return_code":0,"kill_reason":"","alloc":"56-59"}}]}'
Sending '{"now":20.081628,"events":[{"timestamp":20.081628,"type":"EXECUTE_JOB","data":{"job_id":"ff6079!118","alloc":"56-59"}}]}'
Received '{"now":20.298783,"events":[{"timestamp":20.298783,"type":"JOB_COMPLETED","data":{"job_id":"ff6079!33","job_state":"COMPLETED_SUCCESSFULLY","return_code":0,"kill_reason":"","alloc":"16-31"}}]}'
Sending '{"now":20.298783,"events":[{"timestamp":20.298783,"type":"EXECUTE_JOB","data":{"job_id":"ff6079!41","alloc":"16-31"}}]}'
Received '{"now":20.328055,"events":[{"timestamp":20.312443,"type":"JOB_COMPLETED","data":{"job_id":"ff6079!110","job_state":"COMPLETED_SUCCESSFULLY","return_code":0,"kill_reason":"","alloc":"60-63"}}]}'
Sending '{"now":20.328055,"events":[{"timestamp":20.328055,"type":"EXECUTE_JOB","data":{"job_id":"ff6079!119","alloc":"60-63"}}]}'
Received '{"now":20.415072,"events":[{"timestamp":20.415072,"type":"JOB_SUBMITTED","data":{"job_id":"ff6079!132","job":{"id":"ff6079!132","profile":"FT.S.4","res":4,"subtime":20.407266,"walltime":4200}}}]}'
Sending '{"now":20.415072,"events":[]}'
Received '{"now":20.445406,"events":[{"timestamp":20.445406,"type":"JOB_SUBMITTED","data":{"job_id":"ff6079!133","job":{"id":"ff6079!133","profile":"IS.S.16","res":16,"subtime":20.437600,"walltime":4200}}}]}'
Sending '{"now":20.445406,"events":[]}'
Received '{"now":20.467968,"events":[{"timestamp":20.467968,"type":"JOB_SUBMITTED","data":{"job_id":"ff6079!134","job":{"id":"ff6079!134","profile":"LU.S.16","res":16,"subtime":20.460162,"walltime":4200}}}]}'
Sending '{"now":20.467968,"events":[]}'
Received '{"now":20.507179,"events":[{"timestamp":20.507179,"type":"JOB_COMPLETED","data":{"job_id":"ff6079!119","job_state":"COMPLETED_SUCCESSFULLY","return_code":0,"kill_reason":"","alloc":"60-63"}}]}'
Sending '{"now":20.507179,"events":[{"timestamp":20.507179,"type":"EXECUTE_JOB","data":{"job_id":"ff6079!121","alloc":"60-63"}}]}'
Received '{"now":20.563141,"events":[{"timestamp":20.563141,"type":"JOB_SUBMITTED","data":{"job_id":"ff6079!135","job":{"id":"ff6079!135","profile":"SP.S.4","res":4,"subtime":20.555335,"walltime":4200}}}]}'
Sending '{"now":20.563141,"events":[]}'
Received '{"now":20.864415,"events":[{"timestamp":20.864415,"type":"JOB_SUBMITTED","data":{"job_id":"ff6079!136","job":{"id":"ff6079!136","profile":"FT.S.4","res":4,"subtime":20.856609,"walltime":4200}}}]}'
Sending '{"now":20.864415,"events":[]}'
Received '{"now":20.942601,"events":[{"timestamp":20.942601,"type":"JOB_COMPLETED","data":{"job_id":"ff6079!117","job_state":"COMPLETED_SUCCESSFULLY","return_code":0,"kill_reason":"","alloc":"52-55"}}]}'
Sending '{"now":20.942601,"events":[{"timestamp":20.942601,"type":"EXECUTE_JOB","data":{"job_id":"ff6079!122","alloc":"52-55"}}]}'
Received '{"now":20.966019,"events":[{"timestamp":20.958213,"type":"JOB_SUBMITTED","data":{"job_id":"ff6079!137","job":{"id":"ff6079!137","profile":"BT.S.16","res":16,"subtime":20.944561,"walltime":4200}}}]}'
Sending '{"now":20.966019,"events":[]}'
Received '{"now":21.067911,"events":[{"timestamp":21.067911,"type":"JOB_COMPLETED","data":{"job_id":"ff6079!122","job_state":"COMPLETED_SUCCESSFULLY","return_code":0,"kill_reason":"","alloc":"52-55"}}]}'
Sending '{"now":21.067911,"events":[{"timestamp":21.067911,"type":"EXECUTE_JOB","data":{"job_id":"ff6079!123","alloc":"52-55"}}]}'
Received '{"now":21.091329,"events":[{"timestamp":21.075717,"type":"JOB_SUBMITTED","data":{"job_id":"ff6079!138","job":{"id":"ff6079!138","profile":"LU.S.4","res":4,"subtime":21.066691,"walltime":4200}}}]}'
Sending '{"now":21.091329,"events":[]}'
Received '{"now":21.112796,"events":[{"timestamp":21.104990,"type":"JOB_COMPLETED","data":{"job_id":"ff6079!39","job_state":"COMPLETED_SUCCESSFULLY","return_code":0,"kill_reason":"","alloc":"32-47"}}]}'
Sending '{"now":21.112796,"events":[{"timestamp":21.112796,"type":"EXECUTE_JOB","data":{"job_id":"ff6079!42","alloc":"32-47"}}]}'
Received '{"now":21.284680,"events":[{"timestamp":21.284680,"type":"JOB_COMPLETED","data":{"job_id":"ff6079!118","job_state":"COMPLETED_SUCCESSFULLY","return_code":0,"kill_reason":"","alloc":"56-59"}}]}'
Sending '{"now":21.28468,"events":[{"timestamp":21.28468,"type":"EXECUTE_JOB","data":{"job_id":"ff6079!124","alloc":"56-59"}}]}'
Received '{"now":21.556420,"events":[{"timestamp":21.556420,"type":"JOB_SUBMITTED","data":{"job_id":"ff6079!139","job":{"id":"ff6079!139","profile":"MG.S.4","res":4,"subtime":21.548614,"walltime":4200}}}]}'
Sending '{"now":21.55642,"events":[]}'
Received '{"now":21.575943,"events":[{"timestamp":21.575943,"type":"JOB_SUBMITTED","data":{"job_id":"ff6079!140","job":{"id":"ff6079!140","profile":"CG.S.4","res":4,"subtime":21.568137,"walltime":4200}}}]}'
Sending '{"now":21.575943,"events":[]}'
Received '{"now":21.628921,"events":[{"timestamp":21.628921,"type":"JOB_COMPLETED","data":{"job_id":"ff6079!121","job_state":"COMPLETED_SUCCESSFULLY","return_code":0,"kill_reason":"","alloc":"60-63"}}]}'
Sending '{"now":21.628921,"events":[{"timestamp":21.628921,"type":"EXECUTE_JOB","data":{"job_id":"ff6079!126","alloc":"60-63"}}]}'
Received '{"now":21.658194,"events":[{"timestamp":21.642582,"type":"JOB_COMPLETED","data":{"job_id":"ff6079!123","job_state":"COMPLETED_SUCCESSFULLY","return_code":0,"kill_reason":"","alloc":"52-55"}}]}'
Sending '{"now":21.658194,"events":[{"timestamp":21.658194,"type":"EXECUTE_JOB","data":{"job_id":"ff6079!127","alloc":"52-55"}}]}'
Received '{"now":21.724350,"events":[{"timestamp":21.724350,"type":"JOB_COMPLETED","data":{"job_id":"ff6079!40","job_state":"COMPLETED_SUCCESSFULLY","return_code":0,"kill_reason":"","alloc":"0-15"}}]}'
Sending '{"now":21.72435,"events":[{"timestamp":21.72435,"type":"EXECUTE_JOB","data":{"job_id":"ff6079!44","alloc":"0-15"}}]}'
Received '{"now":21.844295,"events":[{"timestamp":21.844295,"type":"JOB_COMPLETED","data":{"job_id":"ff6079!124","job_state":"COMPLETED_SUCCESSFULLY","return_code":0,"kill_reason":"","alloc":"56-59"}}]}'
Sending '{"now":21.844295,"events":[{"timestamp":21.844295,"type":"EXECUTE_JOB","data":{"job_id":"ff6079!129","alloc":"56-59"}}]}'
Received '{"now":21.956749,"events":[{"timestamp":21.956749,"type":"JOB_COMPLETED","data":{"job_id":"ff6079!116","job_state":"COMPLETED_SUCCESSFULLY","return_code":0,"kill_reason":"","alloc":"48-51"}}]}'
Sending '{"now":21.956749,"events":[{"timestamp":21.956749,"type":"EXECUTE_JOB","data":{"job_id":"ff6079!132","alloc":"48-51"}}]}'
Received '{"now":22.135894,"events":[{"timestamp":22.135894,"type":"JOB_COMPLETED","data":{"job_id":"ff6079!132","job_state":"COMPLETED_SUCCESSFULLY","return_code":0,"kill_reason":"","alloc":"48-51"}}]}'
Sending '{"now":22.135894,"events":[{"timestamp":22.135894,"type":"EXECUTE_JOB","data":{"job_id":"ff6079!135","alloc":"48-51"}}]}'
Received '{"now":22.312874,"events":[{"timestamp":22.312874,"type":"JOB_COMPLETED","data":{"job_id":"ff6079!126","job_state":"COMPLETED_SUCCESSFULLY","return_code":0,"kill_reason":"","alloc":"60-63"}}]}'
Sending '{"now":22.312874,"events":[{"timestamp":22.312874,"type":"EXECUTE_JOB","data":{"job_id":"ff6079!136","alloc":"60-63"}}]}'
Received '{"now":22.403905,"events":[{"timestamp":22.403905,"type":"JOB_COMPLETED","data":{"job_id":"ff6079!129","job_state":"COMPLETED_SUCCESSFULLY","return_code":0,"kill_reason":"","alloc":"56-59"}}]}'
Sending '{"now":22.403905,"events":[{"timestamp":22.403905,"type":"EXECUTE_JOB","data":{"job_id":"ff6079!138","alloc":"56-59"}}]}'
Received '{"now":22.491984,"events":[{"timestamp":22.491984,"type":"JOB_COMPLETED","data":{"job_id":"ff6079!136","job_state":"COMPLETED_SUCCESSFULLY","return_code":0,"kill_reason":"","alloc":"60-63"}}]}'
Sending '{"now":22.491984,"events":[{"timestamp":22.491984,"type":"EXECUTE_JOB","data":{"job_id":"ff6079!139","alloc":"60-63"}}]}'
Received '{"now":22.888947,"events":[{"timestamp":22.888947,"type":"JOB_COMPLETED","data":{"job_id":"ff6079!127","job_state":"COMPLETED_SUCCESSFULLY","return_code":0,"kill_reason":"","alloc":"52-55"}}]}'
Sending '{"now":22.888947,"events":[{"timestamp":22.888947,"type":"EXECUTE_JOB","data":{"job_id":"ff6079!140","alloc":"52-55"}}]}'
Received '{"now":23.051653,"events":[{"timestamp":23.051653,"type":"JOB_COMPLETED","data":{"job_id":"ff6079!139","job_state":"COMPLETED_SUCCESSFULLY","return_code":0,"kill_reason":"","alloc":"60-63"}}]}'
Sending '{"now":23.051653,"events":[]}'
Received '{"now":23.366300,"events":[{"timestamp":23.366300,"type":"JOB_COMPLETED","data":{"job_id":"ff6079!135","job_state":"COMPLETED_SUCCESSFULLY","return_code":0,"kill_reason":"","alloc":"48-51"}}]}'
Sending '{"now":23.3663,"events":[]}'
Received '{"now":24.011037,"events":[{"timestamp":24.011037,"type":"JOB_COMPLETED","data":{"job_id":"ff6079!140","job_state":"COMPLETED_SUCCESSFULLY","return_code":0,"kill_reason":"","alloc":"52-55"}}]}'
Sending '{"now":24.011037,"events":[]}'
Received '{"now":24.695363,"events":[{"timestamp":24.695363,"type":"JOB_COMPLETED","data":{"job_id":"ff6079!42","job_state":"COMPLETED_SUCCESSFULLY","return_code":0,"kill_reason":"","alloc":"32-47"}}]}'
Sending '{"now":24.695363,"events":[{"timestamp":24.695363,"type":"EXECUTE_JOB","data":{"job_id":"ff6079!45","alloc":"32-47"}}]}'
Received '{"now":24.821067,"events":[{"timestamp":24.821067,"type":"JOB_COMPLETED","data":{"job_id":"ff6079!138","job_state":"COMPLETED_SUCCESSFULLY","return_code":0,"kill_reason":"","alloc":"56-59"}}]}'
Sending '{"now":24.821067,"events":[{"timestamp":24.821067,"type":"EXECUTE_JOB","data":{"job_id":"ff6079!48","alloc":"48-63"}}]}'
Received '{"now":25.018810,"events":[{"timestamp":25.018810,"type":"JOB_COMPLETED","data":{"job_id":"ff6079!45","job_state":"COMPLETED_SUCCESSFULLY","return_code":0,"kill_reason":"","alloc":"32-47"}}]}'
Sending '{"now":25.01881,"events":[{"timestamp":25.01881,"type":"EXECUTE_JOB","data":{"job_id":"ff6079!50","alloc":"32-47"}}]}'
Received '{"now":26.078518,"events":[{"timestamp":26.078518,"type":"JOB_COMPLETED","data":{"job_id":"ff6079!50","job_state":"COMPLETED_SUCCESSFULLY","return_code":0,"kill_reason":"","alloc":"32-47"}}]}'
Sending '{"now":26.078518,"events":[{"timestamp":26.078518,"type":"EXECUTE_JOB","data":{"job_id":"ff6079!53","alloc":"32-47"}}]}'
Received '{"now":26.263879,"events":[{"timestamp":26.263879,"type":"JOB_COMPLETED","data":{"job_id":"ff6079!53","job_state":"COMPLETED_SUCCESSFULLY","return_code":0,"kill_reason":"","alloc":"32-47"}}]}'
Sending '{"now":26.263879,"events":[{"timestamp":26.263879,"type":"EXECUTE_JOB","data":{"job_id":"ff6079!54","alloc":"32-47"}}]}'
Received '{"now":26.490946,"events":[{"timestamp":26.490946,"type":"JOB_COMPLETED","data":{"job_id":"ff6079!41","job_state":"COMPLETED_SUCCESSFULLY","return_code":0,"kill_reason":"","alloc":"16-31"}}]}'
Sending '{"now":26.490946,"events":[{"timestamp":26.490946,"type":"EXECUTE_JOB","data":{"job_id":"ff6079!55","alloc":"16-31"}}]}'
Received '{"now":27.902272,"events":[{"timestamp":27.902272,"type":"JOB_COMPLETED","data":{"job_id":"ff6079!44","job_state":"COMPLETED_SUCCESSFULLY","return_code":0,"kill_reason":"","alloc":"0-15"}}]}'
Sending '{"now":27.902272,"events":[{"timestamp":27.902272,"type":"EXECUTE_JOB","data":{"job_id":"ff6079!56","alloc":"0-15"}}]}'
Received '{"now":28.087476,"events":[{"timestamp":28.087476,"type":"JOB_COMPLETED","data":{"job_id":"ff6079!56","job_state":"COMPLETED_SUCCESSFULLY","return_code":0,"kill_reason":"","alloc":"0-15"}}]}'
Sending '{"now":28.087476,"events":[{"timestamp":28.087476,"type":"EXECUTE_JOB","data":{"job_id":"ff6079!62","alloc":"0-15"}}]}'
Received '{"now":28.402634,"events":[{"timestamp":28.402634,"type":"JOB_COMPLETED","data":{"job_id":"ff6079!48","job_state":"COMPLETED_SUCCESSFULLY","return_code":0,"kill_reason":"","alloc":"48-63"}}]}'
Sending '{"now":28.402634,"events":[{"timestamp":28.402634,"type":"EXECUTE_JOB","data":{"job_id":"ff6079!66","alloc":"48-63"}}]}'
Received '{"now":28.431901,"events":[{"timestamp":28.416295,"type":"JOB_COMPLETED","data":{"job_id":"ff6079!62","job_state":"COMPLETED_SUCCESSFULLY","return_code":0,"kill_reason":"","alloc":"0-15"}}]}'
Sending '{"now":28.431901,"events":[{"timestamp":28.431901,"type":"EXECUTE_JOB","data":{"job_id":"ff6079!67","alloc":"0-15"}}]}'
Received '{"now":29.431616,"events":[{"timestamp":29.431616,"type":"JOB_COMPLETED","data":{"job_id":"ff6079!54","job_state":"COMPLETED_SUCCESSFULLY","return_code":0,"kill_reason":"","alloc":"32-47"}}]}'
Sending '{"now":29.431616000000003,"events":[{"timestamp":29.431616000000003,"type":"EXECUTE_JOB","data":{"job_id":"ff6079!69","alloc":"32-47"}}]}'
Received '{"now":29.490876,"events":[{"timestamp":29.490876,"type":"JOB_COMPLETED","data":{"job_id":"ff6079!67","job_state":"COMPLETED_SUCCESSFULLY","return_code":0,"kill_reason":"","alloc":"0-15"}}]}'
Sending '{"now":29.490876,"events":[{"timestamp":29.490876,"type":"EXECUTE_JOB","data":{"job_id":"ff6079!72","alloc":"0-15"}}]}'
Received '{"now":30.490843,"events":[{"timestamp":30.490843,"type":"JOB_COMPLETED","data":{"job_id":"ff6079!69","job_state":"COMPLETED_SUCCESSFULLY","return_code":0,"kill_reason":"","alloc":"32-47"}}]}'
Sending '{"now":30.490843,"events":[{"timestamp":30.490843,"type":"EXECUTE_JOB","data":{"job_id":"ff6079!75","alloc":"32-47"}}]}'
Received '{"now":31.550023,"events":[{"timestamp":31.550023,"type":"JOB_COMPLETED","data":{"job_id":"ff6079!75","job_state":"COMPLETED_SUCCESSFULLY","return_code":0,"kill_reason":"","alloc":"32-47"}}]}'
Sending '{"now":31.550023,"events":[{"timestamp":31.550023,"type":"EXECUTE_JOB","data":{"job_id":"ff6079!77","alloc":"32-47"}}]}'
Received '{"now":31.872995,"events":[{"timestamp":31.872995,"type":"JOB_COMPLETED","data":{"job_id":"ff6079!77","job_state":"COMPLETED_SUCCESSFULLY","return_code":0,"kill_reason":"","alloc":"32-47"}}]}'
Sending '{"now":31.872995,"events":[{"timestamp":31.872995,"type":"EXECUTE_JOB","data":{"job_id":"ff6079!83","alloc":"32-47"}}]}'
Received '{"now":32.058232,"events":[{"timestamp":32.058232,"type":"JOB_COMPLETED","data":{"job_id":"ff6079!83","job_state":"COMPLETED_SUCCESSFULLY","return_code":0,"kill_reason":"","alloc":"32-47"}}]}'
Sending '{"now":32.058232,"events":[{"timestamp":32.058232,"type":"EXECUTE_JOB","data":{"job_id":"ff6079!84","alloc":"32-47"}}]}'
Received '{"now":32.322892,"events":[{"timestamp":32.322892,"type":"JOB_COMPLETED","data":{"job_id":"ff6079!55","job_state":"COMPLETED_SUCCESSFULLY","return_code":0,"kill_reason":"","alloc":"16-31"}}]}'
Sending '{"now":32.322892,"events":[{"timestamp":32.322892,"type":"EXECUTE_JOB","data":{"job_id":"ff6079!86","alloc":"16-31"}}]}'
Received '{"now":33.117834,"events":[{"timestamp":33.117834,"type":"JOB_COMPLETED","data":{"job_id":"ff6079!84","job_state":"COMPLETED_SUCCESSFULLY","return_code":0,"kill_reason":"","alloc":"32-47"}}]}'
Sending '{"now":33.117834,"events":[{"timestamp":33.117834,"type":"EXECUTE_JOB","data":{"job_id":"ff6079!87","alloc":"32-47"}}]}'
Received '{"now":33.382524,"events":[{"timestamp":33.382524,"type":"JOB_COMPLETED","data":{"job_id":"ff6079!86","job_state":"COMPLETED_SUCCESSFULLY","return_code":0,"kill_reason":"","alloc":"16-31"}}]}'
Sending '{"now":33.382524,"events":[{"timestamp":33.382524,"type":"EXECUTE_JOB","data":{"job_id":"ff6079!90","alloc":"16-31"}}]}'
Received '{"now":34.593457,"events":[{"timestamp":34.593457,"type":"JOB_COMPLETED","data":{"job_id":"ff6079!66","job_state":"COMPLETED_SUCCESSFULLY","return_code":0,"kill_reason":"","alloc":"48-63"}}]}'
Sending '{"now":34.593457,"events":[{"timestamp":34.593457,"type":"EXECUTE_JOB","data":{"job_id":"ff6079!92","alloc":"48-63"}}]}'
Received '{"now":35.652983,"events":[{"timestamp":35.652983,"type":"JOB_COMPLETED","data":{"job_id":"ff6079!92","job_state":"COMPLETED_SUCCESSFULLY","return_code":0,"kill_reason":"","alloc":"48-63"}}]}'
Sending '{"now":35.652983,"events":[{"timestamp":35.652983,"type":"EXECUTE_JOB","data":{"job_id":"ff6079!97","alloc":"48-63"}}]}'
Received '{"now":35.682260,"events":[{"timestamp":35.674454,"type":"JOB_COMPLETED","data":{"job_id":"ff6079!72","job_state":"COMPLETED_SUCCESSFULLY","return_code":0,"kill_reason":"","alloc":"0-15"}}]}'
Sending '{"now":35.68226,"events":[{"timestamp":35.68226,"type":"EXECUTE_JOB","data":{"job_id":"ff6079!98","alloc":"0-15"}}]}'
Received '{"now":36.285096,"events":[{"timestamp":36.285096,"type":"JOB_COMPLETED","data":{"job_id":"ff6079!87","job_state":"COMPLETED_SUCCESSFULLY","return_code":0,"kill_reason":"","alloc":"32-47"}}]}'
Sending '{"now":36.285096,"events":[{"timestamp":36.285096,"type":"EXECUTE_JOB","data":{"job_id":"ff6079!99","alloc":"32-47"}}]}'
Received '{"now":39.235903,"events":[{"timestamp":39.235903,"type":"JOB_COMPLETED","data":{"job_id":"ff6079!97","job_state":"COMPLETED_SUCCESSFULLY","return_code":0,"kill_reason":"","alloc":"48-63"}}]}'
Sending '{"now":39.235903,"events":[{"timestamp":39.235903,"type":"EXECUTE_JOB","data":{"job_id":"ff6079!104","alloc":"48-63"}}]}'
Received '{"now":39.265176,"events":[{"timestamp":39.265176,"type":"JOB_COMPLETED","data":{"job_id":"ff6079!98","job_state":"COMPLETED_SUCCESSFULLY","return_code":0,"kill_reason":"","alloc":"0-15"}}]}'
Sending '{"now":39.265176,"events":[{"timestamp":39.265176,"type":"EXECUTE_JOB","data":{"job_id":"ff6079!105","alloc":"0-15"}}]}'
Received '{"now":39.559327,"events":[{"timestamp":39.559327,"type":"JOB_COMPLETED","data":{"job_id":"ff6079!104","job_state":"COMPLETED_SUCCESSFULLY","return_code":0,"kill_reason":"","alloc":"48-63"}}]}'
Sending '{"now":39.559327,"events":[{"timestamp":39.559327,"type":"EXECUTE_JOB","data":{"job_id":"ff6079!108","alloc":"48-63"}}]}'
Received '{"now":39.588599,"events":[{"timestamp":39.572987,"type":"JOB_COMPLETED","data":{"job_id":"ff6079!90","job_state":"COMPLETED_SUCCESSFULLY","return_code":0,"kill_reason":"","alloc":"16-31"}}]}'
Sending '{"now":39.588599,"events":[{"timestamp":39.588599,"type":"EXECUTE_JOB","data":{"job_id":"ff6079!109","alloc":"16-31"}}]}'
Received '{"now":42.464234,"events":[{"timestamp":42.464234,"type":"JOB_COMPLETED","data":{"job_id":"ff6079!99","job_state":"COMPLETED_SUCCESSFULLY","return_code":0,"kill_reason":"","alloc":"32-47"}}]}'
Sending '{"now":42.464234,"events":[{"timestamp":42.464234,"type":"EXECUTE_JOB","data":{"job_id":"ff6079!111","alloc":"32-47"}}]}'
Received '{"now":42.848202,"events":[{"timestamp":42.848202,"type":"JOB_COMPLETED","data":{"job_id":"ff6079!105","job_state":"COMPLETED_SUCCESSFULLY","return_code":0,"kill_reason":"","alloc":"0-15"}}]}'
Sending '{"now":42.848202,"events":[{"timestamp":42.848202,"type":"EXECUTE_JOB","data":{"job_id":"ff6079!115","alloc":"0-15"}}]}'
Received '{"now":43.171530,"events":[{"timestamp":43.171530,"type":"JOB_COMPLETED","data":{"job_id":"ff6079!109","job_state":"COMPLETED_SUCCESSFULLY","return_code":0,"kill_reason":"","alloc":"16-31"}}]}'
Sending '{"now":43.17153,"events":[{"timestamp":43.17153,"type":"EXECUTE_JOB","data":{"job_id":"ff6079!120","alloc":"16-31"}}]}'
Received '{"now":43.523799,"events":[{"timestamp":43.523799,"type":"JOB_COMPLETED","data":{"job_id":"ff6079!111","job_state":"COMPLETED_SUCCESSFULLY","return_code":0,"kill_reason":"","alloc":"32-47"}}]}'
Sending '{"now":43.523799,"events":[{"timestamp":43.523799,"type":"EXECUTE_JOB","data":{"job_id":"ff6079!125","alloc":"32-47"}}]}'
Received '{"now":44.583339,"events":[{"timestamp":44.583339,"type":"JOB_COMPLETED","data":{"job_id":"ff6079!125","job_state":"COMPLETED_SUCCESSFULLY","return_code":0,"kill_reason":"","alloc":"32-47"}}]}'
Sending '{"now":44.583339,"events":[{"timestamp":44.583339,"type":"EXECUTE_JOB","data":{"job_id":"ff6079!128","alloc":"32-47"}}]}'
Received '{"now":44.768613,"events":[{"timestamp":44.768613,"type":"JOB_COMPLETED","data":{"job_id":"ff6079!128","job_state":"COMPLETED_SUCCESSFULLY","return_code":0,"kill_reason":"","alloc":"32-47"}}]}'
Sending '{"now":44.768613,"events":[{"timestamp":44.768613,"type":"EXECUTE_JOB","data":{"job_id":"ff6079!130","alloc":"32-47"}}]}'
Received '{"now":45.091995,"events":[{"timestamp":45.091995,"type":"JOB_COMPLETED","data":{"job_id":"ff6079!130","job_state":"COMPLETED_SUCCESSFULLY","return_code":0,"kill_reason":"","alloc":"32-47"}}]}'
Sending '{"now":45.091995,"events":[{"timestamp":45.091995,"type":"EXECUTE_JOB","data":{"job_id":"ff6079!131","alloc":"32-47"}}]}'
Received '{"now":45.751682,"events":[{"timestamp":45.751682,"type":"JOB_COMPLETED","data":{"job_id":"ff6079!108","job_state":"COMPLETED_SUCCESSFULLY","return_code":0,"kill_reason":"","alloc":"48-63"}}]}'
Sending '{"now":45.751682,"events":[{"timestamp":45.751682,"type":"EXECUTE_JOB","data":{"job_id":"ff6079!133","alloc":"48-63"}}]}'
Received '{"now":45.936981,"events":[{"timestamp":45.936981,"type":"JOB_COMPLETED","data":{"job_id":"ff6079!133","job_state":"COMPLETED_SUCCESSFULLY","return_code":0,"kill_reason":"","alloc":"48-63"}}]}'
Sending '{"now":45.936981,"events":[{"timestamp":45.936981,"type":"EXECUTE_JOB","data":{"job_id":"ff6079!134","alloc":"48-63"}}]}'
Received '{"now":46.015518,"events":[{"timestamp":46.015518,"type":"JOB_COMPLETED","data":{"job_id":"ff6079!115","job_state":"COMPLETED_SUCCESSFULLY","return_code":0,"kill_reason":"","alloc":"0-15"}}]}'
Sending '{"now":46.015518,"events":[{"timestamp":46.015518,"type":"EXECUTE_JOB","data":{"job_id":"ff6079!137","alloc":"0-15"}}]}'
Received '{"now":49.182944,"events":[{"timestamp":49.182944,"type":"JOB_COMPLETED","data":{"job_id":"ff6079!137","job_state":"COMPLETED_SUCCESSFULLY","return_code":0,"kill_reason":"","alloc":"0-15"}}]}'
Sending '{"now":49.182944,"events":[]}'
Received '{"now":49.349873,"events":[{"timestamp":49.349873,"type":"JOB_COMPLETED","data":{"job_id":"ff6079!120","job_state":"COMPLETED_SUCCESSFULLY","return_code":0,"kill_reason":"","alloc":"16-31"}}]}'
Sending '{"now":49.349873,"events":[]}'
Received '{"now":51.270679,"events":[{"timestamp":51.270679,"type":"JOB_COMPLETED","data":{"job_id":"ff6079!131","job_state":"COMPLETED_SUCCESSFULLY","return_code":0,"kill_reason":"","alloc":"32-47"}}]}'
Sending '{"now":51.270679,"events":[]}'
Received '{"now":52.115831,"events":[{"timestamp":52.115831,"type":"JOB_COMPLETED","data":{"job_id":"ff6079!134","job_state":"COMPLETED_SUCCESSFULLY","return_code":0,"kill_reason":"","alloc":"48-63"}},{"timestamp":52.115831,"type":"SIMULATION_ENDS","data":{}}]}'
Sending '{"now":52.115831,"events":[]}'
