%EventDef PajeDefineContainerType 1
% Type string
% Alias string
% Name string
%EndEventDef

%EventDef PajeCreateContainer 2
% Time date 
% Type string  
% Alias string 
% Name string   
% Container string  
%EndEventDef

%EventDef PajeDestroyContainer 3
% Time date
% Name string 
% Type string
%EndEventDef

%EventDef PajeDefineStateType 4
% Alias string 
% Type string 
% Name string 
%EndEventDef

%EventDef PajeDefineEntityValue 5
% Alias string  
% Type string  
% Name string  
% Color color 
%EndEventDef

%EventDef PajeSetState 6
% Time date  
% Type string  
% Container string  
% Value string  
%EndEventDef 

%EventDef PajeDefineEventType 7
% Type string
% Alias string
% Name string
%EndEventDef

%EventDef PajeNewEvent 8
% Time date
% Type string
% Container string
% Value string
%EndEventDef

%EventDef PajeDefineVariableType 9
% Type string
% Alias string
% Name string
% Color string
%EndEventDef

%EventDef PajeSetVariable 10
% Time date
% Type string
% Container string
% Value double
%EndEventDef

# Container types creation
1 0 root_ct "Machines"
1 root_ct machine_ct "Machine"
1 0 scheduler_ct "Scheduler"
1 scheduler_ct killer_ct "Killer"

# Event types creation
7 killer_ct kk "Job kill"
7 machine_ct km "Job kill"

# Variable types creation
9 scheduler_ct vu_vt "Utilization" "0.0 0.5 0.0"

# Containers creation
2 0.000000 root_ct root "Machines" 0
2 0.000000 machine_ct m0 "n1" root
2 0.000000 machine_ct m1 "n2" root
2 0.000000 machine_ct m2 "n3" root
2 0.000000 machine_ct m3 "n4" root
2 0.000000 machine_ct m4 "n5" root
2 0.000000 machine_ct m5 "n6" root
2 0.000000 machine_ct m6 "n7" root
2 0.000000 machine_ct m7 "n8" root
2 0.000000 machine_ct m8 "n9" root
2 0.000000 machine_ct m9 "n10" root
2 0.000000 machine_ct m10 "n11" root
2 0.000000 machine_ct m11 "n12" root
2 0.000000 machine_ct m12 "n13" root
2 0.000000 machine_ct m13 "n14" root
2 0.000000 machine_ct m14 "n15" root
2 0.000000 machine_ct m15 "n16" root
2 0.000000 machine_ct m16 "n17" root
2 0.000000 machine_ct m17 "n18" root
2 0.000000 machine_ct m18 "n19" root
2 0.000000 machine_ct m19 "n20" root
2 0.000000 machine_ct m20 "n21" root
2 0.000000 machine_ct m21 "n22" root
2 0.000000 machine_ct m22 "n23" root
2 0.000000 machine_ct m23 "n24" root
2 0.000000 machine_ct m24 "n25" root
2 0.000000 machine_ct m25 "n26" root
2 0.000000 machine_ct m26 "n27" root
2 0.000000 machine_ct m27 "n28" root
2 0.000000 machine_ct m28 "n29" root
2 0.000000 machine_ct m29 "n30" root
2 0.000000 machine_ct m30 "n31" root
2 0.000000 machine_ct m31 "n32" root
2 0.000000 machine_ct m32 "n33" root
2 0.000000 machine_ct m33 "n34" root
2 0.000000 machine_ct m34 "n35" root
2 0.000000 machine_ct m35 "n36" root
2 0.000000 machine_ct m36 "n37" root
2 0.000000 machine_ct m37 "n38" root
2 0.000000 machine_ct m38 "n39" root
2 0.000000 machine_ct m39 "n40" root
2 0.000000 machine_ct m40 "n41" root
2 0.000000 machine_ct m41 "n42" root
2 0.000000 machine_ct m42 "n43" root
2 0.000000 machine_ct m43 "n44" root
2 0.000000 machine_ct m44 "n45" root
2 0.000000 machine_ct m45 "n46" root
2 0.000000 machine_ct m46 "n47" root
2 0.000000 machine_ct m47 "n48" root
2 0.000000 machine_ct m48 "n49" root
2 0.000000 machine_ct m49 "n50" root
2 0.000000 machine_ct m50 "n51" root
2 0.000000 machine_ct m51 "n52" root
2 0.000000 machine_ct m52 "n53" root
2 0.000000 machine_ct m53 "n54" root
2 0.000000 machine_ct m54 "n55" root
2 0.000000 machine_ct m55 "n56" root
2 0.000000 machine_ct m56 "n57" root
2 0.000000 machine_ct m57 "n58" root
2 0.000000 machine_ct m58 "n59" root
2 0.000000 machine_ct m59 "n60" root
2 0.000000 machine_ct m60 "n61" root
2 0.000000 machine_ct m61 "n62" root
2 0.000000 machine_ct m62 "n63" root
2 0.000000 machine_ct m63 "n64" root
2 0.000000 scheduler_ct sc "Scheduler" 0
2 0.000000 killer_ct k "Killer" sc

# States creation
4 machine_state machine_ct "Machine state"

# Creation of the different values the machine state can be
5 w machine_state "Waiting" "0.0 0.0 0.0"
5 l machine_state "Launching" "0.3 0.3 0.3"

# Begin of events
6 0.000000 machine_state m0 w
6 0.000000 machine_state m1 w
6 0.000000 machine_state m2 w
6 0.000000 machine_state m3 w
6 0.000000 machine_state m4 w
6 0.000000 machine_state m5 w
6 0.000000 machine_state m6 w
6 0.000000 machine_state m7 w
6 0.000000 machine_state m8 w
6 0.000000 machine_state m9 w
6 0.000000 machine_state m10 w
6 0.000000 machine_state m11 w
6 0.000000 machine_state m12 w
6 0.000000 machine_state m13 w
6 0.000000 machine_state m14 w
6 0.000000 machine_state m15 w
6 0.000000 machine_state m16 w
6 0.000000 machine_state m17 w
6 0.000000 machine_state m18 w
6 0.000000 machine_state m19 w
6 0.000000 machine_state m20 w
6 0.000000 machine_state m21 w
6 0.000000 machine_state m22 w
6 0.000000 machine_state m23 w
6 0.000000 machine_state m24 w
6 0.000000 machine_state m25 w
6 0.000000 machine_state m26 w
6 0.000000 machine_state m27 w
6 0.000000 machine_state m28 w
6 0.000000 machine_state m29 w
6 0.000000 machine_state m30 w
6 0.000000 machine_state m31 w
6 0.000000 machine_state m32 w
6 0.000000 machine_state m33 w
6 0.000000 machine_state m34 w
6 0.000000 machine_state m35 w
6 0.000000 machine_state m36 w
6 0.000000 machine_state m37 w
6 0.000000 machine_state m38 w
6 0.000000 machine_state m39 w
6 0.000000 machine_state m40 w
6 0.000000 machine_state m41 w
6 0.000000 machine_state m42 w
6 0.000000 machine_state m43 w
6 0.000000 machine_state m44 w
6 0.000000 machine_state m45 w
6 0.000000 machine_state m46 w
6 0.000000 machine_state m47 w
6 0.000000 machine_state m48 w
6 0.000000 machine_state m49 w
6 0.000000 machine_state m50 w
6 0.000000 machine_state m51 w
6 0.000000 machine_state m52 w
6 0.000000 machine_state m53 w
6 0.000000 machine_state m54 w
6 0.000000 machine_state m55 w
6 0.000000 machine_state m56 w
6 0.000000 machine_state m57 w
6 0.000000 machine_state m58 w
6 0.000000 machine_state m59 w
6 0.000000 machine_state m60 w
6 0.000000 machine_state m61 w
6 0.000000 machine_state m62 w
6 0.000000 machine_state m63 w
5 j4d0a44!1 machine_state "4d0a44!1" "0.000000 0.812500 1.000000"
6 0.118115 machine_state m0 j4d0a44!1
6 0.118115 machine_state m1 j4d0a44!1
6 0.118115 machine_state m2 j4d0a44!1
6 0.118115 machine_state m3 j4d0a44!1
5 j4d0a44!2 machine_state "4d0a44!2" "1.000000 0.000000 0.000000"
6 0.244767 machine_state m4 j4d0a44!2
6 0.244767 machine_state m5 j4d0a44!2
6 0.244767 machine_state m6 j4d0a44!2
6 0.244767 machine_state m7 j4d0a44!2
6 0.496427 machine_state m4 w
6 0.496427 machine_state m5 w
6 0.496427 machine_state m6 w
6 0.496427 machine_state m7 w
5 j4d0a44!3 machine_state "4d0a44!3" "1.000000 0.750000 0.000000"
6 0.823131 machine_state m4 j4d0a44!3
6 0.823131 machine_state m5 j4d0a44!3
6 0.823131 machine_state m6 j4d0a44!3
6 0.823131 machine_state m7 j4d0a44!3
5 j4d0a44!4 machine_state "4d0a44!4" "0.593750 0.000000 1.000000"
6 0.900497 machine_state m8 j4d0a44!4
6 0.900497 machine_state m9 j4d0a44!4
6 0.900497 machine_state m10 j4d0a44!4
6 0.900497 machine_state m11 j4d0a44!4
5 j4d0a44!5 machine_state "4d0a44!5" "0.000000 1.000000 0.062500"
6 0.900588 machine_state m12 j4d0a44!5
6 0.900588 machine_state m13 j4d0a44!5
6 0.900588 machine_state m14 j4d0a44!5
6 0.900588 machine_state m15 j4d0a44!5
6 0.900588 machine_state m16 j4d0a44!5
6 0.900588 machine_state m17 j4d0a44!5
6 0.900588 machine_state m18 j4d0a44!5
6 0.900588 machine_state m19 j4d0a44!5
6 0.900588 machine_state m20 j4d0a44!5
6 0.900588 machine_state m21 j4d0a44!5
6 0.900588 machine_state m22 j4d0a44!5
6 0.900588 machine_state m23 j4d0a44!5
6 0.900588 machine_state m24 j4d0a44!5
6 0.900588 machine_state m25 j4d0a44!5
6 0.900588 machine_state m26 j4d0a44!5
6 0.900588 machine_state m27 j4d0a44!5
6 0.930892 machine_state m0 w
6 0.930892 machine_state m1 w
6 0.930892 machine_state m2 w
6 0.930892 machine_state m3 w
6 1.001299 machine_state m4 w
6 1.001299 machine_state m5 w
6 1.001299 machine_state m6 w
6 1.001299 machine_state m7 w
6 1.158017 machine_state m8 w
6 1.158017 machine_state m9 w
6 1.158017 machine_state m10 w
6 1.158017 machine_state m11 w
6 1.229286 machine_state m12 w
6 1.229286 machine_state m13 w
6 1.229286 machine_state m14 w
6 1.229286 machine_state m15 w
6 1.229286 machine_state m16 w
6 1.229286 machine_state m17 w
6 1.229286 machine_state m18 w
6 1.229286 machine_state m19 w
6 1.229286 machine_state m20 w
6 1.229286 machine_state m21 w
6 1.229286 machine_state m22 w
6 1.229286 machine_state m23 w
6 1.229286 machine_state m24 w
6 1.229286 machine_state m25 w
6 1.229286 machine_state m26 w
6 1.229286 machine_state m27 w
5 j4d0a44!6 machine_state "4d0a44!6" "0.687500 0.000000 1.000000"
6 1.701967 machine_state m0 j4d0a44!6
6 1.701967 machine_state m1 j4d0a44!6
6 1.701967 machine_state m2 j4d0a44!6
6 1.701967 machine_state m3 j4d0a44!6
6 1.886495 machine_state m0 w
6 1.886495 machine_state m1 w
6 1.886495 machine_state m2 w
6 1.886495 machine_state m3 w
5 j4d0a44!7 machine_state "4d0a44!7" "0.968750 1.000000 0.000000"
6 2.472114 machine_state m0 j4d0a44!7
6 2.472114 machine_state m1 j4d0a44!7
6 2.472114 machine_state m2 j4d0a44!7
6 2.472114 machine_state m3 j4d0a44!7
5 j4d0a44!8 machine_state "4d0a44!8" "0.000000 1.000000 0.718750"
6 2.542780 machine_state m4 j4d0a44!8
6 2.542780 machine_state m5 j4d0a44!8
6 2.542780 machine_state m6 j4d0a44!8
6 2.542780 machine_state m7 j4d0a44!8
6 2.708519 machine_state m4 w
6 2.708519 machine_state m5 w
6 2.708519 machine_state m6 w
6 2.708519 machine_state m7 w
5 j4d0a44!9 machine_state "4d0a44!9" "0.593750 1.000000 0.000000"
6 2.779278 machine_state m4 j4d0a44!9
6 2.779278 machine_state m5 j4d0a44!9
6 2.779278 machine_state m6 j4d0a44!9
6 2.779278 machine_state m7 j4d0a44!9
6 2.858249 machine_state m4 w
6 2.858249 machine_state m5 w
6 2.858249 machine_state m6 w
6 2.858249 machine_state m7 w
5 j4d0a44!10 machine_state "4d0a44!10" "0.312500 0.000000 1.000000"
6 3.022906 machine_state m4 j4d0a44!10
6 3.022906 machine_state m5 j4d0a44!10
6 3.022906 machine_state m6 j4d0a44!10
6 3.022906 machine_state m7 j4d0a44!10
6 3.064264 machine_state m0 w
6 3.064264 machine_state m1 w
6 3.064264 machine_state m2 w
6 3.064264 machine_state m3 w
5 j4d0a44!11 machine_state "4d0a44!11" "1.000000 0.000000 0.093750"
6 3.535027 machine_state m8 j4d0a44!11
6 3.535027 machine_state m9 j4d0a44!11
6 3.535027 machine_state m10 j4d0a44!11
6 3.535027 machine_state m11 j4d0a44!11
6 3.535027 machine_state m12 j4d0a44!11
6 3.535027 machine_state m13 j4d0a44!11
6 3.535027 machine_state m14 j4d0a44!11
6 3.535027 machine_state m15 j4d0a44!11
6 3.535027 machine_state m16 j4d0a44!11
6 3.535027 machine_state m17 j4d0a44!11
6 3.535027 machine_state m18 j4d0a44!11
6 3.535027 machine_state m19 j4d0a44!11
6 3.535027 machine_state m20 j4d0a44!11
6 3.535027 machine_state m21 j4d0a44!11
6 3.535027 machine_state m22 j4d0a44!11
6 3.535027 machine_state m23 j4d0a44!11
6 3.559622 machine_state m4 w
6 3.559622 machine_state m5 w
6 3.559622 machine_state m6 w
6 3.559622 machine_state m7 w
5 j4d0a44!12 machine_state "4d0a44!12" "1.000000 0.000000 0.187500"
6 3.714422 machine_state m24 j4d0a44!12
6 3.714422 machine_state m25 j4d0a44!12
6 3.714422 machine_state m26 j4d0a44!12
6 3.714422 machine_state m27 j4d0a44!12
6 3.714422 machine_state m28 j4d0a44!12
6 3.714422 machine_state m29 j4d0a44!12
6 3.714422 machine_state m30 j4d0a44!12
6 3.714422 machine_state m31 j4d0a44!12
6 3.714422 machine_state m32 j4d0a44!12
6 3.714422 machine_state m33 j4d0a44!12
6 3.714422 machine_state m34 j4d0a44!12
6 3.714422 machine_state m35 j4d0a44!12
6 3.714422 machine_state m36 j4d0a44!12
6 3.714422 machine_state m37 j4d0a44!12
6 3.714422 machine_state m38 j4d0a44!12
6 3.714422 machine_state m39 j4d0a44!12
6 3.802168 machine_state m24 w
6 3.802168 machine_state m25 w
6 3.802168 machine_state m26 w
6 3.802168 machine_state m27 w
6 3.802168 machine_state m28 w
6 3.802168 machine_state m29 w
6 3.802168 machine_state m30 w
6 3.802168 machine_state m31 w
6 3.802168 machine_state m32 w
6 3.802168 machine_state m33 w
6 3.802168 machine_state m34 w
6 3.802168 machine_state m35 w
6 3.802168 machine_state m36 w
6 3.802168 machine_state m37 w
6 3.802168 machine_state m38 w
6 3.802168 machine_state m39 w
6 4.460763 machine_state m8 w
6 4.460763 machine_state m9 w
6 4.460763 machine_state m10 w
6 4.460763 machine_state m11 w
6 4.460763 machine_state m12 w
6 4.460763 machine_state m13 w
6 4.460763 machine_state m14 w
6 4.460763 machine_state m15 w
6 4.460763 machine_state m16 w
6 4.460763 machine_state m17 w
6 4.460763 machine_state m18 w
6 4.460763 machine_state m19 w
6 4.460763 machine_state m20 w
6 4.460763 machine_state m21 w
6 4.460763 machine_state m22 w
6 4.460763 machine_state m23 w
5 j4d0a44!13 machine_state "4d0a44!13" "1.000000 0.000000 0.937500"
6 4.639547 machine_state m0 j4d0a44!13
6 4.639547 machine_state m1 j4d0a44!13
6 4.639547 machine_state m2 j4d0a44!13
6 4.639547 machine_state m3 j4d0a44!13
6 4.639547 machine_state m4 j4d0a44!13
6 4.639547 machine_state m5 j4d0a44!13
6 4.639547 machine_state m6 j4d0a44!13
6 4.639547 machine_state m7 j4d0a44!13
6 4.639547 machine_state m8 j4d0a44!13
6 4.639547 machine_state m9 j4d0a44!13
6 4.639547 machine_state m10 j4d0a44!13
6 4.639547 machine_state m11 j4d0a44!13
6 4.639547 machine_state m12 j4d0a44!13
6 4.639547 machine_state m13 j4d0a44!13
6 4.639547 machine_state m14 j4d0a44!13
6 4.639547 machine_state m15 j4d0a44!13
5 j4d0a44!14 machine_state "4d0a44!14" "0.000000 0.156250 1.000000"
6 5.022029 machine_state m16 j4d0a44!14
6 5.022029 machine_state m17 j4d0a44!14
6 5.022029 machine_state m18 j4d0a44!14
6 5.022029 machine_state m19 j4d0a44!14
6 5.022029 machine_state m20 j4d0a44!14
6 5.022029 machine_state m21 j4d0a44!14
6 5.022029 machine_state m22 j4d0a44!14
6 5.022029 machine_state m23 j4d0a44!14
6 5.022029 machine_state m24 j4d0a44!14
6 5.022029 machine_state m25 j4d0a44!14
6 5.022029 machine_state m26 j4d0a44!14
6 5.022029 machine_state m27 j4d0a44!14
6 5.022029 machine_state m28 j4d0a44!14
6 5.022029 machine_state m29 j4d0a44!14
6 5.022029 machine_state m30 j4d0a44!14
6 5.022029 machine_state m31 j4d0a44!14
5 j4d0a44!15 machine_state "4d0a44!15" "0.000000 0.718750 1.000000"
6 5.047152 machine_state m32 j4d0a44!15
6 5.047152 machine_state m33 j4d0a44!15
6 5.047152 machine_state m34 j4d0a44!15
6 5.047152 machine_state m35 j4d0a44!15
6 5.047152 machine_state m36 j4d0a44!15
6 5.047152 machine_state m37 j4d0a44!15
6 5.047152 machine_state m38 j4d0a44!15
6 5.047152 machine_state m39 j4d0a44!15
6 5.047152 machine_state m40 j4d0a44!15
6 5.047152 machine_state m41 j4d0a44!15
6 5.047152 machine_state m42 j4d0a44!15
6 5.047152 machine_state m43 j4d0a44!15
6 5.047152 machine_state m44 j4d0a44!15
6 5.047152 machine_state m45 j4d0a44!15
6 5.047152 machine_state m46 j4d0a44!15
6 5.047152 machine_state m47 j4d0a44!15
5 j4d0a44!16 machine_state "4d0a44!16" "1.000000 0.000000 0.468750"
6 5.208689 machine_state m48 j4d0a44!16
6 5.208689 machine_state m49 j4d0a44!16
6 5.208689 machine_state m50 j4d0a44!16
6 5.208689 machine_state m51 j4d0a44!16
6 5.208689 machine_state m52 j4d0a44!16
6 5.208689 machine_state m53 j4d0a44!16
6 5.208689 machine_state m54 j4d0a44!16
6 5.208689 machine_state m55 j4d0a44!16
6 5.208689 machine_state m56 j4d0a44!16
6 5.208689 machine_state m57 j4d0a44!16
6 5.208689 machine_state m58 j4d0a44!16
6 5.208689 machine_state m59 j4d0a44!16
6 5.208689 machine_state m60 j4d0a44!16
6 5.208689 machine_state m61 j4d0a44!16
6 5.208689 machine_state m62 j4d0a44!16
6 5.208689 machine_state m63 j4d0a44!16
6 5.506805 machine_state m32 w
6 5.506805 machine_state m33 w
6 5.506805 machine_state m34 w
6 5.506805 machine_state m35 w
6 5.506805 machine_state m36 w
6 5.506805 machine_state m37 w
6 5.506805 machine_state m38 w
6 5.506805 machine_state m39 w
6 5.506805 machine_state m40 w
6 5.506805 machine_state m41 w
6 5.506805 machine_state m42 w
6 5.506805 machine_state m43 w
6 5.506805 machine_state m44 w
6 5.506805 machine_state m45 w
6 5.506805 machine_state m46 w
6 5.506805 machine_state m47 w
5 j4d0a44!17 machine_state "4d0a44!17" "0.000000 1.000000 0.812500"
6 5.507046 machine_state m32 j4d0a44!17
6 5.507046 machine_state m33 j4d0a44!17
6 5.507046 machine_state m34 j4d0a44!17
6 5.507046 machine_state m35 j4d0a44!17
6 5.507046 machine_state m36 j4d0a44!17
6 5.507046 machine_state m37 j4d0a44!17
6 5.507046 machine_state m38 j4d0a44!17
6 5.507046 machine_state m39 j4d0a44!17
6 5.507046 machine_state m40 j4d0a44!17
6 5.507046 machine_state m41 j4d0a44!17
6 5.507046 machine_state m42 j4d0a44!17
6 5.507046 machine_state m43 j4d0a44!17
6 5.507046 machine_state m44 j4d0a44!17
6 5.507046 machine_state m45 j4d0a44!17
6 5.507046 machine_state m46 j4d0a44!17
6 5.507046 machine_state m47 j4d0a44!17
6 5.511556 machine_state m16 w
6 5.511556 machine_state m17 w
6 5.511556 machine_state m18 w
6 5.511556 machine_state m19 w
6 5.511556 machine_state m20 w
6 5.511556 machine_state m21 w
6 5.511556 machine_state m22 w
6 5.511556 machine_state m23 w
6 5.511556 machine_state m24 w
6 5.511556 machine_state m25 w
6 5.511556 machine_state m26 w
6 5.511556 machine_state m27 w
6 5.511556 machine_state m28 w
6 5.511556 machine_state m29 w
6 5.511556 machine_state m30 w
6 5.511556 machine_state m31 w
5 j4d0a44!18 machine_state "4d0a44!18" "0.000000 0.906250 1.000000"
6 5.628466 machine_state m16 j4d0a44!18
6 5.628466 machine_state m17 j4d0a44!18
6 5.628466 machine_state m18 j4d0a44!18
6 5.628466 machine_state m19 j4d0a44!18
6 5.628466 machine_state m20 j4d0a44!18
6 5.628466 machine_state m21 j4d0a44!18
6 5.628466 machine_state m22 j4d0a44!18
6 5.628466 machine_state m23 j4d0a44!18
6 5.628466 machine_state m24 j4d0a44!18
6 5.628466 machine_state m25 j4d0a44!18
6 5.628466 machine_state m26 j4d0a44!18
6 5.628466 machine_state m27 j4d0a44!18
6 5.628466 machine_state m28 j4d0a44!18
6 5.628466 machine_state m29 j4d0a44!18
6 5.628466 machine_state m30 j4d0a44!18
6 5.628466 machine_state m31 j4d0a44!18
6 5.639250 machine_state m0 w
6 5.639250 machine_state m1 w
6 5.639250 machine_state m2 w
6 5.639250 machine_state m3 w
6 5.639250 machine_state m4 w
6 5.639250 machine_state m5 w
6 5.639250 machine_state m6 w
6 5.639250 machine_state m7 w
6 5.639250 machine_state m8 w
6 5.639250 machine_state m9 w
6 5.639250 machine_state m10 w
6 5.639250 machine_state m11 w
6 5.639250 machine_state m12 w
6 5.639250 machine_state m13 w
6 5.639250 machine_state m14 w
6 5.639250 machine_state m15 w
5 j4d0a44!19 machine_state "4d0a44!19" "0.218750 0.000000 1.000000"
6 5.742033 machine_state m0 j4d0a44!19
6 5.742033 machine_state m1 j4d0a44!19
6 5.742033 machine_state m2 j4d0a44!19
6 5.742033 machine_state m3 j4d0a44!19
6 5.742033 machine_state m4 j4d0a44!19
6 5.742033 machine_state m5 j4d0a44!19
6 5.742033 machine_state m6 j4d0a44!19
6 5.742033 machine_state m7 j4d0a44!19
6 5.742033 machine_state m8 j4d0a44!19
6 5.742033 machine_state m9 j4d0a44!19
6 5.742033 machine_state m10 j4d0a44!19
6 5.742033 machine_state m11 j4d0a44!19
6 5.742033 machine_state m12 j4d0a44!19
6 5.742033 machine_state m13 j4d0a44!19
6 5.742033 machine_state m14 j4d0a44!19
6 5.742033 machine_state m15 j4d0a44!19
6 5.782854 machine_state m48 w
6 5.782854 machine_state m49 w
6 5.782854 machine_state m50 w
6 5.782854 machine_state m51 w
6 5.782854 machine_state m52 w
6 5.782854 machine_state m53 w
6 5.782854 machine_state m54 w
6 5.782854 machine_state m55 w
6 5.782854 machine_state m56 w
6 5.782854 machine_state m57 w
6 5.782854 machine_state m58 w
6 5.782854 machine_state m59 w
6 5.782854 machine_state m60 w
6 5.782854 machine_state m61 w
6 5.782854 machine_state m62 w
6 5.782854 machine_state m63 w
5 j4d0a44!20 machine_state "4d0a44!20" "0.031250 1.000000 0.000000"
6 5.888476 machine_state m48 j4d0a44!20
6 5.888476 machine_state m49 j4d0a44!20
6 5.888476 machine_state m50 j4d0a44!20
6 5.888476 machine_state m51 j4d0a44!20
6 5.914831 machine_state m32 w
6 5.914831 machine_state m33 w
6 5.914831 machine_state m34 w
6 5.914831 machine_state m35 w
6 5.914831 machine_state m36 w
6 5.914831 machine_state m37 w
6 5.914831 machine_state m38 w
6 5.914831 machine_state m39 w
6 5.914831 machine_state m40 w
6 5.914831 machine_state m41 w
6 5.914831 machine_state m42 w
6 5.914831 machine_state m43 w
6 5.914831 machine_state m44 w
6 5.914831 machine_state m45 w
6 5.914831 machine_state m46 w
6 5.914831 machine_state m47 w
6 6.114937 machine_state m0 w
6 6.114937 machine_state m1 w
6 6.114937 machine_state m2 w
6 6.114937 machine_state m3 w
6 6.114937 machine_state m4 w
6 6.114937 machine_state m5 w
6 6.114937 machine_state m6 w
6 6.114937 machine_state m7 w
6 6.114937 machine_state m8 w
6 6.114937 machine_state m9 w
6 6.114937 machine_state m10 w
6 6.114937 machine_state m11 w
6 6.114937 machine_state m12 w
6 6.114937 machine_state m13 w
6 6.114937 machine_state m14 w
6 6.114937 machine_state m15 w
6 6.373117 machine_state m48 w
6 6.373117 machine_state m49 w
6 6.373117 machine_state m50 w
6 6.373117 machine_state m51 w
6 6.576091 machine_state m16 w
6 6.576091 machine_state m17 w
6 6.576091 machine_state m18 w
6 6.576091 machine_state m19 w
6 6.576091 machine_state m20 w
6 6.576091 machine_state m21 w
6 6.576091 machine_state m22 w
6 6.576091 machine_state m23 w
6 6.576091 machine_state m24 w
6 6.576091 machine_state m25 w
6 6.576091 machine_state m26 w
6 6.576091 machine_state m27 w
6 6.576091 machine_state m28 w
6 6.576091 machine_state m29 w
6 6.576091 machine_state m30 w
6 6.576091 machine_state m31 w
5 j4d0a44!21 machine_state "4d0a44!21" "0.000000 1.000000 0.906250"
6 6.760789 machine_state m0 j4d0a44!21
6 6.760789 machine_state m1 j4d0a44!21
6 6.760789 machine_state m2 j4d0a44!21
6 6.760789 machine_state m3 j4d0a44!21
6 7.352918 machine_state m0 w
6 7.352918 machine_state m1 w
6 7.352918 machine_state m2 w
6 7.352918 machine_state m3 w
5 j4d0a44!22 machine_state "4d0a44!22" "0.781250 1.000000 0.000000"
6 7.672722 machine_state m0 j4d0a44!22
6 7.672722 machine_state m1 j4d0a44!22
6 7.672722 machine_state m2 j4d0a44!22
6 7.672722 machine_state m3 j4d0a44!22
5 j4d0a44!23 machine_state "4d0a44!23" "0.218750 1.000000 0.000000"
6 7.851492 machine_state m4 j4d0a44!23
6 7.851492 machine_state m5 j4d0a44!23
6 7.851492 machine_state m6 j4d0a44!23
6 7.851492 machine_state m7 j4d0a44!23
6 7.851492 machine_state m8 j4d0a44!23
6 7.851492 machine_state m9 j4d0a44!23
6 7.851492 machine_state m10 j4d0a44!23
6 7.851492 machine_state m11 j4d0a44!23
6 7.851492 machine_state m12 j4d0a44!23
6 7.851492 machine_state m13 j4d0a44!23
6 7.851492 machine_state m14 j4d0a44!23
6 7.851492 machine_state m15 j4d0a44!23
6 7.851492 machine_state m16 j4d0a44!23
6 7.851492 machine_state m17 j4d0a44!23
6 7.851492 machine_state m18 j4d0a44!23
6 7.851492 machine_state m19 j4d0a44!23
5 j4d0a44!24 machine_state "4d0a44!24" "0.000000 1.000000 0.437500"
6 8.047647 machine_state m20 j4d0a44!24
6 8.047647 machine_state m21 j4d0a44!24
6 8.047647 machine_state m22 j4d0a44!24
6 8.047647 machine_state m23 j4d0a44!24
6 8.295709 machine_state m20 w
6 8.295709 machine_state m21 w
6 8.295709 machine_state m22 w
6 8.295709 machine_state m23 w
6 8.483981 machine_state m0 w
6 8.483981 machine_state m1 w
6 8.483981 machine_state m2 w
6 8.483981 machine_state m3 w
6 8.832308 machine_state m4 w
6 8.832308 machine_state m5 w
6 8.832308 machine_state m6 w
6 8.832308 machine_state m7 w
6 8.832308 machine_state m8 w
6 8.832308 machine_state m9 w
6 8.832308 machine_state m10 w
6 8.832308 machine_state m11 w
6 8.832308 machine_state m12 w
6 8.832308 machine_state m13 w
6 8.832308 machine_state m14 w
6 8.832308 machine_state m15 w
6 8.832308 machine_state m16 w
6 8.832308 machine_state m17 w
6 8.832308 machine_state m18 w
6 8.832308 machine_state m19 w
5 j4d0a44!25 machine_state "4d0a44!25" "0.687500 1.000000 0.000000"
6 9.175981 machine_state m0 j4d0a44!25
6 9.175981 machine_state m1 j4d0a44!25
6 9.175981 machine_state m2 j4d0a44!25
6 9.175981 machine_state m3 j4d0a44!25
6 9.175981 machine_state m4 j4d0a44!25
6 9.175981 machine_state m5 j4d0a44!25
6 9.175981 machine_state m6 j4d0a44!25
6 9.175981 machine_state m7 j4d0a44!25
6 9.175981 machine_state m8 j4d0a44!25
6 9.175981 machine_state m9 j4d0a44!25
6 9.175981 machine_state m10 j4d0a44!25
6 9.175981 machine_state m11 j4d0a44!25
6 9.175981 machine_state m12 j4d0a44!25
6 9.175981 machine_state m13 j4d0a44!25
6 9.175981 machine_state m14 j4d0a44!25
6 9.175981 machine_state m15 j4d0a44!25
5 j4d0a44!26 machine_state "4d0a44!26" "0.000000 1.000000 0.625000"
6 9.212980 machine_state m16 j4d0a44!26
6 9.212980 machine_state m17 j4d0a44!26
6 9.212980 machine_state m18 j4d0a44!26
6 9.212980 machine_state m19 j4d0a44!26
6 9.212980 machine_state m20 j4d0a44!26
6 9.212980 machine_state m21 j4d0a44!26
6 9.212980 machine_state m22 j4d0a44!26
6 9.212980 machine_state m23 j4d0a44!26
6 9.212980 machine_state m24 j4d0a44!26
6 9.212980 machine_state m25 j4d0a44!26
6 9.212980 machine_state m26 j4d0a44!26
6 9.212980 machine_state m27 j4d0a44!26
6 9.212980 machine_state m28 j4d0a44!26
6 9.212980 machine_state m29 j4d0a44!26
6 9.212980 machine_state m30 j4d0a44!26
6 9.212980 machine_state m31 j4d0a44!26
6 9.257479 machine_state m0 w
6 9.257479 machine_state m1 w
6 9.257479 machine_state m2 w
6 9.257479 machine_state m3 w
6 9.257479 machine_state m4 w
6 9.257479 machine_state m5 w
6 9.257479 machine_state m6 w
6 9.257479 machine_state m7 w
6 9.257479 machine_state m8 w
6 9.257479 machine_state m9 w
6 9.257479 machine_state m10 w
6 9.257479 machine_state m11 w
6 9.257479 machine_state m12 w
6 9.257479 machine_state m13 w
6 9.257479 machine_state m14 w
6 9.257479 machine_state m15 w
5 j4d0a44!27 machine_state "4d0a44!27" "0.000000 1.000000 0.531250"
6 9.325195 machine_state m0 j4d0a44!27
6 9.325195 machine_state m1 j4d0a44!27
6 9.325195 machine_state m2 j4d0a44!27
6 9.325195 machine_state m3 j4d0a44!27
6 9.325195 machine_state m4 j4d0a44!27
6 9.325195 machine_state m5 j4d0a44!27
6 9.325195 machine_state m6 j4d0a44!27
6 9.325195 machine_state m7 j4d0a44!27
6 9.325195 machine_state m8 j4d0a44!27
6 9.325195 machine_state m9 j4d0a44!27
6 9.325195 machine_state m10 j4d0a44!27
6 9.325195 machine_state m11 j4d0a44!27
6 9.325195 machine_state m12 j4d0a44!27
6 9.325195 machine_state m13 j4d0a44!27
6 9.325195 machine_state m14 j4d0a44!27
6 9.325195 machine_state m15 j4d0a44!27
5 j4d0a44!28 machine_state "4d0a44!28" "1.000000 0.937500 0.000000"
6 9.572823 machine_state m32 j4d0a44!28
6 9.572823 machine_state m33 j4d0a44!28
6 9.572823 machine_state m34 j4d0a44!28
6 9.572823 machine_state m35 j4d0a44!28
6 9.647295 machine_state m0 w
6 9.647295 machine_state m1 w
6 9.647295 machine_state m2 w
6 9.647295 machine_state m3 w
6 9.647295 machine_state m4 w
6 9.647295 machine_state m5 w
6 9.647295 machine_state m6 w
6 9.647295 machine_state m7 w
6 9.647295 machine_state m8 w
6 9.647295 machine_state m9 w
6 9.647295 machine_state m10 w
6 9.647295 machine_state m11 w
6 9.647295 machine_state m12 w
6 9.647295 machine_state m13 w
6 9.647295 machine_state m14 w
6 9.647295 machine_state m15 w
5 j4d0a44!29 machine_state "4d0a44!29" "1.000000 0.000000 0.562500"
6 9.683932 machine_state m0 j4d0a44!29
6 9.683932 machine_state m1 j4d0a44!29
6 9.683932 machine_state m2 j4d0a44!29
6 9.683932 machine_state m3 j4d0a44!29
6 9.683932 machine_state m4 j4d0a44!29
6 9.683932 machine_state m5 j4d0a44!29
6 9.683932 machine_state m6 j4d0a44!29
6 9.683932 machine_state m7 j4d0a44!29
6 9.683932 machine_state m8 j4d0a44!29
6 9.683932 machine_state m9 j4d0a44!29
6 9.683932 machine_state m10 j4d0a44!29
6 9.683932 machine_state m11 j4d0a44!29
6 9.683932 machine_state m12 j4d0a44!29
6 9.683932 machine_state m13 j4d0a44!29
6 9.683932 machine_state m14 j4d0a44!29
6 9.683932 machine_state m15 j4d0a44!29
6 9.796753 machine_state m32 w
6 9.796753 machine_state m33 w
6 9.796753 machine_state m34 w
6 9.796753 machine_state m35 w
5 j4d0a44!30 machine_state "4d0a44!30" "1.000000 0.000000 0.750000"
6 10.048107 machine_state m32 j4d0a44!30
6 10.048107 machine_state m33 j4d0a44!30
6 10.048107 machine_state m34 j4d0a44!30
6 10.048107 machine_state m35 j4d0a44!30
6 10.048107 machine_state m36 j4d0a44!30
6 10.048107 machine_state m37 j4d0a44!30
6 10.048107 machine_state m38 j4d0a44!30
6 10.048107 machine_state m39 j4d0a44!30
6 10.048107 machine_state m40 j4d0a44!30
6 10.048107 machine_state m41 j4d0a44!30
6 10.048107 machine_state m42 j4d0a44!30
6 10.048107 machine_state m43 j4d0a44!30
6 10.048107 machine_state m44 j4d0a44!30
6 10.048107 machine_state m45 j4d0a44!30
6 10.048107 machine_state m46 j4d0a44!30
6 10.048107 machine_state m47 j4d0a44!30
6 10.216277 machine_state m16 w
6 10.216277 machine_state m17 w
6 10.216277 machine_state m18 w
6 10.216277 machine_state m19 w
6 10.216277 machine_state m20 w
6 10.216277 machine_state m21 w
6 10.216277 machine_state m22 w
6 10.216277 machine_state m23 w
6 10.216277 machine_state m24 w
6 10.216277 machine_state m25 w
6 10.216277 machine_state m26 w
6 10.216277 machine_state m27 w
6 10.216277 machine_state m28 w
6 10.216277 machine_state m29 w
6 10.216277 machine_state m30 w
6 10.216277 machine_state m31 w
6 10.380172 machine_state m32 w
6 10.380172 machine_state m33 w
6 10.380172 machine_state m34 w
6 10.380172 machine_state m35 w
6 10.380172 machine_state m36 w
6 10.380172 machine_state m37 w
6 10.380172 machine_state m38 w
6 10.380172 machine_state m39 w
6 10.380172 machine_state m40 w
6 10.380172 machine_state m41 w
6 10.380172 machine_state m42 w
6 10.380172 machine_state m43 w
6 10.380172 machine_state m44 w
6 10.380172 machine_state m45 w
6 10.380172 machine_state m46 w
6 10.380172 machine_state m47 w
5 j4d0a44!31 machine_state "4d0a44!31" "0.000000 1.000000 1.000000"
6 10.572904 machine_state m16 j4d0a44!31
6 10.572904 machine_state m17 j4d0a44!31
6 10.572904 machine_state m18 j4d0a44!31
6 10.572904 machine_state m19 j4d0a44!31
6 10.709236 machine_state m0 w
6 10.709236 machine_state m1 w
6 10.709236 machine_state m2 w
6 10.709236 machine_state m3 w
6 10.709236 machine_state m4 w
6 10.709236 machine_state m5 w
6 10.709236 machine_state m6 w
6 10.709236 machine_state m7 w
6 10.709236 machine_state m8 w
6 10.709236 machine_state m9 w
6 10.709236 machine_state m10 w
6 10.709236 machine_state m11 w
6 10.709236 machine_state m12 w
6 10.709236 machine_state m13 w
6 10.709236 machine_state m14 w
6 10.709236 machine_state m15 w
5 j4d0a44!32 machine_state "4d0a44!32" "0.875000 1.000000 0.000000"
6 10.833754 machine_state m0 j4d0a44!32
6 10.833754 machine_state m1 j4d0a44!32
6 10.833754 machine_state m2 j4d0a44!32
6 10.833754 machine_state m3 j4d0a44!32
6 11.018283 machine_state m0 w
6 11.018283 machine_state m1 w
6 11.018283 machine_state m2 w
6 11.018283 machine_state m3 w
6 11.275218 machine_state m16 w
6 11.275218 machine_state m17 w
6 11.275218 machine_state m18 w
6 11.275218 machine_state m19 w
5 j4d0a44!33 machine_state "4d0a44!33" "0.968750 0.000000 1.000000"
6 11.649183 machine_state m0 j4d0a44!33
6 11.649183 machine_state m1 j4d0a44!33
6 11.649183 machine_state m2 j4d0a44!33
6 11.649183 machine_state m3 j4d0a44!33
6 11.649183 machine_state m4 j4d0a44!33
6 11.649183 machine_state m5 j4d0a44!33
6 11.649183 machine_state m6 j4d0a44!33
6 11.649183 machine_state m7 j4d0a44!33
6 11.649183 machine_state m8 j4d0a44!33
6 11.649183 machine_state m9 j4d0a44!33
6 11.649183 machine_state m10 j4d0a44!33
6 11.649183 machine_state m11 j4d0a44!33
6 11.649183 machine_state m12 j4d0a44!33
6 11.649183 machine_state m13 j4d0a44!33
6 11.649183 machine_state m14 j4d0a44!33
6 11.649183 machine_state m15 j4d0a44!33
5 j4d0a44!34 machine_state "4d0a44!34" "1.000000 0.093750 0.000000"
6 12.217010 machine_state m16 j4d0a44!34
6 12.217010 machine_state m17 j4d0a44!34
6 12.217010 machine_state m18 j4d0a44!34
6 12.217010 machine_state m19 j4d0a44!34
6 12.217010 machine_state m20 j4d0a44!34
6 12.217010 machine_state m21 j4d0a44!34
6 12.217010 machine_state m22 j4d0a44!34
6 12.217010 machine_state m23 j4d0a44!34
6 12.217010 machine_state m24 j4d0a44!34
6 12.217010 machine_state m25 j4d0a44!34
6 12.217010 machine_state m26 j4d0a44!34
6 12.217010 machine_state m27 j4d0a44!34
6 12.217010 machine_state m28 j4d0a44!34
6 12.217010 machine_state m29 j4d0a44!34
6 12.217010 machine_state m30 j4d0a44!34
6 12.217010 machine_state m31 j4d0a44!34
6 12.490998 machine_state m0 w
6 12.490998 machine_state m1 w
6 12.490998 machine_state m2 w
6 12.490998 machine_state m3 w
6 12.490998 machine_state m4 w
6 12.490998 machine_state m5 w
6 12.490998 machine_state m6 w
6 12.490998 machine_state m7 w
6 12.490998 machine_state m8 w
6 12.490998 machine_state m9 w
6 12.490998 machine_state m10 w
6 12.490998 machine_state m11 w
6 12.490998 machine_state m12 w
6 12.490998 machine_state m13 w
6 12.490998 machine_state m14 w
6 12.490998 machine_state m15 w
5 j4d0a44!35 machine_state "4d0a44!35" "1.000000 0.000000 0.656250"
6 12.570715 machine_state m0 j4d0a44!35
6 12.570715 machine_state m1 j4d0a44!35
6 12.570715 machine_state m2 j4d0a44!35
6 12.570715 machine_state m3 j4d0a44!35
5 j4d0a44!36 machine_state "4d0a44!36" "0.500000 0.000000 1.000000"
6 12.597757 machine_state m4 j4d0a44!36
6 12.597757 machine_state m5 j4d0a44!36
6 12.597757 machine_state m6 j4d0a44!36
6 12.597757 machine_state m7 j4d0a44!36
6 12.650120 machine_state m0 w
6 12.650120 machine_state m1 w
6 12.650120 machine_state m2 w
6 12.650120 machine_state m3 w
6 12.784740 machine_state m4 w
6 12.784740 machine_state m5 w
6 12.784740 machine_state m6 w
6 12.784740 machine_state m7 w
5 j4d0a44!37 machine_state "4d0a44!37" "1.000000 0.000000 0.843750"
6 13.075496 machine_state m0 j4d0a44!37
6 13.075496 machine_state m1 j4d0a44!37
6 13.075496 machine_state m2 j4d0a44!37
6 13.075496 machine_state m3 j4d0a44!37
6 13.145458 machine_state m16 w
6 13.145458 machine_state m17 w
6 13.145458 machine_state m18 w
6 13.145458 machine_state m19 w
6 13.145458 machine_state m20 w
6 13.145458 machine_state m21 w
6 13.145458 machine_state m22 w
6 13.145458 machine_state m23 w
6 13.145458 machine_state m24 w
6 13.145458 machine_state m25 w
6 13.145458 machine_state m26 w
6 13.145458 machine_state m27 w
6 13.145458 machine_state m28 w
6 13.145458 machine_state m29 w
6 13.145458 machine_state m30 w
6 13.145458 machine_state m31 w
5 j4d0a44!38 machine_state "4d0a44!38" "0.000000 1.000000 0.343750"
6 13.394823 machine_state m4 j4d0a44!38
6 13.394823 machine_state m5 j4d0a44!38
6 13.394823 machine_state m6 j4d0a44!38
6 13.394823 machine_state m7 j4d0a44!38
6 13.394823 machine_state m8 j4d0a44!38
6 13.394823 machine_state m9 j4d0a44!38
6 13.394823 machine_state m10 j4d0a44!38
6 13.394823 machine_state m11 j4d0a44!38
6 13.394823 machine_state m12 j4d0a44!38
6 13.394823 machine_state m13 j4d0a44!38
6 13.394823 machine_state m14 j4d0a44!38
6 13.394823 machine_state m15 j4d0a44!38
6 13.394823 machine_state m16 j4d0a44!38
6 13.394823 machine_state m17 j4d0a44!38
6 13.394823 machine_state m18 j4d0a44!38
6 13.394823 machine_state m19 j4d0a44!38
6 13.667507 machine_state m0 w
6 13.667507 machine_state m1 w
6 13.667507 machine_state m2 w
6 13.667507 machine_state m3 w
5 j4d0a44!39 machine_state "4d0a44!39" "0.000000 0.531250 1.000000"
6 13.851568 machine_state m0 j4d0a44!39
6 13.851568 machine_state m1 j4d0a44!39
6 13.851568 machine_state m2 j4d0a44!39
6 13.851568 machine_state m3 j4d0a44!39
5 j4d0a44!40 machine_state "4d0a44!40" "0.125000 0.000000 1.000000"
6 13.997912 machine_state m20 j4d0a44!40
6 13.997912 machine_state m21 j4d0a44!40
6 13.997912 machine_state m22 j4d0a44!40
6 13.997912 machine_state m23 j4d0a44!40
6 14.067769 machine_state m0 w
6 14.067769 machine_state m1 w
6 14.067769 machine_state m2 w
6 14.067769 machine_state m3 w
6 14.076959 machine_state m20 w
6 14.076959 machine_state m21 w
6 14.076959 machine_state m22 w
6 14.076959 machine_state m23 w
6 14.375974 machine_state m4 w
6 14.375974 machine_state m5 w
6 14.375974 machine_state m6 w
6 14.375974 machine_state m7 w
6 14.375974 machine_state m8 w
6 14.375974 machine_state m9 w
6 14.375974 machine_state m10 w
6 14.375974 machine_state m11 w
6 14.375974 machine_state m12 w
6 14.375974 machine_state m13 w
6 14.375974 machine_state m14 w
6 14.375974 machine_state m15 w
6 14.375974 machine_state m16 w
6 14.375974 machine_state m17 w
6 14.375974 machine_state m18 w
6 14.375974 machine_state m19 w
5 j4d0a44!41 machine_state "4d0a44!41" "1.000000 0.843750 0.000000"
6 14.488722 machine_state m0 j4d0a44!41
6 14.488722 machine_state m1 j4d0a44!41
6 14.488722 machine_state m2 j4d0a44!41
6 14.488722 machine_state m3 j4d0a44!41
5 j4d0a44!42 machine_state "4d0a44!42" "0.000000 0.437500 1.000000"
6 14.839846 machine_state m4 j4d0a44!42
6 14.839846 machine_state m5 j4d0a44!42
6 14.839846 machine_state m6 j4d0a44!42
6 14.839846 machine_state m7 j4d0a44!42
6 14.839846 machine_state m8 j4d0a44!42
6 14.839846 machine_state m9 j4d0a44!42
6 14.839846 machine_state m10 j4d0a44!42
6 14.839846 machine_state m11 j4d0a44!42
6 14.839846 machine_state m12 j4d0a44!42
6 14.839846 machine_state m13 j4d0a44!42
6 14.839846 machine_state m14 j4d0a44!42
6 14.839846 machine_state m15 j4d0a44!42
6 14.839846 machine_state m16 j4d0a44!42
6 14.839846 machine_state m17 j4d0a44!42
6 14.839846 machine_state m18 j4d0a44!42
6 14.839846 machine_state m19 j4d0a44!42
5 j4d0a44!43 machine_state "4d0a44!43" "0.781250 0.000000 1.000000"
6 14.919352 machine_state m20 j4d0a44!43
6 14.919352 machine_state m21 j4d0a44!43
6 14.919352 machine_state m22 j4d0a44!43
6 14.919352 machine_state m23 j4d0a44!43
6 14.919352 machine_state m24 j4d0a44!43
6 14.919352 machine_state m25 j4d0a44!43
6 14.919352 machine_state m26 j4d0a44!43
6 14.919352 machine_state m27 j4d0a44!43
6 14.919352 machine_state m28 j4d0a44!43
6 14.919352 machine_state m29 j4d0a44!43
6 14.919352 machine_state m30 j4d0a44!43
6 14.919352 machine_state m31 j4d0a44!43
6 14.919352 machine_state m32 j4d0a44!43
6 14.919352 machine_state m33 j4d0a44!43
6 14.919352 machine_state m34 j4d0a44!43
6 14.919352 machine_state m35 j4d0a44!43
6 15.080610 machine_state m0 w
6 15.080610 machine_state m1 w
6 15.080610 machine_state m2 w
6 15.080610 machine_state m3 w
6 15.281227 machine_state m20 w
6 15.281227 machine_state m21 w
6 15.281227 machine_state m22 w
6 15.281227 machine_state m23 w
6 15.281227 machine_state m24 w
6 15.281227 machine_state m25 w
6 15.281227 machine_state m26 w
6 15.281227 machine_state m27 w
6 15.281227 machine_state m28 w
6 15.281227 machine_state m29 w
6 15.281227 machine_state m30 w
6 15.281227 machine_state m31 w
6 15.281227 machine_state m32 w
6 15.281227 machine_state m33 w
6 15.281227 machine_state m34 w
6 15.281227 machine_state m35 w
5 j4d0a44!44 machine_state "4d0a44!44" "0.031250 0.000000 1.000000"
6 15.355034 machine_state m0 j4d0a44!44
6 15.355034 machine_state m1 j4d0a44!44
6 15.355034 machine_state m2 j4d0a44!44
6 15.355034 machine_state m3 j4d0a44!44
6 15.618257 machine_state m0 w
6 15.618257 machine_state m1 w
6 15.618257 machine_state m2 w
6 15.618257 machine_state m3 w
6 15.690017 machine_state m4 w
6 15.690017 machine_state m5 w
6 15.690017 machine_state m6 w
6 15.690017 machine_state m7 w
6 15.690017 machine_state m8 w
6 15.690017 machine_state m9 w
6 15.690017 machine_state m10 w
6 15.690017 machine_state m11 w
6 15.690017 machine_state m12 w
6 15.690017 machine_state m13 w
6 15.690017 machine_state m14 w
6 15.690017 machine_state m15 w
6 15.690017 machine_state m16 w
6 15.690017 machine_state m17 w
6 15.690017 machine_state m18 w
6 15.690017 machine_state m19 w
5 j4d0a44!45 machine_state "4d0a44!45" "1.000000 0.375000 0.000000"
6 15.925038 machine_state m0 j4d0a44!45
6 15.925038 machine_state m1 j4d0a44!45
6 15.925038 machine_state m2 j4d0a44!45
6 15.925038 machine_state m3 j4d0a44!45
5 j4d0a44!46 machine_state "4d0a44!46" "1.000000 0.187500 0.000000"
6 16.100557 machine_state m4 j4d0a44!46
6 16.100557 machine_state m5 j4d0a44!46
6 16.100557 machine_state m6 j4d0a44!46
6 16.100557 machine_state m7 j4d0a44!46
6 16.100557 machine_state m8 j4d0a44!46
6 16.100557 machine_state m9 j4d0a44!46
6 16.100557 machine_state m10 j4d0a44!46
6 16.100557 machine_state m11 j4d0a44!46
6 16.100557 machine_state m12 j4d0a44!46
6 16.100557 machine_state m13 j4d0a44!46
6 16.100557 machine_state m14 j4d0a44!46
6 16.100557 machine_state m15 j4d0a44!46
6 16.100557 machine_state m16 j4d0a44!46
6 16.100557 machine_state m17 j4d0a44!46
6 16.100557 machine_state m18 j4d0a44!46
6 16.100557 machine_state m19 j4d0a44!46
5 j4d0a44!47 machine_state "4d0a44!47" "0.875000 0.000000 1.000000"
6 16.300368 machine_state m20 j4d0a44!47
6 16.300368 machine_state m21 j4d0a44!47
6 16.300368 machine_state m22 j4d0a44!47
6 16.300368 machine_state m23 j4d0a44!47
6 16.300368 machine_state m24 j4d0a44!47
6 16.300368 machine_state m25 j4d0a44!47
6 16.300368 machine_state m26 j4d0a44!47
6 16.300368 machine_state m27 j4d0a44!47
6 16.300368 machine_state m28 j4d0a44!47
6 16.300368 machine_state m29 j4d0a44!47
6 16.300368 machine_state m30 j4d0a44!47
6 16.300368 machine_state m31 j4d0a44!47
6 16.300368 machine_state m32 j4d0a44!47
6 16.300368 machine_state m33 j4d0a44!47
6 16.300368 machine_state m34 j4d0a44!47
6 16.300368 machine_state m35 j4d0a44!47
5 j4d0a44!48 machine_state "4d0a44!48" "1.000000 0.468750 0.000000"
6 16.341021 machine_state m36 j4d0a44!48
6 16.341021 machine_state m37 j4d0a44!48
6 16.341021 machine_state m38 j4d0a44!48
6 16.341021 machine_state m39 j4d0a44!48
6 16.341021 machine_state m40 j4d0a44!48
6 16.341021 machine_state m41 j4d0a44!48
6 16.341021 machine_state m42 j4d0a44!48
6 16.341021 machine_state m43 j4d0a44!48
6 16.341021 machine_state m44 j4d0a44!48
6 16.341021 machine_state m45 j4d0a44!48
6 16.341021 machine_state m46 j4d0a44!48
6 16.341021 machine_state m47 j4d0a44!48
6 16.341021 machine_state m48 j4d0a44!48
6 16.341021 machine_state m49 j4d0a44!48
6 16.341021 machine_state m50 j4d0a44!48
6 16.341021 machine_state m51 j4d0a44!48
6 16.696630 machine_state m36 w
6 16.696630 machine_state m37 w
6 16.696630 machine_state m38 w
6 16.696630 machine_state m39 w
6 16.696630 machine_state m40 w
6 16.696630 machine_state m41 w
6 16.696630 machine_state m42 w
6 16.696630 machine_state m43 w
6 16.696630 machine_state m44 w
6 16.696630 machine_state m45 w
6 16.696630 machine_state m46 w
6 16.696630 machine_state m47 w
6 16.696630 machine_state m48 w
6 16.696630 machine_state m49 w
6 16.696630 machine_state m50 w
6 16.696630 machine_state m51 w
6 16.736013 machine_state m0 w
6 16.736013 machine_state m1 w
6 16.736013 machine_state m2 w
6 16.736013 machine_state m3 w
5 j4d0a44!49 machine_state "4d0a44!49" "0.000000 0.062500 1.000000"
6 16.744955 machine_state m0 j4d0a44!49
6 16.744955 machine_state m1 j4d0a44!49
6 16.744955 machine_state m2 j4d0a44!49
6 16.744955 machine_state m3 j4d0a44!49
6 16.926006 machine_state m0 w
6 16.926006 machine_state m1 w
6 16.926006 machine_state m2 w
6 16.926006 machine_state m3 w
6 17.080530 machine_state m4 w
6 17.080530 machine_state m5 w
6 17.080530 machine_state m6 w
6 17.080530 machine_state m7 w
6 17.080530 machine_state m8 w
6 17.080530 machine_state m9 w
6 17.080530 machine_state m10 w
6 17.080530 machine_state m11 w
6 17.080530 machine_state m12 w
6 17.080530 machine_state m13 w
6 17.080530 machine_state m14 w
6 17.080530 machine_state m15 w
6 17.080530 machine_state m16 w
6 17.080530 machine_state m17 w
6 17.080530 machine_state m18 w
6 17.080530 machine_state m19 w
5 j4d0a44!50 machine_state "4d0a44!50" "0.125000 1.000000 0.000000"
6 17.311083 machine_state m0 j4d0a44!50
6 17.311083 machine_state m1 j4d0a44!50
6 17.311083 machine_state m2 j4d0a44!50
6 17.311083 machine_state m3 j4d0a44!50
6 17.311083 machine_state m4 j4d0a44!50
6 17.311083 machine_state m5 j4d0a44!50
6 17.311083 machine_state m6 j4d0a44!50
6 17.311083 machine_state m7 j4d0a44!50
6 17.311083 machine_state m8 j4d0a44!50
6 17.311083 machine_state m9 j4d0a44!50
6 17.311083 machine_state m10 j4d0a44!50
6 17.311083 machine_state m11 j4d0a44!50
6 17.311083 machine_state m12 j4d0a44!50
6 17.311083 machine_state m13 j4d0a44!50
6 17.311083 machine_state m14 j4d0a44!50
6 17.311083 machine_state m15 j4d0a44!50
6 17.332970 machine_state m20 w
6 17.332970 machine_state m21 w
6 17.332970 machine_state m22 w
6 17.332970 machine_state m23 w
6 17.332970 machine_state m24 w
6 17.332970 machine_state m25 w
6 17.332970 machine_state m26 w
6 17.332970 machine_state m27 w
6 17.332970 machine_state m28 w
6 17.332970 machine_state m29 w
6 17.332970 machine_state m30 w
6 17.332970 machine_state m31 w
6 17.332970 machine_state m32 w
6 17.332970 machine_state m33 w
6 17.332970 machine_state m34 w
6 17.332970 machine_state m35 w
5 j4d0a44!51 machine_state "4d0a44!51" "0.000000 0.343750 1.000000"
6 17.830166 machine_state m16 j4d0a44!51
6 17.830166 machine_state m17 j4d0a44!51
6 17.830166 machine_state m18 j4d0a44!51
6 17.830166 machine_state m19 j4d0a44!51
6 17.830166 machine_state m20 j4d0a44!51
6 17.830166 machine_state m21 j4d0a44!51
6 17.830166 machine_state m22 j4d0a44!51
6 17.830166 machine_state m23 j4d0a44!51
6 17.830166 machine_state m24 j4d0a44!51
6 17.830166 machine_state m25 j4d0a44!51
6 17.830166 machine_state m26 j4d0a44!51
6 17.830166 machine_state m27 j4d0a44!51
6 17.830166 machine_state m28 j4d0a44!51
6 17.830166 machine_state m29 j4d0a44!51
6 17.830166 machine_state m30 j4d0a44!51
6 17.830166 machine_state m31 j4d0a44!51
5 j4d0a44!52 machine_state "4d0a44!52" "1.000000 0.656250 0.000000"
6 17.984009 machine_state m32 j4d0a44!52
6 17.984009 machine_state m33 j4d0a44!52
6 17.984009 machine_state m34 j4d0a44!52
6 17.984009 machine_state m35 j4d0a44!52
5 j4d0a44!53 machine_state "4d0a44!53" "1.000000 0.281250 0.000000"
6 18.122028 machine_state m36 j4d0a44!53
6 18.122028 machine_state m37 j4d0a44!53
6 18.122028 machine_state m38 j4d0a44!53
6 18.122028 machine_state m39 j4d0a44!53
6 18.122028 machine_state m40 j4d0a44!53
6 18.122028 machine_state m41 j4d0a44!53
6 18.122028 machine_state m42 j4d0a44!53
6 18.122028 machine_state m43 j4d0a44!53
6 18.122028 machine_state m44 j4d0a44!53
6 18.122028 machine_state m45 j4d0a44!53
6 18.122028 machine_state m46 j4d0a44!53
6 18.122028 machine_state m47 j4d0a44!53
6 18.122028 machine_state m48 j4d0a44!53
6 18.122028 machine_state m49 j4d0a44!53
6 18.122028 machine_state m50 j4d0a44!53
6 18.122028 machine_state m51 j4d0a44!53
6 18.305704 machine_state m0 w
6 18.305704 machine_state m1 w
6 18.305704 machine_state m2 w
6 18.305704 machine_state m3 w
6 18.305704 machine_state m4 w
6 18.305704 machine_state m5 w
6 18.305704 machine_state m6 w
6 18.305704 machine_state m7 w
6 18.305704 machine_state m8 w
6 18.305704 machine_state m9 w
6 18.305704 machine_state m10 w
6 18.305704 machine_state m11 w
6 18.305704 machine_state m12 w
6 18.305704 machine_state m13 w
6 18.305704 machine_state m14 w
6 18.305704 machine_state m15 w
6 18.469308 machine_state m32 w
6 18.469308 machine_state m33 w
6 18.469308 machine_state m34 w
6 18.469308 machine_state m35 w
5 j4d0a44!54 machine_state "4d0a44!54" "1.000000 0.000000 0.281250"
6 18.504322 machine_state m0 j4d0a44!54
6 18.504322 machine_state m1 j4d0a44!54
6 18.504322 machine_state m2 j4d0a44!54
6 18.504322 machine_state m3 j4d0a44!54
6 18.504322 machine_state m4 j4d0a44!54
6 18.504322 machine_state m5 j4d0a44!54
6 18.504322 machine_state m6 j4d0a44!54
6 18.504322 machine_state m7 j4d0a44!54
6 18.504322 machine_state m8 j4d0a44!54
6 18.504322 machine_state m9 j4d0a44!54
6 18.504322 machine_state m10 j4d0a44!54
6 18.504322 machine_state m11 j4d0a44!54
6 18.504322 machine_state m12 j4d0a44!54
6 18.504322 machine_state m13 j4d0a44!54
6 18.504322 machine_state m14 j4d0a44!54
6 18.504322 machine_state m15 j4d0a44!54
6 18.848521 machine_state m16 w
6 18.848521 machine_state m17 w
6 18.848521 machine_state m18 w
6 18.848521 machine_state m19 w
6 18.848521 machine_state m20 w
6 18.848521 machine_state m21 w
6 18.848521 machine_state m22 w
6 18.848521 machine_state m23 w
6 18.848521 machine_state m24 w
6 18.848521 machine_state m25 w
6 18.848521 machine_state m26 w
6 18.848521 machine_state m27 w
6 18.848521 machine_state m28 w
6 18.848521 machine_state m29 w
6 18.848521 machine_state m30 w
6 18.848521 machine_state m31 w
5 j4d0a44!55 machine_state "4d0a44!55" "0.000000 0.250000 1.000000"
6 18.848757 machine_state m16 j4d0a44!55
6 18.848757 machine_state m17 j4d0a44!55
6 18.848757 machine_state m18 j4d0a44!55
6 18.848757 machine_state m19 j4d0a44!55
6 18.848757 machine_state m20 j4d0a44!55
6 18.848757 machine_state m21 j4d0a44!55
6 18.848757 machine_state m22 j4d0a44!55
6 18.848757 machine_state m23 j4d0a44!55
6 18.848757 machine_state m24 j4d0a44!55
6 18.848757 machine_state m25 j4d0a44!55
6 18.848757 machine_state m26 j4d0a44!55
6 18.848757 machine_state m27 j4d0a44!55
6 18.848757 machine_state m28 j4d0a44!55
6 18.848757 machine_state m29 j4d0a44!55
6 18.848757 machine_state m30 j4d0a44!55
6 18.848757 machine_state m31 j4d0a44!55
5 j4d0a44!58 machine_state "4d0a44!58" "1.000000 0.562500 0.000000"
6 18.919484 machine_state m52 j4d0a44!58
6 18.919484 machine_state m53 j4d0a44!58
6 18.919484 machine_state m54 j4d0a44!58
6 18.919484 machine_state m55 j4d0a44!58
6 19.129401 machine_state m36 w
6 19.129401 machine_state m37 w
6 19.129401 machine_state m38 w
6 19.129401 machine_state m39 w
6 19.129401 machine_state m40 w
6 19.129401 machine_state m41 w
6 19.129401 machine_state m42 w
6 19.129401 machine_state m43 w
6 19.129401 machine_state m44 w
6 19.129401 machine_state m45 w
6 19.129401 machine_state m46 w
6 19.129401 machine_state m47 w
6 19.129401 machine_state m48 w
6 19.129401 machine_state m49 w
6 19.129401 machine_state m50 w
6 19.129401 machine_state m51 w
5 j4d0a44!56 machine_state "4d0a44!56" "0.312500 1.000000 0.000000"
6 19.129640 machine_state m32 j4d0a44!56
6 19.129640 machine_state m33 j4d0a44!56
6 19.129640 machine_state m34 j4d0a44!56
6 19.129640 machine_state m35 j4d0a44!56
6 19.129640 machine_state m36 j4d0a44!56
6 19.129640 machine_state m37 j4d0a44!56
6 19.129640 machine_state m38 j4d0a44!56
6 19.129640 machine_state m39 j4d0a44!56
6 19.129640 machine_state m40 j4d0a44!56
6 19.129640 machine_state m41 j4d0a44!56
6 19.129640 machine_state m42 j4d0a44!56
6 19.129640 machine_state m43 j4d0a44!56
6 19.129640 machine_state m44 j4d0a44!56
6 19.129640 machine_state m45 j4d0a44!56
6 19.129640 machine_state m46 j4d0a44!56
6 19.129640 machine_state m47 j4d0a44!56
6 19.233371 machine_state m16 w
6 19.233371 machine_state m17 w
6 19.233371 machine_state m18 w
6 19.233371 machine_state m19 w
6 19.233371 machine_state m20 w
6 19.233371 machine_state m21 w
6 19.233371 machine_state m22 w
6 19.233371 machine_state m23 w
6 19.233371 machine_state m24 w
6 19.233371 machine_state m25 w
6 19.233371 machine_state m26 w
6 19.233371 machine_state m27 w
6 19.233371 machine_state m28 w
6 19.233371 machine_state m29 w
6 19.233371 machine_state m30 w
6 19.233371 machine_state m31 w
5 j4d0a44!57 machine_state "4d0a44!57" "0.500000 1.000000 0.000000"
6 19.233597 machine_state m16 j4d0a44!57
6 19.233597 machine_state m17 j4d0a44!57
6 19.233597 machine_state m18 j4d0a44!57
6 19.233597 machine_state m19 j4d0a44!57
6 19.233597 machine_state m20 j4d0a44!57
6 19.233597 machine_state m21 j4d0a44!57
6 19.233597 machine_state m22 j4d0a44!57
6 19.233597 machine_state m23 j4d0a44!57
6 19.233597 machine_state m24 j4d0a44!57
6 19.233597 machine_state m25 j4d0a44!57
6 19.233597 machine_state m26 j4d0a44!57
6 19.233597 machine_state m27 j4d0a44!57
6 19.233597 machine_state m28 j4d0a44!57
6 19.233597 machine_state m29 j4d0a44!57
6 19.233597 machine_state m30 j4d0a44!57
6 19.233597 machine_state m31 j4d0a44!57
6 19.277219 machine_state m52 w
6 19.277219 machine_state m53 w
6 19.277219 machine_state m54 w
6 19.277219 machine_state m55 w
5 j4d0a44!59 machine_state "4d0a44!59" "1.000000 0.000000 0.375000"
6 19.277448 machine_state m48 j4d0a44!59
6 19.277448 machine_state m49 j4d0a44!59
6 19.277448 machine_state m50 j4d0a44!59
6 19.277448 machine_state m51 j4d0a44!59
6 19.277448 machine_state m52 j4d0a44!59
6 19.277448 machine_state m53 j4d0a44!59
6 19.277448 machine_state m54 j4d0a44!59
6 19.277448 machine_state m55 j4d0a44!59
6 19.277448 machine_state m56 j4d0a44!59
6 19.277448 machine_state m57 j4d0a44!59
6 19.277448 machine_state m58 j4d0a44!59
6 19.277448 machine_state m59 j4d0a44!59
6 19.277448 machine_state m60 j4d0a44!59
6 19.277448 machine_state m61 j4d0a44!59
6 19.277448 machine_state m62 j4d0a44!59
6 19.277448 machine_state m63 j4d0a44!59
6 19.658402 machine_state m0 w
6 19.658402 machine_state m1 w
6 19.658402 machine_state m2 w
6 19.658402 machine_state m3 w
6 19.658402 machine_state m4 w
6 19.658402 machine_state m5 w
6 19.658402 machine_state m6 w
6 19.658402 machine_state m7 w
6 19.658402 machine_state m8 w
6 19.658402 machine_state m9 w
6 19.658402 machine_state m10 w
6 19.658402 machine_state m11 w
6 19.658402 machine_state m12 w
6 19.658402 machine_state m13 w
6 19.658402 machine_state m14 w
6 19.658402 machine_state m15 w
5 j4d0a44!60 machine_state "4d0a44!60" "0.406250 1.000000 0.000000"
6 19.658639 machine_state m0 j4d0a44!60
6 19.658639 machine_state m1 j4d0a44!60
6 19.658639 machine_state m2 j4d0a44!60
6 19.658639 machine_state m3 j4d0a44!60
6 19.658639 machine_state m4 j4d0a44!60
6 19.658639 machine_state m5 j4d0a44!60
6 19.658639 machine_state m6 j4d0a44!60
6 19.658639 machine_state m7 j4d0a44!60
6 19.658639 machine_state m8 j4d0a44!60
6 19.658639 machine_state m9 j4d0a44!60
6 19.658639 machine_state m10 j4d0a44!60
6 19.658639 machine_state m11 j4d0a44!60
6 19.658639 machine_state m12 j4d0a44!60
6 19.658639 machine_state m13 j4d0a44!60
6 19.658639 machine_state m14 j4d0a44!60
6 19.658639 machine_state m15 j4d0a44!60
6 20.326498 machine_state m32 w
6 20.326498 machine_state m33 w
6 20.326498 machine_state m34 w
6 20.326498 machine_state m35 w
6 20.326498 machine_state m36 w
6 20.326498 machine_state m37 w
6 20.326498 machine_state m38 w
6 20.326498 machine_state m39 w
6 20.326498 machine_state m40 w
6 20.326498 machine_state m41 w
6 20.326498 machine_state m42 w
6 20.326498 machine_state m43 w
6 20.326498 machine_state m44 w
6 20.326498 machine_state m45 w
6 20.326498 machine_state m46 w
6 20.326498 machine_state m47 w
6 20.432538 machine_state m16 w
6 20.432538 machine_state m17 w
6 20.432538 machine_state m18 w
6 20.432538 machine_state m19 w
6 20.432538 machine_state m20 w
6 20.432538 machine_state m21 w
6 20.432538 machine_state m22 w
6 20.432538 machine_state m23 w
6 20.432538 machine_state m24 w
6 20.432538 machine_state m25 w
6 20.432538 machine_state m26 w
6 20.432538 machine_state m27 w
6 20.432538 machine_state m28 w
6 20.432538 machine_state m29 w
6 20.432538 machine_state m30 w
6 20.432538 machine_state m31 w
6 20.481321 machine_state m48 w
6 20.481321 machine_state m49 w
6 20.481321 machine_state m50 w
6 20.481321 machine_state m51 w
6 20.481321 machine_state m52 w
6 20.481321 machine_state m53 w
6 20.481321 machine_state m54 w
6 20.481321 machine_state m55 w
6 20.481321 machine_state m56 w
6 20.481321 machine_state m57 w
6 20.481321 machine_state m58 w
6 20.481321 machine_state m59 w
6 20.481321 machine_state m60 w
6 20.481321 machine_state m61 w
6 20.481321 machine_state m62 w
6 20.481321 machine_state m63 w
6 20.747945 machine_state m0 w
6 20.747945 machine_state m1 w
6 20.747945 machine_state m2 w
6 20.747945 machine_state m3 w
6 20.747945 machine_state m4 w
6 20.747945 machine_state m5 w
6 20.747945 machine_state m6 w
6 20.747945 machine_state m7 w
6 20.747945 machine_state m8 w
6 20.747945 machine_state m9 w
6 20.747945 machine_state m10 w
6 20.747945 machine_state m11 w
6 20.747945 machine_state m12 w
6 20.747945 machine_state m13 w
6 20.747945 machine_state m14 w
6 20.747945 machine_state m15 w

# End of events, containers destruction
3 20.748185 m0 machine_ct
3 20.748185 m1 machine_ct
3 20.748185 m2 machine_ct
3 20.748185 m3 machine_ct
3 20.748185 m4 machine_ct
3 20.748185 m5 machine_ct
3 20.748185 m6 machine_ct
3 20.748185 m7 machine_ct
3 20.748185 m8 machine_ct
3 20.748185 m9 machine_ct
3 20.748185 m10 machine_ct
3 20.748185 m11 machine_ct
3 20.748185 m12 machine_ct
3 20.748185 m13 machine_ct
3 20.748185 m14 machine_ct
3 20.748185 m15 machine_ct
3 20.748185 m16 machine_ct
3 20.748185 m17 machine_ct
3 20.748185 m18 machine_ct
3 20.748185 m19 machine_ct
3 20.748185 m20 machine_ct
3 20.748185 m21 machine_ct
3 20.748185 m22 machine_ct
3 20.748185 m23 machine_ct
3 20.748185 m24 machine_ct
3 20.748185 m25 machine_ct
3 20.748185 m26 machine_ct
3 20.748185 m27 machine_ct
3 20.748185 m28 machine_ct
3 20.748185 m29 machine_ct
3 20.748185 m30 machine_ct
3 20.748185 m31 machine_ct
3 20.748185 m32 machine_ct
3 20.748185 m33 machine_ct
3 20.748185 m34 machine_ct
3 20.748185 m35 machine_ct
3 20.748185 m36 machine_ct
3 20.748185 m37 machine_ct
3 20.748185 m38 machine_ct
3 20.748185 m39 machine_ct
3 20.748185 m40 machine_ct
3 20.748185 m41 machine_ct
3 20.748185 m42 machine_ct
3 20.748185 m43 machine_ct
3 20.748185 m44 machine_ct
3 20.748185 m45 machine_ct
3 20.748185 m46 machine_ct
3 20.748185 m47 machine_ct
3 20.748185 m48 machine_ct
3 20.748185 m49 machine_ct
3 20.748185 m50 machine_ct
3 20.748185 m51 machine_ct
3 20.748185 m52 machine_ct
3 20.748185 m53 machine_ct
3 20.748185 m54 machine_ct
3 20.748185 m55 machine_ct
3 20.748185 m56 machine_ct
3 20.748185 m57 machine_ct
3 20.748185 m58 machine_ct
3 20.748185 m59 machine_ct
3 20.748185 m60 machine_ct
3 20.748185 m61 machine_ct
3 20.748185 m62 machine_ct
3 20.748185 m63 machine_ct
3 20.748185 root root_ct
