Determining if the system is big endian passed with the following output:
Change Dir: /home/fabien/copyX/MpiEnv/simgrid/Simgrid-git/CMakeFiles/CMakeTmp

Run Build Command:/usr/bin/make "cmTryCompileExec1777823988/fast"
make: Warning: File `Makefile' has modification time 0.33 s in the future
/usr/bin/make -f CMakeFiles/cmTryCompileExec1777823988.dir/build.make CMakeFiles/cmTryCompileExec1777823988.dir/build
make[1]: Entering directory `/home/fabien/copyX/MpiEnv/simgrid/Simgrid-git/CMakeFiles/CMakeTmp'
make[1]: Warning: File `CMakeFiles/cmTryCompileExec1777823988.dir/flags.make' has modification time 0.33 s in the future
/usr/bin/cmake -E cmake_progress_report /home/fabien/copyX/MpiEnv/simgrid/Simgrid-git/CMakeFiles/CMakeTmp/CMakeFiles 1
Building C object CMakeFiles/cmTryCompileExec1777823988.dir/TestEndianess.c.o
/usr/bin/gcc    -o CMakeFiles/cmTryCompileExec1777823988.dir/TestEndianess.c.o   -c /home/fabien/copyX/MpiEnv/simgrid/Simgrid-git/CMakeFiles/CMakeTmp/TestEndianess.c
Linking C executable cmTryCompileExec1777823988
/usr/bin/cmake -E cmake_link_script CMakeFiles/cmTryCompileExec1777823988.dir/link.txt --verbose=1
/usr/bin/gcc         CMakeFiles/cmTryCompileExec1777823988.dir/TestEndianess.c.o  -o cmTryCompileExec1777823988 -rdynamic 
make[1]: Leaving directory `/home/fabien/copyX/MpiEnv/simgrid/Simgrid-git/CMakeFiles/CMakeTmp'
make[1]: warning:  Clock skew detected.  Your build may be incomplete.
make: warning:  Clock skew detected.  Your build may be incomplete.

TestEndianess.c:
/* A 16 bit integer is required. */
typedef unsigned short cmakeint16;

/* On a little endian machine, these 16bit ints will give "THIS IS LITTLE ENDIAN."
   On a big endian machine the characters will be exchanged pairwise. */
const cmakeint16 info_little[] =  {0x4854, 0x5349, 0x4920, 0x2053, 0x494c, 0x5454, 0x454c, 0x4520, 0x444e, 0x4149, 0x2e4e, 0x0000};

/* on a big endian machine, these 16bit ints will give "THIS IS BIG ENDIAN."
   On a little endian machine the characters will be exchanged pairwise. */
const cmakeint16 info_big[] =     {0x5448, 0x4953, 0x2049, 0x5320, 0x4249, 0x4720, 0x454e, 0x4449, 0x414e, 0x2e2e, 0x0000};

#ifdef __CLASSIC_C__
int main(argc, argv) int argc; char *argv[];
#else
int main(int argc, char *argv[])
#endif
{
  int require = 0;
  require += info_little[argc];
  require += info_big[argc];
  (void)argv;
  return require;
}


Determining if the function backtrace exists in the execinfo failed with the following output:
Change Dir: /home/fabien/copyX/MpiEnv/simgrid/Simgrid-git/CMakeFiles/CMakeTmp

Run Build Command:/usr/bin/make "cmTryCompileExec2514724751/fast"
make: Warning: File `Makefile' has modification time 0.33 s in the future
/usr/bin/make -f CMakeFiles/cmTryCompileExec2514724751.dir/build.make CMakeFiles/cmTryCompileExec2514724751.dir/build
make[1]: Entering directory `/home/fabien/copyX/MpiEnv/simgrid/Simgrid-git/CMakeFiles/CMakeTmp'
make[1]: Warning: File `CMakeFiles/cmTryCompileExec2514724751.dir/flags.make' has modification time 0.33 s in the future
/usr/bin/cmake -E cmake_progress_report /home/fabien/copyX/MpiEnv/simgrid/Simgrid-git/CMakeFiles/CMakeTmp/CMakeFiles 1
Building C object CMakeFiles/cmTryCompileExec2514724751.dir/CheckFunctionExists.c.o
/usr/bin/gcc   -DCHECK_FUNCTION_EXISTS=backtrace   -o CMakeFiles/cmTryCompileExec2514724751.dir/CheckFunctionExists.c.o   -c /usr/share/cmake-2.8/Modules/CheckFunctionExists.c
Linking C executable cmTryCompileExec2514724751
/usr/bin/cmake -E cmake_link_script CMakeFiles/cmTryCompileExec2514724751.dir/link.txt --verbose=1
/usr/bin/gcc     -DCHECK_FUNCTION_EXISTS=backtrace    CMakeFiles/cmTryCompileExec2514724751.dir/CheckFunctionExists.c.o  -o cmTryCompileExec2514724751 -rdynamic -lexecinfo 
/usr/bin/ld: cannot find -lexecinfo
collect2: error: ld returned 1 exit status
make[1]: Leaving directory `/home/fabien/copyX/MpiEnv/simgrid/Simgrid-git/CMakeFiles/CMakeTmp'
make[1]: *** [cmTryCompileExec2514724751] Error 1
make: *** [cmTryCompileExec2514724751/fast] Error 2


Determining if the include file valgrind/valgrind.h exists failed with the following output:
Change Dir: /home/fabien/copyX/MpiEnv/simgrid/Simgrid-git/CMakeFiles/CMakeTmp

Run Build Command:/usr/bin/make "cmTryCompileExec3537592774/fast"
make: Warning: File `Makefile' has modification time 0.32 s in the future
/usr/bin/make -f CMakeFiles/cmTryCompileExec3537592774.dir/build.make CMakeFiles/cmTryCompileExec3537592774.dir/build
make[1]: Entering directory `/home/fabien/copyX/MpiEnv/simgrid/Simgrid-git/CMakeFiles/CMakeTmp'
make[1]: Warning: File `CMakeFiles/cmTryCompileExec3537592774.dir/flags.make' has modification time 0.31 s in the future
/usr/bin/cmake -E cmake_progress_report /home/fabien/copyX/MpiEnv/simgrid/Simgrid-git/CMakeFiles/CMakeTmp/CMakeFiles 1
Building C object CMakeFiles/cmTryCompileExec3537592774.dir/CheckIncludeFile.c.o
/usr/bin/gcc    -o CMakeFiles/cmTryCompileExec3537592774.dir/CheckIncludeFile.c.o   -c /home/fabien/copyX/MpiEnv/simgrid/Simgrid-git/CMakeFiles/CMakeTmp/CheckIncludeFile.c
/home/fabien/copyX/MpiEnv/simgrid/Simgrid-git/CMakeFiles/CMakeTmp/CheckIncludeFile.c:1:31: fatal error: valgrind/valgrind.h: No such file or directory
compilation terminated.
make[1]: Leaving directory `/home/fabien/copyX/MpiEnv/simgrid/Simgrid-git/CMakeFiles/CMakeTmp'
make[1]: *** [CMakeFiles/cmTryCompileExec3537592774.dir/CheckIncludeFile.c.o] Error 1
make: *** [cmTryCompileExec3537592774/fast] Error 2


Determining if the include file socket.h exists failed with the following output:
Change Dir: /home/fabien/copyX/MpiEnv/simgrid/Simgrid-git/CMakeFiles/CMakeTmp

Run Build Command:/usr/bin/make "cmTryCompileExec4225696819/fast"
make: Warning: File `Makefile' has modification time 0.34 s in the future
/usr/bin/make -f CMakeFiles/cmTryCompileExec4225696819.dir/build.make CMakeFiles/cmTryCompileExec4225696819.dir/build
make[1]: Entering directory `/home/fabien/copyX/MpiEnv/simgrid/Simgrid-git/CMakeFiles/CMakeTmp'
make[1]: Warning: File `CMakeFiles/cmTryCompileExec4225696819.dir/flags.make' has modification time 0.33 s in the future
/usr/bin/cmake -E cmake_progress_report /home/fabien/copyX/MpiEnv/simgrid/Simgrid-git/CMakeFiles/CMakeTmp/CMakeFiles 1
Building C object CMakeFiles/cmTryCompileExec4225696819.dir/CheckIncludeFile.c.o
/usr/bin/gcc    -o CMakeFiles/cmTryCompileExec4225696819.dir/CheckIncludeFile.c.o   -c /home/fabien/copyX/MpiEnv/simgrid/Simgrid-git/CMakeFiles/CMakeTmp/CheckIncludeFile.c
/home/fabien/copyX/MpiEnv/simgrid/Simgrid-git/CMakeFiles/CMakeTmp/CheckIncludeFile.c:1:20: fatal error: socket.h: No such file or directory
compilation terminated.
make[1]: *** [CMakeFiles/cmTryCompileExec4225696819.dir/CheckIncludeFile.c.o] Error 1
make[1]: Leaving directory `/home/fabien/copyX/MpiEnv/simgrid/Simgrid-git/CMakeFiles/CMakeTmp'
make: *** [cmTryCompileExec4225696819/fast] Error 2


Determining if the include file stat.h exists failed with the following output:
Change Dir: /home/fabien/copyX/MpiEnv/simgrid/Simgrid-git/CMakeFiles/CMakeTmp

Run Build Command:/usr/bin/make "cmTryCompileExec1121521920/fast"
make: Warning: File `Makefile' has modification time 0.34 s in the future
/usr/bin/make -f CMakeFiles/cmTryCompileExec1121521920.dir/build.make CMakeFiles/cmTryCompileExec1121521920.dir/build
make[1]: Entering directory `/home/fabien/copyX/MpiEnv/simgrid/Simgrid-git/CMakeFiles/CMakeTmp'
make[1]: Warning: File `CMakeFiles/cmTryCompileExec1121521920.dir/flags.make' has modification time 0.33 s in the future
/usr/bin/cmake -E cmake_progress_report /home/fabien/copyX/MpiEnv/simgrid/Simgrid-git/CMakeFiles/CMakeTmp/CMakeFiles 1
Building C object CMakeFiles/cmTryCompileExec1121521920.dir/CheckIncludeFile.c.o
/usr/bin/gcc    -o CMakeFiles/cmTryCompileExec1121521920.dir/CheckIncludeFile.c.o   -c /home/fabien/copyX/MpiEnv/simgrid/Simgrid-git/CMakeFiles/CMakeTmp/CheckIncludeFile.c
/home/fabien/copyX/MpiEnv/simgrid/Simgrid-git/CMakeFiles/CMakeTmp/CheckIncludeFile.c:1:18: fatal error: stat.h: No such file or directory
compilation terminated.
make[1]: *** [CMakeFiles/cmTryCompileExec1121521920.dir/CheckIncludeFile.c.o] Error 1
make[1]: Leaving directory `/home/fabien/copyX/MpiEnv/simgrid/Simgrid-git/CMakeFiles/CMakeTmp'
make: *** [cmTryCompileExec1121521920/fast] Error 2


Determining if the include file windows.h exists failed with the following output:
Change Dir: /home/fabien/copyX/MpiEnv/simgrid/Simgrid-git/CMakeFiles/CMakeTmp

Run Build Command:/usr/bin/make "cmTryCompileExec2871150237/fast"
make: Warning: File `Makefile' has modification time 0.32 s in the future
/usr/bin/make -f CMakeFiles/cmTryCompileExec2871150237.dir/build.make CMakeFiles/cmTryCompileExec2871150237.dir/build
make[1]: Entering directory `/home/fabien/copyX/MpiEnv/simgrid/Simgrid-git/CMakeFiles/CMakeTmp'
make[1]: Warning: File `CMakeFiles/cmTryCompileExec2871150237.dir/flags.make' has modification time 0.31 s in the future
/usr/bin/cmake -E cmake_progress_report /home/fabien/copyX/MpiEnv/simgrid/Simgrid-git/CMakeFiles/CMakeTmp/CMakeFiles 1
Building C object CMakeFiles/cmTryCompileExec2871150237.dir/CheckIncludeFile.c.o
/usr/bin/gcc    -o CMakeFiles/cmTryCompileExec2871150237.dir/CheckIncludeFile.c.o   -c /home/fabien/copyX/MpiEnv/simgrid/Simgrid-git/CMakeFiles/CMakeTmp/CheckIncludeFile.c
/home/fabien/copyX/MpiEnv/simgrid/Simgrid-git/CMakeFiles/CMakeTmp/CheckIncludeFile.c:1:21: fatal error: windows.h: No such file or directory
compilation terminated.
make[1]: Leaving directory `/home/fabien/copyX/MpiEnv/simgrid/Simgrid-git/CMakeFiles/CMakeTmp'
make[1]: *** [CMakeFiles/cmTryCompileExec2871150237.dir/CheckIncludeFile.c.o] Error 1
make: *** [cmTryCompileExec2871150237/fast] Error 2


Determining if the include file winsock.h exists failed with the following output:
Change Dir: /home/fabien/copyX/MpiEnv/simgrid/Simgrid-git/CMakeFiles/CMakeTmp

Run Build Command:/usr/bin/make "cmTryCompileExec1123111286/fast"
make: Warning: File `Makefile' has modification time 0.34 s in the future
/usr/bin/make -f CMakeFiles/cmTryCompileExec1123111286.dir/build.make CMakeFiles/cmTryCompileExec1123111286.dir/build
make[1]: Entering directory `/home/fabien/copyX/MpiEnv/simgrid/Simgrid-git/CMakeFiles/CMakeTmp'
make[1]: Warning: File `CMakeFiles/cmTryCompileExec1123111286.dir/flags.make' has modification time 0.33 s in the future
/usr/bin/cmake -E cmake_progress_report /home/fabien/copyX/MpiEnv/simgrid/Simgrid-git/CMakeFiles/CMakeTmp/CMakeFiles 1
Building C object CMakeFiles/cmTryCompileExec1123111286.dir/CheckIncludeFile.c.o
/usr/bin/gcc    -o CMakeFiles/cmTryCompileExec1123111286.dir/CheckIncludeFile.c.o   -c /home/fabien/copyX/MpiEnv/simgrid/Simgrid-git/CMakeFiles/CMakeTmp/CheckIncludeFile.c
/home/fabien/copyX/MpiEnv/simgrid/Simgrid-git/CMakeFiles/CMakeTmp/CheckIncludeFile.c:1:21: fatal error: winsock.h: No such file or directory
compilation terminated.
make[1]: Leaving directory `/home/fabien/copyX/MpiEnv/simgrid/Simgrid-git/CMakeFiles/CMakeTmp'
make[1]: *** [CMakeFiles/cmTryCompileExec1123111286.dir/CheckIncludeFile.c.o] Error 1
make: *** [cmTryCompileExec1123111286/fast] Error 2


Determining if the include file winsock2.h exists failed with the following output:
Change Dir: /home/fabien/copyX/MpiEnv/simgrid/Simgrid-git/CMakeFiles/CMakeTmp

Run Build Command:/usr/bin/make "cmTryCompileExec2098903358/fast"
make: Warning: File `Makefile' has modification time 0.34 s in the future
/usr/bin/make -f CMakeFiles/cmTryCompileExec2098903358.dir/build.make CMakeFiles/cmTryCompileExec2098903358.dir/build
make[1]: Entering directory `/home/fabien/copyX/MpiEnv/simgrid/Simgrid-git/CMakeFiles/CMakeTmp'
make[1]: Warning: File `CMakeFiles/cmTryCompileExec2098903358.dir/flags.make' has modification time 0.33 s in the future
/usr/bin/cmake -E cmake_progress_report /home/fabien/copyX/MpiEnv/simgrid/Simgrid-git/CMakeFiles/CMakeTmp/CMakeFiles 1
Building C object CMakeFiles/cmTryCompileExec2098903358.dir/CheckIncludeFile.c.o
/usr/bin/gcc    -o CMakeFiles/cmTryCompileExec2098903358.dir/CheckIncludeFile.c.o   -c /home/fabien/copyX/MpiEnv/simgrid/Simgrid-git/CMakeFiles/CMakeTmp/CheckIncludeFile.c
/home/fabien/copyX/MpiEnv/simgrid/Simgrid-git/CMakeFiles/CMakeTmp/CheckIncludeFile.c:1:22: fatal error: winsock2.h: No such file or directory
compilation terminated.
make[1]: Leaving directory `/home/fabien/copyX/MpiEnv/simgrid/Simgrid-git/CMakeFiles/CMakeTmp'
make[1]: *** [CMakeFiles/cmTryCompileExec2098903358.dir/CheckIncludeFile.c.o] Error 1
make: *** [cmTryCompileExec2098903358/fast] Error 2


Determining if the include file WinDef.h exists failed with the following output:
Change Dir: /home/fabien/copyX/MpiEnv/simgrid/Simgrid-git/CMakeFiles/CMakeTmp

Run Build Command:/usr/bin/make "cmTryCompileExec1817076727/fast"
make: Warning: File `Makefile' has modification time 0.32 s in the future
/usr/bin/make -f CMakeFiles/cmTryCompileExec1817076727.dir/build.make CMakeFiles/cmTryCompileExec1817076727.dir/build
make[1]: Entering directory `/home/fabien/copyX/MpiEnv/simgrid/Simgrid-git/CMakeFiles/CMakeTmp'
make[1]: Warning: File `CMakeFiles/cmTryCompileExec1817076727.dir/flags.make' has modification time 0.31 s in the future
/usr/bin/cmake -E cmake_progress_report /home/fabien/copyX/MpiEnv/simgrid/Simgrid-git/CMakeFiles/CMakeTmp/CMakeFiles 1
Building C object CMakeFiles/cmTryCompileExec1817076727.dir/CheckIncludeFile.c.o
/usr/bin/gcc    -o CMakeFiles/cmTryCompileExec1817076727.dir/CheckIncludeFile.c.o   -c /home/fabien/copyX/MpiEnv/simgrid/Simgrid-git/CMakeFiles/CMakeTmp/CheckIncludeFile.c
/home/fabien/copyX/MpiEnv/simgrid/Simgrid-git/CMakeFiles/CMakeTmp/CheckIncludeFile.c:1:20: fatal error: WinDef.h: No such file or directory
compilation terminated.
make[1]: *** [CMakeFiles/cmTryCompileExec1817076727.dir/CheckIncludeFile.c.o] Error 1
make[1]: Leaving directory `/home/fabien/copyX/MpiEnv/simgrid/Simgrid-git/CMakeFiles/CMakeTmp'
make: *** [cmTryCompileExec1817076727/fast] Error 2


