variant_options = '{"custom_mapping": true}'
Received '{"now":0.000000,"events":[{"timestamp":0.000000,"type":"SIMULATION_BEGINS","data":{"nb_resources":64,"allow_time_sharing":false,"config":{"redis":{"enabled":false,"hostname":"127.0.0.1","port":6379,"prefix":"default"},"job_submission":{"forward_profiles":false,"from_scheduler":{"enabled":false,"acknowledge":true}}},"resources_data":[{"id":0,"name":"n1","state":"idle","properties":{}},{"id":1,"name":"n2","state":"idle","properties":{}},{"id":2,"name":"n3","state":"idle","properties":{}},{"id":3,"name":"n4","state":"idle","properties":{}},{"id":4,"name":"n5","state":"idle","properties":{}},{"id":5,"name":"n6","state":"idle","properties":{}},{"id":6,"name":"n7","state":"idle","properties":{}},{"id":7,"name":"n8","state":"idle","properties":{}},{"id":8,"name":"n9","state":"idle","properties":{}},{"id":9,"name":"n10","state":"idle","properties":{}},{"id":10,"name":"n11","state":"idle","properties":{}},{"id":11,"name":"n12","state":"idle","properties":{}},{"id":12,"name":"n13","state":"idle","properties":{}},{"id":13,"name":"n14","state":"idle","properties":{}},{"id":14,"name":"n15","state":"idle","properties":{}},{"id":15,"name":"n16","state":"idle","properties":{}},{"id":16,"name":"n17","state":"idle","properties":{}},{"id":17,"name":"n18","state":"idle","properties":{}},{"id":18,"name":"n19","state":"idle","properties":{}},{"id":19,"name":"n20","state":"idle","properties":{}},{"id":20,"name":"n21","state":"idle","properties":{}},{"id":21,"name":"n22","state":"idle","properties":{}},{"id":22,"name":"n23","state":"idle","properties":{}},{"id":23,"name":"n24","state":"idle","properties":{}},{"id":24,"name":"n25","state":"idle","properties":{}},{"id":25,"name":"n26","state":"idle","properties":{}},{"id":26,"name":"n27","state":"idle","properties":{}},{"id":27,"name":"n28","state":"idle","properties":{}},{"id":28,"name":"n29","state":"idle","properties":{}},{"id":29,"name":"n30","state":"idle","properties":{}},{"id":30,"name":"n31","state":"idle","properties":{}},{"id":31,"name":"n32","state":"idle","properties":{}},{"id":32,"name":"n33","state":"idle","properties":{}},{"id":33,"name":"n34","state":"idle","properties":{}},{"id":34,"name":"n35","state":"idle","properties":{}},{"id":35,"name":"n36","state":"idle","properties":{}},{"id":36,"name":"n37","state":"idle","properties":{}},{"id":37,"name":"n38","state":"idle","properties":{}},{"id":38,"name":"n39","state":"idle","properties":{}},{"id":39,"name":"n40","state":"idle","properties":{}},{"id":40,"name":"n41","state":"idle","properties":{}},{"id":41,"name":"n42","state":"idle","properties":{}},{"id":42,"name":"n43","state":"idle","properties":{}},{"id":43,"name":"n44","state":"idle","properties":{}},{"id":44,"name":"n45","state":"idle","properties":{}},{"id":45,"name":"n46","state":"idle","properties":{}},{"id":46,"name":"n47","state":"idle","properties":{}},{"id":47,"name":"n48","state":"idle","properties":{}},{"id":48,"name":"n49","state":"idle","properties":{}},{"id":49,"name":"n50","state":"idle","properties":{}},{"id":50,"name":"n51","state":"idle","properties":{}},{"id":51,"name":"n52","state":"idle","properties":{}},{"id":52,"name":"n53","state":"idle","properties":{}},{"id":53,"name":"n54","state":"idle","properties":{}},{"id":54,"name":"n55","state":"idle","properties":{}},{"id":55,"name":"n56","state":"idle","properties":{}},{"id":56,"name":"n57","state":"idle","properties":{}},{"id":57,"name":"n58","state":"idle","properties":{}},{"id":58,"name":"n59","state":"idle","properties":{}},{"id":59,"name":"n60","state":"idle","properties":{}},{"id":60,"name":"n61","state":"idle","properties":{}},{"id":61,"name":"n62","state":"idle","properties":{}},{"id":62,"name":"n63","state":"idle","properties":{}},{"id":63,"name":"n64","state":"idle","properties":{}}],"workloads":{"051425":"/github-simgrid/190311/../batsim-v2.0.0/workload_profiles/npb_160_jobs.json"}}}]}'
Sending '{"now":0.0,"events":[]}'
Received '{"now":0.047824,"events":[{"timestamp":0.047824,"type":"JOB_SUBMITTED","data":{"job_id":"051425!1","job":{"id":"051425!1","profile":"SP.S.16","res":16,"subtime":0.047793,"walltime":4200}}}]}'
Sending '{"now":0.047824,"events":[{"timestamp":0.047824,"type":"EXECUTE_JOB","data":{"job_id":"051425!1","alloc":"0-15"}}]}'
Received '{"now":0.132949,"events":[{"timestamp":0.132949,"type":"JOB_SUBMITTED","data":{"job_id":"051425!2","job":{"id":"051425!2","profile":"MG.S.16","res":16,"subtime":0.132928,"walltime":4200}}}]}'
Sending '{"now":0.132949,"events":[{"timestamp":0.132949,"type":"EXECUTE_JOB","data":{"job_id":"051425!2","alloc":"16-31"}}]}'
Received '{"now":0.154028,"events":[{"timestamp":0.154028,"type":"JOB_SUBMITTED","data":{"job_id":"051425!3","job":{"id":"051425!3","profile":"BT.S.16","res":16,"subtime":0.154009,"walltime":4200}}}]}'
Sending '{"now":0.154028,"events":[{"timestamp":0.154028,"type":"EXECUTE_JOB","data":{"job_id":"051425!3","alloc":"32-47"}}]}'
Received '{"now":0.202458,"events":[{"timestamp":0.202458,"type":"JOB_SUBMITTED","data":{"job_id":"051425!4","job":{"id":"051425!4","profile":"SP.S.4","res":4,"subtime":0.202431,"walltime":4200}}}]}'
Sending '{"now":0.202458,"events":[{"timestamp":0.202458,"type":"EXECUTE_JOB","data":{"job_id":"051425!4","alloc":"48-51"}}]}'
Received '{"now":0.425400,"events":[{"timestamp":0.425400,"type":"JOB_SUBMITTED","data":{"job_id":"051425!5","job":{"id":"051425!5","profile":"BT.S.16","res":16,"subtime":0.425378,"walltime":4200}}}]}'
Sending '{"now":0.4254,"events":[]}'
Received '{"now":0.605139,"events":[{"timestamp":0.605139,"type":"JOB_COMPLETED","data":{"job_id":"051425!4","job_state":"COMPLETED_SUCCESSFULLY","return_code":0,"kill_reason":"","alloc":"48-51"}}]}'
Sending '{"now":0.605139,"events":[{"timestamp":0.605139,"type":"EXECUTE_JOB","data":{"job_id":"051425!5","alloc":"48-63"}}]}'
Received '{"now":0.611230,"events":[{"timestamp":0.611230,"type":"JOB_COMPLETED","data":{"job_id":"051425!2","job_state":"COMPLETED_SUCCESSFULLY","return_code":0,"kill_reason":"","alloc":"16-31"}}]}'
Sending '{"now":0.61123,"events":[]}'
Received '{"now":0.739904,"events":[{"timestamp":0.739904,"type":"JOB_SUBMITTED","data":{"job_id":"051425!6","job":{"id":"051425!6","profile":"CG.S.16","res":16,"subtime":0.739874,"walltime":4200}}}]}'
Sending '{"now":0.739904,"events":[{"timestamp":0.739904,"type":"EXECUTE_JOB","data":{"job_id":"051425!6","alloc":"16-31"}}]}'
Received '{"now":0.837926,"events":[{"timestamp":0.837926,"type":"JOB_SUBMITTED","data":{"job_id":"051425!7","job":{"id":"051425!7","profile":"CG.S.16","res":16,"subtime":0.837899,"walltime":4200}}}]}'
Sending '{"now":0.837926,"events":[]}'
Received '{"now":1.070115,"events":[{"timestamp":1.070115,"type":"JOB_SUBMITTED","data":{"job_id":"051425!8","job":{"id":"051425!8","profile":"BT.S.4","res":4,"subtime":1.070085,"walltime":4200}}}]}'
Sending '{"now":1.070115,"events":[]}'
Received '{"now":1.106277,"events":[{"timestamp":1.106277,"type":"JOB_COMPLETED","data":{"job_id":"051425!1","job_state":"COMPLETED_SUCCESSFULLY","return_code":0,"kill_reason":"","alloc":"0-15"}}]}'
Sending '{"now":1.106277,"events":[{"timestamp":1.106277,"type":"EXECUTE_JOB","data":{"job_id":"051425!7","alloc":"0-15"}}]}'
Received '{"now":1.174621,"events":[{"timestamp":1.174621,"type":"JOB_SUBMITTED","data":{"job_id":"051425!9","job":{"id":"051425!9","profile":"BT.S.16","res":16,"subtime":1.174591,"walltime":4200}}}]}'
Sending '{"now":1.174621,"events":[]}'
Received '{"now":1.285257,"events":[{"timestamp":1.285257,"type":"JOB_SUBMITTED","data":{"job_id":"051425!10","job":{"id":"051425!10","profile":"IS.S.16","res":16,"subtime":1.285227,"walltime":4200}}}]}'
Sending '{"now":1.285257,"events":[]}'
Received '{"now":1.303446,"events":[{"timestamp":1.303446,"type":"JOB_SUBMITTED","data":{"job_id":"051425!11","job":{"id":"051425!11","profile":"BT.S.16","res":16,"subtime":1.303425,"walltime":4200}}}]}'
Sending '{"now":1.303446,"events":[]}'
Received '{"now":1.347978,"events":[{"timestamp":1.347978,"type":"JOB_SUBMITTED","data":{"job_id":"051425!12","job":{"id":"051425!12","profile":"CG.S.16","res":16,"subtime":1.347948,"walltime":4200}}}]}'
Sending '{"now":1.347978,"events":[]}'
Received '{"now":1.629586,"events":[{"timestamp":1.629586,"type":"JOB_SUBMITTED","data":{"job_id":"051425!13","job":{"id":"051425!13","profile":"CG.S.16","res":16,"subtime":1.629556,"walltime":4200}}}]}'
Sending '{"now":1.629586,"events":[]}'
Received '{"now":1.641800,"events":[{"timestamp":1.641800,"type":"JOB_COMPLETED","data":{"job_id":"051425!3","job_state":"COMPLETED_SUCCESSFULLY","return_code":0,"kill_reason":"","alloc":"32-47"}}]}'
Sending '{"now":1.6418,"events":[{"timestamp":1.6418,"type":"EXECUTE_JOB","data":{"job_id":"051425!8","alloc":"32-35"}}]}'
Received '{"now":1.701196,"events":[{"timestamp":1.701196,"type":"JOB_SUBMITTED","data":{"job_id":"051425!14","job":{"id":"051425!14","profile":"BT.S.4","res":4,"subtime":1.701166,"walltime":4200}}}]}'
Sending '{"now":1.701196,"events":[]}'
Received '{"now":1.734898,"events":[{"timestamp":1.734898,"type":"JOB_COMPLETED","data":{"job_id":"051425!6","job_state":"COMPLETED_SUCCESSFULLY","return_code":0,"kill_reason":"","alloc":"16-31"}}]}'
Sending '{"now":1.734898,"events":[{"timestamp":1.734898,"type":"EXECUTE_JOB","data":{"job_id":"051425!9","alloc":"16-31"}}]}'
Received '{"now":1.808362,"events":[{"timestamp":1.808362,"type":"JOB_SUBMITTED","data":{"job_id":"051425!15","job":{"id":"051425!15","profile":"FT.S.16","res":16,"subtime":1.808332,"walltime":4200}}}]}'
Sending '{"now":1.808362,"events":[]}'
Received '{"now":1.937482,"events":[{"timestamp":1.937482,"type":"JOB_SUBMITTED","data":{"job_id":"051425!16","job":{"id":"051425!16","profile":"IS.S.4","res":4,"subtime":1.937452,"walltime":4200}}}]}'
Sending '{"now":1.937482,"events":[]}'
Received '{"now":2.029859,"events":[{"timestamp":2.029859,"type":"JOB_COMPLETED","data":{"job_id":"051425!5","job_state":"COMPLETED_SUCCESSFULLY","return_code":0,"kill_reason":"","alloc":"48-63"}}]}'
Sending '{"now":2.029859,"events":[{"timestamp":2.029859,"type":"EXECUTE_JOB","data":{"job_id":"051425!10","alloc":"36-51"}},{"timestamp":2.029859,"type":"EXECUTE_JOB","data":{"job_id":"051425!14","alloc":"52-55"}},{"timestamp":2.029859,"type":"EXECUTE_JOB","data":{"job_id":"051425!16","alloc":"56-59"}}]}'
Received '{"now":2.142783,"events":[{"timestamp":2.142783,"type":"JOB_COMPLETED","data":{"job_id":"051425!8","job_state":"COMPLETED_SUCCESSFULLY","return_code":0,"kill_reason":"","alloc":"32-35"}}]}'
Sending '{"now":2.142783,"events":[]}'
Received '{"now":2.143693,"events":[{"timestamp":2.143693,"type":"JOB_COMPLETED","data":{"job_id":"051425!7","job_state":"COMPLETED_SUCCESSFULLY","return_code":0,"kill_reason":"","alloc":"0-15"}}]}'
Sending '{"now":2.143693,"events":[{"timestamp":2.143693,"type":"EXECUTE_JOB","data":{"job_id":"051425!11","alloc":"0-15"}}]}'
Received '{"now":2.155174,"events":[{"timestamp":2.155174,"type":"JOB_COMPLETED","data":{"job_id":"051425!10","job_state":"COMPLETED_SUCCESSFULLY","return_code":0,"kill_reason":"","alloc":"36-51"}}]}'
Sending '{"now":2.155174,"events":[{"timestamp":2.155174,"type":"EXECUTE_JOB","data":{"job_id":"051425!12","alloc":"32-47"}}]}'
Received '{"now":2.231856,"events":[{"timestamp":2.231856,"type":"JOB_SUBMITTED","data":{"job_id":"051425!17","job":{"id":"051425!17","profile":"LU.S.4","res":4,"subtime":2.231826,"walltime":4200}}}]}'
Sending '{"now":2.231856,"events":[{"timestamp":2.231856,"type":"EXECUTE_JOB","data":{"job_id":"051425!17","alloc":"48-51"}}]}'
Received '{"now":2.236221,"events":[{"timestamp":2.236221,"type":"JOB_SUBMITTED","data":{"job_id":"051425!18","job":{"id":"051425!18","profile":"LU.S.4","res":4,"subtime":2.236197,"walltime":4200}}}]}'
Sending '{"now":2.236221,"events":[{"timestamp":2.236221,"type":"EXECUTE_JOB","data":{"job_id":"051425!18","alloc":"60-63"}}]}'
Received '{"now":2.238687,"events":[{"timestamp":2.238687,"type":"JOB_SUBMITTED","data":{"job_id":"051425!19","job":{"id":"051425!19","profile":"FT.S.4","res":4,"subtime":2.238657,"walltime":4200}}}]}'
Sending '{"now":2.238687,"events":[]}'
Received '{"now":2.312065,"events":[{"timestamp":2.312065,"type":"JOB_COMPLETED","data":{"job_id":"051425!16","job_state":"COMPLETED_SUCCESSFULLY","return_code":0,"kill_reason":"","alloc":"56-59"}}]}'
Sending '{"now":2.312065,"events":[{"timestamp":2.312065,"type":"EXECUTE_JOB","data":{"job_id":"051425!19","alloc":"56-59"}}]}'
Received '{"now":2.314361,"events":[{"timestamp":2.314361,"type":"JOB_SUBMITTED","data":{"job_id":"051425!20","job":{"id":"051425!20","profile":"SP.S.16","res":16,"subtime":2.314341,"walltime":4200}}}]}'
Sending '{"now":2.314361,"events":[]}'
Received '{"now":2.339625,"events":[{"timestamp":2.339625,"type":"JOB_SUBMITTED","data":{"job_id":"051425!21","job":{"id":"051425!21","profile":"MG.S.16","res":16,"subtime":2.339594,"walltime":4200}}}]}'
Sending '{"now":2.339625,"events":[]}'
Received '{"now":2.369063,"events":[{"timestamp":2.369063,"type":"JOB_SUBMITTED","data":{"job_id":"051425!22","job":{"id":"051425!22","profile":"BT.S.4","res":4,"subtime":2.369041,"walltime":4200}}}]}'
Sending '{"now":2.369063,"events":[]}'
Received '{"now":2.416876,"events":[{"timestamp":2.416876,"type":"JOB_SUBMITTED","data":{"job_id":"051425!23","job":{"id":"051425!23","profile":"LU.S.16","res":16,"subtime":2.416846,"walltime":4200}}}]}'
Sending '{"now":2.416876,"events":[]}'
Received '{"now":2.419861,"events":[{"timestamp":2.419861,"type":"JOB_SUBMITTED","data":{"job_id":"051425!24","job":{"id":"051425!24","profile":"LU.S.16","res":16,"subtime":2.419831,"walltime":4200}}}]}'
Sending '{"now":2.419861,"events":[]}'
Received '{"now":2.495094,"events":[{"timestamp":2.495094,"type":"JOB_COMPLETED","data":{"job_id":"051425!14","job_state":"COMPLETED_SUCCESSFULLY","return_code":0,"kill_reason":"","alloc":"52-55"}}]}'
Sending '{"now":2.495094,"events":[{"timestamp":2.495094,"type":"EXECUTE_JOB","data":{"job_id":"051425!22","alloc":"52-55"}}]}'
Received '{"now":2.715100,"events":[{"timestamp":2.715100,"type":"JOB_SUBMITTED","data":{"job_id":"051425!25","job":{"id":"051425!25","profile":"FT.S.16","res":16,"subtime":2.715070,"walltime":4200}}}]}'
Sending '{"now":2.7151,"events":[]}'
Received '{"now":2.817713,"events":[{"timestamp":2.817713,"type":"JOB_SUBMITTED","data":{"job_id":"051425!26","job":{"id":"051425!26","profile":"MG.S.16","res":16,"subtime":2.817685,"walltime":4200}}}]}'
Sending '{"now":2.817713,"events":[]}'
Received '{"now":2.884609,"events":[{"timestamp":2.884609,"type":"JOB_COMPLETED","data":{"job_id":"051425!22","job_state":"COMPLETED_SUCCESSFULLY","return_code":0,"kill_reason":"","alloc":"52-55"}}]}'
Sending '{"now":2.884609,"events":[]}'
Received '{"now":2.987011,"events":[{"timestamp":2.987011,"type":"JOB_COMPLETED","data":{"job_id":"051425!17","job_state":"COMPLETED_SUCCESSFULLY","return_code":0,"kill_reason":"","alloc":"48-51"}}]}'
Sending '{"now":2.987011,"events":[]}'
Received '{"now":3.014144,"events":[{"timestamp":3.014144,"type":"JOB_COMPLETED","data":{"job_id":"051425!18","job_state":"COMPLETED_SUCCESSFULLY","return_code":0,"kill_reason":"","alloc":"60-63"}}]}'
Sending '{"now":3.014144,"events":[]}'
Received '{"now":3.024885,"events":[{"timestamp":3.024885,"type":"JOB_SUBMITTED","data":{"job_id":"051425!27","job":{"id":"051425!27","profile":"SP.S.4","res":4,"subtime":3.024855,"walltime":4200}}}]}'
Sending '{"now":3.024885,"events":[{"timestamp":3.024885,"type":"EXECUTE_JOB","data":{"job_id":"051425!27","alloc":"48-51"}}]}'
Received '{"now":3.151777,"events":[{"timestamp":3.151777,"type":"JOB_COMPLETED","data":{"job_id":"051425!12","job_state":"COMPLETED_SUCCESSFULLY","return_code":0,"kill_reason":"","alloc":"32-47"}}]}'
Sending '{"now":3.151777,"events":[{"timestamp":3.151777,"type":"EXECUTE_JOB","data":{"job_id":"051425!13","alloc":"32-47"}}]}'
Received '{"now":3.228241,"events":[{"timestamp":3.228241,"type":"JOB_SUBMITTED","data":{"job_id":"051425!28","job":{"id":"051425!28","profile":"FT.S.16","res":16,"subtime":3.228217,"walltime":4200}}}]}'
Sending '{"now":3.228241,"events":[]}'
Received '{"now":3.315188,"events":[{"timestamp":3.315188,"type":"JOB_SUBMITTED","data":{"job_id":"051425!29","job":{"id":"051425!29","profile":"LU.S.4","res":4,"subtime":3.315158,"walltime":4200}}}]}'
Sending '{"now":3.315188,"events":[{"timestamp":3.315188,"type":"EXECUTE_JOB","data":{"job_id":"051425!29","alloc":"52-55"}}]}'
Received '{"now":3.356655,"events":[{"timestamp":3.356655,"type":"JOB_COMPLETED","data":{"job_id":"051425!9","job_state":"COMPLETED_SUCCESSFULLY","return_code":0,"kill_reason":"","alloc":"16-31"}}]}'
Sending '{"now":3.356655,"events":[{"timestamp":3.356655,"type":"EXECUTE_JOB","data":{"job_id":"051425!15","alloc":"16-31"}}]}'
Received '{"now":3.358990,"events":[{"timestamp":3.358990,"type":"JOB_COMPLETED","data":{"job_id":"051425!27","job_state":"COMPLETED_SUCCESSFULLY","return_code":0,"kill_reason":"","alloc":"48-51"}}]}'
Sending '{"now":3.35899,"events":[]}'
Received '{"now":3.380824,"events":[{"timestamp":3.380824,"type":"JOB_COMPLETED","data":{"job_id":"051425!19","job_state":"COMPLETED_SUCCESSFULLY","return_code":0,"kill_reason":"","alloc":"56-59"}}]}'
Sending '{"now":3.380824,"events":[]}'
Received '{"now":3.423386,"events":[{"timestamp":3.423386,"type":"JOB_SUBMITTED","data":{"job_id":"051425!30","job":{"id":"051425!30","profile":"CG.S.4","res":4,"subtime":3.423356,"walltime":4200}}}]}'
Sending '{"now":3.423386,"events":[{"timestamp":3.423386,"type":"EXECUTE_JOB","data":{"job_id":"051425!30","alloc":"48-51"}}]}'
Received '{"now":3.444437,"events":[{"timestamp":3.444437,"type":"JOB_SUBMITTED","data":{"job_id":"051425!31","job":{"id":"051425!31","profile":"BT.S.4","res":4,"subtime":3.444413,"walltime":4200}}}]}'
Sending '{"now":3.444437,"events":[{"timestamp":3.444437,"type":"EXECUTE_JOB","data":{"job_id":"051425!31","alloc":"56-59"}}]}'
Received '{"now":3.449852,"events":[{"timestamp":3.449852,"type":"JOB_SUBMITTED","data":{"job_id":"051425!32","job":{"id":"051425!32","profile":"FT.S.16","res":16,"subtime":3.449827,"walltime":4200}}}]}'
Sending '{"now":3.449852,"events":[]}'
Received '{"now":3.568249,"events":[{"timestamp":3.568249,"type":"JOB_SUBMITTED","data":{"job_id":"051425!33","job":{"id":"051425!33","profile":"CG.S.16","res":16,"subtime":3.568231,"walltime":4200}}}]}'
Sending '{"now":3.568249,"events":[]}'
Received '{"now":3.621927,"events":[{"timestamp":3.621927,"type":"JOB_COMPLETED","data":{"job_id":"051425!11","job_state":"COMPLETED_SUCCESSFULLY","return_code":0,"kill_reason":"","alloc":"0-15"}}]}'
Sending '{"now":3.621927,"events":[{"timestamp":3.621927,"type":"EXECUTE_JOB","data":{"job_id":"051425!20","alloc":"0-15"}}]}'
Received '{"now":3.711935,"events":[{"timestamp":3.711935,"type":"JOB_COMPLETED","data":{"job_id":"051425!15","job_state":"COMPLETED_SUCCESSFULLY","return_code":0,"kill_reason":"","alloc":"16-31"}}]}'
Sending '{"now":3.711935,"events":[{"timestamp":3.711935,"type":"EXECUTE_JOB","data":{"job_id":"051425!21","alloc":"16-31"}}]}'
Received '{"now":3.857363,"events":[{"timestamp":3.857363,"type":"JOB_COMPLETED","data":{"job_id":"051425!31","job_state":"COMPLETED_SUCCESSFULLY","return_code":0,"kill_reason":"","alloc":"56-59"}}]}'
Sending '{"now":3.857363,"events":[]}'
Received '{"now":3.860083,"events":[{"timestamp":3.860083,"type":"JOB_SUBMITTED","data":{"job_id":"051425!34","job":{"id":"051425!34","profile":"FT.S.4","res":4,"subtime":3.860053,"walltime":4200}}}]}'
Sending '{"now":3.860083,"events":[{"timestamp":3.860083,"type":"EXECUTE_JOB","data":{"job_id":"051425!34","alloc":"56-59"}}]}'
Received '{"now":3.908099,"events":[{"timestamp":3.908099,"type":"JOB_COMPLETED","data":{"job_id":"051425!30","job_state":"COMPLETED_SUCCESSFULLY","return_code":0,"kill_reason":"","alloc":"48-51"}}]}'
Sending '{"now":3.908099,"events":[]}'
Received '{"now":3.962516,"events":[{"timestamp":3.962516,"type":"JOB_COMPLETED","data":{"job_id":"051425!29","job_state":"COMPLETED_SUCCESSFULLY","return_code":0,"kill_reason":"","alloc":"52-55"}}]}'
Sending '{"now":3.962516,"events":[]}'
Received '{"now":3.993721,"events":[{"timestamp":3.993721,"type":"JOB_SUBMITTED","data":{"job_id":"051425!35","job":{"id":"051425!35","profile":"LU.S.16","res":16,"subtime":3.993696,"walltime":4200}}}]}'
Sending '{"now":3.993721,"events":[]}'
Received '{"now":4.061966,"events":[{"timestamp":4.061966,"type":"JOB_SUBMITTED","data":{"job_id":"051425!36","job":{"id":"051425!36","profile":"MG.S.4","res":4,"subtime":4.061948,"walltime":4200}}}]}'
Sending '{"now":4.061966,"events":[{"timestamp":4.061966,"type":"EXECUTE_JOB","data":{"job_id":"051425!36","alloc":"48-51"}}]}'
Received '{"now":4.108777,"events":[{"timestamp":4.108777,"type":"JOB_SUBMITTED","data":{"job_id":"051425!37","job":{"id":"051425!37","profile":"IS.S.4","res":4,"subtime":4.108747,"walltime":4200}}}]}'
Sending '{"now":4.108777,"events":[{"timestamp":4.108777,"type":"EXECUTE_JOB","data":{"job_id":"051425!37","alloc":"52-55"}}]}'
Received '{"now":4.110233,"events":[{"timestamp":4.110233,"type":"JOB_COMPLETED","data":{"job_id":"051425!21","job_state":"COMPLETED_SUCCESSFULLY","return_code":0,"kill_reason":"","alloc":"16-31"}}]}'
Sending '{"now":4.110233,"events":[{"timestamp":4.110233,"type":"EXECUTE_JOB","data":{"job_id":"051425!23","alloc":"16-31"}}]}'
Received '{"now":4.111171,"events":[{"timestamp":4.111171,"type":"JOB_SUBMITTED","data":{"job_id":"051425!38","job":{"id":"051425!38","profile":"LU.S.16","res":16,"subtime":4.111149,"walltime":4200}}}]}'
Sending '{"now":4.111171,"events":[]}'
Received '{"now":4.152097,"events":[{"timestamp":4.152097,"type":"JOB_COMPLETED","data":{"job_id":"051425!13","job_state":"COMPLETED_SUCCESSFULLY","return_code":0,"kill_reason":"","alloc":"32-47"}}]}'
Sending '{"now":4.152097,"events":[{"timestamp":4.152097,"type":"EXECUTE_JOB","data":{"job_id":"051425!24","alloc":"32-47"}}]}'
Received '{"now":4.206154,"events":[{"timestamp":4.206154,"type":"JOB_COMPLETED","data":{"job_id":"051425!37","job_state":"COMPLETED_SUCCESSFULLY","return_code":0,"kill_reason":"","alloc":"52-55"}}]}'
Sending '{"now":4.206154,"events":[]}'
Received '{"now":4.227309,"events":[{"timestamp":4.227309,"type":"JOB_SUBMITTED","data":{"job_id":"051425!39","job":{"id":"051425!39","profile":"MG.S.16","res":16,"subtime":4.227278,"walltime":4200}}}]}'
Sending '{"now":4.227309,"events":[]}'
Received '{"now":4.261300,"events":[{"timestamp":4.261300,"type":"JOB_COMPLETED","data":{"job_id":"051425!36","job_state":"COMPLETED_SUCCESSFULLY","return_code":0,"kill_reason":"","alloc":"48-51"}}]}'
Sending '{"now":4.2613,"events":[]}'
Received '{"now":4.343753,"events":[{"timestamp":4.343753,"type":"JOB_COMPLETED","data":{"job_id":"051425!34","job_state":"COMPLETED_SUCCESSFULLY","return_code":0,"kill_reason":"","alloc":"56-59"}}]}'
Sending '{"now":4.343753,"events":[{"timestamp":4.343753,"type":"EXECUTE_JOB","data":{"job_id":"051425!25","alloc":"48-63"}}]}'
Received '{"now":4.504767,"events":[{"timestamp":4.504767,"type":"JOB_SUBMITTED","data":{"job_id":"051425!40","job":{"id":"051425!40","profile":"FT.S.4","res":4,"subtime":4.504737,"walltime":4200}}}]}'
Sending '{"now":4.504767,"events":[]}'
Received '{"now":4.596782,"events":[{"timestamp":4.596782,"type":"JOB_COMPLETED","data":{"job_id":"051425!20","job_state":"COMPLETED_SUCCESSFULLY","return_code":0,"kill_reason":"","alloc":"0-15"}}]}'
Sending '{"now":4.596782,"events":[{"timestamp":4.596782,"type":"EXECUTE_JOB","data":{"job_id":"051425!26","alloc":"0-15"}}]}'
Received '{"now":4.612332,"events":[{"timestamp":4.612332,"type":"JOB_SUBMITTED","data":{"job_id":"051425!41","job":{"id":"051425!41","profile":"CG.S.4","res":4,"subtime":4.612302,"walltime":4200}}}]}'
Sending '{"now":4.612332,"events":[]}'
Received '{"now":4.640071,"events":[{"timestamp":4.640071,"type":"JOB_COMPLETED","data":{"job_id":"051425!25","job_state":"COMPLETED_SUCCESSFULLY","return_code":0,"kill_reason":"","alloc":"48-63"}}]}'
Sending '{"now":4.640071,"events":[{"timestamp":4.640071,"type":"EXECUTE_JOB","data":{"job_id":"051425!28","alloc":"48-63"}}]}'
Received '{"now":4.641355,"events":[{"timestamp":4.641355,"type":"JOB_SUBMITTED","data":{"job_id":"051425!42","job":{"id":"051425!42","profile":"BT.S.4","res":4,"subtime":4.641331,"walltime":4200}}}]}'
Sending '{"now":4.641355,"events":[]}'
Received '{"now":4.783477,"events":[{"timestamp":4.783477,"type":"JOB_SUBMITTED","data":{"job_id":"051425!43","job":{"id":"051425!43","profile":"IS.S.16","res":16,"subtime":4.783449,"walltime":4200}}}]}'
Sending '{"now":4.783477,"events":[]}'
Received '{"now":4.819596,"events":[{"timestamp":4.819596,"type":"JOB_SUBMITTED","data":{"job_id":"051425!44","job":{"id":"051425!44","profile":"FT.S.4","res":4,"subtime":4.819566,"walltime":4200}}}]}'
Sending '{"now":4.819596,"events":[]}'
Received '{"now":4.902324,"events":[{"timestamp":4.902324,"type":"JOB_SUBMITTED","data":{"job_id":"051425!45","job":{"id":"051425!45","profile":"CG.S.4","res":4,"subtime":4.902302,"walltime":4200}}}]}'
Sending '{"now":4.902324,"events":[]}'
Received '{"now":4.971212,"events":[{"timestamp":4.971212,"type":"JOB_COMPLETED","data":{"job_id":"051425!26","job_state":"COMPLETED_SUCCESSFULLY","return_code":0,"kill_reason":"","alloc":"0-15"}}]}'
Sending '{"now":4.971212,"events":[{"timestamp":4.971212,"type":"EXECUTE_JOB","data":{"job_id":"051425!32","alloc":"0-15"}}]}'
Received '{"now":4.975398,"events":[{"timestamp":4.975398,"type":"JOB_COMPLETED","data":{"job_id":"051425!28","job_state":"COMPLETED_SUCCESSFULLY","return_code":0,"kill_reason":"","alloc":"48-63"}}]}'
Sending '{"now":4.975398,"events":[{"timestamp":4.975398,"type":"EXECUTE_JOB","data":{"job_id":"051425!33","alloc":"48-63"}}]}'
Received '{"now":4.988594,"events":[{"timestamp":4.988594,"type":"JOB_SUBMITTED","data":{"job_id":"051425!46","job":{"id":"051425!46","profile":"IS.S.16","res":16,"subtime":4.988567,"walltime":4200}}}]}'
Sending '{"now":4.988594,"events":[]}'
Received '{"now":5.091997,"events":[{"timestamp":5.091997,"type":"JOB_COMPLETED","data":{"job_id":"051425!23","job_state":"COMPLETED_SUCCESSFULLY","return_code":0,"kill_reason":"","alloc":"16-31"}}]}'
Sending '{"now":5.091997,"events":[{"timestamp":5.091997,"type":"EXECUTE_JOB","data":{"job_id":"051425!35","alloc":"16-31"}}]}'
Received '{"now":5.120965,"events":[{"timestamp":5.120965,"type":"JOB_COMPLETED","data":{"job_id":"051425!24","job_state":"COMPLETED_SUCCESSFULLY","return_code":0,"kill_reason":"","alloc":"32-47"}}]}'
Sending '{"now":5.120965,"events":[{"timestamp":5.120965,"type":"EXECUTE_JOB","data":{"job_id":"051425!38","alloc":"32-47"}}]}'
Received '{"now":5.148651,"events":[{"timestamp":5.148651,"type":"JOB_COMPLETED","data":{"job_id":"051425!32","job_state":"COMPLETED_SUCCESSFULLY","return_code":0,"kill_reason":"","alloc":"0-15"}}]}'
Sending '{"now":5.148651,"events":[{"timestamp":5.148651,"type":"EXECUTE_JOB","data":{"job_id":"051425!39","alloc":"0-15"}}]}'
Received '{"now":5.242989,"events":[{"timestamp":5.242989,"type":"JOB_SUBMITTED","data":{"job_id":"051425!47","job":{"id":"051425!47","profile":"MG.S.16","res":16,"subtime":5.242958,"walltime":4200}}}]}'
Sending '{"now":5.242989,"events":[]}'
Received '{"now":5.455698,"events":[{"timestamp":5.455698,"type":"JOB_SUBMITTED","data":{"job_id":"051425!48","job":{"id":"051425!48","profile":"CG.S.4","res":4,"subtime":5.455670,"walltime":4200}}}]}'
Sending '{"now":5.455698,"events":[]}'
Received '{"now":5.466961,"events":[{"timestamp":5.466961,"type":"JOB_COMPLETED","data":{"job_id":"051425!39","job_state":"COMPLETED_SUCCESSFULLY","return_code":0,"kill_reason":"","alloc":"0-15"}}]}'
Sending '{"now":5.466961,"events":[{"timestamp":5.466961,"type":"EXECUTE_JOB","data":{"job_id":"051425!40","alloc":"0-3"}},{"timestamp":5.466961,"type":"EXECUTE_JOB","data":{"job_id":"051425!41","alloc":"4-7"}},{"timestamp":5.466961,"type":"EXECUTE_JOB","data":{"job_id":"051425!42","alloc":"8-11"}},{"timestamp":5.466961,"type":"EXECUTE_JOB","data":{"job_id":"051425!44","alloc":"12-15"}}]}'
Received '{"now":5.710305,"events":[{"timestamp":5.710305,"type":"JOB_COMPLETED","data":{"job_id":"051425!40","job_state":"COMPLETED_SUCCESSFULLY","return_code":0,"kill_reason":"","alloc":"0-3"}}]}'
Sending '{"now":5.710305,"events":[{"timestamp":5.710305,"type":"EXECUTE_JOB","data":{"job_id":"051425!45","alloc":"0-3"}}]}'
Received '{"now":5.711179,"events":[{"timestamp":5.711179,"type":"JOB_COMPLETED","data":{"job_id":"051425!42","job_state":"COMPLETED_SUCCESSFULLY","return_code":0,"kill_reason":"","alloc":"8-11"}}]}'
Sending '{"now":5.711179,"events":[{"timestamp":5.711179,"type":"EXECUTE_JOB","data":{"job_id":"051425!48","alloc":"8-11"}}]}'
Received '{"now":5.737211,"events":[{"timestamp":5.737211,"type":"JOB_COMPLETED","data":{"job_id":"051425!44","job_state":"COMPLETED_SUCCESSFULLY","return_code":0,"kill_reason":"","alloc":"12-15"}}]}'
Sending '{"now":5.737211,"events":[]}'
Received '{"now":5.878905,"events":[{"timestamp":5.878905,"type":"JOB_SUBMITTED","data":{"job_id":"051425!49","job":{"id":"051425!49","profile":"CG.S.16","res":16,"subtime":5.878878,"walltime":4200}}}]}'
Sending '{"now":5.878905,"events":[]}'
Received '{"now":5.944316,"events":[{"timestamp":5.944316,"type":"JOB_COMPLETED","data":{"job_id":"051425!33","job_state":"COMPLETED_SUCCESSFULLY","return_code":0,"kill_reason":"","alloc":"48-63"}}]}'
Sending '{"now":5.944316,"events":[{"timestamp":5.944316,"type":"EXECUTE_JOB","data":{"job_id":"051425!43","alloc":"48-63"}}]}'
Received '{"now":5.960971,"events":[{"timestamp":5.960971,"type":"JOB_SUBMITTED","data":{"job_id":"051425!50","job":{"id":"051425!50","profile":"LU.S.16","res":16,"subtime":5.960941,"walltime":4200}}}]}'
Sending '{"now":5.960971,"events":[]}'
Received '{"now":6.036902,"events":[{"timestamp":6.036902,"type":"JOB_COMPLETED","data":{"job_id":"051425!41","job_state":"COMPLETED_SUCCESSFULLY","return_code":0,"kill_reason":"","alloc":"4-7"}}]}'
Sending '{"now":6.036902,"events":[]}'
Received '{"now":6.037142,"events":[{"timestamp":6.037112,"type":"JOB_COMPLETED","data":{"job_id":"051425!43","job_state":"COMPLETED_SUCCESSFULLY","return_code":0,"kill_reason":"","alloc":"48-63"}}]}'
Sending '{"now":6.037142,"events":[{"timestamp":6.037142,"type":"EXECUTE_JOB","data":{"job_id":"051425!46","alloc":"48-63"}}]}'
Received '{"now":6.129840,"events":[{"timestamp":6.129840,"type":"JOB_COMPLETED","data":{"job_id":"051425!46","job_state":"COMPLETED_SUCCESSFULLY","return_code":0,"kill_reason":"","alloc":"48-63"}}]}'
Sending '{"now":6.12984,"events":[{"timestamp":6.12984,"type":"EXECUTE_JOB","data":{"job_id":"051425!47","alloc":"48-63"}}]}'
Received '{"now":6.146269,"events":[{"timestamp":6.146269,"type":"JOB_COMPLETED","data":{"job_id":"051425!35","job_state":"COMPLETED_SUCCESSFULLY","return_code":0,"kill_reason":"","alloc":"16-31"}}]}'
Sending '{"now":6.146269,"events":[{"timestamp":6.146269,"type":"EXECUTE_JOB","data":{"job_id":"051425!49","alloc":"12-27"}}]}'
Received '{"now":6.162978,"events":[{"timestamp":6.162978,"type":"JOB_COMPLETED","data":{"job_id":"051425!38","job_state":"COMPLETED_SUCCESSFULLY","return_code":0,"kill_reason":"","alloc":"32-47"}}]}'
Sending '{"now":6.162978,"events":[{"timestamp":6.162978,"type":"EXECUTE_JOB","data":{"job_id":"051425!50","alloc":"28-43"}}]}'
Received '{"now":6.230235,"events":[{"timestamp":6.230235,"type":"JOB_SUBMITTED","data":{"job_id":"051425!51","job":{"id":"051425!51","profile":"LU.S.16","res":16,"subtime":6.230213,"walltime":4200}}}]}'
Sending '{"now":6.230235,"events":[]}'
Received '{"now":6.269780,"events":[{"timestamp":6.269780,"type":"JOB_SUBMITTED","data":{"job_id":"051425!52","job":{"id":"051425!52","profile":"SP.S.16","res":16,"subtime":6.269750,"walltime":4200}}}]}'
Sending '{"now":6.26978,"events":[]}'
Received '{"now":6.302032,"events":[{"timestamp":6.302032,"type":"JOB_COMPLETED","data":{"job_id":"051425!45","job_state":"COMPLETED_SUCCESSFULLY","return_code":0,"kill_reason":"","alloc":"0-3"}}]}'
Sending '{"now":6.302032,"events":[]}'
Received '{"now":6.350847,"events":[{"timestamp":6.350847,"type":"JOB_COMPLETED","data":{"job_id":"051425!48","job_state":"COMPLETED_SUCCESSFULLY","return_code":0,"kill_reason":"","alloc":"8-11"}}]}'
Sending '{"now":6.350847,"events":[]}'
Received '{"now":6.461504,"events":[{"timestamp":6.461504,"type":"JOB_COMPLETED","data":{"job_id":"051425!47","job_state":"COMPLETED_SUCCESSFULLY","return_code":0,"kill_reason":"","alloc":"48-63"}}]}'
Sending '{"now":6.461504,"events":[{"timestamp":6.461504,"type":"EXECUTE_JOB","data":{"job_id":"051425!51","alloc":"44-59"}}]}'
Received '{"now":6.566439,"events":[{"timestamp":6.566439,"type":"JOB_SUBMITTED","data":{"job_id":"051425!53","job":{"id":"051425!53","profile":"SP.S.16","res":16,"subtime":6.566418,"walltime":4200}}}]}'
Sending '{"now":6.566439,"events":[]}'
Received '{"now":6.872275,"events":[{"timestamp":6.872275,"type":"JOB_SUBMITTED","data":{"job_id":"051425!54","job":{"id":"051425!54","profile":"SP.S.4","res":4,"subtime":6.872250,"walltime":4200}}}]}'
Sending '{"now":6.872275,"events":[{"timestamp":6.872275,"type":"EXECUTE_JOB","data":{"job_id":"051425!54","alloc":"60-63"}}]}'
Received '{"now":7.042557,"events":[{"timestamp":7.042557,"type":"JOB_SUBMITTED","data":{"job_id":"051425!55","job":{"id":"051425!55","profile":"BT.S.4","res":4,"subtime":7.042531,"walltime":4200}}}]}'
Sending '{"now":7.042557,"events":[]}'
Received '{"now":7.132549,"events":[{"timestamp":7.132549,"type":"JOB_COMPLETED","data":{"job_id":"051425!54","job_state":"COMPLETED_SUCCESSFULLY","return_code":0,"kill_reason":"","alloc":"60-63"}}]}'
Sending '{"now":7.132549,"events":[{"timestamp":7.132549,"type":"EXECUTE_JOB","data":{"job_id":"051425!55","alloc":"60-63"}}]}'
Received '{"now":7.144177,"events":[{"timestamp":7.144177,"type":"JOB_COMPLETED","data":{"job_id":"051425!49","job_state":"COMPLETED_SUCCESSFULLY","return_code":0,"kill_reason":"","alloc":"12-27"}}]}'
Sending '{"now":7.144177,"events":[{"timestamp":7.144177,"type":"EXECUTE_JOB","data":{"job_id":"051425!52","alloc":"0-15"}}]}'
Received '{"now":7.148483,"events":[{"timestamp":7.148483,"type":"JOB_COMPLETED","data":{"job_id":"051425!50","job_state":"COMPLETED_SUCCESSFULLY","return_code":0,"kill_reason":"","alloc":"28-43"}}]}'
Sending '{"now":7.148483,"events":[{"timestamp":7.148483,"type":"EXECUTE_JOB","data":{"job_id":"051425!53","alloc":"16-31"}}]}'
Received '{"now":7.403393,"events":[{"timestamp":7.403393,"type":"JOB_SUBMITTED","data":{"job_id":"051425!56","job":{"id":"051425!56","profile":"SP.S.4","res":4,"subtime":7.403363,"walltime":4200}}}]}'
Sending '{"now":7.403393,"events":[{"timestamp":7.403393,"type":"EXECUTE_JOB","data":{"job_id":"051425!56","alloc":"32-35"}}]}'
Received '{"now":7.431237,"events":[{"timestamp":7.431237,"type":"JOB_SUBMITTED","data":{"job_id":"051425!57","job":{"id":"051425!57","profile":"BT.S.4","res":4,"subtime":7.431212,"walltime":4200}}}]}'
Sending '{"now":7.431237,"events":[{"timestamp":7.431237,"type":"EXECUTE_JOB","data":{"job_id":"051425!57","alloc":"36-39"}}]}'
Received '{"now":7.464706,"events":[{"timestamp":7.464706,"type":"JOB_COMPLETED","data":{"job_id":"051425!51","job_state":"COMPLETED_SUCCESSFULLY","return_code":0,"kill_reason":"","alloc":"44-59"}}]}'
Sending '{"now":7.464706,"events":[]}'
Received '{"now":7.479424,"events":[{"timestamp":7.479424,"type":"JOB_COMPLETED","data":{"job_id":"051425!55","job_state":"COMPLETED_SUCCESSFULLY","return_code":0,"kill_reason":"","alloc":"60-63"}}]}'
Sending '{"now":7.479424,"events":[]}'
Received '{"now":7.490290,"events":[{"timestamp":7.490290,"type":"JOB_SUBMITTED","data":{"job_id":"051425!58","job":{"id":"051425!58","profile":"MG.S.16","res":16,"subtime":7.490267,"walltime":4200}}}]}'
Sending '{"now":7.49029,"events":[{"timestamp":7.49029,"type":"EXECUTE_JOB","data":{"job_id":"051425!58","alloc":"40-55"}}]}'
Received '{"now":7.592972,"events":[{"timestamp":7.592972,"type":"JOB_SUBMITTED","data":{"job_id":"051425!59","job":{"id":"051425!59","profile":"LU.S.16","res":16,"subtime":7.592951,"walltime":4200}}}]}'
Sending '{"now":7.592972,"events":[]}'
Received '{"now":7.768395,"events":[{"timestamp":7.768395,"type":"JOB_SUBMITTED","data":{"job_id":"051425!60","job":{"id":"051425!60","profile":"IS.S.4","res":4,"subtime":7.768368,"walltime":4200}}}]}'
Sending '{"now":7.768395,"events":[{"timestamp":7.768395,"type":"EXECUTE_JOB","data":{"job_id":"051425!60","alloc":"56-59"}}]}'
Received '{"now":7.796057,"events":[{"timestamp":7.796057,"type":"JOB_COMPLETED","data":{"job_id":"051425!57","job_state":"COMPLETED_SUCCESSFULLY","return_code":0,"kill_reason":"","alloc":"36-39"}}]}'
Sending '{"now":7.796057,"events":[]}'
Received '{"now":7.875652,"events":[{"timestamp":7.875652,"type":"JOB_SUBMITTED","data":{"job_id":"051425!61","job":{"id":"051425!61","profile":"FT.S.16","res":16,"subtime":7.875626,"walltime":4200}}}]}'
Sending '{"now":7.875652,"events":[]}'
Received '{"now":7.898326,"events":[{"timestamp":7.898326,"type":"JOB_COMPLETED","data":{"job_id":"051425!56","job_state":"COMPLETED_SUCCESSFULLY","return_code":0,"kill_reason":"","alloc":"32-35"}}]}'
Sending '{"now":7.898326,"events":[]}'
Received '{"now":7.989844,"events":[{"timestamp":7.989844,"type":"JOB_SUBMITTED","data":{"job_id":"051425!62","job":{"id":"051425!62","profile":"IS.S.16","res":16,"subtime":7.989830,"walltime":4200}}}]}'
Sending '{"now":7.989844,"events":[]}'
Received '{"now":7.993445,"events":[{"timestamp":7.993445,"type":"JOB_SUBMITTED","data":{"job_id":"051425!63","job":{"id":"051425!63","profile":"CG.S.16","res":16,"subtime":7.993415,"walltime":4200}}}]}'
Sending '{"now":7.993445,"events":[]}'
Received '{"now":7.996501,"events":[{"timestamp":7.996501,"type":"JOB_COMPLETED","data":{"job_id":"051425!58","job_state":"COMPLETED_SUCCESSFULLY","return_code":0,"kill_reason":"","alloc":"40-55"}}]}'
Sending '{"now":7.996501,"events":[{"timestamp":7.996501,"type":"EXECUTE_JOB","data":{"job_id":"051425!59","alloc":"32-47"}}]}'
Received '{"now":8.022562,"events":[{"timestamp":8.022562,"type":"JOB_COMPLETED","data":{"job_id":"051425!60","job_state":"COMPLETED_SUCCESSFULLY","return_code":0,"kill_reason":"","alloc":"56-59"}}]}'
Sending '{"now":8.022562,"events":[{"timestamp":8.022562,"type":"EXECUTE_JOB","data":{"job_id":"051425!61","alloc":"48-63"}}]}'
Received '{"now":8.054109,"events":[{"timestamp":8.054109,"type":"JOB_SUBMITTED","data":{"job_id":"051425!64","job":{"id":"051425!64","profile":"LU.S.16","res":16,"subtime":8.054079,"walltime":4200}}}]}'
Sending '{"now":8.054109,"events":[]}'
Received '{"now":8.248381,"events":[{"timestamp":8.248381,"type":"JOB_SUBMITTED","data":{"job_id":"051425!65","job":{"id":"051425!65","profile":"MG.S.16","res":16,"subtime":8.248359,"walltime":4200}}}]}'
Sending '{"now":8.248381,"events":[]}'
Received '{"now":8.355166,"events":[{"timestamp":8.355166,"type":"JOB_COMPLETED","data":{"job_id":"051425!52","job_state":"COMPLETED_SUCCESSFULLY","return_code":0,"kill_reason":"","alloc":"0-15"}}]}'
Sending '{"now":8.355166,"events":[{"timestamp":8.355166,"type":"EXECUTE_JOB","data":{"job_id":"051425!62","alloc":"0-15"}}]}'
Received '{"now":8.373648,"events":[{"timestamp":8.373648,"type":"JOB_COMPLETED","data":{"job_id":"051425!53","job_state":"COMPLETED_SUCCESSFULLY","return_code":0,"kill_reason":"","alloc":"16-31"}}]}'
Sending '{"now":8.373648,"events":[{"timestamp":8.373648,"type":"EXECUTE_JOB","data":{"job_id":"051425!63","alloc":"16-31"}}]}'
Received '{"now":8.402864,"events":[{"timestamp":8.402864,"type":"JOB_SUBMITTED","data":{"job_id":"051425!66","job":{"id":"051425!66","profile":"SP.S.16","res":16,"subtime":8.402834,"walltime":4200}}}]}'
Sending '{"now":8.402864,"events":[]}'
Received '{"now":8.425041,"events":[{"timestamp":8.425041,"type":"JOB_COMPLETED","data":{"job_id":"051425!61","job_state":"COMPLETED_SUCCESSFULLY","return_code":0,"kill_reason":"","alloc":"48-63"}}]}'
Sending '{"now":8.425041,"events":[{"timestamp":8.425041,"type":"EXECUTE_JOB","data":{"job_id":"051425!64","alloc":"48-63"}}]}'
Received '{"now":8.446251,"events":[{"timestamp":8.446251,"type":"JOB_COMPLETED","data":{"job_id":"051425!62","job_state":"COMPLETED_SUCCESSFULLY","return_code":0,"kill_reason":"","alloc":"0-15"}}]}'
Sending '{"now":8.446251,"events":[{"timestamp":8.446251,"type":"EXECUTE_JOB","data":{"job_id":"051425!65","alloc":"0-15"}}]}'
Received '{"now":8.457254,"events":[{"timestamp":8.457254,"type":"JOB_SUBMITTED","data":{"job_id":"051425!67","job":{"id":"051425!67","profile":"CG.S.16","res":16,"subtime":8.457232,"walltime":4200}}}]}'
Sending '{"now":8.457254,"events":[]}'
Received '{"now":8.627408,"events":[{"timestamp":8.627408,"type":"JOB_SUBMITTED","data":{"job_id":"051425!68","job":{"id":"051425!68","profile":"MG.S.16","res":16,"subtime":8.627382,"walltime":4200}}}]}'
Sending '{"now":8.627408,"events":[]}'
Received '{"now":8.764359,"events":[{"timestamp":8.764359,"type":"JOB_COMPLETED","data":{"job_id":"051425!65","job_state":"COMPLETED_SUCCESSFULLY","return_code":0,"kill_reason":"","alloc":"0-15"}}]}'
Sending '{"now":8.764359,"events":[{"timestamp":8.764359,"type":"EXECUTE_JOB","data":{"job_id":"051425!66","alloc":"0-15"}}]}'
Received '{"now":8.939060,"events":[{"timestamp":8.939060,"type":"JOB_SUBMITTED","data":{"job_id":"051425!69","job":{"id":"051425!69","profile":"IS.S.16","res":16,"subtime":8.939037,"walltime":4200}}}]}'
Sending '{"now":8.93906,"events":[]}'
Received '{"now":9.058995,"events":[{"timestamp":9.058995,"type":"JOB_COMPLETED","data":{"job_id":"051425!59","job_state":"COMPLETED_SUCCESSFULLY","return_code":0,"kill_reason":"","alloc":"32-47"}}]}'
Sending '{"now":9.058995,"events":[{"timestamp":9.058995,"type":"EXECUTE_JOB","data":{"job_id":"051425!67","alloc":"32-47"}}]}'
Received '{"now":9.150612,"events":[{"timestamp":9.150612,"type":"JOB_SUBMITTED","data":{"job_id":"051425!70","job":{"id":"051425!70","profile":"IS.S.4","res":4,"subtime":9.150582,"walltime":4200}}}]}'
Sending '{"now":9.150612,"events":[]}'
Received '{"now":9.390239,"events":[{"timestamp":9.390239,"type":"JOB_COMPLETED","data":{"job_id":"051425!63","job_state":"COMPLETED_SUCCESSFULLY","return_code":0,"kill_reason":"","alloc":"16-31"}}]}'
Sending '{"now":9.390239,"events":[{"timestamp":9.390239,"type":"EXECUTE_JOB","data":{"job_id":"051425!68","alloc":"16-31"}}]}'
Received '{"now":9.411005,"events":[{"timestamp":9.411005,"type":"JOB_COMPLETED","data":{"job_id":"051425!64","job_state":"COMPLETED_SUCCESSFULLY","return_code":0,"kill_reason":"","alloc":"48-63"}}]}'
Sending '{"now":9.411005,"events":[{"timestamp":9.411005,"type":"EXECUTE_JOB","data":{"job_id":"051425!69","alloc":"48-63"}}]}'
Received '{"now":9.467092,"events":[{"timestamp":9.467092,"type":"JOB_SUBMITTED","data":{"job_id":"051425!71","job":{"id":"051425!71","profile":"MG.S.4","res":4,"subtime":9.467062,"walltime":4200}}}]}'
Sending '{"now":9.467092,"events":[]}'
Received '{"now":9.510513,"events":[{"timestamp":9.510513,"type":"JOB_COMPLETED","data":{"job_id":"051425!69","job_state":"COMPLETED_SUCCESSFULLY","return_code":0,"kill_reason":"","alloc":"48-63"}}]}'
Sending '{"now":9.510513,"events":[{"timestamp":9.510513,"type":"EXECUTE_JOB","data":{"job_id":"051425!70","alloc":"48-51"}},{"timestamp":9.510513,"type":"EXECUTE_JOB","data":{"job_id":"051425!71","alloc":"52-55"}}]}'
Received '{"now":9.580668,"events":[{"timestamp":9.580668,"type":"JOB_SUBMITTED","data":{"job_id":"051425!72","job":{"id":"051425!72","profile":"SP.S.16","res":16,"subtime":9.580638,"walltime":4200}}}]}'
Sending '{"now":9.580668,"events":[]}'
Received '{"now":9.582623,"events":[{"timestamp":9.582623,"type":"JOB_SUBMITTED","data":{"job_id":"051425!73","job":{"id":"051425!73","profile":"SP.S.16","res":16,"subtime":9.582596,"walltime":4200}}}]}'
Sending '{"now":9.582623,"events":[]}'
Received '{"now":9.627140,"events":[{"timestamp":9.627140,"type":"JOB_COMPLETED","data":{"job_id":"051425!70","job_state":"COMPLETED_SUCCESSFULLY","return_code":0,"kill_reason":"","alloc":"48-51"}}]}'
Sending '{"now":9.62714,"events":[]}'
Received '{"now":9.645047,"events":[{"timestamp":9.645047,"type":"JOB_SUBMITTED","data":{"job_id":"051425!74","job":{"id":"051425!74","profile":"IS.S.16","res":16,"subtime":9.645021,"walltime":4200}}}]}'
Sending '{"now":9.645047,"events":[]}'
Received '{"now":9.658772,"events":[{"timestamp":9.658772,"type":"JOB_COMPLETED","data":{"job_id":"051425!71","job_state":"COMPLETED_SUCCESSFULLY","return_code":0,"kill_reason":"","alloc":"52-55"}}]}'
Sending '{"now":9.658772,"events":[{"timestamp":9.658772,"type":"EXECUTE_JOB","data":{"job_id":"051425!72","alloc":"48-63"}}]}'
Received '{"now":9.767893,"events":[{"timestamp":9.767893,"type":"JOB_COMPLETED","data":{"job_id":"051425!66","job_state":"COMPLETED_SUCCESSFULLY","return_code":0,"kill_reason":"","alloc":"0-15"}}]}'
Sending '{"now":9.767893,"events":[{"timestamp":9.767893,"type":"EXECUTE_JOB","data":{"job_id":"051425!73","alloc":"0-15"}}]}'
Received '{"now":9.789421,"events":[{"timestamp":9.789421,"type":"JOB_SUBMITTED","data":{"job_id":"051425!75","job":{"id":"051425!75","profile":"FT.S.16","res":16,"subtime":9.789398,"walltime":4200}}}]}'
Sending '{"now":9.789421,"events":[]}'
Received '{"now":9.843389,"events":[{"timestamp":9.843389,"type":"JOB_COMPLETED","data":{"job_id":"051425!68","job_state":"COMPLETED_SUCCESSFULLY","return_code":0,"kill_reason":"","alloc":"16-31"}}]}'
Sending '{"now":9.843389,"events":[{"timestamp":9.843389,"type":"EXECUTE_JOB","data":{"job_id":"051425!74","alloc":"16-31"}}]}'
Received '{"now":9.924067,"events":[{"timestamp":9.924067,"type":"JOB_SUBMITTED","data":{"job_id":"051425!76","job":{"id":"051425!76","profile":"BT.S.4","res":4,"subtime":9.924037,"walltime":4200}}}]}'
Sending '{"now":9.924067,"events":[]}'
Received '{"now":9.934339,"events":[{"timestamp":9.934339,"type":"JOB_SUBMITTED","data":{"job_id":"051425!77","job":{"id":"051425!77","profile":"BT.S.4","res":4,"subtime":9.934311,"walltime":4200}}}]}'
Sending '{"now":9.934339,"events":[]}'
Received '{"now":9.935649,"events":[{"timestamp":9.935649,"type":"JOB_COMPLETED","data":{"job_id":"051425!74","job_state":"COMPLETED_SUCCESSFULLY","return_code":0,"kill_reason":"","alloc":"16-31"}}]}'
Sending '{"now":9.935649,"events":[{"timestamp":9.935649,"type":"EXECUTE_JOB","data":{"job_id":"051425!75","alloc":"16-31"}}]}'
Received '{"now":10.119953,"events":[{"timestamp":10.119953,"type":"JOB_SUBMITTED","data":{"job_id":"051425!78","job":{"id":"051425!78","profile":"IS.S.4","res":4,"subtime":10.119930,"walltime":4200}}}]}'
Sending '{"now":10.119953,"events":[]}'
Received '{"now":10.203517,"events":[{"timestamp":10.203517,"type":"JOB_COMPLETED","data":{"job_id":"051425!67","job_state":"COMPLETED_SUCCESSFULLY","return_code":0,"kill_reason":"","alloc":"32-47"}}]}'
Sending '{"now":10.203517,"events":[{"timestamp":10.203517,"type":"EXECUTE_JOB","data":{"job_id":"051425!76","alloc":"32-35"}},{"timestamp":10.203517,"type":"EXECUTE_JOB","data":{"job_id":"051425!77","alloc":"36-39"}},{"timestamp":10.203517,"type":"EXECUTE_JOB","data":{"job_id":"051425!78","alloc":"40-43"}}]}'
Received '{"now":10.239997,"events":[{"timestamp":10.239997,"type":"JOB_SUBMITTED","data":{"job_id":"051425!79","job":{"id":"051425!79","profile":"FT.S.16","res":16,"subtime":10.239974,"walltime":4200}}}]}'
Sending '{"now":10.239997,"events":[]}'
Received '{"now":10.267992,"events":[{"timestamp":10.267992,"type":"JOB_COMPLETED","data":{"job_id":"051425!75","job_state":"COMPLETED_SUCCESSFULLY","return_code":0,"kill_reason":"","alloc":"16-31"}}]}'
Sending '{"now":10.267992,"events":[{"timestamp":10.267992,"type":"EXECUTE_JOB","data":{"job_id":"051425!79","alloc":"16-31"}}]}'
Received '{"now":10.353752,"events":[{"timestamp":10.353752,"type":"JOB_SUBMITTED","data":{"job_id":"051425!80","job":{"id":"051425!80","profile":"MG.S.4","res":4,"subtime":10.353722,"walltime":4200}}}]}'
Sending '{"now":10.353752,"events":[{"timestamp":10.353752,"type":"EXECUTE_JOB","data":{"job_id":"051425!80","alloc":"44-47"}}]}'
Received '{"now":10.436004,"events":[{"timestamp":10.436004,"type":"JOB_COMPLETED","data":{"job_id":"051425!78","job_state":"COMPLETED_SUCCESSFULLY","return_code":0,"kill_reason":"","alloc":"40-43"}}]}'
Sending '{"now":10.436004,"events":[]}'
Received '{"now":10.650264,"events":[{"timestamp":10.650264,"type":"JOB_COMPLETED","data":{"job_id":"051425!80","job_state":"COMPLETED_SUCCESSFULLY","return_code":0,"kill_reason":"","alloc":"44-47"}}]}'
Sending '{"now":10.650264,"events":[]}'
Received '{"now":10.674206,"events":[{"timestamp":10.674206,"type":"JOB_COMPLETED","data":{"job_id":"051425!77","job_state":"COMPLETED_SUCCESSFULLY","return_code":0,"kill_reason":"","alloc":"36-39"}}]}'
Sending '{"now":10.674206,"events":[]}'
Received '{"now":10.691002,"events":[{"timestamp":10.691002,"type":"JOB_SUBMITTED","data":{"job_id":"051425!81","job":{"id":"051425!81","profile":"SP.S.16","res":16,"subtime":10.690981,"walltime":4200}}}]}'
Sending '{"now":10.691002,"events":[]}'
Received '{"now":10.730413,"events":[{"timestamp":10.730413,"type":"JOB_COMPLETED","data":{"job_id":"051425!79","job_state":"COMPLETED_SUCCESSFULLY","return_code":0,"kill_reason":"","alloc":"16-31"}}]}'
Sending '{"now":10.730413,"events":[{"timestamp":10.730413,"type":"EXECUTE_JOB","data":{"job_id":"051425!81","alloc":"16-31"}}]}'
Received '{"now":10.761681,"events":[{"timestamp":10.761681,"type":"JOB_SUBMITTED","data":{"job_id":"051425!82","job":{"id":"051425!82","profile":"SP.S.16","res":16,"subtime":10.761651,"walltime":4200}}}]}'
Sending '{"now":10.761681,"events":[]}'
Received '{"now":10.768953,"events":[{"timestamp":10.768953,"type":"JOB_COMPLETED","data":{"job_id":"051425!76","job_state":"COMPLETED_SUCCESSFULLY","return_code":0,"kill_reason":"","alloc":"32-35"}}]}'
Sending '{"now":10.768953,"events":[{"timestamp":10.768953,"type":"EXECUTE_JOB","data":{"job_id":"051425!82","alloc":"32-47"}}]}'
Received '{"now":10.772741,"events":[{"timestamp":10.772741,"type":"JOB_SUBMITTED","data":{"job_id":"051425!83","job":{"id":"051425!83","profile":"CG.S.16","res":16,"subtime":10.772716,"walltime":4200}}}]}'
Sending '{"now":10.772741,"events":[]}'
Received '{"now":10.871856,"events":[{"timestamp":10.871856,"type":"JOB_SUBMITTED","data":{"job_id":"051425!84","job":{"id":"051425!84","profile":"MG.S.4","res":4,"subtime":10.871828,"walltime":4200}}}]}'
Sending '{"now":10.871856,"events":[]}'
Received '{"now":11.014144,"events":[{"timestamp":11.014144,"type":"JOB_COMPLETED","data":{"job_id":"051425!72","job_state":"COMPLETED_SUCCESSFULLY","return_code":0,"kill_reason":"","alloc":"48-63"}}]}'
Sending '{"now":11.014144,"events":[{"timestamp":11.014144,"type":"EXECUTE_JOB","data":{"job_id":"051425!83","alloc":"48-63"}}]}'
Received '{"now":11.035594,"events":[{"timestamp":11.035594,"type":"JOB_SUBMITTED","data":{"job_id":"051425!85","job":{"id":"051425!85","profile":"CG.S.16","res":16,"subtime":11.035569,"walltime":4200}}}]}'
Sending '{"now":11.035594,"events":[]}'
Received '{"now":11.118528,"events":[{"timestamp":11.118528,"type":"JOB_COMPLETED","data":{"job_id":"051425!73","job_state":"COMPLETED_SUCCESSFULLY","return_code":0,"kill_reason":"","alloc":"0-15"}}]}'
Sending '{"now":11.118528,"events":[{"timestamp":11.118528,"type":"EXECUTE_JOB","data":{"job_id":"051425!84","alloc":"0-3"}}]}'
Received '{"now":11.225533,"events":[{"timestamp":11.225533,"type":"JOB_SUBMITTED","data":{"job_id":"051425!86","job":{"id":"051425!86","profile":"FT.S.16","res":16,"subtime":11.225512,"walltime":4200}}}]}'
Sending '{"now":11.225533,"events":[]}'
Received '{"now":11.282877,"events":[{"timestamp":11.282877,"type":"JOB_SUBMITTED","data":{"job_id":"051425!87","job":{"id":"051425!87","profile":"SP.S.4","res":4,"subtime":11.282854,"walltime":4200}}}]}'
Sending '{"now":11.282877,"events":[]}'
Received '{"now":11.306806,"events":[{"timestamp":11.306806,"type":"JOB_SUBMITTED","data":{"job_id":"051425!88","job":{"id":"051425!88","profile":"SP.S.16","res":16,"subtime":11.306783,"walltime":4200}}}]}'
Sending '{"now":11.306806,"events":[]}'
Received '{"now":11.312891,"events":[{"timestamp":11.312891,"type":"JOB_COMPLETED","data":{"job_id":"051425!84","job_state":"COMPLETED_SUCCESSFULLY","return_code":0,"kill_reason":"","alloc":"0-3"}}]}'
Sending '{"now":11.312891,"events":[{"timestamp":11.312891,"type":"EXECUTE_JOB","data":{"job_id":"051425!85","alloc":"0-15"}}]}'
Received '{"now":11.467552,"events":[{"timestamp":11.467552,"type":"JOB_SUBMITTED","data":{"job_id":"051425!89","job":{"id":"051425!89","profile":"SP.S.4","res":4,"subtime":11.467527,"walltime":4200}}}]}'
Sending '{"now":11.467552,"events":[]}'
Received '{"now":11.845753,"events":[{"timestamp":11.845753,"type":"JOB_SUBMITTED","data":{"job_id":"051425!90","job":{"id":"051425!90","profile":"IS.S.4","res":4,"subtime":11.845728,"walltime":4200}}}]}'
Sending '{"now":11.845753,"events":[]}'
Received '{"now":11.930830,"events":[{"timestamp":11.930830,"type":"JOB_COMPLETED","data":{"job_id":"051425!81","job_state":"COMPLETED_SUCCESSFULLY","return_code":0,"kill_reason":"","alloc":"16-31"}}]}'
Sending '{"now":11.93083,"events":[{"timestamp":11.93083,"type":"EXECUTE_JOB","data":{"job_id":"051425!86","alloc":"16-31"}}]}'
Received '{"now":11.959441,"events":[{"timestamp":11.959441,"type":"JOB_COMPLETED","data":{"job_id":"051425!82","job_state":"COMPLETED_SUCCESSFULLY","return_code":0,"kill_reason":"","alloc":"32-47"}}]}'
Sending '{"now":11.959441,"events":[{"timestamp":11.959441,"type":"EXECUTE_JOB","data":{"job_id":"051425!87","alloc":"32-35"}}]}'
Received '{"now":11.962368,"events":[{"timestamp":11.962368,"type":"JOB_SUBMITTED","data":{"job_id":"051425!91","job":{"id":"051425!91","profile":"CG.S.16","res":16,"subtime":11.962337,"walltime":4200}}}]}'
Sending '{"now":11.962368,"events":[]}'
Received '{"now":11.969920,"events":[{"timestamp":11.969920,"type":"JOB_SUBMITTED","data":{"job_id":"051425!92","job":{"id":"051425!92","profile":"BT.S.16","res":16,"subtime":11.969900,"walltime":4200}}}]}'
Sending '{"now":11.96992,"events":[]}'
Received '{"now":12.123960,"events":[{"timestamp":12.123960,"type":"JOB_COMPLETED","data":{"job_id":"051425!83","job_state":"COMPLETED_SUCCESSFULLY","return_code":0,"kill_reason":"","alloc":"48-63"}}]}'
Sending '{"now":12.12396,"events":[{"timestamp":12.12396,"type":"EXECUTE_JOB","data":{"job_id":"051425!88","alloc":"36-51"}},{"timestamp":12.12396,"type":"EXECUTE_JOB","data":{"job_id":"051425!89","alloc":"52-55"}},{"timestamp":12.12396,"type":"EXECUTE_JOB","data":{"job_id":"051425!90","alloc":"56-59"}}]}'
Received '{"now":12.171042,"events":[{"timestamp":12.171042,"type":"JOB_COMPLETED","data":{"job_id":"051425!86","job_state":"COMPLETED_SUCCESSFULLY","return_code":0,"kill_reason":"","alloc":"16-31"}}]}'
Sending '{"now":12.171042,"events":[{"timestamp":12.171042,"type":"EXECUTE_JOB","data":{"job_id":"051425!91","alloc":"16-31"}}]}'
Received '{"now":12.176713,"events":[{"timestamp":12.176713,"type":"JOB_SUBMITTED","data":{"job_id":"051425!93","job":{"id":"051425!93","profile":"BT.S.16","res":16,"subtime":12.176692,"walltime":4200}}}]}'
Sending '{"now":12.176713,"events":[]}'
Received '{"now":12.288337,"events":[{"timestamp":12.288337,"type":"JOB_COMPLETED","data":{"job_id":"051425!90","job_state":"COMPLETED_SUCCESSFULLY","return_code":0,"kill_reason":"","alloc":"56-59"}}]}'
Sending '{"now":12.288337,"events":[]}'
Received '{"now":12.291267,"events":[{"timestamp":12.291267,"type":"JOB_SUBMITTED","data":{"job_id":"051425!94","job":{"id":"051425!94","profile":"BT.S.4","res":4,"subtime":12.291240,"walltime":4200}}}]}'
Sending '{"now":12.291267,"events":[{"timestamp":12.291267,"type":"EXECUTE_JOB","data":{"job_id":"051425!94","alloc":"56-59"}}]}'
Received '{"now":12.335397,"events":[{"timestamp":12.335397,"type":"JOB_COMPLETED","data":{"job_id":"051425!87","job_state":"COMPLETED_SUCCESSFULLY","return_code":0,"kill_reason":"","alloc":"32-35"}}]}'
Sending '{"now":12.335397,"events":[]}'
Received '{"now":12.397658,"events":[{"timestamp":12.397658,"type":"JOB_COMPLETED","data":{"job_id":"051425!85","job_state":"COMPLETED_SUCCESSFULLY","return_code":0,"kill_reason":"","alloc":"0-15"}}]}'
Sending '{"now":12.397658,"events":[{"timestamp":12.397658,"type":"EXECUTE_JOB","data":{"job_id":"051425!92","alloc":"0-15"}}]}'
Received '{"now":12.524019,"events":[{"timestamp":12.524019,"type":"JOB_COMPLETED","data":{"job_id":"051425!89","job_state":"COMPLETED_SUCCESSFULLY","return_code":0,"kill_reason":"","alloc":"52-55"}}]}'
Sending '{"now":12.524019,"events":[]}'
Received '{"now":12.709753,"events":[{"timestamp":12.709753,"type":"JOB_COMPLETED","data":{"job_id":"051425!94","job_state":"COMPLETED_SUCCESSFULLY","return_code":0,"kill_reason":"","alloc":"56-59"}}]}'
Sending '{"now":12.709753,"events":[]}'
Received '{"now":13.122386,"events":[{"timestamp":13.122386,"type":"JOB_COMPLETED","data":{"job_id":"051425!88","job_state":"COMPLETED_SUCCESSFULLY","return_code":0,"kill_reason":"","alloc":"36-51"}}]}'
Sending '{"now":13.122386,"events":[{"timestamp":13.122386,"type":"EXECUTE_JOB","data":{"job_id":"051425!93","alloc":"32-47"}}]}'
Received '{"now":13.143496,"events":[{"timestamp":13.143496,"type":"JOB_SUBMITTED","data":{"job_id":"051425!95","job":{"id":"051425!95","profile":"SP.S.4","res":4,"subtime":13.143466,"walltime":4200}}}]}'
Sending '{"now":13.143496,"events":[{"timestamp":13.143496,"type":"EXECUTE_JOB","data":{"job_id":"051425!95","alloc":"48-51"}}]}'
Received '{"now":13.154778,"events":[{"timestamp":13.154778,"type":"JOB_SUBMITTED","data":{"job_id":"051425!96","job":{"id":"051425!96","profile":"CG.S.4","res":4,"subtime":13.154755,"walltime":4200}}}]}'
Sending '{"now":13.154778,"events":[{"timestamp":13.154778,"type":"EXECUTE_JOB","data":{"job_id":"051425!96","alloc":"52-55"}}]}'
Received '{"now":13.167792,"events":[{"timestamp":13.167792,"type":"JOB_COMPLETED","data":{"job_id":"051425!91","job_state":"COMPLETED_SUCCESSFULLY","return_code":0,"kill_reason":"","alloc":"16-31"}}]}'
Sending '{"now":13.167792,"events":[]}'
Received '{"now":13.456355,"events":[{"timestamp":13.456355,"type":"JOB_COMPLETED","data":{"job_id":"051425!95","job_state":"COMPLETED_SUCCESSFULLY","return_code":0,"kill_reason":"","alloc":"48-51"}}]}'
Sending '{"now":13.456355,"events":[]}'
Received '{"now":13.513613,"events":[{"timestamp":13.513613,"type":"JOB_COMPLETED","data":{"job_id":"051425!96","job_state":"COMPLETED_SUCCESSFULLY","return_code":0,"kill_reason":"","alloc":"52-55"}}]}'
Sending '{"now":13.513613,"events":[]}'
Received '{"now":13.575758,"events":[{"timestamp":13.575758,"type":"JOB_COMPLETED","data":{"job_id":"051425!92","job_state":"COMPLETED_SUCCESSFULLY","return_code":0,"kill_reason":"","alloc":"0-15"}}]}'
Sending '{"now":13.575758,"events":[]}'
Received '{"now":13.961737,"events":[{"timestamp":13.961737,"type":"JOB_SUBMITTED","data":{"job_id":"051425!97","job":{"id":"051425!97","profile":"BT.S.16","res":16,"subtime":13.961707,"walltime":4200}}}]}'
Sending '{"now":13.961737,"events":[{"timestamp":13.961737,"type":"EXECUTE_JOB","data":{"job_id":"051425!97","alloc":"0-15"}}]}'
Received '{"now":14.014917,"events":[{"timestamp":14.014917,"type":"JOB_SUBMITTED","data":{"job_id":"051425!98","job":{"id":"051425!98","profile":"MG.S.4","res":4,"subtime":14.014889,"walltime":4200}}}]}'
Sending '{"now":14.014917,"events":[{"timestamp":14.014917,"type":"EXECUTE_JOB","data":{"job_id":"051425!98","alloc":"16-19"}}]}'
Received '{"now":14.094551,"events":[{"timestamp":14.094551,"type":"JOB_SUBMITTED","data":{"job_id":"051425!99","job":{"id":"051425!99","profile":"SP.S.4","res":4,"subtime":14.094528,"walltime":4200}}}]}'
Sending '{"now":14.094551,"events":[{"timestamp":14.094551,"type":"EXECUTE_JOB","data":{"job_id":"051425!99","alloc":"20-23"}}]}'
Received '{"now":14.097943,"events":[{"timestamp":14.097943,"type":"JOB_SUBMITTED","data":{"job_id":"051425!100","job":{"id":"051425!100","profile":"LU.S.16","res":16,"subtime":14.097913,"walltime":4200}}}]}'
Sending '{"now":14.097943,"events":[{"timestamp":14.097943,"type":"EXECUTE_JOB","data":{"job_id":"051425!100","alloc":"48-63"}}]}'
Received '{"now":14.233465,"events":[{"timestamp":14.233465,"type":"JOB_SUBMITTED","data":{"job_id":"051425!101","job":{"id":"051425!101","profile":"MG.S.16","res":16,"subtime":14.233435,"walltime":4200}}}]}'
Sending '{"now":14.233465,"events":[]}'
Received '{"now":14.248325,"events":[{"timestamp":14.248325,"type":"JOB_COMPLETED","data":{"job_id":"051425!98","job_state":"COMPLETED_SUCCESSFULLY","return_code":0,"kill_reason":"","alloc":"16-19"}}]}'
Sending '{"now":14.248325,"events":[]}'
Received '{"now":14.255787,"events":[{"timestamp":14.255787,"type":"JOB_COMPLETED","data":{"job_id":"051425!93","job_state":"COMPLETED_SUCCESSFULLY","return_code":0,"kill_reason":"","alloc":"32-47"}}]}'
Sending '{"now":14.255787,"events":[{"timestamp":14.255787,"type":"EXECUTE_JOB","data":{"job_id":"051425!101","alloc":"24-39"}}]}'
Received '{"now":14.337463,"events":[{"timestamp":14.337463,"type":"JOB_SUBMITTED","data":{"job_id":"051425!102","job":{"id":"051425!102","profile":"LU.S.16","res":16,"subtime":14.337436,"walltime":4200}}}]}'
Sending '{"now":14.337463,"events":[]}'
Received '{"now":14.393762,"events":[{"timestamp":14.393762,"type":"JOB_COMPLETED","data":{"job_id":"051425!99","job_state":"COMPLETED_SUCCESSFULLY","return_code":0,"kill_reason":"","alloc":"20-23"}}]}'
Sending '{"now":14.393762,"events":[]}'
Received '{"now":14.396342,"events":[{"timestamp":14.396342,"type":"JOB_SUBMITTED","data":{"job_id":"051425!103","job":{"id":"051425!103","profile":"BT.S.16","res":16,"subtime":14.396319,"walltime":4200}}}]}'
Sending '{"now":14.396342,"events":[]}'
Received '{"now":14.492995,"events":[{"timestamp":14.492995,"type":"JOB_SUBMITTED","data":{"job_id":"051425!104","job":{"id":"051425!104","profile":"MG.S.4","res":4,"subtime":14.492965,"walltime":4200}}}]}'
Sending '{"now":14.492995,"events":[{"timestamp":14.492995,"type":"EXECUTE_JOB","data":{"job_id":"051425!104","alloc":"16-19"}}]}'
Received '{"now":14.632857,"events":[{"timestamp":14.632857,"type":"JOB_COMPLETED","data":{"job_id":"051425!101","job_state":"COMPLETED_SUCCESSFULLY","return_code":0,"kill_reason":"","alloc":"24-39"}}]}'
Sending '{"now":14.632857,"events":[{"timestamp":14.632857,"type":"EXECUTE_JOB","data":{"job_id":"051425!102","alloc":"20-35"}}]}'
Received '{"now":14.642735,"events":[{"timestamp":14.642735,"type":"JOB_SUBMITTED","data":{"job_id":"051425!105","job":{"id":"051425!105","profile":"FT.S.4","res":4,"subtime":14.642708,"walltime":4200}}}]}'
Sending '{"now":14.642735,"events":[{"timestamp":14.642735,"type":"EXECUTE_JOB","data":{"job_id":"051425!105","alloc":"36-39"}}]}'
Received '{"now":14.696188,"events":[{"timestamp":14.696188,"type":"JOB_COMPLETED","data":{"job_id":"051425!104","job_state":"COMPLETED_SUCCESSFULLY","return_code":0,"kill_reason":"","alloc":"16-19"}}]}'
Sending '{"now":14.696188,"events":[]}'
Received '{"now":14.946846,"events":[{"timestamp":14.946846,"type":"JOB_COMPLETED","data":{"job_id":"051425!105","job_state":"COMPLETED_SUCCESSFULLY","return_code":0,"kill_reason":"","alloc":"36-39"}}]}'
Sending '{"now":14.946846,"events":[]}'
Received '{"now":14.984244,"events":[{"timestamp":14.984244,"type":"JOB_SUBMITTED","data":{"job_id":"051425!106","job":{"id":"051425!106","profile":"FT.S.4","res":4,"subtime":14.984220,"walltime":4200}}}]}'
Sending '{"now":14.984244,"events":[{"timestamp":14.984244,"type":"EXECUTE_JOB","data":{"job_id":"051425!106","alloc":"16-19"}}]}'
Received '{"now":14.996073,"events":[{"timestamp":14.996073,"type":"JOB_COMPLETED","data":{"job_id":"051425!97","job_state":"COMPLETED_SUCCESSFULLY","return_code":0,"kill_reason":"","alloc":"0-15"}}]}'
Sending '{"now":14.996073,"events":[{"timestamp":14.996073,"type":"EXECUTE_JOB","data":{"job_id":"051425!103","alloc":"0-15"}}]}'
Received '{"now":15.029516,"events":[{"timestamp":15.029516,"type":"JOB_SUBMITTED","data":{"job_id":"051425!107","job":{"id":"051425!107","profile":"LU.S.16","res":16,"subtime":15.029492,"walltime":4200}}}]}'
Sending '{"now":15.029516,"events":[]}'
Received '{"now":15.042416,"events":[{"timestamp":15.042416,"type":"JOB_SUBMITTED","data":{"job_id":"051425!108","job":{"id":"051425!108","profile":"IS.S.16","res":16,"subtime":15.042386,"walltime":4200}}}]}'
Sending '{"now":15.042416,"events":[]}'
Received '{"now":15.077039,"events":[{"timestamp":15.077039,"type":"JOB_COMPLETED","data":{"job_id":"051425!100","job_state":"COMPLETED_SUCCESSFULLY","return_code":0,"kill_reason":"","alloc":"48-63"}}]}'
Sending '{"now":15.077039,"events":[{"timestamp":15.077039,"type":"EXECUTE_JOB","data":{"job_id":"051425!107","alloc":"36-51"}}]}'
Received '{"now":15.084937,"events":[{"timestamp":15.084937,"type":"JOB_SUBMITTED","data":{"job_id":"051425!109","job":{"id":"051425!109","profile":"BT.S.4","res":4,"subtime":15.084912,"walltime":4200}}}]}'
Sending '{"now":15.084937,"events":[{"timestamp":15.084937,"type":"EXECUTE_JOB","data":{"job_id":"051425!109","alloc":"52-55"}}]}'
Received '{"now":15.267988,"events":[{"timestamp":15.267988,"type":"JOB_SUBMITTED","data":{"job_id":"051425!110","job":{"id":"051425!110","profile":"BT.S.4","res":4,"subtime":15.267967,"walltime":4200}}}]}'
Sending '{"now":15.267988,"events":[{"timestamp":15.267988,"type":"EXECUTE_JOB","data":{"job_id":"051425!110","alloc":"56-59"}}]}'
Received '{"now":15.275034,"events":[{"timestamp":15.275034,"type":"JOB_COMPLETED","data":{"job_id":"051425!106","job_state":"COMPLETED_SUCCESSFULLY","return_code":0,"kill_reason":"","alloc":"16-19"}}]}'
Sending '{"now":15.275034,"events":[]}'
Received '{"now":15.355333,"events":[{"timestamp":15.355333,"type":"JOB_COMPLETED","data":{"job_id":"051425!109","job_state":"COMPLETED_SUCCESSFULLY","return_code":0,"kill_reason":"","alloc":"52-55"}}]}'
Sending '{"now":15.355333,"events":[]}'
Received '{"now":15.396127,"events":[{"timestamp":15.396127,"type":"JOB_SUBMITTED","data":{"job_id":"051425!111","job":{"id":"051425!111","profile":"FT.S.16","res":16,"subtime":15.396097,"walltime":4200}}}]}'
Sending '{"now":15.396127,"events":[]}'
Received '{"now":15.481494,"events":[{"timestamp":15.481494,"type":"JOB_SUBMITTED","data":{"job_id":"051425!112","job":{"id":"051425!112","profile":"MG.S.4","res":4,"subtime":15.481478,"walltime":4200}}}]}'
Sending '{"now":15.481494,"events":[{"timestamp":15.481494,"type":"EXECUTE_JOB","data":{"job_id":"051425!112","alloc":"52-55"}}]}'
Received '{"now":15.502382,"events":[{"timestamp":15.502382,"type":"JOB_SUBMITTED","data":{"job_id":"051425!113","job":{"id":"051425!113","profile":"IS.S.4","res":4,"subtime":15.502351,"walltime":4200}}}]}'
Sending '{"now":15.502382,"events":[{"timestamp":15.502382,"type":"EXECUTE_JOB","data":{"job_id":"051425!113","alloc":"60-63"}}]}'
Received '{"now":15.629701,"events":[{"timestamp":15.629701,"type":"JOB_COMPLETED","data":{"job_id":"051425!112","job_state":"COMPLETED_SUCCESSFULLY","return_code":0,"kill_reason":"","alloc":"52-55"}}]}'
Sending '{"now":15.629701,"events":[]}'
Received '{"now":15.634556,"events":[{"timestamp":15.634556,"type":"JOB_COMPLETED","data":{"job_id":"051425!102","job_state":"COMPLETED_SUCCESSFULLY","return_code":0,"kill_reason":"","alloc":"20-35"}}]}'
Sending '{"now":15.634556,"events":[{"timestamp":15.634556,"type":"EXECUTE_JOB","data":{"job_id":"051425!108","alloc":"16-31"}}]}'
Received '{"now":15.681967,"events":[{"timestamp":15.681967,"type":"JOB_COMPLETED","data":{"job_id":"051425!110","job_state":"COMPLETED_SUCCESSFULLY","return_code":0,"kill_reason":"","alloc":"56-59"}}]}'
Sending '{"now":15.681967,"events":[]}'
Received '{"now":15.685699,"events":[{"timestamp":15.685699,"type":"JOB_COMPLETED","data":{"job_id":"051425!113","job_state":"COMPLETED_SUCCESSFULLY","return_code":0,"kill_reason":"","alloc":"60-63"}}]}'
Sending '{"now":15.685699,"events":[]}'
Received '{"now":15.734745,"events":[{"timestamp":15.734745,"type":"JOB_COMPLETED","data":{"job_id":"051425!108","job_state":"COMPLETED_SUCCESSFULLY","return_code":0,"kill_reason":"","alloc":"16-31"}}]}'
Sending '{"now":15.734745,"events":[{"timestamp":15.734745,"type":"EXECUTE_JOB","data":{"job_id":"051425!111","alloc":"16-31"}}]}'
Received '{"now":15.771373,"events":[{"timestamp":15.771373,"type":"JOB_SUBMITTED","data":{"job_id":"051425!114","job":{"id":"051425!114","profile":"SP.S.16","res":16,"subtime":15.771348,"walltime":4200}}}]}'
Sending '{"now":15.771373,"events":[]}'
Received '{"now":15.840146,"events":[{"timestamp":15.840146,"type":"JOB_SUBMITTED","data":{"job_id":"051425!115","job":{"id":"051425!115","profile":"LU.S.16","res":16,"subtime":15.840122,"walltime":4200}}}]}'
Sending '{"now":15.840146,"events":[]}'
Received '{"now":15.888239,"events":[{"timestamp":15.888239,"type":"JOB_SUBMITTED","data":{"job_id":"051425!116","job":{"id":"051425!116","profile":"CG.S.16","res":16,"subtime":15.888220,"walltime":4200}}}]}'
Sending '{"now":15.888239,"events":[]}'
Received '{"now":16.037032,"events":[{"timestamp":16.037032,"type":"JOB_COMPLETED","data":{"job_id":"051425!111","job_state":"COMPLETED_SUCCESSFULLY","return_code":0,"kill_reason":"","alloc":"16-31"}}]}'
Sending '{"now":16.037032,"events":[{"timestamp":16.037032,"type":"EXECUTE_JOB","data":{"job_id":"051425!114","alloc":"16-31"}}]}'
Received '{"now":16.068550,"events":[{"timestamp":16.068550,"type":"JOB_COMPLETED","data":{"job_id":"051425!103","job_state":"COMPLETED_SUCCESSFULLY","return_code":0,"kill_reason":"","alloc":"0-15"}}]}'
Sending '{"now":16.06855,"events":[{"timestamp":16.06855,"type":"EXECUTE_JOB","data":{"job_id":"051425!115","alloc":"0-15"}}]}'
Received '{"now":16.099165,"events":[{"timestamp":16.099165,"type":"JOB_COMPLETED","data":{"job_id":"051425!107","job_state":"COMPLETED_SUCCESSFULLY","return_code":0,"kill_reason":"","alloc":"36-51"}}]}'
Sending '{"now":16.099165,"events":[{"timestamp":16.099165,"type":"EXECUTE_JOB","data":{"job_id":"051425!116","alloc":"32-47"}}]}'
Received '{"now":16.421639,"events":[{"timestamp":16.421639,"type":"JOB_SUBMITTED","data":{"job_id":"051425!117","job":{"id":"051425!117","profile":"IS.S.4","res":4,"subtime":16.421610,"walltime":4200}}}]}'
Sending '{"now":16.421639,"events":[{"timestamp":16.421639,"type":"EXECUTE_JOB","data":{"job_id":"051425!117","alloc":"48-51"}}]}'
Received '{"now":16.466490,"events":[{"timestamp":16.466490,"type":"JOB_SUBMITTED","data":{"job_id":"051425!118","job":{"id":"051425!118","profile":"CG.S.4","res":4,"subtime":16.466468,"walltime":4200}}}]}'
Sending '{"now":16.46649,"events":[{"timestamp":16.46649,"type":"EXECUTE_JOB","data":{"job_id":"051425!118","alloc":"52-55"}}]}'
Received '{"now":16.521100,"events":[{"timestamp":16.521100,"type":"JOB_COMPLETED","data":{"job_id":"051425!117","job_state":"COMPLETED_SUCCESSFULLY","return_code":0,"kill_reason":"","alloc":"48-51"}}]}'
Sending '{"now":16.5211,"events":[]}'
Received '{"now":16.630757,"events":[{"timestamp":16.630757,"type":"JOB_SUBMITTED","data":{"job_id":"051425!119","job":{"id":"051425!119","profile":"FT.S.4","res":4,"subtime":16.630727,"walltime":4200}}}]}'
Sending '{"now":16.630757,"events":[{"timestamp":16.630757,"type":"EXECUTE_JOB","data":{"job_id":"051425!119","alloc":"48-51"}}]}'
Received '{"now":16.647485,"events":[{"timestamp":16.647485,"type":"JOB_SUBMITTED","data":{"job_id":"051425!120","job":{"id":"051425!120","profile":"IS.S.16","res":16,"subtime":16.647465,"walltime":4200}}}]}'
Sending '{"now":16.647485,"events":[]}'
Received '{"now":16.823462,"events":[{"timestamp":16.823462,"type":"JOB_COMPLETED","data":{"job_id":"051425!118","job_state":"COMPLETED_SUCCESSFULLY","return_code":0,"kill_reason":"","alloc":"52-55"}}]}'
Sending '{"now":16.823462,"events":[]}'
Received '{"now":16.897857,"events":[{"timestamp":16.897857,"type":"JOB_COMPLETED","data":{"job_id":"051425!119","job_state":"COMPLETED_SUCCESSFULLY","return_code":0,"kill_reason":"","alloc":"48-51"}}]}'
Sending '{"now":16.897857,"events":[{"timestamp":16.897857,"type":"EXECUTE_JOB","data":{"job_id":"051425!120","alloc":"48-63"}}]}'
Received '{"now":17.000236,"events":[{"timestamp":17.000236,"type":"JOB_COMPLETED","data":{"job_id":"051425!120","job_state":"COMPLETED_SUCCESSFULLY","return_code":0,"kill_reason":"","alloc":"48-63"}}]}'
Sending '{"now":17.000236,"events":[]}'
Received '{"now":17.013660,"events":[{"timestamp":17.013660,"type":"JOB_COMPLETED","data":{"job_id":"051425!114","job_state":"COMPLETED_SUCCESSFULLY","return_code":0,"kill_reason":"","alloc":"16-31"}}]}'
Sending '{"now":17.01366,"events":[]}'
Received '{"now":17.135225,"events":[{"timestamp":17.135225,"type":"JOB_COMPLETED","data":{"job_id":"051425!115","job_state":"COMPLETED_SUCCESSFULLY","return_code":0,"kill_reason":"","alloc":"0-15"}}]}'
Sending '{"now":17.135225,"events":[]}'
Received '{"now":17.137374,"events":[{"timestamp":17.137374,"type":"JOB_COMPLETED","data":{"job_id":"051425!116","job_state":"COMPLETED_SUCCESSFULLY","return_code":0,"kill_reason":"","alloc":"32-47"}}]}'
Sending '{"now":17.137374,"events":[]}'
Received '{"now":17.305628,"events":[{"timestamp":17.305628,"type":"JOB_SUBMITTED","data":{"job_id":"051425!121","job":{"id":"051425!121","profile":"FT.S.16","res":16,"subtime":17.305598,"walltime":4200}}}]}'
Sending '{"now":17.305628,"events":[{"timestamp":17.305628,"type":"EXECUTE_JOB","data":{"job_id":"051425!121","alloc":"0-15"}}]}'
Received '{"now":17.385218,"events":[{"timestamp":17.385218,"type":"JOB_SUBMITTED","data":{"job_id":"051425!122","job":{"id":"051425!122","profile":"MG.S.4","res":4,"subtime":17.385188,"walltime":4200}}}]}'
Sending '{"now":17.385218,"events":[{"timestamp":17.385218,"type":"EXECUTE_JOB","data":{"job_id":"051425!122","alloc":"16-19"}}]}'
Received '{"now":17.487071,"events":[{"timestamp":17.487071,"type":"JOB_COMPLETED","data":{"job_id":"051425!121","job_state":"COMPLETED_SUCCESSFULLY","return_code":0,"kill_reason":"","alloc":"0-15"}}]}'
Sending '{"now":17.487071,"events":[]}'
Received '{"now":17.547324,"events":[{"timestamp":17.547324,"type":"JOB_COMPLETED","data":{"job_id":"051425!122","job_state":"COMPLETED_SUCCESSFULLY","return_code":0,"kill_reason":"","alloc":"16-19"}}]}'
Sending '{"now":17.547324,"events":[]}'
Received '{"now":17.597874,"events":[{"timestamp":17.597874,"type":"JOB_SUBMITTED","data":{"job_id":"051425!123","job":{"id":"051425!123","profile":"SP.S.16","res":16,"subtime":17.597844,"walltime":4200}}}]}'
Sending '{"now":17.597874,"events":[{"timestamp":17.597874,"type":"EXECUTE_JOB","data":{"job_id":"051425!123","alloc":"0-15"}}]}'
Received '{"now":17.883758,"events":[{"timestamp":17.883758,"type":"JOB_SUBMITTED","data":{"job_id":"051425!124","job":{"id":"051425!124","profile":"CG.S.16","res":16,"subtime":17.883736,"walltime":4200}}}]}'
Sending '{"now":17.883758,"events":[{"timestamp":17.883758,"type":"EXECUTE_JOB","data":{"job_id":"051425!124","alloc":"16-31"}}]}'
Received '{"now":18.087364,"events":[{"timestamp":18.087364,"type":"JOB_SUBMITTED","data":{"job_id":"051425!125","job":{"id":"051425!125","profile":"CG.S.4","res":4,"subtime":18.087333,"walltime":4200}}}]}'
Sending '{"now":18.087364,"events":[{"timestamp":18.087364,"type":"EXECUTE_JOB","data":{"job_id":"051425!125","alloc":"32-35"}}]}'
Received '{"now":18.163075,"events":[{"timestamp":18.163075,"type":"JOB_SUBMITTED","data":{"job_id":"051425!126","job":{"id":"051425!126","profile":"FT.S.4","res":4,"subtime":18.163047,"walltime":4200}}}]}'
Sending '{"now":18.163075,"events":[{"timestamp":18.163075,"type":"EXECUTE_JOB","data":{"job_id":"051425!126","alloc":"36-39"}}]}'
Received '{"now":18.378462,"events":[{"timestamp":18.378462,"type":"JOB_COMPLETED","data":{"job_id":"051425!126","job_state":"COMPLETED_SUCCESSFULLY","return_code":0,"kill_reason":"","alloc":"36-39"}}]}'
Sending '{"now":18.378462,"events":[]}'
Received '{"now":18.392949,"events":[{"timestamp":18.392949,"type":"JOB_SUBMITTED","data":{"job_id":"051425!127","job":{"id":"051425!127","profile":"FT.S.4","res":4,"subtime":18.392928,"walltime":4200}}}]}'
Sending '{"now":18.392949,"events":[{"timestamp":18.392949,"type":"EXECUTE_JOB","data":{"job_id":"051425!127","alloc":"36-39"}}]}'
Received '{"now":18.409155,"events":[{"timestamp":18.409155,"type":"JOB_SUBMITTED","data":{"job_id":"051425!128","job":{"id":"051425!128","profile":"SP.S.4","res":4,"subtime":18.409130,"walltime":4200}}}]}'
Sending '{"now":18.409155,"events":[{"timestamp":18.409155,"type":"EXECUTE_JOB","data":{"job_id":"051425!128","alloc":"40-43"}}]}'
Received '{"now":18.415412,"events":[{"timestamp":18.415412,"type":"JOB_SUBMITTED","data":{"job_id":"051425!129","job":{"id":"051425!129","profile":"IS.S.4","res":4,"subtime":18.415382,"walltime":4200}}}]}'
Sending '{"now":18.415412,"events":[{"timestamp":18.415412,"type":"EXECUTE_JOB","data":{"job_id":"051425!129","alloc":"44-47"}}]}'
Received '{"now":18.509731,"events":[{"timestamp":18.509731,"type":"JOB_COMPLETED","data":{"job_id":"051425!123","job_state":"COMPLETED_SUCCESSFULLY","return_code":0,"kill_reason":"","alloc":"0-15"}}]}'
Sending '{"now":18.509731,"events":[]}'
Received '{"now":18.530707,"events":[{"timestamp":18.530707,"type":"JOB_COMPLETED","data":{"job_id":"051425!129","job_state":"COMPLETED_SUCCESSFULLY","return_code":0,"kill_reason":"","alloc":"44-47"}}]}'
Sending '{"now":18.530707,"events":[]}'
Received '{"now":18.553390,"events":[{"timestamp":18.553390,"type":"JOB_SUBMITTED","data":{"job_id":"051425!130","job":{"id":"051425!130","profile":"FT.S.4","res":4,"subtime":18.553364,"walltime":4200}}}]}'
Sending '{"now":18.55339,"events":[{"timestamp":18.55339,"type":"EXECUTE_JOB","data":{"job_id":"051425!130","alloc":"0-3"}}]}'
Received '{"now":18.571486,"events":[{"timestamp":18.571486,"type":"JOB_COMPLETED","data":{"job_id":"051425!125","job_state":"COMPLETED_SUCCESSFULLY","return_code":0,"kill_reason":"","alloc":"32-35"}}]}'
Sending '{"now":18.571486,"events":[]}'
Received '{"now":18.596744,"events":[{"timestamp":18.596744,"type":"JOB_SUBMITTED","data":{"job_id":"051425!131","job":{"id":"051425!131","profile":"CG.S.16","res":16,"subtime":18.596714,"walltime":4200}}}]}'
Sending '{"now":18.596744,"events":[{"timestamp":18.596744,"type":"EXECUTE_JOB","data":{"job_id":"051425!131","alloc":"44-59"}}]}'
Received '{"now":18.613405,"events":[{"timestamp":18.613405,"type":"JOB_SUBMITTED","data":{"job_id":"051425!132","job":{"id":"051425!132","profile":"MG.S.4","res":4,"subtime":18.613377,"walltime":4200}}}]}'
Sending '{"now":18.613405,"events":[{"timestamp":18.613405,"type":"EXECUTE_JOB","data":{"job_id":"051425!132","alloc":"4-7"}}]}'
Received '{"now":18.675209,"events":[{"timestamp":18.675209,"type":"JOB_COMPLETED","data":{"job_id":"051425!127","job_state":"COMPLETED_SUCCESSFULLY","return_code":0,"kill_reason":"","alloc":"36-39"}}]}'
Sending '{"now":18.675209,"events":[]}'
Received '{"now":18.734121,"events":[{"timestamp":18.734121,"type":"JOB_COMPLETED","data":{"job_id":"051425!128","job_state":"COMPLETED_SUCCESSFULLY","return_code":0,"kill_reason":"","alloc":"40-43"}}]}'
Sending '{"now":18.734121,"events":[]}'
Received '{"now":18.749563,"events":[{"timestamp":18.749563,"type":"JOB_SUBMITTED","data":{"job_id":"051425!133","job":{"id":"051425!133","profile":"LU.S.16","res":16,"subtime":18.749533,"walltime":4200}}}]}'
Sending '{"now":18.749563,"events":[]}'
Received '{"now":18.763098,"events":[{"timestamp":18.763098,"type":"JOB_COMPLETED","data":{"job_id":"051425!130","job_state":"COMPLETED_SUCCESSFULLY","return_code":0,"kill_reason":"","alloc":"0-3"}}]}'
Sending '{"now":18.763098,"events":[]}'
Received '{"now":18.764903,"events":[{"timestamp":18.764903,"type":"JOB_SUBMITTED","data":{"job_id":"051425!134","job":{"id":"051425!134","profile":"CG.S.4","res":4,"subtime":18.764873,"walltime":4200}}}]}'
Sending '{"now":18.764903,"events":[{"timestamp":18.764903,"type":"EXECUTE_JOB","data":{"job_id":"051425!134","alloc":"0-3"}}]}'
Received '{"now":18.784742,"events":[{"timestamp":18.784742,"type":"JOB_COMPLETED","data":{"job_id":"051425!132","job_state":"COMPLETED_SUCCESSFULLY","return_code":0,"kill_reason":"","alloc":"4-7"}}]}'
Sending '{"now":18.784742,"events":[]}'
Received '{"now":18.812333,"events":[{"timestamp":18.812333,"type":"JOB_SUBMITTED","data":{"job_id":"051425!135","job":{"id":"051425!135","profile":"BT.S.4","res":4,"subtime":18.812310,"walltime":4200}}}]}'
Sending '{"now":18.812333,"events":[{"timestamp":18.812333,"type":"EXECUTE_JOB","data":{"job_id":"051425!135","alloc":"32-35"}}]}'
Received '{"now":18.831526,"events":[{"timestamp":18.831526,"type":"JOB_SUBMITTED","data":{"job_id":"051425!136","job":{"id":"051425!136","profile":"MG.S.4","res":4,"subtime":18.831496,"walltime":4200}}}]}'
Sending '{"now":18.831526,"events":[{"timestamp":18.831526,"type":"EXECUTE_JOB","data":{"job_id":"051425!136","alloc":"36-39"}}]}'
Received '{"now":18.872599,"events":[{"timestamp":18.872599,"type":"JOB_COMPLETED","data":{"job_id":"051425!124","job_state":"COMPLETED_SUCCESSFULLY","return_code":0,"kill_reason":"","alloc":"16-31"}}]}'
Sending '{"now":18.872599,"events":[{"timestamp":18.872599,"type":"EXECUTE_JOB","data":{"job_id":"051425!133","alloc":"4-19"}}]}'
Received '{"now":18.995903,"events":[{"timestamp":18.995903,"type":"JOB_COMPLETED","data":{"job_id":"051425!136","job_state":"COMPLETED_SUCCESSFULLY","return_code":0,"kill_reason":"","alloc":"36-39"}}]}'
Sending '{"now":18.995903,"events":[]}'
Received '{"now":19.020200,"events":[{"timestamp":19.020200,"type":"JOB_COMPLETED","data":{"job_id":"051425!135","job_state":"COMPLETED_SUCCESSFULLY","return_code":0,"kill_reason":"","alloc":"32-35"}}]}'
Sending '{"now":19.0202,"events":[]}'
Received '{"now":19.095070,"events":[{"timestamp":19.095070,"type":"JOB_SUBMITTED","data":{"job_id":"051425!137","job":{"id":"051425!137","profile":"MG.S.16","res":16,"subtime":19.095039,"walltime":4200}}}]}'
Sending '{"now":19.09507,"events":[{"timestamp":19.09507,"type":"EXECUTE_JOB","data":{"job_id":"051425!137","alloc":"20-35"}}]}'
Received '{"now":19.169531,"events":[{"timestamp":19.169531,"type":"JOB_SUBMITTED","data":{"job_id":"051425!138","job":{"id":"051425!138","profile":"LU.S.4","res":4,"subtime":19.169501,"walltime":4200}}}]}'
Sending '{"now":19.169531,"events":[{"timestamp":19.169531,"type":"EXECUTE_JOB","data":{"job_id":"051425!138","alloc":"36-39"}}]}'
Received '{"now":19.214395,"events":[{"timestamp":19.214395,"type":"JOB_SUBMITTED","data":{"job_id":"051425!139","job":{"id":"051425!139","profile":"MG.S.16","res":16,"subtime":19.214374,"walltime":4200}}}]}'
Sending '{"now":19.214395,"events":[]}'
Received '{"now":19.253263,"events":[{"timestamp":19.253263,"type":"JOB_SUBMITTED","data":{"job_id":"051425!140","job":{"id":"051425!140","profile":"BT.S.16","res":16,"subtime":19.253233,"walltime":4200}}}]}'
Sending '{"now":19.253263,"events":[]}'
Received '{"now":19.315573,"events":[{"timestamp":19.315573,"type":"JOB_SUBMITTED","data":{"job_id":"051425!141","job":{"id":"051425!141","profile":"MG.S.16","res":16,"subtime":19.315548,"walltime":4200}}}]}'
Sending '{"now":19.315573,"events":[]}'
Received '{"now":19.344794,"events":[{"timestamp":19.344794,"type":"JOB_SUBMITTED","data":{"job_id":"051425!142","job":{"id":"051425!142","profile":"IS.S.16","res":16,"subtime":19.344772,"walltime":4200}}}]}'
Sending '{"now":19.344794,"events":[]}'
Received '{"now":19.356679,"events":[{"timestamp":19.356679,"type":"JOB_COMPLETED","data":{"job_id":"051425!134","job_state":"COMPLETED_SUCCESSFULLY","return_code":0,"kill_reason":"","alloc":"0-3"}}]}'
Sending '{"now":19.356679,"events":[]}'
Received '{"now":19.406815,"events":[{"timestamp":19.406815,"type":"JOB_COMPLETED","data":{"job_id":"051425!137","job_state":"COMPLETED_SUCCESSFULLY","return_code":0,"kill_reason":"","alloc":"20-35"}}]}'
Sending '{"now":19.406815,"events":[{"timestamp":19.406815,"type":"EXECUTE_JOB","data":{"job_id":"051425!139","alloc":"20-35"}}]}'
Received '{"now":19.545621,"events":[{"timestamp":19.545621,"type":"JOB_COMPLETED","data":{"job_id":"051425!131","job_state":"COMPLETED_SUCCESSFULLY","return_code":0,"kill_reason":"","alloc":"44-59"}}]}'
Sending '{"now":19.545621,"events":[{"timestamp":19.545621,"type":"EXECUTE_JOB","data":{"job_id":"051425!140","alloc":"40-55"}}]}'
Received '{"now":19.647938,"events":[{"timestamp":19.647938,"type":"JOB_SUBMITTED","data":{"job_id":"051425!143","job":{"id":"051425!143","profile":"BT.S.4","res":4,"subtime":19.647908,"walltime":4200}}}]}'
Sending '{"now":19.647938,"events":[{"timestamp":19.647938,"type":"EXECUTE_JOB","data":{"job_id":"051425!143","alloc":"56-59"}}]}'
Received '{"now":19.663244,"events":[{"timestamp":19.663244,"type":"JOB_SUBMITTED","data":{"job_id":"051425!144","job":{"id":"051425!144","profile":"FT.S.16","res":16,"subtime":19.663214,"walltime":4200}}}]}'
Sending '{"now":19.663244,"events":[]}'
Received '{"now":19.783478,"events":[{"timestamp":19.783478,"type":"JOB_SUBMITTED","data":{"job_id":"051425!145","job":{"id":"051425!145","profile":"MG.S.4","res":4,"subtime":19.783447,"walltime":4200}}}]}'
Sending '{"now":19.783478,"events":[{"timestamp":19.783478,"type":"EXECUTE_JOB","data":{"job_id":"051425!145","alloc":"60-63"}}]}'
Received '{"now":19.789502,"events":[{"timestamp":19.789502,"type":"JOB_COMPLETED","data":{"job_id":"051425!139","job_state":"COMPLETED_SUCCESSFULLY","return_code":0,"kill_reason":"","alloc":"20-35"}}]}'
Sending '{"now":19.789502,"events":[{"timestamp":19.789502,"type":"EXECUTE_JOB","data":{"job_id":"051425!141","alloc":"20-35"}}]}'
Received '{"now":19.890081,"events":[{"timestamp":19.890081,"type":"JOB_COMPLETED","data":{"job_id":"051425!133","job_state":"COMPLETED_SUCCESSFULLY","return_code":0,"kill_reason":"","alloc":"4-19"}}]}'
Sending '{"now":19.890081,"events":[{"timestamp":19.890081,"type":"EXECUTE_JOB","data":{"job_id":"051425!142","alloc":"0-15"}}]}'
Received '{"now":19.991012,"events":[{"timestamp":19.991012,"type":"JOB_COMPLETED","data":{"job_id":"051425!138","job_state":"COMPLETED_SUCCESSFULLY","return_code":0,"kill_reason":"","alloc":"36-39"}}]}'
Sending '{"now":19.991012,"events":[]}'
Received '{"now":20.002319,"events":[{"timestamp":20.002319,"type":"JOB_COMPLETED","data":{"job_id":"051425!142","job_state":"COMPLETED_SUCCESSFULLY","return_code":0,"kill_reason":"","alloc":"0-15"}}]}'
Sending '{"now":20.002319,"events":[{"timestamp":20.002319,"type":"EXECUTE_JOB","data":{"job_id":"051425!144","alloc":"0-15"}}]}'
Received '{"now":20.106911,"events":[{"timestamp":20.106911,"type":"JOB_COMPLETED","data":{"job_id":"051425!145","job_state":"COMPLETED_SUCCESSFULLY","return_code":0,"kill_reason":"","alloc":"60-63"}}]}'
Sending '{"now":20.106911,"events":[]}'
Received '{"now":20.137882,"events":[{"timestamp":20.137882,"type":"JOB_SUBMITTED","data":{"job_id":"051425!146","job":{"id":"051425!146","profile":"MG.S.4","res":4,"subtime":20.137852,"walltime":4200}}}]}'
Sending '{"now":20.137882,"events":[{"timestamp":20.137882,"type":"EXECUTE_JOB","data":{"job_id":"051425!146","alloc":"16-19"}}]}'
Received '{"now":20.154519,"events":[{"timestamp":20.154519,"type":"JOB_SUBMITTED","data":{"job_id":"051425!147","job":{"id":"051425!147","profile":"FT.S.16","res":16,"subtime":20.154501,"walltime":4200}}}]}'
Sending '{"now":20.154519,"events":[]}'
Received '{"now":20.322778,"events":[{"timestamp":20.322778,"type":"JOB_COMPLETED","data":{"job_id":"051425!141","job_state":"COMPLETED_SUCCESSFULLY","return_code":0,"kill_reason":"","alloc":"20-35"}}]}'
Sending '{"now":20.322778,"events":[{"timestamp":20.322778,"type":"EXECUTE_JOB","data":{"job_id":"051425!147","alloc":"20-35"}}]}'
Received '{"now":20.328877,"events":[{"timestamp":20.328877,"type":"JOB_COMPLETED","data":{"job_id":"051425!143","job_state":"COMPLETED_SUCCESSFULLY","return_code":0,"kill_reason":"","alloc":"56-59"}}]}'
Sending '{"now":20.328877,"events":[]}'
Received '{"now":20.329860,"events":[{"timestamp":20.329860,"type":"JOB_SUBMITTED","data":{"job_id":"051425!148","job":{"id":"051425!148","profile":"CG.S.16","res":16,"subtime":20.329840,"walltime":4200}}}]}'
Sending '{"now":20.32986,"events":[]}'
Received '{"now":20.437465,"events":[{"timestamp":20.437465,"type":"JOB_COMPLETED","data":{"job_id":"051425!146","job_state":"COMPLETED_SUCCESSFULLY","return_code":0,"kill_reason":"","alloc":"16-19"}}]}'
Sending '{"now":20.437465,"events":[]}'
Received '{"now":20.512733,"events":[{"timestamp":20.512733,"type":"JOB_SUBMITTED","data":{"job_id":"051425!149","job":{"id":"051425!149","profile":"SP.S.16","res":16,"subtime":20.512703,"walltime":4200}}}]}'
Sending '{"now":20.512733,"events":[]}'
Received '{"now":20.536136,"events":[{"timestamp":20.536136,"type":"JOB_SUBMITTED","data":{"job_id":"051425!150","job":{"id":"051425!150","profile":"SP.S.4","res":4,"subtime":20.536106,"walltime":4200}}}]}'
Sending '{"now":20.536136,"events":[{"timestamp":20.536136,"type":"EXECUTE_JOB","data":{"job_id":"051425!150","alloc":"16-19"}}]}'
Received '{"now":20.563840,"events":[{"timestamp":20.563840,"type":"JOB_SUBMITTED","data":{"job_id":"051425!151","job":{"id":"051425!151","profile":"CG.S.4","res":4,"subtime":20.563816,"walltime":4200}}}]}'
Sending '{"now":20.56384,"events":[{"timestamp":20.56384,"type":"EXECUTE_JOB","data":{"job_id":"051425!151","alloc":"56-59"}}]}'
Received '{"now":20.592157,"events":[{"timestamp":20.592157,"type":"JOB_COMPLETED","data":{"job_id":"051425!144","job_state":"COMPLETED_SUCCESSFULLY","return_code":0,"kill_reason":"","alloc":"0-15"}}]}'
Sending '{"now":20.592157,"events":[{"timestamp":20.592157,"type":"EXECUTE_JOB","data":{"job_id":"051425!148","alloc":"0-15"}}]}'
Received '{"now":20.686428,"events":[{"timestamp":20.686428,"type":"JOB_SUBMITTED","data":{"job_id":"051425!152","job":{"id":"051425!152","profile":"BT.S.16","res":16,"subtime":20.686402,"walltime":4200}}}]}'
Sending '{"now":20.686428,"events":[]}'
Received '{"now":20.719806,"events":[{"timestamp":20.719806,"type":"JOB_SUBMITTED","data":{"job_id":"051425!153","job":{"id":"051425!153","profile":"SP.S.16","res":16,"subtime":20.719775,"walltime":4200}}}]}'
Sending '{"now":20.719806,"events":[]}'
Received '{"now":20.762489,"events":[{"timestamp":20.762489,"type":"JOB_COMPLETED","data":{"job_id":"051425!147","job_state":"COMPLETED_SUCCESSFULLY","return_code":0,"kill_reason":"","alloc":"20-35"}}]}'
Sending '{"now":20.762489,"events":[{"timestamp":20.762489,"type":"EXECUTE_JOB","data":{"job_id":"051425!149","alloc":"20-35"}}]}'
Received '{"now":20.920623,"events":[{"timestamp":20.920623,"type":"JOB_COMPLETED","data":{"job_id":"051425!150","job_state":"COMPLETED_SUCCESSFULLY","return_code":0,"kill_reason":"","alloc":"16-19"}}]}'
Sending '{"now":20.920623,"events":[]}'
Received '{"now":20.968801,"events":[{"timestamp":20.968801,"type":"JOB_SUBMITTED","data":{"job_id":"051425!154","job":{"id":"051425!154","profile":"IS.S.4","res":4,"subtime":20.968779,"walltime":4200}}}]}'
Sending '{"now":20.968801,"events":[{"timestamp":20.968801,"type":"EXECUTE_JOB","data":{"job_id":"051425!154","alloc":"16-19"}}]}'
Received '{"now":21.009870,"events":[{"timestamp":21.009870,"type":"JOB_SUBMITTED","data":{"job_id":"051425!155","job":{"id":"051425!155","profile":"MG.S.16","res":16,"subtime":21.009839,"walltime":4200}}}]}'
Sending '{"now":21.00987,"events":[]}'
Received '{"now":21.084988,"events":[{"timestamp":21.084988,"type":"JOB_COMPLETED","data":{"job_id":"051425!154","job_state":"COMPLETED_SUCCESSFULLY","return_code":0,"kill_reason":"","alloc":"16-19"}}]}'
Sending '{"now":21.084988,"events":[]}'
Received '{"now":21.104801,"events":[{"timestamp":21.104801,"type":"JOB_COMPLETED","data":{"job_id":"051425!140","job_state":"COMPLETED_SUCCESSFULLY","return_code":0,"kill_reason":"","alloc":"40-55"}}]}'
Sending '{"now":21.104801,"events":[{"timestamp":21.104801,"type":"EXECUTE_JOB","data":{"job_id":"051425!152","alloc":"36-51"}}]}'
Received '{"now":21.106573,"events":[{"timestamp":21.106573,"type":"JOB_COMPLETED","data":{"job_id":"051425!151","job_state":"COMPLETED_SUCCESSFULLY","return_code":0,"kill_reason":"","alloc":"56-59"}}]}'
Sending '{"now":21.106573,"events":[]}'
Received '{"now":21.324798,"events":[{"timestamp":21.324798,"type":"JOB_SUBMITTED","data":{"job_id":"051425!156","job":{"id":"051425!156","profile":"FT.S.4","res":4,"subtime":21.324769,"walltime":4200}}}]}'
Sending '{"now":21.324798,"events":[{"timestamp":21.324798,"type":"EXECUTE_JOB","data":{"job_id":"051425!156","alloc":"16-19"}}]}'
Received '{"now":21.422130,"events":[{"timestamp":21.422130,"type":"JOB_SUBMITTED","data":{"job_id":"051425!157","job":{"id":"051425!157","profile":"SP.S.16","res":16,"subtime":21.422108,"walltime":4200}}}]}'
Sending '{"now":21.42213,"events":[]}'
Received '{"now":21.460317,"events":[{"timestamp":21.460317,"type":"JOB_SUBMITTED","data":{"job_id":"051425!158","job":{"id":"051425!158","profile":"IS.S.16","res":16,"subtime":21.460296,"walltime":4200}}}]}'
Sending '{"now":21.460317,"events":[]}'
Received '{"now":21.581782,"events":[{"timestamp":21.581782,"type":"JOB_SUBMITTED","data":{"job_id":"051425!159","job":{"id":"051425!159","profile":"FT.S.4","res":4,"subtime":21.581765,"walltime":4200}}}]}'
Sending '{"now":21.581782,"events":[{"timestamp":21.581782,"type":"EXECUTE_JOB","data":{"job_id":"051425!159","alloc":"52-55"}}]}'
Received '{"now":21.627785,"events":[{"timestamp":21.627785,"type":"JOB_COMPLETED","data":{"job_id":"051425!148","job_state":"COMPLETED_SUCCESSFULLY","return_code":0,"kill_reason":"","alloc":"0-15"}}]}'
Sending '{"now":21.627785,"events":[{"timestamp":21.627785,"type":"EXECUTE_JOB","data":{"job_id":"051425!153","alloc":"0-15"}}]}'
Received '{"now":21.755203,"events":[{"timestamp":21.755203,"type":"JOB_COMPLETED","data":{"job_id":"051425!156","job_state":"COMPLETED_SUCCESSFULLY","return_code":0,"kill_reason":"","alloc":"16-19"}}]}'
Sending '{"now":21.755203,"events":[]}'
Received '{"now":21.801426,"events":[{"timestamp":21.801426,"type":"JOB_COMPLETED","data":{"job_id":"051425!149","job_state":"COMPLETED_SUCCESSFULLY","return_code":0,"kill_reason":"","alloc":"20-35"}}]}'
Sending '{"now":21.801426,"events":[{"timestamp":21.801426,"type":"EXECUTE_JOB","data":{"job_id":"051425!155","alloc":"16-31"}}]}'
Received '{"now":21.977755,"events":[{"timestamp":21.977755,"type":"JOB_COMPLETED","data":{"job_id":"051425!159","job_state":"COMPLETED_SUCCESSFULLY","return_code":0,"kill_reason":"","alloc":"52-55"}}]}'
Sending '{"now":21.977755,"events":[]}'
Received '{"now":22.010894,"events":[{"timestamp":22.010894,"type":"JOB_SUBMITTED","data":{"job_id":"051425!160","job":{"id":"051425!160","profile":"BT.S.16","res":16,"subtime":22.010870,"walltime":4200}}}]}'
Sending '{"now":22.010894,"events":[]}'
Received '{"now":22.254531,"events":[{"timestamp":22.254531,"type":"JOB_COMPLETED","data":{"job_id":"051425!155","job_state":"COMPLETED_SUCCESSFULLY","return_code":0,"kill_reason":"","alloc":"16-31"}}]}'
Sending '{"now":22.254531,"events":[{"timestamp":22.254531,"type":"EXECUTE_JOB","data":{"job_id":"051425!157","alloc":"16-31"}}]}'
Received '{"now":22.460205,"events":[{"timestamp":22.460205,"type":"JOB_COMPLETED","data":{"job_id":"051425!152","job_state":"COMPLETED_SUCCESSFULLY","return_code":0,"kill_reason":"","alloc":"36-51"}}]}'
Sending '{"now":22.460205,"events":[{"timestamp":22.460205,"type":"EXECUTE_JOB","data":{"job_id":"051425!158","alloc":"32-47"}},{"timestamp":22.460205,"type":"EXECUTE_JOB","data":{"job_id":"051425!160","alloc":"48-63"}}]}'
Received '{"now":22.573324,"events":[{"timestamp":22.573324,"type":"JOB_COMPLETED","data":{"job_id":"051425!158","job_state":"COMPLETED_SUCCESSFULLY","return_code":0,"kill_reason":"","alloc":"32-47"}}]}'
Sending '{"now":22.573324,"events":[]}'
Received '{"now":22.857708,"events":[{"timestamp":22.857708,"type":"JOB_COMPLETED","data":{"job_id":"051425!153","job_state":"COMPLETED_SUCCESSFULLY","return_code":0,"kill_reason":"","alloc":"0-15"}}]}'
Sending '{"now":22.857708,"events":[]}'
Received '{"now":23.436087,"events":[{"timestamp":23.436087,"type":"JOB_COMPLETED","data":{"job_id":"051425!157","job_state":"COMPLETED_SUCCESSFULLY","return_code":0,"kill_reason":"","alloc":"16-31"}}]}'
Sending '{"now":23.436087,"events":[]}'
Received '{"now":23.702697,"events":[{"timestamp":23.702697,"type":"JOB_COMPLETED","data":{"job_id":"051425!160","job_state":"COMPLETED_SUCCESSFULLY","return_code":0,"kill_reason":"","alloc":"48-63"}},{"timestamp":23.702697,"type":"SIMULATION_ENDS","data":{}}]}'
Sending '{"now":23.702697,"events":[]}'
