variant_options = '{"custom_mapping": true}'
Received '{"now":0.000000,"events":[{"timestamp":0.000000,"type":"SIMULATION_BEGINS","data":{"nb_resources":64,"allow_time_sharing":false,"config":{"redis":{"enabled":false,"hostname":"127.0.0.1","port":6379,"prefix":"default"},"job_submission":{"forward_profiles":false,"from_scheduler":{"enabled":false,"acknowledge":true}}},"resources_data":[{"id":0,"name":"node-0.simgrid.org","state":"idle","properties":{}},{"id":1,"name":"node-1.simgrid.org","state":"idle","properties":{}},{"id":2,"name":"node-2.simgrid.org","state":"idle","properties":{}},{"id":3,"name":"node-3.simgrid.org","state":"idle","properties":{}},{"id":4,"name":"node-4.simgrid.org","state":"idle","properties":{}},{"id":5,"name":"node-5.simgrid.org","state":"idle","properties":{}},{"id":6,"name":"node-6.simgrid.org","state":"idle","properties":{}},{"id":7,"name":"node-7.simgrid.org","state":"idle","properties":{}},{"id":8,"name":"node-8.simgrid.org","state":"idle","properties":{}},{"id":9,"name":"node-9.simgrid.org","state":"idle","properties":{}},{"id":10,"name":"node-10.simgrid.org","state":"idle","properties":{}},{"id":11,"name":"node-11.simgrid.org","state":"idle","properties":{}},{"id":12,"name":"node-12.simgrid.org","state":"idle","properties":{}},{"id":13,"name":"node-13.simgrid.org","state":"idle","properties":{}},{"id":14,"name":"node-14.simgrid.org","state":"idle","properties":{}},{"id":15,"name":"node-15.simgrid.org","state":"idle","properties":{}},{"id":16,"name":"node-16.simgrid.org","state":"idle","properties":{}},{"id":17,"name":"node-17.simgrid.org","state":"idle","properties":{}},{"id":18,"name":"node-18.simgrid.org","state":"idle","properties":{}},{"id":19,"name":"node-19.simgrid.org","state":"idle","properties":{}},{"id":20,"name":"node-20.simgrid.org","state":"idle","properties":{}},{"id":21,"name":"node-21.simgrid.org","state":"idle","properties":{}},{"id":22,"name":"node-22.simgrid.org","state":"idle","properties":{}},{"id":23,"name":"node-23.simgrid.org","state":"idle","properties":{}},{"id":24,"name":"node-24.simgrid.org","state":"idle","properties":{}},{"id":25,"name":"node-25.simgrid.org","state":"idle","properties":{}},{"id":26,"name":"node-26.simgrid.org","state":"idle","properties":{}},{"id":27,"name":"node-27.simgrid.org","state":"idle","properties":{}},{"id":28,"name":"node-28.simgrid.org","state":"idle","properties":{}},{"id":29,"name":"node-29.simgrid.org","state":"idle","properties":{}},{"id":30,"name":"node-30.simgrid.org","state":"idle","properties":{}},{"id":31,"name":"node-31.simgrid.org","state":"idle","properties":{}},{"id":32,"name":"node-32.simgrid.org","state":"idle","properties":{}},{"id":33,"name":"node-33.simgrid.org","state":"idle","properties":{}},{"id":34,"name":"node-34.simgrid.org","state":"idle","properties":{}},{"id":35,"name":"node-35.simgrid.org","state":"idle","properties":{}},{"id":36,"name":"node-36.simgrid.org","state":"idle","properties":{}},{"id":37,"name":"node-37.simgrid.org","state":"idle","properties":{}},{"id":38,"name":"node-38.simgrid.org","state":"idle","properties":{}},{"id":39,"name":"node-39.simgrid.org","state":"idle","properties":{}},{"id":40,"name":"node-40.simgrid.org","state":"idle","properties":{}},{"id":41,"name":"node-41.simgrid.org","state":"idle","properties":{}},{"id":42,"name":"node-42.simgrid.org","state":"idle","properties":{}},{"id":43,"name":"node-43.simgrid.org","state":"idle","properties":{}},{"id":44,"name":"node-44.simgrid.org","state":"idle","properties":{}},{"id":45,"name":"node-45.simgrid.org","state":"idle","properties":{}},{"id":46,"name":"node-46.simgrid.org","state":"idle","properties":{}},{"id":47,"name":"node-47.simgrid.org","state":"idle","properties":{}},{"id":48,"name":"node-48.simgrid.org","state":"idle","properties":{}},{"id":49,"name":"node-49.simgrid.org","state":"idle","properties":{}},{"id":50,"name":"node-50.simgrid.org","state":"idle","properties":{}},{"id":51,"name":"node-51.simgrid.org","state":"idle","properties":{}},{"id":52,"name":"node-52.simgrid.org","state":"idle","properties":{}},{"id":53,"name":"node-53.simgrid.org","state":"idle","properties":{}},{"id":54,"name":"node-54.simgrid.org","state":"idle","properties":{}},{"id":55,"name":"node-55.simgrid.org","state":"idle","properties":{}},{"id":56,"name":"node-56.simgrid.org","state":"idle","properties":{}},{"id":57,"name":"node-57.simgrid.org","state":"idle","properties":{}},{"id":58,"name":"node-58.simgrid.org","state":"idle","properties":{}},{"id":59,"name":"node-59.simgrid.org","state":"idle","properties":{}},{"id":60,"name":"node-60.simgrid.org","state":"idle","properties":{}},{"id":61,"name":"node-61.simgrid.org","state":"idle","properties":{}},{"id":62,"name":"node-62.simgrid.org","state":"idle","properties":{}},{"id":63,"name":"node-63.simgrid.org","state":"idle","properties":{}}],"workloads":{"051425":"/github-simgrid/190311/../batsim-v2.0.0/workload_profiles/npb_160_jobs.json"}}}]}'
Sending '{"now":0.0,"events":[]}'
Received '{"now":0.055599,"events":[{"timestamp":0.055599,"type":"JOB_SUBMITTED","data":{"job_id":"051425!1","job":{"id":"051425!1","profile":"SP.S.16","res":16,"subtime":0.047793,"walltime":4200}}}]}'
Sending '{"now":0.055599,"events":[{"timestamp":0.055599,"type":"EXECUTE_JOB","data":{"job_id":"051425!1","alloc":"0-15"}}]}'
Received '{"now":0.140725,"events":[{"timestamp":0.140725,"type":"JOB_SUBMITTED","data":{"job_id":"051425!2","job":{"id":"051425!2","profile":"MG.S.16","res":16,"subtime":0.132928,"walltime":4200}}}]}'
Sending '{"now":0.140725,"events":[{"timestamp":0.140725,"type":"EXECUTE_JOB","data":{"job_id":"051425!2","alloc":"16-31"}}]}'
Received '{"now":0.164143,"events":[{"timestamp":0.164143,"type":"JOB_SUBMITTED","data":{"job_id":"051425!3","job":{"id":"051425!3","profile":"BT.S.16","res":16,"subtime":0.154009,"walltime":4200}}}]}'
Sending '{"now":0.164143,"events":[{"timestamp":0.164143,"type":"EXECUTE_JOB","data":{"job_id":"051425!3","alloc":"32-47"}}]}'
Received '{"now":0.210237,"events":[{"timestamp":0.210237,"type":"JOB_SUBMITTED","data":{"job_id":"051425!4","job":{"id":"051425!4","profile":"SP.S.4","res":4,"subtime":0.202431,"walltime":4200}}}]}'
Sending '{"now":0.210237,"events":[{"timestamp":0.210237,"type":"EXECUTE_JOB","data":{"job_id":"051425!4","alloc":"48-51"}}]}'
Received '{"now":0.433184,"events":[{"timestamp":0.433184,"type":"JOB_SUBMITTED","data":{"job_id":"051425!5","job":{"id":"051425!5","profile":"BT.S.16","res":16,"subtime":0.425378,"walltime":4200}}}]}'
Sending '{"now":0.433184,"events":[]}'
Received '{"now":0.747663,"events":[{"timestamp":0.747663,"type":"JOB_SUBMITTED","data":{"job_id":"051425!6","job":{"id":"051425!6","profile":"CG.S.16","res":16,"subtime":0.739874,"walltime":4200}}}]}'
Sending '{"now":0.747663,"events":[]}'
Received '{"now":0.845705,"events":[{"timestamp":0.845705,"type":"JOB_SUBMITTED","data":{"job_id":"051425!7","job":{"id":"051425!7","profile":"CG.S.16","res":16,"subtime":0.837899,"walltime":4200}}}]}'
Sending '{"now":0.845705,"events":[]}'
Received '{"now":1.077891,"events":[{"timestamp":1.077891,"type":"JOB_SUBMITTED","data":{"job_id":"051425!8","job":{"id":"051425!8","profile":"BT.S.4","res":4,"subtime":1.070085,"walltime":4200}}}]}'
Sending '{"now":1.077891,"events":[{"timestamp":1.077891,"type":"EXECUTE_JOB","data":{"job_id":"051425!8","alloc":"52-55"}}]}'
Received '{"now":1.182388,"events":[{"timestamp":1.182388,"type":"JOB_SUBMITTED","data":{"job_id":"051425!9","job":{"id":"051425!9","profile":"BT.S.16","res":16,"subtime":1.174591,"walltime":4200}}}]}'
Sending '{"now":1.182388,"events":[]}'
Received '{"now":1.203851,"events":[{"timestamp":1.203851,"type":"JOB_COMPLETED","data":{"job_id":"051425!2","job_state":"COMPLETED_SUCCESSFULLY","return_code":0,"kill_reason":"","alloc":"16-31"}}]}'
Sending '{"now":1.203851,"events":[{"timestamp":1.203851,"type":"EXECUTE_JOB","data":{"job_id":"051425!5","alloc":"16-31"}}]}'
Received '{"now":1.293033,"events":[{"timestamp":1.293033,"type":"JOB_SUBMITTED","data":{"job_id":"051425!10","job":{"id":"051425!10","profile":"IS.S.16","res":16,"subtime":1.285227,"walltime":4200}}}]}'
Sending '{"now":1.293033,"events":[]}'
Received '{"now":1.311223,"events":[{"timestamp":1.311223,"type":"JOB_SUBMITTED","data":{"job_id":"051425!11","job":{"id":"051425!11","profile":"BT.S.16","res":16,"subtime":1.303425,"walltime":4200}}}]}'
Sending '{"now":1.311223,"events":[]}'
Received '{"now":1.355750,"events":[{"timestamp":1.355750,"type":"JOB_SUBMITTED","data":{"job_id":"051425!12","job":{"id":"051425!12","profile":"CG.S.16","res":16,"subtime":1.347948,"walltime":4200}}}]}'
Sending '{"now":1.35575,"events":[]}'
Received '{"now":1.490372,"events":[{"timestamp":1.490372,"type":"JOB_COMPLETED","data":{"job_id":"051425!4","job_state":"COMPLETED_SUCCESSFULLY","return_code":0,"kill_reason":"","alloc":"48-51"}}]}'
Sending '{"now":1.490372,"events":[]}'
Received '{"now":1.637362,"events":[{"timestamp":1.637362,"type":"JOB_SUBMITTED","data":{"job_id":"051425!13","job":{"id":"051425!13","profile":"CG.S.16","res":16,"subtime":1.629556,"walltime":4200}}}]}'
Sending '{"now":1.637362,"events":[]}'
Received '{"now":1.708954,"events":[{"timestamp":1.708954,"type":"JOB_SUBMITTED","data":{"job_id":"051425!14","job":{"id":"051425!14","profile":"BT.S.4","res":4,"subtime":1.701166,"walltime":4200}}}]}'
Sending '{"now":1.708954,"events":[{"timestamp":1.708954,"type":"EXECUTE_JOB","data":{"job_id":"051425!14","alloc":"48-51"}}]}'
Received '{"now":1.747465,"events":[{"timestamp":1.747465,"type":"JOB_COMPLETED","data":{"job_id":"051425!8","job_state":"COMPLETED_SUCCESSFULLY","return_code":0,"kill_reason":"","alloc":"52-55"}}]}'
Sending '{"now":1.747465,"events":[]}'
Received '{"now":1.816138,"events":[{"timestamp":1.816138,"type":"JOB_SUBMITTED","data":{"job_id":"051425!15","job":{"id":"051425!15","profile":"FT.S.16","res":16,"subtime":1.808332,"walltime":4200}}}]}'
Sending '{"now":1.816138,"events":[]}'
Received '{"now":1.945253,"events":[{"timestamp":1.945253,"type":"JOB_SUBMITTED","data":{"job_id":"051425!16","job":{"id":"051425!16","profile":"IS.S.4","res":4,"subtime":1.937452,"walltime":4200}}}]}'
Sending '{"now":1.945253,"events":[{"timestamp":1.945253,"type":"EXECUTE_JOB","data":{"job_id":"051425!16","alloc":"52-55"}}]}'
Received '{"now":2.070439,"events":[{"timestamp":2.070439,"type":"JOB_COMPLETED","data":{"job_id":"051425!16","job_state":"COMPLETED_SUCCESSFULLY","return_code":0,"kill_reason":"","alloc":"52-55"}}]}'
Sending '{"now":2.070439,"events":[]}'
Received '{"now":2.239632,"events":[{"timestamp":2.239632,"type":"JOB_SUBMITTED","data":{"job_id":"051425!17","job":{"id":"051425!17","profile":"LU.S.4","res":4,"subtime":2.231826,"walltime":4200}}}]}'
Sending '{"now":2.239632,"events":[{"timestamp":2.239632,"type":"EXECUTE_JOB","data":{"job_id":"051425!17","alloc":"52-55"}}]}'
Received '{"now":2.270846,"events":[{"timestamp":2.247430,"type":"JOB_SUBMITTED","data":{"job_id":"051425!18","job":{"id":"051425!18","profile":"LU.S.4","res":4,"subtime":2.236197,"walltime":4200}}},{"timestamp":2.263040,"type":"JOB_SUBMITTED","data":{"job_id":"051425!19","job":{"id":"051425!19","profile":"FT.S.4","res":4,"subtime":2.238657,"walltime":4200}}}]}'
Sending '{"now":2.270846,"events":[{"timestamp":2.270846,"type":"EXECUTE_JOB","data":{"job_id":"051425!18","alloc":"56-59"}},{"timestamp":2.270846,"type":"EXECUTE_JOB","data":{"job_id":"051425!19","alloc":"60-63"}}]}'
Received '{"now":2.322143,"events":[{"timestamp":2.322143,"type":"JOB_SUBMITTED","data":{"job_id":"051425!20","job":{"id":"051425!20","profile":"SP.S.16","res":16,"subtime":2.314341,"walltime":4200}}}]}'
Sending '{"now":2.322143,"events":[]}'
Received '{"now":2.347400,"events":[{"timestamp":2.347400,"type":"JOB_SUBMITTED","data":{"job_id":"051425!21","job":{"id":"051425!21","profile":"MG.S.16","res":16,"subtime":2.339594,"walltime":4200}}}]}'
Sending '{"now":2.3474,"events":[]}'
Received '{"now":2.378357,"events":[{"timestamp":2.378357,"type":"JOB_COMPLETED","data":{"job_id":"051425!14","job_state":"COMPLETED_SUCCESSFULLY","return_code":0,"kill_reason":"","alloc":"48-51"}}]}'
Sending '{"now":2.378357,"events":[]}'
Received '{"now":2.393967,"events":[{"timestamp":2.386161,"type":"JOB_SUBMITTED","data":{"job_id":"051425!22","job":{"id":"051425!22","profile":"BT.S.4","res":4,"subtime":2.369041,"walltime":4200}}}]}'
Sending '{"now":2.393967,"events":[{"timestamp":2.393967,"type":"EXECUTE_JOB","data":{"job_id":"051425!22","alloc":"48-51"}}]}'
Received '{"now":2.424643,"events":[{"timestamp":2.424643,"type":"JOB_SUBMITTED","data":{"job_id":"051425!23","job":{"id":"051425!23","profile":"LU.S.16","res":16,"subtime":2.416846,"walltime":4200}}}]}'
Sending '{"now":2.424643,"events":[]}'
Received '{"now":2.440255,"events":[{"timestamp":2.432449,"type":"JOB_SUBMITTED","data":{"job_id":"051425!24","job":{"id":"051425!24","profile":"LU.S.16","res":16,"subtime":2.419831,"walltime":4200}}}]}'
Sending '{"now":2.440255,"events":[]}'
Received '{"now":2.461722,"events":[{"timestamp":2.461722,"type":"JOB_COMPLETED","data":{"job_id":"051425!19","job_state":"COMPLETED_SUCCESSFULLY","return_code":0,"kill_reason":"","alloc":"60-63"}}]}'
Sending '{"now":2.461722,"events":[]}'
Received '{"now":2.722873,"events":[{"timestamp":2.722873,"type":"JOB_SUBMITTED","data":{"job_id":"051425!25","job":{"id":"051425!25","profile":"FT.S.16","res":16,"subtime":2.715070,"walltime":4200}}}]}'
Sending '{"now":2.722873,"events":[]}'
Received '{"now":2.825482,"events":[{"timestamp":2.825482,"type":"JOB_SUBMITTED","data":{"job_id":"051425!26","job":{"id":"051425!26","profile":"MG.S.16","res":16,"subtime":2.817685,"walltime":4200}}}]}'
Sending '{"now":2.825482,"events":[]}'
Received '{"now":3.032661,"events":[{"timestamp":3.032661,"type":"JOB_SUBMITTED","data":{"job_id":"051425!27","job":{"id":"051425!27","profile":"SP.S.4","res":4,"subtime":3.024855,"walltime":4200}}}]}'
Sending '{"now":3.032661,"events":[{"timestamp":3.032661,"type":"EXECUTE_JOB","data":{"job_id":"051425!27","alloc":"60-63"}}]}'
Received '{"now":3.063341,"events":[{"timestamp":3.063341,"type":"JOB_COMPLETED","data":{"job_id":"051425!22","job_state":"COMPLETED_SUCCESSFULLY","return_code":0,"kill_reason":"","alloc":"48-51"}}]}'
Sending '{"now":3.063341,"events":[]}'
Received '{"now":3.236023,"events":[{"timestamp":3.236023,"type":"JOB_SUBMITTED","data":{"job_id":"051425!28","job":{"id":"051425!28","profile":"FT.S.16","res":16,"subtime":3.228217,"walltime":4200}}}]}'
Sending '{"now":3.236023,"events":[]}'
Received '{"now":3.322955,"events":[{"timestamp":3.322955,"type":"JOB_SUBMITTED","data":{"job_id":"051425!29","job":{"id":"051425!29","profile":"LU.S.4","res":4,"subtime":3.315158,"walltime":4200}}}]}'
Sending '{"now":3.322955,"events":[{"timestamp":3.322955,"type":"EXECUTE_JOB","data":{"job_id":"051425!29","alloc":"48-51"}}]}'
Received '{"now":3.352226,"events":[{"timestamp":3.336615,"type":"JOB_COMPLETED","data":{"job_id":"051425!3","job_state":"COMPLETED_SUCCESSFULLY","return_code":0,"kill_reason":"","alloc":"32-47"}}]}'
Sending '{"now":3.352226,"events":[{"timestamp":3.352226,"type":"EXECUTE_JOB","data":{"job_id":"051425!6","alloc":"32-47"}}]}'
Received '{"now":3.431162,"events":[{"timestamp":3.431162,"type":"JOB_SUBMITTED","data":{"job_id":"051425!30","job":{"id":"051425!30","profile":"CG.S.4","res":4,"subtime":3.423356,"walltime":4200}}}]}'
Sending '{"now":3.431162,"events":[]}'
Received '{"now":3.452219,"events":[{"timestamp":3.452219,"type":"JOB_SUBMITTED","data":{"job_id":"051425!31","job":{"id":"051425!31","profile":"BT.S.4","res":4,"subtime":3.444413,"walltime":4200}}}]}'
Sending '{"now":3.452219,"events":[]}'
Received '{"now":3.467831,"events":[{"timestamp":3.460025,"type":"JOB_SUBMITTED","data":{"job_id":"051425!32","job":{"id":"051425!32","profile":"FT.S.16","res":16,"subtime":3.449827,"walltime":4200}}}]}'
Sending '{"now":3.467831,"events":[]}'
Received '{"now":3.576037,"events":[{"timestamp":3.576037,"type":"JOB_SUBMITTED","data":{"job_id":"051425!33","job":{"id":"051425!33","profile":"CG.S.16","res":16,"subtime":3.568231,"walltime":4200}}}]}'
Sending '{"now":3.576037,"events":[]}'
Received '{"now":3.867849,"events":[{"timestamp":3.867849,"type":"JOB_SUBMITTED","data":{"job_id":"051425!34","job":{"id":"051425!34","profile":"FT.S.4","res":4,"subtime":3.860053,"walltime":4200}}}]}'
Sending '{"now":3.867849,"events":[]}'
Received '{"now":4.001501,"events":[{"timestamp":4.001501,"type":"JOB_SUBMITTED","data":{"job_id":"051425!35","job":{"id":"051425!35","profile":"LU.S.16","res":16,"subtime":3.993696,"walltime":4200}}}]}'
Sending '{"now":4.001501,"events":[]}'
Received '{"now":4.069754,"events":[{"timestamp":4.069754,"type":"JOB_SUBMITTED","data":{"job_id":"051425!36","job":{"id":"051425!36","profile":"MG.S.4","res":4,"subtime":4.061948,"walltime":4200}}}]}'
Sending '{"now":4.069754,"events":[]}'
Received '{"now":4.116552,"events":[{"timestamp":4.116552,"type":"JOB_SUBMITTED","data":{"job_id":"051425!37","job":{"id":"051425!37","profile":"IS.S.4","res":4,"subtime":4.108747,"walltime":4200}}}]}'
Sending '{"now":4.116552,"events":[]}'
Received '{"now":4.132158,"events":[{"timestamp":4.124358,"type":"JOB_SUBMITTED","data":{"job_id":"051425!38","job":{"id":"051425!38","profile":"LU.S.16","res":16,"subtime":4.111149,"walltime":4200}}}]}'
Sending '{"now":4.132158,"events":[]}'
Received '{"now":4.235075,"events":[{"timestamp":4.235075,"type":"JOB_SUBMITTED","data":{"job_id":"051425!39","job":{"id":"051425!39","profile":"MG.S.16","res":16,"subtime":4.227278,"walltime":4200}}}]}'
Sending '{"now":4.235075,"events":[]}'
Received '{"now":4.306697,"events":[{"timestamp":4.306697,"type":"JOB_COMPLETED","data":{"job_id":"051425!27","job_state":"COMPLETED_SUCCESSFULLY","return_code":0,"kill_reason":"","alloc":"60-63"}}]}'
Sending '{"now":4.306697,"events":[{"timestamp":4.306697,"type":"EXECUTE_JOB","data":{"job_id":"051425!30","alloc":"60-63"}}]}'
Received '{"now":4.371392,"events":[{"timestamp":4.371392,"type":"JOB_COMPLETED","data":{"job_id":"051425!5","job_state":"COMPLETED_SUCCESSFULLY","return_code":0,"kill_reason":"","alloc":"16-31"}}]}'
Sending '{"now":4.371392,"events":[{"timestamp":4.371392,"type":"EXECUTE_JOB","data":{"job_id":"051425!7","alloc":"16-31"}}]}'
Received '{"now":4.512542,"events":[{"timestamp":4.512542,"type":"JOB_SUBMITTED","data":{"job_id":"051425!40","job":{"id":"051425!40","profile":"FT.S.4","res":4,"subtime":4.504737,"walltime":4200}}}]}'
Sending '{"now":4.512542,"events":[]}'
Received '{"now":4.620101,"events":[{"timestamp":4.620101,"type":"JOB_SUBMITTED","data":{"job_id":"051425!41","job":{"id":"051425!41","profile":"CG.S.4","res":4,"subtime":4.612302,"walltime":4200}}}]}'
Sending '{"now":4.620101,"events":[]}'
Received '{"now":4.649137,"events":[{"timestamp":4.649137,"type":"JOB_SUBMITTED","data":{"job_id":"051425!42","job":{"id":"051425!42","profile":"BT.S.4","res":4,"subtime":4.641331,"walltime":4200}}}]}'
Sending '{"now":4.649137,"events":[]}'
Received '{"now":4.670603,"events":[{"timestamp":4.662797,"type":"JOB_COMPLETED","data":{"job_id":"051425!17","job_state":"COMPLETED_SUCCESSFULLY","return_code":0,"kill_reason":"","alloc":"52-55"}}]}'
Sending '{"now":4.670603,"events":[{"timestamp":4.670603,"type":"EXECUTE_JOB","data":{"job_id":"051425!31","alloc":"52-55"}}]}'
Received '{"now":4.699869,"events":[{"timestamp":4.692063,"type":"JOB_COMPLETED","data":{"job_id":"051425!18","job_state":"COMPLETED_SUCCESSFULLY","return_code":0,"kill_reason":"","alloc":"56-59"}}]}'
Sending '{"now":4.699869,"events":[{"timestamp":4.699869,"type":"EXECUTE_JOB","data":{"job_id":"051425!34","alloc":"56-59"}}]}'
Received '{"now":4.791248,"events":[{"timestamp":4.791248,"type":"JOB_SUBMITTED","data":{"job_id":"051425!43","job":{"id":"051425!43","profile":"IS.S.16","res":16,"subtime":4.783449,"walltime":4200}}}]}'
Sending '{"now":4.791248,"events":[]}'
Received '{"now":4.827370,"events":[{"timestamp":4.827370,"type":"JOB_SUBMITTED","data":{"job_id":"051425!44","job":{"id":"051425!44","profile":"FT.S.4","res":4,"subtime":4.819566,"walltime":4200}}}]}'
Sending '{"now":4.82737,"events":[]}'
Received '{"now":4.878961,"events":[{"timestamp":4.878961,"type":"JOB_COMPLETED","data":{"job_id":"051425!34","job_state":"COMPLETED_SUCCESSFULLY","return_code":0,"kill_reason":"","alloc":"56-59"}}]}'
Sending '{"now":4.878961,"events":[{"timestamp":4.878961,"type":"EXECUTE_JOB","data":{"job_id":"051425!36","alloc":"56-59"}}]}'
Received '{"now":4.910102,"events":[{"timestamp":4.910102,"type":"JOB_SUBMITTED","data":{"job_id":"051425!45","job":{"id":"051425!45","profile":"CG.S.4","res":4,"subtime":4.902302,"walltime":4200}}}]}'
Sending '{"now":4.910102,"events":[]}'
Received '{"now":4.996370,"events":[{"timestamp":4.996370,"type":"JOB_SUBMITTED","data":{"job_id":"051425!46","job":{"id":"051425!46","profile":"IS.S.16","res":16,"subtime":4.988567,"walltime":4200}}}]}'
Sending '{"now":4.99637,"events":[]}'
Received '{"now":5.250756,"events":[{"timestamp":5.250756,"type":"JOB_SUBMITTED","data":{"job_id":"051425!47","job":{"id":"051425!47","profile":"MG.S.16","res":16,"subtime":5.242958,"walltime":4200}}}]}'
Sending '{"now":5.250756,"events":[]}'
Received '{"now":5.340409,"events":[{"timestamp":5.340409,"type":"JOB_COMPLETED","data":{"job_id":"051425!31","job_state":"COMPLETED_SUCCESSFULLY","return_code":0,"kill_reason":"","alloc":"52-55"}}]}'
Sending '{"now":5.340409,"events":[{"timestamp":5.340409,"type":"EXECUTE_JOB","data":{"job_id":"051425!37","alloc":"52-55"}}]}'
Received '{"now":5.427979,"events":[{"timestamp":5.427979,"type":"JOB_COMPLETED","data":{"job_id":"051425!30","job_state":"COMPLETED_SUCCESSFULLY","return_code":0,"kill_reason":"","alloc":"60-63"}}]}'
Sending '{"now":5.427979,"events":[{"timestamp":5.427979,"type":"EXECUTE_JOB","data":{"job_id":"051425!40","alloc":"60-63"}}]}'
Received '{"now":5.457249,"events":[{"timestamp":5.441639,"type":"JOB_COMPLETED","data":{"job_id":"051425!36","job_state":"COMPLETED_SUCCESSFULLY","return_code":0,"kill_reason":"","alloc":"56-59"}}]}'
Sending '{"now":5.457249,"events":[{"timestamp":5.457249,"type":"EXECUTE_JOB","data":{"job_id":"051425!41","alloc":"56-59"}}]}'
Received '{"now":5.494324,"events":[{"timestamp":5.470906,"type":"JOB_COMPLETED","data":{"job_id":"051425!37","job_state":"COMPLETED_SUCCESSFULLY","return_code":0,"kill_reason":"","alloc":"52-55"}},{"timestamp":5.478712,"type":"JOB_SUBMITTED","data":{"job_id":"051425!48","job":{"id":"051425!48","profile":"CG.S.4","res":4,"subtime":5.455670,"walltime":4200}}}]}'
Sending '{"now":5.494324,"events":[{"timestamp":5.494324,"type":"EXECUTE_JOB","data":{"job_id":"051425!42","alloc":"52-55"}}]}'
Received '{"now":5.620756,"events":[{"timestamp":5.620756,"type":"JOB_COMPLETED","data":{"job_id":"051425!40","job_state":"COMPLETED_SUCCESSFULLY","return_code":0,"kill_reason":"","alloc":"60-63"}}]}'
Sending '{"now":5.620756,"events":[{"timestamp":5.620756,"type":"EXECUTE_JOB","data":{"job_id":"051425!44","alloc":"60-63"}}]}'
Received '{"now":5.751997,"events":[{"timestamp":5.751997,"type":"JOB_COMPLETED","data":{"job_id":"051425!29","job_state":"COMPLETED_SUCCESSFULLY","return_code":0,"kill_reason":"","alloc":"48-51"}}]}'
Sending '{"now":5.751997,"events":[{"timestamp":5.751997,"type":"EXECUTE_JOB","data":{"job_id":"051425!45","alloc":"48-51"}}]}'
Received '{"now":5.799833,"events":[{"timestamp":5.799833,"type":"JOB_COMPLETED","data":{"job_id":"051425!44","job_state":"COMPLETED_SUCCESSFULLY","return_code":0,"kill_reason":"","alloc":"60-63"}}]}'
Sending '{"now":5.799833,"events":[{"timestamp":5.799833,"type":"EXECUTE_JOB","data":{"job_id":"051425!48","alloc":"60-63"}}]}'
Received '{"now":5.876337,"events":[{"timestamp":5.876337,"type":"JOB_COMPLETED","data":{"job_id":"051425!1","job_state":"COMPLETED_SUCCESSFULLY","return_code":0,"kill_reason":"","alloc":"0-15"}}]}'
Sending '{"now":5.876337,"events":[{"timestamp":5.876337,"type":"EXECUTE_JOB","data":{"job_id":"051425!9","alloc":"0-15"}}]}'
Received '{"now":5.899756,"events":[{"timestamp":5.891959,"type":"JOB_SUBMITTED","data":{"job_id":"051425!49","job":{"id":"051425!49","profile":"CG.S.16","res":16,"subtime":5.878878,"walltime":4200}}}]}'
Sending '{"now":5.899756,"events":[]}'
Received '{"now":5.968747,"events":[{"timestamp":5.968747,"type":"JOB_SUBMITTED","data":{"job_id":"051425!50","job":{"id":"051425!50","profile":"LU.S.16","res":16,"subtime":5.960941,"walltime":4200}}}]}'
Sending '{"now":5.968747,"events":[]}'
Received '{"now":6.164438,"events":[{"timestamp":6.164438,"type":"JOB_COMPLETED","data":{"job_id":"051425!42","job_state":"COMPLETED_SUCCESSFULLY","return_code":0,"kill_reason":"","alloc":"52-55"}}]}'
Sending '{"now":6.164438,"events":[]}'
Received '{"now":6.238019,"events":[{"timestamp":6.238019,"type":"JOB_SUBMITTED","data":{"job_id":"051425!51","job":{"id":"051425!51","profile":"LU.S.16","res":16,"subtime":6.230213,"walltime":4200}}}]}'
Sending '{"now":6.238019,"events":[]}'
Received '{"now":6.277556,"events":[{"timestamp":6.277556,"type":"JOB_SUBMITTED","data":{"job_id":"051425!52","job":{"id":"051425!52","profile":"SP.S.16","res":16,"subtime":6.269750,"walltime":4200}}}]}'
Sending '{"now":6.277556,"events":[]}'
Received '{"now":6.574220,"events":[{"timestamp":6.574220,"type":"JOB_SUBMITTED","data":{"job_id":"051425!53","job":{"id":"051425!53","profile":"SP.S.16","res":16,"subtime":6.566418,"walltime":4200}}}]}'
Sending '{"now":6.57422,"events":[]}'
Received '{"now":6.600465,"events":[{"timestamp":6.600465,"type":"JOB_COMPLETED","data":{"job_id":"051425!41","job_state":"COMPLETED_SUCCESSFULLY","return_code":0,"kill_reason":"","alloc":"56-59"}}]}'
Sending '{"now":6.600465,"events":[]}'
Received '{"now":6.873920,"events":[{"timestamp":6.873920,"type":"JOB_COMPLETED","data":{"job_id":"051425!45","job_state":"COMPLETED_SUCCESSFULLY","return_code":0,"kill_reason":"","alloc":"48-51"}}]}'
Sending '{"now":6.87392,"events":[]}'
Received '{"now":6.889532,"events":[{"timestamp":6.881726,"type":"JOB_SUBMITTED","data":{"job_id":"051425!54","job":{"id":"051425!54","profile":"SP.S.4","res":4,"subtime":6.872250,"walltime":4200}}}]}'
Sending '{"now":6.889532,"events":[{"timestamp":6.889532,"type":"EXECUTE_JOB","data":{"job_id":"051425!54","alloc":"48-51"}}]}'
Received '{"now":6.921823,"events":[{"timestamp":6.921823,"type":"JOB_COMPLETED","data":{"job_id":"051425!48","job_state":"COMPLETED_SUCCESSFULLY","return_code":0,"kill_reason":"","alloc":"60-63"}}]}'
Sending '{"now":6.921823,"events":[]}'
Received '{"now":6.943289,"events":[{"timestamp":6.935483,"type":"JOB_COMPLETED","data":{"job_id":"051425!6","job_state":"COMPLETED_SUCCESSFULLY","return_code":0,"kill_reason":"","alloc":"32-47"}}]}'
Sending '{"now":6.943289,"events":[{"timestamp":6.943289,"type":"EXECUTE_JOB","data":{"job_id":"051425!10","alloc":"32-47"}}]}'
Received '{"now":7.050337,"events":[{"timestamp":7.050337,"type":"JOB_SUBMITTED","data":{"job_id":"051425!55","job":{"id":"051425!55","profile":"BT.S.4","res":4,"subtime":7.042531,"walltime":4200}}}]}'
Sending '{"now":7.050337,"events":[{"timestamp":7.050337,"type":"EXECUTE_JOB","data":{"job_id":"051425!55","alloc":"52-55"}}]}'
Received '{"now":7.128590,"events":[{"timestamp":7.128590,"type":"JOB_COMPLETED","data":{"job_id":"051425!10","job_state":"COMPLETED_SUCCESSFULLY","return_code":0,"kill_reason":"","alloc":"32-47"}}]}'
Sending '{"now":7.12859,"events":[{"timestamp":7.12859,"type":"EXECUTE_JOB","data":{"job_id":"051425!11","alloc":"32-47"}}]}'
Received '{"now":7.411167,"events":[{"timestamp":7.411167,"type":"JOB_SUBMITTED","data":{"job_id":"051425!56","job":{"id":"051425!56","profile":"SP.S.4","res":4,"subtime":7.403363,"walltime":4200}}}]}'
Sending '{"now":7.411167,"events":[{"timestamp":7.411167,"type":"EXECUTE_JOB","data":{"job_id":"051425!56","alloc":"56-59"}}]}'
Received '{"now":7.439018,"events":[{"timestamp":7.439018,"type":"JOB_SUBMITTED","data":{"job_id":"051425!57","job":{"id":"051425!57","profile":"BT.S.4","res":4,"subtime":7.431212,"walltime":4200}}}]}'
Sending '{"now":7.439018,"events":[{"timestamp":7.439018,"type":"EXECUTE_JOB","data":{"job_id":"051425!57","alloc":"60-63"}}]}'
Received '{"now":7.498073,"events":[{"timestamp":7.498073,"type":"JOB_SUBMITTED","data":{"job_id":"051425!58","job":{"id":"051425!58","profile":"MG.S.16","res":16,"subtime":7.490267,"walltime":4200}}}]}'
Sending '{"now":7.498073,"events":[]}'
Received '{"now":7.600757,"events":[{"timestamp":7.600757,"type":"JOB_SUBMITTED","data":{"job_id":"051425!59","job":{"id":"051425!59","profile":"LU.S.16","res":16,"subtime":7.592951,"walltime":4200}}}]}'
Sending '{"now":7.600757,"events":[]}'
Received '{"now":7.720188,"events":[{"timestamp":7.720188,"type":"JOB_COMPLETED","data":{"job_id":"051425!55","job_state":"COMPLETED_SUCCESSFULLY","return_code":0,"kill_reason":"","alloc":"52-55"}}]}'
Sending '{"now":7.720188,"events":[]}'
Received '{"now":7.776174,"events":[{"timestamp":7.776174,"type":"JOB_SUBMITTED","data":{"job_id":"051425!60","job":{"id":"051425!60","profile":"IS.S.4","res":4,"subtime":7.768368,"walltime":4200}}}]}'
Sending '{"now":7.776174,"events":[{"timestamp":7.776174,"type":"EXECUTE_JOB","data":{"job_id":"051425!60","alloc":"52-55"}}]}'
Received '{"now":7.883432,"events":[{"timestamp":7.883432,"type":"JOB_SUBMITTED","data":{"job_id":"051425!61","job":{"id":"051425!61","profile":"FT.S.16","res":16,"subtime":7.875626,"walltime":4200}}}]}'
Sending '{"now":7.883432,"events":[]}'
Received '{"now":7.904903,"events":[{"timestamp":7.904903,"type":"JOB_COMPLETED","data":{"job_id":"051425!60","job_state":"COMPLETED_SUCCESSFULLY","return_code":0,"kill_reason":"","alloc":"52-55"}}]}'
Sending '{"now":7.904903,"events":[]}'
Received '{"now":7.952897,"events":[{"timestamp":7.952897,"type":"JOB_COMPLETED","data":{"job_id":"051425!7","job_state":"COMPLETED_SUCCESSFULLY","return_code":0,"kill_reason":"","alloc":"16-31"}}]}'
Sending '{"now":7.952897,"events":[{"timestamp":7.952897,"type":"EXECUTE_JOB","data":{"job_id":"051425!12","alloc":"16-31"}}]}'
Received '{"now":7.997636,"events":[{"timestamp":7.997636,"type":"JOB_SUBMITTED","data":{"job_id":"051425!62","job":{"id":"051425!62","profile":"IS.S.16","res":16,"subtime":7.989830,"walltime":4200}}}]}'
Sending '{"now":7.997636,"events":[]}'
Received '{"now":8.013248,"events":[{"timestamp":8.005442,"type":"JOB_SUBMITTED","data":{"job_id":"051425!63","job":{"id":"051425!63","profile":"CG.S.16","res":16,"subtime":7.993415,"walltime":4200}}}]}'
Sending '{"now":8.013248,"events":[]}'
Received '{"now":8.061885,"events":[{"timestamp":8.061885,"type":"JOB_SUBMITTED","data":{"job_id":"051425!64","job":{"id":"051425!64","profile":"LU.S.16","res":16,"subtime":8.054079,"walltime":4200}}}]}'
Sending '{"now":8.061885,"events":[]}'
Received '{"now":8.103383,"events":[{"timestamp":8.103383,"type":"JOB_COMPLETED","data":{"job_id":"051425!54","job_state":"COMPLETED_SUCCESSFULLY","return_code":0,"kill_reason":"","alloc":"48-51"}}]}'
Sending '{"now":8.103383,"events":[]}'
Received '{"now":8.124849,"events":[{"timestamp":8.117043,"type":"JOB_COMPLETED","data":{"job_id":"051425!57","job_state":"COMPLETED_SUCCESSFULLY","return_code":0,"kill_reason":"","alloc":"60-63"}}]}'
Sending '{"now":8.124849,"events":[]}'
Received '{"now":8.256165,"events":[{"timestamp":8.256165,"type":"JOB_SUBMITTED","data":{"job_id":"051425!65","job":{"id":"051425!65","profile":"MG.S.16","res":16,"subtime":8.248359,"walltime":4200}}}]}'
Sending '{"now":8.256165,"events":[]}'
Received '{"now":8.410640,"events":[{"timestamp":8.410640,"type":"JOB_SUBMITTED","data":{"job_id":"051425!66","job":{"id":"051425!66","profile":"SP.S.16","res":16,"subtime":8.402834,"walltime":4200}}}]}'
Sending '{"now":8.41064,"events":[]}'
Received '{"now":8.465030,"events":[{"timestamp":8.465030,"type":"JOB_SUBMITTED","data":{"job_id":"051425!67","job":{"id":"051425!67","profile":"CG.S.16","res":16,"subtime":8.457232,"walltime":4200}}}]}'
Sending '{"now":8.46503,"events":[]}'
Received '{"now":8.626207,"events":[{"timestamp":8.626207,"type":"JOB_COMPLETED","data":{"job_id":"051425!56","job_state":"COMPLETED_SUCCESSFULLY","return_code":0,"kill_reason":"","alloc":"56-59"}}]}'
Sending '{"now":8.626207,"events":[{"timestamp":8.626207,"type":"EXECUTE_JOB","data":{"job_id":"051425!13","alloc":"48-63"}}]}'
Received '{"now":8.649625,"events":[{"timestamp":8.641819,"type":"JOB_SUBMITTED","data":{"job_id":"051425!68","job":{"id":"051425!68","profile":"MG.S.16","res":16,"subtime":8.627382,"walltime":4200}}}]}'
Sending '{"now":8.649625,"events":[]}'
Received '{"now":8.946839,"events":[{"timestamp":8.946839,"type":"JOB_SUBMITTED","data":{"job_id":"051425!69","job":{"id":"051425!69","profile":"IS.S.16","res":16,"subtime":8.939037,"walltime":4200}}}]}'
Sending '{"now":8.946839,"events":[]}'
Received '{"now":9.044528,"events":[{"timestamp":9.044528,"type":"JOB_COMPLETED","data":{"job_id":"051425!9","job_state":"COMPLETED_SUCCESSFULLY","return_code":0,"kill_reason":"","alloc":"0-15"}}]}'
Sending '{"now":9.044528,"events":[{"timestamp":9.044528,"type":"EXECUTE_JOB","data":{"job_id":"051425!15","alloc":"0-15"}}]}'
Received '{"now":9.158388,"events":[{"timestamp":9.158388,"type":"JOB_SUBMITTED","data":{"job_id":"051425!70","job":{"id":"051425!70","profile":"IS.S.4","res":4,"subtime":9.150582,"walltime":4200}}}]}'
Sending '{"now":9.158388,"events":[]}'
Received '{"now":9.367606,"events":[{"timestamp":9.367606,"type":"JOB_COMPLETED","data":{"job_id":"051425!15","job_state":"COMPLETED_SUCCESSFULLY","return_code":0,"kill_reason":"","alloc":"0-15"}}]}'
Sending '{"now":9.367606,"events":[{"timestamp":9.367606,"type":"EXECUTE_JOB","data":{"job_id":"051425!20","alloc":"0-15"}}]}'
Received '{"now":9.474868,"events":[{"timestamp":9.474868,"type":"JOB_SUBMITTED","data":{"job_id":"051425!71","job":{"id":"051425!71","profile":"MG.S.4","res":4,"subtime":9.467062,"walltime":4200}}}]}'
Sending '{"now":9.474868,"events":[]}'
Received '{"now":9.588444,"events":[{"timestamp":9.588444,"type":"JOB_SUBMITTED","data":{"job_id":"051425!72","job":{"id":"051425!72","profile":"SP.S.16","res":16,"subtime":9.580638,"walltime":4200}}}]}'
Sending '{"now":9.588444,"events":[]}'
Received '{"now":9.604048,"events":[{"timestamp":9.596250,"type":"JOB_SUBMITTED","data":{"job_id":"051425!73","job":{"id":"051425!73","profile":"SP.S.16","res":16,"subtime":9.582596,"walltime":4200}}}]}'
Sending '{"now":9.604048,"events":[]}'
Received '{"now":9.652827,"events":[{"timestamp":9.652827,"type":"JOB_SUBMITTED","data":{"job_id":"051425!74","job":{"id":"051425!74","profile":"IS.S.16","res":16,"subtime":9.645021,"walltime":4200}}}]}'
Sending '{"now":9.652827,"events":[]}'
Received '{"now":9.797198,"events":[{"timestamp":9.797198,"type":"JOB_SUBMITTED","data":{"job_id":"051425!75","job":{"id":"051425!75","profile":"FT.S.16","res":16,"subtime":9.789398,"walltime":4200}}}]}'
Sending '{"now":9.797198,"events":[]}'
Received '{"now":9.931838,"events":[{"timestamp":9.931838,"type":"JOB_SUBMITTED","data":{"job_id":"051425!76","job":{"id":"051425!76","profile":"BT.S.4","res":4,"subtime":9.924037,"walltime":4200}}}]}'
Sending '{"now":9.931838,"events":[]}'
Received '{"now":9.947450,"events":[{"timestamp":9.947450,"type":"JOB_SUBMITTED","data":{"job_id":"051425!77","job":{"id":"051425!77","profile":"BT.S.4","res":4,"subtime":9.934311,"walltime":4200}}}]}'
Sending '{"now":9.94745,"events":[]}'
Received '{"now":10.127726,"events":[{"timestamp":10.127726,"type":"JOB_SUBMITTED","data":{"job_id":"051425!78","job":{"id":"051425!78","profile":"IS.S.4","res":4,"subtime":10.119930,"walltime":4200}}}]}'
Sending '{"now":10.127726,"events":[]}'
Received '{"now":10.247772,"events":[{"timestamp":10.247772,"type":"JOB_SUBMITTED","data":{"job_id":"051425!79","job":{"id":"051425!79","profile":"FT.S.16","res":16,"subtime":10.239974,"walltime":4200}}}]}'
Sending '{"now":10.247772,"events":[]}'
Received '{"now":10.296080,"events":[{"timestamp":10.296080,"type":"JOB_COMPLETED","data":{"job_id":"051425!11","job_state":"COMPLETED_SUCCESSFULLY","return_code":0,"kill_reason":"","alloc":"32-47"}}]}'
Sending '{"now":10.29608,"events":[{"timestamp":10.29608,"type":"EXECUTE_JOB","data":{"job_id":"051425!21","alloc":"32-47"}}]}'
Received '{"now":10.361528,"events":[{"timestamp":10.361528,"type":"JOB_SUBMITTED","data":{"job_id":"051425!80","job":{"id":"051425!80","profile":"MG.S.4","res":4,"subtime":10.353722,"walltime":4200}}}]}'
Sending '{"now":10.361528,"events":[]}'
Received '{"now":10.698781,"events":[{"timestamp":10.698781,"type":"JOB_SUBMITTED","data":{"job_id":"051425!81","job":{"id":"051425!81","profile":"SP.S.16","res":16,"subtime":10.690981,"walltime":4200}}}]}'
Sending '{"now":10.698781,"events":[]}'
Received '{"now":10.769457,"events":[{"timestamp":10.769457,"type":"JOB_SUBMITTED","data":{"job_id":"051425!82","job":{"id":"051425!82","profile":"SP.S.16","res":16,"subtime":10.761651,"walltime":4200}}}]}'
Sending '{"now":10.769457,"events":[]}'
Received '{"now":10.785073,"events":[{"timestamp":10.785073,"type":"JOB_SUBMITTED","data":{"job_id":"051425!83","job":{"id":"051425!83","profile":"CG.S.16","res":16,"subtime":10.772716,"walltime":4200}}}]}'
Sending '{"now":10.785073,"events":[]}'
Received '{"now":10.879634,"events":[{"timestamp":10.879634,"type":"JOB_SUBMITTED","data":{"job_id":"051425!84","job":{"id":"051425!84","profile":"MG.S.4","res":4,"subtime":10.871828,"walltime":4200}}}]}'
Sending '{"now":10.879634,"events":[]}'
Received '{"now":11.043375,"events":[{"timestamp":11.043375,"type":"JOB_SUBMITTED","data":{"job_id":"051425!85","job":{"id":"051425!85","profile":"CG.S.16","res":16,"subtime":11.035569,"walltime":4200}}}]}'
Sending '{"now":11.043375,"events":[]}'
Received '{"now":11.233318,"events":[{"timestamp":11.233318,"type":"JOB_SUBMITTED","data":{"job_id":"051425!86","job":{"id":"051425!86","profile":"FT.S.16","res":16,"subtime":11.225512,"walltime":4200}}}]}'
Sending '{"now":11.233318,"events":[]}'
Received '{"now":11.290660,"events":[{"timestamp":11.290660,"type":"JOB_SUBMITTED","data":{"job_id":"051425!87","job":{"id":"051425!87","profile":"SP.S.4","res":4,"subtime":11.282854,"walltime":4200}}}]}'
Sending '{"now":11.29066,"events":[]}'
Received '{"now":11.314589,"events":[{"timestamp":11.314589,"type":"JOB_SUBMITTED","data":{"job_id":"051425!88","job":{"id":"051425!88","profile":"SP.S.16","res":16,"subtime":11.306783,"walltime":4200}}}]}'
Sending '{"now":11.314589,"events":[]}'
Received '{"now":11.355282,"events":[{"timestamp":11.355282,"type":"JOB_COMPLETED","data":{"job_id":"051425!21","job_state":"COMPLETED_SUCCESSFULLY","return_code":0,"kill_reason":"","alloc":"32-47"}}]}'
Sending '{"now":11.355282,"events":[{"timestamp":11.355282,"type":"EXECUTE_JOB","data":{"job_id":"051425!23","alloc":"32-47"}}]}'
Received '{"now":11.475333,"events":[{"timestamp":11.475333,"type":"JOB_SUBMITTED","data":{"job_id":"051425!89","job":{"id":"051425!89","profile":"SP.S.4","res":4,"subtime":11.467527,"walltime":4200}}}]}'
Sending '{"now":11.475333,"events":[]}'
Received '{"now":11.534160,"events":[{"timestamp":11.534160,"type":"JOB_COMPLETED","data":{"job_id":"051425!12","job_state":"COMPLETED_SUCCESSFULLY","return_code":0,"kill_reason":"","alloc":"16-31"}}]}'
Sending '{"now":11.53416,"events":[{"timestamp":11.53416,"type":"EXECUTE_JOB","data":{"job_id":"051425!24","alloc":"16-31"}}]}'
Received '{"now":11.853534,"events":[{"timestamp":11.853534,"type":"JOB_SUBMITTED","data":{"job_id":"051425!90","job":{"id":"051425!90","profile":"IS.S.4","res":4,"subtime":11.845728,"walltime":4200}}}]}'
Sending '{"now":11.853534,"events":[]}'
Received '{"now":11.970143,"events":[{"timestamp":11.970143,"type":"JOB_SUBMITTED","data":{"job_id":"051425!91","job":{"id":"051425!91","profile":"CG.S.16","res":16,"subtime":11.962337,"walltime":4200}}}]}'
Sending '{"now":11.970143,"events":[]}'
Received '{"now":11.985755,"events":[{"timestamp":11.977949,"type":"JOB_SUBMITTED","data":{"job_id":"051425!92","job":{"id":"051425!92","profile":"BT.S.16","res":16,"subtime":11.969900,"walltime":4200}}}]}'
Sending '{"now":11.985755,"events":[]}'
Received '{"now":12.184483,"events":[{"timestamp":12.184483,"type":"JOB_SUBMITTED","data":{"job_id":"051425!93","job":{"id":"051425!93","profile":"BT.S.16","res":16,"subtime":12.176692,"walltime":4200}}}]}'
Sending '{"now":12.184483,"events":[]}'
Received '{"now":12.207492,"events":[{"timestamp":12.207492,"type":"JOB_COMPLETED","data":{"job_id":"051425!13","job_state":"COMPLETED_SUCCESSFULLY","return_code":0,"kill_reason":"","alloc":"48-63"}}]}'
Sending '{"now":12.207492,"events":[{"timestamp":12.207492,"type":"EXECUTE_JOB","data":{"job_id":"051425!25","alloc":"48-63"}}]}'
Received '{"now":12.299046,"events":[{"timestamp":12.299046,"type":"JOB_SUBMITTED","data":{"job_id":"051425!94","job":{"id":"051425!94","profile":"BT.S.4","res":4,"subtime":12.291240,"walltime":4200}}}]}'
Sending '{"now":12.299046,"events":[]}'
Received '{"now":12.530774,"events":[{"timestamp":12.530774,"type":"JOB_COMPLETED","data":{"job_id":"051425!25","job_state":"COMPLETED_SUCCESSFULLY","return_code":0,"kill_reason":"","alloc":"48-63"}}]}'
Sending '{"now":12.530774,"events":[{"timestamp":12.530774,"type":"EXECUTE_JOB","data":{"job_id":"051425!26","alloc":"48-63"}}]}'
Received '{"now":13.151272,"events":[{"timestamp":13.151272,"type":"JOB_SUBMITTED","data":{"job_id":"051425!95","job":{"id":"051425!95","profile":"SP.S.4","res":4,"subtime":13.143466,"walltime":4200}}}]}'
Sending '{"now":13.151272,"events":[]}'
Received '{"now":13.166884,"events":[{"timestamp":13.166884,"type":"JOB_SUBMITTED","data":{"job_id":"051425!96","job":{"id":"051425!96","profile":"CG.S.4","res":4,"subtime":13.154755,"walltime":4200}}}]}'
Sending '{"now":13.166884,"events":[]}'
Received '{"now":13.590084,"events":[{"timestamp":13.590084,"type":"JOB_COMPLETED","data":{"job_id":"051425!26","job_state":"COMPLETED_SUCCESSFULLY","return_code":0,"kill_reason":"","alloc":"48-63"}}]}'
Sending '{"now":13.590084,"events":[{"timestamp":13.590084,"type":"EXECUTE_JOB","data":{"job_id":"051425!28","alloc":"48-63"}}]}'
Received '{"now":13.913307,"events":[{"timestamp":13.913307,"type":"JOB_COMPLETED","data":{"job_id":"051425!28","job_state":"COMPLETED_SUCCESSFULLY","return_code":0,"kill_reason":"","alloc":"48-63"}}]}'
Sending '{"now":13.913307,"events":[{"timestamp":13.913307,"type":"EXECUTE_JOB","data":{"job_id":"051425!32","alloc":"48-63"}}]}'
Received '{"now":13.969513,"events":[{"timestamp":13.969513,"type":"JOB_SUBMITTED","data":{"job_id":"051425!97","job":{"id":"051425!97","profile":"BT.S.16","res":16,"subtime":13.961707,"walltime":4200}}}]}'
Sending '{"now":13.969513,"events":[]}'
Received '{"now":14.022691,"events":[{"timestamp":14.022691,"type":"JOB_SUBMITTED","data":{"job_id":"051425!98","job":{"id":"051425!98","profile":"MG.S.4","res":4,"subtime":14.014889,"walltime":4200}}}]}'
Sending '{"now":14.022691,"events":[]}'
Received '{"now":14.102334,"events":[{"timestamp":14.102334,"type":"JOB_SUBMITTED","data":{"job_id":"051425!99","job":{"id":"051425!99","profile":"SP.S.4","res":4,"subtime":14.094528,"walltime":4200}}}]}'
Sending '{"now":14.102334,"events":[]}'
Received '{"now":14.117937,"events":[{"timestamp":14.110140,"type":"JOB_SUBMITTED","data":{"job_id":"051425!100","job":{"id":"051425!100","profile":"LU.S.16","res":16,"subtime":14.097913,"walltime":4200}}}]}'
Sending '{"now":14.117937,"events":[]}'
Received '{"now":14.236274,"events":[{"timestamp":14.236274,"type":"JOB_COMPLETED","data":{"job_id":"051425!32","job_state":"COMPLETED_SUCCESSFULLY","return_code":0,"kill_reason":"","alloc":"48-63"}}]}'
Sending '{"now":14.236274,"events":[{"timestamp":14.236274,"type":"EXECUTE_JOB","data":{"job_id":"051425!33","alloc":"48-63"}}]}'
Received '{"now":14.259684,"events":[{"timestamp":14.244080,"type":"JOB_SUBMITTED","data":{"job_id":"051425!101","job":{"id":"051425!101","profile":"MG.S.16","res":16,"subtime":14.233435,"walltime":4200}}}]}'
Sending '{"now":14.259684,"events":[]}'
Received '{"now":14.345240,"events":[{"timestamp":14.345240,"type":"JOB_SUBMITTED","data":{"job_id":"051425!102","job":{"id":"051425!102","profile":"LU.S.16","res":16,"subtime":14.337436,"walltime":4200}}}]}'
Sending '{"now":14.34524,"events":[]}'
Received '{"now":14.404125,"events":[{"timestamp":14.404125,"type":"JOB_SUBMITTED","data":{"job_id":"051425!103","job":{"id":"051425!103","profile":"BT.S.16","res":16,"subtime":14.396319,"walltime":4200}}}]}'
Sending '{"now":14.404125,"events":[]}'
Received '{"now":14.500761,"events":[{"timestamp":14.500761,"type":"JOB_SUBMITTED","data":{"job_id":"051425!104","job":{"id":"051425!104","profile":"MG.S.4","res":4,"subtime":14.492965,"walltime":4200}}}]}'
Sending '{"now":14.500761,"events":[]}'
Received '{"now":14.650505,"events":[{"timestamp":14.650505,"type":"JOB_SUBMITTED","data":{"job_id":"051425!105","job":{"id":"051425!105","profile":"FT.S.4","res":4,"subtime":14.642708,"walltime":4200}}}]}'
Sending '{"now":14.650505,"events":[]}'
Received '{"now":14.992026,"events":[{"timestamp":14.992026,"type":"JOB_SUBMITTED","data":{"job_id":"051425!106","job":{"id":"051425!106","profile":"FT.S.4","res":4,"subtime":14.984220,"walltime":4200}}}]}'
Sending '{"now":14.992026,"events":[]}'
Received '{"now":15.037292,"events":[{"timestamp":15.037292,"type":"JOB_SUBMITTED","data":{"job_id":"051425!107","job":{"id":"051425!107","profile":"LU.S.16","res":16,"subtime":15.029492,"walltime":4200}}}]}'
Sending '{"now":15.037292,"events":[]}'
Received '{"now":15.052914,"events":[{"timestamp":15.052914,"type":"JOB_SUBMITTED","data":{"job_id":"051425!108","job":{"id":"051425!108","profile":"IS.S.16","res":16,"subtime":15.042386,"walltime":4200}}}]}'
Sending '{"now":15.052914,"events":[]}'
Received '{"now":15.092718,"events":[{"timestamp":15.092718,"type":"JOB_SUBMITTED","data":{"job_id":"051425!109","job":{"id":"051425!109","profile":"BT.S.4","res":4,"subtime":15.084912,"walltime":4200}}}]}'
Sending '{"now":15.092718,"events":[]}'
Received '{"now":15.184978,"events":[{"timestamp":15.184978,"type":"JOB_COMPLETED","data":{"job_id":"051425!20","job_state":"COMPLETED_SUCCESSFULLY","return_code":0,"kill_reason":"","alloc":"0-15"}}]}'
Sending '{"now":15.184978,"events":[{"timestamp":15.184978,"type":"EXECUTE_JOB","data":{"job_id":"051425!35","alloc":"0-15"}}]}'
Received '{"now":15.275773,"events":[{"timestamp":15.275773,"type":"JOB_SUBMITTED","data":{"job_id":"051425!110","job":{"id":"051425!110","profile":"BT.S.4","res":4,"subtime":15.267967,"walltime":4200}}}]}'
Sending '{"now":15.275773,"events":[]}'
Received '{"now":15.403903,"events":[{"timestamp":15.403903,"type":"JOB_SUBMITTED","data":{"job_id":"051425!111","job":{"id":"051425!111","profile":"FT.S.16","res":16,"subtime":15.396097,"walltime":4200}}}]}'
Sending '{"now":15.403903,"events":[]}'
Received '{"now":15.489284,"events":[{"timestamp":15.489284,"type":"JOB_SUBMITTED","data":{"job_id":"051425!112","job":{"id":"051425!112","profile":"MG.S.4","res":4,"subtime":15.481478,"walltime":4200}}}]}'
Sending '{"now":15.489284,"events":[]}'
Received '{"now":15.510157,"events":[{"timestamp":15.510157,"type":"JOB_SUBMITTED","data":{"job_id":"051425!113","job":{"id":"051425!113","profile":"IS.S.4","res":4,"subtime":15.502351,"walltime":4200}}}]}'
Sending '{"now":15.510157,"events":[]}'
Received '{"now":15.779154,"events":[{"timestamp":15.779154,"type":"JOB_SUBMITTED","data":{"job_id":"051425!114","job":{"id":"051425!114","profile":"SP.S.16","res":16,"subtime":15.771348,"walltime":4200}}}]}'
Sending '{"now":15.779154,"events":[]}'
Received '{"now":15.847928,"events":[{"timestamp":15.847928,"type":"JOB_SUBMITTED","data":{"job_id":"051425!115","job":{"id":"051425!115","profile":"LU.S.16","res":16,"subtime":15.840122,"walltime":4200}}}]}'
Sending '{"now":15.847928,"events":[]}'
Received '{"now":15.896026,"events":[{"timestamp":15.896026,"type":"JOB_SUBMITTED","data":{"job_id":"051425!116","job":{"id":"051425!116","profile":"CG.S.16","res":16,"subtime":15.888220,"walltime":4200}}}]}'
Sending '{"now":15.896026,"events":[]}'
Received '{"now":16.429416,"events":[{"timestamp":16.429416,"type":"JOB_SUBMITTED","data":{"job_id":"051425!117","job":{"id":"051425!117","profile":"IS.S.4","res":4,"subtime":16.421610,"walltime":4200}}}]}'
Sending '{"now":16.429416,"events":[]}'
Received '{"now":16.474274,"events":[{"timestamp":16.474274,"type":"JOB_SUBMITTED","data":{"job_id":"051425!118","job":{"id":"051425!118","profile":"CG.S.4","res":4,"subtime":16.466468,"walltime":4200}}}]}'
Sending '{"now":16.474274,"events":[]}'
Received '{"now":16.638533,"events":[{"timestamp":16.638533,"type":"JOB_SUBMITTED","data":{"job_id":"051425!119","job":{"id":"051425!119","profile":"FT.S.4","res":4,"subtime":16.630727,"walltime":4200}}}]}'
Sending '{"now":16.638533,"events":[]}'
Received '{"now":16.655271,"events":[{"timestamp":16.655271,"type":"JOB_SUBMITTED","data":{"job_id":"051425!120","job":{"id":"051425!120","profile":"IS.S.16","res":16,"subtime":16.647465,"walltime":4200}}}]}'
Sending '{"now":16.655271,"events":[]}'
Received '{"now":17.313404,"events":[{"timestamp":17.313404,"type":"JOB_SUBMITTED","data":{"job_id":"051425!121","job":{"id":"051425!121","profile":"FT.S.16","res":16,"subtime":17.305598,"walltime":4200}}}]}'
Sending '{"now":17.313404,"events":[]}'
Received '{"now":17.392994,"events":[{"timestamp":17.392994,"type":"JOB_SUBMITTED","data":{"job_id":"051425!122","job":{"id":"051425!122","profile":"MG.S.4","res":4,"subtime":17.385188,"walltime":4200}}}]}'
Sending '{"now":17.392994,"events":[]}'
Received '{"now":17.532753,"events":[{"timestamp":17.532753,"type":"JOB_COMPLETED","data":{"job_id":"051425!23","job_state":"COMPLETED_SUCCESSFULLY","return_code":0,"kill_reason":"","alloc":"32-47"}}]}'
Sending '{"now":17.532753,"events":[{"timestamp":17.532753,"type":"EXECUTE_JOB","data":{"job_id":"051425!38","alloc":"32-47"}}]}'
Received '{"now":17.605650,"events":[{"timestamp":17.605650,"type":"JOB_SUBMITTED","data":{"job_id":"051425!123","job":{"id":"051425!123","profile":"SP.S.16","res":16,"subtime":17.597844,"walltime":4200}}}]}'
Sending '{"now":17.60565,"events":[]}'
Received '{"now":17.711854,"events":[{"timestamp":17.711854,"type":"JOB_COMPLETED","data":{"job_id":"051425!24","job_state":"COMPLETED_SUCCESSFULLY","return_code":0,"kill_reason":"","alloc":"16-31"}}]}'
Sending '{"now":17.711854,"events":[{"timestamp":17.711854,"type":"EXECUTE_JOB","data":{"job_id":"051425!39","alloc":"16-31"}}]}'
Received '{"now":17.826742,"events":[{"timestamp":17.826742,"type":"JOB_COMPLETED","data":{"job_id":"051425!33","job_state":"COMPLETED_SUCCESSFULLY","return_code":0,"kill_reason":"","alloc":"48-63"}}]}'
Sending '{"now":17.826742,"events":[{"timestamp":17.826742,"type":"EXECUTE_JOB","data":{"job_id":"051425!43","alloc":"48-63"}}]}'
Received '{"now":17.891542,"events":[{"timestamp":17.891542,"type":"JOB_SUBMITTED","data":{"job_id":"051425!124","job":{"id":"051425!124","profile":"CG.S.16","res":16,"subtime":17.883736,"walltime":4200}}}]}'
Sending '{"now":17.891542,"events":[]}'
Received '{"now":18.012081,"events":[{"timestamp":18.012081,"type":"JOB_COMPLETED","data":{"job_id":"051425!43","job_state":"COMPLETED_SUCCESSFULLY","return_code":0,"kill_reason":"","alloc":"48-63"}}]}'
Sending '{"now":18.012081,"events":[{"timestamp":18.012081,"type":"EXECUTE_JOB","data":{"job_id":"051425!46","alloc":"48-63"}}]}'
Received '{"now":18.095139,"events":[{"timestamp":18.095139,"type":"JOB_SUBMITTED","data":{"job_id":"051425!125","job":{"id":"051425!125","profile":"CG.S.4","res":4,"subtime":18.087333,"walltime":4200}}}]}'
Sending '{"now":18.095139,"events":[]}'
Received '{"now":18.170853,"events":[{"timestamp":18.170853,"type":"JOB_SUBMITTED","data":{"job_id":"051425!126","job":{"id":"051425!126","profile":"FT.S.4","res":4,"subtime":18.163047,"walltime":4200}}}]}'
Sending '{"now":18.170853,"events":[]}'
Received '{"now":18.197419,"events":[{"timestamp":18.197419,"type":"JOB_COMPLETED","data":{"job_id":"051425!46","job_state":"COMPLETED_SUCCESSFULLY","return_code":0,"kill_reason":"","alloc":"48-63"}}]}'
Sending '{"now":18.197419,"events":[{"timestamp":18.197419,"type":"EXECUTE_JOB","data":{"job_id":"051425!47","alloc":"48-63"}}]}'
Received '{"now":18.400734,"events":[{"timestamp":18.400734,"type":"JOB_SUBMITTED","data":{"job_id":"051425!127","job":{"id":"051425!127","profile":"FT.S.4","res":4,"subtime":18.392928,"walltime":4200}}}]}'
Sending '{"now":18.400734,"events":[]}'
Received '{"now":18.416936,"events":[{"timestamp":18.416936,"type":"JOB_SUBMITTED","data":{"job_id":"051425!128","job":{"id":"051425!128","profile":"SP.S.4","res":4,"subtime":18.409130,"walltime":4200}}}]}'
Sending '{"now":18.416936,"events":[]}'
Received '{"now":18.432548,"events":[{"timestamp":18.424742,"type":"JOB_SUBMITTED","data":{"job_id":"051425!129","job":{"id":"051425!129","profile":"IS.S.4","res":4,"subtime":18.415382,"walltime":4200}}}]}'
Sending '{"now":18.432548,"events":[]}'
Received '{"now":18.561170,"events":[{"timestamp":18.561170,"type":"JOB_SUBMITTED","data":{"job_id":"051425!130","job":{"id":"051425!130","profile":"FT.S.4","res":4,"subtime":18.553364,"walltime":4200}}}]}'
Sending '{"now":18.56117,"events":[]}'
Received '{"now":18.604520,"events":[{"timestamp":18.604520,"type":"JOB_SUBMITTED","data":{"job_id":"051425!131","job":{"id":"051425!131","profile":"CG.S.16","res":16,"subtime":18.596714,"walltime":4200}}}]}'
Sending '{"now":18.60452,"events":[]}'
Received '{"now":18.621183,"events":[{"timestamp":18.621183,"type":"JOB_SUBMITTED","data":{"job_id":"051425!132","job":{"id":"051425!132","profile":"MG.S.4","res":4,"subtime":18.613377,"walltime":4200}}}]}'
Sending '{"now":18.621183,"events":[]}'
Received '{"now":18.757339,"events":[{"timestamp":18.757339,"type":"JOB_SUBMITTED","data":{"job_id":"051425!133","job":{"id":"051425!133","profile":"LU.S.16","res":16,"subtime":18.749533,"walltime":4200}}}]}'
Sending '{"now":18.757339,"events":[]}'
Received '{"now":18.778806,"events":[{"timestamp":18.778806,"type":"JOB_COMPLETED","data":{"job_id":"051425!39","job_state":"COMPLETED_SUCCESSFULLY","return_code":0,"kill_reason":"","alloc":"16-31"}}]}'
Sending '{"now":18.778806,"events":[{"timestamp":18.778806,"type":"EXECUTE_JOB","data":{"job_id":"051425!49","alloc":"16-31"}}]}'
Received '{"now":18.802224,"events":[{"timestamp":18.786612,"type":"JOB_SUBMITTED","data":{"job_id":"051425!134","job":{"id":"051425!134","profile":"CG.S.4","res":4,"subtime":18.764873,"walltime":4200}}}]}'
Sending '{"now":18.802224,"events":[]}'
Received '{"now":18.820116,"events":[{"timestamp":18.820116,"type":"JOB_SUBMITTED","data":{"job_id":"051425!135","job":{"id":"051425!135","profile":"BT.S.4","res":4,"subtime":18.812310,"walltime":4200}}}]}'
Sending '{"now":18.820116,"events":[]}'
Received '{"now":18.839302,"events":[{"timestamp":18.839302,"type":"JOB_SUBMITTED","data":{"job_id":"051425!136","job":{"id":"051425!136","profile":"MG.S.4","res":4,"subtime":18.831496,"walltime":4200}}}]}'
Sending '{"now":18.839302,"events":[]}'
Received '{"now":19.102845,"events":[{"timestamp":19.102845,"type":"JOB_SUBMITTED","data":{"job_id":"051425!137","job":{"id":"051425!137","profile":"MG.S.16","res":16,"subtime":19.095039,"walltime":4200}}}]}'
Sending '{"now":19.102845,"events":[]}'
Received '{"now":19.177307,"events":[{"timestamp":19.177307,"type":"JOB_SUBMITTED","data":{"job_id":"051425!138","job":{"id":"051425!138","profile":"LU.S.4","res":4,"subtime":19.169501,"walltime":4200}}}]}'
Sending '{"now":19.177307,"events":[]}'
Received '{"now":19.222180,"events":[{"timestamp":19.222180,"type":"JOB_SUBMITTED","data":{"job_id":"051425!139","job":{"id":"051425!139","profile":"MG.S.16","res":16,"subtime":19.214374,"walltime":4200}}}]}'
Sending '{"now":19.22218,"events":[]}'
Received '{"now":19.257096,"events":[{"timestamp":19.257096,"type":"JOB_COMPLETED","data":{"job_id":"051425!47","job_state":"COMPLETED_SUCCESSFULLY","return_code":0,"kill_reason":"","alloc":"48-63"}}]}'
Sending '{"now":19.257096,"events":[{"timestamp":19.257096,"type":"EXECUTE_JOB","data":{"job_id":"051425!50","alloc":"48-63"}}]}'
Received '{"now":19.280514,"events":[{"timestamp":19.264902,"type":"JOB_SUBMITTED","data":{"job_id":"051425!140","job":{"id":"051425!140","profile":"BT.S.16","res":16,"subtime":19.253233,"walltime":4200}}}]}'
Sending '{"now":19.280514,"events":[]}'
Received '{"now":19.323354,"events":[{"timestamp":19.323354,"type":"JOB_SUBMITTED","data":{"job_id":"051425!141","job":{"id":"051425!141","profile":"MG.S.16","res":16,"subtime":19.315548,"walltime":4200}}}]}'
Sending '{"now":19.323354,"events":[]}'
Received '{"now":19.352578,"events":[{"timestamp":19.352578,"type":"JOB_SUBMITTED","data":{"job_id":"051425!142","job":{"id":"051425!142","profile":"IS.S.16","res":16,"subtime":19.344772,"walltime":4200}}}]}'
Sending '{"now":19.352578,"events":[]}'
Received '{"now":19.655714,"events":[{"timestamp":19.655714,"type":"JOB_SUBMITTED","data":{"job_id":"051425!143","job":{"id":"051425!143","profile":"BT.S.4","res":4,"subtime":19.647908,"walltime":4200}}}]}'
Sending '{"now":19.655714,"events":[]}'
Received '{"now":19.671326,"events":[{"timestamp":19.671326,"type":"JOB_SUBMITTED","data":{"job_id":"051425!144","job":{"id":"051425!144","profile":"FT.S.16","res":16,"subtime":19.663214,"walltime":4200}}}]}'
Sending '{"now":19.671326,"events":[]}'
Received '{"now":19.791253,"events":[{"timestamp":19.791253,"type":"JOB_SUBMITTED","data":{"job_id":"051425!145","job":{"id":"051425!145","profile":"MG.S.4","res":4,"subtime":19.783447,"walltime":4200}}}]}'
Sending '{"now":19.791253,"events":[]}'
Received '{"now":20.145658,"events":[{"timestamp":20.145658,"type":"JOB_SUBMITTED","data":{"job_id":"051425!146","job":{"id":"051425!146","profile":"MG.S.4","res":4,"subtime":20.137852,"walltime":4200}}}]}'
Sending '{"now":20.145658,"events":[]}'
Received '{"now":20.162307,"events":[{"timestamp":20.162307,"type":"JOB_SUBMITTED","data":{"job_id":"051425!147","job":{"id":"051425!147","profile":"FT.S.16","res":16,"subtime":20.154501,"walltime":4200}}}]}'
Sending '{"now":20.162307,"events":[]}'
Received '{"now":20.337641,"events":[{"timestamp":20.337641,"type":"JOB_SUBMITTED","data":{"job_id":"051425!148","job":{"id":"051425!148","profile":"CG.S.16","res":16,"subtime":20.329840,"walltime":4200}}}]}'
Sending '{"now":20.337641,"events":[]}'
Received '{"now":20.520509,"events":[{"timestamp":20.520509,"type":"JOB_SUBMITTED","data":{"job_id":"051425!149","job":{"id":"051425!149","profile":"SP.S.16","res":16,"subtime":20.512703,"walltime":4200}}}]}'
Sending '{"now":20.520509,"events":[]}'
Received '{"now":20.543912,"events":[{"timestamp":20.543912,"type":"JOB_SUBMITTED","data":{"job_id":"051425!150","job":{"id":"051425!150","profile":"SP.S.4","res":4,"subtime":20.536106,"walltime":4200}}}]}'
Sending '{"now":20.543912,"events":[]}'
Received '{"now":20.571613,"events":[{"timestamp":20.571613,"type":"JOB_SUBMITTED","data":{"job_id":"051425!151","job":{"id":"051425!151","profile":"CG.S.4","res":4,"subtime":20.563816,"walltime":4200}}}]}'
Sending '{"now":20.571613,"events":[]}'
Received '{"now":20.694208,"events":[{"timestamp":20.694208,"type":"JOB_SUBMITTED","data":{"job_id":"051425!152","job":{"id":"051425!152","profile":"BT.S.16","res":16,"subtime":20.686402,"walltime":4200}}}]}'
Sending '{"now":20.694208,"events":[]}'
Received '{"now":20.727581,"events":[{"timestamp":20.727581,"type":"JOB_SUBMITTED","data":{"job_id":"051425!153","job":{"id":"051425!153","profile":"SP.S.16","res":16,"subtime":20.719775,"walltime":4200}}}]}'
Sending '{"now":20.727581,"events":[]}'
Received '{"now":20.976585,"events":[{"timestamp":20.976585,"type":"JOB_SUBMITTED","data":{"job_id":"051425!154","job":{"id":"051425!154","profile":"IS.S.4","res":4,"subtime":20.968779,"walltime":4200}}}]}'
Sending '{"now":20.976585,"events":[]}'
Received '{"now":21.017645,"events":[{"timestamp":21.017645,"type":"JOB_SUBMITTED","data":{"job_id":"051425!155","job":{"id":"051425!155","profile":"MG.S.16","res":16,"subtime":21.009839,"walltime":4200}}}]}'
Sending '{"now":21.017645,"events":[]}'
Received '{"now":21.332575,"events":[{"timestamp":21.332575,"type":"JOB_SUBMITTED","data":{"job_id":"051425!156","job":{"id":"051425!156","profile":"FT.S.4","res":4,"subtime":21.324769,"walltime":4200}}}]}'
Sending '{"now":21.332575,"events":[]}'
Received '{"now":21.364017,"events":[{"timestamp":21.364017,"type":"JOB_COMPLETED","data":{"job_id":"051425!35","job_state":"COMPLETED_SUCCESSFULLY","return_code":0,"kill_reason":"","alloc":"0-15"}}]}'
Sending '{"now":21.364017,"events":[{"timestamp":21.364017,"type":"EXECUTE_JOB","data":{"job_id":"051425!51","alloc":"0-15"}}]}'
Received '{"now":21.429914,"events":[{"timestamp":21.429914,"type":"JOB_SUBMITTED","data":{"job_id":"051425!157","job":{"id":"051425!157","profile":"SP.S.16","res":16,"subtime":21.422108,"walltime":4200}}}]}'
Sending '{"now":21.429914,"events":[]}'
Received '{"now":21.468102,"events":[{"timestamp":21.468102,"type":"JOB_SUBMITTED","data":{"job_id":"051425!158","job":{"id":"051425!158","profile":"IS.S.16","res":16,"subtime":21.460296,"walltime":4200}}}]}'
Sending '{"now":21.468102,"events":[]}'
Received '{"now":21.589571,"events":[{"timestamp":21.589571,"type":"JOB_SUBMITTED","data":{"job_id":"051425!159","job":{"id":"051425!159","profile":"FT.S.4","res":4,"subtime":21.581765,"walltime":4200}}}]}'
Sending '{"now":21.589571,"events":[]}'
Received '{"now":22.018676,"events":[{"timestamp":22.018676,"type":"JOB_SUBMITTED","data":{"job_id":"051425!160","job":{"id":"051425!160","profile":"BT.S.16","res":16,"subtime":22.010870,"walltime":4200}}}]}'
Sending '{"now":22.018676,"events":[]}'
Received '{"now":22.369643,"events":[{"timestamp":22.369643,"type":"JOB_COMPLETED","data":{"job_id":"051425!49","job_state":"COMPLETED_SUCCESSFULLY","return_code":0,"kill_reason":"","alloc":"16-31"}}]}'
Sending '{"now":22.369643,"events":[{"timestamp":22.369643,"type":"EXECUTE_JOB","data":{"job_id":"051425!52","alloc":"16-31"}}]}'
Received '{"now":23.711199,"events":[{"timestamp":23.711199,"type":"JOB_COMPLETED","data":{"job_id":"051425!38","job_state":"COMPLETED_SUCCESSFULLY","return_code":0,"kill_reason":"","alloc":"32-47"}}]}'
Sending '{"now":23.711199,"events":[{"timestamp":23.711199,"type":"EXECUTE_JOB","data":{"job_id":"051425!53","alloc":"32-47"}}]}'
Received '{"now":25.442561,"events":[{"timestamp":25.442561,"type":"JOB_COMPLETED","data":{"job_id":"051425!50","job_state":"COMPLETED_SUCCESSFULLY","return_code":0,"kill_reason":"","alloc":"48-63"}}]}'
Sending '{"now":25.442561,"events":[{"timestamp":25.442561,"type":"EXECUTE_JOB","data":{"job_id":"051425!58","alloc":"48-63"}}]}'
Received '{"now":26.501340,"events":[{"timestamp":26.501340,"type":"JOB_COMPLETED","data":{"job_id":"051425!58","job_state":"COMPLETED_SUCCESSFULLY","return_code":0,"kill_reason":"","alloc":"48-63"}}]}'
Sending '{"now":26.50134,"events":[{"timestamp":26.50134,"type":"EXECUTE_JOB","data":{"job_id":"051425!59","alloc":"48-63"}}]}'
Received '{"now":27.540358,"events":[{"timestamp":27.540358,"type":"JOB_COMPLETED","data":{"job_id":"051425!51","job_state":"COMPLETED_SUCCESSFULLY","return_code":0,"kill_reason":"","alloc":"0-15"}}]}'
Sending '{"now":27.540358,"events":[{"timestamp":27.540358,"type":"EXECUTE_JOB","data":{"job_id":"051425!61","alloc":"0-15"}}]}'
Received '{"now":27.863174,"events":[{"timestamp":27.863174,"type":"JOB_COMPLETED","data":{"job_id":"051425!61","job_state":"COMPLETED_SUCCESSFULLY","return_code":0,"kill_reason":"","alloc":"0-15"}}]}'
Sending '{"now":27.863174,"events":[{"timestamp":27.863174,"type":"EXECUTE_JOB","data":{"job_id":"051425!62","alloc":"0-15"}}]}'
Received '{"now":28.048359,"events":[{"timestamp":28.048359,"type":"JOB_COMPLETED","data":{"job_id":"051425!62","job_state":"COMPLETED_SUCCESSFULLY","return_code":0,"kill_reason":"","alloc":"0-15"}}]}'
Sending '{"now":28.048359,"events":[{"timestamp":28.048359,"type":"EXECUTE_JOB","data":{"job_id":"051425!63","alloc":"0-15"}}]}'
Received '{"now":28.169650,"events":[{"timestamp":28.169650,"type":"JOB_COMPLETED","data":{"job_id":"051425!52","job_state":"COMPLETED_SUCCESSFULLY","return_code":0,"kill_reason":"","alloc":"16-31"}}]}'
Sending '{"now":28.16965,"events":[{"timestamp":28.16965,"type":"EXECUTE_JOB","data":{"job_id":"051425!64","alloc":"16-31"}}]}'
Received '{"now":29.538600,"events":[{"timestamp":29.538600,"type":"JOB_COMPLETED","data":{"job_id":"051425!53","job_state":"COMPLETED_SUCCESSFULLY","return_code":0,"kill_reason":"","alloc":"32-47"}}]}'
Sending '{"now":29.5386,"events":[{"timestamp":29.5386,"type":"EXECUTE_JOB","data":{"job_id":"051425!65","alloc":"32-47"}}]}'
Received '{"now":30.598268,"events":[{"timestamp":30.598268,"type":"JOB_COMPLETED","data":{"job_id":"051425!65","job_state":"COMPLETED_SUCCESSFULLY","return_code":0,"kill_reason":"","alloc":"32-47"}}]}'
Sending '{"now":30.598268,"events":[{"timestamp":30.598268,"type":"EXECUTE_JOB","data":{"job_id":"051425!66","alloc":"32-47"}}]}'
Received '{"now":31.630300,"events":[{"timestamp":31.630300,"type":"JOB_COMPLETED","data":{"job_id":"051425!63","job_state":"COMPLETED_SUCCESSFULLY","return_code":0,"kill_reason":"","alloc":"0-15"}}]}'
Sending '{"now":31.6303,"events":[{"timestamp":31.6303,"type":"EXECUTE_JOB","data":{"job_id":"051425!67","alloc":"0-15"}}]}'
Received '{"now":32.678286,"events":[{"timestamp":32.678286,"type":"JOB_COMPLETED","data":{"job_id":"051425!59","job_state":"COMPLETED_SUCCESSFULLY","return_code":0,"kill_reason":"","alloc":"48-63"}}]}'
Sending '{"now":32.678286,"events":[{"timestamp":32.678286,"type":"EXECUTE_JOB","data":{"job_id":"051425!68","alloc":"48-63"}}]}'
Received '{"now":33.737495,"events":[{"timestamp":33.737495,"type":"JOB_COMPLETED","data":{"job_id":"051425!68","job_state":"COMPLETED_SUCCESSFULLY","return_code":0,"kill_reason":"","alloc":"48-63"}}]}'
Sending '{"now":33.737495,"events":[{"timestamp":33.737495,"type":"EXECUTE_JOB","data":{"job_id":"051425!69","alloc":"48-63"}}]}'
Received '{"now":33.922741,"events":[{"timestamp":33.922741,"type":"JOB_COMPLETED","data":{"job_id":"051425!69","job_state":"COMPLETED_SUCCESSFULLY","return_code":0,"kill_reason":"","alloc":"48-63"}}]}'
Sending '{"now":33.922741,"events":[{"timestamp":33.922741,"type":"EXECUTE_JOB","data":{"job_id":"051425!70","alloc":"48-51"}},{"timestamp":33.922741,"type":"EXECUTE_JOB","data":{"job_id":"051425!71","alloc":"52-55"}},{"timestamp":33.922741,"type":"EXECUTE_JOB","data":{"job_id":"051425!76","alloc":"56-59"}},{"timestamp":33.922741,"type":"EXECUTE_JOB","data":{"job_id":"051425!77","alloc":"60-63"}}]}'
Received '{"now":34.047989,"events":[{"timestamp":34.047989,"type":"JOB_COMPLETED","data":{"job_id":"051425!70","job_state":"COMPLETED_SUCCESSFULLY","return_code":0,"kill_reason":"","alloc":"48-51"}}]}'
Sending '{"now":34.047989,"events":[{"timestamp":34.047989,"type":"EXECUTE_JOB","data":{"job_id":"051425!78","alloc":"48-51"}}]}'
Received '{"now":34.173260,"events":[{"timestamp":34.173260,"type":"JOB_COMPLETED","data":{"job_id":"051425!78","job_state":"COMPLETED_SUCCESSFULLY","return_code":0,"kill_reason":"","alloc":"48-51"}}]}'
Sending '{"now":34.17326,"events":[{"timestamp":34.17326,"type":"EXECUTE_JOB","data":{"job_id":"051425!80","alloc":"48-51"}}]}'
Received '{"now":34.346851,"events":[{"timestamp":34.346851,"type":"JOB_COMPLETED","data":{"job_id":"051425!64","job_state":"COMPLETED_SUCCESSFULLY","return_code":0,"kill_reason":"","alloc":"16-31"}}]}'
Sending '{"now":34.346851,"events":[{"timestamp":34.346851,"type":"EXECUTE_JOB","data":{"job_id":"051425!72","alloc":"16-31"}}]}'
Received '{"now":34.489750,"events":[{"timestamp":34.489750,"type":"JOB_COMPLETED","data":{"job_id":"051425!71","job_state":"COMPLETED_SUCCESSFULLY","return_code":0,"kill_reason":"","alloc":"52-55"}}]}'
Sending '{"now":34.48975,"events":[{"timestamp":34.48975,"type":"EXECUTE_JOB","data":{"job_id":"051425!84","alloc":"52-55"}}]}'
Received '{"now":34.608011,"events":[{"timestamp":34.608011,"type":"JOB_COMPLETED","data":{"job_id":"051425!76","job_state":"COMPLETED_SUCCESSFULLY","return_code":0,"kill_reason":"","alloc":"56-59"}}]}'
Sending '{"now":34.608011,"events":[{"timestamp":34.608011,"type":"EXECUTE_JOB","data":{"job_id":"051425!87","alloc":"56-59"}}]}'
Received '{"now":34.637277,"events":[{"timestamp":34.621665,"type":"JOB_COMPLETED","data":{"job_id":"051425!77","job_state":"COMPLETED_SUCCESSFULLY","return_code":0,"kill_reason":"","alloc":"60-63"}}]}'
Sending '{"now":34.637277,"events":[{"timestamp":34.637277,"type":"EXECUTE_JOB","data":{"job_id":"051425!89","alloc":"60-63"}}]}'
Received '{"now":34.732359,"events":[{"timestamp":34.732359,"type":"JOB_COMPLETED","data":{"job_id":"051425!80","job_state":"COMPLETED_SUCCESSFULLY","return_code":0,"kill_reason":"","alloc":"48-51"}}]}'
Sending '{"now":34.732359,"events":[{"timestamp":34.732359,"type":"EXECUTE_JOB","data":{"job_id":"051425!90","alloc":"48-51"}}]}'
Received '{"now":34.857584,"events":[{"timestamp":34.857584,"type":"JOB_COMPLETED","data":{"job_id":"051425!90","job_state":"COMPLETED_SUCCESSFULLY","return_code":0,"kill_reason":"","alloc":"48-51"}}]}'
Sending '{"now":34.857584,"events":[{"timestamp":34.857584,"type":"EXECUTE_JOB","data":{"job_id":"051425!94","alloc":"48-51"}}]}'
Received '{"now":35.048730,"events":[{"timestamp":35.048730,"type":"JOB_COMPLETED","data":{"job_id":"051425!84","job_state":"COMPLETED_SUCCESSFULLY","return_code":0,"kill_reason":"","alloc":"52-55"}}]}'
Sending '{"now":35.04873,"events":[{"timestamp":35.04873,"type":"EXECUTE_JOB","data":{"job_id":"051425!95","alloc":"52-55"}}]}'
Received '{"now":35.211127,"events":[{"timestamp":35.211127,"type":"JOB_COMPLETED","data":{"job_id":"051425!67","job_state":"COMPLETED_SUCCESSFULLY","return_code":0,"kill_reason":"","alloc":"0-15"}}]}'
Sending '{"now":35.211127,"events":[{"timestamp":35.211127,"type":"EXECUTE_JOB","data":{"job_id":"051425!73","alloc":"0-15"}}]}'
Received '{"now":35.526870,"events":[{"timestamp":35.526870,"type":"JOB_COMPLETED","data":{"job_id":"051425!94","job_state":"COMPLETED_SUCCESSFULLY","return_code":0,"kill_reason":"","alloc":"48-51"}}]}'
Sending '{"now":35.52687,"events":[{"timestamp":35.52687,"type":"EXECUTE_JOB","data":{"job_id":"051425!96","alloc":"48-51"}}]}'
Received '{"now":35.889829,"events":[{"timestamp":35.889829,"type":"JOB_COMPLETED","data":{"job_id":"051425!87","job_state":"COMPLETED_SUCCESSFULLY","return_code":0,"kill_reason":"","alloc":"56-59"}}]}'
Sending '{"now":35.889829,"events":[{"timestamp":35.889829,"type":"EXECUTE_JOB","data":{"job_id":"051425!98","alloc":"56-59"}}]}'
Received '{"now":35.923571,"events":[{"timestamp":35.923571,"type":"JOB_COMPLETED","data":{"job_id":"051425!89","job_state":"COMPLETED_SUCCESSFULLY","return_code":0,"kill_reason":"","alloc":"60-63"}}]}'
Sending '{"now":35.923571,"events":[{"timestamp":35.923571,"type":"EXECUTE_JOB","data":{"job_id":"051425!99","alloc":"60-63"}}]}'
Received '{"now":36.331441,"events":[{"timestamp":36.331441,"type":"JOB_COMPLETED","data":{"job_id":"051425!95","job_state":"COMPLETED_SUCCESSFULLY","return_code":0,"kill_reason":"","alloc":"52-55"}}]}'
Sending '{"now":36.331441,"events":[{"timestamp":36.331441,"type":"EXECUTE_JOB","data":{"job_id":"051425!104","alloc":"52-55"}}]}'
Received '{"now":36.412749,"events":[{"timestamp":36.412749,"type":"JOB_COMPLETED","data":{"job_id":"051425!66","job_state":"COMPLETED_SUCCESSFULLY","return_code":0,"kill_reason":"","alloc":"32-47"}}]}'
Sending '{"now":36.412749,"events":[{"timestamp":36.412749,"type":"EXECUTE_JOB","data":{"job_id":"051425!74","alloc":"32-47"}}]}'
Received '{"now":36.448654,"events":[{"timestamp":36.448654,"type":"JOB_COMPLETED","data":{"job_id":"051425!98","job_state":"COMPLETED_SUCCESSFULLY","return_code":0,"kill_reason":"","alloc":"56-59"}}]}'
Sending '{"now":36.448654,"events":[{"timestamp":36.448654,"type":"EXECUTE_JOB","data":{"job_id":"051425!105","alloc":"56-59"}}]}'
Received '{"now":36.597861,"events":[{"timestamp":36.597861,"type":"JOB_COMPLETED","data":{"job_id":"051425!74","job_state":"COMPLETED_SUCCESSFULLY","return_code":0,"kill_reason":"","alloc":"32-47"}}]}'
Sending '{"now":36.597861,"events":[{"timestamp":36.597861,"type":"EXECUTE_JOB","data":{"job_id":"051425!75","alloc":"32-47"}}]}'
Received '{"now":36.627690,"events":[{"timestamp":36.627690,"type":"JOB_COMPLETED","data":{"job_id":"051425!105","job_state":"COMPLETED_SUCCESSFULLY","return_code":0,"kill_reason":"","alloc":"56-59"}}]}'
Sending '{"now":36.62769,"events":[{"timestamp":36.62769,"type":"EXECUTE_JOB","data":{"job_id":"051425!106","alloc":"56-59"}}]}'
Received '{"now":36.656972,"events":[{"timestamp":36.649166,"type":"JOB_COMPLETED","data":{"job_id":"051425!96","job_state":"COMPLETED_SUCCESSFULLY","return_code":0,"kill_reason":"","alloc":"48-51"}}]}'
Sending '{"now":36.656972,"events":[{"timestamp":36.656972,"type":"EXECUTE_JOB","data":{"job_id":"051425!109","alloc":"48-51"}}]}'
Received '{"now":36.806758,"events":[{"timestamp":36.806758,"type":"JOB_COMPLETED","data":{"job_id":"051425!106","job_state":"COMPLETED_SUCCESSFULLY","return_code":0,"kill_reason":"","alloc":"56-59"}}]}'
Sending '{"now":36.806758,"events":[{"timestamp":36.806758,"type":"EXECUTE_JOB","data":{"job_id":"051425!110","alloc":"56-59"}}]}'
Received '{"now":36.890482,"events":[{"timestamp":36.890482,"type":"JOB_COMPLETED","data":{"job_id":"051425!104","job_state":"COMPLETED_SUCCESSFULLY","return_code":0,"kill_reason":"","alloc":"52-55"}}]}'
Sending '{"now":36.890482,"events":[{"timestamp":36.890482,"type":"EXECUTE_JOB","data":{"job_id":"051425!112","alloc":"52-55"}}]}'
Received '{"now":36.920958,"events":[{"timestamp":36.920958,"type":"JOB_COMPLETED","data":{"job_id":"051425!75","job_state":"COMPLETED_SUCCESSFULLY","return_code":0,"kill_reason":"","alloc":"32-47"}}]}'
Sending '{"now":36.920958,"events":[{"timestamp":36.920958,"type":"EXECUTE_JOB","data":{"job_id":"051425!79","alloc":"32-47"}}]}'
Received '{"now":37.237656,"events":[{"timestamp":37.237656,"type":"JOB_COMPLETED","data":{"job_id":"051425!99","job_state":"COMPLETED_SUCCESSFULLY","return_code":0,"kill_reason":"","alloc":"60-63"}}]}'
Sending '{"now":37.237656,"events":[{"timestamp":37.237656,"type":"EXECUTE_JOB","data":{"job_id":"051425!113","alloc":"60-63"}}]}'
Received '{"now":37.266928,"events":[{"timestamp":37.251316,"type":"JOB_COMPLETED","data":{"job_id":"051425!79","job_state":"COMPLETED_SUCCESSFULLY","return_code":0,"kill_reason":"","alloc":"32-47"}}]}'
Sending '{"now":37.266928,"events":[{"timestamp":37.266928,"type":"EXECUTE_JOB","data":{"job_id":"051425!81","alloc":"32-47"}}]}'
Received '{"now":37.326276,"events":[{"timestamp":37.326276,"type":"JOB_COMPLETED","data":{"job_id":"051425!109","job_state":"COMPLETED_SUCCESSFULLY","return_code":0,"kill_reason":"","alloc":"48-51"}}]}'
Sending '{"now":37.326276,"events":[{"timestamp":37.326276,"type":"EXECUTE_JOB","data":{"job_id":"051425!117","alloc":"48-51"}}]}'
Received '{"now":37.376495,"events":[{"timestamp":37.376495,"type":"JOB_COMPLETED","data":{"job_id":"051425!113","job_state":"COMPLETED_SUCCESSFULLY","return_code":0,"kill_reason":"","alloc":"60-63"}}]}'
Sending '{"now":37.376495,"events":[{"timestamp":37.376495,"type":"EXECUTE_JOB","data":{"job_id":"051425!118","alloc":"60-63"}}]}'
Received '{"now":37.449431,"events":[{"timestamp":37.449431,"type":"JOB_COMPLETED","data":{"job_id":"051425!112","job_state":"COMPLETED_SUCCESSFULLY","return_code":0,"kill_reason":"","alloc":"52-55"}}]}'
Sending '{"now":37.449431,"events":[{"timestamp":37.449431,"type":"EXECUTE_JOB","data":{"job_id":"051425!119","alloc":"52-55"}}]}'
Received '{"now":37.492357,"events":[{"timestamp":37.463088,"type":"JOB_COMPLETED","data":{"job_id":"051425!117","job_state":"COMPLETED_SUCCESSFULLY","return_code":0,"kill_reason":"","alloc":"48-51"}},{"timestamp":37.484551,"type":"JOB_COMPLETED","data":{"job_id":"051425!110","job_state":"COMPLETED_SUCCESSFULLY","return_code":0,"kill_reason":"","alloc":"56-59"}}]}'
Sending '{"now":37.492357,"events":[{"timestamp":37.492357,"type":"EXECUTE_JOB","data":{"job_id":"051425!122","alloc":"48-51"}},{"timestamp":37.492357,"type":"EXECUTE_JOB","data":{"job_id":"051425!125","alloc":"56-59"}}]}'
Received '{"now":37.642106,"events":[{"timestamp":37.642106,"type":"JOB_COMPLETED","data":{"job_id":"051425!119","job_state":"COMPLETED_SUCCESSFULLY","return_code":0,"kill_reason":"","alloc":"52-55"}}]}'
Sending '{"now":37.642106,"events":[{"timestamp":37.642106,"type":"EXECUTE_JOB","data":{"job_id":"051425!126","alloc":"52-55"}}]}'
Received '{"now":37.821199,"events":[{"timestamp":37.821199,"type":"JOB_COMPLETED","data":{"job_id":"051425!126","job_state":"COMPLETED_SUCCESSFULLY","return_code":0,"kill_reason":"","alloc":"52-55"}}]}'
Sending '{"now":37.821199,"events":[{"timestamp":37.821199,"type":"EXECUTE_JOB","data":{"job_id":"051425!127","alloc":"52-55"}}]}'
Received '{"now":38.000283,"events":[{"timestamp":38.000283,"type":"JOB_COMPLETED","data":{"job_id":"051425!127","job_state":"COMPLETED_SUCCESSFULLY","return_code":0,"kill_reason":"","alloc":"52-55"}}]}'
Sending '{"now":38.000283,"events":[{"timestamp":38.000283,"type":"EXECUTE_JOB","data":{"job_id":"051425!128","alloc":"52-55"}}]}'
Received '{"now":38.051314,"events":[{"timestamp":38.051314,"type":"JOB_COMPLETED","data":{"job_id":"051425!122","job_state":"COMPLETED_SUCCESSFULLY","return_code":0,"kill_reason":"","alloc":"48-51"}}]}'
Sending '{"now":38.051314,"events":[{"timestamp":38.051314,"type":"EXECUTE_JOB","data":{"job_id":"051425!129","alloc":"48-51"}}]}'
Received '{"now":38.176475,"events":[{"timestamp":38.176475,"type":"JOB_COMPLETED","data":{"job_id":"051425!129","job_state":"COMPLETED_SUCCESSFULLY","return_code":0,"kill_reason":"","alloc":"48-51"}}]}'
Sending '{"now":38.176475,"events":[{"timestamp":38.176475,"type":"EXECUTE_JOB","data":{"job_id":"051425!130","alloc":"48-51"}}]}'
Received '{"now":38.355527,"events":[{"timestamp":38.355527,"type":"JOB_COMPLETED","data":{"job_id":"051425!130","job_state":"COMPLETED_SUCCESSFULLY","return_code":0,"kill_reason":"","alloc":"48-51"}}]}'
Sending '{"now":38.355527,"events":[{"timestamp":38.355527,"type":"EXECUTE_JOB","data":{"job_id":"051425!132","alloc":"48-51"}}]}'
Received '{"now":38.497093,"events":[{"timestamp":38.497093,"type":"JOB_COMPLETED","data":{"job_id":"051425!118","job_state":"COMPLETED_SUCCESSFULLY","return_code":0,"kill_reason":"","alloc":"60-63"}}]}'
Sending '{"now":38.497093,"events":[{"timestamp":38.497093,"type":"EXECUTE_JOB","data":{"job_id":"051425!134","alloc":"60-63"}}]}'
Received '{"now":38.620723,"events":[{"timestamp":38.620723,"type":"JOB_COMPLETED","data":{"job_id":"051425!125","job_state":"COMPLETED_SUCCESSFULLY","return_code":0,"kill_reason":"","alloc":"56-59"}}]}'
Sending '{"now":38.620723,"events":[{"timestamp":38.620723,"type":"EXECUTE_JOB","data":{"job_id":"051425!135","alloc":"56-59"}}]}'
Received '{"now":38.914454,"events":[{"timestamp":38.914454,"type":"JOB_COMPLETED","data":{"job_id":"051425!132","job_state":"COMPLETED_SUCCESSFULLY","return_code":0,"kill_reason":"","alloc":"48-51"}}]}'
Sending '{"now":38.914454,"events":[{"timestamp":38.914454,"type":"EXECUTE_JOB","data":{"job_id":"051425!136","alloc":"48-51"}}]}'
Received '{"now":39.289811,"events":[{"timestamp":39.289811,"type":"JOB_COMPLETED","data":{"job_id":"051425!135","job_state":"COMPLETED_SUCCESSFULLY","return_code":0,"kill_reason":"","alloc":"56-59"}}]}'
Sending '{"now":39.289811,"events":[{"timestamp":39.289811,"type":"EXECUTE_JOB","data":{"job_id":"051425!138","alloc":"56-59"}}]}'
Received '{"now":39.319078,"events":[{"timestamp":39.303472,"type":"JOB_COMPLETED","data":{"job_id":"051425!128","job_state":"COMPLETED_SUCCESSFULLY","return_code":0,"kill_reason":"","alloc":"52-55"}}]}'
Sending '{"now":39.319078,"events":[{"timestamp":39.319078,"type":"EXECUTE_JOB","data":{"job_id":"051425!143","alloc":"52-55"}}]}'
Received '{"now":39.473202,"events":[{"timestamp":39.473202,"type":"JOB_COMPLETED","data":{"job_id":"051425!136","job_state":"COMPLETED_SUCCESSFULLY","return_code":0,"kill_reason":"","alloc":"48-51"}}]}'
Sending '{"now":39.473202,"events":[{"timestamp":39.473202,"type":"EXECUTE_JOB","data":{"job_id":"051425!145","alloc":"48-51"}}]}'
Received '{"now":39.617248,"events":[{"timestamp":39.617248,"type":"JOB_COMPLETED","data":{"job_id":"051425!134","job_state":"COMPLETED_SUCCESSFULLY","return_code":0,"kill_reason":"","alloc":"60-63"}}]}'
Sending '{"now":39.617248,"events":[{"timestamp":39.617248,"type":"EXECUTE_JOB","data":{"job_id":"051425!146","alloc":"60-63"}}]}'
Received '{"now":39.988215,"events":[{"timestamp":39.988215,"type":"JOB_COMPLETED","data":{"job_id":"051425!143","job_state":"COMPLETED_SUCCESSFULLY","return_code":0,"kill_reason":"","alloc":"52-55"}}]}'
Sending '{"now":39.988215,"events":[{"timestamp":39.988215,"type":"EXECUTE_JOB","data":{"job_id":"051425!150","alloc":"52-55"}}]}'
Received '{"now":40.032054,"events":[{"timestamp":40.032054,"type":"JOB_COMPLETED","data":{"job_id":"051425!145","job_state":"COMPLETED_SUCCESSFULLY","return_code":0,"kill_reason":"","alloc":"48-51"}}]}'
Sending '{"now":40.032054,"events":[{"timestamp":40.032054,"type":"EXECUTE_JOB","data":{"job_id":"051425!151","alloc":"48-51"}}]}'
Received '{"now":40.119588,"events":[{"timestamp":40.119588,"type":"JOB_COMPLETED","data":{"job_id":"051425!72","job_state":"COMPLETED_SUCCESSFULLY","return_code":0,"kill_reason":"","alloc":"16-31"}}]}'
Sending '{"now":40.119588,"events":[{"timestamp":40.119588,"type":"EXECUTE_JOB","data":{"job_id":"051425!82","alloc":"16-31"}}]}'
Received '{"now":40.176142,"events":[{"timestamp":40.176142,"type":"JOB_COMPLETED","data":{"job_id":"051425!146","job_state":"COMPLETED_SUCCESSFULLY","return_code":0,"kill_reason":"","alloc":"60-63"}}]}'
Sending '{"now":40.176142,"events":[{"timestamp":40.176142,"type":"EXECUTE_JOB","data":{"job_id":"051425!154","alloc":"60-63"}}]}'
Received '{"now":40.301327,"events":[{"timestamp":40.301327,"type":"JOB_COMPLETED","data":{"job_id":"051425!154","job_state":"COMPLETED_SUCCESSFULLY","return_code":0,"kill_reason":"","alloc":"60-63"}}]}'
Sending '{"now":40.301327,"events":[{"timestamp":40.301327,"type":"EXECUTE_JOB","data":{"job_id":"051425!156","alloc":"60-63"}}]}'
Received '{"now":40.480395,"events":[{"timestamp":40.480395,"type":"JOB_COMPLETED","data":{"job_id":"051425!156","job_state":"COMPLETED_SUCCESSFULLY","return_code":0,"kill_reason":"","alloc":"60-63"}}]}'
Sending '{"now":40.480395,"events":[{"timestamp":40.480395,"type":"EXECUTE_JOB","data":{"job_id":"051425!159","alloc":"60-63"}}]}'
Received '{"now":40.659436,"events":[{"timestamp":40.659436,"type":"JOB_COMPLETED","data":{"job_id":"051425!159","job_state":"COMPLETED_SUCCESSFULLY","return_code":0,"kill_reason":"","alloc":"60-63"}}]}'
Sending '{"now":40.659436,"events":[]}'
Received '{"now":40.975221,"events":[{"timestamp":40.975221,"type":"JOB_COMPLETED","data":{"job_id":"051425!73","job_state":"COMPLETED_SUCCESSFULLY","return_code":0,"kill_reason":"","alloc":"0-15"}}]}'
Sending '{"now":40.975221,"events":[{"timestamp":40.975221,"type":"EXECUTE_JOB","data":{"job_id":"051425!83","alloc":"0-15"}}]}'
Received '{"now":41.152630,"events":[{"timestamp":41.152630,"type":"JOB_COMPLETED","data":{"job_id":"051425!151","job_state":"COMPLETED_SUCCESSFULLY","return_code":0,"kill_reason":"","alloc":"48-51"}}]}'
Sending '{"now":41.15263,"events":[]}'
Received '{"now":41.276409,"events":[{"timestamp":41.276409,"type":"JOB_COMPLETED","data":{"job_id":"051425!150","job_state":"COMPLETED_SUCCESSFULLY","return_code":0,"kill_reason":"","alloc":"52-55"}}]}'
Sending '{"now":41.276409,"events":[]}'
Received '{"now":41.717962,"events":[{"timestamp":41.717962,"type":"JOB_COMPLETED","data":{"job_id":"051425!138","job_state":"COMPLETED_SUCCESSFULLY","return_code":0,"kill_reason":"","alloc":"56-59"}}]}'
Sending '{"now":41.717962,"events":[{"timestamp":41.717962,"type":"EXECUTE_JOB","data":{"job_id":"051425!85","alloc":"48-63"}}]}'
Received '{"now":43.050525,"events":[{"timestamp":43.050525,"type":"JOB_COMPLETED","data":{"job_id":"051425!81","job_state":"COMPLETED_SUCCESSFULLY","return_code":0,"kill_reason":"","alloc":"32-47"}}]}'
Sending '{"now":43.050525,"events":[{"timestamp":43.050525,"type":"EXECUTE_JOB","data":{"job_id":"051425!86","alloc":"32-47"}}]}'
Received '{"now":43.373588,"events":[{"timestamp":43.373588,"type":"JOB_COMPLETED","data":{"job_id":"051425!86","job_state":"COMPLETED_SUCCESSFULLY","return_code":0,"kill_reason":"","alloc":"32-47"}}]}'
Sending '{"now":43.373588,"events":[{"timestamp":43.373588,"type":"EXECUTE_JOB","data":{"job_id":"051425!88","alloc":"32-47"}}]}'
Received '{"now":44.555585,"events":[{"timestamp":44.555585,"type":"JOB_COMPLETED","data":{"job_id":"051425!83","job_state":"COMPLETED_SUCCESSFULLY","return_code":0,"kill_reason":"","alloc":"0-15"}}]}'
Sending '{"now":44.555585,"events":[{"timestamp":44.555585,"type":"EXECUTE_JOB","data":{"job_id":"051425!91","alloc":"0-15"}}]}'
Received '{"now":45.298557,"events":[{"timestamp":45.298557,"type":"JOB_COMPLETED","data":{"job_id":"051425!85","job_state":"COMPLETED_SUCCESSFULLY","return_code":0,"kill_reason":"","alloc":"48-63"}}]}'
Sending '{"now":45.298557,"events":[{"timestamp":45.298557,"type":"EXECUTE_JOB","data":{"job_id":"051425!92","alloc":"48-63"}}]}'
Received '{"now":45.910396,"events":[{"timestamp":45.910396,"type":"JOB_COMPLETED","data":{"job_id":"051425!82","job_state":"COMPLETED_SUCCESSFULLY","return_code":0,"kill_reason":"","alloc":"16-31"}}]}'
Sending '{"now":45.910396,"events":[{"timestamp":45.910396,"type":"EXECUTE_JOB","data":{"job_id":"051425!93","alloc":"16-31"}}]}'
Received '{"now":48.135407,"events":[{"timestamp":48.135407,"type":"JOB_COMPLETED","data":{"job_id":"051425!91","job_state":"COMPLETED_SUCCESSFULLY","return_code":0,"kill_reason":"","alloc":"0-15"}}]}'
Sending '{"now":48.135407,"events":[{"timestamp":48.135407,"type":"EXECUTE_JOB","data":{"job_id":"051425!97","alloc":"0-15"}}]}'
Received '{"now":48.466179,"events":[{"timestamp":48.466179,"type":"JOB_COMPLETED","data":{"job_id":"051425!92","job_state":"COMPLETED_SUCCESSFULLY","return_code":0,"kill_reason":"","alloc":"48-63"}}]}'
Sending '{"now":48.466179,"events":[{"timestamp":48.466179,"type":"EXECUTE_JOB","data":{"job_id":"051425!100","alloc":"48-63"}}]}'
Received '{"now":49.079443,"events":[{"timestamp":49.079443,"type":"JOB_COMPLETED","data":{"job_id":"051425!93","job_state":"COMPLETED_SUCCESSFULLY","return_code":0,"kill_reason":"","alloc":"16-31"}}]}'
Sending '{"now":49.079443,"events":[{"timestamp":49.079443,"type":"EXECUTE_JOB","data":{"job_id":"051425!101","alloc":"16-31"}}]}'
Received '{"now":49.209048,"events":[{"timestamp":49.209048,"type":"JOB_COMPLETED","data":{"job_id":"051425!88","job_state":"COMPLETED_SUCCESSFULLY","return_code":0,"kill_reason":"","alloc":"32-47"}}]}'
Sending '{"now":49.209048,"events":[{"timestamp":49.209048,"type":"EXECUTE_JOB","data":{"job_id":"051425!102","alloc":"32-47"}}]}'
Received '{"now":50.138884,"events":[{"timestamp":50.138884,"type":"JOB_COMPLETED","data":{"job_id":"051425!101","job_state":"COMPLETED_SUCCESSFULLY","return_code":0,"kill_reason":"","alloc":"16-31"}}]}'
Sending '{"now":50.138884,"events":[{"timestamp":50.138884,"type":"EXECUTE_JOB","data":{"job_id":"051425!103","alloc":"16-31"}}]}'
Received '{"now":51.302422,"events":[{"timestamp":51.302422,"type":"JOB_COMPLETED","data":{"job_id":"051425!97","job_state":"COMPLETED_SUCCESSFULLY","return_code":0,"kill_reason":"","alloc":"0-15"}}]}'
Sending '{"now":51.302422,"events":[{"timestamp":51.302422,"type":"EXECUTE_JOB","data":{"job_id":"051425!107","alloc":"0-15"}}]}'
Received '{"now":53.305919,"events":[{"timestamp":53.305919,"type":"JOB_COMPLETED","data":{"job_id":"051425!103","job_state":"COMPLETED_SUCCESSFULLY","return_code":0,"kill_reason":"","alloc":"16-31"}}]}'
Sending '{"now":53.305919,"events":[{"timestamp":53.305919,"type":"EXECUTE_JOB","data":{"job_id":"051425!108","alloc":"16-31"}}]}'
Received '{"now":53.491275,"events":[{"timestamp":53.491275,"type":"JOB_COMPLETED","data":{"job_id":"051425!108","job_state":"COMPLETED_SUCCESSFULLY","return_code":0,"kill_reason":"","alloc":"16-31"}}]}'
Sending '{"now":53.491275,"events":[{"timestamp":53.491275,"type":"EXECUTE_JOB","data":{"job_id":"051425!111","alloc":"16-31"}}]}'
Received '{"now":53.814720,"events":[{"timestamp":53.814720,"type":"JOB_COMPLETED","data":{"job_id":"051425!111","job_state":"COMPLETED_SUCCESSFULLY","return_code":0,"kill_reason":"","alloc":"16-31"}}]}'
Sending '{"now":53.81472,"events":[{"timestamp":53.81472,"type":"EXECUTE_JOB","data":{"job_id":"051425!114","alloc":"16-31"}}]}'
Received '{"now":54.643896,"events":[{"timestamp":54.643896,"type":"JOB_COMPLETED","data":{"job_id":"051425!100","job_state":"COMPLETED_SUCCESSFULLY","return_code":0,"kill_reason":"","alloc":"48-63"}}]}'
Sending '{"now":54.643896,"events":[{"timestamp":54.643896,"type":"EXECUTE_JOB","data":{"job_id":"051425!115","alloc":"48-63"}}]}'
Received '{"now":55.387127,"events":[{"timestamp":55.387127,"type":"JOB_COMPLETED","data":{"job_id":"051425!102","job_state":"COMPLETED_SUCCESSFULLY","return_code":0,"kill_reason":"","alloc":"32-47"}}]}'
Sending '{"now":55.387127,"events":[{"timestamp":55.387127,"type":"EXECUTE_JOB","data":{"job_id":"051425!116","alloc":"32-47"}}]}'
Received '{"now":57.480039,"events":[{"timestamp":57.480039,"type":"JOB_COMPLETED","data":{"job_id":"051425!107","job_state":"COMPLETED_SUCCESSFULLY","return_code":0,"kill_reason":"","alloc":"0-15"}}]}'
Sending '{"now":57.480039,"events":[{"timestamp":57.480039,"type":"EXECUTE_JOB","data":{"job_id":"051425!120","alloc":"0-15"}}]}'
Received '{"now":57.665281,"events":[{"timestamp":57.665281,"type":"JOB_COMPLETED","data":{"job_id":"051425!120","job_state":"COMPLETED_SUCCESSFULLY","return_code":0,"kill_reason":"","alloc":"0-15"}}]}'
Sending '{"now":57.665281,"events":[{"timestamp":57.665281,"type":"EXECUTE_JOB","data":{"job_id":"051425!121","alloc":"0-15"}}]}'
Received '{"now":57.988167,"events":[{"timestamp":57.988167,"type":"JOB_COMPLETED","data":{"job_id":"051425!121","job_state":"COMPLETED_SUCCESSFULLY","return_code":0,"kill_reason":"","alloc":"0-15"}}]}'
Sending '{"now":57.988167,"events":[{"timestamp":57.988167,"type":"EXECUTE_JOB","data":{"job_id":"051425!123","alloc":"0-15"}}]}'
Received '{"now":58.968311,"events":[{"timestamp":58.968311,"type":"JOB_COMPLETED","data":{"job_id":"051425!116","job_state":"COMPLETED_SUCCESSFULLY","return_code":0,"kill_reason":"","alloc":"32-47"}}]}'
Sending '{"now":58.968311,"events":[{"timestamp":58.968311,"type":"EXECUTE_JOB","data":{"job_id":"051425!124","alloc":"32-47"}}]}'
Received '{"now":59.645608,"events":[{"timestamp":59.645608,"type":"JOB_COMPLETED","data":{"job_id":"051425!114","job_state":"COMPLETED_SUCCESSFULLY","return_code":0,"kill_reason":"","alloc":"16-31"}}]}'
Sending '{"now":59.645608,"events":[{"timestamp":59.645608,"type":"EXECUTE_JOB","data":{"job_id":"051425!131","alloc":"16-31"}}]}'
Received '{"now":60.820598,"events":[{"timestamp":60.820598,"type":"JOB_COMPLETED","data":{"job_id":"051425!115","job_state":"COMPLETED_SUCCESSFULLY","return_code":0,"kill_reason":"","alloc":"48-63"}}]}'
Sending '{"now":60.820598,"events":[{"timestamp":60.820598,"type":"EXECUTE_JOB","data":{"job_id":"051425!133","alloc":"48-63"}}]}'
Received '{"now":62.549773,"events":[{"timestamp":62.549773,"type":"JOB_COMPLETED","data":{"job_id":"051425!124","job_state":"COMPLETED_SUCCESSFULLY","return_code":0,"kill_reason":"","alloc":"32-47"}}]}'
Sending '{"now":62.549773,"events":[{"timestamp":62.549773,"type":"EXECUTE_JOB","data":{"job_id":"051425!137","alloc":"32-47"}}]}'
Received '{"now":63.227124,"events":[{"timestamp":63.227124,"type":"JOB_COMPLETED","data":{"job_id":"051425!131","job_state":"COMPLETED_SUCCESSFULLY","return_code":0,"kill_reason":"","alloc":"16-31"}}]}'
Sending '{"now":63.227124,"events":[{"timestamp":63.227124,"type":"EXECUTE_JOB","data":{"job_id":"051425!139","alloc":"16-31"}}]}'
Received '{"now":63.608895,"events":[{"timestamp":63.608895,"type":"JOB_COMPLETED","data":{"job_id":"051425!137","job_state":"COMPLETED_SUCCESSFULLY","return_code":0,"kill_reason":"","alloc":"32-47"}}]}'
Sending '{"now":63.608895,"events":[{"timestamp":63.608895,"type":"EXECUTE_JOB","data":{"job_id":"051425!140","alloc":"32-47"}}]}'
Received '{"now":63.794710,"events":[{"timestamp":63.794710,"type":"JOB_COMPLETED","data":{"job_id":"051425!123","job_state":"COMPLETED_SUCCESSFULLY","return_code":0,"kill_reason":"","alloc":"0-15"}}]}'
Sending '{"now":63.79471,"events":[{"timestamp":63.79471,"type":"EXECUTE_JOB","data":{"job_id":"051425!141","alloc":"0-15"}}]}'
Received '{"now":64.286275,"events":[{"timestamp":64.286275,"type":"JOB_COMPLETED","data":{"job_id":"051425!139","job_state":"COMPLETED_SUCCESSFULLY","return_code":0,"kill_reason":"","alloc":"16-31"}}]}'
Sending '{"now":64.286275,"events":[{"timestamp":64.286275,"type":"EXECUTE_JOB","data":{"job_id":"051425!142","alloc":"16-31"}}]}'
Received '{"now":64.471564,"events":[{"timestamp":64.471564,"type":"JOB_COMPLETED","data":{"job_id":"051425!142","job_state":"COMPLETED_SUCCESSFULLY","return_code":0,"kill_reason":"","alloc":"16-31"}}]}'
Sending '{"now":64.471564,"events":[{"timestamp":64.471564,"type":"EXECUTE_JOB","data":{"job_id":"051425!144","alloc":"16-31"}}]}'
Received '{"now":64.794858,"events":[{"timestamp":64.794858,"type":"JOB_COMPLETED","data":{"job_id":"051425!144","job_state":"COMPLETED_SUCCESSFULLY","return_code":0,"kill_reason":"","alloc":"16-31"}}]}'
Sending '{"now":64.794858,"events":[{"timestamp":64.794858,"type":"EXECUTE_JOB","data":{"job_id":"051425!147","alloc":"16-31"}}]}'
Received '{"now":64.854131,"events":[{"timestamp":64.854131,"type":"JOB_COMPLETED","data":{"job_id":"051425!141","job_state":"COMPLETED_SUCCESSFULLY","return_code":0,"kill_reason":"","alloc":"0-15"}}]}'
Sending '{"now":64.854131,"events":[{"timestamp":64.854131,"type":"EXECUTE_JOB","data":{"job_id":"051425!148","alloc":"0-15"}}]}'
Received '{"now":65.118198,"events":[{"timestamp":65.118198,"type":"JOB_COMPLETED","data":{"job_id":"051425!147","job_state":"COMPLETED_SUCCESSFULLY","return_code":0,"kill_reason":"","alloc":"16-31"}}]}'
Sending '{"now":65.118198,"events":[{"timestamp":65.118198,"type":"EXECUTE_JOB","data":{"job_id":"051425!149","alloc":"16-31"}}]}'
Received '{"now":66.776810,"events":[{"timestamp":66.776810,"type":"JOB_COMPLETED","data":{"job_id":"051425!140","job_state":"COMPLETED_SUCCESSFULLY","return_code":0,"kill_reason":"","alloc":"32-47"}}]}'
Sending '{"now":66.77681,"events":[{"timestamp":66.77681,"type":"EXECUTE_JOB","data":{"job_id":"051425!152","alloc":"32-47"}}]}'
Received '{"now":66.997273,"events":[{"timestamp":66.997273,"type":"JOB_COMPLETED","data":{"job_id":"051425!133","job_state":"COMPLETED_SUCCESSFULLY","return_code":0,"kill_reason":"","alloc":"48-63"}}]}'
Sending '{"now":66.997273,"events":[{"timestamp":66.997273,"type":"EXECUTE_JOB","data":{"job_id":"051425!153","alloc":"48-63"}}]}'
Received '{"now":68.434050,"events":[{"timestamp":68.434050,"type":"JOB_COMPLETED","data":{"job_id":"051425!148","job_state":"COMPLETED_SUCCESSFULLY","return_code":0,"kill_reason":"","alloc":"0-15"}}]}'
Sending '{"now":68.43405,"events":[{"timestamp":68.43405,"type":"EXECUTE_JOB","data":{"job_id":"051425!155","alloc":"0-15"}}]}'
Received '{"now":69.492603,"events":[{"timestamp":69.492603,"type":"JOB_COMPLETED","data":{"job_id":"051425!155","job_state":"COMPLETED_SUCCESSFULLY","return_code":0,"kill_reason":"","alloc":"0-15"}}]}'
Sending '{"now":69.492603,"events":[{"timestamp":69.492603,"type":"EXECUTE_JOB","data":{"job_id":"051425!157","alloc":"0-15"}}]}'
Received '{"now":69.944605,"events":[{"timestamp":69.944605,"type":"JOB_COMPLETED","data":{"job_id":"051425!152","job_state":"COMPLETED_SUCCESSFULLY","return_code":0,"kill_reason":"","alloc":"32-47"}}]}'
Sending '{"now":69.944605,"events":[{"timestamp":69.944605,"type":"EXECUTE_JOB","data":{"job_id":"051425!158","alloc":"32-47"}}]}'
Received '{"now":70.129752,"events":[{"timestamp":70.129752,"type":"JOB_COMPLETED","data":{"job_id":"051425!158","job_state":"COMPLETED_SUCCESSFULLY","return_code":0,"kill_reason":"","alloc":"32-47"}}]}'
Sending '{"now":70.129752,"events":[{"timestamp":70.129752,"type":"EXECUTE_JOB","data":{"job_id":"051425!160","alloc":"32-47"}}]}'
Received '{"now":70.943490,"events":[{"timestamp":70.943490,"type":"JOB_COMPLETED","data":{"job_id":"051425!149","job_state":"COMPLETED_SUCCESSFULLY","return_code":0,"kill_reason":"","alloc":"16-31"}}]}'
Sending '{"now":70.94349,"events":[]}'
Received '{"now":72.783672,"events":[{"timestamp":72.783672,"type":"JOB_COMPLETED","data":{"job_id":"051425!153","job_state":"COMPLETED_SUCCESSFULLY","return_code":0,"kill_reason":"","alloc":"48-63"}}]}'
Sending '{"now":72.783672,"events":[]}'
Received '{"now":73.297884,"events":[{"timestamp":73.297884,"type":"JOB_COMPLETED","data":{"job_id":"051425!160","job_state":"COMPLETED_SUCCESSFULLY","return_code":0,"kill_reason":"","alloc":"32-47"}}]}'
Sending '{"now":73.297884,"events":[]}'
Received '{"now":75.296608,"events":[{"timestamp":75.296608,"type":"JOB_COMPLETED","data":{"job_id":"051425!157","job_state":"COMPLETED_SUCCESSFULLY","return_code":0,"kill_reason":"","alloc":"0-15"}},{"timestamp":75.296608,"type":"SIMULATION_ENDS","data":{}}]}'
Sending '{"now":75.296608,"events":[]}'
