+ batsim -p batsim-v2.0.0/platforms/small_platform.xml -w batsim-v2.0.0/workload_profiles/test_smpi_compute_only_multijobs.json -e dynamic-mapping-out/out
[0.000000] [batsim/INFO] Workload '208528' corresponds to workload file '/source/tutorial/batsim-v2.0.0/workload_profiles/test_smpi_compute_only_multijobs.json'.
[0.000000] [batsim/INFO] Batsim version: v2.0.0
[0.000000] [workload/INFO] Loading JSON workload '/source/tutorial/batsim-v2.0.0/workload_profiles/test_smpi_compute_only_multijobs.json'...
[0.000000] [profiles/INFO] base_dir = '/source/tutorial/batsim-v2.0.0/workload_profiles'
[0.000000] [profiles/INFO] Filenames of profile '1': [/source/tutorial/batsim-v2.0.0/workload_profiles/smpi/compute_only/actions0.txt, /source/tutorial/batsim-v2.0.0/workload_profiles/smpi/compute_only/actions1.txt]
[0.000000] [workload/INFO] JSON workload parsed sucessfully. Read 4 jobs and 1 profiles.
[0.000000] [workload/INFO] Checking workload validity...
[0.000000] [workload/INFO] Workload seems to be valid.
[0.000000] [xbt_cfg/INFO] Configuration change: Set 'host/model' to 'ptask_L07'
[0.000000] [batsim/INFO] Checking whether SMPI is used or not...
[0.000000] [batsim/INFO] SMPI will be used.
[0.000000] [workload/INFO] Registering SMPI applications of workload '208528'...
[0.000000] [workload/INFO] Registering app. instance='208528!1', nb_process=2
[0.000000] [workload/INFO] Registering app. instance='208528!2', nb_process=2
[0.000000] [workload/INFO] Registering app. instance='208528!3', nb_process=2
[0.000000] [workload/INFO] Registering app. instance='208528!4', nb_process=2
[0.000000] [workload/INFO] SMPI applications of workload '208528' have been registered.
[0.000000] [smpi_kernel/INFO] You did not set the power of the host running the simulation.  The timings will certainly not be accurate.  Use the option "--cfg=smpi/host-speed:<flops>" to set its value.Check http://simgrid.org/simgrid/latest/doc/options.html#options_smpi_bench for more information.
[0.000000] [machines/INFO] Creating the machines from platform file 'batsim-v2.0.0/platforms/small_platform.xml'...
[0.000000] [surf_parse/INFO] You're using a v4.0 XML file (batsim-v2.0.0/platforms/small_platform.xml) while the current standard is v4.1 That's fine, the new version is backward compatible. 

Use simgrid_update_xml to update your file automatically to get rid of this warning. This program is installed automatically with SimGrid, or available in the tools/ directory of the source archive.
[0.000000] [xbt_cfg/INFO] Switching to the L07 model to handle parallel tasks.
[0.000000] [machines/INFO] Looking for master host 'master_host'
[0.000000] [machines/INFO] The machines have been created successfully. There are 4 computing machines.
[0.000000] [batsim/INFO] Batsim's export prefix is 'dynamic-mapping-out/out'.
[0.000000] [batsim/INFO] The process 'workload_submitter_208528' has been created.
[0.000000] [batsim/INFO] The process 'server' has been created.
[master_host:Scheduler REQ-REP:(3) 0.000000] [network/INFO] Sending '{"now":0.000000,"events":[{"timestamp":0.000000,"type":"SIMULATION_BEGINS","data":{"nb_resources":4,"nb_compute_resources":4,"nb_storage_resources":0,"allow_time_sharing":false,"config":{"redis":{"enabled":false,"hostname":"127.0.0.1","port":6379,"prefix":"default"},"job_submission":{"forward_profiles":false,"from_scheduler":{"enabled":false,"acknowledge":true}},"job_kill":{"forward_profiles":false}},"compute_resources":[{"id":0,"name":"Bourassa","state":"idle","properties":{"role":""}},{"id":1,"name":"Fafard","state":"idle","properties":{"role":""}},{"id":2,"name":"Ginette","state":"idle","properties":{"role":""}},{"id":3,"name":"Jupiter","state":"idle","properties":{"role":""}}],"storage_resources":[],"workloads":{"208528":"/source/tutorial/batsim-v2.0.0/workload_profiles/test_smpi_compute_only_multijobs.json"},"profiles":{"208528":{"1":{"type":"smpi","trace":"smpi/compute_only/traces.txt"}}}}}]}'
[master_host:Scheduler REQ-REP:(3) 0.000000] [network/INFO] Received '{"now":0.0,"events":[]}'
[master_host:server:(2) 0.000045] [server/INFO] Job 208528!1 SUBMITTED. 1 jobs submitted so far
[master_host:Scheduler REQ-REP:(4) 0.000045] [network/INFO] Sending '{"now":0.000045,"events":[{"timestamp":0.000045,"type":"JOB_SUBMITTED","data":{"job_id":"208528!1","job":{"id":"208528!1","subtime":0,"walltime":100,"res":2,"profile":"1"}}}]}'
[master_host:Scheduler REQ-REP:(4) 0.000045] [network/INFO] Received '{"now":0.000045,"events":[{"timestamp":0.000045,"type":"EXECUTE_JOB","data":{"job_id":"208528!1","alloc":"0-1","mapping":{"0":"0","1":"1"}}}]}'
[Bourassa:208528!1_0:(6) 0.000060] [jobs_execution/INFO] Replaying rank 0 of job 208528!1 (SMPI)
[Fafard:208528!1_1:(7) 0.000060] [jobs_execution/INFO] Replaying rank 1 of job 208528!1 (SMPI)
[master_host:server:(2) 300.000045] [server/INFO] Job 208528!2 SUBMITTED. 2 jobs submitted so far
[master_host:Scheduler REQ-REP:(8) 300.000045] [network/INFO] Sending '{"now":300.000045,"events":[{"timestamp":300.000045,"type":"JOB_SUBMITTED","data":{"job_id":"208528!2","job":{"id":"208528!2","subtime":300,"walltime":100,"res":2,"profile":"1"}}}]}'
[master_host:Scheduler REQ-REP:(8) 300.000045] [network/INFO] Received '{"now":300.000045,"events":[{"timestamp":300.000045,"type":"EXECUTE_JOB","data":{"job_id":"208528!2","alloc":"2-3","mapping":{"0":"0","1":"1"}}}]}'
[Ginette:208528!2_0:(10) 300.000060] [jobs_execution/INFO] Replaying rank 0 of job 208528!2 (SMPI)
[Jupiter:208528!2_1:(11) 300.000060] [jobs_execution/INFO] Replaying rank 1 of job 208528!2 (SMPI)
[master_host:server:(2) 600.000030] [server/INFO] Job 208528!3 SUBMITTED. 3 jobs submitted so far
[master_host:Scheduler REQ-REP:(12) 600.000030] [network/INFO] Sending '{"now":600.000030,"events":[{"timestamp":600.000030,"type":"JOB_SUBMITTED","data":{"job_id":"208528!3","job":{"id":"208528!3","subtime":600,"walltime":100,"res":2,"profile":"1"}}}]}'
[master_host:Scheduler REQ-REP:(12) 600.000030] [network/INFO] Received '{"now":600.00003,"events":[]}'
[master_host:server:(2) 610.000030] [server/INFO] Job 208528!4 SUBMITTED. 4 jobs submitted so far
[master_host:Scheduler REQ-REP:(13) 610.000030] [network/INFO] Sending '{"now":610.000030,"events":[{"timestamp":610.000030,"type":"JOB_SUBMITTED","data":{"job_id":"208528!4","job":{"id":"208528!4","subtime":610,"walltime":100,"res":2,"profile":"1"}}}]}'
[master_host:Scheduler REQ-REP:(13) 610.000030] [network/INFO] Received '{"now":610.00003,"events":[]}'
[master_host:Scheduler REQ-REP:(14) 610.000060] [network/INFO] Sending '{"now":610.000060,"events":[{"timestamp":610.000045,"type":"NOTIFY","data":{"type":"no_more_static_job_to_submit"}}]}'
[master_host:Scheduler REQ-REP:(14) 610.000060] [network/INFO] Received '{"now":610.00006,"events":[]}'
[Bourassa:208528!1_0:(6) 20621958261.156525] [jobs_execution/INFO] Replaying rank 0 of job 208528!1 (SMPI) done
[Fafard:208528!1_1:(7) 20621958261.156525] [jobs_execution/INFO] Replaying rank 1 of job 208528!1 (SMPI) done
[Bourassa:job_208528!1:(5) 20621958261.156525] [jobs_execution/INFO] Job 208528!1 finished in time (success)
[master_host:server:(2) 20621958261.158482] [server/INFO] Job 208528!1 has COMPLETED. 1 jobs completed so far
[master_host:Scheduler REQ-REP:(15) 20621958261.158482] [network/INFO] Sending '{"now":20621958261.158482,"events":[{"timestamp":20621958261.158482,"type":"JOB_COMPLETED","data":{"job_id":"208528!1","job_state":"COMPLETED_SUCCESSFULLY","return_code":0,"alloc":"0-1"}}]}'
[master_host:Scheduler REQ-REP:(15) 20621958261.158482] [network/INFO] Received '{"now":20621958261.15848,"events":[{"timestamp":20621958261.15848,"type":"EXECUTE_JOB","data":{"job_id":"208528!3","alloc":"0-1","mapping":{"0":"0","1":"1"}}}]}'
[Bourassa:208528!3_0:(17) 20621958261.158497] [jobs_execution/INFO] Replaying rank 0 of job 208528!3 (SMPI)
[Fafard:208528!3_1:(18) 20621958261.158497] [jobs_execution/INFO] Replaying rank 1 of job 208528!3 (SMPI)
[Ginette:208528!2_0:(10) 20621958561.156528] [jobs_execution/INFO] Replaying rank 0 of job 208528!2 (SMPI) done
[Jupiter:208528!2_1:(11) 20621958561.156528] [jobs_execution/INFO] Replaying rank 1 of job 208528!2 (SMPI) done
[Ginette:job_208528!2:(9) 20621958561.156528] [jobs_execution/INFO] Job 208528!2 finished in time (success)
[master_host:server:(2) 20621958561.157803] [server/INFO] Job 208528!2 has COMPLETED. 2 jobs completed so far
[master_host:Scheduler REQ-REP:(19) 20621958561.157803] [network/INFO] Sending '{"now":20621958561.157803,"events":[{"timestamp":20621958561.157803,"type":"JOB_COMPLETED","data":{"job_id":"208528!2","job_state":"COMPLETED_SUCCESSFULLY","return_code":0,"alloc":"2-3"}}]}'
[master_host:Scheduler REQ-REP:(19) 20621958561.157803] [network/INFO] Received '{"now":20621958561.157804,"events":[{"timestamp":20621958561.157804,"type":"EXECUTE_JOB","data":{"job_id":"208528!4","alloc":"2-3","mapping":{"0":"0","1":"1"}}}]}'
[Ginette:208528!4_0:(21) 20621958561.157818] [jobs_execution/INFO] Replaying rank 0 of job 208528!4 (SMPI)
[Jupiter:208528!4_1:(22) 20621958561.157818] [jobs_execution/INFO] Replaying rank 1 of job 208528!4 (SMPI)
[Bourassa:208528!3_0:(17) 41243916522.314972] [jobs_execution/INFO] Replaying rank 0 of job 208528!3 (SMPI) done
[Fafard:208528!3_1:(18) 41243916522.314972] [jobs_execution/INFO] Replaying rank 1 of job 208528!3 (SMPI) done
[Bourassa:job_208528!3:(16) 41243916522.314972] [jobs_execution/INFO] Job 208528!3 finished in time (success)
[master_host:server:(2) 41243916522.316925] [server/INFO] Job 208528!3 has COMPLETED. 3 jobs completed so far
[master_host:Scheduler REQ-REP:(23) 41243916522.316925] [network/INFO] Sending '{"now":41243916522.316925,"events":[{"timestamp":41243916522.316925,"type":"JOB_COMPLETED","data":{"job_id":"208528!3","job_state":"COMPLETED_SUCCESSFULLY","return_code":0,"alloc":"0-1"}}]}'
[master_host:Scheduler REQ-REP:(23) 41243916522.316925] [network/INFO] Received '{"now":41243916522.316928,"events":[]}'
[Ginette:208528!4_0:(21) 41243916822.314293] [smpi_replay/INFO] Simulation time 20621958261.156475
[Ginette:208528!4_0:(21) 41243916822.314293] [jobs_execution/INFO] Replaying rank 0 of job 208528!4 (SMPI) done
[Jupiter:208528!4_1:(22) 41243916822.314293] [jobs_execution/INFO] Replaying rank 1 of job 208528!4 (SMPI) done
[Ginette:job_208528!4:(20) 41243916822.314293] [jobs_execution/INFO] Job 208528!4 finished in time (success)
[master_host:server:(2) 41243916822.315567] [server/INFO] Job 208528!4 has COMPLETED. 4 jobs completed so far
[master_host:server:(2) 41243916822.315567] [server/INFO] The simulation seems to be finished!
[master_host:Scheduler REQ-REP:(24) 41243916822.315567] [network/INFO] Sending '{"now":41243916822.315567,"events":[{"timestamp":41243916822.315567,"type":"JOB_COMPLETED","data":{"job_id":"208528!4","job_state":"COMPLETED_SUCCESSFULLY","return_code":0,"alloc":"2-3"}},{"timestamp":41243916822.315567,"type":"SIMULATION_ENDS","data":{}}]}'
[master_host:Scheduler REQ-REP:(24) 41243916822.315567] [network/INFO] Received '{"now":41243916822.31557,"events":[]}'
[master_host:server:(2) 41243916822.315582] [server/INFO] Simulation is finished!
[41243916822.315582] [export/INFO] PajeTracer finalized
[41243916822.315582] [export/INFO] jobs=4, finished=4, success=4, killed=0, success_rate=1.000000
[41243916822.315582] [export/INFO] makespan=41243916822.314293, scheduling_time=0.013660, mean_waiting_time=10310978903.079109, mean_turnaround_time=30932937164.235580, mean_slowdown=1.500000, max_waiting_time=20621957951.157818, max_turnaround_time=41243916212.314293, max_slowdown=2.000000
[41243916822.315582] [export/INFO] mean_machines_running=41243916522.312943, max_machines_running=41243916522.312943
