+ batsched -v filler --variant_options '{"custom_mapping": true}'
[0m[2m2018-11-13 05:41:46.449 (   0.000s) [        12BA8740]             filler.cpp:39    INFO| [0m{ Filler[0m
[0m[2m2018-11-13 05:41:46.449 (   0.000s) [        12BA8740]             filler.cpp:40    INFO| .   [0mcustom_mapping: true[0m
[0m[2m2018-11-13 05:41:46.450 (   0.001s) [        12BA8740]             filler.cpp:41    INFO| .   [0mfraction_of_machines_to_use: 1[0m
[0m[2m2018-11-13 05:41:46.450 (   0.001s) [        12BA8740]             filler.cpp:42    INFO| .   [0mset_job_metadata: 0[0m
[0m[2m2018-11-13 05:41:46.450 (   0.001s) [        12BA8740]             filler.cpp:39    INFO| [0m} 0.001 s: Filler[0m
[0m[2m2018-11-13 05:41:46.486 (   0.037s) [        12BA8740]            network.cpp:53    INFO| [0mReceived '{"now":0.000000,"events":[{"timestamp":0.000000,"type":"SIMULATION_BEGINS","data":{"nb_resources":4,"nb_compute_resources":4,"nb_storage_resources":0,"allow_time_sharing":false,"config":{"redis":{"enabled":false,"hostname":"127.0.0.1","port":6379,"prefix":"default"},"job_submission":{"forward_profiles":false,"from_scheduler":{"enabled":false,"acknowledge":true}},"job_kill":{"forward_profiles":false}},"compute_resources":[{"id":0,"name":"Bourassa","state":"idle","properties":{"role":""}},{"id":1,"name":"Fafard","state":"idle","properties":{"role":""}},{"id":2,"name":"Ginette","state":"idle","properties":{"role":""}},{"id":3,"name":"Jupiter","state":"idle","properties":{"role":""}}],"storage_resources":[],"workloads":{"208528":"/source/tutorial/batsim-v2.0.0/workload_profiles/test_smpi_compute_only_multijobs.json"},"profiles":{"208528":{"1":{"type":"smpi","trace":"smpi/compute_only/traces.txt"}}}}}]}'[0m
[0m[2m2018-11-13 05:41:46.487 (   0.038s) [        12BA8740]            network.cpp:38    INFO| [0mSending '{"now":0.0,"events":[]}'[0m
[0m[2m2018-11-13 05:41:46.490 (   0.041s) [        12BA8740]            network.cpp:53    INFO| [0mReceived '{"now":0.000045,"events":[{"timestamp":0.000045,"type":"JOB_SUBMITTED","data":{"job_id":"208528!1","job":{"id":"208528!1","subtime":0,"walltime":100,"res":2,"profile":"1"}}}]}'[0m
[0m[2m2018-11-13 05:41:46.490 (   0.041s) [        12BA8740]            network.cpp:38    INFO| [0mSending '{"now":0.000045,"events":[{"timestamp":0.000045,"type":"EXECUTE_JOB","data":{"job_id":"208528!1","alloc":"0-1","mapping":{"0":"0","1":"1"}}}]}'[0m
[0m[2m2018-11-13 05:41:46.498 (   0.049s) [        12BA8740]            network.cpp:53    INFO| [0mReceived '{"now":300.000045,"events":[{"timestamp":300.000045,"type":"JOB_SUBMITTED","data":{"job_id":"208528!2","job":{"id":"208528!2","subtime":300,"walltime":100,"res":2,"profile":"1"}}}]}'[0m
[0m[2m2018-11-13 05:41:46.498 (   0.049s) [        12BA8740]            network.cpp:38    INFO| [0mSending '{"now":300.000045,"events":[{"timestamp":300.000045,"type":"EXECUTE_JOB","data":{"job_id":"208528!2","alloc":"2-3","mapping":{"0":"0","1":"1"}}}]}'[0m
[0m[2m2018-11-13 05:41:46.503 (   0.053s) [        12BA8740]            network.cpp:53    INFO| [0mReceived '{"now":600.000030,"events":[{"timestamp":600.000030,"type":"JOB_SUBMITTED","data":{"job_id":"208528!3","job":{"id":"208528!3","subtime":600,"walltime":100,"res":2,"profile":"1"}}}]}'[0m
[0m[2m2018-11-13 05:41:46.503 (   0.054s) [        12BA8740]            network.cpp:38    INFO| [0mSending '{"now":600.00003,"events":[]}'[0m
[0m[2m2018-11-13 05:41:46.504 (   0.055s) [        12BA8740]            network.cpp:53    INFO| [0mReceived '{"now":610.000030,"events":[{"timestamp":610.000030,"type":"JOB_SUBMITTED","data":{"job_id":"208528!4","job":{"id":"208528!4","subtime":610,"walltime":100,"res":2,"profile":"1"}}}]}'[0m
[0m[2m2018-11-13 05:41:46.505 (   0.056s) [        12BA8740]            network.cpp:38    INFO| [0mSending '{"now":610.00003,"events":[]}'[0m
[0m[2m2018-11-13 05:41:46.506 (   0.057s) [        12BA8740]            network.cpp:53    INFO| [0mReceived '{"now":610.000060,"events":[{"timestamp":610.000045,"type":"NOTIFY","data":{"type":"no_more_static_job_to_submit"}}]}'[0m
[0m[2m2018-11-13 05:41:46.506 (   0.057s) [        12BA8740]            network.cpp:38    INFO| [0mSending '{"now":610.00006,"events":[]}'[0m
[0m[2m2018-11-13 05:41:46.511 (   0.062s) [        12BA8740]            network.cpp:53    INFO| [0mReceived '{"now":20621958261.158482,"events":[{"timestamp":20621958261.158482,"type":"JOB_COMPLETED","data":{"job_id":"208528!1","job_state":"COMPLETED_SUCCESSFULLY","return_code":0,"alloc":"0-1"}}]}'[0m
[0m[2m2018-11-13 05:41:46.511 (   0.062s) [        12BA8740]            network.cpp:38    INFO| [0mSending '{"now":20621958261.15848,"events":[{"timestamp":20621958261.15848,"type":"EXECUTE_JOB","data":{"job_id":"208528!3","alloc":"0-1","mapping":{"0":"0","1":"1"}}}]}'[0m
[0m[2m2018-11-13 05:41:46.519 (   0.070s) [        12BA8740]            network.cpp:53    INFO| [0mReceived '{"now":20621958561.157803,"events":[{"timestamp":20621958561.157803,"type":"JOB_COMPLETED","data":{"job_id":"208528!2","job_state":"COMPLETED_SUCCESSFULLY","return_code":0,"alloc":"2-3"}}]}'[0m
[0m[2m2018-11-13 05:41:46.519 (   0.070s) [        12BA8740]            network.cpp:38    INFO| [0mSending '{"now":20621958561.157804,"events":[{"timestamp":20621958561.157804,"type":"EXECUTE_JOB","data":{"job_id":"208528!4","alloc":"2-3","mapping":{"0":"0","1":"1"}}}]}'[0m
[0m[2m2018-11-13 05:41:46.526 (   0.077s) [        12BA8740]            network.cpp:53    INFO| [0mReceived '{"now":41243916522.316925,"events":[{"timestamp":41243916522.316925,"type":"JOB_COMPLETED","data":{"job_id":"208528!3","job_state":"COMPLETED_SUCCESSFULLY","return_code":0,"alloc":"0-1"}}]}'[0m
[0m[2m2018-11-13 05:41:46.526 (   0.077s) [        12BA8740]            network.cpp:38    INFO| [0mSending '{"now":41243916522.316928,"events":[]}'[0m
[0m[2m2018-11-13 05:41:46.530 (   0.081s) [        12BA8740]            network.cpp:53    INFO| [0mReceived '{"now":41243916822.315567,"events":[{"timestamp":41243916822.315567,"type":"JOB_COMPLETED","data":{"job_id":"208528!4","job_state":"COMPLETED_SUCCESSFULLY","return_code":0,"alloc":"2-3"}},{"timestamp":41243916822.315567,"type":"SIMULATION_ENDS","data":{}}]}'[0m
[0m[2m2018-11-13 05:41:46.531 (   0.082s) [        12BA8740]            network.cpp:38    INFO| [0mSending '{"now":41243916822.31557,"events":[]}'[0m
