variant_options = '{"custom_mapping": true}'
Received '{"now":0.000000,"events":[{"timestamp":0.000000,"type":"SIMULATION_BEGINS","data":{"nb_resources":64,"allow_time_sharing":false,"config":{"redis":{"enabled":false,"hostname":"127.0.0.1","port":6379,"prefix":"default"},"job_submission":{"forward_profiles":false,"from_scheduler":{"enabled":false,"acknowledge":true}}},"resources_data":[{"id":0,"name":"node-0.simgrid.org","state":"idle","properties":{}},{"id":1,"name":"node-1.simgrid.org","state":"idle","properties":{}},{"id":2,"name":"node-2.simgrid.org","state":"idle","properties":{}},{"id":3,"name":"node-3.simgrid.org","state":"idle","properties":{}},{"id":4,"name":"node-4.simgrid.org","state":"idle","properties":{}},{"id":5,"name":"node-5.simgrid.org","state":"idle","properties":{}},{"id":6,"name":"node-6.simgrid.org","state":"idle","properties":{}},{"id":7,"name":"node-7.simgrid.org","state":"idle","properties":{}},{"id":8,"name":"node-8.simgrid.org","state":"idle","properties":{}},{"id":9,"name":"node-9.simgrid.org","state":"idle","properties":{}},{"id":10,"name":"node-10.simgrid.org","state":"idle","properties":{}},{"id":11,"name":"node-11.simgrid.org","state":"idle","properties":{}},{"id":12,"name":"node-12.simgrid.org","state":"idle","properties":{}},{"id":13,"name":"node-13.simgrid.org","state":"idle","properties":{}},{"id":14,"name":"node-14.simgrid.org","state":"idle","properties":{}},{"id":15,"name":"node-15.simgrid.org","state":"idle","properties":{}},{"id":16,"name":"node-16.simgrid.org","state":"idle","properties":{}},{"id":17,"name":"node-17.simgrid.org","state":"idle","properties":{}},{"id":18,"name":"node-18.simgrid.org","state":"idle","properties":{}},{"id":19,"name":"node-19.simgrid.org","state":"idle","properties":{}},{"id":20,"name":"node-20.simgrid.org","state":"idle","properties":{}},{"id":21,"name":"node-21.simgrid.org","state":"idle","properties":{}},{"id":22,"name":"node-22.simgrid.org","state":"idle","properties":{}},{"id":23,"name":"node-23.simgrid.org","state":"idle","properties":{}},{"id":24,"name":"node-24.simgrid.org","state":"idle","properties":{}},{"id":25,"name":"node-25.simgrid.org","state":"idle","properties":{}},{"id":26,"name":"node-26.simgrid.org","state":"idle","properties":{}},{"id":27,"name":"node-27.simgrid.org","state":"idle","properties":{}},{"id":28,"name":"node-28.simgrid.org","state":"idle","properties":{}},{"id":29,"name":"node-29.simgrid.org","state":"idle","properties":{}},{"id":30,"name":"node-30.simgrid.org","state":"idle","properties":{}},{"id":31,"name":"node-31.simgrid.org","state":"idle","properties":{}},{"id":32,"name":"node-32.simgrid.org","state":"idle","properties":{}},{"id":33,"name":"node-33.simgrid.org","state":"idle","properties":{}},{"id":34,"name":"node-34.simgrid.org","state":"idle","properties":{}},{"id":35,"name":"node-35.simgrid.org","state":"idle","properties":{}},{"id":36,"name":"node-36.simgrid.org","state":"idle","properties":{}},{"id":37,"name":"node-37.simgrid.org","state":"idle","properties":{}},{"id":38,"name":"node-38.simgrid.org","state":"idle","properties":{}},{"id":39,"name":"node-39.simgrid.org","state":"idle","properties":{}},{"id":40,"name":"node-40.simgrid.org","state":"idle","properties":{}},{"id":41,"name":"node-41.simgrid.org","state":"idle","properties":{}},{"id":42,"name":"node-42.simgrid.org","state":"idle","properties":{}},{"id":43,"name":"node-43.simgrid.org","state":"idle","properties":{}},{"id":44,"name":"node-44.simgrid.org","state":"idle","properties":{}},{"id":45,"name":"node-45.simgrid.org","state":"idle","properties":{}},{"id":46,"name":"node-46.simgrid.org","state":"idle","properties":{}},{"id":47,"name":"node-47.simgrid.org","state":"idle","properties":{}},{"id":48,"name":"node-48.simgrid.org","state":"idle","properties":{}},{"id":49,"name":"node-49.simgrid.org","state":"idle","properties":{}},{"id":50,"name":"node-50.simgrid.org","state":"idle","properties":{}},{"id":51,"name":"node-51.simgrid.org","state":"idle","properties":{}},{"id":52,"name":"node-52.simgrid.org","state":"idle","properties":{}},{"id":53,"name":"node-53.simgrid.org","state":"idle","properties":{}},{"id":54,"name":"node-54.simgrid.org","state":"idle","properties":{}},{"id":55,"name":"node-55.simgrid.org","state":"idle","properties":{}},{"id":56,"name":"node-56.simgrid.org","state":"idle","properties":{}},{"id":57,"name":"node-57.simgrid.org","state":"idle","properties":{}},{"id":58,"name":"node-58.simgrid.org","state":"idle","properties":{}},{"id":59,"name":"node-59.simgrid.org","state":"idle","properties":{}},{"id":60,"name":"node-60.simgrid.org","state":"idle","properties":{}},{"id":61,"name":"node-61.simgrid.org","state":"idle","properties":{}},{"id":62,"name":"node-62.simgrid.org","state":"idle","properties":{}},{"id":63,"name":"node-63.simgrid.org","state":"idle","properties":{}}],"workloads":{"4d0a44":"/github-simgrid/190311/../batsim-v2.0.0/workload_profiles/npb_60_jobs.json"}}}]}'
Sending '{"now":0.0,"events":[]}'
Received '{"now":0.125861,"events":[{"timestamp":0.125861,"type":"JOB_SUBMITTED","data":{"job_id":"4d0a44!1","job":{"id":"4d0a44!1","profile":"LU.S.4","res":4,"subtime":0.118055,"walltime":4200}}}]}'
Sending '{"now":0.125861,"events":[{"timestamp":0.125861,"type":"EXECUTE_JOB","data":{"job_id":"4d0a44!1","alloc":"0-3"}}]}'
Received '{"now":0.252513,"events":[{"timestamp":0.252513,"type":"JOB_SUBMITTED","data":{"job_id":"4d0a44!2","job":{"id":"4d0a44!2","profile":"SP.S.4","res":4,"subtime":0.244707,"walltime":4200}}}]}'
Sending '{"now":0.252513,"events":[{"timestamp":0.252513,"type":"EXECUTE_JOB","data":{"job_id":"4d0a44!2","alloc":"4-7"}}]}'
Received '{"now":0.830877,"events":[{"timestamp":0.830877,"type":"JOB_SUBMITTED","data":{"job_id":"4d0a44!3","job":{"id":"4d0a44!3","profile":"MG.S.4","res":4,"subtime":0.823071,"walltime":4200}}}]}'
Sending '{"now":0.830877,"events":[{"timestamp":0.830877,"type":"EXECUTE_JOB","data":{"job_id":"4d0a44!3","alloc":"8-11"}}]}'
Received '{"now":0.908243,"events":[{"timestamp":0.908243,"type":"JOB_SUBMITTED","data":{"job_id":"4d0a44!4","job":{"id":"4d0a44!4","profile":"FT.S.4","res":4,"subtime":0.900437,"walltime":4200}}}]}'
Sending '{"now":0.908243,"events":[{"timestamp":0.908243,"type":"EXECUTE_JOB","data":{"job_id":"4d0a44!4","alloc":"12-15"}}]}'
Received '{"now":0.931655,"events":[{"timestamp":0.916049,"type":"JOB_SUBMITTED","data":{"job_id":"4d0a44!5","job":{"id":"4d0a44!5","profile":"MG.S.16","res":16,"subtime":0.900472,"walltime":4200}}}]}'
Sending '{"now":0.931655,"events":[{"timestamp":0.916049,"type":"EXECUTE_JOB","data":{"job_id":"4d0a44!5","alloc":"16-31"}}]}'
Received '{"now":1.095189,"events":[{"timestamp":1.095189,"type":"JOB_COMPLETED","data":{"job_id":"4d0a44!4","job_state":"COMPLETED_SUCCESSFULLY","return_code":0,"kill_reason":"","alloc":"12-15"}}]}'
Sending '{"now":1.095189,"events":[]}'
Received '{"now":1.390563,"events":[{"timestamp":1.390563,"type":"JOB_COMPLETED","data":{"job_id":"4d0a44!3","job_state":"COMPLETED_SUCCESSFULLY","return_code":0,"kill_reason":"","alloc":"8-11"}}]}'
Sending '{"now":1.390563,"events":[]}'
Received '{"now":1.447518,"events":[{"timestamp":1.447518,"type":"JOB_COMPLETED","data":{"job_id":"4d0a44!2","job_state":"COMPLETED_SUCCESSFULLY","return_code":0,"kill_reason":"","alloc":"4-7"}}]}'
Sending '{"now":1.447518,"events":[]}'
Received '{"now":1.709712,"events":[{"timestamp":1.709712,"type":"JOB_SUBMITTED","data":{"job_id":"4d0a44!6","job":{"id":"4d0a44!6","profile":"FT.S.4","res":4,"subtime":1.701906,"walltime":4200}}}]}'
Sending '{"now":1.709712,"events":[{"timestamp":1.709712,"type":"EXECUTE_JOB","data":{"job_id":"4d0a44!6","alloc":"4-7"}}]}'
Received '{"now":1.888872,"events":[{"timestamp":1.888872,"type":"JOB_COMPLETED","data":{"job_id":"4d0a44!6","job_state":"COMPLETED_SUCCESSFULLY","return_code":0,"kill_reason":"","alloc":"4-7"}}]}'
Sending '{"now":1.888872,"events":[]}'
Received '{"now":1.991297,"events":[{"timestamp":1.991297,"type":"JOB_COMPLETED","data":{"job_id":"4d0a44!5","job_state":"COMPLETED_SUCCESSFULLY","return_code":0,"kill_reason":"","alloc":"16-31"}}]}'
Sending '{"now":1.991297,"events":[]}'
Received '{"now":2.479850,"events":[{"timestamp":2.479850,"type":"JOB_SUBMITTED","data":{"job_id":"4d0a44!7","job":{"id":"4d0a44!7","profile":"CG.S.4","res":4,"subtime":2.472044,"walltime":4200}}}]}'
Sending '{"now":2.47985,"events":[{"timestamp":2.47985,"type":"EXECUTE_JOB","data":{"job_id":"4d0a44!7","alloc":"4-7"}}]}'
Received '{"now":2.543030,"events":[{"timestamp":2.543030,"type":"JOB_COMPLETED","data":{"job_id":"4d0a44!1","job_state":"COMPLETED_SUCCESSFULLY","return_code":0,"kill_reason":"","alloc":"0-3"}}]}'
Sending '{"now":2.54303,"events":[]}'
Received '{"now":2.558642,"events":[{"timestamp":2.550836,"type":"JOB_SUBMITTED","data":{"job_id":"4d0a44!8","job":{"id":"4d0a44!8","profile":"MG.S.4","res":4,"subtime":2.542712,"walltime":4200}}}]}'
Sending '{"now":2.558642,"events":[{"timestamp":2.550836,"type":"EXECUTE_JOB","data":{"job_id":"4d0a44!8","alloc":"0-3"}}]}'
Received '{"now":2.787023,"events":[{"timestamp":2.787023,"type":"JOB_SUBMITTED","data":{"job_id":"4d0a44!9","job":{"id":"4d0a44!9","profile":"IS.S.4","res":4,"subtime":2.779217,"walltime":4200}}}]}'
Sending '{"now":2.787023,"events":[{"timestamp":2.787023,"type":"EXECUTE_JOB","data":{"job_id":"4d0a44!9","alloc":"8-11"}}]}'
Received '{"now":2.912368,"events":[{"timestamp":2.912368,"type":"JOB_COMPLETED","data":{"job_id":"4d0a44!9","job_state":"COMPLETED_SUCCESSFULLY","return_code":0,"kill_reason":"","alloc":"8-11"}}]}'
Sending '{"now":2.912368,"events":[]}'
Received '{"now":3.030641,"events":[{"timestamp":3.030641,"type":"JOB_SUBMITTED","data":{"job_id":"4d0a44!10","job":{"id":"4d0a44!10","profile":"CG.S.4","res":4,"subtime":3.022835,"walltime":4200}}}]}'
Sending '{"now":3.030641,"events":[{"timestamp":3.030641,"type":"EXECUTE_JOB","data":{"job_id":"4d0a44!10","alloc":"8-11"}}]}'
Received '{"now":3.118404,"events":[{"timestamp":3.118404,"type":"JOB_COMPLETED","data":{"job_id":"4d0a44!8","job_state":"COMPLETED_SUCCESSFULLY","return_code":0,"kill_reason":"","alloc":"0-3"}}]}'
Sending '{"now":3.118404,"events":[]}'
Received '{"now":3.542773,"events":[{"timestamp":3.542773,"type":"JOB_SUBMITTED","data":{"job_id":"4d0a44!11","job":{"id":"4d0a44!11","profile":"SP.S.16","res":16,"subtime":3.534967,"walltime":4200}}}]}'
Sending '{"now":3.542773,"events":[{"timestamp":3.542773,"type":"EXECUTE_JOB","data":{"job_id":"4d0a44!11","alloc":"12-27"}}]}'
Received '{"now":3.601941,"events":[{"timestamp":3.601941,"type":"JOB_COMPLETED","data":{"job_id":"4d0a44!7","job_state":"COMPLETED_SUCCESSFULLY","return_code":0,"kill_reason":"","alloc":"4-7"}}]}'
Sending '{"now":3.601941,"events":[]}'
Received '{"now":3.722159,"events":[{"timestamp":3.722159,"type":"JOB_SUBMITTED","data":{"job_id":"4d0a44!12","job":{"id":"4d0a44!12","profile":"IS.S.16","res":16,"subtime":3.714357,"walltime":4200}}}]}'
Sending '{"now":3.722159,"events":[{"timestamp":3.722159,"type":"EXECUTE_JOB","data":{"job_id":"4d0a44!12","alloc":"28-43"}}]}'
Received '{"now":3.930518,"events":[{"timestamp":3.930518,"type":"JOB_COMPLETED","data":{"job_id":"4d0a44!12","job_state":"COMPLETED_SUCCESSFULLY","return_code":0,"kill_reason":"","alloc":"28-43"}}]}'
Sending '{"now":3.930518,"events":[]}'
Received '{"now":4.152375,"events":[{"timestamp":4.152375,"type":"JOB_COMPLETED","data":{"job_id":"4d0a44!10","job_state":"COMPLETED_SUCCESSFULLY","return_code":0,"kill_reason":"","alloc":"8-11"}}]}'
Sending '{"now":4.152375,"events":[]}'
Received '{"now":4.647282,"events":[{"timestamp":4.647282,"type":"JOB_SUBMITTED","data":{"job_id":"4d0a44!13","job":{"id":"4d0a44!13","profile":"SP.S.16","res":16,"subtime":4.639476,"walltime":4200}}}]}'
Sending '{"now":4.647282,"events":[{"timestamp":4.647282,"type":"EXECUTE_JOB","data":{"job_id":"4d0a44!13","alloc":"28-43"}}]}'
Received '{"now":5.029775,"events":[{"timestamp":5.029775,"type":"JOB_SUBMITTED","data":{"job_id":"4d0a44!14","job":{"id":"4d0a44!14","profile":"MG.S.16","res":16,"subtime":5.021969,"walltime":4200}}}]}'
Sending '{"now":5.029775,"events":[{"timestamp":5.029775,"type":"EXECUTE_JOB","data":{"job_id":"4d0a44!14","alloc":"44-59"}}]}'
Received '{"now":5.054910,"events":[{"timestamp":5.054910,"type":"JOB_SUBMITTED","data":{"job_id":"4d0a44!15","job":{"id":"4d0a44!15","profile":"FT.S.16","res":16,"subtime":5.047104,"walltime":4200}}}]}'
Sending '{"now":5.05491,"events":[]}'
Received '{"now":5.216435,"events":[{"timestamp":5.216435,"type":"JOB_SUBMITTED","data":{"job_id":"4d0a44!16","job":{"id":"4d0a44!16","profile":"FT.S.16","res":16,"subtime":5.208629,"walltime":4200}}}]}'
Sending '{"now":5.216435,"events":[]}'
Received '{"now":5.352272,"events":[{"timestamp":5.352272,"type":"JOB_SUBMITTED","data":{"job_id":"4d0a44!17","job":{"id":"4d0a44!17","profile":"FT.S.16","res":16,"subtime":5.344478,"walltime":4200}}}]}'
Sending '{"now":5.352272,"events":[]}'
Received '{"now":5.636212,"events":[{"timestamp":5.636212,"type":"JOB_SUBMITTED","data":{"job_id":"4d0a44!18","job":{"id":"4d0a44!18","profile":"SP.S.16","res":16,"subtime":5.628406,"walltime":4200}}}]}'
Sending '{"now":5.6362120000000008,"events":[]}'
Received '{"now":5.749761,"events":[{"timestamp":5.749761,"type":"JOB_SUBMITTED","data":{"job_id":"4d0a44!19","job":{"id":"4d0a44!19","profile":"MG.S.16","res":16,"subtime":5.741963,"walltime":4200}}}]}'
Sending '{"now":5.749761,"events":[]}'
Received '{"now":5.896243,"events":[{"timestamp":5.896243,"type":"JOB_SUBMITTED","data":{"job_id":"4d0a44!20","job":{"id":"4d0a44!20","profile":"CG.S.4","res":4,"subtime":5.888437,"walltime":4200}}}]}'
Sending '{"now":5.896243,"events":[{"timestamp":5.896243,"type":"EXECUTE_JOB","data":{"job_id":"4d0a44!20","alloc":"60-63"}}]}'
Received '{"now":6.261103,"events":[{"timestamp":6.261103,"type":"JOB_COMPLETED","data":{"job_id":"4d0a44!14","job_state":"COMPLETED_SUCCESSFULLY","return_code":0,"kill_reason":"","alloc":"44-59"}}]}'
Sending '{"now":6.261103,"events":[{"timestamp":6.261103,"type":"EXECUTE_JOB","data":{"job_id":"4d0a44!15","alloc":"44-59"}}]}'
Received '{"now":6.631421,"events":[{"timestamp":6.631421,"type":"JOB_COMPLETED","data":{"job_id":"4d0a44!15","job_state":"COMPLETED_SUCCESSFULLY","return_code":0,"kill_reason":"","alloc":"44-59"}}]}'
Sending '{"now":6.631421,"events":[{"timestamp":6.631421,"type":"EXECUTE_JOB","data":{"job_id":"4d0a44!16","alloc":"44-59"}}]}'
Received '{"now":6.768534,"events":[{"timestamp":6.768534,"type":"JOB_SUBMITTED","data":{"job_id":"4d0a44!21","job":{"id":"4d0a44!21","profile":"CG.S.4","res":4,"subtime":6.760729,"walltime":4200}}}]}'
Sending '{"now":6.768534,"events":[]}'
Received '{"now":7.002005,"events":[{"timestamp":7.002005,"type":"JOB_COMPLETED","data":{"job_id":"4d0a44!16","job_state":"COMPLETED_SUCCESSFULLY","return_code":0,"kill_reason":"","alloc":"44-59"}}]}'
Sending '{"now":7.002005,"events":[{"timestamp":7.002005,"type":"EXECUTE_JOB","data":{"job_id":"4d0a44!17","alloc":"44-59"}}]}'
Received '{"now":7.031287,"events":[{"timestamp":7.023481,"type":"JOB_COMPLETED","data":{"job_id":"4d0a44!20","job_state":"COMPLETED_SUCCESSFULLY","return_code":0,"kill_reason":"","alloc":"60-63"}}]}'
Sending '{"now":7.031287,"events":[{"timestamp":7.031287,"type":"EXECUTE_JOB","data":{"job_id":"4d0a44!21","alloc":"60-63"}}]}'
Received '{"now":7.372275,"events":[{"timestamp":7.372275,"type":"JOB_COMPLETED","data":{"job_id":"4d0a44!17","job_state":"COMPLETED_SUCCESSFULLY","return_code":0,"kill_reason":"","alloc":"44-59"}}]}'
Sending '{"now":7.372275,"events":[{"timestamp":7.372275,"type":"EXECUTE_JOB","data":{"job_id":"4d0a44!18","alloc":"44-59"}}]}'
Received '{"now":7.680458,"events":[{"timestamp":7.680458,"type":"JOB_SUBMITTED","data":{"job_id":"4d0a44!22","job":{"id":"4d0a44!22","profile":"LU.S.4","res":4,"subtime":7.672652,"walltime":4200}}}]}'
Sending '{"now":7.680458,"events":[]}'
Received '{"now":7.859227,"events":[{"timestamp":7.859227,"type":"JOB_SUBMITTED","data":{"job_id":"4d0a44!23","job":{"id":"4d0a44!23","profile":"CG.S.16","res":16,"subtime":7.851421,"walltime":4200}}}]}'
Sending '{"now":7.859227,"events":[]}'
Received '{"now":8.055392,"events":[{"timestamp":8.055392,"type":"JOB_SUBMITTED","data":{"job_id":"4d0a44!24","job":{"id":"4d0a44!24","profile":"SP.S.4","res":4,"subtime":8.047586,"walltime":4200}}}]}'
Sending '{"now":8.055392,"events":[]}'
Received '{"now":8.151944,"events":[{"timestamp":8.151944,"type":"JOB_COMPLETED","data":{"job_id":"4d0a44!21","job_state":"COMPLETED_SUCCESSFULLY","return_code":0,"kill_reason":"","alloc":"60-63"}}]}'
Sending '{"now":8.151944,"events":[{"timestamp":8.151944,"type":"EXECUTE_JOB","data":{"job_id":"4d0a44!22","alloc":"60-63"}}]}'
Received '{"now":9.183720,"events":[{"timestamp":9.183720,"type":"JOB_SUBMITTED","data":{"job_id":"4d0a44!25","job":{"id":"4d0a44!25","profile":"IS.S.16","res":16,"subtime":9.175921,"walltime":4200}}}]}'
Sending '{"now":9.18372,"events":[]}'
Received '{"now":9.220724,"events":[{"timestamp":9.220724,"type":"JOB_SUBMITTED","data":{"job_id":"4d0a44!26","job":{"id":"4d0a44!26","profile":"LU.S.16","res":16,"subtime":9.212926,"walltime":4200}}}]}'
Sending '{"now":9.220724,"events":[]}'
Received '{"now":9.332921,"events":[{"timestamp":9.332921,"type":"JOB_SUBMITTED","data":{"job_id":"4d0a44!27","job":{"id":"4d0a44!27","profile":"MG.S.16","res":16,"subtime":9.325125,"walltime":4200}}}]}'
Sending '{"now":9.332921,"events":[]}'
Received '{"now":9.580572,"events":[{"timestamp":9.580572,"type":"JOB_SUBMITTED","data":{"job_id":"4d0a44!28","job":{"id":"4d0a44!28","profile":"FT.S.4","res":4,"subtime":9.572772,"walltime":4200}}}]}'
Sending '{"now":9.580572,"events":[]}'
Received '{"now":9.691663,"events":[{"timestamp":9.691663,"type":"JOB_SUBMITTED","data":{"job_id":"4d0a44!29","job":{"id":"4d0a44!29","profile":"LU.S.16","res":16,"subtime":9.683862,"walltime":4200}}}]}'
Sending '{"now":9.691663,"events":[]}'
Received '{"now":10.055853,"events":[{"timestamp":10.055853,"type":"JOB_SUBMITTED","data":{"job_id":"4d0a44!30","job":{"id":"4d0a44!30","profile":"MG.S.16","res":16,"subtime":10.048049,"walltime":4200}}}]}'
Sending '{"now":10.055853,"events":[]}'
Received '{"now":10.198696,"events":[{"timestamp":10.198696,"type":"JOB_COMPLETED","data":{"job_id":"4d0a44!11","job_state":"COMPLETED_SUCCESSFULLY","return_code":0,"kill_reason":"","alloc":"12-27"}}]}'
Sending '{"now":10.198696,"events":[{"timestamp":10.198696,"type":"EXECUTE_JOB","data":{"job_id":"4d0a44!19","alloc":"0-15"}}]}'
Received '{"now":10.566916,"events":[{"timestamp":10.566916,"type":"JOB_COMPLETED","data":{"job_id":"4d0a44!22","job_state":"COMPLETED_SUCCESSFULLY","return_code":0,"kill_reason":"","alloc":"60-63"}}]}'
Sending '{"now":10.566916,"events":[{"timestamp":10.566916,"type":"EXECUTE_JOB","data":{"job_id":"4d0a44!24","alloc":"60-63"}}]}'
Received '{"now":10.590333,"events":[{"timestamp":10.582527,"type":"JOB_SUBMITTED","data":{"job_id":"4d0a44!31","job":{"id":"4d0a44!31","profile":"LU.S.4","res":4,"subtime":10.572844,"walltime":4200}}}]}'
Sending '{"now":10.590333,"events":[]}'
Received '{"now":10.841499,"events":[{"timestamp":10.841499,"type":"JOB_SUBMITTED","data":{"job_id":"4d0a44!32","job":{"id":"4d0a44!32","profile":"FT.S.4","res":4,"subtime":10.833693,"walltime":4200}}}]}'
Sending '{"now":10.841499,"events":[]}'
Received '{"now":11.257434,"events":[{"timestamp":11.257434,"type":"JOB_COMPLETED","data":{"job_id":"4d0a44!19","job_state":"COMPLETED_SUCCESSFULLY","return_code":0,"kill_reason":"","alloc":"0-15"}}]}'
Sending '{"now":11.257434,"events":[{"timestamp":11.257434,"type":"EXECUTE_JOB","data":{"job_id":"4d0a44!23","alloc":"0-15"}}]}'
Received '{"now":11.286694,"events":[{"timestamp":11.278893,"type":"JOB_COMPLETED","data":{"job_id":"4d0a44!13","job_state":"COMPLETED_SUCCESSFULLY","return_code":0,"kill_reason":"","alloc":"28-43"}}]}'
Sending '{"now":11.286694,"events":[{"timestamp":11.286694,"type":"EXECUTE_JOB","data":{"job_id":"4d0a44!25","alloc":"16-31"}}]}'
Received '{"now":11.471930,"events":[{"timestamp":11.471930,"type":"JOB_COMPLETED","data":{"job_id":"4d0a44!25","job_state":"COMPLETED_SUCCESSFULLY","return_code":0,"kill_reason":"","alloc":"16-31"}}]}'
Sending '{"now":11.47193,"events":[{"timestamp":11.47193,"type":"EXECUTE_JOB","data":{"job_id":"4d0a44!26","alloc":"16-31"}}]}'
Received '{"now":11.656912,"events":[{"timestamp":11.656912,"type":"JOB_SUBMITTED","data":{"job_id":"4d0a44!33","job":{"id":"4d0a44!33","profile":"BT.S.16","res":16,"subtime":11.649112,"walltime":4200}}}]}'
Sending '{"now":11.656912,"events":[]}'
Received '{"now":11.865249,"events":[{"timestamp":11.865249,"type":"JOB_COMPLETED","data":{"job_id":"4d0a44!24","job_state":"COMPLETED_SUCCESSFULLY","return_code":0,"kill_reason":"","alloc":"60-63"}}]}'
Sending '{"now":11.865249,"events":[{"timestamp":11.865249,"type":"EXECUTE_JOB","data":{"job_id":"4d0a44!28","alloc":"60-63"}}]}'
Received '{"now":12.044762,"events":[{"timestamp":12.044762,"type":"JOB_COMPLETED","data":{"job_id":"4d0a44!28","job_state":"COMPLETED_SUCCESSFULLY","return_code":0,"kill_reason":"","alloc":"60-63"}}]}'
Sending '{"now":12.044762,"events":[{"timestamp":12.044762,"type":"EXECUTE_JOB","data":{"job_id":"4d0a44!31","alloc":"60-63"}}]}'
Received '{"now":12.224745,"events":[{"timestamp":12.224745,"type":"JOB_SUBMITTED","data":{"job_id":"4d0a44!34","job":{"id":"4d0a44!34","profile":"SP.S.16","res":16,"subtime":12.216940,"walltime":4200}}}]}'
Sending '{"now":12.224745,"events":[]}'
Received '{"now":12.578457,"events":[{"timestamp":12.578457,"type":"JOB_SUBMITTED","data":{"job_id":"4d0a44!35","job":{"id":"4d0a44!35","profile":"IS.S.4","res":4,"subtime":12.570651,"walltime":4200}}}]}'
Sending '{"now":12.578457,"events":[]}'
Received '{"now":12.605500,"events":[{"timestamp":12.605500,"type":"JOB_SUBMITTED","data":{"job_id":"4d0a44!36","job":{"id":"4d0a44!36","profile":"MG.S.4","res":4,"subtime":12.597695,"walltime":4200}}}]}'
Sending '{"now":12.6055,"events":[]}'
Received '{"now":13.083217,"events":[{"timestamp":13.083217,"type":"JOB_SUBMITTED","data":{"job_id":"4d0a44!37","job":{"id":"4d0a44!37","profile":"CG.S.4","res":4,"subtime":13.075426,"walltime":4200}}}]}'
Sending '{"now":13.083217,"events":[]}'
Received '{"now":13.402568,"events":[{"timestamp":13.402568,"type":"JOB_SUBMITTED","data":{"job_id":"4d0a44!38","job":{"id":"4d0a44!38","profile":"CG.S.16","res":16,"subtime":13.394762,"walltime":4200}}}]}'
Sending '{"now":13.402568,"events":[]}'
Received '{"now":13.859323,"events":[{"timestamp":13.859323,"type":"JOB_SUBMITTED","data":{"job_id":"4d0a44!39","job":{"id":"4d0a44!39","profile":"BT.S.4","res":4,"subtime":13.851517,"walltime":4200}}}]}'
Sending '{"now":13.859323,"events":[]}'
Received '{"now":13.992384,"events":[{"timestamp":13.992384,"type":"JOB_COMPLETED","data":{"job_id":"4d0a44!18","job_state":"COMPLETED_SUCCESSFULLY","return_code":0,"kill_reason":"","alloc":"44-59"}}]}'
Sending '{"now":13.992384,"events":[{"timestamp":13.992384,"type":"EXECUTE_JOB","data":{"job_id":"4d0a44!27","alloc":"32-47"}},{"timestamp":13.992384,"type":"EXECUTE_JOB","data":{"job_id":"4d0a44!32","alloc":"48-51"}},{"timestamp":13.992384,"type":"EXECUTE_JOB","data":{"job_id":"4d0a44!35","alloc":"52-55"}},{"timestamp":13.992384,"type":"EXECUTE_JOB","data":{"job_id":"4d0a44!36","alloc":"56-59"}}]}'
Received '{"now":14.039220,"events":[{"timestamp":14.007996,"type":"JOB_SUBMITTED","data":{"job_id":"4d0a44!40","job":{"id":"4d0a44!40","profile":"IS.S.4","res":4,"subtime":13.997843,"walltime":4200}}}]}'
Sending '{"now":14.03922,"events":[]}'
Received '{"now":14.141134,"events":[{"timestamp":14.141134,"type":"JOB_COMPLETED","data":{"job_id":"4d0a44!35","job_state":"COMPLETED_SUCCESSFULLY","return_code":0,"kill_reason":"","alloc":"52-55"}}]}'
Sending '{"now":14.141134,"events":[{"timestamp":14.141134,"type":"EXECUTE_JOB","data":{"job_id":"4d0a44!37","alloc":"52-55"}}]}'
Received '{"now":14.187156,"events":[{"timestamp":14.187156,"type":"JOB_COMPLETED","data":{"job_id":"4d0a44!32","job_state":"COMPLETED_SUCCESSFULLY","return_code":0,"kill_reason":"","alloc":"48-51"}}]}'
Sending '{"now":14.187156,"events":[{"timestamp":14.187156,"type":"EXECUTE_JOB","data":{"job_id":"4d0a44!39","alloc":"48-51"}}]}'
Received '{"now":14.461213,"events":[{"timestamp":14.461213,"type":"JOB_COMPLETED","data":{"job_id":"4d0a44!31","job_state":"COMPLETED_SUCCESSFULLY","return_code":0,"kill_reason":"","alloc":"60-63"}}]}'
Sending '{"now":14.461213,"events":[{"timestamp":14.461213,"type":"EXECUTE_JOB","data":{"job_id":"4d0a44!40","alloc":"60-63"}}]}'
Received '{"now":14.496457,"events":[{"timestamp":14.496457,"type":"JOB_SUBMITTED","data":{"job_id":"4d0a44!41","job":{"id":"4d0a44!41","profile":"CG.S.4","res":4,"subtime":14.488651,"walltime":4200}}}]}'
Sending '{"now":14.496457,"events":[]}'
Received '{"now":14.583232,"events":[{"timestamp":14.583232,"type":"JOB_COMPLETED","data":{"job_id":"4d0a44!36","job_state":"COMPLETED_SUCCESSFULLY","return_code":0,"kill_reason":"","alloc":"56-59"}}]}'
Sending '{"now":14.583232,"events":[{"timestamp":14.583232,"type":"EXECUTE_JOB","data":{"job_id":"4d0a44!41","alloc":"56-59"}}]}'
Received '{"now":14.612504,"events":[{"timestamp":14.596892,"type":"JOB_COMPLETED","data":{"job_id":"4d0a44!40","job_state":"COMPLETED_SUCCESSFULLY","return_code":0,"kill_reason":"","alloc":"60-63"}}]}'
Sending '{"now":14.612504,"events":[]}'
Received '{"now":14.838897,"events":[{"timestamp":14.838897,"type":"JOB_COMPLETED","data":{"job_id":"4d0a44!23","job_state":"COMPLETED_SUCCESSFULLY","return_code":0,"kill_reason":"","alloc":"0-15"}}]}'
Sending '{"now":14.838897,"events":[{"timestamp":14.838897,"type":"EXECUTE_JOB","data":{"job_id":"4d0a44!29","alloc":"0-15"}}]}'
Received '{"now":14.875982,"events":[{"timestamp":14.854515,"type":"JOB_SUBMITTED","data":{"job_id":"4d0a44!42","job":{"id":"4d0a44!42","profile":"BT.S.16","res":16,"subtime":14.839785,"walltime":4200}}},{"timestamp":14.868176,"type":"JOB_COMPLETED","data":{"job_id":"4d0a44!39","job_state":"COMPLETED_SUCCESSFULLY","return_code":0,"kill_reason":"","alloc":"48-51"}}]}'
Sending '{"now":14.875982,"events":[]}'
Received '{"now":14.927102,"events":[{"timestamp":14.927102,"type":"JOB_SUBMITTED","data":{"job_id":"4d0a44!43","job":{"id":"4d0a44!43","profile":"MG.S.16","res":16,"subtime":14.919296,"walltime":4200}}}]}'
Sending '{"now":14.927102,"events":[]}'
Received '{"now":15.051945,"events":[{"timestamp":15.051945,"type":"JOB_COMPLETED","data":{"job_id":"4d0a44!27","job_state":"COMPLETED_SUCCESSFULLY","return_code":0,"kill_reason":"","alloc":"32-47"}}]}'
Sending '{"now":15.051945,"events":[{"timestamp":15.051945,"type":"EXECUTE_JOB","data":{"job_id":"4d0a44!30","alloc":"32-47"}}]}'
Received '{"now":15.263206,"events":[{"timestamp":15.263206,"type":"JOB_COMPLETED","data":{"job_id":"4d0a44!37","job_state":"COMPLETED_SUCCESSFULLY","return_code":0,"kill_reason":"","alloc":"52-55"}}]}'
Sending '{"now":15.263206,"events":[]}'
Received '{"now":15.362769,"events":[{"timestamp":15.362769,"type":"JOB_SUBMITTED","data":{"job_id":"4d0a44!44","job":{"id":"4d0a44!44","profile":"SP.S.4","res":4,"subtime":15.354963,"walltime":4200}}}]}'
Sending '{"now":15.362769,"events":[{"timestamp":15.362769,"type":"EXECUTE_JOB","data":{"job_id":"4d0a44!44","alloc":"48-51"}}]}'
Received '{"now":15.718923,"events":[{"timestamp":15.718923,"type":"JOB_COMPLETED","data":{"job_id":"4d0a44!41","job_state":"COMPLETED_SUCCESSFULLY","return_code":0,"kill_reason":"","alloc":"56-59"}}]}'
Sending '{"now":15.718923,"events":[]}'
Received '{"now":15.932783,"events":[{"timestamp":15.932783,"type":"JOB_SUBMITTED","data":{"job_id":"4d0a44!45","job":{"id":"4d0a44!45","profile":"LU.S.4","res":4,"subtime":15.924977,"walltime":4200}}}]}'
Sending '{"now":15.932783,"events":[{"timestamp":15.932783,"type":"EXECUTE_JOB","data":{"job_id":"4d0a44!45","alloc":"52-55"}}]}'
Received '{"now":16.111498,"events":[{"timestamp":16.111498,"type":"JOB_COMPLETED","data":{"job_id":"4d0a44!30","job_state":"COMPLETED_SUCCESSFULLY","return_code":0,"kill_reason":"","alloc":"32-47"}}]}'
Sending '{"now":16.111498,"events":[{"timestamp":16.111498,"type":"EXECUTE_JOB","data":{"job_id":"4d0a44!33","alloc":"32-47"}}]}'
Received '{"now":16.134916,"events":[{"timestamp":16.119304,"type":"JOB_SUBMITTED","data":{"job_id":"4d0a44!46","job":{"id":"4d0a44!46","profile":"CG.S.16","res":16,"subtime":16.100497,"walltime":4200}}}]}'
Sending '{"now":16.134916,"events":[]}'
Received '{"now":16.308113,"events":[{"timestamp":16.308113,"type":"JOB_SUBMITTED","data":{"job_id":"4d0a44!47","job":{"id":"4d0a44!47","profile":"BT.S.16","res":16,"subtime":16.300307,"walltime":4200}}}]}'
Sending '{"now":16.308113,"events":[]}'
Received '{"now":16.348776,"events":[{"timestamp":16.348776,"type":"JOB_SUBMITTED","data":{"job_id":"4d0a44!48","job":{"id":"4d0a44!48","profile":"FT.S.16","res":16,"subtime":16.340970,"walltime":4200}}}]}'
Sending '{"now":16.348776,"events":[]}'
Received '{"now":16.558019,"events":[{"timestamp":16.558019,"type":"JOB_COMPLETED","data":{"job_id":"4d0a44!44","job_state":"COMPLETED_SUCCESSFULLY","return_code":0,"kill_reason":"","alloc":"48-51"}}]}'
Sending '{"now":16.558019,"events":[]}'
Received '{"now":16.752708,"events":[{"timestamp":16.752708,"type":"JOB_SUBMITTED","data":{"job_id":"4d0a44!49","job":{"id":"4d0a44!49","profile":"MG.S.4","res":4,"subtime":16.744902,"walltime":4200}}}]}'
Sending '{"now":16.752708,"events":[{"timestamp":16.752708,"type":"EXECUTE_JOB","data":{"job_id":"4d0a44!49","alloc":"48-51"}}]}'
Received '{"now":17.312391,"events":[{"timestamp":17.312391,"type":"JOB_COMPLETED","data":{"job_id":"4d0a44!49","job_state":"COMPLETED_SUCCESSFULLY","return_code":0,"kill_reason":"","alloc":"48-51"}}]}'
Sending '{"now":17.312391,"events":[]}'
Received '{"now":17.328003,"events":[{"timestamp":17.320197,"type":"JOB_SUBMITTED","data":{"job_id":"4d0a44!50","job":{"id":"4d0a44!50","profile":"CG.S.16","res":16,"subtime":17.311022,"walltime":4200}}}]}'
Sending '{"now":17.328003,"events":[]}'
Received '{"now":17.649791,"events":[{"timestamp":17.649791,"type":"JOB_COMPLETED","data":{"job_id":"4d0a44!26","job_state":"COMPLETED_SUCCESSFULLY","return_code":0,"kill_reason":"","alloc":"16-31"}}]}'
Sending '{"now":17.649791,"events":[{"timestamp":17.649791,"type":"EXECUTE_JOB","data":{"job_id":"4d0a44!34","alloc":"16-31"}}]}'
Received '{"now":17.837912,"events":[{"timestamp":17.837912,"type":"JOB_SUBMITTED","data":{"job_id":"4d0a44!51","job":{"id":"4d0a44!51","profile":"BT.S.16","res":16,"subtime":17.830106,"walltime":4200}}}]}'
Sending '{"now":17.837912,"events":[]}'
Received '{"now":17.991755,"events":[{"timestamp":17.991755,"type":"JOB_SUBMITTED","data":{"job_id":"4d0a44!52","job":{"id":"4d0a44!52","profile":"CG.S.4","res":4,"subtime":17.983949,"walltime":4200}}}]}'
Sending '{"now":17.991755,"events":[{"timestamp":17.991755,"type":"EXECUTE_JOB","data":{"job_id":"4d0a44!52","alloc":"48-51"}}]}'
Received '{"now":18.129772,"events":[{"timestamp":18.129772,"type":"JOB_SUBMITTED","data":{"job_id":"4d0a44!53","job":{"id":"4d0a44!53","profile":"CG.S.16","res":16,"subtime":18.121967,"walltime":4200}}}]}'
Sending '{"now":18.129772,"events":[]}'
Received '{"now":18.349149,"events":[{"timestamp":18.349149,"type":"JOB_COMPLETED","data":{"job_id":"4d0a44!45","job_state":"COMPLETED_SUCCESSFULLY","return_code":0,"kill_reason":"","alloc":"52-55"}}]}'
Sending '{"now":18.349149,"events":[]}'
Received '{"now":18.512071,"events":[{"timestamp":18.512071,"type":"JOB_SUBMITTED","data":{"job_id":"4d0a44!54","job":{"id":"4d0a44!54","profile":"BT.S.16","res":16,"subtime":18.504265,"walltime":4200}}}]}'
Sending '{"now":18.512071,"events":[]}'
Received '{"now":18.667143,"events":[{"timestamp":18.667143,"type":"JOB_SUBMITTED","data":{"job_id":"4d0a44!55","job":{"id":"4d0a44!55","profile":"MG.S.16","res":16,"subtime":18.659337,"walltime":4200}}}]}'
Sending '{"now":18.667143,"events":[]}'
Received '{"now":18.716391,"events":[{"timestamp":18.716391,"type":"JOB_SUBMITTED","data":{"job_id":"4d0a44!56","job":{"id":"4d0a44!56","profile":"CG.S.16","res":16,"subtime":18.708588,"walltime":4200}}}]}'
Sending '{"now":18.716391,"events":[]}'
Received '{"now":18.781111,"events":[{"timestamp":18.781111,"type":"JOB_SUBMITTED","data":{"job_id":"4d0a44!57","job":{"id":"4d0a44!57","profile":"SP.S.16","res":16,"subtime":18.773314,"walltime":4200}}}]}'
Sending '{"now":18.781111,"events":[]}'
Received '{"now":18.927234,"events":[{"timestamp":18.927234,"type":"JOB_SUBMITTED","data":{"job_id":"4d0a44!58","job":{"id":"4d0a44!58","profile":"CG.S.4","res":4,"subtime":18.919428,"walltime":4200}}}]}'
Sending '{"now":18.927234,"events":[{"timestamp":18.927234,"type":"EXECUTE_JOB","data":{"job_id":"4d0a44!58","alloc":"52-55"}}]}'
Received '{"now":19.112715,"events":[{"timestamp":19.112715,"type":"JOB_COMPLETED","data":{"job_id":"4d0a44!52","job_state":"COMPLETED_SUCCESSFULLY","return_code":0,"kill_reason":"","alloc":"48-51"}}]}'
Sending '{"now":19.112715,"events":[]}'
Received '{"now":19.128327,"events":[{"timestamp":19.120521,"type":"JOB_SUBMITTED","data":{"job_id":"4d0a44!59","job":{"id":"4d0a44!59","profile":"SP.S.16","res":16,"subtime":19.112524,"walltime":4200}}}]}'
Sending '{"now":19.128327,"events":[]}'
Received '{"now":19.143939,"events":[{"timestamp":19.136133,"type":"JOB_SUBMITTED","data":{"job_id":"4d0a44!60","job":{"id":"4d0a44!60","profile":"BT.S.16","res":16,"subtime":19.124875,"walltime":4200}}}]}'
Sending '{"now":19.143939,"events":[]}'
Received '{"now":19.286707,"events":[{"timestamp":19.286707,"type":"JOB_COMPLETED","data":{"job_id":"4d0a44!33","job_state":"COMPLETED_SUCCESSFULLY","return_code":0,"kill_reason":"","alloc":"32-47"}}]}'
Sending '{"now":19.286707,"events":[{"timestamp":19.286707,"type":"EXECUTE_JOB","data":{"job_id":"4d0a44!38","alloc":"32-47"}}]}'
Received '{"now":20.048662,"events":[{"timestamp":20.048662,"type":"JOB_COMPLETED","data":{"job_id":"4d0a44!58","job_state":"COMPLETED_SUCCESSFULLY","return_code":0,"kill_reason":"","alloc":"52-55"}}]}'
Sending '{"now":20.048662,"events":[{"timestamp":20.048662,"type":"EXECUTE_JOB","data":{"job_id":"4d0a44!42","alloc":"48-63"}}]}'
Received '{"now":21.016044,"events":[{"timestamp":21.016044,"type":"JOB_COMPLETED","data":{"job_id":"4d0a44!29","job_state":"COMPLETED_SUCCESSFULLY","return_code":0,"kill_reason":"","alloc":"0-15"}}]}'
Sending '{"now":21.016044,"events":[{"timestamp":21.016044,"type":"EXECUTE_JOB","data":{"job_id":"4d0a44!43","alloc":"0-15"}}]}'
Received '{"now":22.074959,"events":[{"timestamp":22.074959,"type":"JOB_COMPLETED","data":{"job_id":"4d0a44!43","job_state":"COMPLETED_SUCCESSFULLY","return_code":0,"kill_reason":"","alloc":"0-15"}}]}'
Sending '{"now":22.074959,"events":[{"timestamp":22.074959,"type":"EXECUTE_JOB","data":{"job_id":"4d0a44!46","alloc":"0-15"}}]}'
Received '{"now":22.867375,"events":[{"timestamp":22.867375,"type":"JOB_COMPLETED","data":{"job_id":"4d0a44!38","job_state":"COMPLETED_SUCCESSFULLY","return_code":0,"kill_reason":"","alloc":"32-47"}}]}'
Sending '{"now":22.867375,"events":[{"timestamp":22.867375,"type":"EXECUTE_JOB","data":{"job_id":"4d0a44!47","alloc":"32-47"}}]}'
Received '{"now":23.216355,"events":[{"timestamp":23.216355,"type":"JOB_COMPLETED","data":{"job_id":"4d0a44!42","job_state":"COMPLETED_SUCCESSFULLY","return_code":0,"kill_reason":"","alloc":"48-63"}}]}'
Sending '{"now":23.216355,"events":[{"timestamp":23.216355,"type":"EXECUTE_JOB","data":{"job_id":"4d0a44!48","alloc":"48-63"}}]}'
Received '{"now":23.484943,"events":[{"timestamp":23.484943,"type":"JOB_COMPLETED","data":{"job_id":"4d0a44!34","job_state":"COMPLETED_SUCCESSFULLY","return_code":0,"kill_reason":"","alloc":"16-31"}}]}'
Sending '{"now":23.484943,"events":[{"timestamp":23.484943,"type":"EXECUTE_JOB","data":{"job_id":"4d0a44!50","alloc":"16-31"}}]}'
Received '{"now":23.539620,"events":[{"timestamp":23.539620,"type":"JOB_COMPLETED","data":{"job_id":"4d0a44!48","job_state":"COMPLETED_SUCCESSFULLY","return_code":0,"kill_reason":"","alloc":"48-63"}}]}'
Sending '{"now":23.53962,"events":[{"timestamp":23.53962,"type":"EXECUTE_JOB","data":{"job_id":"4d0a44!51","alloc":"48-63"}}]}'
Received '{"now":25.656636,"events":[{"timestamp":25.656636,"type":"JOB_COMPLETED","data":{"job_id":"4d0a44!46","job_state":"COMPLETED_SUCCESSFULLY","return_code":0,"kill_reason":"","alloc":"0-15"}}]}'
Sending '{"now":25.656636,"events":[{"timestamp":25.656636,"type":"EXECUTE_JOB","data":{"job_id":"4d0a44!53","alloc":"0-15"}}]}'
Received '{"now":26.034953,"events":[{"timestamp":26.034953,"type":"JOB_COMPLETED","data":{"job_id":"4d0a44!47","job_state":"COMPLETED_SUCCESSFULLY","return_code":0,"kill_reason":"","alloc":"32-47"}}]}'
Sending '{"now":26.034953,"events":[{"timestamp":26.034953,"type":"EXECUTE_JOB","data":{"job_id":"4d0a44!54","alloc":"32-47"}}]}'
Received '{"now":26.707409,"events":[{"timestamp":26.707409,"type":"JOB_COMPLETED","data":{"job_id":"4d0a44!51","job_state":"COMPLETED_SUCCESSFULLY","return_code":0,"kill_reason":"","alloc":"48-63"}}]}'
Sending '{"now":26.707409,"events":[{"timestamp":26.707409,"type":"EXECUTE_JOB","data":{"job_id":"4d0a44!55","alloc":"48-63"}}]}'
Received '{"now":27.067277,"events":[{"timestamp":27.067277,"type":"JOB_COMPLETED","data":{"job_id":"4d0a44!50","job_state":"COMPLETED_SUCCESSFULLY","return_code":0,"kill_reason":"","alloc":"16-31"}}]}'
Sending '{"now":27.067277,"events":[{"timestamp":27.067277,"type":"EXECUTE_JOB","data":{"job_id":"4d0a44!56","alloc":"16-31"}}]}'
Received '{"now":27.766905,"events":[{"timestamp":27.766905,"type":"JOB_COMPLETED","data":{"job_id":"4d0a44!55","job_state":"COMPLETED_SUCCESSFULLY","return_code":0,"kill_reason":"","alloc":"48-63"}}]}'
Sending '{"now":27.766905,"events":[{"timestamp":27.766905,"type":"EXECUTE_JOB","data":{"job_id":"4d0a44!57","alloc":"48-63"}}]}'
Received '{"now":29.202665,"events":[{"timestamp":29.202665,"type":"JOB_COMPLETED","data":{"job_id":"4d0a44!54","job_state":"COMPLETED_SUCCESSFULLY","return_code":0,"kill_reason":"","alloc":"32-47"}}]}'
Sending '{"now":29.202665,"events":[{"timestamp":29.202665,"type":"EXECUTE_JOB","data":{"job_id":"4d0a44!59","alloc":"32-47"}}]}'
Received '{"now":29.238309,"events":[{"timestamp":29.238309,"type":"JOB_COMPLETED","data":{"job_id":"4d0a44!53","job_state":"COMPLETED_SUCCESSFULLY","return_code":0,"kill_reason":"","alloc":"0-15"}}]}'
Sending '{"now":29.238309,"events":[{"timestamp":29.238309,"type":"EXECUTE_JOB","data":{"job_id":"4d0a44!60","alloc":"0-15"}}]}'
Received '{"now":30.647673,"events":[{"timestamp":30.647673,"type":"JOB_COMPLETED","data":{"job_id":"4d0a44!56","job_state":"COMPLETED_SUCCESSFULLY","return_code":0,"kill_reason":"","alloc":"16-31"}}]}'
Sending '{"now":30.647673,"events":[]}'
Received '{"now":32.405451,"events":[{"timestamp":32.405451,"type":"JOB_COMPLETED","data":{"job_id":"4d0a44!60","job_state":"COMPLETED_SUCCESSFULLY","return_code":0,"kill_reason":"","alloc":"0-15"}}]}'
Sending '{"now":32.405451,"events":[]}'
Received '{"now":33.583048,"events":[{"timestamp":33.583048,"type":"JOB_COMPLETED","data":{"job_id":"4d0a44!57","job_state":"COMPLETED_SUCCESSFULLY","return_code":0,"kill_reason":"","alloc":"48-63"}}]}'
Sending '{"now":33.583048,"events":[]}'
Received '{"now":34.999449,"events":[{"timestamp":34.999449,"type":"JOB_COMPLETED","data":{"job_id":"4d0a44!59","job_state":"COMPLETED_SUCCESSFULLY","return_code":0,"kill_reason":"","alloc":"32-47"}},{"timestamp":34.999449,"type":"SIMULATION_ENDS","data":{}}]}'
Sending '{"now":34.999449,"events":[]}'
