variant_options = '{"custom_mapping": true}'
Received '{"now":0.000000,"events":[{"timestamp":0.000000,"type":"SIMULATION_BEGINS","data":{"nb_resources":64,"allow_time_sharing":false,"config":{"redis":{"enabled":false,"hostname":"127.0.0.1","port":6379,"prefix":"default"},"job_submission":{"forward_profiles":false,"from_scheduler":{"enabled":false,"acknowledge":true}}},"resources_data":[{"id":0,"name":"n1","state":"idle","properties":{}},{"id":1,"name":"n2","state":"idle","properties":{}},{"id":2,"name":"n3","state":"idle","properties":{}},{"id":3,"name":"n4","state":"idle","properties":{}},{"id":4,"name":"n5","state":"idle","properties":{}},{"id":5,"name":"n6","state":"idle","properties":{}},{"id":6,"name":"n7","state":"idle","properties":{}},{"id":7,"name":"n8","state":"idle","properties":{}},{"id":8,"name":"n9","state":"idle","properties":{}},{"id":9,"name":"n10","state":"idle","properties":{}},{"id":10,"name":"n11","state":"idle","properties":{}},{"id":11,"name":"n12","state":"idle","properties":{}},{"id":12,"name":"n13","state":"idle","properties":{}},{"id":13,"name":"n14","state":"idle","properties":{}},{"id":14,"name":"n15","state":"idle","properties":{}},{"id":15,"name":"n16","state":"idle","properties":{}},{"id":16,"name":"n17","state":"idle","properties":{}},{"id":17,"name":"n18","state":"idle","properties":{}},{"id":18,"name":"n19","state":"idle","properties":{}},{"id":19,"name":"n20","state":"idle","properties":{}},{"id":20,"name":"n21","state":"idle","properties":{}},{"id":21,"name":"n22","state":"idle","properties":{}},{"id":22,"name":"n23","state":"idle","properties":{}},{"id":23,"name":"n24","state":"idle","properties":{}},{"id":24,"name":"n25","state":"idle","properties":{}},{"id":25,"name":"n26","state":"idle","properties":{}},{"id":26,"name":"n27","state":"idle","properties":{}},{"id":27,"name":"n28","state":"idle","properties":{}},{"id":28,"name":"n29","state":"idle","properties":{}},{"id":29,"name":"n30","state":"idle","properties":{}},{"id":30,"name":"n31","state":"idle","properties":{}},{"id":31,"name":"n32","state":"idle","properties":{}},{"id":32,"name":"n33","state":"idle","properties":{}},{"id":33,"name":"n34","state":"idle","properties":{}},{"id":34,"name":"n35","state":"idle","properties":{}},{"id":35,"name":"n36","state":"idle","properties":{}},{"id":36,"name":"n37","state":"idle","properties":{}},{"id":37,"name":"n38","state":"idle","properties":{}},{"id":38,"name":"n39","state":"idle","properties":{}},{"id":39,"name":"n40","state":"idle","properties":{}},{"id":40,"name":"n41","state":"idle","properties":{}},{"id":41,"name":"n42","state":"idle","properties":{}},{"id":42,"name":"n43","state":"idle","properties":{}},{"id":43,"name":"n44","state":"idle","properties":{}},{"id":44,"name":"n45","state":"idle","properties":{}},{"id":45,"name":"n46","state":"idle","properties":{}},{"id":46,"name":"n47","state":"idle","properties":{}},{"id":47,"name":"n48","state":"idle","properties":{}},{"id":48,"name":"n49","state":"idle","properties":{}},{"id":49,"name":"n50","state":"idle","properties":{}},{"id":50,"name":"n51","state":"idle","properties":{}},{"id":51,"name":"n52","state":"idle","properties":{}},{"id":52,"name":"n53","state":"idle","properties":{}},{"id":53,"name":"n54","state":"idle","properties":{}},{"id":54,"name":"n55","state":"idle","properties":{}},{"id":55,"name":"n56","state":"idle","properties":{}},{"id":56,"name":"n57","state":"idle","properties":{}},{"id":57,"name":"n58","state":"idle","properties":{}},{"id":58,"name":"n59","state":"idle","properties":{}},{"id":59,"name":"n60","state":"idle","properties":{}},{"id":60,"name":"n61","state":"idle","properties":{}},{"id":61,"name":"n62","state":"idle","properties":{}},{"id":62,"name":"n63","state":"idle","properties":{}},{"id":63,"name":"n64","state":"idle","properties":{}}],"workloads":{"260d41":"/github-simgrid/190311/../batsim-v2.0.0/workload_profiles/npb_40_jobs.json"}}}]}'
Sending '{"now":0.0,"events":[]}'
Received '{"now":0.560975,"events":[{"timestamp":0.560975,"type":"JOB_SUBMITTED","data":{"job_id":"260d41!1","job":{"id":"260d41!1","profile":"IS.S.16","res":16,"subtime":0.560944,"walltime":4200}}}]}'
Sending '{"now":0.560975,"events":[{"timestamp":0.560975,"type":"EXECUTE_JOB","data":{"job_id":"260d41!1","alloc":"0-15"}}]}'
Received '{"now":0.561728,"events":[{"timestamp":0.561728,"type":"JOB_SUBMITTED","data":{"job_id":"260d41!2","job":{"id":"260d41!2","profile":"FT.S.4","res":4,"subtime":0.561697,"walltime":4200}}}]}'
Sending '{"now":0.561728,"events":[{"timestamp":0.561728,"type":"EXECUTE_JOB","data":{"job_id":"260d41!2","alloc":"16-19"}}]}'
Received '{"now":0.664288,"events":[{"timestamp":0.664288,"type":"JOB_COMPLETED","data":{"job_id":"260d41!1","job_state":"COMPLETED_SUCCESSFULLY","return_code":0,"kill_reason":"","alloc":"0-15"}}]}'
Sending '{"now":0.664288,"events":[]}'
Received '{"now":0.764754,"events":[{"timestamp":0.764754,"type":"JOB_SUBMITTED","data":{"job_id":"260d41!3","job":{"id":"260d41!3","profile":"IS.S.16","res":16,"subtime":0.764724,"walltime":4200}}}]}'
Sending '{"now":0.764754,"events":[{"timestamp":0.764754,"type":"EXECUTE_JOB","data":{"job_id":"260d41!3","alloc":"0-15"}}]}'
Received '{"now":0.868242,"events":[{"timestamp":0.868242,"type":"JOB_COMPLETED","data":{"job_id":"260d41!3","job_state":"COMPLETED_SUCCESSFULLY","return_code":0,"kill_reason":"","alloc":"0-15"}}]}'
Sending '{"now":0.868242,"events":[]}'
Received '{"now":0.911844,"events":[{"timestamp":0.911844,"type":"JOB_COMPLETED","data":{"job_id":"260d41!2","job_state":"COMPLETED_SUCCESSFULLY","return_code":0,"kill_reason":"","alloc":"16-19"}}]}'
Sending '{"now":0.911844,"events":[]}'
Received '{"now":0.981446,"events":[{"timestamp":0.981446,"type":"JOB_SUBMITTED","data":{"job_id":"260d41!4","job":{"id":"260d41!4","profile":"SP.S.16","res":16,"subtime":0.981416,"walltime":4200}}}]}'
Sending '{"now":0.981446,"events":[{"timestamp":0.981446,"type":"EXECUTE_JOB","data":{"job_id":"260d41!4","alloc":"0-15"}}]}'
Received '{"now":1.204421,"events":[{"timestamp":1.204421,"type":"JOB_SUBMITTED","data":{"job_id":"260d41!5","job":{"id":"260d41!5","profile":"FT.S.4","res":4,"subtime":1.204402,"walltime":4200}}}]}'
Sending '{"now":1.204421,"events":[{"timestamp":1.204421,"type":"EXECUTE_JOB","data":{"job_id":"260d41!5","alloc":"16-19"}}]}'
Received '{"now":1.482349,"events":[{"timestamp":1.482349,"type":"JOB_COMPLETED","data":{"job_id":"260d41!5","job_state":"COMPLETED_SUCCESSFULLY","return_code":0,"kill_reason":"","alloc":"16-19"}}]}'
Sending '{"now":1.482349,"events":[]}'
Received '{"now":1.896989,"events":[{"timestamp":1.896989,"type":"JOB_COMPLETED","data":{"job_id":"260d41!4","job_state":"COMPLETED_SUCCESSFULLY","return_code":0,"kill_reason":"","alloc":"0-15"}}]}'
Sending '{"now":1.896989,"events":[]}'
Received '{"now":2.314480,"events":[{"timestamp":2.314480,"type":"JOB_SUBMITTED","data":{"job_id":"260d41!6","job":{"id":"260d41!6","profile":"IS.S.4","res":4,"subtime":2.314450,"walltime":4200}}}]}'
Sending '{"now":2.31448,"events":[{"timestamp":2.31448,"type":"EXECUTE_JOB","data":{"job_id":"260d41!6","alloc":"0-3"}}]}'
Received '{"now":2.393998,"events":[{"timestamp":2.393998,"type":"JOB_COMPLETED","data":{"job_id":"260d41!6","job_state":"COMPLETED_SUCCESSFULLY","return_code":0,"kill_reason":"","alloc":"0-3"}}]}'
Sending '{"now":2.393998,"events":[]}'
Received '{"now":2.871019,"events":[{"timestamp":2.871019,"type":"JOB_SUBMITTED","data":{"job_id":"260d41!7","job":{"id":"260d41!7","profile":"MG.S.16","res":16,"subtime":2.870989,"walltime":4200}}}]}'
Sending '{"now":2.871019,"events":[{"timestamp":2.871019,"type":"EXECUTE_JOB","data":{"job_id":"260d41!7","alloc":"0-15"}}]}'
Received '{"now":3.144507,"events":[{"timestamp":3.144507,"type":"JOB_SUBMITTED","data":{"job_id":"260d41!8","job":{"id":"260d41!8","profile":"CG.S.4","res":4,"subtime":3.144476,"walltime":4200}}}]}'
Sending '{"now":3.144507,"events":[{"timestamp":3.144507,"type":"EXECUTE_JOB","data":{"job_id":"260d41!8","alloc":"16-19"}}]}'
Received '{"now":3.206987,"events":[{"timestamp":3.206987,"type":"JOB_COMPLETED","data":{"job_id":"260d41!7","job_state":"COMPLETED_SUCCESSFULLY","return_code":0,"kill_reason":"","alloc":"0-15"}}]}'
Sending '{"now":3.206987,"events":[]}'
Received '{"now":3.679896,"events":[{"timestamp":3.679896,"type":"JOB_COMPLETED","data":{"job_id":"260d41!8","job_state":"COMPLETED_SUCCESSFULLY","return_code":0,"kill_reason":"","alloc":"16-19"}}]}'
Sending '{"now":3.679896,"events":[]}'
Received '{"now":4.481857,"events":[{"timestamp":4.481857,"type":"JOB_SUBMITTED","data":{"job_id":"260d41!9","job":{"id":"260d41!9","profile":"SP.S.4","res":4,"subtime":4.481826,"walltime":4200}}}]}'
Sending '{"now":4.481857,"events":[{"timestamp":4.481857,"type":"EXECUTE_JOB","data":{"job_id":"260d41!9","alloc":"0-3"}}]}'
Received '{"now":4.510807,"events":[{"timestamp":4.510807,"type":"JOB_SUBMITTED","data":{"job_id":"260d41!10","job":{"id":"260d41!10","profile":"IS.S.4","res":4,"subtime":4.510777,"walltime":4200}}}]}'
Sending '{"now":4.510807,"events":[{"timestamp":4.510807,"type":"EXECUTE_JOB","data":{"job_id":"260d41!10","alloc":"4-7"}}]}'
Received '{"now":4.535119,"events":[{"timestamp":4.535119,"type":"JOB_SUBMITTED","data":{"job_id":"260d41!11","job":{"id":"260d41!11","profile":"CG.S.4","res":4,"subtime":4.535088,"walltime":4200}}}]}'
Sending '{"now":4.535119,"events":[{"timestamp":4.535119,"type":"EXECUTE_JOB","data":{"job_id":"260d41!11","alloc":"8-11"}}]}'
Received '{"now":4.604458,"events":[{"timestamp":4.604458,"type":"JOB_COMPLETED","data":{"job_id":"260d41!10","job_state":"COMPLETED_SUCCESSFULLY","return_code":0,"kill_reason":"","alloc":"4-7"}}]}'
Sending '{"now":4.604458,"events":[]}'
Received '{"now":4.737213,"events":[{"timestamp":4.737213,"type":"JOB_COMPLETED","data":{"job_id":"260d41!9","job_state":"COMPLETED_SUCCESSFULLY","return_code":0,"kill_reason":"","alloc":"0-3"}}]}'
Sending '{"now":4.737213,"events":[]}'
Received '{"now":5.064042,"events":[{"timestamp":5.064042,"type":"JOB_COMPLETED","data":{"job_id":"260d41!11","job_state":"COMPLETED_SUCCESSFULLY","return_code":0,"kill_reason":"","alloc":"8-11"}}]}'
Sending '{"now":5.064042,"events":[]}'
Received '{"now":5.210955,"events":[{"timestamp":5.210955,"type":"JOB_SUBMITTED","data":{"job_id":"260d41!12","job":{"id":"260d41!12","profile":"FT.S.4","res":4,"subtime":5.210924,"walltime":4200}}}]}'
Sending '{"now":5.210955,"events":[{"timestamp":5.210955,"type":"EXECUTE_JOB","data":{"job_id":"260d41!12","alloc":"0-3"}}]}'
Received '{"now":5.393531,"events":[{"timestamp":5.393531,"type":"JOB_COMPLETED","data":{"job_id":"260d41!12","job_state":"COMPLETED_SUCCESSFULLY","return_code":0,"kill_reason":"","alloc":"0-3"}}]}'
Sending '{"now":5.393531,"events":[]}'
Received '{"now":5.465630,"events":[{"timestamp":5.465630,"type":"JOB_SUBMITTED","data":{"job_id":"260d41!13","job":{"id":"260d41!13","profile":"LU.S.4","res":4,"subtime":5.465600,"walltime":4200}}}]}'
Sending '{"now":5.46563,"events":[{"timestamp":5.46563,"type":"EXECUTE_JOB","data":{"job_id":"260d41!13","alloc":"0-3"}}]}'
Received '{"now":5.594665,"events":[{"timestamp":5.594665,"type":"JOB_SUBMITTED","data":{"job_id":"260d41!14","job":{"id":"260d41!14","profile":"IS.S.4","res":4,"subtime":5.594634,"walltime":4200}}}]}'
Sending '{"now":5.594665,"events":[{"timestamp":5.594665,"type":"EXECUTE_JOB","data":{"job_id":"260d41!14","alloc":"4-7"}}]}'
Received '{"now":5.670844,"events":[{"timestamp":5.670844,"type":"JOB_SUBMITTED","data":{"job_id":"260d41!15","job":{"id":"260d41!15","profile":"FT.S.16","res":16,"subtime":5.670814,"walltime":4200}}}]}'
Sending '{"now":5.670844,"events":[{"timestamp":5.670844,"type":"EXECUTE_JOB","data":{"job_id":"260d41!15","alloc":"8-23"}}]}'
Received '{"now":5.684927,"events":[{"timestamp":5.684927,"type":"JOB_COMPLETED","data":{"job_id":"260d41!14","job_state":"COMPLETED_SUCCESSFULLY","return_code":0,"kill_reason":"","alloc":"4-7"}}]}'
Sending '{"now":5.684927,"events":[]}'
Received '{"now":5.710478,"events":[{"timestamp":5.710478,"type":"JOB_SUBMITTED","data":{"job_id":"260d41!16","job":{"id":"260d41!16","profile":"LU.S.16","res":16,"subtime":5.710448,"walltime":4200}}}]}'
Sending '{"now":5.710478,"events":[{"timestamp":5.710478,"type":"EXECUTE_JOB","data":{"job_id":"260d41!16","alloc":"4-7 24-35"}}]}'
Received '{"now":5.919928,"events":[{"timestamp":5.919928,"type":"JOB_COMPLETED","data":{"job_id":"260d41!15","job_state":"COMPLETED_SUCCESSFULLY","return_code":0,"kill_reason":"","alloc":"8-23"}}]}'
Sending '{"now":5.919928,"events":[]}'
Received '{"now":6.140042,"events":[{"timestamp":6.140042,"type":"JOB_SUBMITTED","data":{"job_id":"260d41!17","job":{"id":"260d41!17","profile":"MG.S.16","res":16,"subtime":6.140012,"walltime":4200}}}]}'
Sending '{"now":6.140042,"events":[{"timestamp":6.140042,"type":"EXECUTE_JOB","data":{"job_id":"260d41!17","alloc":"8-23"}}]}'
Received '{"now":6.233964,"events":[{"timestamp":6.233964,"type":"JOB_COMPLETED","data":{"job_id":"260d41!13","job_state":"COMPLETED_SUCCESSFULLY","return_code":0,"kill_reason":"","alloc":"0-3"}}]}'
Sending '{"now":6.233964,"events":[]}'
Received '{"now":6.465508,"events":[{"timestamp":6.465508,"type":"JOB_COMPLETED","data":{"job_id":"260d41!17","job_state":"COMPLETED_SUCCESSFULLY","return_code":0,"kill_reason":"","alloc":"8-23"}}]}'
Sending '{"now":6.465508,"events":[]}'
Received '{"now":6.698031,"events":[{"timestamp":6.698031,"type":"JOB_COMPLETED","data":{"job_id":"260d41!16","job_state":"COMPLETED_SUCCESSFULLY","return_code":0,"kill_reason":"","alloc":"4-7 24-35"}}]}'
Sending '{"now":6.698031,"events":[]}'
Received '{"now":6.922237,"events":[{"timestamp":6.922237,"type":"JOB_SUBMITTED","data":{"job_id":"260d41!18","job":{"id":"260d41!18","profile":"MG.S.16","res":16,"subtime":6.922207,"walltime":4200}}}]}'
Sending '{"now":6.922237,"events":[{"timestamp":6.922237,"type":"EXECUTE_JOB","data":{"job_id":"260d41!18","alloc":"0-15"}}]}'
Received '{"now":7.190037,"events":[{"timestamp":7.190037,"type":"JOB_SUBMITTED","data":{"job_id":"260d41!19","job":{"id":"260d41!19","profile":"LU.S.16","res":16,"subtime":7.190013,"walltime":4200}}}]}'
Sending '{"now":7.190037,"events":[{"timestamp":7.190037,"type":"EXECUTE_JOB","data":{"job_id":"260d41!19","alloc":"16-31"}}]}'
Received '{"now":7.258222,"events":[{"timestamp":7.258222,"type":"JOB_COMPLETED","data":{"job_id":"260d41!18","job_state":"COMPLETED_SUCCESSFULLY","return_code":0,"kill_reason":"","alloc":"0-15"}}]}'
Sending '{"now":7.258222,"events":[]}'
Received '{"now":7.295517,"events":[{"timestamp":7.295517,"type":"JOB_SUBMITTED","data":{"job_id":"260d41!20","job":{"id":"260d41!20","profile":"FT.S.16","res":16,"subtime":7.295487,"walltime":4200}}}]}'
Sending '{"now":7.295517,"events":[{"timestamp":7.295517,"type":"EXECUTE_JOB","data":{"job_id":"260d41!20","alloc":"0-15"}}]}'
Received '{"now":7.403311,"events":[{"timestamp":7.403311,"type":"JOB_SUBMITTED","data":{"job_id":"260d41!21","job":{"id":"260d41!21","profile":"FT.S.4","res":4,"subtime":7.403281,"walltime":4200}}}]}'
Sending '{"now":7.403311,"events":[{"timestamp":7.403311,"type":"EXECUTE_JOB","data":{"job_id":"260d41!21","alloc":"32-35"}}]}'
Received '{"now":7.460792,"events":[{"timestamp":7.460792,"type":"JOB_SUBMITTED","data":{"job_id":"260d41!22","job":{"id":"260d41!22","profile":"SP.S.4","res":4,"subtime":7.460761,"walltime":4200}}}]}'
Sending '{"now":7.460792,"events":[{"timestamp":7.460792,"type":"EXECUTE_JOB","data":{"job_id":"260d41!22","alloc":"36-39"}}]}'
Received '{"now":7.608025,"events":[{"timestamp":7.608025,"type":"JOB_COMPLETED","data":{"job_id":"260d41!20","job_state":"COMPLETED_SUCCESSFULLY","return_code":0,"kill_reason":"","alloc":"0-15"}}]}'
Sending '{"now":7.608025,"events":[]}'
Received '{"now":7.732727,"events":[{"timestamp":7.732727,"type":"JOB_COMPLETED","data":{"job_id":"260d41!22","job_state":"COMPLETED_SUCCESSFULLY","return_code":0,"kill_reason":"","alloc":"36-39"}}]}'
Sending '{"now":7.732727,"events":[]}'
Received '{"now":7.740672,"events":[{"timestamp":7.740672,"type":"JOB_COMPLETED","data":{"job_id":"260d41!21","job_state":"COMPLETED_SUCCESSFULLY","return_code":0,"kill_reason":"","alloc":"32-35"}}]}'
Sending '{"now":7.740672,"events":[]}'
Received '{"now":8.142513,"events":[{"timestamp":8.142513,"type":"JOB_COMPLETED","data":{"job_id":"260d41!19","job_state":"COMPLETED_SUCCESSFULLY","return_code":0,"kill_reason":"","alloc":"16-31"}}]}'
Sending '{"now":8.142513,"events":[]}'
Received '{"now":9.785354,"events":[{"timestamp":9.785354,"type":"JOB_SUBMITTED","data":{"job_id":"260d41!23","job":{"id":"260d41!23","profile":"MG.S.16","res":16,"subtime":9.785323,"walltime":4200}}}]}'
Sending '{"now":9.785354,"events":[{"timestamp":9.785354,"type":"EXECUTE_JOB","data":{"job_id":"260d41!23","alloc":"0-15"}}]}'
Received '{"now":9.908040,"events":[{"timestamp":9.908040,"type":"JOB_SUBMITTED","data":{"job_id":"260d41!24","job":{"id":"260d41!24","profile":"FT.S.16","res":16,"subtime":9.908009,"walltime":4200}}}]}'
Sending '{"now":9.90804,"events":[{"timestamp":9.90804,"type":"EXECUTE_JOB","data":{"job_id":"260d41!24","alloc":"16-31"}}]}'
Received '{"now":10.181229,"events":[{"timestamp":10.181229,"type":"JOB_COMPLETED","data":{"job_id":"260d41!23","job_state":"COMPLETED_SUCCESSFULLY","return_code":0,"kill_reason":"","alloc":"0-15"}}]}'
Sending '{"now":10.181229,"events":[]}'
Received '{"now":10.271398,"events":[{"timestamp":10.271398,"type":"JOB_COMPLETED","data":{"job_id":"260d41!24","job_state":"COMPLETED_SUCCESSFULLY","return_code":0,"kill_reason":"","alloc":"16-31"}}]}'
Sending '{"now":10.271398,"events":[]}'
Received '{"now":11.642186,"events":[{"timestamp":11.642186,"type":"JOB_SUBMITTED","data":{"job_id":"260d41!25","job":{"id":"260d41!25","profile":"IS.S.16","res":16,"subtime":11.642156,"walltime":4200}}}]}'
Sending '{"now":11.642186,"events":[{"timestamp":11.642186,"type":"EXECUTE_JOB","data":{"job_id":"260d41!25","alloc":"0-15"}}]}'
Received '{"now":11.742571,"events":[{"timestamp":11.742571,"type":"JOB_COMPLETED","data":{"job_id":"260d41!25","job_state":"COMPLETED_SUCCESSFULLY","return_code":0,"kill_reason":"","alloc":"0-15"}}]}'
Sending '{"now":11.742571,"events":[]}'
Received '{"now":12.361668,"events":[{"timestamp":12.361668,"type":"JOB_SUBMITTED","data":{"job_id":"260d41!26","job":{"id":"260d41!26","profile":"LU.S.4","res":4,"subtime":12.361638,"walltime":4200}}}]}'
Sending '{"now":12.361668,"events":[{"timestamp":12.361668,"type":"EXECUTE_JOB","data":{"job_id":"260d41!26","alloc":"0-3"}}]}'
Received '{"now":12.465567,"events":[{"timestamp":12.465567,"type":"JOB_SUBMITTED","data":{"job_id":"260d41!27","job":{"id":"260d41!27","profile":"BT.S.4","res":4,"subtime":12.465537,"walltime":4200}}}]}'
Sending '{"now":12.465567,"events":[{"timestamp":12.465567,"type":"EXECUTE_JOB","data":{"job_id":"260d41!27","alloc":"4-7"}}]}'
Received '{"now":12.531828,"events":[{"timestamp":12.531828,"type":"JOB_SUBMITTED","data":{"job_id":"260d41!28","job":{"id":"260d41!28","profile":"IS.S.16","res":16,"subtime":12.531798,"walltime":4200}}}]}'
Sending '{"now":12.531828,"events":[{"timestamp":12.531828,"type":"EXECUTE_JOB","data":{"job_id":"260d41!28","alloc":"8-23"}}]}'
Received '{"now":12.570716,"events":[{"timestamp":12.570716,"type":"JOB_SUBMITTED","data":{"job_id":"260d41!29","job":{"id":"260d41!29","profile":"SP.S.16","res":16,"subtime":12.570685,"walltime":4200}}}]}'
Sending '{"now":12.570715999999999,"events":[{"timestamp":12.570715999999999,"type":"EXECUTE_JOB","data":{"job_id":"260d41!29","alloc":"24-39"}}]}'
Received '{"now":12.635802,"events":[{"timestamp":12.635802,"type":"JOB_COMPLETED","data":{"job_id":"260d41!28","job_state":"COMPLETED_SUCCESSFULLY","return_code":0,"kill_reason":"","alloc":"8-23"}}]}'
Sending '{"now":12.635802,"events":[]}'
Received '{"now":12.730870,"events":[{"timestamp":12.730870,"type":"JOB_SUBMITTED","data":{"job_id":"260d41!30","job":{"id":"260d41!30","profile":"SP.S.16","res":16,"subtime":12.730841,"walltime":4200}}}]}'
Sending '{"now":12.73087,"events":[{"timestamp":12.73087,"type":"EXECUTE_JOB","data":{"job_id":"260d41!30","alloc":"8-23"}}]}'
Received '{"now":12.811965,"events":[{"timestamp":12.811965,"type":"JOB_COMPLETED","data":{"job_id":"260d41!27","job_state":"COMPLETED_SUCCESSFULLY","return_code":0,"kill_reason":"","alloc":"4-7"}}]}'
Sending '{"now":12.811965,"events":[]}'
Received '{"now":12.960471,"events":[{"timestamp":12.960471,"type":"JOB_SUBMITTED","data":{"job_id":"260d41!31","job":{"id":"260d41!31","profile":"BT.S.4","res":4,"subtime":12.960449,"walltime":4200}}}]}'
Sending '{"now":12.960471,"events":[{"timestamp":12.960471,"type":"EXECUTE_JOB","data":{"job_id":"260d41!31","alloc":"4-7"}}]}'
Received '{"now":13.096441,"events":[{"timestamp":13.096441,"type":"JOB_SUBMITTED","data":{"job_id":"260d41!32","job":{"id":"260d41!32","profile":"LU.S.4","res":4,"subtime":13.096415,"walltime":4200}}}]}'
Sending '{"now":13.096441,"events":[{"timestamp":13.096441,"type":"EXECUTE_JOB","data":{"job_id":"260d41!32","alloc":"40-43"}}]}'
Received '{"now":13.124029,"events":[{"timestamp":13.124029,"type":"JOB_SUBMITTED","data":{"job_id":"260d41!33","job":{"id":"260d41!33","profile":"BT.S.4","res":4,"subtime":13.123998,"walltime":4200}}}]}'
Sending '{"now":13.124029,"events":[{"timestamp":13.124029,"type":"EXECUTE_JOB","data":{"job_id":"260d41!33","alloc":"44-47"}}]}'
Received '{"now":13.279664,"events":[{"timestamp":13.279664,"type":"JOB_COMPLETED","data":{"job_id":"260d41!26","job_state":"COMPLETED_SUCCESSFULLY","return_code":0,"kill_reason":"","alloc":"0-3"}}]}'
Sending '{"now":13.279664,"events":[]}'
Received '{"now":13.357173,"events":[{"timestamp":13.357173,"type":"JOB_COMPLETED","data":{"job_id":"260d41!31","job_state":"COMPLETED_SUCCESSFULLY","return_code":0,"kill_reason":"","alloc":"4-7"}}]}'
Sending '{"now":13.357173,"events":[]}'
Received '{"now":13.514860,"events":[{"timestamp":13.514860,"type":"JOB_COMPLETED","data":{"job_id":"260d41!33","job_state":"COMPLETED_SUCCESSFULLY","return_code":0,"kill_reason":"","alloc":"44-47"}}]}'
Sending '{"now":13.51486,"events":[]}'
Received '{"now":13.775228,"events":[{"timestamp":13.775228,"type":"JOB_COMPLETED","data":{"job_id":"260d41!29","job_state":"COMPLETED_SUCCESSFULLY","return_code":0,"kill_reason":"","alloc":"24-39"}}]}'
Sending '{"now":13.775228,"events":[]}'
Received '{"now":13.891803,"events":[{"timestamp":13.891803,"type":"JOB_COMPLETED","data":{"job_id":"260d41!30","job_state":"COMPLETED_SUCCESSFULLY","return_code":0,"kill_reason":"","alloc":"8-23"}}]}'
Sending '{"now":13.891803,"events":[]}'
Received '{"now":13.940754,"events":[{"timestamp":13.940754,"type":"JOB_COMPLETED","data":{"job_id":"260d41!32","job_state":"COMPLETED_SUCCESSFULLY","return_code":0,"kill_reason":"","alloc":"40-43"}}]}'
Sending '{"now":13.940754,"events":[]}'
Received '{"now":14.135815,"events":[{"timestamp":14.135815,"type":"JOB_SUBMITTED","data":{"job_id":"260d41!34","job":{"id":"260d41!34","profile":"LU.S.16","res":16,"subtime":14.135784,"walltime":4200}}}]}'
Sending '{"now":14.135815,"events":[{"timestamp":14.135815,"type":"EXECUTE_JOB","data":{"job_id":"260d41!34","alloc":"0-15"}}]}'
Received '{"now":14.798407,"events":[{"timestamp":14.798407,"type":"JOB_SUBMITTED","data":{"job_id":"260d41!35","job":{"id":"260d41!35","profile":"IS.S.16","res":16,"subtime":14.798376,"walltime":4200}}}]}'
Sending '{"now":14.798407,"events":[{"timestamp":14.798407,"type":"EXECUTE_JOB","data":{"job_id":"260d41!35","alloc":"16-31"}}]}'
Received '{"now":14.844110,"events":[{"timestamp":14.844110,"type":"JOB_SUBMITTED","data":{"job_id":"260d41!36","job":{"id":"260d41!36","profile":"MG.S.4","res":4,"subtime":14.844080,"walltime":4200}}}]}'
Sending '{"now":14.84411,"events":[{"timestamp":14.84411,"type":"EXECUTE_JOB","data":{"job_id":"260d41!36","alloc":"32-35"}}]}'
Received '{"now":14.898223,"events":[{"timestamp":14.898223,"type":"JOB_COMPLETED","data":{"job_id":"260d41!35","job_state":"COMPLETED_SUCCESSFULLY","return_code":0,"kill_reason":"","alloc":"16-31"}}]}'
Sending '{"now":14.898223,"events":[]}'
Received '{"now":15.011255,"events":[{"timestamp":15.011255,"type":"JOB_COMPLETED","data":{"job_id":"260d41!36","job_state":"COMPLETED_SUCCESSFULLY","return_code":0,"kill_reason":"","alloc":"32-35"}}]}'
Sending '{"now":15.011255,"events":[]}'
Received '{"now":15.174948,"events":[{"timestamp":15.174948,"type":"JOB_COMPLETED","data":{"job_id":"260d41!34","job_state":"COMPLETED_SUCCESSFULLY","return_code":0,"kill_reason":"","alloc":"0-15"}}]}'
Sending '{"now":15.174948,"events":[]}'
Received '{"now":16.040893,"events":[{"timestamp":16.040893,"type":"JOB_SUBMITTED","data":{"job_id":"260d41!37","job":{"id":"260d41!37","profile":"FT.S.16","res":16,"subtime":16.040863,"walltime":4200}}}]}'
Sending '{"now":16.040893,"events":[{"timestamp":16.040893,"type":"EXECUTE_JOB","data":{"job_id":"260d41!37","alloc":"0-15"}}]}'
Received '{"now":16.310976,"events":[{"timestamp":16.310976,"type":"JOB_COMPLETED","data":{"job_id":"260d41!37","job_state":"COMPLETED_SUCCESSFULLY","return_code":0,"kill_reason":"","alloc":"0-15"}}]}'
Sending '{"now":16.310976,"events":[]}'
Received '{"now":17.022825,"events":[{"timestamp":17.022825,"type":"JOB_SUBMITTED","data":{"job_id":"260d41!38","job":{"id":"260d41!38","profile":"CG.S.4","res":4,"subtime":17.022795,"walltime":4200}}}]}'
Sending '{"now":17.022825,"events":[{"timestamp":17.022825,"type":"EXECUTE_JOB","data":{"job_id":"260d41!38","alloc":"0-3"}}]}'
Received '{"now":17.069341,"events":[{"timestamp":17.069341,"type":"JOB_SUBMITTED","data":{"job_id":"260d41!39","job":{"id":"260d41!39","profile":"LU.S.4","res":4,"subtime":17.069311,"walltime":4200}}}]}'
Sending '{"now":17.069341,"events":[{"timestamp":17.069341,"type":"EXECUTE_JOB","data":{"job_id":"260d41!39","alloc":"4-7"}}]}'
Received '{"now":17.568417,"events":[{"timestamp":17.568417,"type":"JOB_COMPLETED","data":{"job_id":"260d41!38","job_state":"COMPLETED_SUCCESSFULLY","return_code":0,"kill_reason":"","alloc":"0-3"}}]}'
Sending '{"now":17.568417,"events":[]}'
Received '{"now":17.825006,"events":[{"timestamp":17.825006,"type":"JOB_COMPLETED","data":{"job_id":"260d41!39","job_state":"COMPLETED_SUCCESSFULLY","return_code":0,"kill_reason":"","alloc":"4-7"}}]}'
Sending '{"now":17.825006,"events":[]}'
Received '{"now":18.004995,"events":[{"timestamp":18.004995,"type":"JOB_SUBMITTED","data":{"job_id":"260d41!40","job":{"id":"260d41!40","profile":"FT.S.4","res":4,"subtime":18.004965,"walltime":4200}}}]}'
Sending '{"now":18.004995,"events":[{"timestamp":18.004995,"type":"EXECUTE_JOB","data":{"job_id":"260d41!40","alloc":"0-3"}}]}'
Received '{"now":18.187592,"events":[{"timestamp":18.187592,"type":"JOB_COMPLETED","data":{"job_id":"260d41!40","job_state":"COMPLETED_SUCCESSFULLY","return_code":0,"kill_reason":"","alloc":"0-3"}},{"timestamp":18.187592,"type":"SIMULATION_ENDS","data":{}}]}'
Sending '{"now":18.187592,"events":[]}'
