variant_options = '{"custom_mapping": true}'
Received '{"now":0.000000,"events":[{"timestamp":0.000000,"type":"SIMULATION_BEGINS","data":{"nb_resources":64,"allow_time_sharing":false,"config":{"redis":{"enabled":false,"hostname":"127.0.0.1","port":6379,"prefix":"default"},"job_submission":{"forward_profiles":false,"from_scheduler":{"enabled":false,"acknowledge":true}}},"resources_data":[{"id":0,"name":"n1","state":"idle","properties":{}},{"id":1,"name":"n2","state":"idle","properties":{}},{"id":2,"name":"n3","state":"idle","properties":{}},{"id":3,"name":"n4","state":"idle","properties":{}},{"id":4,"name":"n5","state":"idle","properties":{}},{"id":5,"name":"n6","state":"idle","properties":{}},{"id":6,"name":"n7","state":"idle","properties":{}},{"id":7,"name":"n8","state":"idle","properties":{}},{"id":8,"name":"n9","state":"idle","properties":{}},{"id":9,"name":"n10","state":"idle","properties":{}},{"id":10,"name":"n11","state":"idle","properties":{}},{"id":11,"name":"n12","state":"idle","properties":{}},{"id":12,"name":"n13","state":"idle","properties":{}},{"id":13,"name":"n14","state":"idle","properties":{}},{"id":14,"name":"n15","state":"idle","properties":{}},{"id":15,"name":"n16","state":"idle","properties":{}},{"id":16,"name":"n17","state":"idle","properties":{}},{"id":17,"name":"n18","state":"idle","properties":{}},{"id":18,"name":"n19","state":"idle","properties":{}},{"id":19,"name":"n20","state":"idle","properties":{}},{"id":20,"name":"n21","state":"idle","properties":{}},{"id":21,"name":"n22","state":"idle","properties":{}},{"id":22,"name":"n23","state":"idle","properties":{}},{"id":23,"name":"n24","state":"idle","properties":{}},{"id":24,"name":"n25","state":"idle","properties":{}},{"id":25,"name":"n26","state":"idle","properties":{}},{"id":26,"name":"n27","state":"idle","properties":{}},{"id":27,"name":"n28","state":"idle","properties":{}},{"id":28,"name":"n29","state":"idle","properties":{}},{"id":29,"name":"n30","state":"idle","properties":{}},{"id":30,"name":"n31","state":"idle","properties":{}},{"id":31,"name":"n32","state":"idle","properties":{}},{"id":32,"name":"n33","state":"idle","properties":{}},{"id":33,"name":"n34","state":"idle","properties":{}},{"id":34,"name":"n35","state":"idle","properties":{}},{"id":35,"name":"n36","state":"idle","properties":{}},{"id":36,"name":"n37","state":"idle","properties":{}},{"id":37,"name":"n38","state":"idle","properties":{}},{"id":38,"name":"n39","state":"idle","properties":{}},{"id":39,"name":"n40","state":"idle","properties":{}},{"id":40,"name":"n41","state":"idle","properties":{}},{"id":41,"name":"n42","state":"idle","properties":{}},{"id":42,"name":"n43","state":"idle","properties":{}},{"id":43,"name":"n44","state":"idle","properties":{}},{"id":44,"name":"n45","state":"idle","properties":{}},{"id":45,"name":"n46","state":"idle","properties":{}},{"id":46,"name":"n47","state":"idle","properties":{}},{"id":47,"name":"n48","state":"idle","properties":{}},{"id":48,"name":"n49","state":"idle","properties":{}},{"id":49,"name":"n50","state":"idle","properties":{}},{"id":50,"name":"n51","state":"idle","properties":{}},{"id":51,"name":"n52","state":"idle","properties":{}},{"id":52,"name":"n53","state":"idle","properties":{}},{"id":53,"name":"n54","state":"idle","properties":{}},{"id":54,"name":"n55","state":"idle","properties":{}},{"id":55,"name":"n56","state":"idle","properties":{}},{"id":56,"name":"n57","state":"idle","properties":{}},{"id":57,"name":"n58","state":"idle","properties":{}},{"id":58,"name":"n59","state":"idle","properties":{}},{"id":59,"name":"n60","state":"idle","properties":{}},{"id":60,"name":"n61","state":"idle","properties":{}},{"id":61,"name":"n62","state":"idle","properties":{}},{"id":62,"name":"n63","state":"idle","properties":{}},{"id":63,"name":"n64","state":"idle","properties":{}}],"workloads":{"ff6079":"/github-simgrid/190311/../batsim-v2.0.0/workload_profiles/npb_140_jobs.json"}}}]}'
Sending '{"now":0.0,"events":[]}'
Received '{"now":0.396756,"events":[{"timestamp":0.396756,"type":"JOB_SUBMITTED","data":{"job_id":"ff6079!1","job":{"id":"ff6079!1","profile":"SP.S.16","res":16,"subtime":0.396726,"walltime":4200}}}]}'
Sending '{"now":0.396756,"events":[{"timestamp":0.396756,"type":"EXECUTE_JOB","data":{"job_id":"ff6079!1","alloc":"0-15"}}]}'
Received '{"now":0.404816,"events":[{"timestamp":0.404816,"type":"JOB_SUBMITTED","data":{"job_id":"ff6079!2","job":{"id":"ff6079!2","profile":"MG.S.16","res":16,"subtime":0.404786,"walltime":4200}}}]}'
Sending '{"now":0.404816,"events":[{"timestamp":0.404816,"type":"EXECUTE_JOB","data":{"job_id":"ff6079!2","alloc":"16-31"}}]}'
Received '{"now":0.448892,"events":[{"timestamp":0.448892,"type":"JOB_SUBMITTED","data":{"job_id":"ff6079!3","job":{"id":"ff6079!3","profile":"FT.S.4","res":4,"subtime":0.448868,"walltime":4200}}}]}'
Sending '{"now":0.448892,"events":[{"timestamp":0.448892,"type":"EXECUTE_JOB","data":{"job_id":"ff6079!3","alloc":"32-35"}}]}'
Received '{"now":0.555001,"events":[{"timestamp":0.555001,"type":"JOB_SUBMITTED","data":{"job_id":"ff6079!4","job":{"id":"ff6079!4","profile":"SP.S.4","res":4,"subtime":0.554971,"walltime":4200}}}]}'
Sending '{"now":0.555001,"events":[{"timestamp":0.555001,"type":"EXECUTE_JOB","data":{"job_id":"ff6079!4","alloc":"36-39"}}]}'
Received '{"now":0.693645,"events":[{"timestamp":0.693645,"type":"JOB_SUBMITTED","data":{"job_id":"ff6079!5","job":{"id":"ff6079!5","profile":"IS.S.4","res":4,"subtime":0.693616,"walltime":4200}}}]}'
Sending '{"now":0.693645,"events":[{"timestamp":0.693645,"type":"EXECUTE_JOB","data":{"job_id":"ff6079!5","alloc":"40-43"}}]}'
Received '{"now":0.810371,"events":[{"timestamp":0.810371,"type":"JOB_COMPLETED","data":{"job_id":"ff6079!2","job_state":"COMPLETED_SUCCESSFULLY","return_code":0,"kill_reason":"","alloc":"16-31"}}]}'
Sending '{"now":0.810371,"events":[]}'
Received '{"now":0.856403,"events":[{"timestamp":0.856403,"type":"JOB_COMPLETED","data":{"job_id":"ff6079!5","job_state":"COMPLETED_SUCCESSFULLY","return_code":0,"kill_reason":"","alloc":"40-43"}}]}'
Sending '{"now":0.856403,"events":[]}'
Received '{"now":0.868709,"events":[{"timestamp":0.868709,"type":"JOB_COMPLETED","data":{"job_id":"ff6079!3","job_state":"COMPLETED_SUCCESSFULLY","return_code":0,"kill_reason":"","alloc":"32-35"}}]}'
Sending '{"now":0.868709,"events":[]}'
Received '{"now":0.912317,"events":[{"timestamp":0.912317,"type":"JOB_COMPLETED","data":{"job_id":"ff6079!4","job_state":"COMPLETED_SUCCESSFULLY","return_code":0,"kill_reason":"","alloc":"36-39"}}]}'
Sending '{"now":0.912317,"events":[]}'
Received '{"now":0.912601,"events":[{"timestamp":0.912601,"type":"JOB_SUBMITTED","data":{"job_id":"ff6079!6","job":{"id":"ff6079!6","profile":"IS.S.16","res":16,"subtime":0.912571,"walltime":4200}}}]}'
Sending '{"now":0.912601,"events":[{"timestamp":0.912601,"type":"EXECUTE_JOB","data":{"job_id":"ff6079!6","alloc":"16-31"}}]}'
Received '{"now":0.999566,"events":[{"timestamp":0.999566,"type":"JOB_COMPLETED","data":{"job_id":"ff6079!6","job_state":"COMPLETED_SUCCESSFULLY","return_code":0,"kill_reason":"","alloc":"16-31"}}]}'
Sending '{"now":0.999566,"events":[]}'
Received '{"now":1.045919,"events":[{"timestamp":1.045919,"type":"JOB_SUBMITTED","data":{"job_id":"ff6079!7","job":{"id":"ff6079!7","profile":"IS.S.16","res":16,"subtime":1.045891,"walltime":4200}}}]}'
Sending '{"now":1.045919,"events":[{"timestamp":1.045919,"type":"EXECUTE_JOB","data":{"job_id":"ff6079!7","alloc":"16-31"}}]}'
Received '{"now":1.130435,"events":[{"timestamp":1.130435,"type":"JOB_COMPLETED","data":{"job_id":"ff6079!7","job_state":"COMPLETED_SUCCESSFULLY","return_code":0,"kill_reason":"","alloc":"16-31"}}]}'
Sending '{"now":1.130435,"events":[]}'
Received '{"now":1.179515,"events":[{"timestamp":1.179515,"type":"JOB_SUBMITTED","data":{"job_id":"ff6079!8","job":{"id":"ff6079!8","profile":"BT.S.16","res":16,"subtime":1.179485,"walltime":4200}}}]}'
Sending '{"now":1.179515,"events":[{"timestamp":1.179515,"type":"EXECUTE_JOB","data":{"job_id":"ff6079!8","alloc":"16-31"}}]}'
Received '{"now":1.233954,"events":[{"timestamp":1.233954,"type":"JOB_SUBMITTED","data":{"job_id":"ff6079!9","job":{"id":"ff6079!9","profile":"SP.S.16","res":16,"subtime":1.233924,"walltime":4200}}}]}'
Sending '{"now":1.233954,"events":[{"timestamp":1.233954,"type":"EXECUTE_JOB","data":{"job_id":"ff6079!9","alloc":"32-47"}}]}'
Received '{"now":1.242190,"events":[{"timestamp":1.242190,"type":"JOB_SUBMITTED","data":{"job_id":"ff6079!10","job":{"id":"ff6079!10","profile":"IS.S.16","res":16,"subtime":1.242169,"walltime":4200}}}]}'
Sending '{"now":1.24219,"events":[{"timestamp":1.24219,"type":"EXECUTE_JOB","data":{"job_id":"ff6079!10","alloc":"48-63"}}]}'
Received '{"now":1.334567,"events":[{"timestamp":1.334567,"type":"JOB_SUBMITTED","data":{"job_id":"ff6079!11","job":{"id":"ff6079!11","profile":"CG.S.16","res":16,"subtime":1.334537,"walltime":4200}}}]}'
Sending '{"now":1.334567,"events":[]}'
Received '{"now":1.367705,"events":[{"timestamp":1.367705,"type":"JOB_COMPLETED","data":{"job_id":"ff6079!10","job_state":"COMPLETED_SUCCESSFULLY","return_code":0,"kill_reason":"","alloc":"48-63"}}]}'
Sending '{"now":1.367705,"events":[{"timestamp":1.367705,"type":"EXECUTE_JOB","data":{"job_id":"ff6079!11","alloc":"48-63"}}]}'
Received '{"now":1.615035,"events":[{"timestamp":1.615035,"type":"JOB_COMPLETED","data":{"job_id":"ff6079!1","job_state":"COMPLETED_SUCCESSFULLY","return_code":0,"kill_reason":"","alloc":"0-15"}}]}'
Sending '{"now":1.615035,"events":[]}'
Received '{"now":1.687067,"events":[{"timestamp":1.687067,"type":"JOB_SUBMITTED","data":{"job_id":"ff6079!12","job":{"id":"ff6079!12","profile":"BT.S.16","res":16,"subtime":1.687039,"walltime":4200}}}]}'
Sending '{"now":1.687067,"events":[{"timestamp":1.687067,"type":"EXECUTE_JOB","data":{"job_id":"ff6079!12","alloc":"0-15"}}]}'
Received '{"now":2.036664,"events":[{"timestamp":2.036664,"type":"JOB_SUBMITTED","data":{"job_id":"ff6079!13","job":{"id":"ff6079!13","profile":"LU.S.16","res":16,"subtime":2.036633,"walltime":4200}}}]}'
Sending '{"now":2.036664,"events":[]}'
Received '{"now":2.125358,"events":[{"timestamp":2.125358,"type":"JOB_SUBMITTED","data":{"job_id":"ff6079!14","job":{"id":"ff6079!14","profile":"IS.S.4","res":4,"subtime":2.125332,"walltime":4200}}}]}'
Sending '{"now":2.125358,"events":[]}'
Received '{"now":2.153649,"events":[{"timestamp":2.153649,"type":"JOB_SUBMITTED","data":{"job_id":"ff6079!15","job":{"id":"ff6079!15","profile":"IS.S.16","res":16,"subtime":2.153619,"walltime":4200}}}]}'
Sending '{"now":2.153649,"events":[]}'
Received '{"now":2.187202,"events":[{"timestamp":2.187202,"type":"JOB_SUBMITTED","data":{"job_id":"ff6079!16","job":{"id":"ff6079!16","profile":"FT.S.4","res":4,"subtime":2.187179,"walltime":4200}}}]}'
Sending '{"now":2.187202,"events":[]}'
Received '{"now":2.401471,"events":[{"timestamp":2.401471,"type":"JOB_COMPLETED","data":{"job_id":"ff6079!9","job_state":"COMPLETED_SUCCESSFULLY","return_code":0,"kill_reason":"","alloc":"32-47"}}]}'
Sending '{"now":2.401471,"events":[{"timestamp":2.401471,"type":"EXECUTE_JOB","data":{"job_id":"ff6079!13","alloc":"32-47"}}]}'
Received '{"now":2.404744,"events":[{"timestamp":2.404744,"type":"JOB_COMPLETED","data":{"job_id":"ff6079!11","job_state":"COMPLETED_SUCCESSFULLY","return_code":0,"kill_reason":"","alloc":"48-63"}}]}'
Sending '{"now":2.404744,"events":[{"timestamp":2.404744,"type":"EXECUTE_JOB","data":{"job_id":"ff6079!14","alloc":"48-51"}},{"timestamp":2.404744,"type":"EXECUTE_JOB","data":{"job_id":"ff6079!16","alloc":"52-55"}}]}'
Received '{"now":2.464048,"events":[{"timestamp":2.464048,"type":"JOB_SUBMITTED","data":{"job_id":"ff6079!17","job":{"id":"ff6079!17","profile":"CG.S.4","res":4,"subtime":2.464017,"walltime":4200}}}]}'
Sending '{"now":2.464048,"events":[{"timestamp":2.464048,"type":"EXECUTE_JOB","data":{"job_id":"ff6079!17","alloc":"56-59"}}]}'
Received '{"now":2.470613,"events":[{"timestamp":2.470613,"type":"JOB_SUBMITTED","data":{"job_id":"ff6079!18","job":{"id":"ff6079!18","profile":"CG.S.4","res":4,"subtime":2.470583,"walltime":4200}}}]}'
Sending '{"now":2.470613,"events":[{"timestamp":2.470613,"type":"EXECUTE_JOB","data":{"job_id":"ff6079!18","alloc":"60-63"}}]}'
Received '{"now":2.529783,"events":[{"timestamp":2.529783,"type":"JOB_SUBMITTED","data":{"job_id":"ff6079!19","job":{"id":"ff6079!19","profile":"CG.S.4","res":4,"subtime":2.529758,"walltime":4200}}}]}'
Sending '{"now":2.529783,"events":[]}'
Received '{"now":2.601724,"events":[{"timestamp":2.601724,"type":"JOB_COMPLETED","data":{"job_id":"ff6079!14","job_state":"COMPLETED_SUCCESSFULLY","return_code":0,"kill_reason":"","alloc":"48-51"}}]}'
Sending '{"now":2.601724,"events":[{"timestamp":2.601724,"type":"EXECUTE_JOB","data":{"job_id":"ff6079!19","alloc":"48-51"}}]}'
Received '{"now":2.613026,"events":[{"timestamp":2.613026,"type":"JOB_SUBMITTED","data":{"job_id":"ff6079!20","job":{"id":"ff6079!20","profile":"MG.S.4","res":4,"subtime":2.612998,"walltime":4200}}}]}'
Sending '{"now":2.613026,"events":[]}'
Received '{"now":2.687499,"events":[{"timestamp":2.687499,"type":"JOB_COMPLETED","data":{"job_id":"ff6079!8","job_state":"COMPLETED_SUCCESSFULLY","return_code":0,"kill_reason":"","alloc":"16-31"}}]}'
Sending '{"now":2.687499,"events":[{"timestamp":2.687499,"type":"EXECUTE_JOB","data":{"job_id":"ff6079!15","alloc":"16-31"}}]}'
Received '{"now":2.781082,"events":[{"timestamp":2.781082,"type":"JOB_COMPLETED","data":{"job_id":"ff6079!15","job_state":"COMPLETED_SUCCESSFULLY","return_code":0,"kill_reason":"","alloc":"16-31"}}]}'
Sending '{"now":2.781082,"events":[{"timestamp":2.781082,"type":"EXECUTE_JOB","data":{"job_id":"ff6079!20","alloc":"16-19"}}]}'
Received '{"now":2.875407,"events":[{"timestamp":2.875407,"type":"JOB_COMPLETED","data":{"job_id":"ff6079!16","job_state":"COMPLETED_SUCCESSFULLY","return_code":0,"kill_reason":"","alloc":"52-55"}}]}'
Sending '{"now":2.875407,"events":[]}'
Received '{"now":2.881442,"events":[{"timestamp":2.881442,"type":"JOB_SUBMITTED","data":{"job_id":"ff6079!21","job":{"id":"ff6079!21","profile":"BT.S.16","res":16,"subtime":2.881420,"walltime":4200}}}]}'
Sending '{"now":2.881442,"events":[{"timestamp":2.881442,"type":"EXECUTE_JOB","data":{"job_id":"ff6079!21","alloc":"20-31 52-55"}}]}'
Received '{"now":2.998574,"events":[{"timestamp":2.998574,"type":"JOB_COMPLETED","data":{"job_id":"ff6079!20","job_state":"COMPLETED_SUCCESSFULLY","return_code":0,"kill_reason":"","alloc":"16-19"}}]}'
Sending '{"now":2.998574,"events":[]}'
Received '{"now":3.030416,"events":[{"timestamp":3.030416,"type":"JOB_COMPLETED","data":{"job_id":"ff6079!17","job_state":"COMPLETED_SUCCESSFULLY","return_code":0,"kill_reason":"","alloc":"56-59"}}]}'
Sending '{"now":3.030416,"events":[]}'
Received '{"now":3.076574,"events":[{"timestamp":3.076574,"type":"JOB_COMPLETED","data":{"job_id":"ff6079!12","job_state":"COMPLETED_SUCCESSFULLY","return_code":0,"kill_reason":"","alloc":"0-15"}}]}'
Sending '{"now":3.076574,"events":[]}'
Received '{"now":3.080461,"events":[{"timestamp":3.080461,"type":"JOB_COMPLETED","data":{"job_id":"ff6079!18","job_state":"COMPLETED_SUCCESSFULLY","return_code":0,"kill_reason":"","alloc":"60-63"}}]}'
Sending '{"now":3.080461,"events":[]}'
Received '{"now":3.124855,"events":[{"timestamp":3.124855,"type":"JOB_COMPLETED","data":{"job_id":"ff6079!19","job_state":"COMPLETED_SUCCESSFULLY","return_code":0,"kill_reason":"","alloc":"48-51"}}]}'
Sending '{"now":3.124855,"events":[]}'
Received '{"now":3.409491,"events":[{"timestamp":3.409491,"type":"JOB_COMPLETED","data":{"job_id":"ff6079!13","job_state":"COMPLETED_SUCCESSFULLY","return_code":0,"kill_reason":"","alloc":"32-47"}}]}'
Sending '{"now":3.409491,"events":[]}'
Received '{"now":3.712225,"events":[{"timestamp":3.712225,"type":"JOB_SUBMITTED","data":{"job_id":"ff6079!22","job":{"id":"ff6079!22","profile":"SP.S.16","res":16,"subtime":3.712202,"walltime":4200}}}]}'
Sending '{"now":3.712225,"events":[{"timestamp":3.712225,"type":"EXECUTE_JOB","data":{"job_id":"ff6079!22","alloc":"0-15"}}]}'
Received '{"now":3.724371,"events":[{"timestamp":3.724371,"type":"JOB_SUBMITTED","data":{"job_id":"ff6079!23","job":{"id":"ff6079!23","profile":"FT.S.16","res":16,"subtime":3.724341,"walltime":4200}}}]}'
Sending '{"now":3.724371,"events":[{"timestamp":3.724371,"type":"EXECUTE_JOB","data":{"job_id":"ff6079!23","alloc":"16-19 32-43"}}]}'
Received '{"now":3.800560,"events":[{"timestamp":3.800560,"type":"JOB_SUBMITTED","data":{"job_id":"ff6079!24","job":{"id":"ff6079!24","profile":"BT.S.4","res":4,"subtime":3.800530,"walltime":4200}}}]}'
Sending '{"now":3.80056,"events":[{"timestamp":3.80056,"type":"EXECUTE_JOB","data":{"job_id":"ff6079!24","alloc":"44-47"}}]}'
Received '{"now":4.006053,"events":[{"timestamp":4.006053,"type":"JOB_COMPLETED","data":{"job_id":"ff6079!21","job_state":"COMPLETED_SUCCESSFULLY","return_code":0,"kill_reason":"","alloc":"20-31 52-55"}}]}'
Sending '{"now":4.006053,"events":[]}'
Received '{"now":4.054573,"events":[{"timestamp":4.054573,"type":"JOB_SUBMITTED","data":{"job_id":"ff6079!25","job":{"id":"ff6079!25","profile":"BT.S.16","res":16,"subtime":4.054552,"walltime":4200}}}]}'
Sending '{"now":4.054573,"events":[{"timestamp":4.054573,"type":"EXECUTE_JOB","data":{"job_id":"ff6079!25","alloc":"20-31 48-51"}}]}'
Received '{"now":4.067879,"events":[{"timestamp":4.067879,"type":"JOB_SUBMITTED","data":{"job_id":"ff6079!26","job":{"id":"ff6079!26","profile":"LU.S.16","res":16,"subtime":4.067856,"walltime":4200}}}]}'
Sending '{"now":4.067879,"events":[]}'
Received '{"now":4.086945,"events":[{"timestamp":4.086945,"type":"JOB_SUBMITTED","data":{"job_id":"ff6079!27","job":{"id":"ff6079!27","profile":"CG.S.4","res":4,"subtime":4.086924,"walltime":4200}}}]}'
Sending '{"now":4.086945,"events":[{"timestamp":4.086945,"type":"EXECUTE_JOB","data":{"job_id":"ff6079!27","alloc":"52-55"}}]}'
Received '{"now":4.133998,"events":[{"timestamp":4.133998,"type":"JOB_COMPLETED","data":{"job_id":"ff6079!23","job_state":"COMPLETED_SUCCESSFULLY","return_code":0,"kill_reason":"","alloc":"16-19 32-43"}}]}'
Sending '{"now":4.133998,"events":[{"timestamp":4.133998,"type":"EXECUTE_JOB","data":{"job_id":"ff6079!26","alloc":"16-19 32-43"}}]}'
Received '{"now":4.195069,"events":[{"timestamp":4.195069,"type":"JOB_SUBMITTED","data":{"job_id":"ff6079!28","job":{"id":"ff6079!28","profile":"IS.S.4","res":4,"subtime":4.195046,"walltime":4200}}}]}'
Sending '{"now":4.195069,"events":[{"timestamp":4.195069,"type":"EXECUTE_JOB","data":{"job_id":"ff6079!28","alloc":"56-59"}}]}'
Received '{"now":4.305029,"events":[{"timestamp":4.305029,"type":"JOB_SUBMITTED","data":{"job_id":"ff6079!29","job":{"id":"ff6079!29","profile":"IS.S.4","res":4,"subtime":4.304999,"walltime":4200}}}]}'
Sending '{"now":4.305029,"events":[{"timestamp":4.305029,"type":"EXECUTE_JOB","data":{"job_id":"ff6079!29","alloc":"60-63"}}]}'
Received '{"now":4.323439,"events":[{"timestamp":4.323439,"type":"JOB_COMPLETED","data":{"job_id":"ff6079!24","job_state":"COMPLETED_SUCCESSFULLY","return_code":0,"kill_reason":"","alloc":"44-47"}}]}'
Sending '{"now":4.323439,"events":[]}'
Received '{"now":4.436321,"events":[{"timestamp":4.436321,"type":"JOB_COMPLETED","data":{"job_id":"ff6079!28","job_state":"COMPLETED_SUCCESSFULLY","return_code":0,"kill_reason":"","alloc":"56-59"}}]}'
Sending '{"now":4.436321,"events":[]}'
Received '{"now":4.444578,"events":[{"timestamp":4.444578,"type":"JOB_COMPLETED","data":{"job_id":"ff6079!27","job_state":"COMPLETED_SUCCESSFULLY","return_code":0,"kill_reason":"","alloc":"52-55"}}]}'
Sending '{"now":4.444578,"events":[]}'
Received '{"now":4.513101,"events":[{"timestamp":4.513101,"type":"JOB_COMPLETED","data":{"job_id":"ff6079!29","job_state":"COMPLETED_SUCCESSFULLY","return_code":0,"kill_reason":"","alloc":"60-63"}}]}'
Sending '{"now":4.513101,"events":[]}'
Received '{"now":4.612681,"events":[{"timestamp":4.612681,"type":"JOB_SUBMITTED","data":{"job_id":"ff6079!30","job":{"id":"ff6079!30","profile":"FT.S.16","res":16,"subtime":4.612659,"walltime":4200}}}]}'
Sending '{"now":4.612681,"events":[{"timestamp":4.612681,"type":"EXECUTE_JOB","data":{"job_id":"ff6079!30","alloc":"44-47 52-63"}}]}'
Received '{"now":4.774144,"events":[{"timestamp":4.774144,"type":"JOB_COMPLETED","data":{"job_id":"ff6079!22","job_state":"COMPLETED_SUCCESSFULLY","return_code":0,"kill_reason":"","alloc":"0-15"}}]}'
Sending '{"now":4.774144,"events":[]}'
Received '{"now":5.038553,"events":[{"timestamp":5.038553,"type":"JOB_COMPLETED","data":{"job_id":"ff6079!30","job_state":"COMPLETED_SUCCESSFULLY","return_code":0,"kill_reason":"","alloc":"44-47 52-63"}}]}'
Sending '{"now":5.038553,"events":[]}'
Received '{"now":5.092253,"events":[{"timestamp":5.092253,"type":"JOB_COMPLETED","data":{"job_id":"ff6079!26","job_state":"COMPLETED_SUCCESSFULLY","return_code":0,"kill_reason":"","alloc":"16-19 32-43"}}]}'
Sending '{"now":5.092253,"events":[]}'
Received '{"now":5.324279,"events":[{"timestamp":5.324279,"type":"JOB_SUBMITTED","data":{"job_id":"ff6079!31","job":{"id":"ff6079!31","profile":"BT.S.16","res":16,"subtime":5.324249,"walltime":4200}}}]}'
Sending '{"now":5.324279,"events":[{"timestamp":5.324279,"type":"EXECUTE_JOB","data":{"job_id":"ff6079!31","alloc":"0-15"}}]}'
Received '{"now":5.330109,"events":[{"timestamp":5.330109,"type":"JOB_COMPLETED","data":{"job_id":"ff6079!25","job_state":"COMPLETED_SUCCESSFULLY","return_code":0,"kill_reason":"","alloc":"20-31 48-51"}}]}'
Sending '{"now":5.330109,"events":[]}'
Received '{"now":5.398005,"events":[{"timestamp":5.398005,"type":"JOB_SUBMITTED","data":{"job_id":"ff6079!32","job":{"id":"ff6079!32","profile":"CG.S.4","res":4,"subtime":5.397975,"walltime":4200}}}]}'
Sending '{"now":5.398005,"events":[{"timestamp":5.398005,"type":"EXECUTE_JOB","data":{"job_id":"ff6079!32","alloc":"16-19"}}]}'
Received '{"now":5.551241,"events":[{"timestamp":5.551241,"type":"JOB_SUBMITTED","data":{"job_id":"ff6079!33","job":{"id":"ff6079!33","profile":"LU.S.16","res":16,"subtime":5.551216,"walltime":4200}}}]}'
Sending '{"now":5.551241,"events":[{"timestamp":5.551241,"type":"EXECUTE_JOB","data":{"job_id":"ff6079!33","alloc":"20-35"}}]}'
Received '{"now":5.596184,"events":[{"timestamp":5.596184,"type":"JOB_SUBMITTED","data":{"job_id":"ff6079!34","job":{"id":"ff6079!34","profile":"IS.S.16","res":16,"subtime":5.596153,"walltime":4200}}}]}'
Sending '{"now":5.596184,"events":[{"timestamp":5.596184,"type":"EXECUTE_JOB","data":{"job_id":"ff6079!34","alloc":"36-51"}}]}'
Received '{"now":5.631829,"events":[{"timestamp":5.631829,"type":"JOB_SUBMITTED","data":{"job_id":"ff6079!35","job":{"id":"ff6079!35","profile":"SP.S.4","res":4,"subtime":5.631799,"walltime":4200}}}]}'
Sending '{"now":5.631829,"events":[{"timestamp":5.631829,"type":"EXECUTE_JOB","data":{"job_id":"ff6079!35","alloc":"52-55"}}]}'
Received '{"now":5.693189,"events":[{"timestamp":5.693189,"type":"JOB_COMPLETED","data":{"job_id":"ff6079!34","job_state":"COMPLETED_SUCCESSFULLY","return_code":0,"kill_reason":"","alloc":"36-51"}}]}'
Sending '{"now":5.693189,"events":[]}'
Received '{"now":5.699292,"events":[{"timestamp":5.699292,"type":"JOB_SUBMITTED","data":{"job_id":"ff6079!36","job":{"id":"ff6079!36","profile":"CG.S.4","res":4,"subtime":5.699276,"walltime":4200}}}]}'
Sending '{"now":5.699292,"events":[{"timestamp":5.699292,"type":"EXECUTE_JOB","data":{"job_id":"ff6079!36","alloc":"36-39"}}]}'
Received '{"now":5.804369,"events":[{"timestamp":5.804369,"type":"JOB_SUBMITTED","data":{"job_id":"ff6079!37","job":{"id":"ff6079!37","profile":"SP.S.4","res":4,"subtime":5.804340,"walltime":4200}}}]}'
Sending '{"now":5.804369,"events":[{"timestamp":5.804369,"type":"EXECUTE_JOB","data":{"job_id":"ff6079!37","alloc":"40-43"}}]}'
Received '{"now":5.882880,"events":[{"timestamp":5.882880,"type":"JOB_SUBMITTED","data":{"job_id":"ff6079!38","job":{"id":"ff6079!38","profile":"IS.S.16","res":16,"subtime":5.882850,"walltime":4200}}}]}'
Sending '{"now":5.88288,"events":[{"timestamp":5.88288,"type":"EXECUTE_JOB","data":{"job_id":"ff6079!38","alloc":"44-51 56-63"}}]}'
Received '{"now":5.995746,"events":[{"timestamp":5.995746,"type":"JOB_COMPLETED","data":{"job_id":"ff6079!38","job_state":"COMPLETED_SUCCESSFULLY","return_code":0,"kill_reason":"","alloc":"44-51 56-63"}}]}'
Sending '{"now":5.995746,"events":[]}'
Received '{"now":6.020390,"events":[{"timestamp":6.020390,"type":"JOB_COMPLETED","data":{"job_id":"ff6079!32","job_state":"COMPLETED_SUCCESSFULLY","return_code":0,"kill_reason":"","alloc":"16-19"}}]}'
Sending '{"now":6.02039,"events":[]}'
Received '{"now":6.052759,"events":[{"timestamp":6.052759,"type":"JOB_COMPLETED","data":{"job_id":"ff6079!35","job_state":"COMPLETED_SUCCESSFULLY","return_code":0,"kill_reason":"","alloc":"52-55"}}]}'
Sending '{"now":6.052759,"events":[]}'
Received '{"now":6.089569,"events":[{"timestamp":6.089569,"type":"JOB_SUBMITTED","data":{"job_id":"ff6079!39","job":{"id":"ff6079!39","profile":"CG.S.16","res":16,"subtime":6.089540,"walltime":4200}}}]}'
Sending '{"now":6.089569,"events":[{"timestamp":6.089569,"type":"EXECUTE_JOB","data":{"job_id":"ff6079!39","alloc":"16-19 44-55"}}]}'
Received '{"now":6.223644,"events":[{"timestamp":6.223644,"type":"JOB_COMPLETED","data":{"job_id":"ff6079!37","job_state":"COMPLETED_SUCCESSFULLY","return_code":0,"kill_reason":"","alloc":"40-43"}}]}'
Sending '{"now":6.223644,"events":[]}'
Received '{"now":6.295537,"events":[{"timestamp":6.295537,"type":"JOB_COMPLETED","data":{"job_id":"ff6079!31","job_state":"COMPLETED_SUCCESSFULLY","return_code":0,"kill_reason":"","alloc":"0-15"}}]}'
Sending '{"now":6.295537,"events":[]}'
Received '{"now":6.316992,"events":[{"timestamp":6.316992,"type":"JOB_COMPLETED","data":{"job_id":"ff6079!36","job_state":"COMPLETED_SUCCESSFULLY","return_code":0,"kill_reason":"","alloc":"36-39"}}]}'
Sending '{"now":6.316992,"events":[]}'
Received '{"now":6.403702,"events":[{"timestamp":6.403702,"type":"JOB_SUBMITTED","data":{"job_id":"ff6079!40","job":{"id":"ff6079!40","profile":"BT.S.16","res":16,"subtime":6.403675,"walltime":4200}}}]}'
Sending '{"now":6.403702,"events":[{"timestamp":6.403702,"type":"EXECUTE_JOB","data":{"job_id":"ff6079!40","alloc":"0-15"}}]}'
Received '{"now":6.494480,"events":[{"timestamp":6.494480,"type":"JOB_SUBMITTED","data":{"job_id":"ff6079!41","job":{"id":"ff6079!41","profile":"LU.S.16","res":16,"subtime":6.494450,"walltime":4200}}}]}'
Sending '{"now":6.49448,"events":[{"timestamp":6.49448,"type":"EXECUTE_JOB","data":{"job_id":"ff6079!41","alloc":"36-43 56-63"}}]}'
Received '{"now":6.604405,"events":[{"timestamp":6.604405,"type":"JOB_SUBMITTED","data":{"job_id":"ff6079!42","job":{"id":"ff6079!42","profile":"CG.S.16","res":16,"subtime":6.604387,"walltime":4200}}}]}'
Sending '{"now":6.604405,"events":[]}'
Received '{"now":6.641305,"events":[{"timestamp":6.641305,"type":"JOB_COMPLETED","data":{"job_id":"ff6079!33","job_state":"COMPLETED_SUCCESSFULLY","return_code":0,"kill_reason":"","alloc":"20-35"}}]}'
Sending '{"now":6.641305,"events":[{"timestamp":6.641305,"type":"EXECUTE_JOB","data":{"job_id":"ff6079!42","alloc":"20-35"}}]}'
Received '{"now":6.794476,"events":[{"timestamp":6.794476,"type":"JOB_SUBMITTED","data":{"job_id":"ff6079!43","job":{"id":"ff6079!43","profile":"MG.S.4","res":4,"subtime":6.794450,"walltime":4200}}}]}'
Sending '{"now":6.794476,"events":[]}'
Received '{"now":6.869629,"events":[{"timestamp":6.869629,"type":"JOB_SUBMITTED","data":{"job_id":"ff6079!44","job":{"id":"ff6079!44","profile":"LU.S.16","res":16,"subtime":6.869604,"walltime":4200}}}]}'
Sending '{"now":6.869629,"events":[]}'
Received '{"now":6.945446,"events":[{"timestamp":6.945446,"type":"JOB_SUBMITTED","data":{"job_id":"ff6079!45","job":{"id":"ff6079!45","profile":"FT.S.16","res":16,"subtime":6.945422,"walltime":4200}}}]}'
Sending '{"now":6.945446,"events":[]}'
Received '{"now":7.065902,"events":[{"timestamp":7.065902,"type":"JOB_COMPLETED","data":{"job_id":"ff6079!39","job_state":"COMPLETED_SUCCESSFULLY","return_code":0,"kill_reason":"","alloc":"16-19 44-55"}}]}'
Sending '{"now":7.065902,"events":[{"timestamp":7.065902,"type":"EXECUTE_JOB","data":{"job_id":"ff6079!43","alloc":"16-19"}}]}'
Received '{"now":7.105800,"events":[{"timestamp":7.105800,"type":"JOB_SUBMITTED","data":{"job_id":"ff6079!46","job":{"id":"ff6079!46","profile":"LU.S.4","res":4,"subtime":7.105770,"walltime":4200}}}]}'
Sending '{"now":7.1058,"events":[{"timestamp":7.1058,"type":"EXECUTE_JOB","data":{"job_id":"ff6079!46","alloc":"44-47"}}]}'
Received '{"now":7.139775,"events":[{"timestamp":7.139775,"type":"JOB_SUBMITTED","data":{"job_id":"ff6079!47","job":{"id":"ff6079!47","profile":"FT.S.4","res":4,"subtime":7.139748,"walltime":4200}}}]}'
Sending '{"now":7.139775,"events":[{"timestamp":7.139775,"type":"EXECUTE_JOB","data":{"job_id":"ff6079!47","alloc":"48-51"}}]}'
Received '{"now":7.208033,"events":[{"timestamp":7.208033,"type":"JOB_COMPLETED","data":{"job_id":"ff6079!40","job_state":"COMPLETED_SUCCESSFULLY","return_code":0,"kill_reason":"","alloc":"0-15"}}]}'
Sending '{"now":7.208033,"events":[{"timestamp":7.208033,"type":"EXECUTE_JOB","data":{"job_id":"ff6079!44","alloc":"0-15"}}]}'
Received '{"now":7.221324,"events":[{"timestamp":7.221324,"type":"JOB_SUBMITTED","data":{"job_id":"ff6079!48","job":{"id":"ff6079!48","profile":"CG.S.16","res":16,"subtime":7.221304,"walltime":4200}}}]}'
Sending '{"now":7.221324,"events":[]}'
Received '{"now":7.242324,"events":[{"timestamp":7.242324,"type":"JOB_COMPLETED","data":{"job_id":"ff6079!43","job_state":"COMPLETED_SUCCESSFULLY","return_code":0,"kill_reason":"","alloc":"16-19"}}]}'
Sending '{"now":7.242324,"events":[]}'
Received '{"now":7.312533,"events":[{"timestamp":7.312533,"type":"JOB_SUBMITTED","data":{"job_id":"ff6079!49","job":{"id":"ff6079!49","profile":"MG.S.4","res":4,"subtime":7.312510,"walltime":4200}}}]}'
Sending '{"now":7.312533,"events":[]}'
Received '{"now":7.385123,"events":[{"timestamp":7.385123,"type":"JOB_COMPLETED","data":{"job_id":"ff6079!47","job_state":"COMPLETED_SUCCESSFULLY","return_code":0,"kill_reason":"","alloc":"48-51"}}]}'
Sending '{"now":7.385123,"events":[{"timestamp":7.385123,"type":"EXECUTE_JOB","data":{"job_id":"ff6079!49","alloc":"52-55"}}]}'
Received '{"now":7.424239,"events":[{"timestamp":7.424239,"type":"JOB_SUBMITTED","data":{"job_id":"ff6079!50","job":{"id":"ff6079!50","profile":"MG.S.16","res":16,"subtime":7.424212,"walltime":4200}}}]}'
Sending '{"now":7.424239,"events":[]}'
Received '{"now":7.484914,"events":[{"timestamp":7.484914,"type":"JOB_COMPLETED","data":{"job_id":"ff6079!41","job_state":"COMPLETED_SUCCESSFULLY","return_code":0,"kill_reason":"","alloc":"36-43 56-63"}}]}'
Sending '{"now":7.484914,"events":[{"timestamp":7.484914,"type":"EXECUTE_JOB","data":{"job_id":"ff6079!45","alloc":"16-19 36-43 48-51"}}]}'
Received '{"now":7.533224,"events":[{"timestamp":7.533224,"type":"JOB_COMPLETED","data":{"job_id":"ff6079!49","job_state":"COMPLETED_SUCCESSFULLY","return_code":0,"kill_reason":"","alloc":"52-55"}}]}'
Sending '{"now":7.533224,"events":[]}'
Received '{"now":7.546011,"events":[{"timestamp":7.546011,"type":"JOB_SUBMITTED","data":{"job_id":"ff6079!51","job":{"id":"ff6079!51","profile":"BT.S.4","res":4,"subtime":7.545983,"walltime":4200}}}]}'
Sending '{"now":7.546011,"events":[{"timestamp":7.546011,"type":"EXECUTE_JOB","data":{"job_id":"ff6079!51","alloc":"52-55"}}]}'
Received '{"now":7.627745,"events":[{"timestamp":7.627745,"type":"JOB_COMPLETED","data":{"job_id":"ff6079!42","job_state":"COMPLETED_SUCCESSFULLY","return_code":0,"kill_reason":"","alloc":"20-35"}}]}'
Sending '{"now":7.627745,"events":[{"timestamp":7.627745,"type":"EXECUTE_JOB","data":{"job_id":"ff6079!48","alloc":"20-35"}}]}'
Received '{"now":7.681273,"events":[{"timestamp":7.681273,"type":"JOB_COMPLETED","data":{"job_id":"ff6079!45","job_state":"COMPLETED_SUCCESSFULLY","return_code":0,"kill_reason":"","alloc":"16-19 36-43 48-51"}}]}'
Sending '{"now":7.681273,"events":[{"timestamp":7.681273,"type":"EXECUTE_JOB","data":{"job_id":"ff6079!50","alloc":"16-19 36-43 48-51"}}]}'
Received '{"now":7.771399,"events":[{"timestamp":7.771399,"type":"JOB_COMPLETED","data":{"job_id":"ff6079!51","job_state":"COMPLETED_SUCCESSFULLY","return_code":0,"kill_reason":"","alloc":"52-55"}}]}'
Sending '{"now":7.771399,"events":[]}'
Received '{"now":7.881322,"events":[{"timestamp":7.881322,"type":"JOB_COMPLETED","data":{"job_id":"ff6079!46","job_state":"COMPLETED_SUCCESSFULLY","return_code":0,"kill_reason":"","alloc":"44-47"}}]}'
Sending '{"now":7.881322,"events":[]}'
Received '{"now":8.023063,"events":[{"timestamp":8.023063,"type":"JOB_COMPLETED","data":{"job_id":"ff6079!50","job_state":"COMPLETED_SUCCESSFULLY","return_code":0,"kill_reason":"","alloc":"16-19 36-43 48-51"}}]}'
Sending '{"now":8.023063,"events":[]}'
Received '{"now":8.066109,"events":[{"timestamp":8.066109,"type":"JOB_SUBMITTED","data":{"job_id":"ff6079!52","job":{"id":"ff6079!52","profile":"IS.S.4","res":4,"subtime":8.066079,"walltime":4200}}}]}'
Sending '{"now":8.066109,"events":[{"timestamp":8.066109,"type":"EXECUTE_JOB","data":{"job_id":"ff6079!52","alloc":"16-19"}}]}'
Received '{"now":8.141219,"events":[{"timestamp":8.141219,"type":"JOB_COMPLETED","data":{"job_id":"ff6079!52","job_state":"COMPLETED_SUCCESSFULLY","return_code":0,"kill_reason":"","alloc":"16-19"}}]}'
Sending '{"now":8.141219,"events":[]}'
Received '{"now":8.194316,"events":[{"timestamp":8.194316,"type":"JOB_SUBMITTED","data":{"job_id":"ff6079!53","job":{"id":"ff6079!53","profile":"IS.S.16","res":16,"subtime":8.194286,"walltime":4200}}}]}'
Sending '{"now":8.194316,"events":[{"timestamp":8.194316,"type":"EXECUTE_JOB","data":{"job_id":"ff6079!53","alloc":"16-19 36-47"}}]}'
Received '{"now":8.253619,"events":[{"timestamp":8.253619,"type":"JOB_COMPLETED","data":{"job_id":"ff6079!44","job_state":"COMPLETED_SUCCESSFULLY","return_code":0,"kill_reason":"","alloc":"0-15"}}]}'
Sending '{"now":8.253619,"events":[]}'
Received '{"now":8.273446,"events":[{"timestamp":8.273446,"type":"JOB_COMPLETED","data":{"job_id":"ff6079!53","job_state":"COMPLETED_SUCCESSFULLY","return_code":0,"kill_reason":"","alloc":"16-19 36-47"}}]}'
Sending '{"now":8.273446,"events":[]}'
Received '{"now":8.328340,"events":[{"timestamp":8.328340,"type":"JOB_SUBMITTED","data":{"job_id":"ff6079!54","job":{"id":"ff6079!54","profile":"BT.S.16","res":16,"subtime":8.328320,"walltime":4200}}}]}'
Sending '{"now":8.32834,"events":[{"timestamp":8.32834,"type":"EXECUTE_JOB","data":{"job_id":"ff6079!54","alloc":"0-15"}}]}'
Received '{"now":8.507750,"events":[{"timestamp":8.507750,"type":"JOB_SUBMITTED","data":{"job_id":"ff6079!55","job":{"id":"ff6079!55","profile":"SP.S.16","res":16,"subtime":8.507719,"walltime":4200}}}]}'
Sending '{"now":8.50775,"events":[{"timestamp":8.50775,"type":"EXECUTE_JOB","data":{"job_id":"ff6079!55","alloc":"16-19 36-47"}}]}'
Received '{"now":8.523544,"events":[{"timestamp":8.523544,"type":"JOB_SUBMITTED","data":{"job_id":"ff6079!56","job":{"id":"ff6079!56","profile":"IS.S.16","res":16,"subtime":8.523514,"walltime":4200}}}]}'
Sending '{"now":8.523544,"events":[{"timestamp":8.523544,"type":"EXECUTE_JOB","data":{"job_id":"ff6079!56","alloc":"48-63"}}]}'
Received '{"now":8.634824,"events":[{"timestamp":8.634824,"type":"JOB_COMPLETED","data":{"job_id":"ff6079!56","job_state":"COMPLETED_SUCCESSFULLY","return_code":0,"kill_reason":"","alloc":"48-63"}}]}'
Sending '{"now":8.634824,"events":[]}'
Received '{"now":8.668611,"events":[{"timestamp":8.668611,"type":"JOB_SUBMITTED","data":{"job_id":"ff6079!57","job":{"id":"ff6079!57","profile":"IS.S.4","res":4,"subtime":8.668581,"walltime":4200}}}]}'
Sending '{"now":8.668611,"events":[{"timestamp":8.668611,"type":"EXECUTE_JOB","data":{"job_id":"ff6079!57","alloc":"48-51"}}]}'
Received '{"now":8.697951,"events":[{"timestamp":8.697951,"type":"JOB_COMPLETED","data":{"job_id":"ff6079!48","job_state":"COMPLETED_SUCCESSFULLY","return_code":0,"kill_reason":"","alloc":"20-35"}}]}'
Sending '{"now":8.697951,"events":[]}'
Received '{"now":8.814235,"events":[{"timestamp":8.814235,"type":"JOB_COMPLETED","data":{"job_id":"ff6079!57","job_state":"COMPLETED_SUCCESSFULLY","return_code":0,"kill_reason":"","alloc":"48-51"}}]}'
Sending '{"now":8.814235,"events":[]}'
Received '{"now":8.879238,"events":[{"timestamp":8.879238,"type":"JOB_SUBMITTED","data":{"job_id":"ff6079!58","job":{"id":"ff6079!58","profile":"LU.S.4","res":4,"subtime":8.879208,"walltime":4200}}}]}'
Sending '{"now":8.879238,"events":[{"timestamp":8.879238,"type":"EXECUTE_JOB","data":{"job_id":"ff6079!58","alloc":"20-23"}}]}'
Received '{"now":8.923346,"events":[{"timestamp":8.923346,"type":"JOB_SUBMITTED","data":{"job_id":"ff6079!59","job":{"id":"ff6079!59","profile":"LU.S.4","res":4,"subtime":8.923316,"walltime":4200}}}]}'
Sending '{"now":8.923346,"events":[{"timestamp":8.923346,"type":"EXECUTE_JOB","data":{"job_id":"ff6079!59","alloc":"24-27"}}]}'
Received '{"now":9.023922,"events":[{"timestamp":9.023922,"type":"JOB_SUBMITTED","data":{"job_id":"ff6079!60","job":{"id":"ff6079!60","profile":"SP.S.4","res":4,"subtime":9.023895,"walltime":4200}}}]}'
Sending '{"now":9.023922,"events":[{"timestamp":9.023922,"type":"EXECUTE_JOB","data":{"job_id":"ff6079!60","alloc":"28-31"}}]}'
Received '{"now":9.176011,"events":[{"timestamp":9.176011,"type":"JOB_SUBMITTED","data":{"job_id":"ff6079!61","job":{"id":"ff6079!61","profile":"LU.S.4","res":4,"subtime":9.175989,"walltime":4200}}}]}'
Sending '{"now":9.176011,"events":[{"timestamp":9.176011,"type":"EXECUTE_JOB","data":{"job_id":"ff6079!61","alloc":"32-35"}}]}'
Received '{"now":9.324697,"events":[{"timestamp":9.324697,"type":"JOB_SUBMITTED","data":{"job_id":"ff6079!62","job":{"id":"ff6079!62","profile":"FT.S.16","res":16,"subtime":9.324674,"walltime":4200}}}]}'
Sending '{"now":9.324697,"events":[{"timestamp":9.324697,"type":"EXECUTE_JOB","data":{"job_id":"ff6079!62","alloc":"48-63"}}]}'
Received '{"now":9.466400,"events":[{"timestamp":9.466400,"type":"JOB_COMPLETED","data":{"job_id":"ff6079!54","job_state":"COMPLETED_SUCCESSFULLY","return_code":0,"kill_reason":"","alloc":"0-15"}}]}'
Sending '{"now":9.4664,"events":[]}'
Received '{"now":9.480267,"events":[{"timestamp":9.480267,"type":"JOB_COMPLETED","data":{"job_id":"ff6079!60","job_state":"COMPLETED_SUCCESSFULLY","return_code":0,"kill_reason":"","alloc":"28-31"}}]}'
Sending '{"now":9.480267,"events":[]}'
Received '{"now":9.548291,"events":[{"timestamp":9.548291,"type":"JOB_COMPLETED","data":{"job_id":"ff6079!55","job_state":"COMPLETED_SUCCESSFULLY","return_code":0,"kill_reason":"","alloc":"16-19 36-47"}}]}'
Sending '{"now":9.548291,"events":[]}'
Received '{"now":9.639928,"events":[{"timestamp":9.639928,"type":"JOB_COMPLETED","data":{"job_id":"ff6079!58","job_state":"COMPLETED_SUCCESSFULLY","return_code":0,"kill_reason":"","alloc":"20-23"}}]}'
Sending '{"now":9.639928,"events":[]}'
Received '{"now":9.670102,"events":[{"timestamp":9.670102,"type":"JOB_COMPLETED","data":{"job_id":"ff6079!62","job_state":"COMPLETED_SUCCESSFULLY","return_code":0,"kill_reason":"","alloc":"48-63"}}]}'
Sending '{"now":9.670102,"events":[]}'
Received '{"now":9.704632,"events":[{"timestamp":9.704632,"type":"JOB_SUBMITTED","data":{"job_id":"ff6079!63","job":{"id":"ff6079!63","profile":"MG.S.4","res":4,"subtime":9.704601,"walltime":4200}}}]}'
Sending '{"now":9.704632,"events":[{"timestamp":9.704632,"type":"EXECUTE_JOB","data":{"job_id":"ff6079!63","alloc":"0-3"}}]}'
Received '{"now":9.711833,"events":[{"timestamp":9.711833,"type":"JOB_COMPLETED","data":{"job_id":"ff6079!59","job_state":"COMPLETED_SUCCESSFULLY","return_code":0,"kill_reason":"","alloc":"24-27"}}]}'
Sending '{"now":9.711833,"events":[]}'
Received '{"now":9.869533,"events":[{"timestamp":9.869533,"type":"JOB_COMPLETED","data":{"job_id":"ff6079!63","job_state":"COMPLETED_SUCCESSFULLY","return_code":0,"kill_reason":"","alloc":"0-3"}}]}'
Sending '{"now":9.869533,"events":[]}'
Received '{"now":9.901520,"events":[{"timestamp":9.901520,"type":"JOB_COMPLETED","data":{"job_id":"ff6079!61","job_state":"COMPLETED_SUCCESSFULLY","return_code":0,"kill_reason":"","alloc":"32-35"}}]}'
Sending '{"now":9.90152,"events":[]}'
Received '{"now":10.198086,"events":[{"timestamp":10.198086,"type":"JOB_SUBMITTED","data":{"job_id":"ff6079!64","job":{"id":"ff6079!64","profile":"MG.S.4","res":4,"subtime":10.198056,"walltime":4200}}}]}'
Sending '{"now":10.198086,"events":[{"timestamp":10.198086,"type":"EXECUTE_JOB","data":{"job_id":"ff6079!64","alloc":"0-3"}}]}'
Received '{"now":10.363029,"events":[{"timestamp":10.363029,"type":"JOB_COMPLETED","data":{"job_id":"ff6079!64","job_state":"COMPLETED_SUCCESSFULLY","return_code":0,"kill_reason":"","alloc":"0-3"}}]}'
Sending '{"now":10.363029,"events":[]}'
Received '{"now":10.790301,"events":[{"timestamp":10.790301,"type":"JOB_SUBMITTED","data":{"job_id":"ff6079!65","job":{"id":"ff6079!65","profile":"LU.S.4","res":4,"subtime":10.790271,"walltime":4200}}}]}'
Sending '{"now":10.790301,"events":[{"timestamp":10.790301,"type":"EXECUTE_JOB","data":{"job_id":"ff6079!65","alloc":"0-3"}}]}'
Received '{"now":11.015632,"events":[{"timestamp":11.015632,"type":"JOB_SUBMITTED","data":{"job_id":"ff6079!66","job":{"id":"ff6079!66","profile":"LU.S.16","res":16,"subtime":11.015602,"walltime":4200}}}]}'
Sending '{"now":11.015632,"events":[{"timestamp":11.015632,"type":"EXECUTE_JOB","data":{"job_id":"ff6079!66","alloc":"4-19"}}]}'
Received '{"now":11.058721,"events":[{"timestamp":11.058721,"type":"JOB_SUBMITTED","data":{"job_id":"ff6079!67","job":{"id":"ff6079!67","profile":"MG.S.16","res":16,"subtime":11.058691,"walltime":4200}}}]}'
Sending '{"now":11.058721,"events":[{"timestamp":11.058721,"type":"EXECUTE_JOB","data":{"job_id":"ff6079!67","alloc":"20-35"}}]}'
Received '{"now":11.370914,"events":[{"timestamp":11.370914,"type":"JOB_COMPLETED","data":{"job_id":"ff6079!67","job_state":"COMPLETED_SUCCESSFULLY","return_code":0,"kill_reason":"","alloc":"20-35"}}]}'
Sending '{"now":11.370914,"events":[]}'
Received '{"now":11.385144,"events":[{"timestamp":11.385144,"type":"JOB_SUBMITTED","data":{"job_id":"ff6079!68","job":{"id":"ff6079!68","profile":"CG.S.4","res":4,"subtime":11.385119,"walltime":4200}}}]}'
Sending '{"now":11.385144,"events":[{"timestamp":11.385144,"type":"EXECUTE_JOB","data":{"job_id":"ff6079!68","alloc":"20-23"}}]}'
Received '{"now":11.508973,"events":[{"timestamp":11.508973,"type":"JOB_SUBMITTED","data":{"job_id":"ff6079!69","job":{"id":"ff6079!69","profile":"MG.S.16","res":16,"subtime":11.508943,"walltime":4200}}}]}'
Sending '{"now":11.508973,"events":[{"timestamp":11.508973,"type":"EXECUTE_JOB","data":{"job_id":"ff6079!69","alloc":"24-39"}}]}'
Received '{"now":11.510982,"events":[{"timestamp":11.510982,"type":"JOB_SUBMITTED","data":{"job_id":"ff6079!70","job":{"id":"ff6079!70","profile":"BT.S.4","res":4,"subtime":11.510962,"walltime":4200}}}]}'
Sending '{"now":11.510982,"events":[{"timestamp":11.510982,"type":"EXECUTE_JOB","data":{"job_id":"ff6079!70","alloc":"40-43"}}]}'
Received '{"now":11.598068,"events":[{"timestamp":11.598068,"type":"JOB_SUBMITTED","data":{"job_id":"ff6079!71","job":{"id":"ff6079!71","profile":"LU.S.4","res":4,"subtime":11.598051,"walltime":4200}}}]}'
Sending '{"now":11.598068,"events":[{"timestamp":11.598068,"type":"EXECUTE_JOB","data":{"job_id":"ff6079!71","alloc":"44-47"}}]}'
Received '{"now":11.601852,"events":[{"timestamp":11.601852,"type":"JOB_COMPLETED","data":{"job_id":"ff6079!65","job_state":"COMPLETED_SUCCESSFULLY","return_code":0,"kill_reason":"","alloc":"0-3"}}]}'
Sending '{"now":11.601852,"events":[]}'
Received '{"now":11.631126,"events":[{"timestamp":11.631126,"type":"JOB_SUBMITTED","data":{"job_id":"ff6079!72","job":{"id":"ff6079!72","profile":"LU.S.16","res":16,"subtime":11.631098,"walltime":4200}}}]}'
Sending '{"now":11.631126,"events":[{"timestamp":11.631126,"type":"EXECUTE_JOB","data":{"job_id":"ff6079!72","alloc":"0-3 48-59"}}]}'
Received '{"now":11.752338,"events":[{"timestamp":11.752338,"type":"JOB_COMPLETED","data":{"job_id":"ff6079!70","job_state":"COMPLETED_SUCCESSFULLY","return_code":0,"kill_reason":"","alloc":"40-43"}}]}'
Sending '{"now":11.752338,"events":[]}'
Received '{"now":11.832065,"events":[{"timestamp":11.832065,"type":"JOB_COMPLETED","data":{"job_id":"ff6079!69","job_state":"COMPLETED_SUCCESSFULLY","return_code":0,"kill_reason":"","alloc":"24-39"}}]}'
Sending '{"now":11.832065,"events":[]}'
Received '{"now":11.921562,"events":[{"timestamp":11.921562,"type":"JOB_COMPLETED","data":{"job_id":"ff6079!68","job_state":"COMPLETED_SUCCESSFULLY","return_code":0,"kill_reason":"","alloc":"20-23"}}]}'
Sending '{"now":11.921562,"events":[]}'
Received '{"now":12.022692,"events":[{"timestamp":12.022692,"type":"JOB_SUBMITTED","data":{"job_id":"ff6079!73","job":{"id":"ff6079!73","profile":"LU.S.4","res":4,"subtime":12.022662,"walltime":4200}}}]}'
Sending '{"now":12.022692,"events":[{"timestamp":12.022692,"type":"EXECUTE_JOB","data":{"job_id":"ff6079!73","alloc":"20-23"}}]}'
Received '{"now":12.032950,"events":[{"timestamp":12.032950,"type":"JOB_COMPLETED","data":{"job_id":"ff6079!66","job_state":"COMPLETED_SUCCESSFULLY","return_code":0,"kill_reason":"","alloc":"4-19"}}]}'
Sending '{"now":12.03295,"events":[]}'
Received '{"now":12.125025,"events":[{"timestamp":12.125025,"type":"JOB_SUBMITTED","data":{"job_id":"ff6079!74","job":{"id":"ff6079!74","profile":"IS.S.4","res":4,"subtime":12.124994,"walltime":4200}}}]}'
Sending '{"now":12.125025,"events":[{"timestamp":12.125025,"type":"EXECUTE_JOB","data":{"job_id":"ff6079!74","alloc":"4-7"}}]}'
Received '{"now":12.204145,"events":[{"timestamp":12.204145,"type":"JOB_COMPLETED","data":{"job_id":"ff6079!74","job_state":"COMPLETED_SUCCESSFULLY","return_code":0,"kill_reason":"","alloc":"4-7"}}]}'
Sending '{"now":12.204145,"events":[]}'
Received '{"now":12.374514,"events":[{"timestamp":12.374514,"type":"JOB_COMPLETED","data":{"job_id":"ff6079!71","job_state":"COMPLETED_SUCCESSFULLY","return_code":0,"kill_reason":"","alloc":"44-47"}}]}'
Sending '{"now":12.374514,"events":[]}'
Received '{"now":12.500509,"events":[{"timestamp":12.500509,"type":"JOB_SUBMITTED","data":{"job_id":"ff6079!75","job":{"id":"ff6079!75","profile":"MG.S.16","res":16,"subtime":12.500478,"walltime":4200}}}]}'
Sending '{"now":12.500509,"events":[{"timestamp":12.500509,"type":"EXECUTE_JOB","data":{"job_id":"ff6079!75","alloc":"4-19"}}]}'
Received '{"now":12.527211,"events":[{"timestamp":12.527211,"type":"JOB_SUBMITTED","data":{"job_id":"ff6079!76","job":{"id":"ff6079!76","profile":"LU.S.4","res":4,"subtime":12.527187,"walltime":4200}}}]}'
Sending '{"now":12.527211,"events":[{"timestamp":12.527211,"type":"EXECUTE_JOB","data":{"job_id":"ff6079!76","alloc":"24-27"}}]}'
Received '{"now":12.626706,"events":[{"timestamp":12.626706,"type":"JOB_COMPLETED","data":{"job_id":"ff6079!72","job_state":"COMPLETED_SUCCESSFULLY","return_code":0,"kill_reason":"","alloc":"0-3 48-59"}}]}'
Sending '{"now":12.626706,"events":[]}'
Received '{"now":12.780658,"events":[{"timestamp":12.780658,"type":"JOB_COMPLETED","data":{"job_id":"ff6079!73","job_state":"COMPLETED_SUCCESSFULLY","return_code":0,"kill_reason":"","alloc":"20-23"}}]}'
Sending '{"now":12.780658,"events":[]}'
Received '{"now":12.803711,"events":[{"timestamp":12.803711,"type":"JOB_SUBMITTED","data":{"job_id":"ff6079!77","job":{"id":"ff6079!77","profile":"FT.S.16","res":16,"subtime":12.803682,"walltime":4200}}}]}'
Sending '{"now":12.803711,"events":[{"timestamp":12.803711,"type":"EXECUTE_JOB","data":{"job_id":"ff6079!77","alloc":"0-3 20-23 28-35"}}]}'
Received '{"now":12.814565,"events":[{"timestamp":12.814565,"type":"JOB_COMPLETED","data":{"job_id":"ff6079!75","job_state":"COMPLETED_SUCCESSFULLY","return_code":0,"kill_reason":"","alloc":"4-19"}}]}'
Sending '{"now":12.814565,"events":[]}'
Received '{"now":12.950154,"events":[{"timestamp":12.950154,"type":"JOB_SUBMITTED","data":{"job_id":"ff6079!78","job":{"id":"ff6079!78","profile":"CG.S.4","res":4,"subtime":12.950124,"walltime":4200}}}]}'
Sending '{"now":12.950154,"events":[{"timestamp":12.950154,"type":"EXECUTE_JOB","data":{"job_id":"ff6079!78","alloc":"4-7"}}]}'
Received '{"now":12.962116,"events":[{"timestamp":12.962116,"type":"JOB_SUBMITTED","data":{"job_id":"ff6079!79","job":{"id":"ff6079!79","profile":"CG.S.4","res":4,"subtime":12.962095,"walltime":4200}}}]}'
Sending '{"now":12.962116,"events":[{"timestamp":12.962116,"type":"EXECUTE_JOB","data":{"job_id":"ff6079!79","alloc":"8-11"}}]}'
Received '{"now":12.987657,"events":[{"timestamp":12.987657,"type":"JOB_COMPLETED","data":{"job_id":"ff6079!77","job_state":"COMPLETED_SUCCESSFULLY","return_code":0,"kill_reason":"","alloc":"0-3 20-23 28-35"}}]}'
Sending '{"now":12.987657,"events":[]}'
Received '{"now":13.286505,"events":[{"timestamp":13.286505,"type":"JOB_SUBMITTED","data":{"job_id":"ff6079!80","job":{"id":"ff6079!80","profile":"LU.S.4","res":4,"subtime":13.286474,"walltime":4200}}}]}'
Sending '{"now":13.286505,"events":[{"timestamp":13.286505,"type":"EXECUTE_JOB","data":{"job_id":"ff6079!80","alloc":"0-3"}}]}'
Received '{"now":13.307955,"events":[{"timestamp":13.307955,"type":"JOB_SUBMITTED","data":{"job_id":"ff6079!81","job":{"id":"ff6079!81","profile":"IS.S.4","res":4,"subtime":13.307925,"walltime":4200}}}]}'
Sending '{"now":13.307955,"events":[{"timestamp":13.307955,"type":"EXECUTE_JOB","data":{"job_id":"ff6079!81","alloc":"12-15"}}]}'
Received '{"now":13.315585,"events":[{"timestamp":13.315585,"type":"JOB_COMPLETED","data":{"job_id":"ff6079!76","job_state":"COMPLETED_SUCCESSFULLY","return_code":0,"kill_reason":"","alloc":"24-27"}}]}'
Sending '{"now":13.315585,"events":[]}'
Received '{"now":13.346192,"events":[{"timestamp":13.346192,"type":"JOB_SUBMITTED","data":{"job_id":"ff6079!82","job":{"id":"ff6079!82","profile":"FT.S.4","res":4,"subtime":13.346162,"walltime":4200}}}]}'
Sending '{"now":13.346192,"events":[{"timestamp":13.346192,"type":"EXECUTE_JOB","data":{"job_id":"ff6079!82","alloc":"16-19"}}]}'
Received '{"now":13.368230,"events":[{"timestamp":13.368230,"type":"JOB_SUBMITTED","data":{"job_id":"ff6079!83","job":{"id":"ff6079!83","profile":"IS.S.16","res":16,"subtime":13.368200,"walltime":4200}}}]}'
Sending '{"now":13.36823,"events":[{"timestamp":13.36823,"type":"EXECUTE_JOB","data":{"job_id":"ff6079!83","alloc":"20-35"}}]}'
Received '{"now":13.418722,"events":[{"timestamp":13.418722,"type":"JOB_COMPLETED","data":{"job_id":"ff6079!81","job_state":"COMPLETED_SUCCESSFULLY","return_code":0,"kill_reason":"","alloc":"12-15"}}]}'
Sending '{"now":13.418722,"events":[]}'
Received '{"now":13.419295,"events":[{"timestamp":13.419295,"type":"JOB_SUBMITTED","data":{"job_id":"ff6079!84","job":{"id":"ff6079!84","profile":"MG.S.16","res":16,"subtime":13.419265,"walltime":4200}}}]}'
Sending '{"now":13.419295,"events":[{"timestamp":13.419295,"type":"EXECUTE_JOB","data":{"job_id":"ff6079!84","alloc":"12-15 36-47"}}]}'
Received '{"now":13.455447,"events":[{"timestamp":13.455447,"type":"JOB_COMPLETED","data":{"job_id":"ff6079!83","job_state":"COMPLETED_SUCCESSFULLY","return_code":0,"kill_reason":"","alloc":"20-35"}}]}'
Sending '{"now":13.455447,"events":[]}'
Received '{"now":13.521141,"events":[{"timestamp":13.521141,"type":"JOB_COMPLETED","data":{"job_id":"ff6079!78","job_state":"COMPLETED_SUCCESSFULLY","return_code":0,"kill_reason":"","alloc":"4-7"}}]}'
Sending '{"now":13.521141,"events":[]}'
Received '{"now":13.568615,"events":[{"timestamp":13.568615,"type":"JOB_COMPLETED","data":{"job_id":"ff6079!79","job_state":"COMPLETED_SUCCESSFULLY","return_code":0,"kill_reason":"","alloc":"8-11"}}]}'
Sending '{"now":13.568615,"events":[]}'
Received '{"now":13.612678,"events":[{"timestamp":13.612678,"type":"JOB_SUBMITTED","data":{"job_id":"ff6079!85","job":{"id":"ff6079!85","profile":"IS.S.4","res":4,"subtime":13.612648,"walltime":4200}}}]}'
Sending '{"now":13.612678,"events":[{"timestamp":13.612678,"type":"EXECUTE_JOB","data":{"job_id":"ff6079!85","alloc":"4-7"}}]}'
Received '{"now":13.614596,"events":[{"timestamp":13.614596,"type":"JOB_COMPLETED","data":{"job_id":"ff6079!82","job_state":"COMPLETED_SUCCESSFULLY","return_code":0,"kill_reason":"","alloc":"16-19"}}]}'
Sending '{"now":13.614596,"events":[]}'
Received '{"now":13.624708,"events":[{"timestamp":13.624708,"type":"JOB_SUBMITTED","data":{"job_id":"ff6079!86","job":{"id":"ff6079!86","profile":"MG.S.16","res":16,"subtime":13.624678,"walltime":4200}}}]}'
Sending '{"now":13.624708,"events":[{"timestamp":13.624708,"type":"EXECUTE_JOB","data":{"job_id":"ff6079!86","alloc":"8-11 16-27"}}]}'
Received '{"now":13.706782,"events":[{"timestamp":13.706782,"type":"JOB_SUBMITTED","data":{"job_id":"ff6079!87","job":{"id":"ff6079!87","profile":"BT.S.16","res":16,"subtime":13.706766,"walltime":4200}}}]}'
Sending '{"now":13.706782,"events":[{"timestamp":13.706782,"type":"EXECUTE_JOB","data":{"job_id":"ff6079!87","alloc":"28-35 48-55"}}]}'
Received '{"now":13.726236,"events":[{"timestamp":13.726236,"type":"JOB_SUBMITTED","data":{"job_id":"ff6079!88","job":{"id":"ff6079!88","profile":"FT.S.4","res":4,"subtime":13.726223,"walltime":4200}}}]}'
Sending '{"now":13.726236,"events":[{"timestamp":13.726236,"type":"EXECUTE_JOB","data":{"job_id":"ff6079!88","alloc":"56-59"}}]}'
Received '{"now":13.740418,"events":[{"timestamp":13.740418,"type":"JOB_SUBMITTED","data":{"job_id":"ff6079!89","job":{"id":"ff6079!89","profile":"BT.S.4","res":4,"subtime":13.740388,"walltime":4200}}}]}'
Sending '{"now":13.740418,"events":[{"timestamp":13.740418,"type":"EXECUTE_JOB","data":{"job_id":"ff6079!89","alloc":"60-63"}}]}'
Received '{"now":13.789063,"events":[{"timestamp":13.789063,"type":"JOB_COMPLETED","data":{"job_id":"ff6079!85","job_state":"COMPLETED_SUCCESSFULLY","return_code":0,"kill_reason":"","alloc":"4-7"}}]}'
Sending '{"now":13.789063,"events":[]}'
Received '{"now":13.794378,"events":[{"timestamp":13.794378,"type":"JOB_SUBMITTED","data":{"job_id":"ff6079!90","job":{"id":"ff6079!90","profile":"LU.S.16","res":16,"subtime":13.794348,"walltime":4200}}}]}'
Sending '{"now":13.794378,"events":[]}'
Received '{"now":13.865124,"events":[{"timestamp":13.865124,"type":"JOB_SUBMITTED","data":{"job_id":"ff6079!91","job":{"id":"ff6079!91","profile":"MG.S.4","res":4,"subtime":13.865100,"walltime":4200}}}]}'
Sending '{"now":13.865124,"events":[]}'
Received '{"now":13.870522,"events":[{"timestamp":13.870522,"type":"JOB_COMPLETED","data":{"job_id":"ff6079!84","job_state":"COMPLETED_SUCCESSFULLY","return_code":0,"kill_reason":"","alloc":"12-15 36-47"}}]}'
Sending '{"now":13.870522,"events":[{"timestamp":13.870522,"type":"EXECUTE_JOB","data":{"job_id":"ff6079!90","alloc":"4-7 12-15 36-43"}},{"timestamp":13.870522,"type":"EXECUTE_JOB","data":{"job_id":"ff6079!91","alloc":"44-47"}}]}'
Received '{"now":14.050569,"events":[{"timestamp":14.050569,"type":"JOB_SUBMITTED","data":{"job_id":"ff6079!92","job":{"id":"ff6079!92","profile":"MG.S.16","res":16,"subtime":14.050538,"walltime":4200}}}]}'
Sending '{"now":14.050569,"events":[]}'
Received '{"now":14.100033,"events":[{"timestamp":14.100033,"type":"JOB_COMPLETED","data":{"job_id":"ff6079!86","job_state":"COMPLETED_SUCCESSFULLY","return_code":0,"kill_reason":"","alloc":"8-11 16-27"}}]}'
Sending '{"now":14.100033,"events":[{"timestamp":14.100033,"type":"EXECUTE_JOB","data":{"job_id":"ff6079!92","alloc":"8-11 16-27"}}]}'
Received '{"now":14.121307,"events":[{"timestamp":14.121307,"type":"JOB_COMPLETED","data":{"job_id":"ff6079!80","job_state":"COMPLETED_SUCCESSFULLY","return_code":0,"kill_reason":"","alloc":"0-3"}}]}'
Sending '{"now":14.121307,"events":[]}'
Received '{"now":14.146627,"events":[{"timestamp":14.146627,"type":"JOB_COMPLETED","data":{"job_id":"ff6079!91","job_state":"COMPLETED_SUCCESSFULLY","return_code":0,"kill_reason":"","alloc":"44-47"}}]}'
Sending '{"now":14.146627,"events":[]}'
Received '{"now":14.197987,"events":[{"timestamp":14.197987,"type":"JOB_SUBMITTED","data":{"job_id":"ff6079!93","job":{"id":"ff6079!93","profile":"LU.S.4","res":4,"subtime":14.197964,"walltime":4200}}}]}'
Sending '{"now":14.197987,"events":[{"timestamp":14.197987,"type":"EXECUTE_JOB","data":{"job_id":"ff6079!93","alloc":"0-3"}}]}'
Received '{"now":14.208951,"events":[{"timestamp":14.208951,"type":"JOB_SUBMITTED","data":{"job_id":"ff6079!94","job":{"id":"ff6079!94","profile":"SP.S.4","res":4,"subtime":14.208928,"walltime":4200}}}]}'
Sending '{"now":14.208951,"events":[{"timestamp":14.208951,"type":"EXECUTE_JOB","data":{"job_id":"ff6079!94","alloc":"44-47"}}]}'
Received '{"now":14.312788,"events":[{"timestamp":14.312788,"type":"JOB_SUBMITTED","data":{"job_id":"ff6079!95","job":{"id":"ff6079!95","profile":"BT.S.4","res":4,"subtime":14.312768,"walltime":4200}}}]}'
Sending '{"now":14.312788,"events":[]}'
Received '{"now":14.404750,"events":[{"timestamp":14.404750,"type":"JOB_COMPLETED","data":{"job_id":"ff6079!89","job_state":"COMPLETED_SUCCESSFULLY","return_code":0,"kill_reason":"","alloc":"60-63"}}]}'
Sending '{"now":14.40475,"events":[{"timestamp":14.40475,"type":"EXECUTE_JOB","data":{"job_id":"ff6079!95","alloc":"60-63"}}]}'
Received '{"now":14.557786,"events":[{"timestamp":14.557786,"type":"JOB_COMPLETED","data":{"job_id":"ff6079!92","job_state":"COMPLETED_SUCCESSFULLY","return_code":0,"kill_reason":"","alloc":"8-11 16-27"}}]}'
Sending '{"now":14.557786,"events":[]}'
Received '{"now":14.661018,"events":[{"timestamp":14.661018,"type":"JOB_COMPLETED","data":{"job_id":"ff6079!94","job_state":"COMPLETED_SUCCESSFULLY","return_code":0,"kill_reason":"","alloc":"44-47"}}]}'
Sending '{"now":14.661018,"events":[]}'
Received '{"now":14.708498,"events":[{"timestamp":14.708498,"type":"JOB_SUBMITTED","data":{"job_id":"ff6079!96","job":{"id":"ff6079!96","profile":"CG.S.4","res":4,"subtime":14.708468,"walltime":4200}}}]}'
Sending '{"now":14.708498,"events":[{"timestamp":14.708498,"type":"EXECUTE_JOB","data":{"job_id":"ff6079!96","alloc":"8-11"}}]}'
Received '{"now":14.850760,"events":[{"timestamp":14.850760,"type":"JOB_COMPLETED","data":{"job_id":"ff6079!88","job_state":"COMPLETED_SUCCESSFULLY","return_code":0,"kill_reason":"","alloc":"56-59"}}]}'
Sending '{"now":14.85076,"events":[]}'
Received '{"now":14.889359,"events":[{"timestamp":14.889359,"type":"JOB_COMPLETED","data":{"job_id":"ff6079!90","job_state":"COMPLETED_SUCCESSFULLY","return_code":0,"kill_reason":"","alloc":"4-7 12-15 36-43"}}]}'
Sending '{"now":14.889359,"events":[]}'
Received '{"now":14.899961,"events":[{"timestamp":14.899961,"type":"JOB_COMPLETED","data":{"job_id":"ff6079!95","job_state":"COMPLETED_SUCCESSFULLY","return_code":0,"kill_reason":"","alloc":"60-63"}}]}'
Sending '{"now":14.899961,"events":[]}'
Received '{"now":15.008738,"events":[{"timestamp":15.008738,"type":"JOB_COMPLETED","data":{"job_id":"ff6079!93","job_state":"COMPLETED_SUCCESSFULLY","return_code":0,"kill_reason":"","alloc":"0-3"}}]}'
Sending '{"now":15.008738,"events":[]}'
Received '{"now":15.149508,"events":[{"timestamp":15.149508,"type":"JOB_SUBMITTED","data":{"job_id":"ff6079!97","job":{"id":"ff6079!97","profile":"CG.S.16","res":16,"subtime":15.149478,"walltime":4200}}}]}'
Sending '{"now":15.149508,"events":[{"timestamp":15.149508,"type":"EXECUTE_JOB","data":{"job_id":"ff6079!97","alloc":"0-7 12-19"}}]}'
Received '{"now":15.151693,"events":[{"timestamp":15.151693,"type":"JOB_COMPLETED","data":{"job_id":"ff6079!87","job_state":"COMPLETED_SUCCESSFULLY","return_code":0,"kill_reason":"","alloc":"28-35 48-55"}}]}'
Sending '{"now":15.151693,"events":[]}'
Received '{"now":15.278389,"events":[{"timestamp":15.278389,"type":"JOB_COMPLETED","data":{"job_id":"ff6079!96","job_state":"COMPLETED_SUCCESSFULLY","return_code":0,"kill_reason":"","alloc":"8-11"}}]}'
Sending '{"now":15.278389,"events":[]}'
Received '{"now":15.404535,"events":[{"timestamp":15.404535,"type":"JOB_SUBMITTED","data":{"job_id":"ff6079!98","job":{"id":"ff6079!98","profile":"CG.S.16","res":16,"subtime":15.404505,"walltime":4200}}}]}'
Sending '{"now":15.404535,"events":[{"timestamp":15.404535,"type":"EXECUTE_JOB","data":{"job_id":"ff6079!98","alloc":"8-11 20-31"}}]}'
Received '{"now":15.627600,"events":[{"timestamp":15.627600,"type":"JOB_SUBMITTED","data":{"job_id":"ff6079!99","job":{"id":"ff6079!99","profile":"LU.S.16","res":16,"subtime":15.627570,"walltime":4200}}}]}'
Sending '{"now":15.6276,"events":[{"timestamp":15.6276,"type":"EXECUTE_JOB","data":{"job_id":"ff6079!99","alloc":"32-47"}}]}'
Received '{"now":15.747709,"events":[{"timestamp":15.747709,"type":"JOB_SUBMITTED","data":{"job_id":"ff6079!100","job":{"id":"ff6079!100","profile":"IS.S.4","res":4,"subtime":15.747681,"walltime":4200}}}]}'
Sending '{"now":15.747709,"events":[{"timestamp":15.747709,"type":"EXECUTE_JOB","data":{"job_id":"ff6079!100","alloc":"48-51"}}]}'
Received '{"now":15.823782,"events":[{"timestamp":15.823782,"type":"JOB_COMPLETED","data":{"job_id":"ff6079!100","job_state":"COMPLETED_SUCCESSFULLY","return_code":0,"kill_reason":"","alloc":"48-51"}}]}'
Sending '{"now":15.823782,"events":[]}'
Received '{"now":15.949079,"events":[{"timestamp":15.949079,"type":"JOB_SUBMITTED","data":{"job_id":"ff6079!101","job":{"id":"ff6079!101","profile":"BT.S.4","res":4,"subtime":15.949051,"walltime":4200}}}]}'
Sending '{"now":15.949079,"events":[{"timestamp":15.949079,"type":"EXECUTE_JOB","data":{"job_id":"ff6079!101","alloc":"48-51"}}]}'
Received '{"now":16.052061,"events":[{"timestamp":16.052061,"type":"JOB_SUBMITTED","data":{"job_id":"ff6079!102","job":{"id":"ff6079!102","profile":"IS.S.4","res":4,"subtime":16.052035,"walltime":4200}}}]}'
Sending '{"now":16.052061,"events":[{"timestamp":16.052061,"type":"EXECUTE_JOB","data":{"job_id":"ff6079!102","alloc":"52-55"}}]}'
Received '{"now":16.127329,"events":[{"timestamp":16.127329,"type":"JOB_COMPLETED","data":{"job_id":"ff6079!102","job_state":"COMPLETED_SUCCESSFULLY","return_code":0,"kill_reason":"","alloc":"52-55"}}]}'
Sending '{"now":16.127329,"events":[]}'
Received '{"now":16.143558,"events":[{"timestamp":16.143558,"type":"JOB_COMPLETED","data":{"job_id":"ff6079!97","job_state":"COMPLETED_SUCCESSFULLY","return_code":0,"kill_reason":"","alloc":"0-7 12-19"}}]}'
Sending '{"now":16.143558,"events":[]}'
Received '{"now":16.145622,"events":[{"timestamp":16.145622,"type":"JOB_COMPLETED","data":{"job_id":"ff6079!101","job_state":"COMPLETED_SUCCESSFULLY","return_code":0,"kill_reason":"","alloc":"48-51"}}]}'
Sending '{"now":16.145622,"events":[]}'
Received '{"now":16.166948,"events":[{"timestamp":16.166948,"type":"JOB_SUBMITTED","data":{"job_id":"ff6079!103","job":{"id":"ff6079!103","profile":"BT.S.4","res":4,"subtime":16.166927,"walltime":4200}}}]}'
Sending '{"now":16.166948,"events":[{"timestamp":16.166948,"type":"EXECUTE_JOB","data":{"job_id":"ff6079!103","alloc":"0-3"}}]}'
Received '{"now":16.289372,"events":[{"timestamp":16.289372,"type":"JOB_SUBMITTED","data":{"job_id":"ff6079!104","job":{"id":"ff6079!104","profile":"FT.S.16","res":16,"subtime":16.289341,"walltime":4200}}}]}'
Sending '{"now":16.289372,"events":[{"timestamp":16.289372,"type":"EXECUTE_JOB","data":{"job_id":"ff6079!104","alloc":"4-7 12-19 48-51"}}]}'
Received '{"now":16.303656,"events":[{"timestamp":16.303656,"type":"JOB_SUBMITTED","data":{"job_id":"ff6079!105","job":{"id":"ff6079!105","profile":"CG.S.16","res":16,"subtime":16.303626,"walltime":4200}}}]}'
Sending '{"now":16.303656,"events":[]}'
Received '{"now":16.336490,"events":[{"timestamp":16.336490,"type":"JOB_SUBMITTED","data":{"job_id":"ff6079!106","job":{"id":"ff6079!106","profile":"SP.S.4","res":4,"subtime":16.336460,"walltime":4200}}}]}'
Sending '{"now":16.33649,"events":[{"timestamp":16.33649,"type":"EXECUTE_JOB","data":{"job_id":"ff6079!106","alloc":"52-55"}}]}'
Received '{"now":16.356752,"events":[{"timestamp":16.356752,"type":"JOB_SUBMITTED","data":{"job_id":"ff6079!107","job":{"id":"ff6079!107","profile":"FT.S.4","res":4,"subtime":16.356731,"walltime":4200}}}]}'
Sending '{"now":16.356752,"events":[{"timestamp":16.356752,"type":"EXECUTE_JOB","data":{"job_id":"ff6079!107","alloc":"56-59"}}]}'
Received '{"now":16.390417,"events":[{"timestamp":16.390417,"type":"JOB_COMPLETED","data":{"job_id":"ff6079!103","job_state":"COMPLETED_SUCCESSFULLY","return_code":0,"kill_reason":"","alloc":"0-3"}}]}'
Sending '{"now":16.390417,"events":[]}'
Received '{"now":16.394872,"events":[{"timestamp":16.394872,"type":"JOB_COMPLETED","data":{"job_id":"ff6079!98","job_state":"COMPLETED_SUCCESSFULLY","return_code":0,"kill_reason":"","alloc":"8-11 20-31"}}]}'
Sending '{"now":16.394872,"events":[{"timestamp":16.394872,"type":"EXECUTE_JOB","data":{"job_id":"ff6079!105","alloc":"0-3 8-11 20-27"}}]}'
Received '{"now":16.446767,"events":[{"timestamp":16.446767,"type":"JOB_SUBMITTED","data":{"job_id":"ff6079!108","job":{"id":"ff6079!108","profile":"LU.S.16","res":16,"subtime":16.446738,"walltime":4200}}}]}'
Sending '{"now":16.446767,"events":[]}'
Received '{"now":16.511972,"events":[{"timestamp":16.511972,"type":"JOB_COMPLETED","data":{"job_id":"ff6079!104","job_state":"COMPLETED_SUCCESSFULLY","return_code":0,"kill_reason":"","alloc":"4-7 12-19 48-51"}}]}'
Sending '{"now":16.511972,"events":[{"timestamp":16.511972,"type":"EXECUTE_JOB","data":{"job_id":"ff6079!108","alloc":"4-7 12-19 28-31"}}]}'
Received '{"now":16.596941,"events":[{"timestamp":16.596941,"type":"JOB_COMPLETED","data":{"job_id":"ff6079!99","job_state":"COMPLETED_SUCCESSFULLY","return_code":0,"kill_reason":"","alloc":"32-47"}}]}'
Sending '{"now":16.596941,"events":[]}'
Received '{"now":16.610016,"events":[{"timestamp":16.610016,"type":"JOB_COMPLETED","data":{"job_id":"ff6079!106","job_state":"COMPLETED_SUCCESSFULLY","return_code":0,"kill_reason":"","alloc":"52-55"}}]}'
Sending '{"now":16.610016,"events":[]}'
Received '{"now":16.688293,"events":[{"timestamp":16.688293,"type":"JOB_SUBMITTED","data":{"job_id":"ff6079!109","job":{"id":"ff6079!109","profile":"CG.S.16","res":16,"subtime":16.688267,"walltime":4200}}}]}'
Sending '{"now":16.688293,"events":[{"timestamp":16.688293,"type":"EXECUTE_JOB","data":{"job_id":"ff6079!109","alloc":"32-47"}}]}'
Received '{"now":16.707792,"events":[{"timestamp":16.707792,"type":"JOB_COMPLETED","data":{"job_id":"ff6079!107","job_state":"COMPLETED_SUCCESSFULLY","return_code":0,"kill_reason":"","alloc":"56-59"}}]}'
Sending '{"now":16.707792,"events":[]}'
Received '{"now":16.983763,"events":[{"timestamp":16.983763,"type":"JOB_SUBMITTED","data":{"job_id":"ff6079!110","job":{"id":"ff6079!110","profile":"SP.S.4","res":4,"subtime":16.983733,"walltime":4200}}}]}'
Sending '{"now":16.983763,"events":[{"timestamp":16.983763,"type":"EXECUTE_JOB","data":{"job_id":"ff6079!110","alloc":"48-51"}}]}'
Received '{"now":17.096400,"events":[{"timestamp":17.096400,"type":"JOB_SUBMITTED","data":{"job_id":"ff6079!111","job":{"id":"ff6079!111","profile":"MG.S.16","res":16,"subtime":17.096370,"walltime":4200}}}]}'
Sending '{"now":17.0964,"events":[]}'
Received '{"now":17.147806,"events":[{"timestamp":17.147806,"type":"JOB_SUBMITTED","data":{"job_id":"ff6079!112","job":{"id":"ff6079!112","profile":"BT.S.4","res":4,"subtime":17.147783,"walltime":4200}}}]}'
Sending '{"now":17.147806,"events":[{"timestamp":17.147806,"type":"EXECUTE_JOB","data":{"job_id":"ff6079!112","alloc":"52-55"}}]}'
Received '{"now":17.213657,"events":[{"timestamp":17.213657,"type":"JOB_COMPLETED","data":{"job_id":"ff6079!110","job_state":"COMPLETED_SUCCESSFULLY","return_code":0,"kill_reason":"","alloc":"48-51"}}]}'
Sending '{"now":17.213657,"events":[]}'
Received '{"now":17.308010,"events":[{"timestamp":17.308010,"type":"JOB_SUBMITTED","data":{"job_id":"ff6079!113","job":{"id":"ff6079!113","profile":"FT.S.4","res":4,"subtime":17.307983,"walltime":4200}}}]}'
Sending '{"now":17.30801,"events":[{"timestamp":17.30801,"type":"EXECUTE_JOB","data":{"job_id":"ff6079!113","alloc":"48-51"}}]}'
Received '{"now":17.353398,"events":[{"timestamp":17.353398,"type":"JOB_COMPLETED","data":{"job_id":"ff6079!112","job_state":"COMPLETED_SUCCESSFULLY","return_code":0,"kill_reason":"","alloc":"52-55"}}]}'
Sending '{"now":17.353398,"events":[]}'
Received '{"now":17.389132,"events":[{"timestamp":17.389132,"type":"JOB_COMPLETED","data":{"job_id":"ff6079!105","job_state":"COMPLETED_SUCCESSFULLY","return_code":0,"kill_reason":"","alloc":"0-3 8-11 20-27"}}]}'
Sending '{"now":17.389132,"events":[{"timestamp":17.389132,"type":"EXECUTE_JOB","data":{"job_id":"ff6079!111","alloc":"0-3 8-11 20-27"}}]}'
Received '{"now":17.514719,"events":[{"timestamp":17.514719,"type":"JOB_COMPLETED","data":{"job_id":"ff6079!108","job_state":"COMPLETED_SUCCESSFULLY","return_code":0,"kill_reason":"","alloc":"4-7 12-19 28-31"}}]}'
Sending '{"now":17.514719,"events":[]}'
Received '{"now":17.539336,"events":[{"timestamp":17.539336,"type":"JOB_COMPLETED","data":{"job_id":"ff6079!113","job_state":"COMPLETED_SUCCESSFULLY","return_code":0,"kill_reason":"","alloc":"48-51"}}]}'
Sending '{"now":17.539336,"events":[]}'
Received '{"now":17.589969,"events":[{"timestamp":17.589969,"type":"JOB_SUBMITTED","data":{"job_id":"ff6079!114","job":{"id":"ff6079!114","profile":"FT.S.4","res":4,"subtime":17.589951,"walltime":4200}}}]}'
Sending '{"now":17.589969,"events":[{"timestamp":17.589969,"type":"EXECUTE_JOB","data":{"job_id":"ff6079!114","alloc":"4-7"}}]}'
Received '{"now":17.639927,"events":[{"timestamp":17.639927,"type":"JOB_SUBMITTED","data":{"job_id":"ff6079!115","job":{"id":"ff6079!115","profile":"BT.S.16","res":16,"subtime":17.639897,"walltime":4200}}}]}'
Sending '{"now":17.639927,"events":[{"timestamp":17.639927,"type":"EXECUTE_JOB","data":{"job_id":"ff6079!115","alloc":"12-19 28-31 48-51"}}]}'
Received '{"now":17.682503,"events":[{"timestamp":17.682503,"type":"JOB_COMPLETED","data":{"job_id":"ff6079!109","job_state":"COMPLETED_SUCCESSFULLY","return_code":0,"kill_reason":"","alloc":"32-47"}}]}'
Sending '{"now":17.682503,"events":[]}'
Received '{"now":17.723220,"events":[{"timestamp":17.723220,"type":"JOB_SUBMITTED","data":{"job_id":"ff6079!116","job":{"id":"ff6079!116","profile":"LU.S.4","res":4,"subtime":17.723193,"walltime":4200}}}]}'
Sending '{"now":17.72322,"events":[{"timestamp":17.72322,"type":"EXECUTE_JOB","data":{"job_id":"ff6079!116","alloc":"32-35"}}]}'
Received '{"now":17.737690,"events":[{"timestamp":17.737690,"type":"JOB_COMPLETED","data":{"job_id":"ff6079!111","job_state":"COMPLETED_SUCCESSFULLY","return_code":0,"kill_reason":"","alloc":"0-3 8-11 20-27"}}]}'
Sending '{"now":17.73769,"events":[]}'
Received '{"now":17.793936,"events":[{"timestamp":17.793936,"type":"JOB_SUBMITTED","data":{"job_id":"ff6079!117","job":{"id":"ff6079!117","profile":"CG.S.4","res":4,"subtime":17.793906,"walltime":4200}}}]}'
Sending '{"now":17.793936,"events":[{"timestamp":17.793936,"type":"EXECUTE_JOB","data":{"job_id":"ff6079!117","alloc":"0-3"}}]}'
Received '{"now":17.843866,"events":[{"timestamp":17.843866,"type":"JOB_SUBMITTED","data":{"job_id":"ff6079!118","job":{"id":"ff6079!118","profile":"SP.S.4","res":4,"subtime":17.843850,"walltime":4200}}}]}'
Sending '{"now":17.843866,"events":[{"timestamp":17.843866,"type":"EXECUTE_JOB","data":{"job_id":"ff6079!118","alloc":"8-11"}}]}'
Received '{"now":17.947364,"events":[{"timestamp":17.947364,"type":"JOB_SUBMITTED","data":{"job_id":"ff6079!119","job":{"id":"ff6079!119","profile":"FT.S.4","res":4,"subtime":17.947334,"walltime":4200}}}]}'
Sending '{"now":17.947364,"events":[{"timestamp":17.947364,"type":"EXECUTE_JOB","data":{"job_id":"ff6079!119","alloc":"20-23"}}]}'
Received '{"now":17.987242,"events":[{"timestamp":17.987242,"type":"JOB_COMPLETED","data":{"job_id":"ff6079!114","job_state":"COMPLETED_SUCCESSFULLY","return_code":0,"kill_reason":"","alloc":"4-7"}}]}'
Sending '{"now":17.987242,"events":[]}'
Received '{"now":18.051405,"events":[{"timestamp":18.051405,"type":"JOB_SUBMITTED","data":{"job_id":"ff6079!120","job":{"id":"ff6079!120","profile":"LU.S.16","res":16,"subtime":18.051378,"walltime":4200}}}]}'
Sending '{"now":18.051405,"events":[{"timestamp":18.051405,"type":"EXECUTE_JOB","data":{"job_id":"ff6079!120","alloc":"4-7 24-27 36-43"}}]}'
Received '{"now":18.154246,"events":[{"timestamp":18.154246,"type":"JOB_SUBMITTED","data":{"job_id":"ff6079!121","job":{"id":"ff6079!121","profile":"CG.S.4","res":4,"subtime":18.154222,"walltime":4200}}}]}'
Sending '{"now":18.154246,"events":[{"timestamp":18.154246,"type":"EXECUTE_JOB","data":{"job_id":"ff6079!121","alloc":"44-47"}}]}'
Received '{"now":18.158465,"events":[{"timestamp":18.158465,"type":"JOB_SUBMITTED","data":{"job_id":"ff6079!122","job":{"id":"ff6079!122","profile":"IS.S.4","res":4,"subtime":18.158444,"walltime":4200}}}]}'
Sending '{"now":18.158465,"events":[{"timestamp":18.158465,"type":"EXECUTE_JOB","data":{"job_id":"ff6079!122","alloc":"52-55"}}]}'
Received '{"now":18.216913,"events":[{"timestamp":18.216913,"type":"JOB_COMPLETED","data":{"job_id":"ff6079!118","job_state":"COMPLETED_SUCCESSFULLY","return_code":0,"kill_reason":"","alloc":"8-11"}}]}'
Sending '{"now":18.216913,"events":[]}'
Received '{"now":18.252479,"events":[{"timestamp":18.252479,"type":"JOB_COMPLETED","data":{"job_id":"ff6079!122","job_state":"COMPLETED_SUCCESSFULLY","return_code":0,"kill_reason":"","alloc":"52-55"}}]}'
Sending '{"now":18.252479,"events":[]}'
Received '{"now":18.315043,"events":[{"timestamp":18.315043,"type":"JOB_COMPLETED","data":{"job_id":"ff6079!119","job_state":"COMPLETED_SUCCESSFULLY","return_code":0,"kill_reason":"","alloc":"20-23"}}]}'
Sending '{"now":18.315043,"events":[]}'
Received '{"now":18.385936,"events":[{"timestamp":18.385936,"type":"JOB_COMPLETED","data":{"job_id":"ff6079!117","job_state":"COMPLETED_SUCCESSFULLY","return_code":0,"kill_reason":"","alloc":"0-3"}}]}'
Sending '{"now":18.385936,"events":[]}'
Received '{"now":18.444437,"events":[{"timestamp":18.444437,"type":"JOB_COMPLETED","data":{"job_id":"ff6079!116","job_state":"COMPLETED_SUCCESSFULLY","return_code":0,"kill_reason":"","alloc":"32-35"}}]}'
Sending '{"now":18.444437,"events":[]}'
Received '{"now":18.540673,"events":[{"timestamp":18.540673,"type":"JOB_COMPLETED","data":{"job_id":"ff6079!115","job_state":"COMPLETED_SUCCESSFULLY","return_code":0,"kill_reason":"","alloc":"12-19 28-31 48-51"}}]}'
Sending '{"now":18.540673,"events":[]}'
Received '{"now":18.629284,"events":[{"timestamp":18.629284,"type":"JOB_SUBMITTED","data":{"job_id":"ff6079!123","job":{"id":"ff6079!123","profile":"MG.S.4","res":4,"subtime":18.629254,"walltime":4200}}}]}'
Sending '{"now":18.629284,"events":[{"timestamp":18.629284,"type":"EXECUTE_JOB","data":{"job_id":"ff6079!123","alloc":"0-3"}}]}'
Received '{"now":18.695239,"events":[{"timestamp":18.695239,"type":"JOB_COMPLETED","data":{"job_id":"ff6079!121","job_state":"COMPLETED_SUCCESSFULLY","return_code":0,"kill_reason":"","alloc":"44-47"}}]}'
Sending '{"now":18.695239,"events":[]}'
Received '{"now":18.793925,"events":[{"timestamp":18.793925,"type":"JOB_COMPLETED","data":{"job_id":"ff6079!123","job_state":"COMPLETED_SUCCESSFULLY","return_code":0,"kill_reason":"","alloc":"0-3"}}]}'
Sending '{"now":18.793925,"events":[]}'
Received '{"now":19.064347,"events":[{"timestamp":19.064347,"type":"JOB_COMPLETED","data":{"job_id":"ff6079!120","job_state":"COMPLETED_SUCCESSFULLY","return_code":0,"kill_reason":"","alloc":"4-7 24-27 36-43"}}]}'
Sending '{"now":19.064347,"events":[]}'
Received '{"now":19.157591,"events":[{"timestamp":19.157591,"type":"JOB_SUBMITTED","data":{"job_id":"ff6079!124","job":{"id":"ff6079!124","profile":"MG.S.4","res":4,"subtime":19.157561,"walltime":4200}}}]}'
Sending '{"now":19.157591,"events":[{"timestamp":19.157591,"type":"EXECUTE_JOB","data":{"job_id":"ff6079!124","alloc":"0-3"}}]}'
Received '{"now":19.322524,"events":[{"timestamp":19.322524,"type":"JOB_COMPLETED","data":{"job_id":"ff6079!124","job_state":"COMPLETED_SUCCESSFULLY","return_code":0,"kill_reason":"","alloc":"0-3"}}]}'
Sending '{"now":19.322524,"events":[]}'
Received '{"now":19.350203,"events":[{"timestamp":19.350203,"type":"JOB_SUBMITTED","data":{"job_id":"ff6079!125","job":{"id":"ff6079!125","profile":"MG.S.16","res":16,"subtime":19.350173,"walltime":4200}}}]}'
Sending '{"now":19.350203,"events":[{"timestamp":19.350203,"type":"EXECUTE_JOB","data":{"job_id":"ff6079!125","alloc":"0-15"}}]}'
Received '{"now":19.413027,"events":[{"timestamp":19.413027,"type":"JOB_SUBMITTED","data":{"job_id":"ff6079!126","job":{"id":"ff6079!126","profile":"BT.S.4","res":4,"subtime":19.413001,"walltime":4200}}}]}'
Sending '{"now":19.413027,"events":[{"timestamp":19.413027,"type":"EXECUTE_JOB","data":{"job_id":"ff6079!126","alloc":"16-19"}}]}'
Received '{"now":19.654338,"events":[{"timestamp":19.654338,"type":"JOB_COMPLETED","data":{"job_id":"ff6079!126","job_state":"COMPLETED_SUCCESSFULLY","return_code":0,"kill_reason":"","alloc":"16-19"}}]}'
Sending '{"now":19.654338,"events":[]}'
Received '{"now":19.669759,"events":[{"timestamp":19.669759,"type":"JOB_SUBMITTED","data":{"job_id":"ff6079!127","job":{"id":"ff6079!127","profile":"SP.S.4","res":4,"subtime":19.669737,"walltime":4200}}}]}'
Sending '{"now":19.669759,"events":[{"timestamp":19.669759,"type":"EXECUTE_JOB","data":{"job_id":"ff6079!127","alloc":"16-19"}}]}'
Received '{"now":19.677800,"events":[{"timestamp":19.677800,"type":"JOB_COMPLETED","data":{"job_id":"ff6079!125","job_state":"COMPLETED_SUCCESSFULLY","return_code":0,"kill_reason":"","alloc":"0-15"}}]}'
Sending '{"now":19.6778,"events":[]}'
Received '{"now":19.844708,"events":[{"timestamp":19.844708,"type":"JOB_SUBMITTED","data":{"job_id":"ff6079!128","job":{"id":"ff6079!128","profile":"IS.S.16","res":16,"subtime":19.844678,"walltime":4200}}}]}'
Sending '{"now":19.844708,"events":[{"timestamp":19.844708,"type":"EXECUTE_JOB","data":{"job_id":"ff6079!128","alloc":"0-15"}}]}'
Received '{"now":19.859509,"events":[{"timestamp":19.859509,"type":"JOB_SUBMITTED","data":{"job_id":"ff6079!129","job":{"id":"ff6079!129","profile":"MG.S.4","res":4,"subtime":19.859479,"walltime":4200}}}]}'
Sending '{"now":19.859509,"events":[{"timestamp":19.859509,"type":"EXECUTE_JOB","data":{"job_id":"ff6079!129","alloc":"20-23"}}]}'
Received '{"now":19.928887,"events":[{"timestamp":19.928887,"type":"JOB_COMPLETED","data":{"job_id":"ff6079!128","job_state":"COMPLETED_SUCCESSFULLY","return_code":0,"kill_reason":"","alloc":"0-15"}}]}'
Sending '{"now":19.928887,"events":[]}'
Received '{"now":19.932644,"events":[{"timestamp":19.932644,"type":"JOB_SUBMITTED","data":{"job_id":"ff6079!130","job":{"id":"ff6079!130","profile":"FT.S.16","res":16,"subtime":19.932614,"walltime":4200}}}]}'
Sending '{"now":19.932644,"events":[{"timestamp":19.932644,"type":"EXECUTE_JOB","data":{"job_id":"ff6079!130","alloc":"0-15"}}]}'
Received '{"now":20.002327,"events":[{"timestamp":20.002327,"type":"JOB_COMPLETED","data":{"job_id":"ff6079!127","job_state":"COMPLETED_SUCCESSFULLY","return_code":0,"kill_reason":"","alloc":"16-19"}}]}'
Sending '{"now":20.002327,"events":[]}'
Received '{"now":20.052389,"events":[{"timestamp":20.052389,"type":"JOB_SUBMITTED","data":{"job_id":"ff6079!131","job":{"id":"ff6079!131","profile":"LU.S.16","res":16,"subtime":20.052365,"walltime":4200}}}]}'
Sending '{"now":20.052389,"events":[{"timestamp":20.052389,"type":"EXECUTE_JOB","data":{"job_id":"ff6079!131","alloc":"16-19 24-35"}}]}'
Received '{"now":20.082186,"events":[{"timestamp":20.082186,"type":"JOB_COMPLETED","data":{"job_id":"ff6079!129","job_state":"COMPLETED_SUCCESSFULLY","return_code":0,"kill_reason":"","alloc":"20-23"}}]}'
Sending '{"now":20.082186,"events":[]}'
Received '{"now":20.139886,"events":[{"timestamp":20.139886,"type":"JOB_COMPLETED","data":{"job_id":"ff6079!130","job_state":"COMPLETED_SUCCESSFULLY","return_code":0,"kill_reason":"","alloc":"0-15"}}]}'
Sending '{"now":20.139886,"events":[]}'
Received '{"now":20.407293,"events":[{"timestamp":20.407293,"type":"JOB_SUBMITTED","data":{"job_id":"ff6079!132","job":{"id":"ff6079!132","profile":"FT.S.4","res":4,"subtime":20.407266,"walltime":4200}}}]}'
Sending '{"now":20.407293,"events":[{"timestamp":20.407293,"type":"EXECUTE_JOB","data":{"job_id":"ff6079!132","alloc":"0-3"}}]}'
Received '{"now":20.437630,"events":[{"timestamp":20.437630,"type":"JOB_SUBMITTED","data":{"job_id":"ff6079!133","job":{"id":"ff6079!133","profile":"IS.S.16","res":16,"subtime":20.437600,"walltime":4200}}}]}'
Sending '{"now":20.43763,"events":[{"timestamp":20.43763,"type":"EXECUTE_JOB","data":{"job_id":"ff6079!133","alloc":"4-15 20-23"}}]}'
Received '{"now":20.460192,"events":[{"timestamp":20.460192,"type":"JOB_SUBMITTED","data":{"job_id":"ff6079!134","job":{"id":"ff6079!134","profile":"LU.S.16","res":16,"subtime":20.460162,"walltime":4200}}}]}'
Sending '{"now":20.460192,"events":[{"timestamp":20.460192,"type":"EXECUTE_JOB","data":{"job_id":"ff6079!134","alloc":"36-51"}}]}'
Received '{"now":20.519407,"events":[{"timestamp":20.519407,"type":"JOB_COMPLETED","data":{"job_id":"ff6079!133","job_state":"COMPLETED_SUCCESSFULLY","return_code":0,"kill_reason":"","alloc":"4-15 20-23"}}]}'
Sending '{"now":20.519407,"events":[]}'
Received '{"now":20.555365,"events":[{"timestamp":20.555365,"type":"JOB_SUBMITTED","data":{"job_id":"ff6079!135","job":{"id":"ff6079!135","profile":"SP.S.4","res":4,"subtime":20.555335,"walltime":4200}}}]}'
Sending '{"now":20.555365,"events":[{"timestamp":20.555365,"type":"EXECUTE_JOB","data":{"job_id":"ff6079!135","alloc":"4-7"}}]}'
Received '{"now":20.625056,"events":[{"timestamp":20.625056,"type":"JOB_COMPLETED","data":{"job_id":"ff6079!132","job_state":"COMPLETED_SUCCESSFULLY","return_code":0,"kill_reason":"","alloc":"0-3"}}]}'
Sending '{"now":20.625056,"events":[]}'
Received '{"now":20.806423,"events":[{"timestamp":20.806423,"type":"JOB_COMPLETED","data":{"job_id":"ff6079!135","job_state":"COMPLETED_SUCCESSFULLY","return_code":0,"kill_reason":"","alloc":"4-7"}}]}'
Sending '{"now":20.806423,"events":[]}'
Received '{"now":20.856639,"events":[{"timestamp":20.856639,"type":"JOB_SUBMITTED","data":{"job_id":"ff6079!136","job":{"id":"ff6079!136","profile":"FT.S.4","res":4,"subtime":20.856609,"walltime":4200}}}]}'
Sending '{"now":20.856639,"events":[{"timestamp":20.856639,"type":"EXECUTE_JOB","data":{"job_id":"ff6079!136","alloc":"0-3"}}]}'
Received '{"now":20.944591,"events":[{"timestamp":20.944591,"type":"JOB_SUBMITTED","data":{"job_id":"ff6079!137","job":{"id":"ff6079!137","profile":"BT.S.16","res":16,"subtime":20.944561,"walltime":4200}}}]}'
Sending '{"now":20.944591,"events":[{"timestamp":20.944591,"type":"EXECUTE_JOB","data":{"job_id":"ff6079!137","alloc":"4-15 20-23"}}]}'
Received '{"now":21.063976,"events":[{"timestamp":21.063976,"type":"JOB_COMPLETED","data":{"job_id":"ff6079!136","job_state":"COMPLETED_SUCCESSFULLY","return_code":0,"kill_reason":"","alloc":"0-3"}}]}'
Sending '{"now":21.063976,"events":[]}'
Received '{"now":21.066717,"events":[{"timestamp":21.066717,"type":"JOB_SUBMITTED","data":{"job_id":"ff6079!138","job":{"id":"ff6079!138","profile":"LU.S.4","res":4,"subtime":21.066691,"walltime":4200}}}]}'
Sending '{"now":21.066717,"events":[{"timestamp":21.066717,"type":"EXECUTE_JOB","data":{"job_id":"ff6079!138","alloc":"0-3"}}]}'
Received '{"now":21.093578,"events":[{"timestamp":21.093578,"type":"JOB_COMPLETED","data":{"job_id":"ff6079!131","job_state":"COMPLETED_SUCCESSFULLY","return_code":0,"kill_reason":"","alloc":"16-19 24-35"}}]}'
Sending '{"now":21.093578,"events":[]}'
Received '{"now":21.468328,"events":[{"timestamp":21.468328,"type":"JOB_COMPLETED","data":{"job_id":"ff6079!134","job_state":"COMPLETED_SUCCESSFULLY","return_code":0,"kill_reason":"","alloc":"36-51"}}]}'
Sending '{"now":21.468328,"events":[]}'
Received '{"now":21.548644,"events":[{"timestamp":21.548644,"type":"JOB_SUBMITTED","data":{"job_id":"ff6079!139","job":{"id":"ff6079!139","profile":"MG.S.4","res":4,"subtime":21.548614,"walltime":4200}}}]}'
Sending '{"now":21.548644,"events":[{"timestamp":21.548644,"type":"EXECUTE_JOB","data":{"job_id":"ff6079!139","alloc":"16-19"}}]}'
Received '{"now":21.568167,"events":[{"timestamp":21.568167,"type":"JOB_SUBMITTED","data":{"job_id":"ff6079!140","job":{"id":"ff6079!140","profile":"CG.S.4","res":4,"subtime":21.568137,"walltime":4200}}}]}'
Sending '{"now":21.568167,"events":[{"timestamp":21.568167,"type":"EXECUTE_JOB","data":{"job_id":"ff6079!140","alloc":"24-27"}}]}'
Received '{"now":21.731577,"events":[{"timestamp":21.731577,"type":"JOB_COMPLETED","data":{"job_id":"ff6079!139","job_state":"COMPLETED_SUCCESSFULLY","return_code":0,"kill_reason":"","alloc":"16-19"}}]}'
Sending '{"now":21.731577,"events":[]}'
Received '{"now":21.807537,"events":[{"timestamp":21.807537,"type":"JOB_COMPLETED","data":{"job_id":"ff6079!137","job_state":"COMPLETED_SUCCESSFULLY","return_code":0,"kill_reason":"","alloc":"4-15 20-23"}}]}'
Sending '{"now":21.807537,"events":[]}'
Received '{"now":21.877354,"events":[{"timestamp":21.877354,"type":"JOB_COMPLETED","data":{"job_id":"ff6079!138","job_state":"COMPLETED_SUCCESSFULLY","return_code":0,"kill_reason":"","alloc":"0-3"}}]}'
Sending '{"now":21.877354,"events":[]}'
Received '{"now":22.134212,"events":[{"timestamp":22.134212,"type":"JOB_COMPLETED","data":{"job_id":"ff6079!140","job_state":"COMPLETED_SUCCESSFULLY","return_code":0,"kill_reason":"","alloc":"24-27"}},{"timestamp":22.134212,"type":"SIMULATION_ENDS","data":{}}]}'
Sending '{"now":22.134212,"events":[]}'
