variant_options = '{"custom_mapping": true}'
Received '{"now":0.000000,"events":[{"timestamp":0.000000,"type":"SIMULATION_BEGINS","data":{"nb_resources":64,"allow_time_sharing":false,"config":{"redis":{"enabled":false,"hostname":"127.0.0.1","port":6379,"prefix":"default"},"job_submission":{"forward_profiles":false,"from_scheduler":{"enabled":false,"acknowledge":true}}},"resources_data":[{"id":0,"name":"n1","state":"idle","properties":{}},{"id":1,"name":"n2","state":"idle","properties":{}},{"id":2,"name":"n3","state":"idle","properties":{}},{"id":3,"name":"n4","state":"idle","properties":{}},{"id":4,"name":"n5","state":"idle","properties":{}},{"id":5,"name":"n6","state":"idle","properties":{}},{"id":6,"name":"n7","state":"idle","properties":{}},{"id":7,"name":"n8","state":"idle","properties":{}},{"id":8,"name":"n9","state":"idle","properties":{}},{"id":9,"name":"n10","state":"idle","properties":{}},{"id":10,"name":"n11","state":"idle","properties":{}},{"id":11,"name":"n12","state":"idle","properties":{}},{"id":12,"name":"n13","state":"idle","properties":{}},{"id":13,"name":"n14","state":"idle","properties":{}},{"id":14,"name":"n15","state":"idle","properties":{}},{"id":15,"name":"n16","state":"idle","properties":{}},{"id":16,"name":"n17","state":"idle","properties":{}},{"id":17,"name":"n18","state":"idle","properties":{}},{"id":18,"name":"n19","state":"idle","properties":{}},{"id":19,"name":"n20","state":"idle","properties":{}},{"id":20,"name":"n21","state":"idle","properties":{}},{"id":21,"name":"n22","state":"idle","properties":{}},{"id":22,"name":"n23","state":"idle","properties":{}},{"id":23,"name":"n24","state":"idle","properties":{}},{"id":24,"name":"n25","state":"idle","properties":{}},{"id":25,"name":"n26","state":"idle","properties":{}},{"id":26,"name":"n27","state":"idle","properties":{}},{"id":27,"name":"n28","state":"idle","properties":{}},{"id":28,"name":"n29","state":"idle","properties":{}},{"id":29,"name":"n30","state":"idle","properties":{}},{"id":30,"name":"n31","state":"idle","properties":{}},{"id":31,"name":"n32","state":"idle","properties":{}},{"id":32,"name":"n33","state":"idle","properties":{}},{"id":33,"name":"n34","state":"idle","properties":{}},{"id":34,"name":"n35","state":"idle","properties":{}},{"id":35,"name":"n36","state":"idle","properties":{}},{"id":36,"name":"n37","state":"idle","properties":{}},{"id":37,"name":"n38","state":"idle","properties":{}},{"id":38,"name":"n39","state":"idle","properties":{}},{"id":39,"name":"n40","state":"idle","properties":{}},{"id":40,"name":"n41","state":"idle","properties":{}},{"id":41,"name":"n42","state":"idle","properties":{}},{"id":42,"name":"n43","state":"idle","properties":{}},{"id":43,"name":"n44","state":"idle","properties":{}},{"id":44,"name":"n45","state":"idle","properties":{}},{"id":45,"name":"n46","state":"idle","properties":{}},{"id":46,"name":"n47","state":"idle","properties":{}},{"id":47,"name":"n48","state":"idle","properties":{}},{"id":48,"name":"n49","state":"idle","properties":{}},{"id":49,"name":"n50","state":"idle","properties":{}},{"id":50,"name":"n51","state":"idle","properties":{}},{"id":51,"name":"n52","state":"idle","properties":{}},{"id":52,"name":"n53","state":"idle","properties":{}},{"id":53,"name":"n54","state":"idle","properties":{}},{"id":54,"name":"n55","state":"idle","properties":{}},{"id":55,"name":"n56","state":"idle","properties":{}},{"id":56,"name":"n57","state":"idle","properties":{}},{"id":57,"name":"n58","state":"idle","properties":{}},{"id":58,"name":"n59","state":"idle","properties":{}},{"id":59,"name":"n60","state":"idle","properties":{}},{"id":60,"name":"n61","state":"idle","properties":{}},{"id":61,"name":"n62","state":"idle","properties":{}},{"id":62,"name":"n63","state":"idle","properties":{}},{"id":63,"name":"n64","state":"idle","properties":{}}],"workloads":{"06befe":"/github-simgrid/190311/../batsim-v2.0.0/workload_profiles/npb_80_jobs.json"}}}]}'
Sending '{"now":0.0,"events":[]}'
Received '{"now":0.446215,"events":[{"timestamp":0.446215,"type":"JOB_SUBMITTED","data":{"job_id":"06befe!1","job":{"id":"06befe!1","profile":"FT.S.16","res":16,"subtime":0.446184,"walltime":4200}}}]}'
Sending '{"now":0.446215,"events":[{"timestamp":0.446215,"type":"EXECUTE_JOB","data":{"job_id":"06befe!1","alloc":"0-15"}}]}'
Received '{"now":0.716307,"events":[{"timestamp":0.716307,"type":"JOB_COMPLETED","data":{"job_id":"06befe!1","job_state":"COMPLETED_SUCCESSFULLY","return_code":0,"kill_reason":"","alloc":"0-15"}}]}'
Sending '{"now":0.716307,"events":[]}'
Received '{"now":0.829683,"events":[{"timestamp":0.829683,"type":"JOB_SUBMITTED","data":{"job_id":"06befe!2","job":{"id":"06befe!2","profile":"FT.S.4","res":4,"subtime":0.829653,"walltime":4200}}}]}'
Sending '{"now":0.829683,"events":[{"timestamp":0.829683,"type":"EXECUTE_JOB","data":{"job_id":"06befe!2","alloc":"0-3"}}]}'
Received '{"now":0.908840,"events":[{"timestamp":0.908840,"type":"JOB_SUBMITTED","data":{"job_id":"06befe!3","job":{"id":"06befe!3","profile":"IS.S.16","res":16,"subtime":0.908810,"walltime":4200}}}]}'
Sending '{"now":0.90884,"events":[{"timestamp":0.90884,"type":"EXECUTE_JOB","data":{"job_id":"06befe!3","alloc":"4-19"}}]}'
Received '{"now":1.010581,"events":[{"timestamp":1.010581,"type":"JOB_COMPLETED","data":{"job_id":"06befe!3","job_state":"COMPLETED_SUCCESSFULLY","return_code":0,"kill_reason":"","alloc":"4-19"}}]}'
Sending '{"now":1.010581,"events":[]}'
Received '{"now":1.080051,"events":[{"timestamp":1.080051,"type":"JOB_COMPLETED","data":{"job_id":"06befe!2","job_state":"COMPLETED_SUCCESSFULLY","return_code":0,"kill_reason":"","alloc":"0-3"}}]}'
Sending '{"now":1.080051,"events":[]}'
Received '{"now":1.520474,"events":[{"timestamp":1.520474,"type":"JOB_SUBMITTED","data":{"job_id":"06befe!4","job":{"id":"06befe!4","profile":"MG.S.4","res":4,"subtime":1.520444,"walltime":4200}}}]}'
Sending '{"now":1.520474,"events":[{"timestamp":1.520474,"type":"EXECUTE_JOB","data":{"job_id":"06befe!4","alloc":"0-3"}}]}'
Received '{"now":1.540929,"events":[{"timestamp":1.540929,"type":"JOB_SUBMITTED","data":{"job_id":"06befe!5","job":{"id":"06befe!5","profile":"CG.S.16","res":16,"subtime":1.540899,"walltime":4200}}}]}'
Sending '{"now":1.540929,"events":[{"timestamp":1.540929,"type":"EXECUTE_JOB","data":{"job_id":"06befe!5","alloc":"4-19"}}]}'
Received '{"now":1.687232,"events":[{"timestamp":1.687232,"type":"JOB_COMPLETED","data":{"job_id":"06befe!4","job_state":"COMPLETED_SUCCESSFULLY","return_code":0,"kill_reason":"","alloc":"0-3"}}]}'
Sending '{"now":1.687232,"events":[]}'
Received '{"now":1.708056,"events":[{"timestamp":1.708056,"type":"JOB_SUBMITTED","data":{"job_id":"06befe!6","job":{"id":"06befe!6","profile":"SP.S.4","res":4,"subtime":1.708032,"walltime":4200}}}]}'
Sending '{"now":1.708056,"events":[{"timestamp":1.708056,"type":"EXECUTE_JOB","data":{"job_id":"06befe!6","alloc":"0-3"}}]}'
Received '{"now":1.809075,"events":[{"timestamp":1.809075,"type":"JOB_SUBMITTED","data":{"job_id":"06befe!7","job":{"id":"06befe!7","profile":"LU.S.16","res":16,"subtime":1.809045,"walltime":4200}}}]}'
Sending '{"now":1.809075,"events":[{"timestamp":1.809075,"type":"EXECUTE_JOB","data":{"job_id":"06befe!7","alloc":"20-35"}}]}'
Received '{"now":1.959718,"events":[{"timestamp":1.959718,"type":"JOB_COMPLETED","data":{"job_id":"06befe!6","job_state":"COMPLETED_SUCCESSFULLY","return_code":0,"kill_reason":"","alloc":"0-3"}}]}'
Sending '{"now":1.959718,"events":[]}'
Received '{"now":2.017846,"events":[{"timestamp":2.017846,"type":"JOB_SUBMITTED","data":{"job_id":"06befe!8","job":{"id":"06befe!8","profile":"MG.S.16","res":16,"subtime":2.017816,"walltime":4200}}}]}'
Sending '{"now":2.017846,"events":[{"timestamp":2.017846,"type":"EXECUTE_JOB","data":{"job_id":"06befe!8","alloc":"0-3 36-47"}}]}'
Received '{"now":2.023637,"events":[{"timestamp":2.023637,"type":"JOB_SUBMITTED","data":{"job_id":"06befe!9","job":{"id":"06befe!9","profile":"LU.S.16","res":16,"subtime":2.023607,"walltime":4200}}}]}'
Sending '{"now":2.023637,"events":[{"timestamp":2.023637,"type":"EXECUTE_JOB","data":{"job_id":"06befe!9","alloc":"48-63"}}]}'
Received '{"now":2.029656,"events":[{"timestamp":2.029656,"type":"JOB_SUBMITTED","data":{"job_id":"06befe!10","job":{"id":"06befe!10","profile":"LU.S.16","res":16,"subtime":2.029625,"walltime":4200}}}]}'
Sending '{"now":2.029656,"events":[]}'
Received '{"now":2.037387,"events":[{"timestamp":2.037387,"type":"JOB_SUBMITTED","data":{"job_id":"06befe!11","job":{"id":"06befe!11","profile":"MG.S.16","res":16,"subtime":2.037358,"walltime":4200}}}]}'
Sending '{"now":2.037387,"events":[]}'
Received '{"now":2.143412,"events":[{"timestamp":2.143412,"type":"JOB_SUBMITTED","data":{"job_id":"06befe!12","job":{"id":"06befe!12","profile":"CG.S.16","res":16,"subtime":2.143382,"walltime":4200}}}]}'
Sending '{"now":2.143412,"events":[]}'
Received '{"now":2.377900,"events":[{"timestamp":2.377900,"type":"JOB_COMPLETED","data":{"job_id":"06befe!8","job_state":"COMPLETED_SUCCESSFULLY","return_code":0,"kill_reason":"","alloc":"0-3 36-47"}}]}'
Sending '{"now":2.3779,"events":[{"timestamp":2.3779,"type":"EXECUTE_JOB","data":{"job_id":"06befe!10","alloc":"0-3 36-47"}}]}'
Received '{"now":2.500697,"events":[{"timestamp":2.500697,"type":"JOB_SUBMITTED","data":{"job_id":"06befe!13","job":{"id":"06befe!13","profile":"BT.S.16","res":16,"subtime":2.500680,"walltime":4200}}}]}'
Sending '{"now":2.500697,"events":[]}'
Received '{"now":2.511408,"events":[{"timestamp":2.511408,"type":"JOB_COMPLETED","data":{"job_id":"06befe!5","job_state":"COMPLETED_SUCCESSFULLY","return_code":0,"kill_reason":"","alloc":"4-19"}}]}'
Sending '{"now":2.511408,"events":[{"timestamp":2.511408,"type":"EXECUTE_JOB","data":{"job_id":"06befe!11","alloc":"4-19"}}]}'
Received '{"now":2.562829,"events":[{"timestamp":2.562829,"type":"JOB_SUBMITTED","data":{"job_id":"06befe!14","job":{"id":"06befe!14","profile":"LU.S.4","res":4,"subtime":2.562799,"walltime":4200}}}]}'
Sending '{"now":2.562829,"events":[]}'
Received '{"now":2.667059,"events":[{"timestamp":2.667059,"type":"JOB_SUBMITTED","data":{"job_id":"06befe!15","job":{"id":"06befe!15","profile":"LU.S.4","res":4,"subtime":2.667029,"walltime":4200}}}]}'
Sending '{"now":2.667059,"events":[]}'
Received '{"now":2.713687,"events":[{"timestamp":2.713687,"type":"JOB_SUBMITTED","data":{"job_id":"06befe!16","job":{"id":"06befe!16","profile":"CG.S.16","res":16,"subtime":2.713656,"walltime":4200}}}]}'
Sending '{"now":2.713687,"events":[]}'
Received '{"now":2.780509,"events":[{"timestamp":2.780509,"type":"JOB_COMPLETED","data":{"job_id":"06befe!7","job_state":"COMPLETED_SUCCESSFULLY","return_code":0,"kill_reason":"","alloc":"20-35"}}]}'
Sending '{"now":2.780509,"events":[{"timestamp":2.780509,"type":"EXECUTE_JOB","data":{"job_id":"06befe!12","alloc":"20-35"}}]}'
Received '{"now":2.853721,"events":[{"timestamp":2.853721,"type":"JOB_COMPLETED","data":{"job_id":"06befe!11","job_state":"COMPLETED_SUCCESSFULLY","return_code":0,"kill_reason":"","alloc":"4-19"}}]}'
Sending '{"now":2.853721,"events":[{"timestamp":2.853721,"type":"EXECUTE_JOB","data":{"job_id":"06befe!13","alloc":"4-19"}}]}'
Received '{"now":2.997816,"events":[{"timestamp":2.997816,"type":"JOB_COMPLETED","data":{"job_id":"06befe!9","job_state":"COMPLETED_SUCCESSFULLY","return_code":0,"kill_reason":"","alloc":"48-63"}}]}'
Sending '{"now":2.997816,"events":[{"timestamp":2.997816,"type":"EXECUTE_JOB","data":{"job_id":"06befe!14","alloc":"48-51"}},{"timestamp":2.997816,"type":"EXECUTE_JOB","data":{"job_id":"06befe!15","alloc":"52-55"}}]}'
Received '{"now":3.216794,"events":[{"timestamp":3.216794,"type":"JOB_SUBMITTED","data":{"job_id":"06befe!17","job":{"id":"06befe!17","profile":"MG.S.4","res":4,"subtime":3.216768,"walltime":4200}}}]}'
Sending '{"now":3.216794,"events":[{"timestamp":3.216794,"type":"EXECUTE_JOB","data":{"job_id":"06befe!17","alloc":"56-59"}}]}'
Received '{"now":3.389699,"events":[{"timestamp":3.389699,"type":"JOB_COMPLETED","data":{"job_id":"06befe!10","job_state":"COMPLETED_SUCCESSFULLY","return_code":0,"kill_reason":"","alloc":"0-3 36-47"}}]}'
Sending '{"now":3.389699,"events":[{"timestamp":3.389699,"type":"EXECUTE_JOB","data":{"job_id":"06befe!16","alloc":"0-3 36-47"}}]}'
Received '{"now":3.420029,"events":[{"timestamp":3.420029,"type":"JOB_COMPLETED","data":{"job_id":"06befe!17","job_state":"COMPLETED_SUCCESSFULLY","return_code":0,"kill_reason":"","alloc":"56-59"}}]}'
Sending '{"now":3.420029,"events":[]}'
Received '{"now":3.580120,"events":[{"timestamp":3.580120,"type":"JOB_SUBMITTED","data":{"job_id":"06befe!18","job":{"id":"06befe!18","profile":"LU.S.16","res":16,"subtime":3.580090,"walltime":4200}}}]}'
Sending '{"now":3.58012,"events":[]}'
Received '{"now":3.605434,"events":[{"timestamp":3.605434,"type":"JOB_SUBMITTED","data":{"job_id":"06befe!19","job":{"id":"06befe!19","profile":"CG.S.16","res":16,"subtime":3.605409,"walltime":4200}}}]}'
Sending '{"now":3.605434,"events":[]}'
Received '{"now":3.698944,"events":[{"timestamp":3.698944,"type":"JOB_SUBMITTED","data":{"job_id":"06befe!20","job":{"id":"06befe!20","profile":"BT.S.4","res":4,"subtime":3.698913,"walltime":4200}}}]}'
Sending '{"now":3.698944,"events":[{"timestamp":3.698944,"type":"EXECUTE_JOB","data":{"job_id":"06befe!20","alloc":"56-59"}}]}'
Received '{"now":3.701913,"events":[{"timestamp":3.701913,"type":"JOB_COMPLETED","data":{"job_id":"06befe!15","job_state":"COMPLETED_SUCCESSFULLY","return_code":0,"kill_reason":"","alloc":"52-55"}}]}'
Sending '{"now":3.701913,"events":[]}'
Received '{"now":3.730716,"events":[{"timestamp":3.730716,"type":"JOB_COMPLETED","data":{"job_id":"06befe!12","job_state":"COMPLETED_SUCCESSFULLY","return_code":0,"kill_reason":"","alloc":"20-35"}}]}'
Sending '{"now":3.730716,"events":[{"timestamp":3.730716,"type":"EXECUTE_JOB","data":{"job_id":"06befe!18","alloc":"20-35"}}]}'
Received '{"now":3.750871,"events":[{"timestamp":3.750871,"type":"JOB_COMPLETED","data":{"job_id":"06befe!14","job_state":"COMPLETED_SUCCESSFULLY","return_code":0,"kill_reason":"","alloc":"48-51"}}]}'
Sending '{"now":3.750871,"events":[]}'
Received '{"now":3.840605,"events":[{"timestamp":3.840605,"type":"JOB_COMPLETED","data":{"job_id":"06befe!13","job_state":"COMPLETED_SUCCESSFULLY","return_code":0,"kill_reason":"","alloc":"4-19"}}]}'
Sending '{"now":3.840605,"events":[{"timestamp":3.840605,"type":"EXECUTE_JOB","data":{"job_id":"06befe!19","alloc":"4-19"}}]}'
Received '{"now":3.960685,"events":[{"timestamp":3.960685,"type":"JOB_SUBMITTED","data":{"job_id":"06befe!21","job":{"id":"06befe!21","profile":"MG.S.16","res":16,"subtime":3.960668,"walltime":4200}}}]}'
Sending '{"now":3.960685,"events":[]}'
Received '{"now":3.987032,"events":[{"timestamp":3.987032,"type":"JOB_SUBMITTED","data":{"job_id":"06befe!22","job":{"id":"06befe!22","profile":"BT.S.16","res":16,"subtime":3.987011,"walltime":4200}}}]}'
Sending '{"now":3.987032,"events":[]}'
Received '{"now":3.989665,"events":[{"timestamp":3.989665,"type":"JOB_COMPLETED","data":{"job_id":"06befe!20","job_state":"COMPLETED_SUCCESSFULLY","return_code":0,"kill_reason":"","alloc":"56-59"}}]}'
Sending '{"now":3.989665,"events":[{"timestamp":3.989665,"type":"EXECUTE_JOB","data":{"job_id":"06befe!21","alloc":"48-63"}}]}'
Received '{"now":4.295130,"events":[{"timestamp":4.295130,"type":"JOB_SUBMITTED","data":{"job_id":"06befe!23","job":{"id":"06befe!23","profile":"LU.S.16","res":16,"subtime":4.295104,"walltime":4200}}}]}'
Sending '{"now":4.29513,"events":[]}'
Received '{"now":4.346869,"events":[{"timestamp":4.346869,"type":"JOB_COMPLETED","data":{"job_id":"06befe!21","job_state":"COMPLETED_SUCCESSFULLY","return_code":0,"kill_reason":"","alloc":"48-63"}}]}'
Sending '{"now":4.346869,"events":[{"timestamp":4.346869,"type":"EXECUTE_JOB","data":{"job_id":"06befe!22","alloc":"48-63"}}]}'
Received '{"now":4.348615,"events":[{"timestamp":4.348615,"type":"JOB_COMPLETED","data":{"job_id":"06befe!16","job_state":"COMPLETED_SUCCESSFULLY","return_code":0,"kill_reason":"","alloc":"0-3 36-47"}}]}'
Sending '{"now":4.348615,"events":[{"timestamp":4.348615,"type":"EXECUTE_JOB","data":{"job_id":"06befe!23","alloc":"0-3 36-47"}}]}'
Received '{"now":4.390765,"events":[{"timestamp":4.390765,"type":"JOB_SUBMITTED","data":{"job_id":"06befe!24","job":{"id":"06befe!24","profile":"LU.S.4","res":4,"subtime":4.390735,"walltime":4200}}}]}'
Sending '{"now":4.390765,"events":[]}'
Received '{"now":4.501071,"events":[{"timestamp":4.501071,"type":"JOB_SUBMITTED","data":{"job_id":"06befe!25","job":{"id":"06befe!25","profile":"MG.S.4","res":4,"subtime":4.501045,"walltime":4200}}}]}'
Sending '{"now":4.501071,"events":[]}'
Received '{"now":4.577479,"events":[{"timestamp":4.577479,"type":"JOB_SUBMITTED","data":{"job_id":"06befe!26","job":{"id":"06befe!26","profile":"BT.S.16","res":16,"subtime":4.577453,"walltime":4200}}}]}'
Sending '{"now":4.577479,"events":[]}'
Received '{"now":4.702390,"events":[{"timestamp":4.702390,"type":"JOB_COMPLETED","data":{"job_id":"06befe!18","job_state":"COMPLETED_SUCCESSFULLY","return_code":0,"kill_reason":"","alloc":"20-35"}}]}'
Sending '{"now":4.70239,"events":[{"timestamp":4.70239,"type":"EXECUTE_JOB","data":{"job_id":"06befe!24","alloc":"20-23"}},{"timestamp":4.70239,"type":"EXECUTE_JOB","data":{"job_id":"06befe!25","alloc":"24-27"}}]}'
Received '{"now":4.810404,"events":[{"timestamp":4.810404,"type":"JOB_COMPLETED","data":{"job_id":"06befe!19","job_state":"COMPLETED_SUCCESSFULLY","return_code":0,"kill_reason":"","alloc":"4-19"}}]}'
Sending '{"now":4.810404,"events":[{"timestamp":4.810404,"type":"EXECUTE_JOB","data":{"job_id":"06befe!26","alloc":"4-19"}}]}'
Received '{"now":4.956142,"events":[{"timestamp":4.956142,"type":"JOB_COMPLETED","data":{"job_id":"06befe!25","job_state":"COMPLETED_SUCCESSFULLY","return_code":0,"kill_reason":"","alloc":"24-27"}}]}'
Sending '{"now":4.956142,"events":[]}'
Received '{"now":5.013150,"events":[{"timestamp":5.013150,"type":"JOB_SUBMITTED","data":{"job_id":"06befe!27","job":{"id":"06befe!27","profile":"BT.S.16","res":16,"subtime":5.013120,"walltime":4200}}}]}'
Sending '{"now":5.01315,"events":[]}'
Received '{"now":5.178188,"events":[{"timestamp":5.178188,"type":"JOB_SUBMITTED","data":{"job_id":"06befe!28","job":{"id":"06befe!28","profile":"CG.S.16","res":16,"subtime":5.178158,"walltime":4200}}}]}'
Sending '{"now":5.178188,"events":[]}'
Received '{"now":5.268399,"events":[{"timestamp":5.268399,"type":"JOB_SUBMITTED","data":{"job_id":"06befe!29","job":{"id":"06befe!29","profile":"LU.S.4","res":4,"subtime":5.268385,"walltime":4200}}}]}'
Sending '{"now":5.268399,"events":[]}'
Received '{"now":5.361187,"events":[{"timestamp":5.361187,"type":"JOB_COMPLETED","data":{"job_id":"06befe!23","job_state":"COMPLETED_SUCCESSFULLY","return_code":0,"kill_reason":"","alloc":"0-3 36-47"}}]}'
Sending '{"now":5.361187,"events":[{"timestamp":5.361187,"type":"EXECUTE_JOB","data":{"job_id":"06befe!27","alloc":"0-3 24-35"}}]}'
Received '{"now":5.467482,"events":[{"timestamp":5.467482,"type":"JOB_COMPLETED","data":{"job_id":"06befe!24","job_state":"COMPLETED_SUCCESSFULLY","return_code":0,"kill_reason":"","alloc":"20-23"}}]}'
Sending '{"now":5.467482,"events":[{"timestamp":5.467482,"type":"EXECUTE_JOB","data":{"job_id":"06befe!28","alloc":"20-23 36-47"}}]}'
Received '{"now":5.779710,"events":[{"timestamp":5.779710,"type":"JOB_SUBMITTED","data":{"job_id":"06befe!30","job":{"id":"06befe!30","profile":"SP.S.16","res":16,"subtime":5.779690,"walltime":4200}}}]}'
Sending '{"now":5.77971,"events":[]}'
Received '{"now":5.795888,"events":[{"timestamp":5.795888,"type":"JOB_COMPLETED","data":{"job_id":"06befe!22","job_state":"COMPLETED_SUCCESSFULLY","return_code":0,"kill_reason":"","alloc":"48-63"}}]}'
Sending '{"now":5.795888,"events":[{"timestamp":5.795888,"type":"EXECUTE_JOB","data":{"job_id":"06befe!29","alloc":"48-51"}}]}'
Received '{"now":5.856477,"events":[{"timestamp":5.856477,"type":"JOB_SUBMITTED","data":{"job_id":"06befe!31","job":{"id":"06befe!31","profile":"FT.S.4","res":4,"subtime":5.856447,"walltime":4200}}}]}'
Sending '{"now":5.856477,"events":[{"timestamp":5.856477,"type":"EXECUTE_JOB","data":{"job_id":"06befe!31","alloc":"52-55"}}]}'
Received '{"now":6.260441,"events":[{"timestamp":6.260441,"type":"JOB_SUBMITTED","data":{"job_id":"06befe!32","job":{"id":"06befe!32","profile":"LU.S.16","res":16,"subtime":6.260411,"walltime":4200}}}]}'
Sending '{"now":6.260441,"events":[]}'
Received '{"now":6.424900,"events":[{"timestamp":6.424900,"type":"JOB_COMPLETED","data":{"job_id":"06befe!28","job_state":"COMPLETED_SUCCESSFULLY","return_code":0,"kill_reason":"","alloc":"20-23 36-47"}}]}'
Sending '{"now":6.4249,"events":[{"timestamp":6.4249,"type":"EXECUTE_JOB","data":{"job_id":"06befe!30","alloc":"20-23 36-47"}}]}'
Received '{"now":6.435970,"events":[{"timestamp":6.435970,"type":"JOB_COMPLETED","data":{"job_id":"06befe!26","job_state":"COMPLETED_SUCCESSFULLY","return_code":0,"kill_reason":"","alloc":"4-19"}}]}'
Sending '{"now":6.43597,"events":[{"timestamp":6.43597,"type":"EXECUTE_JOB","data":{"job_id":"06befe!32","alloc":"4-19"}}]}'
Received '{"now":6.555285,"events":[{"timestamp":6.555285,"type":"JOB_COMPLETED","data":{"job_id":"06befe!29","job_state":"COMPLETED_SUCCESSFULLY","return_code":0,"kill_reason":"","alloc":"48-51"}}]}'
Sending '{"now":6.555285,"events":[]}'
Received '{"now":6.604790,"events":[{"timestamp":6.604790,"type":"JOB_COMPLETED","data":{"job_id":"06befe!31","job_state":"COMPLETED_SUCCESSFULLY","return_code":0,"kill_reason":"","alloc":"52-55"}}]}'
Sending '{"now":6.60479,"events":[]}'
Received '{"now":6.927968,"events":[{"timestamp":6.927968,"type":"JOB_SUBMITTED","data":{"job_id":"06befe!33","job":{"id":"06befe!33","profile":"FT.S.16","res":16,"subtime":6.927943,"walltime":4200}}}]}'
Sending '{"now":6.927968,"events":[{"timestamp":6.927968,"type":"EXECUTE_JOB","data":{"job_id":"06befe!33","alloc":"48-63"}}]}'
Received '{"now":6.954012,"events":[{"timestamp":6.954012,"type":"JOB_COMPLETED","data":{"job_id":"06befe!27","job_state":"COMPLETED_SUCCESSFULLY","return_code":0,"kill_reason":"","alloc":"0-3 24-35"}}]}'
Sending '{"now":6.954012,"events":[]}'
Received '{"now":7.084154,"events":[{"timestamp":7.084154,"type":"JOB_SUBMITTED","data":{"job_id":"06befe!34","job":{"id":"06befe!34","profile":"MG.S.4","res":4,"subtime":7.084131,"walltime":4200}}}]}'
Sending '{"now":7.084154,"events":[{"timestamp":7.084154,"type":"EXECUTE_JOB","data":{"job_id":"06befe!34","alloc":"0-3"}}]}'
Received '{"now":7.338363,"events":[{"timestamp":7.338363,"type":"JOB_COMPLETED","data":{"job_id":"06befe!34","job_state":"COMPLETED_SUCCESSFULLY","return_code":0,"kill_reason":"","alloc":"0-3"}}]}'
Sending '{"now":7.338363,"events":[]}'
Received '{"now":7.360338,"events":[{"timestamp":7.360338,"type":"JOB_COMPLETED","data":{"job_id":"06befe!33","job_state":"COMPLETED_SUCCESSFULLY","return_code":0,"kill_reason":"","alloc":"48-63"}}]}'
Sending '{"now":7.360338,"events":[]}'
Received '{"now":7.480173,"events":[{"timestamp":7.480173,"type":"JOB_COMPLETED","data":{"job_id":"06befe!32","job_state":"COMPLETED_SUCCESSFULLY","return_code":0,"kill_reason":"","alloc":"4-19"}}]}'
Sending '{"now":7.480173,"events":[]}'
Received '{"now":7.491772,"events":[{"timestamp":7.491772,"type":"JOB_COMPLETED","data":{"job_id":"06befe!30","job_state":"COMPLETED_SUCCESSFULLY","return_code":0,"kill_reason":"","alloc":"20-23 36-47"}}]}'
Sending '{"now":7.491772,"events":[]}'
Received '{"now":7.504925,"events":[{"timestamp":7.504925,"type":"JOB_SUBMITTED","data":{"job_id":"06befe!35","job":{"id":"06befe!35","profile":"LU.S.16","res":16,"subtime":7.504894,"walltime":4200}}}]}'
Sending '{"now":7.504925,"events":[{"timestamp":7.504925,"type":"EXECUTE_JOB","data":{"job_id":"06befe!35","alloc":"0-15"}}]}'
Received '{"now":7.631058,"events":[{"timestamp":7.631058,"type":"JOB_SUBMITTED","data":{"job_id":"06befe!36","job":{"id":"06befe!36","profile":"IS.S.4","res":4,"subtime":7.631030,"walltime":4200}}}]}'
Sending '{"now":7.631058,"events":[{"timestamp":7.631058,"type":"EXECUTE_JOB","data":{"job_id":"06befe!36","alloc":"16-19"}}]}'
Received '{"now":7.705878,"events":[{"timestamp":7.705878,"type":"JOB_COMPLETED","data":{"job_id":"06befe!36","job_state":"COMPLETED_SUCCESSFULLY","return_code":0,"kill_reason":"","alloc":"16-19"}}]}'
Sending '{"now":7.705878,"events":[]}'
Received '{"now":7.787017,"events":[{"timestamp":7.787017,"type":"JOB_SUBMITTED","data":{"job_id":"06befe!37","job":{"id":"06befe!37","profile":"LU.S.4","res":4,"subtime":7.786988,"walltime":4200}}}]}'
Sending '{"now":7.787017,"events":[{"timestamp":7.787017,"type":"EXECUTE_JOB","data":{"job_id":"06befe!37","alloc":"16-19"}}]}'
Received '{"now":8.428366,"events":[{"timestamp":8.428366,"type":"JOB_SUBMITTED","data":{"job_id":"06befe!38","job":{"id":"06befe!38","profile":"FT.S.16","res":16,"subtime":8.428336,"walltime":4200}}}]}'
Sending '{"now":8.428366,"events":[{"timestamp":8.428366,"type":"EXECUTE_JOB","data":{"job_id":"06befe!38","alloc":"20-35"}}]}'
Received '{"now":8.480557,"events":[{"timestamp":8.480557,"type":"JOB_COMPLETED","data":{"job_id":"06befe!37","job_state":"COMPLETED_SUCCESSFULLY","return_code":0,"kill_reason":"","alloc":"16-19"}}]}'
Sending '{"now":8.480557,"events":[]}'
Received '{"now":8.504876,"events":[{"timestamp":8.504876,"type":"JOB_COMPLETED","data":{"job_id":"06befe!35","job_state":"COMPLETED_SUCCESSFULLY","return_code":0,"kill_reason":"","alloc":"0-15"}}]}'
Sending '{"now":8.504876,"events":[]}'
Received '{"now":8.566583,"events":[{"timestamp":8.566583,"type":"JOB_SUBMITTED","data":{"job_id":"06befe!39","job":{"id":"06befe!39","profile":"BT.S.16","res":16,"subtime":8.566553,"walltime":4200}}}]}'
Sending '{"now":8.566583,"events":[{"timestamp":8.566583,"type":"EXECUTE_JOB","data":{"job_id":"06befe!39","alloc":"0-15"}}]}'
Received '{"now":8.754720,"events":[{"timestamp":8.754720,"type":"JOB_SUBMITTED","data":{"job_id":"06befe!40","job":{"id":"06befe!40","profile":"CG.S.16","res":16,"subtime":8.754689,"walltime":4200}}}]}'
Sending '{"now":8.75472,"events":[{"timestamp":8.75472,"type":"EXECUTE_JOB","data":{"job_id":"06befe!40","alloc":"16-19 36-47"}}]}'
Received '{"now":8.769391,"events":[{"timestamp":8.769391,"type":"JOB_COMPLETED","data":{"job_id":"06befe!38","job_state":"COMPLETED_SUCCESSFULLY","return_code":0,"kill_reason":"","alloc":"20-35"}}]}'
Sending '{"now":8.769391,"events":[]}'
Received '{"now":8.782301,"events":[{"timestamp":8.782301,"type":"JOB_SUBMITTED","data":{"job_id":"06befe!41","job":{"id":"06befe!41","profile":"FT.S.16","res":16,"subtime":8.782271,"walltime":4200}}}]}'
Sending '{"now":8.782301,"events":[{"timestamp":8.782301,"type":"EXECUTE_JOB","data":{"job_id":"06befe!41","alloc":"20-35"}}]}'
Received '{"now":8.940992,"events":[{"timestamp":8.940992,"type":"JOB_SUBMITTED","data":{"job_id":"06befe!42","job":{"id":"06befe!42","profile":"CG.S.4","res":4,"subtime":8.940969,"walltime":4200}}}]}'
Sending '{"now":8.940992,"events":[{"timestamp":8.940992,"type":"EXECUTE_JOB","data":{"job_id":"06befe!42","alloc":"48-51"}}]}'
Received '{"now":9.139366,"events":[{"timestamp":9.139366,"type":"JOB_SUBMITTED","data":{"job_id":"06befe!43","job":{"id":"06befe!43","profile":"FT.S.4","res":4,"subtime":9.139336,"walltime":4200}}}]}'
Sending '{"now":9.139366,"events":[{"timestamp":9.139366,"type":"EXECUTE_JOB","data":{"job_id":"06befe!43","alloc":"52-55"}}]}'
Received '{"now":9.211617,"events":[{"timestamp":9.211617,"type":"JOB_COMPLETED","data":{"job_id":"06befe!41","job_state":"COMPLETED_SUCCESSFULLY","return_code":0,"kill_reason":"","alloc":"20-35"}}]}'
Sending '{"now":9.211617,"events":[]}'
Received '{"now":9.247301,"events":[{"timestamp":9.247301,"type":"JOB_SUBMITTED","data":{"job_id":"06befe!44","job":{"id":"06befe!44","profile":"SP.S.16","res":16,"subtime":9.247273,"walltime":4200}}}]}'
Sending '{"now":9.247301,"events":[{"timestamp":9.247301,"type":"EXECUTE_JOB","data":{"job_id":"06befe!44","alloc":"20-35"}}]}'
Received '{"now":9.479747,"events":[{"timestamp":9.479747,"type":"JOB_COMPLETED","data":{"job_id":"06befe!42","job_state":"COMPLETED_SUCCESSFULLY","return_code":0,"kill_reason":"","alloc":"48-51"}}]}'
Sending '{"now":9.479747,"events":[]}'
Received '{"now":9.480544,"events":[{"timestamp":9.480544,"type":"JOB_SUBMITTED","data":{"job_id":"06befe!45","job":{"id":"06befe!45","profile":"BT.S.16","res":16,"subtime":9.480514,"walltime":4200}}}]}'
Sending '{"now":9.480544,"events":[]}'
Received '{"now":9.677190,"events":[{"timestamp":9.677190,"type":"JOB_COMPLETED","data":{"job_id":"06befe!43","job_state":"COMPLETED_SUCCESSFULLY","return_code":0,"kill_reason":"","alloc":"52-55"}}]}'
Sending '{"now":9.67719,"events":[{"timestamp":9.67719,"type":"EXECUTE_JOB","data":{"job_id":"06befe!45","alloc":"48-63"}}]}'
Received '{"now":9.707464,"events":[{"timestamp":9.707464,"type":"JOB_SUBMITTED","data":{"job_id":"06befe!46","job":{"id":"06befe!46","profile":"BT.S.4","res":4,"subtime":9.707437,"walltime":4200}}}]}'
Sending '{"now":9.707464,"events":[]}'
Received '{"now":9.712045,"events":[{"timestamp":9.712045,"type":"JOB_COMPLETED","data":{"job_id":"06befe!40","job_state":"COMPLETED_SUCCESSFULLY","return_code":0,"kill_reason":"","alloc":"16-19 36-47"}}]}'
Sending '{"now":9.712045,"events":[{"timestamp":9.712045,"type":"EXECUTE_JOB","data":{"job_id":"06befe!46","alloc":"16-19"}}]}'
Received '{"now":9.846942,"events":[{"timestamp":9.846942,"type":"JOB_SUBMITTED","data":{"job_id":"06befe!47","job":{"id":"06befe!47","profile":"LU.S.16","res":16,"subtime":9.846911,"walltime":4200}}}]}'
Sending '{"now":9.846942,"events":[]}'
Received '{"now":10.086273,"events":[{"timestamp":10.086273,"type":"JOB_COMPLETED","data":{"job_id":"06befe!39","job_state":"COMPLETED_SUCCESSFULLY","return_code":0,"kill_reason":"","alloc":"0-15"}}]}'
Sending '{"now":10.086273,"events":[{"timestamp":10.086273,"type":"EXECUTE_JOB","data":{"job_id":"06befe!47","alloc":"0-15"}}]}'
Received '{"now":10.326360,"events":[{"timestamp":10.326360,"type":"JOB_COMPLETED","data":{"job_id":"06befe!46","job_state":"COMPLETED_SUCCESSFULLY","return_code":0,"kill_reason":"","alloc":"16-19"}}]}'
Sending '{"now":10.32636,"events":[]}'
Received '{"now":10.368830,"events":[{"timestamp":10.368830,"type":"JOB_COMPLETED","data":{"job_id":"06befe!44","job_state":"COMPLETED_SUCCESSFULLY","return_code":0,"kill_reason":"","alloc":"20-35"}}]}'
Sending '{"now":10.36883,"events":[]}'
Received '{"now":10.422433,"events":[{"timestamp":10.422433,"type":"JOB_SUBMITTED","data":{"job_id":"06befe!48","job":{"id":"06befe!48","profile":"IS.S.16","res":16,"subtime":10.422403,"walltime":4200}}}]}'
Sending '{"now":10.422433,"events":[{"timestamp":10.422433,"type":"EXECUTE_JOB","data":{"job_id":"06befe!48","alloc":"16-31"}}]}'
Received '{"now":10.434965,"events":[{"timestamp":10.434965,"type":"JOB_SUBMITTED","data":{"job_id":"06befe!49","job":{"id":"06befe!49","profile":"CG.S.4","res":4,"subtime":10.434943,"walltime":4200}}}]}'
Sending '{"now":10.434965,"events":[{"timestamp":10.434965,"type":"EXECUTE_JOB","data":{"job_id":"06befe!49","alloc":"32-35"}}]}'
Received '{"now":10.537244,"events":[{"timestamp":10.537244,"type":"JOB_COMPLETED","data":{"job_id":"06befe!48","job_state":"COMPLETED_SUCCESSFULLY","return_code":0,"kill_reason":"","alloc":"16-31"}}]}'
Sending '{"now":10.537244,"events":[]}'
Received '{"now":10.943309,"events":[{"timestamp":10.943309,"type":"JOB_SUBMITTED","data":{"job_id":"06befe!50","job":{"id":"06befe!50","profile":"SP.S.4","res":4,"subtime":10.943279,"walltime":4200}}}]}'
Sending '{"now":10.943309,"events":[{"timestamp":10.943309,"type":"EXECUTE_JOB","data":{"job_id":"06befe!50","alloc":"16-19"}}]}'
Received '{"now":10.978739,"events":[{"timestamp":10.978739,"type":"JOB_COMPLETED","data":{"job_id":"06befe!49","job_state":"COMPLETED_SUCCESSFULLY","return_code":0,"kill_reason":"","alloc":"32-35"}}]}'
Sending '{"now":10.978739,"events":[]}'
Received '{"now":11.127124,"events":[{"timestamp":11.127124,"type":"JOB_COMPLETED","data":{"job_id":"06befe!45","job_state":"COMPLETED_SUCCESSFULLY","return_code":0,"kill_reason":"","alloc":"48-63"}}]}'
Sending '{"now":11.127124,"events":[]}'
Received '{"now":11.162635,"events":[{"timestamp":11.162635,"type":"JOB_COMPLETED","data":{"job_id":"06befe!47","job_state":"COMPLETED_SUCCESSFULLY","return_code":0,"kill_reason":"","alloc":"0-15"}}]}'
Sending '{"now":11.162635,"events":[]}'
Received '{"now":11.186640,"events":[{"timestamp":11.186640,"type":"JOB_SUBMITTED","data":{"job_id":"06befe!51","job":{"id":"06befe!51","profile":"CG.S.4","res":4,"subtime":11.186610,"walltime":4200}}}]}'
Sending '{"now":11.18664,"events":[{"timestamp":11.18664,"type":"EXECUTE_JOB","data":{"job_id":"06befe!51","alloc":"0-3"}}]}'
Received '{"now":11.266156,"events":[{"timestamp":11.266156,"type":"JOB_COMPLETED","data":{"job_id":"06befe!50","job_state":"COMPLETED_SUCCESSFULLY","return_code":0,"kill_reason":"","alloc":"16-19"}}]}'
Sending '{"now":11.266156,"events":[]}'
Received '{"now":11.575046,"events":[{"timestamp":11.575046,"type":"JOB_SUBMITTED","data":{"job_id":"06befe!52","job":{"id":"06befe!52","profile":"LU.S.4","res":4,"subtime":11.575015,"walltime":4200}}}]}'
Sending '{"now":11.575046,"events":[{"timestamp":11.575046,"type":"EXECUTE_JOB","data":{"job_id":"06befe!52","alloc":"4-7"}}]}'
Received '{"now":11.662102,"events":[{"timestamp":11.662102,"type":"JOB_SUBMITTED","data":{"job_id":"06befe!53","job":{"id":"06befe!53","profile":"CG.S.16","res":16,"subtime":11.662081,"walltime":4200}}}]}'
Sending '{"now":11.662102,"events":[{"timestamp":11.662102,"type":"EXECUTE_JOB","data":{"job_id":"06befe!53","alloc":"8-23"}}]}'
Received '{"now":11.729058,"events":[{"timestamp":11.729058,"type":"JOB_SUBMITTED","data":{"job_id":"06befe!54","job":{"id":"06befe!54","profile":"SP.S.4","res":4,"subtime":11.729027,"walltime":4200}}}]}'
Sending '{"now":11.729058,"events":[{"timestamp":11.729058,"type":"EXECUTE_JOB","data":{"job_id":"06befe!54","alloc":"24-27"}}]}'
Received '{"now":11.732175,"events":[{"timestamp":11.732175,"type":"JOB_COMPLETED","data":{"job_id":"06befe!51","job_state":"COMPLETED_SUCCESSFULLY","return_code":0,"kill_reason":"","alloc":"0-3"}}]}'
Sending '{"now":11.732175,"events":[]}'
Received '{"now":11.992812,"events":[{"timestamp":11.992812,"type":"JOB_COMPLETED","data":{"job_id":"06befe!54","job_state":"COMPLETED_SUCCESSFULLY","return_code":0,"kill_reason":"","alloc":"24-27"}}]}'
Sending '{"now":11.992812,"events":[]}'
Received '{"now":12.077322,"events":[{"timestamp":12.077322,"type":"JOB_SUBMITTED","data":{"job_id":"06befe!55","job":{"id":"06befe!55","profile":"MG.S.4","res":4,"subtime":12.077292,"walltime":4200}}}]}'
Sending '{"now":12.077322,"events":[{"timestamp":12.077322,"type":"EXECUTE_JOB","data":{"job_id":"06befe!55","alloc":"0-3"}}]}'
Received '{"now":12.243896,"events":[{"timestamp":12.243896,"type":"JOB_COMPLETED","data":{"job_id":"06befe!55","job_state":"COMPLETED_SUCCESSFULLY","return_code":0,"kill_reason":"","alloc":"0-3"}}]}'
Sending '{"now":12.243896,"events":[]}'
Received '{"now":12.329663,"events":[{"timestamp":12.329663,"type":"JOB_COMPLETED","data":{"job_id":"06befe!52","job_state":"COMPLETED_SUCCESSFULLY","return_code":0,"kill_reason":"","alloc":"4-7"}}]}'
Sending '{"now":12.329663,"events":[]}'
Received '{"now":12.599285,"events":[{"timestamp":12.599285,"type":"JOB_SUBMITTED","data":{"job_id":"06befe!56","job":{"id":"06befe!56","profile":"MG.S.4","res":4,"subtime":12.599254,"walltime":4200}}}]}'
Sending '{"now":12.599285,"events":[{"timestamp":12.599285,"type":"EXECUTE_JOB","data":{"job_id":"06befe!56","alloc":"0-3"}}]}'
Received '{"now":12.641578,"events":[{"timestamp":12.641578,"type":"JOB_COMPLETED","data":{"job_id":"06befe!53","job_state":"COMPLETED_SUCCESSFULLY","return_code":0,"kill_reason":"","alloc":"8-23"}}]}'
Sending '{"now":12.641578,"events":[]}'
Received '{"now":12.677723,"events":[{"timestamp":12.677723,"type":"JOB_SUBMITTED","data":{"job_id":"06befe!57","job":{"id":"06befe!57","profile":"BT.S.16","res":16,"subtime":12.677693,"walltime":4200}}}]}'
Sending '{"now":12.677723,"events":[{"timestamp":12.677723,"type":"EXECUTE_JOB","data":{"job_id":"06befe!57","alloc":"4-19"}}]}'
Received '{"now":12.791968,"events":[{"timestamp":12.791968,"type":"JOB_SUBMITTED","data":{"job_id":"06befe!58","job":{"id":"06befe!58","profile":"MG.S.4","res":4,"subtime":12.791938,"walltime":4200}}}]}'
Sending '{"now":12.791968,"events":[{"timestamp":12.791968,"type":"EXECUTE_JOB","data":{"job_id":"06befe!58","alloc":"20-23"}}]}'
Received '{"now":12.796596,"events":[{"timestamp":12.796596,"type":"JOB_COMPLETED","data":{"job_id":"06befe!56","job_state":"COMPLETED_SUCCESSFULLY","return_code":0,"kill_reason":"","alloc":"0-3"}}]}'
Sending '{"now":12.796596,"events":[]}'
Received '{"now":12.900033,"events":[{"timestamp":12.900033,"type":"JOB_SUBMITTED","data":{"job_id":"06befe!59","job":{"id":"06befe!59","profile":"FT.S.16","res":16,"subtime":12.900003,"walltime":4200}}}]}'
Sending '{"now":12.900033,"events":[{"timestamp":12.900033,"type":"EXECUTE_JOB","data":{"job_id":"06befe!59","alloc":"0-3 24-35"}}]}'
Received '{"now":12.907066,"events":[{"timestamp":12.907066,"type":"JOB_SUBMITTED","data":{"job_id":"06befe!60","job":{"id":"06befe!60","profile":"MG.S.4","res":4,"subtime":12.907035,"walltime":4200}}}]}'
Sending '{"now":12.907066,"events":[{"timestamp":12.907066,"type":"EXECUTE_JOB","data":{"job_id":"06befe!60","alloc":"36-39"}}]}'
Received '{"now":12.919088,"events":[{"timestamp":12.919088,"type":"JOB_SUBMITTED","data":{"job_id":"06befe!61","job":{"id":"06befe!61","profile":"FT.S.16","res":16,"subtime":12.919058,"walltime":4200}}}]}'
Sending '{"now":12.919088,"events":[{"timestamp":12.919088,"type":"EXECUTE_JOB","data":{"job_id":"06befe!61","alloc":"40-55"}}]}'
Received '{"now":13.094747,"events":[{"timestamp":13.094747,"type":"JOB_COMPLETED","data":{"job_id":"06befe!58","job_state":"COMPLETED_SUCCESSFULLY","return_code":0,"kill_reason":"","alloc":"20-23"}}]}'
Sending '{"now":13.094747,"events":[]}'
Received '{"now":13.250775,"events":[{"timestamp":13.250775,"type":"JOB_COMPLETED","data":{"job_id":"06befe!60","job_state":"COMPLETED_SUCCESSFULLY","return_code":0,"kill_reason":"","alloc":"36-39"}}]}'
Sending '{"now":13.250775,"events":[]}'
Received '{"now":13.507807,"events":[{"timestamp":13.507807,"type":"JOB_SUBMITTED","data":{"job_id":"06befe!62","job":{"id":"06befe!62","profile":"IS.S.16","res":16,"subtime":13.507777,"walltime":4200}}}]}'
Sending '{"now":13.507807,"events":[{"timestamp":13.507807,"type":"EXECUTE_JOB","data":{"job_id":"06befe!62","alloc":"20-23 36-39 56-63"}}]}'
Received '{"now":13.627194,"events":[{"timestamp":13.627194,"type":"JOB_COMPLETED","data":{"job_id":"06befe!59","job_state":"COMPLETED_SUCCESSFULLY","return_code":0,"kill_reason":"","alloc":"0-3 24-35"}}]}'
Sending '{"now":13.627194,"events":[]}'
Received '{"now":13.667057,"events":[{"timestamp":13.667057,"type":"JOB_COMPLETED","data":{"job_id":"06befe!62","job_state":"COMPLETED_SUCCESSFULLY","return_code":0,"kill_reason":"","alloc":"20-23 36-39 56-63"}}]}'
Sending '{"now":13.667057,"events":[]}'
Received '{"now":13.676141,"events":[{"timestamp":13.676141,"type":"JOB_COMPLETED","data":{"job_id":"06befe!61","job_state":"COMPLETED_SUCCESSFULLY","return_code":0,"kill_reason":"","alloc":"40-55"}}]}'
Sending '{"now":13.676141,"events":[]}'
Received '{"now":13.740297,"events":[{"timestamp":13.740297,"type":"JOB_SUBMITTED","data":{"job_id":"06befe!63","job":{"id":"06befe!63","profile":"CG.S.16","res":16,"subtime":13.740275,"walltime":4200}}}]}'
Sending '{"now":13.740297,"events":[{"timestamp":13.740297,"type":"EXECUTE_JOB","data":{"job_id":"06befe!63","alloc":"0-3 20-31"}}]}'
Received '{"now":13.878155,"events":[{"timestamp":13.878155,"type":"JOB_SUBMITTED","data":{"job_id":"06befe!64","job":{"id":"06befe!64","profile":"MG.S.16","res":16,"subtime":13.878125,"walltime":4200}}}]}'
Sending '{"now":13.878155,"events":[{"timestamp":13.878155,"type":"EXECUTE_JOB","data":{"job_id":"06befe!64","alloc":"32-47"}}]}'
Received '{"now":14.145849,"events":[{"timestamp":14.145849,"type":"JOB_COMPLETED","data":{"job_id":"06befe!57","job_state":"COMPLETED_SUCCESSFULLY","return_code":0,"kill_reason":"","alloc":"4-19"}}]}'
Sending '{"now":14.145849,"events":[]}'
Received '{"now":14.278977,"events":[{"timestamp":14.278977,"type":"JOB_COMPLETED","data":{"job_id":"06befe!64","job_state":"COMPLETED_SUCCESSFULLY","return_code":0,"kill_reason":"","alloc":"32-47"}}]}'
Sending '{"now":14.278977,"events":[]}'
Received '{"now":14.354330,"events":[{"timestamp":14.354330,"type":"JOB_SUBMITTED","data":{"job_id":"06befe!65","job":{"id":"06befe!65","profile":"SP.S.4","res":4,"subtime":14.354300,"walltime":4200}}}]}'
Sending '{"now":14.35433,"events":[{"timestamp":14.35433,"type":"EXECUTE_JOB","data":{"job_id":"06befe!65","alloc":"4-7"}}]}'
Received '{"now":14.611050,"events":[{"timestamp":14.611050,"type":"JOB_COMPLETED","data":{"job_id":"06befe!65","job_state":"COMPLETED_SUCCESSFULLY","return_code":0,"kill_reason":"","alloc":"4-7"}}]}'
Sending '{"now":14.61105,"events":[]}'
Received '{"now":14.696273,"events":[{"timestamp":14.696273,"type":"JOB_COMPLETED","data":{"job_id":"06befe!63","job_state":"COMPLETED_SUCCESSFULLY","return_code":0,"kill_reason":"","alloc":"0-3 20-31"}}]}'
Sending '{"now":14.696273,"events":[]}'
Received '{"now":14.756922,"events":[{"timestamp":14.756922,"type":"JOB_SUBMITTED","data":{"job_id":"06befe!66","job":{"id":"06befe!66","profile":"LU.S.4","res":4,"subtime":14.756892,"walltime":4200}}}]}'
Sending '{"now":14.756922,"events":[{"timestamp":14.756922,"type":"EXECUTE_JOB","data":{"job_id":"06befe!66","alloc":"0-3"}}]}'
Received '{"now":14.773090,"events":[{"timestamp":14.773090,"type":"JOB_SUBMITTED","data":{"job_id":"06befe!67","job":{"id":"06befe!67","profile":"SP.S.16","res":16,"subtime":14.773060,"walltime":4200}}}]}'
Sending '{"now":14.77309,"events":[{"timestamp":14.77309,"type":"EXECUTE_JOB","data":{"job_id":"06befe!67","alloc":"4-19"}}]}'
Received '{"now":14.951729,"events":[{"timestamp":14.951729,"type":"JOB_SUBMITTED","data":{"job_id":"06befe!68","job":{"id":"06befe!68","profile":"SP.S.4","res":4,"subtime":14.951707,"walltime":4200}}}]}'
Sending '{"now":14.951729,"events":[{"timestamp":14.951729,"type":"EXECUTE_JOB","data":{"job_id":"06befe!68","alloc":"20-23"}}]}'
Received '{"now":15.011654,"events":[{"timestamp":15.011654,"type":"JOB_SUBMITTED","data":{"job_id":"06befe!69","job":{"id":"06befe!69","profile":"FT.S.4","res":4,"subtime":15.011624,"walltime":4200}}}]}'
Sending '{"now":15.011654,"events":[{"timestamp":15.011654,"type":"EXECUTE_JOB","data":{"job_id":"06befe!69","alloc":"24-27"}}]}'
Received '{"now":15.297775,"events":[{"timestamp":15.297775,"type":"JOB_SUBMITTED","data":{"job_id":"06befe!70","job":{"id":"06befe!70","profile":"SP.S.4","res":4,"subtime":15.297751,"walltime":4200}}}]}'
Sending '{"now":15.297775,"events":[{"timestamp":15.297775,"type":"EXECUTE_JOB","data":{"job_id":"06befe!70","alloc":"28-31"}}]}'
Received '{"now":15.299833,"events":[{"timestamp":15.299833,"type":"JOB_SUBMITTED","data":{"job_id":"06befe!71","job":{"id":"06befe!71","profile":"IS.S.16","res":16,"subtime":15.299810,"walltime":4200}}}]}'
Sending '{"now":15.299833,"events":[{"timestamp":15.299833,"type":"EXECUTE_JOB","data":{"job_id":"06befe!71","alloc":"32-47"}}]}'
Received '{"now":15.344089,"events":[{"timestamp":15.344089,"type":"JOB_COMPLETED","data":{"job_id":"06befe!68","job_state":"COMPLETED_SUCCESSFULLY","return_code":0,"kill_reason":"","alloc":"20-23"}}]}'
Sending '{"now":15.344089,"events":[]}'
Received '{"now":15.416690,"events":[{"timestamp":15.416690,"type":"JOB_COMPLETED","data":{"job_id":"06befe!71","job_state":"COMPLETED_SUCCESSFULLY","return_code":0,"kill_reason":"","alloc":"32-47"}}]}'
Sending '{"now":15.41669,"events":[]}'
Received '{"now":15.458835,"events":[{"timestamp":15.458835,"type":"JOB_COMPLETED","data":{"job_id":"06befe!69","job_state":"COMPLETED_SUCCESSFULLY","return_code":0,"kill_reason":"","alloc":"24-27"}}]}'
Sending '{"now":15.458835,"events":[]}'
Received '{"now":15.548430,"events":[{"timestamp":15.548430,"type":"JOB_SUBMITTED","data":{"job_id":"06befe!72","job":{"id":"06befe!72","profile":"LU.S.4","res":4,"subtime":15.548407,"walltime":4200}}}]}'
Sending '{"now":15.54843,"events":[{"timestamp":15.54843,"type":"EXECUTE_JOB","data":{"job_id":"06befe!72","alloc":"20-23"}}]}'
Received '{"now":15.583749,"events":[{"timestamp":15.583749,"type":"JOB_COMPLETED","data":{"job_id":"06befe!66","job_state":"COMPLETED_SUCCESSFULLY","return_code":0,"kill_reason":"","alloc":"0-3"}}]}'
Sending '{"now":15.583749,"events":[]}'
Received '{"now":15.727411,"events":[{"timestamp":15.727411,"type":"JOB_COMPLETED","data":{"job_id":"06befe!70","job_state":"COMPLETED_SUCCESSFULLY","return_code":0,"kill_reason":"","alloc":"28-31"}}]}'
Sending '{"now":15.727411,"events":[]}'
Received '{"now":15.759282,"events":[{"timestamp":15.759282,"type":"JOB_SUBMITTED","data":{"job_id":"06befe!73","job":{"id":"06befe!73","profile":"MG.S.16","res":16,"subtime":15.759254,"walltime":4200}}}]}'
Sending '{"now":15.759282,"events":[{"timestamp":15.759282,"type":"EXECUTE_JOB","data":{"job_id":"06befe!73","alloc":"0-3 24-35"}}]}'
Received '{"now":15.821758,"events":[{"timestamp":15.821758,"type":"JOB_COMPLETED","data":{"job_id":"06befe!67","job_state":"COMPLETED_SUCCESSFULLY","return_code":0,"kill_reason":"","alloc":"4-19"}}]}'
Sending '{"now":15.821758,"events":[]}'
Received '{"now":15.885055,"events":[{"timestamp":15.885055,"type":"JOB_SUBMITTED","data":{"job_id":"06befe!74","job":{"id":"06befe!74","profile":"LU.S.4","res":4,"subtime":15.885025,"walltime":4200}}}]}'
Sending '{"now":15.885055,"events":[{"timestamp":15.885055,"type":"EXECUTE_JOB","data":{"job_id":"06befe!74","alloc":"4-7"}}]}'
Received '{"now":15.982999,"events":[{"timestamp":15.982999,"type":"JOB_SUBMITTED","data":{"job_id":"06befe!75","job":{"id":"06befe!75","profile":"IS.S.16","res":16,"subtime":15.982969,"walltime":4200}}}]}'
Sending '{"now":15.982999,"events":[{"timestamp":15.982999,"type":"EXECUTE_JOB","data":{"job_id":"06befe!75","alloc":"8-19 36-39"}}]}'
Received '{"now":16.096719,"events":[{"timestamp":16.096719,"type":"JOB_COMPLETED","data":{"job_id":"06befe!75","job_state":"COMPLETED_SUCCESSFULLY","return_code":0,"kill_reason":"","alloc":"8-19 36-39"}}]}'
Sending '{"now":16.096719,"events":[]}'
Received '{"now":16.156092,"events":[{"timestamp":16.156092,"type":"JOB_COMPLETED","data":{"job_id":"06befe!73","job_state":"COMPLETED_SUCCESSFULLY","return_code":0,"kill_reason":"","alloc":"0-3 24-35"}}]}'
Sending '{"now":16.156092,"events":[]}'
Received '{"now":16.312464,"events":[{"timestamp":16.312464,"type":"JOB_SUBMITTED","data":{"job_id":"06befe!76","job":{"id":"06befe!76","profile":"IS.S.4","res":4,"subtime":16.312434,"walltime":4200}}}]}'
Sending '{"now":16.312464,"events":[{"timestamp":16.312464,"type":"EXECUTE_JOB","data":{"job_id":"06befe!76","alloc":"0-3"}}]}'
Received '{"now":16.316869,"events":[{"timestamp":16.316869,"type":"JOB_SUBMITTED","data":{"job_id":"06befe!77","job":{"id":"06befe!77","profile":"FT.S.4","res":4,"subtime":16.316839,"walltime":4200}}}]}'
Sending '{"now":16.316869,"events":[{"timestamp":16.316869,"type":"EXECUTE_JOB","data":{"job_id":"06befe!77","alloc":"8-11"}}]}'
Received '{"now":16.366496,"events":[{"timestamp":16.366496,"type":"JOB_COMPLETED","data":{"job_id":"06befe!72","job_state":"COMPLETED_SUCCESSFULLY","return_code":0,"kill_reason":"","alloc":"20-23"}}]}'
Sending '{"now":16.366496,"events":[]}'
Received '{"now":16.397006,"events":[{"timestamp":16.397006,"type":"JOB_COMPLETED","data":{"job_id":"06befe!76","job_state":"COMPLETED_SUCCESSFULLY","return_code":0,"kill_reason":"","alloc":"0-3"}}]}'
Sending '{"now":16.397006,"events":[]}'
Received '{"now":16.577827,"events":[{"timestamp":16.577827,"type":"JOB_COMPLETED","data":{"job_id":"06befe!77","job_state":"COMPLETED_SUCCESSFULLY","return_code":0,"kill_reason":"","alloc":"8-11"}}]}'
Sending '{"now":16.577827,"events":[]}'
Received '{"now":16.697234,"events":[{"timestamp":16.697234,"type":"JOB_COMPLETED","data":{"job_id":"06befe!74","job_state":"COMPLETED_SUCCESSFULLY","return_code":0,"kill_reason":"","alloc":"4-7"}}]}'
Sending '{"now":16.697234,"events":[]}'
Received '{"now":16.986167,"events":[{"timestamp":16.986167,"type":"JOB_SUBMITTED","data":{"job_id":"06befe!78","job":{"id":"06befe!78","profile":"IS.S.4","res":4,"subtime":16.986136,"walltime":4200}}}]}'
Sending '{"now":16.986167,"events":[{"timestamp":16.986167,"type":"EXECUTE_JOB","data":{"job_id":"06befe!78","alloc":"0-3"}}]}'
Received '{"now":17.065694,"events":[{"timestamp":17.065694,"type":"JOB_COMPLETED","data":{"job_id":"06befe!78","job_state":"COMPLETED_SUCCESSFULLY","return_code":0,"kill_reason":"","alloc":"0-3"}}]}'
Sending '{"now":17.065694,"events":[]}'
Received '{"now":17.176602,"events":[{"timestamp":17.176602,"type":"JOB_SUBMITTED","data":{"job_id":"06befe!79","job":{"id":"06befe!79","profile":"SP.S.16","res":16,"subtime":17.176572,"walltime":4200}}}]}'
Sending '{"now":17.176602,"events":[{"timestamp":17.176602,"type":"EXECUTE_JOB","data":{"job_id":"06befe!79","alloc":"0-15"}}]}'
Received '{"now":17.246956,"events":[{"timestamp":17.246956,"type":"JOB_SUBMITTED","data":{"job_id":"06befe!80","job":{"id":"06befe!80","profile":"BT.S.16","res":16,"subtime":17.246926,"walltime":4200}}}]}'
Sending '{"now":17.246956,"events":[{"timestamp":17.246956,"type":"EXECUTE_JOB","data":{"job_id":"06befe!80","alloc":"16-31"}}]}'
Received '{"now":18.213866,"events":[{"timestamp":18.213866,"type":"JOB_COMPLETED","data":{"job_id":"06befe!79","job_state":"COMPLETED_SUCCESSFULLY","return_code":0,"kill_reason":"","alloc":"0-15"}}]}'
Sending '{"now":18.213866,"events":[]}'
Received '{"now":18.504509,"events":[{"timestamp":18.504509,"type":"JOB_COMPLETED","data":{"job_id":"06befe!80","job_state":"COMPLETED_SUCCESSFULLY","return_code":0,"kill_reason":"","alloc":"16-31"}},{"timestamp":18.504509,"type":"SIMULATION_ENDS","data":{}}]}'
Sending '{"now":18.504509,"events":[]}'
