variant_options = '{"custom_mapping": true}'
Received '{"now":0.000000,"events":[{"timestamp":0.000000,"type":"SIMULATION_BEGINS","data":{"nb_resources":64,"allow_time_sharing":false,"config":{"redis":{"enabled":false,"hostname":"127.0.0.1","port":6379,"prefix":"default"},"job_submission":{"forward_profiles":false,"from_scheduler":{"enabled":false,"acknowledge":true}}},"resources_data":[{"id":0,"name":"n1","state":"idle","properties":{}},{"id":1,"name":"n2","state":"idle","properties":{}},{"id":2,"name":"n3","state":"idle","properties":{}},{"id":3,"name":"n4","state":"idle","properties":{}},{"id":4,"name":"n5","state":"idle","properties":{}},{"id":5,"name":"n6","state":"idle","properties":{}},{"id":6,"name":"n7","state":"idle","properties":{}},{"id":7,"name":"n8","state":"idle","properties":{}},{"id":8,"name":"n9","state":"idle","properties":{}},{"id":9,"name":"n10","state":"idle","properties":{}},{"id":10,"name":"n11","state":"idle","properties":{}},{"id":11,"name":"n12","state":"idle","properties":{}},{"id":12,"name":"n13","state":"idle","properties":{}},{"id":13,"name":"n14","state":"idle","properties":{}},{"id":14,"name":"n15","state":"idle","properties":{}},{"id":15,"name":"n16","state":"idle","properties":{}},{"id":16,"name":"n17","state":"idle","properties":{}},{"id":17,"name":"n18","state":"idle","properties":{}},{"id":18,"name":"n19","state":"idle","properties":{}},{"id":19,"name":"n20","state":"idle","properties":{}},{"id":20,"name":"n21","state":"idle","properties":{}},{"id":21,"name":"n22","state":"idle","properties":{}},{"id":22,"name":"n23","state":"idle","properties":{}},{"id":23,"name":"n24","state":"idle","properties":{}},{"id":24,"name":"n25","state":"idle","properties":{}},{"id":25,"name":"n26","state":"idle","properties":{}},{"id":26,"name":"n27","state":"idle","properties":{}},{"id":27,"name":"n28","state":"idle","properties":{}},{"id":28,"name":"n29","state":"idle","properties":{}},{"id":29,"name":"n30","state":"idle","properties":{}},{"id":30,"name":"n31","state":"idle","properties":{}},{"id":31,"name":"n32","state":"idle","properties":{}},{"id":32,"name":"n33","state":"idle","properties":{}},{"id":33,"name":"n34","state":"idle","properties":{}},{"id":34,"name":"n35","state":"idle","properties":{}},{"id":35,"name":"n36","state":"idle","properties":{}},{"id":36,"name":"n37","state":"idle","properties":{}},{"id":37,"name":"n38","state":"idle","properties":{}},{"id":38,"name":"n39","state":"idle","properties":{}},{"id":39,"name":"n40","state":"idle","properties":{}},{"id":40,"name":"n41","state":"idle","properties":{}},{"id":41,"name":"n42","state":"idle","properties":{}},{"id":42,"name":"n43","state":"idle","properties":{}},{"id":43,"name":"n44","state":"idle","properties":{}},{"id":44,"name":"n45","state":"idle","properties":{}},{"id":45,"name":"n46","state":"idle","properties":{}},{"id":46,"name":"n47","state":"idle","properties":{}},{"id":47,"name":"n48","state":"idle","properties":{}},{"id":48,"name":"n49","state":"idle","properties":{}},{"id":49,"name":"n50","state":"idle","properties":{}},{"id":50,"name":"n51","state":"idle","properties":{}},{"id":51,"name":"n52","state":"idle","properties":{}},{"id":52,"name":"n53","state":"idle","properties":{}},{"id":53,"name":"n54","state":"idle","properties":{}},{"id":54,"name":"n55","state":"idle","properties":{}},{"id":55,"name":"n56","state":"idle","properties":{}},{"id":56,"name":"n57","state":"idle","properties":{}},{"id":57,"name":"n58","state":"idle","properties":{}},{"id":58,"name":"n59","state":"idle","properties":{}},{"id":59,"name":"n60","state":"idle","properties":{}},{"id":60,"name":"n61","state":"idle","properties":{}},{"id":61,"name":"n62","state":"idle","properties":{}},{"id":62,"name":"n63","state":"idle","properties":{}},{"id":63,"name":"n64","state":"idle","properties":{}}],"workloads":{"db3eff":"/github-simgrid/190311/../batsim-v2.0.0/workload_profiles/npb_100_jobs.json"}}}]}'
Sending '{"now":0.0,"events":[]}'
Received '{"now":0.893006,"events":[{"timestamp":0.893006,"type":"JOB_SUBMITTED","data":{"job_id":"db3eff!1","job":{"id":"db3eff!1","profile":"IS.S.4","res":4,"subtime":0.892976,"walltime":4200}}}]}'
Sending '{"now":0.893006,"events":[{"timestamp":0.893006,"type":"EXECUTE_JOB","data":{"job_id":"db3eff!1","alloc":"0-3"}}]}'
Received '{"now":0.972523,"events":[{"timestamp":0.972523,"type":"JOB_COMPLETED","data":{"job_id":"db3eff!1","job_state":"COMPLETED_SUCCESSFULLY","return_code":0,"kill_reason":"","alloc":"0-3"}}]}'
Sending '{"now":0.972523,"events":[]}'
Received '{"now":1.194127,"events":[{"timestamp":1.194127,"type":"JOB_SUBMITTED","data":{"job_id":"db3eff!2","job":{"id":"db3eff!2","profile":"BT.S.4","res":4,"subtime":1.194096,"walltime":4200}}}]}'
Sending '{"now":1.194127,"events":[{"timestamp":1.194127,"type":"EXECUTE_JOB","data":{"job_id":"db3eff!2","alloc":"0-3"}}]}'
Received '{"now":1.406602,"events":[{"timestamp":1.406602,"type":"JOB_COMPLETED","data":{"job_id":"db3eff!2","job_state":"COMPLETED_SUCCESSFULLY","return_code":0,"kill_reason":"","alloc":"0-3"}}]}'
Sending '{"now":1.406602,"events":[]}'
Received '{"now":1.436087,"events":[{"timestamp":1.436087,"type":"JOB_SUBMITTED","data":{"job_id":"db3eff!3","job":{"id":"db3eff!3","profile":"FT.S.16","res":16,"subtime":1.436057,"walltime":4200}}}]}'
Sending '{"now":1.436087,"events":[{"timestamp":1.436087,"type":"EXECUTE_JOB","data":{"job_id":"db3eff!3","alloc":"0-15"}}]}'
Received '{"now":1.449568,"events":[{"timestamp":1.449568,"type":"JOB_SUBMITTED","data":{"job_id":"db3eff!4","job":{"id":"db3eff!4","profile":"SP.S.16","res":16,"subtime":1.449538,"walltime":4200}}}]}'
Sending '{"now":1.449568,"events":[{"timestamp":1.449568,"type":"EXECUTE_JOB","data":{"job_id":"db3eff!4","alloc":"16-31"}}]}'
Received '{"now":1.522679,"events":[{"timestamp":1.522679,"type":"JOB_SUBMITTED","data":{"job_id":"db3eff!5","job":{"id":"db3eff!5","profile":"SP.S.16","res":16,"subtime":1.522654,"walltime":4200}}}]}'
Sending '{"now":1.522679,"events":[{"timestamp":1.522679,"type":"EXECUTE_JOB","data":{"job_id":"db3eff!5","alloc":"32-47"}}]}'
Received '{"now":1.876707,"events":[{"timestamp":1.876707,"type":"JOB_SUBMITTED","data":{"job_id":"db3eff!6","job":{"id":"db3eff!6","profile":"MG.S.16","res":16,"subtime":1.876677,"walltime":4200}}}]}'
Sending '{"now":1.876707,"events":[{"timestamp":1.876707,"type":"EXECUTE_JOB","data":{"job_id":"db3eff!6","alloc":"48-63"}}]}'
Received '{"now":1.884816,"events":[{"timestamp":1.884816,"type":"JOB_COMPLETED","data":{"job_id":"db3eff!3","job_state":"COMPLETED_SUCCESSFULLY","return_code":0,"kill_reason":"","alloc":"0-15"}}]}'
Sending '{"now":1.884816,"events":[]}'
Received '{"now":1.891488,"events":[{"timestamp":1.891488,"type":"JOB_SUBMITTED","data":{"job_id":"db3eff!7","job":{"id":"db3eff!7","profile":"CG.S.4","res":4,"subtime":1.891457,"walltime":4200}}}]}'
Sending '{"now":1.891488,"events":[{"timestamp":1.891488,"type":"EXECUTE_JOB","data":{"job_id":"db3eff!7","alloc":"0-3"}}]}'
Received '{"now":2.063937,"events":[{"timestamp":2.063937,"type":"JOB_SUBMITTED","data":{"job_id":"db3eff!8","job":{"id":"db3eff!8","profile":"MG.S.4","res":4,"subtime":2.063913,"walltime":4200}}}]}'
Sending '{"now":2.063937,"events":[{"timestamp":2.063937,"type":"EXECUTE_JOB","data":{"job_id":"db3eff!8","alloc":"4-7"}}]}'
Received '{"now":2.088013,"events":[{"timestamp":2.088013,"type":"JOB_SUBMITTED","data":{"job_id":"db3eff!9","job":{"id":"db3eff!9","profile":"IS.S.16","res":16,"subtime":2.087987,"walltime":4200}}}]}'
Sending '{"now":2.088013,"events":[]}'
Received '{"now":2.300042,"events":[{"timestamp":2.300042,"type":"JOB_SUBMITTED","data":{"job_id":"db3eff!10","job":{"id":"db3eff!10","profile":"FT.S.16","res":16,"subtime":2.300012,"walltime":4200}}}]}'
Sending '{"now":2.300042,"events":[]}'
Received '{"now":2.432850,"events":[{"timestamp":2.432850,"type":"JOB_COMPLETED","data":{"job_id":"db3eff!8","job_state":"COMPLETED_SUCCESSFULLY","return_code":0,"kill_reason":"","alloc":"4-7"}}]}'
Sending '{"now":2.43285,"events":[]}'
Received '{"now":2.457213,"events":[{"timestamp":2.457213,"type":"JOB_COMPLETED","data":{"job_id":"db3eff!6","job_state":"COMPLETED_SUCCESSFULLY","return_code":0,"kill_reason":"","alloc":"48-63"}}]}'
Sending '{"now":2.457213,"events":[{"timestamp":2.457213,"type":"EXECUTE_JOB","data":{"job_id":"db3eff!9","alloc":"4-15 48-51"}}]}'
Received '{"now":2.537365,"events":[{"timestamp":2.537365,"type":"JOB_SUBMITTED","data":{"job_id":"db3eff!11","job":{"id":"db3eff!11","profile":"BT.S.16","res":16,"subtime":2.537341,"walltime":4200}}}]}'
Sending '{"now":2.537365,"events":[]}'
Received '{"now":2.574144,"events":[{"timestamp":2.574144,"type":"JOB_COMPLETED","data":{"job_id":"db3eff!9","job_state":"COMPLETED_SUCCESSFULLY","return_code":0,"kill_reason":"","alloc":"4-15 48-51"}}]}'
Sending '{"now":2.574144,"events":[{"timestamp":2.574144,"type":"EXECUTE_JOB","data":{"job_id":"db3eff!10","alloc":"4-15 48-51"}}]}'
Received '{"now":2.621312,"events":[{"timestamp":2.621312,"type":"JOB_COMPLETED","data":{"job_id":"db3eff!7","job_state":"COMPLETED_SUCCESSFULLY","return_code":0,"kill_reason":"","alloc":"0-3"}}]}'
Sending '{"now":2.621312,"events":[{"timestamp":2.621312,"type":"EXECUTE_JOB","data":{"job_id":"db3eff!11","alloc":"0-3 52-63"}}]}'
Received '{"now":2.752227,"events":[{"timestamp":2.752227,"type":"JOB_SUBMITTED","data":{"job_id":"db3eff!12","job":{"id":"db3eff!12","profile":"SP.S.16","res":16,"subtime":2.752196,"walltime":4200}}}]}'
Sending '{"now":2.752227,"events":[]}'
Received '{"now":2.790021,"events":[{"timestamp":2.790021,"type":"JOB_COMPLETED","data":{"job_id":"db3eff!4","job_state":"COMPLETED_SUCCESSFULLY","return_code":0,"kill_reason":"","alloc":"16-31"}}]}'
Sending '{"now":2.790021,"events":[{"timestamp":2.790021,"type":"EXECUTE_JOB","data":{"job_id":"db3eff!12","alloc":"16-31"}}]}'
Received '{"now":2.899319,"events":[{"timestamp":2.899319,"type":"JOB_COMPLETED","data":{"job_id":"db3eff!5","job_state":"COMPLETED_SUCCESSFULLY","return_code":0,"kill_reason":"","alloc":"32-47"}}]}'
Sending '{"now":2.899319,"events":[]}'
Received '{"now":2.931674,"events":[{"timestamp":2.931674,"type":"JOB_SUBMITTED","data":{"job_id":"db3eff!13","job":{"id":"db3eff!13","profile":"CG.S.16","res":16,"subtime":2.931663,"walltime":4200}}}]}'
Sending '{"now":2.931674,"events":[{"timestamp":2.931674,"type":"EXECUTE_JOB","data":{"job_id":"db3eff!13","alloc":"32-47"}}]}'
Received '{"now":3.119127,"events":[{"timestamp":3.119127,"type":"JOB_SUBMITTED","data":{"job_id":"db3eff!14","job":{"id":"db3eff!14","profile":"FT.S.4","res":4,"subtime":3.119096,"walltime":4200}}}]}'
Sending '{"now":3.119127,"events":[]}'
Received '{"now":3.225736,"events":[{"timestamp":3.225736,"type":"JOB_COMPLETED","data":{"job_id":"db3eff!10","job_state":"COMPLETED_SUCCESSFULLY","return_code":0,"kill_reason":"","alloc":"4-15 48-51"}}]}'
Sending '{"now":3.225736,"events":[{"timestamp":3.225736,"type":"EXECUTE_JOB","data":{"job_id":"db3eff!14","alloc":"4-7"}}]}'
Received '{"now":3.332959,"events":[{"timestamp":3.332959,"type":"JOB_SUBMITTED","data":{"job_id":"db3eff!15","job":{"id":"db3eff!15","profile":"CG.S.16","res":16,"subtime":3.332929,"walltime":4200}}}]}'
Sending '{"now":3.332959,"events":[]}'
Received '{"now":3.514340,"events":[{"timestamp":3.514340,"type":"JOB_SUBMITTED","data":{"job_id":"db3eff!16","job":{"id":"db3eff!16","profile":"SP.S.16","res":16,"subtime":3.514318,"walltime":4200}}}]}'
Sending '{"now":3.51434,"events":[]}'
Received '{"now":3.573783,"events":[{"timestamp":3.573783,"type":"JOB_SUBMITTED","data":{"job_id":"db3eff!17","job":{"id":"db3eff!17","profile":"SP.S.4","res":4,"subtime":3.573752,"walltime":4200}}}]}'
Sending '{"now":3.573783,"events":[]}'
Received '{"now":3.670517,"events":[{"timestamp":3.670517,"type":"JOB_SUBMITTED","data":{"job_id":"db3eff!18","job":{"id":"db3eff!18","profile":"SP.S.4","res":4,"subtime":3.670491,"walltime":4200}}}]}'
Sending '{"now":3.670517,"events":[]}'
Received '{"now":3.721748,"events":[{"timestamp":3.721748,"type":"JOB_SUBMITTED","data":{"job_id":"db3eff!19","job":{"id":"db3eff!19","profile":"LU.S.4","res":4,"subtime":3.721718,"walltime":4200}}}]}'
Sending '{"now":3.721748,"events":[]}'
Received '{"now":3.829920,"events":[{"timestamp":3.829920,"type":"JOB_SUBMITTED","data":{"job_id":"db3eff!20","job":{"id":"db3eff!20","profile":"BT.S.16","res":16,"subtime":3.829899,"walltime":4200}}}]}'
Sending '{"now":3.82992,"events":[]}'
Received '{"now":3.830521,"events":[{"timestamp":3.830521,"type":"JOB_SUBMITTED","data":{"job_id":"db3eff!21","job":{"id":"db3eff!21","profile":"BT.S.16","res":16,"subtime":3.830491,"walltime":4200}}}]}'
Sending '{"now":3.830521,"events":[]}'
Received '{"now":3.904744,"events":[{"timestamp":3.904744,"type":"JOB_COMPLETED","data":{"job_id":"db3eff!12","job_state":"COMPLETED_SUCCESSFULLY","return_code":0,"kill_reason":"","alloc":"16-31"}}]}'
Sending '{"now":3.904744,"events":[{"timestamp":3.904744,"type":"EXECUTE_JOB","data":{"job_id":"db3eff!15","alloc":"8-23"}}]}'
Received '{"now":3.925872,"events":[{"timestamp":3.925872,"type":"JOB_COMPLETED","data":{"job_id":"db3eff!13","job_state":"COMPLETED_SUCCESSFULLY","return_code":0,"kill_reason":"","alloc":"32-47"}}]}'
Sending '{"now":3.925872,"events":[{"timestamp":3.925872,"type":"EXECUTE_JOB","data":{"job_id":"db3eff!16","alloc":"24-39"}},{"timestamp":3.925872,"type":"EXECUTE_JOB","data":{"job_id":"db3eff!17","alloc":"40-43"}},{"timestamp":3.925872,"type":"EXECUTE_JOB","data":{"job_id":"db3eff!18","alloc":"44-47"}},{"timestamp":3.925872,"type":"EXECUTE_JOB","data":{"job_id":"db3eff!19","alloc":"48-51"}}]}'
Received '{"now":3.961663,"events":[{"timestamp":3.961663,"type":"JOB_COMPLETED","data":{"job_id":"db3eff!14","job_state":"COMPLETED_SUCCESSFULLY","return_code":0,"kill_reason":"","alloc":"4-7"}}]}'
Sending '{"now":3.961663,"events":[]}'
Received '{"now":4.005625,"events":[{"timestamp":4.005625,"type":"JOB_SUBMITTED","data":{"job_id":"db3eff!22","job":{"id":"db3eff!22","profile":"IS.S.16","res":16,"subtime":4.005601,"walltime":4200}}}]}'
Sending '{"now":4.005625,"events":[]}'
Received '{"now":4.149608,"events":[{"timestamp":4.149608,"type":"JOB_SUBMITTED","data":{"job_id":"db3eff!23","job":{"id":"db3eff!23","profile":"BT.S.4","res":4,"subtime":4.149584,"walltime":4200}}}]}'
Sending '{"now":4.149608,"events":[]}'
Received '{"now":4.254410,"events":[{"timestamp":4.254410,"type":"JOB_SUBMITTED","data":{"job_id":"db3eff!24","job":{"id":"db3eff!24","profile":"MG.S.16","res":16,"subtime":4.254380,"walltime":4200}}}]}'
Sending '{"now":4.25441,"events":[]}'
Received '{"now":4.430549,"events":[{"timestamp":4.430549,"type":"JOB_COMPLETED","data":{"job_id":"db3eff!11","job_state":"COMPLETED_SUCCESSFULLY","return_code":0,"kill_reason":"","alloc":"0-3 52-63"}}]}'
Sending '{"now":4.430549,"events":[{"timestamp":4.430549,"type":"EXECUTE_JOB","data":{"job_id":"db3eff!20","alloc":"0-7 52-59"}},{"timestamp":4.430549,"type":"EXECUTE_JOB","data":{"job_id":"db3eff!23","alloc":"60-63"}}]}'
Received '{"now":4.463371,"events":[{"timestamp":4.463371,"type":"JOB_SUBMITTED","data":{"job_id":"db3eff!25","job":{"id":"db3eff!25","profile":"MG.S.16","res":16,"subtime":4.463341,"walltime":4200}}}]}'
Sending '{"now":4.463371,"events":[]}'
Received '{"now":4.494699,"events":[{"timestamp":4.494699,"type":"JOB_COMPLETED","data":{"job_id":"db3eff!18","job_state":"COMPLETED_SUCCESSFULLY","return_code":0,"kill_reason":"","alloc":"44-47"}}]}'
Sending '{"now":4.494699,"events":[]}'
Received '{"now":4.501624,"events":[{"timestamp":4.501624,"type":"JOB_COMPLETED","data":{"job_id":"db3eff!17","job_state":"COMPLETED_SUCCESSFULLY","return_code":0,"kill_reason":"","alloc":"40-43"}}]}'
Sending '{"now":4.501624,"events":[]}'
Received '{"now":4.554165,"events":[{"timestamp":4.554165,"type":"JOB_SUBMITTED","data":{"job_id":"db3eff!26","job":{"id":"db3eff!26","profile":"MG.S.16","res":16,"subtime":4.554142,"walltime":4200}}}]}'
Sending '{"now":4.554165,"events":[]}'
Received '{"now":4.761168,"events":[{"timestamp":4.761168,"type":"JOB_COMPLETED","data":{"job_id":"db3eff!19","job_state":"COMPLETED_SUCCESSFULLY","return_code":0,"kill_reason":"","alloc":"48-51"}}]}'
Sending '{"now":4.761168,"events":[]}'
Received '{"now":4.868094,"events":[{"timestamp":4.868094,"type":"JOB_SUBMITTED","data":{"job_id":"db3eff!27","job":{"id":"db3eff!27","profile":"FT.S.16","res":16,"subtime":4.868068,"walltime":4200}}}]}'
Sending '{"now":4.868094,"events":[]}'
Received '{"now":4.957391,"events":[{"timestamp":4.957391,"type":"JOB_COMPLETED","data":{"job_id":"db3eff!23","job_state":"COMPLETED_SUCCESSFULLY","return_code":0,"kill_reason":"","alloc":"60-63"}}]}'
Sending '{"now":4.957391,"events":[{"timestamp":4.957391,"type":"EXECUTE_JOB","data":{"job_id":"db3eff!21","alloc":"40-51 60-63"}}]}'
Received '{"now":4.970679,"events":[{"timestamp":4.970679,"type":"JOB_COMPLETED","data":{"job_id":"db3eff!15","job_state":"COMPLETED_SUCCESSFULLY","return_code":0,"kill_reason":"","alloc":"8-23"}}]}'
Sending '{"now":4.970679,"events":[{"timestamp":4.970679,"type":"EXECUTE_JOB","data":{"job_id":"db3eff!22","alloc":"8-23"}}]}'
Received '{"now":5.108428,"events":[{"timestamp":5.108428,"type":"JOB_COMPLETED","data":{"job_id":"db3eff!22","job_state":"COMPLETED_SUCCESSFULLY","return_code":0,"kill_reason":"","alloc":"8-23"}}]}'
Sending '{"now":5.108428,"events":[{"timestamp":5.108428,"type":"EXECUTE_JOB","data":{"job_id":"db3eff!24","alloc":"8-23"}}]}'
Received '{"now":5.120351,"events":[{"timestamp":5.120351,"type":"JOB_COMPLETED","data":{"job_id":"db3eff!16","job_state":"COMPLETED_SUCCESSFULLY","return_code":0,"kill_reason":"","alloc":"24-39"}}]}'
Sending '{"now":5.120351,"events":[{"timestamp":5.120351,"type":"EXECUTE_JOB","data":{"job_id":"db3eff!25","alloc":"24-39"}}]}'
Received '{"now":5.489263,"events":[{"timestamp":5.489263,"type":"JOB_SUBMITTED","data":{"job_id":"db3eff!28","job":{"id":"db3eff!28","profile":"MG.S.16","res":16,"subtime":5.489237,"walltime":4200}}}]}'
Sending '{"now":5.489263,"events":[]}'
Received '{"now":5.522619,"events":[{"timestamp":5.522619,"type":"JOB_SUBMITTED","data":{"job_id":"db3eff!29","job":{"id":"db3eff!29","profile":"MG.S.4","res":4,"subtime":5.522589,"walltime":4200}}}]}'
Sending '{"now":5.522619,"events":[]}'
Received '{"now":5.558214,"events":[{"timestamp":5.558214,"type":"JOB_SUBMITTED","data":{"job_id":"db3eff!30","job":{"id":"db3eff!30","profile":"SP.S.4","res":4,"subtime":5.558184,"walltime":4200}}}]}'
Sending '{"now":5.558214,"events":[]}'
Received '{"now":5.737153,"events":[{"timestamp":5.737153,"type":"JOB_COMPLETED","data":{"job_id":"db3eff!24","job_state":"COMPLETED_SUCCESSFULLY","return_code":0,"kill_reason":"","alloc":"8-23"}}]}'
Sending '{"now":5.737153,"events":[{"timestamp":5.737153,"type":"EXECUTE_JOB","data":{"job_id":"db3eff!26","alloc":"8-23"}}]}'
Received '{"now":5.762568,"events":[{"timestamp":5.762568,"type":"JOB_COMPLETED","data":{"job_id":"db3eff!25","job_state":"COMPLETED_SUCCESSFULLY","return_code":0,"kill_reason":"","alloc":"24-39"}}]}'
Sending '{"now":5.762568,"events":[{"timestamp":5.762568,"type":"EXECUTE_JOB","data":{"job_id":"db3eff!27","alloc":"24-39"}}]}'
Received '{"now":5.959659,"events":[{"timestamp":5.959659,"type":"JOB_SUBMITTED","data":{"job_id":"db3eff!31","job":{"id":"db3eff!31","profile":"SP.S.16","res":16,"subtime":5.959628,"walltime":4200}}}]}'
Sending '{"now":5.959659,"events":[]}'
Received '{"now":5.964684,"events":[{"timestamp":5.964684,"type":"JOB_SUBMITTED","data":{"job_id":"db3eff!32","job":{"id":"db3eff!32","profile":"FT.S.4","res":4,"subtime":5.964654,"walltime":4200}}}]}'
Sending '{"now":5.964684,"events":[]}'
Received '{"now":5.972471,"events":[{"timestamp":5.972471,"type":"JOB_SUBMITTED","data":{"job_id":"db3eff!33","job":{"id":"db3eff!33","profile":"MG.S.4","res":4,"subtime":5.972441,"walltime":4200}}}]}'
Sending '{"now":5.972471,"events":[]}'
Received '{"now":6.277307,"events":[{"timestamp":6.277307,"type":"JOB_SUBMITTED","data":{"job_id":"db3eff!34","job":{"id":"db3eff!34","profile":"SP.S.4","res":4,"subtime":6.277276,"walltime":4200}}}]}'
Sending '{"now":6.277307,"events":[]}'
Received '{"now":6.330977,"events":[{"timestamp":6.330977,"type":"JOB_COMPLETED","data":{"job_id":"db3eff!26","job_state":"COMPLETED_SUCCESSFULLY","return_code":0,"kill_reason":"","alloc":"8-23"}}]}'
Sending '{"now":6.330977,"events":[{"timestamp":6.330977,"type":"EXECUTE_JOB","data":{"job_id":"db3eff!28","alloc":"8-23"}}]}'
Received '{"now":6.381123,"events":[{"timestamp":6.381123,"type":"JOB_SUBMITTED","data":{"job_id":"db3eff!35","job":{"id":"db3eff!35","profile":"CG.S.4","res":4,"subtime":6.381092,"walltime":4200}}}]}'
Sending '{"now":6.381123,"events":[]}'
Received '{"now":6.391016,"events":[{"timestamp":6.391016,"type":"JOB_SUBMITTED","data":{"job_id":"db3eff!36","job":{"id":"db3eff!36","profile":"SP.S.4","res":4,"subtime":6.390986,"walltime":4200}}}]}'
Sending '{"now":6.391016,"events":[]}'
Received '{"now":6.585165,"events":[{"timestamp":6.585165,"type":"JOB_COMPLETED","data":{"job_id":"db3eff!27","job_state":"COMPLETED_SUCCESSFULLY","return_code":0,"kill_reason":"","alloc":"24-39"}}]}'
Sending '{"now":6.585165,"events":[{"timestamp":6.585165,"type":"EXECUTE_JOB","data":{"job_id":"db3eff!29","alloc":"24-27"}},{"timestamp":6.585165,"type":"EXECUTE_JOB","data":{"job_id":"db3eff!30","alloc":"28-31"}}]}'
Received '{"now":6.637567,"events":[{"timestamp":6.637567,"type":"JOB_COMPLETED","data":{"job_id":"db3eff!20","job_state":"COMPLETED_SUCCESSFULLY","return_code":0,"kill_reason":"","alloc":"0-7 52-59"}}]}'
Sending '{"now":6.637567,"events":[{"timestamp":6.637567,"type":"EXECUTE_JOB","data":{"job_id":"db3eff!31","alloc":"0-7 32-39"}},{"timestamp":6.637567,"type":"EXECUTE_JOB","data":{"job_id":"db3eff!32","alloc":"52-55"}},{"timestamp":6.637567,"type":"EXECUTE_JOB","data":{"job_id":"db3eff!33","alloc":"56-59"}}]}'
Received '{"now":6.824255,"events":[{"timestamp":6.824255,"type":"JOB_SUBMITTED","data":{"job_id":"db3eff!37","job":{"id":"db3eff!37","profile":"MG.S.16","res":16,"subtime":6.824225,"walltime":4200}}}]}'
Sending '{"now":6.824255,"events":[]}'
Received '{"now":6.942565,"events":[{"timestamp":6.942565,"type":"JOB_SUBMITTED","data":{"job_id":"db3eff!38","job":{"id":"db3eff!38","profile":"CG.S.16","res":16,"subtime":6.942540,"walltime":4200}}}]}'
Sending '{"now":6.942565,"events":[]}'
Received '{"now":6.944722,"events":[{"timestamp":6.944722,"type":"JOB_COMPLETED","data":{"job_id":"db3eff!28","job_state":"COMPLETED_SUCCESSFULLY","return_code":0,"kill_reason":"","alloc":"8-23"}}]}'
Sending '{"now":6.944722,"events":[{"timestamp":6.944722,"type":"EXECUTE_JOB","data":{"job_id":"db3eff!34","alloc":"8-11"}},{"timestamp":6.944722,"type":"EXECUTE_JOB","data":{"job_id":"db3eff!35","alloc":"12-15"}},{"timestamp":6.944722,"type":"EXECUTE_JOB","data":{"job_id":"db3eff!36","alloc":"16-19"}}]}'
Received '{"now":7.010566,"events":[{"timestamp":7.010566,"type":"JOB_COMPLETED","data":{"job_id":"db3eff!29","job_state":"COMPLETED_SUCCESSFULLY","return_code":0,"kill_reason":"","alloc":"24-27"}}]}'
Sending '{"now":7.010566,"events":[]}'
Received '{"now":7.075562,"events":[{"timestamp":7.075562,"type":"JOB_COMPLETED","data":{"job_id":"db3eff!33","job_state":"COMPLETED_SUCCESSFULLY","return_code":0,"kill_reason":"","alloc":"56-59"}}]}'
Sending '{"now":7.075562,"events":[]}'
Received '{"now":7.232852,"events":[{"timestamp":7.232852,"type":"JOB_COMPLETED","data":{"job_id":"db3eff!30","job_state":"COMPLETED_SUCCESSFULLY","return_code":0,"kill_reason":"","alloc":"28-31"}}]}'
Sending '{"now":7.232852,"events":[{"timestamp":7.232852,"type":"EXECUTE_JOB","data":{"job_id":"db3eff!37","alloc":"20-31 56-59"}}]}'
Received '{"now":7.420266,"events":[{"timestamp":7.420266,"type":"JOB_SUBMITTED","data":{"job_id":"db3eff!39","job":{"id":"db3eff!39","profile":"CG.S.16","res":16,"subtime":7.420236,"walltime":4200}}}]}'
Sending '{"now":7.420266,"events":[]}'
Received '{"now":7.526803,"events":[{"timestamp":7.526803,"type":"JOB_COMPLETED","data":{"job_id":"db3eff!21","job_state":"COMPLETED_SUCCESSFULLY","return_code":0,"kill_reason":"","alloc":"40-51 60-63"}}]}'
Sending '{"now":7.526803,"events":[{"timestamp":7.526803,"type":"EXECUTE_JOB","data":{"job_id":"db3eff!38","alloc":"40-51 60-63"}}]}'
Received '{"now":7.537766,"events":[{"timestamp":7.537766,"type":"JOB_SUBMITTED","data":{"job_id":"db3eff!40","job":{"id":"db3eff!40","profile":"IS.S.4","res":4,"subtime":7.537736,"walltime":4200}}}]}'
Sending '{"now":7.537766,"events":[]}'
Received '{"now":7.565996,"events":[{"timestamp":7.565996,"type":"JOB_COMPLETED","data":{"job_id":"db3eff!34","job_state":"COMPLETED_SUCCESSFULLY","return_code":0,"kill_reason":"","alloc":"8-11"}}]}'
Sending '{"now":7.565996,"events":[]}'
Received '{"now":7.566235,"events":[{"timestamp":7.566205,"type":"JOB_COMPLETED","data":{"job_id":"db3eff!36","job_state":"COMPLETED_SUCCESSFULLY","return_code":0,"kill_reason":"","alloc":"16-19"}}]}'
Sending '{"now":7.566235,"events":[]}'
Received '{"now":7.571659,"events":[{"timestamp":7.571659,"type":"JOB_COMPLETED","data":{"job_id":"db3eff!35","job_state":"COMPLETED_SUCCESSFULLY","return_code":0,"kill_reason":"","alloc":"12-15"}}]}'
Sending '{"now":7.571659,"events":[{"timestamp":7.571659,"type":"EXECUTE_JOB","data":{"job_id":"db3eff!40","alloc":"16-19"}}]}'
Received '{"now":7.764634,"events":[{"timestamp":7.764634,"type":"JOB_COMPLETED","data":{"job_id":"db3eff!37","job_state":"COMPLETED_SUCCESSFULLY","return_code":0,"kill_reason":"","alloc":"20-31 56-59"}}]}'
Sending '{"now":7.764634,"events":[{"timestamp":7.764634,"type":"EXECUTE_JOB","data":{"job_id":"db3eff!39","alloc":"8-15 20-27"}}]}'
Received '{"now":7.774083,"events":[{"timestamp":7.774083,"type":"JOB_COMPLETED","data":{"job_id":"db3eff!40","job_state":"COMPLETED_SUCCESSFULLY","return_code":0,"kill_reason":"","alloc":"16-19"}}]}'
Sending '{"now":7.774083,"events":[]}'
Received '{"now":7.784240,"events":[{"timestamp":7.784240,"type":"JOB_SUBMITTED","data":{"job_id":"db3eff!41","job":{"id":"db3eff!41","profile":"SP.S.16","res":16,"subtime":7.784219,"walltime":4200}}}]}'
Sending '{"now":7.78424,"events":[]}'
Received '{"now":7.810883,"events":[{"timestamp":7.810883,"type":"JOB_COMPLETED","data":{"job_id":"db3eff!32","job_state":"COMPLETED_SUCCESSFULLY","return_code":0,"kill_reason":"","alloc":"52-55"}}]}'
Sending '{"now":7.810883,"events":[{"timestamp":7.810883,"type":"EXECUTE_JOB","data":{"job_id":"db3eff!41","alloc":"16-19 28-31 52-59"}}]}'
Received '{"now":7.866928,"events":[{"timestamp":7.866928,"type":"JOB_COMPLETED","data":{"job_id":"db3eff!31","job_state":"COMPLETED_SUCCESSFULLY","return_code":0,"kill_reason":"","alloc":"0-7 32-39"}}]}'
Sending '{"now":7.866928,"events":[]}'
Received '{"now":8.322100,"events":[{"timestamp":8.322100,"type":"JOB_SUBMITTED","data":{"job_id":"db3eff!42","job":{"id":"db3eff!42","profile":"IS.S.16","res":16,"subtime":8.322078,"walltime":4200}}}]}'
Sending '{"now":8.3221,"events":[{"timestamp":8.3221,"type":"EXECUTE_JOB","data":{"job_id":"db3eff!42","alloc":"0-7 32-39"}}]}'
Received '{"now":8.426660,"events":[{"timestamp":8.426660,"type":"JOB_COMPLETED","data":{"job_id":"db3eff!42","job_state":"COMPLETED_SUCCESSFULLY","return_code":0,"kill_reason":"","alloc":"0-7 32-39"}}]}'
Sending '{"now":8.42666,"events":[]}'
Received '{"now":8.448100,"events":[{"timestamp":8.448100,"type":"JOB_SUBMITTED","data":{"job_id":"db3eff!43","job":{"id":"db3eff!43","profile":"SP.S.16","res":16,"subtime":8.448077,"walltime":4200}}}]}'
Sending '{"now":8.4481,"events":[{"timestamp":8.4481,"type":"EXECUTE_JOB","data":{"job_id":"db3eff!43","alloc":"0-7 32-39"}}]}'
Received '{"now":8.540914,"events":[{"timestamp":8.540914,"type":"JOB_COMPLETED","data":{"job_id":"db3eff!38","job_state":"COMPLETED_SUCCESSFULLY","return_code":0,"kill_reason":"","alloc":"40-51 60-63"}}]}'
Sending '{"now":8.540914,"events":[]}'
Received '{"now":8.568102,"events":[{"timestamp":8.568102,"type":"JOB_SUBMITTED","data":{"job_id":"db3eff!44","job":{"id":"db3eff!44","profile":"FT.S.4","res":4,"subtime":8.568072,"walltime":4200}}}]}'
Sending '{"now":8.568102,"events":[{"timestamp":8.568102,"type":"EXECUTE_JOB","data":{"job_id":"db3eff!44","alloc":"40-43"}}]}'
Received '{"now":8.657883,"events":[{"timestamp":8.657883,"type":"JOB_SUBMITTED","data":{"job_id":"db3eff!45","job":{"id":"db3eff!45","profile":"IS.S.16","res":16,"subtime":8.657861,"walltime":4200}}}]}'
Sending '{"now":8.657883,"events":[]}'
Received '{"now":8.877782,"events":[{"timestamp":8.877782,"type":"JOB_COMPLETED","data":{"job_id":"db3eff!39","job_state":"COMPLETED_SUCCESSFULLY","return_code":0,"kill_reason":"","alloc":"8-15 20-27"}}]}'
Sending '{"now":8.877782,"events":[{"timestamp":8.877782,"type":"EXECUTE_JOB","data":{"job_id":"db3eff!45","alloc":"8-15 20-27"}}]}'
Received '{"now":8.897378,"events":[{"timestamp":8.897378,"type":"JOB_COMPLETED","data":{"job_id":"db3eff!44","job_state":"COMPLETED_SUCCESSFULLY","return_code":0,"kill_reason":"","alloc":"40-43"}}]}'
Sending '{"now":8.897378,"events":[]}'
Received '{"now":8.989858,"events":[{"timestamp":8.989858,"type":"JOB_COMPLETED","data":{"job_id":"db3eff!45","job_state":"COMPLETED_SUCCESSFULLY","return_code":0,"kill_reason":"","alloc":"8-15 20-27"}}]}'
Sending '{"now":8.989858,"events":[]}'
Received '{"now":9.000457,"events":[{"timestamp":9.000457,"type":"JOB_COMPLETED","data":{"job_id":"db3eff!41","job_state":"COMPLETED_SUCCESSFULLY","return_code":0,"kill_reason":"","alloc":"16-19 28-31 52-59"}}]}'
Sending '{"now":9.000457,"events":[]}'
Received '{"now":9.476470,"events":[{"timestamp":9.476470,"type":"JOB_SUBMITTED","data":{"job_id":"db3eff!46","job":{"id":"db3eff!46","profile":"FT.S.16","res":16,"subtime":9.476439,"walltime":4200}}}]}'
Sending '{"now":9.47647,"events":[{"timestamp":9.47647,"type":"EXECUTE_JOB","data":{"job_id":"db3eff!46","alloc":"8-23"}}]}'
Received '{"now":9.530405,"events":[{"timestamp":9.530405,"type":"JOB_SUBMITTED","data":{"job_id":"db3eff!47","job":{"id":"db3eff!47","profile":"BT.S.4","res":4,"subtime":9.530374,"walltime":4200}}}]}'
Sending '{"now":9.530405,"events":[{"timestamp":9.530405,"type":"EXECUTE_JOB","data":{"job_id":"db3eff!47","alloc":"24-27"}}]}'
Received '{"now":9.547562,"events":[{"timestamp":9.547562,"type":"JOB_SUBMITTED","data":{"job_id":"db3eff!48","job":{"id":"db3eff!48","profile":"IS.S.16","res":16,"subtime":9.547532,"walltime":4200}}}]}'
Sending '{"now":9.547562,"events":[{"timestamp":9.547562,"type":"EXECUTE_JOB","data":{"job_id":"db3eff!48","alloc":"28-31 40-51"}}]}'
Received '{"now":9.550684,"events":[{"timestamp":9.550684,"type":"JOB_COMPLETED","data":{"job_id":"db3eff!43","job_state":"COMPLETED_SUCCESSFULLY","return_code":0,"kill_reason":"","alloc":"0-7 32-39"}}]}'
Sending '{"now":9.550684,"events":[]}'
Received '{"now":9.595425,"events":[{"timestamp":9.595425,"type":"JOB_SUBMITTED","data":{"job_id":"db3eff!49","job":{"id":"db3eff!49","profile":"IS.S.4","res":4,"subtime":9.595394,"walltime":4200}}}]}'
Sending '{"now":9.595425,"events":[{"timestamp":9.595425,"type":"EXECUTE_JOB","data":{"job_id":"db3eff!49","alloc":"0-3"}}]}'
Received '{"now":9.684074,"events":[{"timestamp":9.684074,"type":"JOB_COMPLETED","data":{"job_id":"db3eff!48","job_state":"COMPLETED_SUCCESSFULLY","return_code":0,"kill_reason":"","alloc":"28-31 40-51"}}]}'
Sending '{"now":9.684074,"events":[]}'
Received '{"now":9.705677,"events":[{"timestamp":9.705677,"type":"JOB_SUBMITTED","data":{"job_id":"db3eff!50","job":{"id":"db3eff!50","profile":"SP.S.16","res":16,"subtime":9.705647,"walltime":4200}}}]}'
Sending '{"now":9.705677,"events":[{"timestamp":9.705677,"type":"EXECUTE_JOB","data":{"job_id":"db3eff!50","alloc":"4-7 28-39"}}]}'
Received '{"now":9.813943,"events":[{"timestamp":9.813943,"type":"JOB_COMPLETED","data":{"job_id":"db3eff!49","job_state":"COMPLETED_SUCCESSFULLY","return_code":0,"kill_reason":"","alloc":"0-3"}}]}'
Sending '{"now":9.813943,"events":[]}'
Received '{"now":9.954648,"events":[{"timestamp":9.954648,"type":"JOB_COMPLETED","data":{"job_id":"db3eff!46","job_state":"COMPLETED_SUCCESSFULLY","return_code":0,"kill_reason":"","alloc":"8-23"}}]}'
Sending '{"now":9.954648,"events":[]}'
Received '{"now":10.048533,"events":[{"timestamp":10.048533,"type":"JOB_COMPLETED","data":{"job_id":"db3eff!47","job_state":"COMPLETED_SUCCESSFULLY","return_code":0,"kill_reason":"","alloc":"24-27"}}]}'
Sending '{"now":10.048533,"events":[]}'
Received '{"now":10.494028,"events":[{"timestamp":10.494028,"type":"JOB_SUBMITTED","data":{"job_id":"db3eff!51","job":{"id":"db3eff!51","profile":"IS.S.16","res":16,"subtime":10.494007,"walltime":4200}}}]}'
Sending '{"now":10.494028,"events":[{"timestamp":10.494028,"type":"EXECUTE_JOB","data":{"job_id":"db3eff!51","alloc":"0-3 8-19"}}]}'
Received '{"now":10.601814,"events":[{"timestamp":10.601814,"type":"JOB_COMPLETED","data":{"job_id":"db3eff!51","job_state":"COMPLETED_SUCCESSFULLY","return_code":0,"kill_reason":"","alloc":"0-3 8-19"}}]}'
Sending '{"now":10.601814,"events":[]}'
Received '{"now":10.718921,"events":[{"timestamp":10.718921,"type":"JOB_COMPLETED","data":{"job_id":"db3eff!50","job_state":"COMPLETED_SUCCESSFULLY","return_code":0,"kill_reason":"","alloc":"4-7 28-39"}}]}'
Sending '{"now":10.718921,"events":[]}'
Received '{"now":10.859261,"events":[{"timestamp":10.859261,"type":"JOB_SUBMITTED","data":{"job_id":"db3eff!52","job":{"id":"db3eff!52","profile":"BT.S.16","res":16,"subtime":10.859230,"walltime":4200}}}]}'
Sending '{"now":10.859261,"events":[{"timestamp":10.859261,"type":"EXECUTE_JOB","data":{"job_id":"db3eff!52","alloc":"0-15"}}]}'
Received '{"now":11.101839,"events":[{"timestamp":11.101839,"type":"JOB_SUBMITTED","data":{"job_id":"db3eff!53","job":{"id":"db3eff!53","profile":"MG.S.16","res":16,"subtime":11.101809,"walltime":4200}}}]}'
Sending '{"now":11.101839,"events":[{"timestamp":11.101839,"type":"EXECUTE_JOB","data":{"job_id":"db3eff!53","alloc":"16-31"}}]}'
Received '{"now":11.140075,"events":[{"timestamp":11.140075,"type":"JOB_SUBMITTED","data":{"job_id":"db3eff!54","job":{"id":"db3eff!54","profile":"BT.S.4","res":4,"subtime":11.140045,"walltime":4200}}}]}'
Sending '{"now":11.140075,"events":[{"timestamp":11.140075,"type":"EXECUTE_JOB","data":{"job_id":"db3eff!54","alloc":"32-35"}}]}'
Received '{"now":11.466493,"events":[{"timestamp":11.466493,"type":"JOB_SUBMITTED","data":{"job_id":"db3eff!55","job":{"id":"db3eff!55","profile":"IS.S.4","res":4,"subtime":11.466463,"walltime":4200}}}]}'
Sending '{"now":11.466493,"events":[{"timestamp":11.466493,"type":"EXECUTE_JOB","data":{"job_id":"db3eff!55","alloc":"36-39"}}]}'
Received '{"now":11.574137,"events":[{"timestamp":11.574137,"type":"JOB_COMPLETED","data":{"job_id":"db3eff!53","job_state":"COMPLETED_SUCCESSFULLY","return_code":0,"kill_reason":"","alloc":"16-31"}}]}'
Sending '{"now":11.574137,"events":[]}'
Received '{"now":11.651728,"events":[{"timestamp":11.651728,"type":"JOB_COMPLETED","data":{"job_id":"db3eff!54","job_state":"COMPLETED_SUCCESSFULLY","return_code":0,"kill_reason":"","alloc":"32-35"}}]}'
Sending '{"now":11.651728,"events":[]}'
Received '{"now":11.658282,"events":[{"timestamp":11.658282,"type":"JOB_COMPLETED","data":{"job_id":"db3eff!55","job_state":"COMPLETED_SUCCESSFULLY","return_code":0,"kill_reason":"","alloc":"36-39"}}]}'
Sending '{"now":11.658282,"events":[]}'
Received '{"now":11.776367,"events":[{"timestamp":11.776367,"type":"JOB_SUBMITTED","data":{"job_id":"db3eff!56","job":{"id":"db3eff!56","profile":"CG.S.16","res":16,"subtime":11.776344,"walltime":4200}}}]}'
Sending '{"now":11.776367,"events":[{"timestamp":11.776367,"type":"EXECUTE_JOB","data":{"job_id":"db3eff!56","alloc":"16-31"}}]}'
Received '{"now":11.881106,"events":[{"timestamp":11.881106,"type":"JOB_SUBMITTED","data":{"job_id":"db3eff!57","job":{"id":"db3eff!57","profile":"BT.S.4","res":4,"subtime":11.881077,"walltime":4200}}}]}'
Sending '{"now":11.881106,"events":[{"timestamp":11.881106,"type":"EXECUTE_JOB","data":{"job_id":"db3eff!57","alloc":"32-35"}}]}'
Received '{"now":11.917725,"events":[{"timestamp":11.917725,"type":"JOB_SUBMITTED","data":{"job_id":"db3eff!58","job":{"id":"db3eff!58","profile":"IS.S.16","res":16,"subtime":11.917695,"walltime":4200}}}]}'
Sending '{"now":11.917725,"events":[{"timestamp":11.917725,"type":"EXECUTE_JOB","data":{"job_id":"db3eff!58","alloc":"36-51"}}]}'
Received '{"now":12.038283,"events":[{"timestamp":12.038283,"type":"JOB_COMPLETED","data":{"job_id":"db3eff!58","job_state":"COMPLETED_SUCCESSFULLY","return_code":0,"kill_reason":"","alloc":"36-51"}}]}'
Sending '{"now":12.038283,"events":[]}'
Received '{"now":12.073185,"events":[{"timestamp":12.073185,"type":"JOB_SUBMITTED","data":{"job_id":"db3eff!59","job":{"id":"db3eff!59","profile":"BT.S.16","res":16,"subtime":12.073157,"walltime":4200}}}]}'
Sending '{"now":12.073185,"events":[{"timestamp":12.073185,"type":"EXECUTE_JOB","data":{"job_id":"db3eff!59","alloc":"36-51"}}]}'
Received '{"now":12.134966,"events":[{"timestamp":12.134966,"type":"JOB_COMPLETED","data":{"job_id":"db3eff!52","job_state":"COMPLETED_SUCCESSFULLY","return_code":0,"kill_reason":"","alloc":"0-15"}}]}'
Sending '{"now":12.134966,"events":[]}'
Received '{"now":12.136851,"events":[{"timestamp":12.136851,"type":"JOB_SUBMITTED","data":{"job_id":"db3eff!60","job":{"id":"db3eff!60","profile":"CG.S.16","res":16,"subtime":12.136821,"walltime":4200}}}]}'
Sending '{"now":12.136851,"events":[{"timestamp":12.136851,"type":"EXECUTE_JOB","data":{"job_id":"db3eff!60","alloc":"0-15"}}]}'
Received '{"now":12.254848,"events":[{"timestamp":12.254848,"type":"JOB_SUBMITTED","data":{"job_id":"db3eff!61","job":{"id":"db3eff!61","profile":"SP.S.16","res":16,"subtime":12.254820,"walltime":4200}}}]}'
Sending '{"now":12.254848,"events":[]}'
Received '{"now":12.332543,"events":[{"timestamp":12.332543,"type":"JOB_COMPLETED","data":{"job_id":"db3eff!57","job_state":"COMPLETED_SUCCESSFULLY","return_code":0,"kill_reason":"","alloc":"32-35"}}]}'
Sending '{"now":12.332543,"events":[{"timestamp":12.332543,"type":"EXECUTE_JOB","data":{"job_id":"db3eff!61","alloc":"32-35 52-63"}}]}'
Received '{"now":12.353411,"events":[{"timestamp":12.353411,"type":"JOB_SUBMITTED","data":{"job_id":"db3eff!62","job":{"id":"db3eff!62","profile":"LU.S.4","res":4,"subtime":12.353386,"walltime":4200}}}]}'
Sending '{"now":12.353411,"events":[]}'
Received '{"now":12.678619,"events":[{"timestamp":12.678619,"type":"JOB_SUBMITTED","data":{"job_id":"db3eff!63","job":{"id":"db3eff!63","profile":"CG.S.4","res":4,"subtime":12.678603,"walltime":4200}}}]}'
Sending '{"now":12.678619,"events":[]}'
Received '{"now":12.726987,"events":[{"timestamp":12.726987,"type":"JOB_SUBMITTED","data":{"job_id":"db3eff!64","job":{"id":"db3eff!64","profile":"BT.S.16","res":16,"subtime":12.726957,"walltime":4200}}}]}'
Sending '{"now":12.726987,"events":[]}'
Received '{"now":12.837951,"events":[{"timestamp":12.837951,"type":"JOB_COMPLETED","data":{"job_id":"db3eff!56","job_state":"COMPLETED_SUCCESSFULLY","return_code":0,"kill_reason":"","alloc":"16-31"}}]}'
Sending '{"now":12.837951,"events":[{"timestamp":12.837951,"type":"EXECUTE_JOB","data":{"job_id":"db3eff!62","alloc":"16-19"}},{"timestamp":12.837951,"type":"EXECUTE_JOB","data":{"job_id":"db3eff!63","alloc":"20-23"}}]}'
Received '{"now":12.844185,"events":[{"timestamp":12.844185,"type":"JOB_SUBMITTED","data":{"job_id":"db3eff!65","job":{"id":"db3eff!65","profile":"LU.S.4","res":4,"subtime":12.844155,"walltime":4200}}}]}'
Sending '{"now":12.844185,"events":[]}'
Received '{"now":12.972001,"events":[{"timestamp":12.972001,"type":"JOB_SUBMITTED","data":{"job_id":"db3eff!66","job":{"id":"db3eff!66","profile":"CG.S.4","res":4,"subtime":12.971973,"walltime":4200}}}]}'
Sending '{"now":12.972001,"events":[]}'
Received '{"now":13.149090,"events":[{"timestamp":13.149090,"type":"JOB_SUBMITTED","data":{"job_id":"db3eff!67","job":{"id":"db3eff!67","profile":"LU.S.16","res":16,"subtime":13.149060,"walltime":4200}}}]}'
Sending '{"now":13.14909,"events":[]}'
Received '{"now":13.158436,"events":[{"timestamp":13.158436,"type":"JOB_COMPLETED","data":{"job_id":"db3eff!60","job_state":"COMPLETED_SUCCESSFULLY","return_code":0,"kill_reason":"","alloc":"0-15"}}]}'
Sending '{"now":13.158436,"events":[{"timestamp":13.158436,"type":"EXECUTE_JOB","data":{"job_id":"db3eff!64","alloc":"0-15"}},{"timestamp":13.158436,"type":"EXECUTE_JOB","data":{"job_id":"db3eff!65","alloc":"24-27"}},{"timestamp":13.158436,"type":"EXECUTE_JOB","data":{"job_id":"db3eff!66","alloc":"28-31"}}]}'
Received '{"now":13.417447,"events":[{"timestamp":13.417447,"type":"JOB_COMPLETED","data":{"job_id":"db3eff!63","job_state":"COMPLETED_SUCCESSFULLY","return_code":0,"kill_reason":"","alloc":"20-23"}}]}'
Sending '{"now":13.417447,"events":[]}'
Received '{"now":13.455156,"events":[{"timestamp":13.455156,"type":"JOB_COMPLETED","data":{"job_id":"db3eff!61","job_state":"COMPLETED_SUCCESSFULLY","return_code":0,"kill_reason":"","alloc":"32-35 52-63"}}]}'
Sending '{"now":13.455156,"events":[{"timestamp":13.455156,"type":"EXECUTE_JOB","data":{"job_id":"db3eff!67","alloc":"20-23 32-35 52-59"}}]}'
Received '{"now":13.584078,"events":[{"timestamp":13.584078,"type":"JOB_COMPLETED","data":{"job_id":"db3eff!62","job_state":"COMPLETED_SUCCESSFULLY","return_code":0,"kill_reason":"","alloc":"16-19"}}]}'
Sending '{"now":13.584078,"events":[]}'
Received '{"now":13.632429,"events":[{"timestamp":13.632429,"type":"JOB_COMPLETED","data":{"job_id":"db3eff!59","job_state":"COMPLETED_SUCCESSFULLY","return_code":0,"kill_reason":"","alloc":"36-51"}}]}'
Sending '{"now":13.632429,"events":[]}'
Received '{"now":13.670209,"events":[{"timestamp":13.670209,"type":"JOB_SUBMITTED","data":{"job_id":"db3eff!68","job":{"id":"db3eff!68","profile":"LU.S.4","res":4,"subtime":13.670188,"walltime":4200}}}]}'
Sending '{"now":13.670209,"events":[{"timestamp":13.670209,"type":"EXECUTE_JOB","data":{"job_id":"db3eff!68","alloc":"16-19"}}]}'
Received '{"now":13.725736,"events":[{"timestamp":13.725736,"type":"JOB_COMPLETED","data":{"job_id":"db3eff!66","job_state":"COMPLETED_SUCCESSFULLY","return_code":0,"kill_reason":"","alloc":"28-31"}}]}'
Sending '{"now":13.725736,"events":[]}'
Received '{"now":13.876957,"events":[{"timestamp":13.876957,"type":"JOB_SUBMITTED","data":{"job_id":"db3eff!69","job":{"id":"db3eff!69","profile":"LU.S.16","res":16,"subtime":13.876931,"walltime":4200}}}]}'
Sending '{"now":13.876957,"events":[{"timestamp":13.876957,"type":"EXECUTE_JOB","data":{"job_id":"db3eff!69","alloc":"28-31 36-47"}}]}'
Received '{"now":13.962963,"events":[{"timestamp":13.962963,"type":"JOB_COMPLETED","data":{"job_id":"db3eff!65","job_state":"COMPLETED_SUCCESSFULLY","return_code":0,"kill_reason":"","alloc":"24-27"}}]}'
Sending '{"now":13.962963,"events":[]}'
Received '{"now":14.072255,"events":[{"timestamp":14.072255,"type":"JOB_SUBMITTED","data":{"job_id":"db3eff!70","job":{"id":"db3eff!70","profile":"CG.S.4","res":4,"subtime":14.072224,"walltime":4200}}}]}'
Sending '{"now":14.072255,"events":[{"timestamp":14.072255,"type":"EXECUTE_JOB","data":{"job_id":"db3eff!70","alloc":"24-27"}}]}'
Received '{"now":14.073100,"events":[{"timestamp":14.073100,"type":"JOB_SUBMITTED","data":{"job_id":"db3eff!71","job":{"id":"db3eff!71","profile":"BT.S.4","res":4,"subtime":14.073070,"walltime":4200}}}]}'
Sending '{"now":14.0731,"events":[{"timestamp":14.0731,"type":"EXECUTE_JOB","data":{"job_id":"db3eff!71","alloc":"48-51"}}]}'
Received '{"now":14.263313,"events":[{"timestamp":14.263313,"type":"JOB_SUBMITTED","data":{"job_id":"db3eff!72","job":{"id":"db3eff!72","profile":"IS.S.4","res":4,"subtime":14.263282,"walltime":4200}}}]}'
Sending '{"now":14.263313,"events":[{"timestamp":14.263313,"type":"EXECUTE_JOB","data":{"job_id":"db3eff!72","alloc":"60-63"}}]}'
Received '{"now":14.362957,"events":[{"timestamp":14.362957,"type":"JOB_COMPLETED","data":{"job_id":"db3eff!68","job_state":"COMPLETED_SUCCESSFULLY","return_code":0,"kill_reason":"","alloc":"16-19"}}]}'
Sending '{"now":14.362957,"events":[]}'
Received '{"now":14.436737,"events":[{"timestamp":14.436737,"type":"JOB_COMPLETED","data":{"job_id":"db3eff!67","job_state":"COMPLETED_SUCCESSFULLY","return_code":0,"kill_reason":"","alloc":"20-23 32-35 52-59"}}]}'
Sending '{"now":14.436737,"events":[]}'
Received '{"now":14.438976,"events":[{"timestamp":14.438976,"type":"JOB_COMPLETED","data":{"job_id":"db3eff!64","job_state":"COMPLETED_SUCCESSFULLY","return_code":0,"kill_reason":"","alloc":"0-15"}}]}'
Sending '{"now":14.438976,"events":[]}'
Received '{"now":14.445560,"events":[{"timestamp":14.445560,"type":"JOB_COMPLETED","data":{"job_id":"db3eff!72","job_state":"COMPLETED_SUCCESSFULLY","return_code":0,"kill_reason":"","alloc":"60-63"}}]}'
Sending '{"now":14.44556,"events":[]}'
Received '{"now":14.467970,"events":[{"timestamp":14.467970,"type":"JOB_COMPLETED","data":{"job_id":"db3eff!71","job_state":"COMPLETED_SUCCESSFULLY","return_code":0,"kill_reason":"","alloc":"48-51"}}]}'
Sending '{"now":14.46797,"events":[]}'
Received '{"now":14.601207,"events":[{"timestamp":14.601207,"type":"JOB_COMPLETED","data":{"job_id":"db3eff!70","job_state":"COMPLETED_SUCCESSFULLY","return_code":0,"kill_reason":"","alloc":"24-27"}}]}'
Sending '{"now":14.601207,"events":[]}'
Received '{"now":14.605316,"events":[{"timestamp":14.605316,"type":"JOB_SUBMITTED","data":{"job_id":"db3eff!73","job":{"id":"db3eff!73","profile":"LU.S.4","res":4,"subtime":14.605286,"walltime":4200}}}]}'
Sending '{"now":14.605316,"events":[{"timestamp":14.605316,"type":"EXECUTE_JOB","data":{"job_id":"db3eff!73","alloc":"0-3"}}]}'
Received '{"now":14.848785,"events":[{"timestamp":14.848785,"type":"JOB_COMPLETED","data":{"job_id":"db3eff!69","job_state":"COMPLETED_SUCCESSFULLY","return_code":0,"kill_reason":"","alloc":"28-31 36-47"}}]}'
Sending '{"now":14.848785,"events":[]}'
Received '{"now":15.288316,"events":[{"timestamp":15.288316,"type":"JOB_SUBMITTED","data":{"job_id":"db3eff!74","job":{"id":"db3eff!74","profile":"SP.S.4","res":4,"subtime":15.288286,"walltime":4200}}}]}'
Sending '{"now":15.288316,"events":[{"timestamp":15.288316,"type":"EXECUTE_JOB","data":{"job_id":"db3eff!74","alloc":"4-7"}}]}'
Received '{"now":15.342986,"events":[{"timestamp":15.342986,"type":"JOB_SUBMITTED","data":{"job_id":"db3eff!75","job":{"id":"db3eff!75","profile":"LU.S.16","res":16,"subtime":15.342956,"walltime":4200}}}]}'
Sending '{"now":15.342986,"events":[{"timestamp":15.342986,"type":"EXECUTE_JOB","data":{"job_id":"db3eff!75","alloc":"8-23"}}]}'
Received '{"now":15.373884,"events":[{"timestamp":15.373884,"type":"JOB_COMPLETED","data":{"job_id":"db3eff!73","job_state":"COMPLETED_SUCCESSFULLY","return_code":0,"kill_reason":"","alloc":"0-3"}}]}'
Sending '{"now":15.373884,"events":[]}'
Received '{"now":15.526982,"events":[{"timestamp":15.526982,"type":"JOB_SUBMITTED","data":{"job_id":"db3eff!76","job":{"id":"db3eff!76","profile":"FT.S.4","res":4,"subtime":15.526961,"walltime":4200}}}]}'
Sending '{"now":15.526982,"events":[{"timestamp":15.526982,"type":"EXECUTE_JOB","data":{"job_id":"db3eff!76","alloc":"0-3"}}]}'
Received '{"now":15.546485,"events":[{"timestamp":15.546485,"type":"JOB_COMPLETED","data":{"job_id":"db3eff!74","job_state":"COMPLETED_SUCCESSFULLY","return_code":0,"kill_reason":"","alloc":"4-7"}}]}'
Sending '{"now":15.546485,"events":[]}'
Received '{"now":15.711261,"events":[{"timestamp":15.711261,"type":"JOB_COMPLETED","data":{"job_id":"db3eff!76","job_state":"COMPLETED_SUCCESSFULLY","return_code":0,"kill_reason":"","alloc":"0-3"}}]}'
Sending '{"now":15.711261,"events":[]}'
Received '{"now":15.915359,"events":[{"timestamp":15.915359,"type":"JOB_SUBMITTED","data":{"job_id":"db3eff!77","job":{"id":"db3eff!77","profile":"IS.S.4","res":4,"subtime":15.915341,"walltime":4200}}}]}'
Sending '{"now":15.915359,"events":[{"timestamp":15.915359,"type":"EXECUTE_JOB","data":{"job_id":"db3eff!77","alloc":"0-3"}}]}'
Received '{"now":15.935032,"events":[{"timestamp":15.935032,"type":"JOB_SUBMITTED","data":{"job_id":"db3eff!78","job":{"id":"db3eff!78","profile":"MG.S.16","res":16,"subtime":15.935002,"walltime":4200}}}]}'
Sending '{"now":15.935032,"events":[{"timestamp":15.935032,"type":"EXECUTE_JOB","data":{"job_id":"db3eff!78","alloc":"4-7 24-35"}}]}'
Received '{"now":15.945609,"events":[{"timestamp":15.945609,"type":"JOB_SUBMITTED","data":{"job_id":"db3eff!79","job":{"id":"db3eff!79","profile":"BT.S.16","res":16,"subtime":15.945578,"walltime":4200}}}]}'
Sending '{"now":15.945609,"events":[{"timestamp":15.945609,"type":"EXECUTE_JOB","data":{"job_id":"db3eff!79","alloc":"36-51"}}]}'
Received '{"now":15.978493,"events":[{"timestamp":15.978493,"type":"JOB_SUBMITTED","data":{"job_id":"db3eff!80","job":{"id":"db3eff!80","profile":"SP.S.16","res":16,"subtime":15.978463,"walltime":4200}}}]}'
Sending '{"now":15.978493,"events":[]}'
Received '{"now":16.030584,"events":[{"timestamp":16.030584,"type":"JOB_COMPLETED","data":{"job_id":"db3eff!77","job_state":"COMPLETED_SUCCESSFULLY","return_code":0,"kill_reason":"","alloc":"0-3"}}]}'
Sending '{"now":16.030584,"events":[{"timestamp":16.030584,"type":"EXECUTE_JOB","data":{"job_id":"db3eff!80","alloc":"0-3 52-63"}}]}'
Received '{"now":16.395414,"events":[{"timestamp":16.395414,"type":"JOB_COMPLETED","data":{"job_id":"db3eff!75","job_state":"COMPLETED_SUCCESSFULLY","return_code":0,"kill_reason":"","alloc":"8-23"}}]}'
Sending '{"now":16.395414,"events":[]}'
Received '{"now":16.414301,"events":[{"timestamp":16.414301,"type":"JOB_SUBMITTED","data":{"job_id":"db3eff!81","job":{"id":"db3eff!81","profile":"BT.S.16","res":16,"subtime":16.414280,"walltime":4200}}}]}'
Sending '{"now":16.414301,"events":[{"timestamp":16.414301,"type":"EXECUTE_JOB","data":{"job_id":"db3eff!81","alloc":"8-23"}}]}'
Received '{"now":16.465941,"events":[{"timestamp":16.465941,"type":"JOB_COMPLETED","data":{"job_id":"db3eff!78","job_state":"COMPLETED_SUCCESSFULLY","return_code":0,"kill_reason":"","alloc":"4-7 24-35"}}]}'
Sending '{"now":16.465941,"events":[]}'
Received '{"now":16.502458,"events":[{"timestamp":16.502458,"type":"JOB_SUBMITTED","data":{"job_id":"db3eff!82","job":{"id":"db3eff!82","profile":"SP.S.16","res":16,"subtime":16.502438,"walltime":4200}}}]}'
Sending '{"now":16.502458,"events":[{"timestamp":16.502458,"type":"EXECUTE_JOB","data":{"job_id":"db3eff!82","alloc":"4-7 24-35"}}]}'
Received '{"now":16.733196,"events":[{"timestamp":16.733196,"type":"JOB_SUBMITTED","data":{"job_id":"db3eff!83","job":{"id":"db3eff!83","profile":"SP.S.16","res":16,"subtime":16.733166,"walltime":4200}}}]}'
Sending '{"now":16.733196,"events":[]}'
Received '{"now":16.763920,"events":[{"timestamp":16.763920,"type":"JOB_SUBMITTED","data":{"job_id":"db3eff!84","job":{"id":"db3eff!84","profile":"LU.S.4","res":4,"subtime":16.763890,"walltime":4200}}}]}'
Sending '{"now":16.76392,"events":[]}'
Received '{"now":16.919393,"events":[{"timestamp":16.919393,"type":"JOB_SUBMITTED","data":{"job_id":"db3eff!85","job":{"id":"db3eff!85","profile":"MG.S.4","res":4,"subtime":16.919366,"walltime":4200}}}]}'
Sending '{"now":16.919393,"events":[]}'
Received '{"now":16.935316,"events":[{"timestamp":16.935316,"type":"JOB_SUBMITTED","data":{"job_id":"db3eff!86","job":{"id":"db3eff!86","profile":"BT.S.16","res":16,"subtime":16.935286,"walltime":4200}}}]}'
Sending '{"now":16.935316,"events":[]}'
Received '{"now":17.082084,"events":[{"timestamp":17.082084,"type":"JOB_SUBMITTED","data":{"job_id":"db3eff!87","job":{"id":"db3eff!87","profile":"IS.S.16","res":16,"subtime":17.082056,"walltime":4200}}}]}'
Sending '{"now":17.082084,"events":[]}'
Received '{"now":17.262097,"events":[{"timestamp":17.262097,"type":"JOB_SUBMITTED","data":{"job_id":"db3eff!88","job":{"id":"db3eff!88","profile":"MG.S.16","res":16,"subtime":17.262070,"walltime":4200}}}]}'
Sending '{"now":17.262097,"events":[]}'
Received '{"now":17.300013,"events":[{"timestamp":17.300013,"type":"JOB_SUBMITTED","data":{"job_id":"db3eff!89","job":{"id":"db3eff!89","profile":"SP.S.4","res":4,"subtime":17.299983,"walltime":4200}}}]}'
Sending '{"now":17.300013,"events":[]}'
Received '{"now":17.307792,"events":[{"timestamp":17.307792,"type":"JOB_SUBMITTED","data":{"job_id":"db3eff!90","job":{"id":"db3eff!90","profile":"LU.S.4","res":4,"subtime":17.307765,"walltime":4200}}}]}'
Sending '{"now":17.307792,"events":[]}'
Received '{"now":17.313534,"events":[{"timestamp":17.313534,"type":"JOB_COMPLETED","data":{"job_id":"db3eff!80","job_state":"COMPLETED_SUCCESSFULLY","return_code":0,"kill_reason":"","alloc":"0-3 52-63"}}]}'
Sending '{"now":17.313534,"events":[{"timestamp":17.313534,"type":"EXECUTE_JOB","data":{"job_id":"db3eff!83","alloc":"0-3 52-63"}}]}'
Received '{"now":17.478960,"events":[{"timestamp":17.478960,"type":"JOB_SUBMITTED","data":{"job_id":"db3eff!91","job":{"id":"db3eff!91","profile":"BT.S.16","res":16,"subtime":17.478933,"walltime":4200}}}]}'
Sending '{"now":17.47896,"events":[]}'
Received '{"now":17.519020,"events":[{"timestamp":17.519020,"type":"JOB_SUBMITTED","data":{"job_id":"db3eff!92","job":{"id":"db3eff!92","profile":"MG.S.4","res":4,"subtime":17.518992,"walltime":4200}}}]}'
Sending '{"now":17.51902,"events":[]}'
Received '{"now":17.749302,"events":[{"timestamp":17.749302,"type":"JOB_SUBMITTED","data":{"job_id":"db3eff!93","job":{"id":"db3eff!93","profile":"BT.S.4","res":4,"subtime":17.749279,"walltime":4200}}}]}'
Sending '{"now":17.749302,"events":[]}'
Received '{"now":17.850177,"events":[{"timestamp":17.850177,"type":"JOB_COMPLETED","data":{"job_id":"db3eff!82","job_state":"COMPLETED_SUCCESSFULLY","return_code":0,"kill_reason":"","alloc":"4-7 24-35"}}]}'
Sending '{"now":17.850177,"events":[{"timestamp":17.850177,"type":"EXECUTE_JOB","data":{"job_id":"db3eff!84","alloc":"4-7"}},{"timestamp":17.850177,"type":"EXECUTE_JOB","data":{"job_id":"db3eff!85","alloc":"24-27"}}]}'
Received '{"now":18.131324,"events":[{"timestamp":18.131324,"type":"JOB_SUBMITTED","data":{"job_id":"db3eff!94","job":{"id":"db3eff!94","profile":"SP.S.16","res":16,"subtime":18.131301,"walltime":4200}}}]}'
Sending '{"now":18.131324,"events":[]}'
Received '{"now":18.189231,"events":[{"timestamp":18.189231,"type":"JOB_COMPLETED","data":{"job_id":"db3eff!85","job_state":"COMPLETED_SUCCESSFULLY","return_code":0,"kill_reason":"","alloc":"24-27"}}]}'
Sending '{"now":18.189231,"events":[]}'
Received '{"now":18.293997,"events":[{"timestamp":18.293997,"type":"JOB_COMPLETED","data":{"job_id":"db3eff!79","job_state":"COMPLETED_SUCCESSFULLY","return_code":0,"kill_reason":"","alloc":"36-51"}}]}'
Sending '{"now":18.293997,"events":[{"timestamp":18.293997,"type":"EXECUTE_JOB","data":{"job_id":"db3eff!86","alloc":"24-39"}},{"timestamp":18.293997,"type":"EXECUTE_JOB","data":{"job_id":"db3eff!89","alloc":"40-43"}},{"timestamp":18.293997,"type":"EXECUTE_JOB","data":{"job_id":"db3eff!90","alloc":"44-47"}},{"timestamp":18.293997,"type":"EXECUTE_JOB","data":{"job_id":"db3eff!92","alloc":"48-51"}}]}'
Received '{"now":18.370088,"events":[{"timestamp":18.370088,"type":"JOB_SUBMITTED","data":{"job_id":"db3eff!95","job":{"id":"db3eff!95","profile":"SP.S.4","res":4,"subtime":18.370066,"walltime":4200}}}]}'
Sending '{"now":18.370088,"events":[]}'
Received '{"now":18.416987,"events":[{"timestamp":18.416987,"type":"JOB_SUBMITTED","data":{"job_id":"db3eff!96","job":{"id":"db3eff!96","profile":"LU.S.16","res":16,"subtime":18.416957,"walltime":4200}}}]}'
Sending '{"now":18.416987,"events":[]}'
Received '{"now":18.480378,"events":[{"timestamp":18.480378,"type":"JOB_SUBMITTED","data":{"job_id":"db3eff!97","job":{"id":"db3eff!97","profile":"FT.S.4","res":4,"subtime":18.480348,"walltime":4200}}}]}'
Sending '{"now":18.480378,"events":[]}'
Received '{"now":18.493282,"events":[{"timestamp":18.493282,"type":"JOB_SUBMITTED","data":{"job_id":"db3eff!98","job":{"id":"db3eff!98","profile":"CG.S.16","res":16,"subtime":18.493253,"walltime":4200}}}]}'
Sending '{"now":18.493282,"events":[]}'
Received '{"now":18.621353,"events":[{"timestamp":18.621353,"type":"JOB_COMPLETED","data":{"job_id":"db3eff!83","job_state":"COMPLETED_SUCCESSFULLY","return_code":0,"kill_reason":"","alloc":"0-3 52-63"}}]}'
Sending '{"now":18.621353,"events":[{"timestamp":18.621353,"type":"EXECUTE_JOB","data":{"job_id":"db3eff!87","alloc":"0-3 52-63"}}]}'
Received '{"now":18.643121,"events":[{"timestamp":18.643121,"type":"JOB_SUBMITTED","data":{"job_id":"db3eff!99","job":{"id":"db3eff!99","profile":"MG.S.4","res":4,"subtime":18.643091,"walltime":4200}}}]}'
Sending '{"now":18.643121,"events":[]}'
Received '{"now":18.672751,"events":[{"timestamp":18.672751,"type":"JOB_COMPLETED","data":{"job_id":"db3eff!92","job_state":"COMPLETED_SUCCESSFULLY","return_code":0,"kill_reason":"","alloc":"48-51"}}]}'
Sending '{"now":18.672751,"events":[{"timestamp":18.672751,"type":"EXECUTE_JOB","data":{"job_id":"db3eff!93","alloc":"48-51"}}]}'
Received '{"now":18.759292,"events":[{"timestamp":18.759292,"type":"JOB_SUBMITTED","data":{"job_id":"db3eff!100","job":{"id":"db3eff!100","profile":"CG.S.16","res":16,"subtime":18.759264,"walltime":4200}}}]}'
Sending '{"now":18.759292,"events":[]}'
Received '{"now":18.761950,"events":[{"timestamp":18.761950,"type":"JOB_COMPLETED","data":{"job_id":"db3eff!87","job_state":"COMPLETED_SUCCESSFULLY","return_code":0,"kill_reason":"","alloc":"0-3 52-63"}}]}'
Sending '{"now":18.76195,"events":[{"timestamp":18.76195,"type":"EXECUTE_JOB","data":{"job_id":"db3eff!88","alloc":"0-3 52-63"}}]}'
Received '{"now":18.806470,"events":[{"timestamp":18.806470,"type":"JOB_COMPLETED","data":{"job_id":"db3eff!84","job_state":"COMPLETED_SUCCESSFULLY","return_code":0,"kill_reason":"","alloc":"4-7"}}]}'
Sending '{"now":18.80647,"events":[]}'
Received '{"now":18.849487,"events":[{"timestamp":18.849487,"type":"JOB_COMPLETED","data":{"job_id":"db3eff!81","job_state":"COMPLETED_SUCCESSFULLY","return_code":0,"kill_reason":"","alloc":"8-23"}}]}'
Sending '{"now":18.849487,"events":[{"timestamp":18.849487,"type":"EXECUTE_JOB","data":{"job_id":"db3eff!91","alloc":"4-19"}}]}'
Received '{"now":18.936685,"events":[{"timestamp":18.936685,"type":"JOB_COMPLETED","data":{"job_id":"db3eff!89","job_state":"COMPLETED_SUCCESSFULLY","return_code":0,"kill_reason":"","alloc":"40-43"}}]}'
Sending '{"now":18.936685,"events":[{"timestamp":18.936685,"type":"EXECUTE_JOB","data":{"job_id":"db3eff!95","alloc":"40-43"}}]}'
Received '{"now":19.187827,"events":[{"timestamp":19.187827,"type":"JOB_COMPLETED","data":{"job_id":"db3eff!90","job_state":"COMPLETED_SUCCESSFULLY","return_code":0,"kill_reason":"","alloc":"44-47"}}]}'
Sending '{"now":19.187827,"events":[{"timestamp":19.187827,"type":"EXECUTE_JOB","data":{"job_id":"db3eff!97","alloc":"44-47"}}]}'
Received '{"now":19.366037,"events":[{"timestamp":19.366037,"type":"JOB_COMPLETED","data":{"job_id":"db3eff!88","job_state":"COMPLETED_SUCCESSFULLY","return_code":0,"kill_reason":"","alloc":"0-3 52-63"}}]}'
Sending '{"now":19.366037,"events":[{"timestamp":19.366037,"type":"EXECUTE_JOB","data":{"job_id":"db3eff!94","alloc":"0-3 20-23 52-59"}},{"timestamp":19.366037,"type":"EXECUTE_JOB","data":{"job_id":"db3eff!99","alloc":"60-63"}}]}'
Received '{"now":19.553116,"events":[{"timestamp":19.553116,"type":"JOB_COMPLETED","data":{"job_id":"db3eff!95","job_state":"COMPLETED_SUCCESSFULLY","return_code":0,"kill_reason":"","alloc":"40-43"}}]}'
Sending '{"now":19.553116,"events":[]}'
Received '{"now":19.602689,"events":[{"timestamp":19.602689,"type":"JOB_COMPLETED","data":{"job_id":"db3eff!93","job_state":"COMPLETED_SUCCESSFULLY","return_code":0,"kill_reason":"","alloc":"48-51"}}]}'
Sending '{"now":19.602689,"events":[]}'
Received '{"now":19.759258,"events":[{"timestamp":19.759258,"type":"JOB_COMPLETED","data":{"job_id":"db3eff!99","job_state":"COMPLETED_SUCCESSFULLY","return_code":0,"kill_reason":"","alloc":"60-63"}}]}'
Sending '{"now":19.759258,"events":[]}'
Received '{"now":20.540316,"events":[{"timestamp":20.540316,"type":"JOB_COMPLETED","data":{"job_id":"db3eff!94","job_state":"COMPLETED_SUCCESSFULLY","return_code":0,"kill_reason":"","alloc":"0-3 20-23 52-59"}}]}'
Sending '{"now":20.540316,"events":[{"timestamp":20.540316,"type":"EXECUTE_JOB","data":{"job_id":"db3eff!96","alloc":"0-3 20-23 40-43 48-51"}}]}'
Received '{"now":20.615958,"events":[{"timestamp":20.615958,"type":"JOB_COMPLETED","data":{"job_id":"db3eff!86","job_state":"COMPLETED_SUCCESSFULLY","return_code":0,"kill_reason":"","alloc":"24-39"}}]}'
Sending '{"now":20.615958,"events":[{"timestamp":20.615958,"type":"EXECUTE_JOB","data":{"job_id":"db3eff!98","alloc":"24-39"}}]}'
Received '{"now":20.666372,"events":[{"timestamp":20.666372,"type":"JOB_COMPLETED","data":{"job_id":"db3eff!97","job_state":"COMPLETED_SUCCESSFULLY","return_code":0,"kill_reason":"","alloc":"44-47"}}]}'
Sending '{"now":20.666372,"events":[{"timestamp":20.666372,"type":"EXECUTE_JOB","data":{"job_id":"db3eff!100","alloc":"44-47 52-63"}}]}'
Received '{"now":20.826800,"events":[{"timestamp":20.826800,"type":"JOB_COMPLETED","data":{"job_id":"db3eff!91","job_state":"COMPLETED_SUCCESSFULLY","return_code":0,"kill_reason":"","alloc":"4-19"}}]}'
Sending '{"now":20.8268,"events":[]}'
Received '{"now":21.512941,"events":[{"timestamp":21.512941,"type":"JOB_COMPLETED","data":{"job_id":"db3eff!96","job_state":"COMPLETED_SUCCESSFULLY","return_code":0,"kill_reason":"","alloc":"0-3 20-23 40-43 48-51"}}]}'
Sending '{"now":21.512941,"events":[]}'
Received '{"now":21.569528,"events":[{"timestamp":21.569528,"type":"JOB_COMPLETED","data":{"job_id":"db3eff!98","job_state":"COMPLETED_SUCCESSFULLY","return_code":0,"kill_reason":"","alloc":"24-39"}}]}'
Sending '{"now":21.569528,"events":[]}'
Received '{"now":21.629507,"events":[{"timestamp":21.629507,"type":"JOB_COMPLETED","data":{"job_id":"db3eff!100","job_state":"COMPLETED_SUCCESSFULLY","return_code":0,"kill_reason":"","alloc":"44-47 52-63"}},{"timestamp":21.629507,"type":"SIMULATION_ENDS","data":{}}]}'
Sending '{"now":21.629507,"events":[]}'
