variant_options = '{"custom_mapping": true}'
Received '{"now":0.000000,"events":[{"timestamp":0.000000,"type":"SIMULATION_BEGINS","data":{"nb_resources":64,"allow_time_sharing":false,"config":{"redis":{"enabled":false,"hostname":"127.0.0.1","port":6379,"prefix":"default"},"job_submission":{"forward_profiles":false,"from_scheduler":{"enabled":false,"acknowledge":true}}},"resources_data":[{"id":0,"name":"n1","state":"idle","properties":{}},{"id":1,"name":"n2","state":"idle","properties":{}},{"id":2,"name":"n3","state":"idle","properties":{}},{"id":3,"name":"n4","state":"idle","properties":{}},{"id":4,"name":"n5","state":"idle","properties":{}},{"id":5,"name":"n6","state":"idle","properties":{}},{"id":6,"name":"n7","state":"idle","properties":{}},{"id":7,"name":"n8","state":"idle","properties":{}},{"id":8,"name":"n9","state":"idle","properties":{}},{"id":9,"name":"n10","state":"idle","properties":{}},{"id":10,"name":"n11","state":"idle","properties":{}},{"id":11,"name":"n12","state":"idle","properties":{}},{"id":12,"name":"n13","state":"idle","properties":{}},{"id":13,"name":"n14","state":"idle","properties":{}},{"id":14,"name":"n15","state":"idle","properties":{}},{"id":15,"name":"n16","state":"idle","properties":{}},{"id":16,"name":"n17","state":"idle","properties":{}},{"id":17,"name":"n18","state":"idle","properties":{}},{"id":18,"name":"n19","state":"idle","properties":{}},{"id":19,"name":"n20","state":"idle","properties":{}},{"id":20,"name":"n21","state":"idle","properties":{}},{"id":21,"name":"n22","state":"idle","properties":{}},{"id":22,"name":"n23","state":"idle","properties":{}},{"id":23,"name":"n24","state":"idle","properties":{}},{"id":24,"name":"n25","state":"idle","properties":{}},{"id":25,"name":"n26","state":"idle","properties":{}},{"id":26,"name":"n27","state":"idle","properties":{}},{"id":27,"name":"n28","state":"idle","properties":{}},{"id":28,"name":"n29","state":"idle","properties":{}},{"id":29,"name":"n30","state":"idle","properties":{}},{"id":30,"name":"n31","state":"idle","properties":{}},{"id":31,"name":"n32","state":"idle","properties":{}},{"id":32,"name":"n33","state":"idle","properties":{}},{"id":33,"name":"n34","state":"idle","properties":{}},{"id":34,"name":"n35","state":"idle","properties":{}},{"id":35,"name":"n36","state":"idle","properties":{}},{"id":36,"name":"n37","state":"idle","properties":{}},{"id":37,"name":"n38","state":"idle","properties":{}},{"id":38,"name":"n39","state":"idle","properties":{}},{"id":39,"name":"n40","state":"idle","properties":{}},{"id":40,"name":"n41","state":"idle","properties":{}},{"id":41,"name":"n42","state":"idle","properties":{}},{"id":42,"name":"n43","state":"idle","properties":{}},{"id":43,"name":"n44","state":"idle","properties":{}},{"id":44,"name":"n45","state":"idle","properties":{}},{"id":45,"name":"n46","state":"idle","properties":{}},{"id":46,"name":"n47","state":"idle","properties":{}},{"id":47,"name":"n48","state":"idle","properties":{}},{"id":48,"name":"n49","state":"idle","properties":{}},{"id":49,"name":"n50","state":"idle","properties":{}},{"id":50,"name":"n51","state":"idle","properties":{}},{"id":51,"name":"n52","state":"idle","properties":{}},{"id":52,"name":"n53","state":"idle","properties":{}},{"id":53,"name":"n54","state":"idle","properties":{}},{"id":54,"name":"n55","state":"idle","properties":{}},{"id":55,"name":"n56","state":"idle","properties":{}},{"id":56,"name":"n57","state":"idle","properties":{}},{"id":57,"name":"n58","state":"idle","properties":{}},{"id":58,"name":"n59","state":"idle","properties":{}},{"id":59,"name":"n60","state":"idle","properties":{}},{"id":60,"name":"n61","state":"idle","properties":{}},{"id":61,"name":"n62","state":"idle","properties":{}},{"id":62,"name":"n63","state":"idle","properties":{}},{"id":63,"name":"n64","state":"idle","properties":{}}],"workloads":{"e9e7ab":"/github-simgrid/190311/../batsim-v2.0.0/workload_profiles/npb_20_jobs.json"}}}]}'
Sending '{"now":0.0,"events":[]}'
Received '{"now":2.973967,"events":[{"timestamp":2.973967,"type":"JOB_SUBMITTED","data":{"job_id":"e9e7ab!1","job":{"id":"e9e7ab!1","profile":"FT.S.16","res":16,"subtime":2.973936,"walltime":4200}}}]}'
Sending '{"now":2.973967,"events":[{"timestamp":2.973967,"type":"EXECUTE_JOB","data":{"job_id":"e9e7ab!1","alloc":"0-15"}}]}'
Received '{"now":3.127391,"events":[{"timestamp":3.127391,"type":"JOB_SUBMITTED","data":{"job_id":"e9e7ab!2","job":{"id":"e9e7ab!2","profile":"IS.S.4","res":4,"subtime":3.127361,"walltime":4200}}}]}'
Sending '{"now":3.127391,"events":[{"timestamp":3.127391,"type":"EXECUTE_JOB","data":{"job_id":"e9e7ab!2","alloc":"16-19"}}]}'
Received '{"now":3.261877,"events":[{"timestamp":3.261877,"type":"JOB_COMPLETED","data":{"job_id":"e9e7ab!2","job_state":"COMPLETED_SUCCESSFULLY","return_code":0,"kill_reason":"","alloc":"16-19"}}]}'
Sending '{"now":3.261877,"events":[]}'
Received '{"now":3.276930,"events":[{"timestamp":3.276930,"type":"JOB_COMPLETED","data":{"job_id":"e9e7ab!1","job_state":"COMPLETED_SUCCESSFULLY","return_code":0,"kill_reason":"","alloc":"0-15"}}]}'
Sending '{"now":3.27693,"events":[]}'
Received '{"now":3.547381,"events":[{"timestamp":3.547381,"type":"JOB_SUBMITTED","data":{"job_id":"e9e7ab!3","job":{"id":"e9e7ab!3","profile":"CG.S.4","res":4,"subtime":3.547351,"walltime":4200}}}]}'
Sending '{"now":3.547381,"events":[{"timestamp":3.547381,"type":"EXECUTE_JOB","data":{"job_id":"e9e7ab!3","alloc":"0-3"}}]}'
Received '{"now":3.830716,"events":[{"timestamp":3.830716,"type":"JOB_SUBMITTED","data":{"job_id":"e9e7ab!4","job":{"id":"e9e7ab!4","profile":"FT.S.4","res":4,"subtime":3.830688,"walltime":4200}}}]}'
Sending '{"now":3.830716,"events":[{"timestamp":3.830716,"type":"EXECUTE_JOB","data":{"job_id":"e9e7ab!4","alloc":"4-7"}}]}'
Received '{"now":3.928805,"events":[{"timestamp":3.928805,"type":"JOB_SUBMITTED","data":{"job_id":"e9e7ab!5","job":{"id":"e9e7ab!5","profile":"CG.S.16","res":16,"subtime":3.928775,"walltime":4200}}}]}'
Sending '{"now":3.928805,"events":[{"timestamp":3.928805,"type":"EXECUTE_JOB","data":{"job_id":"e9e7ab!5","alloc":"8-23"}}]}'
Received '{"now":4.054372,"events":[{"timestamp":4.054372,"type":"JOB_COMPLETED","data":{"job_id":"e9e7ab!4","job_state":"COMPLETED_SUCCESSFULLY","return_code":0,"kill_reason":"","alloc":"4-7"}}]}'
Sending '{"now":4.054372,"events":[]}'
Received '{"now":4.056770,"events":[{"timestamp":4.056770,"type":"JOB_SUBMITTED","data":{"job_id":"e9e7ab!6","job":{"id":"e9e7ab!6","profile":"SP.S.4","res":4,"subtime":4.056740,"walltime":4200}}}]}'
Sending '{"now":4.05677,"events":[{"timestamp":4.05677,"type":"EXECUTE_JOB","data":{"job_id":"e9e7ab!6","alloc":"4-7"}}]}'
Received '{"now":4.092970,"events":[{"timestamp":4.092970,"type":"JOB_COMPLETED","data":{"job_id":"e9e7ab!3","job_state":"COMPLETED_SUCCESSFULLY","return_code":0,"kill_reason":"","alloc":"0-3"}}]}'
Sending '{"now":4.09297,"events":[]}'
Received '{"now":4.313578,"events":[{"timestamp":4.313578,"type":"JOB_COMPLETED","data":{"job_id":"e9e7ab!6","job_state":"COMPLETED_SUCCESSFULLY","return_code":0,"kill_reason":"","alloc":"4-7"}}]}'
Sending '{"now":4.313578,"events":[]}'
Received '{"now":4.908592,"events":[{"timestamp":4.908592,"type":"JOB_COMPLETED","data":{"job_id":"e9e7ab!5","job_state":"COMPLETED_SUCCESSFULLY","return_code":0,"kill_reason":"","alloc":"8-23"}}]}'
Sending '{"now":4.908592,"events":[]}'
Received '{"now":5.513808,"events":[{"timestamp":5.513808,"type":"JOB_SUBMITTED","data":{"job_id":"e9e7ab!7","job":{"id":"e9e7ab!7","profile":"CG.S.16","res":16,"subtime":5.513778,"walltime":4200}}}]}'
Sending '{"now":5.513808,"events":[{"timestamp":5.513808,"type":"EXECUTE_JOB","data":{"job_id":"e9e7ab!7","alloc":"0-15"}}]}'
Received '{"now":5.783124,"events":[{"timestamp":5.783124,"type":"JOB_SUBMITTED","data":{"job_id":"e9e7ab!8","job":{"id":"e9e7ab!8","profile":"IS.S.16","res":16,"subtime":5.783100,"walltime":4200}}}]}'
Sending '{"now":5.783124,"events":[{"timestamp":5.783124,"type":"EXECUTE_JOB","data":{"job_id":"e9e7ab!8","alloc":"16-31"}}]}'
Received '{"now":5.883005,"events":[{"timestamp":5.883005,"type":"JOB_COMPLETED","data":{"job_id":"e9e7ab!8","job_state":"COMPLETED_SUCCESSFULLY","return_code":0,"kill_reason":"","alloc":"16-31"}}]}'
Sending '{"now":5.883005,"events":[]}'
Received '{"now":6.526163,"events":[{"timestamp":6.526163,"type":"JOB_COMPLETED","data":{"job_id":"e9e7ab!7","job_state":"COMPLETED_SUCCESSFULLY","return_code":0,"kill_reason":"","alloc":"0-15"}}]}'
Sending '{"now":6.526163,"events":[]}'
Received '{"now":8.145413,"events":[{"timestamp":8.145413,"type":"JOB_SUBMITTED","data":{"job_id":"e9e7ab!9","job":{"id":"e9e7ab!9","profile":"FT.S.16","res":16,"subtime":8.145382,"walltime":4200}}}]}'
Sending '{"now":8.145413,"events":[{"timestamp":8.145413,"type":"EXECUTE_JOB","data":{"job_id":"e9e7ab!9","alloc":"0-15"}}]}'
Received '{"now":8.415505,"events":[{"timestamp":8.415505,"type":"JOB_COMPLETED","data":{"job_id":"e9e7ab!9","job_state":"COMPLETED_SUCCESSFULLY","return_code":0,"kill_reason":"","alloc":"0-15"}}]}'
Sending '{"now":8.415505,"events":[]}'
Received '{"now":9.566943,"events":[{"timestamp":9.566943,"type":"JOB_SUBMITTED","data":{"job_id":"e9e7ab!10","job":{"id":"e9e7ab!10","profile":"LU.S.16","res":16,"subtime":9.566913,"walltime":4200}}}]}'
Sending '{"now":9.566943,"events":[{"timestamp":9.566943,"type":"EXECUTE_JOB","data":{"job_id":"e9e7ab!10","alloc":"0-15"}}]}'
Received '{"now":10.567462,"events":[{"timestamp":10.567462,"type":"JOB_COMPLETED","data":{"job_id":"e9e7ab!10","job_state":"COMPLETED_SUCCESSFULLY","return_code":0,"kill_reason":"","alloc":"0-15"}}]}'
Sending '{"now":10.567462,"events":[]}'
Received '{"now":11.458498,"events":[{"timestamp":11.458498,"type":"JOB_SUBMITTED","data":{"job_id":"e9e7ab!11","job":{"id":"e9e7ab!11","profile":"IS.S.16","res":16,"subtime":11.458468,"walltime":4200}}}]}'
Sending '{"now":11.458498,"events":[{"timestamp":11.458498,"type":"EXECUTE_JOB","data":{"job_id":"e9e7ab!11","alloc":"0-15"}}]}'
Received '{"now":11.558893,"events":[{"timestamp":11.558893,"type":"JOB_COMPLETED","data":{"job_id":"e9e7ab!11","job_state":"COMPLETED_SUCCESSFULLY","return_code":0,"kill_reason":"","alloc":"0-15"}}]}'
Sending '{"now":11.558893,"events":[]}'
Received '{"now":12.783215,"events":[{"timestamp":12.783215,"type":"JOB_SUBMITTED","data":{"job_id":"e9e7ab!12","job":{"id":"e9e7ab!12","profile":"MG.S.4","res":4,"subtime":12.783185,"walltime":4200}}}]}'
Sending '{"now":12.783215,"events":[{"timestamp":12.783215,"type":"EXECUTE_JOB","data":{"job_id":"e9e7ab!12","alloc":"0-3"}}]}'
Received '{"now":12.950163,"events":[{"timestamp":12.950163,"type":"JOB_COMPLETED","data":{"job_id":"e9e7ab!12","job_state":"COMPLETED_SUCCESSFULLY","return_code":0,"kill_reason":"","alloc":"0-3"}}]}'
Sending '{"now":12.950163,"events":[]}'
Received '{"now":17.993708,"events":[{"timestamp":17.993708,"type":"JOB_SUBMITTED","data":{"job_id":"e9e7ab!13","job":{"id":"e9e7ab!13","profile":"SP.S.4","res":4,"subtime":17.993678,"walltime":4200}}}]}'
Sending '{"now":17.993708,"events":[{"timestamp":17.993708,"type":"EXECUTE_JOB","data":{"job_id":"e9e7ab!13","alloc":"0-3"}}]}'
Received '{"now":18.242912,"events":[{"timestamp":18.242912,"type":"JOB_COMPLETED","data":{"job_id":"e9e7ab!13","job_state":"COMPLETED_SUCCESSFULLY","return_code":0,"kill_reason":"","alloc":"0-3"}}]}'
Sending '{"now":18.242912,"events":[]}'
Received '{"now":19.227667,"events":[{"timestamp":19.227667,"type":"JOB_SUBMITTED","data":{"job_id":"e9e7ab!14","job":{"id":"e9e7ab!14","profile":"FT.S.16","res":16,"subtime":19.227637,"walltime":4200}}}]}'
Sending '{"now":19.227667,"events":[{"timestamp":19.227667,"type":"EXECUTE_JOB","data":{"job_id":"e9e7ab!14","alloc":"0-15"}}]}'
Received '{"now":19.497750,"events":[{"timestamp":19.497750,"type":"JOB_COMPLETED","data":{"job_id":"e9e7ab!14","job_state":"COMPLETED_SUCCESSFULLY","return_code":0,"kill_reason":"","alloc":"0-15"}}]}'
Sending '{"now":19.49775,"events":[]}'
Received '{"now":19.650617,"events":[{"timestamp":19.650617,"type":"JOB_SUBMITTED","data":{"job_id":"e9e7ab!15","job":{"id":"e9e7ab!15","profile":"FT.S.16","res":16,"subtime":19.650587,"walltime":4200}}}]}'
Sending '{"now":19.650617,"events":[{"timestamp":19.650617,"type":"EXECUTE_JOB","data":{"job_id":"e9e7ab!15","alloc":"0-15"}}]}'
Received '{"now":19.920699,"events":[{"timestamp":19.920699,"type":"JOB_COMPLETED","data":{"job_id":"e9e7ab!15","job_state":"COMPLETED_SUCCESSFULLY","return_code":0,"kill_reason":"","alloc":"0-15"}}]}'
Sending '{"now":19.920699,"events":[]}'
Received '{"now":20.395625,"events":[{"timestamp":20.395625,"type":"JOB_SUBMITTED","data":{"job_id":"e9e7ab!16","job":{"id":"e9e7ab!16","profile":"FT.S.16","res":16,"subtime":20.395594,"walltime":4200}}}]}'
Sending '{"now":20.395625,"events":[{"timestamp":20.395625,"type":"EXECUTE_JOB","data":{"job_id":"e9e7ab!16","alloc":"0-15"}}]}'
Received '{"now":20.515942,"events":[{"timestamp":20.515942,"type":"JOB_SUBMITTED","data":{"job_id":"e9e7ab!17","job":{"id":"e9e7ab!17","profile":"FT.S.16","res":16,"subtime":20.515914,"walltime":4200}}}]}'
Sending '{"now":20.515942,"events":[{"timestamp":20.515942,"type":"EXECUTE_JOB","data":{"job_id":"e9e7ab!17","alloc":"16-31"}}]}'
Received '{"now":20.752716,"events":[{"timestamp":20.752716,"type":"JOB_COMPLETED","data":{"job_id":"e9e7ab!16","job_state":"COMPLETED_SUCCESSFULLY","return_code":0,"kill_reason":"","alloc":"0-15"}}]}'
Sending '{"now":20.752716,"events":[]}'
Received '{"now":20.873848,"events":[{"timestamp":20.873848,"type":"JOB_COMPLETED","data":{"job_id":"e9e7ab!17","job_state":"COMPLETED_SUCCESSFULLY","return_code":0,"kill_reason":"","alloc":"16-31"}}]}'
Sending '{"now":20.873848,"events":[]}'
Received '{"now":21.192882,"events":[{"timestamp":21.192882,"type":"JOB_SUBMITTED","data":{"job_id":"e9e7ab!18","job":{"id":"e9e7ab!18","profile":"IS.S.4","res":4,"subtime":21.192852,"walltime":4200}}}]}'
Sending '{"now":21.192882,"events":[{"timestamp":21.192882,"type":"EXECUTE_JOB","data":{"job_id":"e9e7ab!18","alloc":"0-3"}}]}'
Received '{"now":21.272409,"events":[{"timestamp":21.272409,"type":"JOB_COMPLETED","data":{"job_id":"e9e7ab!18","job_state":"COMPLETED_SUCCESSFULLY","return_code":0,"kill_reason":"","alloc":"0-3"}}]}'
Sending '{"now":21.272409,"events":[]}'
Received '{"now":21.787575,"events":[{"timestamp":21.787575,"type":"JOB_SUBMITTED","data":{"job_id":"e9e7ab!19","job":{"id":"e9e7ab!19","profile":"FT.S.16","res":16,"subtime":21.787545,"walltime":4200}}}]}'
Sending '{"now":21.787575,"events":[{"timestamp":21.787575,"type":"EXECUTE_JOB","data":{"job_id":"e9e7ab!19","alloc":"0-15"}}]}'
Received '{"now":22.026447,"events":[{"timestamp":22.026447,"type":"JOB_SUBMITTED","data":{"job_id":"e9e7ab!20","job":{"id":"e9e7ab!20","profile":"SP.S.16","res":16,"subtime":22.026425,"walltime":4200}}}]}'
Sending '{"now":22.026447,"events":[{"timestamp":22.026447,"type":"EXECUTE_JOB","data":{"job_id":"e9e7ab!20","alloc":"16-31"}}]}'
Received '{"now":22.068941,"events":[{"timestamp":22.068941,"type":"JOB_COMPLETED","data":{"job_id":"e9e7ab!19","job_state":"COMPLETED_SUCCESSFULLY","return_code":0,"kill_reason":"","alloc":"0-15"}}]}'
Sending '{"now":22.068941,"events":[]}'
Received '{"now":22.994408,"events":[{"timestamp":22.994408,"type":"JOB_COMPLETED","data":{"job_id":"e9e7ab!20","job_state":"COMPLETED_SUCCESSFULLY","return_code":0,"kill_reason":"","alloc":"16-31"}},{"timestamp":22.994408,"type":"SIMULATION_ENDS","data":{}}]}'
Sending '{"now":22.994408,"events":[]}'
