%EventDef PajeDefineContainerType 1
% Type string
% Alias string
% Name string
%EndEventDef

%EventDef PajeCreateContainer 2
% Time date 
% Type string  
% Alias string 
% Name string   
% Container string  
%EndEventDef

%EventDef PajeDestroyContainer 3
% Time date
% Name string 
% Type string
%EndEventDef

%EventDef PajeDefineStateType 4
% Alias string 
% Type string 
% Name string 
%EndEventDef

%EventDef PajeDefineEntityValue 5
% Alias string  
% Type string  
% Name string  
% Color color 
%EndEventDef

%EventDef PajeSetState 6
% Time date  
% Type string  
% Container string  
% Value string  
%EndEventDef 

%EventDef PajeDefineEventType 7
% Type string
% Alias string
% Name string
%EndEventDef

%EventDef PajeNewEvent 8
% Time date
% Type string
% Container string
% Value string
%EndEventDef

%EventDef PajeDefineVariableType 9
% Type string
% Alias string
% Name string
% Color string
%EndEventDef

%EventDef PajeSetVariable 10
% Time date
% Type string
% Container string
% Value double
%EndEventDef

# Container types creation
1 0 root_ct "Machines"
1 root_ct machine_ct "Machine"
1 0 scheduler_ct "Scheduler"
1 scheduler_ct killer_ct "Killer"

# Event types creation
7 killer_ct kk "Job kill"
7 machine_ct km "Job kill"

# Variable types creation
9 scheduler_ct vu_vt "Utilization" "0.0 0.5 0.0"

# Containers creation
2 0.000000 root_ct root "Machines" 0
2 0.000000 machine_ct m0 "Bourassa" root
2 0.000000 machine_ct m1 "Fafard" root
2 0.000000 machine_ct m2 "Ginette" root
2 0.000000 machine_ct m3 "Jupiter" root
2 0.000000 scheduler_ct sc "Scheduler" 0
2 0.000000 killer_ct k "Killer" sc

# States creation
4 machine_state machine_ct "Machine state"

# Creation of the different values the machine state can be
5 w machine_state "Waiting" "0.0 0.0 0.0"
5 l machine_state "Launching" "0.3 0.3 0.3"

# Begin of events
6 0.000000 machine_state m0 w
6 0.000000 machine_state m1 w
6 0.000000 machine_state m2 w
6 0.000000 machine_state m3 w
5 j347ebe!1 machine_state "347ebe!1" "0.000000 0.812500 1.000000"
6 0.000781 machine_state m0 j347ebe!1
6 0.000781 machine_state m1 j347ebe!1
5 j347ebe!2 machine_state "347ebe!2" "1.000000 0.000000 0.000000"
6 300.000390 machine_state m2 j347ebe!2
6 300.000390 machine_state m3 j347ebe!2
6 20621958261.157261 machine_state m0 w
6 20621958261.157261 machine_state m1 w
5 j347ebe!3 machine_state "347ebe!3" "1.000000 0.750000 0.000000"
6 20621958261.182896 machine_state m0 j347ebe!3
6 20621958261.182896 machine_state m1 j347ebe!3
6 20621958561.156868 machine_state m2 w
6 20621958561.156868 machine_state m3 w
5 j347ebe!4 machine_state "347ebe!4" "0.593750 0.000000 1.000000"
6 20621958561.173615 machine_state m2 j347ebe!4
6 20621958561.173615 machine_state m3 j347ebe!4
6 41243916522.339371 machine_state m0 w
6 41243916522.339371 machine_state m1 w
6 41243916822.330093 machine_state m2 w
6 41243916822.330093 machine_state m3 w

# End of events, containers destruction
3 41243916822.346848 m0 machine_ct
3 41243916822.346848 m1 machine_ct
3 41243916822.346848 m2 machine_ct
3 41243916822.346848 m3 machine_ct
3 41243916822.346848 root root_ct
