variant_options = '{"custom_mapping": true}'
Received '{"now":0.000000,"events":[{"timestamp":0.000000,"type":"SIMULATION_BEGINS","data":{"nb_resources":64,"allow_time_sharing":false,"config":{"redis":{"enabled":false,"hostname":"127.0.0.1","port":6379,"prefix":"default"},"job_submission":{"forward_profiles":false,"from_scheduler":{"enabled":false,"acknowledge":true}}},"resources_data":[{"id":0,"name":"node-0.simgrid.org","state":"idle","properties":{}},{"id":1,"name":"node-1.simgrid.org","state":"idle","properties":{}},{"id":2,"name":"node-2.simgrid.org","state":"idle","properties":{}},{"id":3,"name":"node-3.simgrid.org","state":"idle","properties":{}},{"id":4,"name":"node-4.simgrid.org","state":"idle","properties":{}},{"id":5,"name":"node-5.simgrid.org","state":"idle","properties":{}},{"id":6,"name":"node-6.simgrid.org","state":"idle","properties":{}},{"id":7,"name":"node-7.simgrid.org","state":"idle","properties":{}},{"id":8,"name":"node-8.simgrid.org","state":"idle","properties":{}},{"id":9,"name":"node-9.simgrid.org","state":"idle","properties":{}},{"id":10,"name":"node-10.simgrid.org","state":"idle","properties":{}},{"id":11,"name":"node-11.simgrid.org","state":"idle","properties":{}},{"id":12,"name":"node-12.simgrid.org","state":"idle","properties":{}},{"id":13,"name":"node-13.simgrid.org","state":"idle","properties":{}},{"id":14,"name":"node-14.simgrid.org","state":"idle","properties":{}},{"id":15,"name":"node-15.simgrid.org","state":"idle","properties":{}},{"id":16,"name":"node-16.simgrid.org","state":"idle","properties":{}},{"id":17,"name":"node-17.simgrid.org","state":"idle","properties":{}},{"id":18,"name":"node-18.simgrid.org","state":"idle","properties":{}},{"id":19,"name":"node-19.simgrid.org","state":"idle","properties":{}},{"id":20,"name":"node-20.simgrid.org","state":"idle","properties":{}},{"id":21,"name":"node-21.simgrid.org","state":"idle","properties":{}},{"id":22,"name":"node-22.simgrid.org","state":"idle","properties":{}},{"id":23,"name":"node-23.simgrid.org","state":"idle","properties":{}},{"id":24,"name":"node-24.simgrid.org","state":"idle","properties":{}},{"id":25,"name":"node-25.simgrid.org","state":"idle","properties":{}},{"id":26,"name":"node-26.simgrid.org","state":"idle","properties":{}},{"id":27,"name":"node-27.simgrid.org","state":"idle","properties":{}},{"id":28,"name":"node-28.simgrid.org","state":"idle","properties":{}},{"id":29,"name":"node-29.simgrid.org","state":"idle","properties":{}},{"id":30,"name":"node-30.simgrid.org","state":"idle","properties":{}},{"id":31,"name":"node-31.simgrid.org","state":"idle","properties":{}},{"id":32,"name":"node-32.simgrid.org","state":"idle","properties":{}},{"id":33,"name":"node-33.simgrid.org","state":"idle","properties":{}},{"id":34,"name":"node-34.simgrid.org","state":"idle","properties":{}},{"id":35,"name":"node-35.simgrid.org","state":"idle","properties":{}},{"id":36,"name":"node-36.simgrid.org","state":"idle","properties":{}},{"id":37,"name":"node-37.simgrid.org","state":"idle","properties":{}},{"id":38,"name":"node-38.simgrid.org","state":"idle","properties":{}},{"id":39,"name":"node-39.simgrid.org","state":"idle","properties":{}},{"id":40,"name":"node-40.simgrid.org","state":"idle","properties":{}},{"id":41,"name":"node-41.simgrid.org","state":"idle","properties":{}},{"id":42,"name":"node-42.simgrid.org","state":"idle","properties":{}},{"id":43,"name":"node-43.simgrid.org","state":"idle","properties":{}},{"id":44,"name":"node-44.simgrid.org","state":"idle","properties":{}},{"id":45,"name":"node-45.simgrid.org","state":"idle","properties":{}},{"id":46,"name":"node-46.simgrid.org","state":"idle","properties":{}},{"id":47,"name":"node-47.simgrid.org","state":"idle","properties":{}},{"id":48,"name":"node-48.simgrid.org","state":"idle","properties":{}},{"id":49,"name":"node-49.simgrid.org","state":"idle","properties":{}},{"id":50,"name":"node-50.simgrid.org","state":"idle","properties":{}},{"id":51,"name":"node-51.simgrid.org","state":"idle","properties":{}},{"id":52,"name":"node-52.simgrid.org","state":"idle","properties":{}},{"id":53,"name":"node-53.simgrid.org","state":"idle","properties":{}},{"id":54,"name":"node-54.simgrid.org","state":"idle","properties":{}},{"id":55,"name":"node-55.simgrid.org","state":"idle","properties":{}},{"id":56,"name":"node-56.simgrid.org","state":"idle","properties":{}},{"id":57,"name":"node-57.simgrid.org","state":"idle","properties":{}},{"id":58,"name":"node-58.simgrid.org","state":"idle","properties":{}},{"id":59,"name":"node-59.simgrid.org","state":"idle","properties":{}},{"id":60,"name":"node-60.simgrid.org","state":"idle","properties":{}},{"id":61,"name":"node-61.simgrid.org","state":"idle","properties":{}},{"id":62,"name":"node-62.simgrid.org","state":"idle","properties":{}},{"id":63,"name":"node-63.simgrid.org","state":"idle","properties":{}}],"workloads":{"e9e7ab":"/github-simgrid/190311/../batsim-v2.0.0/workload_profiles/npb_20_jobs.json"}}}]}'
Sending '{"now":0.0,"events":[]}'
Received '{"now":2.981742,"events":[{"timestamp":2.981742,"type":"JOB_SUBMITTED","data":{"job_id":"e9e7ab!1","job":{"id":"e9e7ab!1","profile":"FT.S.16","res":16,"subtime":2.973936,"walltime":4200}}}]}'
Sending '{"now":2.981742,"events":[{"timestamp":2.981742,"type":"EXECUTE_JOB","data":{"job_id":"e9e7ab!1","alloc":"0-15"}}]}'
Received '{"now":3.135167,"events":[{"timestamp":3.135167,"type":"JOB_SUBMITTED","data":{"job_id":"e9e7ab!2","job":{"id":"e9e7ab!2","profile":"IS.S.4","res":4,"subtime":3.127361,"walltime":4200}}}]}'
Sending '{"now":3.135167,"events":[{"timestamp":3.135167,"type":"EXECUTE_JOB","data":{"job_id":"e9e7ab!2","alloc":"16-19"}}]}'
Received '{"now":3.234807,"events":[{"timestamp":3.234807,"type":"JOB_COMPLETED","data":{"job_id":"e9e7ab!2","job_state":"COMPLETED_SUCCESSFULLY","return_code":0,"kill_reason":"","alloc":"16-19"}}]}'
Sending '{"now":3.234807,"events":[]}'
Received '{"now":3.256274,"events":[{"timestamp":3.248468,"type":"JOB_COMPLETED","data":{"job_id":"e9e7ab!1","job_state":"COMPLETED_SUCCESSFULLY","return_code":0,"kill_reason":"","alloc":"0-15"}}]}'
Sending '{"now":3.256274,"events":[]}'
Received '{"now":3.555157,"events":[{"timestamp":3.555157,"type":"JOB_SUBMITTED","data":{"job_id":"e9e7ab!3","job":{"id":"e9e7ab!3","profile":"CG.S.4","res":4,"subtime":3.547351,"walltime":4200}}}]}'
Sending '{"now":3.555157,"events":[{"timestamp":3.555157,"type":"EXECUTE_JOB","data":{"job_id":"e9e7ab!3","alloc":"0-3"}}]}'
Received '{"now":3.838494,"events":[{"timestamp":3.838494,"type":"JOB_SUBMITTED","data":{"job_id":"e9e7ab!4","job":{"id":"e9e7ab!4","profile":"FT.S.4","res":4,"subtime":3.830688,"walltime":4200}}}]}'
Sending '{"now":3.838494,"events":[{"timestamp":3.838494,"type":"EXECUTE_JOB","data":{"job_id":"e9e7ab!4","alloc":"4-7"}}]}'
Received '{"now":3.936581,"events":[{"timestamp":3.936581,"type":"JOB_SUBMITTED","data":{"job_id":"e9e7ab!5","job":{"id":"e9e7ab!5","profile":"CG.S.16","res":16,"subtime":3.928775,"walltime":4200}}}]}'
Sending '{"now":3.936581,"events":[{"timestamp":3.936581,"type":"EXECUTE_JOB","data":{"job_id":"e9e7ab!5","alloc":"8-23"}}]}'
Received '{"now":3.969249,"events":[{"timestamp":3.969249,"type":"JOB_COMPLETED","data":{"job_id":"e9e7ab!4","job_state":"COMPLETED_SUCCESSFULLY","return_code":0,"kill_reason":"","alloc":"4-7"}}]}'
Sending '{"now":3.969249,"events":[]}'
Received '{"now":4.064546,"events":[{"timestamp":4.064546,"type":"JOB_SUBMITTED","data":{"job_id":"e9e7ab!6","job":{"id":"e9e7ab!6","profile":"SP.S.4","res":4,"subtime":4.056740,"walltime":4200}}}]}'
Sending '{"now":4.064546,"events":[{"timestamp":4.064546,"type":"EXECUTE_JOB","data":{"job_id":"e9e7ab!6","alloc":"4-7"}}]}'
Received '{"now":4.675290,"events":[{"timestamp":4.675290,"type":"JOB_COMPLETED","data":{"job_id":"e9e7ab!3","job_state":"COMPLETED_SUCCESSFULLY","return_code":0,"kill_reason":"","alloc":"0-3"}}]}'
Sending '{"now":4.67529,"events":[]}'
Received '{"now":4.839575,"events":[{"timestamp":4.839575,"type":"JOB_COMPLETED","data":{"job_id":"e9e7ab!6","job_state":"COMPLETED_SUCCESSFULLY","return_code":0,"kill_reason":"","alloc":"4-7"}}]}'
Sending '{"now":4.839575,"events":[]}'
Received '{"now":5.521584,"events":[{"timestamp":5.521584,"type":"JOB_SUBMITTED","data":{"job_id":"e9e7ab!7","job":{"id":"e9e7ab!7","profile":"CG.S.16","res":16,"subtime":5.513778,"walltime":4200}}}]}'
Sending '{"now":5.521584,"events":[{"timestamp":5.521584,"type":"EXECUTE_JOB","data":{"job_id":"e9e7ab!7","alloc":"24-39"}}]}'
Received '{"now":5.790898,"events":[{"timestamp":5.790898,"type":"JOB_SUBMITTED","data":{"job_id":"e9e7ab!8","job":{"id":"e9e7ab!8","profile":"IS.S.16","res":16,"subtime":5.783100,"walltime":4200}}}]}'
Sending '{"now":5.790898,"events":[{"timestamp":5.790898,"type":"EXECUTE_JOB","data":{"job_id":"e9e7ab!8","alloc":"40-55"}}]}'
Received '{"now":5.968013,"events":[{"timestamp":5.968013,"type":"JOB_COMPLETED","data":{"job_id":"e9e7ab!8","job_state":"COMPLETED_SUCCESSFULLY","return_code":0,"kill_reason":"","alloc":"40-55"}}]}'
Sending '{"now":5.968013,"events":[]}'
Received '{"now":7.791488,"events":[{"timestamp":7.791488,"type":"JOB_COMPLETED","data":{"job_id":"e9e7ab!5","job_state":"COMPLETED_SUCCESSFULLY","return_code":0,"kill_reason":"","alloc":"8-23"}}]}'
Sending '{"now":7.791488,"events":[]}'
Received '{"now":8.153188,"events":[{"timestamp":8.153188,"type":"JOB_SUBMITTED","data":{"job_id":"e9e7ab!9","job":{"id":"e9e7ab!9","profile":"FT.S.16","res":16,"subtime":8.145382,"walltime":4200}}}]}'
Sending '{"now":8.153188,"events":[{"timestamp":8.153188,"type":"EXECUTE_JOB","data":{"job_id":"e9e7ab!9","alloc":"0-15"}}]}'
Received '{"now":8.416065,"events":[{"timestamp":8.416065,"type":"JOB_COMPLETED","data":{"job_id":"e9e7ab!9","job_state":"COMPLETED_SUCCESSFULLY","return_code":0,"kill_reason":"","alloc":"0-15"}}]}'
Sending '{"now":8.416065,"events":[]}'
Received '{"now":9.376496,"events":[{"timestamp":9.376496,"type":"JOB_COMPLETED","data":{"job_id":"e9e7ab!7","job_state":"COMPLETED_SUCCESSFULLY","return_code":0,"kill_reason":"","alloc":"24-39"}}]}'
Sending '{"now":9.376496,"events":[]}'
Received '{"now":9.574719,"events":[{"timestamp":9.574719,"type":"JOB_SUBMITTED","data":{"job_id":"e9e7ab!10","job":{"id":"e9e7ab!10","profile":"LU.S.16","res":16,"subtime":9.566913,"walltime":4200}}}]}'
Sending '{"now":9.574719,"events":[{"timestamp":9.574719,"type":"EXECUTE_JOB","data":{"job_id":"e9e7ab!10","alloc":"0-15"}}]}'
Received '{"now":11.466274,"events":[{"timestamp":11.466274,"type":"JOB_SUBMITTED","data":{"job_id":"e9e7ab!11","job":{"id":"e9e7ab!11","profile":"IS.S.16","res":16,"subtime":11.458468,"walltime":4200}}}]}'
Sending '{"now":11.466274,"events":[{"timestamp":11.466274,"type":"EXECUTE_JOB","data":{"job_id":"e9e7ab!11","alloc":"16-31"}}]}'
Received '{"now":11.613446,"events":[{"timestamp":11.613446,"type":"JOB_COMPLETED","data":{"job_id":"e9e7ab!11","job_state":"COMPLETED_SUCCESSFULLY","return_code":0,"kill_reason":"","alloc":"16-31"}}]}'
Sending '{"now":11.613446,"events":[]}'
Received '{"now":11.634913,"events":[{"timestamp":11.627107,"type":"JOB_COMPLETED","data":{"job_id":"e9e7ab!10","job_state":"COMPLETED_SUCCESSFULLY","return_code":0,"kill_reason":"","alloc":"0-15"}}]}'
Sending '{"now":11.634913,"events":[]}'
Received '{"now":12.790991,"events":[{"timestamp":12.790991,"type":"JOB_SUBMITTED","data":{"job_id":"e9e7ab!12","job":{"id":"e9e7ab!12","profile":"MG.S.4","res":4,"subtime":12.783185,"walltime":4200}}}]}'
Sending '{"now":12.790991,"events":[{"timestamp":12.790991,"type":"EXECUTE_JOB","data":{"job_id":"e9e7ab!12","alloc":"0-3"}}]}'
Received '{"now":13.229783,"events":[{"timestamp":13.229783,"type":"JOB_COMPLETED","data":{"job_id":"e9e7ab!12","job_state":"COMPLETED_SUCCESSFULLY","return_code":0,"kill_reason":"","alloc":"0-3"}}]}'
Sending '{"now":13.229783,"events":[]}'
Received '{"now":18.001484,"events":[{"timestamp":18.001484,"type":"JOB_SUBMITTED","data":{"job_id":"e9e7ab!13","job":{"id":"e9e7ab!13","profile":"SP.S.4","res":4,"subtime":17.993678,"walltime":4200}}}]}'
Sending '{"now":18.001484,"events":[{"timestamp":18.001484,"type":"EXECUTE_JOB","data":{"job_id":"e9e7ab!13","alloc":"0-3"}}]}'
Received '{"now":18.776712,"events":[{"timestamp":18.776712,"type":"JOB_COMPLETED","data":{"job_id":"e9e7ab!13","job_state":"COMPLETED_SUCCESSFULLY","return_code":0,"kill_reason":"","alloc":"0-3"}}]}'
Sending '{"now":18.776712,"events":[]}'
Received '{"now":19.235443,"events":[{"timestamp":19.235443,"type":"JOB_SUBMITTED","data":{"job_id":"e9e7ab!14","job":{"id":"e9e7ab!14","profile":"FT.S.16","res":16,"subtime":19.227637,"walltime":4200}}}]}'
Sending '{"now":19.235443,"events":[{"timestamp":19.235443,"type":"EXECUTE_JOB","data":{"job_id":"e9e7ab!14","alloc":"0-15"}}]}'
Received '{"now":19.498344,"events":[{"timestamp":19.498344,"type":"JOB_COMPLETED","data":{"job_id":"e9e7ab!14","job_state":"COMPLETED_SUCCESSFULLY","return_code":0,"kill_reason":"","alloc":"0-15"}}]}'
Sending '{"now":19.498344,"events":[]}'
Received '{"now":19.658393,"events":[{"timestamp":19.658393,"type":"JOB_SUBMITTED","data":{"job_id":"e9e7ab!15","job":{"id":"e9e7ab!15","profile":"FT.S.16","res":16,"subtime":19.650587,"walltime":4200}}}]}'
Sending '{"now":19.658393,"events":[{"timestamp":19.658393,"type":"EXECUTE_JOB","data":{"job_id":"e9e7ab!15","alloc":"0-15"}}]}'
Received '{"now":19.921294,"events":[{"timestamp":19.921294,"type":"JOB_COMPLETED","data":{"job_id":"e9e7ab!15","job_state":"COMPLETED_SUCCESSFULLY","return_code":0,"kill_reason":"","alloc":"0-15"}}]}'
Sending '{"now":19.921294,"events":[]}'
Received '{"now":20.403400,"events":[{"timestamp":20.403400,"type":"JOB_SUBMITTED","data":{"job_id":"e9e7ab!16","job":{"id":"e9e7ab!16","profile":"FT.S.16","res":16,"subtime":20.395594,"walltime":4200}}}]}'
Sending '{"now":20.4034,"events":[{"timestamp":20.4034,"type":"EXECUTE_JOB","data":{"job_id":"e9e7ab!16","alloc":"0-15"}}]}'
Received '{"now":20.523720,"events":[{"timestamp":20.523720,"type":"JOB_SUBMITTED","data":{"job_id":"e9e7ab!17","job":{"id":"e9e7ab!17","profile":"FT.S.16","res":16,"subtime":20.515914,"walltime":4200}}}]}'
Sending '{"now":20.52372,"events":[{"timestamp":20.52372,"type":"EXECUTE_JOB","data":{"job_id":"e9e7ab!17","alloc":"16-31"}}]}'
Received '{"now":20.666254,"events":[{"timestamp":20.666254,"type":"JOB_COMPLETED","data":{"job_id":"e9e7ab!16","job_state":"COMPLETED_SUCCESSFULLY","return_code":0,"kill_reason":"","alloc":"0-15"}}]}'
Sending '{"now":20.666254,"events":[]}'
Received '{"now":20.786588,"events":[{"timestamp":20.786588,"type":"JOB_COMPLETED","data":{"job_id":"e9e7ab!17","job_state":"COMPLETED_SUCCESSFULLY","return_code":0,"kill_reason":"","alloc":"16-31"}}]}'
Sending '{"now":20.786588,"events":[]}'
Received '{"now":21.200658,"events":[{"timestamp":21.200658,"type":"JOB_SUBMITTED","data":{"job_id":"e9e7ab!18","job":{"id":"e9e7ab!18","profile":"IS.S.4","res":4,"subtime":21.192852,"walltime":4200}}}]}'
Sending '{"now":21.200658,"events":[{"timestamp":21.200658,"type":"EXECUTE_JOB","data":{"job_id":"e9e7ab!18","alloc":"0-3"}}]}'
Received '{"now":21.300352,"events":[{"timestamp":21.300352,"type":"JOB_COMPLETED","data":{"job_id":"e9e7ab!18","job_state":"COMPLETED_SUCCESSFULLY","return_code":0,"kill_reason":"","alloc":"0-3"}}]}'
Sending '{"now":21.300352,"events":[]}'
Received '{"now":21.795351,"events":[{"timestamp":21.795351,"type":"JOB_SUBMITTED","data":{"job_id":"e9e7ab!19","job":{"id":"e9e7ab!19","profile":"FT.S.16","res":16,"subtime":21.787545,"walltime":4200}}}]}'
Sending '{"now":21.795351,"events":[{"timestamp":21.795351,"type":"EXECUTE_JOB","data":{"job_id":"e9e7ab!19","alloc":"0-15"}}]}'
Received '{"now":22.034224,"events":[{"timestamp":22.034224,"type":"JOB_SUBMITTED","data":{"job_id":"e9e7ab!20","job":{"id":"e9e7ab!20","profile":"SP.S.16","res":16,"subtime":22.026425,"walltime":4200}}}]}'
Sending '{"now":22.034224,"events":[{"timestamp":22.034224,"type":"EXECUTE_JOB","data":{"job_id":"e9e7ab!20","alloc":"16-31"}}]}'
Received '{"now":22.071302,"events":[{"timestamp":22.063496,"type":"JOB_COMPLETED","data":{"job_id":"e9e7ab!19","job_state":"COMPLETED_SUCCESSFULLY","return_code":0,"kill_reason":"","alloc":"0-15"}}]}'
Sending '{"now":22.071302,"events":[]}'
Received '{"now":23.995614,"events":[{"timestamp":23.995614,"type":"JOB_COMPLETED","data":{"job_id":"e9e7ab!20","job_state":"COMPLETED_SUCCESSFULLY","return_code":0,"kill_reason":"","alloc":"16-31"}},{"timestamp":23.995614,"type":"SIMULATION_ENDS","data":{}}]}'
Sending '{"now":23.995614,"events":[]}'
