+ batsim -p batsim-v2.0.0/platforms/torus-64.xml -w batsim-v2.0.0/workload_profiles/dynamic-mapping-npb.json -e dynamic-mapping-npb-out/out -m node-64.simgrid.org
[0.000000] [batsim/INFO] Workload 'b1fac0' corresponds to workload file '/github-simgrid/batsim-v2.0.0/workload_profiles/dynamic-mapping-npb.json'.
[0.000000] [batsim/INFO] Batsim version: v2.0.0
[0.000000] [workload/INFO] Loading JSON workload '/github-simgrid/batsim-v2.0.0/workload_profiles/dynamic-mapping-npb.json'...
[0.000000] [profiles/INFO] base_dir = '/github-simgrid/batsim-v2.0.0/workload_profiles'
[0.000000] [profiles/INFO] Filenames of profile 'LU.S.4': [/github-simgrid/batsim-v2.0.0/workload_profiles/smpi/npb/LU.S.4_files/1543212543.837546_rank-1.txt, /github-simgrid/batsim-v2.0.0/workload_profiles/smpi/npb/LU.S.4_files/1543212543.837546_rank-2.txt, /github-simgrid/batsim-v2.0.0/workload_profiles/smpi/npb/LU.S.4_files/1543212543.837546_rank-3.txt, /github-simgrid/batsim-v2.0.0/workload_profiles/smpi/npb/LU.S.4_files/1543212543.837546_rank-4.txt]
[0.000000] [profiles/INFO] base_dir = '/github-simgrid/batsim-v2.0.0/workload_profiles'
[0.000000] [profiles/INFO] Filenames of profile 'LU.S.16': [/github-simgrid/batsim-v2.0.0/workload_profiles/smpi/npb/LU.S.16_files/1543212598.643994_rank-1.txt, /github-simgrid/batsim-v2.0.0/workload_profiles/smpi/npb/LU.S.16_files/1543212598.643994_rank-2.txt, /github-simgrid/batsim-v2.0.0/workload_profiles/smpi/npb/LU.S.16_files/1543212598.643994_rank-3.txt, /github-simgrid/batsim-v2.0.0/workload_profiles/smpi/npb/LU.S.16_files/1543212598.643994_rank-4.txt, /github-simgrid/batsim-v2.0.0/workload_profiles/smpi/npb/LU.S.16_files/1543212598.643994_rank-5.txt, /github-simgrid/batsim-v2.0.0/workload_profiles/smpi/npb/LU.S.16_files/1543212598.643994_rank-6.txt, /github-simgrid/batsim-v2.0.0/workload_profiles/smpi/npb/LU.S.16_files/1543212598.643994_rank-7.txt, /github-simgrid/batsim-v2.0.0/workload_profiles/smpi/npb/LU.S.16_files/1543212598.643994_rank-8.txt, /github-simgrid/batsim-v2.0.0/workload_profiles/smpi/npb/LU.S.16_files/1543212598.643994_rank-9.txt, /github-simgrid/batsim-v2.0.0/workload_profiles/smpi/npb/LU.S.16_files/1543212598.643994_rank-10.txt, /github-simgrid/batsim-v2.0.0/workload_profiles/smpi/npb/LU.S.16_files/1543212598.643994_rank-11.txt, /github-simgrid/batsim-v2.0.0/workload_profiles/smpi/npb/LU.S.16_files/1543212598.643994_rank-12.txt, /github-simgrid/batsim-v2.0.0/workload_profiles/smpi/npb/LU.S.16_files/1543212598.643994_rank-13.txt, /github-simgrid/batsim-v2.0.0/workload_profiles/smpi/npb/LU.S.16_files/1543212598.643994_rank-14.txt, /github-simgrid/batsim-v2.0.0/workload_profiles/smpi/npb/LU.S.16_files/1543212598.643994_rank-15.txt, /github-simgrid/batsim-v2.0.0/workload_profiles/smpi/npb/LU.S.16_files/1543212598.643994_rank-16.txt]
[0.000000] [workload/INFO] JSON workload parsed sucessfully. Read 2 jobs and 2 profiles.
[0.000000] [workload/INFO] Checking workload validity...
[0.000000] [workload/INFO] Workload seems to be valid.
[0.000000] [batsim/INFO] Checking whether SMPI is used or not...
[0.000000] [batsim/INFO] SMPI will be used.
[0.000000] [workload/INFO] Registering SMPI applications of workload 'b1fac0'...
[0.000000] [workload/INFO] Registering app. instance='b1fac0!1', nb_process=4
[0.000000] [workload/INFO] Registering app. instance='b1fac0!2', nb_process=16
[0.000000] [workload/INFO] SMPI applications of workload 'b1fac0' have been registered.
[0.000000] [smpi_kernel/INFO] You did not set the power of the host running the simulation.  The timings will certainly not be accurate.  Use the option "--cfg=smpi/host-speed:<flops>" to set its value.Check http://simgrid.org/simgrid/latest/doc/options.html#options_smpi_bench for more information.
[0.000000] [machines/INFO] Creating the machines from platform file 'batsim-v2.0.0/platforms/torus-64.xml'...
[0.000000] [machines/INFO] Looking for master host 'node-64.simgrid.org'
[0.000000] [machines/INFO] Looking for parallel file system host (LCST) 'pfs_host'
[0.000000] [machines/INFO] Looking for parallel file system host (HPST) 'hpst_host'
[0.000000] /tmp/nix-build-batsim-2.0.0.drv-0/batsim-v2.0.0-dc9abe94777739b8543eb20872cb8011c8585f38/src/machines.cpp:266: [machines/WARNING] Could not find pfs_host 'pfs_host'!
[0.000000] /tmp/nix-build-batsim-2.0.0.drv-0/batsim-v2.0.0-dc9abe94777739b8543eb20872cb8011c8585f38/src/machines.cpp:270: [machines/WARNING] Could not find hpst_host 'hpst_host'!
[0.000000] [machines/INFO] The machines have been created successfully. There are 64 computing machines.
[0.000000] [batsim/INFO] Batsim's export prefix is 'dynamic-mapping-npb-out/out'.
[0.000000] [batsim/INFO] The process 'workload_submitter_b1fac0' has been created.
[0.000000] [batsim/INFO] The process 'server' has been created.
[node-64.simgrid.org:Scheduler REQ-REP:(3) 0.000000] [network/INFO] Sending '{"now":0.000000,"events":[{"timestamp":0.000000,"type":"SIMULATION_BEGINS","data":{"nb_resources":64,"allow_time_sharing":false,"config":{"redis":{"enabled":false,"hostname":"127.0.0.1","port":6379,"prefix":"default"},"job_submission":{"forward_profiles":false,"from_scheduler":{"enabled":false,"acknowledge":true}}},"resources_data":[{"id":0,"name":"node-0.simgrid.org","state":"idle","properties":{}},{"id":1,"name":"node-1.simgrid.org","state":"idle","properties":{}},{"id":2,"name":"node-2.simgrid.org","state":"idle","properties":{}},{"id":3,"name":"node-3.simgrid.org","state":"idle","properties":{}},{"id":4,"name":"node-4.simgrid.org","state":"idle","properties":{}},{"id":5,"name":"node-5.simgrid.org","state":"idle","properties":{}},{"id":6,"name":"node-6.simgrid.org","state":"idle","properties":{}},{"id":7,"name":"node-7.simgrid.org","state":"idle","properties":{}},{"id":8,"name":"node-8.simgrid.org","state":"idle","properties":{}},{"id":9,"name":"node-9.simgrid.org","state":"idle","properties":{}},{"id":10,"name":"node-10.simgrid.org","state":"idle","properties":{}},{"id":11,"name":"node-11.simgrid.org","state":"idle","properties":{}},{"id":12,"name":"node-12.simgrid.org","state":"idle","properties":{}},{"id":13,"name":"node-13.simgrid.org","state":"idle","properties":{}},{"id":14,"name":"node-14.simgrid.org","state":"idle","properties":{}},{"id":15,"name":"node-15.simgrid.org","state":"idle","properties":{}},{"id":16,"name":"node-16.simgrid.org","state":"idle","properties":{}},{"id":17,"name":"node-17.simgrid.org","state":"idle","properties":{}},{"id":18,"name":"node-18.simgrid.org","state":"idle","properties":{}},{"id":19,"name":"node-19.simgrid.org","state":"idle","properties":{}},{"id":20,"name":"node-20.simgrid.org","state":"idle","properties":{}},{"id":21,"name":"node-21.simgrid.org","state":"idle","properties":{}},{"id":22,"name":"node-22.simgrid.org","state":"idle","properties":{}},{"id":23,"name":"node-23.simgrid.org","state":"idle","properties":{}},{"id":24,"name":"node-24.simgrid.org","state":"idle","properties":{}},{"id":25,"name":"node-25.simgrid.org","state":"idle","properties":{}},{"id":26,"name":"node-26.simgrid.org","state":"idle","properties":{}},{"id":27,"name":"node-27.simgrid.org","state":"idle","properties":{}},{"id":28,"name":"node-28.simgrid.org","state":"idle","properties":{}},{"id":29,"name":"node-29.simgrid.org","state":"idle","properties":{}},{"id":30,"name":"node-30.simgrid.org","state":"idle","properties":{}},{"id":31,"name":"node-31.simgrid.org","state":"idle","properties":{}},{"id":32,"name":"node-32.simgrid.org","state":"idle","properties":{}},{"id":33,"name":"node-33.simgrid.org","state":"idle","properties":{}},{"id":34,"name":"node-34.simgrid.org","state":"idle","properties":{}},{"id":35,"name":"node-35.simgrid.org","state":"idle","properties":{}},{"id":36,"name":"node-36.simgrid.org","state":"idle","properties":{}},{"id":37,"name":"node-37.simgrid.org","state":"idle","properties":{}},{"id":38,"name":"node-38.simgrid.org","state":"idle","properties":{}},{"id":39,"name":"node-39.simgrid.org","state":"idle","properties":{}},{"id":40,"name":"node-40.simgrid.org","state":"idle","properties":{}},{"id":41,"name":"node-41.simgrid.org","state":"idle","properties":{}},{"id":42,"name":"node-42.simgrid.org","state":"idle","properties":{}},{"id":43,"name":"node-43.simgrid.org","state":"idle","properties":{}},{"id":44,"name":"node-44.simgrid.org","state":"idle","properties":{}},{"id":45,"name":"node-45.simgrid.org","state":"idle","properties":{}},{"id":46,"name":"node-46.simgrid.org","state":"idle","properties":{}},{"id":47,"name":"node-47.simgrid.org","state":"idle","properties":{}},{"id":48,"name":"node-48.simgrid.org","state":"idle","properties":{}},{"id":49,"name":"node-49.simgrid.org","state":"idle","properties":{}},{"id":50,"name":"node-50.simgrid.org","state":"idle","properties":{}},{"id":51,"name":"node-51.simgrid.org","state":"idle","properties":{}},{"id":52,"name":"node-52.simgrid.org","state":"idle","properties":{}},{"id":53,"name":"node-53.simgrid.org","state":"idle","properties":{}},{"id":54,"name":"node-54.simgrid.org","state":"idle","properties":{}},{"id":55,"name":"node-55.simgrid.org","state":"idle","properties":{}},{"id":56,"name":"node-56.simgrid.org","state":"idle","properties":{}},{"id":57,"name":"node-57.simgrid.org","state":"idle","properties":{}},{"id":58,"name":"node-58.simgrid.org","state":"idle","properties":{}},{"id":59,"name":"node-59.simgrid.org","state":"idle","properties":{}},{"id":60,"name":"node-60.simgrid.org","state":"idle","properties":{}},{"id":61,"name":"node-61.simgrid.org","state":"idle","properties":{}},{"id":62,"name":"node-62.simgrid.org","state":"idle","properties":{}},{"id":63,"name":"node-63.simgrid.org","state":"idle","properties":{}}],"workloads":{"b1fac0":"/github-simgrid/batsim-v2.0.0/workload_profiles/dynamic-mapping-npb.json"}}}]}'
[node-64.simgrid.org:Scheduler REQ-REP:(3) 0.000000] [network/INFO] Received '{"now":0.0,"events":[]}'
[node-64.simgrid.org:server:(2) 0.000000] [server/INFO] Server received a message of type SUBMITTER_HELLO:
[node-64.simgrid.org:server:(2) 0.000000] [server/INFO] New submitter said hello. Number of polite submitters: 1
[node-64.simgrid.org:server:(2) 0.000000] [server/INFO] Server received a message of type SCHED_READY:
[node-64.simgrid.org:server:(2) 10.000000] [server/INFO] Server received a message of type JOB_SUBMITTED:
[node-64.simgrid.org:server:(2) 10.000000] [server/INFO] Job received: b1fac0!1

[node-64.simgrid.org:server:(2) 10.000000] [server/INFO] Workloads: b1fac0: b1fac0 
[node-64.simgrid.org:server:(2) 10.000000] [server/INFO] Job b1fac0!1 SUBMITTED. 1 jobs submitted so far
[node-64.simgrid.org:Scheduler REQ-REP:(4) 10.000000] [network/INFO] Sending '{"now":10.000000,"events":[{"timestamp":10.000000,"type":"JOB_SUBMITTED","data":{"job_id":"b1fac0!1","job":{"id":"b1fac0!1","subtime":10,"walltime":100,"res":4,"profile":"LU.S.4"}}}]}'
[node-64.simgrid.org:Scheduler REQ-REP:(4) 10.000000] [network/INFO] Received '{"now":10.0,"events":[{"timestamp":10.0,"type":"EXECUTE_JOB","data":{"job_id":"b1fac0!1","alloc":"0-3"}}]}'
[node-64.simgrid.org:server:(2) 10.000000] [server/INFO] Server received a message of type SCHED_EXECUTE_JOB:
[node-0.simgrid.org:job_b1fac0!1:(5) 10.000000] [jobs_execution/INFO] Hello!
[node-0.simgrid.org:b1fac0!1_0:(6) 10.000000] [jobs_execution/INFO] Launching smpi_replay_run
[node-0.simgrid.org:job_b1fac0!1:(5) 10.000000] [jobs_execution/INFO] Hello!
[node-1.simgrid.org:b1fac0!1_1:(7) 10.000000] [jobs_execution/INFO] Launching smpi_replay_run
[node-0.simgrid.org:job_b1fac0!1:(5) 10.000000] [jobs_execution/INFO] Hello!
[node-2.simgrid.org:b1fac0!1_2:(8) 10.000000] [jobs_execution/INFO] Launching smpi_replay_run
[node-0.simgrid.org:job_b1fac0!1:(5) 10.000000] [jobs_execution/INFO] Hello!
[node-3.simgrid.org:b1fac0!1_3:(9) 10.000000] [jobs_execution/INFO] Launching smpi_replay_run
[node-64.simgrid.org:server:(2) 10.000000] [server/INFO] Server received a message of type SCHED_READY:
[node-3.simgrid.org:b1fac0!1_3:(9) 12.395844] [jobs_execution/INFO] smpi_replay_run finished
[node-0.simgrid.org:b1fac0!1_0:(6) 12.395844] [jobs_execution/INFO] smpi_replay_run finished
[node-1.simgrid.org:b1fac0!1_1:(7) 12.395844] [jobs_execution/INFO] smpi_replay_run finished
[node-0.simgrid.org:job_b1fac0!1:(5) 12.395844] [jobs_execution/INFO] Job b1fac0!1 finished in time (success)
dynamic-mapping-npb-out/cmd/batsim.bash: line 1: 46450 Killed                  batsim -p batsim-v2.0.0/platforms/torus-64.xml -w batsim-v2.0.0/workload_profiles/dynamic-mapping-npb.json -e dynamic-mapping-npb-out/out -m node-64.simgrid.org
