#This file was generated using SimGrid-3.21.90
#[bin/is.S.4 --cfg=smpi/privatization:1 --cfg=tracing:yes --cfg=tracing/filename:smpi_simgrid.trace --cfg=tracing/smpi:yes --cfg=surf/precision:1e-9 --cfg=network/model:SMPI --cfg=tracing/filename:is.S.4.trace ../cluster_crossbar.xml smpitmp-appkrnUTt ]
%EventDef PajeDefineContainerType 0
%       Alias string
%       Type string
%       Name string
%EndEventDef
%EventDef PajeDefineVariableType 1
%       Alias string
%       Type string
%       Name string
%       Color color
%EndEventDef
%EventDef PajeDefineStateType 2
%       Alias string
%       Type string
%       Name string
%EndEventDef
%EventDef PajeDefineEventType 3
%       Alias string
%       Type string
%       Name string
%EndEventDef
%EventDef PajeDefineLinkType 4
%       Alias string
%       Type string
%       StartContainerType string
%       EndContainerType string
%       Name string
%EndEventDef
%EventDef PajeDefineEntityValue 5
%       Alias string
%       Type string
%       Name string
%       Color color
%EndEventDef
%EventDef PajeCreateContainer 6
%       Time date
%       Alias string
%       Type string
%       Container string
%       Name string
%EndEventDef
%EventDef PajeDestroyContainer 7
%       Time date
%       Type string
%       Name string
%EndEventDef
%EventDef PajeSetVariable 8
%       Time date
%       Type string
%       Container string
%       Value double
%EndEventDef
%EventDef PajeAddVariable 9
%       Time date
%       Type string
%       Container string
%       Value double
%EndEventDef
%EventDef PajeSubVariable 10
%       Time date
%       Type string
%       Container string
%       Value double
%EndEventDef
%EventDef PajeSetState 11
%       Time date
%       Type string
%       Container string
%       Value string
%EndEventDef
%EventDef PajePushState 12
%       Time date
%       Type string
%       Container string
%       Value string
%EndEventDef
%EventDef PajePopState 13
%       Time date
%       Type string
%       Container string
%EndEventDef
%EventDef PajeResetState 14
%       Time date
%       Type string
%       Container string
%EndEventDef
%EventDef PajeStartLink 15
%       Time date
%       Type string
%       Container string
%       Value string
%       StartContainer string
%       Key string
%EndEventDef
%EventDef PajeEndLink 16
%       Time date
%       Type string
%       Container string
%       Value string
%       EndContainer string
%       Key string
%EndEventDef
%EventDef PajeNewEvent 17
%       Time date
%       Type string
%       Container string
%       Value string
%EndEventDef
0 1 0 MPI
2 2 1 MPI_STATE
4 3 0 1 1 MPI_LINK
4 4 0 1 1 MIGRATE_LINK
2 5 1 MIGRATE_STATE
6 0.000000 1 1 0 "rank-1"
5 6 2 PMPI_Init "0 1 0"
6 0.000000 2 1 0 "rank-2"
6 0.000000 3 1 0 "rank-3"
6 0.000000 4 1 0 "rank-4"
12 0.000000 2 1 6
13 0.000000 2 1
12 0.000000 2 2 6
13 0.000000 2 2
12 0.000000 2 3 6
13 0.000000 2 3
12 0.000000 2 4 6
13 0.000000 2 4
5 7 2 PMPI_Bcast "0 0.78 0.39"
5 8 2 PMPI_Allreduce "1 0 1"
5 9 2 PMPI_Alltoall "0.52 0 1"
5 10 2 PMPI_Alltoallv "0.78 0.52 1"
5 11 2 PMPI_Reduce "0 1 0"
5 12 2 PMPI_Irecv "1 0.52 0.52"
5 13 2 PMPI_Send "0 0 1"
5 14 2 PMPI_Wait "1 1 0"
5 15 2 PMPI_Finalize "0 1 0"
12 0.000000 2 3 7
12 0.000000 2 4 7
12 0.000000 2 2 7
12 0.000000 2 1 7
13 0.000000 2 1
12 0.000000 2 1 8
13 0.000202 2 2
13 0.000202 2 3
12 0.000202 2 3 8
12 0.000202 2 2 8
13 0.000403 2 4
12 0.000403 2 4 8
13 0.000591 2 1
12 0.000591 2 1 9
13 0.000787 2 2
13 0.000787 2 3
12 0.000787 2 3 9
12 0.000787 2 2 9
13 0.000975 2 4
12 0.000975 2 4 9
13 0.001176 2 1
13 0.001176 2 2
12 0.001176 2 2 10
13 0.001176 2 3
13 0.001176 2 4
12 0.001176 2 4 10
12 0.001176 2 1 10
12 0.001176 2 3 10
13 0.001947 2 2
12 0.001947 2 2 8
13 0.001951 2 4
12 0.001951 2 4 8
13 0.001952 2 3
12 0.001952 2 3 8
13 0.001960 2 1
12 0.001960 2 1 8
13 0.002172 2 1
12 0.002172 2 1 9
13 0.002367 2 2
13 0.002367 2 3
12 0.002367 2 3 9
12 0.002367 2 2 9
13 0.002555 2 4
12 0.002555 2 4 9
13 0.002757 2 1
12 0.002757 2 1 10
13 0.002757 2 2
12 0.002757 2 2 10
13 0.002757 2 3
12 0.002757 2 3 10
13 0.002757 2 4
12 0.002757 2 4 10
13 0.003528 2 2
12 0.003528 2 2 8
13 0.003531 2 4
12 0.003531 2 4 8
13 0.003533 2 3
12 0.003533 2 3 8
13 0.003540 2 1
12 0.003540 2 1 8
13 0.003753 2 1
12 0.003753 2 1 9
13 0.003948 2 2
13 0.003948 2 3
12 0.003948 2 3 9
12 0.003948 2 2 9
13 0.004136 2 4
12 0.004136 2 4 9
13 0.004338 2 1
13 0.004338 2 2
12 0.004338 2 2 10
13 0.004338 2 3
12 0.004338 2 3 10
13 0.004338 2 4
12 0.004338 2 4 10
12 0.004338 2 1 10
13 0.005108 2 2
12 0.005108 2 2 8
13 0.005112 2 4
12 0.005112 2 4 8
13 0.005113 2 3
12 0.005113 2 3 8
13 0.005121 2 1
12 0.005121 2 1 8
13 0.005333 2 1
12 0.005333 2 1 9
13 0.005529 2 2
13 0.005529 2 3
12 0.005529 2 3 9
12 0.005529 2 2 9
13 0.005717 2 4
12 0.005717 2 4 9
13 0.005918 2 1
12 0.005918 2 1 10
13 0.005918 2 2
12 0.005918 2 2 10
13 0.005918 2 3
12 0.005918 2 3 10
13 0.005918 2 4
12 0.005918 2 4 10
13 0.006689 2 2
12 0.006689 2 2 8
13 0.006693 2 4
12 0.006693 2 4 8
13 0.006694 2 3
12 0.006694 2 3 8
13 0.006702 2 1
12 0.006702 2 1 8
13 0.006914 2 1
12 0.006914 2 1 9
13 0.007109 2 2
13 0.007109 2 3
12 0.007109 2 3 9
12 0.007109 2 2 9
13 0.007298 2 4
12 0.007298 2 4 9
13 0.007499 2 1
12 0.007499 2 1 10
13 0.007499 2 2
12 0.007499 2 2 10
13 0.007499 2 3
12 0.007499 2 3 10
13 0.007499 2 4
12 0.007499 2 4 10
13 0.008270 2 2
12 0.008270 2 2 8
13 0.008274 2 4
12 0.008274 2 4 8
13 0.008275 2 3
12 0.008275 2 3 8
13 0.008283 2 1
12 0.008283 2 1 8
13 0.008495 2 1
12 0.008495 2 1 9
13 0.008690 2 2
13 0.008690 2 3
12 0.008690 2 3 9
12 0.008690 2 2 9
13 0.008878 2 4
12 0.008878 2 4 9
13 0.009080 2 1
12 0.009080 2 1 10
13 0.009080 2 2
12 0.009080 2 2 10
13 0.009080 2 3
12 0.009080 2 3 10
13 0.009080 2 4
12 0.009080 2 4 10
13 0.009850 2 2
12 0.009850 2 2 8
13 0.009854 2 4
12 0.009854 2 4 8
13 0.009855 2 3
12 0.009855 2 3 8
13 0.009863 2 1
12 0.009863 2 1 8
13 0.010076 2 1
12 0.010076 2 1 9
13 0.010271 2 2
13 0.010271 2 3
12 0.010271 2 3 9
12 0.010271 2 2 9
13 0.010459 2 4
12 0.010459 2 4 9
13 0.010661 2 1
12 0.010661 2 1 10
13 0.010661 2 2
12 0.010661 2 2 10
13 0.010661 2 3
12 0.010661 2 3 10
13 0.010661 2 4
12 0.010661 2 4 10
13 0.011431 2 2
12 0.011431 2 2 8
13 0.011435 2 4
12 0.011435 2 4 8
13 0.011436 2 3
12 0.011436 2 3 8
13 0.011444 2 1
12 0.011444 2 1 8
13 0.011656 2 1
12 0.011656 2 1 9
13 0.011851 2 2
13 0.011851 2 3
12 0.011851 2 3 9
12 0.011851 2 2 9
13 0.012040 2 4
12 0.012040 2 4 9
13 0.012241 2 1
12 0.012241 2 1 10
13 0.012241 2 2
12 0.012241 2 2 10
13 0.012241 2 3
12 0.012241 2 3 10
13 0.012241 2 4
12 0.012241 2 4 10
13 0.013012 2 2
12 0.013012 2 2 8
13 0.013016 2 4
12 0.013016 2 4 8
13 0.013017 2 3
12 0.013017 2 3 8
13 0.013025 2 1
12 0.013025 2 1 8
13 0.013237 2 1
12 0.013237 2 1 9
13 0.013432 2 2
13 0.013432 2 3
12 0.013432 2 3 9
12 0.013432 2 2 9
13 0.013620 2 4
12 0.013620 2 4 9
13 0.013822 2 1
13 0.013822 2 2
12 0.013822 2 2 10
13 0.013822 2 3
12 0.013822 2 3 10
13 0.013822 2 4
12 0.013822 2 4 10
12 0.013822 2 1 10
13 0.014592 2 2
12 0.014592 2 2 8
13 0.014597 2 4
12 0.014597 2 4 8
13 0.014597 2 3
12 0.014597 2 3 8
13 0.014605 2 1
12 0.014605 2 1 8
13 0.014818 2 1
12 0.014818 2 1 9
13 0.015013 2 2
13 0.015013 2 3
12 0.015013 2 3 9
12 0.015013 2 2 9
13 0.015201 2 4
12 0.015201 2 4 9
13 0.015403 2 1
12 0.015403 2 1 10
13 0.015403 2 2
12 0.015403 2 2 10
13 0.015403 2 3
12 0.015403 2 3 10
13 0.015403 2 4
12 0.015403 2 4 10
13 0.016173 2 2
12 0.016173 2 2 8
13 0.016178 2 4
12 0.016178 2 4 8
13 0.016178 2 3
12 0.016178 2 3 8
13 0.016186 2 1
12 0.016186 2 1 8
13 0.016398 2 1
12 0.016398 2 1 9
13 0.016594 2 2
13 0.016594 2 3
12 0.016594 2 3 9
12 0.016594 2 2 9
13 0.016782 2 4
12 0.016782 2 4 9
13 0.016983 2 1
12 0.016983 2 1 10
13 0.016983 2 2
12 0.016983 2 2 10
13 0.016983 2 3
12 0.016983 2 3 10
13 0.016983 2 4
12 0.016983 2 4 10
13 0.017753 2 2
12 0.017753 2 2 11
13 0.017753 2 2
12 0.017753 2 2 12
13 0.017753 2 2
12 0.017753 2 2 13
15 0.017753 3 0 PTP 2 2_3_1000_1
13 0.017753 2 2
12 0.017753 2 2 14
13 0.017758 2 4
12 0.017758 2 4 11
13 0.017758 2 4
12 0.017758 2 4 12
13 0.017758 2 4
12 0.017758 2 4 14
13 0.017758 2 3
12 0.017758 2 3 11
13 0.017758 2 3
12 0.017758 2 3 12
13 0.017758 2 3
12 0.017758 2 3 13
15 0.017758 3 0 PTP 3 3_4_1000_2
13 0.017758 2 3
12 0.017758 2 3 14
13 0.017767 2 1
12 0.017767 2 1 11
13 0.017960 2 3
16 0.017960 3 0 PTP 3 2_3_1000_1
13 0.017960 2 4
16 0.017960 3 0 PTP 4 3_4_1000_2
12 0.017960 2 4 11
12 0.017960 2 3 11
13 0.017960 2 4
13 0.017960 2 3
12 0.017960 2 3 15
12 0.017960 2 4 15
13 0.017968 2 1
12 0.017968 2 1 13
15 0.017968 3 0 PTP 1 1_2_1000_3
13 0.017968 2 1
12 0.017968 2 1 11
13 0.018170 2 2
16 0.018170 3 0 PTP 2 1_2_1000_3
12 0.018170 2 2 11
13 0.018170 2 2
12 0.018170 2 2 15
13 0.018371 2 1
12 0.018371 2 1 15
13 0.018371 2 1
7 0.018371 1 1
13 0.018371 2 3
7 0.018371 1 3
13 0.018371 2 4
7 0.018371 1 4
13 0.018371 2 2
7 0.018371 1 2
