#This file was generated using SimGrid-3.21.90
#[bin/is.S.8 --cfg=smpi/privatization:1 --cfg=tracing:yes --cfg=tracing/filename:smpi_simgrid.trace --cfg=tracing/smpi:yes --cfg=surf/precision:1e-9 --cfg=network/model:SMPI --cfg=tracing/filename:is.S.8.trace ../cluster_crossbar.xml smpitmp-appu86Clf ]
%EventDef PajeDefineContainerType 0
%       Alias string
%       Type string
%       Name string
%EndEventDef
%EventDef PajeDefineVariableType 1
%       Alias string
%       Type string
%       Name string
%       Color color
%EndEventDef
%EventDef PajeDefineStateType 2
%       Alias string
%       Type string
%       Name string
%EndEventDef
%EventDef PajeDefineEventType 3
%       Alias string
%       Type string
%       Name string
%EndEventDef
%EventDef PajeDefineLinkType 4
%       Alias string
%       Type string
%       StartContainerType string
%       EndContainerType string
%       Name string
%EndEventDef
%EventDef PajeDefineEntityValue 5
%       Alias string
%       Type string
%       Name string
%       Color color
%EndEventDef
%EventDef PajeCreateContainer 6
%       Time date
%       Alias string
%       Type string
%       Container string
%       Name string
%EndEventDef
%EventDef PajeDestroyContainer 7
%       Time date
%       Type string
%       Name string
%EndEventDef
%EventDef PajeSetVariable 8
%       Time date
%       Type string
%       Container string
%       Value double
%EndEventDef
%EventDef PajeAddVariable 9
%       Time date
%       Type string
%       Container string
%       Value double
%EndEventDef
%EventDef PajeSubVariable 10
%       Time date
%       Type string
%       Container string
%       Value double
%EndEventDef
%EventDef PajeSetState 11
%       Time date
%       Type string
%       Container string
%       Value string
%EndEventDef
%EventDef PajePushState 12
%       Time date
%       Type string
%       Container string
%       Value string
%EndEventDef
%EventDef PajePopState 13
%       Time date
%       Type string
%       Container string
%EndEventDef
%EventDef PajeResetState 14
%       Time date
%       Type string
%       Container string
%EndEventDef
%EventDef PajeStartLink 15
%       Time date
%       Type string
%       Container string
%       Value string
%       StartContainer string
%       Key string
%EndEventDef
%EventDef PajeEndLink 16
%       Time date
%       Type string
%       Container string
%       Value string
%       EndContainer string
%       Key string
%EndEventDef
%EventDef PajeNewEvent 17
%       Time date
%       Type string
%       Container string
%       Value string
%EndEventDef
0 1 0 MPI
2 2 1 MPI_STATE
4 3 0 1 1 MPI_LINK
4 4 0 1 1 MIGRATE_LINK
2 5 1 MIGRATE_STATE
6 0.000000 1 1 0 "rank-1"
5 6 2 PMPI_Init "0 1 0"
6 0.000000 2 1 0 "rank-2"
6 0.000000 3 1 0 "rank-3"
6 0.000000 4 1 0 "rank-4"
6 0.000000 5 1 0 "rank-5"
6 0.000000 6 1 0 "rank-6"
6 0.000000 7 1 0 "rank-7"
6 0.000000 8 1 0 "rank-8"
12 0.000000 2 1 6
13 0.000000 2 1
12 0.000000 2 2 6
13 0.000000 2 2
12 0.000000 2 3 6
13 0.000000 2 3
12 0.000000 2 4 6
13 0.000000 2 4
12 0.000000 2 5 6
13 0.000000 2 5
12 0.000000 2 6 6
13 0.000000 2 6
12 0.000000 2 7 6
13 0.000000 2 7
12 0.000000 2 8 6
13 0.000000 2 8
5 7 2 PMPI_Bcast "0 0.78 0.39"
5 8 2 PMPI_Allreduce "1 0 1"
5 9 2 PMPI_Alltoall "0.52 0 1"
5 10 2 PMPI_Alltoallv "0.78 0.52 1"
5 11 2 PMPI_Reduce "0 1 0"
5 12 2 PMPI_Irecv "1 0.52 0.52"
5 13 2 PMPI_Send "0 0 1"
5 14 2 PMPI_Wait "1 1 0"
5 15 2 PMPI_Finalize "0 1 0"
12 0.000000 2 7 7
12 0.000000 2 6 7
12 0.000000 2 3 7
12 0.000000 2 5 7
12 0.000000 2 4 7
12 0.000000 2 8 7
12 0.000000 2 2 7
12 0.000000 2 1 7
13 0.000000 2 1
12 0.000000 2 1 8
13 0.000202 2 2
13 0.000202 2 3
13 0.000202 2 5
12 0.000202 2 3 8
12 0.000202 2 2 8
12 0.000202 2 5 8
13 0.000403 2 4
12 0.000403 2 4 8
13 0.000403 2 6
13 0.000403 2 7
12 0.000403 2 6 8
12 0.000403 2 7 8
13 0.000605 2 8
12 0.000605 2 8 8
13 0.000793 2 1
12 0.000793 2 1 9
13 0.001005 2 2
13 0.001005 2 3
13 0.001005 2 5
12 0.001005 2 5 9
12 0.001005 2 3 9
12 0.001005 2 2 9
13 0.001193 2 4
12 0.001193 2 4 9
13 0.001200 2 6
13 0.001200 2 7
12 0.001200 2 7 9
12 0.001200 2 6 9
13 0.001389 2 8
12 0.001389 2 8 9
13 0.001590 2 1
13 0.001590 2 2
12 0.001590 2 2 10
13 0.001590 2 3
13 0.001590 2 4
13 0.001590 2 5
13 0.001590 2 6
13 0.001590 2 7
13 0.001590 2 8
12 0.001590 2 6 10
12 0.001590 2 7 10
12 0.001590 2 4 10
12 0.001590 2 8 10
12 0.001590 2 3 10
12 0.001590 2 1 10
12 0.001590 2 5 10
13 0.002028 2 6
12 0.002028 2 6 8
13 0.002028 2 7
12 0.002028 2 7 8
13 0.002028 2 3
12 0.002028 2 3 8
13 0.002029 2 4
12 0.002029 2 4 8
13 0.002030 2 1
12 0.002030 2 1 8
13 0.002031 2 8
12 0.002031 2 8 8
13 0.002033 2 2
12 0.002033 2 2 8
13 0.002034 2 5
12 0.002034 2 5 8
13 0.002310 2 1
12 0.002310 2 1 9
13 0.002522 2 2
13 0.002522 2 3
13 0.002522 2 5
12 0.002522 2 3 9
12 0.002522 2 5 9
12 0.002522 2 2 9
13 0.002711 2 4
12 0.002711 2 4 9
13 0.002718 2 6
13 0.002718 2 7
12 0.002718 2 7 9
12 0.002718 2 6 9
13 0.002906 2 8
12 0.002906 2 8 9
13 0.003108 2 1
12 0.003108 2 1 10
13 0.003108 2 2
12 0.003108 2 2 10
13 0.003108 2 3
12 0.003108 2 3 10
13 0.003108 2 4
12 0.003108 2 4 10
13 0.003108 2 5
12 0.003108 2 5 10
13 0.003108 2 6
12 0.003108 2 6 10
13 0.003108 2 7
12 0.003108 2 7 10
13 0.003108 2 8
12 0.003108 2 8 10
13 0.003545 2 6
12 0.003545 2 6 8
13 0.003545 2 7
12 0.003545 2 7 8
13 0.003546 2 3
12 0.003546 2 3 8
13 0.003546 2 4
12 0.003546 2 4 8
13 0.003547 2 1
12 0.003547 2 1 8
13 0.003549 2 8
12 0.003549 2 8 8
13 0.003550 2 2
12 0.003550 2 2 8
13 0.003551 2 5
12 0.003551 2 5 8
13 0.003828 2 1
12 0.003828 2 1 9
13 0.004040 2 2
13 0.004040 2 3
13 0.004040 2 5
12 0.004040 2 5 9
12 0.004040 2 3 9
12 0.004040 2 2 9
13 0.004228 2 4
12 0.004228 2 4 9
13 0.004235 2 6
13 0.004235 2 7
12 0.004235 2 7 9
12 0.004235 2 6 9
13 0.004423 2 8
12 0.004423 2 8 9
13 0.004625 2 1
12 0.004625 2 1 10
13 0.004625 2 2
12 0.004625 2 2 10
13 0.004625 2 3
12 0.004625 2 3 10
13 0.004625 2 4
12 0.004625 2 4 10
13 0.004625 2 5
12 0.004625 2 5 10
13 0.004625 2 6
12 0.004625 2 6 10
13 0.004625 2 7
12 0.004625 2 7 10
13 0.004625 2 8
12 0.004625 2 8 10
13 0.005062 2 6
12 0.005062 2 6 8
13 0.005062 2 7
12 0.005062 2 7 8
13 0.005063 2 3
12 0.005063 2 3 8
13 0.005063 2 4
12 0.005063 2 4 8
13 0.005064 2 1
12 0.005064 2 1 8
13 0.005066 2 8
12 0.005066 2 8 8
13 0.005067 2 2
12 0.005067 2 2 8
13 0.005068 2 5
12 0.005068 2 5 8
13 0.005345 2 1
12 0.005345 2 1 9
13 0.005557 2 2
13 0.005557 2 3
13 0.005557 2 5
12 0.005557 2 5 9
12 0.005557 2 3 9
12 0.005557 2 2 9
13 0.005745 2 4
12 0.005745 2 4 9
13 0.005752 2 6
13 0.005752 2 7
12 0.005752 2 6 9
12 0.005752 2 7 9
13 0.005941 2 8
12 0.005941 2 8 9
13 0.006142 2 1
12 0.006142 2 1 10
13 0.006142 2 2
12 0.006142 2 2 10
13 0.006142 2 3
12 0.006142 2 3 10
13 0.006142 2 4
12 0.006142 2 4 10
13 0.006142 2 5
12 0.006142 2 5 10
13 0.006142 2 6
12 0.006142 2 6 10
13 0.006142 2 7
12 0.006142 2 7 10
13 0.006142 2 8
12 0.006142 2 8 10
13 0.006580 2 7
12 0.006580 2 7 8
13 0.006580 2 6
12 0.006580 2 6 8
13 0.006580 2 3
12 0.006580 2 3 8
13 0.006581 2 4
12 0.006581 2 4 8
13 0.006582 2 1
12 0.006582 2 1 8
13 0.006583 2 8
12 0.006583 2 8 8
13 0.006585 2 2
12 0.006585 2 2 8
13 0.006586 2 5
12 0.006586 2 5 8
13 0.006862 2 1
12 0.006862 2 1 9
13 0.007074 2 2
13 0.007074 2 3
13 0.007074 2 5
12 0.007074 2 5 9
12 0.007074 2 3 9
12 0.007074 2 2 9
13 0.007263 2 4
12 0.007263 2 4 9
13 0.007270 2 6
13 0.007270 2 7
12 0.007270 2 7 9
12 0.007270 2 6 9
13 0.007458 2 8
12 0.007458 2 8 9
13 0.007660 2 1
13 0.007660 2 2
12 0.007660 2 2 10
13 0.007660 2 3
12 0.007660 2 3 10
13 0.007660 2 4
12 0.007660 2 4 10
13 0.007660 2 5
12 0.007660 2 5 10
13 0.007660 2 6
12 0.007660 2 6 10
13 0.007660 2 7
12 0.007660 2 7 10
13 0.007660 2 8
12 0.007660 2 8 10
12 0.007660 2 1 10
13 0.008097 2 7
12 0.008097 2 7 8
13 0.008097 2 6
12 0.008097 2 6 8
13 0.008098 2 3
12 0.008098 2 3 8
13 0.008098 2 4
12 0.008098 2 4 8
13 0.008099 2 1
12 0.008099 2 1 8
13 0.008101 2 8
12 0.008101 2 8 8
13 0.008102 2 2
12 0.008102 2 2 8
13 0.008103 2 5
12 0.008103 2 5 8
13 0.008379 2 1
12 0.008379 2 1 9
13 0.008592 2 2
13 0.008592 2 3
13 0.008592 2 5
12 0.008592 2 5 9
12 0.008592 2 3 9
12 0.008592 2 2 9
13 0.008780 2 4
12 0.008780 2 4 9
13 0.008787 2 6
13 0.008787 2 7
12 0.008787 2 7 9
12 0.008787 2 6 9
13 0.008975 2 8
12 0.008975 2 8 9
13 0.009177 2 1
12 0.009177 2 1 10
13 0.009177 2 2
12 0.009177 2 2 10
13 0.009177 2 3
12 0.009177 2 3 10
13 0.009177 2 4
12 0.009177 2 4 10
13 0.009177 2 5
12 0.009177 2 5 10
13 0.009177 2 6
12 0.009177 2 6 10
13 0.009177 2 7
12 0.009177 2 7 10
13 0.009177 2 8
12 0.009177 2 8 10
13 0.009614 2 7
12 0.009614 2 7 8
13 0.009614 2 6
12 0.009614 2 6 8
13 0.009615 2 3
12 0.009615 2 3 8
13 0.009615 2 4
12 0.009615 2 4 8
13 0.009616 2 1
12 0.009616 2 1 8
13 0.009618 2 8
12 0.009618 2 8 8
13 0.009619 2 2
12 0.009619 2 2 8
13 0.009620 2 5
12 0.009620 2 5 8
13 0.009897 2 1
12 0.009897 2 1 9
13 0.010109 2 2
13 0.010109 2 3
13 0.010109 2 5
12 0.010109 2 5 9
12 0.010109 2 3 9
12 0.010109 2 2 9
13 0.010297 2 4
12 0.010297 2 4 9
13 0.010304 2 6
13 0.010304 2 7
12 0.010304 2 7 9
12 0.010304 2 6 9
13 0.010492 2 8
12 0.010492 2 8 9
13 0.010694 2 1
12 0.010694 2 1 10
13 0.010694 2 2
12 0.010694 2 2 10
13 0.010694 2 3
12 0.010694 2 3 10
13 0.010694 2 4
12 0.010694 2 4 10
13 0.010694 2 5
12 0.010694 2 5 10
13 0.010694 2 6
12 0.010694 2 6 10
13 0.010694 2 7
12 0.010694 2 7 10
13 0.010694 2 8
12 0.010694 2 8 10
13 0.011131 2 7
12 0.011131 2 7 8
13 0.011131 2 6
12 0.011131 2 6 8
13 0.011132 2 3
12 0.011132 2 3 8
13 0.011133 2 4
12 0.011133 2 4 8
13 0.011133 2 1
12 0.011133 2 1 8
13 0.011135 2 8
12 0.011135 2 8 8
13 0.011136 2 2
12 0.011136 2 2 8
13 0.011138 2 5
12 0.011138 2 5 8
13 0.011414 2 1
12 0.011414 2 1 9
13 0.011626 2 2
13 0.011626 2 3
13 0.011626 2 5
12 0.011626 2 3 9
12 0.011626 2 5 9
12 0.011626 2 2 9
13 0.011815 2 4
12 0.011815 2 4 9
13 0.011821 2 6
13 0.011821 2 7
12 0.011821 2 7 9
12 0.011821 2 6 9
13 0.012010 2 8
12 0.012010 2 8 9
13 0.012211 2 1
12 0.012211 2 1 10
13 0.012211 2 2
12 0.012211 2 2 10
13 0.012211 2 3
12 0.012211 2 3 10
13 0.012211 2 4
12 0.012211 2 4 10
13 0.012211 2 5
12 0.012211 2 5 10
13 0.012211 2 6
12 0.012211 2 6 10
13 0.012211 2 7
12 0.012211 2 7 10
13 0.012211 2 8
12 0.012211 2 8 10
13 0.012649 2 7
12 0.012649 2 7 8
13 0.012649 2 6
12 0.012649 2 6 8
13 0.012649 2 3
12 0.012649 2 3 8
13 0.012650 2 4
12 0.012650 2 4 8
13 0.012651 2 1
12 0.012651 2 1 8
13 0.012653 2 8
12 0.012653 2 8 8
13 0.012654 2 2
12 0.012654 2 2 8
13 0.012655 2 5
12 0.012655 2 5 8
13 0.012931 2 1
12 0.012931 2 1 9
13 0.013144 2 2
13 0.013144 2 3
13 0.013144 2 5
12 0.013144 2 3 9
12 0.013144 2 5 9
12 0.013144 2 2 9
13 0.013332 2 4
12 0.013332 2 4 9
13 0.013339 2 6
13 0.013339 2 7
12 0.013339 2 7 9
12 0.013339 2 6 9
13 0.013527 2 8
12 0.013527 2 8 9
13 0.013729 2 1
12 0.013729 2 1 10
13 0.013729 2 2
12 0.013729 2 2 10
13 0.013729 2 3
12 0.013729 2 3 10
13 0.013729 2 4
12 0.013729 2 4 10
13 0.013729 2 5
12 0.013729 2 5 10
13 0.013729 2 6
12 0.013729 2 6 10
13 0.013729 2 7
12 0.013729 2 7 10
13 0.013729 2 8
12 0.013729 2 8 10
13 0.014166 2 7
12 0.014166 2 7 8
13 0.014166 2 6
12 0.014166 2 6 8
13 0.014166 2 3
12 0.014166 2 3 8
13 0.014167 2 4
12 0.014167 2 4 8
13 0.014168 2 1
12 0.014168 2 1 8
13 0.014170 2 8
12 0.014170 2 8 8
13 0.014171 2 2
12 0.014171 2 2 8
13 0.014172 2 5
12 0.014172 2 5 8
13 0.014449 2 1
12 0.014449 2 1 9
13 0.014661 2 2
13 0.014661 2 3
13 0.014661 2 5
12 0.014661 2 5 9
12 0.014661 2 3 9
12 0.014661 2 2 9
13 0.014849 2 4
12 0.014849 2 4 9
13 0.014856 2 6
13 0.014856 2 7
12 0.014856 2 7 9
12 0.014856 2 6 9
13 0.015044 2 8
12 0.015044 2 8 9
13 0.015246 2 1
12 0.015246 2 1 10
13 0.015246 2 2
12 0.015246 2 2 10
13 0.015246 2 3
12 0.015246 2 3 10
13 0.015246 2 4
12 0.015246 2 4 10
13 0.015246 2 5
12 0.015246 2 5 10
13 0.015246 2 6
12 0.015246 2 6 10
13 0.015246 2 7
12 0.015246 2 7 10
13 0.015246 2 8
12 0.015246 2 8 10
13 0.015683 2 7
12 0.015683 2 7 8
13 0.015683 2 6
12 0.015683 2 6 8
13 0.015684 2 3
12 0.015684 2 3 8
13 0.015684 2 4
12 0.015684 2 4 8
13 0.015685 2 1
12 0.015685 2 1 8
13 0.015687 2 8
12 0.015687 2 8 8
13 0.015688 2 2
12 0.015688 2 2 8
13 0.015689 2 5
12 0.015689 2 5 8
13 0.015966 2 1
12 0.015966 2 1 9
13 0.016178 2 2
13 0.016178 2 3
13 0.016178 2 5
12 0.016178 2 5 9
12 0.016178 2 3 9
12 0.016178 2 2 9
13 0.016366 2 4
12 0.016366 2 4 9
13 0.016373 2 6
13 0.016373 2 7
12 0.016373 2 7 9
12 0.016373 2 6 9
13 0.016561 2 8
12 0.016561 2 8 9
13 0.016763 2 1
12 0.016763 2 1 10
13 0.016763 2 2
12 0.016763 2 2 10
13 0.016763 2 3
12 0.016763 2 3 10
13 0.016763 2 4
12 0.016763 2 4 10
13 0.016763 2 5
12 0.016763 2 5 10
13 0.016763 2 6
12 0.016763 2 6 10
13 0.016763 2 7
12 0.016763 2 7 10
13 0.016763 2 8
12 0.016763 2 8 10
13 0.017200 2 7
12 0.017200 2 7 11
13 0.017200 2 7
12 0.017200 2 7 12
13 0.017200 2 7
12 0.017200 2 7 13
15 0.017200 3 0 PTP 7 7_8_1000_1
13 0.017200 2 7
12 0.017200 2 7 14
13 0.017201 2 6
12 0.017201 2 6 11
13 0.017201 2 6
12 0.017201 2 6 12
13 0.017201 2 6
12 0.017201 2 6 13
15 0.017201 3 0 PTP 6 6_7_1000_2
13 0.017201 2 6
12 0.017201 2 6 14
13 0.017201 2 3
12 0.017201 2 3 11
13 0.017201 2 3
12 0.017201 2 3 12
13 0.017201 2 3
12 0.017201 2 3 13
15 0.017201 3 0 PTP 3 3_4_1000_3
13 0.017201 2 3
12 0.017201 2 3 14
13 0.017202 2 4
12 0.017202 2 4 11
13 0.017202 2 4
12 0.017202 2 4 12
13 0.017202 2 4
12 0.017202 2 4 13
15 0.017202 3 0 PTP 4 4_5_1000_4
13 0.017202 2 4
12 0.017202 2 4 14
13 0.017202 2 1
12 0.017202 2 1 11
13 0.017204 2 8
12 0.017204 2 8 11
13 0.017204 2 8
12 0.017204 2 8 12
13 0.017204 2 8
12 0.017204 2 8 14
13 0.017205 2 2
12 0.017205 2 2 11
13 0.017205 2 2
12 0.017205 2 2 12
13 0.017205 2 2
12 0.017205 2 2 13
15 0.017205 3 0 PTP 2 2_3_1000_5
13 0.017205 2 2
12 0.017205 2 2 14
13 0.017207 2 5
12 0.017207 2 5 11
13 0.017207 2 5
12 0.017207 2 5 12
13 0.017207 2 5
12 0.017207 2 5 13
15 0.017207 3 0 PTP 5 5_6_1000_6
13 0.017207 2 5
12 0.017207 2 5 14
13 0.017402 2 7
16 0.017402 3 0 PTP 7 6_7_1000_2
12 0.017402 2 7 11
13 0.017402 2 7
12 0.017402 2 7 15
13 0.017403 2 4
16 0.017403 3 0 PTP 4 3_4_1000_3
12 0.017403 2 4 11
13 0.017403 2 4
12 0.017403 2 4 15
13 0.017406 2 8
16 0.017406 3 0 PTP 8 7_8_1000_1
12 0.017406 2 8 11
13 0.017406 2 8
12 0.017406 2 8 15
13 0.017407 2 3
16 0.017407 3 0 PTP 3 2_3_1000_5
12 0.017407 2 3 11
13 0.017407 2 3
12 0.017407 2 3 15
13 0.017408 2 6
16 0.017408 3 0 PTP 6 5_6_1000_6
13 0.017408 2 5
16 0.017408 3 0 PTP 5 4_5_1000_4
12 0.017408 2 6 11
12 0.017408 2 5 11
13 0.017408 2 6
13 0.017408 2 5
12 0.017408 2 5 15
12 0.017408 2 6 15
13 0.017408 2 1
12 0.017408 2 1 13
15 0.017408 3 0 PTP 1 1_2_1000_7
13 0.017408 2 1
12 0.017408 2 1 11
13 0.017610 2 2
16 0.017610 3 0 PTP 2 1_2_1000_7
12 0.017610 2 2 11
13 0.017610 2 2
12 0.017610 2 2 15
13 0.017811 2 1
12 0.017811 2 1 15
13 0.017811 2 1
7 0.017811 1 1
13 0.017811 2 7
7 0.017811 1 7
13 0.017811 2 4
7 0.017811 1 4
13 0.017811 2 8
7 0.017811 1 8
13 0.017811 2 3
7 0.017811 1 3
13 0.017811 2 5
7 0.017811 1 5
13 0.017811 2 6
7 0.017811 1 6
13 0.017811 2 2
7 0.017811 1 2
