#This file was generated using SimGrid-3.21.90
#[bin/lu.S.1 --cfg=smpi/privatization:1 --cfg=tracing:yes --cfg=tracing/filename:smpi_simgrid.trace --cfg=tracing/smpi:yes --cfg=surf/precision:1e-9 --cfg=network/model:SMPI --cfg=tracing/filename:lu.S.1.trace ../cluster_backbone.xml smpitmp-app5MNi2e ]
%EventDef PajeDefineContainerType 0
%       Alias string
%       Type string
%       Name string
%EndEventDef
%EventDef PajeDefineVariableType 1
%       Alias string
%       Type string
%       Name string
%       Color color
%EndEventDef
%EventDef PajeDefineStateType 2
%       Alias string
%       Type string
%       Name string
%EndEventDef
%EventDef PajeDefineEventType 3
%       Alias string
%       Type string
%       Name string
%EndEventDef
%EventDef PajeDefineLinkType 4
%       Alias string
%       Type string
%       StartContainerType string
%       EndContainerType string
%       Name string
%EndEventDef
%EventDef PajeDefineEntityValue 5
%       Alias string
%       Type string
%       Name string
%       Color color
%EndEventDef
%EventDef PajeCreateContainer 6
%       Time date
%       Alias string
%       Type string
%       Container string
%       Name string
%EndEventDef
%EventDef PajeDestroyContainer 7
%       Time date
%       Type string
%       Name string
%EndEventDef
%EventDef PajeSetVariable 8
%       Time date
%       Type string
%       Container string
%       Value double
%EndEventDef
%EventDef PajeAddVariable 9
%       Time date
%       Type string
%       Container string
%       Value double
%EndEventDef
%EventDef PajeSubVariable 10
%       Time date
%       Type string
%       Container string
%       Value double
%EndEventDef
%EventDef PajeSetState 11
%       Time date
%       Type string
%       Container string
%       Value string
%EndEventDef
%EventDef PajePushState 12
%       Time date
%       Type string
%       Container string
%       Value string
%EndEventDef
%EventDef PajePopState 13
%       Time date
%       Type string
%       Container string
%EndEventDef
%EventDef PajeResetState 14
%       Time date
%       Type string
%       Container string
%EndEventDef
%EventDef PajeStartLink 15
%       Time date
%       Type string
%       Container string
%       Value string
%       StartContainer string
%       Key string
%EndEventDef
%EventDef PajeEndLink 16
%       Time date
%       Type string
%       Container string
%       Value string
%       EndContainer string
%       Key string
%EndEventDef
%EventDef PajeNewEvent 17
%       Time date
%       Type string
%       Container string
%       Value string
%EndEventDef
0 1 0 MPI
2 2 1 MPI_STATE
4 3 0 1 1 MPI_LINK
4 4 0 1 1 MIGRATE_LINK
2 5 1 MIGRATE_STATE
6 0.000000 1 1 0 "rank-1"
5 6 2 PMPI_Init "0 1 0"
12 0.000000 2 1 6
13 0.000000 2 1
5 7 2 PMPI_Bcast "0 0.78 0.39"
5 8 2 PMPI_Allreduce "1 0 1"
5 9 2 PMPI_Barrier "0 0.78 0.78"
5 10 2 PMPI_Finalize "0 1 0"
12 0.000000 2 1 7
13 0.000000 2 1
12 0.000000 2 1 7
13 0.000000 2 1
12 0.000000 2 1 7
13 0.000000 2 1
12 0.000000 2 1 7
13 0.000000 2 1
12 0.000000 2 1 7
13 0.000000 2 1
12 0.000000 2 1 7
13 0.000000 2 1
12 0.000000 2 1 7
13 0.000000 2 1
12 0.000000 2 1 7
13 0.000000 2 1
12 0.000000 2 1 7
13 0.000000 2 1
12 0.000000 2 1 7
13 0.000000 2 1
12 0.000000 2 1 8
13 0.000000 2 1
12 0.000000 2 1 9
13 0.000000 2 1
12 0.000000 2 1 8
13 0.000000 2 1
12 0.000000 2 1 8
13 0.000000 2 1
12 0.000000 2 1 9
13 0.000000 2 1
12 0.000001 2 1 8
13 0.000001 2 1
12 0.000001 2 1 8
13 0.000001 2 1
12 0.000001 2 1 8
13 0.000001 2 1
12 0.000001 2 1 8
13 0.000001 2 1
12 0.000001 2 1 8
13 0.000001 2 1
12 0.000001 2 1 8
13 0.000001 2 1
12 0.000001 2 1 8
13 0.000001 2 1
12 0.000001 2 1 10
13 0.000001 2 1
7 0.000001 1 1
