variant_options = '{"custom_mapping": true}'
Received '{"now":0.000000,"events":[{"timestamp":0.000000,"type":"SIMULATION_BEGINS","data":{"nb_resources":64,"allow_time_sharing":false,"config":{"redis":{"enabled":false,"hostname":"127.0.0.1","port":6379,"prefix":"default"},"job_submission":{"forward_profiles":false,"from_scheduler":{"enabled":false,"acknowledge":true}}},"resources_data":[{"id":0,"name":"node-0.simgrid.org","state":"idle","properties":{}},{"id":1,"name":"node-1.simgrid.org","state":"idle","properties":{}},{"id":2,"name":"node-2.simgrid.org","state":"idle","properties":{}},{"id":3,"name":"node-3.simgrid.org","state":"idle","properties":{}},{"id":4,"name":"node-4.simgrid.org","state":"idle","properties":{}},{"id":5,"name":"node-5.simgrid.org","state":"idle","properties":{}},{"id":6,"name":"node-6.simgrid.org","state":"idle","properties":{}},{"id":7,"name":"node-7.simgrid.org","state":"idle","properties":{}},{"id":8,"name":"node-8.simgrid.org","state":"idle","properties":{}},{"id":9,"name":"node-9.simgrid.org","state":"idle","properties":{}},{"id":10,"name":"node-10.simgrid.org","state":"idle","properties":{}},{"id":11,"name":"node-11.simgrid.org","state":"idle","properties":{}},{"id":12,"name":"node-12.simgrid.org","state":"idle","properties":{}},{"id":13,"name":"node-13.simgrid.org","state":"idle","properties":{}},{"id":14,"name":"node-14.simgrid.org","state":"idle","properties":{}},{"id":15,"name":"node-15.simgrid.org","state":"idle","properties":{}},{"id":16,"name":"node-16.simgrid.org","state":"idle","properties":{}},{"id":17,"name":"node-17.simgrid.org","state":"idle","properties":{}},{"id":18,"name":"node-18.simgrid.org","state":"idle","properties":{}},{"id":19,"name":"node-19.simgrid.org","state":"idle","properties":{}},{"id":20,"name":"node-20.simgrid.org","state":"idle","properties":{}},{"id":21,"name":"node-21.simgrid.org","state":"idle","properties":{}},{"id":22,"name":"node-22.simgrid.org","state":"idle","properties":{}},{"id":23,"name":"node-23.simgrid.org","state":"idle","properties":{}},{"id":24,"name":"node-24.simgrid.org","state":"idle","properties":{}},{"id":25,"name":"node-25.simgrid.org","state":"idle","properties":{}},{"id":26,"name":"node-26.simgrid.org","state":"idle","properties":{}},{"id":27,"name":"node-27.simgrid.org","state":"idle","properties":{}},{"id":28,"name":"node-28.simgrid.org","state":"idle","properties":{}},{"id":29,"name":"node-29.simgrid.org","state":"idle","properties":{}},{"id":30,"name":"node-30.simgrid.org","state":"idle","properties":{}},{"id":31,"name":"node-31.simgrid.org","state":"idle","properties":{}},{"id":32,"name":"node-32.simgrid.org","state":"idle","properties":{}},{"id":33,"name":"node-33.simgrid.org","state":"idle","properties":{}},{"id":34,"name":"node-34.simgrid.org","state":"idle","properties":{}},{"id":35,"name":"node-35.simgrid.org","state":"idle","properties":{}},{"id":36,"name":"node-36.simgrid.org","state":"idle","properties":{}},{"id":37,"name":"node-37.simgrid.org","state":"idle","properties":{}},{"id":38,"name":"node-38.simgrid.org","state":"idle","properties":{}},{"id":39,"name":"node-39.simgrid.org","state":"idle","properties":{}},{"id":40,"name":"node-40.simgrid.org","state":"idle","properties":{}},{"id":41,"name":"node-41.simgrid.org","state":"idle","properties":{}},{"id":42,"name":"node-42.simgrid.org","state":"idle","properties":{}},{"id":43,"name":"node-43.simgrid.org","state":"idle","properties":{}},{"id":44,"name":"node-44.simgrid.org","state":"idle","properties":{}},{"id":45,"name":"node-45.simgrid.org","state":"idle","properties":{}},{"id":46,"name":"node-46.simgrid.org","state":"idle","properties":{}},{"id":47,"name":"node-47.simgrid.org","state":"idle","properties":{}},{"id":48,"name":"node-48.simgrid.org","state":"idle","properties":{}},{"id":49,"name":"node-49.simgrid.org","state":"idle","properties":{}},{"id":50,"name":"node-50.simgrid.org","state":"idle","properties":{}},{"id":51,"name":"node-51.simgrid.org","state":"idle","properties":{}},{"id":52,"name":"node-52.simgrid.org","state":"idle","properties":{}},{"id":53,"name":"node-53.simgrid.org","state":"idle","properties":{}},{"id":54,"name":"node-54.simgrid.org","state":"idle","properties":{}},{"id":55,"name":"node-55.simgrid.org","state":"idle","properties":{}},{"id":56,"name":"node-56.simgrid.org","state":"idle","properties":{}},{"id":57,"name":"node-57.simgrid.org","state":"idle","properties":{}},{"id":58,"name":"node-58.simgrid.org","state":"idle","properties":{}},{"id":59,"name":"node-59.simgrid.org","state":"idle","properties":{}},{"id":60,"name":"node-60.simgrid.org","state":"idle","properties":{}},{"id":61,"name":"node-61.simgrid.org","state":"idle","properties":{}},{"id":62,"name":"node-62.simgrid.org","state":"idle","properties":{}},{"id":63,"name":"node-63.simgrid.org","state":"idle","properties":{}}],"workloads":{"ff6079":"/github-simgrid/190311/../batsim-v2.0.0/workload_profiles/npb_140_jobs.json"}}}]}'
Sending '{"now":0.0,"events":[]}'
Received '{"now":0.404532,"events":[{"timestamp":0.404532,"type":"JOB_SUBMITTED","data":{"job_id":"ff6079!1","job":{"id":"ff6079!1","profile":"SP.S.16","res":16,"subtime":0.396726,"walltime":4200}}}]}'
Sending '{"now":0.404532,"events":[{"timestamp":0.404532,"type":"EXECUTE_JOB","data":{"job_id":"ff6079!1","alloc":"0-15"}}]}'
Received '{"now":0.427950,"events":[{"timestamp":0.420144,"type":"JOB_SUBMITTED","data":{"job_id":"ff6079!2","job":{"id":"ff6079!2","profile":"MG.S.16","res":16,"subtime":0.404786,"walltime":4200}}}]}'
Sending '{"now":0.42795,"events":[{"timestamp":0.420144,"type":"EXECUTE_JOB","data":{"job_id":"ff6079!2","alloc":"16-31"}}]}'
Received '{"now":0.456674,"events":[{"timestamp":0.456674,"type":"JOB_SUBMITTED","data":{"job_id":"ff6079!3","job":{"id":"ff6079!3","profile":"FT.S.4","res":4,"subtime":0.448868,"walltime":4200}}}]}'
Sending '{"now":0.456674,"events":[{"timestamp":0.456674,"type":"EXECUTE_JOB","data":{"job_id":"ff6079!3","alloc":"32-35"}}]}'
Received '{"now":0.562777,"events":[{"timestamp":0.562777,"type":"JOB_SUBMITTED","data":{"job_id":"ff6079!4","job":{"id":"ff6079!4","profile":"SP.S.4","res":4,"subtime":0.554971,"walltime":4200}}}]}'
Sending '{"now":0.562777,"events":[{"timestamp":0.562777,"type":"EXECUTE_JOB","data":{"job_id":"ff6079!4","alloc":"36-39"}}]}'
Received '{"now":0.635787,"events":[{"timestamp":0.635787,"type":"JOB_COMPLETED","data":{"job_id":"ff6079!3","job_state":"COMPLETED_SUCCESSFULLY","return_code":0,"kill_reason":"","alloc":"32-35"}}]}'
Sending '{"now":0.635787,"events":[]}'
Received '{"now":0.701422,"events":[{"timestamp":0.701422,"type":"JOB_SUBMITTED","data":{"job_id":"ff6079!5","job":{"id":"ff6079!5","profile":"IS.S.4","res":4,"subtime":0.693616,"walltime":4200}}}]}'
Sending '{"now":0.701422,"events":[{"timestamp":0.701422,"type":"EXECUTE_JOB","data":{"job_id":"ff6079!5","alloc":"32-35"}}]}'
Received '{"now":0.826723,"events":[{"timestamp":0.826723,"type":"JOB_COMPLETED","data":{"job_id":"ff6079!5","job_state":"COMPLETED_SUCCESSFULLY","return_code":0,"kill_reason":"","alloc":"32-35"}}]}'
Sending '{"now":0.826723,"events":[]}'
Received '{"now":0.920377,"events":[{"timestamp":0.920377,"type":"JOB_SUBMITTED","data":{"job_id":"ff6079!6","job":{"id":"ff6079!6","profile":"IS.S.16","res":16,"subtime":0.912571,"walltime":4200}}}]}'
Sending '{"now":0.920377,"events":[{"timestamp":0.920377,"type":"EXECUTE_JOB","data":{"job_id":"ff6079!6","alloc":"40-55"}}]}'
Received '{"now":1.053694,"events":[{"timestamp":1.053694,"type":"JOB_SUBMITTED","data":{"job_id":"ff6079!7","job":{"id":"ff6079!7","profile":"IS.S.16","res":16,"subtime":1.045891,"walltime":4200}}}]}'
Sending '{"now":1.053694,"events":[]}'
Received '{"now":1.105637,"events":[{"timestamp":1.105637,"type":"JOB_COMPLETED","data":{"job_id":"ff6079!6","job_state":"COMPLETED_SUCCESSFULLY","return_code":0,"kill_reason":"","alloc":"40-55"}}]}'
Sending '{"now":1.105637,"events":[{"timestamp":1.105637,"type":"EXECUTE_JOB","data":{"job_id":"ff6079!7","alloc":"40-55"}}]}'
Received '{"now":1.187280,"events":[{"timestamp":1.187280,"type":"JOB_SUBMITTED","data":{"job_id":"ff6079!8","job":{"id":"ff6079!8","profile":"BT.S.16","res":16,"subtime":1.179485,"walltime":4200}}}]}'
Sending '{"now":1.18728,"events":[]}'
Received '{"now":1.241730,"events":[{"timestamp":1.241730,"type":"JOB_SUBMITTED","data":{"job_id":"ff6079!9","job":{"id":"ff6079!9","profile":"SP.S.16","res":16,"subtime":1.233924,"walltime":4200}}}]}'
Sending '{"now":1.24173,"events":[]}'
Received '{"now":1.257342,"events":[{"timestamp":1.257342,"type":"JOB_SUBMITTED","data":{"job_id":"ff6079!10","job":{"id":"ff6079!10","profile":"IS.S.16","res":16,"subtime":1.242169,"walltime":4200}}}]}'
Sending '{"now":1.257342,"events":[]}'
Received '{"now":1.290868,"events":[{"timestamp":1.290868,"type":"JOB_COMPLETED","data":{"job_id":"ff6079!7","job_state":"COMPLETED_SUCCESSFULLY","return_code":0,"kill_reason":"","alloc":"40-55"}}]}'
Sending '{"now":1.290868,"events":[{"timestamp":1.290868,"type":"EXECUTE_JOB","data":{"job_id":"ff6079!8","alloc":"40-55"}}]}'
Received '{"now":1.342343,"events":[{"timestamp":1.342343,"type":"JOB_SUBMITTED","data":{"job_id":"ff6079!11","job":{"id":"ff6079!11","profile":"CG.S.16","res":16,"subtime":1.334537,"walltime":4200}}}]}'
Sending '{"now":1.342343,"events":[]}'
Received '{"now":1.486762,"events":[{"timestamp":1.486762,"type":"JOB_COMPLETED","data":{"job_id":"ff6079!2","job_state":"COMPLETED_SUCCESSFULLY","return_code":0,"kill_reason":"","alloc":"16-31"}}]}'
Sending '{"now":1.486762,"events":[{"timestamp":1.486762,"type":"EXECUTE_JOB","data":{"job_id":"ff6079!9","alloc":"16-31"}}]}'
Received '{"now":1.694845,"events":[{"timestamp":1.694845,"type":"JOB_SUBMITTED","data":{"job_id":"ff6079!12","job":{"id":"ff6079!12","profile":"BT.S.16","res":16,"subtime":1.687039,"walltime":4200}}}]}'
Sending '{"now":1.694845,"events":[]}'
Received '{"now":1.848937,"events":[{"timestamp":1.848937,"type":"JOB_COMPLETED","data":{"job_id":"ff6079!4","job_state":"COMPLETED_SUCCESSFULLY","return_code":0,"kill_reason":"","alloc":"36-39"}}]}'
Sending '{"now":1.848937,"events":[]}'
Received '{"now":2.044439,"events":[{"timestamp":2.044439,"type":"JOB_SUBMITTED","data":{"job_id":"ff6079!13","job":{"id":"ff6079!13","profile":"LU.S.16","res":16,"subtime":2.036633,"walltime":4200}}}]}'
Sending '{"now":2.044439,"events":[]}'
Received '{"now":2.133136,"events":[{"timestamp":2.133136,"type":"JOB_SUBMITTED","data":{"job_id":"ff6079!14","job":{"id":"ff6079!14","profile":"IS.S.4","res":4,"subtime":2.125332,"walltime":4200}}}]}'
Sending '{"now":2.133136,"events":[{"timestamp":2.133136,"type":"EXECUTE_JOB","data":{"job_id":"ff6079!14","alloc":"32-35"}}]}'
Received '{"now":2.161425,"events":[{"timestamp":2.161425,"type":"JOB_SUBMITTED","data":{"job_id":"ff6079!15","job":{"id":"ff6079!15","profile":"IS.S.16","res":16,"subtime":2.153619,"walltime":4200}}}]}'
Sending '{"now":2.161425,"events":[]}'
Received '{"now":2.194985,"events":[{"timestamp":2.194985,"type":"JOB_SUBMITTED","data":{"job_id":"ff6079!16","job":{"id":"ff6079!16","profile":"FT.S.4","res":4,"subtime":2.187179,"walltime":4200}}}]}'
Sending '{"now":2.194985,"events":[{"timestamp":2.194985,"type":"EXECUTE_JOB","data":{"job_id":"ff6079!16","alloc":"36-39"}}]}'
Received '{"now":2.258361,"events":[{"timestamp":2.258361,"type":"JOB_COMPLETED","data":{"job_id":"ff6079!14","job_state":"COMPLETED_SUCCESSFULLY","return_code":0,"kill_reason":"","alloc":"32-35"}}]}'
Sending '{"now":2.258361,"events":[]}'
Received '{"now":2.374010,"events":[{"timestamp":2.374010,"type":"JOB_COMPLETED","data":{"job_id":"ff6079!16","job_state":"COMPLETED_SUCCESSFULLY","return_code":0,"kill_reason":"","alloc":"36-39"}}]}'
Sending '{"now":2.37401,"events":[]}'
Received '{"now":2.471823,"events":[{"timestamp":2.471823,"type":"JOB_SUBMITTED","data":{"job_id":"ff6079!17","job":{"id":"ff6079!17","profile":"CG.S.4","res":4,"subtime":2.464017,"walltime":4200}}}]}'
Sending '{"now":2.471823,"events":[{"timestamp":2.471823,"type":"EXECUTE_JOB","data":{"job_id":"ff6079!17","alloc":"32-35"}}]}'
Received '{"now":2.495241,"events":[{"timestamp":2.479629,"type":"JOB_SUBMITTED","data":{"job_id":"ff6079!18","job":{"id":"ff6079!18","profile":"CG.S.4","res":4,"subtime":2.470583,"walltime":4200}}}]}'
Sending '{"now":2.495241,"events":[{"timestamp":2.495241,"type":"EXECUTE_JOB","data":{"job_id":"ff6079!18","alloc":"36-39"}}]}'
Received '{"now":2.537563,"events":[{"timestamp":2.537563,"type":"JOB_SUBMITTED","data":{"job_id":"ff6079!19","job":{"id":"ff6079!19","profile":"CG.S.4","res":4,"subtime":2.529758,"walltime":4200}}}]}'
Sending '{"now":2.537563,"events":[{"timestamp":2.537563,"type":"EXECUTE_JOB","data":{"job_id":"ff6079!19","alloc":"56-59"}}]}'
Received '{"now":2.620804,"events":[{"timestamp":2.620804,"type":"JOB_SUBMITTED","data":{"job_id":"ff6079!20","job":{"id":"ff6079!20","profile":"MG.S.4","res":4,"subtime":2.612998,"walltime":4200}}}]}'
Sending '{"now":2.620804,"events":[{"timestamp":2.620804,"type":"EXECUTE_JOB","data":{"job_id":"ff6079!20","alloc":"60-63"}}]}'
Received '{"now":2.889226,"events":[{"timestamp":2.889226,"type":"JOB_SUBMITTED","data":{"job_id":"ff6079!21","job":{"id":"ff6079!21","profile":"BT.S.16","res":16,"subtime":2.881420,"walltime":4200}}}]}'
Sending '{"now":2.889226,"events":[]}'
Received '{"now":3.179792,"events":[{"timestamp":3.179792,"type":"JOB_COMPLETED","data":{"job_id":"ff6079!20","job_state":"COMPLETED_SUCCESSFULLY","return_code":0,"kill_reason":"","alloc":"60-63"}}]}'
Sending '{"now":3.179792,"events":[]}'
Received '{"now":3.599940,"events":[{"timestamp":3.599940,"type":"JOB_COMPLETED","data":{"job_id":"ff6079!17","job_state":"COMPLETED_SUCCESSFULLY","return_code":0,"kill_reason":"","alloc":"32-35"}}]}'
Sending '{"now":3.59994,"events":[]}'
Received '{"now":3.621407,"events":[{"timestamp":3.621407,"type":"JOB_COMPLETED","data":{"job_id":"ff6079!18","job_state":"COMPLETED_SUCCESSFULLY","return_code":0,"kill_reason":"","alloc":"36-39"}}]}'
Sending '{"now":3.621407,"events":[]}'
Received '{"now":3.657977,"events":[{"timestamp":3.657977,"type":"JOB_COMPLETED","data":{"job_id":"ff6079!19","job_state":"COMPLETED_SUCCESSFULLY","return_code":0,"kill_reason":"","alloc":"56-59"}}]}'
Sending '{"now":3.657977,"events":[]}'
Received '{"now":3.720008,"events":[{"timestamp":3.720008,"type":"JOB_SUBMITTED","data":{"job_id":"ff6079!22","job":{"id":"ff6079!22","profile":"SP.S.16","res":16,"subtime":3.712202,"walltime":4200}}}]}'
Sending '{"now":3.720008,"events":[]}'
Received '{"now":3.735630,"events":[{"timestamp":3.735630,"type":"JOB_SUBMITTED","data":{"job_id":"ff6079!23","job":{"id":"ff6079!23","profile":"FT.S.16","res":16,"subtime":3.724341,"walltime":4200}}}]}'
Sending '{"now":3.73563,"events":[]}'
Received '{"now":3.808336,"events":[{"timestamp":3.808336,"type":"JOB_SUBMITTED","data":{"job_id":"ff6079!24","job":{"id":"ff6079!24","profile":"BT.S.4","res":4,"subtime":3.800530,"walltime":4200}}}]}'
Sending '{"now":3.808336,"events":[{"timestamp":3.808336,"type":"EXECUTE_JOB","data":{"job_id":"ff6079!24","alloc":"32-35"}}]}'
Received '{"now":4.062358,"events":[{"timestamp":4.062358,"type":"JOB_SUBMITTED","data":{"job_id":"ff6079!25","job":{"id":"ff6079!25","profile":"BT.S.16","res":16,"subtime":4.054552,"walltime":4200}}}]}'
Sending '{"now":4.062358,"events":[]}'
Received '{"now":4.077975,"events":[{"timestamp":4.077975,"type":"JOB_SUBMITTED","data":{"job_id":"ff6079!26","job":{"id":"ff6079!26","profile":"LU.S.16","res":16,"subtime":4.067856,"walltime":4200}}}]}'
Sending '{"now":4.077975,"events":[]}'
Received '{"now":4.094725,"events":[{"timestamp":4.094725,"type":"JOB_SUBMITTED","data":{"job_id":"ff6079!27","job":{"id":"ff6079!27","profile":"CG.S.4","res":4,"subtime":4.086924,"walltime":4200}}}]}'
Sending '{"now":4.094725,"events":[{"timestamp":4.094725,"type":"EXECUTE_JOB","data":{"job_id":"ff6079!27","alloc":"36-39"}}]}'
Received '{"now":4.202852,"events":[{"timestamp":4.202852,"type":"JOB_SUBMITTED","data":{"job_id":"ff6079!28","job":{"id":"ff6079!28","profile":"IS.S.4","res":4,"subtime":4.195046,"walltime":4200}}}]}'
Sending '{"now":4.202852,"events":[{"timestamp":4.202852,"type":"EXECUTE_JOB","data":{"job_id":"ff6079!28","alloc":"56-59"}}]}'
Received '{"now":4.312805,"events":[{"timestamp":4.312805,"type":"JOB_SUBMITTED","data":{"job_id":"ff6079!29","job":{"id":"ff6079!29","profile":"IS.S.4","res":4,"subtime":4.304999,"walltime":4200}}}]}'
Sending '{"now":4.312805,"events":[{"timestamp":4.312805,"type":"EXECUTE_JOB","data":{"job_id":"ff6079!29","alloc":"60-63"}}]}'
Received '{"now":4.342078,"events":[{"timestamp":4.334272,"type":"JOB_COMPLETED","data":{"job_id":"ff6079!28","job_state":"COMPLETED_SUCCESSFULLY","return_code":0,"kill_reason":"","alloc":"56-59"}}]}'
Sending '{"now":4.342078,"events":[]}'
Received '{"now":4.437989,"events":[{"timestamp":4.437989,"type":"JOB_COMPLETED","data":{"job_id":"ff6079!29","job_state":"COMPLETED_SUCCESSFULLY","return_code":0,"kill_reason":"","alloc":"60-63"}}]}'
Sending '{"now":4.437989,"events":[]}'
Received '{"now":4.459465,"events":[{"timestamp":4.459465,"type":"JOB_COMPLETED","data":{"job_id":"ff6079!8","job_state":"COMPLETED_SUCCESSFULLY","return_code":0,"kill_reason":"","alloc":"40-55"}}]}'
Sending '{"now":4.459465,"events":[{"timestamp":4.459465,"type":"EXECUTE_JOB","data":{"job_id":"ff6079!10","alloc":"40-55"}}]}'
Received '{"now":4.488732,"events":[{"timestamp":4.480926,"type":"JOB_COMPLETED","data":{"job_id":"ff6079!24","job_state":"COMPLETED_SUCCESSFULLY","return_code":0,"kill_reason":"","alloc":"32-35"}}]}'
Sending '{"now":4.488732,"events":[]}'
Received '{"now":4.620459,"events":[{"timestamp":4.620459,"type":"JOB_SUBMITTED","data":{"job_id":"ff6079!30","job":{"id":"ff6079!30","profile":"FT.S.16","res":16,"subtime":4.612659,"walltime":4200}}}]}'
Sending '{"now":4.620459,"events":[]}'
Received '{"now":4.644592,"events":[{"timestamp":4.644592,"type":"JOB_COMPLETED","data":{"job_id":"ff6079!10","job_state":"COMPLETED_SUCCESSFULLY","return_code":0,"kill_reason":"","alloc":"40-55"}}]}'
Sending '{"now":4.644592,"events":[{"timestamp":4.644592,"type":"EXECUTE_JOB","data":{"job_id":"ff6079!11","alloc":"40-55"}}]}'
Received '{"now":5.215445,"events":[{"timestamp":5.215445,"type":"JOB_COMPLETED","data":{"job_id":"ff6079!27","job_state":"COMPLETED_SUCCESSFULLY","return_code":0,"kill_reason":"","alloc":"36-39"}}]}'
Sending '{"now":5.215445,"events":[]}'
Received '{"now":5.332045,"events":[{"timestamp":5.332045,"type":"JOB_SUBMITTED","data":{"job_id":"ff6079!31","job":{"id":"ff6079!31","profile":"BT.S.16","res":16,"subtime":5.324249,"walltime":4200}}}]}'
Sending '{"now":5.332045,"events":[]}'
Received '{"now":5.405773,"events":[{"timestamp":5.405773,"type":"JOB_SUBMITTED","data":{"job_id":"ff6079!32","job":{"id":"ff6079!32","profile":"CG.S.4","res":4,"subtime":5.397975,"walltime":4200}}}]}'
Sending '{"now":5.405773,"events":[{"timestamp":5.405773,"type":"EXECUTE_JOB","data":{"job_id":"ff6079!32","alloc":"32-35"}}]}'
Received '{"now":5.559016,"events":[{"timestamp":5.559016,"type":"JOB_SUBMITTED","data":{"job_id":"ff6079!33","job":{"id":"ff6079!33","profile":"LU.S.16","res":16,"subtime":5.551216,"walltime":4200}}}]}'
Sending '{"now":5.559016,"events":[]}'
Received '{"now":5.603958,"events":[{"timestamp":5.603958,"type":"JOB_SUBMITTED","data":{"job_id":"ff6079!34","job":{"id":"ff6079!34","profile":"IS.S.16","res":16,"subtime":5.596153,"walltime":4200}}}]}'
Sending '{"now":5.603958,"events":[]}'
Received '{"now":5.639595,"events":[{"timestamp":5.639595,"type":"JOB_SUBMITTED","data":{"job_id":"ff6079!35","job":{"id":"ff6079!35","profile":"SP.S.4","res":4,"subtime":5.631799,"walltime":4200}}}]}'
Sending '{"now":5.639595,"events":[{"timestamp":5.639595,"type":"EXECUTE_JOB","data":{"job_id":"ff6079!35","alloc":"36-39"}}]}'
Received '{"now":5.707082,"events":[{"timestamp":5.707082,"type":"JOB_SUBMITTED","data":{"job_id":"ff6079!36","job":{"id":"ff6079!36","profile":"CG.S.4","res":4,"subtime":5.699276,"walltime":4200}}}]}'
Sending '{"now":5.707082,"events":[{"timestamp":5.707082,"type":"EXECUTE_JOB","data":{"job_id":"ff6079!36","alloc":"56-59"}}]}'
Received '{"now":5.812143,"events":[{"timestamp":5.812143,"type":"JOB_SUBMITTED","data":{"job_id":"ff6079!37","job":{"id":"ff6079!37","profile":"SP.S.4","res":4,"subtime":5.804340,"walltime":4200}}}]}'
Sending '{"now":5.812143,"events":[{"timestamp":5.812143,"type":"EXECUTE_JOB","data":{"job_id":"ff6079!37","alloc":"60-63"}}]}'
Received '{"now":5.890653,"events":[{"timestamp":5.890653,"type":"JOB_SUBMITTED","data":{"job_id":"ff6079!38","job":{"id":"ff6079!38","profile":"IS.S.16","res":16,"subtime":5.882850,"walltime":4200}}}]}'
Sending '{"now":5.890653,"events":[]}'
Received '{"now":6.097342,"events":[{"timestamp":6.097342,"type":"JOB_SUBMITTED","data":{"job_id":"ff6079!39","job":{"id":"ff6079!39","profile":"CG.S.16","res":16,"subtime":6.089540,"walltime":4200}}}]}'
Sending '{"now":6.097342,"events":[]}'
Received '{"now":6.205245,"events":[{"timestamp":6.205245,"type":"JOB_COMPLETED","data":{"job_id":"ff6079!1","job_state":"COMPLETED_SUCCESSFULLY","return_code":0,"kill_reason":"","alloc":"0-15"}}]}'
Sending '{"now":6.205245,"events":[{"timestamp":6.205245,"type":"EXECUTE_JOB","data":{"job_id":"ff6079!12","alloc":"0-15"}}]}'
Received '{"now":6.411471,"events":[{"timestamp":6.411471,"type":"JOB_SUBMITTED","data":{"job_id":"ff6079!40","job":{"id":"ff6079!40","profile":"BT.S.16","res":16,"subtime":6.403675,"walltime":4200}}}]}'
Sending '{"now":6.411471,"events":[]}'
Received '{"now":6.502251,"events":[{"timestamp":6.502251,"type":"JOB_SUBMITTED","data":{"job_id":"ff6079!41","job":{"id":"ff6079!41","profile":"LU.S.16","res":16,"subtime":6.494450,"walltime":4200}}}]}'
Sending '{"now":6.502251,"events":[]}'
Received '{"now":6.526526,"events":[{"timestamp":6.526526,"type":"JOB_COMPLETED","data":{"job_id":"ff6079!32","job_state":"COMPLETED_SUCCESSFULLY","return_code":0,"kill_reason":"","alloc":"32-35"}}]}'
Sending '{"now":6.526526,"events":[]}'
Received '{"now":6.612193,"events":[{"timestamp":6.612193,"type":"JOB_SUBMITTED","data":{"job_id":"ff6079!42","job":{"id":"ff6079!42","profile":"CG.S.16","res":16,"subtime":6.604387,"walltime":4200}}}]}'
Sending '{"now":6.612193,"events":[]}'
Received '{"now":6.802256,"events":[{"timestamp":6.802256,"type":"JOB_SUBMITTED","data":{"job_id":"ff6079!43","job":{"id":"ff6079!43","profile":"MG.S.4","res":4,"subtime":6.794450,"walltime":4200}}}]}'
Sending '{"now":6.802256,"events":[{"timestamp":6.802256,"type":"EXECUTE_JOB","data":{"job_id":"ff6079!43","alloc":"32-35"}}]}'
Received '{"now":6.831522,"events":[{"timestamp":6.831522,"type":"JOB_COMPLETED","data":{"job_id":"ff6079!36","job_state":"COMPLETED_SUCCESSFULLY","return_code":0,"kill_reason":"","alloc":"56-59"}}]}'
Sending '{"now":6.831522,"events":[]}'
Received '{"now":6.877409,"events":[{"timestamp":6.877409,"type":"JOB_SUBMITTED","data":{"job_id":"ff6079!44","job":{"id":"ff6079!44","profile":"LU.S.16","res":16,"subtime":6.869604,"walltime":4200}}}]}'
Sending '{"now":6.877409,"events":[]}'
Received '{"now":6.919103,"events":[{"timestamp":6.919103,"type":"JOB_COMPLETED","data":{"job_id":"ff6079!35","job_state":"COMPLETED_SUCCESSFULLY","return_code":0,"kill_reason":"","alloc":"36-39"}}]}'
Sending '{"now":6.919103,"events":[]}'
Received '{"now":6.953222,"events":[{"timestamp":6.953222,"type":"JOB_SUBMITTED","data":{"job_id":"ff6079!45","job":{"id":"ff6079!45","profile":"FT.S.16","res":16,"subtime":6.945422,"walltime":4200}}}]}'
Sending '{"now":6.953222,"events":[]}'
Received '{"now":7.085618,"events":[{"timestamp":7.085618,"type":"JOB_COMPLETED","data":{"job_id":"ff6079!37","job_state":"COMPLETED_SUCCESSFULLY","return_code":0,"kill_reason":"","alloc":"60-63"}}]}'
Sending '{"now":7.085618,"events":[]}'
Received '{"now":7.113576,"events":[{"timestamp":7.113576,"type":"JOB_SUBMITTED","data":{"job_id":"ff6079!46","job":{"id":"ff6079!46","profile":"LU.S.4","res":4,"subtime":7.105770,"walltime":4200}}}]}'
Sending '{"now":7.113576,"events":[{"timestamp":7.113576,"type":"EXECUTE_JOB","data":{"job_id":"ff6079!46","alloc":"36-39"}}]}'
Received '{"now":7.147554,"events":[{"timestamp":7.147554,"type":"JOB_SUBMITTED","data":{"job_id":"ff6079!47","job":{"id":"ff6079!47","profile":"FT.S.4","res":4,"subtime":7.139748,"walltime":4200}}}]}'
Sending '{"now":7.147554,"events":[{"timestamp":7.147554,"type":"EXECUTE_JOB","data":{"job_id":"ff6079!47","alloc":"56-59"}}]}'
Received '{"now":7.229110,"events":[{"timestamp":7.229110,"type":"JOB_SUBMITTED","data":{"job_id":"ff6079!48","job":{"id":"ff6079!48","profile":"CG.S.16","res":16,"subtime":7.221304,"walltime":4200}}}]}'
Sending '{"now":7.22911,"events":[]}'
Received '{"now":7.273667,"events":[{"timestamp":7.273667,"type":"JOB_COMPLETED","data":{"job_id":"ff6079!9","job_state":"COMPLETED_SUCCESSFULLY","return_code":0,"kill_reason":"","alloc":"16-31"}}]}'
Sending '{"now":7.273667,"events":[{"timestamp":7.273667,"type":"EXECUTE_JOB","data":{"job_id":"ff6079!13","alloc":"16-31"}}]}'
Received '{"now":7.320316,"events":[{"timestamp":7.320316,"type":"JOB_SUBMITTED","data":{"job_id":"ff6079!49","job":{"id":"ff6079!49","profile":"MG.S.4","res":4,"subtime":7.312510,"walltime":4200}}}]}'
Sending '{"now":7.320316,"events":[{"timestamp":7.320316,"type":"EXECUTE_JOB","data":{"job_id":"ff6079!49","alloc":"60-63"}}]}'
Received '{"now":7.349589,"events":[{"timestamp":7.333977,"type":"JOB_COMPLETED","data":{"job_id":"ff6079!47","job_state":"COMPLETED_SUCCESSFULLY","return_code":0,"kill_reason":"","alloc":"56-59"}}]}'
Sending '{"now":7.349589,"events":[]}'
Received '{"now":7.371055,"events":[{"timestamp":7.363249,"type":"JOB_COMPLETED","data":{"job_id":"ff6079!43","job_state":"COMPLETED_SUCCESSFULLY","return_code":0,"kill_reason":"","alloc":"32-35"}}]}'
Sending '{"now":7.371055,"events":[]}'
Received '{"now":7.432018,"events":[{"timestamp":7.432018,"type":"JOB_SUBMITTED","data":{"job_id":"ff6079!50","job":{"id":"ff6079!50","profile":"MG.S.16","res":16,"subtime":7.424212,"walltime":4200}}}]}'
Sending '{"now":7.432018,"events":[]}'
Received '{"now":7.553789,"events":[{"timestamp":7.553789,"type":"JOB_SUBMITTED","data":{"job_id":"ff6079!51","job":{"id":"ff6079!51","profile":"BT.S.4","res":4,"subtime":7.545983,"walltime":4200}}}]}'
Sending '{"now":7.553789,"events":[{"timestamp":7.553789,"type":"EXECUTE_JOB","data":{"job_id":"ff6079!51","alloc":"32-35"}}]}'
Received '{"now":7.893630,"events":[{"timestamp":7.893630,"type":"JOB_COMPLETED","data":{"job_id":"ff6079!49","job_state":"COMPLETED_SUCCESSFULLY","return_code":0,"kill_reason":"","alloc":"60-63"}}]}'
Sending '{"now":7.89363,"events":[]}'
Received '{"now":8.073885,"events":[{"timestamp":8.073885,"type":"JOB_SUBMITTED","data":{"job_id":"ff6079!52","job":{"id":"ff6079!52","profile":"IS.S.4","res":4,"subtime":8.066079,"walltime":4200}}}]}'
Sending '{"now":8.073885,"events":[{"timestamp":8.073885,"type":"EXECUTE_JOB","data":{"job_id":"ff6079!52","alloc":"56-59"}}]}'
Received '{"now":8.199212,"events":[{"timestamp":8.199212,"type":"JOB_COMPLETED","data":{"job_id":"ff6079!52","job_state":"COMPLETED_SUCCESSFULLY","return_code":0,"kill_reason":"","alloc":"56-59"}}]}'
Sending '{"now":8.199212,"events":[]}'
Received '{"now":8.214817,"events":[{"timestamp":8.207011,"type":"JOB_SUBMITTED","data":{"job_id":"ff6079!53","job":{"id":"ff6079!53","profile":"IS.S.16","res":16,"subtime":8.194286,"walltime":4200}}}]}'
Sending '{"now":8.214817,"events":[]}'
Received '{"now":8.249944,"events":[{"timestamp":8.228478,"type":"JOB_COMPLETED","data":{"job_id":"ff6079!51","job_state":"COMPLETED_SUCCESSFULLY","return_code":0,"kill_reason":"","alloc":"32-35"}},{"timestamp":8.242138,"type":"JOB_COMPLETED","data":{"job_id":"ff6079!11","job_state":"COMPLETED_SUCCESSFULLY","return_code":0,"kill_reason":"","alloc":"40-55"}}]}'
Sending '{"now":8.249944,"events":[{"timestamp":8.249944,"type":"EXECUTE_JOB","data":{"job_id":"ff6079!15","alloc":"40-55"}}]}'
Received '{"now":8.336126,"events":[{"timestamp":8.336126,"type":"JOB_SUBMITTED","data":{"job_id":"ff6079!54","job":{"id":"ff6079!54","profile":"BT.S.16","res":16,"subtime":8.328320,"walltime":4200}}}]}'
Sending '{"now":8.336126,"events":[]}'
Received '{"now":8.435251,"events":[{"timestamp":8.435251,"type":"JOB_COMPLETED","data":{"job_id":"ff6079!15","job_state":"COMPLETED_SUCCESSFULLY","return_code":0,"kill_reason":"","alloc":"40-55"}}]}'
Sending '{"now":8.435251,"events":[{"timestamp":8.435251,"type":"EXECUTE_JOB","data":{"job_id":"ff6079!21","alloc":"40-55"}}]}'
Received '{"now":8.515525,"events":[{"timestamp":8.515525,"type":"JOB_SUBMITTED","data":{"job_id":"ff6079!55","job":{"id":"ff6079!55","profile":"SP.S.16","res":16,"subtime":8.507719,"walltime":4200}}}]}'
Sending '{"now":8.515525,"events":[]}'
Received '{"now":8.531313,"events":[{"timestamp":8.531313,"type":"JOB_SUBMITTED","data":{"job_id":"ff6079!56","job":{"id":"ff6079!56","profile":"IS.S.16","res":16,"subtime":8.523514,"walltime":4200}}}]}'
Sending '{"now":8.531313,"events":[]}'
Received '{"now":8.676387,"events":[{"timestamp":8.676387,"type":"JOB_SUBMITTED","data":{"job_id":"ff6079!57","job":{"id":"ff6079!57","profile":"IS.S.4","res":4,"subtime":8.668581,"walltime":4200}}}]}'
Sending '{"now":8.676387,"events":[{"timestamp":8.676387,"type":"EXECUTE_JOB","data":{"job_id":"ff6079!57","alloc":"32-35"}}]}'
Received '{"now":8.801685,"events":[{"timestamp":8.801685,"type":"JOB_COMPLETED","data":{"job_id":"ff6079!57","job_state":"COMPLETED_SUCCESSFULLY","return_code":0,"kill_reason":"","alloc":"32-35"}}]}'
Sending '{"now":8.801685,"events":[]}'
Received '{"now":8.887014,"events":[{"timestamp":8.887014,"type":"JOB_SUBMITTED","data":{"job_id":"ff6079!58","job":{"id":"ff6079!58","profile":"LU.S.4","res":4,"subtime":8.879208,"walltime":4200}}}]}'
Sending '{"now":8.887014,"events":[{"timestamp":8.887014,"type":"EXECUTE_JOB","data":{"job_id":"ff6079!58","alloc":"32-35"}}]}'
Received '{"now":8.931114,"events":[{"timestamp":8.931114,"type":"JOB_SUBMITTED","data":{"job_id":"ff6079!59","job":{"id":"ff6079!59","profile":"LU.S.4","res":4,"subtime":8.923316,"walltime":4200}}}]}'
Sending '{"now":8.931114,"events":[{"timestamp":8.931114,"type":"EXECUTE_JOB","data":{"job_id":"ff6079!59","alloc":"56-59"}}]}'
Received '{"now":9.031692,"events":[{"timestamp":9.031692,"type":"JOB_SUBMITTED","data":{"job_id":"ff6079!60","job":{"id":"ff6079!60","profile":"SP.S.4","res":4,"subtime":9.023895,"walltime":4200}}}]}'
Sending '{"now":9.031692,"events":[{"timestamp":9.031692,"type":"EXECUTE_JOB","data":{"job_id":"ff6079!60","alloc":"60-63"}}]}'
Received '{"now":9.183789,"events":[{"timestamp":9.183789,"type":"JOB_SUBMITTED","data":{"job_id":"ff6079!61","job":{"id":"ff6079!61","profile":"LU.S.4","res":4,"subtime":9.175989,"walltime":4200}}}]}'
Sending '{"now":9.183789,"events":[]}'
Received '{"now":9.332480,"events":[{"timestamp":9.332480,"type":"JOB_SUBMITTED","data":{"job_id":"ff6079!62","job":{"id":"ff6079!62","profile":"FT.S.16","res":16,"subtime":9.324674,"walltime":4200}}}]}'
Sending '{"now":9.33248,"events":[]}'
Received '{"now":9.373071,"events":[{"timestamp":9.373071,"type":"JOB_COMPLETED","data":{"job_id":"ff6079!12","job_state":"COMPLETED_SUCCESSFULLY","return_code":0,"kill_reason":"","alloc":"0-15"}}]}'
Sending '{"now":9.373071,"events":[{"timestamp":9.373071,"type":"EXECUTE_JOB","data":{"job_id":"ff6079!22","alloc":"0-15"}}]}'
Received '{"now":9.530080,"events":[{"timestamp":9.530080,"type":"JOB_COMPLETED","data":{"job_id":"ff6079!46","job_state":"COMPLETED_SUCCESSFULLY","return_code":0,"kill_reason":"","alloc":"36-39"}}]}'
Sending '{"now":9.53008,"events":[{"timestamp":9.53008,"type":"EXECUTE_JOB","data":{"job_id":"ff6079!61","alloc":"36-39"}}]}'
Received '{"now":9.712407,"events":[{"timestamp":9.712407,"type":"JOB_SUBMITTED","data":{"job_id":"ff6079!63","job":{"id":"ff6079!63","profile":"MG.S.4","res":4,"subtime":9.704601,"walltime":4200}}}]}'
Sending '{"now":9.712407,"events":[]}'
Received '{"now":10.205860,"events":[{"timestamp":10.205860,"type":"JOB_SUBMITTED","data":{"job_id":"ff6079!64","job":{"id":"ff6079!64","profile":"MG.S.4","res":4,"subtime":10.198056,"walltime":4200}}}]}'
Sending '{"now":10.20586,"events":[]}'
Received '{"now":10.286264,"events":[{"timestamp":10.286264,"type":"JOB_COMPLETED","data":{"job_id":"ff6079!60","job_state":"COMPLETED_SUCCESSFULLY","return_code":0,"kill_reason":"","alloc":"60-63"}}]}'
Sending '{"now":10.286264,"events":[{"timestamp":10.286264,"type":"EXECUTE_JOB","data":{"job_id":"ff6079!63","alloc":"60-63"}}]}'
Received '{"now":10.798068,"events":[{"timestamp":10.798068,"type":"JOB_SUBMITTED","data":{"job_id":"ff6079!65","job":{"id":"ff6079!65","profile":"LU.S.4","res":4,"subtime":10.790271,"walltime":4200}}}]}'
Sending '{"now":10.798068,"events":[]}'
Received '{"now":10.845550,"events":[{"timestamp":10.845550,"type":"JOB_COMPLETED","data":{"job_id":"ff6079!63","job_state":"COMPLETED_SUCCESSFULLY","return_code":0,"kill_reason":"","alloc":"60-63"}}]}'
Sending '{"now":10.84555,"events":[{"timestamp":10.84555,"type":"EXECUTE_JOB","data":{"job_id":"ff6079!64","alloc":"60-63"}}]}'
Received '{"now":11.023400,"events":[{"timestamp":11.023400,"type":"JOB_SUBMITTED","data":{"job_id":"ff6079!66","job":{"id":"ff6079!66","profile":"LU.S.16","res":16,"subtime":11.015602,"walltime":4200}}}]}'
Sending '{"now":11.0234,"events":[]}'
Received '{"now":11.066496,"events":[{"timestamp":11.066496,"type":"JOB_SUBMITTED","data":{"job_id":"ff6079!67","job":{"id":"ff6079!67","profile":"MG.S.16","res":16,"subtime":11.058691,"walltime":4200}}}]}'
Sending '{"now":11.066496,"events":[]}'
Received '{"now":11.302452,"events":[{"timestamp":11.302452,"type":"JOB_COMPLETED","data":{"job_id":"ff6079!58","job_state":"COMPLETED_SUCCESSFULLY","return_code":0,"kill_reason":"","alloc":"32-35"}}]}'
Sending '{"now":11.302452,"events":[{"timestamp":11.302452,"type":"EXECUTE_JOB","data":{"job_id":"ff6079!65","alloc":"32-35"}}]}'
Received '{"now":11.346479,"events":[{"timestamp":11.346479,"type":"JOB_COMPLETED","data":{"job_id":"ff6079!59","job_state":"COMPLETED_SUCCESSFULLY","return_code":0,"kill_reason":"","alloc":"56-59"}}]}'
Sending '{"now":11.346479,"events":[]}'
Received '{"now":11.392917,"events":[{"timestamp":11.392917,"type":"JOB_SUBMITTED","data":{"job_id":"ff6079!68","job":{"id":"ff6079!68","profile":"CG.S.4","res":4,"subtime":11.385119,"walltime":4200}}}]}'
Sending '{"now":11.392917,"events":[{"timestamp":11.392917,"type":"EXECUTE_JOB","data":{"job_id":"ff6079!68","alloc":"56-59"}}]}'
Received '{"now":11.422183,"events":[{"timestamp":11.406578,"type":"JOB_COMPLETED","data":{"job_id":"ff6079!64","job_state":"COMPLETED_SUCCESSFULLY","return_code":0,"kill_reason":"","alloc":"60-63"}}]}'
Sending '{"now":11.422183,"events":[]}'
Received '{"now":11.516739,"events":[{"timestamp":11.516739,"type":"JOB_SUBMITTED","data":{"job_id":"ff6079!69","job":{"id":"ff6079!69","profile":"MG.S.16","res":16,"subtime":11.508943,"walltime":4200}}}]}'
Sending '{"now":11.516739,"events":[]}'
Received '{"now":11.532346,"events":[{"timestamp":11.524540,"type":"JOB_SUBMITTED","data":{"job_id":"ff6079!70","job":{"id":"ff6079!70","profile":"BT.S.4","res":4,"subtime":11.510962,"walltime":4200}}}]}'
Sending '{"now":11.532346,"events":[{"timestamp":11.532346,"type":"EXECUTE_JOB","data":{"job_id":"ff6079!70","alloc":"60-63"}}]}'
Received '{"now":11.602771,"events":[{"timestamp":11.602771,"type":"JOB_COMPLETED","data":{"job_id":"ff6079!21","job_state":"COMPLETED_SUCCESSFULLY","return_code":0,"kill_reason":"","alloc":"40-55"}}]}'
Sending '{"now":11.602771,"events":[{"timestamp":11.602771,"type":"EXECUTE_JOB","data":{"job_id":"ff6079!23","alloc":"40-55"}}]}'
Received '{"now":11.626182,"events":[{"timestamp":11.610577,"type":"JOB_SUBMITTED","data":{"job_id":"ff6079!71","job":{"id":"ff6079!71","profile":"LU.S.4","res":4,"subtime":11.598051,"walltime":4200}}}]}'
Sending '{"now":11.626182,"events":[]}'
Received '{"now":11.641791,"events":[{"timestamp":11.641791,"type":"JOB_SUBMITTED","data":{"job_id":"ff6079!72","job":{"id":"ff6079!72","profile":"LU.S.16","res":16,"subtime":11.631098,"walltime":4200}}}]}'
Sending '{"now":11.641791,"events":[]}'
Received '{"now":11.933557,"events":[{"timestamp":11.933557,"type":"JOB_COMPLETED","data":{"job_id":"ff6079!23","job_state":"COMPLETED_SUCCESSFULLY","return_code":0,"kill_reason":"","alloc":"40-55"}}]}'
Sending '{"now":11.933557,"events":[{"timestamp":11.933557,"type":"EXECUTE_JOB","data":{"job_id":"ff6079!25","alloc":"40-55"}}]}'
Received '{"now":11.962816,"events":[{"timestamp":11.947207,"type":"JOB_COMPLETED","data":{"job_id":"ff6079!61","job_state":"COMPLETED_SUCCESSFULLY","return_code":0,"kill_reason":"","alloc":"36-39"}}]}'
Sending '{"now":11.962816,"events":[{"timestamp":11.962816,"type":"EXECUTE_JOB","data":{"job_id":"ff6079!71","alloc":"36-39"}}]}'
Received '{"now":12.030461,"events":[{"timestamp":12.030461,"type":"JOB_SUBMITTED","data":{"job_id":"ff6079!73","job":{"id":"ff6079!73","profile":"LU.S.4","res":4,"subtime":12.022662,"walltime":4200}}}]}'
Sending '{"now":12.030461,"events":[]}'
Received '{"now":12.132800,"events":[{"timestamp":12.132800,"type":"JOB_SUBMITTED","data":{"job_id":"ff6079!74","job":{"id":"ff6079!74","profile":"IS.S.4","res":4,"subtime":12.124994,"walltime":4200}}}]}'
Sending '{"now":12.1328,"events":[]}'
Received '{"now":12.202050,"events":[{"timestamp":12.202050,"type":"JOB_COMPLETED","data":{"job_id":"ff6079!70","job_state":"COMPLETED_SUCCESSFULLY","return_code":0,"kill_reason":"","alloc":"60-63"}}]}'
Sending '{"now":12.20205,"events":[{"timestamp":12.20205,"type":"EXECUTE_JOB","data":{"job_id":"ff6079!73","alloc":"60-63"}}]}'
Received '{"now":12.508284,"events":[{"timestamp":12.508284,"type":"JOB_SUBMITTED","data":{"job_id":"ff6079!75","job":{"id":"ff6079!75","profile":"MG.S.16","res":16,"subtime":12.500478,"walltime":4200}}}]}'
Sending '{"now":12.508284,"events":[]}'
Received '{"now":12.529751,"events":[{"timestamp":12.529751,"type":"JOB_COMPLETED","data":{"job_id":"ff6079!68","job_state":"COMPLETED_SUCCESSFULLY","return_code":0,"kill_reason":"","alloc":"56-59"}}]}'
Sending '{"now":12.529751,"events":[{"timestamp":12.529751,"type":"EXECUTE_JOB","data":{"job_id":"ff6079!74","alloc":"56-59"}}]}'
Received '{"now":12.553162,"events":[{"timestamp":12.537557,"type":"JOB_SUBMITTED","data":{"job_id":"ff6079!76","job":{"id":"ff6079!76","profile":"LU.S.4","res":4,"subtime":12.527187,"walltime":4200}}}]}'
Sending '{"now":12.553162,"events":[]}'
Received '{"now":12.662767,"events":[{"timestamp":12.662767,"type":"JOB_COMPLETED","data":{"job_id":"ff6079!74","job_state":"COMPLETED_SUCCESSFULLY","return_code":0,"kill_reason":"","alloc":"56-59"}}]}'
Sending '{"now":12.662767,"events":[{"timestamp":12.662767,"type":"EXECUTE_JOB","data":{"job_id":"ff6079!76","alloc":"56-59"}}]}'
Received '{"now":12.811488,"events":[{"timestamp":12.811488,"type":"JOB_SUBMITTED","data":{"job_id":"ff6079!77","job":{"id":"ff6079!77","profile":"FT.S.16","res":16,"subtime":12.803682,"walltime":4200}}}]}'
Sending '{"now":12.811488,"events":[]}'
Received '{"now":12.957930,"events":[{"timestamp":12.957930,"type":"JOB_SUBMITTED","data":{"job_id":"ff6079!78","job":{"id":"ff6079!78","profile":"CG.S.4","res":4,"subtime":12.950124,"walltime":4200}}}]}'
Sending '{"now":12.95793,"events":[]}'
Received '{"now":12.973533,"events":[{"timestamp":12.973533,"type":"JOB_SUBMITTED","data":{"job_id":"ff6079!79","job":{"id":"ff6079!79","profile":"CG.S.4","res":4,"subtime":12.962095,"walltime":4200}}}]}'
Sending '{"now":12.973533,"events":[]}'
Received '{"now":13.294275,"events":[{"timestamp":13.294275,"type":"JOB_SUBMITTED","data":{"job_id":"ff6079!80","job":{"id":"ff6079!80","profile":"LU.S.4","res":4,"subtime":13.286474,"walltime":4200}}}]}'
Sending '{"now":13.294275,"events":[]}'
Received '{"now":13.315731,"events":[{"timestamp":13.315731,"type":"JOB_SUBMITTED","data":{"job_id":"ff6079!81","job":{"id":"ff6079!81","profile":"IS.S.4","res":4,"subtime":13.307925,"walltime":4200}}}]}'
Sending '{"now":13.315731,"events":[]}'
Received '{"now":13.353966,"events":[{"timestamp":13.353966,"type":"JOB_SUBMITTED","data":{"job_id":"ff6079!82","job":{"id":"ff6079!82","profile":"FT.S.4","res":4,"subtime":13.346162,"walltime":4200}}}]}'
Sending '{"now":13.353966,"events":[]}'
Received '{"now":13.376006,"events":[{"timestamp":13.376006,"type":"JOB_SUBMITTED","data":{"job_id":"ff6079!83","job":{"id":"ff6079!83","profile":"IS.S.16","res":16,"subtime":13.368200,"walltime":4200}}}]}'
Sending '{"now":13.376006,"events":[]}'
Received '{"now":13.427071,"events":[{"timestamp":13.427071,"type":"JOB_SUBMITTED","data":{"job_id":"ff6079!84","job":{"id":"ff6079!84","profile":"MG.S.16","res":16,"subtime":13.419265,"walltime":4200}}}]}'
Sending '{"now":13.427071,"events":[]}'
Received '{"now":13.450067,"events":[{"timestamp":13.450067,"type":"JOB_COMPLETED","data":{"job_id":"ff6079!13","job_state":"COMPLETED_SUCCESSFULLY","return_code":0,"kill_reason":"","alloc":"16-31"}}]}'
Sending '{"now":13.450067,"events":[{"timestamp":13.450067,"type":"EXECUTE_JOB","data":{"job_id":"ff6079!26","alloc":"16-31"}}]}'
Received '{"now":13.620437,"events":[{"timestamp":13.620437,"type":"JOB_SUBMITTED","data":{"job_id":"ff6079!85","job":{"id":"ff6079!85","profile":"IS.S.4","res":4,"subtime":13.612648,"walltime":4200}}}]}'
Sending '{"now":13.620437,"events":[]}'
Received '{"now":13.636043,"events":[{"timestamp":13.636043,"type":"JOB_SUBMITTED","data":{"job_id":"ff6079!86","job":{"id":"ff6079!86","profile":"MG.S.16","res":16,"subtime":13.624678,"walltime":4200}}}]}'
Sending '{"now":13.636043,"events":[]}'
Received '{"now":13.717801,"events":[{"timestamp":13.717801,"type":"JOB_COMPLETED","data":{"job_id":"ff6079!65","job_state":"COMPLETED_SUCCESSFULLY","return_code":0,"kill_reason":"","alloc":"32-35"}}]}'
Sending '{"now":13.717801,"events":[{"timestamp":13.717801,"type":"EXECUTE_JOB","data":{"job_id":"ff6079!78","alloc":"32-35"}}]}'
Received '{"now":13.749025,"events":[{"timestamp":13.725607,"type":"JOB_SUBMITTED","data":{"job_id":"ff6079!87","job":{"id":"ff6079!87","profile":"BT.S.16","res":16,"subtime":13.706766,"walltime":4200}}},{"timestamp":13.741219,"type":"JOB_SUBMITTED","data":{"job_id":"ff6079!88","job":{"id":"ff6079!88","profile":"FT.S.4","res":4,"subtime":13.726223,"walltime":4200}}}]}'
Sending '{"now":13.749025,"events":[]}'
Received '{"now":13.764631,"events":[{"timestamp":13.756831,"type":"JOB_SUBMITTED","data":{"job_id":"ff6079!89","job":{"id":"ff6079!89","profile":"BT.S.4","res":4,"subtime":13.740388,"walltime":4200}}}]}'
Sending '{"now":13.764631,"events":[]}'
Received '{"now":13.802148,"events":[{"timestamp":13.802148,"type":"JOB_SUBMITTED","data":{"job_id":"ff6079!90","job":{"id":"ff6079!90","profile":"LU.S.16","res":16,"subtime":13.794348,"walltime":4200}}}]}'
Sending '{"now":13.802148,"events":[]}'
Received '{"now":13.872906,"events":[{"timestamp":13.872906,"type":"JOB_SUBMITTED","data":{"job_id":"ff6079!91","job":{"id":"ff6079!91","profile":"MG.S.4","res":4,"subtime":13.865100,"walltime":4200}}}]}'
Sending '{"now":13.872906,"events":[]}'
Received '{"now":14.058344,"events":[{"timestamp":14.058344,"type":"JOB_SUBMITTED","data":{"job_id":"ff6079!92","job":{"id":"ff6079!92","profile":"MG.S.16","res":16,"subtime":14.050538,"walltime":4200}}}]}'
Sending '{"now":14.058344,"events":[]}'
Received '{"now":14.205770,"events":[{"timestamp":14.205770,"type":"JOB_SUBMITTED","data":{"job_id":"ff6079!93","job":{"id":"ff6079!93","profile":"LU.S.4","res":4,"subtime":14.197964,"walltime":4200}}}]}'
Sending '{"now":14.20577,"events":[]}'
Received '{"now":14.221374,"events":[{"timestamp":14.221374,"type":"JOB_SUBMITTED","data":{"job_id":"ff6079!94","job":{"id":"ff6079!94","profile":"SP.S.4","res":4,"subtime":14.208928,"walltime":4200}}}]}'
Sending '{"now":14.221374,"events":[]}'
Received '{"now":14.320574,"events":[{"timestamp":14.320574,"type":"JOB_SUBMITTED","data":{"job_id":"ff6079!95","job":{"id":"ff6079!95","profile":"BT.S.4","res":4,"subtime":14.312768,"walltime":4200}}}]}'
Sending '{"now":14.320574,"events":[]}'
Received '{"now":14.378088,"events":[{"timestamp":14.378088,"type":"JOB_COMPLETED","data":{"job_id":"ff6079!71","job_state":"COMPLETED_SUCCESSFULLY","return_code":0,"kill_reason":"","alloc":"36-39"}}]}'
Sending '{"now":14.378088,"events":[{"timestamp":14.378088,"type":"EXECUTE_JOB","data":{"job_id":"ff6079!79","alloc":"36-39"}}]}'
Received '{"now":14.617522,"events":[{"timestamp":14.617522,"type":"JOB_COMPLETED","data":{"job_id":"ff6079!73","job_state":"COMPLETED_SUCCESSFULLY","return_code":0,"kill_reason":"","alloc":"60-63"}}]}'
Sending '{"now":14.617522,"events":[{"timestamp":14.617522,"type":"EXECUTE_JOB","data":{"job_id":"ff6079!80","alloc":"60-63"}}]}'
Received '{"now":14.716269,"events":[{"timestamp":14.716269,"type":"JOB_SUBMITTED","data":{"job_id":"ff6079!96","job":{"id":"ff6079!96","profile":"CG.S.4","res":4,"subtime":14.708468,"walltime":4200}}}]}'
Sending '{"now":14.716269,"events":[]}'
Received '{"now":14.846710,"events":[{"timestamp":14.846710,"type":"JOB_COMPLETED","data":{"job_id":"ff6079!78","job_state":"COMPLETED_SUCCESSFULLY","return_code":0,"kill_reason":"","alloc":"32-35"}}]}'
Sending '{"now":14.84671,"events":[{"timestamp":14.84671,"type":"EXECUTE_JOB","data":{"job_id":"ff6079!81","alloc":"32-35"}}]}'
Received '{"now":14.971973,"events":[{"timestamp":14.971973,"type":"JOB_COMPLETED","data":{"job_id":"ff6079!81","job_state":"COMPLETED_SUCCESSFULLY","return_code":0,"kill_reason":"","alloc":"32-35"}}]}'
Sending '{"now":14.971973,"events":[{"timestamp":14.971973,"type":"EXECUTE_JOB","data":{"job_id":"ff6079!82","alloc":"32-35"}}]}'
Received '{"now":15.078267,"events":[{"timestamp":15.078267,"type":"JOB_COMPLETED","data":{"job_id":"ff6079!76","job_state":"COMPLETED_SUCCESSFULLY","return_code":0,"kill_reason":"","alloc":"56-59"}}]}'
Sending '{"now":15.078267,"events":[{"timestamp":15.078267,"type":"EXECUTE_JOB","data":{"job_id":"ff6079!85","alloc":"56-59"}}]}'
Received '{"now":15.115012,"events":[{"timestamp":15.115012,"type":"JOB_COMPLETED","data":{"job_id":"ff6079!25","job_state":"COMPLETED_SUCCESSFULLY","return_code":0,"kill_reason":"","alloc":"40-55"}}]}'
Sending '{"now":15.115012,"events":[{"timestamp":15.115012,"type":"EXECUTE_JOB","data":{"job_id":"ff6079!30","alloc":"40-55"}}]}'
Received '{"now":15.151048,"events":[{"timestamp":15.151048,"type":"JOB_COMPLETED","data":{"job_id":"ff6079!82","job_state":"COMPLETED_SUCCESSFULLY","return_code":0,"kill_reason":"","alloc":"32-35"}}]}'
Sending '{"now":15.151048,"events":[{"timestamp":15.151048,"type":"EXECUTE_JOB","data":{"job_id":"ff6079!88","alloc":"32-35"}}]}'
Received '{"now":15.174462,"events":[{"timestamp":15.158850,"type":"JOB_SUBMITTED","data":{"job_id":"ff6079!97","job":{"id":"ff6079!97","profile":"CG.S.16","res":16,"subtime":15.149478,"walltime":4200}}}]}'
Sending '{"now":15.174462,"events":[]}'
Received '{"now":15.195938,"events":[{"timestamp":15.195938,"type":"JOB_COMPLETED","data":{"job_id":"ff6079!22","job_state":"COMPLETED_SUCCESSFULLY","return_code":0,"kill_reason":"","alloc":"0-15"}}]}'
Sending '{"now":15.195938,"events":[{"timestamp":15.195938,"type":"EXECUTE_JOB","data":{"job_id":"ff6079!31","alloc":"0-15"}}]}'
Received '{"now":15.225208,"events":[{"timestamp":15.209599,"type":"JOB_COMPLETED","data":{"job_id":"ff6079!85","job_state":"COMPLETED_SUCCESSFULLY","return_code":0,"kill_reason":"","alloc":"56-59"}}]}'
Sending '{"now":15.225208,"events":[{"timestamp":15.225208,"type":"EXECUTE_JOB","data":{"job_id":"ff6079!89","alloc":"56-59"}}]}'
Received '{"now":15.337926,"events":[{"timestamp":15.337926,"type":"JOB_COMPLETED","data":{"job_id":"ff6079!88","job_state":"COMPLETED_SUCCESSFULLY","return_code":0,"kill_reason":"","alloc":"32-35"}}]}'
Sending '{"now":15.337926,"events":[{"timestamp":15.337926,"type":"EXECUTE_JOB","data":{"job_id":"ff6079!91","alloc":"32-35"}}]}'
Received '{"now":15.412311,"events":[{"timestamp":15.412311,"type":"JOB_SUBMITTED","data":{"job_id":"ff6079!98","job":{"id":"ff6079!98","profile":"CG.S.16","res":16,"subtime":15.404505,"walltime":4200}}}]}'
Sending '{"now":15.412311,"events":[]}'
Received '{"now":15.438059,"events":[{"timestamp":15.438059,"type":"JOB_COMPLETED","data":{"job_id":"ff6079!30","job_state":"COMPLETED_SUCCESSFULLY","return_code":0,"kill_reason":"","alloc":"40-55"}}]}'
Sending '{"now":15.438059,"events":[{"timestamp":15.438059,"type":"EXECUTE_JOB","data":{"job_id":"ff6079!33","alloc":"40-55"}}]}'
Received '{"now":15.499264,"events":[{"timestamp":15.499264,"type":"JOB_COMPLETED","data":{"job_id":"ff6079!79","job_state":"COMPLETED_SUCCESSFULLY","return_code":0,"kill_reason":"","alloc":"36-39"}}]}'
Sending '{"now":15.499264,"events":[{"timestamp":15.499264,"type":"EXECUTE_JOB","data":{"job_id":"ff6079!93","alloc":"36-39"}}]}'
Received '{"now":15.635376,"events":[{"timestamp":15.635376,"type":"JOB_SUBMITTED","data":{"job_id":"ff6079!99","job":{"id":"ff6079!99","profile":"LU.S.16","res":16,"subtime":15.627570,"walltime":4200}}}]}'
Sending '{"now":15.635376,"events":[]}'
Received '{"now":15.755487,"events":[{"timestamp":15.755487,"type":"JOB_SUBMITTED","data":{"job_id":"ff6079!100","job":{"id":"ff6079!100","profile":"IS.S.4","res":4,"subtime":15.747681,"walltime":4200}}}]}'
Sending '{"now":15.755487,"events":[]}'
Received '{"now":15.895280,"events":[{"timestamp":15.895280,"type":"JOB_COMPLETED","data":{"job_id":"ff6079!89","job_state":"COMPLETED_SUCCESSFULLY","return_code":0,"kill_reason":"","alloc":"56-59"}}]}'
Sending '{"now":15.89528,"events":[{"timestamp":15.89528,"type":"EXECUTE_JOB","data":{"job_id":"ff6079!94","alloc":"56-59"}}]}'
Received '{"now":15.924552,"events":[{"timestamp":15.908940,"type":"JOB_COMPLETED","data":{"job_id":"ff6079!91","job_state":"COMPLETED_SUCCESSFULLY","return_code":0,"kill_reason":"","alloc":"32-35"}}]}'
Sending '{"now":15.924552,"events":[{"timestamp":15.924552,"type":"EXECUTE_JOB","data":{"job_id":"ff6079!95","alloc":"32-35"}}]}'
Received '{"now":15.956857,"events":[{"timestamp":15.956857,"type":"JOB_SUBMITTED","data":{"job_id":"ff6079!101","job":{"id":"ff6079!101","profile":"BT.S.4","res":4,"subtime":15.949051,"walltime":4200}}}]}'
Sending '{"now":15.956857,"events":[]}'
Received '{"now":16.059841,"events":[{"timestamp":16.059841,"type":"JOB_SUBMITTED","data":{"job_id":"ff6079!102","job":{"id":"ff6079!102","profile":"IS.S.4","res":4,"subtime":16.052035,"walltime":4200}}}]}'
Sending '{"now":16.059841,"events":[]}'
Received '{"now":16.174733,"events":[{"timestamp":16.174733,"type":"JOB_SUBMITTED","data":{"job_id":"ff6079!103","job":{"id":"ff6079!103","profile":"BT.S.4","res":4,"subtime":16.166927,"walltime":4200}}}]}'
Sending '{"now":16.174733,"events":[]}'
Received '{"now":16.297147,"events":[{"timestamp":16.297147,"type":"JOB_SUBMITTED","data":{"job_id":"ff6079!104","job":{"id":"ff6079!104","profile":"FT.S.16","res":16,"subtime":16.289341,"walltime":4200}}}]}'
Sending '{"now":16.297147,"events":[]}'
Received '{"now":16.312754,"events":[{"timestamp":16.312754,"type":"JOB_SUBMITTED","data":{"job_id":"ff6079!105","job":{"id":"ff6079!105","profile":"CG.S.16","res":16,"subtime":16.303626,"walltime":4200}}}]}'
Sending '{"now":16.312754,"events":[]}'
Received '{"now":16.344266,"events":[{"timestamp":16.344266,"type":"JOB_SUBMITTED","data":{"job_id":"ff6079!106","job":{"id":"ff6079!106","profile":"SP.S.4","res":4,"subtime":16.336460,"walltime":4200}}}]}'
Sending '{"now":16.344266,"events":[]}'
Received '{"now":16.364537,"events":[{"timestamp":16.364537,"type":"JOB_SUBMITTED","data":{"job_id":"ff6079!107","job":{"id":"ff6079!107","profile":"FT.S.4","res":4,"subtime":16.356731,"walltime":4200}}}]}'
Sending '{"now":16.364537,"events":[]}'
Received '{"now":16.454544,"events":[{"timestamp":16.454544,"type":"JOB_SUBMITTED","data":{"job_id":"ff6079!108","job":{"id":"ff6079!108","profile":"LU.S.16","res":16,"subtime":16.446738,"walltime":4200}}}]}'
Sending '{"now":16.454544,"events":[]}'
Received '{"now":16.594723,"events":[{"timestamp":16.594723,"type":"JOB_COMPLETED","data":{"job_id":"ff6079!95","job_state":"COMPLETED_SUCCESSFULLY","return_code":0,"kill_reason":"","alloc":"32-35"}}]}'
Sending '{"now":16.594723,"events":[{"timestamp":16.594723,"type":"EXECUTE_JOB","data":{"job_id":"ff6079!96","alloc":"32-35"}}]}'
Received '{"now":16.696073,"events":[{"timestamp":16.696073,"type":"JOB_SUBMITTED","data":{"job_id":"ff6079!109","job":{"id":"ff6079!109","profile":"CG.S.16","res":16,"subtime":16.688267,"walltime":4200}}}]}'
Sending '{"now":16.696073,"events":[]}'
Received '{"now":16.991539,"events":[{"timestamp":16.991539,"type":"JOB_SUBMITTED","data":{"job_id":"ff6079!110","job":{"id":"ff6079!110","profile":"SP.S.4","res":4,"subtime":16.983733,"walltime":4200}}}]}'
Sending '{"now":16.991539,"events":[]}'
Received '{"now":17.033722,"events":[{"timestamp":17.033722,"type":"JOB_COMPLETED","data":{"job_id":"ff6079!80","job_state":"COMPLETED_SUCCESSFULLY","return_code":0,"kill_reason":"","alloc":"60-63"}}]}'
Sending '{"now":17.033722,"events":[{"timestamp":17.033722,"type":"EXECUTE_JOB","data":{"job_id":"ff6079!100","alloc":"60-63"}}]}'
Received '{"now":17.104315,"events":[{"timestamp":17.104315,"type":"JOB_COMPLETED","data":{"job_id":"ff6079!94","job_state":"COMPLETED_SUCCESSFULLY","return_code":0,"kill_reason":"","alloc":"56-59"}}]}'
Sending '{"now":17.104315,"events":[{"timestamp":17.104315,"type":"EXECUTE_JOB","data":{"job_id":"ff6079!101","alloc":"56-59"}}]}'
Received '{"now":17.127731,"events":[{"timestamp":17.112119,"type":"JOB_SUBMITTED","data":{"job_id":"ff6079!111","job":{"id":"ff6079!111","profile":"MG.S.16","res":16,"subtime":17.096370,"walltime":4200}}}]}'
Sending '{"now":17.127731,"events":[]}'
Received '{"now":17.159028,"events":[{"timestamp":17.159028,"type":"JOB_COMPLETED","data":{"job_id":"ff6079!100","job_state":"COMPLETED_SUCCESSFULLY","return_code":0,"kill_reason":"","alloc":"60-63"}}]}'
Sending '{"now":17.159028,"events":[{"timestamp":17.159028,"type":"EXECUTE_JOB","data":{"job_id":"ff6079!102","alloc":"60-63"}}]}'
Received '{"now":17.182446,"events":[{"timestamp":17.166834,"type":"JOB_SUBMITTED","data":{"job_id":"ff6079!112","job":{"id":"ff6079!112","profile":"BT.S.4","res":4,"subtime":17.147783,"walltime":4200}}}]}'
Sending '{"now":17.182446,"events":[]}'
Received '{"now":17.292153,"events":[{"timestamp":17.292153,"type":"JOB_COMPLETED","data":{"job_id":"ff6079!102","job_state":"COMPLETED_SUCCESSFULLY","return_code":0,"kill_reason":"","alloc":"60-63"}}]}'
Sending '{"now":17.292153,"events":[{"timestamp":17.292153,"type":"EXECUTE_JOB","data":{"job_id":"ff6079!103","alloc":"60-63"}}]}'
Received '{"now":17.315787,"events":[{"timestamp":17.315787,"type":"JOB_SUBMITTED","data":{"job_id":"ff6079!113","job":{"id":"ff6079!113","profile":"FT.S.4","res":4,"subtime":17.307983,"walltime":4200}}}]}'
Sending '{"now":17.315787,"events":[]}'
Received '{"now":17.597757,"events":[{"timestamp":17.597757,"type":"JOB_SUBMITTED","data":{"job_id":"ff6079!114","job":{"id":"ff6079!114","profile":"FT.S.4","res":4,"subtime":17.589951,"walltime":4200}}}]}'
Sending '{"now":17.597757,"events":[]}'
Received '{"now":17.647703,"events":[{"timestamp":17.647703,"type":"JOB_SUBMITTED","data":{"job_id":"ff6079!115","job":{"id":"ff6079!115","profile":"BT.S.16","res":16,"subtime":17.639897,"walltime":4200}}}]}'
Sending '{"now":17.647703,"events":[]}'
Received '{"now":17.716427,"events":[{"timestamp":17.716427,"type":"JOB_COMPLETED","data":{"job_id":"ff6079!96","job_state":"COMPLETED_SUCCESSFULLY","return_code":0,"kill_reason":"","alloc":"32-35"}}]}'
Sending '{"now":17.716427,"events":[{"timestamp":17.716427,"type":"EXECUTE_JOB","data":{"job_id":"ff6079!106","alloc":"32-35"}}]}'
Received '{"now":17.739845,"events":[{"timestamp":17.732039,"type":"JOB_SUBMITTED","data":{"job_id":"ff6079!116","job":{"id":"ff6079!116","profile":"LU.S.4","res":4,"subtime":17.723193,"walltime":4200}}}]}'
Sending '{"now":17.739845,"events":[]}'
Received '{"now":17.782337,"events":[{"timestamp":17.782337,"type":"JOB_COMPLETED","data":{"job_id":"ff6079!101","job_state":"COMPLETED_SUCCESSFULLY","return_code":0,"kill_reason":"","alloc":"56-59"}}]}'
Sending '{"now":17.782337,"events":[{"timestamp":17.782337,"type":"EXECUTE_JOB","data":{"job_id":"ff6079!107","alloc":"56-59"}}]}'
Received '{"now":17.805748,"events":[{"timestamp":17.805748,"type":"JOB_SUBMITTED","data":{"job_id":"ff6079!117","job":{"id":"ff6079!117","profile":"CG.S.4","res":4,"subtime":17.793906,"walltime":4200}}}]}'
Sending '{"now":17.805748,"events":[]}'
Received '{"now":17.851656,"events":[{"timestamp":17.851656,"type":"JOB_SUBMITTED","data":{"job_id":"ff6079!118","job":{"id":"ff6079!118","profile":"SP.S.4","res":4,"subtime":17.843850,"walltime":4200}}}]}'
Sending '{"now":17.851656,"events":[]}'
Received '{"now":17.915797,"events":[{"timestamp":17.915797,"type":"JOB_COMPLETED","data":{"job_id":"ff6079!93","job_state":"COMPLETED_SUCCESSFULLY","return_code":0,"kill_reason":"","alloc":"36-39"}}]}'
Sending '{"now":17.915797,"events":[{"timestamp":17.915797,"type":"EXECUTE_JOB","data":{"job_id":"ff6079!110","alloc":"36-39"}}]}'
Received '{"now":17.955140,"events":[{"timestamp":17.955140,"type":"JOB_SUBMITTED","data":{"job_id":"ff6079!119","job":{"id":"ff6079!119","profile":"FT.S.4","res":4,"subtime":17.947334,"walltime":4200}}}]}'
Sending '{"now":17.95514,"events":[]}'
Received '{"now":17.990264,"events":[{"timestamp":17.968797,"type":"JOB_COMPLETED","data":{"job_id":"ff6079!107","job_state":"COMPLETED_SUCCESSFULLY","return_code":0,"kill_reason":"","alloc":"56-59"}},{"timestamp":17.982458,"type":"JOB_COMPLETED","data":{"job_id":"ff6079!103","job_state":"COMPLETED_SUCCESSFULLY","return_code":0,"kill_reason":"","alloc":"60-63"}}]}'
Sending '{"now":17.990264,"events":[{"timestamp":17.990264,"type":"EXECUTE_JOB","data":{"job_id":"ff6079!112","alloc":"56-59"}},{"timestamp":17.990264,"type":"EXECUTE_JOB","data":{"job_id":"ff6079!113","alloc":"60-63"}}]}'
Received '{"now":18.059184,"events":[{"timestamp":18.059184,"type":"JOB_SUBMITTED","data":{"job_id":"ff6079!120","job":{"id":"ff6079!120","profile":"LU.S.16","res":16,"subtime":18.051378,"walltime":4200}}}]}'
Sending '{"now":18.059184,"events":[]}'
Received '{"now":18.162028,"events":[{"timestamp":18.162028,"type":"JOB_SUBMITTED","data":{"job_id":"ff6079!121","job":{"id":"ff6079!121","profile":"CG.S.4","res":4,"subtime":18.154222,"walltime":4200}}}]}'
Sending '{"now":18.162028,"events":[]}'
Received '{"now":18.177640,"events":[{"timestamp":18.169834,"type":"JOB_SUBMITTED","data":{"job_id":"ff6079!122","job":{"id":"ff6079!122","profile":"IS.S.4","res":4,"subtime":18.158444,"walltime":4200}}}]}'
Sending '{"now":18.17764,"events":[]}'
Received '{"now":18.199107,"events":[{"timestamp":18.191301,"type":"JOB_COMPLETED","data":{"job_id":"ff6079!113","job_state":"COMPLETED_SUCCESSFULLY","return_code":0,"kill_reason":"","alloc":"60-63"}}]}'
Sending '{"now":18.199107,"events":[{"timestamp":18.199107,"type":"EXECUTE_JOB","data":{"job_id":"ff6079!114","alloc":"60-63"}}]}'
Received '{"now":18.377050,"events":[{"timestamp":18.377050,"type":"JOB_COMPLETED","data":{"job_id":"ff6079!31","job_state":"COMPLETED_SUCCESSFULLY","return_code":0,"kill_reason":"","alloc":"0-15"}}]}'
Sending '{"now":18.37705,"events":[{"timestamp":18.37705,"type":"EXECUTE_JOB","data":{"job_id":"ff6079!34","alloc":"0-15"}}]}'
Received '{"now":18.406323,"events":[{"timestamp":18.390711,"type":"JOB_COMPLETED","data":{"job_id":"ff6079!114","job_state":"COMPLETED_SUCCESSFULLY","return_code":0,"kill_reason":"","alloc":"60-63"}}]}'
Sending '{"now":18.406323,"events":[{"timestamp":18.406323,"type":"EXECUTE_JOB","data":{"job_id":"ff6079!116","alloc":"60-63"}}]}'
Received '{"now":18.575974,"events":[{"timestamp":18.575974,"type":"JOB_COMPLETED","data":{"job_id":"ff6079!34","job_state":"COMPLETED_SUCCESSFULLY","return_code":0,"kill_reason":"","alloc":"0-15"}}]}'
Sending '{"now":18.575974,"events":[{"timestamp":18.575974,"type":"EXECUTE_JOB","data":{"job_id":"ff6079!38","alloc":"0-15"}}]}'
Received '{"now":18.637060,"events":[{"timestamp":18.637060,"type":"JOB_SUBMITTED","data":{"job_id":"ff6079!123","job":{"id":"ff6079!123","profile":"MG.S.4","res":4,"subtime":18.629254,"walltime":4200}}}]}'
Sending '{"now":18.63706,"events":[]}'
Received '{"now":18.660245,"events":[{"timestamp":18.660245,"type":"JOB_COMPLETED","data":{"job_id":"ff6079!112","job_state":"COMPLETED_SUCCESSFULLY","return_code":0,"kill_reason":"","alloc":"56-59"}}]}'
Sending '{"now":18.660245,"events":[{"timestamp":18.660245,"type":"EXECUTE_JOB","data":{"job_id":"ff6079!117","alloc":"56-59"}}]}'
Received '{"now":18.761243,"events":[{"timestamp":18.761243,"type":"JOB_COMPLETED","data":{"job_id":"ff6079!38","job_state":"COMPLETED_SUCCESSFULLY","return_code":0,"kill_reason":"","alloc":"0-15"}}]}'
Sending '{"now":18.761243,"events":[{"timestamp":18.761243,"type":"EXECUTE_JOB","data":{"job_id":"ff6079!39","alloc":"0-15"}}]}'
Received '{"now":18.911192,"events":[{"timestamp":18.911192,"type":"JOB_COMPLETED","data":{"job_id":"ff6079!106","job_state":"COMPLETED_SUCCESSFULLY","return_code":0,"kill_reason":"","alloc":"32-35"}}]}'
Sending '{"now":18.911192,"events":[{"timestamp":18.911192,"type":"EXECUTE_JOB","data":{"job_id":"ff6079!118","alloc":"32-35"}}]}'
Received '{"now":19.110902,"events":[{"timestamp":19.110902,"type":"JOB_COMPLETED","data":{"job_id":"ff6079!110","job_state":"COMPLETED_SUCCESSFULLY","return_code":0,"kill_reason":"","alloc":"36-39"}}]}'
Sending '{"now":19.110902,"events":[{"timestamp":19.110902,"type":"EXECUTE_JOB","data":{"job_id":"ff6079!119","alloc":"36-39"}}]}'
Received '{"now":19.165367,"events":[{"timestamp":19.165367,"type":"JOB_SUBMITTED","data":{"job_id":"ff6079!124","job":{"id":"ff6079!124","profile":"MG.S.4","res":4,"subtime":19.157561,"walltime":4200}}}]}'
Sending '{"now":19.165367,"events":[]}'
Received '{"now":19.290035,"events":[{"timestamp":19.290035,"type":"JOB_COMPLETED","data":{"job_id":"ff6079!119","job_state":"COMPLETED_SUCCESSFULLY","return_code":0,"kill_reason":"","alloc":"36-39"}}]}'
Sending '{"now":19.290035,"events":[{"timestamp":19.290035,"type":"EXECUTE_JOB","data":{"job_id":"ff6079!121","alloc":"36-39"}}]}'
Received '{"now":19.357974,"events":[{"timestamp":19.357974,"type":"JOB_SUBMITTED","data":{"job_id":"ff6079!125","job":{"id":"ff6079!125","profile":"MG.S.16","res":16,"subtime":19.350173,"walltime":4200}}}]}'
Sending '{"now":19.357974,"events":[]}'
Received '{"now":19.420807,"events":[{"timestamp":19.420807,"type":"JOB_SUBMITTED","data":{"job_id":"ff6079!126","job":{"id":"ff6079!126","profile":"BT.S.4","res":4,"subtime":19.413001,"walltime":4200}}}]}'
Sending '{"now":19.420807,"events":[]}'
Received '{"now":19.627080,"events":[{"timestamp":19.627080,"type":"JOB_COMPLETED","data":{"job_id":"ff6079!26","job_state":"COMPLETED_SUCCESSFULLY","return_code":0,"kill_reason":"","alloc":"16-31"}}]}'
Sending '{"now":19.62708,"events":[{"timestamp":19.62708,"type":"EXECUTE_JOB","data":{"job_id":"ff6079!40","alloc":"16-31"}}]}'
Received '{"now":19.677540,"events":[{"timestamp":19.677540,"type":"JOB_SUBMITTED","data":{"job_id":"ff6079!127","job":{"id":"ff6079!127","profile":"SP.S.4","res":4,"subtime":19.669737,"walltime":4200}}}]}'
Sending '{"now":19.67754,"events":[]}'
Received '{"now":19.782078,"events":[{"timestamp":19.782078,"type":"JOB_COMPLETED","data":{"job_id":"ff6079!117","job_state":"COMPLETED_SUCCESSFULLY","return_code":0,"kill_reason":"","alloc":"56-59"}}]}'
Sending '{"now":19.782078,"events":[{"timestamp":19.782078,"type":"EXECUTE_JOB","data":{"job_id":"ff6079!122","alloc":"56-59"}}]}'
Received '{"now":19.852477,"events":[{"timestamp":19.852477,"type":"JOB_SUBMITTED","data":{"job_id":"ff6079!128","job":{"id":"ff6079!128","profile":"IS.S.16","res":16,"subtime":19.844678,"walltime":4200}}}]}'
Sending '{"now":19.852477,"events":[]}'
Received '{"now":19.868088,"events":[{"timestamp":19.868088,"type":"JOB_SUBMITTED","data":{"job_id":"ff6079!129","job":{"id":"ff6079!129","profile":"MG.S.4","res":4,"subtime":19.859479,"walltime":4200}}}]}'
Sending '{"now":19.868088,"events":[]}'
Received '{"now":19.907379,"events":[{"timestamp":19.907379,"type":"JOB_COMPLETED","data":{"job_id":"ff6079!122","job_state":"COMPLETED_SUCCESSFULLY","return_code":0,"kill_reason":"","alloc":"56-59"}}]}'
Sending '{"now":19.907379,"events":[{"timestamp":19.907379,"type":"EXECUTE_JOB","data":{"job_id":"ff6079!123","alloc":"56-59"}}]}'
Received '{"now":19.940417,"events":[{"timestamp":19.940417,"type":"JOB_SUBMITTED","data":{"job_id":"ff6079!130","job":{"id":"ff6079!130","profile":"FT.S.16","res":16,"subtime":19.932614,"walltime":4200}}}]}'
Sending '{"now":19.940417,"events":[]}'
Received '{"now":20.060171,"events":[{"timestamp":20.060171,"type":"JOB_SUBMITTED","data":{"job_id":"ff6079!131","job":{"id":"ff6079!131","profile":"LU.S.16","res":16,"subtime":20.052365,"walltime":4200}}}]}'
Sending '{"now":20.060171,"events":[]}'
Received '{"now":20.110580,"events":[{"timestamp":20.110580,"type":"JOB_COMPLETED","data":{"job_id":"ff6079!118","job_state":"COMPLETED_SUCCESSFULLY","return_code":0,"kill_reason":"","alloc":"32-35"}}]}'
Sending '{"now":20.11058,"events":[{"timestamp":20.11058,"type":"EXECUTE_JOB","data":{"job_id":"ff6079!124","alloc":"32-35"}}]}'
Received '{"now":20.411980,"events":[{"timestamp":20.411980,"type":"JOB_COMPLETED","data":{"job_id":"ff6079!121","job_state":"COMPLETED_SUCCESSFULLY","return_code":0,"kill_reason":"","alloc":"36-39"}}]}'
Sending '{"now":20.41198,"events":[]}'
Received '{"now":20.427590,"events":[{"timestamp":20.419786,"type":"JOB_SUBMITTED","data":{"job_id":"ff6079!132","job":{"id":"ff6079!132","profile":"FT.S.4","res":4,"subtime":20.407266,"walltime":4200}}}]}'
Sending '{"now":20.42759,"events":[]}'
Received '{"now":20.445406,"events":[{"timestamp":20.445406,"type":"JOB_SUBMITTED","data":{"job_id":"ff6079!133","job":{"id":"ff6079!133","profile":"IS.S.16","res":16,"subtime":20.437600,"walltime":4200}}}]}'
Sending '{"now":20.445406,"events":[]}'
Received '{"now":20.466974,"events":[{"timestamp":20.466974,"type":"JOB_COMPLETED","data":{"job_id":"ff6079!123","job_state":"COMPLETED_SUCCESSFULLY","return_code":0,"kill_reason":"","alloc":"56-59"}}]}'
Sending '{"now":20.466974,"events":[{"timestamp":20.466974,"type":"EXECUTE_JOB","data":{"job_id":"ff6079!126","alloc":"56-59"}}]}'
Received '{"now":20.490392,"events":[{"timestamp":20.474780,"type":"JOB_SUBMITTED","data":{"job_id":"ff6079!134","job":{"id":"ff6079!134","profile":"LU.S.16","res":16,"subtime":20.460162,"walltime":4200}}}]}'
Sending '{"now":20.490392,"events":[]}'
Received '{"now":20.563141,"events":[{"timestamp":20.563141,"type":"JOB_SUBMITTED","data":{"job_id":"ff6079!135","job":{"id":"ff6079!135","profile":"SP.S.4","res":4,"subtime":20.555335,"walltime":4200}}}]}'
Sending '{"now":20.563141,"events":[]}'
Received '{"now":20.670196,"events":[{"timestamp":20.670196,"type":"JOB_COMPLETED","data":{"job_id":"ff6079!124","job_state":"COMPLETED_SUCCESSFULLY","return_code":0,"kill_reason":"","alloc":"32-35"}}]}'
Sending '{"now":20.670196,"events":[]}'
Received '{"now":20.823011,"events":[{"timestamp":20.823011,"type":"JOB_COMPLETED","data":{"job_id":"ff6079!116","job_state":"COMPLETED_SUCCESSFULLY","return_code":0,"kill_reason":"","alloc":"60-63"}}]}'
Sending '{"now":20.823011,"events":[{"timestamp":20.823011,"type":"EXECUTE_JOB","data":{"job_id":"ff6079!127","alloc":"60-63"}}]}'
Received '{"now":20.864410,"events":[{"timestamp":20.864410,"type":"JOB_SUBMITTED","data":{"job_id":"ff6079!136","job":{"id":"ff6079!136","profile":"FT.S.4","res":4,"subtime":20.856609,"walltime":4200}}}]}'
Sending '{"now":20.86441,"events":[]}'
Received '{"now":20.952367,"events":[{"timestamp":20.952367,"type":"JOB_SUBMITTED","data":{"job_id":"ff6079!137","job":{"id":"ff6079!137","profile":"BT.S.16","res":16,"subtime":20.944561,"walltime":4200}}}]}'
Sending '{"now":20.952367,"events":[]}'
Received '{"now":21.074497,"events":[{"timestamp":21.074497,"type":"JOB_SUBMITTED","data":{"job_id":"ff6079!138","job":{"id":"ff6079!138","profile":"LU.S.4","res":4,"subtime":21.066691,"walltime":4200}}}]}'
Sending '{"now":21.074497,"events":[]}'
Received '{"now":21.145003,"events":[{"timestamp":21.145003,"type":"JOB_COMPLETED","data":{"job_id":"ff6079!126","job_state":"COMPLETED_SUCCESSFULLY","return_code":0,"kill_reason":"","alloc":"56-59"}}]}'
Sending '{"now":21.145003,"events":[{"timestamp":21.145003,"type":"EXECUTE_JOB","data":{"job_id":"ff6079!129","alloc":"56-59"}}]}'
Received '{"now":21.556411,"events":[{"timestamp":21.556411,"type":"JOB_SUBMITTED","data":{"job_id":"ff6079!139","job":{"id":"ff6079!139","profile":"MG.S.4","res":4,"subtime":21.548614,"walltime":4200}}}]}'
Sending '{"now":21.556411,"events":[]}'
Received '{"now":21.575943,"events":[{"timestamp":21.575943,"type":"JOB_SUBMITTED","data":{"job_id":"ff6079!140","job":{"id":"ff6079!140","profile":"CG.S.4","res":4,"subtime":21.568137,"walltime":4200}}}]}'
Sending '{"now":21.575943,"events":[]}'
Received '{"now":21.615571,"events":[{"timestamp":21.615571,"type":"JOB_COMPLETED","data":{"job_id":"ff6079!33","job_state":"COMPLETED_SUCCESSFULLY","return_code":0,"kill_reason":"","alloc":"40-55"}}]}'
Sending '{"now":21.615571,"events":[{"timestamp":21.615571,"type":"EXECUTE_JOB","data":{"job_id":"ff6079!41","alloc":"32-47"}},{"timestamp":21.615571,"type":"EXECUTE_JOB","data":{"job_id":"ff6079!132","alloc":"48-51"}},{"timestamp":21.615571,"type":"EXECUTE_JOB","data":{"job_id":"ff6079!135","alloc":"52-55"}}]}'
Received '{"now":21.704610,"events":[{"timestamp":21.704610,"type":"JOB_COMPLETED","data":{"job_id":"ff6079!129","job_state":"COMPLETED_SUCCESSFULLY","return_code":0,"kill_reason":"","alloc":"56-59"}}]}'
Sending '{"now":21.70461,"events":[{"timestamp":21.70461,"type":"EXECUTE_JOB","data":{"job_id":"ff6079!136","alloc":"56-59"}}]}'
Received '{"now":21.802500,"events":[{"timestamp":21.802500,"type":"JOB_COMPLETED","data":{"job_id":"ff6079!132","job_state":"COMPLETED_SUCCESSFULLY","return_code":0,"kill_reason":"","alloc":"48-51"}}]}'
Sending '{"now":21.8025,"events":[{"timestamp":21.8025,"type":"EXECUTE_JOB","data":{"job_id":"ff6079!138","alloc":"48-51"}}]}'
Received '{"now":21.883722,"events":[{"timestamp":21.883722,"type":"JOB_COMPLETED","data":{"job_id":"ff6079!136","job_state":"COMPLETED_SUCCESSFULLY","return_code":0,"kill_reason":"","alloc":"56-59"}}]}'
Sending '{"now":21.883722,"events":[{"timestamp":21.883722,"type":"EXECUTE_JOB","data":{"job_id":"ff6079!139","alloc":"56-59"}}]}'
Received '{"now":22.031346,"events":[{"timestamp":22.031346,"type":"JOB_COMPLETED","data":{"job_id":"ff6079!127","job_state":"COMPLETED_SUCCESSFULLY","return_code":0,"kill_reason":"","alloc":"60-63"}}]}'
Sending '{"now":22.031346,"events":[{"timestamp":22.031346,"type":"EXECUTE_JOB","data":{"job_id":"ff6079!140","alloc":"60-63"}}]}'
Received '{"now":22.343469,"events":[{"timestamp":22.343469,"type":"JOB_COMPLETED","data":{"job_id":"ff6079!39","job_state":"COMPLETED_SUCCESSFULLY","return_code":0,"kill_reason":"","alloc":"0-15"}}]}'
Sending '{"now":22.343469,"events":[{"timestamp":22.343469,"type":"EXECUTE_JOB","data":{"job_id":"ff6079!42","alloc":"0-15"}}]}'
Received '{"now":22.443283,"events":[{"timestamp":22.443283,"type":"JOB_COMPLETED","data":{"job_id":"ff6079!139","job_state":"COMPLETED_SUCCESSFULLY","return_code":0,"kill_reason":"","alloc":"56-59"}}]}'
Sending '{"now":22.443283,"events":[]}'
Received '{"now":22.794353,"events":[{"timestamp":22.794353,"type":"JOB_COMPLETED","data":{"job_id":"ff6079!40","job_state":"COMPLETED_SUCCESSFULLY","return_code":0,"kill_reason":"","alloc":"16-31"}}]}'
Sending '{"now":22.794353,"events":[{"timestamp":22.794353,"type":"EXECUTE_JOB","data":{"job_id":"ff6079!44","alloc":"16-31"}}]}'
Received '{"now":22.838081,"events":[{"timestamp":22.838081,"type":"JOB_COMPLETED","data":{"job_id":"ff6079!135","job_state":"COMPLETED_SUCCESSFULLY","return_code":0,"kill_reason":"","alloc":"52-55"}}]}'
Sending '{"now":22.838081,"events":[]}'
Received '{"now":23.153248,"events":[{"timestamp":23.153248,"type":"JOB_COMPLETED","data":{"job_id":"ff6079!140","job_state":"COMPLETED_SUCCESSFULLY","return_code":0,"kill_reason":"","alloc":"60-63"}}]}'
Sending '{"now":23.153248,"events":[]}'
Received '{"now":24.219526,"events":[{"timestamp":24.219526,"type":"JOB_COMPLETED","data":{"job_id":"ff6079!138","job_state":"COMPLETED_SUCCESSFULLY","return_code":0,"kill_reason":"","alloc":"48-51"}}]}'
Sending '{"now":24.219526,"events":[{"timestamp":24.219526,"type":"EXECUTE_JOB","data":{"job_id":"ff6079!45","alloc":"48-63"}}]}'
Received '{"now":24.542684,"events":[{"timestamp":24.542684,"type":"JOB_COMPLETED","data":{"job_id":"ff6079!45","job_state":"COMPLETED_SUCCESSFULLY","return_code":0,"kill_reason":"","alloc":"48-63"}}]}'
Sending '{"now":24.542684,"events":[{"timestamp":24.542684,"type":"EXECUTE_JOB","data":{"job_id":"ff6079!48","alloc":"48-63"}}]}'
Received '{"now":25.926409,"events":[{"timestamp":25.926409,"type":"JOB_COMPLETED","data":{"job_id":"ff6079!42","job_state":"COMPLETED_SUCCESSFULLY","return_code":0,"kill_reason":"","alloc":"0-15"}}]}'
Sending '{"now":25.926409,"events":[{"timestamp":25.926409,"type":"EXECUTE_JOB","data":{"job_id":"ff6079!50","alloc":"0-15"}}]}'
Received '{"now":26.986103,"events":[{"timestamp":26.986103,"type":"JOB_COMPLETED","data":{"job_id":"ff6079!50","job_state":"COMPLETED_SUCCESSFULLY","return_code":0,"kill_reason":"","alloc":"0-15"}}]}'
Sending '{"now":26.986103,"events":[{"timestamp":26.986103,"type":"EXECUTE_JOB","data":{"job_id":"ff6079!53","alloc":"0-15"}}]}'
Received '{"now":27.171455,"events":[{"timestamp":27.171455,"type":"JOB_COMPLETED","data":{"job_id":"ff6079!53","job_state":"COMPLETED_SUCCESSFULLY","return_code":0,"kill_reason":"","alloc":"0-15"}}]}'
Sending '{"now":27.171455,"events":[{"timestamp":27.171455,"type":"EXECUTE_JOB","data":{"job_id":"ff6079!54","alloc":"0-15"}}]}'
Received '{"now":27.794315,"events":[{"timestamp":27.794315,"type":"JOB_COMPLETED","data":{"job_id":"ff6079!41","job_state":"COMPLETED_SUCCESSFULLY","return_code":0,"kill_reason":"","alloc":"32-47"}}]}'
Sending '{"now":27.794315,"events":[{"timestamp":27.794315,"type":"EXECUTE_JOB","data":{"job_id":"ff6079!55","alloc":"32-47"}}]}'
Received '{"now":28.125382,"events":[{"timestamp":28.125382,"type":"JOB_COMPLETED","data":{"job_id":"ff6079!48","job_state":"COMPLETED_SUCCESSFULLY","return_code":0,"kill_reason":"","alloc":"48-63"}}]}'
Sending '{"now":28.125382,"events":[{"timestamp":28.125382,"type":"EXECUTE_JOB","data":{"job_id":"ff6079!56","alloc":"48-63"}}]}'
Received '{"now":28.310590,"events":[{"timestamp":28.310590,"type":"JOB_COMPLETED","data":{"job_id":"ff6079!56","job_state":"COMPLETED_SUCCESSFULLY","return_code":0,"kill_reason":"","alloc":"48-63"}}]}'
Sending '{"now":28.31059,"events":[{"timestamp":28.31059,"type":"EXECUTE_JOB","data":{"job_id":"ff6079!62","alloc":"48-63"}}]}'
Received '{"now":28.633794,"events":[{"timestamp":28.633794,"type":"JOB_COMPLETED","data":{"job_id":"ff6079!62","job_state":"COMPLETED_SUCCESSFULLY","return_code":0,"kill_reason":"","alloc":"48-63"}}]}'
Sending '{"now":28.633794,"events":[{"timestamp":28.633794,"type":"EXECUTE_JOB","data":{"job_id":"ff6079!66","alloc":"48-63"}}]}'
Received '{"now":28.972609,"events":[{"timestamp":28.972609,"type":"JOB_COMPLETED","data":{"job_id":"ff6079!44","job_state":"COMPLETED_SUCCESSFULLY","return_code":0,"kill_reason":"","alloc":"16-31"}}]}'
Sending '{"now":28.972609,"events":[{"timestamp":28.972609,"type":"EXECUTE_JOB","data":{"job_id":"ff6079!67","alloc":"16-31"}}]}'
Received '{"now":30.031531,"events":[{"timestamp":30.031531,"type":"JOB_COMPLETED","data":{"job_id":"ff6079!67","job_state":"COMPLETED_SUCCESSFULLY","return_code":0,"kill_reason":"","alloc":"16-31"}}]}'
Sending '{"now":30.031531,"events":[{"timestamp":30.031531,"type":"EXECUTE_JOB","data":{"job_id":"ff6079!69","alloc":"16-31"}}]}'
Received '{"now":30.339199,"events":[{"timestamp":30.339199,"type":"JOB_COMPLETED","data":{"job_id":"ff6079!54","job_state":"COMPLETED_SUCCESSFULLY","return_code":0,"kill_reason":"","alloc":"0-15"}}]}'
Sending '{"now":30.339199,"events":[{"timestamp":30.339199,"type":"EXECUTE_JOB","data":{"job_id":"ff6079!72","alloc":"0-15"}}]}'
Received '{"now":31.090616,"events":[{"timestamp":31.090616,"type":"JOB_COMPLETED","data":{"job_id":"ff6079!69","job_state":"COMPLETED_SUCCESSFULLY","return_code":0,"kill_reason":"","alloc":"16-31"}}]}'
Sending '{"now":31.090616,"events":[{"timestamp":31.090616,"type":"EXECUTE_JOB","data":{"job_id":"ff6079!75","alloc":"16-31"}}]}'
Received '{"now":32.149736,"events":[{"timestamp":32.149736,"type":"JOB_COMPLETED","data":{"job_id":"ff6079!75","job_state":"COMPLETED_SUCCESSFULLY","return_code":0,"kill_reason":"","alloc":"16-31"}}]}'
Sending '{"now":32.149736,"events":[{"timestamp":32.149736,"type":"EXECUTE_JOB","data":{"job_id":"ff6079!77","alloc":"16-31"}}]}'
Received '{"now":32.472674,"events":[{"timestamp":32.472674,"type":"JOB_COMPLETED","data":{"job_id":"ff6079!77","job_state":"COMPLETED_SUCCESSFULLY","return_code":0,"kill_reason":"","alloc":"16-31"}}]}'
Sending '{"now":32.472674,"events":[{"timestamp":32.472674,"type":"EXECUTE_JOB","data":{"job_id":"ff6079!83","alloc":"16-31"}}]}'
Received '{"now":32.657924,"events":[{"timestamp":32.657924,"type":"JOB_COMPLETED","data":{"job_id":"ff6079!83","job_state":"COMPLETED_SUCCESSFULLY","return_code":0,"kill_reason":"","alloc":"16-31"}}]}'
Sending '{"now":32.657924,"events":[{"timestamp":32.657924,"type":"EXECUTE_JOB","data":{"job_id":"ff6079!84","alloc":"16-31"}}]}'
Received '{"now":33.614423,"events":[{"timestamp":33.614423,"type":"JOB_COMPLETED","data":{"job_id":"ff6079!55","job_state":"COMPLETED_SUCCESSFULLY","return_code":0,"kill_reason":"","alloc":"32-47"}}]}'
Sending '{"now":33.614423,"events":[{"timestamp":33.614423,"type":"EXECUTE_JOB","data":{"job_id":"ff6079!86","alloc":"32-47"}}]}'
Received '{"now":33.717162,"events":[{"timestamp":33.717162,"type":"JOB_COMPLETED","data":{"job_id":"ff6079!84","job_state":"COMPLETED_SUCCESSFULLY","return_code":0,"kill_reason":"","alloc":"16-31"}}]}'
Sending '{"now":33.717162,"events":[{"timestamp":33.717162,"type":"EXECUTE_JOB","data":{"job_id":"ff6079!87","alloc":"16-31"}}]}'
Received '{"now":34.674016,"events":[{"timestamp":34.674016,"type":"JOB_COMPLETED","data":{"job_id":"ff6079!86","job_state":"COMPLETED_SUCCESSFULLY","return_code":0,"kill_reason":"","alloc":"32-47"}}]}'
Sending '{"now":34.674016,"events":[{"timestamp":34.674016,"type":"EXECUTE_JOB","data":{"job_id":"ff6079!90","alloc":"32-47"}}]}'
Received '{"now":34.810583,"events":[{"timestamp":34.810583,"type":"JOB_COMPLETED","data":{"job_id":"ff6079!66","job_state":"COMPLETED_SUCCESSFULLY","return_code":0,"kill_reason":"","alloc":"48-63"}}]}'
Sending '{"now":34.810583,"events":[{"timestamp":34.810583,"type":"EXECUTE_JOB","data":{"job_id":"ff6079!92","alloc":"48-63"}}]}'
Received '{"now":35.870107,"events":[{"timestamp":35.870107,"type":"JOB_COMPLETED","data":{"job_id":"ff6079!92","job_state":"COMPLETED_SUCCESSFULLY","return_code":0,"kill_reason":"","alloc":"48-63"}}]}'
Sending '{"now":35.870107,"events":[{"timestamp":35.870107,"type":"EXECUTE_JOB","data":{"job_id":"ff6079!97","alloc":"48-63"}}]}'
Received '{"now":36.516778,"events":[{"timestamp":36.516778,"type":"JOB_COMPLETED","data":{"job_id":"ff6079!72","job_state":"COMPLETED_SUCCESSFULLY","return_code":0,"kill_reason":"","alloc":"0-15"}}]}'
Sending '{"now":36.516778,"events":[{"timestamp":36.516778,"type":"EXECUTE_JOB","data":{"job_id":"ff6079!98","alloc":"0-15"}}]}'
Received '{"now":36.884427,"events":[{"timestamp":36.884427,"type":"JOB_COMPLETED","data":{"job_id":"ff6079!87","job_state":"COMPLETED_SUCCESSFULLY","return_code":0,"kill_reason":"","alloc":"16-31"}}]}'
Sending '{"now":36.884427,"events":[{"timestamp":36.884427,"type":"EXECUTE_JOB","data":{"job_id":"ff6079!99","alloc":"16-31"}}]}'
Received '{"now":39.452960,"events":[{"timestamp":39.452960,"type":"JOB_COMPLETED","data":{"job_id":"ff6079!97","job_state":"COMPLETED_SUCCESSFULLY","return_code":0,"kill_reason":"","alloc":"48-63"}}]}'
Sending '{"now":39.45296,"events":[{"timestamp":39.45296,"type":"EXECUTE_JOB","data":{"job_id":"ff6079!104","alloc":"48-63"}}]}'
Received '{"now":39.776075,"events":[{"timestamp":39.776075,"type":"JOB_COMPLETED","data":{"job_id":"ff6079!104","job_state":"COMPLETED_SUCCESSFULLY","return_code":0,"kill_reason":"","alloc":"48-63"}}]}'
Sending '{"now":39.776075,"events":[{"timestamp":39.776075,"type":"EXECUTE_JOB","data":{"job_id":"ff6079!105","alloc":"48-63"}}]}'
Received '{"now":40.099728,"events":[{"timestamp":40.099728,"type":"JOB_COMPLETED","data":{"job_id":"ff6079!98","job_state":"COMPLETED_SUCCESSFULLY","return_code":0,"kill_reason":"","alloc":"0-15"}}]}'
Sending '{"now":40.099728,"events":[{"timestamp":40.099728,"type":"EXECUTE_JOB","data":{"job_id":"ff6079!108","alloc":"0-15"}}]}'
Received '{"now":40.852843,"events":[{"timestamp":40.852843,"type":"JOB_COMPLETED","data":{"job_id":"ff6079!90","job_state":"COMPLETED_SUCCESSFULLY","return_code":0,"kill_reason":"","alloc":"32-47"}}]}'
Sending '{"now":40.852843,"events":[{"timestamp":40.852843,"type":"EXECUTE_JOB","data":{"job_id":"ff6079!109","alloc":"32-47"}}]}'
Received '{"now":43.063544,"events":[{"timestamp":43.063544,"type":"JOB_COMPLETED","data":{"job_id":"ff6079!99","job_state":"COMPLETED_SUCCESSFULLY","return_code":0,"kill_reason":"","alloc":"16-31"}}]}'
Sending '{"now":43.063544,"events":[{"timestamp":43.063544,"type":"EXECUTE_JOB","data":{"job_id":"ff6079!111","alloc":"16-31"}}]}'
Received '{"now":43.359126,"events":[{"timestamp":43.359126,"type":"JOB_COMPLETED","data":{"job_id":"ff6079!105","job_state":"COMPLETED_SUCCESSFULLY","return_code":0,"kill_reason":"","alloc":"48-63"}}]}'
Sending '{"now":43.359126,"events":[{"timestamp":43.359126,"type":"EXECUTE_JOB","data":{"job_id":"ff6079!115","alloc":"48-63"}}]}'
Received '{"now":44.123041,"events":[{"timestamp":44.123041,"type":"JOB_COMPLETED","data":{"job_id":"ff6079!111","job_state":"COMPLETED_SUCCESSFULLY","return_code":0,"kill_reason":"","alloc":"16-31"}}]}'
Sending '{"now":44.123041,"events":[{"timestamp":44.123041,"type":"EXECUTE_JOB","data":{"job_id":"ff6079!120","alloc":"16-31"}}]}'
Received '{"now":44.435789,"events":[{"timestamp":44.435789,"type":"JOB_COMPLETED","data":{"job_id":"ff6079!109","job_state":"COMPLETED_SUCCESSFULLY","return_code":0,"kill_reason":"","alloc":"32-47"}}]}'
Sending '{"now":44.435789,"events":[{"timestamp":44.435789,"type":"EXECUTE_JOB","data":{"job_id":"ff6079!125","alloc":"32-47"}}]}'
Received '{"now":45.495305,"events":[{"timestamp":45.495305,"type":"JOB_COMPLETED","data":{"job_id":"ff6079!125","job_state":"COMPLETED_SUCCESSFULLY","return_code":0,"kill_reason":"","alloc":"32-47"}}]}'
Sending '{"now":45.495305,"events":[{"timestamp":45.495305,"type":"EXECUTE_JOB","data":{"job_id":"ff6079!128","alloc":"32-47"}}]}'
Received '{"now":45.680598,"events":[{"timestamp":45.680598,"type":"JOB_COMPLETED","data":{"job_id":"ff6079!128","job_state":"COMPLETED_SUCCESSFULLY","return_code":0,"kill_reason":"","alloc":"32-47"}}]}'
Sending '{"now":45.680598,"events":[{"timestamp":45.680598,"type":"EXECUTE_JOB","data":{"job_id":"ff6079!130","alloc":"32-47"}}]}'
Received '{"now":46.003880,"events":[{"timestamp":46.003880,"type":"JOB_COMPLETED","data":{"job_id":"ff6079!130","job_state":"COMPLETED_SUCCESSFULLY","return_code":0,"kill_reason":"","alloc":"32-47"}}]}'
Sending '{"now":46.00388,"events":[{"timestamp":46.00388,"type":"EXECUTE_JOB","data":{"job_id":"ff6079!131","alloc":"32-47"}}]}'
Received '{"now":46.278409,"events":[{"timestamp":46.278409,"type":"JOB_COMPLETED","data":{"job_id":"ff6079!108","job_state":"COMPLETED_SUCCESSFULLY","return_code":0,"kill_reason":"","alloc":"0-15"}}]}'
Sending '{"now":46.278409,"events":[{"timestamp":46.278409,"type":"EXECUTE_JOB","data":{"job_id":"ff6079!133","alloc":"0-15"}}]}'
Received '{"now":46.463733,"events":[{"timestamp":46.463733,"type":"JOB_COMPLETED","data":{"job_id":"ff6079!133","job_state":"COMPLETED_SUCCESSFULLY","return_code":0,"kill_reason":"","alloc":"0-15"}}]}'
Sending '{"now":46.463733,"events":[{"timestamp":46.463733,"type":"EXECUTE_JOB","data":{"job_id":"ff6079!134","alloc":"0-15"}}]}'
Received '{"now":46.526445,"events":[{"timestamp":46.526445,"type":"JOB_COMPLETED","data":{"job_id":"ff6079!115","job_state":"COMPLETED_SUCCESSFULLY","return_code":0,"kill_reason":"","alloc":"48-63"}}]}'
Sending '{"now":46.526445,"events":[{"timestamp":46.526445,"type":"EXECUTE_JOB","data":{"job_id":"ff6079!137","alloc":"48-63"}}]}'
Received '{"now":49.693728,"events":[{"timestamp":49.693728,"type":"JOB_COMPLETED","data":{"job_id":"ff6079!137","job_state":"COMPLETED_SUCCESSFULLY","return_code":0,"kill_reason":"","alloc":"48-63"}}]}'
Sending '{"now":49.693728,"events":[]}'
Received '{"now":50.301522,"events":[{"timestamp":50.301522,"type":"JOB_COMPLETED","data":{"job_id":"ff6079!120","job_state":"COMPLETED_SUCCESSFULLY","return_code":0,"kill_reason":"","alloc":"16-31"}}]}'
Sending '{"now":50.301522,"events":[]}'
Received '{"now":52.182649,"events":[{"timestamp":52.182649,"type":"JOB_COMPLETED","data":{"job_id":"ff6079!131","job_state":"COMPLETED_SUCCESSFULLY","return_code":0,"kill_reason":"","alloc":"32-47"}}]}'
Sending '{"now":52.182649,"events":[]}'
Received '{"now":52.642582,"events":[{"timestamp":52.642582,"type":"JOB_COMPLETED","data":{"job_id":"ff6079!134","job_state":"COMPLETED_SUCCESSFULLY","return_code":0,"kill_reason":"","alloc":"0-15"}},{"timestamp":52.642582,"type":"SIMULATION_ENDS","data":{}}]}'
Sending '{"now":52.642582,"events":[]}'
