variant_options = '{"custom_mapping": true}'
Received '{"now":0.000000,"events":[{"timestamp":0.000000,"type":"SIMULATION_BEGINS","data":{"nb_resources":64,"allow_time_sharing":false,"config":{"redis":{"enabled":false,"hostname":"127.0.0.1","port":6379,"prefix":"default"},"job_submission":{"forward_profiles":false,"from_scheduler":{"enabled":false,"acknowledge":true}}},"resources_data":[{"id":0,"name":"n1","state":"idle","properties":{}},{"id":1,"name":"n2","state":"idle","properties":{}},{"id":2,"name":"n3","state":"idle","properties":{}},{"id":3,"name":"n4","state":"idle","properties":{}},{"id":4,"name":"n5","state":"idle","properties":{}},{"id":5,"name":"n6","state":"idle","properties":{}},{"id":6,"name":"n7","state":"idle","properties":{}},{"id":7,"name":"n8","state":"idle","properties":{}},{"id":8,"name":"n9","state":"idle","properties":{}},{"id":9,"name":"n10","state":"idle","properties":{}},{"id":10,"name":"n11","state":"idle","properties":{}},{"id":11,"name":"n12","state":"idle","properties":{}},{"id":12,"name":"n13","state":"idle","properties":{}},{"id":13,"name":"n14","state":"idle","properties":{}},{"id":14,"name":"n15","state":"idle","properties":{}},{"id":15,"name":"n16","state":"idle","properties":{}},{"id":16,"name":"n17","state":"idle","properties":{}},{"id":17,"name":"n18","state":"idle","properties":{}},{"id":18,"name":"n19","state":"idle","properties":{}},{"id":19,"name":"n20","state":"idle","properties":{}},{"id":20,"name":"n21","state":"idle","properties":{}},{"id":21,"name":"n22","state":"idle","properties":{}},{"id":22,"name":"n23","state":"idle","properties":{}},{"id":23,"name":"n24","state":"idle","properties":{}},{"id":24,"name":"n25","state":"idle","properties":{}},{"id":25,"name":"n26","state":"idle","properties":{}},{"id":26,"name":"n27","state":"idle","properties":{}},{"id":27,"name":"n28","state":"idle","properties":{}},{"id":28,"name":"n29","state":"idle","properties":{}},{"id":29,"name":"n30","state":"idle","properties":{}},{"id":30,"name":"n31","state":"idle","properties":{}},{"id":31,"name":"n32","state":"idle","properties":{}},{"id":32,"name":"n33","state":"idle","properties":{}},{"id":33,"name":"n34","state":"idle","properties":{}},{"id":34,"name":"n35","state":"idle","properties":{}},{"id":35,"name":"n36","state":"idle","properties":{}},{"id":36,"name":"n37","state":"idle","properties":{}},{"id":37,"name":"n38","state":"idle","properties":{}},{"id":38,"name":"n39","state":"idle","properties":{}},{"id":39,"name":"n40","state":"idle","properties":{}},{"id":40,"name":"n41","state":"idle","properties":{}},{"id":41,"name":"n42","state":"idle","properties":{}},{"id":42,"name":"n43","state":"idle","properties":{}},{"id":43,"name":"n44","state":"idle","properties":{}},{"id":44,"name":"n45","state":"idle","properties":{}},{"id":45,"name":"n46","state":"idle","properties":{}},{"id":46,"name":"n47","state":"idle","properties":{}},{"id":47,"name":"n48","state":"idle","properties":{}},{"id":48,"name":"n49","state":"idle","properties":{}},{"id":49,"name":"n50","state":"idle","properties":{}},{"id":50,"name":"n51","state":"idle","properties":{}},{"id":51,"name":"n52","state":"idle","properties":{}},{"id":52,"name":"n53","state":"idle","properties":{}},{"id":53,"name":"n54","state":"idle","properties":{}},{"id":54,"name":"n55","state":"idle","properties":{}},{"id":55,"name":"n56","state":"idle","properties":{}},{"id":56,"name":"n57","state":"idle","properties":{}},{"id":57,"name":"n58","state":"idle","properties":{}},{"id":58,"name":"n59","state":"idle","properties":{}},{"id":59,"name":"n60","state":"idle","properties":{}},{"id":60,"name":"n61","state":"idle","properties":{}},{"id":61,"name":"n62","state":"idle","properties":{}},{"id":62,"name":"n63","state":"idle","properties":{}},{"id":63,"name":"n64","state":"idle","properties":{}}],"workloads":{"ebdc2a":"/github-simgrid/190311/../batsim-v2.0.0/workload_profiles/npb_120_jobs.json"}}}]}'
Sending '{"now":0.0,"events":[]}'
Received '{"now":0.000339,"events":[{"timestamp":0.000339,"type":"JOB_SUBMITTED","data":{"job_id":"ebdc2a!1","job":{"id":"ebdc2a!1","profile":"IS.S.16","res":16,"subtime":0.000309,"walltime":4200}}}]}'
Sending '{"now":0.000339,"events":[{"timestamp":0.000339,"type":"EXECUTE_JOB","data":{"job_id":"ebdc2a!1","alloc":"0-15"}}]}'
Received '{"now":0.082127,"events":[{"timestamp":0.082127,"type":"JOB_COMPLETED","data":{"job_id":"ebdc2a!1","job_state":"COMPLETED_SUCCESSFULLY","return_code":0,"kill_reason":"","alloc":"0-15"}}]}'
Sending '{"now":0.082127,"events":[]}'
Received '{"now":0.168159,"events":[{"timestamp":0.168159,"type":"JOB_SUBMITTED","data":{"job_id":"ebdc2a!2","job":{"id":"ebdc2a!2","profile":"MG.S.16","res":16,"subtime":0.168128,"walltime":4200}}}]}'
Sending '{"now":0.168159,"events":[{"timestamp":0.168159,"type":"EXECUTE_JOB","data":{"job_id":"ebdc2a!2","alloc":"0-15"}}]}'
Received '{"now":0.215029,"events":[{"timestamp":0.215029,"type":"JOB_SUBMITTED","data":{"job_id":"ebdc2a!3","job":{"id":"ebdc2a!3","profile":"LU.S.4","res":4,"subtime":0.214999,"walltime":4200}}}]}'
Sending '{"now":0.215029,"events":[{"timestamp":0.215029,"type":"EXECUTE_JOB","data":{"job_id":"ebdc2a!3","alloc":"16-19"}}]}'
Received '{"now":0.486912,"events":[{"timestamp":0.486912,"type":"JOB_COMPLETED","data":{"job_id":"ebdc2a!2","job_state":"COMPLETED_SUCCESSFULLY","return_code":0,"kill_reason":"","alloc":"0-15"}}]}'
Sending '{"now":0.486912,"events":[]}'
Received '{"now":0.917377,"events":[{"timestamp":0.917377,"type":"JOB_COMPLETED","data":{"job_id":"ebdc2a!3","job_state":"COMPLETED_SUCCESSFULLY","return_code":0,"kill_reason":"","alloc":"16-19"}}]}'
Sending '{"now":0.917377,"events":[]}'
Received '{"now":1.020408,"events":[{"timestamp":1.020408,"type":"JOB_SUBMITTED","data":{"job_id":"ebdc2a!4","job":{"id":"ebdc2a!4","profile":"LU.S.16","res":16,"subtime":1.020378,"walltime":4200}}}]}'
Sending '{"now":1.020408,"events":[{"timestamp":1.020408,"type":"EXECUTE_JOB","data":{"job_id":"ebdc2a!4","alloc":"0-15"}}]}'
Received '{"now":1.047545,"events":[{"timestamp":1.047545,"type":"JOB_SUBMITTED","data":{"job_id":"ebdc2a!5","job":{"id":"ebdc2a!5","profile":"SP.S.4","res":4,"subtime":1.047515,"walltime":4200}}}]}'
Sending '{"now":1.047545,"events":[{"timestamp":1.047545,"type":"EXECUTE_JOB","data":{"job_id":"ebdc2a!5","alloc":"16-19"}}]}'
Received '{"now":1.192129,"events":[{"timestamp":1.192129,"type":"JOB_SUBMITTED","data":{"job_id":"ebdc2a!6","job":{"id":"ebdc2a!6","profile":"SP.S.16","res":16,"subtime":1.192099,"walltime":4200}}}]}'
Sending '{"now":1.192129,"events":[{"timestamp":1.192129,"type":"EXECUTE_JOB","data":{"job_id":"ebdc2a!6","alloc":"20-35"}}]}'
Received '{"now":1.342718,"events":[{"timestamp":1.342718,"type":"JOB_COMPLETED","data":{"job_id":"ebdc2a!5","job_state":"COMPLETED_SUCCESSFULLY","return_code":0,"kill_reason":"","alloc":"16-19"}}]}'
Sending '{"now":1.342718,"events":[]}'
Received '{"now":1.397246,"events":[{"timestamp":1.397246,"type":"JOB_SUBMITTED","data":{"job_id":"ebdc2a!7","job":{"id":"ebdc2a!7","profile":"BT.S.4","res":4,"subtime":1.397217,"walltime":4200}}}]}'
Sending '{"now":1.397246,"events":[{"timestamp":1.397246,"type":"EXECUTE_JOB","data":{"job_id":"ebdc2a!7","alloc":"16-19"}}]}'
Received '{"now":1.642504,"events":[{"timestamp":1.642504,"type":"JOB_COMPLETED","data":{"job_id":"ebdc2a!7","job_state":"COMPLETED_SUCCESSFULLY","return_code":0,"kill_reason":"","alloc":"16-19"}}]}'
Sending '{"now":1.642504,"events":[]}'
Received '{"now":1.790622,"events":[{"timestamp":1.790622,"type":"JOB_SUBMITTED","data":{"job_id":"ebdc2a!8","job":{"id":"ebdc2a!8","profile":"IS.S.4","res":4,"subtime":1.790591,"walltime":4200}}}]}'
Sending '{"now":1.790622,"events":[{"timestamp":1.790622,"type":"EXECUTE_JOB","data":{"job_id":"ebdc2a!8","alloc":"16-19"}}]}'
Received '{"now":1.872601,"events":[{"timestamp":1.872601,"type":"JOB_COMPLETED","data":{"job_id":"ebdc2a!8","job_state":"COMPLETED_SUCCESSFULLY","return_code":0,"kill_reason":"","alloc":"16-19"}}]}'
Sending '{"now":1.872601,"events":[]}'
Received '{"now":2.042805,"events":[{"timestamp":2.042805,"type":"JOB_COMPLETED","data":{"job_id":"ebdc2a!4","job_state":"COMPLETED_SUCCESSFULLY","return_code":0,"kill_reason":"","alloc":"0-15"}}]}'
Sending '{"now":2.042805,"events":[]}'
Received '{"now":2.102315,"events":[{"timestamp":2.102315,"type":"JOB_COMPLETED","data":{"job_id":"ebdc2a!6","job_state":"COMPLETED_SUCCESSFULLY","return_code":0,"kill_reason":"","alloc":"20-35"}}]}'
Sending '{"now":2.102315,"events":[]}'
Received '{"now":2.161562,"events":[{"timestamp":2.161562,"type":"JOB_SUBMITTED","data":{"job_id":"ebdc2a!9","job":{"id":"ebdc2a!9","profile":"BT.S.4","res":4,"subtime":2.161532,"walltime":4200}}}]}'
Sending '{"now":2.161562,"events":[{"timestamp":2.161562,"type":"EXECUTE_JOB","data":{"job_id":"ebdc2a!9","alloc":"0-3"}}]}'
Received '{"now":2.176761,"events":[{"timestamp":2.176761,"type":"JOB_SUBMITTED","data":{"job_id":"ebdc2a!10","job":{"id":"ebdc2a!10","profile":"BT.S.4","res":4,"subtime":2.176730,"walltime":4200}}}]}'
Sending '{"now":2.176761,"events":[{"timestamp":2.176761,"type":"EXECUTE_JOB","data":{"job_id":"ebdc2a!10","alloc":"4-7"}}]}'
Received '{"now":2.343375,"events":[{"timestamp":2.343375,"type":"JOB_SUBMITTED","data":{"job_id":"ebdc2a!11","job":{"id":"ebdc2a!11","profile":"CG.S.16","res":16,"subtime":2.343344,"walltime":4200}}}]}'
Sending '{"now":2.343375,"events":[{"timestamp":2.343375,"type":"EXECUTE_JOB","data":{"job_id":"ebdc2a!11","alloc":"8-23"}}]}'
Received '{"now":2.374512,"events":[{"timestamp":2.374512,"type":"JOB_COMPLETED","data":{"job_id":"ebdc2a!9","job_state":"COMPLETED_SUCCESSFULLY","return_code":0,"kill_reason":"","alloc":"0-3"}}]}'
Sending '{"now":2.374512,"events":[]}'
Received '{"now":2.389069,"events":[{"timestamp":2.389069,"type":"JOB_COMPLETED","data":{"job_id":"ebdc2a!10","job_state":"COMPLETED_SUCCESSFULLY","return_code":0,"kill_reason":"","alloc":"4-7"}}]}'
Sending '{"now":2.389069,"events":[]}'
Received '{"now":2.768127,"events":[{"timestamp":2.768127,"type":"JOB_SUBMITTED","data":{"job_id":"ebdc2a!12","job":{"id":"ebdc2a!12","profile":"FT.S.16","res":16,"subtime":2.768097,"walltime":4200}}}]}'
Sending '{"now":2.768127,"events":[{"timestamp":2.768127,"type":"EXECUTE_JOB","data":{"job_id":"ebdc2a!12","alloc":"0-7 24-31"}}]}'
Received '{"now":2.939519,"events":[{"timestamp":2.939519,"type":"JOB_COMPLETED","data":{"job_id":"ebdc2a!12","job_state":"COMPLETED_SUCCESSFULLY","return_code":0,"kill_reason":"","alloc":"0-7 24-31"}}]}'
Sending '{"now":2.939519,"events":[]}'
Received '{"now":3.065032,"events":[{"timestamp":3.065032,"type":"JOB_SUBMITTED","data":{"job_id":"ebdc2a!13","job":{"id":"ebdc2a!13","profile":"LU.S.4","res":4,"subtime":3.065002,"walltime":4200}}}]}'
Sending '{"now":3.065032,"events":[{"timestamp":3.065032,"type":"EXECUTE_JOB","data":{"job_id":"ebdc2a!13","alloc":"0-3"}}]}'
Received '{"now":3.172351,"events":[{"timestamp":3.172351,"type":"JOB_SUBMITTED","data":{"job_id":"ebdc2a!14","job":{"id":"ebdc2a!14","profile":"SP.S.16","res":16,"subtime":3.172321,"walltime":4200}}}]}'
Sending '{"now":3.172351,"events":[{"timestamp":3.172351,"type":"EXECUTE_JOB","data":{"job_id":"ebdc2a!14","alloc":"4-7 24-35"}}]}'
Received '{"now":3.270107,"events":[{"timestamp":3.270107,"type":"JOB_SUBMITTED","data":{"job_id":"ebdc2a!15","job":{"id":"ebdc2a!15","profile":"SP.S.4","res":4,"subtime":3.270090,"walltime":4200}}}]}'
Sending '{"now":3.270107,"events":[{"timestamp":3.270107,"type":"EXECUTE_JOB","data":{"job_id":"ebdc2a!15","alloc":"36-39"}}]}'
Received '{"now":3.321456,"events":[{"timestamp":3.321456,"type":"JOB_COMPLETED","data":{"job_id":"ebdc2a!11","job_state":"COMPLETED_SUCCESSFULLY","return_code":0,"kill_reason":"","alloc":"8-23"}}]}'
Sending '{"now":3.321456,"events":[]}'
Received '{"now":3.506228,"events":[{"timestamp":3.506228,"type":"JOB_SUBMITTED","data":{"job_id":"ebdc2a!16","job":{"id":"ebdc2a!16","profile":"BT.S.4","res":4,"subtime":3.506207,"walltime":4200}}}]}'
Sending '{"now":3.506228,"events":[{"timestamp":3.506228,"type":"EXECUTE_JOB","data":{"job_id":"ebdc2a!16","alloc":"8-11"}}]}'
Received '{"now":3.597759,"events":[{"timestamp":3.597759,"type":"JOB_COMPLETED","data":{"job_id":"ebdc2a!15","job_state":"COMPLETED_SUCCESSFULLY","return_code":0,"kill_reason":"","alloc":"36-39"}}]}'
Sending '{"now":3.597759,"events":[]}'
Received '{"now":3.707802,"events":[{"timestamp":3.707802,"type":"JOB_SUBMITTED","data":{"job_id":"ebdc2a!17","job":{"id":"ebdc2a!17","profile":"IS.S.16","res":16,"subtime":3.707774,"walltime":4200}}}]}'
Sending '{"now":3.707802,"events":[{"timestamp":3.707802,"type":"EXECUTE_JOB","data":{"job_id":"ebdc2a!17","alloc":"12-23 36-39"}}]}'
Received '{"now":3.794506,"events":[{"timestamp":3.794506,"type":"JOB_COMPLETED","data":{"job_id":"ebdc2a!17","job_state":"COMPLETED_SUCCESSFULLY","return_code":0,"kill_reason":"","alloc":"12-23 36-39"}}]}'
Sending '{"now":3.794506,"events":[]}'
Received '{"now":3.816260,"events":[{"timestamp":3.816260,"type":"JOB_COMPLETED","data":{"job_id":"ebdc2a!16","job_state":"COMPLETED_SUCCESSFULLY","return_code":0,"kill_reason":"","alloc":"8-11"}}]}'
Sending '{"now":3.81626,"events":[]}'
Received '{"now":3.901872,"events":[{"timestamp":3.901872,"type":"JOB_COMPLETED","data":{"job_id":"ebdc2a!13","job_state":"COMPLETED_SUCCESSFULLY","return_code":0,"kill_reason":"","alloc":"0-3"}}]}'
Sending '{"now":3.901872,"events":[]}'
Received '{"now":3.905181,"events":[{"timestamp":3.905181,"type":"JOB_SUBMITTED","data":{"job_id":"ebdc2a!18","job":{"id":"ebdc2a!18","profile":"CG.S.4","res":4,"subtime":3.905151,"walltime":4200}}}]}'
Sending '{"now":3.905181,"events":[{"timestamp":3.905181,"type":"EXECUTE_JOB","data":{"job_id":"ebdc2a!18","alloc":"0-3"}}]}'
Received '{"now":3.954399,"events":[{"timestamp":3.954399,"type":"JOB_SUBMITTED","data":{"job_id":"ebdc2a!19","job":{"id":"ebdc2a!19","profile":"MG.S.16","res":16,"subtime":3.954371,"walltime":4200}}}]}'
Sending '{"now":3.954399,"events":[{"timestamp":3.954399,"type":"EXECUTE_JOB","data":{"job_id":"ebdc2a!19","alloc":"8-23"}}]}'
Received '{"now":4.156320,"events":[{"timestamp":4.156320,"type":"JOB_SUBMITTED","data":{"job_id":"ebdc2a!20","job":{"id":"ebdc2a!20","profile":"MG.S.4","res":4,"subtime":4.156289,"walltime":4200}}}]}'
Sending '{"now":4.15632,"events":[{"timestamp":4.15632,"type":"EXECUTE_JOB","data":{"job_id":"ebdc2a!20","alloc":"36-39"}}]}'
Received '{"now":4.183042,"events":[{"timestamp":4.183042,"type":"JOB_COMPLETED","data":{"job_id":"ebdc2a!14","job_state":"COMPLETED_SUCCESSFULLY","return_code":0,"kill_reason":"","alloc":"4-7 24-35"}}]}'
Sending '{"now":4.183042,"events":[]}'
Received '{"now":4.284433,"events":[{"timestamp":4.284433,"type":"JOB_COMPLETED","data":{"job_id":"ebdc2a!19","job_state":"COMPLETED_SUCCESSFULLY","return_code":0,"kill_reason":"","alloc":"8-23"}}]}'
Sending '{"now":4.284433,"events":[]}'
Received '{"now":4.331026,"events":[{"timestamp":4.331026,"type":"JOB_COMPLETED","data":{"job_id":"ebdc2a!20","job_state":"COMPLETED_SUCCESSFULLY","return_code":0,"kill_reason":"","alloc":"36-39"}}]}'
Sending '{"now":4.331026,"events":[]}'
Received '{"now":4.497382,"events":[{"timestamp":4.497382,"type":"JOB_COMPLETED","data":{"job_id":"ebdc2a!18","job_state":"COMPLETED_SUCCESSFULLY","return_code":0,"kill_reason":"","alloc":"0-3"}}]}'
Sending '{"now":4.497382,"events":[]}'
Received '{"now":4.539583,"events":[{"timestamp":4.539583,"type":"JOB_SUBMITTED","data":{"job_id":"ebdc2a!21","job":{"id":"ebdc2a!21","profile":"SP.S.16","res":16,"subtime":4.539553,"walltime":4200}}}]}'
Sending '{"now":4.539583,"events":[{"timestamp":4.539583,"type":"EXECUTE_JOB","data":{"job_id":"ebdc2a!21","alloc":"0-15"}}]}'
Received '{"now":4.633336,"events":[{"timestamp":4.633336,"type":"JOB_SUBMITTED","data":{"job_id":"ebdc2a!22","job":{"id":"ebdc2a!22","profile":"FT.S.4","res":4,"subtime":4.633314,"walltime":4200}}}]}'
Sending '{"now":4.633336,"events":[{"timestamp":4.633336,"type":"EXECUTE_JOB","data":{"job_id":"ebdc2a!22","alloc":"16-19"}}]}'
Received '{"now":4.840377,"events":[{"timestamp":4.840377,"type":"JOB_COMPLETED","data":{"job_id":"ebdc2a!22","job_state":"COMPLETED_SUCCESSFULLY","return_code":0,"kill_reason":"","alloc":"16-19"}}]}'
Sending '{"now":4.840377,"events":[]}'
Received '{"now":5.017165,"events":[{"timestamp":5.017165,"type":"JOB_SUBMITTED","data":{"job_id":"ebdc2a!23","job":{"id":"ebdc2a!23","profile":"CG.S.16","res":16,"subtime":5.017135,"walltime":4200}}}]}'
Sending '{"now":5.017165,"events":[{"timestamp":5.017165,"type":"EXECUTE_JOB","data":{"job_id":"ebdc2a!23","alloc":"16-31"}}]}'
Received '{"now":5.170792,"events":[{"timestamp":5.170792,"type":"JOB_SUBMITTED","data":{"job_id":"ebdc2a!24","job":{"id":"ebdc2a!24","profile":"CG.S.16","res":16,"subtime":5.170768,"walltime":4200}}}]}'
Sending '{"now":5.170792,"events":[{"timestamp":5.170792,"type":"EXECUTE_JOB","data":{"job_id":"ebdc2a!24","alloc":"32-47"}}]}'
Received '{"now":5.439131,"events":[{"timestamp":5.439131,"type":"JOB_COMPLETED","data":{"job_id":"ebdc2a!21","job_state":"COMPLETED_SUCCESSFULLY","return_code":0,"kill_reason":"","alloc":"0-15"}}]}'
Sending '{"now":5.439131,"events":[]}'
Received '{"now":5.648090,"events":[{"timestamp":5.648090,"type":"JOB_SUBMITTED","data":{"job_id":"ebdc2a!25","job":{"id":"ebdc2a!25","profile":"CG.S.4","res":4,"subtime":5.648059,"walltime":4200}}}]}'
Sending '{"now":5.64809,"events":[{"timestamp":5.64809,"type":"EXECUTE_JOB","data":{"job_id":"ebdc2a!25","alloc":"0-3"}}]}'
Received '{"now":5.892540,"events":[{"timestamp":5.892540,"type":"JOB_SUBMITTED","data":{"job_id":"ebdc2a!26","job":{"id":"ebdc2a!26","profile":"CG.S.16","res":16,"subtime":5.892512,"walltime":4200}}}]}'
Sending '{"now":5.89254,"events":[{"timestamp":5.89254,"type":"EXECUTE_JOB","data":{"job_id":"ebdc2a!26","alloc":"4-15 48-51"}}]}'
Received '{"now":6.004708,"events":[{"timestamp":6.004708,"type":"JOB_SUBMITTED","data":{"job_id":"ebdc2a!27","job":{"id":"ebdc2a!27","profile":"FT.S.16","res":16,"subtime":6.004678,"walltime":4200}}}]}'
Sending '{"now":6.004708,"events":[]}'
Received '{"now":6.007514,"events":[{"timestamp":6.007514,"type":"JOB_COMPLETED","data":{"job_id":"ebdc2a!23","job_state":"COMPLETED_SUCCESSFULLY","return_code":0,"kill_reason":"","alloc":"16-31"}}]}'
Sending '{"now":6.007514,"events":[{"timestamp":6.007514,"type":"EXECUTE_JOB","data":{"job_id":"ebdc2a!27","alloc":"16-31"}}]}'
Received '{"now":6.068579,"events":[{"timestamp":6.068579,"type":"JOB_SUBMITTED","data":{"job_id":"ebdc2a!28","job":{"id":"ebdc2a!28","profile":"SP.S.16","res":16,"subtime":6.068549,"walltime":4200}}}]}'
Sending '{"now":6.068579,"events":[]}'
Received '{"now":6.076569,"events":[{"timestamp":6.076569,"type":"JOB_SUBMITTED","data":{"job_id":"ebdc2a!29","job":{"id":"ebdc2a!29","profile":"LU.S.16","res":16,"subtime":6.076547,"walltime":4200}}}]}'
Sending '{"now":6.076569,"events":[]}'
Received '{"now":6.163301,"events":[{"timestamp":6.163301,"type":"JOB_COMPLETED","data":{"job_id":"ebdc2a!24","job_state":"COMPLETED_SUCCESSFULLY","return_code":0,"kill_reason":"","alloc":"32-47"}}]}'
Sending '{"now":6.163301,"events":[{"timestamp":6.163301,"type":"EXECUTE_JOB","data":{"job_id":"ebdc2a!28","alloc":"32-47"}}]}'
Received '{"now":6.206667,"events":[{"timestamp":6.206667,"type":"JOB_COMPLETED","data":{"job_id":"ebdc2a!27","job_state":"COMPLETED_SUCCESSFULLY","return_code":0,"kill_reason":"","alloc":"16-31"}}]}'
Sending '{"now":6.206667,"events":[{"timestamp":6.206667,"type":"EXECUTE_JOB","data":{"job_id":"ebdc2a!29","alloc":"16-31"}}]}'
Received '{"now":6.239628,"events":[{"timestamp":6.239628,"type":"JOB_COMPLETED","data":{"job_id":"ebdc2a!25","job_state":"COMPLETED_SUCCESSFULLY","return_code":0,"kill_reason":"","alloc":"0-3"}}]}'
Sending '{"now":6.239628,"events":[]}'
Received '{"now":6.336180,"events":[{"timestamp":6.336180,"type":"JOB_SUBMITTED","data":{"job_id":"ebdc2a!30","job":{"id":"ebdc2a!30","profile":"FT.S.16","res":16,"subtime":6.336150,"walltime":4200}}}]}'
Sending '{"now":6.33618,"events":[{"timestamp":6.33618,"type":"EXECUTE_JOB","data":{"job_id":"ebdc2a!30","alloc":"0-3 52-63"}}]}'
Received '{"now":6.404955,"events":[{"timestamp":6.404955,"type":"JOB_SUBMITTED","data":{"job_id":"ebdc2a!31","job":{"id":"ebdc2a!31","profile":"BT.S.16","res":16,"subtime":6.404935,"walltime":4200}}}]}'
Sending '{"now":6.404955,"events":[]}'
Received '{"now":6.527142,"events":[{"timestamp":6.527142,"type":"JOB_SUBMITTED","data":{"job_id":"ebdc2a!32","job":{"id":"ebdc2a!32","profile":"FT.S.16","res":16,"subtime":6.527112,"walltime":4200}}}]}'
Sending '{"now":6.5271420000000008,"events":[]}'
Received '{"now":6.582281,"events":[{"timestamp":6.582281,"type":"JOB_SUBMITTED","data":{"job_id":"ebdc2a!33","job":{"id":"ebdc2a!33","profile":"SP.S.4","res":4,"subtime":6.582254,"walltime":4200}}}]}'
Sending '{"now":6.582281,"events":[]}'
Received '{"now":6.598586,"events":[{"timestamp":6.598586,"type":"JOB_SUBMITTED","data":{"job_id":"ebdc2a!34","job":{"id":"ebdc2a!34","profile":"LU.S.16","res":16,"subtime":6.598573,"walltime":4200}}}]}'
Sending '{"now":6.598586,"events":[]}'
Received '{"now":6.620642,"events":[{"timestamp":6.620642,"type":"JOB_COMPLETED","data":{"job_id":"ebdc2a!30","job_state":"COMPLETED_SUCCESSFULLY","return_code":0,"kill_reason":"","alloc":"0-3 52-63"}}]}'
Sending '{"now":6.620642,"events":[{"timestamp":6.620642,"type":"EXECUTE_JOB","data":{"job_id":"ebdc2a!31","alloc":"0-3 52-63"}}]}'
Received '{"now":6.680098,"events":[{"timestamp":6.680098,"type":"JOB_SUBMITTED","data":{"job_id":"ebdc2a!35","job":{"id":"ebdc2a!35","profile":"MG.S.16","res":16,"subtime":6.680076,"walltime":4200}}}]}'
Sending '{"now":6.680098,"events":[]}'
Received '{"now":6.752569,"events":[{"timestamp":6.752569,"type":"JOB_SUBMITTED","data":{"job_id":"ebdc2a!36","job":{"id":"ebdc2a!36","profile":"SP.S.16","res":16,"subtime":6.752543,"walltime":4200}}}]}'
Sending '{"now":6.752569,"events":[]}'
Received '{"now":6.878374,"events":[{"timestamp":6.878374,"type":"JOB_COMPLETED","data":{"job_id":"ebdc2a!26","job_state":"COMPLETED_SUCCESSFULLY","return_code":0,"kill_reason":"","alloc":"4-15 48-51"}}]}'
Sending '{"now":6.878374,"events":[{"timestamp":6.878374,"type":"EXECUTE_JOB","data":{"job_id":"ebdc2a!32","alloc":"4-15 48-51"}}]}'
Received '{"now":6.896755,"events":[{"timestamp":6.896755,"type":"JOB_SUBMITTED","data":{"job_id":"ebdc2a!37","job":{"id":"ebdc2a!37","profile":"MG.S.4","res":4,"subtime":6.896727,"walltime":4200}}}]}'
Sending '{"now":6.896755,"events":[]}'
Received '{"now":6.923325,"events":[{"timestamp":6.923325,"type":"JOB_SUBMITTED","data":{"job_id":"ebdc2a!38","job":{"id":"ebdc2a!38","profile":"LU.S.4","res":4,"subtime":6.923302,"walltime":4200}}}]}'
Sending '{"now":6.923325,"events":[]}'
Received '{"now":6.928391,"events":[{"timestamp":6.928391,"type":"JOB_SUBMITTED","data":{"job_id":"ebdc2a!39","job":{"id":"ebdc2a!39","profile":"SP.S.16","res":16,"subtime":6.928365,"walltime":4200}}}]}'
Sending '{"now":6.928391,"events":[]}'
Received '{"now":6.990914,"events":[{"timestamp":6.990914,"type":"JOB_SUBMITTED","data":{"job_id":"ebdc2a!40","job":{"id":"ebdc2a!40","profile":"IS.S.4","res":4,"subtime":6.990885,"walltime":4200}}}]}'
Sending '{"now":6.990914,"events":[]}'
Received '{"now":7.134848,"events":[{"timestamp":7.134848,"type":"JOB_COMPLETED","data":{"job_id":"ebdc2a!28","job_state":"COMPLETED_SUCCESSFULLY","return_code":0,"kill_reason":"","alloc":"32-47"}}]}'
Sending '{"now":7.134848,"events":[{"timestamp":7.134848,"type":"EXECUTE_JOB","data":{"job_id":"ebdc2a!33","alloc":"32-35"}},{"timestamp":7.134848,"type":"EXECUTE_JOB","data":{"job_id":"ebdc2a!37","alloc":"36-39"}},{"timestamp":7.134848,"type":"EXECUTE_JOB","data":{"job_id":"ebdc2a!38","alloc":"40-43"}},{"timestamp":7.134848,"type":"EXECUTE_JOB","data":{"job_id":"ebdc2a!40","alloc":"44-47"}}]}'
Received '{"now":7.196994,"events":[{"timestamp":7.196994,"type":"JOB_COMPLETED","data":{"job_id":"ebdc2a!29","job_state":"COMPLETED_SUCCESSFULLY","return_code":0,"kill_reason":"","alloc":"16-31"}}]}'
Sending '{"now":7.196994,"events":[{"timestamp":7.196994,"type":"EXECUTE_JOB","data":{"job_id":"ebdc2a!34","alloc":"16-31"}}]}'
Received '{"now":7.198346,"events":[{"timestamp":7.198346,"type":"JOB_SUBMITTED","data":{"job_id":"ebdc2a!41","job":{"id":"ebdc2a!41","profile":"FT.S.16","res":16,"subtime":7.198316,"walltime":4200}}}]}'
Sending '{"now":7.198346,"events":[]}'
Received '{"now":7.288799,"events":[{"timestamp":7.288799,"type":"JOB_COMPLETED","data":{"job_id":"ebdc2a!32","job_state":"COMPLETED_SUCCESSFULLY","return_code":0,"kill_reason":"","alloc":"4-15 48-51"}}]}'
Sending '{"now":7.288799,"events":[{"timestamp":7.288799,"type":"EXECUTE_JOB","data":{"job_id":"ebdc2a!35","alloc":"4-15 48-51"}}]}'
Received '{"now":7.306488,"events":[{"timestamp":7.306488,"type":"JOB_SUBMITTED","data":{"job_id":"ebdc2a!42","job":{"id":"ebdc2a!42","profile":"LU.S.16","res":16,"subtime":7.306458,"walltime":4200}}}]}'
Sending '{"now":7.306488,"events":[]}'
Received '{"now":7.337949,"events":[{"timestamp":7.337949,"type":"JOB_COMPLETED","data":{"job_id":"ebdc2a!40","job_state":"COMPLETED_SUCCESSFULLY","return_code":0,"kill_reason":"","alloc":"44-47"}}]}'
Sending '{"now":7.337949,"events":[]}'
Received '{"now":7.376310,"events":[{"timestamp":7.376310,"type":"JOB_COMPLETED","data":{"job_id":"ebdc2a!37","job_state":"COMPLETED_SUCCESSFULLY","return_code":0,"kill_reason":"","alloc":"36-39"}}]}'
Sending '{"now":7.37631,"events":[]}'
Received '{"now":7.471533,"events":[{"timestamp":7.471533,"type":"JOB_SUBMITTED","data":{"job_id":"ebdc2a!43","job":{"id":"ebdc2a!43","profile":"IS.S.16","res":16,"subtime":7.471504,"walltime":4200}}}]}'
Sending '{"now":7.471533,"events":[]}'
Received '{"now":7.568123,"events":[{"timestamp":7.568123,"type":"JOB_COMPLETED","data":{"job_id":"ebdc2a!33","job_state":"COMPLETED_SUCCESSFULLY","return_code":0,"kill_reason":"","alloc":"32-35"}}]}'
Sending '{"now":7.568123,"events":[]}'
Received '{"now":7.686325,"events":[{"timestamp":7.686325,"type":"JOB_COMPLETED","data":{"job_id":"ebdc2a!35","job_state":"COMPLETED_SUCCESSFULLY","return_code":0,"kill_reason":"","alloc":"4-15 48-51"}}]}'
Sending '{"now":7.686325,"events":[{"timestamp":7.686325,"type":"EXECUTE_JOB","data":{"job_id":"ebdc2a!36","alloc":"4-15 32-35"}}]}'
Received '{"now":7.695977,"events":[{"timestamp":7.695977,"type":"JOB_SUBMITTED","data":{"job_id":"ebdc2a!44","job":{"id":"ebdc2a!44","profile":"CG.S.16","res":16,"subtime":7.695949,"walltime":4200}}}]}'
Sending '{"now":7.695977,"events":[]}'
Received '{"now":7.782586,"events":[{"timestamp":7.782586,"type":"JOB_SUBMITTED","data":{"job_id":"ebdc2a!45","job":{"id":"ebdc2a!45","profile":"BT.S.4","res":4,"subtime":7.782556,"walltime":4200}}}]}'
Sending '{"now":7.782586,"events":[]}'
Received '{"now":7.839185,"events":[{"timestamp":7.839185,"type":"JOB_COMPLETED","data":{"job_id":"ebdc2a!38","job_state":"COMPLETED_SUCCESSFULLY","return_code":0,"kill_reason":"","alloc":"40-43"}}]}'
Sending '{"now":7.839185,"events":[{"timestamp":7.839185,"type":"EXECUTE_JOB","data":{"job_id":"ebdc2a!39","alloc":"36-51"}}]}'
Received '{"now":7.959963,"events":[{"timestamp":7.959963,"type":"JOB_SUBMITTED","data":{"job_id":"ebdc2a!46","job":{"id":"ebdc2a!46","profile":"SP.S.4","res":4,"subtime":7.959941,"walltime":4200}}}]}'
Sending '{"now":7.959963,"events":[]}'
Received '{"now":7.973976,"events":[{"timestamp":7.973976,"type":"JOB_SUBMITTED","data":{"job_id":"ebdc2a!47","job":{"id":"ebdc2a!47","profile":"CG.S.16","res":16,"subtime":7.973948,"walltime":4200}}}]}'
Sending '{"now":7.973976,"events":[]}'
Received '{"now":8.000013,"events":[{"timestamp":8.000013,"type":"JOB_COMPLETED","data":{"job_id":"ebdc2a!31","job_state":"COMPLETED_SUCCESSFULLY","return_code":0,"kill_reason":"","alloc":"0-3 52-63"}}]}'
Sending '{"now":8.000013,"events":[{"timestamp":8.000013,"type":"EXECUTE_JOB","data":{"job_id":"ebdc2a!41","alloc":"0-3 52-63"}}]}'
Received '{"now":8.236374,"events":[{"timestamp":8.236374,"type":"JOB_COMPLETED","data":{"job_id":"ebdc2a!34","job_state":"COMPLETED_SUCCESSFULLY","return_code":0,"kill_reason":"","alloc":"16-31"}}]}'
Sending '{"now":8.236374,"events":[{"timestamp":8.236374,"type":"EXECUTE_JOB","data":{"job_id":"ebdc2a!42","alloc":"16-31"}}]}'
Received '{"now":8.264076,"events":[{"timestamp":8.264076,"type":"JOB_SUBMITTED","data":{"job_id":"ebdc2a!48","job":{"id":"ebdc2a!48","profile":"CG.S.4","res":4,"subtime":8.264060,"walltime":4200}}}]}'
Sending '{"now":8.264076,"events":[]}'
Received '{"now":8.348221,"events":[{"timestamp":8.348221,"type":"JOB_COMPLETED","data":{"job_id":"ebdc2a!41","job_state":"COMPLETED_SUCCESSFULLY","return_code":0,"kill_reason":"","alloc":"0-3 52-63"}}]}'
Sending '{"now":8.348221,"events":[{"timestamp":8.348221,"type":"EXECUTE_JOB","data":{"job_id":"ebdc2a!43","alloc":"0-3 52-63"}}]}'
Received '{"now":8.443046,"events":[{"timestamp":8.443046,"type":"JOB_COMPLETED","data":{"job_id":"ebdc2a!43","job_state":"COMPLETED_SUCCESSFULLY","return_code":0,"kill_reason":"","alloc":"0-3 52-63"}}]}'
Sending '{"now":8.443046,"events":[{"timestamp":8.443046,"type":"EXECUTE_JOB","data":{"job_id":"ebdc2a!44","alloc":"0-3 52-63"}}]}'
Received '{"now":8.688966,"events":[{"timestamp":8.688966,"type":"JOB_SUBMITTED","data":{"job_id":"ebdc2a!49","job":{"id":"ebdc2a!49","profile":"LU.S.16","res":16,"subtime":8.688941,"walltime":4200}}}]}'
Sending '{"now":8.688966,"events":[]}'
Received '{"now":8.863159,"events":[{"timestamp":8.863159,"type":"JOB_COMPLETED","data":{"job_id":"ebdc2a!36","job_state":"COMPLETED_SUCCESSFULLY","return_code":0,"kill_reason":"","alloc":"4-15 32-35"}}]}'
Sending '{"now":8.863159,"events":[{"timestamp":8.863159,"type":"EXECUTE_JOB","data":{"job_id":"ebdc2a!45","alloc":"4-7"}},{"timestamp":8.863159,"type":"EXECUTE_JOB","data":{"job_id":"ebdc2a!46","alloc":"8-11"}}]}'
Received '{"now":8.985934,"events":[{"timestamp":8.985934,"type":"JOB_SUBMITTED","data":{"job_id":"ebdc2a!50","job":{"id":"ebdc2a!50","profile":"LU.S.16","res":16,"subtime":8.985909,"walltime":4200}}}]}'
Sending '{"now":8.985934,"events":[]}'
Received '{"now":9.025085,"events":[{"timestamp":9.025085,"type":"JOB_COMPLETED","data":{"job_id":"ebdc2a!39","job_state":"COMPLETED_SUCCESSFULLY","return_code":0,"kill_reason":"","alloc":"36-51"}}]}'
Sending '{"now":9.025085,"events":[{"timestamp":9.025085,"type":"EXECUTE_JOB","data":{"job_id":"ebdc2a!47","alloc":"12-15 32-43"}},{"timestamp":9.025085,"type":"EXECUTE_JOB","data":{"job_id":"ebdc2a!48","alloc":"44-47"}}]}'
Received '{"now":9.119579,"events":[{"timestamp":9.119579,"type":"JOB_COMPLETED","data":{"job_id":"ebdc2a!45","job_state":"COMPLETED_SUCCESSFULLY","return_code":0,"kill_reason":"","alloc":"4-7"}}]}'
Sending '{"now":9.119579,"events":[]}'
Received '{"now":9.169926,"events":[{"timestamp":9.169926,"type":"JOB_COMPLETED","data":{"job_id":"ebdc2a!46","job_state":"COMPLETED_SUCCESSFULLY","return_code":0,"kill_reason":"","alloc":"8-11"}}]}'
Sending '{"now":9.169926,"events":[]}'
Received '{"now":9.192464,"events":[{"timestamp":9.192464,"type":"JOB_SUBMITTED","data":{"job_id":"ebdc2a!51","job":{"id":"ebdc2a!51","profile":"IS.S.4","res":4,"subtime":9.192448,"walltime":4200}}}]}'
Sending '{"now":9.192464,"events":[{"timestamp":9.192464,"type":"EXECUTE_JOB","data":{"job_id":"ebdc2a!51","alloc":"48-51"}}]}'
Received '{"now":9.194641,"events":[{"timestamp":9.194641,"type":"JOB_SUBMITTED","data":{"job_id":"ebdc2a!52","job":{"id":"ebdc2a!52","profile":"CG.S.16","res":16,"subtime":9.194611,"walltime":4200}}}]}'
Sending '{"now":9.194641,"events":[]}'
Received '{"now":9.268515,"events":[{"timestamp":9.268515,"type":"JOB_COMPLETED","data":{"job_id":"ebdc2a!51","job_state":"COMPLETED_SUCCESSFULLY","return_code":0,"kill_reason":"","alloc":"48-51"}}]}'
Sending '{"now":9.268515,"events":[]}'
Received '{"now":9.287715,"events":[{"timestamp":9.287715,"type":"JOB_SUBMITTED","data":{"job_id":"ebdc2a!53","job":{"id":"ebdc2a!53","profile":"SP.S.4","res":4,"subtime":9.287685,"walltime":4200}}}]}'
Sending '{"now":9.287715,"events":[{"timestamp":9.287715,"type":"EXECUTE_JOB","data":{"job_id":"ebdc2a!53","alloc":"48-51"}}]}'
Received '{"now":9.346526,"events":[{"timestamp":9.346526,"type":"JOB_COMPLETED","data":{"job_id":"ebdc2a!42","job_state":"COMPLETED_SUCCESSFULLY","return_code":0,"kill_reason":"","alloc":"16-31"}}]}'
Sending '{"now":9.346526,"events":[{"timestamp":9.346526,"type":"EXECUTE_JOB","data":{"job_id":"ebdc2a!49","alloc":"4-11 16-23"}}]}'
Received '{"now":9.451933,"events":[{"timestamp":9.451933,"type":"JOB_SUBMITTED","data":{"job_id":"ebdc2a!54","job":{"id":"ebdc2a!54","profile":"MG.S.16","res":16,"subtime":9.451910,"walltime":4200}}}]}'
Sending '{"now":9.451933,"events":[]}'
Received '{"now":9.511402,"events":[{"timestamp":9.511402,"type":"JOB_COMPLETED","data":{"job_id":"ebdc2a!44","job_state":"COMPLETED_SUCCESSFULLY","return_code":0,"kill_reason":"","alloc":"0-3 52-63"}}]}'
Sending '{"now":9.511402,"events":[{"timestamp":9.511402,"type":"EXECUTE_JOB","data":{"job_id":"ebdc2a!50","alloc":"0-3 24-31 52-55"}}]}'
Received '{"now":9.516716,"events":[{"timestamp":9.516716,"type":"JOB_COMPLETED","data":{"job_id":"ebdc2a!53","job_state":"COMPLETED_SUCCESSFULLY","return_code":0,"kill_reason":"","alloc":"48-51"}}]}'
Sending '{"now":9.516716,"events":[]}'
Received '{"now":9.565699,"events":[{"timestamp":9.565699,"type":"JOB_COMPLETED","data":{"job_id":"ebdc2a!48","job_state":"COMPLETED_SUCCESSFULLY","return_code":0,"kill_reason":"","alloc":"44-47"}}]}'
Sending '{"now":9.565699,"events":[{"timestamp":9.565699,"type":"EXECUTE_JOB","data":{"job_id":"ebdc2a!52","alloc":"44-51 56-63"}}]}'
Received '{"now":9.592148,"events":[{"timestamp":9.592148,"type":"JOB_SUBMITTED","data":{"job_id":"ebdc2a!55","job":{"id":"ebdc2a!55","profile":"CG.S.16","res":16,"subtime":9.592118,"walltime":4200}}}]}'
Sending '{"now":9.592148,"events":[]}'
Received '{"now":9.615783,"events":[{"timestamp":9.615783,"type":"JOB_SUBMITTED","data":{"job_id":"ebdc2a!56","job":{"id":"ebdc2a!56","profile":"LU.S.4","res":4,"subtime":9.615753,"walltime":4200}}}]}'
Sending '{"now":9.615783,"events":[]}'
Received '{"now":9.778197,"events":[{"timestamp":9.778197,"type":"JOB_SUBMITTED","data":{"job_id":"ebdc2a!57","job":{"id":"ebdc2a!57","profile":"SP.S.16","res":16,"subtime":9.778172,"walltime":4200}}}]}'
Sending '{"now":9.778197,"events":[]}'
Received '{"now":9.942545,"events":[{"timestamp":9.942545,"type":"JOB_SUBMITTED","data":{"job_id":"ebdc2a!58","job":{"id":"ebdc2a!58","profile":"FT.S.16","res":16,"subtime":9.942530,"walltime":4200}}}]}'
Sending '{"now":9.942545,"events":[]}'
Received '{"now":10.017293,"events":[{"timestamp":10.017293,"type":"JOB_COMPLETED","data":{"job_id":"ebdc2a!47","job_state":"COMPLETED_SUCCESSFULLY","return_code":0,"kill_reason":"","alloc":"12-15 32-43"}}]}'
Sending '{"now":10.017293,"events":[{"timestamp":10.017293,"type":"EXECUTE_JOB","data":{"job_id":"ebdc2a!54","alloc":"12-15 32-43"}}]}'
Received '{"now":10.333887,"events":[{"timestamp":10.333887,"type":"JOB_COMPLETED","data":{"job_id":"ebdc2a!54","job_state":"COMPLETED_SUCCESSFULLY","return_code":0,"kill_reason":"","alloc":"12-15 32-43"}}]}'
Sending '{"now":10.333887,"events":[{"timestamp":10.333887,"type":"EXECUTE_JOB","data":{"job_id":"ebdc2a!55","alloc":"12-15 32-43"}}]}'
Received '{"now":10.343079,"events":[{"timestamp":10.343079,"type":"JOB_COMPLETED","data":{"job_id":"ebdc2a!49","job_state":"COMPLETED_SUCCESSFULLY","return_code":0,"kill_reason":"","alloc":"4-11 16-23"}}]}'
Sending '{"now":10.343079,"events":[{"timestamp":10.343079,"type":"EXECUTE_JOB","data":{"job_id":"ebdc2a!56","alloc":"4-7"}}]}'
Received '{"now":10.506817,"events":[{"timestamp":10.506817,"type":"JOB_SUBMITTED","data":{"job_id":"ebdc2a!59","job":{"id":"ebdc2a!59","profile":"FT.S.4","res":4,"subtime":10.506793,"walltime":4200}}}]}'
Sending '{"now":10.506817,"events":[]}'
Received '{"now":10.527831,"events":[{"timestamp":10.527831,"type":"JOB_COMPLETED","data":{"job_id":"ebdc2a!50","job_state":"COMPLETED_SUCCESSFULLY","return_code":0,"kill_reason":"","alloc":"0-3 24-31 52-55"}}]}'
Sending '{"now":10.527831,"events":[{"timestamp":10.527831,"type":"EXECUTE_JOB","data":{"job_id":"ebdc2a!57","alloc":"0-3 8-11 16-23"}},{"timestamp":10.527831,"type":"EXECUTE_JOB","data":{"job_id":"ebdc2a!59","alloc":"52-55"}}]}'
Received '{"now":10.536857,"events":[{"timestamp":10.536857,"type":"JOB_COMPLETED","data":{"job_id":"ebdc2a!52","job_state":"COMPLETED_SUCCESSFULLY","return_code":0,"kill_reason":"","alloc":"44-51 56-63"}}]}'
Sending '{"now":10.536857,"events":[{"timestamp":10.536857,"type":"EXECUTE_JOB","data":{"job_id":"ebdc2a!58","alloc":"24-31 44-51"}}]}'
Received '{"now":10.590651,"events":[{"timestamp":10.590651,"type":"JOB_SUBMITTED","data":{"job_id":"ebdc2a!60","job":{"id":"ebdc2a!60","profile":"IS.S.16","res":16,"subtime":10.590620,"walltime":4200}}}]}'
Sending '{"now":10.590651,"events":[]}'
Received '{"now":10.655479,"events":[{"timestamp":10.655479,"type":"JOB_SUBMITTED","data":{"job_id":"ebdc2a!61","job":{"id":"ebdc2a!61","profile":"BT.S.4","res":4,"subtime":10.655453,"walltime":4200}}}]}'
Sending '{"now":10.655479,"events":[{"timestamp":10.655479,"type":"EXECUTE_JOB","data":{"job_id":"ebdc2a!61","alloc":"56-59"}}]}'
Received '{"now":10.740016,"events":[{"timestamp":10.740016,"type":"JOB_SUBMITTED","data":{"job_id":"ebdc2a!62","job":{"id":"ebdc2a!62","profile":"BT.S.4","res":4,"subtime":10.739986,"walltime":4200}}}]}'
Sending '{"now":10.740016,"events":[{"timestamp":10.740016,"type":"EXECUTE_JOB","data":{"job_id":"ebdc2a!62","alloc":"60-63"}}]}'
Received '{"now":10.832400,"events":[{"timestamp":10.832400,"type":"JOB_SUBMITTED","data":{"job_id":"ebdc2a!63","job":{"id":"ebdc2a!63","profile":"CG.S.16","res":16,"subtime":10.832379,"walltime":4200}}}]}'
Sending '{"now":10.8324,"events":[]}'
Received '{"now":10.849225,"events":[{"timestamp":10.849225,"type":"JOB_COMPLETED","data":{"job_id":"ebdc2a!58","job_state":"COMPLETED_SUCCESSFULLY","return_code":0,"kill_reason":"","alloc":"24-31 44-51"}}]}'
Sending '{"now":10.849225,"events":[{"timestamp":10.849225,"type":"EXECUTE_JOB","data":{"job_id":"ebdc2a!60","alloc":"24-31 44-51"}}]}'
Received '{"now":10.950501,"events":[{"timestamp":10.950501,"type":"JOB_COMPLETED","data":{"job_id":"ebdc2a!60","job_state":"COMPLETED_SUCCESSFULLY","return_code":0,"kill_reason":"","alloc":"24-31 44-51"}}]}'
Sending '{"now":10.950501,"events":[{"timestamp":10.950501,"type":"EXECUTE_JOB","data":{"job_id":"ebdc2a!63","alloc":"24-31 44-51"}}]}'
Received '{"now":10.981605,"events":[{"timestamp":10.981605,"type":"JOB_COMPLETED","data":{"job_id":"ebdc2a!59","job_state":"COMPLETED_SUCCESSFULLY","return_code":0,"kill_reason":"","alloc":"52-55"}}]}'
Sending '{"now":10.981605,"events":[]}'
Received '{"now":11.121266,"events":[{"timestamp":11.121266,"type":"JOB_COMPLETED","data":{"job_id":"ebdc2a!61","job_state":"COMPLETED_SUCCESSFULLY","return_code":0,"kill_reason":"","alloc":"56-59"}}]}'
Sending '{"now":11.121266,"events":[]}'
Received '{"now":11.142705,"events":[{"timestamp":11.142705,"type":"JOB_COMPLETED","data":{"job_id":"ebdc2a!56","job_state":"COMPLETED_SUCCESSFULLY","return_code":0,"kill_reason":"","alloc":"4-7"}}]}'
Sending '{"now":11.142705,"events":[]}'
Received '{"now":11.172199,"events":[{"timestamp":11.172199,"type":"JOB_COMPLETED","data":{"job_id":"ebdc2a!62","job_state":"COMPLETED_SUCCESSFULLY","return_code":0,"kill_reason":"","alloc":"60-63"}}]}'
Sending '{"now":11.172199,"events":[]}'
Received '{"now":11.364098,"events":[{"timestamp":11.364098,"type":"JOB_COMPLETED","data":{"job_id":"ebdc2a!55","job_state":"COMPLETED_SUCCESSFULLY","return_code":0,"kill_reason":"","alloc":"12-15 32-43"}}]}'
Sending '{"now":11.364098,"events":[]}'
Received '{"now":11.482433,"events":[{"timestamp":11.482433,"type":"JOB_SUBMITTED","data":{"job_id":"ebdc2a!64","job":{"id":"ebdc2a!64","profile":"CG.S.16","res":16,"subtime":11.482405,"walltime":4200}}}]}'
Sending '{"now":11.482433,"events":[{"timestamp":11.482433,"type":"EXECUTE_JOB","data":{"job_id":"ebdc2a!64","alloc":"4-7 12-15 32-39"}}]}'
Received '{"now":11.498778,"events":[{"timestamp":11.498778,"type":"JOB_COMPLETED","data":{"job_id":"ebdc2a!57","job_state":"COMPLETED_SUCCESSFULLY","return_code":0,"kill_reason":"","alloc":"0-3 8-11 16-23"}}]}'
Sending '{"now":11.498778,"events":[]}'
Received '{"now":11.717248,"events":[{"timestamp":11.717248,"type":"JOB_SUBMITTED","data":{"job_id":"ebdc2a!65","job":{"id":"ebdc2a!65","profile":"BT.S.4","res":4,"subtime":11.717228,"walltime":4200}}}]}'
Sending '{"now":11.717248,"events":[{"timestamp":11.717248,"type":"EXECUTE_JOB","data":{"job_id":"ebdc2a!65","alloc":"0-3"}}]}'
Received '{"now":11.734020,"events":[{"timestamp":11.734020,"type":"JOB_SUBMITTED","data":{"job_id":"ebdc2a!66","job":{"id":"ebdc2a!66","profile":"LU.S.4","res":4,"subtime":11.733998,"walltime":4200}}}]}'
Sending '{"now":11.73402,"events":[{"timestamp":11.73402,"type":"EXECUTE_JOB","data":{"job_id":"ebdc2a!66","alloc":"8-11"}}]}'
Received '{"now":11.929259,"events":[{"timestamp":11.929259,"type":"JOB_COMPLETED","data":{"job_id":"ebdc2a!65","job_state":"COMPLETED_SUCCESSFULLY","return_code":0,"kill_reason":"","alloc":"0-3"}}]}'
Sending '{"now":11.929259,"events":[]}'
Received '{"now":11.931194,"events":[{"timestamp":11.931194,"type":"JOB_SUBMITTED","data":{"job_id":"ebdc2a!67","job":{"id":"ebdc2a!67","profile":"SP.S.4","res":4,"subtime":11.931163,"walltime":4200}}}]}'
Sending '{"now":11.931194,"events":[{"timestamp":11.931194,"type":"EXECUTE_JOB","data":{"job_id":"ebdc2a!67","alloc":"0-3"}}]}'
Received '{"now":11.947092,"events":[{"timestamp":11.947092,"type":"JOB_COMPLETED","data":{"job_id":"ebdc2a!63","job_state":"COMPLETED_SUCCESSFULLY","return_code":0,"kill_reason":"","alloc":"24-31 44-51"}}]}'
Sending '{"now":11.947092,"events":[]}'
Received '{"now":12.007463,"events":[{"timestamp":12.007463,"type":"JOB_SUBMITTED","data":{"job_id":"ebdc2a!68","job":{"id":"ebdc2a!68","profile":"IS.S.16","res":16,"subtime":12.007436,"walltime":4200}}}]}'
Sending '{"now":12.007463,"events":[{"timestamp":12.007463,"type":"EXECUTE_JOB","data":{"job_id":"ebdc2a!68","alloc":"16-31"}}]}'
Received '{"now":12.090448,"events":[{"timestamp":12.090448,"type":"JOB_COMPLETED","data":{"job_id":"ebdc2a!68","job_state":"COMPLETED_SUCCESSFULLY","return_code":0,"kill_reason":"","alloc":"16-31"}}]}'
Sending '{"now":12.090448,"events":[]}'
Received '{"now":12.099915,"events":[{"timestamp":12.099915,"type":"JOB_SUBMITTED","data":{"job_id":"ebdc2a!69","job":{"id":"ebdc2a!69","profile":"IS.S.4","res":4,"subtime":12.099886,"walltime":4200}}}]}'
Sending '{"now":12.099915,"events":[{"timestamp":12.099915,"type":"EXECUTE_JOB","data":{"job_id":"ebdc2a!69","alloc":"16-19"}}]}'
Received '{"now":12.147463,"events":[{"timestamp":12.147463,"type":"JOB_SUBMITTED","data":{"job_id":"ebdc2a!70","job":{"id":"ebdc2a!70","profile":"FT.S.4","res":4,"subtime":12.147432,"walltime":4200}}}]}'
Sending '{"now":12.147463,"events":[{"timestamp":12.147463,"type":"EXECUTE_JOB","data":{"job_id":"ebdc2a!70","alloc":"20-23"}}]}'
Received '{"now":12.160350,"events":[{"timestamp":12.160350,"type":"JOB_SUBMITTED","data":{"job_id":"ebdc2a!71","job":{"id":"ebdc2a!71","profile":"BT.S.16","res":16,"subtime":12.160323,"walltime":4200}}}]}'
Sending '{"now":12.16035,"events":[{"timestamp":12.16035,"type":"EXECUTE_JOB","data":{"job_id":"ebdc2a!71","alloc":"24-31 40-47"}}]}'
Received '{"now":12.181085,"events":[{"timestamp":12.181085,"type":"JOB_COMPLETED","data":{"job_id":"ebdc2a!69","job_state":"COMPLETED_SUCCESSFULLY","return_code":0,"kill_reason":"","alloc":"16-19"}}]}'
Sending '{"now":12.181085,"events":[]}'
Received '{"now":12.253427,"events":[{"timestamp":12.253427,"type":"JOB_COMPLETED","data":{"job_id":"ebdc2a!67","job_state":"COMPLETED_SUCCESSFULLY","return_code":0,"kill_reason":"","alloc":"0-3"}}]}'
Sending '{"now":12.253427,"events":[]}'
Received '{"now":12.361721,"events":[{"timestamp":12.361721,"type":"JOB_SUBMITTED","data":{"job_id":"ebdc2a!72","job":{"id":"ebdc2a!72","profile":"FT.S.4","res":4,"subtime":12.361691,"walltime":4200}}}]}'
Sending '{"now":12.361721,"events":[{"timestamp":12.361721,"type":"EXECUTE_JOB","data":{"job_id":"ebdc2a!72","alloc":"0-3"}}]}'
Received '{"now":12.387944,"events":[{"timestamp":12.387944,"type":"JOB_SUBMITTED","data":{"job_id":"ebdc2a!73","job":{"id":"ebdc2a!73","profile":"SP.S.16","res":16,"subtime":12.387914,"walltime":4200}}}]}'
Sending '{"now":12.387944,"events":[{"timestamp":12.387944,"type":"EXECUTE_JOB","data":{"job_id":"ebdc2a!73","alloc":"16-19 48-59"}}]}'
Received '{"now":12.415367,"events":[{"timestamp":12.415367,"type":"JOB_SUBMITTED","data":{"job_id":"ebdc2a!74","job":{"id":"ebdc2a!74","profile":"FT.S.4","res":4,"subtime":12.415344,"walltime":4200}}}]}'
Sending '{"now":12.415367,"events":[{"timestamp":12.415367,"type":"EXECUTE_JOB","data":{"job_id":"ebdc2a!74","alloc":"60-63"}}]}'
Received '{"now":12.469145,"events":[{"timestamp":12.469145,"type":"JOB_COMPLETED","data":{"job_id":"ebdc2a!66","job_state":"COMPLETED_SUCCESSFULLY","return_code":0,"kill_reason":"","alloc":"8-11"}}]}'
Sending '{"now":12.469145,"events":[]}'
Received '{"now":12.500580,"events":[{"timestamp":12.500580,"type":"JOB_COMPLETED","data":{"job_id":"ebdc2a!64","job_state":"COMPLETED_SUCCESSFULLY","return_code":0,"kill_reason":"","alloc":"4-7 12-15 32-39"}}]}'
Sending '{"now":12.50058,"events":[]}'
Received '{"now":12.706578,"events":[{"timestamp":12.706578,"type":"JOB_COMPLETED","data":{"job_id":"ebdc2a!70","job_state":"COMPLETED_SUCCESSFULLY","return_code":0,"kill_reason":"","alloc":"20-23"}}]}'
Sending '{"now":12.706578,"events":[]}'
Received '{"now":12.751412,"events":[{"timestamp":12.751412,"type":"JOB_SUBMITTED","data":{"job_id":"ebdc2a!75","job":{"id":"ebdc2a!75","profile":"MG.S.16","res":16,"subtime":12.751381,"walltime":4200}}}]}'
Sending '{"now":12.751412,"events":[{"timestamp":12.751412,"type":"EXECUTE_JOB","data":{"job_id":"ebdc2a!75","alloc":"4-15 20-23"}}]}'
Received '{"now":12.765878,"events":[{"timestamp":12.765878,"type":"JOB_SUBMITTED","data":{"job_id":"ebdc2a!76","job":{"id":"ebdc2a!76","profile":"CG.S.16","res":16,"subtime":12.765858,"walltime":4200}}}]}'
Sending '{"now":12.765878,"events":[]}'
Received '{"now":12.780993,"events":[{"timestamp":12.780993,"type":"JOB_COMPLETED","data":{"job_id":"ebdc2a!72","job_state":"COMPLETED_SUCCESSFULLY","return_code":0,"kill_reason":"","alloc":"0-3"}}]}'
Sending '{"now":12.780993,"events":[]}'
Received '{"now":12.891616,"events":[{"timestamp":12.891616,"type":"JOB_SUBMITTED","data":{"job_id":"ebdc2a!77","job":{"id":"ebdc2a!77","profile":"FT.S.16","res":16,"subtime":12.891589,"walltime":4200}}}]}'
Sending '{"now":12.891616,"events":[]}'
Received '{"now":13.182582,"events":[{"timestamp":13.182582,"type":"JOB_SUBMITTED","data":{"job_id":"ebdc2a!78","job":{"id":"ebdc2a!78","profile":"MG.S.16","res":16,"subtime":13.182552,"walltime":4200}}}]}'
Sending '{"now":13.182582,"events":[]}'
Received '{"now":13.229330,"events":[{"timestamp":13.229330,"type":"JOB_COMPLETED","data":{"job_id":"ebdc2a!75","job_state":"COMPLETED_SUCCESSFULLY","return_code":0,"kill_reason":"","alloc":"4-15 20-23"}}]}'
Sending '{"now":13.22933,"events":[{"timestamp":13.22933,"type":"EXECUTE_JOB","data":{"job_id":"ebdc2a!76","alloc":"0-15"}}]}'
Received '{"now":13.346838,"events":[{"timestamp":13.346838,"type":"JOB_COMPLETED","data":{"job_id":"ebdc2a!74","job_state":"COMPLETED_SUCCESSFULLY","return_code":0,"kill_reason":"","alloc":"60-63"}}]}'
Sending '{"now":13.346838,"events":[{"timestamp":13.346838,"type":"EXECUTE_JOB","data":{"job_id":"ebdc2a!77","alloc":"20-23 32-39 60-63"}}]}'
Received '{"now":13.374918,"events":[{"timestamp":13.374918,"type":"JOB_SUBMITTED","data":{"job_id":"ebdc2a!79","job":{"id":"ebdc2a!79","profile":"LU.S.4","res":4,"subtime":13.374894,"walltime":4200}}}]}'
Sending '{"now":13.374918,"events":[]}'
Received '{"now":13.428251,"events":[{"timestamp":13.428251,"type":"JOB_COMPLETED","data":{"job_id":"ebdc2a!73","job_state":"COMPLETED_SUCCESSFULLY","return_code":0,"kill_reason":"","alloc":"16-19 48-59"}}]}'
Sending '{"now":13.428251,"events":[{"timestamp":13.428251,"type":"EXECUTE_JOB","data":{"job_id":"ebdc2a!78","alloc":"16-19 48-59"}}]}'
Received '{"now":13.542219,"events":[{"timestamp":13.542219,"type":"JOB_SUBMITTED","data":{"job_id":"ebdc2a!80","job":{"id":"ebdc2a!80","profile":"CG.S.16","res":16,"subtime":13.542189,"walltime":4200}}}]}'
Sending '{"now":13.542219,"events":[]}'
Received '{"now":13.572810,"events":[{"timestamp":13.572810,"type":"JOB_SUBMITTED","data":{"job_id":"ebdc2a!81","job":{"id":"ebdc2a!81","profile":"IS.S.4","res":4,"subtime":13.572789,"walltime":4200}}}]}'
Sending '{"now":13.57281,"events":[]}'
Received '{"now":13.628847,"events":[{"timestamp":13.628847,"type":"JOB_SUBMITTED","data":{"job_id":"ebdc2a!82","job":{"id":"ebdc2a!82","profile":"FT.S.16","res":16,"subtime":13.628817,"walltime":4200}}}]}'
Sending '{"now":13.628847,"events":[]}'
Received '{"now":13.701867,"events":[{"timestamp":13.701867,"type":"JOB_COMPLETED","data":{"job_id":"ebdc2a!71","job_state":"COMPLETED_SUCCESSFULLY","return_code":0,"kill_reason":"","alloc":"24-31 40-47"}}]}'
Sending '{"now":13.701867,"events":[{"timestamp":13.701867,"type":"EXECUTE_JOB","data":{"job_id":"ebdc2a!79","alloc":"24-27"}},{"timestamp":13.701867,"type":"EXECUTE_JOB","data":{"job_id":"ebdc2a!81","alloc":"28-31"}}]}'
Received '{"now":13.852054,"events":[{"timestamp":13.852054,"type":"JOB_COMPLETED","data":{"job_id":"ebdc2a!77","job_state":"COMPLETED_SUCCESSFULLY","return_code":0,"kill_reason":"","alloc":"20-23 32-39 60-63"}}]}'
Sending '{"now":13.852054,"events":[{"timestamp":13.852054,"type":"EXECUTE_JOB","data":{"job_id":"ebdc2a!80","alloc":"20-23 32-43"}}]}'
Received '{"now":13.876831,"events":[{"timestamp":13.876831,"type":"JOB_COMPLETED","data":{"job_id":"ebdc2a!78","job_state":"COMPLETED_SUCCESSFULLY","return_code":0,"kill_reason":"","alloc":"16-19 48-59"}}]}'
Sending '{"now":13.876831,"events":[{"timestamp":13.876831,"type":"EXECUTE_JOB","data":{"job_id":"ebdc2a!82","alloc":"16-19 44-55"}}]}'
Received '{"now":13.903229,"events":[{"timestamp":13.903229,"type":"JOB_COMPLETED","data":{"job_id":"ebdc2a!81","job_state":"COMPLETED_SUCCESSFULLY","return_code":0,"kill_reason":"","alloc":"28-31"}}]}'
Sending '{"now":13.903229,"events":[]}'
Received '{"now":13.998690,"events":[{"timestamp":13.998690,"type":"JOB_SUBMITTED","data":{"job_id":"ebdc2a!83","job":{"id":"ebdc2a!83","profile":"MG.S.4","res":4,"subtime":13.998659,"walltime":4200}}}]}'
Sending '{"now":13.99869,"events":[{"timestamp":13.99869,"type":"EXECUTE_JOB","data":{"job_id":"ebdc2a!83","alloc":"28-31"}}]}'
Received '{"now":14.105887,"events":[{"timestamp":14.105887,"type":"JOB_COMPLETED","data":{"job_id":"ebdc2a!82","job_state":"COMPLETED_SUCCESSFULLY","return_code":0,"kill_reason":"","alloc":"16-19 44-55"}}]}'
Sending '{"now":14.105887,"events":[]}'
Received '{"now":14.115053,"events":[{"timestamp":14.115053,"type":"JOB_SUBMITTED","data":{"job_id":"ebdc2a!84","job":{"id":"ebdc2a!84","profile":"IS.S.4","res":4,"subtime":14.115023,"walltime":4200}}}]}'
Sending '{"now":14.115053,"events":[{"timestamp":14.115053,"type":"EXECUTE_JOB","data":{"job_id":"ebdc2a!84","alloc":"16-19"}}]}'
Received '{"now":14.179356,"events":[{"timestamp":14.179356,"type":"JOB_COMPLETED","data":{"job_id":"ebdc2a!83","job_state":"COMPLETED_SUCCESSFULLY","return_code":0,"kill_reason":"","alloc":"28-31"}}]}'
Sending '{"now":14.179356,"events":[]}'
Received '{"now":14.190542,"events":[{"timestamp":14.190542,"type":"JOB_COMPLETED","data":{"job_id":"ebdc2a!84","job_state":"COMPLETED_SUCCESSFULLY","return_code":0,"kill_reason":"","alloc":"16-19"}}]}'
Sending '{"now":14.190542,"events":[]}'
Received '{"now":14.229096,"events":[{"timestamp":14.229096,"type":"JOB_COMPLETED","data":{"job_id":"ebdc2a!76","job_state":"COMPLETED_SUCCESSFULLY","return_code":0,"kill_reason":"","alloc":"0-15"}}]}'
Sending '{"now":14.229096,"events":[]}'
Received '{"now":14.489591,"events":[{"timestamp":14.489591,"type":"JOB_COMPLETED","data":{"job_id":"ebdc2a!79","job_state":"COMPLETED_SUCCESSFULLY","return_code":0,"kill_reason":"","alloc":"24-27"}}]}'
Sending '{"now":14.489591,"events":[]}'
Received '{"now":14.511075,"events":[{"timestamp":14.511075,"type":"JOB_SUBMITTED","data":{"job_id":"ebdc2a!85","job":{"id":"ebdc2a!85","profile":"MG.S.4","res":4,"subtime":14.511045,"walltime":4200}}}]}'
Sending '{"now":14.511075,"events":[{"timestamp":14.511075,"type":"EXECUTE_JOB","data":{"job_id":"ebdc2a!85","alloc":"0-3"}}]}'
Received '{"now":14.561450,"events":[{"timestamp":14.561450,"type":"JOB_SUBMITTED","data":{"job_id":"ebdc2a!86","job":{"id":"ebdc2a!86","profile":"SP.S.4","res":4,"subtime":14.561422,"walltime":4200}}}]}'
Sending '{"now":14.56145,"events":[{"timestamp":14.56145,"type":"EXECUTE_JOB","data":{"job_id":"ebdc2a!86","alloc":"4-7"}}]}'
Received '{"now":14.677056,"events":[{"timestamp":14.677056,"type":"JOB_COMPLETED","data":{"job_id":"ebdc2a!85","job_state":"COMPLETED_SUCCESSFULLY","return_code":0,"kill_reason":"","alloc":"0-3"}}]}'
Sending '{"now":14.677056,"events":[]}'
Received '{"now":14.734278,"events":[{"timestamp":14.734278,"type":"JOB_SUBMITTED","data":{"job_id":"ebdc2a!87","job":{"id":"ebdc2a!87","profile":"FT.S.16","res":16,"subtime":14.734247,"walltime":4200}}}]}'
Sending '{"now":14.734278,"events":[{"timestamp":14.734278,"type":"EXECUTE_JOB","data":{"job_id":"ebdc2a!87","alloc":"0-3 8-19"}}]}'
Received '{"now":14.735239,"events":[{"timestamp":14.735239,"type":"JOB_SUBMITTED","data":{"job_id":"ebdc2a!88","job":{"id":"ebdc2a!88","profile":"LU.S.4","res":4,"subtime":14.735217,"walltime":4200}}}]}'
Sending '{"now":14.735239,"events":[{"timestamp":14.735239,"type":"EXECUTE_JOB","data":{"job_id":"ebdc2a!88","alloc":"24-27"}}]}'
Received '{"now":14.800313,"events":[{"timestamp":14.800313,"type":"JOB_SUBMITTED","data":{"job_id":"ebdc2a!89","job":{"id":"ebdc2a!89","profile":"CG.S.16","res":16,"subtime":14.800283,"walltime":4200}}}]}'
Sending '{"now":14.800313,"events":[{"timestamp":14.800313,"type":"EXECUTE_JOB","data":{"job_id":"ebdc2a!89","alloc":"28-31 44-55"}}]}'
Received '{"now":14.814051,"events":[{"timestamp":14.814051,"type":"JOB_COMPLETED","data":{"job_id":"ebdc2a!86","job_state":"COMPLETED_SUCCESSFULLY","return_code":0,"kill_reason":"","alloc":"4-7"}}]}'
Sending '{"now":14.814051,"events":[]}'
Received '{"now":14.847169,"events":[{"timestamp":14.847169,"type":"JOB_COMPLETED","data":{"job_id":"ebdc2a!80","job_state":"COMPLETED_SUCCESSFULLY","return_code":0,"kill_reason":"","alloc":"20-23 32-43"}}]}'
Sending '{"now":14.847169,"events":[]}'
Received '{"now":14.882418,"events":[{"timestamp":14.882418,"type":"JOB_SUBMITTED","data":{"job_id":"ebdc2a!90","job":{"id":"ebdc2a!90","profile":"LU.S.4","res":4,"subtime":14.882393,"walltime":4200}}}]}'
Sending '{"now":14.882418,"events":[{"timestamp":14.882418,"type":"EXECUTE_JOB","data":{"job_id":"ebdc2a!90","alloc":"4-7"}}]}'
Received '{"now":14.907129,"events":[{"timestamp":14.907129,"type":"JOB_COMPLETED","data":{"job_id":"ebdc2a!87","job_state":"COMPLETED_SUCCESSFULLY","return_code":0,"kill_reason":"","alloc":"0-3 8-19"}}]}'
Sending '{"now":14.907129,"events":[]}'
Received '{"now":14.983558,"events":[{"timestamp":14.983558,"type":"JOB_SUBMITTED","data":{"job_id":"ebdc2a!91","job":{"id":"ebdc2a!91","profile":"SP.S.16","res":16,"subtime":14.983528,"walltime":4200}}}]}'
Sending '{"now":14.983558,"events":[{"timestamp":14.983558,"type":"EXECUTE_JOB","data":{"job_id":"ebdc2a!91","alloc":"0-3 8-19"}}]}'
Received '{"now":15.024919,"events":[{"timestamp":15.024919,"type":"JOB_SUBMITTED","data":{"job_id":"ebdc2a!92","job":{"id":"ebdc2a!92","profile":"BT.S.4","res":4,"subtime":15.024893,"walltime":4200}}}]}'
Sending '{"now":15.024919,"events":[{"timestamp":15.024919,"type":"EXECUTE_JOB","data":{"job_id":"ebdc2a!92","alloc":"20-23"}}]}'
Received '{"now":15.043233,"events":[{"timestamp":15.043233,"type":"JOB_SUBMITTED","data":{"job_id":"ebdc2a!93","job":{"id":"ebdc2a!93","profile":"SP.S.16","res":16,"subtime":15.043214,"walltime":4200}}}]}'
Sending '{"now":15.043233,"events":[{"timestamp":15.043233,"type":"EXECUTE_JOB","data":{"job_id":"ebdc2a!93","alloc":"32-43 56-59"}}]}'
Received '{"now":15.094190,"events":[{"timestamp":15.094190,"type":"JOB_SUBMITTED","data":{"job_id":"ebdc2a!94","job":{"id":"ebdc2a!94","profile":"MG.S.16","res":16,"subtime":15.094163,"walltime":4200}}}]}'
Sending '{"now":15.09419,"events":[]}'
Received '{"now":15.135018,"events":[{"timestamp":15.135018,"type":"JOB_SUBMITTED","data":{"job_id":"ebdc2a!95","job":{"id":"ebdc2a!95","profile":"LU.S.16","res":16,"subtime":15.134990,"walltime":4200}}}]}'
Sending '{"now":15.135018,"events":[]}'
Received '{"now":15.148794,"events":[{"timestamp":15.148794,"type":"JOB_SUBMITTED","data":{"job_id":"ebdc2a!96","job":{"id":"ebdc2a!96","profile":"FT.S.4","res":4,"subtime":15.148773,"walltime":4200}}}]}'
Sending '{"now":15.148794,"events":[{"timestamp":15.148794,"type":"EXECUTE_JOB","data":{"job_id":"ebdc2a!96","alloc":"60-63"}}]}'
Received '{"now":15.176214,"events":[{"timestamp":15.176214,"type":"JOB_SUBMITTED","data":{"job_id":"ebdc2a!97","job":{"id":"ebdc2a!97","profile":"LU.S.16","res":16,"subtime":15.176200,"walltime":4200}}}]}'
Sending '{"now":15.176214,"events":[]}'
Received '{"now":15.236080,"events":[{"timestamp":15.236080,"type":"JOB_SUBMITTED","data":{"job_id":"ebdc2a!98","job":{"id":"ebdc2a!98","profile":"SP.S.16","res":16,"subtime":15.236050,"walltime":4200}}}]}'
Sending '{"now":15.23608,"events":[]}'
Received '{"now":15.355754,"events":[{"timestamp":15.355754,"type":"JOB_COMPLETED","data":{"job_id":"ebdc2a!92","job_state":"COMPLETED_SUCCESSFULLY","return_code":0,"kill_reason":"","alloc":"20-23"}}]}'
Sending '{"now":15.355754,"events":[]}'
Received '{"now":15.527597,"events":[{"timestamp":15.527597,"type":"JOB_COMPLETED","data":{"job_id":"ebdc2a!96","job_state":"COMPLETED_SUCCESSFULLY","return_code":0,"kill_reason":"","alloc":"60-63"}}]}'
Sending '{"now":15.527597,"events":[]}'
Received '{"now":15.567536,"events":[{"timestamp":15.567536,"type":"JOB_COMPLETED","data":{"job_id":"ebdc2a!88","job_state":"COMPLETED_SUCCESSFULLY","return_code":0,"kill_reason":"","alloc":"24-27"}}]}'
Sending '{"now":15.567536,"events":[]}'
Received '{"now":15.572574,"events":[{"timestamp":15.572574,"type":"JOB_SUBMITTED","data":{"job_id":"ebdc2a!99","job":{"id":"ebdc2a!99","profile":"CG.S.16","res":16,"subtime":15.572549,"walltime":4200}}}]}'
Sending '{"now":15.572574,"events":[]}'
Received '{"now":15.622749,"events":[{"timestamp":15.622749,"type":"JOB_SUBMITTED","data":{"job_id":"ebdc2a!100","job":{"id":"ebdc2a!100","profile":"BT.S.16","res":16,"subtime":15.622725,"walltime":4200}}}]}'
Sending '{"now":15.622749,"events":[]}'
Received '{"now":15.747526,"events":[{"timestamp":15.747526,"type":"JOB_COMPLETED","data":{"job_id":"ebdc2a!90","job_state":"COMPLETED_SUCCESSFULLY","return_code":0,"kill_reason":"","alloc":"4-7"}}]}'
Sending '{"now":15.747526,"events":[{"timestamp":15.747526,"type":"EXECUTE_JOB","data":{"job_id":"ebdc2a!94","alloc":"4-7 20-27 60-63"}}]}'
Received '{"now":15.911093,"events":[{"timestamp":15.911093,"type":"JOB_COMPLETED","data":{"job_id":"ebdc2a!89","job_state":"COMPLETED_SUCCESSFULLY","return_code":0,"kill_reason":"","alloc":"28-31 44-55"}}]}'
Sending '{"now":15.911093,"events":[{"timestamp":15.911093,"type":"EXECUTE_JOB","data":{"job_id":"ebdc2a!95","alloc":"28-31 44-55"}}]}'
Received '{"now":15.925470,"events":[{"timestamp":15.925470,"type":"JOB_SUBMITTED","data":{"job_id":"ebdc2a!101","job":{"id":"ebdc2a!101","profile":"LU.S.16","res":16,"subtime":15.925447,"walltime":4200}}}]}'
Sending '{"now":15.92547,"events":[]}'
Received '{"now":16.015280,"events":[{"timestamp":16.015280,"type":"JOB_SUBMITTED","data":{"job_id":"ebdc2a!102","job":{"id":"ebdc2a!102","profile":"IS.S.16","res":16,"subtime":16.015256,"walltime":4200}}}]}'
Sending '{"now":16.01528,"events":[]}'
Received '{"now":16.052961,"events":[{"timestamp":16.052961,"type":"JOB_SUBMITTED","data":{"job_id":"ebdc2a!103","job":{"id":"ebdc2a!103","profile":"CG.S.16","res":16,"subtime":16.052931,"walltime":4200}}}]}'
Sending '{"now":16.052961,"events":[]}'
Received '{"now":16.073900,"events":[{"timestamp":16.073900,"type":"JOB_SUBMITTED","data":{"job_id":"ebdc2a!104","job":{"id":"ebdc2a!104","profile":"BT.S.4","res":4,"subtime":16.073876,"walltime":4200}}}]}'
Sending '{"now":16.0739,"events":[]}'
Received '{"now":16.119191,"events":[{"timestamp":16.119191,"type":"JOB_COMPLETED","data":{"job_id":"ebdc2a!91","job_state":"COMPLETED_SUCCESSFULLY","return_code":0,"kill_reason":"","alloc":"0-3 8-19"}}]}'
Sending '{"now":16.119191,"events":[{"timestamp":16.119191,"type":"EXECUTE_JOB","data":{"job_id":"ebdc2a!97","alloc":"0-3 8-19"}}]}'
Received '{"now":16.177589,"events":[{"timestamp":16.177589,"type":"JOB_COMPLETED","data":{"job_id":"ebdc2a!94","job_state":"COMPLETED_SUCCESSFULLY","return_code":0,"kill_reason":"","alloc":"4-7 20-27 60-63"}}]}'
Sending '{"now":16.177589,"events":[{"timestamp":16.177589,"type":"EXECUTE_JOB","data":{"job_id":"ebdc2a!98","alloc":"4-7 20-27 60-63"}}]}'
Received '{"now":16.188472,"events":[{"timestamp":16.188472,"type":"JOB_COMPLETED","data":{"job_id":"ebdc2a!93","job_state":"COMPLETED_SUCCESSFULLY","return_code":0,"kill_reason":"","alloc":"32-43 56-59"}}]}'
Sending '{"now":16.188472,"events":[{"timestamp":16.188472,"type":"EXECUTE_JOB","data":{"job_id":"ebdc2a!99","alloc":"32-43 56-59"}}]}'
Received '{"now":16.322922,"events":[{"timestamp":16.322922,"type":"JOB_SUBMITTED","data":{"job_id":"ebdc2a!105","job":{"id":"ebdc2a!105","profile":"MG.S.16","res":16,"subtime":16.322909,"walltime":4200}}}]}'
Sending '{"now":16.322922,"events":[]}'
Received '{"now":16.898402,"events":[{"timestamp":16.898402,"type":"JOB_SUBMITTED","data":{"job_id":"ebdc2a!106","job":{"id":"ebdc2a!106","profile":"IS.S.16","res":16,"subtime":16.898380,"walltime":4200}}}]}'
Sending '{"now":16.898402,"events":[]}'
Received '{"now":16.918065,"events":[{"timestamp":16.918065,"type":"JOB_COMPLETED","data":{"job_id":"ebdc2a!95","job_state":"COMPLETED_SUCCESSFULLY","return_code":0,"kill_reason":"","alloc":"28-31 44-55"}}]}'
Sending '{"now":16.918065,"events":[{"timestamp":16.918065,"type":"EXECUTE_JOB","data":{"job_id":"ebdc2a!100","alloc":"28-31 44-55"}}]}'
Received '{"now":17.018053,"events":[{"timestamp":17.018053,"type":"JOB_SUBMITTED","data":{"job_id":"ebdc2a!107","job":{"id":"ebdc2a!107","profile":"FT.S.16","res":16,"subtime":17.018023,"walltime":4200}}}]}'
Sending '{"now":17.018053,"events":[]}'
Received '{"now":17.040170,"events":[{"timestamp":17.040170,"type":"JOB_COMPLETED","data":{"job_id":"ebdc2a!98","job_state":"COMPLETED_SUCCESSFULLY","return_code":0,"kill_reason":"","alloc":"4-7 20-27 60-63"}}]}'
Sending '{"now":17.04017,"events":[{"timestamp":17.04017,"type":"EXECUTE_JOB","data":{"job_id":"ebdc2a!101","alloc":"4-7 20-27 60-63"}}]}'
Received '{"now":17.153417,"events":[{"timestamp":17.153417,"type":"JOB_COMPLETED","data":{"job_id":"ebdc2a!97","job_state":"COMPLETED_SUCCESSFULLY","return_code":0,"kill_reason":"","alloc":"0-3 8-19"}}]}'
Sending '{"now":17.153417,"events":[{"timestamp":17.153417,"type":"EXECUTE_JOB","data":{"job_id":"ebdc2a!102","alloc":"0-3 8-19"}}]}'
Received '{"now":17.178103,"events":[{"timestamp":17.178103,"type":"JOB_COMPLETED","data":{"job_id":"ebdc2a!99","job_state":"COMPLETED_SUCCESSFULLY","return_code":0,"kill_reason":"","alloc":"32-43 56-59"}}]}'
Sending '{"now":17.178103,"events":[{"timestamp":17.178103,"type":"EXECUTE_JOB","data":{"job_id":"ebdc2a!103","alloc":"32-43 56-59"}}]}'
Received '{"now":17.242959,"events":[{"timestamp":17.242959,"type":"JOB_COMPLETED","data":{"job_id":"ebdc2a!102","job_state":"COMPLETED_SUCCESSFULLY","return_code":0,"kill_reason":"","alloc":"0-3 8-19"}}]}'
Sending '{"now":17.242959,"events":[{"timestamp":17.242959,"type":"EXECUTE_JOB","data":{"job_id":"ebdc2a!104","alloc":"0-3"}}]}'
Received '{"now":17.303794,"events":[{"timestamp":17.303794,"type":"JOB_SUBMITTED","data":{"job_id":"ebdc2a!108","job":{"id":"ebdc2a!108","profile":"BT.S.16","res":16,"subtime":17.303773,"walltime":4200}}}]}'
Sending '{"now":17.303794,"events":[]}'
Received '{"now":17.319302,"events":[{"timestamp":17.319302,"type":"JOB_SUBMITTED","data":{"job_id":"ebdc2a!109","job":{"id":"ebdc2a!109","profile":"BT.S.4","res":4,"subtime":17.319272,"walltime":4200}}}]}'
Sending '{"now":17.319302,"events":[]}'
Received '{"now":17.357334,"events":[{"timestamp":17.357334,"type":"JOB_SUBMITTED","data":{"job_id":"ebdc2a!110","job":{"id":"ebdc2a!110","profile":"CG.S.16","res":16,"subtime":17.357306,"walltime":4200}}}]}'
Sending '{"now":17.357334,"events":[]}'
Received '{"now":17.428744,"events":[{"timestamp":17.428744,"type":"JOB_SUBMITTED","data":{"job_id":"ebdc2a!111","job":{"id":"ebdc2a!111","profile":"SP.S.16","res":16,"subtime":17.428718,"walltime":4200}}}]}'
Sending '{"now":17.428744,"events":[]}'
Received '{"now":17.494529,"events":[{"timestamp":17.494529,"type":"JOB_COMPLETED","data":{"job_id":"ebdc2a!104","job_state":"COMPLETED_SUCCESSFULLY","return_code":0,"kill_reason":"","alloc":"0-3"}}]}'
Sending '{"now":17.494529,"events":[{"timestamp":17.494529,"type":"EXECUTE_JOB","data":{"job_id":"ebdc2a!105","alloc":"0-3 8-19"}}]}'
Received '{"now":17.549196,"events":[{"timestamp":17.549196,"type":"JOB_SUBMITTED","data":{"job_id":"ebdc2a!112","job":{"id":"ebdc2a!112","profile":"IS.S.4","res":4,"subtime":17.549165,"walltime":4200}}}]}'
Sending '{"now":17.549196,"events":[]}'
Received '{"now":17.699641,"events":[{"timestamp":17.699641,"type":"JOB_SUBMITTED","data":{"job_id":"ebdc2a!113","job":{"id":"ebdc2a!113","profile":"MG.S.4","res":4,"subtime":17.699611,"walltime":4200}}}]}'
Sending '{"now":17.699641,"events":[]}'
Received '{"now":17.861945,"events":[{"timestamp":17.861945,"type":"JOB_COMPLETED","data":{"job_id":"ebdc2a!105","job_state":"COMPLETED_SUCCESSFULLY","return_code":0,"kill_reason":"","alloc":"0-3 8-19"}}]}'
Sending '{"now":17.861945,"events":[{"timestamp":17.861945,"type":"EXECUTE_JOB","data":{"job_id":"ebdc2a!106","alloc":"0-3 8-19"}}]}'
Received '{"now":17.951677,"events":[{"timestamp":17.951677,"type":"JOB_COMPLETED","data":{"job_id":"ebdc2a!106","job_state":"COMPLETED_SUCCESSFULLY","return_code":0,"kill_reason":"","alloc":"0-3 8-19"}}]}'
Sending '{"now":17.951677,"events":[{"timestamp":17.951677,"type":"EXECUTE_JOB","data":{"job_id":"ebdc2a!107","alloc":"0-3 8-19"}}]}'
Received '{"now":18.091516,"events":[{"timestamp":18.091516,"type":"JOB_COMPLETED","data":{"job_id":"ebdc2a!100","job_state":"COMPLETED_SUCCESSFULLY","return_code":0,"kill_reason":"","alloc":"28-31 44-55"}}]}'
Sending '{"now":18.091516,"events":[{"timestamp":18.091516,"type":"EXECUTE_JOB","data":{"job_id":"ebdc2a!108","alloc":"28-31 44-55"}}]}'
Received '{"now":18.112554,"events":[{"timestamp":18.112554,"type":"JOB_COMPLETED","data":{"job_id":"ebdc2a!101","job_state":"COMPLETED_SUCCESSFULLY","return_code":0,"kill_reason":"","alloc":"4-7 20-27 60-63"}}]}'
Sending '{"now":18.112554,"events":[{"timestamp":18.112554,"type":"EXECUTE_JOB","data":{"job_id":"ebdc2a!109","alloc":"4-7"}},{"timestamp":18.112554,"type":"EXECUTE_JOB","data":{"job_id":"ebdc2a!112","alloc":"60-63"}}]}'
Received '{"now":18.216401,"events":[{"timestamp":18.216401,"type":"JOB_COMPLETED","data":{"job_id":"ebdc2a!103","job_state":"COMPLETED_SUCCESSFULLY","return_code":0,"kill_reason":"","alloc":"32-43 56-59"}}]}'
Sending '{"now":18.216401,"events":[{"timestamp":18.216401,"type":"EXECUTE_JOB","data":{"job_id":"ebdc2a!110","alloc":"20-27 32-39"}},{"timestamp":18.216401,"type":"EXECUTE_JOB","data":{"job_id":"ebdc2a!113","alloc":"40-43"}}]}'
Received '{"now":18.268352,"events":[{"timestamp":18.268352,"type":"JOB_SUBMITTED","data":{"job_id":"ebdc2a!114","job":{"id":"ebdc2a!114","profile":"FT.S.16","res":16,"subtime":18.268324,"walltime":4200}}}]}'
Sending '{"now":18.268352,"events":[]}'
Received '{"now":18.332321,"events":[{"timestamp":18.332321,"type":"JOB_COMPLETED","data":{"job_id":"ebdc2a!107","job_state":"COMPLETED_SUCCESSFULLY","return_code":0,"kill_reason":"","alloc":"0-3 8-19"}}]}'
Sending '{"now":18.332321,"events":[{"timestamp":18.332321,"type":"EXECUTE_JOB","data":{"job_id":"ebdc2a!111","alloc":"0-3 8-19"}}]}'
Received '{"now":18.337228,"events":[{"timestamp":18.337228,"type":"JOB_COMPLETED","data":{"job_id":"ebdc2a!112","job_state":"COMPLETED_SUCCESSFULLY","return_code":0,"kill_reason":"","alloc":"60-63"}}]}'
Sending '{"now":18.337228,"events":[]}'
Received '{"now":18.450179,"events":[{"timestamp":18.450179,"type":"JOB_COMPLETED","data":{"job_id":"ebdc2a!113","job_state":"COMPLETED_SUCCESSFULLY","return_code":0,"kill_reason":"","alloc":"40-43"}}]}'
Sending '{"now":18.450179,"events":[]}'
Received '{"now":18.512575,"events":[{"timestamp":18.512575,"type":"JOB_COMPLETED","data":{"job_id":"ebdc2a!109","job_state":"COMPLETED_SUCCESSFULLY","return_code":0,"kill_reason":"","alloc":"4-7"}}]}'
Sending '{"now":18.512575,"events":[{"timestamp":18.512575,"type":"EXECUTE_JOB","data":{"job_id":"ebdc2a!114","alloc":"4-7 40-43 56-63"}}]}'
Received '{"now":18.644410,"events":[{"timestamp":18.644410,"type":"JOB_SUBMITTED","data":{"job_id":"ebdc2a!115","job":{"id":"ebdc2a!115","profile":"FT.S.4","res":4,"subtime":18.644388,"walltime":4200}}}]}'
Sending '{"now":18.64441,"events":[]}'
Received '{"now":18.864183,"events":[{"timestamp":18.864183,"type":"JOB_SUBMITTED","data":{"job_id":"ebdc2a!116","job":{"id":"ebdc2a!116","profile":"SP.S.16","res":16,"subtime":18.864162,"walltime":4200}}}]}'
Sending '{"now":18.864183,"events":[]}'
Received '{"now":18.999098,"events":[{"timestamp":18.999098,"type":"JOB_COMPLETED","data":{"job_id":"ebdc2a!114","job_state":"COMPLETED_SUCCESSFULLY","return_code":0,"kill_reason":"","alloc":"4-7 40-43 56-63"}}]}'
Sending '{"now":18.999098,"events":[{"timestamp":18.999098,"type":"EXECUTE_JOB","data":{"job_id":"ebdc2a!115","alloc":"4-7"}}]}'
Received '{"now":19.229385,"events":[{"timestamp":19.229385,"type":"JOB_COMPLETED","data":{"job_id":"ebdc2a!110","job_state":"COMPLETED_SUCCESSFULLY","return_code":0,"kill_reason":"","alloc":"20-27 32-39"}}]}'
Sending '{"now":19.229385,"events":[{"timestamp":19.229385,"type":"EXECUTE_JOB","data":{"job_id":"ebdc2a!116","alloc":"20-27 32-39"}}]}'
Received '{"now":19.341196,"events":[{"timestamp":19.341196,"type":"JOB_COMPLETED","data":{"job_id":"ebdc2a!111","job_state":"COMPLETED_SUCCESSFULLY","return_code":0,"kill_reason":"","alloc":"0-3 8-19"}}]}'
Sending '{"now":19.341196,"events":[]}'
Received '{"now":19.426733,"events":[{"timestamp":19.426733,"type":"JOB_SUBMITTED","data":{"job_id":"ebdc2a!117","job":{"id":"ebdc2a!117","profile":"SP.S.4","res":4,"subtime":19.426708,"walltime":4200}}}]}'
Sending '{"now":19.426733,"events":[{"timestamp":19.426733,"type":"EXECUTE_JOB","data":{"job_id":"ebdc2a!117","alloc":"0-3"}}]}'
Received '{"now":19.473918,"events":[{"timestamp":19.473918,"type":"JOB_COMPLETED","data":{"job_id":"ebdc2a!115","job_state":"COMPLETED_SUCCESSFULLY","return_code":0,"kill_reason":"","alloc":"4-7"}}]}'
Sending '{"now":19.473918,"events":[]}'
Received '{"now":19.553532,"events":[{"timestamp":19.553532,"type":"JOB_COMPLETED","data":{"job_id":"ebdc2a!108","job_state":"COMPLETED_SUCCESSFULLY","return_code":0,"kill_reason":"","alloc":"28-31 44-55"}}]}'
Sending '{"now":19.553532,"events":[]}'
Received '{"now":19.752443,"events":[{"timestamp":19.752443,"type":"JOB_COMPLETED","data":{"job_id":"ebdc2a!117","job_state":"COMPLETED_SUCCESSFULLY","return_code":0,"kill_reason":"","alloc":"0-3"}}]}'
Sending '{"now":19.752443,"events":[]}'
Received '{"now":19.926922,"events":[{"timestamp":19.926922,"type":"JOB_SUBMITTED","data":{"job_id":"ebdc2a!118","job":{"id":"ebdc2a!118","profile":"CG.S.16","res":16,"subtime":19.926901,"walltime":4200}}}]}'
Sending '{"now":19.926922,"events":[{"timestamp":19.926922,"type":"EXECUTE_JOB","data":{"job_id":"ebdc2a!118","alloc":"0-15"}}]}'
Received '{"now":19.964115,"events":[{"timestamp":19.964115,"type":"JOB_SUBMITTED","data":{"job_id":"ebdc2a!119","job":{"id":"ebdc2a!119","profile":"IS.S.16","res":16,"subtime":19.964093,"walltime":4200}}}]}'
Sending '{"now":19.964115,"events":[{"timestamp":19.964115,"type":"EXECUTE_JOB","data":{"job_id":"ebdc2a!119","alloc":"16-19 28-31 40-47"}}]}'
Received '{"now":20.054627,"events":[{"timestamp":20.054627,"type":"JOB_COMPLETED","data":{"job_id":"ebdc2a!119","job_state":"COMPLETED_SUCCESSFULLY","return_code":0,"kill_reason":"","alloc":"16-19 28-31 40-47"}}]}'
Sending '{"now":20.054627,"events":[]}'
Received '{"now":20.199055,"events":[{"timestamp":20.199055,"type":"JOB_COMPLETED","data":{"job_id":"ebdc2a!116","job_state":"COMPLETED_SUCCESSFULLY","return_code":0,"kill_reason":"","alloc":"20-27 32-39"}}]}'
Sending '{"now":20.199055,"events":[]}'
Received '{"now":20.388957,"events":[{"timestamp":20.388957,"type":"JOB_SUBMITTED","data":{"job_id":"ebdc2a!120","job":{"id":"ebdc2a!120","profile":"FT.S.16","res":16,"subtime":20.388926,"walltime":4200}}}]}'
Sending '{"now":20.388957,"events":[{"timestamp":20.388957,"type":"EXECUTE_JOB","data":{"job_id":"ebdc2a!120","alloc":"16-31"}}]}'
Received '{"now":20.575954,"events":[{"timestamp":20.575954,"type":"JOB_COMPLETED","data":{"job_id":"ebdc2a!120","job_state":"COMPLETED_SUCCESSFULLY","return_code":0,"kill_reason":"","alloc":"16-31"}}]}'
Sending '{"now":20.575954,"events":[]}'
Received '{"now":20.961845,"events":[{"timestamp":20.961845,"type":"JOB_COMPLETED","data":{"job_id":"ebdc2a!118","job_state":"COMPLETED_SUCCESSFULLY","return_code":0,"kill_reason":"","alloc":"0-15"}},{"timestamp":20.961845,"type":"SIMULATION_ENDS","data":{}}]}'
Sending '{"now":20.961845,"events":[]}'
