make lu CLASS=B NPROCS=256
   =========================================
   =      NAS Parallel Benchmarks 3.3      =
   =      MPI/F77/C                        =
   =========================================

cd LU; make NPROCS=256 CLASS=B VERSION=
make[1]: ディレクトリ '/home/huyao/simgrid-template/MpiEnv/bench/NPB3.3.1/NPB3.3-MPI/LU' に入ります
make[2]: ディレクトリ '/home/huyao/simgrid-template/MpiEnv/bench/NPB3.3.1/NPB3.3-MPI/sys' に入ります
cc -g  -o setparams setparams.c
make[2]: ディレクトリ '/home/huyao/simgrid-template/MpiEnv/bench/NPB3.3.1/NPB3.3-MPI/sys' から出ます
../sys/setparams lu 256 B 
make[2]: ディレクトリ '/home/huyao/simgrid-template/MpiEnv/bench/NPB3.3.1/NPB3.3-MPI/LU' に入ります
make.def modified. Rebuilding npbparams.h just in case
rm -f npbparams.h
../sys/setparams lu 256 B 
/home/huyao/simgrid-template/MpiEnv/bench/NPB3.3.1/NPB3.3-MPI/LU/../../../..//simgrid/inst//bin/smpiff -c -I/home/huyao/simgrid-template/MpiEnv/bench/NPB3.3.1/NPB3.3-MPI/LU/../../../..//simgrid/inst//include/smpi/ -O lu.f
/home/huyao/simgrid-template/MpiEnv/bench/NPB3.3.1/NPB3.3-MPI/LU/../../../..//simgrid/inst//bin/smpiff -c -I/home/huyao/simgrid-template/MpiEnv/bench/NPB3.3.1/NPB3.3-MPI/LU/../../../..//simgrid/inst//include/smpi/ -O init_comm.f
/home/huyao/simgrid-template/MpiEnv/bench/NPB3.3.1/NPB3.3-MPI/LU/../../../..//simgrid/inst//bin/smpiff -c -I/home/huyao/simgrid-template/MpiEnv/bench/NPB3.3.1/NPB3.3-MPI/LU/../../../..//simgrid/inst//include/smpi/ -O read_input.f
/home/huyao/simgrid-template/MpiEnv/bench/NPB3.3.1/NPB3.3-MPI/LU/../../../..//simgrid/inst//bin/smpiff -c -I/home/huyao/simgrid-template/MpiEnv/bench/NPB3.3.1/NPB3.3-MPI/LU/../../../..//simgrid/inst//include/smpi/ -O bcast_inputs.f
/home/huyao/simgrid-template/MpiEnv/bench/NPB3.3.1/NPB3.3-MPI/LU/../../../..//simgrid/inst//bin/smpiff -c -I/home/huyao/simgrid-template/MpiEnv/bench/NPB3.3.1/NPB3.3-MPI/LU/../../../..//simgrid/inst//include/smpi/ -O proc_grid.f
/home/huyao/simgrid-template/MpiEnv/bench/NPB3.3.1/NPB3.3-MPI/LU/../../../..//simgrid/inst//bin/smpiff -c -I/home/huyao/simgrid-template/MpiEnv/bench/NPB3.3.1/NPB3.3-MPI/LU/../../../..//simgrid/inst//include/smpi/ -O neighbors.f
/home/huyao/simgrid-template/MpiEnv/bench/NPB3.3.1/NPB3.3-MPI/LU/../../../..//simgrid/inst//bin/smpiff -c -I/home/huyao/simgrid-template/MpiEnv/bench/NPB3.3.1/NPB3.3-MPI/LU/../../../..//simgrid/inst//include/smpi/ -O subdomain.f
/home/huyao/simgrid-template/MpiEnv/bench/NPB3.3.1/NPB3.3-MPI/LU/../../../..//simgrid/inst//bin/smpiff -c -I/home/huyao/simgrid-template/MpiEnv/bench/NPB3.3.1/NPB3.3-MPI/LU/../../../..//simgrid/inst//include/smpi/ -O setcoeff.f
/home/huyao/simgrid-template/MpiEnv/bench/NPB3.3.1/NPB3.3-MPI/LU/../../../..//simgrid/inst//bin/smpiff -c -I/home/huyao/simgrid-template/MpiEnv/bench/NPB3.3.1/NPB3.3-MPI/LU/../../../..//simgrid/inst//include/smpi/ -O setbv.f
/home/huyao/simgrid-template/MpiEnv/bench/NPB3.3.1/NPB3.3-MPI/LU/../../../..//simgrid/inst//bin/smpiff -c -I/home/huyao/simgrid-template/MpiEnv/bench/NPB3.3.1/NPB3.3-MPI/LU/../../../..//simgrid/inst//include/smpi/ -O exact.f
/home/huyao/simgrid-template/MpiEnv/bench/NPB3.3.1/NPB3.3-MPI/LU/../../../..//simgrid/inst//bin/smpiff -c -I/home/huyao/simgrid-template/MpiEnv/bench/NPB3.3.1/NPB3.3-MPI/LU/../../../..//simgrid/inst//include/smpi/ -O setiv.f
/home/huyao/simgrid-template/MpiEnv/bench/NPB3.3.1/NPB3.3-MPI/LU/../../../..//simgrid/inst//bin/smpiff -c -I/home/huyao/simgrid-template/MpiEnv/bench/NPB3.3.1/NPB3.3-MPI/LU/../../../..//simgrid/inst//include/smpi/ -O erhs.f
/home/huyao/simgrid-template/MpiEnv/bench/NPB3.3.1/NPB3.3-MPI/LU/../../../..//simgrid/inst//bin/smpiff -c -I/home/huyao/simgrid-template/MpiEnv/bench/NPB3.3.1/NPB3.3-MPI/LU/../../../..//simgrid/inst//include/smpi/ -O ssor.f
/home/huyao/simgrid-template/MpiEnv/bench/NPB3.3.1/NPB3.3-MPI/LU/../../../..//simgrid/inst//bin/smpiff -c -I/home/huyao/simgrid-template/MpiEnv/bench/NPB3.3.1/NPB3.3-MPI/LU/../../../..//simgrid/inst//include/smpi/ -O exchange_1.f
/home/huyao/simgrid-template/MpiEnv/bench/NPB3.3.1/NPB3.3-MPI/LU/../../../..//simgrid/inst//bin/smpiff -c -I/home/huyao/simgrid-template/MpiEnv/bench/NPB3.3.1/NPB3.3-MPI/LU/../../../..//simgrid/inst//include/smpi/ -O exchange_3.f
/home/huyao/simgrid-template/MpiEnv/bench/NPB3.3.1/NPB3.3-MPI/LU/../../../..//simgrid/inst//bin/smpiff -c -I/home/huyao/simgrid-template/MpiEnv/bench/NPB3.3.1/NPB3.3-MPI/LU/../../../..//simgrid/inst//include/smpi/ -O exchange_4.f
/home/huyao/simgrid-template/MpiEnv/bench/NPB3.3.1/NPB3.3-MPI/LU/../../../..//simgrid/inst//bin/smpiff -c -I/home/huyao/simgrid-template/MpiEnv/bench/NPB3.3.1/NPB3.3-MPI/LU/../../../..//simgrid/inst//include/smpi/ -O exchange_5.f
/home/huyao/simgrid-template/MpiEnv/bench/NPB3.3.1/NPB3.3-MPI/LU/../../../..//simgrid/inst//bin/smpiff -c -I/home/huyao/simgrid-template/MpiEnv/bench/NPB3.3.1/NPB3.3-MPI/LU/../../../..//simgrid/inst//include/smpi/ -O exchange_6.f
/home/huyao/simgrid-template/MpiEnv/bench/NPB3.3.1/NPB3.3-MPI/LU/../../../..//simgrid/inst//bin/smpiff -c -I/home/huyao/simgrid-template/MpiEnv/bench/NPB3.3.1/NPB3.3-MPI/LU/../../../..//simgrid/inst//include/smpi/ -O rhs.f
/home/huyao/simgrid-template/MpiEnv/bench/NPB3.3.1/NPB3.3-MPI/LU/../../../..//simgrid/inst//bin/smpiff -c -I/home/huyao/simgrid-template/MpiEnv/bench/NPB3.3.1/NPB3.3-MPI/LU/../../../..//simgrid/inst//include/smpi/ -O jacld.f
/home/huyao/simgrid-template/MpiEnv/bench/NPB3.3.1/NPB3.3-MPI/LU/../../../..//simgrid/inst//bin/smpiff -c -I/home/huyao/simgrid-template/MpiEnv/bench/NPB3.3.1/NPB3.3-MPI/LU/../../../..//simgrid/inst//include/smpi/ -O jacu.f
/home/huyao/simgrid-template/MpiEnv/bench/NPB3.3.1/NPB3.3-MPI/LU/../../../..//simgrid/inst//bin/smpiff -c -I/home/huyao/simgrid-template/MpiEnv/bench/NPB3.3.1/NPB3.3-MPI/LU/../../../..//simgrid/inst//include/smpi/ -O error.f
/home/huyao/simgrid-template/MpiEnv/bench/NPB3.3.1/NPB3.3-MPI/LU/../../../..//simgrid/inst//bin/smpiff -c -I/home/huyao/simgrid-template/MpiEnv/bench/NPB3.3.1/NPB3.3-MPI/LU/../../../..//simgrid/inst//include/smpi/ -O pintgr.f
/home/huyao/simgrid-template/MpiEnv/bench/NPB3.3.1/NPB3.3-MPI/LU/../../../..//simgrid/inst//bin/smpiff -c -I/home/huyao/simgrid-template/MpiEnv/bench/NPB3.3.1/NPB3.3-MPI/LU/../../../..//simgrid/inst//include/smpi/ -O verify.f
/home/huyao/simgrid-template/MpiEnv/bench/NPB3.3.1/NPB3.3-MPI/LU/../../../..//simgrid/inst//bin/smpiff -O  -L/home/huyao/simgrid-template/MpiEnv/bench/NPB3.3.1/NPB3.3-MPI/LU/../../../..//simgrid/inst//lib -o ../bin/lu.B.256 lu.o init_comm.o read_input.o bcast_inputs.o proc_grid.o neighbors.o nodedim.o subdomain.o setcoeff.o setbv.o exact.o setiv.o erhs.o ssor.o exchange_1.o exchange_3.o exchange_4.o exchange_5.o exchange_6.o rhs.o l2norm.o jacld.o blts.o jacu.o buts.o error.o pintgr.o verify.o ../common/print_results.o ../common/timers.o -lsimgrid -lgfortran 
make[2]: ディレクトリ '/home/huyao/simgrid-template/MpiEnv/bench/NPB3.3.1/NPB3.3-MPI/LU' から出ます
make[1]: ディレクトリ '/home/huyao/simgrid-template/MpiEnv/bench/NPB3.3.1/NPB3.3-MPI/LU' から出ます
