make dt CLASS=A NPROCS=256
   =========================================
   =      NAS Parallel Benchmarks 3.3      =
   =      MPI/F77/C                        =
   =========================================

cd DT; make CLASS=A
make[1]: Entering directory '/home/huyao/simgrid-template/MpiEnv/bench/NPB3.3.1/NPB3.3-MPI/DT'
make[2]: Entering directory '/home/huyao/simgrid-template/MpiEnv/bench/NPB3.3.1/NPB3.3-MPI/sys'
cc -g  -o setparams setparams.c
make[2]: Leaving directory '/home/huyao/simgrid-template/MpiEnv/bench/NPB3.3.1/NPB3.3-MPI/sys'
../sys/setparams dt 256 A 
make.def modified. Rebuilding npbparams.h just in case
rm -f npbparams.h
../sys/setparams dt 256 A 
/home/huyao/simgrid-template/MpiEnv/bench/NPB3.3.1/NPB3.3-MPI/DT/../../../..//simgrid/inst//bin/smpicc  -c -I/home/huyao/simgrid-template/MpiEnv/bench/NPB3.3.1/NPB3.3-MPI/DT/../../../..//simgrid/inst//include/smpi/ -O dt.c
/home/huyao/simgrid-template/MpiEnv/bench/NPB3.3.1/NPB3.3-MPI/DT/../../../..//simgrid/inst//bin/smpicc -O -L/home/huyao/simgrid-template/MpiEnv/bench/NPB3.3.1/NPB3.3-MPI/DT/../../../..//simgrid/inst//lib -o ../bin/dt.A.x dt.o DGraph.o ../common/c_print_results.o ../common/c_timers.o ../common/c_randdp.o -lsimgrid -lgfortran 
/usr/bin/ld: DGraph.o: relocation R_X86_64_32 against `.rodata.str1.1' can not be used when making a shared object; recompile with -fPIC
/usr/bin/ld: ../common/c_print_results.o: relocation R_X86_64_32 against `.rodata.str1.1' can not be used when making a shared object; recompile with -fPIC
/usr/bin/ld: ../common/c_timers.o: relocation R_X86_64_32S against undefined symbol `elapsed' can not be used when making a shared object; recompile with -fPIC
/usr/bin/ld: final link failed: Nonrepresentable section on output
collect2: error: ld returned 1 exit status
Makefile:16: recipe for target '../bin/dt.A.256' failed
make[1]: *** [../bin/dt.A.256] Error 1
make[1]: Leaving directory '/home/huyao/simgrid-template/MpiEnv/bench/NPB3.3.1/NPB3.3-MPI/DT'
Makefile:45: recipe for target 'dt' failed
make: *** [dt] Error 2
