make lu CLASS=A NPROCS=256
   =========================================
   =      NAS Parallel Benchmarks 3.3      =
   =      MPI/F77/C                        =
   =========================================

cd LU; make NPROCS=256 CLASS=A VERSION=
make[1]: Entering directory '/home/huyao/simgrid-template/MpiEnv/bench/NPB3.3.1/NPB3.3-MPI/LU'
make[2]: Entering directory '/home/huyao/simgrid-template/MpiEnv/bench/NPB3.3.1/NPB3.3-MPI/sys'
cc -g  -o setparams setparams.c
make[2]: Leaving directory '/home/huyao/simgrid-template/MpiEnv/bench/NPB3.3.1/NPB3.3-MPI/sys'
../sys/setparams lu 256 A 
make[2]: Entering directory '/home/huyao/simgrid-template/MpiEnv/bench/NPB3.3.1/NPB3.3-MPI/LU'
make.def modified. Rebuilding npbparams.h just in case
rm -f npbparams.h
../sys/setparams lu 256 A 
/home/huyao/simgrid-template/MpiEnv/bench/NPB3.3.1/NPB3.3-MPI/LU/../../../..//simgrid/inst//bin/smpiff -c -I/home/huyao/simgrid-template/MpiEnv/bench/NPB3.3.1/NPB3.3-MPI/LU/../../../..//simgrid/inst//include/smpi/ -O lu.f
/home/huyao/simgrid-template/MpiEnv/bench/NPB3.3.1/NPB3.3-MPI/LU/../../../..//simgrid/inst//bin/smpiff -c -I/home/huyao/simgrid-template/MpiEnv/bench/NPB3.3.1/NPB3.3-MPI/LU/../../../..//simgrid/inst//include/smpi/ -O init_comm.f
/home/huyao/simgrid-template/MpiEnv/bench/NPB3.3.1/NPB3.3-MPI/LU/../../../..//simgrid/inst//bin/smpiff -c -I/home/huyao/simgrid-template/MpiEnv/bench/NPB3.3.1/NPB3.3-MPI/LU/../../../..//simgrid/inst//include/smpi/ -O read_input.f
/home/huyao/simgrid-template/MpiEnv/bench/NPB3.3.1/NPB3.3-MPI/LU/../../../..//simgrid/inst//bin/smpiff -c -I/home/huyao/simgrid-template/MpiEnv/bench/NPB3.3.1/NPB3.3-MPI/LU/../../../..//simgrid/inst//include/smpi/ -O bcast_inputs.f
/home/huyao/simgrid-template/MpiEnv/bench/NPB3.3.1/NPB3.3-MPI/LU/../../../..//simgrid/inst//bin/smpiff -c -I/home/huyao/simgrid-template/MpiEnv/bench/NPB3.3.1/NPB3.3-MPI/LU/../../../..//simgrid/inst//include/smpi/ -O proc_grid.f
/home/huyao/simgrid-template/MpiEnv/bench/NPB3.3.1/NPB3.3-MPI/LU/../../../..//simgrid/inst//bin/smpiff -c -I/home/huyao/simgrid-template/MpiEnv/bench/NPB3.3.1/NPB3.3-MPI/LU/../../../..//simgrid/inst//include/smpi/ -O neighbors.f
/home/huyao/simgrid-template/MpiEnv/bench/NPB3.3.1/NPB3.3-MPI/LU/../../../..//simgrid/inst//bin/smpiff -c -I/home/huyao/simgrid-template/MpiEnv/bench/NPB3.3.1/NPB3.3-MPI/LU/../../../..//simgrid/inst//include/smpi/ -O subdomain.f
/home/huyao/simgrid-template/MpiEnv/bench/NPB3.3.1/NPB3.3-MPI/LU/../../../..//simgrid/inst//bin/smpiff -c -I/home/huyao/simgrid-template/MpiEnv/bench/NPB3.3.1/NPB3.3-MPI/LU/../../../..//simgrid/inst//include/smpi/ -O setcoeff.f
/home/huyao/simgrid-template/MpiEnv/bench/NPB3.3.1/NPB3.3-MPI/LU/../../../..//simgrid/inst//bin/smpiff -c -I/home/huyao/simgrid-template/MpiEnv/bench/NPB3.3.1/NPB3.3-MPI/LU/../../../..//simgrid/inst//include/smpi/ -O setbv.f
/home/huyao/simgrid-template/MpiEnv/bench/NPB3.3.1/NPB3.3-MPI/LU/../../../..//simgrid/inst//bin/smpiff -c -I/home/huyao/simgrid-template/MpiEnv/bench/NPB3.3.1/NPB3.3-MPI/LU/../../../..//simgrid/inst//include/smpi/ -O exact.f
/home/huyao/simgrid-template/MpiEnv/bench/NPB3.3.1/NPB3.3-MPI/LU/../../../..//simgrid/inst//bin/smpiff -c -I/home/huyao/simgrid-template/MpiEnv/bench/NPB3.3.1/NPB3.3-MPI/LU/../../../..//simgrid/inst//include/smpi/ -O setiv.f
/home/huyao/simgrid-template/MpiEnv/bench/NPB3.3.1/NPB3.3-MPI/LU/../../../..//simgrid/inst//bin/smpiff -c -I/home/huyao/simgrid-template/MpiEnv/bench/NPB3.3.1/NPB3.3-MPI/LU/../../../..//simgrid/inst//include/smpi/ -O erhs.f
/home/huyao/simgrid-template/MpiEnv/bench/NPB3.3.1/NPB3.3-MPI/LU/../../../..//simgrid/inst//bin/smpiff -c -I/home/huyao/simgrid-template/MpiEnv/bench/NPB3.3.1/NPB3.3-MPI/LU/../../../..//simgrid/inst//include/smpi/ -O ssor.f
/home/huyao/simgrid-template/MpiEnv/bench/NPB3.3.1/NPB3.3-MPI/LU/../../../..//simgrid/inst//bin/smpiff -c -I/home/huyao/simgrid-template/MpiEnv/bench/NPB3.3.1/NPB3.3-MPI/LU/../../../..//simgrid/inst//include/smpi/ -O exchange_1.f
/home/huyao/simgrid-template/MpiEnv/bench/NPB3.3.1/NPB3.3-MPI/LU/../../../..//simgrid/inst//bin/smpiff -c -I/home/huyao/simgrid-template/MpiEnv/bench/NPB3.3.1/NPB3.3-MPI/LU/../../../..//simgrid/inst//include/smpi/ -O exchange_3.f
/home/huyao/simgrid-template/MpiEnv/bench/NPB3.3.1/NPB3.3-MPI/LU/../../../..//simgrid/inst//bin/smpiff -c -I/home/huyao/simgrid-template/MpiEnv/bench/NPB3.3.1/NPB3.3-MPI/LU/../../../..//simgrid/inst//include/smpi/ -O exchange_4.f
/home/huyao/simgrid-template/MpiEnv/bench/NPB3.3.1/NPB3.3-MPI/LU/../../../..//simgrid/inst//bin/smpiff -c -I/home/huyao/simgrid-template/MpiEnv/bench/NPB3.3.1/NPB3.3-MPI/LU/../../../..//simgrid/inst//include/smpi/ -O exchange_5.f
/home/huyao/simgrid-template/MpiEnv/bench/NPB3.3.1/NPB3.3-MPI/LU/../../../..//simgrid/inst//bin/smpiff -c -I/home/huyao/simgrid-template/MpiEnv/bench/NPB3.3.1/NPB3.3-MPI/LU/../../../..//simgrid/inst//include/smpi/ -O exchange_6.f
/home/huyao/simgrid-template/MpiEnv/bench/NPB3.3.1/NPB3.3-MPI/LU/../../../..//simgrid/inst//bin/smpiff -c -I/home/huyao/simgrid-template/MpiEnv/bench/NPB3.3.1/NPB3.3-MPI/LU/../../../..//simgrid/inst//include/smpi/ -O rhs.f
/home/huyao/simgrid-template/MpiEnv/bench/NPB3.3.1/NPB3.3-MPI/LU/../../../..//simgrid/inst//bin/smpiff -c -I/home/huyao/simgrid-template/MpiEnv/bench/NPB3.3.1/NPB3.3-MPI/LU/../../../..//simgrid/inst//include/smpi/ -O jacld.f
/home/huyao/simgrid-template/MpiEnv/bench/NPB3.3.1/NPB3.3-MPI/LU/../../../..//simgrid/inst//bin/smpiff -c -I/home/huyao/simgrid-template/MpiEnv/bench/NPB3.3.1/NPB3.3-MPI/LU/../../../..//simgrid/inst//include/smpi/ -O jacu.f
/home/huyao/simgrid-template/MpiEnv/bench/NPB3.3.1/NPB3.3-MPI/LU/../../../..//simgrid/inst//bin/smpiff -c -I/home/huyao/simgrid-template/MpiEnv/bench/NPB3.3.1/NPB3.3-MPI/LU/../../../..//simgrid/inst//include/smpi/ -O error.f
/home/huyao/simgrid-template/MpiEnv/bench/NPB3.3.1/NPB3.3-MPI/LU/../../../..//simgrid/inst//bin/smpiff -c -I/home/huyao/simgrid-template/MpiEnv/bench/NPB3.3.1/NPB3.3-MPI/LU/../../../..//simgrid/inst//include/smpi/ -O pintgr.f
/home/huyao/simgrid-template/MpiEnv/bench/NPB3.3.1/NPB3.3-MPI/LU/../../../..//simgrid/inst//bin/smpiff -c -I/home/huyao/simgrid-template/MpiEnv/bench/NPB3.3.1/NPB3.3-MPI/LU/../../../..//simgrid/inst//include/smpi/ -O verify.f
/home/huyao/simgrid-template/MpiEnv/bench/NPB3.3.1/NPB3.3-MPI/LU/../../../..//simgrid/inst//bin/smpiff -O  -L/home/huyao/simgrid-template/MpiEnv/bench/NPB3.3.1/NPB3.3-MPI/LU/../../../..//simgrid/inst//lib -o ../bin/lu.A.256 lu.o init_comm.o read_input.o bcast_inputs.o proc_grid.o neighbors.o nodedim.o subdomain.o setcoeff.o setbv.o exact.o setiv.o erhs.o ssor.o exchange_1.o exchange_3.o exchange_4.o exchange_5.o exchange_6.o rhs.o l2norm.o jacld.o blts.o jacu.o buts.o error.o pintgr.o verify.o ../common/print_results.o ../common/timers.o -lsimgrid -lgfortran 
/usr/bin/ld: l2norm.o: relocation R_X86_64_32 against `.rodata' can not be used when making a shared object; recompile with -fPIC
/usr/bin/ld: blts.o: relocation R_X86_64_32 against `.rodata' can not be used when making a shared object; recompile with -fPIC
/usr/bin/ld: buts.o: relocation R_X86_64_32 against `.rodata' can not be used when making a shared object; recompile with -fPIC
/usr/bin/ld: ../common/print_results.o: relocation R_X86_64_32S against `.rodata.str1.1' can not be used when making a shared object; recompile with -fPIC
/usr/bin/ld: ../common/timers.o: relocation R_X86_64_32S against undefined symbol `tt_' can not be used when making a shared object; recompile with -fPIC
/usr/bin/ld: nodedim.o: relocation R_X86_64_PC32 against symbol `log@@GLIBC_2.2.5' can not be used when making a shared object; recompile with -fPIC
/usr/bin/ld: final link failed: Bad value
collect2: error: ld returned 1 exit status
Makefile:37: recipe for target 'exec' failed
make[2]: *** [exec] Error 1
make[2]: Leaving directory '/home/huyao/simgrid-template/MpiEnv/bench/NPB3.3.1/NPB3.3-MPI/LU'
Makefile:28: recipe for target '../bin/lu.A.256' failed
make[1]: *** [../bin/lu.A.256] Error 2
make[1]: Leaving directory '/home/huyao/simgrid-template/MpiEnv/bench/NPB3.3.1/NPB3.3-MPI/LU'
Makefile:21: recipe for target 'lu' failed
make: *** [lu] Error 2
