/home/huyao/simgrid-template/MpiEnv/config/golfgraph/../../../MpiEnv/../MpiEnv/simgrid/inst/bin//smpirun -np 256  --cfg=smpi/privatize_global_variables:yes -platform /home/huyao/simgrid-template/MpiEnv/config/golfgraph/platforms/2_n256d8g.xml -hostfile /home/huyao/simgrid-template/MpiEnv/config/golfgraph/platforms/2_n256d8g.txt  /tmp/mpienv_bt.B.25620210621-46692-7myi4d/bt.B.256  
[0.000000] [xbt_cfg/INFO] Configuration change: Set 'surf/precision' to '1e-9'
[0.000000] [xbt_cfg/INFO] Configuration change: Set 'network/model' to 'SMPI'
[0.000000] [xbt_cfg/INFO] Configuration change: Set 'network/TCP_gamma' to '4194304'
[0.000000] [xbt_cfg/INFO] Configuration change: Set 'smpi/privatize_global_variables' to 'yes'
[0.000000] [xbt_cfg/INFO] Configuration change: Set 'cpu/optim' to 'Lazy'
[0.000000] [xbt_cfg/INFO] Configuration change: Set 'maxmin/precision' to '1e-4'
[0.000000] [xbt_cfg/INFO] Configuration change: Set 'smpi/coll_selector' to 'mvapich2'
[0.000000] [xbt_cfg/INFO] Configuration change: Set 'smpi/cpu_threshold' to '0.00000001'
[0.000000] [xbt_cfg/INFO] Configuration change: Set 'smpi/running_power' to '5000000000000.0'
[0.000000] [xbt_cfg/INFO] Configuration change: Set 'network/optim' to 'Lazy'
[0.000000] [xbt_cfg/INFO] Configuration change: Set 'smpi/display_timing' to '1'
[0.000000] [surf_parse/INFO] The custom configuration 'network/model' is already defined by user!
[0.000000] [surf_config/INFO] Switching workstation model to compound since you changed the network and/or cpu model(s)


 NAS Parallel Benchmarks 3.3 -- BT Benchmark 

 No input file inputbt.data. Using compiled defaults
 Size:  102x 102x 102
 Iterations:  200    dt:   0.0003000
 Number of active processes:   256

 Time step    1
 Time step   20
 Time step   40
 Time step   60
 Time step   80
 Time step  100
 Time step  120
 Time step  140
 Time step  160
 Time step  180
 Time step  200
 Verification being performed for class B
 accuracy setting for epsilon =  0.1000000000000E-07
 Comparison of RMS-norms of residual
           1 0.1423359722929E+04 0.1423359722929E+04 0.1038338282708E-13
           2 0.9933052259015E+02 0.9933052259015E+02 0.3719724944162E-14
           3 0.3564602564454E+03 0.3564602564454E+03 0.9408515120961E-14
           4 0.3248544795908E+03 0.3248544795908E+03 0.8574077622964E-14
           5 0.3270754125466E+04 0.3270754125466E+04 0.7507857822963E-14
 Comparison of RMS-norms of solution error
           1 0.5296984714094E+02 0.5296984714094E+02 0.3219383588718E-14
           2 0.4463289611567E+01 0.4463289611567E+01 0.1233777478358E-13
           3 0.1312257334221E+02 0.1312257334221E+02 0.8121990068913E-14
           4 0.1200692532356E+02 0.1200692532356E+02 0.9468438809938E-14
           5 0.1245957615104E+03 0.1245957615104E+03 0.1151962401318E-13
 Verification Successful


 BT Benchmark Completed.
 Class           =                        B
 Size            =            102x 102x 102
 Iterations      =                      200
 Time in seconds =                     0.37
 Total processes =                      256
 Compiled procs  =                      256
 Mop/s total     =               1883466.49
 Mop/s/process   =                  7357.29
 Operation type  =           floating point
 Verification    =               SUCCESSFUL
 Version         =                    3.3.1
 Compile date    =              21 Jun 2021

 Compile options:
    MPIF77       = ${SIMGRID_PATH}/bin/smpiff
    FLINK        = $(MPIF77)
    FMPI_LIB     = -lsimgrid -lgfortran #-lsmpi -lgras  
    FMPI_INC     = -I${SIMGRID_PATH}/include/smpi/
    FFLAGS       = -O
    FLINKFLAGS   = -O  -L${SIMGRID_PATH}/lib
    RAND         = (none)


 Please send feedbacks and/or the results of this run to:

 NPB Development Team 
 Internet: npb@nas.nasa.gov


[0.375211] [smpi_kernel/INFO] Simulated time: 0.375211 seconds. 
 The simulation took 6392.99 seconds (after parsing and platform setup)
1316.03 seconds were actual computation of the application
