/home/huyao/simgrid-template/MpiEnv/config/golfgraph/../../../MpiEnv/../MpiEnv/simgrid/inst/bin//smpirun -np 256  --cfg=smpi/privatize_global_variables:yes -platform /home/huyao/simgrid-template/MpiEnv/config/golfgraph/platforms/2_n256d4g.xml -hostfile /home/huyao/simgrid-template/MpiEnv/config/golfgraph/platforms/2_n256d4g.txt  /tmp/mpienv_dt.B.x20210621-46692-18qhdxe/dt.B.x  WH
[0.000000] [xbt_cfg/INFO] Configuration change: Set 'surf/precision' to '1e-9'
[0.000000] [xbt_cfg/INFO] Configuration change: Set 'network/model' to 'SMPI'
[0.000000] [xbt_cfg/INFO] Configuration change: Set 'network/TCP_gamma' to '4194304'
[0.000000] [xbt_cfg/INFO] Configuration change: Set 'smpi/privatize_global_variables' to 'yes'
[0.000000] [xbt_cfg/INFO] Configuration change: Set 'cpu/optim' to 'Lazy'
[0.000000] [xbt_cfg/INFO] Configuration change: Set 'maxmin/precision' to '1e-4'
[0.000000] [xbt_cfg/INFO] Configuration change: Set 'smpi/coll_selector' to 'mvapich2'
[0.000000] [xbt_cfg/INFO] Configuration change: Set 'smpi/cpu_threshold' to '0.00000001'
[0.000000] [xbt_cfg/INFO] Configuration change: Set 'smpi/running_power' to '5000000000000.0'
[0.000000] [xbt_cfg/INFO] Configuration change: Set 'network/optim' to 'Lazy'
[0.000000] [xbt_cfg/INFO] Configuration change: Set 'smpi/display_timing' to '1'
[0.000000] [surf_parse/INFO] The custom configuration 'network/model' is already defined by user!
[0.000000] [surf_config/INFO] Switching workstation model to compound since you changed the network and/or cpu model(s)
0.DT_WH.B: (43,42)
 DT_WH.B L2 Norm = 7877279917.000000
 No verification was performed.
[0.005313] [smpi_kernel/INFO] Simulated time: 0.0053132 seconds. 
 The simulation took 4.26713 seconds (after parsing and platform setup)
2.73148 seconds were actual computation of the application


 NAS Parallel Benchmarks 3.3 -- DT Benchmark



 DT_WH.B Benchmark Completed
 Class           =                        B
 Size            =                  3538944
 Iterations      =                       43
 Time in seconds =                     0.01
 Total processes =                      256
 Mop/s total     =                 26678.82
 Mop/s/process   =                   104.21
 Operation type  =        bytes transmitted
 Verification    =               SUCCESSFUL
 Version         =                    3.3.1
 Compile date    =              21 Jun 2021

 Compile options:
    MPICC        = ${SIMGRID_PATH}/bin/smpicc
    CLINK        = $(MPICC)
    CMPI_LIB     = -lsimgrid -lgfortran #-lsmpi -lgras  
    CMPI_INC     = -I${SIMGRID_PATH}/include/smpi/
    CFLAGS       = -O
    CLINKFLAGS   = -O -L${SIMGRID_PATH}/lib


 Please send feedbacks and/or the results of this run to:

 NPB Development Team
 npb@nas.nasa.gov


