/home/huyao/simgrid-template/MpiEnv/config/golfgraph/../../../MpiEnv/../MpiEnv/simgrid/inst/bin//smpirun -np 256  --cfg=smpi/privatize_global_variables:yes -platform /home/huyao/simgrid-template/MpiEnv/config/golfgraph/platforms/2_n256d4g.xml -hostfile /home/huyao/simgrid-template/MpiEnv/config/golfgraph/platforms/2_n256d4g.txt  /tmp/mpienv_ft.A.25620210621-46692-1gt5pyc/ft.A.256  
[0.000000] [xbt_cfg/INFO] Configuration change: Set 'surf/precision' to '1e-9'
[0.000000] [xbt_cfg/INFO] Configuration change: Set 'network/model' to 'SMPI'
[0.000000] [xbt_cfg/INFO] Configuration change: Set 'network/TCP_gamma' to '4194304'
[0.000000] [xbt_cfg/INFO] Configuration change: Set 'smpi/privatize_global_variables' to 'yes'
[0.000000] [xbt_cfg/INFO] Configuration change: Set 'cpu/optim' to 'Lazy'
[0.000000] [xbt_cfg/INFO] Configuration change: Set 'maxmin/precision' to '1e-4'
[0.000000] [xbt_cfg/INFO] Configuration change: Set 'smpi/coll_selector' to 'mvapich2'
[0.000000] [xbt_cfg/INFO] Configuration change: Set 'smpi/cpu_threshold' to '0.00000001'
[0.000000] [xbt_cfg/INFO] Configuration change: Set 'smpi/running_power' to '5000000000000.0'
[0.000000] [xbt_cfg/INFO] Configuration change: Set 'network/optim' to 'Lazy'
[0.000000] [xbt_cfg/INFO] Configuration change: Set 'smpi/display_timing' to '1'
[0.000000] [surf_parse/INFO] The custom configuration 'network/model' is already defined by user!
[0.000000] [surf_config/INFO] Switching workstation model to compound since you changed the network and/or cpu model(s)


 NAS Parallel Benchmarks 3.3 -- FT Benchmark

 No input file inputft.data. Using compiled defaults
 Size                :  256x 256x 128
 Iterations          :              6
 Number of processes :            256
 Processor array     :       128x   2
 Layout type         :             2D
 Initialization time =   3.4903660832826793E-003
 T =    1     Checksum =    5.046735008193D+02    5.114047905510D+02
 T =    2     Checksum =    5.059412319734D+02    5.098809666433D+02
 T =    3     Checksum =    5.069376896287D+02    5.098144042213D+02
 T =    4     Checksum =    5.077892868474D+02    5.101336130759D+02
 T =    5     Checksum =    5.085233095391D+02    5.104914655194D+02
 T =    6     Checksum =    5.091487099959D+02    5.107917842803D+02
 Result verification successful
 class = A


 FT Benchmark Completed.
 Class           =                        A
 Size            =            256x 256x 128
 Iterations      =                        6
 Time in seconds =                     0.02
 Total processes =                      256
 Compiled procs  =                      256
 Mop/s total     =                314918.80
 Mop/s/process   =                  1230.15
 Operation type  =           floating point
 Verification    =               SUCCESSFUL
 Version         =                    3.3.1
 Compile date    =              21 Jun 2021

 Compile options:
    MPIF77       = ${SIMGRID_PATH}/bin/smpiff
    FLINK        = $(MPIF77)
    FMPI_LIB     = -lsimgrid -lgfortran #-lsmpi -lgras  
    FMPI_INC     = -I${SIMGRID_PATH}/include/smpi/
    FFLAGS       = -O
    FLINKFLAGS   = -O  -L${SIMGRID_PATH}/lib
    RAND         = randi8


 Please send feedbacks and/or the results of this run to:

 NPB Development Team 
 Internet: npb@nas.nasa.gov


[0.026198] [smpi_kernel/INFO] Simulated time: 0.0261976 seconds. 
 The simulation took 222.048 seconds (after parsing and platform setup)
18.9253 seconds were actual computation of the application
