/home/huyao/simgrid-template/MpiEnv/config/golfgraph/../../../MpiEnv/../MpiEnv/simgrid/inst/bin//smpirun -np 256  --cfg=smpi/privatize_global_variables:yes -platform /home/huyao/simgrid-template/MpiEnv/config/golfgraph/platforms/2_n256d8g.xml -hostfile /home/huyao/simgrid-template/MpiEnv/config/golfgraph/platforms/2_n256d8g.txt  /tmp/mpienv_graph500_mpi_replicated20210622-13077-rzw8n9/graph500_mpi_replicated   16 16 
[0.000000] [xbt_cfg/INFO] Configuration change: Set 'surf/precision' to '1e-9'
[0.000000] [xbt_cfg/INFO] Configuration change: Set 'network/model' to 'SMPI'
[0.000000] [xbt_cfg/INFO] Configuration change: Set 'network/TCP_gamma' to '4194304'
[0.000000] [xbt_cfg/INFO] Configuration change: Set 'smpi/privatize_global_variables' to 'yes'
[0.000000] [xbt_cfg/INFO] Configuration change: Set 'cpu/optim' to 'Lazy'
[0.000000] [xbt_cfg/INFO] Configuration change: Set 'maxmin/precision' to '1e-4'
[0.000000] [xbt_cfg/INFO] Configuration change: Set 'smpi/coll_selector' to 'mvapich2'
[0.000000] [xbt_cfg/INFO] Configuration change: Set 'smpi/cpu_threshold' to '0.00000001'
[0.000000] [xbt_cfg/INFO] Configuration change: Set 'smpi/running_power' to '5000000000000.0'
[0.000000] [xbt_cfg/INFO] Configuration change: Set 'network/optim' to 'Lazy'
[0.000000] [xbt_cfg/INFO] Configuration change: Set 'smpi/display_timing' to '1'
[0.000000] [surf_parse/INFO] The custom configuration 'network/model' is already defined by user!
[0.000000] [surf_config/INFO] Switching workstation model to compound since you changed the network and/or cpu model(s)
graph_generation:               0.007511 s
construction_time:              0.000574 s
Running BFS 0
Time for BFS 0 is 0.000720
Running BFS 1
Time for BFS 1 is 0.000720
Running BFS 2
Time for BFS 2 is 0.000720
Running BFS 3
Time for BFS 3 is 0.000720
Running BFS 4
Time for BFS 4 is 0.000720
Running BFS 5
Time for BFS 5 is 0.000720
Running BFS 6
Time for BFS 6 is 0.000593
Running BFS 7
Time for BFS 7 is 0.000720
Running BFS 8
Time for BFS 8 is 0.000720
Running BFS 9
Time for BFS 9 is 0.000720
Running BFS 10
Time for BFS 10 is 0.000846
Running BFS 11
Time for BFS 11 is 0.000720
Running BFS 12
Time for BFS 12 is 0.000593
Running BFS 13
Time for BFS 13 is 0.000720
Running BFS 14
Time for BFS 14 is 0.000720
Running BFS 15
Time for BFS 15 is 0.000720
Running BFS 16
Time for BFS 16 is 0.000720
Running BFS 17
Time for BFS 17 is 0.000720
Running BFS 18
Time for BFS 18 is 0.000720
Running BFS 19
Time for BFS 19 is 0.000720
Running BFS 20
Time for BFS 20 is 0.000720
Running BFS 21
Time for BFS 21 is 0.000720
Running BFS 22
Time for BFS 22 is 0.000593
Running BFS 23
Time for BFS 23 is 0.000720
Running BFS 24
Time for BFS 24 is 0.000720
Running BFS 25
Time for BFS 25 is 0.000720
Running BFS 26
Time for BFS 26 is 0.000720
Running BFS 27
Time for BFS 27 is 0.000720
Running BFS 28
Time for BFS 28 is 0.000720
Running BFS 29
Time for BFS 29 is 0.000720
Running BFS 30
Time for BFS 30 is 0.000846
Running BFS 31
Time for BFS 31 is 0.000720
Running BFS 32
Time for BFS 32 is 0.000720
Running BFS 33
Time for BFS 33 is 0.000720
Running BFS 34
Time for BFS 34 is 0.000720
Running BFS 35
Time for BFS 35 is 0.000720
Running BFS 36
Time for BFS 36 is 0.000720
Running BFS 37
Time for BFS 37 is 0.000720
Running BFS 38
Time for BFS 38 is 0.000593
Running BFS 39
Time for BFS 39 is 0.000720
Running BFS 40
Time for BFS 40 is 0.000720
Running BFS 41
Time for BFS 41 is 0.000720
Running BFS 42
Time for BFS 42 is 0.000720
Running BFS 43
Time for BFS 43 is 0.000720
Running BFS 44
Time for BFS 44 is 0.000720
Running BFS 45
Time for BFS 45 is 0.000720
Running BFS 46
Time for BFS 46 is 0.000720
Running BFS 47
Time for BFS 47 is 0.000720
Running BFS 48
Time for BFS 48 is 0.000720
Running BFS 49
Time for BFS 49 is 0.000720
Running BFS 50
Time for BFS 50 is 0.000720
Running BFS 51
Time for BFS 51 is 0.000720
Running BFS 52
Time for BFS 52 is 0.000720
Running BFS 53
Time for BFS 53 is 0.000720
Running BFS 54
Time for BFS 54 is 0.000593
Running BFS 55
Time for BFS 55 is 0.000720
Running BFS 56
Time for BFS 56 is 0.000720
Running BFS 57
Time for BFS 57 is 0.000720
Running BFS 58
Time for BFS 58 is 0.000720
Running BFS 59
Time for BFS 59 is 0.000593
Running BFS 60
Time for BFS 60 is 0.000720
Running BFS 61
Time for BFS 61 is 0.000720
Running BFS 62
Time for BFS 62 is 0.000720
Running BFS 63
Time for BFS 63 is 0.000720
[0.053695] [smpi_kernel/INFO] Simulated time: 0.0536954 seconds. 
 The simulation took 26742.6 seconds (after parsing and platform setup)
1005.85 seconds were actual computation of the application
SCALE:                          16
edgefactor:                     16
NBFS:                           64
graph_generation:               0.00751117
num_mpi_processes:              256
construction_time:              0.000573552
min_time:                       0.000592588
firstquartile_time:             0.000719541
median_time:                    0.000719541
thirdquartile_time:             0.000719541
max_time:                       0.000846494
mean_time:                      0.000711607
stddev_time:                    4.45269e-05
min_nedge:                      1
firstquartile_nedge:            1
median_nedge:                   1
thirdquartile_nedge:            1
max_nedge:                      1
mean_nedge:                     1
stddev_nedge:                   0
min_TEPS:                       1181.34
firstquartile_TEPS:             1389.77
median_TEPS:                    1389.77
thirdquartile_TEPS:             1389.77
max_TEPS:                       1687.51
harmonic_mean_TEPS:             1405.27
harmonic_stddev_TEPS:           11.0783
min_validate:                   -1
firstquartile_validate:         -1
median_validate:                -1
thirdquartile_validate:         -1
max_validate:                   -1
mean_validate:                  -1
stddev_validate:                0
