/home/huyao/simgrid-template/MpiEnv/config/golfgraph/../../../MpiEnv/../MpiEnv/simgrid/inst/bin//smpirun -np 256  --cfg=smpi/privatize_global_variables:yes -platform /home/huyao/simgrid-template/MpiEnv/config/golfgraph/platforms/2_torus-4-4-4-4.xml -hostfile /home/huyao/simgrid-template/MpiEnv/config/golfgraph/platforms/2_torus-4-4-4-4.txt  /tmp/mpienv_graph500_mpi_replicated20210621-16858-1m0b0ha/graph500_mpi_replicated   16 16 
[0.000000] [xbt_cfg/INFO] Configuration change: Set 'surf/precision' to '1e-9'
[0.000000] [xbt_cfg/INFO] Configuration change: Set 'network/model' to 'SMPI'
[0.000000] [xbt_cfg/INFO] Configuration change: Set 'network/TCP_gamma' to '4194304'
[0.000000] [xbt_cfg/INFO] Configuration change: Set 'smpi/privatize_global_variables' to 'yes'
[0.000000] [xbt_cfg/INFO] Configuration change: Set 'cpu/optim' to 'Lazy'
[0.000000] [xbt_cfg/INFO] Configuration change: Set 'maxmin/precision' to '1e-4'
[0.000000] [xbt_cfg/INFO] Configuration change: Set 'smpi/coll_selector' to 'mvapich2'
[0.000000] [xbt_cfg/INFO] Configuration change: Set 'smpi/cpu_threshold' to '0.00000001'
[0.000000] [xbt_cfg/INFO] Configuration change: Set 'smpi/running_power' to '5000000000000.0'
[0.000000] [xbt_cfg/INFO] Configuration change: Set 'network/optim' to 'Lazy'
[0.000000] [xbt_cfg/INFO] Configuration change: Set 'smpi/display_timing' to '1'
[0.000000] [surf_parse/INFO] The custom configuration 'network/model' is already defined by user!
[0.000000] [surf_config/INFO] Switching workstation model to compound since you changed the network and/or cpu model(s)
graph_generation:               0.023503 s
construction_time:              0.000993 s
Running BFS 0
Time for BFS 0 is 0.002690
Running BFS 1
Time for BFS 1 is 0.002690
Running BFS 2
Time for BFS 2 is 0.002690
Running BFS 3
[