/home/huyao/simgrid-template/MpiEnv/config/golfgraph/../../../MpiEnv/../MpiEnv/simgrid/inst/bin//smpirun -np 256  --cfg=smpi/privatize_global_variables:yes -platform /home/huyao/simgrid-template/MpiEnv/config/golfgraph/platforms/2_n256d4r.xml -hostfile /home/huyao/simgrid-template/MpiEnv/config/golfgraph/platforms/2_n256d4r.txt  /tmp/mpienv_is.A.25620210621-46692-1165qxy/is.A.256  
[0.000000] [xbt_cfg/INFO] Configuration change: Set 'surf/precision' to '1e-9'
[0.000000] [xbt_cfg/INFO] Configuration change: Set 'network/model' to 'SMPI'
[0.000000] [xbt_cfg/INFO] Configuration change: Set 'network/TCP_gamma' to '4194304'
[0.000000] [xbt_cfg/INFO] Configuration change: Set 'smpi/privatize_global_variables' to 'yes'
[0.000000] [xbt_cfg/INFO] Configuration change: Set 'cpu/optim' to 'Lazy'
[0.000000] [xbt_cfg/INFO] Configuration change: Set 'maxmin/precision' to '1e-4'
[0.000000] [xbt_cfg/INFO] Configuration change: Set 'smpi/coll_selector' to 'mvapich2'
[0.000000] [xbt_cfg/INFO] Configuration change: Set 'smpi/cpu_threshold' to '0.00000001'
[0.000000] [xbt_cfg/INFO] Configuration change: Set 'smpi/running_power' to '5000000000000.0'
[0.000000] [xbt_cfg/INFO] Configuration change: Set 'network/optim' to 'Lazy'
[0.000000] [xbt_cfg/INFO] Configuration change: Set 'smpi/display_timing' to '1'
[0.000000] [surf_parse/INFO] The custom configuration 'network/model' is already defined by user!
[0.000000] [surf_config/INFO] Switching workstation model to compound since you changed the network and/or cpu model(s)


 NAS Parallel Benchmarks 3.3 -- IS Benchmark

 Size:  8388608  (class A)
 Iterations:   10
 Number of processes:     256

   iteration
        1
Insert (1,0.000201424)
Insert (1,0.000201424)
Insert (1,0.000201424)
Insert (1,0.000201424)
Insert (1,0.000201424)
Insert (1,0.000201424)
Insert (1,0.000201424)
Insert (1,0.000201424)
Insert (1,0.000201424)
Insert (1,0.000201424)
Insert (1,0.000201424)
Insert (1,0.000201424)
Insert (1,0.000201424)
Insert (1,0.000201424)
Insert (1,0.000201424)
Insert (1,0.000201424)
Insert (1,0.000201424)
Insert (1,0.000201424)
Insert (1,0.000201424)
Insert (1,0.000201424)
Insert (1,0.000201424)
Insert (1,0.000201424)
Insert (1,0.000201424)
Insert (1,0.000201424)
Insert (1,0.000201424)
Insert (1,0.000201424)
Insert (1,0.000201424)
Insert (1,0.000201424)
Insert (1,0.000201424)
Insert (1,0.000201424)
Insert (1,0.000201424)
Insert (1,0.000201424)
Insert (1,0.000201424)
Insert (1,0.000201424)
Insert (1,0.000201424)
Insert (1,0.000201424)
Insert (1,0.000201424)
Insert (1,0.000201424)
Insert (1,0.000201424)
Insert (1,0.000201424)
Insert (1,0.000201424)
Insert (1,0.000201424)
Insert (1,0.000201424)
Insert (1,0.000201424)
Insert (1,0.000201424)
Insert (1,0.000201424)
Insert (1,0.000201424)
Insert (1,0.000201424)
Insert (1,0.000201424)
Insert (1,0.000201424)
Insert (1,0.000201424)
Insert (1,0.000201424)
Insert (1,0.000201424)
Insert (1,0.000201424)
Insert (1,0.000201424)
Insert (1,0.000201424)
        2
Insert (1,0.000201424)
Insert (1,0.000201424)
Insert (1,0.000201424)
Insert (1,0.000201424)
Insert (1,0.000201424)
Insert (1,0.000201424)
Insert (1,0.000201424)
Insert (1,0.000201424)
Insert (1,0.000201424)
Insert (1,0.000201424)
Insert (1,0.000201424)
Insert (1,0.000201424)
Insert (1,0.000201424)
Insert (1,0.000201424)
Insert (1,0.000201424)
Insert (1,0.000201424)
Insert (1,0.000201424)
Insert (1,0.000201424)
Insert (1,0.000201424)
Insert (1,0.000201424)
Insert (1,0.000201424)
Insert (1,0.000201424)
Insert (1,0.000201424)
Insert (1,0.000201424)
Insert (1,0.000201424)
Insert (1,0.000201424)
Insert (1,0.000201424)
Insert (1,0.000201424)
Insert (1,0.000201424)
Insert (1,0.000201424)
Insert (1,0.000201424)
Insert (1,0.000201424)
Insert (1,0.000201424)
Insert (1,0.000201424)
Insert (1,0.000201424)
Insert (1,0.000201424)
Insert (1,0.000201424)
Insert (1,0.000201424)
Insert (1,0.000201424)
Insert (1,0.000201424)
Insert (1,0.000201424)
Insert (1,0.000201424)
Insert (1,0.000201424)
Insert (1,0.000201424)
Insert (1,0.000201424)
Insert (1,0.000201424)
Insert (1,0.000201424)
Insert (1,0.000201424)
Insert (1,0.000201424)
Insert (1,0.000201424)
Insert (1,0.000201424)
Insert (1,0.000201424)
Insert (1,0.000201424)
Insert (1,0.000201424)
Insert (1,0.000201424)
Insert (1,0.000201424)
Insert (1,0.000201424)
Insert (1,0.000201424)
Insert (1,0.000201424)
Insert (1,0.000201424)
Insert (1,0.000201424)
Insert (1,0.000201424)
Insert (1,0.000201424)
Insert (1,0.000201424)
Insert (1,0.000201424)
Insert (1,0.000201424)
Insert (1,0.000201424)
Insert (1,0.000201424)
Insert (1,0.000201424)
Insert (1,0.000201424)
Insert (1,0.000201424)
Insert (1,0.000201424)
Insert (1,0.000201424)
Insert (1,0.000201424)
Insert (1,0.000201424)
Insert (1,0.000201424)
Insert (1,0.000201424)
Insert (1,0.000201424)
Insert (1,0.000201424)
Insert (1,0.000201424)
Insert (1,0.000201424)
Insert (1,0.000201424)
Insert (1,0.000201424)
Insert (1,0.000201424)
Insert (1,0.000201424)
Insert (1,0.000201424)
Insert (1,0.000201424)
Insert (1,0.000201424)
Insert (1,0.000201424)
Insert (1,0.000201424)
Insert (1,0.000201424)
Insert (1,0.000201424)
Insert (1,0.000201424)
Insert (1,0.000201424)
Insert (1,0.000201424)
Insert (1,0.000201424)
Insert (1,0.000201424)
Insert (1,0.000201424)
Insert (1,0.000201424)
Insert (1,0.000201424)
Insert (1,0.000201424)
Insert (1,0.000201424)
Insert (1,0.000201424)
Insert (1,0.000201424)
Insert (1,0.000201424)
Insert (1,0.000201424)
Insert (1,0.000201424)
Insert (1,0.000201424)
Insert (1,0.000201424)
Insert (1,0.000201424)
Insert (1,0.000201424)
Insert (1,0.000201424)
Insert (1,0.000201424)
Insert (1,0.000201424)
Insert (1,0.000201424)
Insert (1,0.000201424)
Insert (1,0.000201424)
Insert (1,0.000201424)
Insert (1,0.000201424)
Insert (1,0.000201424)
Insert (1,0.000201424)
Insert (1,0.000201424)
Insert (1,0.000201424)
Insert (1,0.000201424)
Insert (1,0.000201424)
Insert (1,0.000201424)
Insert (1,0.000201424)
Insert (1,0.000201424)
Insert (1,0.000201424)
Insert (1,0.000201424)
Insert (1,0.000201424)
Insert (1,0.000201424)
Insert (1,0.000201424)
Insert (1,0.000201424)
Insert (1,0.000201424)
Insert (1,0.000201424)
Insert (1,0.000201424)
Insert (1,0.000201424)
Insert (1,0.000201424)
Insert (1,0.000201424)
Insert (1,0.000201424)
Insert (1,0.000201424)
Insert (1,0.000201424)
Insert (1,0.000201424)
Insert (1,0.000201424)
Insert (1,0.000201424)
Insert (1,0.000201424)
Insert (1,0.000201424)
Insert (1,0.000201424)
Insert (1,0.000201424)
Insert (1,0.000201424)
Insert (1,0.000201424)
Insert (1,0.000201424)
Insert (1,0.000201424)
Insert (1,0.000201424)
Insert (1,0.000201424)
Insert (1,0.000201424)
Insert (1,0.000201424)
Insert (1,0.000201424)
Insert (1,0.000201424)
Insert (1,0.000201424)
Insert (1,0.000201424)
Insert (1,0.000201424)
Insert (1,0.000201424)
Insert (1,0.000201424)
Insert (1,0.000201424)
Insert (1,0.000201424)
Insert (1,0.000201424)
Insert (1,0.000201424)
Insert (1,0.000201424)
Insert (1,0.000201424)
Insert (1,0.000201424)
Insert (1,0.000201424)
Insert (1,0.000201424)
Insert (1,0.000201424)
Insert (1,0.000201424)
Insert (1,0.000201424)
Insert (1,0.000201424)
Insert (1,0.000201424)
Insert (1,0.000201424)
Insert (1,0.000201424)
Insert (1,0.000201424)
Insert (1,0.000201424)
Insert (1,0.000201424)
Insert (1,0.000201424)
Insert (1,0.000201424)
Insert (1,0.000201424)
Insert (1,0.000201424)
Insert (1,0.000201424)
Insert (1,0.000201424)
Insert (1,0.000201424)
Insert (1,0.000201424)
Insert (1,0.000201424)
Insert (1,0.000201424)
Insert (1,0.000201424)
Insert (1,0.000201424)
Insert (1,0.000201424)
Insert (1,0.000201424)
Insert (1,0.000201424)
Insert (1,0.000201424)
Insert (1,0.000201424)
Insert (1,0.000201424)
Insert (1,0.000201424)
Insert (1,0.000201424)
Insert (1,0.000201424)
Insert (1,0.000201424)
Insert (1,0.000201424)
Insert (1,0.000201424)
Insert (1,0.000201424)
Insert (1,0.000201424)
Insert (1,0.000201424)
Insert (1,0.000201424)
Insert (1,0.000201424)
Insert (1,0.000201424)
Insert (1,0.000201424)
Insert (1,0.000201424)
Insert (1,0.000201424)
Insert (1,0.000201424)
Insert (1,0.000201424)
Insert (1,0.000201424)
Insert (1,0.000201424)
Insert (1,0.000201424)
Insert (1,0.000201424)
Insert (1,0.000201424)
Insert (1,0.000201424)
Insert (1,0.000201424)
Insert (1,0.000201424)
Insert (1,0.000201424)
Insert (1,0.000201424)
Insert (1,0.000201424)
Insert (1,0.000201424)
Insert (1,0.000201424)
Insert (1,0.000201424)
Insert (1,0.000201424)
Insert (1,0.000201424)
Insert (1,0.000201424)
Insert (1,0.000201424)
Insert (1,0.000201424)
Insert (1,0.000201424)
Insert (1,0.000201424)
Insert (1,0.000201424)
Insert (1,0.000201424)
Insert (1,0.000201424)
Insert (1,0.000201424)
Insert (1,0.000201424)
Insert (1,0.000201424)
Insert (1,0.000201424)
Insert (1,0.000201424)
Insert (1,0.000201424)
Insert (1,0.000201424)
Insert (1,0.000201424)
Insert (1,0.000201424)
Insert (1,0.000201424)
Insert (1,0.000201424)
Insert (1,0.000201424)
Insert (1,0.000201424)
        3
Insert (1,0.000201424)
Insert (1,0.000201424)
Insert (1,0.000201424)
Insert (1,0.000201424)
Insert (1,0.000201424)
Insert (1,0.000201424)
Insert (1,0.000201424)
Insert (1,0.000201424)
Insert (1,0.000201424)
Insert (1,0.000201424)
Insert (1,0.000201424)
Insert (1,0.000201424)
Insert (1,0.000201424)
Insert (1,0.000201424)
Insert (1,0.000201424)
Insert (1,0.000201424)
Insert (1,0.000201424)
Insert (1,0.000201424)
Insert (1,0.000201424)
Insert (1,0.000201424)
Insert (1,0.000201424)
Insert (1,0.000201424)
Insert (1,0.000201424)
Insert (1,0.000201424)
Insert (1,0.000201424)
Insert (1,0.000201424)
Insert (1,0.000201424)
Insert (1,0.000201424)
Insert (1,0.000201424)
Insert (1,0.000201424)
Insert (1,0.000201424)
Insert (1,0.000201424)
Insert (1,0.000201424)
Insert (1,0.000201424)
Insert (1,0.000201424)
Insert (1,0.000201424)
Insert (1,0.000201424)
Insert (1,0.000201424)
Insert (1,0.000201424)
Insert (1,0.000201424)
Insert (1,0.000201424)
Insert (1,0.000201424)
Insert (1,0.000201424)
Insert (1,0.000201424)
Insert (1,0.000201424)
Insert (1,0.000201424)
Insert (1,0.000201424)
Insert (1,0.000201424)
Insert (1,0.000201424)
Insert (1,0.000201424)
Insert (1,0.000201424)
Insert (1,0.000201424)
Insert (1,0.000201424)
Insert (1,0.000201424)
Insert (1,0.000201424)
Insert (1,0.000201424)
Insert (1,0.000201424)
Insert (1,0.000201424)
Insert (1,0.000201424)
Insert (1,0.000201424)
Insert (1,0.000201424)
Insert (1,0.000201424)
Insert (1,0.000201424)
Insert (1,0.000201424)
Insert (1,0.000201424)
Insert (1,0.000201424)
Insert (1,0.000201424)
Insert (1,0.000201424)
Insert (1,0.000201424)
Insert (1,0.000201424)
Insert (1,0.000201424)
Insert (1,0.000201424)
Insert (1,0.000201424)
Insert (1,0.000201424)
Insert (1,0.000201424)
Insert (1,0.000201424)
Insert (1,0.000201424)
Insert (1,0.000201424)
Insert (1,0.000201424)
Insert (1,0.000201424)
Insert (1,0.000201424)
Insert (1,0.000201424)
Insert (1,0.000201424)
Insert (1,0.000201424)
Insert (1,0.000201424)
Insert (1,0.000201424)
Insert (1,0.000201424)
Insert (1,0.000201424)
Insert (1,0.000201424)
Insert (1,0.000201424)
Insert (1,0.000201424)
Insert (1,0.000201424)
Insert (1,0.000201424)
Insert (1,0.000201424)
Insert (1,0.000201424)
Insert (1,0.000201424)
Insert (1,0.000201424)
Insert (1,0.000201424)
Insert (1,0.000201424)
Insert (1,0.000201424)
Insert (1,0.000201424)
Insert (1,0.000201424)
Insert (1,0.000201424)
Insert (1,0.000201424)
Insert (1,0.000201424)
Insert (1,0.000201424)
Insert (1,0.000201424)
Insert (1,0.000201424)
Insert (1,0.000201424)
Insert (1,0.000201424)
Insert (1,0.000201424)
Insert (1,0.000201424)
Insert (1,0.000201424)
Insert (1,0.000201424)
Insert (1,0.000201424)
Insert (1,0.000201424)
Insert (1,0.000201424)
Insert (1,0.000201424)
Insert (1,0.000201424)
Insert (1,0.000201424)
Insert (1,0.000201424)
Insert (1,0.000201424)
Insert (1,0.000201424)
Insert (1,0.000201424)
Insert (1,0.000201424)
Insert (1,0.000201424)
Insert (1,0.000201424)
Insert (1,0.000201424)
Insert (1,0.000201424)
Insert (1,0.000201424)
Insert (1,0.000201424)
Insert (1,0.000201424)
Insert (1,0.000201424)
Insert (1,0.000201424)
Insert (1,0.000201424)
Insert (1,0.000201424)
Insert (1,0.000201424)
Insert (1,0.000201424)
Insert (1,0.000201424)
Insert (1,0.000201424)
Insert (1,0.000201424)
Insert (1,0.000201424)
Insert (1,0.000201424)
Insert (1,0.000201424)
Insert (1,0.000201424)
Insert (1,0.000201424)
Insert (1,0.000201424)
Insert (1,0.000201424)
Insert (1,0.000201424)
Insert (1,0.000201424)
Insert (1,0.000201424)
Insert (1,0.000201424)
Insert (1,0.000201424)
Insert (1,0.000201424)
Insert (1,0.000201424)
Insert (1,0.000201424)
Insert (1,0.000201424)
Insert (1,0.000201424)
Insert (1,0.000201424)
Insert (1,0.000201424)
Insert (1,0.000201424)
Insert (1,0.000201424)
Insert (1,0.000201424)
Insert (1,0.000201424)
Insert (1,0.000201424)
Insert (1,0.000201424)
Insert (1,0.000201424)
Insert (1,0.000201424)
Insert (1,0.000201424)
Insert (1,0.000201424)
Insert (1,0.000201424)
Insert (1,0.000201424)
Insert (1,0.000201424)
Insert (1,0.000201424)
Insert (1,0.000201424)
Insert (1,0.000201424)
Insert (1,0.000201424)
Insert (1,0.000201424)
Insert (1,0.000201424)
Insert (1,0.000201424)
Insert (1,0.000201424)
Insert (1,0.000201424)
Insert (1,0.000201424)
Insert (1,0.000201424)
Insert (1,0.000201424)
Insert (1,0.000201424)
Insert (1,0.000201424)
Insert (1,0.000201424)
Insert (1,0.000201424)
Insert (1,0.000201424)
Insert (1,0.000201424)
Insert (1,0.000201424)
Insert (1,0.000201424)
Insert (1,0.000201424)
Insert (1,0.000201424)
Insert (1,0.000201424)
Insert (1,0.000201424)
Insert (1,0.000201424)
Insert (1,0.000201424)
Insert (1,0.000201424)
Insert (1,0.000201424)
Insert (1,0.000201424)
Insert (1,0.000201424)
Insert (1,0.000201424)
Insert (1,0.000201424)
Insert (1,0.000201424)
Insert (1,0.000201424)
Insert (1,0.000201424)
Insert (1,0.000201424)
Insert (1,0.000201424)
Insert (1,0.000201424)
Insert (1,0.000201424)
Insert (1,0.000201424)
Insert (1,0.000201424)
Insert (1,0.000201424)
Insert (1,0.000201424)
Insert (1,0.000201424)
Insert (1,0.000201424)
Insert (1,0.000201424)
Insert (1,0.000201424)
Insert (1,0.000201424)
Insert (1,0.000201424)
Insert (1,0.000201424)
Insert (1,0.000201424)
Insert (1,0.000201424)
Insert (1,0.000201424)
Insert (1,0.000201424)
Insert (1,0.000201424)
Insert (1,0.000201424)
Insert (1,0.000201424)
Insert (1,0.000201424)
Insert (1,0.000201424)
Insert (1,0.000201424)
Insert (1,0.000201424)
Insert (1,0.000201424)
Insert (1,0.000201424)
Insert (1,0.000201424)
Insert (1,0.000201424)
Insert (1,0.000201424)
Insert (1,0.000201424)
Insert (1,0.000201424)
Insert (1,0.000201424)
Insert (1,0.000201424)
Insert (1,0.000201424)
Insert (1,0.000201424)
Insert (1,0.000201424)
Insert (1,0.000201424)
Insert (1,0.000201424)
Insert (1,0.000201424)
Insert (1,0.000201424)
Insert (1,0.000201424)
Insert (1,0.000201424)
Insert (1,0.000201424)
Insert (1,0.000201424)
Insert (1,0.000201424)
Insert (1,0.000201424)
        4
Insert (1,0.000201424)
Insert (1,0.000201424)
Insert (1,0.000201424)
Insert (1,0.000201424)
Insert (1,0.000201424)
Insert (1,0.000201424)
Insert (1,0.000201424)
Insert (1,0.000201424)
Insert (1,0.000201424)
Insert (1,0.000201424)
Insert (1,0.000201424)
Insert (1,0.000201424)
Insert (1,0.000201424)
Insert (1,0.000201424)
Insert (1,0.000201424)
Insert (1,0.000201424)
Insert (1,0.000201424)
Insert (1,0.000201424)
Insert (1,0.000201424)
Insert (1,0.000201424)
Insert (1,0.000201424)
Insert (1,0.000201424)
Insert (1,0.000201424)
Insert (1,0.000201424)
Insert (1,0.000201424)
Insert (1,0.000201424)
Insert (1,0.000201424)
Insert (1,0.000201424)
Insert (1,0.000201424)
Insert (1,0.000201424)
Insert (1,0.000201424)
Insert (1,0.000201424)
Insert (1,0.000201424)
Insert (1,0.000201424)
Insert (1,0.000201424)
Insert (1,0.000201424)
Insert (1,0.000201424)
Insert (1,0.000201424)
Insert (1,0.000201424)
Insert (1,0.000201424)
Insert (1,0.000201424)
Insert (1,0.000201424)
Insert (1,0.000201424)
Insert (1,0.000201424)
Insert (1,0.000201424)
Insert (1,0.000201424)
Insert (1,0.000201424)
Insert (1,0.000201424)
Insert (1,0.000201424)
Insert (1,0.000201424)
Insert (1,0.000201424)
Insert (1,0.000201424)
Insert (1,0.000201424)
Insert (1,0.000201424)
Insert (1,0.000201424)
Insert (1,0.000201424)
Insert (1,0.000201424)
Insert (1,0.000201424)
Insert (1,0.000201424)
Insert (1,0.000201424)
Insert (1,0.000201424)
Insert (1,0.000201424)
Insert (1,0.000201424)
Insert (1,0.000201424)
Insert (1,0.000201424)
Insert (1,0.000201424)
Insert (1,0.000201424)
Insert (1,0.000201424)
Insert (1,0.000201424)
Insert (1,0.000201424)
Insert (1,0.000201424)
Insert (1,0.000201424)
Insert (1,0.000201424)
Insert (1,0.000201424)
Insert (1,0.000201424)
Insert (1,0.000201424)
Insert (1,0.000201424)
Insert (1,0.000201424)
Insert (1,0.000201424)
Insert (1,0.000201424)
Insert (1,0.000201424)
Insert (1,0.000201424)
Insert (1,0.000201424)
Insert (1,0.000201424)
Insert (1,0.000201424)
Insert (1,0.000201424)
Insert (1,0.000201424)
Insert (1,0.000201424)
Insert (1,0.000201424)
Insert (1,0.000201424)
Insert (1,0.000201424)
Insert (1,0.000201424)
Insert (1,0.000201424)
Insert (1,0.000201424)
Insert (1,0.000201424)
Insert (1,0.000201424)
Insert (1,0.000201424)
Insert (1,0.000201424)
Insert (1,0.000201424)
Insert (1,0.000201424)
Insert (1,0.000201424)
Insert (1,0.000201424)
Insert (1,0.000201424)
Insert (1,0.000201424)
Insert (1,0.000201424)
Insert (1,0.000201424)
Insert (1,0.000201424)
Insert (1,0.000201424)
Insert (1,0.000201424)
Insert (1,0.000201424)
Insert (1,0.000201424)
Insert (1,0.000201424)
Insert (1,0.000201424)
Insert (1,0.000201424)
Insert (1,0.000201424)
Insert (1,0.000201424)
Insert (1,0.000201424)
Insert (1,0.000201424)
Insert (1,0.000201424)
Insert (1,0.000201424)
Insert (1,0.000201424)
Insert (1,0.000201424)
Insert (1,0.000201424)
Insert (1,0.000201424)
Insert (1,0.000201424)
Insert (1,0.000201424)
Insert (1,0.000201424)
Insert (1,0.000201424)
Insert (1,0.000201424)
Insert (1,0.000201424)
Insert (1,0.000201424)
Insert (1,0.000201424)
Insert (1,0.000201424)
Insert (1,0.000201424)
Insert (1,0.000201424)
Insert (1,0.000201424)
Insert (1,0.000201424)
Insert (1,0.000201424)
Insert (1,0.000201424)
Insert (1,0.000201424)
Insert (1,0.000201424)
Insert (1,0.000201424)
Insert (1,0.000201424)
Insert (1,0.000201424)
Insert (1,0.000201424)
Insert (1,0.000201424)
Insert (1,0.000201424)
Insert (1,0.000201424)
Insert (1,0.000201424)
Insert (1,0.000201424)
Insert (1,0.000201424)
Insert (1,0.000201424)
Insert (1,0.000201424)
Insert (1,0.000201424)
Insert (1,0.000201424)
Insert (1,0.000201424)
Insert (1,0.000201424)
Insert (1,0.000201424)
Insert (1,0.000201424)
Insert (1,0.000201424)
Insert (1,0.000201424)
Insert (1,0.000201424)
Insert (1,0.000201424)
Insert (1,0.000201424)
Insert (1,0.000201424)
Insert (1,0.000201424)
Insert (1,0.000201424)
Insert (1,0.000201424)
Insert (1,0.000201424)
Insert (1,0.000201424)
Insert (1,0.000201424)
Insert (1,0.000201424)
Insert (1,0.000201424)
Insert (1,0.000201424)
Insert (1,0.000201424)
Insert (1,0.000201424)
Insert (1,0.000201424)
Insert (1,0.000201424)
Insert (1,0.000201424)
Insert (1,0.000201424)
Insert (1,0.000201424)
Insert (1,0.000201424)
Insert (1,0.000201424)
Insert (1,0.000201424)
Insert (1,0.000201424)
Insert (1,0.000201424)
Insert (1,0.000201424)
Insert (1,0.000201424)
Insert (1,0.000201424)
Insert (1,0.000201424)
Insert (1,0.000201424)
Insert (1,0.000201424)
Insert (1,0.000201424)
Insert (1,0.000201424)
Insert (1,0.000201424)
Insert (1,0.000201424)
Insert (1,0.000201424)
Insert (1,0.000201424)
Insert (1,0.000201424)
Insert (1,0.000201424)
Insert (1,0.000201424)
Insert (1,0.000201424)
Insert (1,0.000201424)
Insert (1,0.000201424)
Insert (1,0.000201424)
Insert (1,0.000201424)
Insert (1,0.000201424)
Insert (1,0.000201424)
Insert (1,0.000201424)
Insert (1,0.000201424)
Insert (1,0.000201424)
Insert (1,0.000201424)
Insert (1,0.000201424)
Insert (1,0.000201424)
Insert (1,0.000201424)
Insert (1,0.000201424)
Insert (1,0.000201424)
Insert (1,0.000201424)
Insert (1,0.000201424)
Insert (1,0.000201424)
Insert (1,0.000201424)
Insert (1,0.000201424)
Insert (1,0.000201424)
Insert (1,0.000201424)
Insert (1,0.000201424)
Insert (1,0.000201424)
Insert (1,0.000201424)
Insert (1,0.000201424)
Insert (1,0.000201424)
Insert (1,0.000201424)
Insert (1,0.000201424)
Insert (1,0.000201424)
Insert (1,0.000201424)
Insert (1,0.000201424)
Insert (1,0.000201424)
Insert (1,0.000201424)
Insert (1,0.000201424)
Insert (1,0.000201424)
Insert (1,0.000201424)
Insert (1,0.000201424)
Insert (1,0.000201424)
Insert (1,0.000201424)
Insert (1,0.000201424)
Insert (1,0.000201424)
Insert (1,0.000201424)
Insert (1,0.000201424)
Insert (1,0.000201424)
Insert (1,0.000201424)
Insert (1,0.000201424)
Insert (1,0.000201424)
Insert (1,0.000201424)
Insert (1,0.000201424)
Insert (1,0.000201424)
Insert (1,0.000201424)
Insert (1,0.000201424)
Insert (1,0.000201424)
        5
Insert (1,0.000201424)
Insert (1,0.000201424)
Insert (1,0.000201424)
Insert (1,0.000201424)
Insert (1,0.000201424)
Insert (1,0.000201424)
Insert (1,0.000201424)
Insert (1,0.000201424)
Insert (1,0.000201424)
Insert (1,0.000201424)
Insert (1,0.000201424)
Insert (1,0.000201424)
Insert (1,0.000201424)
Insert (1,0.000201424)
Insert (1,0.000201424)
Insert (1,0.000201424)
Insert (1,0.000201424)
Insert (1,0.000201424)
Insert (1,0.000201424)
Insert (1,0.000201424)
Insert (1,0.000201424)
Insert (1,0.000201424)
Insert (1,0.000201424)
Insert (1,0.000201424)
Insert (1,0.000201424)
Insert (1,0.000201424)
Insert (1,0.000201424)
Insert (1,0.000201424)
Insert (1,0.000201424)
Insert (1,0.000201424)
Insert (1,0.000201424)
Insert (1,0.000201424)
Insert (1,0.000201424)
Insert (1,0.000201424)
Insert (1,0.000201424)
Insert (1,0.000201424)
Insert (1,0.000201424)
Insert (1,0.000201424)
Insert (1,0.000201424)
Insert (1,0.000201424)
Insert (1,0.000201424)
Insert (1,0.000201424)
Insert (1,0.000201424)
Insert (1,0.000201424)
Insert (1,0.000201424)
Insert (1,0.000201424)
Insert (1,0.000201424)
Insert (1,0.000201424)
Insert (1,0.000201424)
Insert (1,0.000201424)
Insert (1,0.000201424)
Insert (1,0.000201424)
Insert (1,0.000201424)
Insert (1,0.000201424)
Insert (1,0.000201424)
Insert (1,0.000201424)
Insert (1,0.000201424)
Insert (1,0.000201424)
Insert (1,0.000201424)
Insert (1,0.000201424)
Insert (1,0.000201424)
Insert (1,0.000201424)
Insert (1,0.000201424)
Insert (1,0.000201424)
Insert (1,0.000201424)
Insert (1,0.000201424)
Insert (1,0.000201424)
Insert (1,0.000201424)
Insert (1,0.000201424)
Insert (1,0.000201424)
Insert (1,0.000201424)
Insert (1,0.000201424)
Insert (1,0.000201424)
Insert (1,0.000201424)
Insert (1,0.000201424)
Insert (1,0.000201424)
Insert (1,0.000201424)
Insert (1,0.000201424)
Insert (1,0.000201424)
Insert (1,0.000201424)
Insert (1,0.000201424)
Insert (1,0.000201424)
Insert (1,0.000201424)
Insert (1,0.000201424)
Insert (1,0.000201424)
Insert (1,0.000201424)
Insert (1,0.000201424)
Insert (1,0.000201424)
Insert (1,0.000201424)
Insert (1,0.000201424)
Insert (1,0.000201424)
Insert (1,0.000201424)
Insert (1,0.000201424)
Insert (1,0.000201424)
Insert (1,0.000201424)
Insert (1,0.000201424)
Insert (1,0.000201424)
Insert (1,0.000201424)
Insert (1,0.000201424)
Insert (1,0.000201424)
Insert (1,0.000201424)
Insert (1,0.000201424)
Insert (1,0.000201424)
Insert (1,0.000201424)
Insert (1,0.000201424)
Insert (1,0.000201424)
Insert (1,0.000201424)
Insert (1,0.000201424)
Insert (1,0.000201424)
Insert (1,0.000201424)
Insert (1,0.000201424)
Insert (1,0.000201424)
Insert (1,0.000201424)
Insert (1,0.000201424)
Insert (1,0.000201424)
Insert (1,0.000201424)
Insert (1,0.000201424)
Insert (1,0.000201424)
Insert (1,0.000201424)
Insert (1,0.000201424)
Insert (1,0.000201424)
Insert (1,0.000201424)
Insert (1,0.000201424)
Insert (1,0.000201424)
Insert (1,0.000201424)
Insert (1,0.000201424)
Insert (1,0.000201424)
Insert (1,0.000201424)
Insert (1,0.000201424)
Insert (1,0.000201424)
Insert (1,0.000201424)
Insert (1,0.000201424)
Insert (1,0.000201424)
Insert (1,0.000201424)
Insert (1,0.000201424)
Insert (1,0.000201424)
Insert (1,0.000201424)
Insert (1,0.000201424)
Insert (1,0.000201424)
Insert (1,0.000201424)
Insert (1,0.000201424)
Insert (1,0.000201424)
Insert (1,0.000201424)
Insert (1,0.000201424)
Insert (1,0.000201424)
Insert (1,0.000201424)
Insert (1,0.000201424)
Insert (1,0.000201424)
Insert (1,0.000201424)
Insert (1,0.000201424)
Insert (1,0.000201424)
Insert (1,0.000201424)
Insert (1,0.000201424)
Insert (1,0.000201424)
Insert (1,0.000201424)
Insert (1,0.000201424)
Insert (1,0.000201424)
Insert (1,0.000201424)
Insert (1,0.000201424)
Insert (1,0.000201424)
Insert (1,0.000201424)
Insert (1,0.000201424)
Insert (1,0.000201424)
Insert (1,0.000201424)
Insert (1,0.000201424)
Insert (1,0.000201424)
Insert (1,0.000201424)
Insert (1,0.000201424)
Insert (1,0.000201424)
Insert (1,0.000201424)
Insert (1,0.000201424)
Insert (1,0.000201424)
Insert (1,0.000201424)
Insert (1,0.000201424)
Insert (1,0.000201424)
Insert (1,0.000201424)
Insert (1,0.000201424)
Insert (1,0.000201424)
Insert (1,0.000201424)
Insert (1,0.000201424)
Insert (1,0.000201424)
Insert (1,0.000201424)
Insert (1,0.000201424)
Insert (1,0.000201424)
Insert (1,0.000201424)
Insert (1,0.000201424)
Insert (1,0.000201424)
Insert (1,0.000201424)
Insert (1,0.000201424)
Insert (1,0.000201424)
Insert (1,0.000201424)
Insert (1,0.000201424)
Insert (1,0.000201424)
Insert (1,0.000201424)
Insert (1,0.000201424)
Insert (1,0.000201424)
Insert (1,0.000201424)
Insert (1,0.000201424)
Insert (1,0.000201424)
Insert (1,0.000201424)
Insert (1,0.000201424)
Insert (1,0.000201424)
Insert (1,0.000201424)
Insert (1,0.000201424)
Insert (1,0.000201424)
Insert (1,0.000201424)
Insert (1,0.000201424)
Insert (1,0.000201424)
Insert (1,0.000201424)
Insert (1,0.000201424)
Insert (1,0.000201424)
Insert (1,0.000201424)
Insert (1,0.000201424)
Insert (1,0.000201424)
Insert (1,0.000201424)
Insert (1,0.000201424)
Insert (1,0.000201424)
Insert (1,0.000201424)
Insert (1,0.000201424)
Insert (1,0.000201424)
Insert (1,0.000201424)
Insert (1,0.000201424)
Insert (1,0.000201424)
Insert (1,0.000201424)
Insert (1,0.000201424)
Insert (1,0.000201424)
Insert (1,0.000201424)
Insert (1,0.000201424)
Insert (1,0.000201424)
Insert (1,0.000201424)
Insert (1,0.000201424)
Insert (1,0.000201424)
Insert (1,0.000201424)
Insert (1,0.000201424)
Insert (1,0.000201424)
Insert (1,0.000201424)
Insert (1,0.000201424)
Insert (1,0.000201424)
Insert (1,0.000201424)
Insert (1,0.000201424)
Insert (1,0.000201424)
Insert (1,0.000201424)
Insert (1,0.000201424)
Insert (1,0.000201424)
Insert (1,0.000201424)
Insert (1,0.000201424)
Insert (1,0.000201424)
Insert (1,0.000201424)
Insert (1,0.000201424)
Insert (1,0.000201424)
Insert (1,0.000201424)
Insert (1,0.000201424)
Insert (1,0.000201424)
Insert (1,0.000201424)
Insert (1,0.000201424)
Insert (1,0.000201424)
        6
Insert (1,0.000201424)
Insert (1,0.000201424)
Insert (1,0.000201424)
Insert (1,0.000201424)
Insert (1,0.000201424)
Insert (1,0.000201424)
Insert (1,0.000201424)
Insert (1,0.000201424)
Insert (1,0.000201424)
Insert (1,0.000201424)
Insert (1,0.000201424)
Insert (1,0.000201424)
Insert (1,0.000201424)
Insert (1,0.000201424)
Insert (1,0.000201424)
Insert (1,0.000201424)
Insert (1,0.000201424)
Insert (1,0.000201424)
Insert (1,0.000201424)
Insert (1,0.000201424)
Insert (1,0.000201424)
Insert (1,0.000201424)
Insert (1,0.000201424)
Insert (1,0.000201424)
Insert (1,0.000201424)
Insert (1,0.000201424)
Insert (1,0.000201424)
Insert (1,0.000201424)
Insert (1,0.000201424)
Insert (1,0.000201424)
Insert (1,0.000201424)
Insert (1,0.000201424)
Insert (1,0.000201424)
Insert (1,0.000201424)
Insert (1,0.000201424)
Insert (1,0.000201424)
Insert (1,0.000201424)
Insert (1,0.000201424)
Insert (1,0.000201424)
Insert (1,0.000201424)
Insert (1,0.000201424)
Insert (1,0.000201424)
Insert (1,0.000201424)
Insert (1,0.000201424)
Insert (1,0.000201424)
Insert (1,0.000201424)
Insert (1,0.000201424)
Insert (1,0.000201424)
Insert (1,0.000201424)
Insert (1,0.000201424)
Insert (1,0.000201424)
Insert (1,0.000201424)
Insert (1,0.000201424)
Insert (1,0.000201424)
Insert (1,0.000201424)
Insert (1,0.000201424)
Insert (1,0.000201424)
Insert (1,0.000201424)
Insert (1,0.000201424)
Insert (1,0.000201424)
Insert (1,0.000201424)
Insert (1,0.000201424)
Insert (1,0.000201424)
Insert (1,0.000201424)
Insert (1,0.000201424)
Insert (1,0.000201424)
Insert (1,0.000201424)
Insert (1,0.000201424)
Insert (1,0.000201424)
Insert (1,0.000201424)
Insert (1,0.000201424)
Insert (1,0.000201424)
Insert (1,0.000201424)
Insert (1,0.000201424)
Insert (1,0.000201424)
Insert (1,0.000201424)
Insert (1,0.000201424)
Insert (1,0.000201424)
Insert (1,0.000201424)
Insert (1,0.000201424)
Insert (1,0.000201424)
Insert (1,0.000201424)
Insert (1,0.000201424)
Insert (1,0.000201424)
Insert (1,0.000201424)
Insert (1,0.000201424)
Insert (1,0.000201424)
Insert (1,0.000201424)
Insert (1,0.000201424)
Insert (1,0.000201424)
Insert (1,0.000201424)
Insert (1,0.000201424)
Insert (1,0.000201424)
Insert (1,0.000201424)
Insert (1,0.000201424)
Insert (1,0.000201424)
Insert (1,0.000201424)
Insert (1,0.000201424)
Insert (1,0.000201424)
Insert (1,0.000201424)
Insert (1,0.000201424)
Insert (1,0.000201424)
Insert (1,0.000201424)
Insert (1,0.000201424)
Insert (1,0.000201424)
Insert (1,0.000201424)
Insert (1,0.000201424)
Insert (1,0.000201424)
Insert (1,0.000201424)
Insert (1,0.000201424)
Insert (1,0.000201424)
Insert (1,0.000201424)
Insert (1,0.000201424)
Insert (1,0.000201424)
Insert (1,0.000201424)
Insert (1,0.000201424)
Insert (1,0.000201424)
Insert (1,0.000201424)
Insert (1,0.000201424)
Insert (1,0.000201424)
Insert (1,0.000201424)
Insert (1,0.000201424)
Insert (1,0.000201424)
Insert (1,0.000201424)
Insert (1,0.000201424)
Insert (1,0.000201424)
Insert (1,0.000201424)
Insert (1,0.000201424)
Insert (1,0.000201424)
Insert (1,0.000201424)
Insert (1,0.000201424)
Insert (1,0.000201424)
Insert (1,0.000201424)
Insert (1,0.000201424)
Insert (1,0.000201424)
Insert (1,0.000201424)
Insert (1,0.000201424)
Insert (1,0.000201424)
Insert (1,0.000201424)
Insert (1,0.000201424)
Insert (1,0.000201424)
Insert (1,0.000201424)
Insert (1,0.000201424)
Insert (1,0.000201424)
Insert (1,0.000201424)
Insert (1,0.000201424)
Insert (1,0.000201424)
Insert (1,0.000201424)
Insert (1,0.000201424)
Insert (1,0.000201424)
Insert (1,0.000201424)
Insert (1,0.000201424)
Insert (1,0.000201424)
Insert (1,0.000201424)
Insert (1,0.000201424)
Insert (1,0.000201424)
Insert (1,0.000201424)
Insert (1,0.000201424)
Insert (1,0.000201424)
Insert (1,0.000201424)
Insert (1,0.000201424)
Insert (1,0.000201424)
Insert (1,0.000201424)
Insert (1,0.000201424)
Insert (1,0.000201424)
Insert (1,0.000201424)
Insert (1,0.000201424)
Insert (1,0.000201424)
Insert (1,0.000201424)
Insert (1,0.000201424)
Insert (1,0.000201424)
Insert (1,0.000201424)
Insert (1,0.000201424)
Insert (1,0.000201424)
Insert (1,0.000201424)
Insert (1,0.000201424)
Insert (1,0.000201424)
Insert (1,0.000201424)
Insert (1,0.000201424)
Insert (1,0.000201424)
Insert (1,0.000201424)
Insert (1,0.000201424)
Insert (1,0.000201424)
Insert (1,0.000201424)
Insert (1,0.000201424)
Insert (1,0.000201424)
Insert (1,0.000201424)
Insert (1,0.000201424)
Insert (1,0.000201424)
Insert (1,0.000201424)
Insert (1,0.000201424)
Insert (1,0.000201424)
Insert (1,0.000201424)
Insert (1,0.000201424)
Insert (1,0.000201424)
Insert (1,0.000201424)
Insert (1,0.000201424)
Insert (1,0.000201424)
Insert (1,0.000201424)
Insert (1,0.000201424)
Insert (1,0.000201424)
Insert (1,0.000201424)
Insert (1,0.000201424)
Insert (1,0.000201424)
Insert (1,0.000201424)
Insert (1,0.000201424)
Insert (1,0.000201424)
Insert (1,0.000201424)
Insert (1,0.000201424)
Insert (1,0.000201424)
Insert (1,0.000201424)
Insert (1,0.000201424)
Insert (1,0.000201424)
Insert (1,0.000201424)
Insert (1,0.000201424)
Insert (1,0.000201424)
Insert (1,0.000201424)
Insert (1,0.000201424)
Insert (1,0.000201424)
Insert (1,0.000201424)
Insert (1,0.000201424)
Insert (1,0.000201424)
Insert (1,0.000201424)
Insert (1,0.000201424)
Insert (1,0.000201424)
Insert (1,0.000201424)
Insert (1,0.000201424)
Insert (1,0.000201424)
Insert (1,0.000201424)
Insert (1,0.000201424)
Insert (1,0.000201424)
Insert (1,0.000201424)
Insert (1,0.000201424)
Insert (1,0.000201424)
Insert (1,0.000201424)
Insert (1,0.000201424)
Insert (1,0.000201424)
Insert (1,0.000201424)
Insert (1,0.000201424)
Insert (1,0.000201424)
Insert (1,0.000201424)
Insert (1,0.000201424)
Insert (1,0.000201424)
Insert (1,0.000201424)
Insert (1,0.000201424)
Insert (1,0.000201424)
Insert (1,0.000201424)
Insert (1,0.000201424)
Insert (1,0.000201424)
Insert (1,0.000201424)
Insert (1,0.000201424)
Insert (1,0.000201424)
Insert (1,0.000201424)
Insert (1,0.000201424)
Insert (1,0.000201424)
Insert (1,0.000201424)
        7
Insert (1,0.000201424)
Insert (1,0.000201424)
Insert (1,0.000201424)
Insert (1,0.000201424)
Insert (1,0.000201424)
Insert (1,0.000201424)
Insert (1,0.000201424)
Insert (1,0.000201424)
Insert (1,0.000201424)
Insert (1,0.000201424)
Insert (1,0.000201424)
Insert (1,0.000201424)
Insert (1,0.000201424)
Insert (1,0.000201424)
Insert (1,0.000201424)
Insert (1,0.000201424)
Insert (1,0.000201424)
Insert (1,0.000201424)
Insert (1,0.000201424)
Insert (1,0.000201424)
Insert (1,0.000201424)
Insert (1,0.000201424)
Insert (1,0.000201424)
Insert (1,0.000201424)
Insert (1,0.000201424)
Insert (1,0.000201424)
Insert (1,0.000201424)
Insert (1,0.000201424)
Insert (1,0.000201424)
Insert (1,0.000201424)
Insert (1,0.000201424)
Insert (1,0.000201424)
Insert (1,0.000201424)
Insert (1,0.000201424)
Insert (1,0.000201424)
Insert (1,0.000201424)
Insert (1,0.000201424)
Insert (1,0.000201424)
Insert (1,0.000201424)
Insert (1,0.000201424)
Insert (1,0.000201424)
Insert (1,0.000201424)
Insert (1,0.000201424)
Insert (1,0.000201424)
Insert (1,0.000201424)
Insert (1,0.000201424)
Insert (1,0.000201424)
Insert (1,0.000201424)
Insert (1,0.000201424)
Insert (1,0.000201424)
Insert (1,0.000201424)
Insert (1,0.000201424)
Insert (1,0.000201424)
Insert (1,0.000201424)
Insert (1,0.000201424)
Insert (1,0.000201424)
Insert (1,0.000201424)
Insert (1,0.000201424)
Insert (1,0.000201424)
Insert (1,0.000201424)
Insert (1,0.000201424)
Insert (1,0.000201424)
Insert (1,0.000201424)
Insert (1,0.000201424)
Insert (1,0.000201424)
Insert (1,0.000201424)
Insert (1,0.000201424)
Insert (1,0.000201424)
Insert (1,0.000201424)
Insert (1,0.000201424)
Insert (1,0.000201424)
Insert (1,0.000201424)
Insert (1,0.000201424)
Insert (1,0.000201424)
Insert (1,0.000201424)
Insert (1,0.000201424)
Insert (1,0.000201424)
Insert (1,0.000201424)
Insert (1,0.000201424)
Insert (1,0.000201424)
Insert (1,0.000201424)
Insert (1,0.000201424)
Insert (1,0.000201424)
Insert (1,0.000201424)
Insert (1,0.000201424)
Insert (1,0.000201424)
Insert (1,0.000201424)
Insert (1,0.000201424)
Insert (1,0.000201424)
Insert (1,0.000201424)
Insert (1,0.000201424)
Insert (1,0.000201424)
Insert (1,0.000201424)
Insert (1,0.000201424)
Insert (1,0.000201424)
Insert (1,0.000201424)
Insert (1,0.000201424)
Insert (1,0.000201424)
Insert (1,0.000201424)
Insert (1,0.000201424)
Insert (1,0.000201424)
Insert (1,0.000201424)
Insert (1,0.000201424)
Insert (1,0.000201424)
Insert (1,0.000201424)
Insert (1,0.000201424)
Insert (1,0.000201424)
Insert (1,0.000201424)
Insert (1,0.000201424)
Insert (1,0.000201424)
Insert (1,0.000201424)
Insert (1,0.000201424)
Insert (1,0.000201424)
Insert (1,0.000201424)
Insert (1,0.000201424)
Insert (1,0.000201424)
Insert (1,0.000201424)
Insert (1,0.000201424)
Insert (1,0.000201424)
Insert (1,0.000201424)
Insert (1,0.000201424)
Insert (1,0.000201424)
Insert (1,0.000201424)
Insert (1,0.000201424)
Insert (1,0.000201424)
Insert (1,0.000201424)
Insert (1,0.000201424)
Insert (1,0.000201424)
Insert (1,0.000201424)
Insert (1,0.000201424)
Insert (1,0.000201424)
Insert (1,0.000201424)
Insert (1,0.000201424)
Insert (1,0.000201424)
Insert (1,0.000201424)
Insert (1,0.000201424)
Insert (1,0.000201424)
Insert (1,0.000201424)
Insert (1,0.000201424)
Insert (1,0.000201424)
Insert (1,0.000201424)
Insert (1,0.000201424)
Insert (1,0.000201424)
Insert (1,0.000201424)
Insert (1,0.000201424)
Insert (1,0.000201424)
Insert (1,0.000201424)
Insert (1,0.000201424)
Insert (1,0.000201424)
Insert (1,0.000201424)
Insert (1,0.000201424)
Insert (1,0.000201424)
Insert (1,0.000201424)
Insert (1,0.000201424)
Insert (1,0.000201424)
Insert (1,0.000201424)
Insert (1,0.000201424)
Insert (1,0.000201424)
Insert (1,0.000201424)
Insert (1,0.000201424)
Insert (1,0.000201424)
Insert (1,0.000201424)
Insert (1,0.000201424)
Insert (1,0.000201424)
Insert (1,0.000201424)
Insert (1,0.000201424)
Insert (1,0.000201424)
Insert (1,0.000201424)
Insert (1,0.000201424)
Insert (1,0.000201424)
Insert (1,0.000201424)
Insert (1,0.000201424)
Insert (1,0.000201424)
Insert (1,0.000201424)
Insert (1,0.000201424)
Insert (1,0.000201424)
Insert (1,0.000201424)
Insert (1,0.000201424)
Insert (1,0.000201424)
Insert (1,0.000201424)
Insert (1,0.000201424)
Insert (1,0.000201424)
Insert (1,0.000201424)
Insert (1,0.000201424)
Insert (1,0.000201424)
Insert (1,0.000201424)
Insert (1,0.000201424)
Insert (1,0.000201424)
Insert (1,0.000201424)
Insert (1,0.000201424)
Insert (1,0.000201424)
Insert (1,0.000201424)
Insert (1,0.000201424)
Insert (1,0.000201424)
Insert (1,0.000201424)
Insert (1,0.000201424)
Insert (1,0.000201424)
Insert (1,0.000201424)
Insert (1,0.000201424)
Insert (1,0.000201424)
Insert (1,0.000201424)
Insert (1,0.000201424)
Insert (1,0.000201424)
Insert (1,0.000201424)
Insert (1,0.000201424)
Insert (1,0.000201424)
Insert (1,0.000201424)
Insert (1,0.000201424)
Insert (1,0.000201424)
Insert (1,0.000201424)
Insert (1,0.000201424)
Insert (1,0.000201424)
Insert (1,0.000201424)
Insert (1,0.000201424)
Insert (1,0.000201424)
Insert (1,0.000201424)
Insert (1,0.000201424)
Insert (1,0.000201424)
Insert (1,0.000201424)
Insert (1,0.000201424)
Insert (1,0.000201424)
Insert (1,0.000201424)
Insert (1,0.000201424)
Insert (1,0.000201424)
Insert (1,0.000201424)
Insert (1,0.000201424)
Insert (1,0.000201424)
Insert (1,0.000201424)
Insert (1,0.000201424)
Insert (1,0.000201424)
Insert (1,0.000201424)
Insert (1,0.000201424)
Insert (1,0.000201424)
Insert (1,0.000201424)
Insert (1,0.000201424)
Insert (1,0.000201424)
Insert (1,0.000201424)
Insert (1,0.000201424)
Insert (1,0.000201424)
Insert (1,0.000201424)
Insert (1,0.000201424)
Insert (1,0.000201424)
Insert (1,0.000201424)
Insert (1,0.000201424)
Insert (1,0.000201424)
Insert (1,0.000201424)
Insert (1,0.000201424)
Insert (1,0.000201424)
Insert (1,0.000201424)
Insert (1,0.000201424)
Insert (1,0.000201424)
Insert (1,0.000201424)
Insert (1,0.000201424)
Insert (1,0.000201424)
Insert (1,0.000201424)
Insert (1,0.000201424)
        8
Insert (1,0.000201424)
Insert (1,0.000201424)
Insert (1,0.000201424)
Insert (1,0.000201424)
Insert (1,0.000201424)
Insert (1,0.000201424)
Insert (1,0.000201424)
Insert (1,0.000201424)
Insert (1,0.000201424)
Insert (1,0.000201424)
Insert (1,0.000201424)
Insert (1,0.000201424)
Insert (1,0.000201424)
Insert (1,0.000201424)
Insert (1,0.000201424)
Insert (1,0.000201424)
Insert (1,0.000201424)
Insert (1,0.000201424)
Insert (1,0.000201424)
Insert (1,0.000201424)
Insert (1,0.000201424)
Insert (1,0.000201424)
Insert (1,0.000201424)
Insert (1,0.000201424)
Insert (1,0.000201424)
Insert (1,0.000201424)
Insert (1,0.000201424)
Insert (1,0.000201424)
Insert (1,0.000201424)
Insert (1,0.000201424)
Insert (1,0.000201424)
Insert (1,0.000201424)
Insert (1,0.000201424)
Insert (1,0.000201424)
Insert (1,0.000201424)
Insert (1,0.000201424)
Insert (1,0.000201424)
Insert (1,0.000201424)
Insert (1,0.000201424)
Insert (1,0.000201424)
Insert (1,0.000201424)
Insert (1,0.000201424)
Insert (1,0.000201424)
Insert (1,0.000201424)
Insert (1,0.000201424)
Insert (1,0.000201424)
Insert (1,0.000201424)
Insert (1,0.000201424)
Insert (1,0.000201424)
Insert (1,0.000201424)
Insert (1,0.000201424)
Insert (1,0.000201424)
Insert (1,0.000201424)
Insert (1,0.000201424)
Insert (1,0.000201424)
Insert (1,0.000201424)
Insert (1,0.000201424)
Insert (1,0.000201424)
Insert (1,0.000201424)
Insert (1,0.000201424)
Insert (1,0.000201424)
Insert (1,0.000201424)
Insert (1,0.000201424)
Insert (1,0.000201424)
Insert (1,0.000201424)
Insert (1,0.000201424)
Insert (1,0.000201424)
Insert (1,0.000201424)
Insert (1,0.000201424)
Insert (1,0.000201424)
Insert (1,0.000201424)
Insert (1,0.000201424)
Insert (1,0.000201424)
Insert (1,0.000201424)
Insert (1,0.000201424)
Insert (1,0.000201424)
Insert (1,0.000201424)
Insert (1,0.000201424)
Insert (1,0.000201424)
Insert (1,0.000201424)
Insert (1,0.000201424)
Insert (1,0.000201424)
Insert (1,0.000201424)
Insert (1,0.000201424)
Insert (1,0.000201424)
Insert (1,0.000201424)
Insert (1,0.000201424)
Insert (1,0.000201424)
Insert (1,0.000201424)
Insert (1,0.000201424)
Insert (1,0.000201424)
Insert (1,0.000201424)
Insert (1,0.000201424)
Insert (1,0.000201424)
Insert (1,0.000201424)
Insert (1,0.000201424)
Insert (1,0.000201424)
Insert (1,0.000201424)
Insert (1,0.000201424)
Insert (1,0.000201424)
Insert (1,0.000201424)
Insert (1,0.000201424)
Insert (1,0.000201424)
Insert (1,0.000201424)
Insert (1,0.000201424)
Insert (1,0.000201424)
Insert (1,0.000201424)
Insert (1,0.000201424)
Insert (1,0.000201424)
Insert (1,0.000201424)
Insert (1,0.000201424)
Insert (1,0.000201424)
Insert (1,0.000201424)
Insert (1,0.000201424)
Insert (1,0.000201424)
Insert (1,0.000201424)
Insert (1,0.000201424)
Insert (1,0.000201424)
Insert (1,0.000201424)
Insert (1,0.000201424)
Insert (1,0.000201424)
Insert (1,0.000201424)
Insert (1,0.000201424)
Insert (1,0.000201424)
Insert (1,0.000201424)
Insert (1,0.000201424)
Insert (1,0.000201424)
Insert (1,0.000201424)
Insert (1,0.000201424)
Insert (1,0.000201424)
Insert (1,0.000201424)
Insert (1,0.000201424)
Insert (1,0.000201424)
Insert (1,0.000201424)
Insert (1,0.000201424)
Insert (1,0.000201424)
Insert (1,0.000201424)
Insert (1,0.000201424)
Insert (1,0.000201424)
Insert (1,0.000201424)
Insert (1,0.000201424)
Insert (1,0.000201424)
Insert (1,0.000201424)
Insert (1,0.000201424)
Insert (1,0.000201424)
Insert (1,0.000201424)
Insert (1,0.000201424)
Insert (1,0.000201424)
Insert (1,0.000201424)
Insert (1,0.000201424)
Insert (1,0.000201424)
Insert (1,0.000201424)
Insert (1,0.000201424)
Insert (1,0.000201424)
Insert (1,0.000201424)
Insert (1,0.000201424)
Insert (1,0.000201424)
Insert (1,0.000201424)
Insert (1,0.000201424)
Insert (1,0.000201424)
Insert (1,0.000201424)
Insert (1,0.000201424)
Insert (1,0.000201424)
Insert (1,0.000201424)
Insert (1,0.000201424)
Insert (1,0.000201424)
Insert (1,0.000201424)
Insert (1,0.000201424)
Insert (1,0.000201424)
Insert (1,0.000201424)
Insert (1,0.000201424)
Insert (1,0.000201424)
Insert (1,0.000201424)
Insert (1,0.000201424)
Insert (1,0.000201424)
Insert (1,0.000201424)
Insert (1,0.000201424)
Insert (1,0.000201424)
Insert (1,0.000201424)
Insert (1,0.000201424)
Insert (1,0.000201424)
Insert (1,0.000201424)
Insert (1,0.000201424)
Insert (1,0.000201424)
Insert (1,0.000201424)
Insert (1,0.000201424)
Insert (1,0.000201424)
Insert (1,0.000201424)
Insert (1,0.000201424)
Insert (1,0.000201424)
Insert (1,0.000201424)
Insert (1,0.000201424)
Insert (1,0.000201424)
Insert (1,0.000201424)
Insert (1,0.000201424)
Insert (1,0.000201424)
Insert (1,0.000201424)
Insert (1,0.000201424)
Insert (1,0.000201424)
Insert (1,0.000201424)
Insert (1,0.000201424)
Insert (1,0.000201424)
Insert (1,0.000201424)
Insert (1,0.000201424)
Insert (1,0.000201424)
Insert (1,0.000201424)
Insert (1,0.000201424)
Insert (1,0.000201424)
Insert (1,0.000201424)
Insert (1,0.000201424)
Insert (1,0.000201424)
Insert (1,0.000201424)
Insert (1,0.000201424)
Insert (1,0.000201424)
Insert (1,0.000201424)
Insert (1,0.000201424)
Insert (1,0.000201424)
Insert (1,0.000201424)
Insert (1,0.000201424)
Insert (1,0.000201424)
Insert (1,0.000201424)
Insert (1,0.000201424)
Insert (1,0.000201424)
Insert (1,0.000201424)
Insert (1,0.000201424)
Insert (1,0.000201424)
Insert (1,0.000201424)
Insert (1,0.000201424)
Insert (1,0.000201424)
Insert (1,0.000201424)
Insert (1,0.000201424)
Insert (1,0.000201424)
Insert (1,0.000201424)
Insert (1,0.000201424)
Insert (1,0.000201424)
Insert (1,0.000201424)
Insert (1,0.000201424)
Insert (1,0.000201424)
Insert (1,0.000201424)
Insert (1,0.000201424)
Insert (1,0.000201424)
Insert (1,0.000201424)
Insert (1,0.000201424)
Insert (1,0.000201424)
Insert (1,0.000201424)
Insert (1,0.000201424)
Insert (1,0.000201424)
Insert (1,0.000201424)
Insert (1,0.000201424)
Insert (1,0.000201424)
Insert (1,0.000201424)
Insert (1,0.000201424)
Insert (1,0.000201424)
Insert (1,0.000201424)
Insert (1,0.000201424)
Insert (1,0.000201424)
        9
Insert (1,0.000201424)
Insert (1,0.000201424)
Insert (1,0.000201424)
Insert (1,0.000201424)
Insert (1,0.000201424)
Insert (1,0.000201424)
Insert (1,0.000201424)
Insert (1,0.000201424)
Insert (1,0.000201424)
Insert (1,0.000201424)
Insert (1,0.000201424)
Insert (1,0.000201424)
Insert (1,0.000201424)
Insert (1,0.000201424)
Insert (1,0.000201424)
Insert (1,0.000201424)
Insert (1,0.000201424)
Insert (1,0.000201424)
Insert (1,0.000201424)
Insert (1,0.000201424)
Insert (1,0.000201424)
Insert (1,0.000201424)
Insert (1,0.000201424)
Insert (1,0.000201424)
Insert (1,0.000201424)
Insert (1,0.000201424)
Insert (1,0.000201424)
Insert (1,0.000201424)
Insert (1,0.000201424)
Insert (1,0.000201424)
Insert (1,0.000201424)
Insert (1,0.000201424)
Insert (1,0.000201424)
Insert (1,0.000201424)
Insert (1,0.000201424)
Insert (1,0.000201424)
Insert (1,0.000201424)
Insert (1,0.000201424)
Insert (1,0.000201424)
Insert (1,0.000201424)
Insert (1,0.000201424)
Insert (1,0.000201424)
Insert (1,0.000201424)
Insert (1,0.000201424)
Insert (1,0.000201424)
Insert (1,0.000201424)
Insert (1,0.000201424)
Insert (1,0.000201424)
Insert (1,0.000201424)
Insert (1,0.000201424)
Insert (1,0.000201424)
Insert (1,0.000201424)
Insert (1,0.000201424)
Insert (1,0.000201424)
Insert (1,0.000201424)
Insert (1,0.000201424)
Insert (1,0.000201424)
Insert (1,0.000201424)
Insert (1,0.000201424)
Insert (1,0.000201424)
Insert (1,0.000201424)
Insert (1,0.000201424)
Insert (1,0.000201424)
Insert (1,0.000201424)
Insert (1,0.000201424)
Insert (1,0.000201424)
Insert (1,0.000201424)
Insert (1,0.000201424)
Insert (1,0.000201424)
Insert (1,0.000201424)
Insert (1,0.000201424)
Insert (1,0.000201424)
Insert (1,0.000201424)
Insert (1,0.000201424)
Insert (1,0.000201424)
Insert (1,0.000201424)
Insert (1,0.000201424)
Insert (1,0.000201424)
Insert (1,0.000201424)
Insert (1,0.000201424)
Insert (1,0.000201424)
Insert (1,0.000201424)
Insert (1,0.000201424)
Insert (1,0.000201424)
Insert (1,0.000201424)
Insert (1,0.000201424)
Insert (1,0.000201424)
Insert (1,0.000201424)
Insert (1,0.000201424)
Insert (1,0.000201424)
Insert (1,0.000201424)
Insert (1,0.000201424)
Insert (1,0.000201424)
Insert (1,0.000201424)
Insert (1,0.000201424)
Insert (1,0.000201424)
Insert (1,0.000201424)
Insert (1,0.000201424)
Insert (1,0.000201424)
Insert (1,0.000201424)
Insert (1,0.000201424)
Insert (1,0.000201424)
Insert (1,0.000201424)
Insert (1,0.000201424)
Insert (1,0.000201424)
Insert (1,0.000201424)
Insert (1,0.000201424)
Insert (1,0.000201424)
Insert (1,0.000201424)
Insert (1,0.000201424)
Insert (1,0.000201424)
Insert (1,0.000201424)
Insert (1,0.000201424)
Insert (1,0.000201424)
Insert (1,0.000201424)
Insert (1,0.000201424)
Insert (1,0.000201424)
Insert (1,0.000201424)
Insert (1,0.000201424)
Insert (1,0.000201424)
Insert (1,0.000201424)
Insert (1,0.000201424)
Insert (1,0.000201424)
Insert (1,0.000201424)
Insert (1,0.000201424)
Insert (1,0.000201424)
Insert (1,0.000201424)
Insert (1,0.000201424)
Insert (1,0.000201424)
Insert (1,0.000201424)
Insert (1,0.000201424)
Insert (1,0.000201424)
Insert (1,0.000201424)
Insert (1,0.000201424)
Insert (1,0.000201424)
Insert (1,0.000201424)
Insert (1,0.000201424)
Insert (1,0.000201424)
Insert (1,0.000201424)
Insert (1,0.000201424)
Insert (1,0.000201424)
Insert (1,0.000201424)
Insert (1,0.000201424)
Insert (1,0.000201424)
Insert (1,0.000201424)
Insert (1,0.000201424)
Insert (1,0.000201424)
Insert (1,0.000201424)
Insert (1,0.000201424)
Insert (1,0.000201424)
Insert (1,0.000201424)
Insert (1,0.000201424)
Insert (1,0.000201424)
Insert (1,0.000201424)
Insert (1,0.000201424)
Insert (1,0.000201424)
Insert (1,0.000201424)
Insert (1,0.000201424)
Insert (1,0.000201424)
Insert (1,0.000201424)
Insert (1,0.000201424)
Insert (1,0.000201424)
Insert (1,0.000201424)
Insert (1,0.000201424)
Insert (1,0.000201424)
Insert (1,0.000201424)
Insert (1,0.000201424)
Insert (1,0.000201424)
Insert (1,0.000201424)
Insert (1,0.000201424)
Insert (1,0.000201424)
Insert (1,0.000201424)
Insert (1,0.000201424)
Insert (1,0.000201424)
Insert (1,0.000201424)
Insert (1,0.000201424)
Insert (1,0.000201424)
Insert (1,0.000201424)
Insert (1,0.000201424)
Insert (1,0.000201424)
Insert (1,0.000201424)
Insert (1,0.000201424)
Insert (1,0.000201424)
Insert (1,0.000201424)
Insert (1,0.000201424)
Insert (1,0.000201424)
Insert (1,0.000201424)
Insert (1,0.000201424)
Insert (1,0.000201424)
Insert (1,0.000201424)
Insert (1,0.000201424)
Insert (1,0.000201424)
Insert (1,0.000201424)
Insert (1,0.000201424)
Insert (1,0.000201424)
Insert (1,0.000201424)
Insert (1,0.000201424)
Insert (1,0.000201424)
Insert (1,0.000201424)
Insert (1,0.000201424)
Insert (1,0.000201424)
Insert (1,0.000201424)
Insert (1,0.000201424)
Insert (1,0.000201424)
Insert (1,0.000201424)
Insert (1,0.000201424)
Insert (1,0.000201424)
Insert (1,0.000201424)
Insert (1,0.000201424)
Insert (1,0.000201424)
Insert (1,0.000201424)
Insert (1,0.000201424)
Insert (1,0.000201424)
Insert (1,0.000201424)
Insert (1,0.000201424)
Insert (1,0.000201424)
Insert (1,0.000201424)
Insert (1,0.000201424)
Insert (1,0.000201424)
Insert (1,0.000201424)
Insert (1,0.000201424)
Insert (1,0.000201424)
Insert (1,0.000201424)
Insert (1,0.000201424)
Insert (1,0.000201424)
Insert (1,0.000201424)
Insert (1,0.000201424)
Insert (1,0.000201424)
Insert (1,0.000201424)
Insert (1,0.000201424)
Insert (1,0.000201424)
Insert (1,0.000201424)
Insert (1,0.000201424)
Insert (1,0.000201424)
Insert (1,0.000201424)
Insert (1,0.000201424)
Insert (1,0.000201424)
Insert (1,0.000201424)
Insert (1,0.000201424)
Insert (1,0.000201424)
Insert (1,0.000201424)
Insert (1,0.000201424)
Insert (1,0.000201424)
Insert (1,0.000201424)
Insert (1,0.000201424)
Insert (1,0.000201424)
Insert (1,0.000201424)
Insert (1,0.000201424)
Insert (1,0.000201424)
Insert (1,0.000201424)
Insert (1,0.000201424)
Insert (1,0.000201424)
Insert (1,0.000201424)
Insert (1,0.000201424)
Insert (1,0.000201424)
Insert (1,0.000201424)
        10
Insert (1,0.000201424)
Insert (1,0.000201424)
Insert (1,0.000201424)
Insert (1,0.000201424)
Insert (1,0.000201424)
Insert (1,0.000201424)
Insert (1,0.000201424)
Insert (1,0.000201424)
Insert (1,0.000201424)
Insert (1,0.000201424)
Insert (1,0.000201424)
Insert (1,0.000201424)
Insert (1,0.000201424)
Insert (1,0.000201424)
Insert (1,0.000201424)
Insert (1,0.000201424)
Insert (1,0.000201424)
Insert (1,0.000201424)
Insert (1,0.000201424)
Insert (1,0.000201424)
Insert (1,0.000201424)
Insert (1,0.000201424)
Insert (1,0.000201424)
Insert (1,0.000201424)
Insert (1,0.000201424)
Insert (1,0.000201424)
Insert (1,0.000201424)
Insert (1,0.000201424)
Insert (1,0.000201424)
Insert (1,0.000201424)
Insert (1,0.000201424)
Insert (1,0.000201424)
Insert (1,0.000201424)
Insert (1,0.000201424)
Insert (1,0.000201424)
Insert (1,0.000201424)
Insert (1,0.000201424)
Insert (1,0.000201424)
Insert (1,0.000201424)
Insert (1,0.000201424)
Insert (1,0.000201424)
Insert (1,0.000201424)
Insert (1,0.000201424)
Insert (1,0.000201424)
Insert (1,0.000201424)
Insert (1,0.000201424)
Insert (1,0.000201424)
Insert (1,0.000201424)
Insert (1,0.000201424)
Insert (1,0.000201424)
Insert (1,0.000201424)
Insert (1,0.000201424)
Insert (1,0.000201424)
Insert (1,0.000201424)
Insert (1,0.000201424)
Insert (1,0.000201424)
Insert (1,0.000201424)
Insert (1,0.000201424)
Insert (1,0.000201424)
Insert (1,0.000201424)
Insert (1,0.000201424)
Insert (1,0.000201424)
Insert (1,0.000201424)
Insert (1,0.000201424)
Insert (1,0.000201424)
Insert (1,0.000201424)
Insert (1,0.000201424)
Insert (1,0.000201424)
Insert (1,0.000201424)
Insert (1,0.000201424)
Insert (1,0.000201424)
Insert (1,0.000201424)
Insert (1,0.000201424)
Insert (1,0.000201424)
Insert (1,0.000201424)
Insert (1,0.000201424)
Insert (1,0.000201424)
Insert (1,0.000201424)
Insert (1,0.000201424)
Insert (1,0.000201424)
Insert (1,0.000201424)
Insert (1,0.000201424)
Insert (1,0.000201424)
Insert (1,0.000201424)
Insert (1,0.000201424)
Insert (1,0.000201424)
Insert (1,0.000201424)
Insert (1,0.000201424)
Insert (1,0.000201424)
Insert (1,0.000201424)
Insert (1,0.000201424)
Insert (1,0.000201424)
Insert (1,0.000201424)
Insert (1,0.000201424)
Insert (1,0.000201424)
Insert (1,0.000201424)
Insert (1,0.000201424)
Insert (1,0.000201424)
Insert (1,0.000201424)
Insert (1,0.000201424)
Insert (1,0.000201424)
Insert (1,0.000201424)
Insert (1,0.000201424)
Insert (1,0.000201424)
Insert (1,0.000201424)
Insert (1,0.000201424)
Insert (1,0.000201424)
Insert (1,0.000201424)
Insert (1,0.000201424)
Insert (1,0.000201424)
Insert (1,0.000201424)
Insert (1,0.000201424)
Insert (1,0.000201424)
Insert (1,0.000201424)
Insert (1,0.000201424)
Insert (1,0.000201424)
Insert (1,0.000201424)
Insert (1,0.000201424)
Insert (1,0.000201424)
Insert (1,0.000201424)
Insert (1,0.000201424)
Insert (1,0.000201424)
Insert (1,0.000201424)
Insert (1,0.000201424)
Insert (1,0.000201424)
Insert (1,0.000201424)
Insert (1,0.000201424)
Insert (1,0.000201424)
Insert (1,0.000201424)
Insert (1,0.000201424)
Insert (1,0.000201424)
Insert (1,0.000201424)
Insert (1,0.000201424)
Insert (1,0.000201424)
Insert (1,0.000201424)
Insert (1,0.000201424)
Insert (1,0.000201424)
Insert (1,0.000201424)
Insert (1,0.000201424)
Insert (1,0.000201424)
Insert (1,0.000201424)
Insert (1,0.000201424)
Insert (1,0.000201424)
Insert (1,0.000201424)
Insert (1,0.000201424)
Insert (1,0.000201424)
Insert (1,0.000201424)
Insert (1,0.000201424)
Insert (1,0.000201424)
Insert (1,0.000201424)
Insert (1,0.000201424)
Insert (1,0.000201424)
Insert (1,0.000201424)
Insert (1,0.000201424)
Insert (1,0.000201424)
Insert (1,0.000201424)
Insert (1,0.000201424)
Insert (1,0.000201424)
Insert (1,0.000201424)
Insert (1,0.000201424)
Insert (1,0.000201424)
Insert (1,0.000201424)
Insert (1,0.000201424)
Insert (1,0.000201424)
Insert (1,0.000201424)
Insert (1,0.000201424)
Insert (1,0.000201424)
Insert (1,0.000201424)
Insert (1,0.000201424)
Insert (1,0.000201424)
Insert (1,0.000201424)
Insert (1,0.000201424)
Insert (1,0.000201424)
Insert (1,0.000201424)
Insert (1,0.000201424)
Insert (1,0.000201424)
Insert (1,0.000201424)
Insert (1,0.000201424)
Insert (1,0.000201424)
Insert (1,0.000201424)
Insert (1,0.000201424)
Insert (1,0.000201424)
Insert (1,0.000201424)
Insert (1,0.000201424)
Insert (1,0.000201424)
Insert (1,0.000201424)
Insert (1,0.000201424)
Insert (1,0.000201424)
Insert (1,0.000201424)
Insert (1,0.000201424)
Insert (1,0.000201424)
Insert (1,0.000201424)
Insert (1,0.000201424)
Insert (1,0.000201424)
Insert (1,0.000201424)
Insert (1,0.000201424)
Insert (1,0.000201424)
Insert (1,0.000201424)
Insert (1,0.000201424)
Insert (1,0.000201424)
Insert (1,0.000201424)
Insert (1,0.000201424)
Insert (1,0.000201424)
Insert (1,0.000201424)
Insert (1,0.000201424)
Insert (1,0.000201424)
Insert (1,0.000201424)
Insert (1,0.000201424)
Insert (1,0.000201424)
Insert (1,0.000201424)
Insert (1,0.000201424)
Insert (1,0.000201424)
Insert (1,0.000201424)
Insert (1,0.000201424)
Insert (1,0.000201424)
Insert (1,0.000201424)
Insert (1,0.000201424)
Insert (1,0.000201424)
Insert (1,0.000201424)
Insert (1,0.000201424)
Insert (1,0.000201424)
Insert (1,0.000201424)
Insert (1,0.000201424)
Insert (1,0.000201424)
Insert (1,0.000201424)
Insert (1,0.000201424)
Insert (1,0.000201424)
Insert (1,0.000201424)
Insert (1,0.000201424)
Insert (1,0.000201424)
Insert (1,0.000201424)
Insert (1,0.000201424)
Insert (1,0.000201424)
Insert (1,0.000201424)
Insert (1,0.000201424)
Insert (1,0.000201424)
Insert (1,0.000201424)
Insert (1,0.000201424)
Insert (1,0.000201424)
Insert (1,0.000201424)
Insert (1,0.000201424)
Insert (1,0.000201424)
Insert (1,0.000201424)
Insert (1,0.000201424)
Insert (1,0.000201424)
Insert (1,0.000201424)
Insert (1,0.000201424)
Insert (1,0.000201424)
Insert (1,0.000201424)
Insert (1,0.000201424)
Insert (1,0.000201424)
Insert (1,0.000201424)
Insert (1,0.000201424)
Insert (1,0.000201424)
Insert (1,0.000201424)
Insert (1,0.000201424)
Insert (1,0.000201424)
Insert (1,0.000201424)
Insert (1,0.000201424)
Insert (1,0.000201424)
Insert (1,0.000201424)
Insert (1,0.000201424)
Insert (1,0.000201424)
Insert (1,0.000201424)
Insert (1,0.000201424)
Insert (1,0.000201424)
Insert (1,0.000201424)
Insert (1,0.000201424)
Insert (1,0.000201424)
Insert (1,0.000201424)
Insert (1,0.000201424)
Insert (1,0.000201424)
Insert (1,0.000201424)
Insert (1,0.000201424)
Insert (1,0.000201424)
Insert (1,0.000201424)
Insert (1,0.000201424)
Insert (1,0.000201424)
Insert (1,0.000201424)
Insert (1,0.000201424)
Insert (1,0.000201424)
Insert (1,0.000201424)
Insert (1,0.000201424)
Insert (1,0.000201424)
Insert (1,0.000201424)
Insert (1,0.000201424)
Insert (1,0.000201424)
Insert (1,0.000201424)
Insert (1,0.000201424)
Insert (1,0.000201424)
Insert (1,0.000201424)
Insert (1,0.000201424)
Insert (1,0.000201424)
Insert (1,0.000201424)
Insert (1,0.000201424)
Insert (1,0.000201424)
Insert (1,0.000201424)
Insert (1,0.000201424)
Insert (1,0.000201424)
Insert (1,0.000201424)
Insert (1,0.000201424)
Insert (1,0.000201424)
Insert (1,0.000201424)
Insert (1,0.000201424)
Insert (1,0.000201424)
Insert (1,0.000201424)
Insert (1,0.000201424)
Insert (1,0.000201424)
Insert (1,0.000201424)
Insert (1,0.000201424)
Insert (1,0.000201424)
Insert (1,0.000201424)
Insert (1,0.000201424)
Insert (1,0.000201424)
Insert (1,0.000201424)
Insert (1,0.000201424)
Insert (1,0.000201424)
Insert (1,0.000201424)
Insert (1,0.000201424)
Insert (1,0.000201424)
Insert (1,0.000201424)
Insert (1,0.000201424)
Insert (1,0.000201424)
Insert (1,0.000201424)
Insert (1,0.000201424)
Insert (1,0.000201424)
Insert (1,0.000201424)
Insert (1,0.000201424)
Insert (1,0.000201424)
Insert (1,0.000201424)
Insert (1,0.000201424)
Insert (1,0.000201424)
Insert (1,0.000201424)
Insert (1,0.000201424)
Insert (1,0.000201424)
Insert (1,0.000201424)
Insert (1,0.000201424)
Insert (1,0.000201424)
Insert (1,0.000201424)
Insert (1,0.000201424)
Insert (1,0.000201424)
Insert (1,0.000201424)
Insert (1,0.000201424)
Insert (1,0.000201424)
Insert (1,0.000201424)
Insert (1,0.000201424)
Insert (1,0.000201424)
Insert (1,0.000201424)
Insert (1,0.000201424)
Insert (1,0.000201424)
Insert (1,0.000201424)
Insert (1,0.000201424)
Insert (1,0.000201424)
Insert (1,0.000201424)
Insert (1,0.000201424)
Insert (1,0.000201424)
Insert (1,0.000201424)
Insert (1,0.000201424)
Insert (1,0.000201424)
Insert (1,0.000201424)
Insert (1,0.000201424)
Insert (1,0.000201424)
Insert (1,0.000201424)
Insert (1,0.000201424)
Insert (1,0.000201424)
Insert (1,0.000201424)
Insert (1,0.000201424)
Insert (1,0.000201424)
Insert (1,0.000201424)
Insert (1,0.000201424)
Insert (1,0.000201424)
Insert (1,0.000201424)
Insert (1,0.000201424)
Insert (1,0.000201424)
Insert (1,0.000201424)
Insert (1,0.000201424)
Insert (1,0.000201424)
Insert (1,0.000201424)
Insert (1,0.00020142[0.005364] [smpi_kernel/INFO] Simulated time: 0.00536425 seconds. 
 The simulation took 14135.8 seconds (after parsing and platform setup)
3.47524 seconds were actual computation of the application
4)
Insert (1,0.000201424)
Insert (1,0.000201424)
Insert (1,0.000201424)
Insert (1,0.000201424)
Insert (1,0.000201424)
Insert (1,0.000201424)
Insert (1,0.000201424)
Insert (1,0.000201424)
Insert (1,0.000201424)
Insert (1,0.000201424)
Insert (1,0.000201424)
Insert (1,0.000201424)
Insert (1,0.000201424)
Insert (1,0.000201424)
Insert (1,0.000201424)
Insert (1,0.000201424)
Insert (1,0.000201424)
Insert (1,0.000201424)
Insert (1,0.000201424)
Insert (1,0.000201424)
Insert (1,0.000201424)
Insert (1,0.000201424)
Insert (1,0.000201424)
Insert (1,0.000201424)
Insert (1,0.000201424)
Insert (1,0.000201424)
Insert (1,0.000201424)
Insert (1,0.000201424)
Insert (1,0.000201424)
Insert (1,0.000201424)
Insert (1,0.000201424)
Insert (1,0.000201424)
Insert (1,0.000201424)
Insert (1,0.000201424)
Insert (1,0.000201424)
Insert (1,0.000201424)
Insert (1,0.000201424)
Insert (1,0.000201424)
Insert (1,0.000201424)
Insert (1,0.000201424)
Insert (1,0.000201424)
Insert (1,0.000201424)
Insert (1,0.000201424)
Insert (1,0.000201424)
Insert (1,0.000201424)
Insert (1,0.000201424)
Insert (1,0.000201424)
Insert (1,0.000201424)
Insert (1,0.000201424)
Insert (1,0.000201424)
Insert (1,0.000201424)
Insert (1,0.000201424)
Insert (1,0.000201424)
Insert (1,0.000201424)
Insert (1,0.000201424)
Insert (1,0.000201424)
Insert (1,0.000201424)
Insert (1,0.000201424)
Insert (1,0.000201424)
Insert (1,0.000201424)
Insert (1,0.000201424)
Insert (1,0.000201424)
Insert (1,0.000201424)
Insert (1,0.000201424)
Insert (1,0.000201424)
Insert (1,0.000201424)
Insert (1,0.000201424)
Insert (1,0.000201424)
Insert (1,0.000201424)
Insert (1,0.000201424)
Insert (1,0.000201424)
Insert (1,0.000201424)
Insert (1,0.000201424)
Insert (1,0.000201424)
Insert (1,0.000201424)
Insert (1,0.000201424)
Insert (1,0.000201424)


 IS Benchmark Completed
 Class           =                        A
 Size            =                  8388608
 Iterations      =                       10
 Time in seconds =                     0.00
 Total processes =                      256
 Compiled procs  =                      256
 Mop/s total     =                 41646.48
 Mop/s/process   =                   162.68
 Operation type  =              keys ranked
 Verification    =               SUCCESSFUL
 Version         =                    3.3.1
 Compile date    =              21 Jun 2021

 Compile options:
    MPICC        = ${SIMGRID_PATH}/bin/smpicc
    CLINK        = $(MPICC)
    CMPI_LIB     = -lsimgrid -lgfortran #-lsmpi -lgras  
    CMPI_INC     = -I${SIMGRID_PATH}/include/smpi/
    CFLAGS       = -O
    CLINKFLAGS   = -O -L${SIMGRID_PATH}/lib


 Please send feedbacks and/or the results of this run to:

 NPB Development Team
 npb@nas.nasa.gov


