/home/huyao/simgrid-template/MpiEnv/config/golfgraph/../../../MpiEnv/../MpiEnv/simgrid/inst/bin//smpirun -np 256  --cfg=smpi/privatize_global_variables:yes -platform /home/huyao/simgrid-template/MpiEnv/config/golfgraph/platforms/2_torus-16-16.xml -hostfile /home/huyao/simgrid-template/MpiEnv/config/golfgraph/platforms/2_torus-16-16.txt  /tmp/mpienv_lu.B.25620210621-46692-9dztfg/lu.B.256  
[0.000000] [xbt_cfg/INFO] Configuration change: Set 'surf/precision' to '1e-9'
[0.000000] [xbt_cfg/INFO] Configuration change: Set 'network/model' to 'SMPI'
[0.000000] [xbt_cfg/INFO] Configuration change: Set 'network/TCP_gamma' to '4194304'
[0.000000] [xbt_cfg/INFO] Configuration change: Set 'smpi/privatize_global_variables' to 'yes'
[0.000000] [xbt_cfg/INFO] Configuration change: Set 'cpu/optim' to 'Lazy'
[0.000000] [xbt_cfg/INFO] Configuration change: Set 'maxmin/precision' to '1e-4'
[0.000000] [xbt_cfg/INFO] Configuration change: Set 'smpi/coll_selector' to 'mvapich2'
[0.000000] [xbt_cfg/INFO] Configuration change: Set 'smpi/cpu_threshold' to '0.00000001'
[0.000000] [xbt_cfg/INFO] Configuration change: Set 'smpi/running_power' to '5000000000000.0'
[0.000000] [xbt_cfg/INFO] Configuration change: Set 'network/optim' to 'Lazy'
[0.000000] [xbt_cfg/INFO] Configuration change: Set 'smpi/display_timing' to '1'
[0.000000] [surf_parse/INFO] The custom configuration 'network/model' is already defined by user!
[0.000000] [surf_config/INFO] Switching workstation model to compound since you changed the network and/or cpu model(s)


 NAS Parallel Benchmarks 3.3 -- LU Benchmark

 Size:  102x 102x 102
 Iterations:  250
 Number of processes:   256

 Time step    1
 Time step   20
 Time step   40
 Time step   60
 Time step   80
 Time step  100
 Time step  120
 Time step  140
 Time step  160
 Time step  180
 Time step  200
 Time step  220
 Time step  240
 Time step  250

 Verification being performed for class B
 Accuracy setting for epsilon =  0.1000000000000E-07
 Comparison of RMS-norms of residual
           1   0.3553267296998E+04 0.3553267296998E+04 0.5119202276402E-15
           2   0.2621475079531E+03 0.2621475079531E+03 0.4336750656503E-14
           3   0.8833372185095E+03 0.8833372185095E+03 0.9009106005905E-15
           4   0.7781277473943E+03 0.7781277473943E+03 0.1168824405528E-14
           5   0.7308796959255E+04 0.7308796959255E+04 0.5973041244472E-14
 Comparison of RMS-norms of solution error
           1   0.1140117638021E+03 0.1140117638021E+03 0.2492875163280E-15
           2   0.8109896365542E+01 0.8109896365542E+01 0.7447213850503E-14
           3   0.2848059731770E+02 0.2848059731770E+02 0.1621640069877E-14
           4   0.2590539456783E+02 0.2590539456783E+02 0.2879978803622E-14
           5   0.2605490750486E+03 0.2605490750486E+03 0.6545034042076E-15
 Comparison of surface integral
               0.4788716270331E+02 0.4788716270331E+02 0.1335406873333E-14
 Verification Successful


 LU Benchmark Completed.
 Class           =                        B
 Size            =            102x 102x 102
 Iterations      =                      250
 Time in seconds =                     1.44
 Total processes =                      256
 Compiled procs  =                      256
 Mop/s total     =                345699.71
 Mop/s/process   =                  1350.39
 Operation type  =           floating point
 Verification    =               SUCCESSFUL
 Version         =                    3.3.1
 Compile date    =              21 Jun 2021

 Compile options:
    MPIF77       = ${SIMGRID_PATH}/bin/smpiff
    FLINK        = $(MPIF77)
    FMPI_LIB     = -lsimgrid -lgfortran #-lsmpi -lgras  
    FMPI_INC     = -I${SIMGRID_PATH}/include/smpi/
    FFLAGS       = -O
    FLINKFLAGS   = -O  -L${SIMGRID_PATH}/lib
    RAND         = (none)


 Please send feedbacks and/or the results of this run to:

 NPB Development Team 
 Internet: npb@nas.nasa.gov


[1.455082] [smpi_kernel/INFO] Simulated time: 1.45508 seconds. 
 The simulation took 6464.93 seconds (after parsing and platform setup)
1436.9 seconds were actual computation of the application
